2018-05-16-15:02:50 1.15  Mocks_Mamon/MockNFW1280ellip0.5loga-2.08PA50center0.0_0.0With_background1num0.dat BFGS         1.0e-04 0 1 0 0     NFW      360.0000  -0.0000     -1.910 0.208  39 -99.00  102.1       -3703.613       -7385.486   820 360.0000  -0.0000     -1.910 0.208  39 -99.00    0.312
2018-05-16-15:02:50 1.15  Mocks_Mamon/MockNFW1280ellip0.5loga-2.08PA50center0.0_0.0With_background1num1.dat BFGS         1.0e-04 0 1 0 0     NFW      360.0000  -0.0000     -1.949 0.237  38 -99.00   94.8       -3630.156       -7238.567   820 360.0000  -0.0000     -1.949 0.237  38 -99.00    0.312
2018-05-16-15:02:50 1.15  Mocks_Mamon/MockNFW1280ellip0.5loga-2.08PA50center0.0_0.0With_background1num2.dat BFGS         1.0e-04 0 1 0 0     NFW        0.0000   0.0000     -1.901 0.123  23 -99.00  104.9       -3773.111       -7524.486   820   0.0000   0.0000     -1.901 0.123  23 -99.00    0.316
2018-05-16-15:02:50 1.15  Mocks_Mamon/MockNFW1280ellip0.5loga-2.08PA50center0.0_0.0With_background1num3.dat BFGS         1.0e-04 0 1 0 0     NFW        0.0000   0.0000     -1.943 0.211  40 -99.00   97.5       -3760.063        -7498.39   820   0.0000   0.0000     -1.943 0.211  40 -99.00    0.313
2018-05-16-15:02:50 1.15  Mocks_Mamon/MockNFW1280ellip0.5loga-2.08PA50center0.0_0.0With_background1num4.dat BFGS         1.0e-04 0 1 0 0     NFW      360.0000   0.0000     -1.892 0.182  37 -99.00  103.2       -3662.208       -7302.653   820 360.0000   0.0000     -1.892 0.182  37 -99.00    0.313
2018-05-16-15:02:50 1.15  Mocks_Mamon/MockNFW1280ellip0.5loga-2.08PA50center0.0_0.0With_background1num5.dat BFGS         1.0e-04 0 1 0 0     NFW        0.0000   0.0000     -1.927 0.171  38 -99.00   96.3       -3574.431       -7127.135   820   0.0000   0.0000     -1.927 0.171  38 -99.00    0.310
2018-05-16-15:02:50 1.15  Mocks_Mamon/MockNFW1280ellip0.5loga-2.08PA50center0.0_0.0With_background1num6.dat BFGS         1.0e-04 0 1 0 0     NFW        0.0000   0.0000     -1.925 0.213  36 -99.00  102.3       -3858.038       -7694.333   820   0.0000   0.0000     -1.925 0.213  36 -99.00    0.316
2018-05-16-15:02:50 1.15  Mocks_Mamon/MockNFW1280ellip0.5loga-2.08PA50center0.0_0.0With_background1num7.dat BFGS         1.0e-04 0 1 0 0     NFW        0.0000   0.0000     -1.919 0.195  35 -99.00   96.6       -3517.094       -7012.472   820   0.0000   0.0000     -1.919 0.195  35 -99.00    0.310
2018-05-16-15:02:50 1.15  Mocks_Mamon/MockNFW1280ellip0.5loga-2.08PA50center0.0_0.0With_background1num8.dat BFGS         1.0e-04 0 1 0 0     NFW      360.0000  -0.0000     -1.969 0.217 141 -99.00   93.2       -3640.607       -7259.469   820 360.0000  -0.0000     -1.969 0.217 141 -99.00    0.311
2018-05-16-15:02:50 1.15  Mocks_Mamon/MockNFW1280ellip0.5loga-2.08PA50center0.0_0.0With_background1num9.dat BFGS         1.0e-04 0 1 0 0     NFW        0.0000   0.0000     -1.972 0.195  35 -99.00   93.9       -3725.468         -7429.2   820   0.0000   0.0000     -1.972 0.195  35 -99.00    0.312
2018-05-16-15:02:50 1.15  Mocks_Mamon/MockNFW1280ellip0.5loga-2.08PA50center0.0_0.0With_background1num10.dat BFGS         1.0e-04 0 1 0 0     NFW      360.0000  -0.0000     -1.941 0.180  36 -99.00   96.1       -3646.923       -7272.107   820 360.0000  -0.0000     -1.941 0.180  36 -99.00    0.312
2018-05-16-15:02:50 1.15  Mocks_Mamon/MockNFW1280ellip0.5loga-2.08PA50center0.0_0.0With_background1num11.dat BFGS         1.0e-04 0 1 0 0     NFW        0.0000  -0.0000     -1.922 0.142 141 -99.00   98.2       -3550.315       -7078.898   820   0.0000  -0.0000     -1.922 0.142 141 -99.00    0.309
2018-05-16-15:02:50 1.15  Mocks_Mamon/MockNFW1280ellip0.5loga-2.08PA50center0.0_0.0With_background1num12.dat BFGS         1.0e-04 0 1 0 0     NFW      360.0000   0.0000     -1.850 0.169  39 -99.00  113.7       -3813.362       -7604.977   820 360.0000   0.0000     -1.850 0.169  39 -99.00    0.317
2018-05-16-15:02:50 1.15  Mocks_Mamon/MockNFW1280ellip0.5loga-2.08PA50center0.0_0.0With_background1num13.dat BFGS         1.0e-04 0 1 0 0     NFW      360.0000   0.0000     -1.879 0.205  44 -99.00  101.5       -3459.356       -6896.938   820 360.0000   0.0000     -1.879 0.205  44 -99.00    0.310
2018-05-16-15:02:50 1.15  Mocks_Mamon/MockNFW1280ellip0.5loga-2.08PA50center0.0_0.0With_background1num14.dat BFGS         1.0e-04 0 1 0 0     NFW      360.0000   0.0000     -1.956 0.193  38 -99.00   95.4       -3638.306       -7254.877   820 360.0000   0.0000     -1.956 0.193  38 -99.00    0.312
2018-05-16-15:02:50 1.15  Mocks_Mamon/MockNFW1280ellip0.5loga-2.08PA50center0.0_0.0With_background1num15.dat BFGS         1.0e-04 0 1 0 0     NFW      360.0000  -0.0000     -1.947 0.155  45 -99.00   95.8       -3665.023       -7308.299   820 360.0000  -0.0000     -1.947 0.155  45 -99.00    0.312
2018-05-16-15:02:50 1.15  Mocks_Mamon/MockNFW1280ellip0.5loga-2.08PA50center0.0_0.0With_background1num16.dat BFGS         1.0e-04 0 1 0 0     NFW        0.0000  -0.0000     -1.890 0.267 135 -99.00  103.2       -3553.718       -7085.712   820   0.0000  -0.0000     -1.890 0.267 135 -99.00    0.313
2018-05-16-15:02:50 1.15  Mocks_Mamon/MockNFW1280ellip0.5loga-2.08PA50center0.0_0.0With_background1num17.dat BFGS         1.0e-04 0 1 0 0     NFW      360.0000  -0.0000     -1.952 0.117  45 -99.00   96.3       -3722.089       -7422.412   820 360.0000  -0.0000     -1.952 0.117  45 -99.00    0.312
2018-05-16-15:02:50 1.15  Mocks_Mamon/MockNFW1280ellip0.5loga-2.08PA50center0.0_0.0With_background1num18.dat BFGS         1.0e-04 0 1 0 0     NFW        0.0000   0.0000     -1.943 0.205  31 -99.00   96.4       -3697.566       -7373.392   820   0.0000   0.0000     -1.943 0.205  31 -99.00    0.312
2018-05-16-15:02:50 1.15  Mocks_Mamon/MockNFW1280ellip0.5loga-2.08PA50center0.0_0.0With_background1num19.dat BFGS         1.0e-04 0 1 0 0     NFW        0.0000   0.0000     -1.938 0.152 143 -99.00   93.1        -3399.49       -6777.258   820   0.0000   0.0000     -1.938 0.152 143 -99.00    0.308
2018-05-16-15:02:50 1.15  Mocks_Mamon/MockNFW1280ellip0.5loga-2.08PA50center0.0_0.0With_background1num20.dat BFGS         1.0e-04 0 1 0 0     NFW        0.0000  -0.0000     -1.897 0.236  44 -99.00  103.3       -3693.482       -7365.198   820   0.0000  -0.0000     -1.897 0.236  44 -99.00    0.313
2018-05-16-15:02:50 1.15  Mocks_Mamon/MockNFW1280ellip0.5loga-2.08PA50center0.0_0.0With_background1num21.dat BFGS         1.0e-04 0 1 0 0     NFW        0.0000   0.0000     -1.927 0.144  35 -99.00   99.7       -3704.157       -7386.564   820   0.0000   0.0000     -1.927 0.144  35 -99.00    0.314
2018-05-16-15:02:50 1.15  Mocks_Mamon/MockNFW1280ellip0.5loga-2.08PA50center0.0_0.0With_background1num22.dat BFGS         1.0e-04 0 1 0 0     NFW      360.0000  -0.0000     -1.957 0.192  37 -99.00   92.4       -3596.407       -7171.069   820 360.0000  -0.0000     -1.957 0.192  37 -99.00    0.310
2018-05-16-15:02:50 1.15  Mocks_Mamon/MockNFW1280ellip0.5loga-2.08PA50center0.0_0.0With_background1num23.dat BFGS         1.0e-04 0 1 0 0     NFW      359.9999  -0.0000     -1.853 0.279  42 -99.00  106.8       -3548.777        -7075.81   820 359.9999  -0.0000     -1.853 0.279  42 -99.00    0.312
2018-05-16-15:02:50 1.15  Mocks_Mamon/MockNFW1280ellip0.5loga-2.08PA50center0.0_0.0With_background1num24.dat BFGS         1.0e-04 0 1 0 0     NFW      360.0000   0.0000     -1.881 0.222  39 -99.00  107.8       -3755.802       -7489.829   820 360.0000   0.0000     -1.881 0.222  39 -99.00    0.316
2018-05-16-15:02:50 1.15  Mocks_Mamon/MockNFW1280ellip0.5loga-2.08PA50center0.0_0.0With_background1num25.dat BFGS         1.0e-04 0 1 0 0     NFW        0.0000  -0.0000     -1.895 0.186  36 -99.00   98.5        -3444.84       -6867.934   820   0.0000  -0.0000     -1.895 0.186  36 -99.00    0.308
2018-05-16-15:02:50 1.15  Mocks_Mamon/MockNFW1280ellip0.5loga-2.08PA50center0.0_0.0With_background1num26.dat BFGS         1.0e-04 0 1 0 0     NFW        0.0000   0.0000     -1.966 0.221 136 -99.00   94.2       -3652.825       -7283.911   820   0.0000   0.0000     -1.966 0.221 136 -99.00    0.312
2018-05-16-15:02:50 1.15  Mocks_Mamon/MockNFW1280ellip0.5loga-2.08PA50center0.0_0.0With_background1num27.dat BFGS         1.0e-04 0 1 0 0     NFW      360.0000   0.0000     -1.842 0.212  40 -99.00  112.6       -3711.749       -7401.777   820 360.0000   0.0000     -1.842 0.212  40 -99.00    0.315
2018-05-16-15:02:50 1.15  Mocks_Mamon/MockNFW1280ellip0.5loga-2.08PA50center0.0_0.0With_background1num28.dat BFGS         1.0e-04 0 1 0 0     NFW      360.0000   0.0000     -1.859 0.241  35 -99.00  110.6       -3763.257        -7504.75   820 360.0000   0.0000     -1.859 0.241  35 -99.00    0.314
2018-05-16-15:02:50 1.15  Mocks_Mamon/MockNFW1280ellip0.5loga-2.08PA50center0.0_0.0With_background1num29.dat BFGS         1.0e-04 0 1 0 0     NFW      360.0000   0.0000     -1.899 0.201  43 -99.00  101.7       -3612.746       -7203.744   820 360.0000   0.0000     -1.899 0.201  43 -99.00    0.312
2018-05-16-15:02:50 1.15  Mocks_Mamon/MockNFW1280ellip0.5loga-2.08PA50center0.0_0.0With_background1num30.dat BFGS         1.0e-04 0 1 0 0     NFW        0.0000  -0.0000     -1.934 0.154  41 -99.00   98.7       -3694.284       -7366.798   820   0.0000  -0.0000     -1.934 0.154  41 -99.00    0.314
2018-05-16-15:02:50 1.15  Mocks_Mamon/MockNFW1280ellip0.5loga-2.08PA50center0.0_0.0With_background1num31.dat BFGS         1.0e-04 0 1 0 0     NFW      359.9999  -0.0000     -1.926 0.231  34 -99.00   97.6        -3619.89       -7218.064   820 359.9999  -0.0000     -1.926 0.231  34 -99.00    0.311
2018-05-16-15:02:50 1.15  Mocks_Mamon/MockNFW1280ellip0.5loga-2.08PA50center0.0_0.0With_background1num32.dat BFGS         1.0e-04 0 1 0 0     NFW        0.0000   0.0000     -1.997 0.201  32 -99.00   87.0       -3526.759       -7031.765   820   0.0000   0.0000     -1.997 0.201  32 -99.00    0.309
2018-05-16-15:02:50 1.15  Mocks_Mamon/MockNFW1280ellip0.5loga-2.08PA50center0.0_0.0With_background1num33.dat BFGS         1.0e-04 0 1 0 0     NFW        0.0000  -0.0000     -1.910 0.134  22 -99.00  100.7       -3614.035       -7206.312   820   0.0000  -0.0000     -1.910 0.134  22 -99.00    0.313
2018-05-16-15:02:50 1.15  Mocks_Mamon/MockNFW1280ellip0.5loga-2.08PA50center0.0_0.0With_background1num34.dat BFGS         1.0e-04 0 1 0 0     NFW        0.0000  -0.0000     -1.972 0.165  44 -99.00   89.4       -3564.323       -7106.944   820   0.0000  -0.0000     -1.972 0.165  44 -99.00    0.308
2018-05-16-15:02:50 1.15  Mocks_Mamon/MockNFW1280ellip0.5loga-2.08PA50center0.0_0.0With_background1num35.dat BFGS         1.0e-04 0 1 0 0     NFW        0.0000   0.0000     -1.881 0.202  44 -99.00  105.2       -3653.338       -7284.918   820   0.0000   0.0000     -1.881 0.202  44 -99.00    0.313
2018-05-16-15:02:50 1.15  Mocks_Mamon/MockNFW1280ellip0.5loga-2.08PA50center0.0_0.0With_background1num36.dat BFGS         1.0e-04 0 1 0 0     NFW        0.0000  -0.0000     -1.932 0.177 136 -99.00   95.5       -3483.588       -6945.409   820   0.0000  -0.0000     -1.932 0.177 136 -99.00    0.310
2018-05-16-15:02:50 1.15  Mocks_Mamon/MockNFW1280ellip0.5loga-2.08PA50center0.0_0.0With_background1num37.dat BFGS         1.0e-04 0 1 0 0     NFW      360.0000   0.0000     -1.936 0.187  44 -99.00   94.4       -3473.675       -6925.596   820 360.0000   0.0000     -1.936 0.187  44 -99.00    0.309
2018-05-16-15:02:50 1.15  Mocks_Mamon/MockNFW1280ellip0.5loga-2.08PA50center0.0_0.0With_background1num38.dat BFGS         1.0e-04 0 1 0 0     NFW        0.0000   0.0000     -1.959 0.185  38 -99.00   92.5       -3566.477       -7111.189   820   0.0000   0.0000     -1.959 0.185  38 -99.00    0.312
2018-05-16-15:02:50 1.15  Mocks_Mamon/MockNFW1280ellip0.5loga-2.08PA50center0.0_0.0With_background1num39.dat BFGS         1.0e-04 0 1 0 0     NFW        0.0000   0.0000     -1.931 0.194  43 -99.00   99.7       -3806.883       -7591.999   820   0.0000   0.0000     -1.931 0.194  43 -99.00    0.314
2018-05-16-15:02:50 1.15  Mocks_Mamon/MockNFW1280ellip0.5loga-2.08PA50center0.0_0.0With_background1num40.dat BFGS         1.0e-04 0 1 0 0     NFW        0.0000  -0.0000     -1.857 0.141  36 -99.00  109.3       -3634.561       -7247.363   820   0.0000  -0.0000     -1.857 0.141  36 -99.00    0.314
2018-05-16-15:02:50 1.15  Mocks_Mamon/MockNFW1280ellip0.5loga-2.08PA50center0.0_0.0With_background1num41.dat BFGS         1.0e-04 0 1 0 0     NFW      360.0000  -0.0000     -1.946 0.243  35 -99.00   97.9       -3780.489       -7539.218   820 360.0000  -0.0000     -1.946 0.243  35 -99.00    0.314
2018-05-16-15:02:50 1.15  Mocks_Mamon/MockNFW1280ellip0.5loga-2.08PA50center0.0_0.0With_background1num42.dat BFGS         1.0e-04 0 1 0 0     NFW      360.0000  -0.0000     -1.918 0.169  40 -99.00  100.1       -3621.501       -7221.291   820 360.0000  -0.0000     -1.918 0.169  40 -99.00    0.314
2018-05-16-15:02:50 1.15  Mocks_Mamon/MockNFW1280ellip0.5loga-2.08PA50center0.0_0.0With_background1num43.dat BFGS         1.0e-04 0 1 0 0     NFW      360.0000  -0.0000     -1.922 0.175  42 -99.00   98.1       -3609.978       -7198.208   820 360.0000  -0.0000     -1.922 0.175  42 -99.00    0.310
2018-05-16-15:02:50 1.15  Mocks_Mamon/MockNFW1280ellip0.5loga-2.08PA50center0.0_0.0With_background1num44.dat BFGS         1.0e-04 0 1 0 0     NFW      360.0000  -0.0000     -1.890 0.115 139 -99.00  104.7       -3667.082       -7312.433   820 360.0000  -0.0000     -1.890 0.115 139 -99.00    0.314
2018-05-16-15:02:50 1.15  Mocks_Mamon/MockNFW1280ellip0.5loga-2.08PA50center0.0_0.0With_background1num45.dat BFGS         1.0e-04 0 1 0 0     NFW        0.0000  -0.0000     -1.922 0.175  40 -99.00  103.4       -3892.977       -7764.183   820   0.0000  -0.0000     -1.922 0.175  40 -99.00    0.317
2018-05-16-15:02:50 1.15  Mocks_Mamon/MockNFW1280ellip0.5loga-2.08PA50center0.0_0.0With_background1num46.dat BFGS         1.0e-04 0 1 0 0     NFW        0.0000   0.0000     -1.985 0.101  36 -99.00   88.9       -3540.768       -7059.785   820   0.0000   0.0000     -1.985 0.101  36 -99.00    0.308
2018-05-16-15:02:50 1.15  Mocks_Mamon/MockNFW1280ellip0.5loga-2.08PA50center0.0_0.0With_background1num47.dat BFGS         1.0e-04 0 1 0 0     NFW      360.0000  -0.0000     -1.975 0.121 139 -99.00   90.7       -3632.956       -7244.169   820 360.0000  -0.0000     -1.975 0.121 139 -99.00    0.311
2018-05-16-15:02:50 1.15  Mocks_Mamon/MockNFW1280ellip0.5loga-2.08PA50center0.0_0.0With_background1num48.dat BFGS         1.0e-04 0 1 0 0     NFW        0.0000  -0.0001     -1.850 0.135 137 -99.00  111.8       -3679.653       -7337.557   820   0.0000  -0.0001     -1.850 0.135 137 -99.00    0.316
2018-05-16-15:02:50 1.15  Mocks_Mamon/MockNFW1280ellip0.5loga-2.08PA50center0.0_0.0With_background1num49.dat BFGS         1.0e-04 0 1 0 0     NFW        0.0000   0.0000     -1.993 0.143  45 -99.00   92.2       -3806.008       -7590.238   820   0.0000   0.0000     -1.993 0.143  45 -99.00    0.312
2018-05-16-15:02:50 1.15  Mocks_Mamon/MockNFW1280ellip0.5loga-2.08PA50center0.0_0.0With_background1num50.dat BFGS         1.0e-04 0 1 0 0     NFW      360.0000  -0.0000     -1.897 0.234  37 -99.00  104.1       -3736.211       -7450.682   820 360.0000  -0.0000     -1.897 0.234  37 -99.00    0.314
2018-05-16-15:02:50 1.15  Mocks_Mamon/MockNFW1280ellip0.5loga-2.08PA50center0.0_0.0With_background1num51.dat BFGS         1.0e-04 0 1 0 0     NFW      360.0000  -0.0000     -2.028 0.157  42 -99.00   84.4       -3590.608       -7159.474   820 360.0000  -0.0000     -2.028 0.157  42 -99.00    0.309
2018-05-16-15:02:50 1.15  Mocks_Mamon/MockNFW1280ellip0.5loga-2.08PA50center0.0_0.0With_background1num52.dat BFGS         1.0e-04 0 1 0 0     NFW        0.0000   0.0000     -1.892 0.096  40 -99.00  105.1       -3704.929       -7388.119   820   0.0000   0.0000     -1.892 0.096  40 -99.00    0.313
2018-05-16-15:02:50 1.15  Mocks_Mamon/MockNFW1280ellip0.5loga-2.08PA50center0.0_0.0With_background1num53.dat BFGS         1.0e-04 0 1 0 0     NFW        0.0000  -0.0000     -1.900 0.203  39 -99.00   98.4       -3504.224       -6986.726   820   0.0000  -0.0000     -1.900 0.203  39 -99.00    0.310
2018-05-16-15:02:50 1.15  Mocks_Mamon/MockNFW1280ellip0.5loga-2.08PA50center0.0_0.0With_background1num54.dat BFGS         1.0e-04 0 1 0 0     NFW      360.0000   0.0000     -1.938 0.160  37 -99.00   95.9       -3610.018       -7198.297   820 360.0000   0.0000     -1.938 0.160  37 -99.00    0.312
2018-05-16-15:02:50 1.15  Mocks_Mamon/MockNFW1280ellip0.5loga-2.08PA50center0.0_0.0With_background1num55.dat BFGS         1.0e-04 0 1 0 0     NFW        0.0000   0.0001     -1.933 0.219  41 -99.00   96.6       -3594.615       -7167.473   820   0.0000   0.0001     -1.933 0.219  41 -99.00    0.310
2018-05-16-15:02:50 1.15  Mocks_Mamon/MockNFW1280ellip0.5loga-2.08PA50center0.0_0.0With_background1num56.dat BFGS         1.0e-04 0 1 0 0     NFW        0.0000   0.0000     -1.922 0.141 135 -99.00   98.7       -3516.648       -7011.553   820   0.0000   0.0000     -1.922 0.141 135 -99.00    0.312
2018-05-16-15:02:50 1.15  Mocks_Mamon/MockNFW1280ellip0.5loga-2.08PA50center0.0_0.0With_background1num57.dat BFGS         1.0e-04 0 1 0 0     NFW        0.0000   0.0000     -1.915 0.155  36 -99.00  100.0       -3627.797       -7233.836   820   0.0000   0.0000     -1.915 0.155  36 -99.00    0.313
2018-05-16-15:02:50 1.15  Mocks_Mamon/MockNFW1280ellip0.5loga-2.08PA50center0.0_0.0With_background1num58.dat BFGS         1.0e-04 0 1 0 0     NFW        0.0000  -0.0000     -1.912 0.209 141 -99.00   96.4       -3443.362       -6865.022   820   0.0000  -0.0000     -1.912 0.209 141 -99.00    0.308
2018-05-16-15:02:50 1.15  Mocks_Mamon/MockNFW1280ellip0.5loga-2.08PA50center0.0_0.0With_background1num59.dat BFGS         1.0e-04 0 1 0 0     NFW      360.0000  -0.0000     -1.964 0.147  36 -99.00   92.8       -3605.833       -7189.903   820 360.0000  -0.0000     -1.964 0.147  36 -99.00    0.311
2018-05-16-15:02:50 1.15  Mocks_Mamon/MockNFW1280ellip0.5loga-2.08PA50center0.0_0.0With_background1num60.dat BFGS         1.0e-04 0 1 0 0     NFW      360.0000  -0.0000     -1.918 0.202  37 -99.00   99.0       -3584.251       -7146.749   820 360.0000  -0.0000     -1.918 0.202  37 -99.00    0.313
2018-05-16-15:02:50 1.15  Mocks_Mamon/MockNFW1280ellip0.5loga-2.08PA50center0.0_0.0With_background1num61.dat BFGS         1.0e-04 0 1 0 0     NFW      360.0000  -0.0000     -1.910 0.170 140 -99.00  102.5       -3699.128       -7376.492   820 360.0000  -0.0000     -1.910 0.170 140 -99.00    0.314
2018-05-16-15:02:50 1.15  Mocks_Mamon/MockNFW1280ellip0.5loga-2.08PA50center0.0_0.0With_background1num62.dat BFGS         1.0e-04 0 1 0 0     NFW        0.0000   0.0000     -1.981 0.223  42 -99.00   88.8       -3618.606       -7215.484   820   0.0000   0.0000     -1.981 0.223  42 -99.00    0.309
2018-05-16-15:02:50 1.15  Mocks_Mamon/MockNFW1280ellip0.5loga-2.08PA50center0.0_0.0With_background1num63.dat BFGS         1.0e-04 0 1 0 0     NFW      360.0000  -0.0001     -1.941 0.096  35 -99.00   97.0       -3678.162       -7334.567   820 360.0000  -0.0001     -1.941 0.096  35 -99.00    0.313
2018-05-16-15:02:50 1.15  Mocks_Mamon/MockNFW1280ellip0.5loga-2.08PA50center0.0_0.0With_background1num64.dat BFGS         1.0e-04 0 1 0 0     NFW        0.0000   0.0000     -1.989 0.196  41 -99.00   90.5       -3686.377       -7350.991   820   0.0000   0.0000     -1.989 0.196  41 -99.00    0.312
2018-05-16-15:02:50 1.15  Mocks_Mamon/MockNFW1280ellip0.5loga-2.08PA50center0.0_0.0With_background1num65.dat BFGS         1.0e-04 0 1 0 0     NFW      360.0000  -0.0000     -1.904 0.155  31 -99.00  104.5       -3727.959        -7434.17   820 360.0000  -0.0000     -1.904 0.155  31 -99.00    0.315
2018-05-16-15:02:50 1.15  Mocks_Mamon/MockNFW1280ellip0.5loga-2.08PA50center0.0_0.0With_background1num66.dat BFGS         1.0e-04 0 1 0 0     NFW        0.0001   0.0001     -1.935 0.194 135 -99.00   94.8       -3462.333        -6902.93   820   0.0001   0.0001     -1.935 0.194 135 -99.00    0.310
2018-05-16-15:02:50 1.15  Mocks_Mamon/MockNFW1280ellip0.5loga-2.08PA50center0.0_0.0With_background1num67.dat BFGS         1.0e-04 0 1 0 0     NFW        0.0001   0.0000     -1.935 0.169  38 -99.00   99.7       -3775.971        -7530.17   820   0.0001   0.0000     -1.935 0.169  38 -99.00    0.315
2018-05-16-15:02:50 1.15  Mocks_Mamon/MockNFW1280ellip0.5loga-2.08PA50center0.0_0.0With_background1num68.dat BFGS         1.0e-04 0 1 0 0     NFW        0.0000   0.0000     -1.842 0.234  33 -99.00  109.5       -3561.913        -7102.08   820   0.0000   0.0000     -1.842 0.234  33 -99.00    0.313
2018-05-16-15:02:50 1.15  Mocks_Mamon/MockNFW1280ellip0.5loga-2.08PA50center0.0_0.0With_background1num69.dat BFGS         1.0e-04 0 1 0 0     NFW        0.0000  -0.0000     -1.933 0.161  36 -99.00   95.3       -3529.454       -7037.187   820   0.0000  -0.0000     -1.933 0.161  36 -99.00    0.311
2018-05-16-15:02:50 1.15  Mocks_Mamon/MockNFW1280ellip0.5loga-2.08PA50center0.0_0.0With_background1num70.dat BFGS         1.0e-04 0 1 0 0     NFW      360.0000   0.0000     -1.942 0.179 137 -99.00   96.2       -3568.898       -7116.061   820 360.0000   0.0000     -1.942 0.179 137 -99.00    0.312
2018-05-16-15:02:50 1.15  Mocks_Mamon/MockNFW1280ellip0.5loga-2.08PA50center0.0_0.0With_background1num71.dat BFGS         1.0e-04 0 1 0 0     NFW      360.0000  -0.0000     -1.972 0.190  31 -99.00   87.7       -3447.685       -6873.637   820 360.0000  -0.0000     -1.972 0.190  31 -99.00    0.308
2018-05-16-15:02:50 1.15  Mocks_Mamon/MockNFW1280ellip0.5loga-2.08PA50center0.0_0.0With_background1num72.dat BFGS         1.0e-04 0 1 0 0     NFW      360.0000  -0.0001     -1.955 0.267  32 -99.00   97.1       -3819.609       -7617.478   820 360.0000  -0.0001     -1.955 0.267  32 -99.00    0.314
2018-05-16-15:02:50 1.15  Mocks_Mamon/MockNFW1280ellip0.5loga-2.08PA50center0.0_0.0With_background1num73.dat BFGS         1.0e-04 0 1 0 0     NFW      360.0000  -0.0000     -2.003 0.156  42 -99.00   88.3       -3591.748       -7161.724   820 360.0000  -0.0000     -2.003 0.156  42 -99.00    0.311
2018-05-16-15:02:50 1.15  Mocks_Mamon/MockNFW1280ellip0.5loga-2.08PA50center0.0_0.0With_background1num74.dat BFGS         1.0e-04 0 1 0 0     NFW      360.0000  -0.0000     -1.973 0.133  37 -99.00   92.7       -3655.478       -7289.188   820 360.0000  -0.0000     -1.973 0.133  37 -99.00    0.311
2018-05-16-15:02:50 1.15  Mocks_Mamon/MockNFW1280ellip0.5loga-2.08PA50center0.0_0.0With_background1num75.dat BFGS         1.0e-04 0 1 0 0     NFW      360.0000   0.0000     -1.880 0.192  36 -99.00  102.7       -3561.819       -7101.898   820 360.0000   0.0000     -1.880 0.192  36 -99.00    0.311
2018-05-16-15:02:50 1.15  Mocks_Mamon/MockNFW1280ellip0.5loga-2.08PA50center0.0_0.0With_background1num76.dat BFGS         1.0e-04 0 1 0 0     NFW        0.0000  -0.0000     -1.886 0.227  37 -99.00  104.9       -3690.192       -7358.638   820   0.0000  -0.0000     -1.886 0.227  37 -99.00    0.312
2018-05-16-15:02:50 1.15  Mocks_Mamon/MockNFW1280ellip0.5loga-2.08PA50center0.0_0.0With_background1num77.dat BFGS         1.0e-04 0 1 0 0     NFW        0.0000  -0.0000     -1.897 0.188  37 -99.00  102.0        -3623.22       -7224.733   820   0.0000  -0.0000     -1.897 0.188  37 -99.00    0.313
2018-05-16-15:02:50 1.15  Mocks_Mamon/MockNFW1280ellip0.5loga-2.08PA50center0.0_0.0With_background1num78.dat BFGS         1.0e-04 0 1 0 0     NFW      360.0000  -0.0001     -1.885 0.215  43 -99.00  102.9       -3550.878       -7080.038   820 360.0000  -0.0001     -1.885 0.215  43 -99.00    0.312
2018-05-16-15:02:50 1.15  Mocks_Mamon/MockNFW1280ellip0.5loga-2.08PA50center0.0_0.0With_background1num79.dat BFGS         1.0e-04 0 1 0 0     NFW      359.9999  -0.0000     -1.886 0.257 140 -99.00  103.9       -3516.711       -7011.659   820 359.9999  -0.0000     -1.886 0.257 140 -99.00    0.313
2018-05-16-15:02:50 1.15  Mocks_Mamon/MockNFW1280ellip0.5loga-2.08PA50center0.0_0.0With_background1num80.dat BFGS         1.0e-04 0 1 0 0     NFW        0.0000   0.0000     -1.910 0.225  35 -99.00  102.4        -3778.98       -7536.202   820   0.0000   0.0000     -1.910 0.225  35 -99.00    0.315
2018-05-16-15:02:50 1.15  Mocks_Mamon/MockNFW1280ellip0.5loga-2.08PA50center0.0_0.0With_background1num81.dat BFGS         1.0e-04 0 1 0 0     NFW        0.0000   0.0000     -1.894 0.248  43 -99.00  102.9       -3703.504        -7385.27   820   0.0000   0.0000     -1.894 0.248  43 -99.00    0.313
2018-05-16-15:02:50 1.15  Mocks_Mamon/MockNFW1280ellip0.5loga-2.08PA50center0.0_0.0With_background1num82.dat BFGS         1.0e-04 0 1 0 0     NFW        0.0000   0.0000     -1.947 0.156  37 -99.00   95.8       -3684.028       -7346.321   820   0.0000   0.0000     -1.947 0.156  37 -99.00    0.312
2018-05-16-15:02:50 1.15  Mocks_Mamon/MockNFW1280ellip0.5loga-2.08PA50center0.0_0.0With_background1num83.dat BFGS         1.0e-04 0 1 0 0     NFW        0.0000  -0.0000     -1.875 0.211  33 -99.00  105.3       -3612.161       -7202.573   820   0.0000  -0.0000     -1.875 0.211  33 -99.00    0.314
2018-05-16-15:02:50 1.15  Mocks_Mamon/MockNFW1280ellip0.5loga-2.08PA50center0.0_0.0With_background1num84.dat BFGS         1.0e-04 0 1 0 0     NFW        0.0000  -0.0000     -1.960 0.206 139 -99.00   91.7       -3486.195       -6950.675   820   0.0000  -0.0000     -1.960 0.206 139 -99.00    0.311
2018-05-16-15:02:50 1.15  Mocks_Mamon/MockNFW1280ellip0.5loga-2.08PA50center0.0_0.0With_background1num85.dat BFGS         1.0e-04 0 1 0 0     NFW        0.0000   0.0000     -2.005 0.194  37 -99.00   85.9       -3514.893       -7008.058   820   0.0000   0.0000     -2.005 0.194  37 -99.00    0.307
2018-05-16-15:02:50 1.15  Mocks_Mamon/MockNFW1280ellip0.5loga-2.08PA50center0.0_0.0With_background1num86.dat BFGS         1.0e-04 0 1 0 0     NFW        0.0000  -0.0000     -1.970 0.197 139 -99.00   87.9       -3349.394        -6677.01   820   0.0000  -0.0000     -1.970 0.197 139 -99.00    0.307
2018-05-16-15:02:50 1.15  Mocks_Mamon/MockNFW1280ellip0.5loga-2.08PA50center0.0_0.0With_background1num87.dat BFGS         1.0e-04 0 1 0 0     NFW      360.0000  -0.0000     -1.908 0.185  40 -99.00  102.1       -3682.921       -7344.099   820 360.0000  -0.0000     -1.908 0.185  40 -99.00    0.313
2018-05-16-15:02:50 1.15  Mocks_Mamon/MockNFW1280ellip0.5loga-2.08PA50center0.0_0.0With_background1num88.dat BFGS         1.0e-04 0 1 0 0     NFW      360.0000  -0.0000     -1.918 0.227  35 -99.00   99.7       -3656.679       -7291.587   820 360.0000  -0.0000     -1.918 0.227  35 -99.00    0.312
2018-05-16-15:02:50 1.15  Mocks_Mamon/MockNFW1280ellip0.5loga-2.08PA50center0.0_0.0With_background1num89.dat BFGS         1.0e-04 0 1 0 0     NFW      360.0000  -0.0000     -1.861 0.185  35 -99.00  109.7       -3690.443       -7359.122   820 360.0000  -0.0000     -1.861 0.185  35 -99.00    0.315
2018-05-16-15:02:50 1.15  Mocks_Mamon/MockNFW1280ellip0.5loga-2.08PA50center0.0_0.0With_background1num90.dat BFGS         1.0e-04 0 1 0 0     NFW      360.0000   0.0000     -1.990 0.189  30 -99.00   87.5       -3515.557       -7009.347   820 360.0000   0.0000     -1.990 0.189  30 -99.00    0.309
2018-05-16-15:02:50 1.15  Mocks_Mamon/MockNFW1280ellip0.5loga-2.08PA50center0.0_0.0With_background1num91.dat BFGS         1.0e-04 0 1 0 0     NFW      359.9999  -0.0000     -1.871 0.160  40 -99.00  112.8       -3860.038       -7698.313   820 359.9999  -0.0000     -1.871 0.160  40 -99.00    0.319
2018-05-16-15:02:50 1.15  Mocks_Mamon/MockNFW1280ellip0.5loga-2.08PA50center0.0_0.0With_background1num92.dat BFGS         1.0e-04 0 1 0 0     NFW        0.0000  -0.0000     -1.998 0.183  37 -99.00   87.8       -3584.793       -7147.827   820   0.0000  -0.0000     -1.998 0.183  37 -99.00    0.309
2018-05-16-15:02:50 1.15  Mocks_Mamon/MockNFW1280ellip0.5loga-2.08PA50center0.0_0.0With_background1num93.dat BFGS         1.0e-04 0 1 0 0     NFW      360.0000   0.0000     -1.924 0.183 149 -99.00   98.2       -3638.062       -7254.391   820 360.0000   0.0000     -1.924 0.183 149 -99.00    0.312
2018-05-16-15:02:50 1.15  Mocks_Mamon/MockNFW1280ellip0.5loga-2.08PA50center0.0_0.0With_background1num94.dat BFGS         1.0e-04 0 1 0 0     NFW      360.0000  -0.0000     -1.952 0.220  43 -99.00   92.7       -3587.983       -7154.269   820 360.0000  -0.0000     -1.952 0.220  43 -99.00    0.311
2018-05-16-15:02:50 1.15  Mocks_Mamon/MockNFW1280ellip0.5loga-2.08PA50center0.0_0.0With_background1num95.dat BFGS         1.0e-04 0 1 0 0     NFW      359.9999  -0.0000     -1.940 0.277  42 -99.00   94.2       -3614.937       -7208.137   820 359.9999  -0.0000     -1.940 0.277  42 -99.00    0.311
2018-05-16-15:02:50 1.15  Mocks_Mamon/MockNFW1280ellip0.5loga-2.08PA50center0.0_0.0With_background1num96.dat BFGS         1.0e-04 0 1 0 0     NFW        0.0000   0.0000     -1.937 0.173  41 -99.00   99.3       -3660.704       -7299.646   820   0.0000   0.0000     -1.937 0.173  41 -99.00    0.313
2018-05-16-15:02:50 1.15  Mocks_Mamon/MockNFW1280ellip0.5loga-2.08PA50center0.0_0.0With_background1num97.dat BFGS         1.0e-04 0 1 0 0     NFW        0.0000  -0.0000     -1.893 0.207  42 -99.00  101.7       -3603.305       -7184.846   820   0.0000  -0.0000     -1.893 0.207  42 -99.00    0.312
2018-05-16-15:02:50 1.15  Mocks_Mamon/MockNFW1280ellip0.5loga-2.08PA50center0.0_0.0With_background1num98.dat BFGS         1.0e-04 0 1 0 0     NFW      360.0000  -0.0000     -1.891 0.180  42 -99.00  105.3       -3712.203       -7402.644   820 360.0000  -0.0000     -1.891 0.180  42 -99.00    0.315
2018-05-16-15:02:50 1.15  Mocks_Mamon/MockNFW1280ellip0.5loga-2.08PA50center0.0_0.0With_background1num99.dat BFGS         1.0e-04 0 1 0 0     NFW      360.0000  -0.0000     -1.955 0.069 136 -99.00   90.4       -3426.417       -6831.135   820 360.0000  -0.0000     -1.955 0.069 136 -99.00    0.310
