2018-05-16-15:00:54 1.15  Mocks_Mamon/MockNFW1280ellip0.5loga-2.08PA50center0.0_0.0With_background1num0.dat TNC          1.0e-04 0 1 0 0     NFW      360.0000  -0.0000     -2.575 0.482  52 -99.00   53.8        -3822.65       -7623.561    48 360.0000  -0.0000     -1.910 0.208  39 -99.00    0.269
2018-05-16-15:00:54 1.15  Mocks_Mamon/MockNFW1280ellip0.5loga-2.08PA50center0.0_0.0With_background1num1.dat TNC          1.0e-04 0 1 0 0     NFW      360.0000  -0.0000     -2.574 0.503  50 -99.00   52.4       -3743.994       -7466.243    77 360.0000  -0.0000     -1.949 0.237  38 -99.00    0.428
2018-05-16-15:00:54 1.15  Mocks_Mamon/MockNFW1280ellip0.5loga-2.08PA50center0.0_0.0With_background1num2.dat TNC          1.0e-04 0 1 0 0     NFW        0.0000   0.0000     -2.574 0.473  52 -99.00   54.6       -3928.639       -7835.541    67   0.0000   0.0000     -1.901 0.123  23 -99.00    0.378
2018-05-16-15:00:54 1.15  Mocks_Mamon/MockNFW1280ellip0.5loga-2.08PA50center0.0_0.0With_background1num3.dat TNC          1.0e-04 0 1 0 0     NFW        0.0000   0.0000     -2.574 0.468  41 -99.00   53.5       -3876.527       -7731.316    19   0.0000   0.0000     -1.943 0.211  40 -99.00    0.111
2018-05-16-15:00:54 1.15  Mocks_Mamon/MockNFW1280ellip0.5loga-2.08PA50center0.0_0.0With_background1num4.dat TNC          1.0e-04 0 1 0 0     NFW      360.0000   0.0000     -2.575 0.477  52 -99.00   53.1       -3785.085       -7548.408    60 360.0000   0.0000     -1.892 0.182  37 -99.00    0.336
2018-05-16-15:00:54 1.15  Mocks_Mamon/MockNFW1280ellip0.5loga-2.08PA50center0.0_0.0With_background1num5.dat TNC          1.0e-04 0 1 0 0     NFW        0.0000   0.0000     -2.574 0.476  52 -99.00   51.8       -3691.305       -7360.884    30   0.0000   0.0000     -1.927 0.171  38 -99.00    0.170
2018-05-16-15:00:54 1.15  Mocks_Mamon/MockNFW1280ellip0.5loga-2.08PA50center0.0_0.0With_background1num6.dat TNC          1.0e-04 0 1 0 0     NFW        0.0000   0.0000     -2.574 0.486  55 -99.00   54.9       -4000.122       -7978.501    69   0.0000   0.0000     -1.925 0.213  36 -99.00    0.392
2018-05-16-15:00:54 1.15  Mocks_Mamon/MockNFW1280ellip0.5loga-2.08PA50center0.0_0.0With_background1num7.dat TNC          1.0e-04 0 1 0 0     NFW        0.0000   0.0000     -2.574 0.400  35 -99.00   51.5       -3601.959       -7182.202    46   0.0000   0.0000     -1.919 0.195  35 -99.00    0.256
2018-05-16-15:00:54 1.15  Mocks_Mamon/MockNFW1280ellip0.5loga-2.08PA50center0.0_0.0With_background1num8.dat TNC          1.0e-04 0 1 0 0     NFW      360.0000  -0.0000     -2.577 0.000 150 -99.00   52.6       -3771.258       -7520.771    49 360.0000  -0.0000     -1.969 0.217 141 -99.00    0.278
2018-05-16-15:00:54 1.15  Mocks_Mamon/MockNFW1280ellip0.5loga-2.08PA50center0.0_0.0With_background1num9.dat TNC          1.0e-04 0 1 0 0     NFW        0.0000   0.0000     -2.576 0.483  52 -99.00   53.2       -3846.704       -7671.673    46   0.0000   0.0000     -1.972 0.195  35 -99.00    0.260
2018-05-16-15:00:54 1.15  Mocks_Mamon/MockNFW1280ellip0.5loga-2.08PA50center0.0_0.0With_background1num10.dat TNC          1.0e-04 0 1 0 0     NFW      360.0000  -0.0000     -2.574 0.508  49 -99.00   52.6       -3779.859       -7537.979    34 360.0000  -0.0000     -1.941 0.180  36 -99.00    0.192
2018-05-16-15:00:54 1.15  Mocks_Mamon/MockNFW1280ellip0.5loga-2.08PA50center0.0_0.0With_background1num11.dat TNC          1.0e-04 0 1 0 0     NFW        0.0000  -0.0000     -2.575 0.000 139 -99.00   52.5       -3645.331       -7268.928    45   0.0000  -0.0000     -1.922 0.142 141 -99.00    0.254
2018-05-16-15:00:54 1.15  Mocks_Mamon/MockNFW1280ellip0.5loga-2.08PA50center0.0_0.0With_background1num12.dat TNC          1.0e-04 0 1 0 0     NFW      360.0000   0.0000     -2.575 0.466  51 -99.00   55.5       -3958.482       -7895.217    41 360.0000   0.0000     -1.850 0.169  39 -99.00    0.234
2018-05-16-15:00:54 1.15  Mocks_Mamon/MockNFW1280ellip0.5loga-2.08PA50center0.0_0.0With_background1num13.dat TNC          1.0e-04 0 1 0 0     NFW      360.0000   0.0000     -2.508 0.469  49 -99.00   54.1       -3546.403       -7071.031   150 360.0000   0.0000     -1.879 0.205  44 -99.00    0.824
2018-05-16-15:00:54 1.15  Mocks_Mamon/MockNFW1280ellip0.5loga-2.08PA50center0.0_0.0With_background1num14.dat TNC          1.0e-04 0 1 0 0     NFW      360.0000   0.0000     -2.575 0.510  51 -99.00   53.1       -3756.936       -7492.136    38 360.0000   0.0000     -1.956 0.193  38 -99.00    0.215
2018-05-16-15:00:54 1.15  Mocks_Mamon/MockNFW1280ellip0.5loga-2.08PA50center0.0_0.0With_background1num15.dat TNC          1.0e-04 0 1 0 0     NFW      360.0000  -0.0000     -2.575 0.448  44 -99.00   52.7       -3781.582       -7541.416    63 360.0000  -0.0000     -1.947 0.155  45 -99.00    0.350
2018-05-16-15:00:54 1.15  Mocks_Mamon/MockNFW1280ellip0.5loga-2.08PA50center0.0_0.0With_background1num16.dat TNC          1.0e-04 0 1 0 0     NFW        0.0000  -0.0000     -2.575 0.000 125 -99.00   53.0       -3694.845       -7367.965    48   0.0000  -0.0000     -1.890 0.267 135 -99.00    0.272
2018-05-16-15:00:54 1.15  Mocks_Mamon/MockNFW1280ellip0.5loga-2.08PA50center0.0_0.0With_background1num17.dat TNC          1.0e-04 0 1 0 0     NFW      360.0000  -0.0000     -2.575 0.492  49 -99.00   53.4       -3866.991       -7712.214    66 360.0000  -0.0000     -1.952 0.117  45 -99.00    0.370
2018-05-16-15:00:54 1.15  Mocks_Mamon/MockNFW1280ellip0.5loga-2.08PA50center0.0_0.0With_background1num18.dat TNC          1.0e-04 0 1 0 0     NFW        0.0000   0.0000     -2.574 0.488  51 -99.00   52.9       -3826.736       -7631.732    32   0.0000   0.0000     -1.943 0.205  31 -99.00    0.181
2018-05-16-15:00:54 1.15  Mocks_Mamon/MockNFW1280ellip0.5loga-2.08PA50center0.0_0.0With_background1num19.dat TNC          1.0e-04 0 1 0 0     NFW        0.0000   0.0000     -2.574 0.000 143 -99.00   50.8       -3475.812       -6929.902    33   0.0000   0.0000     -1.938 0.152 143 -99.00    0.188
2018-05-16-15:00:54 1.15  Mocks_Mamon/MockNFW1280ellip0.5loga-2.08PA50center0.0_0.0With_background1num20.dat TNC          1.0e-04 0 1 0 0     NFW        0.0000  -0.0000     -2.575 0.521  49 -99.00   53.5       -3816.708       -7611.649    58   0.0000  -0.0000     -1.897 0.236  44 -99.00    0.326
2018-05-16-15:00:54 1.15  Mocks_Mamon/MockNFW1280ellip0.5loga-2.08PA50center0.0_0.0With_background1num21.dat TNC          1.0e-04 0 1 0 0     NFW        0.0000   0.0000     -2.574 0.479  48 -99.00   53.7       -3826.437       -7631.123    78   0.0000   0.0000     -1.927 0.144  35 -99.00    0.436
2018-05-16-15:00:54 1.15  Mocks_Mamon/MockNFW1280ellip0.5loga-2.08PA50center0.0_0.0With_background1num22.dat TNC          1.0e-04 0 1 0 0     NFW      360.0000  -0.0000     -2.574 0.487  50 -99.00   51.6       -3713.071       -7404.397    43 360.0000  -0.0000     -1.957 0.192  37 -99.00    0.241
2018-05-16-15:00:54 1.15  Mocks_Mamon/MockNFW1280ellip0.5loga-2.08PA50center0.0_0.0With_background1num23.dat TNC          1.0e-04 0 1 0 0     NFW      359.9999  -0.0000     -2.484 0.519  45 -99.00   56.0       -3646.251       -7270.758   101 359.9999  -0.0000     -1.853 0.279  42 -99.00    0.566
2018-05-16-15:00:54 1.15  Mocks_Mamon/MockNFW1280ellip0.5loga-2.08PA50center0.0_0.0With_background1num24.dat TNC          1.0e-04 0 1 0 0     NFW      360.0000   0.0000     -2.575 0.443  46 -99.00   54.7       -3859.111       -7696.447    46 360.0000   0.0000     -1.881 0.222  39 -99.00    0.260
2018-05-16-15:00:54 1.15  Mocks_Mamon/MockNFW1280ellip0.5loga-2.08PA50center0.0_0.0With_background1num25.dat TNC          1.0e-04 0 1 0 0     NFW        0.0000  -0.0000     -2.574 0.480  49 -99.00   50.9       -3548.042       -7074.339    93   0.0000  -0.0000     -1.895 0.186  36 -99.00    0.510
2018-05-16-15:00:54 1.15  Mocks_Mamon/MockNFW1280ellip0.5loga-2.08PA50center0.0_0.0With_background1num26.dat TNC          1.0e-04 0 1 0 0     NFW        0.0000   0.0000     -2.574 0.000 126 -99.00   53.1       -3778.376       -7535.013    47   0.0000   0.0000     -1.966 0.221 136 -99.00    0.267
2018-05-16-15:00:54 1.15  Mocks_Mamon/MockNFW1280ellip0.5loga-2.08PA50center0.0_0.0With_background1num27.dat TNC          1.0e-04 0 1 0 0     NFW      360.0000   0.0000     -2.574 0.484  48 -99.00   54.4       -3836.357       -7650.992    49 360.0000   0.0000     -1.842 0.212  40 -99.00    0.276
2018-05-16-15:00:54 1.15  Mocks_Mamon/MockNFW1280ellip0.5loga-2.08PA50center0.0_0.0With_background1num28.dat TNC          1.0e-04 0 1 0 0     NFW      360.0000   0.0000     -2.574 0.507  52 -99.00   54.6       -3908.336       -7794.908    52 360.0000   0.0000     -1.859 0.241  35 -99.00    0.295
2018-05-16-15:00:54 1.15  Mocks_Mamon/MockNFW1280ellip0.5loga-2.08PA50center0.0_0.0With_background1num29.dat TNC          1.0e-04 0 1 0 0     NFW      360.0000   0.0000     -2.575 0.454  48 -99.00   52.8       -3718.103       -7414.459    51 360.0000   0.0000     -1.899 0.201  43 -99.00    0.286
2018-05-16-15:00:54 1.15  Mocks_Mamon/MockNFW1280ellip0.5loga-2.08PA50center0.0_0.0With_background1num30.dat TNC          1.0e-04 0 1 0 0     NFW        0.0000  -0.0000     -2.575 0.495  49 -99.00   53.5       -3828.275        -7634.78    75   0.0000  -0.0000     -1.934 0.154  41 -99.00    0.419
2018-05-16-15:00:54 1.15  Mocks_Mamon/MockNFW1280ellip0.5loga-2.08PA50center0.0_0.0With_background1num31.dat TNC          1.0e-04 0 1 0 0     NFW      359.9999  -0.0000     -2.574 0.502  51 -99.00   52.5       -3740.954       -7460.192    66 359.9999  -0.0000     -1.926 0.231  34 -99.00    0.368
2018-05-16-15:00:54 1.15  Mocks_Mamon/MockNFW1280ellip0.5loga-2.08PA50center0.0_0.0With_background1num32.dat TNC          1.0e-04 0 1 0 0     NFW        0.0000   0.0000     -2.574 0.511  52 -99.00   50.9       -3637.659       -7253.566    47   0.0000   0.0000     -1.997 0.201  32 -99.00    0.262
2018-05-16-15:00:54 1.15  Mocks_Mamon/MockNFW1280ellip0.5loga-2.08PA50center0.0_0.0With_background1num33.dat TNC          1.0e-04 0 1 0 0     NFW        0.0000  -0.0000     -2.576 0.462  52 -99.00   52.9       -3744.909        -7468.06    54   0.0000  -0.0000     -1.910 0.134  22 -99.00    0.303
2018-05-16-15:00:54 1.15  Mocks_Mamon/MockNFW1280ellip0.5loga-2.08PA50center0.0_0.0With_background1num34.dat TNC          1.0e-04 0 1 0 0     NFW        0.0000  -0.0000     -2.574 0.478  42 -99.00   50.8       -3680.797       -7339.892    55   0.0000  -0.0000     -1.972 0.165  44 -99.00    0.303
2018-05-16-15:00:54 1.15  Mocks_Mamon/MockNFW1280ellip0.5loga-2.08PA50center0.0_0.0With_background1num35.dat TNC          1.0e-04 0 1 0 0     NFW        0.0000   0.0000     -2.575 0.491  48 -99.00   53.4        -3771.25       -7520.741    87   0.0000   0.0000     -1.881 0.202  44 -99.00    0.485
2018-05-16-15:00:54 1.15  Mocks_Mamon/MockNFW1280ellip0.5loga-2.08PA50center0.0_0.0With_background1num36.dat TNC          1.0e-04 0 1 0 0     NFW        0.0000  -0.0000     -2.574 0.000 134 -99.00   51.7       -3582.506       -7143.246    34   0.0000  -0.0000     -1.932 0.177 136 -99.00    0.194
2018-05-16-15:00:54 1.15  Mocks_Mamon/MockNFW1280ellip0.5loga-2.08PA50center0.0_0.0With_background1num37.dat TNC          1.0e-04 0 1 0 0     NFW      360.0000   0.0000     -2.558 0.479  52 -99.00   52.0       -3563.802        -7105.85   165 360.0000   0.0000     -1.936 0.187  44 -99.00    0.905
2018-05-16-15:00:54 1.15  Mocks_Mamon/MockNFW1280ellip0.5loga-2.08PA50center0.0_0.0With_background1num38.dat TNC          1.0e-04 0 1 0 0     NFW        0.0000   0.0000     -2.574 0.475  51 -99.00   51.8       -3669.429       -7317.094    84   0.0000   0.0000     -1.959 0.185  38 -99.00    0.466
2018-05-16-15:00:54 1.15  Mocks_Mamon/MockNFW1280ellip0.5loga-2.08PA50center0.0_0.0With_background1num39.dat TNC          1.0e-04 0 1 0 0     NFW        0.0000   0.0000     -2.574 0.511  49 -99.00   53.9       -3955.798       -7889.828    79   0.0000   0.0000     -1.931 0.194  43 -99.00    0.444
2018-05-16-15:00:54 1.15  Mocks_Mamon/MockNFW1280ellip0.5loga-2.08PA50center0.0_0.0With_background1num40.dat TNC          1.0e-04 0 1 0 0     NFW        0.0000  -0.0000     -2.576 0.430  50 -99.00   53.7       -3751.409       -7481.059    73   0.0000  -0.0000     -1.857 0.141  36 -99.00    0.408
2018-05-16-15:00:54 1.15  Mocks_Mamon/MockNFW1280ellip0.5loga-2.08PA50center0.0_0.0With_background1num41.dat TNC          1.0e-04 0 1 0 0     NFW      360.0000  -0.0000     -2.575 0.523  53 -99.00   53.9       -3919.111       -7816.461    89 360.0000  -0.0000     -1.946 0.243  35 -99.00    0.498
2018-05-16-15:00:54 1.15  Mocks_Mamon/MockNFW1280ellip0.5loga-2.08PA50center0.0_0.0With_background1num42.dat TNC          1.0e-04 0 1 0 0     NFW      360.0000  -0.0000     -2.575 0.492  46 -99.00   53.2       -3732.529       -7443.347    37 360.0000  -0.0000     -1.918 0.169  40 -99.00    0.210
2018-05-16-15:00:54 1.15  Mocks_Mamon/MockNFW1280ellip0.5loga-2.08PA50center0.0_0.0With_background1num43.dat TNC          1.0e-04 0 1 0 0     NFW      360.0000  -0.0000     -2.574 0.435  50 -99.00   52.5       -3714.339       -7406.929    86 360.0000  -0.0000     -1.922 0.175  42 -99.00    0.477
2018-05-16-15:00:54 1.15  Mocks_Mamon/MockNFW1280ellip0.5loga-2.08PA50center0.0_0.0With_background1num44.dat TNC          1.0e-04 0 1 0 0     NFW      360.0000  -0.0000     -2.575 0.000 139 -99.00   53.8       -3774.722       -7527.713    54 360.0000  -0.0000     -1.890 0.115 139 -99.00    0.306
2018-05-16-15:00:54 1.15  Mocks_Mamon/MockNFW1280ellip0.5loga-2.08PA50center0.0_0.0With_background1num45.dat TNC          1.0e-04 0 1 0 0     NFW        0.0000  -0.0000     -2.574 0.493  50 -99.00   55.3       -4044.313       -8066.854   108   0.0000  -0.0000     -1.922 0.175  40 -99.00    0.608
2018-05-16-15:00:54 1.15  Mocks_Mamon/MockNFW1280ellip0.5loga-2.08PA50center0.0_0.0With_background1num46.dat TNC          1.0e-04 0 1 0 0     NFW        0.0000   0.0000     -2.574 0.387  50 -99.00   51.3       -3634.909       -7248.065    87   0.0000   0.0000     -1.985 0.101  36 -99.00    0.478
2018-05-16-15:00:54 1.15  Mocks_Mamon/MockNFW1280ellip0.5loga-2.08PA50center0.0_0.0With_background1num47.dat TNC          1.0e-04 0 1 0 0     NFW      360.0000  -0.0000     -2.574 0.000 139 -99.00   51.7       -3748.084       -7474.424    49 360.0000  -0.0000     -1.975 0.121 139 -99.00    0.275
2018-05-16-15:00:54 1.15  Mocks_Mamon/MockNFW1280ellip0.5loga-2.08PA50center0.0_0.0With_background1num48.dat TNC          1.0e-04 0 1 0 0     NFW        0.0000  -0.0001     -2.575 0.000 136 -99.00   54.5       -3794.219       -7566.689    35   0.0000  -0.0001     -1.850 0.135 137 -99.00    0.202
2018-05-16-15:00:54 1.15  Mocks_Mamon/MockNFW1280ellip0.5loga-2.08PA50center0.0_0.0With_background1num49.dat TNC          1.0e-04 0 1 0 0     NFW        0.0000   0.0000     -2.574 0.498  49 -99.00   53.7       -3946.304       -7870.831    62   0.0000   0.0000     -1.993 0.143  45 -99.00    0.347
2018-05-16-15:00:54 1.15  Mocks_Mamon/MockNFW1280ellip0.5loga-2.08PA50center0.0_0.0With_background1num50.dat TNC          1.0e-04 0 1 0 0     NFW      360.0000  -0.0000     -2.576 0.497  55 -99.00   53.9       -3867.184       -7712.628    46 360.0000  -0.0000     -1.897 0.234  37 -99.00    0.261
2018-05-16-15:00:54 1.15  Mocks_Mamon/MockNFW1280ellip0.5loga-2.08PA50center0.0_0.0With_background1num51.dat TNC          1.0e-04 0 1 0 0     NFW      360.0000  -0.0000     -2.574 0.479  52 -99.00   51.2       -3699.423       -7377.104    64 360.0000  -0.0000     -2.028 0.157  42 -99.00    0.355
2018-05-16-15:00:54 1.15  Mocks_Mamon/MockNFW1280ellip0.5loga-2.08PA50center0.0_0.0With_background1num52.dat TNC          1.0e-04 0 1 0 0     NFW        0.0000   0.0000     -2.574 0.373  43 -99.00   54.1       -3824.541       -7627.344    46   0.0000   0.0000     -1.892 0.096  40 -99.00    0.260
2018-05-16-15:00:54 1.15  Mocks_Mamon/MockNFW1280ellip0.5loga-2.08PA50center0.0_0.0With_background1num53.dat TNC          1.0e-04 0 1 0 0     NFW        0.0000  -0.0000     -2.574 0.463  45 -99.00   51.2       -3605.011       -7188.301    58   0.0000  -0.0000     -1.900 0.203  39 -99.00    0.323
2018-05-16-15:00:54 1.15  Mocks_Mamon/MockNFW1280ellip0.5loga-2.08PA50center0.0_0.0With_background1num54.dat TNC          1.0e-04 0 1 0 0     NFW      360.0000   0.0000     -2.574 0.484  52 -99.00   52.3       -3732.271       -7442.802    89 360.0000   0.0000     -1.938 0.160  37 -99.00    0.495
2018-05-16-15:00:54 1.15  Mocks_Mamon/MockNFW1280ellip0.5loga-2.08PA50center0.0_0.0With_background1num55.dat TNC          1.0e-04 0 1 0 0     NFW        0.0000   0.0001     -2.575 0.518  48 -99.00   52.3       -3709.054       -7396.352    65   0.0000   0.0001     -1.933 0.219  41 -99.00    0.361
2018-05-16-15:00:54 1.15  Mocks_Mamon/MockNFW1280ellip0.5loga-2.08PA50center0.0_0.0With_background1num56.dat TNC          1.0e-04 0 1 0 0     NFW        0.0000   0.0000     -2.575 0.000 132 -99.00   52.7       -3611.152        -7200.56    33   0.0000   0.0000     -1.922 0.141 135 -99.00    0.189
2018-05-16-15:00:54 1.15  Mocks_Mamon/MockNFW1280ellip0.5loga-2.08PA50center0.0_0.0With_background1num57.dat TNC          1.0e-04 0 1 0 0     NFW        0.0000   0.0000     -2.576 0.462  53 -99.00   52.9        -3742.33       -7462.902    32   0.0000   0.0000     -1.915 0.155  36 -99.00    0.182
2018-05-16-15:00:54 1.15  Mocks_Mamon/MockNFW1280ellip0.5loga-2.08PA50center0.0_0.0With_background1num58.dat TNC          1.0e-04 0 1 0 0     NFW        0.0000  -0.0000     -2.575 0.000 149 -99.00   50.9       -3555.254       -7088.806    32   0.0000  -0.0000     -1.912 0.209 141 -99.00    0.182
2018-05-16-15:00:54 1.15  Mocks_Mamon/MockNFW1280ellip0.5loga-2.08PA50center0.0_0.0With_background1num59.dat TNC          1.0e-04 0 1 0 0     NFW      360.0000  -0.0000     -2.574 0.436  52 -99.00   52.2       -3713.816       -7405.869   109 360.0000  -0.0000     -1.964 0.147  36 -99.00    0.603
2018-05-16-15:00:54 1.15  Mocks_Mamon/MockNFW1280ellip0.5loga-2.08PA50center0.0_0.0With_background1num60.dat TNC          1.0e-04 0 1 0 0     NFW      360.0000  -0.0000     -2.559 0.496  52 -99.00   53.3       -3687.513       -7353.273   140 360.0000  -0.0000     -1.918 0.202  37 -99.00    0.773
2018-05-16-15:00:54 1.15  Mocks_Mamon/MockNFW1280ellip0.5loga-2.08PA50center0.0_0.0With_background1num61.dat TNC          1.0e-04 0 1 0 0     NFW      360.0000  -0.0000     -2.575 0.000 142 -99.00   54.0       -3827.815       -7633.865    35 360.0000  -0.0000     -1.910 0.170 140 -99.00    0.200
2018-05-16-15:00:54 1.15  Mocks_Mamon/MockNFW1280ellip0.5loga-2.08PA50center0.0_0.0With_background1num62.dat TNC          1.0e-04 0 1 0 0     NFW        0.0000   0.0000     -2.574 0.521  50 -99.00   51.0       -3744.753       -7467.777    57   0.0000   0.0000     -1.981 0.223  42 -99.00    0.316
2018-05-16-15:00:54 1.15  Mocks_Mamon/MockNFW1280ellip0.5loga-2.08PA50center0.0_0.0With_background1num63.dat TNC          1.0e-04 0 1 0 0     NFW      360.0000  -0.0001     -2.574 0.452  51 -99.00   53.1       -3807.958       -7594.157    41 360.0000  -0.0001     -1.941 0.096  35 -99.00    0.232
2018-05-16-15:00:54 1.15  Mocks_Mamon/MockNFW1280ellip0.5loga-2.08PA50center0.0_0.0With_background1num64.dat TNC          1.0e-04 0 1 0 0     NFW        0.0000   0.0000     -2.575 0.496  47 -99.00   52.4       -3803.851       -7585.939    52   0.0000   0.0000     -1.989 0.196  41 -99.00    0.288
2018-05-16-15:00:54 1.15  Mocks_Mamon/MockNFW1280ellip0.5loga-2.08PA50center0.0_0.0With_background1num65.dat TNC          1.0e-04 0 1 0 0     NFW      360.0000  -0.0000     -2.574 0.477  51 -99.00   54.6       -3858.187       -7694.626    57 360.0000  -0.0000     -1.904 0.155  31 -99.00    0.323
2018-05-16-15:00:54 1.15  Mocks_Mamon/MockNFW1280ellip0.5loga-2.08PA50center0.0_0.0With_background1num66.dat TNC          1.0e-04 0 1 0 0     NFW        0.0001   0.0001     -2.574 0.000 136 -99.00   51.5       -3567.162       -7112.588    48   0.0001   0.0001     -1.935 0.194 135 -99.00    0.270
2018-05-16-15:00:54 1.15  Mocks_Mamon/MockNFW1280ellip0.5loga-2.08PA50center0.0_0.0With_background1num67.dat TNC          1.0e-04 0 1 0 0     NFW        0.0001   0.0000     -2.575 0.478  48 -99.00   54.1       -3910.093       -7798.414    37   0.0001   0.0000     -1.935 0.169  38 -99.00    0.211
2018-05-16-15:00:54 1.15  Mocks_Mamon/MockNFW1280ellip0.5loga-2.08PA50center0.0_0.0With_background1num68.dat TNC          1.0e-04 0 1 0 0     NFW        0.0000   0.0000     -2.422 0.475  54 -99.00   59.6       -3668.334       -7314.923   194   0.0000   0.0000     -1.842 0.234  33 -99.00    1.080
2018-05-16-15:00:54 1.15  Mocks_Mamon/MockNFW1280ellip0.5loga-2.08PA50center0.0_0.0With_background1num69.dat TNC          1.0e-04 0 1 0 0     NFW        0.0000  -0.0000     -2.577 0.431  49 -99.00   51.5       -3628.453       -7235.185     8   0.0000  -0.0000     -1.933 0.161  36 -99.00    0.050
2018-05-16-15:00:54 1.15  Mocks_Mamon/MockNFW1280ellip0.5loga-2.08PA50center0.0_0.0With_background1num70.dat TNC          1.0e-04 0 1 0 0     NFW      360.0000   0.0000     -2.575 0.000 133 -99.00   52.6       -3677.719       -7333.704    49 360.0000   0.0000     -1.942 0.179 137 -99.00    0.277
2018-05-16-15:00:54 1.15  Mocks_Mamon/MockNFW1280ellip0.5loga-2.08PA50center0.0_0.0With_background1num71.dat TNC          1.0e-04 0 1 0 0     NFW      360.0000  -0.0000     -2.575 0.486  50 -99.00   49.8        -3555.83       -7089.928    79 360.0000  -0.0000     -1.972 0.190  31 -99.00    0.435
2018-05-16-15:00:54 1.15  Mocks_Mamon/MockNFW1280ellip0.5loga-2.08PA50center0.0_0.0With_background1num72.dat TNC          1.0e-04 0 1 0 0     NFW      360.0000  -0.0001     -2.574 0.500  53 -99.00   54.1       -3956.579       -7891.416   162 360.0000  -0.0001     -1.955 0.267  32 -99.00    0.898
2018-05-16-15:00:54 1.15  Mocks_Mamon/MockNFW1280ellip0.5loga-2.08PA50center0.0_0.0With_background1num73.dat TNC          1.0e-04 0 1 0 0     NFW      360.0000  -0.0000     -2.576 0.487  47 -99.00   51.9       -3701.376       -7380.981    46 360.0000  -0.0000     -2.003 0.156  42 -99.00    0.258
2018-05-16-15:00:54 1.15  Mocks_Mamon/MockNFW1280ellip0.5loga-2.08PA50center0.0_0.0With_background1num74.dat TNC          1.0e-04 0 1 0 0     NFW      360.0000  -0.0000     -2.574 0.460  52 -99.00   52.7       -3774.814       -7527.859    62 360.0000  -0.0000     -1.973 0.133  37 -99.00    0.346
2018-05-16-15:00:54 1.15  Mocks_Mamon/MockNFW1280ellip0.5loga-2.08PA50center0.0_0.0With_background1num75.dat TNC          1.0e-04 0 1 0 0     NFW      360.0000   0.0000     -2.575 0.468  56 -99.00   52.1       -3683.929       -7346.119    37 360.0000   0.0000     -1.880 0.192  36 -99.00    0.207
2018-05-16-15:00:54 1.15  Mocks_Mamon/MockNFW1280ellip0.5loga-2.08PA50center0.0_0.0With_background1num76.dat TNC          1.0e-04 0 1 0 0     NFW        0.0000  -0.0000     -2.575 0.504  50 -99.00   53.5       -3813.948       -7606.151    86   0.0000  -0.0000     -1.886 0.227  37 -99.00    0.479
2018-05-16-15:00:54 1.15  Mocks_Mamon/MockNFW1280ellip0.5loga-2.08PA50center0.0_0.0With_background1num77.dat TNC          1.0e-04 0 1 0 0     NFW        0.0000  -0.0000     -2.575 0.490  50 -99.00   52.9       -3744.296       -7466.886    35   0.0000  -0.0000     -1.897 0.188  37 -99.00    0.198
2018-05-16-15:00:54 1.15  Mocks_Mamon/MockNFW1280ellip0.5loga-2.08PA50center0.0_0.0With_background1num78.dat TNC          1.0e-04 0 1 0 0     NFW      360.0000  -0.0001     -2.576 0.504  51 -99.00   52.4        -3662.48       -7303.242    38 360.0000  -0.0001     -1.885 0.215  43 -99.00    0.213
2018-05-16-15:00:54 1.15  Mocks_Mamon/MockNFW1280ellip0.5loga-2.08PA50center0.0_0.0With_background1num79.dat TNC          1.0e-04 0 1 0 0     NFW      359.9999  -0.0000     -2.574 0.000 140 -99.00   53.1       -3638.085       -7254.408    54 359.9999  -0.0000     -1.886 0.257 140 -99.00    0.306
2018-05-16-15:00:54 1.15  Mocks_Mamon/MockNFW1280ellip0.5loga-2.08PA50center0.0_0.0With_background1num80.dat TNC          1.0e-04 0 1 0 0     NFW        0.0000   0.0000     -2.576 0.507  61 -99.00   53.9       -3920.177       -7818.596    60   0.0000   0.0000     -1.910 0.225  35 -99.00    0.338
2018-05-16-15:00:54 1.15  Mocks_Mamon/MockNFW1280ellip0.5loga-2.08PA50center0.0_0.0With_background1num81.dat TNC          1.0e-04 0 1 0 0     NFW        0.0000   0.0000     -2.574 0.507  50 -99.00   53.1       -3835.778       -7649.817    69   0.0000   0.0000     -1.894 0.248  43 -99.00    0.386
2018-05-16-15:00:54 1.15  Mocks_Mamon/MockNFW1280ellip0.5loga-2.08PA50center0.0_0.0With_background1num82.dat TNC          1.0e-04 0 1 0 0     NFW        0.0000   0.0000     -2.575 0.478  48 -99.00   52.8       -3810.617         -7599.5    44   0.0000   0.0000     -1.947 0.156  37 -99.00    0.248
2018-05-16-15:00:54 1.15  Mocks_Mamon/MockNFW1280ellip0.5loga-2.08PA50center0.0_0.0With_background1num83.dat TNC          1.0e-04 0 1 0 0     NFW        0.0000  -0.0000     -2.489 0.511  59 -99.00   56.7       -3740.602       -7459.454   106   0.0000  -0.0000     -1.875 0.211  33 -99.00    0.596
2018-05-16-15:00:54 1.15  Mocks_Mamon/MockNFW1280ellip0.5loga-2.08PA50center0.0_0.0With_background1num84.dat TNC          1.0e-04 0 1 0 0     NFW        0.0000  -0.0000     -2.574 0.000 137 -99.00   51.4       -3590.816       -7159.917    51   0.0000  -0.0000     -1.960 0.206 139 -99.00    0.286
2018-05-16-15:00:54 1.15  Mocks_Mamon/MockNFW1280ellip0.5loga-2.08PA50center0.0_0.0With_background1num85.dat TNC          1.0e-04 0 1 0 0     NFW        0.0000   0.0000     -2.574 0.496  47 -99.00   50.7       -3617.933       -7214.138    48   0.0000   0.0000     -2.005 0.194  37 -99.00    0.267
2018-05-16-15:00:54 1.15  Mocks_Mamon/MockNFW1280ellip0.5loga-2.08PA50center0.0_0.0With_background1num86.dat TNC          1.0e-04 0 1 0 0     NFW        0.0000  -0.0000     -2.575 0.000 138 -99.00   49.7       -3445.144        -6868.51    57   0.0000  -0.0000     -1.970 0.197 139 -99.00    0.318
2018-05-16-15:00:54 1.15  Mocks_Mamon/MockNFW1280ellip0.5loga-2.08PA50center0.0_0.0With_background1num87.dat TNC          1.0e-04 0 1 0 0     NFW      360.0000  -0.0000     -2.574 0.484  49 -99.00   53.7       -3802.851       -7583.958   102 360.0000  -0.0000     -1.908 0.185  40 -99.00    0.568
2018-05-16-15:00:54 1.15  Mocks_Mamon/MockNFW1280ellip0.5loga-2.08PA50center0.0_0.0With_background1num88.dat TNC          1.0e-04 0 1 0 0     NFW      360.0000  -0.0000     -2.574 0.480  57 -99.00   53.1       -3779.205        -7536.64    44 360.0000  -0.0000     -1.918 0.227  35 -99.00    0.249
2018-05-16-15:00:54 1.15  Mocks_Mamon/MockNFW1280ellip0.5loga-2.08PA50center0.0_0.0With_background1num89.dat TNC          1.0e-04 0 1 0 0     NFW      360.0000  -0.0000     -2.576 0.512  51 -99.00   54.2       -3829.784       -7637.804   110 360.0000  -0.0000     -1.861 0.185  35 -99.00    0.613
2018-05-16-15:00:54 1.15  Mocks_Mamon/MockNFW1280ellip0.5loga-2.08PA50center0.0_0.0With_background1num90.dat TNC          1.0e-04 0 1 0 0     NFW      360.0000   0.0000     -2.574 0.454  53 -99.00   50.8       -3617.423        -7213.08    73 360.0000   0.0000     -1.990 0.189  30 -99.00    0.401
2018-05-16-15:00:54 1.15  Mocks_Mamon/MockNFW1280ellip0.5loga-2.08PA50center0.0_0.0With_background1num91.dat TNC          1.0e-04 0 1 0 0     NFW      359.9999  -0.0000     -2.574 0.480  51 -99.00   56.6       -4000.617       -7979.472    59 359.9999  -0.0000     -1.871 0.160  40 -99.00    0.337
2018-05-16-15:00:54 1.15  Mocks_Mamon/MockNFW1280ellip0.5loga-2.08PA50center0.0_0.0With_background1num92.dat TNC          1.0e-04 0 1 0 0     NFW        0.0000  -0.0000     -2.575 0.489  52 -99.00   51.3        -3698.26       -7374.763   105   0.0000  -0.0000     -1.998 0.183  37 -99.00    0.579
2018-05-16-15:00:54 1.15  Mocks_Mamon/MockNFW1280ellip0.5loga-2.08PA50center0.0_0.0With_background1num93.dat TNC          1.0e-04 0 1 0 0     NFW      360.0000   0.0000     -2.574 0.000 172 -99.00   52.6        -3754.47       -7487.207    43 360.0000   0.0000     -1.924 0.183 149 -99.00    0.245
2018-05-16-15:00:54 1.15  Mocks_Mamon/MockNFW1280ellip0.5loga-2.08PA50center0.0_0.0With_background1num94.dat TNC          1.0e-04 0 1 0 0     NFW      360.0000  -0.0000     -2.575 0.518  51 -99.00   51.4        -3699.84       -7377.985    53 360.0000  -0.0000     -1.952 0.220  43 -99.00    0.295
2018-05-16-15:00:54 1.15  Mocks_Mamon/MockNFW1280ellip0.5loga-2.08PA50center0.0_0.0With_background1num95.dat TNC          1.0e-04 0 1 0 0     NFW      359.9999  -0.0000     -2.574 0.508  48 -99.00   51.5       -3722.443       -7423.149    44 359.9999  -0.0000     -1.940 0.277  42 -99.00    0.246
2018-05-16-15:00:54 1.15  Mocks_Mamon/MockNFW1280ellip0.5loga-2.08PA50center0.0_0.0With_background1num96.dat TNC          1.0e-04 0 1 0 0     NFW        0.0000   0.0000     -2.575 0.476  50 -99.00   54.1       -3767.735       -7513.708    54   0.0000   0.0000     -1.937 0.173  41 -99.00    0.304
2018-05-16-15:00:54 1.15  Mocks_Mamon/MockNFW1280ellip0.5loga-2.08PA50center0.0_0.0With_background1num97.dat TNC          1.0e-04 0 1 0 0     NFW        0.0000  -0.0000     -2.575 0.505  47 -99.00   52.4        -3724.28       -7426.795    70   0.0000  -0.0000     -1.893 0.207  42 -99.00    0.390
2018-05-16-15:00:54 1.15  Mocks_Mamon/MockNFW1280ellip0.5loga-2.08PA50center0.0_0.0With_background1num98.dat TNC          1.0e-04 0 1 0 0     NFW      360.0000  -0.0000     -2.575 0.494  53 -99.00   54.2       -3848.561        -7675.36    55 360.0000  -0.0000     -1.891 0.180  42 -99.00    0.310
2018-05-16-15:00:54 1.15  Mocks_Mamon/MockNFW1280ellip0.5loga-2.08PA50center0.0_0.0With_background1num99.dat TNC          1.0e-04 0 1 0 0     NFW      360.0000  -0.0000     -2.574 0.000 136 -99.00   50.3       -3502.632       -6983.565    31 360.0000  -0.0000     -1.955 0.069 136 -99.00    0.178
