2018-05-16-15:01:43 1.15  Mocks_Mamon/MockNFW1280ellip0.5loga-2.08PA50center0.0_0.0With_background1num0.dat Diff-Evol    1.0e-04 0 1 0 0     NFW      360.0000  -0.0000     -2.575 0.482  52 -99.00   53.8        -3822.65       -7623.561   604 360.0000  -0.0000     -1.910 0.208  39 -99.00    0.434
2018-05-16-15:01:43 1.15  Mocks_Mamon/MockNFW1280ellip0.5loga-2.08PA50center0.0_0.0With_background1num1.dat Diff-Evol    1.0e-04 0 1 0 0     NFW      360.0000  -0.0000     -2.574 0.503  50 -99.00   52.4       -3743.994       -7466.243   729 360.0000  -0.0000     -1.949 0.237  38 -99.00    0.525
2018-05-16-15:01:43 1.15  Mocks_Mamon/MockNFW1280ellip0.5loga-2.08PA50center0.0_0.0With_background1num2.dat Diff-Evol    1.0e-04 0 1 0 0     NFW        0.0000   0.0000     -2.574 0.473  52 -99.00   54.6       -3928.638       -7835.539   610   0.0000   0.0000     -1.901 0.123  23 -99.00    0.448
2018-05-16-15:01:43 1.15  Mocks_Mamon/MockNFW1280ellip0.5loga-2.08PA50center0.0_0.0With_background1num3.dat Diff-Evol    1.0e-04 0 1 0 0     NFW        0.0000   0.0000     -2.574 0.472  46 -99.00   53.5       -3878.412       -7735.088   826   0.0000   0.0000     -1.943 0.211  40 -99.00    0.601
2018-05-16-15:01:43 1.15  Mocks_Mamon/MockNFW1280ellip0.5loga-2.08PA50center0.0_0.0With_background1num4.dat Diff-Evol    1.0e-04 0 1 0 0     NFW      360.0000   0.0000     -2.575 0.477  51 -99.00   53.1       -3784.887       -7548.012   728 360.0000   0.0000     -1.892 0.182  37 -99.00    0.530
2018-05-16-15:01:43 1.15  Mocks_Mamon/MockNFW1280ellip0.5loga-2.08PA50center0.0_0.0With_background1num5.dat Diff-Evol    1.0e-04 0 1 0 0     NFW        0.0000   0.0000     -2.574 0.476  52 -99.00   51.8       -3691.305       -7360.884   667   0.0000   0.0000     -1.927 0.171  38 -99.00    0.476
2018-05-16-15:01:43 1.15  Mocks_Mamon/MockNFW1280ellip0.5loga-2.08PA50center0.0_0.0With_background1num6.dat Diff-Evol    1.0e-04 0 1 0 0     NFW        0.0000   0.0000     -2.574 0.486  57 -99.00   54.9       -3999.881       -7978.018   534   0.0000   0.0000     -1.925 0.213  36 -99.00    0.393
2018-05-16-15:01:43 1.15  Mocks_Mamon/MockNFW1280ellip0.5loga-2.08PA50center0.0_0.0With_background1num7.dat Diff-Evol    1.0e-04 0 1 0 0     NFW        0.0000   0.0000     -2.574 0.493  53 -99.00   51.5       -3630.216       -7238.717   722   0.0000   0.0000     -1.919 0.195  35 -99.00    0.517
2018-05-16-15:01:43 1.15  Mocks_Mamon/MockNFW1280ellip0.5loga-2.08PA50center0.0_0.0With_background1num8.dat Diff-Evol    1.0e-04 0 1 0 0     NFW      360.0000  -0.0000     -2.577 0.519  46 -99.00   52.6       -3860.184       -7698.623   722 360.0000  -0.0000     -1.969 0.217 141 -99.00    0.519
2018-05-16-15:01:43 1.15  Mocks_Mamon/MockNFW1280ellip0.5loga-2.08PA50center0.0_0.0With_background1num9.dat Diff-Evol    1.0e-04 0 1 0 0     NFW        0.0000   0.0000     -2.576 0.483  51 -99.00   53.2       -3846.651       -7671.568   624   0.0000   0.0000     -1.972 0.195  35 -99.00    0.454
2018-05-16-15:01:43 1.15  Mocks_Mamon/MockNFW1280ellip0.5loga-2.08PA50center0.0_0.0With_background1num10.dat Diff-Evol    1.0e-04 0 1 0 0     NFW      360.0000  -0.0000     -2.574 0.508  50 -99.00   52.6       -3779.687       -7537.636   541 360.0000  -0.0000     -1.941 0.180  36 -99.00    0.391
2018-05-16-15:01:43 1.15  Mocks_Mamon/MockNFW1280ellip0.5loga-2.08PA50center0.0_0.0With_background1num11.dat Diff-Evol    1.0e-04 0 1 0 0     NFW        0.0000  -0.0000     -2.575 0.480  48 -99.00   52.5       -3706.034       -7390.336   604   0.0000  -0.0000     -1.922 0.142 141 -99.00    0.432
2018-05-16-15:01:43 1.15  Mocks_Mamon/MockNFW1280ellip0.5loga-2.08PA50center0.0_0.0With_background1num12.dat Diff-Evol    1.0e-04 0 1 0 0     NFW      360.0000   0.0000     -2.575 0.466  51 -99.00   55.5       -3958.483       -7895.217   681 360.0000   0.0000     -1.850 0.169  39 -99.00    0.494
2018-05-16-15:01:43 1.15  Mocks_Mamon/MockNFW1280ellip0.5loga-2.08PA50center0.0_0.0With_background1num13.dat Diff-Evol    1.0e-04 0 1 0 0     NFW      360.0000   0.0000     -2.507 0.469  49 -99.00   54.1       -3546.392       -7071.009   479 360.0000   0.0000     -1.879 0.205  44 -99.00    0.341
2018-05-16-15:01:43 1.15  Mocks_Mamon/MockNFW1280ellip0.5loga-2.08PA50center0.0_0.0With_background1num14.dat Diff-Evol    1.0e-04 0 1 0 0     NFW      360.0000   0.0000     -2.575 0.510  51 -99.00   53.1       -3756.936       -7492.136   791 360.0000   0.0000     -1.956 0.193  38 -99.00    0.571
2018-05-16-15:01:43 1.15  Mocks_Mamon/MockNFW1280ellip0.5loga-2.08PA50center0.0_0.0With_background1num15.dat Diff-Evol    1.0e-04 0 1 0 0     NFW      360.0000  -0.0000     -2.575 0.449  44 -99.00   52.7       -3781.582       -7541.417   736 360.0000  -0.0000     -1.947 0.155  45 -99.00    0.529
2018-05-16-15:01:43 1.15  Mocks_Mamon/MockNFW1280ellip0.5loga-2.08PA50center0.0_0.0With_background1num16.dat Diff-Evol    1.0e-04 0 1 0 0     NFW        0.0000  -0.0000     -2.575 0.529  47 -99.00   53.0       -3787.422        -7553.12   694   0.0000  -0.0000     -1.890 0.267 135 -99.00    0.502
2018-05-16-15:01:43 1.15  Mocks_Mamon/MockNFW1280ellip0.5loga-2.08PA50center0.0_0.0With_background1num17.dat Diff-Evol    1.0e-04 0 1 0 0     NFW      360.0000  -0.0000     -2.575 0.492  49 -99.00   53.4       -3866.996       -7712.225   729 360.0000  -0.0000     -1.952 0.117  45 -99.00    0.523
2018-05-16-15:01:43 1.15  Mocks_Mamon/MockNFW1280ellip0.5loga-2.08PA50center0.0_0.0With_background1num18.dat Diff-Evol    1.0e-04 0 1 0 0     NFW        0.0000   0.0000     -2.574 0.489  51 -99.00   52.9       -3826.814       -7631.889   610   0.0000   0.0000     -1.943 0.205  31 -99.00    0.444
2018-05-16-15:01:43 1.15  Mocks_Mamon/MockNFW1280ellip0.5loga-2.08PA50center0.0_0.0With_background1num19.dat Diff-Evol    1.0e-04 0 1 0 0     NFW        0.0000   0.0000     -2.506 0.455  46 -99.00   53.5        -3526.25       -7030.777   589   0.0000   0.0000     -1.938 0.152 143 -99.00    0.425
2018-05-16-15:01:43 1.15  Mocks_Mamon/MockNFW1280ellip0.5loga-2.08PA50center0.0_0.0With_background1num20.dat Diff-Evol    1.0e-04 0 1 0 0     NFW        0.0000  -0.0000     -2.575 0.521  50 -99.00   53.5       -3816.705       -7611.643   728   0.0000  -0.0000     -1.897 0.236  44 -99.00    0.532
2018-05-16-15:01:43 1.15  Mocks_Mamon/MockNFW1280ellip0.5loga-2.08PA50center0.0_0.0With_background1num21.dat Diff-Evol    1.0e-04 0 1 0 0     NFW        0.0000   0.0000     -2.574 0.479  49 -99.00   53.7       -3826.424       -7631.099   555   0.0000   0.0000     -1.927 0.144  35 -99.00    0.404
2018-05-16-15:01:43 1.15  Mocks_Mamon/MockNFW1280ellip0.5loga-2.08PA50center0.0_0.0With_background1num22.dat Diff-Evol    1.0e-04 0 1 0 0     NFW      360.0000  -0.0000     -2.574 0.487  50 -99.00   51.6       -3713.071       -7404.397   791 360.0000  -0.0000     -1.957 0.192  37 -99.00    0.570
2018-05-16-15:01:43 1.15  Mocks_Mamon/MockNFW1280ellip0.5loga-2.08PA50center0.0_0.0With_background1num23.dat Diff-Evol    1.0e-04 0 1 0 0     NFW      359.9999  -0.0000     -2.484 0.522  44 -99.00   56.1       -3646.288       -7270.833   555 359.9999  -0.0000     -1.853 0.279  42 -99.00    0.399
2018-05-16-15:01:43 1.15  Mocks_Mamon/MockNFW1280ellip0.5loga-2.08PA50center0.0_0.0With_background1num24.dat Diff-Evol    1.0e-04 0 1 0 0     NFW      360.0000   0.0000     -2.575 0.442  48 -99.00   54.7       -3858.916       -7696.057   610 360.0000   0.0000     -1.881 0.222  39 -99.00    0.449
2018-05-16-15:01:43 1.15  Mocks_Mamon/MockNFW1280ellip0.5loga-2.08PA50center0.0_0.0With_background1num25.dat Diff-Evol    1.0e-04 0 1 0 0     NFW        0.0000  -0.0000     -2.574 0.480  49 -99.00   50.9       -3548.042       -7074.339   673   0.0000  -0.0000     -1.895 0.186  36 -99.00    0.480
2018-05-16-15:01:43 1.15  Mocks_Mamon/MockNFW1280ellip0.5loga-2.08PA50center0.0_0.0With_background1num26.dat Diff-Evol    1.0e-04 0 1 0 0     NFW        0.0000   0.0000     -2.574 0.517  50 -99.00   53.1       -3863.114       -7704.489   693   0.0000   0.0000     -1.966 0.221 136 -99.00    0.506
2018-05-16-15:01:43 1.15  Mocks_Mamon/MockNFW1280ellip0.5loga-2.08PA50center0.0_0.0With_background1num27.dat Diff-Evol    1.0e-04 0 1 0 0     NFW      360.0000   0.0000     -2.574 0.483  49 -99.00   54.4       -3836.331       -7650.941   624 360.0000   0.0000     -1.842 0.212  40 -99.00    0.458
2018-05-16-15:01:43 1.15  Mocks_Mamon/MockNFW1280ellip0.5loga-2.08PA50center0.0_0.0With_background1num28.dat Diff-Evol    1.0e-04 0 1 0 0     NFW      360.0000   0.0000     -2.574 0.507  52 -99.00   54.6       -3908.336       -7794.908   708 360.0000   0.0000     -1.859 0.241  35 -99.00    0.514
2018-05-16-15:01:43 1.15  Mocks_Mamon/MockNFW1280ellip0.5loga-2.08PA50center0.0_0.0With_background1num29.dat Diff-Evol    1.0e-04 0 1 0 0     NFW      360.0000   0.0000     -2.575 0.454  48 -99.00   52.8       -3718.103       -7414.459   708 360.0000   0.0000     -1.899 0.201  43 -99.00    0.514
2018-05-16-15:01:43 1.15  Mocks_Mamon/MockNFW1280ellip0.5loga-2.08PA50center0.0_0.0With_background1num30.dat Diff-Evol    1.0e-04 0 1 0 0     NFW        0.0000  -0.0000     -2.575 0.495  49 -99.00   53.5       -3828.241       -7634.713   520   0.0000  -0.0000     -1.934 0.154  41 -99.00    0.381
2018-05-16-15:01:43 1.15  Mocks_Mamon/MockNFW1280ellip0.5loga-2.08PA50center0.0_0.0With_background1num31.dat Diff-Evol    1.0e-04 0 1 0 0     NFW      359.9999  -0.0000     -2.574 0.500  54 -99.00   52.5       -3740.081       -7458.447   548 359.9999  -0.0000     -1.926 0.231  34 -99.00    0.394
2018-05-16-15:01:43 1.15  Mocks_Mamon/MockNFW1280ellip0.5loga-2.08PA50center0.0_0.0With_background1num32.dat Diff-Evol    1.0e-04 0 1 0 0     NFW        0.0000   0.0000     -2.574 0.511  52 -99.00   50.9       -3637.655       -7253.558   617   0.0000   0.0000     -1.997 0.201  32 -99.00    0.444
2018-05-16-15:01:43 1.15  Mocks_Mamon/MockNFW1280ellip0.5loga-2.08PA50center0.0_0.0With_background1num33.dat Diff-Evol    1.0e-04 0 1 0 0     NFW        0.0000  -0.0000     -2.576 0.462  52 -99.00   52.9       -3744.909        -7468.06   617   0.0000  -0.0000     -1.910 0.134  22 -99.00    0.449
2018-05-16-15:01:43 1.15  Mocks_Mamon/MockNFW1280ellip0.5loga-2.08PA50center0.0_0.0With_background1num34.dat Diff-Evol    1.0e-04 0 1 0 0     NFW        0.0000  -0.0000     -2.574 0.490  48 -99.00   50.8       -3685.027       -7348.352   707   0.0000  -0.0000     -1.972 0.165  44 -99.00    0.509
2018-05-16-15:01:43 1.15  Mocks_Mamon/MockNFW1280ellip0.5loga-2.08PA50center0.0_0.0With_background1num35.dat Diff-Evol    1.0e-04 0 1 0 0     NFW        0.0000   0.0000     -2.575 0.491  48 -99.00   53.4        -3771.25       -7520.742   743   0.0000   0.0000     -1.881 0.202  44 -99.00    0.539
2018-05-16-15:01:43 1.15  Mocks_Mamon/MockNFW1280ellip0.5loga-2.08PA50center0.0_0.0With_background1num36.dat Diff-Evol    1.0e-04 0 1 0 0     NFW        0.0000  -0.0000     -2.574 0.488  48 -99.00   51.7       -3650.703       -7279.639   819   0.0000  -0.0000     -1.932 0.177 136 -99.00    0.588
2018-05-16-15:01:43 1.15  Mocks_Mamon/MockNFW1280ellip0.5loga-2.08PA50center0.0_0.0With_background1num37.dat Diff-Evol    1.0e-04 0 1 0 0     NFW      360.0000   0.0000     -2.573 0.481  50 -99.00   51.4       -3564.702       -7107.651   735 360.0000   0.0000     -1.936 0.187  44 -99.00    0.529
2018-05-16-15:01:43 1.15  Mocks_Mamon/MockNFW1280ellip0.5loga-2.08PA50center0.0_0.0With_background1num38.dat Diff-Evol    1.0e-04 0 1 0 0     NFW        0.0000   0.0000     -2.574 0.475  51 -99.00   51.8       -3669.429       -7317.094   715   0.0000   0.0000     -1.959 0.185  38 -99.00    0.515
2018-05-16-15:01:43 1.15  Mocks_Mamon/MockNFW1280ellip0.5loga-2.08PA50center0.0_0.0With_background1num39.dat Diff-Evol    1.0e-04 0 1 0 0     NFW        0.0000   0.0000     -2.574 0.511  48 -99.00   53.9       -3955.732       -7889.698   707   0.0000   0.0000     -1.931 0.194  43 -99.00    0.519
2018-05-16-15:01:43 1.15  Mocks_Mamon/MockNFW1280ellip0.5loga-2.08PA50center0.0_0.0With_background1num40.dat Diff-Evol    1.0e-04 0 1 0 0     NFW        0.0000  -0.0000     -2.576 0.430  50 -99.00   53.7       -3751.409       -7481.059   722   0.0000  -0.0000     -1.857 0.141  36 -99.00    0.522
2018-05-16-15:01:43 1.15  Mocks_Mamon/MockNFW1280ellip0.5loga-2.08PA50center0.0_0.0With_background1num41.dat Diff-Evol    1.0e-04 0 1 0 0     NFW      360.0000  -0.0000     -2.575 0.522  53 -99.00   53.9       -3919.092       -7816.425   610 360.0000  -0.0000     -1.946 0.243  35 -99.00    0.446
2018-05-16-15:01:43 1.15  Mocks_Mamon/MockNFW1280ellip0.5loga-2.08PA50center0.0_0.0With_background1num42.dat Diff-Evol    1.0e-04 0 1 0 0     NFW      360.0000  -0.0000     -2.575 0.492  47 -99.00   53.2       -3732.528       -7443.345   548 360.0000  -0.0000     -1.918 0.169  40 -99.00    0.397
2018-05-16-15:01:43 1.15  Mocks_Mamon/MockNFW1280ellip0.5loga-2.08PA50center0.0_0.0With_background1num43.dat Diff-Evol    1.0e-04 0 1 0 0     NFW      360.0000  -0.0000     -2.574 0.434  50 -99.00   52.5       -3714.335       -7406.921   617 360.0000  -0.0000     -1.922 0.175  42 -99.00    0.445
2018-05-16-15:01:43 1.15  Mocks_Mamon/MockNFW1280ellip0.5loga-2.08PA50center0.0_0.0With_background1num44.dat Diff-Evol    1.0e-04 0 1 0 0     NFW      360.0000  -0.0000     -2.575 0.430  48 -99.00   53.8        -3820.41        -7619.09   520 360.0000  -0.0000     -1.890 0.115 139 -99.00    0.381
2018-05-16-15:01:43 1.15  Mocks_Mamon/MockNFW1280ellip0.5loga-2.08PA50center0.0_0.0With_background1num45.dat Diff-Evol    1.0e-04 0 1 0 0     NFW        0.0000  -0.0000     -2.574 0.492  49 -99.00   55.3       -4044.111       -8066.452   631   0.0000  -0.0000     -1.922 0.175  40 -99.00    0.465
2018-05-16-15:01:43 1.15  Mocks_Mamon/MockNFW1280ellip0.5loga-2.08PA50center0.0_0.0With_background1num46.dat Diff-Evol    1.0e-04 0 1 0 0     NFW        0.0000   0.0000     -2.574 0.387  50 -99.00   51.3       -3634.909       -7248.065   632   0.0000   0.0000     -1.985 0.101  36 -99.00    0.448
2018-05-16-15:01:43 1.15  Mocks_Mamon/MockNFW1280ellip0.5loga-2.08PA50center0.0_0.0With_background1num47.dat Diff-Evol    1.0e-04 0 1 0 0     NFW      360.0000  -0.0000     -2.574 0.482  50 -99.00   51.7       -3812.751       -7603.758   833 360.0000  -0.0000     -1.975 0.121 139 -99.00    0.599
2018-05-16-15:01:43 1.15  Mocks_Mamon/MockNFW1280ellip0.5loga-2.08PA50center0.0_0.0With_background1num48.dat Diff-Evol    1.0e-04 0 1 0 0     NFW        0.0000  -0.0001     -2.575 0.456  50 -99.00   54.5       -3848.574       -7675.399   826   0.0000  -0.0001     -1.850 0.135 137 -99.00    0.604
2018-05-16-15:01:43 1.15  Mocks_Mamon/MockNFW1280ellip0.5loga-2.08PA50center0.0_0.0With_background1num49.dat Diff-Evol    1.0e-04 0 1 0 0     NFW        0.0000   0.0000     -2.574 0.498  49 -99.00   53.7       -3946.304       -7870.831   798   0.0000   0.0000     -1.993 0.143  45 -99.00    0.577
2018-05-16-15:01:43 1.15  Mocks_Mamon/MockNFW1280ellip0.5loga-2.08PA50center0.0_0.0With_background1num50.dat Diff-Evol    1.0e-04 0 1 0 0     NFW      360.0000  -0.0000     -2.576 0.502  52 -99.00   53.9       -3868.178       -7714.617   784 360.0000  -0.0000     -1.897 0.234  37 -99.00    0.570
2018-05-16-15:01:43 1.15  Mocks_Mamon/MockNFW1280ellip0.5loga-2.08PA50center0.0_0.0With_background1num51.dat Diff-Evol    1.0e-04 0 1 0 0     NFW      360.0000  -0.0000     -2.574 0.479  52 -99.00   51.2        -3699.42         -7377.1   610 360.0000  -0.0000     -2.028 0.157  42 -99.00    0.441
2018-05-16-15:01:43 1.15  Mocks_Mamon/MockNFW1280ellip0.5loga-2.08PA50center0.0_0.0With_background1num52.dat Diff-Evol    1.0e-04 0 1 0 0     NFW        0.0000   0.0000     -2.574 0.409  53 -99.00   54.1       -3830.215       -7638.691   458   0.0000   0.0000     -1.892 0.096  40 -99.00    0.331
2018-05-16-15:01:43 1.15  Mocks_Mamon/MockNFW1280ellip0.5loga-2.08PA50center0.0_0.0With_background1num53.dat Diff-Evol    1.0e-04 0 1 0 0     NFW        0.0000  -0.0000     -2.574 0.472  51 -99.00   51.2       -3608.065       -7194.408   715   0.0000  -0.0000     -1.900 0.203  39 -99.00    0.511
2018-05-16-15:01:43 1.15  Mocks_Mamon/MockNFW1280ellip0.5loga-2.08PA50center0.0_0.0With_background1num54.dat Diff-Evol    1.0e-04 0 1 0 0     NFW      360.0000   0.0000     -2.574 0.484  51 -99.00   52.3       -3732.101       -7442.462   638 360.0000   0.0000     -1.938 0.160  37 -99.00    0.463
2018-05-16-15:01:43 1.15  Mocks_Mamon/MockNFW1280ellip0.5loga-2.08PA50center0.0_0.0With_background1num55.dat Diff-Evol    1.0e-04 0 1 0 0     NFW        0.0000   0.0001     -2.575 0.518  48 -99.00   52.3       -3709.044       -7396.331   811   0.0000   0.0001     -1.933 0.219  41 -99.00    0.589
2018-05-16-15:01:43 1.15  Mocks_Mamon/MockNFW1280ellip0.5loga-2.08PA50center0.0_0.0With_background1num56.dat Diff-Evol    1.0e-04 0 1 0 0     NFW        0.0000   0.0000     -2.575 0.496  46 -99.00   52.7       -3682.371       -7342.999   632   0.0000   0.0000     -1.922 0.141 135 -99.00    0.455
2018-05-16-15:01:43 1.15  Mocks_Mamon/MockNFW1280ellip0.5loga-2.08PA50center0.0_0.0With_background1num57.dat Diff-Evol    1.0e-04 0 1 0 0     NFW        0.0000   0.0000     -2.576 0.461  51 -99.00   52.9       -3742.051       -7462.344   652   0.0000   0.0000     -1.915 0.155  36 -99.00    0.473
2018-05-16-15:01:43 1.15  Mocks_Mamon/MockNFW1280ellip0.5loga-2.08PA50center0.0_0.0With_background1num58.dat Diff-Evol    1.0e-04 0 1 0 0     NFW        0.0000  -0.0000     -2.575 0.504  48 -99.00   50.9       -3627.021        -7232.34   722   0.0000  -0.0000     -1.912 0.209 141 -99.00    0.513
2018-05-16-15:01:43 1.15  Mocks_Mamon/MockNFW1280ellip0.5loga-2.08PA50center0.0_0.0With_background1num59.dat Diff-Evol    1.0e-04 0 1 0 0     NFW      360.0000  -0.0000     -2.574 0.434  50 -99.00   52.2       -3713.417       -7405.072   534 360.0000  -0.0000     -1.964 0.147  36 -99.00    0.385
2018-05-16-15:01:43 1.15  Mocks_Mamon/MockNFW1280ellip0.5loga-2.08PA50center0.0_0.0With_background1num60.dat Diff-Evol    1.0e-04 0 1 0 0     NFW      360.0000  -0.0000     -2.566 0.495  49 -99.00   53.0       -3686.978       -7352.202   749 360.0000  -0.0000     -1.918 0.202  37 -99.00    0.545
2018-05-16-15:01:43 1.15  Mocks_Mamon/MockNFW1280ellip0.5loga-2.08PA50center0.0_0.0With_background1num61.dat Diff-Evol    1.0e-04 0 1 0 0     NFW      360.0000  -0.0000     -2.575 0.507  45 -99.00   54.0       -3908.703       -7795.642   714 360.0000  -0.0000     -1.910 0.170 140 -99.00    0.519
2018-05-16-15:01:43 1.15  Mocks_Mamon/MockNFW1280ellip0.5loga-2.08PA50center0.0_0.0With_background1num62.dat Diff-Evol    1.0e-04 0 1 0 0     NFW        0.0000   0.0000     -2.574 0.521  50 -99.00   51.0       -3744.753       -7467.777   888   0.0000   0.0000     -1.981 0.223  42 -99.00    0.641
2018-05-16-15:01:43 1.15  Mocks_Mamon/MockNFW1280ellip0.5loga-2.08PA50center0.0_0.0With_background1num63.dat Diff-Evol    1.0e-04 0 1 0 0     NFW      360.0000  -0.0001     -2.574 0.448  47 -99.00   53.1       -3806.757       -7591.756   735 360.0000  -0.0001     -1.941 0.096  35 -99.00    0.537
2018-05-16-15:01:43 1.15  Mocks_Mamon/MockNFW1280ellip0.5loga-2.08PA50center0.0_0.0With_background1num64.dat Diff-Evol    1.0e-04 0 1 0 0     NFW        0.0000   0.0000     -2.575 0.495  45 -99.00   52.4        -3803.49       -7585.218   631   0.0000   0.0000     -1.989 0.196  41 -99.00    0.454
2018-05-16-15:01:43 1.15  Mocks_Mamon/MockNFW1280ellip0.5loga-2.08PA50center0.0_0.0With_background1num65.dat Diff-Evol    1.0e-04 0 1 0 0     NFW      360.0000  -0.0000     -2.574 0.477  50 -99.00   54.6       -3857.952       -7694.157   797 360.0000  -0.0000     -1.904 0.155  31 -99.00    0.589
2018-05-16-15:01:43 1.15  Mocks_Mamon/MockNFW1280ellip0.5loga-2.08PA50center0.0_0.0With_background1num66.dat Diff-Evol    1.0e-04 0 1 0 0     NFW        0.0001   0.0001     -2.574 0.515  50 -99.00   51.5       -3645.988       -7270.242   833   0.0001   0.0001     -1.935 0.194 135 -99.00    0.599
2018-05-16-15:01:43 1.15  Mocks_Mamon/MockNFW1280ellip0.5loga-2.08PA50center0.0_0.0With_background1num67.dat Diff-Evol    1.0e-04 0 1 0 0     NFW        0.0001   0.0000     -2.575 0.479  50 -99.00   54.1       -3910.645       -7799.518   617   0.0001   0.0000     -1.935 0.169  38 -99.00    0.452
2018-05-16-15:01:43 1.15  Mocks_Mamon/MockNFW1280ellip0.5loga-2.08PA50center0.0_0.0With_background1num68.dat Diff-Evol    1.0e-04 0 1 0 0     NFW        0.0000   0.0000     -2.536 0.465  54 -99.00   54.4       -3669.231       -7316.717   645   0.0000   0.0000     -1.842 0.234  33 -99.00    0.471
2018-05-16-15:01:43 1.15  Mocks_Mamon/MockNFW1280ellip0.5loga-2.08PA50center0.0_0.0With_background1num69.dat Diff-Evol    1.0e-04 0 1 0 0     NFW        0.0000  -0.0000     -2.577 0.453  50 -99.00   51.5       -3628.759       -7235.798   743   0.0000  -0.0000     -1.933 0.161  36 -99.00    0.532
2018-05-16-15:01:43 1.15  Mocks_Mamon/MockNFW1280ellip0.5loga-2.08PA50center0.0_0.0With_background1num70.dat Diff-Evol    1.0e-04 0 1 0 0     NFW      360.0000   0.0000     -2.575 0.481  52 -99.00   52.6       -3742.047        -7462.36   764 360.0000   0.0000     -1.942 0.179 137 -99.00    0.549
2018-05-16-15:01:43 1.15  Mocks_Mamon/MockNFW1280ellip0.5loga-2.08PA50center0.0_0.0With_background1num71.dat Diff-Evol    1.0e-04 0 1 0 0     NFW      360.0000  -0.0000     -2.575 0.486  50 -99.00   49.8       -3555.827       -7089.921   686 360.0000  -0.0000     -1.972 0.190  31 -99.00    0.495
2018-05-16-15:01:43 1.15  Mocks_Mamon/MockNFW1280ellip0.5loga-2.08PA50center0.0_0.0With_background1num72.dat Diff-Evol    1.0e-04 0 1 0 0     NFW      360.0000  -0.0001     -2.574 0.506  53 -99.00   54.1       -3956.608       -7891.476   701 360.0000  -0.0001     -1.955 0.267  32 -99.00    0.509
2018-05-16-15:01:43 1.15  Mocks_Mamon/MockNFW1280ellip0.5loga-2.08PA50center0.0_0.0With_background1num73.dat Diff-Evol    1.0e-04 0 1 0 0     NFW      360.0000  -0.0000     -2.576 0.487  47 -99.00   51.9       -3701.376       -7380.981   812 360.0000  -0.0000     -2.003 0.156  42 -99.00    0.587
2018-05-16-15:01:43 1.15  Mocks_Mamon/MockNFW1280ellip0.5loga-2.08PA50center0.0_0.0With_background1num74.dat Diff-Evol    1.0e-04 0 1 0 0     NFW      360.0000  -0.0000     -2.574 0.460  52 -99.00   52.7       -3774.814       -7527.859   715 360.0000  -0.0000     -1.973 0.133  37 -99.00    0.515
2018-05-16-15:01:43 1.15  Mocks_Mamon/MockNFW1280ellip0.5loga-2.08PA50center0.0_0.0With_background1num75.dat Diff-Evol    1.0e-04 0 1 0 0     NFW      360.0000   0.0000     -2.575 0.468  56 -99.00   52.1        -3683.93       -7346.122   715 360.0000   0.0000     -1.880 0.192  36 -99.00    0.510
2018-05-16-15:01:43 1.15  Mocks_Mamon/MockNFW1280ellip0.5loga-2.08PA50center0.0_0.0With_background1num76.dat Diff-Evol    1.0e-04 0 1 0 0     NFW        0.0000  -0.0000     -2.575 0.504  49 -99.00   53.5       -3813.922       -7606.098   520   0.0000  -0.0000     -1.886 0.227  37 -99.00    0.379
2018-05-16-15:01:43 1.15  Mocks_Mamon/MockNFW1280ellip0.5loga-2.08PA50center0.0_0.0With_background1num77.dat Diff-Evol    1.0e-04 0 1 0 0     NFW        0.0000  -0.0000     -2.575 0.490  48 -99.00   52.9       -3743.954       -7466.202   728   0.0000  -0.0000     -1.897 0.188  37 -99.00    0.529
2018-05-16-15:01:43 1.15  Mocks_Mamon/MockNFW1280ellip0.5loga-2.08PA50center0.0_0.0With_background1num78.dat Diff-Evol    1.0e-04 0 1 0 0     NFW      360.0000  -0.0001     -2.576 0.504  50 -99.00   52.4        -3662.48       -7303.242   888 360.0000  -0.0001     -1.885 0.215  43 -99.00    0.642
2018-05-16-15:01:43 1.15  Mocks_Mamon/MockNFW1280ellip0.5loga-2.08PA50center0.0_0.0With_background1num79.dat Diff-Evol    1.0e-04 0 1 0 0     NFW      359.9999  -0.0000     -2.563 0.493  47 -99.00   53.6        -3710.12       -7398.477   645 359.9999  -0.0000     -1.886 0.257 140 -99.00    0.470
2018-05-16-15:01:43 1.15  Mocks_Mamon/MockNFW1280ellip0.5loga-2.08PA50center0.0_0.0With_background1num80.dat Diff-Evol    1.0e-04 0 1 0 0     NFW        0.0000   0.0000     -2.576 0.526  53 -99.00   53.9       -3929.064        -7836.37   715   0.0000   0.0000     -1.910 0.225  35 -99.00    0.519
2018-05-16-15:01:43 1.15  Mocks_Mamon/MockNFW1280ellip0.5loga-2.08PA50center0.0_0.0With_background1num81.dat Diff-Evol    1.0e-04 0 1 0 0     NFW        0.0000   0.0000     -2.574 0.516  52 -99.00   53.1        -3836.46        -7651.18   715   0.0000   0.0000     -1.894 0.248  43 -99.00    0.516
2018-05-16-15:01:43 1.15  Mocks_Mamon/MockNFW1280ellip0.5loga-2.08PA50center0.0_0.0With_background1num82.dat Diff-Evol    1.0e-04 0 1 0 0     NFW        0.0000   0.0000     -2.575 0.478  48 -99.00   52.8       -3810.566       -7599.396   742   0.0000   0.0000     -1.947 0.156  37 -99.00    0.541
2018-05-16-15:01:43 1.15  Mocks_Mamon/MockNFW1280ellip0.5loga-2.08PA50center0.0_0.0With_background1num83.dat Diff-Evol    1.0e-04 0 1 0 0     NFW        0.0000  -0.0000     -2.575 0.498  58 -99.00   53.1       -3741.921       -7462.093   728   0.0000  -0.0000     -1.875 0.211  33 -99.00    0.532
2018-05-16-15:01:43 1.15  Mocks_Mamon/MockNFW1280ellip0.5loga-2.08PA50center0.0_0.0With_background1num84.dat Diff-Evol    1.0e-04 0 1 0 0     NFW        0.0000  -0.0000     -2.574 0.499  50 -99.00   51.4       -3660.983       -7300.251   694   0.0000  -0.0000     -1.960 0.206 139 -99.00    0.498
2018-05-16-15:01:43 1.15  Mocks_Mamon/MockNFW1280ellip0.5loga-2.08PA50center0.0_0.0With_background1num85.dat Diff-Evol    1.0e-04 0 1 0 0     NFW        0.0000   0.0000     -2.574 0.496  47 -99.00   50.7       -3617.933       -7214.138   597   0.0000   0.0000     -2.005 0.194  37 -99.00    0.427
2018-05-16-15:01:43 1.15  Mocks_Mamon/MockNFW1280ellip0.5loga-2.08PA50center0.0_0.0With_background1num86.dat Diff-Evol    1.0e-04 0 1 0 0     NFW        0.0000  -0.0000     -2.575 0.504  48 -99.00   49.7       -3519.934       -7018.091   624   0.0000  -0.0000     -1.970 0.197 139 -99.00    0.447
2018-05-16-15:01:43 1.15  Mocks_Mamon/MockNFW1280ellip0.5loga-2.08PA50center0.0_0.0With_background1num87.dat Diff-Evol    1.0e-04 0 1 0 0     NFW      360.0000  -0.0000     -2.574 0.484  50 -99.00   53.7       -3802.768       -7583.793   707 360.0000  -0.0000     -1.908 0.185  40 -99.00    0.519
2018-05-16-15:01:43 1.15  Mocks_Mamon/MockNFW1280ellip0.5loga-2.08PA50center0.0_0.0With_background1num88.dat Diff-Evol    1.0e-04 0 1 0 0     NFW      360.0000  -0.0000     -2.574 0.480  55 -99.00   53.1       -3778.984       -7536.197   804 360.0000  -0.0000     -1.918 0.227  35 -99.00    0.588
2018-05-16-15:01:43 1.15  Mocks_Mamon/MockNFW1280ellip0.5loga-2.08PA50center0.0_0.0With_background1num89.dat Diff-Evol    1.0e-04 0 1 0 0     NFW      360.0000  -0.0000     -2.576 0.512  51 -99.00   54.2       -3829.784       -7637.804   791 360.0000  -0.0000     -1.861 0.185  35 -99.00    0.575
2018-05-16-15:01:43 1.15  Mocks_Mamon/MockNFW1280ellip0.5loga-2.08PA50center0.0_0.0With_background1num90.dat Diff-Evol    1.0e-04 0 1 0 0     NFW      360.0000   0.0000     -2.574 0.454  52 -99.00   50.8        -3617.42       -7213.074   735 360.0000   0.0000     -1.990 0.189  30 -99.00    0.524
2018-05-16-15:01:43 1.15  Mocks_Mamon/MockNFW1280ellip0.5loga-2.08PA50center0.0_0.0With_background1num91.dat Diff-Evol    1.0e-04 0 1 0 0     NFW      359.9999  -0.0000     -2.574 0.480  51 -99.00   56.6       -4000.612       -7979.461   610 359.9999  -0.0000     -1.871 0.160  40 -99.00    0.453
2018-05-16-15:01:43 1.15  Mocks_Mamon/MockNFW1280ellip0.5loga-2.08PA50center0.0_0.0With_background1num92.dat Diff-Evol    1.0e-04 0 1 0 0     NFW        0.0000  -0.0000     -2.575 0.489  52 -99.00   51.3        -3698.26       -7374.763   687   0.0000  -0.0000     -1.998 0.183  37 -99.00    0.492
2018-05-16-15:01:43 1.15  Mocks_Mamon/MockNFW1280ellip0.5loga-2.08PA50center0.0_0.0With_background1num93.dat Diff-Evol    1.0e-04 0 1 0 0     NFW      360.0000   0.0000     -2.574 0.512  42 -99.00   52.6       -3836.005       -7650.278   701 360.0000   0.0000     -1.924 0.183 149 -99.00    0.505
2018-05-16-15:01:43 1.15  Mocks_Mamon/MockNFW1280ellip0.5loga-2.08PA50center0.0_0.0With_background1num94.dat Diff-Evol    1.0e-04 0 1 0 0     NFW      360.0000  -0.0000     -2.575 0.518  50 -99.00   51.4       -3699.764       -7377.833   707 360.0000  -0.0000     -1.952 0.220  43 -99.00    0.514
2018-05-16-15:01:43 1.15  Mocks_Mamon/MockNFW1280ellip0.5loga-2.08PA50center0.0_0.0With_background1num95.dat Diff-Evol    1.0e-04 0 1 0 0     NFW      359.9999  -0.0000     -2.574 0.508  48 -99.00   51.5       -3722.434        -7423.13   742 359.9999  -0.0000     -1.940 0.277  42 -99.00    0.538
2018-05-16-15:01:43 1.15  Mocks_Mamon/MockNFW1280ellip0.5loga-2.08PA50center0.0_0.0With_background1num96.dat Diff-Evol    1.0e-04 0 1 0 0     NFW        0.0000   0.0000     -2.575 0.476  50 -99.00   54.1       -3767.735       -7513.708   625   0.0000   0.0000     -1.937 0.173  41 -99.00    0.453
2018-05-16-15:01:43 1.15  Mocks_Mamon/MockNFW1280ellip0.5loga-2.08PA50center0.0_0.0With_background1num97.dat Diff-Evol    1.0e-04 0 1 0 0     NFW        0.0000  -0.0000     -2.575 0.505  47 -99.00   52.4        -3724.28       -7426.795   708   0.0000  -0.0000     -1.893 0.207  42 -99.00    0.510
2018-05-16-15:01:43 1.15  Mocks_Mamon/MockNFW1280ellip0.5loga-2.08PA50center0.0_0.0With_background1num98.dat Diff-Evol    1.0e-04 0 1 0 0     NFW      360.0000  -0.0000     -2.575 0.494  54 -99.00   54.2       -3848.507       -7675.252   714 360.0000  -0.0000     -1.891 0.180  42 -99.00    0.524
2018-05-16-15:01:43 1.15  Mocks_Mamon/MockNFW1280ellip0.5loga-2.08PA50center0.0_0.0With_background1num99.dat Diff-Evol    1.0e-04 0 1 0 0     NFW      360.0000  -0.0000     -2.574 0.379  47 -99.00   50.3       -3535.334       -7048.969   520 360.0000  -0.0000     -1.955 0.069 136 -99.00    0.373
