2018-05-16-15:02:37 1.15  Mocks_Mamon/MockNFW1280ellip0.5loga-2.08PA50center0.0_0.0With_background1num0.dat Nelder-Mead  1.0e-04 0 1 0 0     NFW      360.0000  -0.0000     -2.006 0.208  39 -99.00   91.1       -3726.546       -7431.353   243 360.0000  -0.0000     -1.910 0.208  39 -99.00    0.086
2018-05-16-15:02:37 1.15  Mocks_Mamon/MockNFW1280ellip0.5loga-2.08PA50center0.0_0.0With_background1num1.dat Nelder-Mead  1.0e-04 0 1 0 0     NFW      360.0000  -0.0000     -2.047 0.237  38 -99.00   84.7       -3652.005       -7282.265   243 360.0000  -0.0000     -1.949 0.237  38 -99.00    0.092
2018-05-16-15:02:37 1.15  Mocks_Mamon/MockNFW1280ellip0.5loga-2.08PA50center0.0_0.0With_background1num2.dat Nelder-Mead  1.0e-04 0 1 0 0     NFW        0.0000   0.0000     -1.996 0.123  23 -99.00   93.6       -3798.903       -7576.069   243   0.0000   0.0000     -1.901 0.123  23 -99.00    0.088
2018-05-16-15:02:37 1.15  Mocks_Mamon/MockNFW1280ellip0.5loga-2.08PA50center0.0_0.0With_background1num3.dat Nelder-Mead  1.0e-04 0 1 0 0     NFW        0.0000   0.0000     -2.040 0.211  40 -99.00   87.2       -3785.052       -7548.367   243   0.0000   0.0000     -1.943 0.211  40 -99.00    0.088
2018-05-16-15:02:37 1.15  Mocks_Mamon/MockNFW1280ellip0.5loga-2.08PA50center0.0_0.0With_background1num4.dat Nelder-Mead  1.0e-04 0 1 0 0     NFW      360.0000   0.0000     -1.987 0.182  37 -99.00   92.0       -3685.592       -7349.421   243 360.0000   0.0000     -1.892 0.182  37 -99.00    0.087
2018-05-16-15:02:37 1.15  Mocks_Mamon/MockNFW1280ellip0.5loga-2.08PA50center0.0_0.0With_background1num5.dat Nelder-Mead  1.0e-04 0 1 0 0     NFW        0.0000   0.0000     -2.023 0.171  38 -99.00   86.0       -3596.593        -7171.46   243   0.0000   0.0000     -1.927 0.171  38 -99.00    0.087
2018-05-16-15:02:37 1.15  Mocks_Mamon/MockNFW1280ellip0.5loga-2.08PA50center0.0_0.0With_background1num6.dat Nelder-Mead  1.0e-04 0 1 0 0     NFW        0.0000   0.0000     -2.021 0.213  36 -99.00   91.4       -3884.536        -7747.33   243   0.0000   0.0000     -1.925 0.213  36 -99.00    0.089
2018-05-16-15:02:37 1.15  Mocks_Mamon/MockNFW1280ellip0.5loga-2.08PA50center0.0_0.0With_background1num7.dat Nelder-Mead  1.0e-04 0 1 0 0     NFW        0.0000   0.0000     -2.015 0.195  35 -99.00   86.2        -3537.42       -7053.124   243   0.0000   0.0000     -1.919 0.195  35 -99.00    0.085
2018-05-16-15:02:37 1.15  Mocks_Mamon/MockNFW1280ellip0.5loga-2.08PA50center0.0_0.0With_background1num8.dat Nelder-Mead  1.0e-04 0 1 0 0     NFW      360.0000  -0.0000     -2.068 0.217 141 -99.00   83.3       -3661.258        -7300.77   243 360.0000  -0.0000     -1.969 0.217 141 -99.00    0.086
2018-05-16-15:02:37 1.15  Mocks_Mamon/MockNFW1280ellip0.5loga-2.08PA50center0.0_0.0With_background1num9.dat Nelder-Mead  1.0e-04 0 1 0 0     NFW        0.0000   0.0000     -2.070 0.195  35 -99.00   84.0       -3748.887       -7476.039   243   0.0000   0.0000     -1.972 0.195  35 -99.00    0.087
2018-05-16-15:02:37 1.15  Mocks_Mamon/MockNFW1280ellip0.5loga-2.08PA50center0.0_0.0With_background1num10.dat Nelder-Mead  1.0e-04 0 1 0 0     NFW      360.0000  -0.0000     -2.038 0.180  36 -99.00   85.9       -3670.295       -7318.851   243 360.0000  -0.0000     -1.941 0.180  36 -99.00    0.086
2018-05-16-15:02:37 1.15  Mocks_Mamon/MockNFW1280ellip0.5loga-2.08PA50center0.0_0.0With_background1num11.dat Nelder-Mead  1.0e-04 0 1 0 0     NFW        0.0000  -0.0000     -2.018 0.142 141 -99.00   87.7       -3569.276        -7116.82   243   0.0000  -0.0000     -1.922 0.142 141 -99.00    0.086
2018-05-16-15:02:37 1.15  Mocks_Mamon/MockNFW1280ellip0.5loga-2.08PA50center0.0_0.0With_background1num12.dat Nelder-Mead  1.0e-04 0 1 0 0     NFW      360.0000   0.0000     -1.942 0.169  39 -99.00  101.3       -3839.661       -7657.574   243 360.0000   0.0000     -1.850 0.169  39 -99.00    0.090
2018-05-16-15:02:37 1.15  Mocks_Mamon/MockNFW1280ellip0.5loga-2.08PA50center0.0_0.0With_background1num13.dat Nelder-Mead  1.0e-04 0 1 0 0     NFW      360.0000   0.0000     -1.973 0.205  44 -99.00   90.4       -3478.085       -6934.395   243 360.0000   0.0000     -1.879 0.205  44 -99.00    0.086
2018-05-16-15:02:37 1.15  Mocks_Mamon/MockNFW1280ellip0.5loga-2.08PA50center0.0_0.0With_background1num14.dat Nelder-Mead  1.0e-04 0 1 0 0     NFW      360.0000   0.0000     -2.054 0.193  38 -99.00   85.3        -3659.07       -7296.406   243 360.0000   0.0000     -1.956 0.193  38 -99.00    0.086
2018-05-16-15:02:37 1.15  Mocks_Mamon/MockNFW1280ellip0.5loga-2.08PA50center0.0_0.0With_background1num15.dat Nelder-Mead  1.0e-04 0 1 0 0     NFW      360.0000  -0.0000     -2.044 0.155  45 -99.00   85.6       -3689.182       -7356.616   243 360.0000  -0.0000     -1.947 0.155  45 -99.00    0.087
2018-05-16-15:02:37 1.15  Mocks_Mamon/MockNFW1280ellip0.5loga-2.08PA50center0.0_0.0With_background1num16.dat Nelder-Mead  1.0e-04 0 1 0 0     NFW        0.0000  -0.0000     -1.985 0.267 135 -99.00   92.0        -3571.28       -7120.836   243   0.0000  -0.0000     -1.890 0.267 135 -99.00    0.086
2018-05-16-15:02:37 1.15  Mocks_Mamon/MockNFW1280ellip0.5loga-2.08PA50center0.0_0.0With_background1num17.dat Nelder-Mead  1.0e-04 0 1 0 0     NFW      360.0000  -0.0000     -2.050 0.117  45 -99.00   86.1       -3747.695       -7473.622   243 360.0000  -0.0000     -1.952 0.117  45 -99.00    0.086
2018-05-16-15:02:37 1.15  Mocks_Mamon/MockNFW1280ellip0.5loga-2.08PA50center0.0_0.0With_background1num18.dat Nelder-Mead  1.0e-04 0 1 0 0     NFW        0.0000   0.0000     -2.040 0.205  31 -99.00   86.1       -3721.385       -7421.031   243   0.0000   0.0000     -1.943 0.205  31 -99.00    0.087
2018-05-16-15:02:37 1.15  Mocks_Mamon/MockNFW1280ellip0.5loga-2.08PA50center0.0_0.0With_background1num19.dat Nelder-Mead  1.0e-04 0 1 0 0     NFW        0.0000   0.0000     -2.035 0.152 143 -99.00   83.2       -3414.999       -6808.275   243   0.0000   0.0000     -1.938 0.152 143 -99.00    0.087
2018-05-16-15:02:37 1.15  Mocks_Mamon/MockNFW1280ellip0.5loga-2.08PA50center0.0_0.0With_background1num20.dat Nelder-Mead  1.0e-04 0 1 0 0     NFW        0.0000  -0.0000     -1.992 0.236  44 -99.00   92.2       -3716.138        -7410.51   243   0.0000  -0.0000     -1.897 0.236  44 -99.00    0.087
2018-05-16-15:02:37 1.15  Mocks_Mamon/MockNFW1280ellip0.5loga-2.08PA50center0.0_0.0With_background1num21.dat Nelder-Mead  1.0e-04 0 1 0 0     NFW        0.0000   0.0000     -2.024 0.144  35 -99.00   89.0       -3727.046       -7432.342   243   0.0000   0.0000     -1.927 0.144  35 -99.00    0.087
2018-05-16-15:02:37 1.15  Mocks_Mamon/MockNFW1280ellip0.5loga-2.08PA50center0.0_0.0With_background1num22.dat Nelder-Mead  1.0e-04 0 1 0 0     NFW      360.0000  -0.0000     -2.055 0.192  37 -99.00   82.6       -3619.184       -7216.623   243 360.0000  -0.0000     -1.957 0.192  37 -99.00    0.086
2018-05-16-15:02:37 1.15  Mocks_Mamon/MockNFW1280ellip0.5loga-2.08PA50center0.0_0.0With_background1num23.dat Nelder-Mead  1.0e-04 0 1 0 0     NFW      359.9999  -0.0000     -1.946 0.279  42 -99.00   95.1       -3568.204       -7114.665   243 359.9999  -0.0000     -1.853 0.279  42 -99.00    0.086
2018-05-16-15:02:37 1.15  Mocks_Mamon/MockNFW1280ellip0.5loga-2.08PA50center0.0_0.0With_background1num24.dat Nelder-Mead  1.0e-04 0 1 0 0     NFW      360.0000   0.0000     -1.975 0.222  39 -99.00   96.1       -3778.658       -7535.541   243 360.0000   0.0000     -1.881 0.222  39 -99.00    0.089
2018-05-16-15:02:37 1.15  Mocks_Mamon/MockNFW1280ellip0.5loga-2.08PA50center0.0_0.0With_background1num25.dat Nelder-Mead  1.0e-04 0 1 0 0     NFW        0.0000  -0.0000     -1.989 0.186  36 -99.00   87.8       -3464.304       -6906.862   243   0.0000  -0.0000     -1.895 0.186  36 -99.00    0.087
2018-05-16-15:02:37 1.15  Mocks_Mamon/MockNFW1280ellip0.5loga-2.08PA50center0.0_0.0With_background1num26.dat Nelder-Mead  1.0e-04 0 1 0 0     NFW        0.0000   0.0000     -2.064 0.221 136 -99.00   84.2       -3672.747       -7323.754   243   0.0000   0.0000     -1.966 0.221 136 -99.00    0.085
2018-05-16-15:02:37 1.15  Mocks_Mamon/MockNFW1280ellip0.5loga-2.08PA50center0.0_0.0With_background1num27.dat Nelder-Mead  1.0e-04 0 1 0 0     NFW      360.0000   0.0000     -1.934 0.212  40 -99.00  100.2       -3735.301       -7448.879   243 360.0000   0.0000     -1.842 0.212  40 -99.00    0.087
2018-05-16-15:02:37 1.15  Mocks_Mamon/MockNFW1280ellip0.5loga-2.08PA50center0.0_0.0With_background1num28.dat Nelder-Mead  1.0e-04 0 1 0 0     NFW      360.0000   0.0000     -1.952 0.241  35 -99.00   98.5       -3788.378       -7554.992   243 360.0000   0.0000     -1.859 0.241  35 -99.00    0.088
2018-05-16-15:02:37 1.15  Mocks_Mamon/MockNFW1280ellip0.5loga-2.08PA50center0.0_0.0With_background1num29.dat Nelder-Mead  1.0e-04 0 1 0 0     NFW      360.0000   0.0000     -1.994 0.201  43 -99.00   90.7       -3634.689        -7247.63   243 360.0000   0.0000     -1.899 0.201  43 -99.00    0.086
2018-05-16-15:02:37 1.15  Mocks_Mamon/MockNFW1280ellip0.5loga-2.08PA50center0.0_0.0With_background1num30.dat Nelder-Mead  1.0e-04 0 1 0 0     NFW        0.0000  -0.0000     -2.031 0.154  41 -99.00   88.2       -3717.894       -7414.018   243   0.0000  -0.0000     -1.934 0.154  41 -99.00    0.088
2018-05-16-15:02:37 1.15  Mocks_Mamon/MockNFW1280ellip0.5loga-2.08PA50center0.0_0.0With_background1num31.dat Nelder-Mead  1.0e-04 0 1 0 0     NFW      359.9999  -0.0000     -2.023 0.231  34 -99.00   87.2        -3641.66       -7261.604   243 359.9999  -0.0000     -1.926 0.231  34 -99.00    0.086
2018-05-16-15:02:37 1.15  Mocks_Mamon/MockNFW1280ellip0.5loga-2.08PA50center0.0_0.0With_background1num32.dat Nelder-Mead  1.0e-04 0 1 0 0     NFW        0.0000   0.0000     -2.097 0.201  32 -99.00   77.9       -3546.278       -7070.804   243   0.0000   0.0000     -1.997 0.201  32 -99.00    0.086
2018-05-16-15:02:37 1.15  Mocks_Mamon/MockNFW1280ellip0.5loga-2.08PA50center0.0_0.0With_background1num33.dat Nelder-Mead  1.0e-04 0 1 0 0     NFW        0.0000  -0.0000     -2.005 0.134  22 -99.00   89.8       -3636.338       -7250.917   243   0.0000  -0.0000     -1.910 0.134  22 -99.00    0.086
2018-05-16-15:02:37 1.15  Mocks_Mamon/MockNFW1280ellip0.5loga-2.08PA50center0.0_0.0With_background1num34.dat Nelder-Mead  1.0e-04 0 1 0 0     NFW        0.0000  -0.0000     -2.070 0.165  44 -99.00   80.0       -3587.871       -7154.039   243   0.0000  -0.0000     -1.972 0.165  44 -99.00    0.087
2018-05-16-15:02:37 1.15  Mocks_Mamon/MockNFW1280ellip0.5loga-2.08PA50center0.0_0.0With_background1num35.dat Nelder-Mead  1.0e-04 0 1 0 0     NFW        0.0000   0.0000     -1.975 0.202  44 -99.00   93.8       -3675.934       -7330.109   243   0.0000   0.0000     -1.881 0.202  44 -99.00    0.091
2018-05-16-15:02:37 1.15  Mocks_Mamon/MockNFW1280ellip0.5loga-2.08PA50center0.0_0.0With_background1num36.dat Nelder-Mead  1.0e-04 0 1 0 0     NFW        0.0000  -0.0000     -2.028 0.177 136 -99.00   85.3       -3501.136       -6980.504   243   0.0000  -0.0000     -1.932 0.177 136 -99.00    0.086
2018-05-16-15:02:37 1.15  Mocks_Mamon/MockNFW1280ellip0.5loga-2.08PA50center0.0_0.0With_background1num37.dat Nelder-Mead  1.0e-04 0 1 0 0     NFW      360.0000   0.0000     -2.033 0.187  44 -99.00   84.4       -3491.651       -6961.547   243 360.0000   0.0000     -1.936 0.187  44 -99.00    0.089
2018-05-16-15:02:37 1.15  Mocks_Mamon/MockNFW1280ellip0.5loga-2.08PA50center0.0_0.0With_background1num38.dat Nelder-Mead  1.0e-04 0 1 0 0     NFW        0.0000   0.0000     -2.057 0.185  38 -99.00   82.7        -3587.06       -7152.355   243   0.0000   0.0000     -1.959 0.185  38 -99.00    0.091
2018-05-16-15:02:37 1.15  Mocks_Mamon/MockNFW1280ellip0.5loga-2.08PA50center0.0_0.0With_background1num39.dat Nelder-Mead  1.0e-04 0 1 0 0     NFW        0.0000   0.0000     -2.028 0.194  43 -99.00   89.1       -3833.932       -7646.098   243   0.0000   0.0000     -1.931 0.194  43 -99.00    0.087
2018-05-16-15:02:37 1.15  Mocks_Mamon/MockNFW1280ellip0.5loga-2.08PA50center0.0_0.0With_background1num40.dat Nelder-Mead  1.0e-04 0 1 0 0     NFW        0.0000  -0.0000     -1.949 0.141  36 -99.00   97.3       -3657.352       -7292.947   243   0.0000  -0.0000     -1.857 0.141  36 -99.00    0.087
2018-05-16-15:02:37 1.15  Mocks_Mamon/MockNFW1280ellip0.5loga-2.08PA50center0.0_0.0With_background1num41.dat Nelder-Mead  1.0e-04 0 1 0 0     NFW      360.0000  -0.0000     -2.043 0.243  35 -99.00   87.5       -3805.017       -7588.273   243 360.0000  -0.0000     -1.946 0.243  35 -99.00    0.087
2018-05-16-15:02:37 1.15  Mocks_Mamon/MockNFW1280ellip0.5loga-2.08PA50center0.0_0.0With_background1num42.dat Nelder-Mead  1.0e-04 0 1 0 0     NFW      360.0000  -0.0000     -2.014 0.169  40 -99.00   89.3       -3642.084       -7262.457   243 360.0000  -0.0000     -1.918 0.169  40 -99.00    0.087
2018-05-16-15:02:37 1.15  Mocks_Mamon/MockNFW1280ellip0.5loga-2.08PA50center0.0_0.0With_background1num43.dat Nelder-Mead  1.0e-04 0 1 0 0     NFW      360.0000  -0.0000     -2.018 0.175  42 -99.00   87.6       -3632.196       -7242.644   243 360.0000  -0.0000     -1.922 0.175  42 -99.00    0.088
2018-05-16-15:02:37 1.15  Mocks_Mamon/MockNFW1280ellip0.5loga-2.08PA50center0.0_0.0With_background1num44.dat Nelder-Mead  1.0e-04 0 1 0 0     NFW      360.0000  -0.0000     -1.985 0.115 139 -99.00   93.4       -3689.836       -7357.942   243 360.0000  -0.0000     -1.890 0.115 139 -99.00    0.087
2018-05-16-15:02:37 1.15  Mocks_Mamon/MockNFW1280ellip0.5loga-2.08PA50center0.0_0.0With_background1num45.dat Nelder-Mead  1.0e-04 0 1 0 0     NFW        0.0000  -0.0000     -2.018 0.175  40 -99.00   92.3       -3921.017       -7820.262   243   0.0000  -0.0000     -1.922 0.175  40 -99.00    0.089
2018-05-16-15:02:37 1.15  Mocks_Mamon/MockNFW1280ellip0.5loga-2.08PA50center0.0_0.0With_background1num46.dat Nelder-Mead  1.0e-04 0 1 0 0     NFW        0.0000   0.0000     -2.084 0.101  36 -99.00   79.6       -3561.674       -7101.596   243   0.0000   0.0000     -1.985 0.101  36 -99.00    0.086
2018-05-16-15:02:37 1.15  Mocks_Mamon/MockNFW1280ellip0.5loga-2.08PA50center0.0_0.0With_background1num47.dat Nelder-Mead  1.0e-04 0 1 0 0     NFW      360.0000  -0.0000     -2.073 0.121 139 -99.00   81.2       -3657.666       -7293.589   243 360.0000  -0.0000     -1.975 0.121 139 -99.00    0.086
2018-05-16-15:02:37 1.15  Mocks_Mamon/MockNFW1280ellip0.5loga-2.08PA50center0.0_0.0With_background1num48.dat Nelder-Mead  1.0e-04 0 1 0 0     NFW        0.0000  -0.0001     -1.942 0.135 137 -99.00   99.5       -3702.092       -7382.434   243   0.0000  -0.0001     -1.850 0.135 137 -99.00    0.087
2018-05-16-15:02:37 1.15  Mocks_Mamon/MockNFW1280ellip0.5loga-2.08PA50center0.0_0.0With_background1num49.dat Nelder-Mead  1.0e-04 0 1 0 0     NFW        0.0000   0.0000     -2.092 0.143  45 -99.00   82.6       -3832.796       -7643.815   243   0.0000   0.0000     -1.993 0.143  45 -99.00    0.089
2018-05-16-15:02:37 1.15  Mocks_Mamon/MockNFW1280ellip0.5loga-2.08PA50center0.0_0.0With_background1num50.dat Nelder-Mead  1.0e-04 0 1 0 0     NFW      360.0000  -0.0000     -1.992 0.234  37 -99.00   92.8       -3760.486       -7499.233   243 360.0000  -0.0000     -1.897 0.234  37 -99.00    0.087
2018-05-16-15:02:37 1.15  Mocks_Mamon/MockNFW1280ellip0.5loga-2.08PA50center0.0_0.0With_background1num51.dat Nelder-Mead  1.0e-04 0 1 0 0     NFW      360.0000  -0.0000     -2.130 0.157  42 -99.00   75.7         -3612.5       -7203.259   243 360.0000  -0.0000     -2.028 0.157  42 -99.00    0.088
2018-05-16-15:02:37 1.15  Mocks_Mamon/MockNFW1280ellip0.5loga-2.08PA50center0.0_0.0With_background1num52.dat Nelder-Mead  1.0e-04 0 1 0 0     NFW        0.0000   0.0000     -1.986 0.096  40 -99.00   93.7       -3729.263       -7436.787   243   0.0000   0.0000     -1.892 0.096  40 -99.00    0.086
2018-05-16-15:02:37 1.15  Mocks_Mamon/MockNFW1280ellip0.5loga-2.08PA50center0.0_0.0With_background1num53.dat Nelder-Mead  1.0e-04 0 1 0 0     NFW        0.0000  -0.0000     -1.995 0.203  39 -99.00   87.8       -3525.121        -7028.52   243   0.0000  -0.0000     -1.900 0.203  39 -99.00    0.085
2018-05-16-15:02:37 1.15  Mocks_Mamon/MockNFW1280ellip0.5loga-2.08PA50center0.0_0.0With_background1num54.dat Nelder-Mead  1.0e-04 0 1 0 0     NFW      360.0000   0.0000     -2.035 0.160  37 -99.00   85.6       -3632.547       -7243.354   243 360.0000   0.0000     -1.938 0.160  37 -99.00    0.087
2018-05-16-15:02:37 1.15  Mocks_Mamon/MockNFW1280ellip0.5loga-2.08PA50center0.0_0.0With_background1num55.dat Nelder-Mead  1.0e-04 0 1 0 0     NFW        0.0000   0.0001     -2.029 0.219  41 -99.00   86.3        -3615.65       -7209.543   243   0.0000   0.0001     -1.933 0.219  41 -99.00    0.085
2018-05-16-15:02:37 1.15  Mocks_Mamon/MockNFW1280ellip0.5loga-2.08PA50center0.0_0.0With_background1num56.dat Nelder-Mead  1.0e-04 0 1 0 0     NFW        0.0000   0.0000     -2.018 0.141 135 -99.00   88.1       -3534.662        -7047.58   243   0.0000   0.0000     -1.922 0.141 135 -99.00    0.088
2018-05-16-15:02:37 1.15  Mocks_Mamon/MockNFW1280ellip0.5loga-2.08PA50center0.0_0.0With_background1num57.dat Nelder-Mead  1.0e-04 0 1 0 0     NFW        0.0000   0.0000     -2.011 0.155  36 -99.00   89.2       -3649.716       -7277.673   243   0.0000   0.0000     -1.915 0.155  36 -99.00    0.088
2018-05-16-15:02:37 1.15  Mocks_Mamon/MockNFW1280ellip0.5loga-2.08PA50center0.0_0.0With_background1num58.dat Nelder-Mead  1.0e-04 0 1 0 0     NFW        0.0000  -0.0000     -2.008 0.209 141 -99.00   86.1       -3461.481        -6901.26   243   0.0000  -0.0000     -1.912 0.209 141 -99.00    0.086
2018-05-16-15:02:37 1.15  Mocks_Mamon/MockNFW1280ellip0.5loga-2.08PA50center0.0_0.0With_background1num59.dat Nelder-Mead  1.0e-04 0 1 0 0     NFW      360.0000  -0.0000     -2.063 0.147  36 -99.00   83.0       -3628.045       -7234.328   243 360.0000  -0.0000     -1.964 0.147  36 -99.00    0.086
2018-05-16-15:02:37 1.15  Mocks_Mamon/MockNFW1280ellip0.5loga-2.08PA50center0.0_0.0With_background1num60.dat Nelder-Mead  1.0e-04 0 1 0 0     NFW      360.0000  -0.0000     -2.014 0.202  37 -99.00   88.4       -3603.704       -7185.654   243 360.0000  -0.0000     -1.918 0.202  37 -99.00    0.087
2018-05-16-15:02:37 1.15  Mocks_Mamon/MockNFW1280ellip0.5loga-2.08PA50center0.0_0.0With_background1num61.dat Nelder-Mead  1.0e-04 0 1 0 0     NFW      360.0000  -0.0000     -2.006 0.170 140 -99.00   91.5       -3721.924       -7422.082   243 360.0000  -0.0000     -1.910 0.170 140 -99.00    0.087
2018-05-16-15:02:37 1.15  Mocks_Mamon/MockNFW1280ellip0.5loga-2.08PA50center0.0_0.0With_background1num62.dat Nelder-Mead  1.0e-04 0 1 0 0     NFW        0.0000   0.0000     -2.080 0.223  42 -99.00   79.5       -3642.672       -7263.616   243   0.0000   0.0000     -1.981 0.223  42 -99.00    0.087
2018-05-16-15:02:37 1.15  Mocks_Mamon/MockNFW1280ellip0.5loga-2.08PA50center0.0_0.0With_background1num63.dat Nelder-Mead  1.0e-04 0 1 0 0     NFW      360.0000  -0.0001     -2.038 0.096  35 -99.00   86.6       -3702.348       -7382.938   243 360.0000  -0.0001     -1.941 0.096  35 -99.00    0.086
2018-05-16-15:02:37 1.15  Mocks_Mamon/MockNFW1280ellip0.5loga-2.08PA50center0.0_0.0With_background1num64.dat Nelder-Mead  1.0e-04 0 1 0 0     NFW        0.0000   0.0000     -2.088 0.196  41 -99.00   81.0       -3709.818       -7397.874   243   0.0000   0.0000     -1.989 0.196  41 -99.00    0.086
2018-05-16-15:02:37 1.15  Mocks_Mamon/MockNFW1280ellip0.5loga-2.08PA50center0.0_0.0With_background1num65.dat Nelder-Mead  1.0e-04 0 1 0 0     NFW      360.0000  -0.0000     -1.999 0.155  31 -99.00   93.3       -3750.809        -7479.87   243 360.0000  -0.0000     -1.904 0.155  31 -99.00    0.087
2018-05-16-15:02:37 1.15  Mocks_Mamon/MockNFW1280ellip0.5loga-2.08PA50center0.0_0.0With_background1num66.dat Nelder-Mead  1.0e-04 0 1 0 0     NFW        0.0001   0.0001     -2.032 0.194 135 -99.00   84.7       -3479.592        -6937.45   243   0.0001   0.0001     -1.935 0.194 135 -99.00    0.085
2018-05-16-15:02:37 1.15  Mocks_Mamon/MockNFW1280ellip0.5loga-2.08PA50center0.0_0.0With_background1num67.dat Nelder-Mead  1.0e-04 0 1 0 0     NFW        0.0001   0.0000     -2.032 0.169  38 -99.00   89.1        -3801.48       -7581.186   243   0.0001   0.0000     -1.935 0.169  38 -99.00    0.087
2018-05-16-15:02:37 1.15  Mocks_Mamon/MockNFW1280ellip0.5loga-2.08PA50center0.0_0.0With_background1num68.dat Nelder-Mead  1.0e-04 0 1 0 0     NFW        0.0000   0.0000     -1.934 0.234  33 -99.00   97.5       -3582.075       -7142.404   243   0.0000   0.0000     -1.842 0.234  33 -99.00    0.087
2018-05-16-15:02:37 1.15  Mocks_Mamon/MockNFW1280ellip0.5loga-2.08PA50center0.0_0.0With_background1num69.dat Nelder-Mead  1.0e-04 0 1 0 0     NFW        0.0000  -0.0000     -2.029 0.161  36 -99.00   85.1        -3549.61       -7077.501   243   0.0000  -0.0000     -1.933 0.161  36 -99.00    0.086
2018-05-16-15:02:37 1.15  Mocks_Mamon/MockNFW1280ellip0.5loga-2.08PA50center0.0_0.0With_background1num70.dat Nelder-Mead  1.0e-04 0 1 0 0     NFW      360.0000   0.0000     -2.039 0.179 137 -99.00   85.9       -3588.657       -7155.579   243 360.0000   0.0000     -1.942 0.179 137 -99.00    0.088
2018-05-16-15:02:37 1.15  Mocks_Mamon/MockNFW1280ellip0.5loga-2.08PA50center0.0_0.0With_background1num71.dat Nelder-Mead  1.0e-04 0 1 0 0     NFW      360.0000  -0.0000     -2.071 0.190  31 -99.00   78.4       -3467.801        -6913.87   243 360.0000  -0.0000     -1.972 0.190  31 -99.00    0.085
2018-05-16-15:02:37 1.15  Mocks_Mamon/MockNFW1280ellip0.5loga-2.08PA50center0.0_0.0With_background1num72.dat Nelder-Mead  1.0e-04 0 1 0 0     NFW      360.0000  -0.0001     -2.053 0.267  32 -99.00   86.8       -3844.788       -7667.834   243 360.0000  -0.0001     -1.955 0.267  32 -99.00    0.086
2018-05-16-15:02:37 1.15  Mocks_Mamon/MockNFW1280ellip0.5loga-2.08PA50center0.0_0.0With_background1num73.dat Nelder-Mead  1.0e-04 0 1 0 0     NFW      360.0000  -0.0000     -2.103 0.156  42 -99.00   79.0       -3612.828       -7203.884   243 360.0000  -0.0000     -2.003 0.156  42 -99.00    0.086
2018-05-16-15:02:37 1.15  Mocks_Mamon/MockNFW1280ellip0.5loga-2.08PA50center0.0_0.0With_background1num74.dat Nelder-Mead  1.0e-04 0 1 0 0     NFW      360.0000  -0.0000     -2.072 0.133  37 -99.00   82.9       -3678.571       -7335.374   243 360.0000  -0.0000     -1.973 0.133  37 -99.00    0.087
2018-05-16-15:02:37 1.15  Mocks_Mamon/MockNFW1280ellip0.5loga-2.08PA50center0.0_0.0With_background1num75.dat Nelder-Mead  1.0e-04 0 1 0 0     NFW      360.0000   0.0000     -1.974 0.192  36 -99.00   91.5        -3584.31       -7146.881   243 360.0000   0.0000     -1.880 0.192  36 -99.00    0.088
2018-05-16-15:02:37 1.15  Mocks_Mamon/MockNFW1280ellip0.5loga-2.08PA50center0.0_0.0With_background1num76.dat Nelder-Mead  1.0e-04 0 1 0 0     NFW        0.0000  -0.0000     -1.980 0.227  37 -99.00   93.5       -3713.006       -7404.267   243   0.0000  -0.0000     -1.886 0.227  37 -99.00    0.089
2018-05-16-15:02:37 1.15  Mocks_Mamon/MockNFW1280ellip0.5loga-2.08PA50center0.0_0.0With_background1num77.dat Nelder-Mead  1.0e-04 0 1 0 0     NFW        0.0000  -0.0000     -1.992 0.188  37 -99.00   91.0       -3645.452       -7269.198   243   0.0000  -0.0000     -1.897 0.188  37 -99.00    0.086
2018-05-16-15:02:37 1.15  Mocks_Mamon/MockNFW1280ellip0.5loga-2.08PA50center0.0_0.0With_background1num78.dat Nelder-Mead  1.0e-04 0 1 0 0     NFW      360.0000  -0.0001     -1.979 0.215  43 -99.00   91.7       -3571.372       -7121.026   243 360.0000  -0.0001     -1.885 0.215  43 -99.00    0.085
2018-05-16-15:02:37 1.15  Mocks_Mamon/MockNFW1280ellip0.5loga-2.08PA50center0.0_0.0With_background1num79.dat Nelder-Mead  1.0e-04 0 1 0 0     NFW      359.9999  -0.0000     -1.981 0.257 140 -99.00   92.6       -3532.475       -7043.188   243 359.9999  -0.0000     -1.886 0.257 140 -99.00    0.088
2018-05-16-15:02:37 1.15  Mocks_Mamon/MockNFW1280ellip0.5loga-2.08PA50center0.0_0.0With_background1num80.dat Nelder-Mead  1.0e-04 0 1 0 0     NFW        0.0000   0.0000     -2.005 0.225  35 -99.00   91.4       -3804.242       -7586.726   243   0.0000   0.0000     -1.910 0.225  35 -99.00    0.087
2018-05-16-15:02:37 1.15  Mocks_Mamon/MockNFW1280ellip0.5loga-2.08PA50center0.0_0.0With_background1num81.dat Nelder-Mead  1.0e-04 0 1 0 0     NFW        0.0000   0.0000     -1.989 0.248  43 -99.00   91.7       -3728.058       -7434.377   243   0.0000   0.0000     -1.894 0.248  43 -99.00    0.088
2018-05-16-15:02:37 1.15  Mocks_Mamon/MockNFW1280ellip0.5loga-2.08PA50center0.0_0.0With_background1num82.dat Nelder-Mead  1.0e-04 0 1 0 0     NFW        0.0000   0.0000     -2.045 0.156  37 -99.00   85.6       -3707.981       -7394.227   243   0.0000   0.0000     -1.947 0.156  37 -99.00    0.087
2018-05-16-15:02:37 1.15  Mocks_Mamon/MockNFW1280ellip0.5loga-2.08PA50center0.0_0.0With_background1num83.dat Nelder-Mead  1.0e-04 0 1 0 0     NFW        0.0000  -0.0000     -1.969 0.211  33 -99.00   93.8       -3633.598       -7245.446   243   0.0000  -0.0000     -1.875 0.211  33 -99.00    0.087
2018-05-16-15:02:37 1.15  Mocks_Mamon/MockNFW1280ellip0.5loga-2.08PA50center0.0_0.0With_background1num84.dat Nelder-Mead  1.0e-04 0 1 0 0     NFW        0.0000  -0.0000     -2.058 0.206 139 -99.00   82.0       -3503.292       -6984.869   243   0.0000  -0.0000     -1.960 0.206 139 -99.00    0.086
2018-05-16-15:02:37 1.15  Mocks_Mamon/MockNFW1280ellip0.5loga-2.08PA50center0.0_0.0With_background1num85.dat Nelder-Mead  1.0e-04 0 1 0 0     NFW        0.0000   0.0000     -2.105 0.194  37 -99.00   77.0       -3535.179        -7048.63   243   0.0000   0.0000     -2.005 0.194  37 -99.00    0.085
2018-05-16-15:02:37 1.15  Mocks_Mamon/MockNFW1280ellip0.5loga-2.08PA50center0.0_0.0With_background1num86.dat Nelder-Mead  1.0e-04 0 1 0 0     NFW        0.0000  -0.0000     -2.068 0.197 139 -99.00   78.6       -3364.598       -6707.419   243   0.0000  -0.0000     -1.970 0.197 139 -99.00    0.086
2018-05-16-15:02:37 1.15  Mocks_Mamon/MockNFW1280ellip0.5loga-2.08PA50center0.0_0.0With_background1num87.dat Nelder-Mead  1.0e-04 0 1 0 0     NFW      360.0000  -0.0000     -2.003 0.185  40 -99.00   91.1         -3705.8       -7389.858   243 360.0000  -0.0000     -1.908 0.185  40 -99.00    0.091
2018-05-16-15:02:37 1.15  Mocks_Mamon/MockNFW1280ellip0.5loga-2.08PA50center0.0_0.0With_background1num88.dat Nelder-Mead  1.0e-04 0 1 0 0     NFW      360.0000  -0.0000     -2.014 0.227  35 -99.00   89.0       -3678.893       -7336.015   243 360.0000  -0.0000     -1.918 0.227  35 -99.00    0.087
2018-05-16-15:02:37 1.15  Mocks_Mamon/MockNFW1280ellip0.5loga-2.08PA50center0.0_0.0With_background1num89.dat Nelder-Mead  1.0e-04 0 1 0 0     NFW      360.0000  -0.0000     -1.954 0.185  35 -99.00   97.7       -3713.443       -7405.124   243 360.0000  -0.0000     -1.861 0.185  35 -99.00    0.087
2018-05-16-15:02:37 1.15  Mocks_Mamon/MockNFW1280ellip0.5loga-2.08PA50center0.0_0.0With_background1num90.dat Nelder-Mead  1.0e-04 0 1 0 0     NFW      360.0000   0.0000     -2.090 0.189  30 -99.00   78.3       -3535.718       -7049.669   243 360.0000   0.0000     -1.990 0.189  30 -99.00    0.085
2018-05-16-15:02:37 1.15  Mocks_Mamon/MockNFW1280ellip0.5loga-2.08PA50center0.0_0.0With_background1num91.dat Nelder-Mead  1.0e-04 0 1 0 0     NFW      359.9999  -0.0000     -1.965 0.160  40 -99.00  100.5       -3885.237       -7748.712   243 359.9999  -0.0000     -1.871 0.160  40 -99.00    0.089
2018-05-16-15:02:37 1.15  Mocks_Mamon/MockNFW1280ellip0.5loga-2.08PA50center0.0_0.0With_background1num92.dat Nelder-Mead  1.0e-04 0 1 0 0     NFW        0.0000  -0.0000     -2.098 0.183  37 -99.00   78.6       -3606.663       -7191.568   243   0.0000  -0.0000     -1.998 0.183  37 -99.00    0.086
2018-05-16-15:02:37 1.15  Mocks_Mamon/MockNFW1280ellip0.5loga-2.08PA50center0.0_0.0With_background1num93.dat Nelder-Mead  1.0e-04 0 1 0 0     NFW      360.0000   0.0000     -2.020 0.183 149 -99.00   87.6       -3659.747       -7297.761   243 360.0000   0.0000     -1.924 0.183 149 -99.00    0.087
2018-05-16-15:02:37 1.15  Mocks_Mamon/MockNFW1280ellip0.5loga-2.08PA50center0.0_0.0With_background1num94.dat Nelder-Mead  1.0e-04 0 1 0 0     NFW      360.0000  -0.0000     -2.050 0.220  43 -99.00   82.9       -3609.425       -7197.155   243 360.0000  -0.0000     -1.952 0.220  43 -99.00    0.086
2018-05-16-15:02:37 1.15  Mocks_Mamon/MockNFW1280ellip0.5loga-2.08PA50center0.0_0.0With_background1num95.dat Nelder-Mead  1.0e-04 0 1 0 0     NFW      359.9999  -0.0000     -2.037 0.277  42 -99.00   84.1       -3637.535       -7253.332   243 359.9999  -0.0000     -1.940 0.277  42 -99.00    0.086
2018-05-16-15:02:37 1.15  Mocks_Mamon/MockNFW1280ellip0.5loga-2.08PA50center0.0_0.0With_background1num96.dat Nelder-Mead  1.0e-04 0 1 0 0     NFW        0.0000   0.0000     -2.034 0.173  41 -99.00   88.7       -3681.247       -7340.732   243   0.0000   0.0000     -1.937 0.173  41 -99.00    0.086
2018-05-16-15:02:37 1.15  Mocks_Mamon/MockNFW1280ellip0.5loga-2.08PA50center0.0_0.0With_background1num97.dat Nelder-Mead  1.0e-04 0 1 0 0     NFW        0.0000  -0.0000     -1.987 0.207  42 -99.00   90.7       -3625.523       -7229.282   243   0.0000  -0.0000     -1.893 0.207  42 -99.00    0.089
2018-05-16-15:02:37 1.15  Mocks_Mamon/MockNFW1280ellip0.5loga-2.08PA50center0.0_0.0With_background1num98.dat Nelder-Mead  1.0e-04 0 1 0 0     NFW      360.0000  -0.0000     -1.986 0.180  42 -99.00   93.9       -3736.341        -7450.92   243 360.0000  -0.0000     -1.891 0.180  42 -99.00    0.086
2018-05-16-15:02:37 1.15  Mocks_Mamon/MockNFW1280ellip0.5loga-2.08PA50center0.0_0.0With_background1num99.dat Nelder-Mead  1.0e-04 0 1 0 0     NFW      360.0000  -0.0000     -2.053 0.069 136 -99.00   80.8       -3445.832       -6869.965   243 360.0000  -0.0000     -1.955 0.069 136 -99.00    0.089
