2018-05-16-15:01:34 1.15  Mocks_Mamon/MockNFW1280ellip0.5loga-2.08PA50center0.0_0.0With_background1num0.dat L-BFGS-B     1.0e-04 0 1 0 0     NFW      360.0000  -0.0000     -2.575 0.427  39 -99.00   53.8       -3809.053       -7596.367    63 360.0000  -0.0000     -1.910 0.208  39 -99.00    0.044
2018-05-16-15:01:34 1.15  Mocks_Mamon/MockNFW1280ellip0.5loga-2.08PA50center0.0_0.0With_background1num1.dat L-BFGS-B     1.0e-04 0 1 0 0     NFW      360.0000  -0.0000     -2.304 0.548  38 -99.00   65.5       -3715.151       -7408.556    42 360.0000  -0.0000     -1.949 0.237  38 -99.00    0.029
2018-05-16-15:01:34 1.15  Mocks_Mamon/MockNFW1280ellip0.5loga-2.08PA50center0.0_0.0With_background1num2.dat L-BFGS-B     1.0e-04 0 1 0 0     NFW        0.0000   0.0000     -2.574 0.248  23 -99.00   54.6       -3881.244        -7740.75    42   0.0000   0.0000     -1.901 0.123  23 -99.00    0.030
2018-05-16-15:01:34 1.15  Mocks_Mamon/MockNFW1280ellip0.5loga-2.08PA50center0.0_0.0With_background1num3.dat L-BFGS-B     1.0e-04 0 1 0 0     NFW        0.0000   0.0000     -2.574 0.468  40 -99.00   53.5       -3876.143       -7730.549    77   0.0000   0.0000     -1.943 0.211  40 -99.00    0.054
2018-05-16-15:01:34 1.15  Mocks_Mamon/MockNFW1280ellip0.5loga-2.08PA50center0.0_0.0With_background1num4.dat L-BFGS-B     1.0e-04 0 1 0 0     NFW      360.0000   0.0000     -2.575 0.415  38 -99.00   53.1       -3767.648       -7513.534    84 360.0000   0.0000     -1.892 0.182  37 -99.00    0.059
2018-05-16-15:01:34 1.15  Mocks_Mamon/MockNFW1280ellip0.5loga-2.08PA50center0.0_0.0With_background1num5.dat L-BFGS-B     1.0e-04 0 1 0 0     NFW        0.0000   0.0000     -2.574 0.439  39 -99.00   51.8       -3677.865       -7334.003    84   0.0000   0.0000     -1.927 0.171  38 -99.00    0.058
2018-05-16-15:01:34 1.15  Mocks_Mamon/MockNFW1280ellip0.5loga-2.08PA50center0.0_0.0With_background1num6.dat L-BFGS-B     1.0e-04 0 1 0 0     NFW        0.0000   0.0000     -2.574 0.385  37 -99.00   54.9       -3971.805       -7921.866    70   0.0000   0.0000     -1.925 0.213  36 -99.00    0.050
2018-05-16-15:01:34 1.15  Mocks_Mamon/MockNFW1280ellip0.5loga-2.08PA50center0.0_0.0With_background1num7.dat L-BFGS-B     1.0e-04 0 1 0 0     NFW        0.0000   0.0000     -2.574 0.398  36 -99.00   51.5        -3604.28       -7186.845    63   0.0000   0.0000     -1.919 0.195  35 -99.00    0.044
2018-05-16-15:01:34 1.15  Mocks_Mamon/MockNFW1280ellip0.5loga-2.08PA50center0.0_0.0With_background1num8.dat L-BFGS-B     1.0e-04 0 1 0 0     NFW      360.0000  -0.0000     -2.575 0.000 156 -99.00   52.7       -3771.133       -7520.521   140 360.0000  -0.0000     -1.969 0.217 141 -99.00    0.100
2018-05-16-15:01:34 1.15  Mocks_Mamon/MockNFW1280ellip0.5loga-2.08PA50center0.0_0.0With_background1num9.dat L-BFGS-B     1.0e-04 0 1 0 0     NFW        0.0000   0.0000     -2.299 0.520  36 -99.00   66.8       -3805.872       -7590.009    42   0.0000   0.0000     -1.972 0.195  35 -99.00    0.030
2018-05-16-15:01:34 1.15  Mocks_Mamon/MockNFW1280ellip0.5loga-2.08PA50center0.0_0.0With_background1num10.dat L-BFGS-B     1.0e-04 0 1 0 0     NFW      360.0000  -0.0000     -2.574 0.478  37 -99.00   52.6       -3764.087       -7506.435    70 360.0000  -0.0000     -1.941 0.180  36 -99.00    0.049
2018-05-16-15:01:34 1.15  Mocks_Mamon/MockNFW1280ellip0.5loga-2.08PA50center0.0_0.0With_background1num11.dat L-BFGS-B     1.0e-04 0 1 0 0     NFW        0.0000  -0.0000     -2.574 0.000 141 -99.00   52.5       -3645.321       -7268.909   161   0.0000  -0.0000     -1.922 0.142 141 -99.00    0.114
2018-05-16-15:01:34 1.15  Mocks_Mamon/MockNFW1280ellip0.5loga-2.08PA50center0.0_0.0With_background1num12.dat L-BFGS-B     1.0e-04 0 1 0 0     NFW      360.0000   0.0000     -2.575 0.447  39 -99.00   55.5       -3948.057       -7874.367    84 360.0000   0.0000     -1.850 0.169  39 -99.00    0.059
2018-05-16-15:01:34 1.15  Mocks_Mamon/MockNFW1280ellip0.5loga-2.08PA50center0.0_0.0With_background1num13.dat L-BFGS-B     1.0e-04 0 1 0 0     NFW      360.0000   0.0000     -2.256 0.527  44 -99.00   67.1       -3538.394       -7055.013    42 360.0000   0.0000     -1.879 0.205  44 -99.00    0.029
2018-05-16-15:01:34 1.15  Mocks_Mamon/MockNFW1280ellip0.5loga-2.08PA50center0.0_0.0With_background1num14.dat L-BFGS-B     1.0e-04 0 1 0 0     NFW      360.0000   0.0000     -2.575 0.481  39 -99.00   53.1       -3741.453       -7461.172    63 360.0000   0.0000     -1.956 0.193  38 -99.00    0.044
2018-05-16-15:01:34 1.15  Mocks_Mamon/MockNFW1280ellip0.5loga-2.08PA50center0.0_0.0With_background1num15.dat L-BFGS-B     1.0e-04 0 1 0 0     NFW      360.0000  -0.0000     -2.575 0.450  45 -99.00   52.7        -3781.54       -7541.333    84 360.0000  -0.0000     -1.947 0.155  45 -99.00    0.058
2018-05-16-15:01:34 1.15  Mocks_Mamon/MockNFW1280ellip0.5loga-2.08PA50center0.0_0.0With_background1num16.dat L-BFGS-B     1.0e-04 0 1 0 0     NFW        0.0000  -0.0000     -2.575 0.000 134 -99.00   53.0       -3694.838       -7367.952   175   0.0000  -0.0000     -1.890 0.267 135 -99.00    0.124
2018-05-16-15:01:34 1.15  Mocks_Mamon/MockNFW1280ellip0.5loga-2.08PA50center0.0_0.0With_background1num17.dat L-BFGS-B     1.0e-04 0 1 0 0     NFW      360.0000  -0.0000     -2.575 0.487  45 -99.00   53.4        -3865.15       -7708.533    70 360.0000  -0.0000     -1.952 0.117  45 -99.00    0.049
2018-05-16-15:01:34 1.15  Mocks_Mamon/MockNFW1280ellip0.5loga-2.08PA50center0.0_0.0With_background1num18.dat L-BFGS-B     1.0e-04 0 1 0 0     NFW        0.0000   0.0000     -2.574 0.371  32 -99.00   52.9        -3796.17       -7570.602    56   0.0000   0.0000     -1.943 0.205  31 -99.00    0.039
2018-05-16-15:01:34 1.15  Mocks_Mamon/MockNFW1280ellip0.5loga-2.08PA50center0.0_0.0With_background1num19.dat L-BFGS-B     1.0e-04 0 1 0 0     NFW        0.0000   0.0000     -2.574 0.000 143 -99.00   50.8       -3475.808       -6929.895   182   0.0000   0.0000     -1.938 0.152 143 -99.00    0.129
2018-05-16-15:01:34 1.15  Mocks_Mamon/MockNFW1280ellip0.5loga-2.08PA50center0.0_0.0With_background1num20.dat L-BFGS-B     1.0e-04 0 1 0 0     NFW        0.0000  -0.0000     -2.297 0.568  44 -99.00   67.3       -3803.265       -7584.762    42   0.0000  -0.0000     -1.897 0.236  44 -99.00    0.029
2018-05-16-15:01:34 1.15  Mocks_Mamon/MockNFW1280ellip0.5loga-2.08PA50center0.0_0.0With_background1num21.dat L-BFGS-B     1.0e-04 0 1 0 0     NFW        0.0000   0.0000     -2.295 0.515  36 -99.00   67.6       -3799.981       -7578.213    42   0.0000   0.0000     -1.927 0.144  35 -99.00    0.030
2018-05-16-15:01:34 1.15  Mocks_Mamon/MockNFW1280ellip0.5loga-2.08PA50center0.0_0.0With_background1num22.dat L-BFGS-B     1.0e-04 0 1 0 0     NFW      360.0000  -0.0000     -2.574 0.451  38 -99.00   51.6       -3700.026       -7378.307    56 360.0000  -0.0000     -1.957 0.192  37 -99.00    0.039
2018-05-16-15:01:34 1.15  Mocks_Mamon/MockNFW1280ellip0.5loga-2.08PA50center0.0_0.0With_background1num23.dat L-BFGS-B     1.0e-04 0 1 0 0     NFW      359.9999  -0.0000     -2.255 0.568  42 -99.00   68.4       -3640.556       -7259.369    42 359.9999  -0.0000     -1.853 0.279  42 -99.00    0.029
2018-05-16-15:01:34 1.15  Mocks_Mamon/MockNFW1280ellip0.5loga-2.08PA50center0.0_0.0With_background1num24.dat L-BFGS-B     1.0e-04 0 1 0 0     NFW      360.0000   0.0000     -2.575 0.421  39 -99.00   54.7       -3855.633        -7689.49    42 360.0000   0.0000     -1.881 0.222  39 -99.00    0.030
2018-05-16-15:01:34 1.15  Mocks_Mamon/MockNFW1280ellip0.5loga-2.08PA50center0.0_0.0With_background1num25.dat L-BFGS-B     1.0e-04 0 1 0 0     NFW        0.0000  -0.0000     -2.574 0.444  36 -99.00   50.9       -3534.039       -7046.332    63   0.0000  -0.0000     -1.895 0.186  36 -99.00    0.044
2018-05-16-15:01:34 1.15  Mocks_Mamon/MockNFW1280ellip0.5loga-2.08PA50center0.0_0.0With_background1num26.dat L-BFGS-B     1.0e-04 0 1 0 0     NFW        0.0000   0.0000     -2.574 0.000 135 -99.00   53.1        -3778.37       -7535.001   175   0.0000   0.0000     -1.966 0.221 136 -99.00    0.125
2018-05-16-15:01:34 1.15  Mocks_Mamon/MockNFW1280ellip0.5loga-2.08PA50center0.0_0.0With_background1num27.dat L-BFGS-B     1.0e-04 0 1 0 0     NFW      360.0000   0.0000     -2.257 0.544  40 -99.00   71.0       -3817.491       -7613.261    42 360.0000   0.0000     -1.842 0.212  40 -99.00    0.030
2018-05-16-15:01:34 1.15  Mocks_Mamon/MockNFW1280ellip0.5loga-2.08PA50center0.0_0.0With_background1num28.dat L-BFGS-B     1.0e-04 0 1 0 0     NFW      360.0000   0.0000     -2.574 0.445  36 -99.00   54.6        -3882.82       -7743.875    84 360.0000   0.0000     -1.859 0.241  35 -99.00    0.059
2018-05-16-15:01:34 1.15  Mocks_Mamon/MockNFW1280ellip0.5loga-2.08PA50center0.0_0.0With_background1num29.dat L-BFGS-B     1.0e-04 0 1 0 0     NFW      360.0000   0.0000     -2.575 0.430  43 -99.00   52.8       -3715.841       -7409.934    63 360.0000   0.0000     -1.899 0.201  43 -99.00    0.044
2018-05-16-15:01:34 1.15  Mocks_Mamon/MockNFW1280ellip0.5loga-2.08PA50center0.0_0.0With_background1num30.dat L-BFGS-B     1.0e-04 0 1 0 0     NFW        0.0000  -0.0000     -2.575 0.483  41 -99.00   53.5       -3822.245       -7622.722    63   0.0000  -0.0000     -1.934 0.154  41 -99.00    0.044
2018-05-16-15:01:34 1.15  Mocks_Mamon/MockNFW1280ellip0.5loga-2.08PA50center0.0_0.0With_background1num31.dat L-BFGS-B     1.0e-04 0 1 0 0     NFW      359.9999  -0.0000     -2.280 0.536  35 -99.00   67.1       -3701.308         -7380.9    42 359.9999  -0.0000     -1.926 0.231  34 -99.00    0.029
2018-05-16-15:01:34 1.15  Mocks_Mamon/MockNFW1280ellip0.5loga-2.08PA50center0.0_0.0With_background1num32.dat L-BFGS-B     1.0e-04 0 1 0 0     NFW        0.0000   0.0000     -2.574 0.385  33 -99.00   50.9       -3602.502       -7183.252    56   0.0000   0.0000     -1.997 0.201  32 -99.00    0.039
2018-05-16-15:01:34 1.15  Mocks_Mamon/MockNFW1280ellip0.5loga-2.08PA50center0.0_0.0With_background1num33.dat L-BFGS-B     1.0e-04 0 1 0 0     NFW        0.0000  -0.0000     -2.576 0.235  22 -99.00   52.9       -3702.865       -7383.972    49   0.0000  -0.0000     -1.910 0.134  22 -99.00    0.034
2018-05-16-15:01:34 1.15  Mocks_Mamon/MockNFW1280ellip0.5loga-2.08PA50center0.0_0.0With_background1num34.dat L-BFGS-B     1.0e-04 0 1 0 0     NFW        0.0000  -0.0000     -2.574 0.485  44 -99.00   50.8       -3682.866        -7344.03    77   0.0000  -0.0000     -1.972 0.165  44 -99.00    0.053
2018-05-16-15:01:34 1.15  Mocks_Mamon/MockNFW1280ellip0.5loga-2.08PA50center0.0_0.0With_background1num35.dat L-BFGS-B     1.0e-04 0 1 0 0     NFW        0.0000   0.0000     -2.575 0.489  44 -99.00   53.4       -3770.176       -7518.593    63   0.0000   0.0000     -1.881 0.202  44 -99.00    0.044
2018-05-16-15:01:34 1.15  Mocks_Mamon/MockNFW1280ellip0.5loga-2.08PA50center0.0_0.0With_background1num36.dat L-BFGS-B     1.0e-04 0 1 0 0     NFW        0.0000  -0.0000     -2.574 0.000 136 -99.00   51.7       -3582.502       -7143.238   175   0.0000  -0.0000     -1.932 0.177 136 -99.00    0.124
2018-05-16-15:01:34 1.15  Mocks_Mamon/MockNFW1280ellip0.5loga-2.08PA50center0.0_0.0With_background1num37.dat L-BFGS-B     1.0e-04 0 1 0 0     NFW      360.0000   0.0000     -2.295 0.531  44 -99.00   64.7        -3556.96       -7092.167    42 360.0000   0.0000     -1.936 0.187  44 -99.00    0.029
2018-05-16-15:01:34 1.15  Mocks_Mamon/MockNFW1280ellip0.5loga-2.08PA50center0.0_0.0With_background1num38.dat L-BFGS-B     1.0e-04 0 1 0 0     NFW        0.0000   0.0000     -2.293 0.517  38 -99.00   65.3       -3643.661       -7265.557    42   0.0000   0.0000     -1.959 0.185  38 -99.00    0.029
2018-05-16-15:01:34 1.15  Mocks_Mamon/MockNFW1280ellip0.5loga-2.08PA50center0.0_0.0With_background1num39.dat L-BFGS-B     1.0e-04 0 1 0 0     NFW        0.0000   0.0000     -2.574 0.503  43 -99.00   53.9       -3951.806       -7881.846    77   0.0000   0.0000     -1.931 0.194  43 -99.00    0.054
2018-05-16-15:01:34 1.15  Mocks_Mamon/MockNFW1280ellip0.5loga-2.08PA50center0.0_0.0With_background1num40.dat L-BFGS-B     1.0e-04 0 1 0 0     NFW        0.0000  -0.0000     -2.576 0.319  36 -99.00   53.7       -3739.181       -7456.605    63   0.0000  -0.0000     -1.857 0.141  36 -99.00    0.044
2018-05-16-15:01:34 1.15  Mocks_Mamon/MockNFW1280ellip0.5loga-2.08PA50center0.0_0.0With_background1num41.dat L-BFGS-B     1.0e-04 0 1 0 0     NFW      360.0000  -0.0000     -2.575 0.452  36 -99.00   53.9       -3888.818       -7755.876    77 360.0000  -0.0000     -1.946 0.243  35 -99.00    0.054
2018-05-16-15:01:34 1.15  Mocks_Mamon/MockNFW1280ellip0.5loga-2.08PA50center0.0_0.0With_background1num42.dat L-BFGS-B     1.0e-04 0 1 0 0     NFW      360.0000  -0.0000     -2.575 0.485  40 -99.00   53.2       -3728.776       -7435.841    70 360.0000  -0.0000     -1.918 0.169  40 -99.00    0.049
2018-05-16-15:01:34 1.15  Mocks_Mamon/MockNFW1280ellip0.5loga-2.08PA50center0.0_0.0With_background1num43.dat L-BFGS-B     1.0e-04 0 1 0 0     NFW      360.0000  -0.0000     -2.574 0.398  43 -99.00   52.5       -3710.372       -7398.996    63 360.0000  -0.0000     -1.922 0.175  42 -99.00    0.044
2018-05-16-15:01:34 1.15  Mocks_Mamon/MockNFW1280ellip0.5loga-2.08PA50center0.0_0.0With_background1num44.dat L-BFGS-B     1.0e-04 0 1 0 0     NFW      360.0000  -0.0000     -2.575 0.000 139 -99.00   53.8        -3774.72        -7527.71   189 360.0000  -0.0000     -1.890 0.115 139 -99.00    0.135
2018-05-16-15:01:34 1.15  Mocks_Mamon/MockNFW1280ellip0.5loga-2.08PA50center0.0_0.0With_background1num45.dat L-BFGS-B     1.0e-04 0 1 0 0     NFW        0.0000  -0.0000     -2.314 0.548  40 -99.00   68.5        -4015.88       -8009.989    42   0.0000  -0.0000     -1.922 0.175  40 -99.00    0.030
2018-05-16-15:01:34 1.15  Mocks_Mamon/MockNFW1280ellip0.5loga-2.08PA50center0.0_0.0With_background1num46.dat L-BFGS-B     1.0e-04 0 1 0 0     NFW        0.0000   0.0000     -2.574 0.333  37 -99.00   51.3        -3627.74       -7233.729    84   0.0000   0.0000     -1.985 0.101  36 -99.00    0.058
2018-05-16-15:01:34 1.15  Mocks_Mamon/MockNFW1280ellip0.5loga-2.08PA50center0.0_0.0With_background1num47.dat L-BFGS-B     1.0e-04 0 1 0 0     NFW      360.0000  -0.0000     -2.574 0.000 139 -99.00   51.7       -3748.079       -7474.414   175 360.0000  -0.0000     -1.975 0.121 139 -99.00    0.124
2018-05-16-15:01:34 1.15  Mocks_Mamon/MockNFW1280ellip0.5loga-2.08PA50center0.0_0.0With_background1num48.dat L-BFGS-B     1.0e-04 0 1 0 0     NFW        0.0000  -0.0001     -2.575 0.000 136 -99.00   54.5       -3794.218       -7566.685   189   0.0000  -0.0001     -1.850 0.135 137 -99.00    0.136
2018-05-16-15:01:34 1.15  Mocks_Mamon/MockNFW1280ellip0.5loga-2.08PA50center0.0_0.0With_background1num49.dat L-BFGS-B     1.0e-04 0 1 0 0     NFW        0.0000   0.0000     -2.574 0.494  45 -99.00   53.7       -3944.201       -7866.624    70   0.0000   0.0000     -1.993 0.143  45 -99.00    0.049
2018-05-16-15:01:34 1.15  Mocks_Mamon/MockNFW1280ellip0.5loga-2.08PA50center0.0_0.0With_background1num50.dat L-BFGS-B     1.0e-04 0 1 0 0     NFW      360.0000  -0.0000     -2.576 0.409  38 -99.00   53.9       -3845.337       -7668.935    63 360.0000  -0.0000     -1.897 0.234  37 -99.00    0.044
2018-05-16-15:01:34 1.15  Mocks_Mamon/MockNFW1280ellip0.5loga-2.08PA50center0.0_0.0With_background1num51.dat L-BFGS-B     1.0e-04 0 1 0 0     NFW      360.0000  -0.0000     -2.345 0.529  42 -99.00   61.6       -3677.475       -7333.209    42 360.0000  -0.0000     -2.028 0.157  42 -99.00    0.029
2018-05-16-15:01:34 1.15  Mocks_Mamon/MockNFW1280ellip0.5loga-2.08PA50center0.0_0.0With_background1num52.dat L-BFGS-B     1.0e-04 0 1 0 0     NFW        0.0000   0.0000     -2.272 0.478  40 -99.00   69.6       -3801.733       -7581.727    42   0.0000   0.0000     -1.892 0.096  40 -99.00    0.030
2018-05-16-15:01:34 1.15  Mocks_Mamon/MockNFW1280ellip0.5loga-2.08PA50center0.0_0.0With_background1num53.dat L-BFGS-B     1.0e-04 0 1 0 0     NFW        0.0000  -0.0000     -2.574 0.444  39 -99.00   51.2       -3598.054       -7174.386    49   0.0000  -0.0000     -1.900 0.203  39 -99.00    0.034
2018-05-16-15:01:34 1.15  Mocks_Mamon/MockNFW1280ellip0.5loga-2.08PA50center0.0_0.0With_background1num54.dat L-BFGS-B     1.0e-04 0 1 0 0     NFW      360.0000   0.0000     -2.574 0.437  38 -99.00   52.3       -3715.492       -7409.245    77 360.0000   0.0000     -1.938 0.160  37 -99.00    0.054
2018-05-16-15:01:34 1.15  Mocks_Mamon/MockNFW1280ellip0.5loga-2.08PA50center0.0_0.0With_background1num55.dat L-BFGS-B     1.0e-04 0 1 0 0     NFW        0.0000   0.0001     -2.310 0.560  41 -99.00   65.0       -3695.175       -7368.593    42   0.0000   0.0001     -1.933 0.219  41 -99.00    0.029
2018-05-16-15:01:34 1.15  Mocks_Mamon/MockNFW1280ellip0.5loga-2.08PA50center0.0_0.0With_background1num56.dat L-BFGS-B     1.0e-04 0 1 0 0     NFW        0.0000   0.0000     -2.575 0.000 134 -99.00   52.8       -3611.142        -7200.54   168   0.0000   0.0000     -1.922 0.141 135 -99.00    0.120
2018-05-16-15:01:34 1.15  Mocks_Mamon/MockNFW1280ellip0.5loga-2.08PA50center0.0_0.0With_background1num57.dat L-BFGS-B     1.0e-04 0 1 0 0     NFW        0.0000   0.0000     -2.576 0.354  36 -99.00   52.9       -3722.761       -7423.763    63   0.0000   0.0000     -1.915 0.155  36 -99.00    0.044
2018-05-16-15:01:34 1.15  Mocks_Mamon/MockNFW1280ellip0.5loga-2.08PA50center0.0_0.0With_background1num58.dat L-BFGS-B     1.0e-04 0 1 0 0     NFW        0.0000  -0.0000     -2.575 0.000 143 -99.00   50.9        -3555.25       -7088.797   175   0.0000  -0.0000     -1.912 0.209 141 -99.00    0.123
2018-05-16-15:01:34 1.15  Mocks_Mamon/MockNFW1280ellip0.5loga-2.08PA50center0.0_0.0With_background1num59.dat L-BFGS-B     1.0e-04 0 1 0 0     NFW      360.0000  -0.0000     -2.574 0.340  36 -99.00   52.2       -3698.982       -7376.201    56 360.0000  -0.0000     -1.964 0.147  36 -99.00    0.039
2018-05-16-15:01:34 1.15  Mocks_Mamon/MockNFW1280ellip0.5loga-2.08PA50center0.0_0.0With_background1num60.dat L-BFGS-B     1.0e-04 0 1 0 0     NFW      360.0000  -0.0000     -2.263 0.516  37 -99.00   68.3        -3658.51       -7295.265    42 360.0000  -0.0000     -1.918 0.202  37 -99.00    0.030
2018-05-16-15:01:34 1.15  Mocks_Mamon/MockNFW1280ellip0.5loga-2.08PA50center0.0_0.0With_background1num61.dat L-BFGS-B     1.0e-04 0 1 0 0     NFW      360.0000  -0.0000     -2.575 0.000 140 -99.00   54.0       -3827.809       -7633.854   175 360.0000  -0.0000     -1.910 0.170 140 -99.00    0.125
2018-05-16-15:01:34 1.15  Mocks_Mamon/MockNFW1280ellip0.5loga-2.08PA50center0.0_0.0With_background1num62.dat L-BFGS-B     1.0e-04 0 1 0 0     NFW        0.0000   0.0000     -2.574 0.504  42 -99.00   51.0       -3737.919        -7454.11    84   0.0000   0.0000     -1.981 0.223  42 -99.00    0.058
2018-05-16-15:01:34 1.15  Mocks_Mamon/MockNFW1280ellip0.5loga-2.08PA50center0.0_0.0With_background1num63.dat L-BFGS-B     1.0e-04 0 1 0 0     NFW      360.0000  -0.0001     -2.307 0.500  36 -99.00   66.2       -3775.945       -7530.131    42 360.0000  -0.0001     -1.941 0.096  35 -99.00    0.030
2018-05-16-15:01:34 1.15  Mocks_Mamon/MockNFW1280ellip0.5loga-2.08PA50center0.0_0.0With_background1num64.dat L-BFGS-B     1.0e-04 0 1 0 0     NFW        0.0000   0.0000     -2.334 0.551  41 -99.00   63.7       -3785.585       -7549.408    42   0.0000   0.0000     -1.989 0.196  41 -99.00    0.029
2018-05-16-15:01:34 1.15  Mocks_Mamon/MockNFW1280ellip0.5loga-2.08PA50center0.0_0.0With_background1num65.dat L-BFGS-B     1.0e-04 0 1 0 0     NFW      360.0000  -0.0000     -2.574 0.334  31 -99.00   54.6       -3827.113       -7632.479    63 360.0000  -0.0000     -1.904 0.155  31 -99.00    0.044
2018-05-16-15:01:34 1.15  Mocks_Mamon/MockNFW1280ellip0.5loga-2.08PA50center0.0_0.0With_background1num66.dat L-BFGS-B     1.0e-04 0 1 0 0     NFW        0.0001   0.0001     -2.574 0.000 135 -99.00   51.5       -3567.157       -7112.579   175   0.0001   0.0001     -1.935 0.194 135 -99.00    0.124
2018-05-16-15:01:34 1.15  Mocks_Mamon/MockNFW1280ellip0.5loga-2.08PA50center0.0_0.0With_background1num67.dat L-BFGS-B     1.0e-04 0 1 0 0     NFW        0.0001   0.0000     -2.575 0.447  38 -99.00   54.1       -3897.356       -7772.939    77   0.0001   0.0000     -1.935 0.169  38 -99.00    0.054
2018-05-16-15:01:34 1.15  Mocks_Mamon/MockNFW1280ellip0.5loga-2.08PA50center0.0_0.0With_background1num68.dat L-BFGS-B     1.0e-04 0 1 0 0     NFW        0.0000   0.0000     -2.181 0.492  34 -99.00   74.2       -3622.626       -7223.507    35   0.0000   0.0000     -1.842 0.234  33 -99.00    0.025
2018-05-16-15:01:34 1.15  Mocks_Mamon/MockNFW1280ellip0.5loga-2.08PA50center0.0_0.0With_background1num69.dat L-BFGS-B     1.0e-04 0 1 0 0     NFW        0.0000  -0.0000     -2.577 0.382  36 -99.00   51.5       -3615.388       -7209.056    70   0.0000  -0.0000     -1.933 0.161  36 -99.00    0.049
2018-05-16-15:01:34 1.15  Mocks_Mamon/MockNFW1280ellip0.5loga-2.08PA50center0.0_0.0With_background1num70.dat L-BFGS-B     1.0e-04 0 1 0 0     NFW      360.0000   0.0000     -2.575 0.000 136 -99.00   52.6       -3677.715       -7333.695   175 360.0000   0.0000     -1.942 0.179 137 -99.00    0.124
2018-05-16-15:01:34 1.15  Mocks_Mamon/MockNFW1280ellip0.5loga-2.08PA50center0.0_0.0With_background1num71.dat L-BFGS-B     1.0e-04 0 1 0 0     NFW      360.0000  -0.0000     -2.281 0.498  31 -99.00   63.6       -3512.807       -7003.882    42 360.0000  -0.0000     -1.972 0.190  31 -99.00    0.029
2018-05-16-15:01:34 1.15  Mocks_Mamon/MockNFW1280ellip0.5loga-2.08PA50center0.0_0.0With_background1num72.dat L-BFGS-B     1.0e-04 0 1 0 0     NFW      360.0000  -0.0001     -2.574 0.391  33 -99.00   54.1       -3919.871       -7818.001    84 360.0000  -0.0001     -1.955 0.267  32 -99.00    0.059
2018-05-16-15:01:34 1.15  Mocks_Mamon/MockNFW1280ellip0.5loga-2.08PA50center0.0_0.0With_background1num73.dat L-BFGS-B     1.0e-04 0 1 0 0     NFW      360.0000  -0.0000     -2.576 0.479  42 -99.00   51.9       -3698.977       -7376.182    70 360.0000  -0.0000     -2.003 0.156  42 -99.00    0.049
2018-05-16-15:01:34 1.15  Mocks_Mamon/MockNFW1280ellip0.5loga-2.08PA50center0.0_0.0With_background1num74.dat L-BFGS-B     1.0e-04 0 1 0 0     NFW      360.0000  -0.0000     -2.574 0.401  37 -99.00   52.7       -3759.073       -7496.378    49 360.0000  -0.0000     -1.973 0.133  37 -99.00    0.034
2018-05-16-15:01:34 1.15  Mocks_Mamon/MockNFW1280ellip0.5loga-2.08PA50center0.0_0.0With_background1num75.dat L-BFGS-B     1.0e-04 0 1 0 0     NFW      360.0000   0.0000     -2.575 0.367  37 -99.00   52.1       -3658.836       -7295.932    70 360.0000   0.0000     -1.880 0.192  36 -99.00    0.049
2018-05-16-15:01:34 1.15  Mocks_Mamon/MockNFW1280ellip0.5loga-2.08PA50center0.0_0.0With_background1num76.dat L-BFGS-B     1.0e-04 0 1 0 0     NFW        0.0000  -0.0000     -2.575 0.446  37 -99.00   53.5       -3797.585       -7573.424    56   0.0000  -0.0000     -1.886 0.227  37 -99.00    0.039
2018-05-16-15:01:34 1.15  Mocks_Mamon/MockNFW1280ellip0.5loga-2.08PA50center0.0_0.0With_background1num77.dat L-BFGS-B     1.0e-04 0 1 0 0     NFW        0.0000  -0.0000     -2.290 0.536  37 -99.00   67.0       -3717.095       -7412.483    49   0.0000  -0.0000     -1.897 0.188  37 -99.00    0.034
2018-05-16-15:01:34 1.15  Mocks_Mamon/MockNFW1280ellip0.5loga-2.08PA50center0.0_0.0With_background1num78.dat L-BFGS-B     1.0e-04 0 1 0 0     NFW      360.0000  -0.0001     -2.576 0.490  43 -99.00   52.4       -3656.709         -7291.7    70 360.0000  -0.0001     -1.885 0.215  43 -99.00    0.049
2018-05-16-15:01:34 1.15  Mocks_Mamon/MockNFW1280ellip0.5loga-2.08PA50center0.0_0.0With_background1num79.dat L-BFGS-B     1.0e-04 0 1 0 0     NFW      359.9999  -0.0000     -2.573 0.000 168 -99.00   53.2       -3638.053       -7254.343   161 359.9999  -0.0000     -1.886 0.257 140 -99.00    0.115
2018-05-16-15:01:34 1.15  Mocks_Mamon/MockNFW1280ellip0.5loga-2.08PA50center0.0_0.0With_background1num80.dat L-BFGS-B     1.0e-04 0 1 0 0     NFW        0.0000   0.0000     -2.576 0.457  36 -99.00   53.9       -3896.688       -7771.618    49   0.0000   0.0000     -1.910 0.225  35 -99.00    0.035
2018-05-16-15:01:34 1.15  Mocks_Mamon/MockNFW1280ellip0.5loga-2.08PA50center0.0_0.0With_background1num81.dat L-BFGS-B     1.0e-04 0 1 0 0     NFW        0.0000   0.0000     -2.574 0.499  43 -99.00   53.1       -3827.774       -7633.808    77   0.0000   0.0000     -1.894 0.248  43 -99.00    0.054
2018-05-16-15:01:34 1.15  Mocks_Mamon/MockNFW1280ellip0.5loga-2.08PA50center0.0_0.0With_background1num82.dat L-BFGS-B     1.0e-04 0 1 0 0     NFW        0.0000   0.0000     -2.307 0.524  37 -99.00   65.8       -3782.673       -7543.612    42   0.0000   0.0000     -1.947 0.156  37 -99.00    0.029
2018-05-16-15:01:34 1.15  Mocks_Mamon/MockNFW1280ellip0.5loga-2.08PA50center0.0_0.0With_background1num83.dat L-BFGS-B     1.0e-04 0 1 0 0     NFW        0.0000  -0.0000     -2.575 0.330  34 -99.00   53.1        -3698.66       -7375.571    84   0.0000  -0.0000     -1.875 0.211  33 -99.00    0.059
2018-05-16-15:01:34 1.15  Mocks_Mamon/MockNFW1280ellip0.5loga-2.08PA50center0.0_0.0With_background1num84.dat L-BFGS-B     1.0e-04 0 1 0 0     NFW        0.0000  -0.0000     -2.574 0.000 139 -99.00   51.4       -3590.812       -7159.908   175   0.0000  -0.0000     -1.960 0.206 139 -99.00    0.124
2018-05-16-15:01:34 1.15  Mocks_Mamon/MockNFW1280ellip0.5loga-2.08PA50center0.0_0.0With_background1num85.dat L-BFGS-B     1.0e-04 0 1 0 0     NFW        0.0000   0.0000     -2.574 0.476  38 -99.00   50.7       -3610.399        -7199.07    63   0.0000   0.0000     -2.005 0.194  37 -99.00    0.043
2018-05-16-15:01:34 1.15  Mocks_Mamon/MockNFW1280ellip0.5loga-2.08PA50center0.0_0.0With_background1num86.dat L-BFGS-B     1.0e-04 0 1 0 0     NFW        0.0000  -0.0000     -2.575 0.000 140 -99.00   49.7       -3445.139       -6868.501   175   0.0000  -0.0000     -1.970 0.197 139 -99.00    0.123
2018-05-16-15:01:34 1.15  Mocks_Mamon/MockNFW1280ellip0.5loga-2.08PA50center0.0_0.0With_background1num87.dat L-BFGS-B     1.0e-04 0 1 0 0     NFW      360.0000  -0.0000     -2.574 0.466  40 -99.00   53.7       -3794.919       -7568.095    84 360.0000  -0.0000     -1.908 0.185  40 -99.00    0.059
2018-05-16-15:01:34 1.15  Mocks_Mamon/MockNFW1280ellip0.5loga-2.08PA50center0.0_0.0With_background1num88.dat L-BFGS-B     1.0e-04 0 1 0 0     NFW      360.0000  -0.0000     -2.574 0.360  35 -99.00   53.1       -3746.047       -7470.323    56 360.0000  -0.0000     -1.918 0.227  35 -99.00    0.039
2018-05-16-15:01:34 1.15  Mocks_Mamon/MockNFW1280ellip0.5loga-2.08PA50center0.0_0.0With_background1num89.dat L-BFGS-B     1.0e-04 0 1 0 0     NFW      360.0000  -0.0000     -2.576 0.445  36 -99.00   54.2       -3803.372       -7584.982    63 360.0000  -0.0000     -1.861 0.185  35 -99.00    0.044
2018-05-16-15:01:34 1.15  Mocks_Mamon/MockNFW1280ellip0.5loga-2.08PA50center0.0_0.0With_background1num90.dat L-BFGS-B     1.0e-04 0 1 0 0     NFW      360.0000   0.0000     -2.574 0.314  30 -99.00   50.8       -3589.816       -7157.865    77 360.0000   0.0000     -1.990 0.189  30 -99.00    0.053
2018-05-16-15:01:34 1.15  Mocks_Mamon/MockNFW1280ellip0.5loga-2.08PA50center0.0_0.0With_background1num91.dat L-BFGS-B     1.0e-04 0 1 0 0     NFW      359.9999  -0.0000     -2.574 0.454  40 -99.00   56.6       -3989.739       -7957.716    63 359.9999  -0.0000     -1.871 0.160  40 -99.00    0.045
2018-05-16-15:01:34 1.15  Mocks_Mamon/MockNFW1280ellip0.5loga-2.08PA50center0.0_0.0With_background1num92.dat L-BFGS-B     1.0e-04 0 1 0 0     NFW        0.0000  -0.0000     -2.575 0.448  37 -99.00   51.3       -3681.057       -7340.356    42   0.0000  -0.0000     -1.998 0.183  37 -99.00    0.029
2018-05-16-15:01:34 1.15  Mocks_Mamon/MockNFW1280ellip0.5loga-2.08PA50center0.0_0.0With_background1num93.dat L-BFGS-B     1.0e-04 0 1 0 0     NFW      360.0000   0.0000     -2.574 0.000 157 -99.00   52.6       -3754.454       -7487.175   175 360.0000   0.0000     -1.924 0.183 149 -99.00    0.125
2018-05-16-15:01:34 1.15  Mocks_Mamon/MockNFW1280ellip0.5loga-2.08PA50center0.0_0.0With_background1num94.dat L-BFGS-B     1.0e-04 0 1 0 0     NFW      360.0000  -0.0000     -2.329 0.564  43 -99.00   62.8        -3683.51       -7345.325    49 360.0000  -0.0000     -1.952 0.220  43 -99.00    0.034
2018-05-16-15:01:34 1.15  Mocks_Mamon/MockNFW1280ellip0.5loga-2.08PA50center0.0_0.0With_background1num95.dat L-BFGS-B     1.0e-04 0 1 0 0     NFW      359.9999  -0.0000     -2.574 0.501  42 -99.00   51.5       -3719.401       -7417.064    70 359.9999  -0.0000     -1.940 0.277  42 -99.00    0.049
2018-05-16-15:01:34 1.15  Mocks_Mamon/MockNFW1280ellip0.5loga-2.08PA50center0.0_0.0With_background1num96.dat L-BFGS-B     1.0e-04 0 1 0 0     NFW        0.0000   0.0000     -2.575 0.461  41 -99.00   54.1       -3759.825       -7497.887    63   0.0000   0.0000     -1.937 0.173  41 -99.00    0.044
2018-05-16-15:01:34 1.15  Mocks_Mamon/MockNFW1280ellip0.5loga-2.08PA50center0.0_0.0With_background1num97.dat L-BFGS-B     1.0e-04 0 1 0 0     NFW        0.0000  -0.0000     -2.575 0.499  42 -99.00   52.4       -3721.378       -7420.992    70   0.0000  -0.0000     -1.893 0.207  42 -99.00    0.049
2018-05-16-15:01:34 1.15  Mocks_Mamon/MockNFW1280ellip0.5loga-2.08PA50center0.0_0.0With_background1num98.dat L-BFGS-B     1.0e-04 0 1 0 0     NFW      360.0000  -0.0000     -2.575 0.466  42 -99.00   54.2       -3836.782       -7651.801    63 360.0000  -0.0000     -1.891 0.180  42 -99.00    0.044
2018-05-16-15:01:34 1.15  Mocks_Mamon/MockNFW1280ellip0.5loga-2.08PA50center0.0_0.0With_background1num99.dat L-BFGS-B     1.0e-04 0 1 0 0     NFW      360.0000  -0.0000     -2.574 0.000 136 -99.00   50.3       -3502.615       -6983.532   154 360.0000  -0.0000     -1.955 0.069 136 -99.00    0.110
