2018-05-16-15:00:48 1.15  Mocks_Mamon/MockNFW160ellip0.5loga-2.08PA50center0.0_0.0With_background1num0.dat median-sep   0.0e+00 0 0 0 x     none       0.0000   0.0000     -1.017 0.000   0 -99.00    0.0               0               0     0   0.0000   0.0000      0.000 0.000   0   0.00    0.028
2018-05-16-15:00:48 1.15  Mocks_Mamon/MockNFW160ellip0.5loga-2.08PA50center0.0_0.0With_background1num1.dat median-sep   0.0e+00 0 0 0 x     none      -0.0000  -0.0001     -1.025 0.000   0 -99.00    0.0               0               0     0   0.0000   0.0000      0.000 0.000   0   0.00    0.027
2018-05-16-15:00:48 1.15  Mocks_Mamon/MockNFW160ellip0.5loga-2.08PA50center0.0_0.0With_background1num2.dat median-sep   0.0e+00 0 0 0 x     none       0.0001  -0.0001     -1.055 0.000   0 -99.00    0.0               0               0     0   0.0000   0.0000      0.000 0.000   0   0.00    0.027
2018-05-16-15:00:48 1.15  Mocks_Mamon/MockNFW160ellip0.5loga-2.08PA50center0.0_0.0With_background1num3.dat median-sep   0.0e+00 0 0 0 x     none       0.0002   0.0004     -1.025 0.000   0 -99.00    0.0               0               0     0   0.0000   0.0000      0.000 0.000   0   0.00    0.027
2018-05-16-15:00:48 1.15  Mocks_Mamon/MockNFW160ellip0.5loga-2.08PA50center0.0_0.0With_background1num4.dat median-sep   0.0e+00 0 0 0 x     none      -0.0000   0.0001     -1.043 0.000   0 -99.00    0.0               0               0     0   0.0000   0.0000      0.000 0.000   0   0.00    0.027
2018-05-16-15:00:48 1.15  Mocks_Mamon/MockNFW160ellip0.5loga-2.08PA50center0.0_0.0With_background1num5.dat median-sep   0.0e+00 0 0 0 x     none      -0.0000   0.0000     -1.037 0.000   0 -99.00    0.0               0               0     0   0.0000   0.0000      0.000 0.000   0   0.00    0.027
2018-05-16-15:00:48 1.15  Mocks_Mamon/MockNFW160ellip0.5loga-2.08PA50center0.0_0.0With_background1num6.dat median-sep   0.0e+00 0 0 0 x     none       0.0003   0.0002     -1.028 0.000   0 -99.00    0.0               0               0     0   0.0000   0.0000      0.000 0.000   0   0.00    0.027
2018-05-16-15:00:48 1.15  Mocks_Mamon/MockNFW160ellip0.5loga-2.08PA50center0.0_0.0With_background1num7.dat median-sep   0.0e+00 0 0 0 x     none      -0.0001  -0.0002     -1.021 0.000   0 -99.00    0.0               0               0     0   0.0000   0.0000      0.000 0.000   0   0.00    0.027
2018-05-16-15:00:48 1.15  Mocks_Mamon/MockNFW160ellip0.5loga-2.08PA50center0.0_0.0With_background1num8.dat median-sep   0.0e+00 0 0 0 x     none       0.0000   0.0001     -1.035 0.000   0 -99.00    0.0               0               0     0   0.0000   0.0000      0.000 0.000   0   0.00    0.027
2018-05-16-15:00:48 1.15  Mocks_Mamon/MockNFW160ellip0.5loga-2.08PA50center0.0_0.0With_background1num9.dat median-sep   0.0e+00 0 0 0 x     none      -0.0000   0.0000     -1.030 0.000   0 -99.00    0.0               0               0     0   0.0000   0.0000      0.000 0.000   0   0.00    0.027
2018-05-16-15:00:48 1.15  Mocks_Mamon/MockNFW160ellip0.5loga-2.08PA50center0.0_0.0With_background1num10.dat median-sep   0.0e+00 0 0 0 x     none      -0.0002   0.0002     -1.018 0.000   0 -99.00    0.0               0               0     0   0.0000   0.0000      0.000 0.000   0   0.00    0.027
2018-05-16-15:00:48 1.15  Mocks_Mamon/MockNFW160ellip0.5loga-2.08PA50center0.0_0.0With_background1num11.dat median-sep   0.0e+00 0 0 0 x     none       0.0001  -0.0000     -1.038 0.000   0 -99.00    0.0               0               0     0   0.0000   0.0000      0.000 0.000   0   0.00    0.027
2018-05-16-15:00:48 1.15  Mocks_Mamon/MockNFW160ellip0.5loga-2.08PA50center0.0_0.0With_background1num12.dat median-sep   0.0e+00 0 0 0 x     none      -0.0001   0.0000     -1.038 0.000   0 -99.00    0.0               0               0     0   0.0000   0.0000      0.000 0.000   0   0.00    0.028
2018-05-16-15:00:48 1.15  Mocks_Mamon/MockNFW160ellip0.5loga-2.08PA50center0.0_0.0With_background1num13.dat median-sep   0.0e+00 0 0 0 x     none      -0.0000  -0.0001     -1.025 0.000   0 -99.00    0.0               0               0     0   0.0000   0.0000      0.000 0.000   0   0.00    0.027
2018-05-16-15:00:48 1.15  Mocks_Mamon/MockNFW160ellip0.5loga-2.08PA50center0.0_0.0With_background1num14.dat median-sep   0.0e+00 0 0 0 x     none       0.0000   0.0000     -1.032 0.000   0 -99.00    0.0               0               0     0   0.0000   0.0000      0.000 0.000   0   0.00    0.027
2018-05-16-15:00:48 1.15  Mocks_Mamon/MockNFW160ellip0.5loga-2.08PA50center0.0_0.0With_background1num15.dat median-sep   0.0e+00 0 0 0 x     none       0.0000   0.0002     -1.055 0.000   0 -99.00    0.0               0               0     0   0.0000   0.0000      0.000 0.000   0   0.00    0.027
2018-05-16-15:00:48 1.15  Mocks_Mamon/MockNFW160ellip0.5loga-2.08PA50center0.0_0.0With_background1num16.dat median-sep   0.0e+00 0 0 0 x     none      -0.0001   0.0001     -1.045 0.000   0 -99.00    0.0               0               0     0   0.0000   0.0000      0.000 0.000   0   0.00    0.027
2018-05-16-15:00:48 1.15  Mocks_Mamon/MockNFW160ellip0.5loga-2.08PA50center0.0_0.0With_background1num17.dat median-sep   0.0e+00 0 0 0 x     none       0.0000  -0.0000     -1.049 0.000   0 -99.00    0.0               0               0     0   0.0000   0.0000      0.000 0.000   0   0.00    0.027
2018-05-16-15:00:48 1.15  Mocks_Mamon/MockNFW160ellip0.5loga-2.08PA50center0.0_0.0With_background1num18.dat median-sep   0.0e+00 0 0 0 x     none       0.0006   0.0000     -1.036 0.000   0 -99.00    0.0               0               0     0   0.0000   0.0000      0.000 0.000   0   0.00    0.027
2018-05-16-15:00:48 1.15  Mocks_Mamon/MockNFW160ellip0.5loga-2.08PA50center0.0_0.0With_background1num19.dat median-sep   0.0e+00 0 0 0 x     none      -0.0000   0.0000     -1.037 0.000   0 -99.00    0.0               0               0     0   0.0000   0.0000      0.000 0.000   0   0.00    0.027
2018-05-16-15:00:48 1.15  Mocks_Mamon/MockNFW160ellip0.5loga-2.08PA50center0.0_0.0With_background1num20.dat median-sep   0.0e+00 0 0 0 x     none       0.0001   0.0000     -1.034 0.000   0 -99.00    0.0               0               0     0   0.0000   0.0000      0.000 0.000   0   0.00    0.026
2018-05-16-15:00:48 1.15  Mocks_Mamon/MockNFW160ellip0.5loga-2.08PA50center0.0_0.0With_background1num21.dat median-sep   0.0e+00 0 0 0 x     none      -0.0002  -0.0001     -1.039 0.000   0 -99.00    0.0               0               0     0   0.0000   0.0000      0.000 0.000   0   0.00    0.027
2018-05-16-15:00:48 1.15  Mocks_Mamon/MockNFW160ellip0.5loga-2.08PA50center0.0_0.0With_background1num22.dat median-sep   0.0e+00 0 0 0 x     none      -0.0002  -0.0000     -1.000 0.000   0 -99.00    0.0               0               0     0   0.0000   0.0000      0.000 0.000   0   0.00    0.027
2018-05-16-15:00:48 1.15  Mocks_Mamon/MockNFW160ellip0.5loga-2.08PA50center0.0_0.0With_background1num23.dat median-sep   0.0e+00 0 0 0 x     none       0.0001  -0.0000     -1.027 0.000   0 -99.00    0.0               0               0     0   0.0000   0.0000      0.000 0.000   0   0.00    0.028
2018-05-16-15:00:48 1.15  Mocks_Mamon/MockNFW160ellip0.5loga-2.08PA50center0.0_0.0With_background1num24.dat median-sep   0.0e+00 0 0 0 x     none      -0.0000   0.0000     -1.035 0.000   0 -99.00    0.0               0               0     0   0.0000   0.0000      0.000 0.000   0   0.00    0.026
2018-05-16-15:00:48 1.15  Mocks_Mamon/MockNFW160ellip0.5loga-2.08PA50center0.0_0.0With_background1num25.dat median-sep   0.0e+00 0 0 0 x     none      -0.0000   0.0002     -1.030 0.000   0 -99.00    0.0               0               0     0   0.0000   0.0000      0.000 0.000   0   0.00    0.027
2018-05-16-15:00:48 1.15  Mocks_Mamon/MockNFW160ellip0.5loga-2.08PA50center0.0_0.0With_background1num26.dat median-sep   0.0e+00 0 0 0 x     none      -0.0000  -0.0000     -1.025 0.000   0 -99.00    0.0               0               0     0   0.0000   0.0000      0.000 0.000   0   0.00    0.027
2018-05-16-15:00:48 1.15  Mocks_Mamon/MockNFW160ellip0.5loga-2.08PA50center0.0_0.0With_background1num27.dat median-sep   0.0e+00 0 0 0 x     none      -0.0000  -0.0002     -1.054 0.000   0 -99.00    0.0               0               0     0   0.0000   0.0000      0.000 0.000   0   0.00    0.026
2018-05-16-15:00:48 1.15  Mocks_Mamon/MockNFW160ellip0.5loga-2.08PA50center0.0_0.0With_background1num28.dat median-sep   0.0e+00 0 0 0 x     none       0.0001   0.0005     -1.025 0.000   0 -99.00    0.0               0               0     0   0.0000   0.0000      0.000 0.000   0   0.00    0.027
2018-05-16-15:00:48 1.15  Mocks_Mamon/MockNFW160ellip0.5loga-2.08PA50center0.0_0.0With_background1num29.dat median-sep   0.0e+00 0 0 0 x     none       0.0000  -0.0000     -1.016 0.000   0 -99.00    0.0               0               0     0   0.0000   0.0000      0.000 0.000   0   0.00    0.027
2018-05-16-15:00:48 1.15  Mocks_Mamon/MockNFW160ellip0.5loga-2.08PA50center0.0_0.0With_background1num30.dat median-sep   0.0e+00 0 0 0 x     none      -0.0002  -0.0000     -1.037 0.000   0 -99.00    0.0               0               0     0   0.0000   0.0000      0.000 0.000   0   0.00    0.026
2018-05-16-15:00:48 1.15  Mocks_Mamon/MockNFW160ellip0.5loga-2.08PA50center0.0_0.0With_background1num31.dat median-sep   0.0e+00 0 0 0 x     none       0.0001  -0.0001     -1.013 0.000   0 -99.00    0.0               0               0     0   0.0000   0.0000      0.000 0.000   0   0.00    0.028
2018-05-16-15:00:48 1.15  Mocks_Mamon/MockNFW160ellip0.5loga-2.08PA50center0.0_0.0With_background1num32.dat median-sep   0.0e+00 0 0 0 x     none      -0.0000  -0.0000     -1.031 0.000   0 -99.00    0.0               0               0     0   0.0000   0.0000      0.000 0.000   0   0.00    0.027
2018-05-16-15:00:48 1.15  Mocks_Mamon/MockNFW160ellip0.5loga-2.08PA50center0.0_0.0With_background1num33.dat median-sep   0.0e+00 0 0 0 x     none      -0.0000  -0.0000     -1.052 0.000   0 -99.00    0.0               0               0     0   0.0000   0.0000      0.000 0.000   0   0.00    0.026
2018-05-16-15:00:48 1.15  Mocks_Mamon/MockNFW160ellip0.5loga-2.08PA50center0.0_0.0With_background1num34.dat median-sep   0.0e+00 0 0 0 x     none       0.0005   0.0001     -1.038 0.000   0 -99.00    0.0               0               0     0   0.0000   0.0000      0.000 0.000   0   0.00    0.026
2018-05-16-15:00:48 1.15  Mocks_Mamon/MockNFW160ellip0.5loga-2.08PA50center0.0_0.0With_background1num35.dat median-sep   0.0e+00 0 0 0 x     none       0.0001   0.0001     -1.025 0.000   0 -99.00    0.0               0               0     0   0.0000   0.0000      0.000 0.000   0   0.00    0.027
2018-05-16-15:00:48 1.15  Mocks_Mamon/MockNFW160ellip0.5loga-2.08PA50center0.0_0.0With_background1num36.dat median-sep   0.0e+00 0 0 0 x     none      -0.0000  -0.0001     -1.020 0.000   0 -99.00    0.0               0               0     0   0.0000   0.0000      0.000 0.000   0   0.00    0.027
2018-05-16-15:00:48 1.15  Mocks_Mamon/MockNFW160ellip0.5loga-2.08PA50center0.0_0.0With_background1num37.dat median-sep   0.0e+00 0 0 0 x     none       0.0001  -0.0000     -1.029 0.000   0 -99.00    0.0               0               0     0   0.0000   0.0000      0.000 0.000   0   0.00    0.027
2018-05-16-15:00:48 1.15  Mocks_Mamon/MockNFW160ellip0.5loga-2.08PA50center0.0_0.0With_background1num38.dat median-sep   0.0e+00 0 0 0 x     none      -0.0002   0.0000     -1.045 0.000   0 -99.00    0.0               0               0     0   0.0000   0.0000      0.000 0.000   0   0.00    0.027
2018-05-16-15:00:48 1.15  Mocks_Mamon/MockNFW160ellip0.5loga-2.08PA50center0.0_0.0With_background1num39.dat median-sep   0.0e+00 0 0 0 x     none      -0.0004   0.0000     -1.012 0.000   0 -99.00    0.0               0               0     0   0.0000   0.0000      0.000 0.000   0   0.00    0.027
2018-05-16-15:00:48 1.15  Mocks_Mamon/MockNFW160ellip0.5loga-2.08PA50center0.0_0.0With_background1num40.dat median-sep   0.0e+00 0 0 0 x     none       0.0000  -0.0001     -1.038 0.000   0 -99.00    0.0               0               0     0   0.0000   0.0000      0.000 0.000   0   0.00    0.026
2018-05-16-15:00:48 1.15  Mocks_Mamon/MockNFW160ellip0.5loga-2.08PA50center0.0_0.0With_background1num41.dat median-sep   0.0e+00 0 0 0 x     none       0.0000  -0.0001     -1.025 0.000   0 -99.00    0.0               0               0     0   0.0000   0.0000      0.000 0.000   0   0.00    0.027
2018-05-16-15:00:48 1.15  Mocks_Mamon/MockNFW160ellip0.5loga-2.08PA50center0.0_0.0With_background1num42.dat median-sep   0.0e+00 0 0 0 x     none      -0.0001   0.0001     -1.029 0.000   0 -99.00    0.0               0               0     0   0.0000   0.0000      0.000 0.000   0   0.00    0.027
2018-05-16-15:00:48 1.15  Mocks_Mamon/MockNFW160ellip0.5loga-2.08PA50center0.0_0.0With_background1num43.dat median-sep   0.0e+00 0 0 0 x     none      -0.0000  -0.0004     -1.041 0.000   0 -99.00    0.0               0               0     0   0.0000   0.0000      0.000 0.000   0   0.00    0.027
2018-05-16-15:00:48 1.15  Mocks_Mamon/MockNFW160ellip0.5loga-2.08PA50center0.0_0.0With_background1num44.dat median-sep   0.0e+00 0 0 0 x     none      -0.0000   0.0001     -1.038 0.000   0 -99.00    0.0               0               0     0   0.0000   0.0000      0.000 0.000   0   0.00    0.027
2018-05-16-15:00:48 1.15  Mocks_Mamon/MockNFW160ellip0.5loga-2.08PA50center0.0_0.0With_background1num45.dat median-sep   0.0e+00 0 0 0 x     none       0.0000  -0.0000     -1.033 0.000   0 -99.00    0.0               0               0     0   0.0000   0.0000      0.000 0.000   0   0.00    0.027
2018-05-16-15:00:48 1.15  Mocks_Mamon/MockNFW160ellip0.5loga-2.08PA50center0.0_0.0With_background1num46.dat median-sep   0.0e+00 0 0 0 x     none      -0.0001   0.0002     -1.006 0.000   0 -99.00    0.0               0               0     0   0.0000   0.0000      0.000 0.000   0   0.00    0.027
2018-05-16-15:00:48 1.15  Mocks_Mamon/MockNFW160ellip0.5loga-2.08PA50center0.0_0.0With_background1num47.dat median-sep   0.0e+00 0 0 0 x     none       0.0001   0.0001     -1.025 0.000   0 -99.00    0.0               0               0     0   0.0000   0.0000      0.000 0.000   0   0.00    0.027
2018-05-16-15:00:48 1.15  Mocks_Mamon/MockNFW160ellip0.5loga-2.08PA50center0.0_0.0With_background1num48.dat median-sep   0.0e+00 0 0 0 x     none       0.0000  -0.0002     -1.030 0.000   0 -99.00    0.0               0               0     0   0.0000   0.0000      0.000 0.000   0   0.00    0.027
2018-05-16-15:00:48 1.15  Mocks_Mamon/MockNFW160ellip0.5loga-2.08PA50center0.0_0.0With_background1num49.dat median-sep   0.0e+00 0 0 0 x     none       0.0000  -0.0001     -1.042 0.000   0 -99.00    0.0               0               0     0   0.0000   0.0000      0.000 0.000   0   0.00    0.027
2018-05-16-15:00:48 1.15  Mocks_Mamon/MockNFW160ellip0.5loga-2.08PA50center0.0_0.0With_background1num50.dat median-sep   0.0e+00 0 0 0 x     none      -0.0000   0.0002     -1.017 0.000   0 -99.00    0.0               0               0     0   0.0000   0.0000      0.000 0.000   0   0.00    0.027
2018-05-16-15:00:48 1.15  Mocks_Mamon/MockNFW160ellip0.5loga-2.08PA50center0.0_0.0With_background1num51.dat median-sep   0.0e+00 0 0 0 x     none      -0.0000   0.0000     -1.027 0.000   0 -99.00    0.0               0               0     0   0.0000   0.0000      0.000 0.000   0   0.00    0.027
2018-05-16-15:00:48 1.15  Mocks_Mamon/MockNFW160ellip0.5loga-2.08PA50center0.0_0.0With_background1num52.dat median-sep   0.0e+00 0 0 0 x     none       0.0002   0.0001     -1.044 0.000   0 -99.00    0.0               0               0     0   0.0000   0.0000      0.000 0.000   0   0.00    0.028
2018-05-16-15:00:48 1.15  Mocks_Mamon/MockNFW160ellip0.5loga-2.08PA50center0.0_0.0With_background1num53.dat median-sep   0.0e+00 0 0 0 x     none      -0.0003  -0.0001     -1.026 0.000   0 -99.00    0.0               0               0     0   0.0000   0.0000      0.000 0.000   0   0.00    0.027
2018-05-16-15:00:48 1.15  Mocks_Mamon/MockNFW160ellip0.5loga-2.08PA50center0.0_0.0With_background1num54.dat median-sep   0.0e+00 0 0 0 x     none       0.0001  -0.0001     -1.039 0.000   0 -99.00    0.0               0               0     0   0.0000   0.0000      0.000 0.000   0   0.00    0.027
2018-05-16-15:00:48 1.15  Mocks_Mamon/MockNFW160ellip0.5loga-2.08PA50center0.0_0.0With_background1num55.dat median-sep   0.0e+00 0 0 0 x     none       0.0000  -0.0001     -1.031 0.000   0 -99.00    0.0               0               0     0   0.0000   0.0000      0.000 0.000   0   0.00    0.027
2018-05-16-15:00:48 1.15  Mocks_Mamon/MockNFW160ellip0.5loga-2.08PA50center0.0_0.0With_background1num56.dat median-sep   0.0e+00 0 0 0 x     none      -0.0001  -0.0001     -1.060 0.000   0 -99.00    0.0               0               0     0   0.0000   0.0000      0.000 0.000   0   0.00    0.028
2018-05-16-15:00:48 1.15  Mocks_Mamon/MockNFW160ellip0.5loga-2.08PA50center0.0_0.0With_background1num57.dat median-sep   0.0e+00 0 0 0 x     none       0.0001   0.0000     -1.039 0.000   0 -99.00    0.0               0               0     0   0.0000   0.0000      0.000 0.000   0   0.00    0.027
2018-05-16-15:00:48 1.15  Mocks_Mamon/MockNFW160ellip0.5loga-2.08PA50center0.0_0.0With_background1num58.dat median-sep   0.0e+00 0 0 0 x     none       0.0001   0.0001     -1.034 0.000   0 -99.00    0.0               0               0     0   0.0000   0.0000      0.000 0.000   0   0.00    0.027
2018-05-16-15:00:48 1.15  Mocks_Mamon/MockNFW160ellip0.5loga-2.08PA50center0.0_0.0With_background1num59.dat median-sep   0.0e+00 0 0 0 x     none      -0.0000   0.0003     -1.064 0.000   0 -99.00    0.0               0               0     0   0.0000   0.0000      0.000 0.000   0   0.00    0.027
2018-05-16-15:00:48 1.15  Mocks_Mamon/MockNFW160ellip0.5loga-2.08PA50center0.0_0.0With_background1num60.dat median-sep   0.0e+00 0 0 0 x     none       0.0003  -0.0001     -1.032 0.000   0 -99.00    0.0               0               0     0   0.0000   0.0000      0.000 0.000   0   0.00    0.027
2018-05-16-15:00:48 1.15  Mocks_Mamon/MockNFW160ellip0.5loga-2.08PA50center0.0_0.0With_background1num61.dat median-sep   0.0e+00 0 0 0 x     none       0.0001   0.0000     -1.024 0.000   0 -99.00    0.0               0               0     0   0.0000   0.0000      0.000 0.000   0   0.00    0.027
2018-05-16-15:00:48 1.15  Mocks_Mamon/MockNFW160ellip0.5loga-2.08PA50center0.0_0.0With_background1num62.dat median-sep   0.0e+00 0 0 0 x     none      -0.0001  -0.0007     -1.041 0.000   0 -99.00    0.0               0               0     0   0.0000   0.0000      0.000 0.000   0   0.00    0.027
2018-05-16-15:00:48 1.15  Mocks_Mamon/MockNFW160ellip0.5loga-2.08PA50center0.0_0.0With_background1num63.dat median-sep   0.0e+00 0 0 0 x     none       0.0001   0.0002     -1.045 0.000   0 -99.00    0.0               0               0     0   0.0000   0.0000      0.000 0.000   0   0.00    0.027
2018-05-16-15:00:48 1.15  Mocks_Mamon/MockNFW160ellip0.5loga-2.08PA50center0.0_0.0With_background1num64.dat median-sep   0.0e+00 0 0 0 x     none       0.0001   0.0000     -1.024 0.000   0 -99.00    0.0               0               0     0   0.0000   0.0000      0.000 0.000   0   0.00    0.028
2018-05-16-15:00:48 1.15  Mocks_Mamon/MockNFW160ellip0.5loga-2.08PA50center0.0_0.0With_background1num65.dat median-sep   0.0e+00 0 0 0 x     none      -0.0002   0.0000     -1.026 0.000   0 -99.00    0.0               0               0     0   0.0000   0.0000      0.000 0.000   0   0.00    0.027
2018-05-16-15:00:48 1.15  Mocks_Mamon/MockNFW160ellip0.5loga-2.08PA50center0.0_0.0With_background1num66.dat median-sep   0.0e+00 0 0 0 x     none       0.0000   0.0001     -1.053 0.000   0 -99.00    0.0               0               0     0   0.0000   0.0000      0.000 0.000   0   0.00    0.028
2018-05-16-15:00:48 1.15  Mocks_Mamon/MockNFW160ellip0.5loga-2.08PA50center0.0_0.0With_background1num67.dat median-sep   0.0e+00 0 0 0 x     none       0.0001   0.0001     -1.062 0.000   0 -99.00    0.0               0               0     0   0.0000   0.0000      0.000 0.000   0   0.00    0.028
2018-05-16-15:00:48 1.15  Mocks_Mamon/MockNFW160ellip0.5loga-2.08PA50center0.0_0.0With_background1num68.dat median-sep   0.0e+00 0 0 0 x     none      -0.0003  -0.0001     -1.067 0.000   0 -99.00    0.0               0               0     0   0.0000   0.0000      0.000 0.000   0   0.00    0.035
2018-05-16-15:00:48 1.15  Mocks_Mamon/MockNFW160ellip0.5loga-2.08PA50center0.0_0.0With_background1num69.dat median-sep   0.0e+00 0 0 0 x     none       0.0002  -0.0004     -1.047 0.000   0 -99.00    0.0               0               0     0   0.0000   0.0000      0.000 0.000   0   0.00    0.027
2018-05-16-15:00:48 1.15  Mocks_Mamon/MockNFW160ellip0.5loga-2.08PA50center0.0_0.0With_background1num70.dat median-sep   0.0e+00 0 0 0 x     none       0.0001  -0.0002     -1.039 0.000   0 -99.00    0.0               0               0     0   0.0000   0.0000      0.000 0.000   0   0.00    0.027
2018-05-16-15:00:48 1.15  Mocks_Mamon/MockNFW160ellip0.5loga-2.08PA50center0.0_0.0With_background1num71.dat median-sep   0.0e+00 0 0 0 x     none      -0.0001  -0.0000     -1.032 0.000   0 -99.00    0.0               0               0     0   0.0000   0.0000      0.000 0.000   0   0.00    0.027
2018-05-16-15:00:48 1.15  Mocks_Mamon/MockNFW160ellip0.5loga-2.08PA50center0.0_0.0With_background1num72.dat median-sep   0.0e+00 0 0 0 x     none      -0.0002   0.0001     -1.041 0.000   0 -99.00    0.0               0               0     0   0.0000   0.0000      0.000 0.000   0   0.00    0.027
2018-05-16-15:00:48 1.15  Mocks_Mamon/MockNFW160ellip0.5loga-2.08PA50center0.0_0.0With_background1num73.dat median-sep   0.0e+00 0 0 0 x     none      -0.0000  -0.0003     -1.048 0.000   0 -99.00    0.0               0               0     0   0.0000   0.0000      0.000 0.000   0   0.00    0.027
2018-05-16-15:00:48 1.15  Mocks_Mamon/MockNFW160ellip0.5loga-2.08PA50center0.0_0.0With_background1num74.dat median-sep   0.0e+00 0 0 0 x     none      -0.0002  -0.0000     -1.027 0.000   0 -99.00    0.0               0               0     0   0.0000   0.0000      0.000 0.000   0   0.00    0.027
2018-05-16-15:00:48 1.15  Mocks_Mamon/MockNFW160ellip0.5loga-2.08PA50center0.0_0.0With_background1num75.dat median-sep   0.0e+00 0 0 0 x     none      -0.0000   0.0002     -1.055 0.000   0 -99.00    0.0               0               0     0   0.0000   0.0000      0.000 0.000   0   0.00    0.028
2018-05-16-15:00:48 1.15  Mocks_Mamon/MockNFW160ellip0.5loga-2.08PA50center0.0_0.0With_background1num76.dat median-sep   0.0e+00 0 0 0 x     none      -0.0002  -0.0001     -1.027 0.000   0 -99.00    0.0               0               0     0   0.0000   0.0000      0.000 0.000   0   0.00    0.027
2018-05-16-15:00:48 1.15  Mocks_Mamon/MockNFW160ellip0.5loga-2.08PA50center0.0_0.0With_background1num77.dat median-sep   0.0e+00 0 0 0 x     none       0.0000   0.0002     -1.053 0.000   0 -99.00    0.0               0               0     0   0.0000   0.0000      0.000 0.000   0   0.00    0.027
2018-05-16-15:00:48 1.15  Mocks_Mamon/MockNFW160ellip0.5loga-2.08PA50center0.0_0.0With_background1num78.dat median-sep   0.0e+00 0 0 0 x     none      -0.0000   0.0000     -1.047 0.000   0 -99.00    0.0               0               0     0   0.0000   0.0000      0.000 0.000   0   0.00    0.027
2018-05-16-15:00:48 1.15  Mocks_Mamon/MockNFW160ellip0.5loga-2.08PA50center0.0_0.0With_background1num79.dat median-sep   0.0e+00 0 0 0 x     none       0.0000  -0.0001     -1.024 0.000   0 -99.00    0.0               0               0     0   0.0000   0.0000      0.000 0.000   0   0.00    0.027
2018-05-16-15:00:48 1.15  Mocks_Mamon/MockNFW160ellip0.5loga-2.08PA50center0.0_0.0With_background1num80.dat median-sep   0.0e+00 0 0 0 x     none      -0.0001   0.0001     -1.024 0.000   0 -99.00    0.0               0               0     0   0.0000   0.0000      0.000 0.000   0   0.00    0.027
2018-05-16-15:00:48 1.15  Mocks_Mamon/MockNFW160ellip0.5loga-2.08PA50center0.0_0.0With_background1num81.dat median-sep   0.0e+00 0 0 0 x     none      -0.0001   0.0001     -1.050 0.000   0 -99.00    0.0               0               0     0   0.0000   0.0000      0.000 0.000   0   0.00    0.027
2018-05-16-15:00:48 1.15  Mocks_Mamon/MockNFW160ellip0.5loga-2.08PA50center0.0_0.0With_background1num82.dat median-sep   0.0e+00 0 0 0 x     none       0.0000   0.0001     -1.027 0.000   0 -99.00    0.0               0               0     0   0.0000   0.0000      0.000 0.000   0   0.00    0.026
2018-05-16-15:00:48 1.15  Mocks_Mamon/MockNFW160ellip0.5loga-2.08PA50center0.0_0.0With_background1num83.dat median-sep   0.0e+00 0 0 0 x     none       0.0000   0.0001     -1.049 0.000   0 -99.00    0.0               0               0     0   0.0000   0.0000      0.000 0.000   0   0.00    0.027
2018-05-16-15:00:48 1.15  Mocks_Mamon/MockNFW160ellip0.5loga-2.08PA50center0.0_0.0With_background1num84.dat median-sep   0.0e+00 0 0 0 x     none      -0.0000   0.0000     -1.027 0.000   0 -99.00    0.0               0               0     0   0.0000   0.0000      0.000 0.000   0   0.00    0.026
2018-05-16-15:00:48 1.15  Mocks_Mamon/MockNFW160ellip0.5loga-2.08PA50center0.0_0.0With_background1num85.dat median-sep   0.0e+00 0 0 0 x     none      -0.0001  -0.0000     -1.035 0.000   0 -99.00    0.0               0               0     0   0.0000   0.0000      0.000 0.000   0   0.00    0.026
2018-05-16-15:00:48 1.15  Mocks_Mamon/MockNFW160ellip0.5loga-2.08PA50center0.0_0.0With_background1num86.dat median-sep   0.0e+00 0 0 0 x     none       0.0001   0.0000     -1.037 0.000   0 -99.00    0.0               0               0     0   0.0000   0.0000      0.000 0.000   0   0.00    0.027
2018-05-16-15:00:48 1.15  Mocks_Mamon/MockNFW160ellip0.5loga-2.08PA50center0.0_0.0With_background1num87.dat median-sep   0.0e+00 0 0 0 x     none      -0.0000   0.0001     -1.033 0.000   0 -99.00    0.0               0               0     0   0.0000   0.0000      0.000 0.000   0   0.00    0.027
2018-05-16-15:00:48 1.15  Mocks_Mamon/MockNFW160ellip0.5loga-2.08PA50center0.0_0.0With_background1num88.dat median-sep   0.0e+00 0 0 0 x     none       0.0001   0.0001     -1.013 0.000   0 -99.00    0.0               0               0     0   0.0000   0.0000      0.000 0.000   0   0.00    0.026
2018-05-16-15:00:48 1.15  Mocks_Mamon/MockNFW160ellip0.5loga-2.08PA50center0.0_0.0With_background1num89.dat median-sep   0.0e+00 0 0 0 x     none      -0.0001  -0.0001     -1.043 0.000   0 -99.00    0.0               0               0     0   0.0000   0.0000      0.000 0.000   0   0.00    0.026
2018-05-16-15:00:48 1.15  Mocks_Mamon/MockNFW160ellip0.5loga-2.08PA50center0.0_0.0With_background1num90.dat median-sep   0.0e+00 0 0 0 x     none       0.0000  -0.0000     -1.014 0.000   0 -99.00    0.0               0               0     0   0.0000   0.0000      0.000 0.000   0   0.00    0.026
2018-05-16-15:00:48 1.15  Mocks_Mamon/MockNFW160ellip0.5loga-2.08PA50center0.0_0.0With_background1num91.dat median-sep   0.0e+00 0 0 0 x     none       0.0000   0.0000     -1.040 0.000   0 -99.00    0.0               0               0     0   0.0000   0.0000      0.000 0.000   0   0.00    0.027
2018-05-16-15:00:48 1.15  Mocks_Mamon/MockNFW160ellip0.5loga-2.08PA50center0.0_0.0With_background1num92.dat median-sep   0.0e+00 0 0 0 x     none       0.0000   0.0000     -1.041 0.000   0 -99.00    0.0               0               0     0   0.0000   0.0000      0.000 0.000   0   0.00    0.027
2018-05-16-15:00:48 1.15  Mocks_Mamon/MockNFW160ellip0.5loga-2.08PA50center0.0_0.0With_background1num93.dat median-sep   0.0e+00 0 0 0 x     none      -0.0000  -0.0001     -1.022 0.000   0 -99.00    0.0               0               0     0   0.0000   0.0000      0.000 0.000   0   0.00    0.027
2018-05-16-15:00:48 1.15  Mocks_Mamon/MockNFW160ellip0.5loga-2.08PA50center0.0_0.0With_background1num94.dat median-sep   0.0e+00 0 0 0 x     none       0.0000   0.0000     -1.033 0.000   0 -99.00    0.0               0               0     0   0.0000   0.0000      0.000 0.000   0   0.00    0.027
2018-05-16-15:00:48 1.15  Mocks_Mamon/MockNFW160ellip0.5loga-2.08PA50center0.0_0.0With_background1num95.dat median-sep   0.0e+00 0 0 0 x     none       0.0000  -0.0001     -1.011 0.000   0 -99.00    0.0               0               0     0   0.0000   0.0000      0.000 0.000   0   0.00    0.026
2018-05-16-15:00:48 1.15  Mocks_Mamon/MockNFW160ellip0.5loga-2.08PA50center0.0_0.0With_background1num96.dat median-sep   0.0e+00 0 0 0 x     none      -0.0001  -0.0000     -1.027 0.000   0 -99.00    0.0               0               0     0   0.0000   0.0000      0.000 0.000   0   0.00    0.027
2018-05-16-15:00:48 1.15  Mocks_Mamon/MockNFW160ellip0.5loga-2.08PA50center0.0_0.0With_background1num97.dat median-sep   0.0e+00 0 0 0 x     none      -0.0001   0.0001     -1.036 0.000   0 -99.00    0.0               0               0     0   0.0000   0.0000      0.000 0.000   0   0.00    0.026
2018-05-16-15:00:48 1.15  Mocks_Mamon/MockNFW160ellip0.5loga-2.08PA50center0.0_0.0With_background1num98.dat median-sep   0.0e+00 0 0 0 x     none       0.0000  -0.0001     -1.031 0.000   0 -99.00    0.0               0               0     0   0.0000   0.0000      0.000 0.000   0   0.00    0.027
2018-05-16-15:00:48 1.15  Mocks_Mamon/MockNFW160ellip0.5loga-2.08PA50center0.0_0.0With_background1num99.dat median-sep   0.0e+00 0 0 0 x     none       0.0000   0.0003     -1.015 0.000   0 -99.00    0.0               0               0     0   0.0000   0.0000      0.000 0.000   0   0.00    0.026
