2018-05-16-15:00:12 1.15  Mocks_Mamon/MockNFW160ellip0.5loga-2.08PA50center0.0_0.0With_background1num0.dat Nelder-Mead  1.0e-04 0 1 0 0     NFW        0.0000   0.0000     -1.139 0.109   6 -99.00   96.2       -721.0148       -1424.464   243   0.0000   0.0000     -1.085 0.109   6 -99.00    0.066
2018-05-16-15:00:12 1.15  Mocks_Mamon/MockNFW160ellip0.5loga-2.08PA50center0.0_0.0With_background1num1.dat Nelder-Mead  1.0e-04 0 1 0 0     NFW      360.0000  -0.0001     -1.081 0.030 178 -99.00  122.6       -771.4238       -1525.274   243 360.0000  -0.0001     -1.030 0.030 178 -99.00    0.063
2018-05-16-15:00:12 1.15  Mocks_Mamon/MockNFW160ellip0.5loga-2.08PA50center0.0_0.0With_background1num2.dat Nelder-Mead  1.0e-04 0 1 0 0     NFW        0.0001  -0.0001     -1.187 0.054 149 -99.00   92.0       -779.4329       -1541.283   243   0.0001  -0.0001     -1.130 0.054 149 -99.00    0.065
2018-05-16-15:00:12 1.15  Mocks_Mamon/MockNFW160ellip0.5loga-2.08PA50center0.0_0.0With_background1num3.dat Nelder-Mead  1.0e-04 0 1 0 0     NFW        0.0002   0.0004     -1.089 0.037 171 -99.00  119.9       -775.2028       -1532.798   243   0.0002   0.0004     -1.037 0.037 171 -99.00    0.065
2018-05-16-15:00:12 1.15  Mocks_Mamon/MockNFW160ellip0.5loga-2.08PA50center0.0_0.0With_background1num4.dat Nelder-Mead  1.0e-04 0 1 0 0     NFW      360.0000   0.0001     -1.143 0.035  16 -99.00  108.3       -805.6767       -1593.762   243 360.0000   0.0001     -1.089 0.035  16 -99.00    0.065
2018-05-16-15:00:12 1.15  Mocks_Mamon/MockNFW160ellip0.5loga-2.08PA50center0.0_0.0With_background1num5.dat Nelder-Mead  1.0e-04 0 1 0 0     NFW      360.0000   0.0000     -1.193 0.072  40 -99.00   91.8       -783.3819        -1549.19   243 360.0000   0.0000     -1.136 0.072  40 -99.00    0.068
2018-05-16-15:00:12 1.15  Mocks_Mamon/MockNFW160ellip0.5loga-2.08PA50center0.0_0.0With_background1num6.dat Nelder-Mead  1.0e-04 0 1 0 0     NFW        0.0003   0.0002     -1.159 0.071  14 -99.00   95.8       -741.8897        -1466.18   243   0.0003   0.0002     -1.103 0.071  14 -99.00    0.064
2018-05-16-15:00:12 1.15  Mocks_Mamon/MockNFW160ellip0.5loga-2.08PA50center0.0_0.0With_background1num7.dat Nelder-Mead  1.0e-04 0 1 0 0     NFW      359.9999  -0.0002     -1.134 0.079   1 -99.00   97.9       -703.3097       -1389.037   243 359.9999  -0.0002     -1.080 0.079   1 -99.00    0.064
2018-05-16-15:00:12 1.15  Mocks_Mamon/MockNFW160ellip0.5loga-2.08PA50center0.0_0.0With_background1num8.dat Nelder-Mead  1.0e-04 0 1 0 0     NFW        0.0000   0.0001     -1.115 0.037 143 -99.00  114.8       -795.3602       -1573.113   243   0.0000   0.0001     -1.062 0.037 143 -99.00    0.066
2018-05-16-15:00:12 1.15  Mocks_Mamon/MockNFW160ellip0.5loga-2.08PA50center0.0_0.0With_background1num9.dat Nelder-Mead  1.0e-04 0 1 0 0     NFW      360.0000   0.0000     -1.090 0.056 166 -99.00  114.5       -729.3611       -1441.106   243 360.0000   0.0000     -1.038 0.056 166 -99.00    0.066
2018-05-16-15:00:12 1.15  Mocks_Mamon/MockNFW160ellip0.5loga-2.08PA50center0.0_0.0With_background1num10.dat Nelder-Mead  1.0e-04 0 1 0 0     NFW      359.9998   0.0002     -1.075 0.037 157 -99.00  120.2       -746.5998       -1475.626   243 359.9998   0.0002     -1.023 0.037 157 -99.00    0.065
2018-05-16-15:00:12 1.15  Mocks_Mamon/MockNFW160ellip0.5loga-2.08PA50center0.0_0.0With_background1num11.dat Nelder-Mead  1.0e-04 0 1 0 0     NFW        0.0001  -0.0000     -1.176 0.055 152 -99.00  102.1       -833.8812       -1650.146   243   0.0001  -0.0000     -1.120 0.055 152 -99.00    0.067
2018-05-16-15:00:12 1.15  Mocks_Mamon/MockNFW160ellip0.5loga-2.08PA50center0.0_0.0With_background1num12.dat Nelder-Mead  1.0e-04 0 1 0 0     NFW      359.9999   0.0000     -1.125 0.101 146 -99.00  113.3       -806.1629       -1594.718   243 359.9999   0.0000     -1.072 0.101 146 -99.00    0.068
2018-05-16-15:00:12 1.15  Mocks_Mamon/MockNFW160ellip0.5loga-2.08PA50center0.0_0.0With_background1num13.dat Nelder-Mead  1.0e-04 0 1 0 0     NFW      360.0000  -0.0001     -1.130 0.111 141 -99.00  107.0       -767.4747       -1517.384   243 360.0000  -0.0001     -1.076 0.111 141 -99.00    0.065
2018-05-16-15:00:12 1.15  Mocks_Mamon/MockNFW160ellip0.5loga-2.08PA50center0.0_0.0With_background1num14.dat Nelder-Mead  1.0e-04 0 1 0 0     NFW        0.0000   0.0000     -1.106 0.006 146 -99.00  115.2       -783.0126       -1548.451   243   0.0000   0.0000     -1.053 0.006 146 -99.00    0.067
2018-05-16-15:00:12 1.15  Mocks_Mamon/MockNFW160ellip0.5loga-2.08PA50center0.0_0.0With_background1num15.dat Nelder-Mead  1.0e-04 0 1 0 0     NFW        0.0000   0.0002     -1.130 0.069 138 -99.00  112.3       -812.6198       -1607.632   243   0.0000   0.0002     -1.076 0.069 138 -99.00    0.065
2018-05-16-15:00:12 1.15  Mocks_Mamon/MockNFW160ellip0.5loga-2.08PA50center0.0_0.0With_background1num16.dat Nelder-Mead  1.0e-04 0 1 0 0     NFW      359.9999   0.0001     -1.172 0.084 177 -99.00   99.0       -797.4068       -1577.231   243 359.9999   0.0001     -1.117 0.084 177 -99.00    0.065
2018-05-16-15:00:12 1.15  Mocks_Mamon/MockNFW160ellip0.5loga-2.08PA50center0.0_0.0With_background1num17.dat Nelder-Mead  1.0e-04 0 1 0 0     NFW        0.0000  -0.0000     -1.243 0.141 140 -99.00   81.9       -789.9599       -1562.312   243   0.0000  -0.0000     -1.184 0.141 140 -99.00    0.066
2018-05-16-15:00:12 1.15  Mocks_Mamon/MockNFW160ellip0.5loga-2.08PA50center0.0_0.0With_background1num18.dat Nelder-Mead  1.0e-04 0 1 0 0     NFW        0.0006   0.0000     -1.137 0.090   8 -99.00  101.8       -748.9593       -1480.319   243   0.0006   0.0000     -1.083 0.090   8 -99.00    0.066
2018-05-16-15:00:12 1.15  Mocks_Mamon/MockNFW160ellip0.5loga-2.08PA50center0.0_0.0With_background1num19.dat Nelder-Mead  1.0e-04 0 1 0 0     NFW      360.0000   0.0000     -1.111 0.100   8 -99.00  112.7       -755.3676       -1493.153   243 360.0000   0.0000     -1.058 0.100   8 -99.00    0.067
2018-05-16-15:00:12 1.15  Mocks_Mamon/MockNFW160ellip0.5loga-2.08PA50center0.0_0.0With_background1num20.dat Nelder-Mead  1.0e-04 0 1 0 0     NFW        0.0001   0.0000     -1.126 0.075 154 -99.00  104.5       -762.5343       -1507.529   243   0.0001   0.0000     -1.073 0.075 154 -99.00    0.066
2018-05-16-15:00:12 1.15  Mocks_Mamon/MockNFW160ellip0.5loga-2.08PA50center0.0_0.0With_background1num21.dat Nelder-Mead  1.0e-04 0 1 0 0     NFW      359.9998  -0.0001     -1.131 0.069  14 -99.00  106.3       -780.4296       -1543.277   243 359.9998  -0.0001     -1.077 0.069  14 -99.00    0.065
2018-05-16-15:00:12 1.15  Mocks_Mamon/MockNFW160ellip0.5loga-2.08PA50center0.0_0.0With_background1num22.dat Nelder-Mead  1.0e-04 0 1 0 0     NFW      359.9998  -0.0000     -1.049 0.059  11 -99.00  124.6       -713.1365       -1408.665   243 359.9998  -0.0000     -0.999 0.059  11 -99.00    0.066
2018-05-16-15:00:12 1.15  Mocks_Mamon/MockNFW160ellip0.5loga-2.08PA50center0.0_0.0With_background1num23.dat Nelder-Mead  1.0e-04 0 1 0 0     NFW        0.0001  -0.0000     -1.114 0.141  36 -99.00  113.4        -779.014       -1540.403   243   0.0001  -0.0000     -1.061 0.141  36 -99.00    0.066
2018-05-16-15:00:12 1.15  Mocks_Mamon/MockNFW160ellip0.5loga-2.08PA50center0.0_0.0With_background1num24.dat Nelder-Mead  1.0e-04 0 1 0 0     NFW      360.0000   0.0000     -1.183 0.114  38 -99.00   92.4       -772.5508       -1527.536   243 360.0000   0.0000     -1.127 0.114  38 -99.00    0.066
2018-05-16-15:00:12 1.15  Mocks_Mamon/MockNFW160ellip0.5loga-2.08PA50center0.0_0.0With_background1num25.dat Nelder-Mead  1.0e-04 0 1 0 0     NFW      360.0000   0.0002     -1.128 0.097  27 -99.00   99.2       -709.0206        -1400.45   243 360.0000   0.0002     -1.075 0.097  27 -99.00    0.064
2018-05-16-15:00:12 1.15  Mocks_Mamon/MockNFW160ellip0.5loga-2.08PA50center0.0_0.0With_background1num26.dat Nelder-Mead  1.0e-04 0 1 0 0     NFW      360.0000  -0.0000     -1.142 0.021  33 -99.00  103.7        -769.502       -1521.439   243 360.0000  -0.0000     -1.087 0.021  33 -99.00    0.068
2018-05-16-15:00:12 1.15  Mocks_Mamon/MockNFW160ellip0.5loga-2.08PA50center0.0_0.0With_background1num27.dat Nelder-Mead  1.0e-04 0 1 0 0     NFW      360.0000  -0.0002     -1.134 0.071  35 -99.00  118.6        -876.953       -1736.332   243 360.0000  -0.0002     -1.080 0.071  35 -99.00    0.066
2018-05-16-15:00:12 1.15  Mocks_Mamon/MockNFW160ellip0.5loga-2.08PA50center0.0_0.0With_background1num28.dat Nelder-Mead  1.0e-04 0 1 0 0     NFW        0.0001   0.0005     -1.148 0.105 150 -99.00  100.4       -769.1585       -1520.726   243   0.0001   0.0005     -1.093 0.105 150 -99.00    0.064
2018-05-16-15:00:12 1.15  Mocks_Mamon/MockNFW160ellip0.5loga-2.08PA50center0.0_0.0With_background1num29.dat Nelder-Mead  1.0e-04 0 1 0 0     NFW        0.0000  -0.0000     -1.089 0.087 180 -99.00  113.1       -740.2392       -1462.879   243   0.0000  -0.0000     -1.037 0.087 180 -99.00    0.064
2018-05-16-15:00:12 1.15  Mocks_Mamon/MockNFW160ellip0.5loga-2.08PA50center0.0_0.0With_background1num30.dat Nelder-Mead  1.0e-04 0 1 0 0     NFW      359.9998  -0.0000     -1.137 0.059  37 -99.00  102.7       -752.8343       -1488.138   243 359.9998  -0.0000     -1.083 0.059  37 -99.00    0.066
2018-05-16-15:00:12 1.15  Mocks_Mamon/MockNFW160ellip0.5loga-2.08PA50center0.0_0.0With_background1num31.dat Nelder-Mead  1.0e-04 0 1 0 0     NFW        0.0001  -0.0001     -1.089 0.028 171 -99.00  119.3       -763.5852       -1509.537   243   0.0001  -0.0001     -1.038 0.028 171 -99.00    0.065
2018-05-16-15:00:12 1.15  Mocks_Mamon/MockNFW160ellip0.5loga-2.08PA50center0.0_0.0With_background1num32.dat Nelder-Mead  1.0e-04 0 1 0 0     NFW      360.0000  -0.0000     -1.107 0.171  24 -99.00  108.1       -737.8645       -1458.121   243 360.0000  -0.0000     -1.054 0.171  24 -99.00    0.066
2018-05-16-15:00:12 1.15  Mocks_Mamon/MockNFW160ellip0.5loga-2.08PA50center0.0_0.0With_background1num33.dat Nelder-Mead  1.0e-04 0 1 0 0     NFW      360.0000  -0.0000     -1.167 0.059 155 -99.00  100.9       -802.3366       -1587.099   243 360.0000  -0.0000     -1.111 0.059 155 -99.00    0.066
2018-05-16-15:00:12 1.15  Mocks_Mamon/MockNFW160ellip0.5loga-2.08PA50center0.0_0.0With_background1num34.dat Nelder-Mead  1.0e-04 0 1 0 0     NFW        0.0005   0.0001     -1.160 0.094  37 -99.00   93.7       -733.3304       -1449.087   243   0.0005   0.0001     -1.105 0.094  37 -99.00    0.065
2018-05-16-15:00:12 1.15  Mocks_Mamon/MockNFW160ellip0.5loga-2.08PA50center0.0_0.0With_background1num35.dat Nelder-Mead  1.0e-04 0 1 0 0     NFW        0.0001   0.0001     -1.132 0.129  30 -99.00  107.8       -778.5461       -1539.527   243   0.0001   0.0001     -1.078 0.129  30 -99.00    0.065
2018-05-16-15:00:12 1.15  Mocks_Mamon/MockNFW160ellip0.5loga-2.08PA50center0.0_0.0With_background1num36.dat Nelder-Mead  1.0e-04 0 1 0 0     NFW      360.0000  -0.0001     -1.102 0.197  30 -99.00  110.9       -747.3103        -1477.03   243 360.0000  -0.0001     -1.050 0.197  30 -99.00    0.064
2018-05-16-15:00:12 1.15  Mocks_Mamon/MockNFW160ellip0.5loga-2.08PA50center0.0_0.0With_background1num37.dat Nelder-Mead  1.0e-04 0 1 0 0     NFW        0.0001  -0.0000     -1.075 0.054  41 -99.00  126.6        -780.584       -1543.569   243   0.0001  -0.0000     -1.024 0.054  41 -99.00    0.067
2018-05-16-15:00:12 1.15  Mocks_Mamon/MockNFW160ellip0.5loga-2.08PA50center0.0_0.0With_background1num38.dat Nelder-Mead  1.0e-04 0 1 0 0     NFW      359.9998   0.0000     -1.146 0.056  43 -99.00  101.1       -766.2031       -1514.841   243 359.9998   0.0000     -1.091 0.056  43 -99.00    0.067
2018-05-16-15:00:12 1.15  Mocks_Mamon/MockNFW160ellip0.5loga-2.08PA50center0.0_0.0With_background1num39.dat Nelder-Mead  1.0e-04 0 1 0 0     NFW      359.9996   0.0000     -1.084 0.115  32 -99.00  116.5       -745.0752       -1472.542   243 359.9996   0.0000     -1.032 0.115  32 -99.00    0.066
2018-05-16-15:00:12 1.15  Mocks_Mamon/MockNFW160ellip0.5loga-2.08PA50center0.0_0.0With_background1num40.dat Nelder-Mead  1.0e-04 0 1 0 0     NFW        0.0000  -0.0001     -1.146 0.162  32 -99.00   97.7       -731.9886       -1446.429   243   0.0000  -0.0001     -1.092 0.162  32 -99.00    0.065
2018-05-16-15:00:12 1.15  Mocks_Mamon/MockNFW160ellip0.5loga-2.08PA50center0.0_0.0With_background1num41.dat Nelder-Mead  1.0e-04 0 1 0 0     NFW        0.0000  -0.0001     -1.111 0.093 144 -99.00  109.8       -745.0324       -1472.482   243   0.0000  -0.0001     -1.058 0.093 144 -99.00    0.065
2018-05-16-15:00:12 1.15  Mocks_Mamon/MockNFW160ellip0.5loga-2.08PA50center0.0_0.0With_background1num42.dat Nelder-Mead  1.0e-04 0 1 0 0     NFW      359.9999   0.0001     -1.102 0.050   3 -99.00  108.6       -731.0262        -1444.47   243 359.9999   0.0001     -1.049 0.050   3 -99.00    0.065
2018-05-16-15:00:12 1.15  Mocks_Mamon/MockNFW160ellip0.5loga-2.08PA50center0.0_0.0With_background1num43.dat Nelder-Mead  1.0e-04 0 1 0 0     NFW      360.0000  -0.0004     -1.150 0.137 174 -99.00   95.4       -711.6899        -1405.78   243 360.0000  -0.0004     -1.095 0.137 174 -99.00    0.063
2018-05-16-15:00:12 1.15  Mocks_Mamon/MockNFW160ellip0.5loga-2.08PA50center0.0_0.0With_background1num44.dat Nelder-Mead  1.0e-04 0 1 0 0     NFW      360.0000   0.0001     -1.157 0.092   9 -99.00   94.7         -739.07       -1460.541   243 360.0000   0.0001     -1.102 0.092   9 -99.00    0.065
2018-05-16-15:00:12 1.15  Mocks_Mamon/MockNFW160ellip0.5loga-2.08PA50center0.0_0.0With_background1num45.dat Nelder-Mead  1.0e-04 0 1 0 0     NFW        0.0000  -0.0000     -1.138 0.154  27 -99.00  103.2       -760.8907       -1504.174   243   0.0000  -0.0000     -1.083 0.154  27 -99.00    0.066
2018-05-16-15:00:12 1.15  Mocks_Mamon/MockNFW160ellip0.5loga-2.08PA50center0.0_0.0With_background1num46.dat Nelder-Mead  1.0e-04 0 1 0 0     NFW      359.9999   0.0002     -1.081 0.112 155 -99.00  107.1       -672.2521       -1326.913   243 359.9999   0.0002     -1.030 0.112 155 -99.00    0.064
2018-05-16-15:00:12 1.15  Mocks_Mamon/MockNFW160ellip0.5loga-2.08PA50center0.0_0.0With_background1num47.dat Nelder-Mead  1.0e-04 0 1 0 0     NFW        0.0001   0.0001     -1.116 0.087 141 -99.00  110.3       -759.6612       -1501.749   243   0.0001   0.0001     -1.063 0.087 141 -99.00    0.066
2018-05-16-15:00:12 1.15  Mocks_Mamon/MockNFW160ellip0.5loga-2.08PA50center0.0_0.0With_background1num48.dat Nelder-Mead  1.0e-04 0 1 0 0     NFW        0.0000  -0.0002     -1.128 0.182   7 -99.00  106.5       -766.0732       -1514.556   243   0.0000  -0.0002     -1.074 0.182   7 -99.00    0.064
2018-05-16-15:00:12 1.15  Mocks_Mamon/MockNFW160ellip0.5loga-2.08PA50center0.0_0.0With_background1num49.dat Nelder-Mead  1.0e-04 0 1 0 0     NFW        0.0000  -0.0001     -1.141 0.084 148 -99.00  107.9       -801.9062       -1586.239   243   0.0000  -0.0001     -1.086 0.084 148 -99.00    0.066
2018-05-16-15:00:12 1.15  Mocks_Mamon/MockNFW160ellip0.5loga-2.08PA50center0.0_0.0With_background1num50.dat Nelder-Mead  1.0e-04 0 1 0 0     NFW      360.0000   0.0002     -1.153 0.164  30 -99.00  101.2       -788.3648        -1559.13   243 360.0000   0.0002     -1.098 0.164  30 -99.00    0.065
2018-05-16-15:00:12 1.15  Mocks_Mamon/MockNFW160ellip0.5loga-2.08PA50center0.0_0.0With_background1num51.dat Nelder-Mead  1.0e-04 0 1 0 0     NFW      360.0000   0.0000     -1.148 0.167  36 -99.00   99.1       -751.3517       -1485.121   243 360.0000   0.0000     -1.093 0.167  36 -99.00    0.067
2018-05-16-15:00:12 1.15  Mocks_Mamon/MockNFW160ellip0.5loga-2.08PA50center0.0_0.0With_background1num52.dat Nelder-Mead  1.0e-04 0 1 0 0     NFW        0.0002   0.0001     -1.125 0.119 138 -99.00  107.5       -747.9723       -1478.311   243   0.0002   0.0001     -1.071 0.119 138 -99.00    0.065
2018-05-16-15:00:12 1.15  Mocks_Mamon/MockNFW160ellip0.5loga-2.08PA50center0.0_0.0With_background1num53.dat Nelder-Mead  1.0e-04 0 1 0 0     NFW      359.9997  -0.0001     -1.127 0.096 147 -99.00  106.2       -748.3027       -1478.998   243 359.9997  -0.0001     -1.073 0.096 147 -99.00    0.065
2018-05-16-15:00:12 1.15  Mocks_Mamon/MockNFW160ellip0.5loga-2.08PA50center0.0_0.0With_background1num54.dat Nelder-Mead  1.0e-04 0 1 0 0     NFW        0.0001  -0.0001     -1.121 0.148  25 -99.00  104.9       -731.2319       -1444.848   243   0.0001  -0.0001     -1.067 0.148  25 -99.00    0.065
2018-05-16-15:00:12 1.15  Mocks_Mamon/MockNFW160ellip0.5loga-2.08PA50center0.0_0.0With_background1num55.dat Nelder-Mead  1.0e-04 0 1 0 0     NFW        0.0000  -0.0001     -1.071 0.105  21 -99.00  119.5       -745.4652       -1473.339   243   0.0000  -0.0001     -1.020 0.105  21 -99.00    0.065
2018-05-16-15:00:12 1.15  Mocks_Mamon/MockNFW160ellip0.5loga-2.08PA50center0.0_0.0With_background1num56.dat Nelder-Mead  1.0e-04 0 1 0 0     NFW      359.9999  -0.0001     -1.228 0.060  26 -99.00   94.3       -886.6879       -1755.751   243 359.9999  -0.0001     -1.170 0.060  26 -99.00    0.066
2018-05-16-15:00:12 1.15  Mocks_Mamon/MockNFW160ellip0.5loga-2.08PA50center0.0_0.0With_background1num57.dat Nelder-Mead  1.0e-04 0 1 0 0     NFW        0.0001   0.0000     -1.150 0.080 166 -99.00  103.5       -781.8869       -1546.157   243   0.0001   0.0000     -1.095 0.080 166 -99.00    0.066
2018-05-16-15:00:12 1.15  Mocks_Mamon/MockNFW160ellip0.5loga-2.08PA50center0.0_0.0With_background1num58.dat Nelder-Mead  1.0e-04 0 1 0 0     NFW        0.0001   0.0001     -1.144 0.103 153 -99.00  103.4       -777.5749       -1537.517   243   0.0001   0.0001     -1.090 0.103 153 -99.00    0.065
2018-05-16-15:00:12 1.15  Mocks_Mamon/MockNFW160ellip0.5loga-2.08PA50center0.0_0.0With_background1num59.dat Nelder-Mead  1.0e-04 0 1 0 0     NFW      360.0000   0.0003     -1.152 0.096 163 -99.00  114.0        -875.157       -1732.698   243 360.0000   0.0003     -1.097 0.096 163 -99.00    0.065
2018-05-16-15:00:12 1.15  Mocks_Mamon/MockNFW160ellip0.5loga-2.08PA50center0.0_0.0With_background1num60.dat Nelder-Mead  1.0e-04 0 1 0 0     NFW        0.0003  -0.0001     -1.132 0.041  39 -99.00   99.4       -722.8881       -1428.211   243   0.0003  -0.0001     -1.078 0.041  39 -99.00    0.065
2018-05-16-15:00:12 1.15  Mocks_Mamon/MockNFW160ellip0.5loga-2.08PA50center0.0_0.0With_background1num61.dat Nelder-Mead  1.0e-04 0 1 0 0     NFW        0.0001   0.0000     -1.129 0.035 170 -99.00  106.5       -770.2543       -1522.935   243   0.0001   0.0000     -1.075 0.035 170 -99.00    0.066
2018-05-16-15:00:12 1.15  Mocks_Mamon/MockNFW160ellip0.5loga-2.08PA50center0.0_0.0With_background1num62.dat Nelder-Mead  1.0e-04 0 1 0 0     NFW      359.9999  -0.0007     -1.153 0.070  39 -99.00  103.9       -803.5856       -1589.589   243 359.9999  -0.0007     -1.098 0.070  39 -99.00    0.064
2018-05-16-15:00:12 1.15  Mocks_Mamon/MockNFW160ellip0.5loga-2.08PA50center0.0_0.0With_background1num63.dat Nelder-Mead  1.0e-04 0 1 0 0     NFW        0.0001   0.0002     -1.170 0.066 159 -99.00  100.5       -809.1514       -1600.703   243   0.0001   0.0002     -1.114 0.066 159 -99.00    0.065
2018-05-16-15:00:12 1.15  Mocks_Mamon/MockNFW160ellip0.5loga-2.08PA50center0.0_0.0With_background1num64.dat Nelder-Mead  1.0e-04 0 1 0 0     NFW        0.0001   0.0000     -1.161 0.130 137 -99.00   96.5       -773.4721       -1529.345   243   0.0001   0.0000     -1.105 0.130 137 -99.00    0.066
2018-05-16-15:00:12 1.15  Mocks_Mamon/MockNFW160ellip0.5loga-2.08PA50center0.0_0.0With_background1num65.dat Nelder-Mead  1.0e-04 0 1 0 0     NFW      359.9998   0.0000     -1.098 0.045 138 -99.00  113.3       -750.5766       -1483.588   243 359.9998   0.0000     -1.046 0.045 138 -99.00    0.066
2018-05-16-15:00:12 1.15  Mocks_Mamon/MockNFW160ellip0.5loga-2.08PA50center0.0_0.0With_background1num66.dat Nelder-Mead  1.0e-04 0 1 0 0     NFW        0.0000   0.0001     -1.168 0.059 153 -99.00   97.8       -775.8963       -1534.151   243   0.0000   0.0001     -1.112 0.059 153 -99.00    0.066
2018-05-16-15:00:12 1.15  Mocks_Mamon/MockNFW160ellip0.5loga-2.08PA50center0.0_0.0With_background1num67.dat Nelder-Mead  1.0e-04 0 1 0 0     NFW        0.0001   0.0001     -1.183 0.060  35 -99.00  102.6       -864.3021       -1710.988   243   0.0001   0.0001     -1.127 0.060  35 -99.00    0.066
2018-05-16-15:00:12 1.15  Mocks_Mamon/MockNFW160ellip0.5loga-2.08PA50center0.0_0.0With_background1num68.dat Nelder-Mead  1.0e-04 0 1 0 0     NFW      359.9997  -0.0001     -1.167 0.078 149 -99.00  106.6       -854.3606       -1691.113   243 359.9997  -0.0001     -1.112 0.078 149 -99.00    0.066
2018-05-16-15:00:12 1.15  Mocks_Mamon/MockNFW160ellip0.5loga-2.08PA50center0.0_0.0With_background1num69.dat Nelder-Mead  1.0e-04 0 1 0 0     NFW        0.0002  -0.0004     -1.192 0.040 144 -99.00   95.1       -795.7595       -1573.911   243   0.0002  -0.0004     -1.135 0.040 144 -99.00    0.065
2018-05-16-15:00:12 1.15  Mocks_Mamon/MockNFW160ellip0.5loga-2.08PA50center0.0_0.0With_background1num70.dat Nelder-Mead  1.0e-04 0 1 0 0     NFW        0.0001  -0.0002     -1.140 0.134   2 -99.00  108.0       -800.9229       -1584.255   243   0.0001  -0.0002     -1.086 0.134   2 -99.00    0.065
2018-05-16-15:00:12 1.15  Mocks_Mamon/MockNFW160ellip0.5loga-2.08PA50center0.0_0.0With_background1num71.dat Nelder-Mead  1.0e-04 0 1 0 0     NFW      359.9999  -0.0000     -1.132 0.016  11 -99.00  108.3       -794.6858       -1571.789   243 359.9999  -0.0000     -1.079 0.016  11 -99.00    0.066
2018-05-16-15:00:12 1.15  Mocks_Mamon/MockNFW160ellip0.5loga-2.08PA50center0.0_0.0With_background1num72.dat Nelder-Mead  1.0e-04 0 1 0 0     NFW      359.9998   0.0001     -1.128 0.108 149 -99.00  104.1       -738.2645       -1458.904   243 359.9998   0.0001     -1.074 0.108 149 -99.00    0.065
2018-05-16-15:00:12 1.15  Mocks_Mamon/MockNFW160ellip0.5loga-2.08PA50center0.0_0.0With_background1num73.dat Nelder-Mead  1.0e-04 0 1 0 0     NFW      360.0000  -0.0003     -1.146 0.063   7 -99.00  110.6       -852.1815       -1686.747   243 360.0000  -0.0003     -1.091 0.063   7 -99.00    0.065
2018-05-16-15:00:12 1.15  Mocks_Mamon/MockNFW160ellip0.5loga-2.08PA50center0.0_0.0With_background1num74.dat Nelder-Mead  1.0e-04 0 1 0 0     NFW      359.9998  -0.0000     -1.148 0.050  28 -99.00  101.3        -764.671       -1511.768   243 359.9998  -0.0000     -1.093 0.050  28 -99.00    0.066
2018-05-16-15:00:12 1.15  Mocks_Mamon/MockNFW160ellip0.5loga-2.08PA50center0.0_0.0With_background1num75.dat Nelder-Mead  1.0e-04 0 1 0 0     NFW      360.0000   0.0002     -1.157 0.018 156 -99.00  107.8       -842.2749       -1666.925   243 360.0000   0.0002     -1.102 0.018 156 -99.00    0.064
2018-05-16-15:00:12 1.15  Mocks_Mamon/MockNFW160ellip0.5loga-2.08PA50center0.0_0.0With_background1num76.dat Nelder-Mead  1.0e-04 0 1 0 0     NFW      359.9998  -0.0001     -1.090 0.232  36 -99.00  110.6       -719.4567       -1421.323   243 359.9998  -0.0001     -1.038 0.232  36 -99.00    0.065
2018-05-16-15:00:12 1.15  Mocks_Mamon/MockNFW160ellip0.5loga-2.08PA50center0.0_0.0With_background1num77.dat Nelder-Mead  1.0e-04 0 1 0 0     NFW        0.0000   0.0002     -1.165 0.070 156 -99.00  102.8       -805.5333       -1593.484   243   0.0000   0.0002     -1.110 0.070 156 -99.00    0.065
2018-05-16-15:00:12 1.15  Mocks_Mamon/MockNFW160ellip0.5loga-2.08PA50center0.0_0.0With_background1num78.dat Nelder-Mead  1.0e-04 0 1 0 0     NFW      360.0000   0.0000     -1.129 0.074  16 -99.00  112.3       -794.7214        -1571.86   243 360.0000   0.0000     -1.075 0.074  16 -99.00    0.066
2018-05-16-15:00:12 1.15  Mocks_Mamon/MockNFW160ellip0.5loga-2.08PA50center0.0_0.0With_background1num79.dat Nelder-Mead  1.0e-04 0 1 0 0     NFW        0.0000  -0.0001     -1.116 0.055 144 -99.00  102.6       -724.7502       -1431.918   243   0.0000  -0.0001     -1.063 0.055 144 -99.00    0.065
2018-05-16-15:00:12 1.15  Mocks_Mamon/MockNFW160ellip0.5loga-2.08PA50center0.0_0.0With_background1num80.dat Nelder-Mead  1.0e-04 0 1 0 0     NFW      359.9999   0.0001     -1.115 0.062 136 -99.00  110.7       -756.8578       -1496.133   243 359.9999   0.0001     -1.061 0.062 136 -99.00    0.065
2018-05-16-15:00:12 1.15  Mocks_Mamon/MockNFW160ellip0.5loga-2.08PA50center0.0_0.0With_background1num81.dat Nelder-Mead  1.0e-04 0 1 0 0     NFW      359.9999   0.0001     -1.185 0.148  32 -99.00   96.9        -822.115       -1626.622   243 359.9999   0.0001     -1.129 0.148  32 -99.00    0.066
2018-05-16-15:00:12 1.15  Mocks_Mamon/MockNFW160ellip0.5loga-2.08PA50center0.0_0.0With_background1num82.dat Nelder-Mead  1.0e-04 0 1 0 0     NFW        0.0000   0.0001     -1.123 0.127 145 -99.00   98.3       -684.6359       -1351.741   243   0.0000   0.0001     -1.070 0.127 145 -99.00    0.065
2018-05-16-15:00:12 1.15  Mocks_Mamon/MockNFW160ellip0.5loga-2.08PA50center0.0_0.0With_background1num83.dat Nelder-Mead  1.0e-04 0 1 0 0     NFW        0.0000   0.0001     -1.147 0.041 176 -99.00  100.2       -743.4779       -1469.339   243   0.0000   0.0001     -1.093 0.041 176 -99.00    0.065
2018-05-16-15:00:12 1.15  Mocks_Mamon/MockNFW160ellip0.5loga-2.08PA50center0.0_0.0With_background1num84.dat Nelder-Mead  1.0e-04 0 1 0 0     NFW      360.0000   0.0000     -1.133 0.146 137 -99.00  107.1       -779.6589       -1541.787   243 360.0000   0.0000     -1.079 0.146 137 -99.00    0.067
2018-05-16-15:00:12 1.15  Mocks_Mamon/MockNFW160ellip0.5loga-2.08PA50center0.0_0.0With_background1num85.dat Nelder-Mead  1.0e-04 0 1 0 0     NFW      359.9999  -0.0000     -1.104 0.045  21 -99.00  116.3       -783.9714       -1550.395   243 359.9999  -0.0000     -1.051 0.045  21 -99.00    0.068
2018-05-16-15:00:12 1.15  Mocks_Mamon/MockNFW160ellip0.5loga-2.08PA50center0.0_0.0With_background1num86.dat Nelder-Mead  1.0e-04 0 1 0 0     NFW        0.0001   0.0000     -1.126 0.140  27 -99.00  110.7       -787.6592       -1557.702   243   0.0001   0.0000     -1.072 0.140  27 -99.00    0.066
2018-05-16-15:00:12 1.15  Mocks_Mamon/MockNFW160ellip0.5loga-2.08PA50center0.0_0.0With_background1num87.dat Nelder-Mead  1.0e-04 0 1 0 0     NFW      360.0000   0.0001     -1.113 0.161 147 -99.00  107.8       -755.8207       -1494.068   243 360.0000   0.0001     -1.060 0.161 147 -99.00    0.065
2018-05-16-15:00:12 1.15  Mocks_Mamon/MockNFW160ellip0.5loga-2.08PA50center0.0_0.0With_background1num88.dat Nelder-Mead  1.0e-04 0 1 0 0     NFW        0.0001   0.0001     -1.069 0.063 174 -99.00  123.0       -751.9469       -1486.346   243   0.0001   0.0001     -1.018 0.063 174 -99.00    0.065
2018-05-16-15:00:12 1.15  Mocks_Mamon/MockNFW160ellip0.5loga-2.08PA50center0.0_0.0With_background1num89.dat Nelder-Mead  1.0e-04 0 1 0 0     NFW      359.9999  -0.0001     -1.116 0.143  44 -99.00  116.0       -802.3966       -1587.228   243 359.9999  -0.0001     -1.063 0.143  44 -99.00    0.065
2018-05-16-15:00:12 1.15  Mocks_Mamon/MockNFW160ellip0.5loga-2.08PA50center0.0_0.0With_background1num90.dat Nelder-Mead  1.0e-04 0 1 0 0     NFW        0.0000  -0.0000     -1.146 0.110  22 -99.00   98.0       -761.9787       -1506.427   243   0.0000  -0.0000     -1.091 0.110  22 -99.00    0.067
2018-05-16-15:00:12 1.15  Mocks_Mamon/MockNFW160ellip0.5loga-2.08PA50center0.0_0.0With_background1num91.dat Nelder-Mead  1.0e-04 0 1 0 0     NFW        0.0000   0.0000     -1.139 0.221  26 -99.00  107.7       -791.0219       -1564.453   243   0.0000   0.0000     -1.084 0.221  26 -99.00    0.070
2018-05-16-15:00:12 1.15  Mocks_Mamon/MockNFW160ellip0.5loga-2.08PA50center0.0_0.0With_background1num92.dat Nelder-Mead  1.0e-04 0 1 0 0     NFW        0.0000   0.0000     -1.148 0.021  29 -99.00  103.4       -791.4271       -1565.255   243   0.0000   0.0000     -1.093 0.021  29 -99.00    0.066
2018-05-16-15:00:12 1.15  Mocks_Mamon/MockNFW160ellip0.5loga-2.08PA50center0.0_0.0With_background1num93.dat Nelder-Mead  1.0e-04 0 1 0 0     NFW      360.0000  -0.0001     -1.155 0.031  24 -99.00   96.6       -745.8949       -1474.216   243 360.0000  -0.0001     -1.100 0.031  24 -99.00    0.065
2018-05-16-15:00:12 1.15  Mocks_Mamon/MockNFW160ellip0.5loga-2.08PA50center0.0_0.0With_background1num94.dat Nelder-Mead  1.0e-04 0 1 0 0     NFW        0.0000   0.0000     -1.131 0.084 155 -99.00  108.7       -784.1941       -1550.814   243   0.0000   0.0000     -1.077 0.084 155 -99.00    0.067
2018-05-16-15:00:12 1.15  Mocks_Mamon/MockNFW160ellip0.5loga-2.08PA50center0.0_0.0With_background1num95.dat Nelder-Mead  1.0e-04 0 1 0 0     NFW        0.0000  -0.0001     -1.115 0.147  36 -99.00   96.9       -681.7751       -1346.028   243   0.0000  -0.0001     -1.062 0.147  36 -99.00    0.065
2018-05-16-15:00:12 1.15  Mocks_Mamon/MockNFW160ellip0.5loga-2.08PA50center0.0_0.0With_background1num96.dat Nelder-Mead  1.0e-04 0 1 0 0     NFW      359.9999  -0.0000     -1.118 0.141 147 -99.00  110.2       -781.3298       -1545.069   243 359.9999  -0.0000     -1.065 0.141 147 -99.00    0.067
2018-05-16-15:00:12 1.15  Mocks_Mamon/MockNFW160ellip0.5loga-2.08PA50center0.0_0.0With_background1num97.dat Nelder-Mead  1.0e-04 0 1 0 0     NFW      359.9999   0.0001     -1.137 0.028 155 -99.00  107.0       -771.6906       -1525.825   243 359.9999   0.0001     -1.083 0.028 155 -99.00    0.065
2018-05-16-15:00:12 1.15  Mocks_Mamon/MockNFW160ellip0.5loga-2.08PA50center0.0_0.0With_background1num98.dat Nelder-Mead  1.0e-04 0 1 0 0     NFW        0.0000  -0.0001     -1.116 0.048 137 -99.00  113.7       -792.1693       -1566.765   243   0.0000  -0.0001     -1.063 0.048 137 -99.00    0.065
2018-05-16-15:00:12 1.15  Mocks_Mamon/MockNFW160ellip0.5loga-2.08PA50center0.0_0.0With_background1num99.dat Nelder-Mead  1.0e-04 0 1 0 0     NFW        0.0000   0.0003     -1.092 0.073 146 -99.00  104.6       -679.1769       -1340.806   243   0.0000   0.0003     -1.040 0.073 146 -99.00    0.064
