2018-05-16-14:59:43 1.15  Mocks_Mamon/MockNFW160ellip0.5loga-2.08PA50center0.0_0.0With_background1num0.dat Diff-Evol    1.0e-04 0 1 0 0     NFW        0.0000   0.0000     -1.552 0.241  25 -99.00   41.2       -728.0895       -1438.614   451   0.0000   0.0000     -1.085 0.109   6 -99.00    0.249
2018-05-16-14:59:43 1.15  Mocks_Mamon/MockNFW160ellip0.5loga-2.08PA50center0.0_0.0With_background1num1.dat Diff-Evol    1.0e-04 0 1 0 0     NFW      360.0000  -0.0001     -1.333 0.242  54 -99.00   68.4       -774.9212       -1532.269   361 360.0000  -0.0001     -1.030 0.030 178 -99.00    0.199
2018-05-16-14:59:43 1.15  Mocks_Mamon/MockNFW160ellip0.5loga-2.08PA50center0.0_0.0With_background1num2.dat Diff-Evol    1.0e-04 0 1 0 0     NFW        0.0001  -0.0001     -1.675 0.179  70 -99.00   36.2        -789.039       -1560.496   361   0.0001  -0.0001     -1.130 0.054 149 -99.00    0.199
2018-05-16-14:59:43 1.15  Mocks_Mamon/MockNFW160ellip0.5loga-2.08PA50center0.0_0.0With_background1num3.dat Diff-Evol    1.0e-04 0 1 0 0     NFW        0.0002   0.0004     -1.391 0.215  69 -99.00   60.8       -779.8489        -1542.09   423   0.0002   0.0004     -1.037 0.037 171 -99.00    0.237
2018-05-16-14:59:43 1.15  Mocks_Mamon/MockNFW160ellip0.5loga-2.08PA50center0.0_0.0With_background1num4.dat Diff-Evol    1.0e-04 0 1 0 0     NFW      360.0000   0.0001     -1.438 0.237  49 -99.00   57.4       -810.4653        -1603.34   333 360.0000   0.0001     -1.089 0.035  16 -99.00    0.186
2018-05-16-14:59:43 1.15  Mocks_Mamon/MockNFW160ellip0.5loga-2.08PA50center0.0_0.0With_background1num5.dat Diff-Evol    1.0e-04 0 1 0 0     NFW      360.0000   0.0000     -1.650 0.228  58 -99.00   38.0       -792.1406       -1566.707   431 360.0000   0.0000     -1.136 0.072  40 -99.00    0.236
2018-05-16-14:59:43 1.15  Mocks_Mamon/MockNFW160ellip0.5loga-2.08PA50center0.0_0.0With_background1num6.dat Diff-Evol    1.0e-04 0 1 0 0     NFW        0.0003   0.0002     -1.475 0.243  50 -99.00   49.2        -747.029       -1476.459   522   0.0003   0.0002     -1.103 0.071  14 -99.00    0.282
2018-05-16-14:59:43 1.15  Mocks_Mamon/MockNFW160ellip0.5loga-2.08PA50center0.0_0.0With_background1num7.dat Diff-Evol    1.0e-04 0 1 0 0     NFW      359.9999  -0.0002     -1.259 0.310  68 -99.00   73.1       -707.8009       -1398.019   430 359.9999  -0.0002     -1.080 0.079   1 -99.00    0.238
2018-05-16-14:59:43 1.15  Mocks_Mamon/MockNFW160ellip0.5loga-2.08PA50center0.0_0.0With_background1num8.dat Diff-Evol    1.0e-04 0 1 0 0     NFW        0.0000   0.0001     -1.473 0.046  60 -99.00   53.2       -799.6184       -1581.629   368   0.0000   0.0001     -1.062 0.037 143 -99.00    0.204
2018-05-16-14:59:43 1.15  Mocks_Mamon/MockNFW160ellip0.5loga-2.08PA50center0.0_0.0With_background1num9.dat Diff-Evol    1.0e-04 0 1 0 0     NFW      360.0000   0.0000     -1.227 0.252  45 -99.00   82.4       -731.3266       -1445.037   430 360.0000   0.0000     -1.038 0.056 166 -99.00    0.238
2018-05-16-14:59:43 1.15  Mocks_Mamon/MockNFW160ellip0.5loga-2.08PA50center0.0_0.0With_background1num10.dat Diff-Evol    1.0e-04 0 1 0 0     NFW      359.9998   0.0002     -1.369 0.276  58 -99.00   61.3         -751.91       -1486.246   610 359.9998   0.0002     -1.023 0.037 157 -99.00    0.343
2018-05-16-14:59:43 1.15  Mocks_Mamon/MockNFW160ellip0.5loga-2.08PA50center0.0_0.0With_background1num11.dat Diff-Evol    1.0e-04 0 1 0 0     NFW        0.0001  -0.0000     -1.667 0.237  52 -99.00   39.6        -844.946       -1672.276   430   0.0001  -0.0000     -1.120 0.055 152 -99.00    0.242
2018-05-16-14:59:43 1.15  Mocks_Mamon/MockNFW160ellip0.5loga-2.08PA50center0.0_0.0With_background1num12.dat Diff-Evol    1.0e-04 0 1 0 0     NFW      359.9999   0.0000     -1.444 0.276  40 -99.00   56.8       -814.1357       -1610.664   451 359.9999   0.0000     -1.072 0.101 146 -99.00    0.252
2018-05-16-14:59:43 1.15  Mocks_Mamon/MockNFW160ellip0.5loga-2.08PA50center0.0_0.0With_background1num13.dat Diff-Evol    1.0e-04 0 1 0 0     NFW      360.0000  -0.0001     -1.390 0.367  41 -99.00   60.3       -777.8681       -1538.171   340 360.0000  -0.0001     -1.076 0.111 141 -99.00    0.189
2018-05-16-14:59:43 1.15  Mocks_Mamon/MockNFW160ellip0.5loga-2.08PA50center0.0_0.0With_background1num14.dat Diff-Evol    1.0e-04 0 1 0 0     NFW        0.0000   0.0000     -1.504 0.055  34 -99.00   49.4        -788.311       -1559.048   603   0.0000   0.0000     -1.053 0.006 146 -99.00    0.341
2018-05-16-14:59:43 1.15  Mocks_Mamon/MockNFW160ellip0.5loga-2.08PA50center0.0_0.0With_background1num15.dat Diff-Evol    1.0e-04 0 1 0 0     NFW        0.0000   0.0002     -1.541 0.268  49 -99.00   47.8        -822.133       -1626.658   437   0.0000   0.0002     -1.076 0.069 138 -99.00    0.245
2018-05-16-14:59:43 1.15  Mocks_Mamon/MockNFW160ellip0.5loga-2.08PA50center0.0_0.0With_background1num16.dat Diff-Evol    1.0e-04 0 1 0 0     NFW      359.9999   0.0001     -1.480 0.270  31 -99.00   52.1       -803.6106       -1589.639   347 359.9999   0.0001     -1.117 0.084 177 -99.00    0.192
2018-05-16-14:59:43 1.15  Mocks_Mamon/MockNFW160ellip0.5loga-2.08PA50center0.0_0.0With_background1num17.dat Diff-Evol    1.0e-04 0 1 0 0     NFW        0.0000  -0.0000     -1.718 0.325  43 -99.00   34.3       -806.6983       -1595.789   515   0.0000  -0.0000     -1.184 0.141 140 -99.00    0.278
2018-05-16-14:59:43 1.15  Mocks_Mamon/MockNFW160ellip0.5loga-2.08PA50center0.0_0.0With_background1num18.dat Diff-Evol    1.0e-04 0 1 0 0     NFW        0.0006   0.0000     -1.409 0.300  15 -99.00   56.1       -754.4757       -1491.352   451   0.0006   0.0000     -1.083 0.090   8 -99.00    0.250
2018-05-16-14:59:43 1.15  Mocks_Mamon/MockNFW160ellip0.5loga-2.08PA50center0.0_0.0With_background1num19.dat Diff-Evol    1.0e-04 0 1 0 0     NFW      360.0000   0.0000     -1.117 0.334  75 -99.00  111.2       -759.8985       -1502.215   506 360.0000   0.0000     -1.058 0.100   8 -99.00    0.285
2018-05-16-14:59:43 1.15  Mocks_Mamon/MockNFW160ellip0.5loga-2.08PA50center0.0_0.0With_background1num20.dat Diff-Evol    1.0e-04 0 1 0 0     NFW        0.0001   0.0000     -1.726 0.035  81 -99.00   32.9       -773.9462       -1530.353   451   0.0001   0.0000     -1.073 0.075 154 -99.00    0.249
2018-05-16-14:59:43 1.15  Mocks_Mamon/MockNFW160ellip0.5loga-2.08PA50center0.0_0.0With_background1num21.dat Diff-Evol    1.0e-04 0 1 0 0     NFW      359.9998  -0.0001     -1.650 0.249  42 -99.00   38.0       -791.4255       -1565.269   347 359.9998  -0.0001     -1.077 0.069  14 -99.00    0.192
2018-05-16-14:59:43 1.15  Mocks_Mamon/MockNFW160ellip0.5loga-2.08PA50center0.0_0.0With_background1num22.dat Diff-Evol    1.0e-04 0 1 0 0     NFW      359.9998  -0.0000     -1.163 0.289  53 -99.00   93.6       -715.5968       -1413.586   444 359.9998  -0.0000     -0.999 0.059  11 -99.00    0.246
2018-05-16-14:59:43 1.15  Mocks_Mamon/MockNFW160ellip0.5loga-2.08PA50center0.0_0.0With_background1num23.dat Diff-Evol    1.0e-04 0 1 0 0     NFW        0.0001  -0.0000     -1.280 0.357  45 -99.00   76.9       -783.5084       -1549.392   472   0.0001  -0.0000     -1.061 0.141  36 -99.00    0.261
2018-05-16-14:59:43 1.15  Mocks_Mamon/MockNFW160ellip0.5loga-2.08PA50center0.0_0.0With_background1num24.dat Diff-Evol    1.0e-04 0 1 0 0     NFW      360.0000   0.0000     -1.601 0.331  56 -99.00   40.5       -783.4472       -1549.329   633 360.0000   0.0000     -1.127 0.114  38 -99.00    0.346
2018-05-16-14:59:43 1.15  Mocks_Mamon/MockNFW160ellip0.5loga-2.08PA50center0.0_0.0With_background1num25.dat Diff-Evol    1.0e-04 0 1 0 0     NFW      360.0000   0.0002     -1.337 0.291  51 -99.00   61.9       -712.7908       -1407.991   501 360.0000   0.0002     -1.075 0.097  27 -99.00    0.271
2018-05-16-14:59:43 1.15  Mocks_Mamon/MockNFW160ellip0.5loga-2.08PA50center0.0_0.0With_background1num26.dat Diff-Evol    1.0e-04 0 1 0 0     NFW      360.0000  -0.0000     -1.468 0.262  37 -99.00   51.8       -775.2384       -1532.912   437 360.0000  -0.0000     -1.087 0.021  33 -99.00    0.244
2018-05-16-14:59:43 1.15  Mocks_Mamon/MockNFW160ellip0.5loga-2.08PA50center0.0_0.0With_background1num27.dat Diff-Evol    1.0e-04 0 1 0 0     NFW      360.0000  -0.0002     -1.708 0.083  43 -99.00   39.1       -887.9601       -1758.346   458 360.0000  -0.0002     -1.080 0.071  35 -99.00    0.256
2018-05-16-14:59:43 1.15  Mocks_Mamon/MockNFW160ellip0.5loga-2.08PA50center0.0_0.0With_background1num28.dat Diff-Evol    1.0e-04 0 1 0 0     NFW        0.0001   0.0005     -1.690 0.289  47 -99.00   35.1         -784.62       -1551.649   375   0.0001   0.0005     -1.093 0.105 150 -99.00    0.205
2018-05-16-14:59:43 1.15  Mocks_Mamon/MockNFW160ellip0.5loga-2.08PA50center0.0_0.0With_background1num29.dat Diff-Evol    1.0e-04 0 1 0 0     NFW        0.0000  -0.0000     -1.722 0.291  62 -99.00   32.5       -755.4392       -1493.279   278   0.0000  -0.0000     -1.037 0.087 180 -99.00    0.150
2018-05-16-14:59:43 1.15  Mocks_Mamon/MockNFW160ellip0.5loga-2.08PA50center0.0_0.0With_background1num30.dat Diff-Evol    1.0e-04 0 1 0 0     NFW      359.9998  -0.0000     -1.394 0.278  38 -99.00   58.4       -757.2869       -1497.043   333 359.9998  -0.0000     -1.083 0.059  37 -99.00    0.185
2018-05-16-14:59:43 1.15  Mocks_Mamon/MockNFW160ellip0.5loga-2.08PA50center0.0_0.0With_background1num31.dat Diff-Evol    1.0e-04 0 1 0 0     NFW        0.0001  -0.0001     -1.234 0.315  54 -99.00   84.4       -767.5043       -1517.375   437   0.0001  -0.0001     -1.038 0.028 171 -99.00    0.244
2018-05-16-14:59:43 1.15  Mocks_Mamon/MockNFW160ellip0.5loga-2.08PA50center0.0_0.0With_background1num32.dat Diff-Evol    1.0e-04 0 1 0 0     NFW      360.0000  -0.0000     -1.404 0.501  60 -99.00   55.9       -750.5309       -1483.454   605 360.0000  -0.0000     -1.054 0.171  24 -99.00    0.329
2018-05-16-14:59:43 1.15  Mocks_Mamon/MockNFW160ellip0.5loga-2.08PA50center0.0_0.0With_background1num33.dat Diff-Evol    1.0e-04 0 1 0 0     NFW      360.0000  -0.0000     -1.501 0.243  39 -99.00   50.5       -809.1942       -1600.815   437 360.0000  -0.0000     -1.111 0.059 155 -99.00    0.244
2018-05-16-14:59:43 1.15  Mocks_Mamon/MockNFW160ellip0.5loga-2.08PA50center0.0_0.0With_background1num34.dat Diff-Evol    1.0e-04 0 1 0 0     NFW        0.0005   0.0001     -1.452 0.338  56 -99.00   50.4       -740.3584       -1463.143   592   0.0005   0.0001     -1.105 0.094  37 -99.00    0.318
2018-05-16-14:59:43 1.15  Mocks_Mamon/MockNFW160ellip0.5loga-2.08PA50center0.0_0.0With_background1num35.dat Diff-Evol    1.0e-04 0 1 0 0     NFW        0.0001   0.0001     -1.374 0.363  53 -99.00   63.0       -785.2697       -1552.974   738   0.0001   0.0001     -1.078 0.129  30 -99.00    0.400
2018-05-16-14:59:43 1.15  Mocks_Mamon/MockNFW160ellip0.5loga-2.08PA50center0.0_0.0With_background1num36.dat Diff-Evol    1.0e-04 0 1 0 0     NFW      360.0000  -0.0001     -1.360 0.485  58 -99.00   61.8       -757.5358       -1497.481   451 360.0000  -0.0001     -1.050 0.197  30 -99.00    0.251
2018-05-16-14:59:43 1.15  Mocks_Mamon/MockNFW160ellip0.5loga-2.08PA50center0.0_0.0With_background1num37.dat Diff-Evol    1.0e-04 0 1 0 0     NFW        0.0001  -0.0000     -1.258 0.296  35 -99.00   81.7       -784.0256       -1550.452   423   0.0001  -0.0000     -1.024 0.054  41 -99.00    0.236
2018-05-16-14:59:43 1.15  Mocks_Mamon/MockNFW160ellip0.5loga-2.08PA50center0.0_0.0With_background1num38.dat Diff-Evol    1.0e-04 0 1 0 0     NFW      359.9998   0.0000     -1.548 0.305  50 -99.00   44.3       -775.4935       -1533.422   451 359.9998   0.0000     -1.091 0.056  43 -99.00    0.249
2018-05-16-14:59:43 1.15  Mocks_Mamon/MockNFW160ellip0.5loga-2.08PA50center0.0_0.0With_background1num39.dat Diff-Evol    1.0e-04 0 1 0 0     NFW      359.9996   0.0000     -1.413 0.405  52 -99.00   55.8       -754.6301       -1491.652   416 359.9996   0.0000     -1.032 0.115  32 -99.00    0.231
2018-05-16-14:59:43 1.15  Mocks_Mamon/MockNFW160ellip0.5loga-2.08PA50center0.0_0.0With_background1num40.dat Diff-Evol    1.0e-04 0 1 0 0     NFW        0.0000  -0.0001     -1.257 0.529  51 -99.00   75.5       -740.2348       -1462.922   541   0.0000  -0.0001     -1.092 0.162  32 -99.00    0.301
2018-05-16-14:59:43 1.15  Mocks_Mamon/MockNFW160ellip0.5loga-2.08PA50center0.0_0.0With_background1num41.dat Diff-Evol    1.0e-04 0 1 0 0     NFW        0.0000  -0.0001     -1.298 0.295  43 -99.00   71.2        -750.188       -1482.794   437   0.0000  -0.0001     -1.058 0.093 144 -99.00    0.244
2018-05-16-14:59:43 1.15  Mocks_Mamon/MockNFW160ellip0.5loga-2.08PA50center0.0_0.0With_background1num42.dat Diff-Evol    1.0e-04 0 1 0 0     NFW      359.9999   0.0001     -1.492 0.253  37 -99.00   47.0       -737.5538       -1457.525   340 359.9999   0.0001     -1.049 0.050   3 -99.00    0.186
2018-05-16-14:59:43 1.15  Mocks_Mamon/MockNFW160ellip0.5loga-2.08PA50center0.0_0.0With_background1num43.dat Diff-Evol    1.0e-04 0 1 0 0     NFW      360.0000  -0.0004     -1.227 0.269  13 -99.00   79.7       -713.0421       -1408.485   430 360.0000  -0.0004     -1.095 0.137 174 -99.00    0.238
2018-05-16-14:59:43 1.15  Mocks_Mamon/MockNFW160ellip0.5loga-2.08PA50center0.0_0.0With_background1num44.dat Diff-Evol    1.0e-04 0 1 0 0     NFW      360.0000   0.0001     -1.553 0.287  64 -99.00   42.2       -748.5035       -1479.408   347 360.0000   0.0001     -1.102 0.092   9 -99.00    0.191
2018-05-16-14:59:43 1.15  Mocks_Mamon/MockNFW160ellip0.5loga-2.08PA50center0.0_0.0With_background1num45.dat Diff-Evol    1.0e-04 0 1 0 0     NFW        0.0000  -0.0000     -1.467 0.342  51 -99.00   51.1       -768.4049       -1519.202   437   0.0000  -0.0000     -1.083 0.154  27 -99.00    0.243
2018-05-16-14:59:43 1.15  Mocks_Mamon/MockNFW160ellip0.5loga-2.08PA50center0.0_0.0With_background1num46.dat Diff-Evol    1.0e-04 0 1 0 0     NFW      359.9999   0.0002     -1.278 0.299  45 -99.00   67.2       -677.0957       -1336.601   437 359.9999   0.0002     -1.030 0.112 155 -99.00    0.242
2018-05-16-14:59:43 1.15  Mocks_Mamon/MockNFW160ellip0.5loga-2.08PA50center0.0_0.0With_background1num47.dat Diff-Evol    1.0e-04 0 1 0 0     NFW        0.0001   0.0001     -1.309 0.291  50 -99.00   70.7       -765.1749       -1512.776   430   0.0001   0.0001     -1.063 0.087 141 -99.00    0.239
2018-05-16-14:59:43 1.15  Mocks_Mamon/MockNFW160ellip0.5loga-2.08PA50center0.0_0.0With_background1num48.dat Diff-Evol    1.0e-04 0 1 0 0     NFW        0.0000  -0.0002     -1.473 0.434  67 -99.00   50.9       -782.8916       -1548.192   527   0.0000  -0.0002     -1.074 0.182   7 -99.00    0.294
2018-05-16-14:59:43 1.15  Mocks_Mamon/MockNFW160ellip0.5loga-2.08PA50center0.0_0.0With_background1num49.dat Diff-Evol    1.0e-04 0 1 0 0     NFW        0.0000  -0.0001     -1.538 0.277  41 -99.00   47.4        -811.056       -1604.538   354   0.0000  -0.0001     -1.086 0.084 148 -99.00    0.195
2018-05-16-14:59:43 1.15  Mocks_Mamon/MockNFW160ellip0.5loga-2.08PA50center0.0_0.0With_background1num50.dat Diff-Evol    1.0e-04 0 1 0 0     NFW      360.0000   0.0002     -1.658 0.330  53 -99.00   37.7        -801.467       -1585.335   361 360.0000   0.0002     -1.098 0.164  30 -99.00    0.198
2018-05-16-14:59:43 1.15  Mocks_Mamon/MockNFW160ellip0.5loga-2.08PA50center0.0_0.0With_background1num51.dat Diff-Evol    1.0e-04 0 1 0 0     NFW      360.0000   0.0000     -1.315 0.534  54 -99.00   67.9        -761.336        -1505.09   527 360.0000   0.0000     -1.093 0.167  36 -99.00    0.294
2018-05-16-14:59:43 1.15  Mocks_Mamon/MockNFW160ellip0.5loga-2.08PA50center0.0_0.0With_background1num52.dat Diff-Evol    1.0e-04 0 1 0 0     NFW        0.0002   0.0001     -1.179 0.369  47 -99.00   94.2       -754.9429       -1492.253   444   0.0002   0.0001     -1.071 0.119 138 -99.00    0.247
2018-05-16-14:59:43 1.15  Mocks_Mamon/MockNFW160ellip0.5loga-2.08PA50center0.0_0.0With_background1num53.dat Diff-Evol    1.0e-04 0 1 0 0     NFW      359.9997  -0.0001     -1.282 0.366  37 -99.00   74.0       -756.0706       -1494.533   660 359.9997  -0.0001     -1.073 0.096 147 -99.00    0.365
2018-05-16-14:59:43 1.15  Mocks_Mamon/MockNFW160ellip0.5loga-2.08PA50center0.0_0.0With_background1num54.dat Diff-Evol    1.0e-04 0 1 0 0     NFW        0.0001  -0.0001     -1.262 0.418  57 -99.00   75.4       -737.9724       -1458.328   444   0.0001  -0.0001     -1.067 0.148  25 -99.00    0.247
2018-05-16-14:59:43 1.15  Mocks_Mamon/MockNFW160ellip0.5loga-2.08PA50center0.0_0.0With_background1num55.dat Diff-Evol    1.0e-04 0 1 0 0     NFW        0.0000  -0.0001     -1.549 0.319  55 -99.00   43.4       -756.6054        -1495.62   354   0.0000  -0.0001     -1.020 0.105  21 -99.00    0.195
2018-05-16-14:59:43 1.15  Mocks_Mamon/MockNFW160ellip0.5loga-2.08PA50center0.0_0.0With_background1num56.dat Diff-Evol    1.0e-04 0 1 0 0     NFW      359.9999  -0.0001     -1.747 0.195  51 -99.00   36.7       -898.6843       -1779.744   444 359.9999  -0.0001     -1.170 0.060  26 -99.00    0.249
2018-05-16-14:59:43 1.15  Mocks_Mamon/MockNFW160ellip0.5loga-2.08PA50center0.0_0.0With_background1num57.dat Diff-Evol    1.0e-04 0 1 0 0     NFW        0.0001   0.0000     -1.420 0.307  32 -99.00   57.7        -788.836       -1560.056   402   0.0001   0.0000     -1.095 0.080 166 -99.00    0.226
2018-05-16-14:59:43 1.15  Mocks_Mamon/MockNFW160ellip0.5loga-2.08PA50center0.0_0.0With_background1num58.dat Diff-Evol    1.0e-04 0 1 0 0     NFW        0.0001   0.0001     -1.550 0.290  34 -99.00   44.9       -788.0506       -1558.468   458   0.0001   0.0001     -1.090 0.103 153 -99.00    0.255
2018-05-16-14:59:43 1.15  Mocks_Mamon/MockNFW160ellip0.5loga-2.08PA50center0.0_0.0With_background1num59.dat Diff-Evol    1.0e-04 0 1 0 0     NFW      360.0000   0.0003     -1.553 0.264  42 -99.00   50.2       -885.1494       -1752.683   382 360.0000   0.0003     -1.097 0.096 163 -99.00    0.212
2018-05-16-14:59:43 1.15  Mocks_Mamon/MockNFW160ellip0.5loga-2.08PA50center0.0_0.0With_background1num60.dat Diff-Evol    1.0e-04 0 1 0 0     NFW        0.0003  -0.0001     -1.461 0.262  69 -99.00   49.1        -728.825       -1440.085   444   0.0003  -0.0001     -1.078 0.041  39 -99.00    0.248
2018-05-16-14:59:43 1.15  Mocks_Mamon/MockNFW160ellip0.5loga-2.08PA50center0.0_0.0With_background1num61.dat Diff-Evol    1.0e-04 0 1 0 0     NFW        0.0001   0.0000     -1.505 0.218  53 -99.00   48.2       -776.8926       -1536.211   444   0.0001   0.0000     -1.075 0.035 170 -99.00    0.247
2018-05-16-14:59:43 1.15  Mocks_Mamon/MockNFW160ellip0.5loga-2.08PA50center0.0_0.0With_background1num62.dat Diff-Evol    1.0e-04 0 1 0 0     NFW      359.9999  -0.0007     -1.578 0.170 101 -99.00   44.1       -810.7442       -1603.906   458 359.9999  -0.0007     -1.098 0.070  39 -99.00    0.256
2018-05-16-14:59:43 1.15  Mocks_Mamon/MockNFW160ellip0.5loga-2.08PA50center0.0_0.0With_background1num63.dat Diff-Evol    1.0e-04 0 1 0 0     NFW        0.0001   0.0002     -1.562 0.275  46 -99.00   45.5        -819.554       -1621.509   584   0.0001   0.0002     -1.114 0.066 159 -99.00    0.322
2018-05-16-14:59:43 1.15  Mocks_Mamon/MockNFW160ellip0.5loga-2.08PA50center0.0_0.0With_background1num64.dat Diff-Evol    1.0e-04 0 1 0 0     NFW        0.0001   0.0000     -1.796 0.215  36 -99.00   30.0       -789.2115       -1560.824   375   0.0001   0.0000     -1.105 0.130 137 -99.00    0.206
2018-05-16-14:59:43 1.15  Mocks_Mamon/MockNFW160ellip0.5loga-2.08PA50center0.0_0.0With_background1num65.dat Diff-Evol    1.0e-04 0 1 0 0     NFW      359.9998   0.0000     -1.496 0.282  56 -99.00   48.2       -758.7445       -1499.924   416 359.9998   0.0000     -1.046 0.045 138 -99.00    0.231
2018-05-16-14:59:43 1.15  Mocks_Mamon/MockNFW160ellip0.5loga-2.08PA50center0.0_0.0With_background1num66.dat Diff-Evol    1.0e-04 0 1 0 0     NFW        0.0000   0.0001     -1.535 0.172  67 -99.00   46.1        -781.495       -1545.348   354   0.0000   0.0001     -1.112 0.059 153 -99.00    0.196
2018-05-16-14:59:43 1.15  Mocks_Mamon/MockNFW160ellip0.5loga-2.08PA50center0.0_0.0With_background1num67.dat Diff-Evol    1.0e-04 0 1 0 0     NFW        0.0001   0.0001     -1.826 0.318  48 -99.00   32.2       -883.8118       -1750.007   354   0.0001   0.0001     -1.127 0.060  35 -99.00    0.197
2018-05-16-14:59:43 1.15  Mocks_Mamon/MockNFW160ellip0.5loga-2.08PA50center0.0_0.0With_background1num68.dat Diff-Evol    1.0e-04 0 1 0 0     NFW      359.9997  -0.0001     -1.674 0.057  74 -99.00   40.1       -863.3789        -1709.15   513 359.9997  -0.0001     -1.112 0.078 149 -99.00    0.291
2018-05-16-14:59:43 1.15  Mocks_Mamon/MockNFW160ellip0.5loga-2.08PA50center0.0_0.0With_background1num69.dat Diff-Evol    1.0e-04 0 1 0 0     NFW        0.0002  -0.0004     -1.465 0.064  36 -99.00   53.8       -798.7632       -1579.918   389   0.0002  -0.0004     -1.135 0.040 144 -99.00    0.214
2018-05-16-14:59:43 1.15  Mocks_Mamon/MockNFW160ellip0.5loga-2.08PA50center0.0_0.0With_background1num70.dat Diff-Evol    1.0e-04 0 1 0 0     NFW        0.0001  -0.0002     -1.461 0.246  73 -99.00   54.3       -808.8212       -1600.051   326   0.0001  -0.0002     -1.086 0.134   2 -99.00    0.181
2018-05-16-14:59:43 1.15  Mocks_Mamon/MockNFW160ellip0.5loga-2.08PA50center0.0_0.0With_background1num71.dat Diff-Evol    1.0e-04 0 1 0 0     NFW      359.9999  -0.0000     -1.643 0.265  44 -99.00   39.2       -806.3777       -1595.173   340 359.9999  -0.0000     -1.079 0.016  11 -99.00    0.189
2018-05-16-14:59:43 1.15  Mocks_Mamon/MockNFW160ellip0.5loga-2.08PA50center0.0_0.0With_background1num72.dat Diff-Evol    1.0e-04 0 1 0 0     NFW      359.9998   0.0001     -1.285 0.354  37 -99.00   72.3       -745.8568       -1474.089   577 359.9998   0.0001     -1.074 0.108 149 -99.00    0.319
2018-05-16-14:59:43 1.15  Mocks_Mamon/MockNFW160ellip0.5loga-2.08PA50center0.0_0.0With_background1num73.dat Diff-Evol    1.0e-04 0 1 0 0     NFW      360.0000  -0.0003     -1.954 0.237  63 -99.00   27.0       -874.9082         -1732.2   354 360.0000  -0.0003     -1.091 0.063   7 -99.00    0.197
2018-05-16-14:59:43 1.15  Mocks_Mamon/MockNFW160ellip0.5loga-2.08PA50center0.0_0.0With_background1num74.dat Diff-Evol    1.0e-04 0 1 0 0     NFW      359.9998  -0.0000     -1.478 0.308  60 -99.00   50.3       -772.6351       -1527.696   430 359.9998  -0.0000     -1.093 0.050  28 -99.00    0.240
2018-05-16-14:59:43 1.15  Mocks_Mamon/MockNFW160ellip0.5loga-2.08PA50center0.0_0.0With_background1num75.dat Diff-Evol    1.0e-04 0 1 0 0     NFW      360.0000   0.0002     -1.581 0.278  49 -99.00   45.9       -852.8455       -1688.066   451 360.0000   0.0002     -1.102 0.018 156 -99.00    0.253
2018-05-16-14:59:43 1.15  Mocks_Mamon/MockNFW160ellip0.5loga-2.08PA50center0.0_0.0With_background1num76.dat Diff-Evol    1.0e-04 0 1 0 0     NFW      359.9998  -0.0001     -1.275 0.491  54 -99.00   71.4        -726.538       -1435.485   563 359.9998  -0.0001     -1.038 0.232  36 -99.00    0.307
2018-05-16-14:59:43 1.15  Mocks_Mamon/MockNFW160ellip0.5loga-2.08PA50center0.0_0.0With_background1num77.dat Diff-Evol    1.0e-04 0 1 0 0     NFW        0.0000   0.0002     -1.407 0.210  35 -99.00   61.0       -809.1001       -1600.618   437   0.0000   0.0002     -1.110 0.070 156 -99.00    0.244
2018-05-16-14:59:43 1.15  Mocks_Mamon/MockNFW160ellip0.5loga-2.08PA50center0.0_0.0With_background1num78.dat Diff-Evol    1.0e-04 0 1 0 0     NFW      360.0000   0.0000     -1.258 0.240  52 -99.00   83.1       -796.0376       -1574.493   416 360.0000   0.0000     -1.075 0.074  16 -99.00    0.234
2018-05-16-14:59:43 1.15  Mocks_Mamon/MockNFW160ellip0.5loga-2.08PA50center0.0_0.0With_background1num79.dat Diff-Evol    1.0e-04 0 1 0 0     NFW        0.0000  -0.0001     -1.676 0.294  46 -99.00   33.9       -738.1922       -1458.802   361   0.0000  -0.0001     -1.063 0.055 144 -99.00    0.197
2018-05-16-14:59:43 1.15  Mocks_Mamon/MockNFW160ellip0.5loga-2.08PA50center0.0_0.0With_background1num80.dat Diff-Evol    1.0e-04 0 1 0 0     NFW      359.9999   0.0001     -1.311 0.310  58 -99.00   70.5       -762.3446       -1507.107   549 359.9999   0.0001     -1.061 0.062 136 -99.00    0.301
2018-05-16-14:59:43 1.15  Mocks_Mamon/MockNFW160ellip0.5loga-2.08PA50center0.0_0.0With_background1num81.dat Diff-Evol    1.0e-04 0 1 0 0     NFW      359.9999   0.0001     -1.688 0.409  49 -99.00   37.2       -838.8102       -1660.013   354 359.9999   0.0001     -1.129 0.148  32 -99.00    0.223
2018-05-16-14:59:43 1.15  Mocks_Mamon/MockNFW160ellip0.5loga-2.08PA50center0.0_0.0With_background1num82.dat Diff-Evol    1.0e-04 0 1 0 0     NFW        0.0000   0.0001     -1.269 0.366  39 -99.00   69.9       -692.5122       -1367.494   520   0.0000   0.0001     -1.070 0.127 145 -99.00    0.289
2018-05-16-14:59:43 1.15  Mocks_Mamon/MockNFW160ellip0.5loga-2.08PA50center0.0_0.0With_background1num83.dat Diff-Evol    1.0e-04 0 1 0 0     NFW        0.0000   0.0001     -1.273 0.221  62 -99.00   75.1       -744.8367       -1472.057   409   0.0000   0.0001     -1.093 0.041 176 -99.00    0.228
2018-05-16-14:59:43 1.15  Mocks_Mamon/MockNFW160ellip0.5loga-2.08PA50center0.0_0.0With_background1num84.dat Diff-Evol    1.0e-04 0 1 0 0     NFW      360.0000   0.0000     -1.484 0.432  52 -99.00   50.8       -796.4111       -1575.292   527 360.0000   0.0000     -1.079 0.146 137 -99.00    0.295
2018-05-16-14:59:43 1.15  Mocks_Mamon/MockNFW160ellip0.5loga-2.08PA50center0.0_0.0With_background1num85.dat Diff-Evol    1.0e-04 0 1 0 0     NFW      359.9999  -0.0000     -1.493 0.050   9 -99.00   50.5       -788.6519       -1559.756   326 359.9999  -0.0000     -1.051 0.045  21 -99.00    0.181
2018-05-16-14:59:43 1.15  Mocks_Mamon/MockNFW160ellip0.5loga-2.08PA50center0.0_0.0With_background1num86.dat Diff-Evol    1.0e-04 0 1 0 0     NFW        0.0001   0.0000     -1.459 0.231   2 -99.00   53.9       -792.8294       -1568.042   354   0.0001   0.0000     -1.072 0.140  27 -99.00    0.196
2018-05-16-14:59:43 1.15  Mocks_Mamon/MockNFW160ellip0.5loga-2.08PA50center0.0_0.0With_background1num87.dat Diff-Evol    1.0e-04 0 1 0 0     NFW      360.0000   0.0001     -1.561 0.460  39 -99.00   42.6       -777.3758       -1537.178   438 360.0000   0.0001     -1.060 0.161 147 -99.00    0.239
2018-05-16-14:59:43 1.15  Mocks_Mamon/MockNFW160ellip0.5loga-2.08PA50center0.0_0.0With_background1num88.dat Diff-Evol    1.0e-04 0 1 0 0     NFW        0.0001   0.0001     -1.353 0.255  67 -99.00   63.9       -756.6653       -1495.783   444   0.0001   0.0001     -1.018 0.063 174 -99.00    0.247
2018-05-16-14:59:43 1.15  Mocks_Mamon/MockNFW160ellip0.5loga-2.08PA50center0.0_0.0With_background1num89.dat Diff-Evol    1.0e-04 0 1 0 0     NFW      359.9999  -0.0001     -1.263 0.443  55 -99.00   82.1       -808.5519       -1599.539   759 359.9999  -0.0001     -1.063 0.143  44 -99.00    0.413
2018-05-16-14:59:43 1.15  Mocks_Mamon/MockNFW160ellip0.5loga-2.08PA50center0.0_0.0With_background1num90.dat Diff-Evol    1.0e-04 0 1 0 0     NFW        0.0000  -0.0000     -1.975 0.261  46 -99.00   23.3       -784.8925       -1552.254   563   0.0000  -0.0000     -1.091 0.110  22 -99.00    0.308
2018-05-16-14:59:43 1.15  Mocks_Mamon/MockNFW160ellip0.5loga-2.08PA50center0.0_0.0With_background1num91.dat Diff-Evol    1.0e-04 0 1 0 0     NFW        0.0000   0.0000     -1.320 0.470  64 -99.00   71.4       -801.0646       -1584.538   577   0.0000   0.0000     -1.084 0.221  26 -99.00    0.319
2018-05-16-14:59:43 1.15  Mocks_Mamon/MockNFW160ellip0.5loga-2.08PA50center0.0_0.0With_background1num92.dat Diff-Evol    1.0e-04 0 1 0 0     NFW        0.0000   0.0000     -1.648 0.253  47 -99.00   38.7       -802.6221       -1587.645   368   0.0000   0.0000     -1.093 0.021  29 -99.00    0.202
2018-05-16-14:59:43 1.15  Mocks_Mamon/MockNFW160ellip0.5loga-2.08PA50center0.0_0.0With_background1num93.dat Diff-Evol    1.0e-04 0 1 0 0     NFW      360.0000  -0.0001     -1.504 0.276  55 -99.00   46.6       -752.9648       -1488.356   340 360.0000  -0.0001     -1.100 0.031  24 -99.00    0.187
2018-05-16-14:59:43 1.15  Mocks_Mamon/MockNFW160ellip0.5loga-2.08PA50center0.0_0.0With_background1num94.dat Diff-Evol    1.0e-04 0 1 0 0     NFW        0.0000   0.0000     -1.431 0.240  36 -99.00   56.6       -789.6223       -1561.671   402   0.0000   0.0000     -1.077 0.084 155 -99.00    0.225
2018-05-16-14:59:43 1.15  Mocks_Mamon/MockNFW160ellip0.5loga-2.08PA50center0.0_0.0With_background1num95.dat Diff-Evol    1.0e-04 0 1 0 0     NFW        0.0000  -0.0001     -1.515 0.407  59 -99.00   41.7       -692.5292       -1367.536   423   0.0000  -0.0001     -1.062 0.147  36 -99.00    0.234
2018-05-16-14:59:43 1.15  Mocks_Mamon/MockNFW160ellip0.5loga-2.08PA50center0.0_0.0With_background1num96.dat Diff-Evol    1.0e-04 0 1 0 0     NFW      359.9999  -0.0000     -1.604 0.346  45 -99.00   41.1       -798.3668       -1579.143   466 359.9999  -0.0000     -1.065 0.141 147 -99.00    0.254
2018-05-16-14:59:43 1.15  Mocks_Mamon/MockNFW160ellip0.5loga-2.08PA50center0.0_0.0With_background1num97.dat Diff-Evol    1.0e-04 0 1 0 0     NFW      359.9999   0.0001     -1.217 0.267  43 -99.00   88.7       -774.0214       -1530.486   423 359.9999   0.0001     -1.083 0.028 155 -99.00    0.236
2018-05-16-14:59:43 1.15  Mocks_Mamon/MockNFW160ellip0.5loga-2.08PA50center0.0_0.0With_background1num98.dat Diff-Evol    1.0e-04 0 1 0 0     NFW        0.0000  -0.0001     -1.498 0.305  51 -99.00   50.5       -801.8915       -1586.209   340   0.0000  -0.0001     -1.063 0.048 137 -99.00    0.187
2018-05-16-14:59:43 1.15  Mocks_Mamon/MockNFW160ellip0.5loga-2.08PA50center0.0_0.0With_background1num99.dat Diff-Evol    1.0e-04 0 1 0 0     NFW        0.0000   0.0003     -1.361 0.291  43 -99.00   56.7       -684.6885       -1351.829   452   0.0000   0.0003     -1.040 0.073 146 -99.00    0.244
