2018-05-16-14:58:01 1.15  Mocks_Mamon/MockNFW20ellip0.5loga-2.08PA50center0.0_0.0With_background1num0.dat L-BFGS-B     1.0e-04 0 1 0 0     NFW      359.9920  -0.0076     -0.941 0.010  10 -99.00  137.7       -577.4198       -1138.659    28 359.9920  -0.0076     -0.935 0.064  10 -99.00    0.015
2018-05-16-14:58:01 1.15  Mocks_Mamon/MockNFW20ellip0.5loga-2.08PA50center0.0_0.0With_background1num1.dat L-BFGS-B     1.0e-04 0 1 0 0     NFW      359.9904  -0.0028     -0.945 0.012 147 -99.00  126.3       -535.9282       -1055.662    56 359.9904  -0.0028     -0.918 0.096 147 -99.00    0.031
2018-05-16-14:58:01 1.15  Mocks_Mamon/MockNFW20ellip0.5loga-2.08PA50center0.0_0.0With_background1num2.dat L-BFGS-B     1.0e-04 0 1 0 0     NFW        0.0022   0.0001     -0.969 0.000 162 -99.00  111.2       -481.5657        -946.937    98   0.0022   0.0001     -0.908 0.151 162 -99.00    0.052
2018-05-16-14:58:01 1.15  Mocks_Mamon/MockNFW20ellip0.5loga-2.08PA50center0.0_0.0With_background1num3.dat L-BFGS-B     1.0e-04 0 1 0 0     NFW      359.9962  -0.0003     -0.962 0.046 136 -99.00  111.2        -490.508       -964.8624    35 359.9962  -0.0003     -0.903 0.105 136 -99.00    0.019
2018-05-16-14:58:01 1.15  Mocks_Mamon/MockNFW20ellip0.5loga-2.08PA50center0.0_0.0With_background1num4.dat L-BFGS-B     1.0e-04 0 1 0 0     NFW        0.0004   0.0051     -0.959 0.017  38 -99.00  110.4       -484.5238       -952.8666    21   0.0004   0.0051     -0.899 0.026  38 -99.00    0.011
2018-05-16-14:58:01 1.15  Mocks_Mamon/MockNFW20ellip0.5loga-2.08PA50center0.0_0.0With_background1num5.dat L-BFGS-B     1.0e-04 0 1 0 0     NFW        0.0053  -0.0043     -0.952 0.012 152 -99.00  119.5         -509.71       -1003.226    35   0.0053  -0.0043     -0.919 0.037 152 -99.00    0.019
2018-05-16-14:58:01 1.15  Mocks_Mamon/MockNFW20ellip0.5loga-2.08PA50center0.0_0.0With_background1num6.dat L-BFGS-B     1.0e-04 0 1 0 0     NFW      359.9995   0.0001     -0.971 0.018 180 -99.00  112.7       -495.7416        -975.316    28 359.9995   0.0001     -0.935 0.064 180 -99.00    0.015
2018-05-16-14:58:01 1.15  Mocks_Mamon/MockNFW20ellip0.5loga-2.08PA50center0.0_0.0With_background1num7.dat L-BFGS-B     1.0e-04 0 1 0 0     NFW        0.0002  -0.0000     -0.973 0.013 176 -99.00  105.1       -460.6559       -905.1173    35   0.0002  -0.0000     -0.918 0.047 176 -99.00    0.019
2018-05-16-14:58:01 1.15  Mocks_Mamon/MockNFW20ellip0.5loga-2.08PA50center0.0_0.0With_background1num8.dat L-BFGS-B     1.0e-04 0 1 0 0     NFW      359.9979  -0.0001     -0.971 0.010 170 -99.00  112.7       -489.9495       -963.7045    49 359.9979  -0.0001     -0.919 0.110 170 -99.00    0.027
2018-05-16-14:58:01 1.15  Mocks_Mamon/MockNFW20ellip0.5loga-2.08PA50center0.0_0.0With_background1num9.dat L-BFGS-B     1.0e-04 0 1 0 0     NFW      359.9983  -0.0001     -0.967 0.009  20 -99.00  105.9       -460.2951       -904.4094    28 359.9983  -0.0001     -0.907 0.051  20 -99.00    0.015
2018-05-16-14:58:01 1.15  Mocks_Mamon/MockNFW20ellip0.5loga-2.08PA50center0.0_0.0With_background1num10.dat L-BFGS-B     1.0e-04 0 1 0 0     NFW      360.0000  -0.0023     -0.968 0.011 151 -99.00  112.7        -498.559       -980.9509    56 360.0000  -0.0023     -0.951 0.086 151 -99.00    0.031
2018-05-16-14:58:01 1.15  Mocks_Mamon/MockNFW20ellip0.5loga-2.08PA50center0.0_0.0With_background1num11.dat L-BFGS-B     1.0e-04 0 1 0 0     NFW        0.0045  -0.0013     -0.962 0.002  11 -99.00  108.9       -471.7888       -927.4103    49   0.0045  -0.0013     -0.895 0.127  11 -99.00    0.026
2018-05-16-14:58:01 1.15  Mocks_Mamon/MockNFW20ellip0.5loga-2.08PA50center0.0_0.0With_background1num12.dat L-BFGS-B     1.0e-04 0 1 0 0     NFW      359.9998  -0.0031     -0.973 0.000  11 -99.00  104.4       -466.7477       -917.3144   126 359.9998  -0.0031     -0.898 0.137  10 -99.00    0.067
2018-05-16-14:58:01 1.15  Mocks_Mamon/MockNFW20ellip0.5loga-2.08PA50center0.0_0.0With_background1num13.dat L-BFGS-B     1.0e-04 0 1 0 0     NFW        0.0025  -0.0000     -0.971 0.000  38 -99.00  103.6        -448.727       -881.2731    98   0.0025  -0.0000     -0.900 0.022  38 -99.00    0.052
2018-05-16-14:58:01 1.15  Mocks_Mamon/MockNFW20ellip0.5loga-2.08PA50center0.0_0.0With_background1num14.dat L-BFGS-B     1.0e-04 0 1 0 0     NFW        0.0054  -0.0007     -0.958 0.000 142 -99.00  121.0       -521.7064       -1027.246   140   0.0054  -0.0007     -0.913 0.129 142 -99.00    0.075
2018-05-16-14:58:01 1.15  Mocks_Mamon/MockNFW20ellip0.5loga-2.08PA50center0.0_0.0With_background1num15.dat L-BFGS-B     1.0e-04 0 1 0 0     NFW      359.9980   0.0007     -0.967 0.025 141 -99.00  105.9       -462.6481       -909.1153    35 359.9980   0.0007     -0.896 0.102 141 -99.00    0.019
2018-05-16-14:58:01 1.15  Mocks_Mamon/MockNFW20ellip0.5loga-2.08PA50center0.0_0.0With_background1num16.dat L-BFGS-B     1.0e-04 0 1 0 0     NFW        0.0003  -0.0000     -0.976 0.013  26 -99.00   99.8       -432.0247       -847.8686    56   0.0003  -0.0000     -0.928 0.102  26 -99.00    0.030
2018-05-16-14:58:01 1.15  Mocks_Mamon/MockNFW20ellip0.5loga-2.08PA50center0.0_0.0With_background1num17.dat L-BFGS-B     1.0e-04 0 1 0 0     NFW        0.0017   0.0041     -0.963 0.000   4 -99.00  112.7       -487.6592       -959.1512   119   0.0017   0.0041     -0.906 0.072   4 -99.00    0.064
2018-05-16-14:58:01 1.15  Mocks_Mamon/MockNFW20ellip0.5loga-2.08PA50center0.0_0.0With_background1num18.dat L-BFGS-B     1.0e-04 0 1 0 0     NFW      359.9959  -0.0037     -0.955 0.013 137 -99.00  127.8       -538.5224       -1060.891    35 359.9959  -0.0037     -0.910 0.045 137 -99.00    0.020
2018-05-16-14:58:01 1.15  Mocks_Mamon/MockNFW20ellip0.5loga-2.08PA50center0.0_0.0With_background1num19.dat L-BFGS-B     1.0e-04 0 1 0 0     NFW      359.9985   0.0012     -0.969 0.000  35 -99.00  101.3         -439.85       -863.5192   105 359.9985   0.0012     -0.903 0.088  35 -99.00    0.056
2018-05-16-14:58:01 1.15  Mocks_Mamon/MockNFW20ellip0.5loga-2.08PA50center0.0_0.0With_background1num20.dat L-BFGS-B     1.0e-04 0 1 0 0     NFW        0.0012   0.0007     -0.974 0.000   7 -99.00   95.3       -421.5015       -826.8358   119   0.0012   0.0007     -0.901 0.054   7 -99.00    0.060
2018-05-16-14:58:01 1.15  Mocks_Mamon/MockNFW20ellip0.5loga-2.08PA50center0.0_0.0With_background1num21.dat L-BFGS-B     1.0e-04 0 1 0 0     NFW        0.0100   0.0003     -0.945 0.000 147 -99.00  125.6       -521.2723       -1026.364   140   0.0100   0.0003     -0.911 0.125 147 -99.00    0.075
2018-05-16-14:58:01 1.15  Mocks_Mamon/MockNFW20ellip0.5loga-2.08PA50center0.0_0.0With_background1num22.dat L-BFGS-B     1.0e-04 0 1 0 0     NFW        0.0001  -0.0010     -0.972 0.012  37 -99.00   95.3       -414.3638       -812.5605    49   0.0001  -0.0010     -0.892 0.102  37 -99.00    0.025
2018-05-16-14:58:01 1.15  Mocks_Mamon/MockNFW20ellip0.5loga-2.08PA50center0.0_0.0With_background1num23.dat L-BFGS-B     1.0e-04 0 1 0 0     NFW        0.0006   0.0010     -0.970 0.000  13 -99.00  102.1       -448.6375       -881.0941   119   0.0006   0.0010     -0.909 0.058  13 -99.00    0.063
2018-05-16-14:58:01 1.15  Mocks_Mamon/MockNFW20ellip0.5loga-2.08PA50center0.0_0.0With_background1num24.dat L-BFGS-B     1.0e-04 0 1 0 0     NFW      359.9970   0.0009     -0.965 0.003 171 -99.00  111.2       -492.7415       -969.3021    28 359.9970   0.0009     -0.909 0.013 171 -99.00    0.015
2018-05-16-14:58:01 1.15  Mocks_Mamon/MockNFW20ellip0.5loga-2.08PA50center0.0_0.0With_background1num25.dat L-BFGS-B     1.0e-04 0 1 0 0     NFW        0.0001  -0.0052     -0.962 0.000 145 -99.00  112.7       -494.2698       -972.3588   126   0.0001  -0.0052     -0.927 0.161 145 -99.00    0.067
2018-05-16-14:58:01 1.15  Mocks_Mamon/MockNFW20ellip0.5loga-2.08PA50center0.0_0.0With_background1num26.dat L-BFGS-B     1.0e-04 0 1 0 0     NFW      359.9979   0.0011     -0.967 0.000 137 -99.00  117.2       -511.1854       -1006.204   119 359.9979   0.0011     -0.918 0.065 137 -99.00    0.064
2018-05-16-14:58:01 1.15  Mocks_Mamon/MockNFW20ellip0.5loga-2.08PA50center0.0_0.0With_background1num27.dat L-BFGS-B     1.0e-04 0 1 0 0     NFW      359.9977  -0.0005     -0.971 0.000 160 -99.00  102.9       -454.4886       -892.7964   119 359.9977  -0.0005     -0.911 0.049 160 -99.00    0.063
2018-05-16-14:58:01 1.15  Mocks_Mamon/MockNFW20ellip0.5loga-2.08PA50center0.0_0.0With_background1num28.dat L-BFGS-B     1.0e-04 0 1 0 0     NFW        0.0038  -0.0066     -0.962 0.000  17 -99.00  118.7       -527.5007       -1038.834    49   0.0038  -0.0066     -0.929 0.003  17 -99.00    0.026
2018-05-16-14:58:01 1.15  Mocks_Mamon/MockNFW20ellip0.5loga-2.08PA50center0.0_0.0With_background1num29.dat L-BFGS-B     1.0e-04 0 1 0 0     NFW      359.9997   0.0017     -0.976 0.000  31 -99.00  108.9       -473.8758       -931.5708   126 359.9997   0.0017     -0.912 0.145  31 -99.00    0.067
2018-05-16-14:58:01 1.15  Mocks_Mamon/MockNFW20ellip0.5loga-2.08PA50center0.0_0.0With_background1num30.dat L-BFGS-B     1.0e-04 0 1 0 0     NFW      359.9923  -0.0073     -0.945 0.000   5 -99.00  125.6        -535.806       -1055.431    84 359.9923  -0.0073     -0.915 0.039   5 -99.00    0.045
2018-05-16-14:58:01 1.15  Mocks_Mamon/MockNFW20ellip0.5loga-2.08PA50center0.0_0.0With_background1num31.dat L-BFGS-B     1.0e-04 0 1 0 0     NFW        0.0013   0.0001     -0.971 0.000 144 -99.00  100.6       -446.2771       -876.3733   126   0.0013   0.0001     -0.907 0.155 144 -99.00    0.067
2018-05-16-14:58:01 1.15  Mocks_Mamon/MockNFW20ellip0.5loga-2.08PA50center0.0_0.0With_background1num32.dat L-BFGS-B     1.0e-04 0 1 0 0     NFW        0.0032  -0.0038     -0.958 0.262 170 -99.00  105.9        -465.539       -914.8835    28   0.0032  -0.0038     -0.891 0.233 170 -99.00    0.015
2018-05-16-14:58:01 1.15  Mocks_Mamon/MockNFW20ellip0.5loga-2.08PA50center0.0_0.0With_background1num33.dat L-BFGS-B     1.0e-04 0 1 0 0     NFW      359.9985  -0.0000     -0.973 0.019  32 -99.00  110.4       -480.6045       -945.0282    49 359.9985  -0.0000     -0.935 0.181  32 -99.00    0.026
2018-05-16-14:58:01 1.15  Mocks_Mamon/MockNFW20ellip0.5loga-2.08PA50center0.0_0.0With_background1num34.dat L-BFGS-B     1.0e-04 0 1 0 0     NFW        0.0075  -0.0002     -0.949 0.001 164 -99.00  130.1       -565.5749       -1114.996    49   0.0075  -0.0002     -0.972 0.023 164 -99.00    0.027
2018-05-16-14:58:01 1.15  Mocks_Mamon/MockNFW20ellip0.5loga-2.08PA50center0.0_0.0With_background1num35.dat L-BFGS-B     1.0e-04 0 1 0 0     NFW        0.0064   0.0059     -0.946 0.013  13 -99.00  130.8       -556.2923        -1096.39    56   0.0064   0.0059     -0.924 0.091  12 -99.00    0.031
2018-05-16-14:58:01 1.15  Mocks_Mamon/MockNFW20ellip0.5loga-2.08PA50center0.0_0.0With_background1num36.dat L-BFGS-B     1.0e-04 0 1 0 0     NFW        0.0017  -0.0020     -0.971 0.027  35 -99.00  104.4       -459.6444        -903.108    35   0.0017  -0.0020     -0.891 0.106  35 -99.00    0.019
2018-05-16-14:58:01 1.15  Mocks_Mamon/MockNFW20ellip0.5loga-2.08PA50center0.0_0.0With_background1num37.dat L-BFGS-B     1.0e-04 0 1 0 0     NFW        0.0025  -0.0011     -0.977 0.039 149 -99.00  112.7       -503.4544       -990.7417    35   0.0025  -0.0011     -0.925 0.126 149 -99.00    0.019
2018-05-16-14:58:01 1.15  Mocks_Mamon/MockNFW20ellip0.5loga-2.08PA50center0.0_0.0With_background1num38.dat L-BFGS-B     1.0e-04 0 1 0 0     NFW        0.0005   0.0028     -0.971 0.025  39 -99.00  109.7       -485.9741       -955.7673    21   0.0005   0.0028     -0.912 0.043  39 -99.00    0.012
2018-05-16-14:58:01 1.15  Mocks_Mamon/MockNFW20ellip0.5loga-2.08PA50center0.0_0.0With_background1num39.dat L-BFGS-B     1.0e-04 0 1 0 0     NFW        0.0000  -0.0002     -0.974 0.262   1 -99.00   99.8       -438.3488       -860.5167    49   0.0000  -0.0002     -0.909 0.115   1 -99.00    0.025
2018-05-16-14:58:01 1.15  Mocks_Mamon/MockNFW20ellip0.5loga-2.08PA50center0.0_0.0With_background1num40.dat L-BFGS-B     1.0e-04 0 1 0 0     NFW      359.9968  -0.0005     -0.964 0.000 145 -99.00  116.5       -507.8163       -999.4653   140 359.9968  -0.0005     -0.915 0.120 145 -99.00    0.075
2018-05-16-14:58:01 1.15  Mocks_Mamon/MockNFW20ellip0.5loga-2.08PA50center0.0_0.0With_background1num41.dat L-BFGS-B     1.0e-04 0 1 0 0     NFW        0.0071   0.0022     -0.958 0.037  41 -99.00  115.0       -498.8752        -981.597    21   0.0071   0.0022     -0.920 0.060  41 -99.00    0.012
2018-05-16-14:58:01 1.15  Mocks_Mamon/MockNFW20ellip0.5loga-2.08PA50center0.0_0.0With_background1num42.dat L-BFGS-B     1.0e-04 0 1 0 0     NFW      359.9943   0.0019     -0.957 0.016 146 -99.00  110.4       -485.1431       -954.1326    35 359.9943   0.0019     -0.897 0.057 146 -99.00    0.019
2018-05-16-14:58:01 1.15  Mocks_Mamon/MockNFW20ellip0.5loga-2.08PA50center0.0_0.0With_background1num43.dat L-BFGS-B     1.0e-04 0 1 0 0     NFW        0.0007   0.0004     -0.970 0.000 145 -99.00  105.1       -466.1504       -916.1198   140   0.0007   0.0004     -0.921 0.110 145 -99.00    0.074
2018-05-16-14:58:01 1.15  Mocks_Mamon/MockNFW20ellip0.5loga-2.08PA50center0.0_0.0With_background1num44.dat L-BFGS-B     1.0e-04 0 1 0 0     NFW      359.9993   0.0009     -0.969 0.000   1 -99.00  101.3       -440.2442       -864.3212   105 359.9993   0.0009     -0.895 0.097   1 -99.00    0.056
2018-05-16-14:58:01 1.15  Mocks_Mamon/MockNFW20ellip0.5loga-2.08PA50center0.0_0.0With_background1num45.dat L-BFGS-B     1.0e-04 0 1 0 0     NFW      359.9998   0.0019     -0.971 0.030  36 -99.00  102.9       -445.2571       -874.3469    21 359.9998   0.0019     -0.903 0.048  36 -99.00    0.011
2018-05-16-14:58:01 1.15  Mocks_Mamon/MockNFW20ellip0.5loga-2.08PA50center0.0_0.0With_background1num46.dat L-BFGS-B     1.0e-04 0 1 0 0     NFW      359.9948   0.0032     -0.957 0.005 164 -99.00  118.7       -518.8017       -1021.409    28 359.9948   0.0032     -0.900 0.092 164 -99.00    0.015
2018-05-16-14:58:01 1.15  Mocks_Mamon/MockNFW20ellip0.5loga-2.08PA50center0.0_0.0With_background1num47.dat L-BFGS-B     1.0e-04 0 1 0 0     NFW      359.9997   0.0099     -0.952 0.001 157 -99.00  121.8       -524.9893       -1033.798    28 359.9997   0.0099     -0.917 0.075 157 -99.00    0.015
2018-05-16-14:58:01 1.15  Mocks_Mamon/MockNFW20ellip0.5loga-2.08PA50center0.0_0.0With_background1num48.dat L-BFGS-B     1.0e-04 0 1 0 0     NFW      359.9981   0.0022     -0.969 0.000  23 -99.00  113.4       -505.2168       -994.2527   140 359.9981   0.0022     -0.931 0.104  23 -99.00    0.074
2018-05-16-14:58:01 1.15  Mocks_Mamon/MockNFW20ellip0.5loga-2.08PA50center0.0_0.0With_background1num49.dat L-BFGS-B     1.0e-04 0 1 0 0     NFW        0.0024  -0.0005     -0.969 0.000 169 -99.00  108.2       -472.1276       -928.0879   140   0.0024  -0.0005     -0.917 0.118 169 -99.00    0.075
2018-05-16-14:58:01 1.15  Mocks_Mamon/MockNFW20ellip0.5loga-2.08PA50center0.0_0.0With_background1num50.dat L-BFGS-B     1.0e-04 0 1 0 0     NFW        0.0002  -0.0028     -0.964 0.000 160 -99.00  108.2       -474.6887       -933.1829   119   0.0002  -0.0028     -0.927 0.154 160 -99.00    0.063
2018-05-16-14:58:01 1.15  Mocks_Mamon/MockNFW20ellip0.5loga-2.08PA50center0.0_0.0With_background1num51.dat L-BFGS-B     1.0e-04 0 1 0 0     NFW      360.0000  -0.0053     -0.967 0.016 147 -99.00  112.7       -502.8643       -989.5889    35 360.0000  -0.0053     -0.926 0.050 147 -99.00    0.019
2018-05-16-14:58:01 1.15  Mocks_Mamon/MockNFW20ellip0.5loga-2.08PA50center0.0_0.0With_background1num52.dat L-BFGS-B     1.0e-04 0 1 0 0     NFW      359.9991   0.0005     -0.970 0.028   6 -99.00  105.9       -456.1172         -896.04    28 359.9991   0.0005     -0.928 0.082   6 -99.00    0.015
2018-05-16-14:58:01 1.15  Mocks_Mamon/MockNFW20ellip0.5loga-2.08PA50center0.0_0.0With_background1num53.dat L-BFGS-B     1.0e-04 0 1 0 0     NFW      359.9971  -0.0010     -0.963 0.000 145 -99.00  119.5        -523.929       -1031.664   140 359.9971  -0.0010     -0.918 0.089 145 -99.00    0.075
2018-05-16-14:58:01 1.15  Mocks_Mamon/MockNFW20ellip0.5loga-2.08PA50center0.0_0.0With_background1num54.dat L-BFGS-B     1.0e-04 0 1 0 0     NFW      360.0000   0.0038     -0.966 0.266  10 -99.00  115.0       -515.1774        -1014.16    49 360.0000   0.0038     -0.911 0.145  10 -99.00    0.025
2018-05-16-14:58:01 1.15  Mocks_Mamon/MockNFW20ellip0.5loga-2.08PA50center0.0_0.0With_background1num55.dat L-BFGS-B     1.0e-04 0 1 0 0     NFW        0.0004  -0.0049     -0.973 0.041  11 -99.00  116.5        -521.363       -1026.532    28   0.0004  -0.0049     -0.934 0.042  11 -99.00    0.015
2018-05-16-14:58:01 1.15  Mocks_Mamon/MockNFW20ellip0.5loga-2.08PA50center0.0_0.0With_background1num56.dat L-BFGS-B     1.0e-04 0 1 0 0     NFW      359.9963   0.0082     -0.947 0.000   9 -99.00  124.8       -532.2942       -1048.407   140 359.9963   0.0082     -0.906 0.105   9 -99.00    0.075
2018-05-16-14:58:01 1.15  Mocks_Mamon/MockNFW20ellip0.5loga-2.08PA50center0.0_0.0With_background1num57.dat L-BFGS-B     1.0e-04 0 1 0 0     NFW      359.9997   0.0027     -0.972 0.016 161 -99.00  105.9       -465.0331       -913.8718    49 359.9997   0.0027     -0.897 0.153 161 -99.00    0.026
2018-05-16-14:58:01 1.15  Mocks_Mamon/MockNFW20ellip0.5loga-2.08PA50center0.0_0.0With_background1num58.dat L-BFGS-B     1.0e-04 0 1 0 0     NFW      359.9937  -0.0055     -0.947 0.012 166 -99.00  122.5       -520.5902           -1025    56 359.9937  -0.0055     -0.898 0.083 166 -99.00    0.031
2018-05-16-14:58:01 1.15  Mocks_Mamon/MockNFW20ellip0.5loga-2.08PA50center0.0_0.0With_background1num59.dat L-BFGS-B     1.0e-04 0 1 0 0     NFW      359.9969  -0.0007     -0.970 0.000 166 -99.00  100.6       -439.8496       -863.5594   105 359.9969  -0.0007     -0.897 0.089 166 -99.00    0.056
2018-05-16-14:58:01 1.15  Mocks_Mamon/MockNFW20ellip0.5loga-2.08PA50center0.0_0.0With_background1num60.dat L-BFGS-B     1.0e-04 0 1 0 0     NFW      359.9988   0.0006     -0.971 0.010 158 -99.00  102.1       -445.9228       -875.6647    77 359.9988   0.0006     -0.906 0.138 158 -99.00    0.042
2018-05-16-14:58:01 1.15  Mocks_Mamon/MockNFW20ellip0.5loga-2.08PA50center0.0_0.0With_background1num61.dat L-BFGS-B     1.0e-04 0 1 0 0     NFW      359.9994   0.0013     -0.971 0.012   6 -99.00  102.1       -454.3294       -892.4915    56 359.9994   0.0013     -0.903 0.089   6 -99.00    0.031
2018-05-16-14:58:01 1.15  Mocks_Mamon/MockNFW20ellip0.5loga-2.08PA50center0.0_0.0With_background1num62.dat L-BFGS-B     1.0e-04 0 1 0 0     NFW      359.9916  -0.0076     -0.944 0.016  26 -99.00  127.1        -535.704       -1055.227    28 359.9916  -0.0076     -0.934 0.079  26 -99.00    0.015
2018-05-16-14:58:01 1.15  Mocks_Mamon/MockNFW20ellip0.5loga-2.08PA50center0.0_0.0With_background1num63.dat L-BFGS-B     1.0e-04 0 1 0 0     NFW      359.9956  -0.0038     -0.958 0.000 162 -99.00  123.3       -531.0024       -1045.838   119 359.9956  -0.0038     -0.936 0.051 162 -99.00    0.064
2018-05-16-14:58:01 1.15  Mocks_Mamon/MockNFW20ellip0.5loga-2.08PA50center0.0_0.0With_background1num64.dat L-BFGS-B     1.0e-04 0 1 0 0     NFW      359.9984  -0.0031     -0.963 0.010  30 -99.00  107.4       -471.4522       -926.7235    28 359.9984  -0.0031     -0.892 0.050  30 -99.00    0.015
2018-05-16-14:58:01 1.15  Mocks_Mamon/MockNFW20ellip0.5loga-2.08PA50center0.0_0.0With_background1num65.dat L-BFGS-B     1.0e-04 0 1 0 0     NFW      359.9999  -0.0126     -0.945 0.012 168 -99.00  125.6       -527.4896       -1038.785    21 359.9999  -0.0126     -0.913 0.019 168 -99.00    0.012
2018-05-16-14:58:01 1.15  Mocks_Mamon/MockNFW20ellip0.5loga-2.08PA50center0.0_0.0With_background1num66.dat L-BFGS-B     1.0e-04 0 1 0 0     NFW        0.0015   0.0005     -0.969 0.017  17 -99.00  113.4        -486.371       -956.5612    56   0.0015   0.0005     -0.930 0.134  17 -99.00    0.031
2018-05-16-14:58:01 1.15  Mocks_Mamon/MockNFW20ellip0.5loga-2.08PA50center0.0_0.0With_background1num67.dat L-BFGS-B     1.0e-04 0 1 0 0     NFW      359.9995   0.0002     -0.971 0.010 169 -99.00  101.3       -440.5835       -864.9725    35 359.9995   0.0002     -0.907 0.035 169 -99.00    0.019
2018-05-16-14:58:01 1.15  Mocks_Mamon/MockNFW20ellip0.5loga-2.08PA50center0.0_0.0With_background1num68.dat L-BFGS-B     1.0e-04 0 1 0 0     NFW        0.0000   0.0047     -0.962 0.017  28 -99.00  111.9       -485.6576       -955.1343    49   0.0000   0.0047     -0.895 0.110  28 -99.00    0.026
2018-05-16-14:58:01 1.15  Mocks_Mamon/MockNFW20ellip0.5loga-2.08PA50center0.0_0.0With_background1num69.dat L-BFGS-B     1.0e-04 0 1 0 0     NFW        0.0011  -0.0000     -0.969 0.016 178 -99.00  107.4       -463.6592       -911.1512    21   0.0011  -0.0000     -0.919 0.028 178 -99.00    0.011
2018-05-16-14:58:01 1.15  Mocks_Mamon/MockNFW20ellip0.5loga-2.08PA50center0.0_0.0With_background1num70.dat L-BFGS-B     1.0e-04 0 1 0 0     NFW        0.0001   0.0003     -0.973 0.000 140 -99.00  101.3       -440.8405       -865.5137   119   0.0001   0.0003     -0.915 0.059 140 -99.00    0.063
2018-05-16-14:58:01 1.15  Mocks_Mamon/MockNFW20ellip0.5loga-2.08PA50center0.0_0.0With_background1num71.dat L-BFGS-B     1.0e-04 0 1 0 0     NFW      359.9987  -0.0053     -0.959 0.013   4 -99.00  117.2       -508.5937       -1000.993    21 359.9987  -0.0053     -0.923 0.022   4 -99.00    0.012
2018-05-16-14:58:01 1.15  Mocks_Mamon/MockNFW20ellip0.5loga-2.08PA50center0.0_0.0With_background1num72.dat L-BFGS-B     1.0e-04 0 1 0 0     NFW      359.9977  -0.0001     -0.967 0.000   8 -99.00  114.2       -488.6624       -961.1439   119 359.9977  -0.0001     -0.913 0.050   8 -99.00    0.063
2018-05-16-14:58:01 1.15  Mocks_Mamon/MockNFW20ellip0.5loga-2.08PA50center0.0_0.0With_background1num73.dat L-BFGS-B     1.0e-04 0 1 0 0     NFW        0.0000   0.0007     -0.972 0.000 137 -99.00  110.4       -481.3499       -946.5325    77   0.0000   0.0007     -0.929 0.029 137 -99.00    0.041
2018-05-16-14:58:01 1.15  Mocks_Mamon/MockNFW20ellip0.5loga-2.08PA50center0.0_0.0With_background1num74.dat L-BFGS-B     1.0e-04 0 1 0 0     NFW        0.0006   0.0025     -0.968 0.015 149 -99.00  109.7       -492.7632       -969.3455    56   0.0006   0.0025     -0.927 0.119 149 -99.00    0.031
2018-05-16-14:58:01 1.15  Mocks_Mamon/MockNFW20ellip0.5loga-2.08PA50center0.0_0.0With_background1num75.dat L-BFGS-B     1.0e-04 0 1 0 0     NFW        0.0047  -0.0023     -0.963 0.000  38 -99.00  120.3       -524.9664       -1033.738   112   0.0047  -0.0023     -0.922 0.070  38 -99.00    0.060
2018-05-16-14:58:01 1.15  Mocks_Mamon/MockNFW20ellip0.5loga-2.08PA50center0.0_0.0With_background1num76.dat L-BFGS-B     1.0e-04 0 1 0 0     NFW      359.9978  -0.0089     -0.950 0.000 135 -99.00  113.4       -478.5966       -941.0123   140 359.9978  -0.0089     -0.893 0.124 135 -99.00    0.075
2018-05-16-14:58:01 1.15  Mocks_Mamon/MockNFW20ellip0.5loga-2.08PA50center0.0_0.0With_background1num77.dat L-BFGS-B     1.0e-04 0 1 0 0     NFW        0.0007   0.0065     -0.958 0.011 159 -99.00  124.8       -531.7418       -1047.289    35   0.0007   0.0065     -0.898 0.044 159 -99.00    0.019
2018-05-16-14:58:01 1.15  Mocks_Mamon/MockNFW20ellip0.5loga-2.08PA50center0.0_0.0With_background1num78.dat L-BFGS-B     1.0e-04 0 1 0 0     NFW        0.0020  -0.0029     -0.965 0.010  12 -99.00  111.9       -505.0026       -993.8244    28   0.0020  -0.0029     -0.939 0.068  12 -99.00    0.015
2018-05-16-14:58:01 1.15  Mocks_Mamon/MockNFW20ellip0.5loga-2.08PA50center0.0_0.0With_background1num79.dat L-BFGS-B     1.0e-04 0 1 0 0     NFW      359.9999   0.0012     -0.970 0.049  45 -99.00  107.4       -467.1983       -918.2158    49 359.9999   0.0012     -0.891 0.133  45 -99.00    0.026
2018-05-16-14:58:01 1.15  Mocks_Mamon/MockNFW20ellip0.5loga-2.08PA50center0.0_0.0With_background1num80.dat L-BFGS-B     1.0e-04 0 1 0 0     NFW      359.9996   0.0000     -0.974 0.000  29 -99.00  110.4       -480.2019       -944.2229   119 359.9996   0.0000     -0.940 0.042  29 -99.00    0.063
2018-05-16-14:58:01 1.15  Mocks_Mamon/MockNFW20ellip0.5loga-2.08PA50center0.0_0.0With_background1num81.dat L-BFGS-B     1.0e-04 0 1 0 0     NFW        0.0018   0.0009     -0.969 0.046 140 -99.00  114.2       -495.1959       -974.1973    35   0.0018   0.0009     -0.926 0.097 140 -99.00    0.019
2018-05-16-14:58:01 1.15  Mocks_Mamon/MockNFW20ellip0.5loga-2.08PA50center0.0_0.0With_background1num82.dat L-BFGS-B     1.0e-04 0 1 0 0     NFW        0.0032   0.0005     -0.963 0.027   8 -99.00  118.0       -517.5554       -1018.916    28   0.0032   0.0005     -0.928 0.089   8 -99.00    0.015
2018-05-16-14:58:01 1.15  Mocks_Mamon/MockNFW20ellip0.5loga-2.08PA50center0.0_0.0With_background1num83.dat L-BFGS-B     1.0e-04 0 1 0 0     NFW        0.0001   0.0008     -0.972 0.013  12 -99.00  102.1       -440.0332       -863.8855    35   0.0001   0.0008     -0.898 0.051  12 -99.00    0.019
2018-05-16-14:58:01 1.15  Mocks_Mamon/MockNFW20ellip0.5loga-2.08PA50center0.0_0.0With_background1num84.dat L-BFGS-B     1.0e-04 0 1 0 0     NFW        0.0023   0.0001     -0.967 0.010  21 -99.00  105.9       -460.2349       -904.2888    77   0.0023   0.0001     -0.926 0.138  21 -99.00    0.042
2018-05-16-14:58:01 1.15  Mocks_Mamon/MockNFW20ellip0.5loga-2.08PA50center0.0_0.0With_background1num85.dat L-BFGS-B     1.0e-04 0 1 0 0     NFW        0.0004   0.0062     -0.959 0.031  25 -99.00  122.5       -538.0646       -1059.948    21   0.0004   0.0062     -0.916 0.053  25 -99.00    0.012
2018-05-16-14:58:01 1.15  Mocks_Mamon/MockNFW20ellip0.5loga-2.08PA50center0.0_0.0With_background1num86.dat L-BFGS-B     1.0e-04 0 1 0 0     NFW        0.0002   0.0004     -0.972 0.024 178 -99.00  102.9       -454.8069       -893.4193    35   0.0002   0.0004     -0.905 0.094 178 -99.00    0.019
2018-05-16-14:58:01 1.15  Mocks_Mamon/MockNFW20ellip0.5loga-2.08PA50center0.0_0.0With_background1num87.dat L-BFGS-B     1.0e-04 0 1 0 0     NFW      359.9998   0.0013     -0.969 0.000  23 -99.00  115.0       -496.8535       -977.5126    98 359.9998   0.0013     -0.940 0.068  23 -99.00    0.053
2018-05-16-14:58:01 1.15  Mocks_Mamon/MockNFW20ellip0.5loga-2.08PA50center0.0_0.0With_background1num88.dat L-BFGS-B     1.0e-04 0 1 0 0     NFW      360.0000  -0.0000     -0.975 0.036 176 -99.00  108.2       -481.1788       -946.1768    28 360.0000  -0.0000     -0.914 0.082 176 -99.00    0.015
2018-05-16-14:58:01 1.15  Mocks_Mamon/MockNFW20ellip0.5loga-2.08PA50center0.0_0.0With_background1num89.dat L-BFGS-B     1.0e-04 0 1 0 0     NFW      359.9997   0.0000     -0.973 0.016  25 -99.00  101.3       -441.7744       -867.3544    35 359.9997   0.0000     -0.912 0.063  25 -99.00    0.019
2018-05-16-14:58:01 1.15  Mocks_Mamon/MockNFW20ellip0.5loga-2.08PA50center0.0_0.0With_background1num90.dat L-BFGS-B     1.0e-04 0 1 0 0     NFW        0.0032  -0.0000     -0.968 0.000  34 -99.00  120.3        -527.395       -1038.623   140   0.0032  -0.0000     -0.935 0.131  34 -99.00    0.075
2018-05-16-14:58:01 1.15  Mocks_Mamon/MockNFW20ellip0.5loga-2.08PA50center0.0_0.0With_background1num91.dat L-BFGS-B     1.0e-04 0 1 0 0     NFW      359.9990  -0.0002     -0.976 0.000  40 -99.00  109.7       -477.9731       -939.7654   119 359.9990  -0.0002     -0.925 0.073  40 -99.00    0.063
2018-05-16-14:58:01 1.15  Mocks_Mamon/MockNFW20ellip0.5loga-2.08PA50center0.0_0.0With_background1num92.dat L-BFGS-B     1.0e-04 0 1 0 0     NFW      359.9984   0.0001     -0.968 0.016 167 -99.00  104.4       -465.0795       -913.9917    49 359.9984   0.0001     -0.909 0.153 167 -99.00    0.026
2018-05-16-14:58:01 1.15  Mocks_Mamon/MockNFW20ellip0.5loga-2.08PA50center0.0_0.0With_background1num93.dat L-BFGS-B     1.0e-04 0 1 0 0     NFW      359.9999   0.0093     -0.950 0.013 155 -99.00  118.7       -522.7356        -1029.29    35 359.9999   0.0093     -0.928 0.038 155 -99.00    0.019
2018-05-16-14:58:01 1.15  Mocks_Mamon/MockNFW20ellip0.5loga-2.08PA50center0.0_0.0With_background1num94.dat L-BFGS-B     1.0e-04 0 1 0 0     NFW        0.0020  -0.0064     -0.952 0.000 153 -99.00  123.3       -531.4141       -1046.634    28   0.0020  -0.0064     -0.912 0.048 153 -99.00    0.015
2018-05-16-14:58:01 1.15  Mocks_Mamon/MockNFW20ellip0.5loga-2.08PA50center0.0_0.0With_background1num95.dat L-BFGS-B     1.0e-04 0 1 0 0     NFW        0.0029   0.0001     -0.971 0.012 142 -99.00  113.4       -512.6314       -1009.082    21   0.0029   0.0001     -0.921 0.018 142 -99.00    0.012
2018-05-16-14:58:01 1.15  Mocks_Mamon/MockNFW20ellip0.5loga-2.08PA50center0.0_0.0With_background1num96.dat L-BFGS-B     1.0e-04 0 1 0 0     NFW        0.0012  -0.0027     -0.966 0.000  44 -99.00  109.7       -489.1265       -962.0585    98   0.0012  -0.0027     -0.918 0.068  44 -99.00    0.052
2018-05-16-14:58:01 1.15  Mocks_Mamon/MockNFW20ellip0.5loga-2.08PA50center0.0_0.0With_background1num97.dat L-BFGS-B     1.0e-04 0 1 0 0     NFW      359.9980  -0.0018     -0.964 0.012  29 -99.00  116.5       -513.0224        -1009.85    56 359.9980  -0.0018     -0.931 0.083  29 -99.00    0.031
2018-05-16-14:58:01 1.15  Mocks_Mamon/MockNFW20ellip0.5loga-2.08PA50center0.0_0.0With_background1num98.dat L-BFGS-B     1.0e-04 0 1 0 0     NFW      359.9993  -0.0010     -0.971 0.012 167 -99.00  118.0       -517.2381       -1018.282    35 359.9993  -0.0010     -0.950 0.036 167 -99.00    0.019
2018-05-16-14:58:01 1.15  Mocks_Mamon/MockNFW20ellip0.5loga-2.08PA50center0.0_0.0With_background1num99.dat L-BFGS-B     1.0e-04 0 1 0 0     NFW      359.9998   0.0038     -0.966 0.014  28 -99.00  116.5       -514.0852       -1011.976    49 359.9998   0.0038     -0.930 0.136  28 -99.00    0.027
