2018-05-16-14:57:40 1.15  Mocks_Mamon/MockNFW20ellip0.5loga-2.08PA50center0.0_0.0With_background1num0.dat TNC          1.0e-04 0 1 0 0     NFW      359.9920  -0.0076     -0.941 0.008  10 -99.00  137.7       -577.4199       -1138.659    55 359.9920  -0.0076     -0.935 0.064  10 -99.00    0.232
2018-05-16-14:57:40 1.15  Mocks_Mamon/MockNFW20ellip0.5loga-2.08PA50center0.0_0.0With_background1num1.dat TNC          1.0e-04 0 1 0 0     NFW      359.9904  -0.0028     -0.945 0.000 140 -99.00  126.3       -535.9863       -1055.778    33 359.9904  -0.0028     -0.918 0.096 147 -99.00    0.142
2018-05-16-14:57:40 1.15  Mocks_Mamon/MockNFW20ellip0.5loga-2.08PA50center0.0_0.0With_background1num2.dat TNC          1.0e-04 0 1 0 0     NFW        0.0022   0.0001     -0.969 0.000 145 -99.00  111.2       -481.5691       -946.9437    35   0.0022   0.0001     -0.908 0.151 162 -99.00    0.149
2018-05-16-14:57:40 1.15  Mocks_Mamon/MockNFW20ellip0.5loga-2.08PA50center0.0_0.0With_background1num3.dat TNC          1.0e-04 0 1 0 0     NFW      359.9962  -0.0003     -0.962 0.046 136 -99.00  111.2        -490.508       -964.8624    20 359.9962  -0.0003     -0.903 0.105 136 -99.00    0.086
2018-05-16-14:57:40 1.15  Mocks_Mamon/MockNFW20ellip0.5loga-2.08PA50center0.0_0.0With_background1num4.dat TNC          1.0e-04 0 1 0 0     NFW        0.0004   0.0051     -0.959 0.020  38 -99.00  110.4       -484.5239       -952.8669    77   0.0004   0.0051     -0.899 0.026  38 -99.00    0.317
2018-05-16-14:57:40 1.15  Mocks_Mamon/MockNFW20ellip0.5loga-2.08PA50center0.0_0.0With_background1num5.dat TNC          1.0e-04 0 1 0 0     NFW        0.0053  -0.0043     -0.952 0.000 152 -99.00  119.5       -509.7385       -1003.283    33   0.0053  -0.0043     -0.919 0.037 152 -99.00    0.140
2018-05-16-14:57:40 1.15  Mocks_Mamon/MockNFW20ellip0.5loga-2.08PA50center0.0_0.0With_background1num6.dat TNC          1.0e-04 0 1 0 0     NFW      359.9995   0.0001     -0.971 0.020 179 -99.00  112.7       -495.7419       -975.3166    27 359.9995   0.0001     -0.935 0.064 180 -99.00    0.115
2018-05-16-14:57:40 1.15  Mocks_Mamon/MockNFW20ellip0.5loga-2.08PA50center0.0_0.0With_background1num7.dat TNC          1.0e-04 0 1 0 0     NFW        0.0002  -0.0000     -0.973 0.000 176 -99.00  105.1       -460.6963        -905.198    34   0.0002  -0.0000     -0.918 0.047 176 -99.00    0.144
2018-05-16-14:57:40 1.15  Mocks_Mamon/MockNFW20ellip0.5loga-2.08PA50center0.0_0.0With_background1num8.dat TNC          1.0e-04 0 1 0 0     NFW      359.9979  -0.0001     -0.971 0.027 180 -99.00  112.7       -489.9729       -963.7512    31 359.9979  -0.0001     -0.919 0.110 170 -99.00    0.132
2018-05-16-14:57:40 1.15  Mocks_Mamon/MockNFW20ellip0.5loga-2.08PA50center0.0_0.0With_background1num9.dat TNC          1.0e-04 0 1 0 0     NFW      359.9983  -0.0001     -0.967 0.011  23 -99.00  105.9       -460.2986       -904.4164    19 359.9983  -0.0001     -0.907 0.051  20 -99.00    0.082
2018-05-16-14:57:40 1.15  Mocks_Mamon/MockNFW20ellip0.5loga-2.08PA50center0.0_0.0With_background1num10.dat TNC          1.0e-04 0 1 0 0     NFW      360.0000  -0.0023     -0.968 0.000 151 -99.00  112.7       -498.6071       -981.0471    49 360.0000  -0.0023     -0.951 0.086 151 -99.00    0.203
2018-05-16-14:57:40 1.15  Mocks_Mamon/MockNFW20ellip0.5loga-2.08PA50center0.0_0.0With_background1num11.dat TNC          1.0e-04 0 1 0 0     NFW        0.0045  -0.0013     -0.962 0.000  11 -99.00  108.9         -471.79       -927.4128    53   0.0045  -0.0013     -0.895 0.127  11 -99.00    0.220
2018-05-16-14:57:40 1.15  Mocks_Mamon/MockNFW20ellip0.5loga-2.08PA50center0.0_0.0With_background1num12.dat TNC          1.0e-04 0 1 0 0     NFW      359.9998  -0.0031     -0.973 0.000  11 -99.00  104.4       -466.4842       -916.7876    12 359.9998  -0.0031     -0.898 0.137  10 -99.00    0.055
2018-05-16-14:57:40 1.15  Mocks_Mamon/MockNFW20ellip0.5loga-2.08PA50center0.0_0.0With_background1num13.dat TNC          1.0e-04 0 1 0 0     NFW        0.0025  -0.0000     -0.971 0.000  38 -99.00  103.6       -448.7271       -881.2734    51   0.0025  -0.0000     -0.900 0.022  38 -99.00    0.212
2018-05-16-14:57:40 1.15  Mocks_Mamon/MockNFW20ellip0.5loga-2.08PA50center0.0_0.0With_background1num14.dat TNC          1.0e-04 0 1 0 0     NFW        0.0054  -0.0007     -0.958 0.000 142 -99.00  121.0       -521.7071       -1027.247    48   0.0054  -0.0007     -0.913 0.129 142 -99.00    0.202
2018-05-16-14:57:40 1.15  Mocks_Mamon/MockNFW20ellip0.5loga-2.08PA50center0.0_0.0With_background1num15.dat TNC          1.0e-04 0 1 0 0     NFW      359.9980   0.0007     -0.967 0.011 143 -99.00  105.9       -462.6532       -909.1255    23 359.9980   0.0007     -0.896 0.102 141 -99.00    0.098
2018-05-16-14:57:40 1.15  Mocks_Mamon/MockNFW20ellip0.5loga-2.08PA50center0.0_0.0With_background1num16.dat TNC          1.0e-04 0 1 0 0     NFW        0.0003  -0.0000     -0.976 0.021  41 -99.00   99.8       -432.0791       -847.9772    17   0.0003  -0.0000     -0.928 0.102  26 -99.00    0.073
2018-05-16-14:57:40 1.15  Mocks_Mamon/MockNFW20ellip0.5loga-2.08PA50center0.0_0.0With_background1num17.dat TNC          1.0e-04 0 1 0 0     NFW        0.0017   0.0041     -0.963 0.000   5 -99.00  112.7       -487.6599       -959.1527    40   0.0017   0.0041     -0.906 0.072   4 -99.00    0.169
2018-05-16-14:57:40 1.15  Mocks_Mamon/MockNFW20ellip0.5loga-2.08PA50center0.0_0.0With_background1num18.dat TNC          1.0e-04 0 1 0 0     NFW      359.9959  -0.0037     -0.955 0.000 137 -99.00  127.8       -538.5706       -1060.988    45 359.9959  -0.0037     -0.910 0.045 137 -99.00    0.192
2018-05-16-14:57:40 1.15  Mocks_Mamon/MockNFW20ellip0.5loga-2.08PA50center0.0_0.0With_background1num19.dat TNC          1.0e-04 0 1 0 0     NFW      359.9985   0.0012     -0.969 0.000  35 -99.00  101.3       -439.8523       -863.5238    50 359.9985   0.0012     -0.903 0.088  35 -99.00    0.207
2018-05-16-14:57:40 1.15  Mocks_Mamon/MockNFW20ellip0.5loga-2.08PA50center0.0_0.0With_background1num20.dat TNC          1.0e-04 0 1 0 0     NFW        0.0012   0.0007     -0.974 0.000   9 -99.00   95.3       -421.5017       -826.8362    32   0.0012   0.0007     -0.901 0.054   7 -99.00    0.130
2018-05-16-14:57:40 1.15  Mocks_Mamon/MockNFW20ellip0.5loga-2.08PA50center0.0_0.0With_background1num21.dat TNC          1.0e-04 0 1 0 0     NFW        0.0100   0.0003     -0.945 0.000 147 -99.00  125.6       -521.2732       -1026.366    49   0.0100   0.0003     -0.911 0.125 147 -99.00    0.207
2018-05-16-14:57:40 1.15  Mocks_Mamon/MockNFW20ellip0.5loga-2.08PA50center0.0_0.0With_background1num22.dat TNC          1.0e-04 0 1 0 0     NFW        0.0001  -0.0010     -0.972 0.239  65 -99.00   95.3       -414.7129       -813.2585    85   0.0001  -0.0010     -0.892 0.102  37 -99.00    0.333
2018-05-16-14:57:40 1.15  Mocks_Mamon/MockNFW20ellip0.5loga-2.08PA50center0.0_0.0With_background1num23.dat TNC          1.0e-04 0 1 0 0     NFW        0.0006   0.0010     -0.970 0.000  13 -99.00  102.1       -448.6377       -881.0945    46   0.0006   0.0010     -0.909 0.058  13 -99.00    0.191
2018-05-16-14:57:40 1.15  Mocks_Mamon/MockNFW20ellip0.5loga-2.08PA50center0.0_0.0With_background1num24.dat TNC          1.0e-04 0 1 0 0     NFW      359.9970   0.0009     -0.965 0.000 171 -99.00  111.2       -492.7528       -969.3246    46 359.9970   0.0009     -0.909 0.013 171 -99.00    0.192
2018-05-16-14:57:40 1.15  Mocks_Mamon/MockNFW20ellip0.5loga-2.08PA50center0.0_0.0With_background1num25.dat TNC          1.0e-04 0 1 0 0     NFW        0.0001  -0.0052     -0.962 0.000 146 -99.00  112.7       -494.2701       -972.3593    42   0.0001  -0.0052     -0.927 0.161 145 -99.00    0.177
2018-05-16-14:57:40 1.15  Mocks_Mamon/MockNFW20ellip0.5loga-2.08PA50center0.0_0.0With_background1num26.dat TNC          1.0e-04 0 1 0 0     NFW      359.9979   0.0011     -0.967 0.000 137 -99.00  117.2       -511.1857       -1006.204    51 359.9979   0.0011     -0.918 0.065 137 -99.00    0.214
2018-05-16-14:57:40 1.15  Mocks_Mamon/MockNFW20ellip0.5loga-2.08PA50center0.0_0.0With_background1num27.dat TNC          1.0e-04 0 1 0 0     NFW      359.9977  -0.0005     -0.971 0.000 163 -99.00  102.9       -454.4888       -892.7967    55 359.9977  -0.0005     -0.911 0.049 160 -99.00    0.230
2018-05-16-14:57:40 1.15  Mocks_Mamon/MockNFW20ellip0.5loga-2.08PA50center0.0_0.0With_background1num28.dat TNC          1.0e-04 0 1 0 0     NFW        0.0038  -0.0066     -0.962 0.000  17 -99.00  118.7       -527.5009       -1038.835    47   0.0038  -0.0066     -0.929 0.003  17 -99.00    0.197
2018-05-16-14:57:40 1.15  Mocks_Mamon/MockNFW20ellip0.5loga-2.08PA50center0.0_0.0With_background1num29.dat TNC          1.0e-04 0 1 0 0     NFW      359.9997   0.0017     -0.976 0.000  17 -99.00  108.9       -473.8761       -931.5713    48 359.9997   0.0017     -0.912 0.145  31 -99.00    0.200
2018-05-16-14:57:40 1.15  Mocks_Mamon/MockNFW20ellip0.5loga-2.08PA50center0.0_0.0With_background1num30.dat TNC          1.0e-04 0 1 0 0     NFW      359.9923  -0.0073     -0.945 0.000   5 -99.00  125.6       -535.8082       -1055.436    37 359.9923  -0.0073     -0.915 0.039   5 -99.00    0.157
2018-05-16-14:57:40 1.15  Mocks_Mamon/MockNFW20ellip0.5loga-2.08PA50center0.0_0.0With_background1num31.dat TNC          1.0e-04 0 1 0 0     NFW        0.0013   0.0001     -0.971 0.000 144 -99.00  100.6       -446.2774       -876.3738    50   0.0013   0.0001     -0.907 0.155 144 -99.00    0.208
2018-05-16-14:57:40 1.15  Mocks_Mamon/MockNFW20ellip0.5loga-2.08PA50center0.0_0.0With_background1num32.dat TNC          1.0e-04 0 1 0 0     NFW        0.0032  -0.0038     -0.958 0.270 171 -99.00  105.9       -465.6076       -915.0206    39   0.0032  -0.0038     -0.891 0.233 170 -99.00    0.162
2018-05-16-14:57:40 1.15  Mocks_Mamon/MockNFW20ellip0.5loga-2.08PA50center0.0_0.0With_background1num33.dat TNC          1.0e-04 0 1 0 0     NFW      359.9985  -0.0000     -0.973 0.292  68 -99.00  110.4       -481.7721       -947.3634   212 359.9985  -0.0000     -0.935 0.181  32 -99.00    0.863
2018-05-16-14:57:40 1.15  Mocks_Mamon/MockNFW20ellip0.5loga-2.08PA50center0.0_0.0With_background1num34.dat TNC          1.0e-04 0 1 0 0     NFW        0.0075  -0.0002     -0.949 0.000 164 -99.00  130.1        -565.575       -1114.997    36   0.0075  -0.0002     -0.972 0.023 164 -99.00    0.154
2018-05-16-14:57:40 1.15  Mocks_Mamon/MockNFW20ellip0.5loga-2.08PA50center0.0_0.0With_background1num35.dat TNC          1.0e-04 0 1 0 0     NFW        0.0064   0.0059     -0.946 0.000  12 -99.00  130.8       -556.3404       -1096.486    44   0.0064   0.0059     -0.924 0.091  12 -99.00    0.187
2018-05-16-14:57:40 1.15  Mocks_Mamon/MockNFW20ellip0.5loga-2.08PA50center0.0_0.0With_background1num36.dat TNC          1.0e-04 0 1 0 0     NFW        0.0017  -0.0020     -0.971 0.061  61 -99.00  104.4       -459.7451       -903.3092    51   0.0017  -0.0020     -0.891 0.106  35 -99.00    0.211
2018-05-16-14:57:40 1.15  Mocks_Mamon/MockNFW20ellip0.5loga-2.08PA50center0.0_0.0With_background1num37.dat TNC          1.0e-04 0 1 0 0     NFW        0.0025  -0.0011     -0.977 0.046 148 -99.00  112.7       -503.4747       -990.7822    24   0.0025  -0.0011     -0.925 0.126 149 -99.00    0.102
2018-05-16-14:57:40 1.15  Mocks_Mamon/MockNFW20ellip0.5loga-2.08PA50center0.0_0.0With_background1num38.dat TNC          1.0e-04 0 1 0 0     NFW        0.0005   0.0028     -0.971 0.010  40 -99.00  109.7       -485.9886       -955.7964    16   0.0005   0.0028     -0.912 0.043  39 -99.00    0.070
2018-05-16-14:57:40 1.15  Mocks_Mamon/MockNFW20ellip0.5loga-2.08PA50center0.0_0.0With_background1num39.dat TNC          1.0e-04 0 1 0 0     NFW        0.0000  -0.0002     -0.974 0.262   0 -99.00   99.8       -438.3556       -860.5302    37   0.0000  -0.0002     -0.909 0.115   1 -99.00    0.153
2018-05-16-14:57:40 1.15  Mocks_Mamon/MockNFW20ellip0.5loga-2.08PA50center0.0_0.0With_background1num40.dat TNC          1.0e-04 0 1 0 0     NFW      359.9968  -0.0005     -0.964 0.000 149 -99.00  116.5       -507.8169       -999.4667    48 359.9968  -0.0005     -0.915 0.120 145 -99.00    0.201
2018-05-16-14:57:40 1.15  Mocks_Mamon/MockNFW20ellip0.5loga-2.08PA50center0.0_0.0With_background1num41.dat TNC          1.0e-04 0 1 0 0     NFW        0.0071   0.0022     -0.958 0.042  35 -99.00  115.0       -498.8801       -981.6067    64   0.0071   0.0022     -0.920 0.060  41 -99.00    0.266
2018-05-16-14:57:40 1.15  Mocks_Mamon/MockNFW20ellip0.5loga-2.08PA50center0.0_0.0With_background1num42.dat TNC          1.0e-04 0 1 0 0     NFW      359.9943   0.0019     -0.957 0.057 146 -99.00  110.4       -484.9705       -953.7876    11 359.9943   0.0019     -0.897 0.057 146 -99.00    0.050
2018-05-16-14:57:40 1.15  Mocks_Mamon/MockNFW20ellip0.5loga-2.08PA50center0.0_0.0With_background1num43.dat TNC          1.0e-04 0 1 0 0     NFW        0.0007   0.0004     -0.970 0.000 145 -99.00  105.1       -466.1506       -916.1203    34   0.0007   0.0004     -0.921 0.110 145 -99.00    0.143
2018-05-16-14:57:40 1.15  Mocks_Mamon/MockNFW20ellip0.5loga-2.08PA50center0.0_0.0With_background1num44.dat TNC          1.0e-04 0 1 0 0     NFW      359.9993   0.0009     -0.969 0.000   1 -99.00  101.3       -440.2467       -864.3261    47 359.9993   0.0009     -0.895 0.097   1 -99.00    0.195
2018-05-16-14:57:40 1.15  Mocks_Mamon/MockNFW20ellip0.5loga-2.08PA50center0.0_0.0With_background1num45.dat TNC          1.0e-04 0 1 0 0     NFW      359.9998   0.0019     -0.971 0.024  41 -99.00  102.9       -445.2675       -874.3678    10 359.9998   0.0019     -0.903 0.048  36 -99.00    0.045
2018-05-16-14:57:40 1.15  Mocks_Mamon/MockNFW20ellip0.5loga-2.08PA50center0.0_0.0With_background1num46.dat TNC          1.0e-04 0 1 0 0     NFW      359.9948   0.0032     -0.957 0.018 164 -99.00  118.7       -518.8068       -1021.419    14 359.9948   0.0032     -0.900 0.092 164 -99.00    0.062
2018-05-16-14:57:40 1.15  Mocks_Mamon/MockNFW20ellip0.5loga-2.08PA50center0.0_0.0With_background1num47.dat TNC          1.0e-04 0 1 0 0     NFW      359.9997   0.0099     -0.952 0.000 157 -99.00  121.8       -524.9896       -1033.798    41 359.9997   0.0099     -0.917 0.075 157 -99.00    0.175
2018-05-16-14:57:40 1.15  Mocks_Mamon/MockNFW20ellip0.5loga-2.08PA50center0.0_0.0With_background1num48.dat TNC          1.0e-04 0 1 0 0     NFW      359.9981   0.0022     -0.969 0.000  29 -99.00  113.4        -505.217       -994.2531    42 359.9981   0.0022     -0.931 0.104  23 -99.00    0.177
2018-05-16-14:57:40 1.15  Mocks_Mamon/MockNFW20ellip0.5loga-2.08PA50center0.0_0.0With_background1num49.dat TNC          1.0e-04 0 1 0 0     NFW        0.0024  -0.0005     -0.969 0.000 162 -99.00  108.2       -472.1278       -928.0884    38   0.0024  -0.0005     -0.917 0.118 169 -99.00    0.160
2018-05-16-14:57:40 1.15  Mocks_Mamon/MockNFW20ellip0.5loga-2.08PA50center0.0_0.0With_background1num50.dat TNC          1.0e-04 0 1 0 0     NFW        0.0002  -0.0028     -0.964 0.000 160 -99.00  108.2       -474.6889       -933.1833    43   0.0002  -0.0028     -0.927 0.154 160 -99.00    0.181
2018-05-16-14:57:40 1.15  Mocks_Mamon/MockNFW20ellip0.5loga-2.08PA50center0.0_0.0With_background1num51.dat TNC          1.0e-04 0 1 0 0     NFW      360.0000  -0.0053     -0.967 0.000 147 -99.00  112.7        -502.887       -989.6344    35 360.0000  -0.0053     -0.926 0.050 147 -99.00    0.148
2018-05-16-14:57:40 1.15  Mocks_Mamon/MockNFW20ellip0.5loga-2.08PA50center0.0_0.0With_background1num52.dat TNC          1.0e-04 0 1 0 0     NFW      359.9991   0.0005     -0.970 0.038   0 -99.00  105.9       -456.1311       -896.0677    22 359.9991   0.0005     -0.928 0.082   6 -99.00    0.094
2018-05-16-14:57:40 1.15  Mocks_Mamon/MockNFW20ellip0.5loga-2.08PA50center0.0_0.0With_background1num53.dat TNC          1.0e-04 0 1 0 0     NFW      359.9971  -0.0010     -0.963 0.000 145 -99.00  119.5       -523.9293       -1031.664    36 359.9971  -0.0010     -0.918 0.089 145 -99.00    0.153
2018-05-16-14:57:40 1.15  Mocks_Mamon/MockNFW20ellip0.5loga-2.08PA50center0.0_0.0With_background1num54.dat TNC          1.0e-04 0 1 0 0     NFW      360.0000   0.0038     -0.966 0.299   0 -99.00  115.0       -515.7407       -1015.287    28 360.0000   0.0038     -0.911 0.145  10 -99.00    0.118
2018-05-16-14:57:40 1.15  Mocks_Mamon/MockNFW20ellip0.5loga-2.08PA50center0.0_0.0With_background1num55.dat TNC          1.0e-04 0 1 0 0     NFW        0.0004  -0.0049     -0.973 0.059   0 -99.00  116.5       -521.4339       -1026.673    91   0.0004  -0.0049     -0.934 0.042  11 -99.00    0.374
2018-05-16-14:57:40 1.15  Mocks_Mamon/MockNFW20ellip0.5loga-2.08PA50center0.0_0.0With_background1num56.dat TNC          1.0e-04 0 1 0 0     NFW      359.9963   0.0082     -0.947 0.000  15 -99.00  124.8       -532.2944       -1048.408    36 359.9963   0.0082     -0.906 0.105   9 -99.00    0.154
2018-05-16-14:57:40 1.15  Mocks_Mamon/MockNFW20ellip0.5loga-2.08PA50center0.0_0.0With_background1num57.dat TNC          1.0e-04 0 1 0 0     NFW      359.9997   0.0027     -0.972 0.063 180 -99.00  105.9       -465.1716       -914.1487    30 359.9997   0.0027     -0.897 0.153 161 -99.00    0.127
2018-05-16-14:57:40 1.15  Mocks_Mamon/MockNFW20ellip0.5loga-2.08PA50center0.0_0.0With_background1num58.dat TNC          1.0e-04 0 1 0 0     NFW      359.9937  -0.0055     -0.947 0.000 166 -99.00  122.5       -520.6326       -1025.084    45 359.9937  -0.0055     -0.898 0.083 166 -99.00    0.189
2018-05-16-14:57:40 1.15  Mocks_Mamon/MockNFW20ellip0.5loga-2.08PA50center0.0_0.0With_background1num59.dat TNC          1.0e-04 0 1 0 0     NFW      359.9969  -0.0007     -0.970 0.000 163 -99.00  100.6       -439.8515       -863.5634    40 359.9969  -0.0007     -0.897 0.089 166 -99.00    0.168
2018-05-16-14:57:40 1.15  Mocks_Mamon/MockNFW20ellip0.5loga-2.08PA50center0.0_0.0With_background1num60.dat TNC          1.0e-04 0 1 0 0     NFW      359.9988   0.0006     -0.971 0.000 158 -99.00  102.1       -445.7031       -875.2252    14 359.9988   0.0006     -0.906 0.138 158 -99.00    0.064
2018-05-16-14:57:40 1.15  Mocks_Mamon/MockNFW20ellip0.5loga-2.08PA50center0.0_0.0With_background1num61.dat TNC          1.0e-04 0 1 0 0     NFW      359.9994   0.0013     -0.971 0.000   6 -99.00  102.1       -454.3738       -892.5804    54 359.9994   0.0013     -0.903 0.089   6 -99.00    0.224
2018-05-16-14:57:40 1.15  Mocks_Mamon/MockNFW20ellip0.5loga-2.08PA50center0.0_0.0With_background1num62.dat TNC          1.0e-04 0 1 0 0     NFW      359.9916  -0.0076     -0.944 0.027  42 -99.00  127.1       -535.7512       -1055.321    52 359.9916  -0.0076     -0.934 0.079  26 -99.00    0.219
2018-05-16-14:57:40 1.15  Mocks_Mamon/MockNFW20ellip0.5loga-2.08PA50center0.0_0.0With_background1num63.dat TNC          1.0e-04 0 1 0 0     NFW      359.9956  -0.0038     -0.958 0.000 162 -99.00  123.3       -531.0026       -1045.838    47 359.9956  -0.0038     -0.936 0.051 162 -99.00    0.199
2018-05-16-14:57:40 1.15  Mocks_Mamon/MockNFW20ellip0.5loga-2.08PA50center0.0_0.0With_background1num64.dat TNC          1.0e-04 0 1 0 0     NFW      359.9984  -0.0031     -0.963 0.053   5 -99.00  107.4       -471.5451       -926.9094    72 359.9984  -0.0031     -0.892 0.050  30 -99.00    0.296
2018-05-16-14:57:40 1.15  Mocks_Mamon/MockNFW20ellip0.5loga-2.08PA50center0.0_0.0With_background1num65.dat TNC          1.0e-04 0 1 0 0     NFW      359.9999  -0.0126     -0.945 0.000 170 -99.00  125.6       -527.5014       -1038.808    19 359.9999  -0.0126     -0.913 0.019 168 -99.00    0.082
2018-05-16-14:57:40 1.15  Mocks_Mamon/MockNFW20ellip0.5loga-2.08PA50center0.0_0.0With_background1num66.dat TNC          1.0e-04 0 1 0 0     NFW        0.0015   0.0005     -0.969 0.018   0 -99.00  113.4       -486.4164        -956.652    20   0.0015   0.0005     -0.930 0.134  17 -99.00    0.085
2018-05-16-14:57:40 1.15  Mocks_Mamon/MockNFW20ellip0.5loga-2.08PA50center0.0_0.0With_background1num67.dat TNC          1.0e-04 0 1 0 0     NFW      359.9995   0.0002     -0.971 0.000 171 -99.00  101.3       -440.6219       -865.0492    49 359.9995   0.0002     -0.907 0.035 169 -99.00    0.203
2018-05-16-14:57:40 1.15  Mocks_Mamon/MockNFW20ellip0.5loga-2.08PA50center0.0_0.0With_background1num68.dat TNC          1.0e-04 0 1 0 0     NFW        0.0000   0.0047     -0.962 0.086  43 -99.00  111.9       -485.6864       -955.1919    27   0.0000   0.0047     -0.895 0.110  28 -99.00    0.115
2018-05-16-14:57:40 1.15  Mocks_Mamon/MockNFW20ellip0.5loga-2.08PA50center0.0_0.0With_background1num69.dat TNC          1.0e-04 0 1 0 0     NFW        0.0011  -0.0000     -0.969 0.000 178 -99.00  107.4       -463.6965       -911.2258    38   0.0011  -0.0000     -0.919 0.028 178 -99.00    0.160
2018-05-16-14:57:40 1.15  Mocks_Mamon/MockNFW20ellip0.5loga-2.08PA50center0.0_0.0With_background1num70.dat TNC          1.0e-04 0 1 0 0     NFW        0.0001   0.0003     -0.973 0.000 141 -99.00  101.3       -440.8407       -865.5142    39   0.0001   0.0003     -0.915 0.059 140 -99.00    0.188
2018-05-16-14:57:40 1.15  Mocks_Mamon/MockNFW20ellip0.5loga-2.08PA50center0.0_0.0With_background1num71.dat TNC          1.0e-04 0 1 0 0     NFW      359.9987  -0.0053     -0.959 0.000   4 -99.00  117.2       -508.6258       -1001.057    45 359.9987  -0.0053     -0.923 0.022   4 -99.00    0.189
2018-05-16-14:57:40 1.15  Mocks_Mamon/MockNFW20ellip0.5loga-2.08PA50center0.0_0.0With_background1num72.dat TNC          1.0e-04 0 1 0 0     NFW      359.9977  -0.0001     -0.967 0.000   8 -99.00  114.2       -488.6627       -961.1444    32 359.9977  -0.0001     -0.913 0.050   8 -99.00    0.137
2018-05-16-14:57:40 1.15  Mocks_Mamon/MockNFW20ellip0.5loga-2.08PA50center0.0_0.0With_background1num73.dat TNC          1.0e-04 0 1 0 0     NFW        0.0000   0.0007     -0.972 0.000 137 -99.00  110.4       -481.3509       -946.5346    37   0.0000   0.0007     -0.929 0.029 137 -99.00    0.155
2018-05-16-14:57:40 1.15  Mocks_Mamon/MockNFW20ellip0.5loga-2.08PA50center0.0_0.0With_background1num74.dat TNC          1.0e-04 0 1 0 0     NFW        0.0006   0.0025     -0.968 0.270 180 -99.00  109.7       -493.3906       -970.6003    58   0.0006   0.0025     -0.927 0.119 149 -99.00    0.240
2018-05-16-14:57:40 1.15  Mocks_Mamon/MockNFW20ellip0.5loga-2.08PA50center0.0_0.0With_background1num75.dat TNC          1.0e-04 0 1 0 0     NFW        0.0047  -0.0023     -0.963 0.000  38 -99.00  120.3       -524.9671        -1033.74    30   0.0047  -0.0023     -0.922 0.070  38 -99.00    0.128
2018-05-16-14:57:40 1.15  Mocks_Mamon/MockNFW20ellip0.5loga-2.08PA50center0.0_0.0With_background1num76.dat TNC          1.0e-04 0 1 0 0     NFW      359.9978  -0.0089     -0.950 0.000 135 -99.00  113.4       -478.5974       -941.0139    53 359.9978  -0.0089     -0.893 0.124 135 -99.00    0.220
2018-05-16-14:57:40 1.15  Mocks_Mamon/MockNFW20ellip0.5loga-2.08PA50center0.0_0.0With_background1num77.dat TNC          1.0e-04 0 1 0 0     NFW        0.0007   0.0065     -0.958 0.000 159 -99.00  124.8       -531.7988       -1047.403    42   0.0007   0.0065     -0.898 0.044 159 -99.00    0.178
2018-05-16-14:57:40 1.15  Mocks_Mamon/MockNFW20ellip0.5loga-2.08PA50center0.0_0.0With_background1num78.dat TNC          1.0e-04 0 1 0 0     NFW        0.0020  -0.0029     -0.965 0.017  16 -99.00  111.9        -505.004       -993.8272    11   0.0020  -0.0029     -0.939 0.068  12 -99.00    0.049
2018-05-16-14:57:40 1.15  Mocks_Mamon/MockNFW20ellip0.5loga-2.08PA50center0.0_0.0With_background1num79.dat TNC          1.0e-04 0 1 0 0     NFW      359.9999   0.0012     -0.970 0.053  44 -99.00  107.4       -467.1971       -918.2133    74 359.9999   0.0012     -0.891 0.133  45 -99.00    0.305
2018-05-16-14:57:40 1.15  Mocks_Mamon/MockNFW20ellip0.5loga-2.08PA50center0.0_0.0With_background1num80.dat TNC          1.0e-04 0 1 0 0     NFW      359.9996   0.0000     -0.974 0.000  29 -99.00  110.4       -480.2021       -944.2233    55 359.9996   0.0000     -0.940 0.042  29 -99.00    0.228
2018-05-16-14:57:40 1.15  Mocks_Mamon/MockNFW20ellip0.5loga-2.08PA50center0.0_0.0With_background1num81.dat TNC          1.0e-04 0 1 0 0     NFW        0.0018   0.0009     -0.969 0.048 134 -99.00  114.2       -495.2041       -974.2136    32   0.0018   0.0009     -0.926 0.097 140 -99.00    0.135
2018-05-16-14:57:40 1.15  Mocks_Mamon/MockNFW20ellip0.5loga-2.08PA50center0.0_0.0With_background1num82.dat TNC          1.0e-04 0 1 0 0     NFW        0.0032   0.0005     -0.963 0.047   0 -99.00  118.0       -517.6017       -1019.009    34   0.0032   0.0005     -0.928 0.089   8 -99.00    0.143
2018-05-16-14:57:40 1.15  Mocks_Mamon/MockNFW20ellip0.5loga-2.08PA50center0.0_0.0With_background1num83.dat TNC          1.0e-04 0 1 0 0     NFW        0.0001   0.0008     -0.972 0.000  12 -99.00  102.1       -440.0724       -863.9638    51   0.0001   0.0008     -0.898 0.051  12 -99.00    0.211
2018-05-16-14:57:40 1.15  Mocks_Mamon/MockNFW20ellip0.5loga-2.08PA50center0.0_0.0With_background1num84.dat TNC          1.0e-04 0 1 0 0     NFW        0.0023   0.0001     -0.967 0.000  21 -99.00  105.9       -460.2752       -904.3695    47   0.0023   0.0001     -0.926 0.138  21 -99.00    0.195
2018-05-16-14:57:40 1.15  Mocks_Mamon/MockNFW20ellip0.5loga-2.08PA50center0.0_0.0With_background1num85.dat TNC          1.0e-04 0 1 0 0     NFW        0.0004   0.0062     -0.959 0.025  25 -99.00  122.5       -538.0663       -1059.952    13   0.0004   0.0062     -0.916 0.053  25 -99.00    0.057
2018-05-16-14:57:40 1.15  Mocks_Mamon/MockNFW20ellip0.5loga-2.08PA50center0.0_0.0With_background1num86.dat TNC          1.0e-04 0 1 0 0     NFW        0.0002   0.0004     -0.972 0.009 178 -99.00  102.9        -454.813       -893.4315    26   0.0002   0.0004     -0.905 0.094 178 -99.00    0.110
2018-05-16-14:57:40 1.15  Mocks_Mamon/MockNFW20ellip0.5loga-2.08PA50center0.0_0.0With_background1num87.dat TNC          1.0e-04 0 1 0 0     NFW      359.9998   0.0013     -0.969 0.000  23 -99.00  115.0       -496.8548       -977.5152    61 359.9998   0.0013     -0.940 0.068  23 -99.00    0.254
2018-05-16-14:57:40 1.15  Mocks_Mamon/MockNFW20ellip0.5loga-2.08PA50center0.0_0.0With_background1num88.dat TNC          1.0e-04 0 1 0 0     NFW      360.0000  -0.0000     -0.975 0.043 180 -99.00  108.2       -481.1906       -946.2003    44 360.0000  -0.0000     -0.914 0.082 176 -99.00    0.184
2018-05-16-14:57:40 1.15  Mocks_Mamon/MockNFW20ellip0.5loga-2.08PA50center0.0_0.0With_background1num89.dat TNC          1.0e-04 0 1 0 0     NFW      359.9997   0.0000     -0.973 0.000  26 -99.00  101.3       -441.8092        -867.424    30 359.9997   0.0000     -0.912 0.063  25 -99.00    0.127
2018-05-16-14:57:40 1.15  Mocks_Mamon/MockNFW20ellip0.5loga-2.08PA50center0.0_0.0With_background1num90.dat TNC          1.0e-04 0 1 0 0     NFW        0.0032  -0.0000     -0.968 0.000  26 -99.00  120.3       -527.3957       -1038.624    34   0.0032  -0.0000     -0.935 0.131  34 -99.00    0.146
2018-05-16-14:57:40 1.15  Mocks_Mamon/MockNFW20ellip0.5loga-2.08PA50center0.0_0.0With_background1num91.dat TNC          1.0e-04 0 1 0 0     NFW      359.9990  -0.0002     -0.976 0.000  40 -99.00  109.7       -477.9739        -939.767    48 359.9990  -0.0002     -0.925 0.073  40 -99.00    0.200
2018-05-16-14:57:40 1.15  Mocks_Mamon/MockNFW20ellip0.5loga-2.08PA50center0.0_0.0With_background1num92.dat TNC          1.0e-04 0 1 0 0     NFW      359.9984   0.0001     -0.968 0.000 167 -99.00  104.4       -465.0854       -914.0036    37 359.9984   0.0001     -0.909 0.153 167 -99.00    0.156
2018-05-16-14:57:40 1.15  Mocks_Mamon/MockNFW20ellip0.5loga-2.08PA50center0.0_0.0With_background1num93.dat TNC          1.0e-04 0 1 0 0     NFW      359.9999   0.0093     -0.950 0.000 158 -99.00  118.7       -522.7607       -1029.341    47 359.9999   0.0093     -0.928 0.038 155 -99.00    0.199
2018-05-16-14:57:40 1.15  Mocks_Mamon/MockNFW20ellip0.5loga-2.08PA50center0.0_0.0With_background1num94.dat TNC          1.0e-04 0 1 0 0     NFW        0.0020  -0.0064     -0.952 0.000 152 -99.00  123.3       -531.4146       -1046.635    46   0.0020  -0.0064     -0.912 0.048 153 -99.00    0.196
2018-05-16-14:57:40 1.15  Mocks_Mamon/MockNFW20ellip0.5loga-2.08PA50center0.0_0.0With_background1num95.dat TNC          1.0e-04 0 1 0 0     NFW        0.0029   0.0001     -0.971 0.000 142 -99.00  113.4       -512.6366       -1009.092    42   0.0029   0.0001     -0.921 0.018 142 -99.00    0.177
2018-05-16-14:57:40 1.15  Mocks_Mamon/MockNFW20ellip0.5loga-2.08PA50center0.0_0.0With_background1num96.dat TNC          1.0e-04 0 1 0 0     NFW        0.0012  -0.0027     -0.966 0.000  45 -99.00  109.7       -489.1276       -962.0606    35   0.0012  -0.0027     -0.918 0.068  44 -99.00    0.147
2018-05-16-14:57:40 1.15  Mocks_Mamon/MockNFW20ellip0.5loga-2.08PA50center0.0_0.0With_background1num97.dat TNC          1.0e-04 0 1 0 0     NFW      359.9980  -0.0018     -0.964 0.000  25 -99.00  116.5       -513.0657       -1009.937    55 359.9980  -0.0018     -0.931 0.083  29 -99.00    0.231
2018-05-16-14:57:40 1.15  Mocks_Mamon/MockNFW20ellip0.5loga-2.08PA50center0.0_0.0With_background1num98.dat TNC          1.0e-04 0 1 0 0     NFW      359.9993  -0.0010     -0.971 0.000 167 -99.00  118.0       -517.2709       -1018.347    45 359.9993  -0.0010     -0.950 0.036 167 -99.00    0.189
2018-05-16-14:57:40 1.15  Mocks_Mamon/MockNFW20ellip0.5loga-2.08PA50center0.0_0.0With_background1num99.dat TNC          1.0e-04 0 1 0 0     NFW      359.9998   0.0038     -0.966 0.234   0 -99.00  116.5       -514.3089       -1012.423    74 359.9998   0.0038     -0.930 0.136  28 -99.00    0.305
