2018-05-16-14:57:04 1.15  Mocks_Mamon/MockNFW320ellip0.5loga-2.08PA50center0.0_0.0With_background1num0.dat BFGS         1.0e-04 0 1 0 0     NFW        0.0000  -0.0001     -1.343 0.101  42 -99.00   92.8       -1174.425        -2330.17   820   0.0000  -0.0001     -1.343 0.101  42 -99.00    0.242
2018-05-16-14:57:04 1.15  Mocks_Mamon/MockNFW320ellip0.5loga-2.08PA50center0.0_0.0With_background1num1.dat BFGS         1.0e-04 0 1 0 0     NFW        0.0004   0.0002     -1.354 0.039 165 -99.00   94.3       -1214.097       -2409.508   820   0.0004   0.0002     -1.354 0.039 165 -99.00    0.245
2018-05-16-14:57:04 1.15  Mocks_Mamon/MockNFW320ellip0.5loga-2.08PA50center0.0_0.0With_background1num2.dat BFGS         1.0e-04 0 1 0 0     NFW        0.0000   0.0001     -1.346 0.170  35 -99.00   90.5       -1156.949       -2295.291   820   0.0000   0.0001     -1.346 0.170  35 -99.00    0.243
2018-05-16-14:57:04 1.15  Mocks_Mamon/MockNFW320ellip0.5loga-2.08PA50center0.0_0.0With_background1num3.dat BFGS         1.0e-04 0 1 0 0     NFW      360.0000   0.0000     -1.316 0.130  26 -99.00   97.5       -1139.209       -2259.757   820 360.0000   0.0000     -1.316 0.130  26 -99.00    0.242
2018-05-16-14:57:04 1.15  Mocks_Mamon/MockNFW320ellip0.5loga-2.08PA50center0.0_0.0With_background1num4.dat BFGS         1.0e-04 0 1 0 0     NFW      359.9999   0.0000     -1.350 0.068 141 -99.00   85.3       -1085.587       -2152.537   820 359.9999   0.0000     -1.350 0.068 141 -99.00    0.241
2018-05-16-14:57:04 1.15  Mocks_Mamon/MockNFW320ellip0.5loga-2.08PA50center0.0_0.0With_background1num5.dat BFGS         1.0e-04 0 1 0 0     NFW      359.9999  -0.0000     -1.305 0.195  29 -99.00   91.8       -1033.883       -2049.092   820 359.9999  -0.0000     -1.305 0.195  29 -99.00    0.241
2018-05-16-14:57:04 1.15  Mocks_Mamon/MockNFW320ellip0.5loga-2.08PA50center0.0_0.0With_background1num6.dat BFGS         1.0e-04 0 1 0 0     NFW        0.0001  -0.0000     -1.302 0.177 137 -99.00   99.0       -1097.905       -2177.137   820   0.0001  -0.0000     -1.302 0.177 137 -99.00    0.243
2018-05-16-14:57:04 1.15  Mocks_Mamon/MockNFW320ellip0.5loga-2.08PA50center0.0_0.0With_background1num7.dat BFGS         1.0e-04 0 1 0 0     NFW      360.0000  -0.0000     -1.352 0.094 155 -99.00   87.5       -1110.673       -2202.685   820 360.0000  -0.0000     -1.352 0.094 155 -99.00    0.242
2018-05-16-14:57:04 1.15  Mocks_Mamon/MockNFW320ellip0.5loga-2.08PA50center0.0_0.0With_background1num8.dat BFGS         1.0e-04 0 1 0 0     NFW        0.0000   0.0002     -1.341 0.025 164 -99.00   93.2       -1163.441       -2308.239   820   0.0000   0.0002     -1.341 0.025 164 -99.00    0.243
2018-05-16-14:57:04 1.15  Mocks_Mamon/MockNFW320ellip0.5loga-2.08PA50center0.0_0.0With_background1num9.dat BFGS         1.0e-04 0 1 0 0     NFW        0.0000  -0.0000     -1.351 0.159 135 -99.00   86.7       -1117.387       -2216.129   820   0.0000  -0.0000     -1.351 0.159 135 -99.00    0.241
2018-05-16-14:57:04 1.15  Mocks_Mamon/MockNFW320ellip0.5loga-2.08PA50center0.0_0.0With_background1num10.dat BFGS         1.0e-04 0 1 0 0     NFW      360.0000  -0.0000     -1.369 0.150  42 -99.00   78.1       -1038.934        -2059.23   820 360.0000  -0.0000     -1.369 0.150  42 -99.00    0.239
2018-05-16-14:57:04 1.15  Mocks_Mamon/MockNFW320ellip0.5loga-2.08PA50center0.0_0.0With_background1num11.dat BFGS         1.0e-04 0 1 0 0     NFW      359.9999  -0.0000     -1.446 0.059  35 -99.00   78.4       -1245.797       -2472.896   820 359.9999  -0.0000     -1.446 0.059  35 -99.00    0.245
2018-05-16-14:57:04 1.15  Mocks_Mamon/MockNFW320ellip0.5loga-2.08PA50center0.0_0.0With_background1num12.dat BFGS         1.0e-04 0 1 0 0     NFW        0.0001  -0.0000     -1.247 0.105  19 -99.00  121.0        -1228.71       -2438.843   820   0.0001  -0.0000     -1.247 0.105  19 -99.00    0.244
2018-05-16-14:57:04 1.15  Mocks_Mamon/MockNFW320ellip0.5loga-2.08PA50center0.0_0.0With_background1num13.dat BFGS         1.0e-04 0 1 0 0     NFW      359.9999  -0.0000     -1.327 0.087 143 -99.00   94.2       -1121.352       -2224.037   820 359.9999  -0.0000     -1.327 0.087 143 -99.00    0.243
2018-05-16-14:57:04 1.15  Mocks_Mamon/MockNFW320ellip0.5loga-2.08PA50center0.0_0.0With_background1num14.dat BFGS         1.0e-04 0 1 0 0     NFW        0.0002  -0.0001     -1.326 0.140  28 -99.00   95.1       -1143.932        -2269.19   820   0.0002  -0.0001     -1.326 0.140  28 -99.00    0.244
2018-05-16-14:57:04 1.15  Mocks_Mamon/MockNFW320ellip0.5loga-2.08PA50center0.0_0.0With_background1num15.dat BFGS         1.0e-04 0 1 0 0     NFW        0.0001   0.0001     -1.312 0.074 173 -99.00   97.7       -1129.439       -2240.205   820   0.0001   0.0001     -1.312 0.074 173 -99.00    0.242
2018-05-16-14:57:04 1.15  Mocks_Mamon/MockNFW320ellip0.5loga-2.08PA50center0.0_0.0With_background1num16.dat BFGS         1.0e-04 0 1 0 0     NFW        0.0000   0.0000     -1.332 0.046 147 -99.00   98.1       -1200.854       -2383.034   820   0.0000   0.0000     -1.332 0.046 147 -99.00    0.244
2018-05-16-14:57:04 1.15  Mocks_Mamon/MockNFW320ellip0.5loga-2.08PA50center0.0_0.0With_background1num17.dat BFGS         1.0e-04 0 1 0 0     NFW        0.0000   0.0001     -1.355 0.047 162 -99.00   95.3       -1226.722       -2434.801   820   0.0000   0.0001     -1.355 0.047 162 -99.00    0.245
2018-05-16-14:57:04 1.15  Mocks_Mamon/MockNFW320ellip0.5loga-2.08PA50center0.0_0.0With_background1num18.dat BFGS         1.0e-04 0 1 0 0     NFW      359.9998  -0.0001     -1.413 0.108  41 -99.00   85.7        -1277.01       -2535.353   820 359.9998  -0.0001     -1.413 0.108  41 -99.00    0.246
2018-05-16-14:57:04 1.15  Mocks_Mamon/MockNFW320ellip0.5loga-2.08PA50center0.0_0.0With_background1num19.dat BFGS         1.0e-04 0 1 0 0     NFW      360.0000  -0.0000     -1.341 0.116 153 -99.00   87.5       -1073.211       -2127.748   820 360.0000  -0.0000     -1.341 0.116 153 -99.00    0.243
2018-05-16-14:57:04 1.15  Mocks_Mamon/MockNFW320ellip0.5loga-2.08PA50center0.0_0.0With_background1num20.dat BFGS         1.0e-04 0 1 0 0     NFW        0.0000  -0.0000     -1.287 0.097  38 -99.00  102.0        -1110.45       -2202.268   820   0.0000  -0.0000     -1.287 0.097  38 -99.00    0.243
2018-05-16-14:57:04 1.15  Mocks_Mamon/MockNFW320ellip0.5loga-2.08PA50center0.0_0.0With_background1num21.dat BFGS         1.0e-04 0 1 0 0     NFW      359.9999  -0.0000     -1.344 0.169 151 -99.00   96.3       -1183.393       -2348.118   820 359.9999  -0.0000     -1.344 0.169 151 -99.00    0.244
2018-05-16-14:57:04 1.15  Mocks_Mamon/MockNFW320ellip0.5loga-2.08PA50center0.0_0.0With_background1num22.dat BFGS         1.0e-04 0 1 0 0     NFW      360.0000  -0.0002     -1.293 0.027  32 -99.00  104.8       -1153.239       -2287.798   820 360.0000  -0.0002     -1.293 0.027  32 -99.00    0.243
2018-05-16-14:57:04 1.15  Mocks_Mamon/MockNFW320ellip0.5loga-2.08PA50center0.0_0.0With_background1num23.dat BFGS         1.0e-04 0 1 0 0     NFW        0.0001   0.0000     -1.306 0.074 142 -99.00  100.1       -1125.265       -2231.862   820   0.0001   0.0000     -1.306 0.074 142 -99.00    0.243
2018-05-16-14:57:04 1.15  Mocks_Mamon/MockNFW320ellip0.5loga-2.08PA50center0.0_0.0With_background1num24.dat BFGS         1.0e-04 0 1 0 0     NFW        0.0000   0.0001     -1.397 0.075  37 -99.00   78.9       -1101.421       -2184.192   820   0.0000   0.0001     -1.397 0.075  37 -99.00    0.241
2018-05-16-14:57:04 1.15  Mocks_Mamon/MockNFW320ellip0.5loga-2.08PA50center0.0_0.0With_background1num25.dat BFGS         1.0e-04 0 1 0 0     NFW        0.0000  -0.0000     -1.257 0.030  40 -99.00  114.0       -1169.354       -2320.039   820   0.0000  -0.0000     -1.257 0.030  40 -99.00    0.244
2018-05-16-14:57:04 1.15  Mocks_Mamon/MockNFW320ellip0.5loga-2.08PA50center0.0_0.0With_background1num26.dat BFGS         1.0e-04 0 1 0 0     NFW        0.0000  -0.0000     -1.379 0.182  33 -99.00   86.3       -1181.376       -2344.103   820   0.0000  -0.0000     -1.379 0.182  33 -99.00    0.243
2018-05-16-14:57:04 1.15  Mocks_Mamon/MockNFW320ellip0.5loga-2.08PA50center0.0_0.0With_background1num27.dat BFGS         1.0e-04 0 1 0 0     NFW        0.0000   0.0001     -1.309 0.075  45 -99.00   97.7       -1119.757       -2220.828   820   0.0000   0.0001     -1.309 0.075  45 -99.00    0.242
2018-05-16-14:57:04 1.15  Mocks_Mamon/MockNFW320ellip0.5loga-2.08PA50center0.0_0.0With_background1num28.dat BFGS         1.0e-04 0 1 0 0     NFW        0.0001   0.0000     -1.393 0.048 139 -99.00   82.1       -1142.651        -2266.67   820   0.0001   0.0000     -1.393 0.048 139 -99.00    0.243
2018-05-16-14:57:04 1.15  Mocks_Mamon/MockNFW320ellip0.5loga-2.08PA50center0.0_0.0With_background1num29.dat BFGS         1.0e-04 0 1 0 0     NFW        0.0000   0.0000     -1.376 0.121 151 -99.00   81.2        -1064.51       -2110.353   820   0.0000   0.0000     -1.376 0.121 151 -99.00    0.241
2018-05-16-14:57:04 1.15  Mocks_Mamon/MockNFW320ellip0.5loga-2.08PA50center0.0_0.0With_background1num30.dat BFGS         1.0e-04 0 1 0 0     NFW        0.0002   0.0001     -1.289 0.120  29 -99.00  106.4       -1172.749       -2326.825   820   0.0002   0.0001     -1.289 0.120  29 -99.00    0.244
2018-05-16-14:57:04 1.15  Mocks_Mamon/MockNFW320ellip0.5loga-2.08PA50center0.0_0.0With_background1num31.dat BFGS         1.0e-04 0 1 0 0     NFW      359.9999   0.0001     -1.284 0.111 144 -99.00  107.6        -1150.68       -2282.705   820 359.9999   0.0001     -1.284 0.111 144 -99.00    0.244
2018-05-16-14:57:04 1.15  Mocks_Mamon/MockNFW320ellip0.5loga-2.08PA50center0.0_0.0With_background1num32.dat BFGS         1.0e-04 0 1 0 0     NFW      360.0000  -0.0000     -1.386 0.103  44 -99.00   85.7       -1160.041        -2301.45   820 360.0000  -0.0000     -1.386 0.103  44 -99.00    0.243
2018-05-16-14:57:04 1.15  Mocks_Mamon/MockNFW320ellip0.5loga-2.08PA50center0.0_0.0With_background1num33.dat BFGS         1.0e-04 0 1 0 0     NFW      359.9999  -0.0000     -1.361 0.090 180 -99.00   88.2       -1178.938       -2339.245   820 359.9999  -0.0000     -1.361 0.090 180 -99.00    0.242
2018-05-16-14:57:04 1.15  Mocks_Mamon/MockNFW320ellip0.5loga-2.08PA50center0.0_0.0With_background1num34.dat BFGS         1.0e-04 0 1 0 0     NFW        0.0001   0.0000     -1.259 0.126  12 -99.00  110.9       -1144.482       -2270.332   820   0.0001   0.0000     -1.259 0.126  12 -99.00    0.243
2018-05-16-14:57:04 1.15  Mocks_Mamon/MockNFW320ellip0.5loga-2.08PA50center0.0_0.0With_background1num35.dat BFGS         1.0e-04 0 1 0 0     NFW        0.0000  -0.0000     -1.208 0.113 136 -99.00  119.1        -1080.42       -2142.238   820   0.0000  -0.0000     -1.208 0.113 136 -99.00    0.240
2018-05-16-14:57:04 1.15  Mocks_Mamon/MockNFW320ellip0.5loga-2.08PA50center0.0_0.0With_background1num36.dat BFGS         1.0e-04 0 1 0 0     NFW        0.0000  -0.0000     -1.350 0.189 145 -99.00   93.0       -1178.256       -2337.892   820   0.0000  -0.0000     -1.350 0.189 145 -99.00    0.244
2018-05-16-14:57:04 1.15  Mocks_Mamon/MockNFW320ellip0.5loga-2.08PA50center0.0_0.0With_background1num37.dat BFGS         1.0e-04 0 1 0 0     NFW      360.0000   0.0000     -1.424 0.122 145 -99.00   76.1       -1118.776       -2218.867   820 360.0000   0.0000     -1.424 0.122 145 -99.00    0.243
2018-05-16-14:57:04 1.15  Mocks_Mamon/MockNFW320ellip0.5loga-2.08PA50center0.0_0.0With_background1num38.dat BFGS         1.0e-04 0 1 0 0     NFW      360.0000  -0.0000     -1.412 0.169 174 -99.00   73.9       -1076.926       -2135.203   820 360.0000  -0.0000     -1.412 0.169 174 -99.00    0.238
2018-05-16-14:57:04 1.15  Mocks_Mamon/MockNFW320ellip0.5loga-2.08PA50center0.0_0.0With_background1num39.dat BFGS         1.0e-04 0 1 0 0     NFW      359.9999  -0.0001     -1.376 0.097 136 -99.00   84.0       -1105.707       -2192.722   820 359.9999  -0.0001     -1.376 0.097 136 -99.00    0.242
2018-05-16-14:57:04 1.15  Mocks_Mamon/MockNFW320ellip0.5loga-2.08PA50center0.0_0.0With_background1num40.dat BFGS         1.0e-04 0 1 0 0     NFW        0.0000  -0.0001     -1.406 0.026 159 -99.00   84.8       -1232.568       -2446.481   820   0.0000  -0.0001     -1.406 0.026 159 -99.00    0.245
2018-05-16-14:57:04 1.15  Mocks_Mamon/MockNFW320ellip0.5loga-2.08PA50center0.0_0.0With_background1num41.dat BFGS         1.0e-04 0 1 0 0     NFW      360.0000   0.0000     -1.330 0.043 179 -99.00   98.2        -1183.95       -2349.256   820 360.0000   0.0000     -1.330 0.043 179 -99.00    0.245
2018-05-16-14:57:04 1.15  Mocks_Mamon/MockNFW320ellip0.5loga-2.08PA50center0.0_0.0With_background1num42.dat BFGS         1.0e-04 0 1 0 0     NFW        0.0000   0.0000     -1.372 0.027   8 -99.00   81.6       -1079.661       -2140.714   820   0.0000   0.0000     -1.372 0.027   8 -99.00    0.240
2018-05-16-14:57:04 1.15  Mocks_Mamon/MockNFW320ellip0.5loga-2.08PA50center0.0_0.0With_background1num43.dat BFGS         1.0e-04 0 1 0 0     NFW        0.0002   0.0000     -1.361 0.131 148 -99.00   93.0       -1216.289       -2413.941   820   0.0002   0.0000     -1.361 0.131 148 -99.00    0.246
2018-05-16-14:57:04 1.15  Mocks_Mamon/MockNFW320ellip0.5loga-2.08PA50center0.0_0.0With_background1num44.dat BFGS         1.0e-04 0 1 0 0     NFW      359.9997  -0.0001     -1.309 0.070  18 -99.00  100.0       -1145.797       -2272.927   820 359.9997  -0.0001     -1.309 0.070  18 -99.00    0.241
2018-05-16-14:57:04 1.15  Mocks_Mamon/MockNFW320ellip0.5loga-2.08PA50center0.0_0.0With_background1num45.dat BFGS         1.0e-04 0 1 0 0     NFW        0.0000  -0.0000     -1.345 0.121 157 -99.00   87.3       -1103.952       -2189.255   820   0.0000  -0.0000     -1.345 0.121 157 -99.00    0.243
2018-05-16-14:57:04 1.15  Mocks_Mamon/MockNFW320ellip0.5loga-2.08PA50center0.0_0.0With_background1num46.dat BFGS         1.0e-04 0 1 0 0     NFW        0.0000   0.0000     -1.352 0.223  33 -99.00   93.1       -1198.036       -2377.398   820   0.0000   0.0000     -1.352 0.223  33 -99.00    0.244
2018-05-16-14:57:04 1.15  Mocks_Mamon/MockNFW320ellip0.5loga-2.08PA50center0.0_0.0With_background1num47.dat BFGS         1.0e-04 0 1 0 0     NFW      359.9999  -0.0001     -1.348 0.132 143 -99.00   95.2       -1190.922       -2363.189   820 359.9999  -0.0001     -1.348 0.132 143 -99.00    0.245
2018-05-16-14:57:04 1.15  Mocks_Mamon/MockNFW320ellip0.5loga-2.08PA50center0.0_0.0With_background1num48.dat BFGS         1.0e-04 0 1 0 0     NFW      360.0000  -0.0000     -1.325 0.038 163 -99.00   99.8       -1204.498       -2390.352   820 360.0000  -0.0000     -1.325 0.038 163 -99.00    0.244
2018-05-16-14:57:04 1.15  Mocks_Mamon/MockNFW320ellip0.5loga-2.08PA50center0.0_0.0With_background1num49.dat BFGS         1.0e-04 0 1 0 0     NFW      359.9999  -0.0001     -1.296 0.123 136 -99.00  101.4       -1136.057       -2253.458   820 359.9999  -0.0001     -1.296 0.123 136 -99.00    0.242
2018-05-16-14:57:04 1.15  Mocks_Mamon/MockNFW320ellip0.5loga-2.08PA50center0.0_0.0With_background1num50.dat BFGS         1.0e-04 0 1 0 0     NFW      360.0000  -0.0001     -1.275 0.112  38 -99.00  102.3       -1072.662       -2126.705   820 360.0000  -0.0001     -1.275 0.112  38 -99.00    0.240
2018-05-16-14:57:04 1.15  Mocks_Mamon/MockNFW320ellip0.5loga-2.08PA50center0.0_0.0With_background1num51.dat BFGS         1.0e-04 0 1 0 0     NFW        0.0000  -0.0001     -1.385 0.111  27 -99.00   79.7       -1090.914       -2163.125   820   0.0000  -0.0001     -1.385 0.111  27 -99.00    0.241
2018-05-16-14:57:04 1.15  Mocks_Mamon/MockNFW320ellip0.5loga-2.08PA50center0.0_0.0With_background1num52.dat BFGS         1.0e-04 0 1 0 0     NFW        0.0001   0.0000     -1.342 0.126 136 -99.00   95.2       -1193.704       -2368.741   820   0.0001   0.0000     -1.342 0.126 136 -99.00    0.244
2018-05-16-14:57:04 1.15  Mocks_Mamon/MockNFW320ellip0.5loga-2.08PA50center0.0_0.0With_background1num53.dat BFGS         1.0e-04 0 1 0 0     NFW      359.9999  -0.0001     -1.335 0.044 167 -99.00   94.8       -1181.403       -2344.139   820 359.9999  -0.0001     -1.335 0.044 167 -99.00    0.244
2018-05-16-14:57:04 1.15  Mocks_Mamon/MockNFW320ellip0.5loga-2.08PA50center0.0_0.0With_background1num54.dat BFGS         1.0e-04 0 1 0 0     NFW      360.0000  -0.0002     -1.344 0.123  44 -99.00   88.8       -1099.629       -2180.602   820 360.0000  -0.0002     -1.344 0.123  44 -99.00    0.242
2018-05-16-14:57:04 1.15  Mocks_Mamon/MockNFW320ellip0.5loga-2.08PA50center0.0_0.0With_background1num55.dat BFGS         1.0e-04 0 1 0 0     NFW      360.0000  -0.0002     -1.367 0.121  28 -99.00   87.6       -1147.656       -2276.651   820 360.0000  -0.0002     -1.367 0.121  28 -99.00    0.243
2018-05-16-14:57:04 1.15  Mocks_Mamon/MockNFW320ellip0.5loga-2.08PA50center0.0_0.0With_background1num56.dat BFGS         1.0e-04 0 1 0 0     NFW        0.0001   0.0001     -1.360 0.150  22 -99.00   82.4       -1088.496       -2158.306   820   0.0001   0.0001     -1.360 0.150  22 -99.00    0.241
2018-05-16-14:57:04 1.15  Mocks_Mamon/MockNFW320ellip0.5loga-2.08PA50center0.0_0.0With_background1num57.dat BFGS         1.0e-04 0 1 0 0     NFW      360.0000  -0.0001     -1.266 0.123 153 -99.00   99.3       -1031.374       -2044.116   820 360.0000  -0.0001     -1.266 0.123 153 -99.00    0.238
2018-05-16-14:57:04 1.15  Mocks_Mamon/MockNFW320ellip0.5loga-2.08PA50center0.0_0.0With_background1num58.dat BFGS         1.0e-04 0 1 0 0     NFW        0.0001  -0.0002     -1.294 0.084  43 -99.00  106.4       -1205.868       -2393.087   820   0.0001  -0.0002     -1.294 0.084  43 -99.00    0.244
2018-05-16-14:57:04 1.15  Mocks_Mamon/MockNFW320ellip0.5loga-2.08PA50center0.0_0.0With_background1num59.dat BFGS         1.0e-04 0 1 0 0     NFW        0.0000  -0.0001     -1.389 0.024  30 -99.00   87.2       -1210.838       -2403.013   820   0.0000  -0.0001     -1.389 0.024  30 -99.00    0.245
2018-05-16-14:57:04 1.15  Mocks_Mamon/MockNFW320ellip0.5loga-2.08PA50center0.0_0.0With_background1num60.dat BFGS         1.0e-04 0 1 0 0     NFW        0.0001  -0.0000     -1.342 0.094  21 -99.00   94.6       -1203.318       -2388.004   820   0.0001  -0.0000     -1.342 0.094  21 -99.00    0.244
2018-05-16-14:57:04 1.15  Mocks_Mamon/MockNFW320ellip0.5loga-2.08PA50center0.0_0.0With_background1num61.dat BFGS         1.0e-04 0 1 0 0     NFW        0.0000  -0.0002     -1.297 0.109 141 -99.00  103.4       -1170.176       -2321.701   820   0.0000  -0.0002     -1.297 0.109 141 -99.00    0.244
2018-05-16-14:57:04 1.15  Mocks_Mamon/MockNFW320ellip0.5loga-2.08PA50center0.0_0.0With_background1num62.dat BFGS         1.0e-04 0 1 0 0     NFW        0.0000   0.0001     -1.331 0.189  27 -99.00   94.7       -1133.455       -2248.231   820   0.0000   0.0001     -1.331 0.189  27 -99.00    0.265
2018-05-16-14:57:04 1.15  Mocks_Mamon/MockNFW320ellip0.5loga-2.08PA50center0.0_0.0With_background1num63.dat BFGS         1.0e-04 0 1 0 0     NFW      360.0000   0.0000     -1.404 0.108  38 -99.00   76.8       -1113.695       -2208.723   820 360.0000   0.0000     -1.404 0.108  38 -99.00    0.242
2018-05-16-14:57:04 1.15  Mocks_Mamon/MockNFW320ellip0.5loga-2.08PA50center0.0_0.0With_background1num64.dat BFGS         1.0e-04 0 1 0 0     NFW        0.0000  -0.0001     -1.375 0.123 149 -99.00   86.1       -1151.699       -2284.701   820   0.0000  -0.0001     -1.375 0.123 149 -99.00    0.244
2018-05-16-14:57:04 1.15  Mocks_Mamon/MockNFW320ellip0.5loga-2.08PA50center0.0_0.0With_background1num65.dat BFGS         1.0e-04 0 1 0 0     NFW      360.0000   0.0000     -1.359 0.115  25 -99.00   90.2       -1169.192       -2319.716   820 360.0000   0.0000     -1.359 0.115  25 -99.00    0.243
2018-05-16-14:57:04 1.15  Mocks_Mamon/MockNFW320ellip0.5loga-2.08PA50center0.0_0.0With_background1num66.dat BFGS         1.0e-04 0 1 0 0     NFW        0.0000  -0.0000     -1.417 0.024   5 -99.00   77.8       -1143.906       -2269.126   820   0.0000  -0.0000     -1.417 0.024   5 -99.00    0.242
2018-05-16-14:57:04 1.15  Mocks_Mamon/MockNFW320ellip0.5loga-2.08PA50center0.0_0.0With_background1num67.dat BFGS         1.0e-04 0 1 0 0     NFW      359.9999   0.0001     -1.415 0.116 135 -99.00   83.8        -1240.33       -2461.987   820 359.9999   0.0001     -1.415 0.116 135 -99.00    0.244
2018-05-16-14:57:04 1.15  Mocks_Mamon/MockNFW320ellip0.5loga-2.08PA50center0.0_0.0With_background1num68.dat BFGS         1.0e-04 0 1 0 0     NFW      360.0000  -0.0001     -1.338 0.027 149 -99.00   93.3       -1148.549       -2278.478   820 360.0000  -0.0001     -1.338 0.027 149 -99.00    0.244
2018-05-16-14:57:04 1.15  Mocks_Mamon/MockNFW320ellip0.5loga-2.08PA50center0.0_0.0With_background1num69.dat BFGS         1.0e-04 0 1 0 0     NFW        0.0000   0.0000     -1.391 0.117  43 -99.00   87.5       -1199.646        -2380.63   820   0.0000   0.0000     -1.391 0.117  43 -99.00    0.242
2018-05-16-14:57:04 1.15  Mocks_Mamon/MockNFW320ellip0.5loga-2.08PA50center0.0_0.0With_background1num70.dat BFGS         1.0e-04 0 1 0 0     NFW      360.0000  -0.0001     -1.389 0.085 141 -99.00   82.5       -1130.438       -2242.238   820 360.0000  -0.0001     -1.389 0.085 141 -99.00    0.242
2018-05-16-14:57:04 1.15  Mocks_Mamon/MockNFW320ellip0.5loga-2.08PA50center0.0_0.0With_background1num71.dat BFGS         1.0e-04 0 1 0 0     NFW        0.0001   0.0000     -1.351 0.099  44 -99.00   93.3       -1175.219       -2331.794   820   0.0001   0.0000     -1.351 0.099  44 -99.00    0.243
2018-05-16-14:57:04 1.15  Mocks_Mamon/MockNFW320ellip0.5loga-2.08PA50center0.0_0.0With_background1num72.dat BFGS         1.0e-04 0 1 0 0     NFW      359.9999   0.0001     -1.325 0.116  21 -99.00   96.2       -1167.234       -2315.835   820 359.9999   0.0001     -1.325 0.116  21 -99.00    0.243
2018-05-16-14:57:04 1.15  Mocks_Mamon/MockNFW320ellip0.5loga-2.08PA50center0.0_0.0With_background1num73.dat BFGS         1.0e-04 0 1 0 0     NFW        0.0000  -0.0000     -1.373 0.091  34 -99.00   86.8       -1157.981       -2297.337   820   0.0000  -0.0000     -1.373 0.091  34 -99.00    0.244
2018-05-16-14:57:04 1.15  Mocks_Mamon/MockNFW320ellip0.5loga-2.08PA50center0.0_0.0With_background1num74.dat BFGS         1.0e-04 0 1 0 0     NFW      360.0000   0.0000     -1.393 0.093  36 -99.00   86.7       -1217.722       -2416.759   820 360.0000   0.0000     -1.393 0.093  36 -99.00    0.244
2018-05-16-14:57:04 1.15  Mocks_Mamon/MockNFW320ellip0.5loga-2.08PA50center0.0_0.0With_background1num75.dat BFGS         1.0e-04 0 1 0 0     NFW      359.9998   0.0000     -1.306 0.110   5 -99.00  104.5       -1211.178       -2403.706   820 359.9998   0.0000     -1.306 0.110   5 -99.00    0.245
2018-05-16-14:57:04 1.15  Mocks_Mamon/MockNFW320ellip0.5loga-2.08PA50center0.0_0.0With_background1num76.dat BFGS         1.0e-04 0 1 0 0     NFW        0.0000  -0.0000     -1.285 0.074  19 -99.00  102.9       -1110.105       -2201.572   820   0.0000  -0.0000     -1.285 0.074  19 -99.00    0.242
2018-05-16-14:57:04 1.15  Mocks_Mamon/MockNFW320ellip0.5loga-2.08PA50center0.0_0.0With_background1num77.dat BFGS         1.0e-04 0 1 0 0     NFW        0.0000  -0.0002     -1.419 0.129 151 -99.00   81.6       -1206.406       -2394.133   820   0.0000  -0.0002     -1.419 0.129 151 -99.00    0.244
2018-05-16-14:57:04 1.15  Mocks_Mamon/MockNFW320ellip0.5loga-2.08PA50center0.0_0.0With_background1num78.dat BFGS         1.0e-04 0 1 0 0     NFW      359.9999  -0.0000     -1.377 0.055 144 -99.00   83.9       -1138.186       -2257.722   820 359.9999  -0.0000     -1.377 0.055 144 -99.00    0.242
2018-05-16-14:57:04 1.15  Mocks_Mamon/MockNFW320ellip0.5loga-2.08PA50center0.0_0.0With_background1num79.dat BFGS         1.0e-04 0 1 0 0     NFW      359.9999   0.0001     -1.445 0.181   7 -99.00   78.7       -1247.319       -2475.952   820 359.9999   0.0001     -1.445 0.181   7 -99.00    0.244
2018-05-16-14:57:04 1.15  Mocks_Mamon/MockNFW320ellip0.5loga-2.08PA50center0.0_0.0With_background1num80.dat BFGS         1.0e-04 0 1 0 0     NFW      360.0000  -0.0000     -1.413 0.053  17 -99.00   77.2       -1110.783       -2202.881   820 360.0000  -0.0000     -1.413 0.053  17 -99.00    0.242
2018-05-16-14:57:04 1.15  Mocks_Mamon/MockNFW320ellip0.5loga-2.08PA50center0.0_0.0With_background1num81.dat BFGS         1.0e-04 0 1 0 0     NFW      360.0000  -0.0001     -1.285 0.176  20 -99.00  106.7       -1157.314       -2295.977   820 360.0000  -0.0001     -1.285 0.176  20 -99.00    0.271
2018-05-16-14:57:04 1.15  Mocks_Mamon/MockNFW320ellip0.5loga-2.08PA50center0.0_0.0With_background1num82.dat BFGS         1.0e-04 0 1 0 0     NFW        0.0002   0.0001     -1.359 0.117  24 -99.00   89.2        -1158.55       -2298.433   820   0.0002   0.0001     -1.359 0.117  24 -99.00    0.243
2018-05-16-14:57:04 1.15  Mocks_Mamon/MockNFW320ellip0.5loga-2.08PA50center0.0_0.0With_background1num83.dat BFGS         1.0e-04 0 1 0 0     NFW      360.0000  -0.0000     -1.397 0.104  33 -99.00   84.0       -1196.783       -2374.946   820 360.0000  -0.0000     -1.397 0.104  33 -99.00    0.243
2018-05-16-14:57:04 1.15  Mocks_Mamon/MockNFW320ellip0.5loga-2.08PA50center0.0_0.0With_background1num84.dat BFGS         1.0e-04 0 1 0 0     NFW        0.0000   0.0001     -1.302 0.206  42 -99.00  104.6       -1210.195       -2401.735   820   0.0000   0.0001     -1.302 0.206  42 -99.00    0.243
2018-05-16-14:57:04 1.15  Mocks_Mamon/MockNFW320ellip0.5loga-2.08PA50center0.0_0.0With_background1num85.dat BFGS         1.0e-04 0 1 0 0     NFW      359.9999  -0.0000     -1.323 0.043  33 -99.00  102.5       -1235.137       -2451.582   820 359.9999  -0.0000     -1.323 0.043  33 -99.00    0.245
2018-05-16-14:57:04 1.15  Mocks_Mamon/MockNFW320ellip0.5loga-2.08PA50center0.0_0.0With_background1num86.dat BFGS         1.0e-04 0 1 0 0     NFW        0.0003  -0.0000     -1.351 0.134  29 -99.00   87.1       -1097.694       -2176.763   820   0.0003  -0.0000     -1.351 0.134  29 -99.00    0.242
2018-05-16-14:57:04 1.15  Mocks_Mamon/MockNFW320ellip0.5loga-2.08PA50center0.0_0.0With_background1num87.dat BFGS         1.0e-04 0 1 0 0     NFW        0.0000  -0.0000     -1.361 0.038 178 -99.00   88.4       -1128.146       -2237.643   820   0.0000  -0.0000     -1.361 0.038 178 -99.00    0.244
2018-05-16-14:57:04 1.15  Mocks_Mamon/MockNFW320ellip0.5loga-2.08PA50center0.0_0.0With_background1num88.dat BFGS         1.0e-04 0 1 0 0     NFW      360.0000  -0.0002     -1.306 0.067  25 -99.00  107.3       -1228.052        -2437.43   820 360.0000  -0.0002     -1.306 0.067  25 -99.00    0.246
2018-05-16-14:57:04 1.15  Mocks_Mamon/MockNFW320ellip0.5loga-2.08PA50center0.0_0.0With_background1num89.dat BFGS         1.0e-04 0 1 0 0     NFW        0.0001  -0.0000     -1.354 0.058 160 -99.00   88.4       -1117.062       -2215.456   820   0.0001  -0.0000     -1.354 0.058 160 -99.00    0.243
2018-05-16-14:57:04 1.15  Mocks_Mamon/MockNFW320ellip0.5loga-2.08PA50center0.0_0.0With_background1num90.dat BFGS         1.0e-04 0 1 0 0     NFW      360.0000   0.0000     -1.382 0.165  24 -99.00   81.3       -1085.928       -2153.248   820 360.0000   0.0000     -1.382 0.165  24 -99.00    0.240
2018-05-16-14:57:04 1.15  Mocks_Mamon/MockNFW320ellip0.5loga-2.08PA50center0.0_0.0With_background1num91.dat BFGS         1.0e-04 0 1 0 0     NFW        0.0002  -0.0000     -1.312 0.044  33 -99.00  100.0       -1161.201       -2303.777   820   0.0002  -0.0000     -1.312 0.044  33 -99.00    0.244
2018-05-16-14:57:04 1.15  Mocks_Mamon/MockNFW320ellip0.5loga-2.08PA50center0.0_0.0With_background1num92.dat BFGS         1.0e-04 0 1 0 0     NFW        0.0000  -0.0001     -1.370 0.063   3 -99.00   81.4       -1078.816       -2138.989   820   0.0000  -0.0001     -1.370 0.063   3 -99.00    0.241
2018-05-16-14:57:04 1.15  Mocks_Mamon/MockNFW320ellip0.5loga-2.08PA50center0.0_0.0With_background1num93.dat BFGS         1.0e-04 0 1 0 0     NFW        0.0000   0.0000     -1.300 0.159  33 -99.00  101.8       -1143.007       -2267.341   820   0.0000   0.0000     -1.300 0.159  33 -99.00    0.243
2018-05-16-14:57:04 1.15  Mocks_Mamon/MockNFW320ellip0.5loga-2.08PA50center0.0_0.0With_background1num94.dat BFGS         1.0e-04 0 1 0 0     NFW      359.9999  -0.0000     -1.294 0.046 136 -99.00  100.0       -1101.191       -2183.769   820 359.9999  -0.0000     -1.294 0.046 136 -99.00    0.243
2018-05-16-14:57:04 1.15  Mocks_Mamon/MockNFW320ellip0.5loga-2.08PA50center0.0_0.0With_background1num95.dat BFGS         1.0e-04 0 1 0 0     NFW        0.0000   0.0000     -1.365 0.099 152 -99.00   85.3       -1105.784       -2192.912   820   0.0000   0.0000     -1.365 0.099 152 -99.00    0.243
2018-05-16-14:57:04 1.15  Mocks_Mamon/MockNFW320ellip0.5loga-2.08PA50center0.0_0.0With_background1num96.dat BFGS         1.0e-04 0 1 0 0     NFW      359.9999  -0.0000     -1.335 0.114  14 -99.00   95.4       -1210.963       -2403.257   820 359.9999  -0.0000     -1.335 0.114  14 -99.00    0.243
2018-05-16-14:57:04 1.15  Mocks_Mamon/MockNFW320ellip0.5loga-2.08PA50center0.0_0.0With_background1num97.dat BFGS         1.0e-04 0 1 0 0     NFW        0.0000   0.0001     -1.372 0.163  30 -99.00   85.4       -1158.671        -2298.71   820   0.0000   0.0001     -1.372 0.163  30 -99.00    0.242
2018-05-16-14:57:04 1.15  Mocks_Mamon/MockNFW320ellip0.5loga-2.08PA50center0.0_0.0With_background1num98.dat BFGS         1.0e-04 0 1 0 0     NFW      360.0000   0.0000     -1.402 0.110  41 -99.00   79.8       -1135.386       -2252.104   820 360.0000   0.0000     -1.402 0.110  41 -99.00    0.242
2018-05-16-14:57:04 1.15  Mocks_Mamon/MockNFW320ellip0.5loga-2.08PA50center0.0_0.0With_background1num99.dat BFGS         1.0e-04 0 1 0 0     NFW        0.0000   0.0000     -1.348 0.206  37 -99.00   89.7       -1122.071       -2225.497   820   0.0000   0.0000     -1.348 0.206  37 -99.00    0.243
