2018-05-16-14:56:54 1.15  Mocks_Mamon/MockNFW320ellip0.5loga-2.08PA50center0.0_0.0With_background1num0.dat Nelder-Mead  1.0e-04 0 1 0 0     NFW        0.0000  -0.0001     -1.410 0.101  42 -99.00   81.2       -1180.046       -2341.411   243   0.0000  -0.0001     -1.343 0.101  42 -99.00    0.067
2018-05-16-14:56:54 1.15  Mocks_Mamon/MockNFW320ellip0.5loga-2.08PA50center0.0_0.0With_background1num1.dat Nelder-Mead  1.0e-04 0 1 0 0     NFW        0.0004   0.0002     -1.422 0.039 165 -99.00   82.5       -1219.665       -2420.645   243   0.0004   0.0002     -1.354 0.039 165 -99.00    0.067
2018-05-16-14:56:54 1.15  Mocks_Mamon/MockNFW320ellip0.5loga-2.08PA50center0.0_0.0With_background1num2.dat Nelder-Mead  1.0e-04 0 1 0 0     NFW        0.0000   0.0001     -1.413 0.170  35 -99.00   79.2        -1162.41       -2306.212   243   0.0000   0.0001     -1.346 0.170  35 -99.00    0.068
2018-05-16-14:56:54 1.15  Mocks_Mamon/MockNFW320ellip0.5loga-2.08PA50center0.0_0.0With_background1num3.dat Nelder-Mead  1.0e-04 0 1 0 0     NFW      360.0000   0.0000     -1.382 0.130  26 -99.00   85.3       -1143.153       -2267.644   243 360.0000   0.0000     -1.316 0.130  26 -99.00    0.069
2018-05-16-14:56:54 1.15  Mocks_Mamon/MockNFW320ellip0.5loga-2.08PA50center0.0_0.0With_background1num4.dat Nelder-Mead  1.0e-04 0 1 0 0     NFW      359.9999   0.0000     -1.418 0.068 141 -99.00   74.6       -1090.226       -2161.815   243 359.9999   0.0000     -1.350 0.068 141 -99.00    0.068
2018-05-16-14:56:54 1.15  Mocks_Mamon/MockNFW320ellip0.5loga-2.08PA50center0.0_0.0With_background1num5.dat Nelder-Mead  1.0e-04 0 1 0 0     NFW      359.9999  -0.0000     -1.371 0.195  29 -99.00   80.2       -1036.682       -2054.691   243 359.9999  -0.0000     -1.305 0.195  29 -99.00    0.069
2018-05-16-14:56:54 1.15  Mocks_Mamon/MockNFW320ellip0.5loga-2.08PA50center0.0_0.0With_background1num6.dat Nelder-Mead  1.0e-04 0 1 0 0     NFW        0.0001  -0.0000     -1.367 0.177 137 -99.00   86.5       -1100.457        -2182.24   243   0.0001  -0.0000     -1.302 0.177 137 -99.00    0.068
2018-05-16-14:56:54 1.15  Mocks_Mamon/MockNFW320ellip0.5loga-2.08PA50center0.0_0.0With_background1num7.dat Nelder-Mead  1.0e-04 0 1 0 0     NFW      360.0000  -0.0000     -1.420 0.094 155 -99.00   76.6       -1114.902       -2211.143   243 360.0000  -0.0000     -1.352 0.094 155 -99.00    0.068
2018-05-16-14:56:54 1.15  Mocks_Mamon/MockNFW320ellip0.5loga-2.08PA50center0.0_0.0With_background1num8.dat Nelder-Mead  1.0e-04 0 1 0 0     NFW        0.0000   0.0002     -1.408 0.025 164 -99.00   81.5       -1168.757        -2318.87   243   0.0000   0.0002     -1.341 0.025 164 -99.00    0.067
2018-05-16-14:56:54 1.15  Mocks_Mamon/MockNFW320ellip0.5loga-2.08PA50center0.0_0.0With_background1num9.dat Nelder-Mead  1.0e-04 0 1 0 0     NFW        0.0000  -0.0000     -1.419 0.159 135 -99.00   75.9       -1122.553       -2226.463   243   0.0000  -0.0000     -1.351 0.159 135 -99.00    0.068
2018-05-16-14:56:54 1.15  Mocks_Mamon/MockNFW320ellip0.5loga-2.08PA50center0.0_0.0With_background1num10.dat Nelder-Mead  1.0e-04 0 1 0 0     NFW      360.0000  -0.0000     -1.438 0.150  42 -99.00   68.3       -1043.471       -2068.305   243 360.0000  -0.0000     -1.369 0.150  42 -99.00    0.069
2018-05-16-14:56:54 1.15  Mocks_Mamon/MockNFW320ellip0.5loga-2.08PA50center0.0_0.0With_background1num11.dat Nelder-Mead  1.0e-04 0 1 0 0     NFW      359.9999  -0.0000     -1.518 0.059  35 -99.00   68.7       -1252.716       -2486.735   243 359.9999  -0.0000     -1.446 0.059  35 -99.00    0.069
2018-05-16-14:56:54 1.15  Mocks_Mamon/MockNFW320ellip0.5loga-2.08PA50center0.0_0.0With_background1num12.dat Nelder-Mead  1.0e-04 0 1 0 0     NFW        0.0001  -0.0000     -1.309 0.105  19 -99.00  105.7       -1234.156       -2449.734   243   0.0001  -0.0000     -1.247 0.105  19 -99.00    0.070
2018-05-16-14:56:54 1.15  Mocks_Mamon/MockNFW320ellip0.5loga-2.08PA50center0.0_0.0With_background1num13.dat Nelder-Mead  1.0e-04 0 1 0 0     NFW      359.9999  -0.0000     -1.394 0.087 143 -99.00   82.4       -1124.975       -2231.282   243 359.9999  -0.0000     -1.327 0.087 143 -99.00    0.068
2018-05-16-14:56:54 1.15  Mocks_Mamon/MockNFW320ellip0.5loga-2.08PA50center0.0_0.0With_background1num14.dat Nelder-Mead  1.0e-04 0 1 0 0     NFW        0.0002  -0.0001     -1.393 0.140  28 -99.00   83.1        -1148.44       -2278.206   243   0.0002  -0.0001     -1.326 0.140  28 -99.00    0.068
2018-05-16-14:56:54 1.15  Mocks_Mamon/MockNFW320ellip0.5loga-2.08PA50center0.0_0.0With_background1num15.dat Nelder-Mead  1.0e-04 0 1 0 0     NFW        0.0001   0.0001     -1.378 0.074 173 -99.00   85.4       -1133.461       -2248.248   243   0.0001   0.0001     -1.312 0.074 173 -99.00    0.068
2018-05-16-14:56:54 1.15  Mocks_Mamon/MockNFW320ellip0.5loga-2.08PA50center0.0_0.0With_background1num16.dat Nelder-Mead  1.0e-04 0 1 0 0     NFW        0.0000   0.0000     -1.399 0.046 147 -99.00   85.8       -1205.934       -2393.194   243   0.0000   0.0000     -1.332 0.046 147 -99.00    0.070
2018-05-16-14:56:54 1.15  Mocks_Mamon/MockNFW320ellip0.5loga-2.08PA50center0.0_0.0With_background1num17.dat Nelder-Mead  1.0e-04 0 1 0 0     NFW        0.0000   0.0001     -1.422 0.047 162 -99.00   83.4       -1232.201       -2445.759   243   0.0000   0.0001     -1.355 0.047 162 -99.00    0.068
2018-05-16-14:56:54 1.15  Mocks_Mamon/MockNFW320ellip0.5loga-2.08PA50center0.0_0.0With_background1num18.dat Nelder-Mead  1.0e-04 0 1 0 0     NFW      359.9998  -0.0001     -1.484 0.108  41 -99.00   75.1       -1284.137       -2549.607   243 359.9998  -0.0001     -1.413 0.108  41 -99.00    0.068
2018-05-16-14:56:54 1.15  Mocks_Mamon/MockNFW320ellip0.5loga-2.08PA50center0.0_0.0With_background1num19.dat Nelder-Mead  1.0e-04 0 1 0 0     NFW      360.0000  -0.0000     -1.408 0.116 153 -99.00   76.5        -1076.67       -2134.666   243 360.0000  -0.0000     -1.341 0.116 153 -99.00    0.068
2018-05-16-14:56:54 1.15  Mocks_Mamon/MockNFW320ellip0.5loga-2.08PA50center0.0_0.0With_background1num20.dat Nelder-Mead  1.0e-04 0 1 0 0     NFW        0.0000  -0.0000     -1.351 0.097  38 -99.00   89.2       -1114.117       -2209.602   243   0.0000  -0.0000     -1.287 0.097  38 -99.00    0.068
2018-05-16-14:56:54 1.15  Mocks_Mamon/MockNFW320ellip0.5loga-2.08PA50center0.0_0.0With_background1num21.dat Nelder-Mead  1.0e-04 0 1 0 0     NFW      359.9999  -0.0000     -1.411 0.169 151 -99.00   84.2       -1187.213       -2355.757   243 359.9999  -0.0000     -1.344 0.169 151 -99.00    0.069
2018-05-16-14:56:54 1.15  Mocks_Mamon/MockNFW320ellip0.5loga-2.08PA50center0.0_0.0With_background1num22.dat Nelder-Mead  1.0e-04 0 1 0 0     NFW      360.0000  -0.0002     -1.357 0.027  32 -99.00   91.5       -1157.126       -2295.572   243 360.0000  -0.0002     -1.293 0.027  32 -99.00    0.067
2018-05-16-14:56:54 1.15  Mocks_Mamon/MockNFW320ellip0.5loga-2.08PA50center0.0_0.0With_background1num23.dat Nelder-Mead  1.0e-04 0 1 0 0     NFW        0.0001   0.0000     -1.372 0.074 142 -99.00   87.5       -1128.319       -2237.971   243   0.0001   0.0000     -1.306 0.074 142 -99.00    0.069
2018-05-16-14:56:54 1.15  Mocks_Mamon/MockNFW320ellip0.5loga-2.08PA50center0.0_0.0With_background1num24.dat Nelder-Mead  1.0e-04 0 1 0 0     NFW        0.0000   0.0001     -1.467 0.075  37 -99.00   69.1         -1105.6       -2192.551   243   0.0000   0.0001     -1.397 0.075  37 -99.00    0.067
2018-05-16-14:56:54 1.15  Mocks_Mamon/MockNFW320ellip0.5loga-2.08PA50center0.0_0.0With_background1num25.dat Nelder-Mead  1.0e-04 0 1 0 0     NFW        0.0000  -0.0000     -1.320 0.030  40 -99.00   99.6       -1173.919       -2329.171   243   0.0000  -0.0000     -1.257 0.030  40 -99.00    0.071
2018-05-16-14:56:54 1.15  Mocks_Mamon/MockNFW320ellip0.5loga-2.08PA50center0.0_0.0With_background1num26.dat Nelder-Mead  1.0e-04 0 1 0 0     NFW        0.0000  -0.0000     -1.448 0.182  33 -99.00   75.6       -1186.578       -2354.507   243   0.0000  -0.0000     -1.379 0.182  33 -99.00    0.069
2018-05-16-14:56:54 1.15  Mocks_Mamon/MockNFW320ellip0.5loga-2.08PA50center0.0_0.0With_background1num27.dat Nelder-Mead  1.0e-04 0 1 0 0     NFW        0.0000   0.0001     -1.374 0.075  45 -99.00   85.4       -1123.534       -2228.383   243   0.0000   0.0001     -1.309 0.075  45 -99.00    0.068
2018-05-16-14:56:54 1.15  Mocks_Mamon/MockNFW320ellip0.5loga-2.08PA50center0.0_0.0With_background1num28.dat Nelder-Mead  1.0e-04 0 1 0 0     NFW        0.0001   0.0000     -1.463 0.048 139 -99.00   71.9       -1147.431       -2276.231   243   0.0001   0.0000     -1.393 0.048 139 -99.00    0.070
2018-05-16-14:56:54 1.15  Mocks_Mamon/MockNFW320ellip0.5loga-2.08PA50center0.0_0.0With_background1num29.dat Nelder-Mead  1.0e-04 0 1 0 0     NFW        0.0000   0.0000     -1.444 0.121 151 -99.00   71.1       -1067.891       -2117.113   243   0.0000   0.0000     -1.376 0.121 151 -99.00    0.068
2018-05-16-14:56:54 1.15  Mocks_Mamon/MockNFW320ellip0.5loga-2.08PA50center0.0_0.0With_background1num30.dat Nelder-Mead  1.0e-04 0 1 0 0     NFW        0.0002   0.0001     -1.354 0.120  29 -99.00   93.0       -1177.013       -2335.353   243   0.0002   0.0001     -1.289 0.120  29 -99.00    0.068
2018-05-16-14:56:54 1.15  Mocks_Mamon/MockNFW320ellip0.5loga-2.08PA50center0.0_0.0With_background1num31.dat Nelder-Mead  1.0e-04 0 1 0 0     NFW      359.9999   0.0001     -1.348 0.111 144 -99.00   94.0       -1153.998        -2289.34   243 359.9999   0.0001     -1.284 0.111 144 -99.00    0.068
2018-05-16-14:56:54 1.15  Mocks_Mamon/MockNFW320ellip0.5loga-2.08PA50center0.0_0.0With_background1num32.dat Nelder-Mead  1.0e-04 0 1 0 0     NFW      360.0000  -0.0000     -1.456 0.103  44 -99.00   75.0        -1163.94       -2309.248   243 360.0000  -0.0000     -1.386 0.103  44 -99.00    0.069
2018-05-16-14:56:54 1.15  Mocks_Mamon/MockNFW320ellip0.5loga-2.08PA50center0.0_0.0With_background1num33.dat Nelder-Mead  1.0e-04 0 1 0 0     NFW      359.9999  -0.0000     -1.429 0.090 180 -99.00   77.2       -1185.499       -2352.366   243 359.9999  -0.0000     -1.361 0.090 180 -99.00    0.066
2018-05-16-14:56:54 1.15  Mocks_Mamon/MockNFW320ellip0.5loga-2.08PA50center0.0_0.0With_background1num34.dat Nelder-Mead  1.0e-04 0 1 0 0     NFW        0.0001   0.0000     -1.321 0.126  12 -99.00   96.9       -1148.858       -2279.085   243   0.0001   0.0000     -1.259 0.126  12 -99.00    0.070
2018-05-16-14:56:54 1.15  Mocks_Mamon/MockNFW320ellip0.5loga-2.08PA50center0.0_0.0With_background1num35.dat Nelder-Mead  1.0e-04 0 1 0 0     NFW        0.0000  -0.0000     -1.268 0.113 136 -99.00  104.0       -1084.034       -2149.467   243   0.0000  -0.0000     -1.208 0.113 136 -99.00    0.069
2018-05-16-14:56:54 1.15  Mocks_Mamon/MockNFW320ellip0.5loga-2.08PA50center0.0_0.0With_background1num36.dat Nelder-Mead  1.0e-04 0 1 0 0     NFW        0.0000  -0.0000     -1.417 0.189 145 -99.00   81.4       -1182.776       -2346.933   243   0.0000  -0.0000     -1.350 0.189 145 -99.00    0.070
2018-05-16-14:56:54 1.15  Mocks_Mamon/MockNFW320ellip0.5loga-2.08PA50center0.0_0.0With_background1num37.dat Nelder-Mead  1.0e-04 0 1 0 0     NFW      360.0000   0.0000     -1.495 0.122 145 -99.00   66.7       -1123.002       -2227.318   243 360.0000   0.0000     -1.424 0.122 145 -99.00    0.070
2018-05-16-14:56:54 1.15  Mocks_Mamon/MockNFW320ellip0.5loga-2.08PA50center0.0_0.0With_background1num38.dat Nelder-Mead  1.0e-04 0 1 0 0     NFW      360.0000  -0.0000     -1.483 0.169 174 -99.00   64.7       -1081.583       -2144.517   243 360.0000  -0.0000     -1.412 0.169 174 -99.00    0.067
2018-05-16-14:56:54 1.15  Mocks_Mamon/MockNFW320ellip0.5loga-2.08PA50center0.0_0.0With_background1num39.dat Nelder-Mead  1.0e-04 0 1 0 0     NFW      359.9999  -0.0001     -1.445 0.097 136 -99.00   73.5       -1109.283       -2199.874   243 359.9999  -0.0001     -1.376 0.097 136 -99.00    0.067
2018-05-16-14:56:54 1.15  Mocks_Mamon/MockNFW320ellip0.5loga-2.08PA50center0.0_0.0With_background1num40.dat Nelder-Mead  1.0e-04 0 1 0 0     NFW        0.0000  -0.0001     -1.477 0.026 159 -99.00   74.3       -1239.049       -2459.442   243   0.0000  -0.0001     -1.406 0.026 159 -99.00    0.069
2018-05-16-14:56:54 1.15  Mocks_Mamon/MockNFW320ellip0.5loga-2.08PA50center0.0_0.0With_background1num41.dat Nelder-Mead  1.0e-04 0 1 0 0     NFW      360.0000   0.0000     -1.397 0.043 179 -99.00   85.9       -1188.379       -2358.114   243 360.0000   0.0000     -1.330 0.043 179 -99.00    0.068
2018-05-16-14:56:54 1.15  Mocks_Mamon/MockNFW320ellip0.5loga-2.08PA50center0.0_0.0With_background1num42.dat Nelder-Mead  1.0e-04 0 1 0 0     NFW        0.0000   0.0000     -1.440 0.027   8 -99.00   71.4       -1083.905       -2149.203   243   0.0000   0.0000     -1.372 0.027   8 -99.00    0.070
2018-05-16-14:56:54 1.15  Mocks_Mamon/MockNFW320ellip0.5loga-2.08PA50center0.0_0.0With_background1num43.dat Nelder-Mead  1.0e-04 0 1 0 0     NFW        0.0002   0.0000     -1.429 0.131 148 -99.00   81.4       -1221.756       -2424.875   243   0.0002   0.0000     -1.361 0.131 148 -99.00    0.070
2018-05-16-14:56:54 1.15  Mocks_Mamon/MockNFW320ellip0.5loga-2.08PA50center0.0_0.0With_background1num44.dat Nelder-Mead  1.0e-04 0 1 0 0     NFW      359.9997  -0.0001     -1.375 0.070  18 -99.00   87.4       -1149.837       -2281.006   243 359.9997  -0.0001     -1.309 0.070  18 -99.00    0.068
2018-05-16-14:56:54 1.15  Mocks_Mamon/MockNFW320ellip0.5loga-2.08PA50center0.0_0.0With_background1num45.dat Nelder-Mead  1.0e-04 0 1 0 0     NFW        0.0000  -0.0000     -1.412 0.121 157 -99.00   76.4       -1108.827       -2199.003   243   0.0000  -0.0000     -1.345 0.121 157 -99.00    0.068
2018-05-16-14:56:54 1.15  Mocks_Mamon/MockNFW320ellip0.5loga-2.08PA50center0.0_0.0With_background1num46.dat Nelder-Mead  1.0e-04 0 1 0 0     NFW        0.0000   0.0000     -1.420 0.223  33 -99.00   81.5       -1203.141       -2387.608   243   0.0000   0.0000     -1.352 0.223  33 -99.00    0.069
2018-05-16-14:56:54 1.15  Mocks_Mamon/MockNFW320ellip0.5loga-2.08PA50center0.0_0.0With_background1num47.dat Nelder-Mead  1.0e-04 0 1 0 0     NFW      359.9999  -0.0001     -1.416 0.132 143 -99.00   83.3       -1194.985       -2371.313   243 359.9999  -0.0001     -1.348 0.132 143 -99.00    0.068
2018-05-16-14:56:54 1.15  Mocks_Mamon/MockNFW320ellip0.5loga-2.08PA50center0.0_0.0With_background1num48.dat Nelder-Mead  1.0e-04 0 1 0 0     NFW      360.0000  -0.0000     -1.391 0.038 163 -99.00   87.3       -1209.756       -2400.869   243 360.0000  -0.0000     -1.325 0.038 163 -99.00    0.069
2018-05-16-14:56:54 1.15  Mocks_Mamon/MockNFW320ellip0.5loga-2.08PA50center0.0_0.0With_background1num49.dat Nelder-Mead  1.0e-04 0 1 0 0     NFW      359.9999  -0.0001     -1.361 0.123 136 -99.00   88.6       -1140.254       -2261.851   243 359.9999  -0.0001     -1.296 0.123 136 -99.00    0.068
2018-05-16-14:56:54 1.15  Mocks_Mamon/MockNFW320ellip0.5loga-2.08PA50center0.0_0.0With_background1num50.dat Nelder-Mead  1.0e-04 0 1 0 0     NFW      360.0000  -0.0001     -1.339 0.112  38 -99.00   89.4        -1075.44        -2132.26   243 360.0000  -0.0001     -1.275 0.112  38 -99.00    0.068
2018-05-16-14:56:54 1.15  Mocks_Mamon/MockNFW320ellip0.5loga-2.08PA50center0.0_0.0With_background1num51.dat Nelder-Mead  1.0e-04 0 1 0 0     NFW        0.0000  -0.0001     -1.455 0.111  27 -99.00   69.8       -1095.365       -2172.026   243   0.0000  -0.0001     -1.385 0.111  27 -99.00    0.067
2018-05-16-14:56:54 1.15  Mocks_Mamon/MockNFW320ellip0.5loga-2.08PA50center0.0_0.0With_background1num52.dat Nelder-Mead  1.0e-04 0 1 0 0     NFW        0.0001   0.0000     -1.409 0.126 136 -99.00   83.3       -1198.763       -2378.859   243   0.0001   0.0000     -1.342 0.126 136 -99.00    0.069
2018-05-16-14:56:54 1.15  Mocks_Mamon/MockNFW320ellip0.5loga-2.08PA50center0.0_0.0With_background1num53.dat Nelder-Mead  1.0e-04 0 1 0 0     NFW      359.9999  -0.0001     -1.402 0.044 167 -99.00   82.9       -1187.107       -2355.546   243 359.9999  -0.0001     -1.335 0.044 167 -99.00    0.068
2018-05-16-14:56:54 1.15  Mocks_Mamon/MockNFW320ellip0.5loga-2.08PA50center0.0_0.0With_background1num54.dat Nelder-Mead  1.0e-04 0 1 0 0     NFW      360.0000  -0.0002     -1.411 0.123  44 -99.00   77.7       -1103.245       -2187.835   243 360.0000  -0.0002     -1.344 0.123  44 -99.00    0.067
2018-05-16-14:56:54 1.15  Mocks_Mamon/MockNFW320ellip0.5loga-2.08PA50center0.0_0.0With_background1num55.dat Nelder-Mead  1.0e-04 0 1 0 0     NFW      360.0000  -0.0002     -1.436 0.121  28 -99.00   76.6       -1152.189       -2285.716   243 360.0000  -0.0002     -1.367 0.121  28 -99.00    0.067
2018-05-16-14:56:54 1.15  Mocks_Mamon/MockNFW320ellip0.5loga-2.08PA50center0.0_0.0With_background1num56.dat Nelder-Mead  1.0e-04 0 1 0 0     NFW        0.0001   0.0001     -1.428 0.150  22 -99.00   72.1       -1093.986       -2169.286   243   0.0001   0.0001     -1.360 0.150  22 -99.00    0.068
2018-05-16-14:56:54 1.15  Mocks_Mamon/MockNFW320ellip0.5loga-2.08PA50center0.0_0.0With_background1num57.dat Nelder-Mead  1.0e-04 0 1 0 0     NFW      360.0000  -0.0001     -1.329 0.123 153 -99.00   86.7       -1034.828       -2051.025   243 360.0000  -0.0001     -1.266 0.123 153 -99.00    0.067
2018-05-16-14:56:54 1.15  Mocks_Mamon/MockNFW320ellip0.5loga-2.08PA50center0.0_0.0With_background1num58.dat Nelder-Mead  1.0e-04 0 1 0 0     NFW        0.0001  -0.0002     -1.359 0.084  43 -99.00   93.0       -1211.487       -2404.325   243   0.0001  -0.0002     -1.294 0.084  43 -99.00    0.068
2018-05-16-14:56:54 1.15  Mocks_Mamon/MockNFW320ellip0.5loga-2.08PA50center0.0_0.0With_background1num59.dat Nelder-Mead  1.0e-04 0 1 0 0     NFW        0.0000  -0.0001     -1.458 0.024  30 -99.00   76.4       -1216.627       -2414.592   243   0.0000  -0.0001     -1.389 0.024  30 -99.00    0.068
2018-05-16-14:56:54 1.15  Mocks_Mamon/MockNFW320ellip0.5loga-2.08PA50center0.0_0.0With_background1num60.dat Nelder-Mead  1.0e-04 0 1 0 0     NFW        0.0001  -0.0000     -1.409 0.094  21 -99.00   82.7       -1209.392       -2400.151   243   0.0001  -0.0000     -1.342 0.094  21 -99.00    0.069
2018-05-16-14:56:54 1.15  Mocks_Mamon/MockNFW320ellip0.5loga-2.08PA50center0.0_0.0With_background1num61.dat Nelder-Mead  1.0e-04 0 1 0 0     NFW        0.0000  -0.0002     -1.362 0.109 141 -99.00   90.4       -1174.945       -2331.241   243   0.0000  -0.0002     -1.297 0.109 141 -99.00    0.068
2018-05-16-14:56:54 1.15  Mocks_Mamon/MockNFW320ellip0.5loga-2.08PA50center0.0_0.0With_background1num62.dat Nelder-Mead  1.0e-04 0 1 0 0     NFW        0.0000   0.0001     -1.398 0.189  27 -99.00   82.9       -1136.704       -2254.729   243   0.0000   0.0001     -1.331 0.189  27 -99.00    0.068
2018-05-16-14:56:54 1.15  Mocks_Mamon/MockNFW320ellip0.5loga-2.08PA50center0.0_0.0With_background1num63.dat Nelder-Mead  1.0e-04 0 1 0 0     NFW      360.0000   0.0000     -1.474 0.108  38 -99.00   67.2       -1119.547       -2220.426   243 360.0000   0.0000     -1.404 0.108  38 -99.00    0.068
2018-05-16-14:56:54 1.15  Mocks_Mamon/MockNFW320ellip0.5loga-2.08PA50center0.0_0.0With_background1num64.dat Nelder-Mead  1.0e-04 0 1 0 0     NFW        0.0000  -0.0001     -1.444 0.123 149 -99.00   75.4       -1156.141       -2293.585   243   0.0000  -0.0001     -1.375 0.123 149 -99.00    0.068
2018-05-16-14:56:54 1.15  Mocks_Mamon/MockNFW320ellip0.5loga-2.08PA50center0.0_0.0With_background1num65.dat Nelder-Mead  1.0e-04 0 1 0 0     NFW      360.0000   0.0000     -1.427 0.115  25 -99.00   78.9       -1174.161       -2329.655   243 360.0000   0.0000     -1.359 0.115  25 -99.00    0.069
2018-05-16-14:56:54 1.15  Mocks_Mamon/MockNFW320ellip0.5loga-2.08PA50center0.0_0.0With_background1num66.dat Nelder-Mead  1.0e-04 0 1 0 0     NFW        0.0000  -0.0000     -1.488 0.024   5 -99.00   68.2       -1149.027       -2279.369   243   0.0000  -0.0000     -1.417 0.024   5 -99.00    0.068
2018-05-16-14:56:54 1.15  Mocks_Mamon/MockNFW320ellip0.5loga-2.08PA50center0.0_0.0With_background1num67.dat Nelder-Mead  1.0e-04 0 1 0 0     NFW      359.9999   0.0001     -1.485 0.116 135 -99.00   73.4       -1246.838       -2475.002   243 359.9999   0.0001     -1.415 0.116 135 -99.00    0.068
2018-05-16-14:56:54 1.15  Mocks_Mamon/MockNFW320ellip0.5loga-2.08PA50center0.0_0.0With_background1num68.dat Nelder-Mead  1.0e-04 0 1 0 0     NFW      360.0000  -0.0001     -1.405 0.027 149 -99.00   81.6        -1153.01       -2287.401   243 360.0000  -0.0001     -1.338 0.027 149 -99.00    0.068
2018-05-16-14:56:54 1.15  Mocks_Mamon/MockNFW320ellip0.5loga-2.08PA50center0.0_0.0With_background1num69.dat Nelder-Mead  1.0e-04 0 1 0 0     NFW        0.0000   0.0000     -1.460 0.117  43 -99.00   76.6        -1203.95       -2389.238   243   0.0000   0.0000     -1.391 0.117  43 -99.00    0.070
2018-05-16-14:56:54 1.15  Mocks_Mamon/MockNFW320ellip0.5loga-2.08PA50center0.0_0.0With_background1num70.dat Nelder-Mead  1.0e-04 0 1 0 0     NFW      360.0000  -0.0001     -1.458 0.085 141 -99.00   72.2       -1134.685       -2250.732   243 360.0000  -0.0001     -1.389 0.085 141 -99.00    0.068
2018-05-16-14:56:54 1.15  Mocks_Mamon/MockNFW320ellip0.5loga-2.08PA50center0.0_0.0With_background1num71.dat Nelder-Mead  1.0e-04 0 1 0 0     NFW        0.0001   0.0000     -1.418 0.099  44 -99.00   81.6       -1179.497        -2340.35   243   0.0001   0.0000     -1.351 0.099  44 -99.00    0.070
2018-05-16-14:56:54 1.15  Mocks_Mamon/MockNFW320ellip0.5loga-2.08PA50center0.0_0.0With_background1num72.dat Nelder-Mead  1.0e-04 0 1 0 0     NFW      359.9999   0.0001     -1.391 0.116  21 -99.00   84.1       -1172.553       -2326.474   243 359.9999   0.0001     -1.325 0.116  21 -99.00    0.068
2018-05-16-14:56:54 1.15  Mocks_Mamon/MockNFW320ellip0.5loga-2.08PA50center0.0_0.0With_background1num73.dat Nelder-Mead  1.0e-04 0 1 0 0     NFW        0.0000  -0.0000     -1.442 0.091  34 -99.00   75.9        -1162.85       -2307.074   243   0.0000  -0.0000     -1.373 0.091  34 -99.00    0.069
2018-05-16-14:56:54 1.15  Mocks_Mamon/MockNFW320ellip0.5loga-2.08PA50center0.0_0.0With_background1num74.dat Nelder-Mead  1.0e-04 0 1 0 0     NFW      360.0000   0.0000     -1.463 0.093  36 -99.00   75.9       -1223.481       -2428.276   243 360.0000   0.0000     -1.393 0.093  36 -99.00    0.070
2018-05-16-14:56:54 1.15  Mocks_Mamon/MockNFW320ellip0.5loga-2.08PA50center0.0_0.0With_background1num75.dat Nelder-Mead  1.0e-04 0 1 0 0     NFW      359.9998   0.0000     -1.371 0.110   5 -99.00   91.3       -1216.578       -2414.505   243 359.9998   0.0000     -1.306 0.110   5 -99.00    0.073
2018-05-16-14:56:54 1.15  Mocks_Mamon/MockNFW320ellip0.5loga-2.08PA50center0.0_0.0With_background1num76.dat Nelder-Mead  1.0e-04 0 1 0 0     NFW        0.0000  -0.0000     -1.349 0.074  19 -99.00   89.9       -1113.442       -2208.246   243   0.0000  -0.0000     -1.285 0.074  19 -99.00    0.069
2018-05-16-14:56:54 1.15  Mocks_Mamon/MockNFW320ellip0.5loga-2.08PA50center0.0_0.0With_background1num77.dat Nelder-Mead  1.0e-04 0 1 0 0     NFW        0.0000  -0.0002     -1.490 0.129 151 -99.00   71.6       -1211.764       -2404.848   243   0.0000  -0.0002     -1.419 0.129 151 -99.00    0.068
2018-05-16-14:56:54 1.15  Mocks_Mamon/MockNFW320ellip0.5loga-2.08PA50center0.0_0.0With_background1num78.dat Nelder-Mead  1.0e-04 0 1 0 0     NFW      359.9999  -0.0000     -1.446 0.055 144 -99.00   73.4       -1143.546       -2268.442   243 359.9999  -0.0000     -1.377 0.055 144 -99.00    0.068
2018-05-16-14:56:54 1.15  Mocks_Mamon/MockNFW320ellip0.5loga-2.08PA50center0.0_0.0With_background1num79.dat Nelder-Mead  1.0e-04 0 1 0 0     NFW      359.9999   0.0001     -1.517 0.181   7 -99.00   69.0       -1254.248       -2489.811   243 359.9999   0.0001     -1.445 0.181   7 -99.00    0.068
2018-05-16-14:56:54 1.15  Mocks_Mamon/MockNFW320ellip0.5loga-2.08PA50center0.0_0.0With_background1num80.dat Nelder-Mead  1.0e-04 0 1 0 0     NFW      360.0000  -0.0000     -1.484 0.053  17 -99.00   67.7        -1114.91       -2211.135   243 360.0000  -0.0000     -1.413 0.053  17 -99.00    0.068
2018-05-16-14:56:54 1.15  Mocks_Mamon/MockNFW320ellip0.5loga-2.08PA50center0.0_0.0With_background1num81.dat Nelder-Mead  1.0e-04 0 1 0 0     NFW      360.0000  -0.0001     -1.349 0.176  20 -99.00   93.2       -1161.098       -2303.545   243 360.0000  -0.0001     -1.285 0.176  20 -99.00    0.068
2018-05-16-14:56:54 1.15  Mocks_Mamon/MockNFW320ellip0.5loga-2.08PA50center0.0_0.0With_background1num82.dat Nelder-Mead  1.0e-04 0 1 0 0     NFW        0.0002   0.0001     -1.427 0.117  24 -99.00   78.1       -1163.342       -2308.017   243   0.0002   0.0001     -1.359 0.117  24 -99.00    0.068
2018-05-16-14:56:54 1.15  Mocks_Mamon/MockNFW320ellip0.5loga-2.08PA50center0.0_0.0With_background1num83.dat Nelder-Mead  1.0e-04 0 1 0 0     NFW      360.0000  -0.0000     -1.467 0.104  33 -99.00   73.5       -1202.961       -2387.302   243 360.0000  -0.0000     -1.397 0.104  33 -99.00    0.072
2018-05-16-14:56:54 1.15  Mocks_Mamon/MockNFW320ellip0.5loga-2.08PA50center0.0_0.0With_background1num84.dat Nelder-Mead  1.0e-04 0 1 0 0     NFW        0.0000   0.0001     -1.367 0.206  42 -99.00   91.4       -1215.639       -2412.623   243   0.0000   0.0001     -1.302 0.206  42 -99.00    0.068
2018-05-16-14:56:54 1.15  Mocks_Mamon/MockNFW320ellip0.5loga-2.08PA50center0.0_0.0With_background1num85.dat Nelder-Mead  1.0e-04 0 1 0 0     NFW      359.9999  -0.0000     -1.389 0.043  33 -99.00   89.6        -1240.64       -2462.589   243 359.9999  -0.0000     -1.323 0.043  33 -99.00    0.071
2018-05-16-14:56:54 1.15  Mocks_Mamon/MockNFW320ellip0.5loga-2.08PA50center0.0_0.0With_background1num86.dat Nelder-Mead  1.0e-04 0 1 0 0     NFW        0.0003  -0.0000     -1.419 0.134  29 -99.00   76.2        -1101.54       -2184.455   243   0.0003  -0.0000     -1.351 0.134  29 -99.00    0.068
2018-05-16-14:56:54 1.15  Mocks_Mamon/MockNFW320ellip0.5loga-2.08PA50center0.0_0.0With_background1num87.dat Nelder-Mead  1.0e-04 0 1 0 0     NFW        0.0000  -0.0000     -1.429 0.038 178 -99.00   77.3       -1131.714       -2244.778   243   0.0000  -0.0000     -1.361 0.038 178 -99.00    0.067
2018-05-16-14:56:54 1.15  Mocks_Mamon/MockNFW320ellip0.5loga-2.08PA50center0.0_0.0With_background1num88.dat Nelder-Mead  1.0e-04 0 1 0 0     NFW      360.0000  -0.0002     -1.371 0.067  25 -99.00   93.8       -1232.691       -2446.708   243 360.0000  -0.0002     -1.306 0.067  25 -99.00    0.068
2018-05-16-14:56:54 1.15  Mocks_Mamon/MockNFW320ellip0.5loga-2.08PA50center0.0_0.0With_background1num89.dat Nelder-Mead  1.0e-04 0 1 0 0     NFW        0.0001  -0.0000     -1.422 0.058 160 -99.00   77.3       -1121.084       -2223.501   243   0.0001  -0.0000     -1.354 0.058 160 -99.00    0.069
2018-05-16-14:56:54 1.15  Mocks_Mamon/MockNFW320ellip0.5loga-2.08PA50center0.0_0.0With_background1num90.dat Nelder-Mead  1.0e-04 0 1 0 0     NFW      360.0000   0.0000     -1.451 0.165  24 -99.00   71.2        -1089.21       -2159.812   243 360.0000   0.0000     -1.382 0.165  24 -99.00    0.069
2018-05-16-14:56:54 1.15  Mocks_Mamon/MockNFW320ellip0.5loga-2.08PA50center0.0_0.0With_background1num91.dat Nelder-Mead  1.0e-04 0 1 0 0     NFW        0.0002  -0.0000     -1.378 0.044  33 -99.00   87.4       -1165.701       -2312.776   243   0.0002  -0.0000     -1.312 0.044  33 -99.00    0.070
2018-05-16-14:56:54 1.15  Mocks_Mamon/MockNFW320ellip0.5loga-2.08PA50center0.0_0.0With_background1num92.dat Nelder-Mead  1.0e-04 0 1 0 0     NFW        0.0000  -0.0001     -1.439 0.063   3 -99.00   71.2       -1083.124       -2147.604   243   0.0000  -0.0001     -1.370 0.063   3 -99.00    0.067
2018-05-16-14:56:54 1.15  Mocks_Mamon/MockNFW320ellip0.5loga-2.08PA50center0.0_0.0With_background1num93.dat Nelder-Mead  1.0e-04 0 1 0 0     NFW        0.0000   0.0000     -1.365 0.159  33 -99.00   89.0       -1146.716       -2274.759   243   0.0000   0.0000     -1.300 0.159  33 -99.00    0.069
2018-05-16-14:56:54 1.15  Mocks_Mamon/MockNFW320ellip0.5loga-2.08PA50center0.0_0.0With_background1num94.dat Nelder-Mead  1.0e-04 0 1 0 0     NFW      359.9999  -0.0000     -1.359 0.046 136 -99.00   87.4       -1104.772       -2190.931   243 359.9999  -0.0000     -1.294 0.046 136 -99.00    0.068
2018-05-16-14:56:54 1.15  Mocks_Mamon/MockNFW320ellip0.5loga-2.08PA50center0.0_0.0With_background1num95.dat Nelder-Mead  1.0e-04 0 1 0 0     NFW        0.0000   0.0000     -1.433 0.099 152 -99.00   74.7       -1109.787       -2200.918   243   0.0000   0.0000     -1.365 0.099 152 -99.00    0.069
2018-05-16-14:56:54 1.15  Mocks_Mamon/MockNFW320ellip0.5loga-2.08PA50center0.0_0.0With_background1num96.dat Nelder-Mead  1.0e-04 0 1 0 0     NFW      359.9999  -0.0000     -1.402 0.114  14 -99.00   83.4       -1217.784         -2416.9   243 359.9999  -0.0000     -1.335 0.114  14 -99.00    0.069
2018-05-16-14:56:54 1.15  Mocks_Mamon/MockNFW320ellip0.5loga-2.08PA50center0.0_0.0With_background1num97.dat Nelder-Mead  1.0e-04 0 1 0 0     NFW        0.0000   0.0001     -1.441 0.163  30 -99.00   74.8       -1164.232       -2309.833   243   0.0000   0.0001     -1.372 0.163  30 -99.00    0.068
2018-05-16-14:56:54 1.15  Mocks_Mamon/MockNFW320ellip0.5loga-2.08PA50center0.0_0.0With_background1num98.dat Nelder-Mead  1.0e-04 0 1 0 0     NFW      360.0000   0.0000     -1.473 0.110  41 -99.00   69.9       -1140.291       -2261.913   243 360.0000   0.0000     -1.402 0.110  41 -99.00    0.068
2018-05-16-14:56:54 1.15  Mocks_Mamon/MockNFW320ellip0.5loga-2.08PA50center0.0_0.0With_background1num99.dat Nelder-Mead  1.0e-04 0 1 0 0     NFW        0.0000   0.0000     -1.416 0.206  37 -99.00   78.5       -1125.666       -2232.689   243   0.0000   0.0000     -1.348 0.206  37 -99.00    0.068
