2018-05-16-14:56:17 1.15  Mocks_Mamon/MockNFW320ellip0.5loga-2.08PA50center0.0_0.0With_background1num0.dat L-BFGS-B     1.0e-04 0 1 0 0     NFW        0.0000  -0.0001     -1.950 0.442  42 -99.00   35.4       -1213.196       -2407.713    35   0.0000  -0.0001     -1.343 0.101  42 -99.00    0.019
2018-05-16-14:56:17 1.15  Mocks_Mamon/MockNFW320ellip0.5loga-2.08PA50center0.0_0.0With_background1num1.dat L-BFGS-B     1.0e-04 0 1 0 0     NFW        0.0004   0.0002     -2.197 0.000 165 -99.00   28.2       -1251.696       -2484.706    98   0.0004   0.0002     -1.354 0.039 165 -99.00    0.056
2018-05-16-14:56:17 1.15  Mocks_Mamon/MockNFW320ellip0.5loga-2.08PA50center0.0_0.0With_background1num2.dat L-BFGS-B     1.0e-04 0 1 0 0     NFW        0.0000   0.0001     -2.090 0.430  35 -99.00   29.7       -1198.342       -2378.077    70   0.0000   0.0001     -1.346 0.170  35 -99.00    0.038
2018-05-16-14:56:17 1.15  Mocks_Mamon/MockNFW320ellip0.5loga-2.08PA50center0.0_0.0With_background1num3.dat L-BFGS-B     1.0e-04 0 1 0 0     NFW      360.0000   0.0000     -1.724 0.345  26 -99.00   47.6       -1157.095       -2295.529    28 360.0000   0.0000     -1.316 0.130  26 -99.00    0.015
2018-05-16-14:56:17 1.15  Mocks_Mamon/MockNFW320ellip0.5loga-2.08PA50center0.0_0.0With_background1num4.dat L-BFGS-B     1.0e-04 0 1 0 0     NFW      359.9999   0.0000     -2.162 0.018 141 -99.00   26.2       -1115.419         -2212.2    42 359.9999   0.0000     -1.350 0.068 141 -99.00    0.023
2018-05-16-14:56:17 1.15  Mocks_Mamon/MockNFW320ellip0.5loga-2.08PA50center0.0_0.0With_background1num5.dat L-BFGS-B     1.0e-04 0 1 0 0     NFW      359.9999  -0.0000     -1.774 0.256  29 -99.00   40.7       -1046.058       -2073.442    56 359.9999  -0.0000     -1.305 0.195  29 -99.00    0.030
2018-05-16-14:56:17 1.15  Mocks_Mamon/MockNFW320ellip0.5loga-2.08PA50center0.0_0.0With_background1num6.dat L-BFGS-B     1.0e-04 0 1 0 0     NFW        0.0001  -0.0000     -1.863 0.000 137 -99.00   38.7       -1119.591       -2220.508    63   0.0001  -0.0000     -1.302 0.177 137 -99.00    0.036
2018-05-16-14:56:17 1.15  Mocks_Mamon/MockNFW320ellip0.5loga-2.08PA50center0.0_0.0With_background1num7.dat L-BFGS-B     1.0e-04 0 1 0 0     NFW      360.0000  -0.0000     -2.057 0.000 155 -99.00   30.1       -1136.966       -2255.271    42 360.0000  -0.0000     -1.352 0.094 155 -99.00    0.025
2018-05-16-14:56:17 1.15  Mocks_Mamon/MockNFW320ellip0.5loga-2.08PA50center0.0_0.0With_background1num8.dat L-BFGS-B     1.0e-04 0 1 0 0     NFW        0.0000   0.0002     -2.299 0.004 164 -99.00   24.6       -1203.118       -2387.592   133   0.0000   0.0002     -1.341 0.025 164 -99.00    0.075
2018-05-16-14:56:17 1.15  Mocks_Mamon/MockNFW320ellip0.5loga-2.08PA50center0.0_0.0With_background1num9.dat L-BFGS-B     1.0e-04 0 1 0 0     NFW        0.0000  -0.0000     -2.196 0.000 135 -99.00   25.8       -1157.706       -2296.769    84   0.0000  -0.0000     -1.351 0.159 135 -99.00    0.048
2018-05-16-14:56:17 1.15  Mocks_Mamon/MockNFW320ellip0.5loga-2.08PA50center0.0_0.0With_background1num10.dat L-BFGS-B     1.0e-04 0 1 0 0     NFW      360.0000  -0.0000     -2.082 0.351  42 -99.00   27.1       -1070.641       -2122.645    63 360.0000  -0.0000     -1.369 0.150  42 -99.00    0.034
2018-05-16-14:56:17 1.15  Mocks_Mamon/MockNFW320ellip0.5loga-2.08PA50center0.0_0.0With_background1num11.dat L-BFGS-B     1.0e-04 0 1 0 0     NFW      359.9999  -0.0000     -2.013 0.423  35 -99.00   34.1       -1288.344       -2557.991    42 359.9999  -0.0000     -1.446 0.059  35 -99.00    0.023
2018-05-16-14:56:17 1.15  Mocks_Mamon/MockNFW320ellip0.5loga-2.08PA50center0.0_0.0With_background1num12.dat L-BFGS-B     1.0e-04 0 1 0 0     NFW        0.0001  -0.0000     -2.139 0.141  19 -99.00   30.5       -1271.871       -2525.166    63   0.0001  -0.0000     -1.247 0.105  19 -99.00    0.035
2018-05-16-14:56:17 1.15  Mocks_Mamon/MockNFW320ellip0.5loga-2.08PA50center0.0_0.0With_background1num13.dat L-BFGS-B     1.0e-04 0 1 0 0     NFW      359.9999  -0.0000     -1.939 0.042 143 -99.00   35.3       -1139.973       -2261.278    35 359.9999  -0.0000     -1.327 0.087 143 -99.00    0.020
2018-05-16-14:56:17 1.15  Mocks_Mamon/MockNFW320ellip0.5loga-2.08PA50center0.0_0.0With_background1num14.dat L-BFGS-B     1.0e-04 0 1 0 0     NFW        0.0002  -0.0001     -2.103 0.189  28 -99.00   29.6       -1172.556       -2326.438    56   0.0002  -0.0001     -1.326 0.140  28 -99.00    0.031
2018-05-16-14:56:17 1.15  Mocks_Mamon/MockNFW320ellip0.5loga-2.08PA50center0.0_0.0With_background1num15.dat L-BFGS-B     1.0e-04 0 1 0 0     NFW        0.0001   0.0001     -2.075 0.028 173 -99.00   30.4       -1154.644       -2290.614    49   0.0001   0.0001     -1.312 0.074 173 -99.00    0.027
2018-05-16-14:56:17 1.15  Mocks_Mamon/MockNFW320ellip0.5loga-2.08PA50center0.0_0.0With_background1num16.dat L-BFGS-B     1.0e-04 0 1 0 0     NFW        0.0000   0.0000     -2.122 0.000 147 -99.00   30.3       -1234.106       -2449.539    56   0.0000   0.0000     -1.332 0.046 147 -99.00    0.032
2018-05-16-14:56:17 1.15  Mocks_Mamon/MockNFW320ellip0.5loga-2.08PA50center0.0_0.0With_background1num17.dat L-BFGS-B     1.0e-04 0 1 0 0     NFW        0.0000   0.0001     -2.159 0.000 162 -99.00   29.6       -1262.548       -2506.451    63   0.0000   0.0001     -1.355 0.047 162 -99.00    0.036
2018-05-16-14:56:17 1.15  Mocks_Mamon/MockNFW320ellip0.5loga-2.08PA50center0.0_0.0With_background1num18.dat L-BFGS-B     1.0e-04 0 1 0 0     NFW      359.9998  -0.0001     -2.087 0.509  41 -99.00   32.3       -1333.196       -2647.724    42 359.9998  -0.0001     -1.413 0.108  41 -99.00    0.023
2018-05-16-14:56:17 1.15  Mocks_Mamon/MockNFW320ellip0.5loga-2.08PA50center0.0_0.0With_background1num19.dat L-BFGS-B     1.0e-04 0 1 0 0     NFW      360.0000  -0.0000     -1.967 0.000 153 -99.00   32.6       -1093.379       -2168.084    77 360.0000  -0.0000     -1.341 0.116 153 -99.00    0.045
2018-05-16-14:56:17 1.15  Mocks_Mamon/MockNFW320ellip0.5loga-2.08PA50center0.0_0.0With_background1num20.dat L-BFGS-B     1.0e-04 0 1 0 0     NFW        0.0000  -0.0000     -1.940 0.282  38 -99.00   35.1       -1134.707       -2250.782    42   0.0000  -0.0000     -1.287 0.097  38 -99.00    0.023
2018-05-16-14:56:17 1.15  Mocks_Mamon/MockNFW320ellip0.5loga-2.08PA50center0.0_0.0With_background1num21.dat L-BFGS-B     1.0e-04 0 1 0 0     NFW      359.9999  -0.0000     -2.054 0.000 151 -99.00   32.6       -1210.634         -2402.6    77 359.9999  -0.0000     -1.344 0.169 151 -99.00    0.045
2018-05-16-14:56:17 1.15  Mocks_Mamon/MockNFW320ellip0.5loga-2.08PA50center0.0_0.0With_background1num22.dat L-BFGS-B     1.0e-04 0 1 0 0     NFW      360.0000  -0.0002     -1.948 0.174  32 -99.00   36.1        -1176.53        -2334.38    42 360.0000  -0.0002     -1.293 0.027  32 -99.00    0.023
2018-05-16-14:56:17 1.15  Mocks_Mamon/MockNFW320ellip0.5loga-2.08PA50center0.0_0.0With_background1num23.dat L-BFGS-B     1.0e-04 0 1 0 0     NFW        0.0001   0.0000     -1.878 0.034 142 -99.00   38.8       -1140.744       -2262.821    35   0.0001   0.0000     -1.306 0.074 142 -99.00    0.020
2018-05-16-14:56:17 1.15  Mocks_Mamon/MockNFW320ellip0.5loga-2.08PA50center0.0_0.0With_background1num24.dat L-BFGS-B     1.0e-04 0 1 0 0     NFW        0.0000   0.0001     -1.998 0.230  37 -99.00   31.7       -1123.271       -2227.893    49   0.0000   0.0001     -1.397 0.075  37 -99.00    0.027
2018-05-16-14:56:17 1.15  Mocks_Mamon/MockNFW320ellip0.5loga-2.08PA50center0.0_0.0With_background1num25.dat L-BFGS-B     1.0e-04 0 1 0 0     NFW        0.0000  -0.0000     -1.829 0.360  40 -99.00   42.3       -1201.051       -2383.434    35   0.0000  -0.0000     -1.257 0.030  40 -99.00    0.019
2018-05-16-14:56:17 1.15  Mocks_Mamon/MockNFW320ellip0.5loga-2.08PA50center0.0_0.0With_background1num26.dat L-BFGS-B     1.0e-04 0 1 0 0     NFW        0.0000  -0.0000     -1.939 0.471  33 -99.00   36.0       -1214.876       -2411.101    35   0.0000  -0.0000     -1.379 0.182  33 -99.00    0.019
2018-05-16-14:56:17 1.15  Mocks_Mamon/MockNFW320ellip0.5loga-2.08PA50center0.0_0.0With_background1num27.dat L-BFGS-B     1.0e-04 0 1 0 0     NFW        0.0000   0.0001     -1.818 0.367  45 -99.00   41.1       -1143.377       -2268.068    28   0.0000   0.0001     -1.309 0.075  45 -99.00    0.015
2018-05-16-14:56:17 1.15  Mocks_Mamon/MockNFW320ellip0.5loga-2.08PA50center0.0_0.0With_background1num28.dat L-BFGS-B     1.0e-04 0 1 0 0     NFW        0.0001   0.0000     -2.159 0.011 139 -99.00   27.6       -1170.474       -2322.316    42   0.0001   0.0000     -1.393 0.048 139 -99.00    0.024
2018-05-16-14:56:17 1.15  Mocks_Mamon/MockNFW320ellip0.5loga-2.08PA50center0.0_0.0With_background1num29.dat L-BFGS-B     1.0e-04 0 1 0 0     NFW        0.0000   0.0000     -2.062 0.000 151 -99.00   29.2        -1086.15       -2153.633    84   0.0000   0.0000     -1.376 0.121 151 -99.00    0.048
2018-05-16-14:56:17 1.15  Mocks_Mamon/MockNFW320ellip0.5loga-2.08PA50center0.0_0.0With_background1num30.dat L-BFGS-B     1.0e-04 0 1 0 0     NFW        0.0002   0.0001     -2.003 0.280  29 -99.00   34.1       -1202.372       -2386.071    70   0.0002   0.0001     -1.289 0.120  29 -99.00    0.038
2018-05-16-14:56:17 1.15  Mocks_Mamon/MockNFW320ellip0.5loga-2.08PA50center0.0_0.0With_background1num31.dat L-BFGS-B     1.0e-04 0 1 0 0     NFW      359.9999   0.0001     -1.940 0.000 144 -99.00   36.7       -1172.509       -2326.363    70 359.9999   0.0001     -1.284 0.111 144 -99.00    0.041
2018-05-16-14:56:17 1.15  Mocks_Mamon/MockNFW320ellip0.5loga-2.08PA50center0.0_0.0With_background1num32.dat L-BFGS-B     1.0e-04 0 1 0 0     NFW      360.0000  -0.0000     -1.812 0.352  44 -99.00   42.6       -1179.782       -2340.931    28 360.0000  -0.0000     -1.386 0.103  44 -99.00    0.015
2018-05-16-14:56:17 1.15  Mocks_Mamon/MockNFW320ellip0.5loga-2.08PA50center0.0_0.0With_background1num33.dat L-BFGS-B     1.0e-04 0 1 0 0     NFW      359.9999  -0.0000     -2.296 0.100 180 -99.00   24.3       -1226.907       -2435.182    63 359.9999  -0.0000     -1.361 0.090 180 -99.00    0.034
2018-05-16-14:56:17 1.15  Mocks_Mamon/MockNFW320ellip0.5loga-2.08PA50center0.0_0.0With_background1num34.dat L-BFGS-B     1.0e-04 0 1 0 0     NFW        0.0001   0.0000     -2.027 0.000  12 -99.00   32.3       -1174.672       -2330.712    49   0.0001   0.0000     -1.259 0.126  12 -99.00    0.028
2018-05-16-14:56:17 1.15  Mocks_Mamon/MockNFW320ellip0.5loga-2.08PA50center0.0_0.0With_background1num35.dat L-BFGS-B     1.0e-04 0 1 0 0     NFW        0.0000  -0.0000     -1.930 0.000 136 -99.00   34.7       -1107.907       -2197.212    63   0.0000  -0.0000     -1.208 0.113 136 -99.00    0.036
2018-05-16-14:56:17 1.15  Mocks_Mamon/MockNFW320ellip0.5loga-2.08PA50center0.0_0.0With_background1num36.dat L-BFGS-B     1.0e-04 0 1 0 0     NFW        0.0000  -0.0000     -2.086 0.000 145 -99.00   30.8        -1214.24        -2409.86    70   0.0000  -0.0000     -1.350 0.189 145 -99.00    0.041
2018-05-16-14:56:17 1.15  Mocks_Mamon/MockNFW320ellip0.5loga-2.08PA50center0.0_0.0With_background1num37.dat L-BFGS-B     1.0e-04 0 1 0 0     NFW      360.0000   0.0000     -2.090 0.000 145 -99.00   29.1       -1145.332       -2271.979    49 360.0000   0.0000     -1.424 0.122 145 -99.00    0.029
2018-05-16-14:56:17 1.15  Mocks_Mamon/MockNFW320ellip0.5loga-2.08PA50center0.0_0.0With_background1num38.dat L-BFGS-B     1.0e-04 0 1 0 0     NFW      360.0000  -0.0000     -2.138 0.091 174 -99.00   26.3       -1101.596       -2184.542    56 360.0000  -0.0000     -1.412 0.169 174 -99.00    0.030
2018-05-16-14:56:17 1.15  Mocks_Mamon/MockNFW320ellip0.5loga-2.08PA50center0.0_0.0With_background1num39.dat L-BFGS-B     1.0e-04 0 1 0 0     NFW      359.9999  -0.0001     -1.991 0.000 136 -99.00   32.7       -1126.747       -2234.803    42 359.9999  -0.0001     -1.376 0.097 136 -99.00    0.024
2018-05-16-14:56:17 1.15  Mocks_Mamon/MockNFW320ellip0.5loga-2.08PA50center0.0_0.0With_background1num40.dat L-BFGS-B     1.0e-04 0 1 0 0     NFW        0.0000  -0.0001     -2.387 0.000 159 -99.00   23.6       -1278.816       -2538.975   105   0.0000  -0.0001     -1.406 0.026 159 -99.00    0.059
2018-05-16-14:56:17 1.15  Mocks_Mamon/MockNFW320ellip0.5loga-2.08PA50center0.0_0.0With_background1num41.dat L-BFGS-B     1.0e-04 0 1 0 0     NFW      360.0000   0.0000     -2.068 0.000 179 -99.00   31.9       -1210.915       -2403.186    56 360.0000   0.0000     -1.330 0.043 179 -99.00    0.032
2018-05-16-14:56:17 1.15  Mocks_Mamon/MockNFW320ellip0.5loga-2.08PA50center0.0_0.0With_background1num42.dat L-BFGS-B     1.0e-04 0 1 0 0     NFW        0.0000   0.0000     -2.057 0.025   8 -99.00   29.2       -1102.361       -2186.114    56   0.0000   0.0000     -1.372 0.027   8 -99.00    0.030
2018-05-16-14:56:17 1.15  Mocks_Mamon/MockNFW320ellip0.5loga-2.08PA50center0.0_0.0With_background1num43.dat L-BFGS-B     1.0e-04 0 1 0 0     NFW        0.0002   0.0000     -2.328 0.023 149 -99.00   24.9       -1257.733       -2496.829    42   0.0002   0.0000     -1.361 0.131 148 -99.00    0.024
2018-05-16-14:56:17 1.15  Mocks_Mamon/MockNFW320ellip0.5loga-2.08PA50center0.0_0.0With_background1num44.dat L-BFGS-B     1.0e-04 0 1 0 0     NFW      359.9997  -0.0001     -1.758 0.326  18 -99.00   45.8       -1165.314       -2311.959    28 359.9997  -0.0001     -1.309 0.070  18 -99.00    0.016
2018-05-16-14:56:17 1.15  Mocks_Mamon/MockNFW320ellip0.5loga-2.08PA50center0.0_0.0With_background1num45.dat L-BFGS-B     1.0e-04 0 1 0 0     NFW        0.0000  -0.0000     -2.229 0.033 157 -99.00   24.8       -1137.827       -2257.004    42   0.0000  -0.0000     -1.345 0.121 157 -99.00    0.024
2018-05-16-14:56:17 1.15  Mocks_Mamon/MockNFW320ellip0.5loga-2.08PA50center0.0_0.0With_background1num46.dat L-BFGS-B     1.0e-04 0 1 0 0     NFW        0.0000   0.0000     -2.087 0.352  33 -99.00   31.0       -1230.656       -2442.637    56   0.0000   0.0000     -1.352 0.223  33 -99.00    0.031
2018-05-16-14:56:17 1.15  Mocks_Mamon/MockNFW320ellip0.5loga-2.08PA50center0.0_0.0With_background1num47.dat L-BFGS-B     1.0e-04 0 1 0 0     NFW      359.9999  -0.0001     -2.049 0.054 143 -99.00   32.8        -1214.19       -2409.724    42 359.9999  -0.0001     -1.348 0.132 143 -99.00    0.024
2018-05-16-14:56:17 1.15  Mocks_Mamon/MockNFW320ellip0.5loga-2.08PA50center0.0_0.0With_background1num48.dat L-BFGS-B     1.0e-04 0 1 0 0     NFW      360.0000  -0.0000     -2.093 0.000 163 -99.00   31.2       -1238.426       -2458.207    49 360.0000  -0.0000     -1.325 0.038 163 -99.00    0.028
2018-05-16-14:56:17 1.15  Mocks_Mamon/MockNFW320ellip0.5loga-2.08PA50center0.0_0.0With_background1num49.dat L-BFGS-B     1.0e-04 0 1 0 0     NFW      359.9999  -0.0001     -2.050 0.000 136 -99.00   31.3       -1167.099       -2315.541    84 359.9999  -0.0001     -1.296 0.123 136 -99.00    0.049
2018-05-16-14:56:17 1.15  Mocks_Mamon/MockNFW320ellip0.5loga-2.08PA50center0.0_0.0With_background1num50.dat L-BFGS-B     1.0e-04 0 1 0 0     NFW      360.0000  -0.0001     -1.683 0.327  38 -99.00   48.5       -1087.901       -2157.182    28 360.0000  -0.0001     -1.275 0.112  38 -99.00    0.015
2018-05-16-14:56:17 1.15  Mocks_Mamon/MockNFW320ellip0.5loga-2.08PA50center0.0_0.0With_background1num51.dat L-BFGS-B     1.0e-04 0 1 0 0     NFW        0.0000  -0.0001     -2.063 0.264  27 -99.00   29.1        -1117.01       -2215.316    63   0.0000  -0.0001     -1.385 0.111  27 -99.00    0.034
2018-05-16-14:56:17 1.15  Mocks_Mamon/MockNFW320ellip0.5loga-2.08PA50center0.0_0.0With_background1num52.dat L-BFGS-B     1.0e-04 0 1 0 0     NFW        0.0001   0.0000     -2.138 0.000 136 -99.00   29.5       -1231.356       -2444.043    49   0.0001   0.0000     -1.342 0.126 136 -99.00    0.029
2018-05-16-14:56:17 1.15  Mocks_Mamon/MockNFW320ellip0.5loga-2.08PA50center0.0_0.0With_background1num53.dat L-BFGS-B     1.0e-04 0 1 0 0     NFW      359.9999  -0.0001     -2.192 0.000 167 -99.00   27.4       -1221.412       -2424.155    84 359.9999  -0.0001     -1.335 0.044 167 -99.00    0.048
2018-05-16-14:56:17 1.15  Mocks_Mamon/MockNFW320ellip0.5loga-2.08PA50center0.0_0.0With_background1num54.dat L-BFGS-B     1.0e-04 0 1 0 0     NFW      360.0000  -0.0002     -1.850 0.401  44 -99.00   38.6       -1122.502       -2226.348    28 360.0000  -0.0002     -1.344 0.123  44 -99.00    0.015
2018-05-16-14:56:17 1.15  Mocks_Mamon/MockNFW320ellip0.5loga-2.08PA50center0.0_0.0With_background1num55.dat L-BFGS-B     1.0e-04 0 1 0 0     NFW      360.0000  -0.0002     -1.817 0.372  28 -99.00   41.6       -1169.784       -2320.906    28 360.0000  -0.0002     -1.367 0.121  28 -99.00    0.015
2018-05-16-14:56:17 1.15  Mocks_Mamon/MockNFW320ellip0.5loga-2.08PA50center0.0_0.0With_background1num56.dat L-BFGS-B     1.0e-04 0 1 0 0     NFW        0.0001   0.0001     -2.225 0.247  22 -99.00   24.2       -1127.362       -2236.038    77   0.0001   0.0001     -1.360 0.150  22 -99.00    0.042
2018-05-16-14:56:17 1.15  Mocks_Mamon/MockNFW320ellip0.5loga-2.08PA50center0.0_0.0With_background1num57.dat L-BFGS-B     1.0e-04 0 1 0 0     NFW      360.0000  -0.0001     -2.016 0.000 153 -99.00   29.8       -1056.752       -2094.872    70 360.0000  -0.0001     -1.266 0.123 153 -99.00    0.040
2018-05-16-14:56:17 1.15  Mocks_Mamon/MockNFW320ellip0.5loga-2.08PA50center0.0_0.0With_background1num58.dat L-BFGS-B     1.0e-04 0 1 0 0     NFW        0.0001  -0.0002     -2.240 0.280  43 -99.00   26.9       -1256.109       -2493.567    77   0.0001  -0.0002     -1.294 0.084  43 -99.00    0.042
2018-05-16-14:56:17 1.15  Mocks_Mamon/MockNFW320ellip0.5loga-2.08PA50center0.0_0.0With_background1num59.dat L-BFGS-B     1.0e-04 0 1 0 0     NFW        0.0000  -0.0001     -2.234 0.253  30 -99.00   27.0       -1254.529       -2490.396    77   0.0000  -0.0001     -1.389 0.024  30 -99.00    0.043
2018-05-16-14:56:17 1.15  Mocks_Mamon/MockNFW320ellip0.5loga-2.08PA50center0.0_0.0With_background1num60.dat L-BFGS-B     1.0e-04 0 1 0 0     NFW        0.0001  -0.0000     -2.238 0.166  21 -99.00   26.5       -1247.602       -2476.572    42   0.0001  -0.0000     -1.342 0.094  21 -99.00    0.023
2018-05-16-14:56:17 1.15  Mocks_Mamon/MockNFW320ellip0.5loga-2.08PA50center0.0_0.0With_background1num61.dat L-BFGS-B     1.0e-04 0 1 0 0     NFW        0.0000  -0.0002     -2.153 0.000 141 -99.00   28.7       -1208.798       -2398.945    77   0.0000  -0.0002     -1.297 0.109 141 -99.00    0.044
2018-05-16-14:56:17 1.15  Mocks_Mamon/MockNFW320ellip0.5loga-2.08PA50center0.0_0.0With_background1num62.dat L-BFGS-B     1.0e-04 0 1 0 0     NFW        0.0000   0.0001     -1.831 0.223  27 -99.00   41.1       -1147.406       -2276.132    63   0.0000   0.0001     -1.331 0.189  27 -99.00    0.035
2018-05-16-14:56:17 1.15  Mocks_Mamon/MockNFW320ellip0.5loga-2.08PA50center0.0_0.0With_background1num63.dat L-BFGS-B     1.0e-04 0 1 0 0     NFW      360.0000   0.0000     -2.031 0.476  38 -99.00   30.1        -1156.33       -2293.993    42 360.0000   0.0000     -1.404 0.108  38 -99.00    0.023
2018-05-16-14:56:17 1.15  Mocks_Mamon/MockNFW320ellip0.5loga-2.08PA50center0.0_0.0With_background1num64.dat L-BFGS-B     1.0e-04 0 1 0 0     NFW        0.0000  -0.0001     -2.069 0.000 149 -99.00   30.7       -1179.542       -2340.386    77   0.0000  -0.0001     -1.375 0.123 149 -99.00    0.045
2018-05-16-14:56:17 1.15  Mocks_Mamon/MockNFW320ellip0.5loga-2.08PA50center0.0_0.0With_background1num65.dat L-BFGS-B     1.0e-04 0 1 0 0     NFW      360.0000   0.0000     -1.865 0.398  25 -99.00   39.5       -1196.848       -2375.028    35 360.0000   0.0000     -1.359 0.115  25 -99.00    0.019
2018-05-16-14:56:17 1.15  Mocks_Mamon/MockNFW320ellip0.5loga-2.08PA50center0.0_0.0With_background1num66.dat L-BFGS-B     1.0e-04 0 1 0 0     NFW        0.0000  -0.0000     -2.079 0.000   5 -99.00   29.7       -1171.274       -2323.861    49   0.0000  -0.0000     -1.417 0.024   5 -99.00    0.028
2018-05-16-14:56:17 1.15  Mocks_Mamon/MockNFW320ellip0.5loga-2.08PA50center0.0_0.0With_background1num67.dat L-BFGS-B     1.0e-04 0 1 0 0     NFW      359.9999   0.0001     -2.469 0.006 135 -99.00   22.2       -1290.933       -2563.193    42 359.9999   0.0001     -1.415 0.116 135 -99.00    0.024
2018-05-16-14:56:17 1.15  Mocks_Mamon/MockNFW320ellip0.5loga-2.08PA50center0.0_0.0With_background1num68.dat L-BFGS-B     1.0e-04 0 1 0 0     NFW      360.0000  -0.0001     -2.026 0.008 149 -99.00   32.3        -1173.07       -2327.519    42 360.0000  -0.0001     -1.338 0.027 149 -99.00    0.024
2018-05-16-14:56:17 1.15  Mocks_Mamon/MockNFW320ellip0.5loga-2.08PA50center0.0_0.0With_background1num69.dat L-BFGS-B     1.0e-04 0 1 0 0     NFW        0.0000   0.0000     -1.899 0.408  43 -99.00   39.2       -1226.576       -2434.489    35   0.0000   0.0000     -1.391 0.117  43 -99.00    0.019
2018-05-16-14:56:17 1.15  Mocks_Mamon/MockNFW320ellip0.5loga-2.08PA50center0.0_0.0With_background1num70.dat L-BFGS-B     1.0e-04 0 1 0 0     NFW      360.0000  -0.0001     -2.068 0.000 141 -99.00   30.2       -1155.883       -2293.129    42 360.0000  -0.0001     -1.389 0.085 141 -99.00    0.025
2018-05-16-14:56:17 1.15  Mocks_Mamon/MockNFW320ellip0.5loga-2.08PA50center0.0_0.0With_background1num71.dat L-BFGS-B     1.0e-04 0 1 0 0     NFW        0.0001   0.0000     -1.859 0.386  44 -99.00   40.6       -1200.404       -2382.165    28   0.0001   0.0000     -1.351 0.099  44 -99.00    0.015
2018-05-16-14:56:17 1.15  Mocks_Mamon/MockNFW320ellip0.5loga-2.08PA50center0.0_0.0With_background1num72.dat L-BFGS-B     1.0e-04 0 1 0 0     NFW      359.9999   0.0001     -2.182 0.031  21 -99.00   27.4       -1203.408       -2388.185    56 359.9999   0.0001     -1.325 0.116  21 -99.00    0.031
2018-05-16-14:56:17 1.15  Mocks_Mamon/MockNFW320ellip0.5loga-2.08PA50center0.0_0.0With_background1num73.dat L-BFGS-B     1.0e-04 0 1 0 0     NFW        0.0000  -0.0000     -1.881 0.388  34 -99.00   38.4       -1185.664       -2352.702    35   0.0000  -0.0000     -1.373 0.091  34 -99.00    0.019
2018-05-16-14:56:17 1.15  Mocks_Mamon/MockNFW320ellip0.5loga-2.08PA50center0.0_0.0With_background1num74.dat L-BFGS-B     1.0e-04 0 1 0 0     NFW      360.0000   0.0000     -2.158 0.291  36 -99.00   29.1       -1257.398        -2496.11    56 360.0000   0.0000     -1.393 0.093  36 -99.00    0.031
2018-05-16-14:56:17 1.15  Mocks_Mamon/MockNFW320ellip0.5loga-2.08PA50center0.0_0.0With_background1num75.dat L-BFGS-B     1.0e-04 0 1 0 0     NFW      359.9998   0.0000     -2.251 0.012   5 -99.00   26.8       -1253.008       -2487.366    42 359.9998   0.0000     -1.306 0.110   5 -99.00    0.024
2018-05-16-14:56:17 1.15  Mocks_Mamon/MockNFW320ellip0.5loga-2.08PA50center0.0_0.0With_background1num76.dat L-BFGS-B     1.0e-04 0 1 0 0     NFW        0.0000  -0.0000     -1.637 0.269  19 -99.00   53.6       -1122.662       -2226.686    28   0.0000  -0.0000     -1.285 0.074  19 -99.00    0.015
2018-05-16-14:56:17 1.15  Mocks_Mamon/MockNFW320ellip0.5loga-2.08PA50center0.0_0.0With_background1num77.dat L-BFGS-B     1.0e-04 0 1 0 0     NFW        0.0000  -0.0002     -2.238 0.034 151 -99.00   26.7       -1239.529       -2460.378    42   0.0000  -0.0002     -1.419 0.129 151 -99.00    0.024
2018-05-16-14:56:17 1.15  Mocks_Mamon/MockNFW320ellip0.5loga-2.08PA50center0.0_0.0With_background1num78.dat L-BFGS-B     1.0e-04 0 1 0 0     NFW      359.9999  -0.0000     -2.272 0.002 144 -99.00   24.4       -1174.794       -2330.938    42 359.9999  -0.0000     -1.377 0.055 144 -99.00    0.023
2018-05-16-14:56:17 1.15  Mocks_Mamon/MockNFW320ellip0.5loga-2.08PA50center0.0_0.0With_background1num79.dat L-BFGS-B     1.0e-04 0 1 0 0     NFW      359.9999   0.0001     -2.488 0.001   7 -99.00   21.7       -1301.768       -2584.851   133 359.9999   0.0001     -1.445 0.181   7 -99.00    0.076
2018-05-16-14:56:17 1.15  Mocks_Mamon/MockNFW320ellip0.5loga-2.08PA50center0.0_0.0With_background1num80.dat L-BFGS-B     1.0e-04 0 1 0 0     NFW      360.0000  -0.0000     -2.056 0.021  17 -99.00   30.1       -1130.522       -2242.357    49 360.0000  -0.0000     -1.413 0.053  17 -99.00    0.027
2018-05-16-14:56:17 1.15  Mocks_Mamon/MockNFW320ellip0.5loga-2.08PA50center0.0_0.0With_background1num81.dat L-BFGS-B     1.0e-04 0 1 0 0     NFW      360.0000  -0.0001     -1.986 0.074  21 -99.00   34.6       -1179.345       -2340.041    56 360.0000  -0.0001     -1.285 0.176  20 -99.00    0.031
2018-05-16-14:56:17 1.15  Mocks_Mamon/MockNFW320ellip0.5loga-2.08PA50center0.0_0.0With_background1num82.dat L-BFGS-B     1.0e-04 0 1 0 0     NFW        0.0002   0.0001     -1.788 0.356  25 -99.00   43.5       -1180.052       -2341.436    28   0.0002   0.0001     -1.359 0.117  24 -99.00    0.016
2018-05-16-14:56:17 1.15  Mocks_Mamon/MockNFW320ellip0.5loga-2.08PA50center0.0_0.0With_background1num83.dat L-BFGS-B     1.0e-04 0 1 0 0     NFW      360.0000  -0.0000     -2.271 0.328  33 -99.00   25.4       -1243.679       -2468.738    49 360.0000  -0.0000     -1.397 0.104  33 -99.00    0.027
2018-05-16-14:56:17 1.15  Mocks_Mamon/MockNFW320ellip0.5loga-2.08PA50center0.0_0.0With_background1num84.dat L-BFGS-B     1.0e-04 0 1 0 0     NFW        0.0000   0.0001     -1.980 0.521  42 -99.00   35.4       -1256.515       -2494.374    42   0.0000   0.0001     -1.302 0.206  42 -99.00    0.023
2018-05-16-14:56:17 1.15  Mocks_Mamon/MockNFW320ellip0.5loga-2.08PA50center0.0_0.0With_background1num85.dat L-BFGS-B     1.0e-04 0 1 0 0     NFW      359.9999  -0.0000     -1.875 0.372  33 -99.00   41.2       -1269.955       -2521.219    35 359.9999  -0.0000     -1.323 0.043  33 -99.00    0.019
2018-05-16-14:56:17 1.15  Mocks_Mamon/MockNFW320ellip0.5loga-2.08PA50center0.0_0.0With_background1num86.dat L-BFGS-B     1.0e-04 0 1 0 0     NFW        0.0003  -0.0000     -1.818 0.387  29 -99.00   40.0       -1118.815       -2219.003    28   0.0003  -0.0000     -1.351 0.134  29 -99.00    0.015
2018-05-16-14:56:17 1.15  Mocks_Mamon/MockNFW320ellip0.5loga-2.08PA50center0.0_0.0With_background1num87.dat L-BFGS-B     1.0e-04 0 1 0 0     NFW        0.0000  -0.0000     -1.897 0.047 178 -99.00   37.4       -1143.372       -2268.095    56   0.0000  -0.0000     -1.361 0.038 178 -99.00    0.031
2018-05-16-14:56:17 1.15  Mocks_Mamon/MockNFW320ellip0.5loga-2.08PA50center0.0_0.0With_background1num88.dat L-BFGS-B     1.0e-04 0 1 0 0     NFW      360.0000  -0.0002     -2.037 0.107  25 -99.00   34.3       -1256.416       -2494.159    42 360.0000  -0.0002     -1.306 0.067  25 -99.00    0.023
2018-05-16-14:56:17 1.15  Mocks_Mamon/MockNFW320ellip0.5loga-2.08PA50center0.0_0.0With_background1num89.dat L-BFGS-B     1.0e-04 0 1 0 0     NFW        0.0001  -0.0000     -2.042 0.000 160 -99.00   31.1       -1140.349       -2262.031    56   0.0001  -0.0000     -1.354 0.058 160 -99.00    0.032
2018-05-16-14:56:17 1.15  Mocks_Mamon/MockNFW320ellip0.5loga-2.08PA50center0.0_0.0With_background1num90.dat L-BFGS-B     1.0e-04 0 1 0 0     NFW      360.0000   0.0000     -1.888 0.198  24 -99.00   36.2       -1099.392       -2180.176    63 360.0000   0.0000     -1.382 0.165  24 -99.00    0.034
2018-05-16-14:56:17 1.15  Mocks_Mamon/MockNFW320ellip0.5loga-2.08PA50center0.0_0.0With_background1num91.dat L-BFGS-B     1.0e-04 0 1 0 0     NFW        0.0002  -0.0000     -1.813 0.340  33 -99.00   42.7       -1187.002       -2355.378    35   0.0002  -0.0000     -1.312 0.044  33 -99.00    0.019
2018-05-16-14:56:17 1.15  Mocks_Mamon/MockNFW320ellip0.5loga-2.08PA50center0.0_0.0With_background1num92.dat L-BFGS-B     1.0e-04 0 1 0 0     NFW        0.0000  -0.0001     -2.029 0.000   3 -99.00   30.0       -1102.627        -2186.61    56   0.0000  -0.0001     -1.370 0.063   3 -99.00    0.031
2018-05-16-14:56:17 1.15  Mocks_Mamon/MockNFW320ellip0.5loga-2.08PA50center0.0_0.0With_background1num93.dat L-BFGS-B     1.0e-04 0 1 0 0     NFW        0.0000   0.0000     -1.786 0.401  33 -99.00   44.0       -1164.782       -2310.891    28   0.0000   0.0000     -1.300 0.159  33 -99.00    0.015
2018-05-16-14:56:17 1.15  Mocks_Mamon/MockNFW320ellip0.5loga-2.08PA50center0.0_0.0With_background1num94.dat L-BFGS-B     1.0e-04 0 1 0 0     NFW      359.9999  -0.0000     -1.962 0.020 136 -99.00   34.0        -1121.56       -2224.506    35 359.9999  -0.0000     -1.294 0.046 136 -99.00    0.020
2018-05-16-14:56:17 1.15  Mocks_Mamon/MockNFW320ellip0.5loga-2.08PA50center0.0_0.0With_background1num95.dat L-BFGS-B     1.0e-04 0 1 0 0     NFW        0.0000   0.0000     -2.051 0.000 152 -99.00   30.3       -1130.149       -2241.642    63   0.0000   0.0000     -1.365 0.099 152 -99.00    0.037
2018-05-16-14:56:17 1.15  Mocks_Mamon/MockNFW320ellip0.5loga-2.08PA50center0.0_0.0With_background1num96.dat L-BFGS-B     1.0e-04 0 1 0 0     NFW      359.9999  -0.0000     -2.356 0.143  15 -99.00   23.7       -1265.357       -2512.046    77 359.9999  -0.0000     -1.335 0.114  14 -99.00    0.042
2018-05-16-14:56:17 1.15  Mocks_Mamon/MockNFW320ellip0.5loga-2.08PA50center0.0_0.0With_background1num97.dat L-BFGS-B     1.0e-04 0 1 0 0     NFW        0.0000   0.0001     -2.108 0.235  30 -99.00   29.0        -1192.59       -2366.548    63   0.0000   0.0001     -1.372 0.163  30 -99.00    0.034
2018-05-16-14:56:17 1.15  Mocks_Mamon/MockNFW320ellip0.5loga-2.08PA50center0.0_0.0With_background1num98.dat L-BFGS-B     1.0e-04 0 1 0 0     NFW      360.0000   0.0000     -1.900 0.401  41 -99.00   36.5        -1162.04       -2305.413    35 360.0000   0.0000     -1.402 0.110  41 -99.00    0.019
2018-05-16-14:56:17 1.15  Mocks_Mamon/MockNFW320ellip0.5loga-2.08PA50center0.0_0.0With_background1num99.dat L-BFGS-B     1.0e-04 0 1 0 0     NFW        0.0000   0.0000     -1.738 0.393  37 -99.00   45.8       -1137.543       -2256.443    28   0.0000   0.0000     -1.348 0.206  37 -99.00    0.015
