2018-05-16-14:55:35 1.15  Mocks_Mamon/MockNFW40ellip0.5loga-2.08PA50center0.0_0.0With_background1num0.dat BFGS         1.0e-04 0 1 0 0     NFW        0.0000  -0.0002     -0.905 0.121 180 -99.00  126.4           1E+30           2E+30     8   0.0000  -0.0002     -0.905 0.121 180 -99.00    0.001
2018-05-16-14:55:35 1.15  Mocks_Mamon/MockNFW40ellip0.5loga-2.08PA50center0.0_0.0With_background1num1.dat BFGS         1.0e-04 0 1 0 0     NFW      359.9999   0.0009     -0.935 0.089 180 -99.00  114.2           1E+30           2E+30     8 359.9999   0.0009     -0.935 0.089 180 -99.00    0.000
2018-05-16-14:55:35 1.15  Mocks_Mamon/MockNFW40ellip0.5loga-2.08PA50center0.0_0.0With_background1num2.dat BFGS         1.0e-04 0 1 0 0     NFW      360.0000   0.0002     -0.922 0.118  25 -99.00  124.7           1E+30           2E+30     8 360.0000   0.0002     -0.922 0.118  25 -99.00    0.000
2018-05-16-14:55:35 1.15  Mocks_Mamon/MockNFW40ellip0.5loga-2.08PA50center0.0_0.0With_background1num3.dat BFGS         1.0e-04 0 1 0 0     NFW        0.0001   0.0000     -0.925 0.158 171 -99.00  125.6           1E+30           2E+30     8   0.0001   0.0000     -0.925 0.158 171 -99.00    0.000
2018-05-16-14:55:35 1.15  Mocks_Mamon/MockNFW40ellip0.5loga-2.08PA50center0.0_0.0With_background1num4.dat BFGS         1.0e-04 0 1 0 0     NFW        0.0003  -0.0007     -0.933 0.024   7 -99.00  124.5           1E+30           2E+30     8   0.0003  -0.0007     -0.933 0.024   7 -99.00    0.000
2018-05-16-14:55:35 1.15  Mocks_Mamon/MockNFW40ellip0.5loga-2.08PA50center0.0_0.0With_background1num5.dat BFGS         1.0e-04 0 1 0 0     NFW      359.9979  -0.0007     -0.932 0.111 170 -99.00  120.6           1E+30           2E+30     8 359.9979  -0.0007     -0.932 0.111 170 -99.00    0.000
2018-05-16-14:55:35 1.15  Mocks_Mamon/MockNFW40ellip0.5loga-2.08PA50center0.0_0.0With_background1num6.dat BFGS         1.0e-04 0 1 0 0     NFW        0.0000   0.0002     -0.917 0.111  18 -99.00  117.1           1E+30           2E+30     8   0.0000   0.0002     -0.917 0.111  18 -99.00    0.000
2018-05-16-14:55:35 1.15  Mocks_Mamon/MockNFW40ellip0.5loga-2.08PA50center0.0_0.0With_background1num7.dat BFGS         1.0e-04 0 1 0 0     NFW      359.9999  -0.0003     -0.936 0.091 142 -99.00  124.3           1E+30           2E+30     8 359.9999  -0.0003     -0.936 0.091 142 -99.00    0.000
2018-05-16-14:55:35 1.15  Mocks_Mamon/MockNFW40ellip0.5loga-2.08PA50center0.0_0.0With_background1num8.dat BFGS         1.0e-04 0 1 0 0     NFW      359.9972  -0.0002     -0.908 0.143   3 -99.00  141.2           1E+30           2E+30     8 359.9972  -0.0002     -0.908 0.143   3 -99.00    0.000
2018-05-16-14:55:35 1.15  Mocks_Mamon/MockNFW40ellip0.5loga-2.08PA50center0.0_0.0With_background1num9.dat BFGS         1.0e-04 0 1 0 0     NFW      359.9993  -0.0001     -0.915 0.097  43 -99.00  127.9           1E+30           2E+30     8 359.9993  -0.0001     -0.915 0.097  43 -99.00    0.000
2018-05-16-14:55:35 1.15  Mocks_Mamon/MockNFW40ellip0.5loga-2.08PA50center0.0_0.0With_background1num10.dat BFGS         1.0e-04 0 1 0 0     NFW      359.9986  -0.0059     -0.924 0.076 145 -99.00  143.7           1E+30           2E+30     8 359.9986  -0.0059     -0.924 0.076 145 -99.00    0.000
2018-05-16-14:55:35 1.15  Mocks_Mamon/MockNFW40ellip0.5loga-2.08PA50center0.0_0.0With_background1num11.dat BFGS         1.0e-04 0 1 0 0     NFW      359.9958  -0.0036     -0.970 0.085   1 -99.00  127.4       -600.1988       -1183.981   820 359.9958  -0.0036     -0.970 0.085   1 -99.00    0.232
2018-05-16-14:55:35 1.15  Mocks_Mamon/MockNFW40ellip0.5loga-2.08PA50center0.0_0.0With_background1num12.dat BFGS         1.0e-04 0 1 0 0     NFW        0.0014   0.0014     -0.955 0.088 179 -99.00  132.5           1E+30           2E+30     8   0.0014   0.0014     -0.955 0.088 179 -99.00    0.000
2018-05-16-14:55:35 1.15  Mocks_Mamon/MockNFW40ellip0.5loga-2.08PA50center0.0_0.0With_background1num13.dat BFGS         1.0e-04 0 1 0 0     NFW        0.0004   0.0015     -0.908 0.010 141 -99.00  128.1           1E+30           2E+30     8   0.0004   0.0015     -0.908 0.010 141 -99.00    0.000
2018-05-16-14:55:35 1.15  Mocks_Mamon/MockNFW40ellip0.5loga-2.08PA50center0.0_0.0With_background1num14.dat BFGS         1.0e-04 0 1 0 0     NFW      359.9998   0.0004     -0.949 0.054   7 -99.00  123.4           1E+30           2E+30     8 359.9998   0.0004     -0.949 0.054   7 -99.00    0.000
2018-05-16-14:55:35 1.15  Mocks_Mamon/MockNFW40ellip0.5loga-2.08PA50center0.0_0.0With_background1num15.dat BFGS         1.0e-04 0 1 0 0     NFW        0.0015  -0.0004     -0.964 0.045 142 -99.00  126.3           1E+30           2E+30     8   0.0015  -0.0004     -0.964 0.045 142 -99.00    0.000
2018-05-16-14:55:35 1.15  Mocks_Mamon/MockNFW40ellip0.5loga-2.08PA50center0.0_0.0With_background1num16.dat BFGS         1.0e-04 0 1 0 0     NFW        0.0020   0.0005     -0.934 0.160 175 -99.00  136.5           1E+30           2E+30     8   0.0020   0.0005     -0.934 0.160 175 -99.00    0.000
2018-05-16-14:55:35 1.15  Mocks_Mamon/MockNFW40ellip0.5loga-2.08PA50center0.0_0.0With_background1num17.dat BFGS         1.0e-04 0 1 0 0     NFW      359.9999   0.0003     -0.924 0.127 138 -99.00  131.8           1E+30           2E+30     8 359.9999   0.0003     -0.924 0.127 138 -99.00    0.000
2018-05-16-14:55:35 1.15  Mocks_Mamon/MockNFW40ellip0.5loga-2.08PA50center0.0_0.0With_background1num18.dat BFGS         1.0e-04 0 1 0 0     NFW      359.9989   0.0002     -0.945 0.128 152 -99.00  123.0           1E+30           2E+30     8 359.9989   0.0002     -0.945 0.128 152 -99.00    0.000
2018-05-16-14:55:35 1.15  Mocks_Mamon/MockNFW40ellip0.5loga-2.08PA50center0.0_0.0With_background1num19.dat BFGS         1.0e-04 0 1 0 0     NFW        0.0006  -0.0003     -0.928 0.095  35 -99.00  122.1           1E+30           2E+30     8   0.0006  -0.0003     -0.928 0.095  35 -99.00    0.000
2018-05-16-14:55:35 1.15  Mocks_Mamon/MockNFW40ellip0.5loga-2.08PA50center0.0_0.0With_background1num20.dat BFGS         1.0e-04 0 1 0 0     NFW      360.0000   0.0003     -0.937 0.073 157 -99.00  127.0           1E+30           2E+30     8 360.0000   0.0003     -0.937 0.073 157 -99.00    0.000
2018-05-16-14:55:35 1.15  Mocks_Mamon/MockNFW40ellip0.5loga-2.08PA50center0.0_0.0With_background1num21.dat BFGS         1.0e-04 0 1 0 0     NFW      359.9996   0.0002     -0.917 0.007 154 -99.00  126.0           1E+30           2E+30     8 359.9996   0.0002     -0.917 0.007 154 -99.00    0.000
2018-05-16-14:55:35 1.15  Mocks_Mamon/MockNFW40ellip0.5loga-2.08PA50center0.0_0.0With_background1num22.dat BFGS         1.0e-04 0 1 0 0     NFW        0.0009  -0.0012     -0.962 0.105 159 -99.00  122.1           1E+30           2E+30     8   0.0009  -0.0012     -0.962 0.105 159 -99.00    0.000
2018-05-16-14:55:35 1.15  Mocks_Mamon/MockNFW40ellip0.5loga-2.08PA50center0.0_0.0With_background1num23.dat BFGS         1.0e-04 0 1 0 0     NFW        0.0008   0.0001     -0.919 0.056 166 -99.00  124.0           1E+30           2E+30     8   0.0008   0.0001     -0.919 0.056 166 -99.00    0.000
2018-05-16-14:55:35 1.15  Mocks_Mamon/MockNFW40ellip0.5loga-2.08PA50center0.0_0.0With_background1num24.dat BFGS         1.0e-04 0 1 0 0     NFW      359.9998   0.0031     -0.932 0.083  28 -99.00  143.9           1E+30           2E+30     8 359.9998   0.0031     -0.932 0.083  28 -99.00    0.000
2018-05-16-14:55:35 1.15  Mocks_Mamon/MockNFW40ellip0.5loga-2.08PA50center0.0_0.0With_background1num25.dat BFGS         1.0e-04 0 1 0 0     NFW        0.0001   0.0000     -0.948 0.096  35 -99.00  126.9           1E+30           2E+30     8   0.0001   0.0000     -0.948 0.096  35 -99.00    0.000
2018-05-16-14:55:35 1.15  Mocks_Mamon/MockNFW40ellip0.5loga-2.08PA50center0.0_0.0With_background1num26.dat BFGS         1.0e-04 0 1 0 0     NFW      359.9992   0.0005     -0.937 0.109 137 -99.00  126.5           1E+30           2E+30     8 359.9992   0.0005     -0.937 0.109 137 -99.00    0.000
2018-05-16-14:55:35 1.15  Mocks_Mamon/MockNFW40ellip0.5loga-2.08PA50center0.0_0.0With_background1num27.dat BFGS         1.0e-04 0 1 0 0     NFW      359.9972  -0.0008     -0.942 0.065 158 -99.00  130.0           1E+30           2E+30     8 359.9972  -0.0008     -0.942 0.065 158 -99.00    0.000
2018-05-16-14:55:35 1.15  Mocks_Mamon/MockNFW40ellip0.5loga-2.08PA50center0.0_0.0With_background1num28.dat BFGS         1.0e-04 0 1 0 0     NFW      359.9991  -0.0011     -0.945 0.130 157 -99.00  126.6           1E+30           2E+30     8 359.9991  -0.0011     -0.945 0.130 157 -99.00    0.000
2018-05-16-14:55:35 1.15  Mocks_Mamon/MockNFW40ellip0.5loga-2.08PA50center0.0_0.0With_background1num29.dat BFGS         1.0e-04 0 1 0 0     NFW      359.9999  -0.0008     -0.908 0.101   1 -99.00  129.3           1E+30           2E+30     8 359.9999  -0.0008     -0.908 0.101   1 -99.00    0.000
2018-05-16-14:55:35 1.15  Mocks_Mamon/MockNFW40ellip0.5loga-2.08PA50center0.0_0.0With_background1num30.dat BFGS         1.0e-04 0 1 0 0     NFW      359.9996   0.0003     -0.931 0.039  12 -99.00  131.6           1E+30           2E+30     8 359.9996   0.0003     -0.931 0.039  12 -99.00    0.000
2018-05-16-14:55:35 1.15  Mocks_Mamon/MockNFW40ellip0.5loga-2.08PA50center0.0_0.0With_background1num31.dat BFGS         1.0e-04 0 1 0 0     NFW        0.0002   0.0002     -0.922 0.120  44 -99.00  114.2           1E+30           2E+30     8   0.0002   0.0002     -0.922 0.120  44 -99.00    0.000
2018-05-16-14:55:35 1.15  Mocks_Mamon/MockNFW40ellip0.5loga-2.08PA50center0.0_0.0With_background1num32.dat BFGS         1.0e-04 0 1 0 0     NFW        0.0000   0.0043     -0.954 0.130  33 -99.00  141.1           1E+30           2E+30     8   0.0000   0.0043     -0.954 0.130  33 -99.00    0.000
2018-05-16-14:55:35 1.15  Mocks_Mamon/MockNFW40ellip0.5loga-2.08PA50center0.0_0.0With_background1num33.dat BFGS         1.0e-04 0 1 0 0     NFW        0.0001  -0.0001     -0.970 0.084 166 -99.00  121.8           1E+30           2E+30     8   0.0001  -0.0001     -0.970 0.084 166 -99.00    0.000
2018-05-16-14:55:35 1.15  Mocks_Mamon/MockNFW40ellip0.5loga-2.08PA50center0.0_0.0With_background1num34.dat BFGS         1.0e-04 0 1 0 0     NFW        0.0022  -0.0002     -0.918 0.046 164 -99.00  126.8           1E+30           2E+30     8   0.0022  -0.0002     -0.918 0.046 164 -99.00    0.000
2018-05-16-14:55:35 1.15  Mocks_Mamon/MockNFW40ellip0.5loga-2.08PA50center0.0_0.0With_background1num35.dat BFGS         1.0e-04 0 1 0 0     NFW        0.0000   0.0021     -0.946 0.094  16 -99.00  120.5           1E+30           2E+30     8   0.0000   0.0021     -0.946 0.094  16 -99.00    0.000
2018-05-16-14:55:35 1.15  Mocks_Mamon/MockNFW40ellip0.5loga-2.08PA50center0.0_0.0With_background1num36.dat BFGS         1.0e-04 0 1 0 0     NFW      359.9997  -0.0019     -0.914 0.116  13 -99.00  140.5           1E+30           2E+30     8 359.9997  -0.0019     -0.914 0.116  13 -99.00    0.000
2018-05-16-14:55:35 1.15  Mocks_Mamon/MockNFW40ellip0.5loga-2.08PA50center0.0_0.0With_background1num37.dat BFGS         1.0e-04 0 1 0 0     NFW        0.0023  -0.0003     -0.928 0.077 159 -99.00  127.6           1E+30           2E+30     8   0.0023  -0.0003     -0.928 0.077 159 -99.00    0.000
2018-05-16-14:55:35 1.15  Mocks_Mamon/MockNFW40ellip0.5loga-2.08PA50center0.0_0.0With_background1num38.dat BFGS         1.0e-04 0 1 0 0     NFW        0.0007   0.0002     -0.926 0.055 175 -99.00  121.2           1E+30           2E+30     8   0.0007   0.0002     -0.926 0.055 175 -99.00    0.000
2018-05-16-14:55:35 1.15  Mocks_Mamon/MockNFW40ellip0.5loga-2.08PA50center0.0_0.0With_background1num39.dat BFGS         1.0e-04 0 1 0 0     NFW      359.9999  -0.0032     -0.921 0.036 151 -99.00  143.0           1E+30           2E+30     8 359.9999  -0.0032     -0.921 0.036 151 -99.00    0.000
2018-05-16-14:55:35 1.15  Mocks_Mamon/MockNFW40ellip0.5loga-2.08PA50center0.0_0.0With_background1num40.dat BFGS         1.0e-04 0 1 0 0     NFW      359.9999   0.0001     -0.928 0.095  33 -99.00  122.4           1E+30           2E+30     8 359.9999   0.0001     -0.928 0.095  33 -99.00    0.000
2018-05-16-14:55:35 1.15  Mocks_Mamon/MockNFW40ellip0.5loga-2.08PA50center0.0_0.0With_background1num41.dat BFGS         1.0e-04 0 1 0 0     NFW      359.9995  -0.0001     -0.918 0.183 157 -99.00  123.9           1E+30           2E+30     8 359.9995  -0.0001     -0.918 0.183 157 -99.00    0.000
2018-05-16-14:55:35 1.15  Mocks_Mamon/MockNFW40ellip0.5loga-2.08PA50center0.0_0.0With_background1num42.dat BFGS         1.0e-04 0 1 0 0     NFW        0.0000   0.0021     -0.988 0.029  17 -99.00  118.0       -561.5608       -1106.717   820   0.0000   0.0021     -0.988 0.029  17 -99.00    0.231
2018-05-16-14:55:35 1.15  Mocks_Mamon/MockNFW40ellip0.5loga-2.08PA50center0.0_0.0With_background1num43.dat BFGS         1.0e-04 0 1 0 0     NFW      359.9998  -0.0028     -0.942 0.088  23 -99.00  130.4           1E+30           2E+30     8 359.9998  -0.0028     -0.942 0.088  23 -99.00    0.000
2018-05-16-14:55:35 1.15  Mocks_Mamon/MockNFW40ellip0.5loga-2.08PA50center0.0_0.0With_background1num44.dat BFGS         1.0e-04 0 1 0 0     NFW      359.9970  -0.0010     -0.941 0.050 172 -99.00  135.1           1E+30           2E+30     8 359.9970  -0.0010     -0.941 0.050 172 -99.00    0.000
2018-05-16-14:55:35 1.15  Mocks_Mamon/MockNFW40ellip0.5loga-2.08PA50center0.0_0.0With_background1num45.dat BFGS         1.0e-04 0 1 0 0     NFW        0.0003   0.0013     -0.975 0.023  32 -99.00  118.4           1E+30           2E+30     8   0.0003   0.0013     -0.975 0.023  32 -99.00    0.000
2018-05-16-14:55:35 1.15  Mocks_Mamon/MockNFW40ellip0.5loga-2.08PA50center0.0_0.0With_background1num46.dat BFGS         1.0e-04 0 1 0 0     NFW        0.0002  -0.0007     -0.969 0.069 173 -99.00  122.9           1E+30           2E+30     8   0.0002  -0.0007     -0.969 0.069 173 -99.00    0.000
2018-05-16-14:55:35 1.15  Mocks_Mamon/MockNFW40ellip0.5loga-2.08PA50center0.0_0.0With_background1num47.dat BFGS         1.0e-04 0 1 0 0     NFW        0.0002  -0.0017     -0.964 0.066 139 -99.00  120.9           1E+30           2E+30     8   0.0002  -0.0017     -0.964 0.066 139 -99.00    0.000
2018-05-16-14:55:35 1.15  Mocks_Mamon/MockNFW40ellip0.5loga-2.08PA50center0.0_0.0With_background1num48.dat BFGS         1.0e-04 0 1 0 0     NFW      359.9999  -0.0001     -0.964 0.070   4 -99.00  124.5           1E+30           2E+30     8 359.9999  -0.0001     -0.964 0.070   4 -99.00    0.000
2018-05-16-14:55:35 1.15  Mocks_Mamon/MockNFW40ellip0.5loga-2.08PA50center0.0_0.0With_background1num49.dat BFGS         1.0e-04 0 1 0 0     NFW      359.9997  -0.0007     -0.929 0.086  32 -99.00  127.5           1E+30           2E+30     8 359.9997  -0.0007     -0.929 0.086  32 -99.00    0.000
2018-05-16-14:55:35 1.15  Mocks_Mamon/MockNFW40ellip0.5loga-2.08PA50center0.0_0.0With_background1num50.dat BFGS         1.0e-04 0 1 0 0     NFW      359.9987  -0.0000     -0.946 0.060 141 -99.00  114.7           1E+30           2E+30     8 359.9987  -0.0000     -0.946 0.060 141 -99.00    0.000
2018-05-16-14:55:35 1.15  Mocks_Mamon/MockNFW40ellip0.5loga-2.08PA50center0.0_0.0With_background1num51.dat BFGS         1.0e-04 0 1 0 0     NFW        0.0003   0.0002     -0.949 0.123  18 -99.00  130.8           1E+30           2E+30     8   0.0003   0.0002     -0.949 0.123  18 -99.00    0.000
2018-05-16-14:55:35 1.15  Mocks_Mamon/MockNFW40ellip0.5loga-2.08PA50center0.0_0.0With_background1num52.dat BFGS         1.0e-04 0 1 0 0     NFW        0.0021   0.0001     -0.964 0.162  30 -99.00  118.6           1E+30           2E+30     8   0.0021   0.0001     -0.964 0.162  30 -99.00    0.000
2018-05-16-14:55:35 1.15  Mocks_Mamon/MockNFW40ellip0.5loga-2.08PA50center0.0_0.0With_background1num53.dat BFGS         1.0e-04 0 1 0 0     NFW      359.9932   0.0002     -0.939 0.094  10 -99.00  145.8           1E+30           2E+30     8 359.9932   0.0002     -0.939 0.094  10 -99.00    0.000
2018-05-16-14:55:35 1.15  Mocks_Mamon/MockNFW40ellip0.5loga-2.08PA50center0.0_0.0With_background1num54.dat BFGS         1.0e-04 0 1 0 0     NFW      359.9998  -0.0057     -0.936 0.111 177 -99.00  145.0           1E+30           2E+30     8 359.9998  -0.0057     -0.936 0.111 177 -99.00    0.000
2018-05-16-14:55:35 1.15  Mocks_Mamon/MockNFW40ellip0.5loga-2.08PA50center0.0_0.0With_background1num55.dat BFGS         1.0e-04 0 1 0 0     NFW      359.9997  -0.0000     -0.973 0.081 153 -99.00  120.2           1E+30           2E+30     8 359.9997  -0.0000     -0.973 0.081 153 -99.00    0.000
2018-05-16-14:55:35 1.15  Mocks_Mamon/MockNFW40ellip0.5loga-2.08PA50center0.0_0.0With_background1num56.dat BFGS         1.0e-04 0 1 0 0     NFW      359.9963   0.0000     -0.931 0.065 165 -99.00  142.0           1E+30           2E+30     8 359.9963   0.0000     -0.931 0.065 165 -99.00    0.000
2018-05-16-14:55:35 1.15  Mocks_Mamon/MockNFW40ellip0.5loga-2.08PA50center0.0_0.0With_background1num57.dat BFGS         1.0e-04 0 1 0 0     NFW        0.0003   0.0001     -0.922 0.057  15 -99.00  134.4           1E+30           2E+30     8   0.0003   0.0001     -0.922 0.057  15 -99.00    0.000
2018-05-16-14:55:35 1.15  Mocks_Mamon/MockNFW40ellip0.5loga-2.08PA50center0.0_0.0With_background1num58.dat BFGS         1.0e-04 0 1 0 0     NFW        0.0002  -0.0006     -0.920 0.063  10 -99.00  128.4           1E+30           2E+30     8   0.0002  -0.0006     -0.920 0.063  10 -99.00    0.000
2018-05-16-14:55:35 1.15  Mocks_Mamon/MockNFW40ellip0.5loga-2.08PA50center0.0_0.0With_background1num59.dat BFGS         1.0e-04 0 1 0 0     NFW        0.0000  -0.0071     -0.922 0.110 150 -99.00  142.6           1E+30           2E+30     8   0.0000  -0.0071     -0.922 0.110 150 -99.00    0.000
2018-05-16-14:55:35 1.15  Mocks_Mamon/MockNFW40ellip0.5loga-2.08PA50center0.0_0.0With_background1num60.dat BFGS         1.0e-04 0 1 0 0     NFW      359.9996  -0.0015     -0.927 0.158 169 -99.00  133.8           1E+30           2E+30     8 359.9996  -0.0015     -0.927 0.158 169 -99.00    0.000
2018-05-16-14:55:35 1.15  Mocks_Mamon/MockNFW40ellip0.5loga-2.08PA50center0.0_0.0With_background1num61.dat BFGS         1.0e-04 0 1 0 0     NFW        0.0000  -0.0002     -0.925 0.133   3 -99.00  122.9           1E+30           2E+30     8   0.0000  -0.0002     -0.925 0.133   3 -99.00    0.000
2018-05-16-14:55:35 1.15  Mocks_Mamon/MockNFW40ellip0.5loga-2.08PA50center0.0_0.0With_background1num62.dat BFGS         1.0e-04 0 1 0 0     NFW      359.9998   0.0000     -0.901 0.107 164 -99.00  124.1           1E+30           2E+30     8 359.9998   0.0000     -0.901 0.107 164 -99.00    0.000
2018-05-16-14:55:35 1.15  Mocks_Mamon/MockNFW40ellip0.5loga-2.08PA50center0.0_0.0With_background1num63.dat BFGS         1.0e-04 0 1 0 0     NFW        0.0000   0.0003     -0.957 0.105 151 -99.00  122.0           1E+30           2E+30     8   0.0000   0.0003     -0.957 0.105 151 -99.00    0.000
2018-05-16-14:55:35 1.15  Mocks_Mamon/MockNFW40ellip0.5loga-2.08PA50center0.0_0.0With_background1num64.dat BFGS         1.0e-04 0 1 0 0     NFW        0.0004  -0.0003     -0.921 0.014  37 -99.00  133.8           1E+30           2E+30     8   0.0004  -0.0003     -0.921 0.014  37 -99.00    0.000
2018-05-16-14:55:35 1.15  Mocks_Mamon/MockNFW40ellip0.5loga-2.08PA50center0.0_0.0With_background1num65.dat BFGS         1.0e-04 0 1 0 0     NFW      360.0000  -0.0007     -0.991 0.074 139 -99.00  117.5       -553.1997       -1089.995   820 360.0000  -0.0007     -0.991 0.074 139 -99.00    0.231
2018-05-16-14:55:35 1.15  Mocks_Mamon/MockNFW40ellip0.5loga-2.08PA50center0.0_0.0With_background1num66.dat BFGS         1.0e-04 0 1 0 0     NFW      359.9994  -0.0038     -0.936 0.148 162 -99.00  136.2           1E+30           2E+30     8 359.9994  -0.0038     -0.936 0.148 162 -99.00    0.000
2018-05-16-14:55:35 1.15  Mocks_Mamon/MockNFW40ellip0.5loga-2.08PA50center0.0_0.0With_background1num67.dat BFGS         1.0e-04 0 1 0 0     NFW      359.9983  -0.0018     -0.906 0.084 136 -99.00  134.0           1E+30           2E+30     8 359.9983  -0.0018     -0.906 0.084 136 -99.00    0.000
2018-05-16-14:55:35 1.15  Mocks_Mamon/MockNFW40ellip0.5loga-2.08PA50center0.0_0.0With_background1num68.dat BFGS         1.0e-04 0 1 0 0     NFW        0.0003  -0.0002     -0.940 0.074   5 -99.00  119.9           1E+30           2E+30     8   0.0003  -0.0002     -0.940 0.074   5 -99.00    0.000
2018-05-16-14:55:35 1.15  Mocks_Mamon/MockNFW40ellip0.5loga-2.08PA50center0.0_0.0With_background1num69.dat BFGS         1.0e-04 0 1 0 0     NFW        0.0009   0.0012     -0.926 0.032  15 -99.00  137.4           1E+30           2E+30     8   0.0009   0.0012     -0.926 0.032  15 -99.00    0.000
2018-05-16-14:55:35 1.15  Mocks_Mamon/MockNFW40ellip0.5loga-2.08PA50center0.0_0.0With_background1num70.dat BFGS         1.0e-04 0 1 0 0     NFW        0.0006  -0.0011     -0.929 0.016 145 -99.00  135.4           1E+30           2E+30     8   0.0006  -0.0011     -0.929 0.016 145 -99.00    0.000
2018-05-16-14:55:35 1.15  Mocks_Mamon/MockNFW40ellip0.5loga-2.08PA50center0.0_0.0With_background1num71.dat BFGS         1.0e-04 0 1 0 0     NFW        0.0002   0.0001     -0.917 0.033 171 -99.00  134.1           1E+30           2E+30     8   0.0002   0.0001     -0.917 0.033 171 -99.00    0.000
2018-05-16-14:55:35 1.15  Mocks_Mamon/MockNFW40ellip0.5loga-2.08PA50center0.0_0.0With_background1num72.dat BFGS         1.0e-04 0 1 0 0     NFW      359.9997   0.0003     -0.913 0.123  41 -99.00  136.1           1E+30           2E+30     8 359.9997   0.0003     -0.913 0.123  41 -99.00    0.000
2018-05-16-14:55:35 1.15  Mocks_Mamon/MockNFW40ellip0.5loga-2.08PA50center0.0_0.0With_background1num73.dat BFGS         1.0e-04 0 1 0 0     NFW      359.9997  -0.0003     -0.939 0.063 142 -99.00  119.9           1E+30           2E+30     8 359.9997  -0.0003     -0.939 0.063 142 -99.00    0.000
2018-05-16-14:55:35 1.15  Mocks_Mamon/MockNFW40ellip0.5loga-2.08PA50center0.0_0.0With_background1num74.dat BFGS         1.0e-04 0 1 0 0     NFW        0.0002  -0.0007     -0.933 0.065   7 -99.00  134.7           1E+30           2E+30     8   0.0002  -0.0007     -0.933 0.065   7 -99.00    0.000
2018-05-16-14:55:35 1.15  Mocks_Mamon/MockNFW40ellip0.5loga-2.08PA50center0.0_0.0With_background1num75.dat BFGS         1.0e-04 0 1 0 0     NFW        0.0000  -0.0019     -0.920 0.088 171 -99.00  133.5           1E+30           2E+30     8   0.0000  -0.0019     -0.920 0.088 171 -99.00    0.000
2018-05-16-14:55:35 1.15  Mocks_Mamon/MockNFW40ellip0.5loga-2.08PA50center0.0_0.0With_background1num76.dat BFGS         1.0e-04 0 1 0 0     NFW      359.9991  -0.0002     -0.887 0.070 149 -99.00  133.8           1E+30           2E+30     8 359.9991  -0.0002     -0.887 0.070 149 -99.00    0.000
2018-05-16-14:55:35 1.15  Mocks_Mamon/MockNFW40ellip0.5loga-2.08PA50center0.0_0.0With_background1num77.dat BFGS         1.0e-04 0 1 0 0     NFW      359.9997  -0.0004     -0.901 0.102  33 -99.00  121.5           1E+30           2E+30     8 359.9997  -0.0004     -0.901 0.102  33 -99.00    0.000
2018-05-16-14:55:35 1.15  Mocks_Mamon/MockNFW40ellip0.5loga-2.08PA50center0.0_0.0With_background1num78.dat BFGS         1.0e-04 0 1 0 0     NFW        0.0072  -0.0010     -0.946 0.054 140 -99.00  139.7           1E+30           2E+30     8   0.0072  -0.0010     -0.946 0.054 140 -99.00    0.000
2018-05-16-14:55:35 1.15  Mocks_Mamon/MockNFW40ellip0.5loga-2.08PA50center0.0_0.0With_background1num79.dat BFGS         1.0e-04 0 1 0 0     NFW      359.9994  -0.0005     -0.949 0.086 156 -99.00  117.3           1E+30           2E+30     8 359.9994  -0.0005     -0.949 0.086 156 -99.00    0.000
2018-05-16-14:55:35 1.15  Mocks_Mamon/MockNFW40ellip0.5loga-2.08PA50center0.0_0.0With_background1num80.dat BFGS         1.0e-04 0 1 0 0     NFW      360.0000  -0.0000     -0.942 0.115  14 -99.00  128.7           1E+30           2E+30     8 360.0000  -0.0000     -0.942 0.115  14 -99.00    0.000
2018-05-16-14:55:35 1.15  Mocks_Mamon/MockNFW40ellip0.5loga-2.08PA50center0.0_0.0With_background1num81.dat BFGS         1.0e-04 0 1 0 0     NFW        0.0000  -0.0003     -0.925 0.094  33 -99.00  127.5           1E+30           2E+30     8   0.0000  -0.0003     -0.925 0.094  33 -99.00    0.000
2018-05-16-14:55:35 1.15  Mocks_Mamon/MockNFW40ellip0.5loga-2.08PA50center0.0_0.0With_background1num82.dat BFGS         1.0e-04 0 1 0 0     NFW        0.0001   0.0002     -0.929 0.059  33 -99.00  129.7           1E+30           2E+30     8   0.0001   0.0002     -0.929 0.059  33 -99.00    0.000
2018-05-16-14:55:35 1.15  Mocks_Mamon/MockNFW40ellip0.5loga-2.08PA50center0.0_0.0With_background1num83.dat BFGS         1.0e-04 0 1 0 0     NFW        0.0014  -0.0001     -0.931 0.049 150 -99.00  121.8           1E+30           2E+30     8   0.0014  -0.0001     -0.931 0.049 150 -99.00    0.000
2018-05-16-14:55:35 1.15  Mocks_Mamon/MockNFW40ellip0.5loga-2.08PA50center0.0_0.0With_background1num84.dat BFGS         1.0e-04 0 1 0 0     NFW      359.9999   0.0001     -0.953 0.085  28 -99.00  113.7           1E+30           2E+30     8 359.9999   0.0001     -0.953 0.085  28 -99.00    0.000
2018-05-16-14:55:35 1.15  Mocks_Mamon/MockNFW40ellip0.5loga-2.08PA50center0.0_0.0With_background1num85.dat BFGS         1.0e-04 0 1 0 0     NFW        0.0004  -0.0020     -0.913 0.069 142 -99.00  122.4           1E+30           2E+30     8   0.0004  -0.0020     -0.913 0.069 142 -99.00    0.000
2018-05-16-14:55:35 1.15  Mocks_Mamon/MockNFW40ellip0.5loga-2.08PA50center0.0_0.0With_background1num86.dat BFGS         1.0e-04 0 1 0 0     NFW      359.9943   0.0000     -0.930 0.074  14 -99.00  139.3           1E+30           2E+30     8 359.9943   0.0000     -0.930 0.074  14 -99.00    0.000
2018-05-16-14:55:35 1.15  Mocks_Mamon/MockNFW40ellip0.5loga-2.08PA50center0.0_0.0With_background1num87.dat BFGS         1.0e-04 0 1 0 0     NFW        0.0004  -0.0027     -0.920 0.065  20 -99.00  137.1           1E+30           2E+30     8   0.0004  -0.0027     -0.920 0.065  20 -99.00    0.000
2018-05-16-14:55:35 1.15  Mocks_Mamon/MockNFW40ellip0.5loga-2.08PA50center0.0_0.0With_background1num88.dat BFGS         1.0e-04 0 1 0 0     NFW      359.9980  -0.0002     -0.960 0.127 157 -99.00  117.8           1E+30           2E+30     8 359.9980  -0.0002     -0.960 0.127 157 -99.00    0.000
2018-05-16-14:55:35 1.15  Mocks_Mamon/MockNFW40ellip0.5loga-2.08PA50center0.0_0.0With_background1num89.dat BFGS         1.0e-04 0 1 0 0     NFW        0.0000   0.0040     -0.931 0.039 137 -99.00  138.1           1E+30           2E+30     8   0.0000   0.0040     -0.931 0.039 137 -99.00    0.000
2018-05-16-14:55:35 1.15  Mocks_Mamon/MockNFW40ellip0.5loga-2.08PA50center0.0_0.0With_background1num90.dat BFGS         1.0e-04 0 1 0 0     NFW        0.0001  -0.0041     -0.933 0.079 156 -99.00  143.0           1E+30           2E+30     8   0.0001  -0.0041     -0.933 0.079 156 -99.00    0.000
2018-05-16-14:55:35 1.15  Mocks_Mamon/MockNFW40ellip0.5loga-2.08PA50center0.0_0.0With_background1num91.dat BFGS         1.0e-04 0 1 0 0     NFW        0.0007  -0.0024     -0.949 0.140 164 -99.00  123.5           1E+30           2E+30     8   0.0007  -0.0024     -0.949 0.140 164 -99.00    0.000
2018-05-16-14:55:35 1.15  Mocks_Mamon/MockNFW40ellip0.5loga-2.08PA50center0.0_0.0With_background1num92.dat BFGS         1.0e-04 0 1 0 0     NFW      359.9988  -0.0002     -0.926 0.043  29 -99.00  131.2           1E+30           2E+30     8 359.9988  -0.0002     -0.926 0.043  29 -99.00    0.000
2018-05-16-14:55:35 1.15  Mocks_Mamon/MockNFW40ellip0.5loga-2.08PA50center0.0_0.0With_background1num93.dat BFGS         1.0e-04 0 1 0 0     NFW      359.9930  -0.0028     -0.955 0.021   8 -99.00  140.0       -626.3079       -1236.174   820 359.9930  -0.0028     -0.955 0.021   8 -99.00    0.233
2018-05-16-14:55:35 1.15  Mocks_Mamon/MockNFW40ellip0.5loga-2.08PA50center0.0_0.0With_background1num94.dat BFGS         1.0e-04 0 1 0 0     NFW      359.9989   0.0006     -0.953 0.068 169 -99.00  117.3           1E+30           2E+30     8 359.9989   0.0006     -0.953 0.068 169 -99.00    0.000
2018-05-16-14:55:35 1.15  Mocks_Mamon/MockNFW40ellip0.5loga-2.08PA50center0.0_0.0With_background1num95.dat BFGS         1.0e-04 0 1 0 0     NFW        0.0044   0.0000     -0.975 0.142  26 -99.00  125.9       -596.0394       -1175.637   820   0.0044   0.0000     -0.975 0.142  26 -99.00    0.232
2018-05-16-14:55:35 1.15  Mocks_Mamon/MockNFW40ellip0.5loga-2.08PA50center0.0_0.0With_background1num96.dat BFGS         1.0e-04 0 1 0 0     NFW        0.0017   0.0002     -0.962 0.068  42 -99.00  122.0           1E+30           2E+30     8   0.0017   0.0002     -0.962 0.068  42 -99.00    0.000
2018-05-16-14:55:35 1.15  Mocks_Mamon/MockNFW40ellip0.5loga-2.08PA50center0.0_0.0With_background1num97.dat BFGS         1.0e-04 0 1 0 0     NFW        0.0037  -0.0003     -0.941 0.105  12 -99.00  132.4           1E+30           2E+30     8   0.0037  -0.0003     -0.941 0.105  12 -99.00    0.000
2018-05-16-14:55:35 1.15  Mocks_Mamon/MockNFW40ellip0.5loga-2.08PA50center0.0_0.0With_background1num98.dat BFGS         1.0e-04 0 1 0 0     NFW      359.9991  -0.0003     -0.938 0.075  14 -99.00  124.5           1E+30           2E+30     8 359.9991  -0.0003     -0.938 0.075  14 -99.00    0.000
2018-05-16-14:55:35 1.15  Mocks_Mamon/MockNFW40ellip0.5loga-2.08PA50center0.0_0.0With_background1num99.dat BFGS         1.0e-04 0 1 0 0     NFW        0.0001   0.0005     -0.963 0.183 162 -99.00  118.4           1E+30           2E+30     8   0.0001   0.0005     -0.963 0.183 162 -99.00    0.000
