2018-05-16-14:54:45 1.15  Mocks_Mamon/MockNFW40ellip0.5loga-2.08PA50center0.0_0.0With_background1num0.dat Diff-Evol    1.0e-04 0 1 0 0     NFW        0.0000  -0.0002     -0.972 0.000 110 -99.00  104.4        -453.242       -890.0546   826   0.0000  -0.0002     -0.905 0.121 180 -99.00    0.448
2018-05-16-14:54:45 1.15  Mocks_Mamon/MockNFW40ellip0.5loga-2.08PA50center0.0_0.0With_background1num1.dat Diff-Evol    1.0e-04 0 1 0 0     NFW      359.9999   0.0009     -0.970 0.269  16 -99.00  103.6       -464.9629       -913.5216   596 359.9999   0.0009     -0.935 0.089 180 -99.00    0.325
2018-05-16-14:54:45 1.15  Mocks_Mamon/MockNFW40ellip0.5loga-2.08PA50center0.0_0.0With_background1num2.dat Diff-Evol    1.0e-04 0 1 0 0     NFW      360.0000   0.0002     -0.972 0.000 118 -99.00  108.2       -479.9781       -943.5268   701 360.0000   0.0002     -0.922 0.118  25 -99.00    0.382
2018-05-16-14:54:45 1.15  Mocks_Mamon/MockNFW40ellip0.5loga-2.08PA50center0.0_0.0With_background1num3.dat Diff-Evol    1.0e-04 0 1 0 0     NFW        0.0001   0.0000     -0.972 0.258  20 -99.00  109.7       -491.7088        -967.026   610   0.0001   0.0000     -0.925 0.158 171 -99.00    0.335
2018-05-16-14:54:45 1.15  Mocks_Mamon/MockNFW40ellip0.5loga-2.08PA50center0.0_0.0With_background1num4.dat Diff-Evol    1.0e-04 0 1 0 0     NFW        0.0003  -0.0007     -0.973 0.025  77 -99.00  111.2       -499.7955       -983.1491   945   0.0003  -0.0007     -0.933 0.024   7 -99.00    0.509
2018-05-16-14:54:45 1.15  Mocks_Mamon/MockNFW40ellip0.5loga-2.08PA50center0.0_0.0With_background1num5.dat Diff-Evol    1.0e-04 0 1 0 0     NFW      359.9979  -0.0007     -0.968 0.272  93 -99.00  108.9       -492.6396       -968.8373   945 359.9979  -0.0007     -0.932 0.111 170 -99.00    0.509
2018-05-16-14:54:45 1.15  Mocks_Mamon/MockNFW40ellip0.5loga-2.08PA50center0.0_0.0With_background1num6.dat Diff-Evol    1.0e-04 0 1 0 0     NFW        0.0000   0.0002     -0.973 0.312  65 -99.00   99.8       -453.9016       -891.3738   769   0.0000   0.0002     -0.917 0.111  18 -99.00    0.428
2018-05-16-14:54:45 1.15  Mocks_Mamon/MockNFW40ellip0.5loga-2.08PA50center0.0_0.0With_background1num7.dat Diff-Evol    1.0e-04 0 1 0 0     NFW      359.9999  -0.0003     -0.973 0.000 110 -99.00  111.9        -492.211       -967.9801   958 359.9999  -0.0003     -0.936 0.091 142 -99.00    0.525
2018-05-16-14:54:45 1.15  Mocks_Mamon/MockNFW40ellip0.5loga-2.08PA50center0.0_0.0With_background1num8.dat Diff-Evol    1.0e-04 0 1 0 0     NFW      359.9972  -0.0002     -0.969 0.354   5 -99.00  118.7       -539.1567       -1061.897   596 359.9972  -0.0002     -0.908 0.143   3 -99.00    0.330
2018-05-16-14:54:45 1.15  Mocks_Mamon/MockNFW40ellip0.5loga-2.08PA50center0.0_0.0With_background1num9.dat Diff-Evol    1.0e-04 0 1 0 0     NFW      359.9993  -0.0001     -0.972 0.000  12 -99.00  108.9       -478.9123       -941.4078   840 359.9993  -0.0001     -0.915 0.097  43 -99.00    0.456
2018-05-16-14:54:45 1.15  Mocks_Mamon/MockNFW40ellip0.5loga-2.08PA50center0.0_0.0With_background1num10.dat Diff-Evol    1.0e-04 0 1 0 0     NFW      359.9986  -0.0059     -1.007 0.321  19 -99.00  114.4       -592.9099       -1169.378   430 359.9986  -0.0059     -0.924 0.076 145 -99.00    0.237
2018-05-16-14:54:45 1.15  Mocks_Mamon/MockNFW40ellip0.5loga-2.08PA50center0.0_0.0With_background1num11.dat Diff-Evol    1.0e-04 0 1 0 0     NFW      359.9958  -0.0036     -1.067 0.261  63 -99.00   98.6       -601.9444       -1187.472   527 359.9958  -0.0036     -0.970 0.085   1 -99.00    0.292
2018-05-16-14:54:45 1.15  Mocks_Mamon/MockNFW40ellip0.5loga-2.08PA50center0.0_0.0With_background1num12.dat Diff-Evol    1.0e-04 0 1 0 0     NFW        0.0014   0.0014     -0.972 0.262  82 -99.00  126.3       -560.8145       -1105.212   910   0.0014   0.0014     -0.955 0.088 179 -99.00    0.498
2018-05-16-14:54:45 1.15  Mocks_Mamon/MockNFW40ellip0.5loga-2.08PA50center0.0_0.0With_background1num13.dat Diff-Evol    1.0e-04 0 1 0 0     NFW        0.0004   0.0015     -0.972 0.000 104 -99.00  106.6       -474.4782       -932.5395   750   0.0004   0.0015     -0.908 0.010 141 -99.00    0.407
2018-05-16-14:54:45 1.15  Mocks_Mamon/MockNFW40ellip0.5loga-2.08PA50center0.0_0.0With_background1num14.dat Diff-Evol    1.0e-04 0 1 0 0     NFW      359.9998   0.0004     -0.972 0.000 133 -99.00  115.7       -514.4863       -1012.531   764 359.9998   0.0004     -0.949 0.054   7 -99.00    0.418
2018-05-16-14:54:45 1.15  Mocks_Mamon/MockNFW40ellip0.5loga-2.08PA50center0.0_0.0With_background1num15.dat Diff-Evol    1.0e-04 0 1 0 0     NFW        0.0015  -0.0004     -0.977 0.043 148 -99.00  121.8       -549.7551       -1083.081   555   0.0015  -0.0004     -0.964 0.045 142 -99.00    0.305
2018-05-16-14:54:45 1.15  Mocks_Mamon/MockNFW40ellip0.5loga-2.08PA50center0.0_0.0With_background1num16.dat Diff-Evol    1.0e-04 0 1 0 0     NFW        0.0020   0.0005     -0.970 0.307  89 -99.00  123.3       -542.7975       -1069.153   785   0.0020   0.0005     -0.934 0.160 175 -99.00    0.428
2018-05-16-14:54:45 1.15  Mocks_Mamon/MockNFW40ellip0.5loga-2.08PA50center0.0_0.0With_background1num17.dat Diff-Evol    1.0e-04 0 1 0 0     NFW      359.9999   0.0003     -0.972 0.251  53 -99.00  115.0       -514.3046       -1012.167   693 359.9999   0.0003     -0.924 0.127 138 -99.00    0.384
2018-05-16-14:54:45 1.15  Mocks_Mamon/MockNFW40ellip0.5loga-2.08PA50center0.0_0.0With_background1num18.dat Diff-Evol    1.0e-04 0 1 0 0     NFW      359.9989   0.0002     -0.969 0.271 118 -99.00  115.0       -514.5451       -1012.636   596 359.9989   0.0002     -0.945 0.128 152 -99.00    0.329
2018-05-16-14:54:45 1.15  Mocks_Mamon/MockNFW40ellip0.5loga-2.08PA50center0.0_0.0With_background1num19.dat Diff-Evol    1.0e-04 0 1 0 0     NFW        0.0006  -0.0003     -0.974 0.034  59 -99.00  107.4       -474.6443       -932.8719   859   0.0006  -0.0003     -0.928 0.095  35 -99.00    0.474
2018-05-16-14:54:45 1.15  Mocks_Mamon/MockNFW40ellip0.5loga-2.08PA50center0.0_0.0With_background1num20.dat Diff-Evol    1.0e-04 0 1 0 0     NFW      360.0000   0.0003     -0.972 0.000  23 -99.00  115.0         -517.94       -1019.438   681 360.0000   0.0003     -0.937 0.073 157 -99.00    0.369
2018-05-16-14:54:45 1.15  Mocks_Mamon/MockNFW40ellip0.5loga-2.08PA50center0.0_0.0With_background1num21.dat Diff-Evol    1.0e-04 0 1 0 0     NFW      359.9996   0.0002     -0.974 0.247  52 -99.00  107.4       -481.9564       -947.4959   999 359.9996   0.0002     -0.917 0.007 154 -99.00    0.546
2018-05-16-14:54:45 1.15  Mocks_Mamon/MockNFW40ellip0.5loga-2.08PA50center0.0_0.0With_background1num22.dat Diff-Evol    1.0e-04 0 1 0 0     NFW        0.0009  -0.0012     -0.970 0.272 102 -99.00  119.5       -538.7517       -1061.074   834   0.0009  -0.0012     -0.962 0.105 159 -99.00    0.450
2018-05-16-14:54:45 1.15  Mocks_Mamon/MockNFW40ellip0.5loga-2.08PA50center0.0_0.0With_background1num23.dat Diff-Evol    1.0e-04 0 1 0 0     NFW        0.0008   0.0001     -0.972 0.031   3 -99.00  106.6       -475.6764        -934.911   582   0.0008   0.0001     -0.919 0.056 166 -99.00    0.321
2018-05-16-14:54:45 1.15  Mocks_Mamon/MockNFW40ellip0.5loga-2.08PA50center0.0_0.0With_background1num24.dat Diff-Evol    1.0e-04 0 1 0 0     NFW      359.9998   0.0031     -0.968 0.276 164 -99.00  130.1       -591.4822        -1166.51   444 359.9998   0.0031     -0.932 0.083  28 -99.00    0.246
2018-05-16-14:54:45 1.15  Mocks_Mamon/MockNFW40ellip0.5loga-2.08PA50center0.0_0.0With_background1num25.dat Diff-Evol    1.0e-04 0 1 0 0     NFW        0.0001   0.0000     -0.972 0.012 149 -99.00  118.7       -527.8119       -1039.169   665   0.0001   0.0000     -0.948 0.096  35 -99.00    0.369
2018-05-16-14:54:45 1.15  Mocks_Mamon/MockNFW40ellip0.5loga-2.08PA50center0.0_0.0With_background1num26.dat Diff-Evol    1.0e-04 0 1 0 0     NFW      359.9992   0.0005     -0.976 0.053 142 -99.00  113.4       -499.7646       -983.1123   769 359.9992   0.0005     -0.937 0.109 137 -99.00    0.426
2018-05-16-14:54:45 1.15  Mocks_Mamon/MockNFW40ellip0.5loga-2.08PA50center0.0_0.0With_background1num27.dat Diff-Evol    1.0e-04 0 1 0 0     NFW      359.9972  -0.0008     -0.966 0.029 146 -99.00  121.8       -548.3051       -1080.181   555 359.9972  -0.0008     -0.942 0.065 158 -99.00    0.304
2018-05-16-14:54:45 1.15  Mocks_Mamon/MockNFW40ellip0.5loga-2.08PA50center0.0_0.0With_background1num28.dat Diff-Evol    1.0e-04 0 1 0 0     NFW      359.9991  -0.0011     -0.968 0.274  27 -99.00  118.7       -522.3796        -1028.33   672 359.9991  -0.0011     -0.945 0.130 157 -99.00    0.373
2018-05-16-14:54:45 1.15  Mocks_Mamon/MockNFW40ellip0.5loga-2.08PA50center0.0_0.0With_background1num29.dat Diff-Evol    1.0e-04 0 1 0 0     NFW      359.9999  -0.0008     -0.973 0.265  87 -99.00  107.4       -466.8718       -917.3393   859 359.9999  -0.0008     -0.908 0.101   1 -99.00    0.474
2018-05-16-14:54:45 1.15  Mocks_Mamon/MockNFW40ellip0.5loga-2.08PA50center0.0_0.0With_background1num30.dat Diff-Evol    1.0e-04 0 1 0 0     NFW      359.9996   0.0003     -0.972 0.020  32 -99.00  117.2       -523.7714       -1031.113   679 359.9996   0.0003     -0.931 0.039  12 -99.00    0.376
2018-05-16-14:54:45 1.15  Mocks_Mamon/MockNFW40ellip0.5loga-2.08PA50center0.0_0.0With_background1num31.dat Diff-Evol    1.0e-04 0 1 0 0     NFW        0.0002   0.0002     -0.972 0.022 159 -99.00   99.1       -438.8392       -861.2741   762   0.0002   0.0002     -0.922 0.120  44 -99.00    0.419
2018-05-16-14:54:45 1.15  Mocks_Mamon/MockNFW40ellip0.5loga-2.08PA50center0.0_0.0With_background1num32.dat Diff-Evol    1.0e-04 0 1 0 0     NFW        0.0000   0.0043     -1.025 0.292  49 -99.00  116.6       -633.0801       -1249.706   548   0.0000   0.0043     -0.954 0.130  33 -99.00    0.304
2018-05-16-14:54:45 1.15  Mocks_Mamon/MockNFW40ellip0.5loga-2.08PA50center0.0_0.0With_background1num33.dat Diff-Evol    1.0e-04 0 1 0 0     NFW        0.0001  -0.0001     -0.972 0.241  20 -99.00  121.0       -539.2691       -1062.121   859   0.0001  -0.0001     -0.970 0.084 166 -99.00    0.478
2018-05-16-14:54:45 1.15  Mocks_Mamon/MockNFW40ellip0.5loga-2.08PA50center0.0_0.0With_background1num34.dat Diff-Evol    1.0e-04 0 1 0 0     NFW        0.0022  -0.0002     -0.972 0.044  90 -99.00  108.9       -494.6573       -972.8727   672   0.0022  -0.0002     -0.918 0.046 164 -99.00    0.369
2018-05-16-14:54:45 1.15  Mocks_Mamon/MockNFW40ellip0.5loga-2.08PA50center0.0_0.0With_background1num35.dat Diff-Evol    1.0e-04 0 1 0 0     NFW        0.0000   0.0021     -0.970 0.060  59 -99.00  112.7       -502.8114       -989.1933   931   0.0000   0.0021     -0.946 0.094  16 -99.00    0.503
2018-05-16-14:54:45 1.15  Mocks_Mamon/MockNFW40ellip0.5loga-2.08PA50center0.0_0.0With_background1num36.dat Diff-Evol    1.0e-04 0 1 0 0     NFW      359.9997  -0.0019     -0.969 0.046  77 -99.00  120.3       -522.0824       -1027.735   922 359.9997  -0.0019     -0.914 0.116  13 -99.00    0.512
2018-05-16-14:54:45 1.15  Mocks_Mamon/MockNFW40ellip0.5loga-2.08PA50center0.0_0.0With_background1num37.dat Diff-Evol    1.0e-04 0 1 0 0     NFW        0.0023  -0.0003     -0.970 0.080  33 -99.00  113.4       -505.7611       -995.1434   873   0.0023  -0.0003     -0.928 0.077 159 -99.00    0.482
2018-05-16-14:54:45 1.15  Mocks_Mamon/MockNFW40ellip0.5loga-2.08PA50center0.0_0.0With_background1num38.dat Diff-Evol    1.0e-04 0 1 0 0     NFW        0.0007   0.0002     -0.974 0.022  30 -99.00  105.9       -481.2545       -946.0796   513   0.0007   0.0002     -0.926 0.055 175 -99.00    0.280
2018-05-16-14:54:45 1.15  Mocks_Mamon/MockNFW40ellip0.5loga-2.08PA50center0.0_0.0With_background1num39.dat Diff-Evol    1.0e-04 0 1 0 0     NFW      359.9999  -0.0032     -0.965 0.258  55 -99.00  126.3       -572.9469       -1129.464   687 359.9999  -0.0032     -0.921 0.036 151 -99.00    0.379
2018-05-16-14:54:45 1.15  Mocks_Mamon/MockNFW40ellip0.5loga-2.08PA50center0.0_0.0With_background1num40.dat Diff-Evol    1.0e-04 0 1 0 0     NFW      359.9999   0.0001     -0.972 0.295  49 -99.00  108.2        -487.086       -957.7426   783 359.9999   0.0001     -0.928 0.095  33 -99.00    0.432
2018-05-16-14:54:45 1.15  Mocks_Mamon/MockNFW40ellip0.5loga-2.08PA50center0.0_0.0With_background1num41.dat Diff-Evol    1.0e-04 0 1 0 0     NFW      359.9995  -0.0001     -0.973 0.324  18 -99.00  105.9       -474.2078       -932.0114   596 359.9995  -0.0001     -0.918 0.183 157 -99.00    0.325
2018-05-16-14:54:45 1.15  Mocks_Mamon/MockNFW40ellip0.5loga-2.08PA50center0.0_0.0With_background1num42.dat Diff-Evol    1.0e-04 0 1 0 0     NFW        0.0000   0.0021     -0.970 0.039  41 -99.00  124.0       -561.6489       -1106.894   596   0.0000   0.0021     -0.988 0.029  17 -99.00    0.331
2018-05-16-14:54:45 1.15  Mocks_Mamon/MockNFW40ellip0.5loga-2.08PA50center0.0_0.0With_background1num43.dat Diff-Evol    1.0e-04 0 1 0 0     NFW      359.9998  -0.0028     -0.970 0.000  72 -99.00  120.3       -542.2307       -1068.083   840 359.9998  -0.0028     -0.942 0.088  23 -99.00    0.460
2018-05-16-14:54:45 1.15  Mocks_Mamon/MockNFW40ellip0.5loga-2.08PA50center0.0_0.0With_background1num44.dat Diff-Evol    1.0e-04 0 1 0 0     NFW      359.9970  -0.0010     -0.965 0.049  45 -99.00  126.3        -569.652         -1122.9   700 359.9970  -0.0010     -0.941 0.050 172 -99.00    0.417
2018-05-16-14:54:45 1.15  Mocks_Mamon/MockNFW40ellip0.5loga-2.08PA50center0.0_0.0With_background1num45.dat Diff-Evol    1.0e-04 0 1 0 0     NFW        0.0003   0.0013     -0.979 0.000  53 -99.00  117.2       -530.7704       -1045.111   833   0.0003   0.0013     -0.975 0.023  32 -99.00    0.458
2018-05-16-14:54:45 1.15  Mocks_Mamon/MockNFW40ellip0.5loga-2.08PA50center0.0_0.0With_background1num46.dat Diff-Evol    1.0e-04 0 1 0 0     NFW        0.0002  -0.0007     -0.975 0.029  67 -99.00  121.0       -539.6488       -1062.856   582   0.0002  -0.0007     -0.969 0.069 173 -99.00    0.322
2018-05-16-14:54:45 1.15  Mocks_Mamon/MockNFW40ellip0.5loga-2.08PA50center0.0_0.0With_background1num47.dat Diff-Evol    1.0e-04 0 1 0 0     NFW        0.0002  -0.0017     -0.989 0.031 144 -99.00  112.5       -539.8249        -1063.22   672   0.0002  -0.0017     -0.964 0.066 139 -99.00    0.373
2018-05-16-14:54:45 1.15  Mocks_Mamon/MockNFW40ellip0.5loga-2.08PA50center0.0_0.0With_background1num48.dat Diff-Evol    1.0e-04 0 1 0 0     NFW      359.9999  -0.0001     -0.972 0.042  31 -99.00  121.8        -543.418       -1070.432   679 359.9999  -0.0001     -0.964 0.070   4 -99.00    0.376
2018-05-16-14:54:45 1.15  Mocks_Mamon/MockNFW40ellip0.5loga-2.08PA50center0.0_0.0With_background1num49.dat Diff-Evol    1.0e-04 0 1 0 0     NFW      359.9997  -0.0007     -0.972 0.041 166 -99.00  112.7       -506.6554       -996.8814   672 359.9997  -0.0007     -0.929 0.086  32 -99.00    0.373
2018-05-16-14:54:45 1.15  Mocks_Mamon/MockNFW40ellip0.5loga-2.08PA50center0.0_0.0With_background1num50.dat Diff-Evol    1.0e-04 0 1 0 0     NFW      359.9987  -0.0000     -0.969 0.239  72 -99.00  107.4       -488.7032       -961.0021   506 359.9987  -0.0000     -0.946 0.060 141 -99.00    0.278
2018-05-16-14:54:45 1.15  Mocks_Mamon/MockNFW40ellip0.5loga-2.08PA50center0.0_0.0With_background1num51.dat Diff-Evol    1.0e-04 0 1 0 0     NFW        0.0003   0.0002     -0.972 0.314  75 -99.00  122.5       -554.7021           -1093   513   0.0003   0.0002     -0.949 0.123  18 -99.00    0.282
2018-05-16-14:54:45 1.15  Mocks_Mamon/MockNFW40ellip0.5loga-2.08PA50center0.0_0.0With_background1num52.dat Diff-Evol    1.0e-04 0 1 0 0     NFW        0.0021   0.0001     -0.968 0.488  68 -99.00  117.2       -539.7091       -1062.976   856   0.0021   0.0001     -0.964 0.162  30 -99.00    0.456
2018-05-16-14:54:45 1.15  Mocks_Mamon/MockNFW40ellip0.5loga-2.08PA50center0.0_0.0With_background1num53.dat Diff-Evol    1.0e-04 0 1 0 0     NFW      359.9932   0.0002     -0.958 0.358  77 -99.00  138.4       -625.8452       -1235.261   520 359.9932   0.0002     -0.939 0.094  10 -99.00    0.289
2018-05-16-14:54:45 1.15  Mocks_Mamon/MockNFW40ellip0.5loga-2.08PA50center0.0_0.0With_background1num54.dat Diff-Evol    1.0e-04 0 1 0 0     NFW      359.9998  -0.0057     -0.997 0.266  90 -99.00  122.5       -614.9647       -1213.487   638 359.9998  -0.0057     -0.936 0.111 177 -99.00    0.355
2018-05-16-14:54:45 1.15  Mocks_Mamon/MockNFW40ellip0.5loga-2.08PA50center0.0_0.0With_background1num55.dat Diff-Evol    1.0e-04 0 1 0 0     NFW      359.9997  -0.0000     -0.977 0.022  86 -99.00  118.7       -533.4163       -1050.428   679 359.9997  -0.0000     -0.973 0.081 153 -99.00    0.376
2018-05-16-14:54:45 1.15  Mocks_Mamon/MockNFW40ellip0.5loga-2.08PA50center0.0_0.0With_background1num56.dat Diff-Evol    1.0e-04 0 1 0 0     NFW      359.9963   0.0000     -0.967 0.283  90 -99.00  128.6       -580.5043       -1144.592   548 359.9963   0.0000     -0.931 0.065 165 -99.00    0.301
2018-05-16-14:54:45 1.15  Mocks_Mamon/MockNFW40ellip0.5loga-2.08PA50center0.0_0.0With_background1num57.dat Diff-Evol    1.0e-04 0 1 0 0     NFW        0.0003   0.0001     -0.972 0.001   9 -99.00  116.5       -506.5339       -996.6384   804   0.0003   0.0001     -0.922 0.057  15 -99.00    0.443
2018-05-16-14:54:45 1.15  Mocks_Mamon/MockNFW40ellip0.5loga-2.08PA50center0.0_0.0With_background1num58.dat Diff-Evol    1.0e-04 0 1 0 0     NFW        0.0002  -0.0006     -0.975 0.060  63 -99.00  109.7        -499.816       -983.2153   672   0.0002  -0.0006     -0.920 0.063  10 -99.00    0.371
2018-05-16-14:54:45 1.15  Mocks_Mamon/MockNFW40ellip0.5loga-2.08PA50center0.0_0.0With_background1num59.dat Diff-Evol    1.0e-04 0 1 0 0     NFW        0.0000  -0.0071     -0.956 0.304 119 -99.00  129.3       -577.0718       -1137.714   757   0.0000  -0.0071     -0.922 0.110 150 -99.00    0.416
2018-05-16-14:54:45 1.15  Mocks_Mamon/MockNFW40ellip0.5loga-2.08PA50center0.0_0.0With_background1num60.dat Diff-Evol    1.0e-04 0 1 0 0     NFW      359.9996  -0.0015     -0.970 0.310   7 -99.00  118.7       -529.0577       -1041.686   672 359.9996  -0.0015     -0.927 0.158 169 -99.00    0.375
2018-05-16-14:54:45 1.15  Mocks_Mamon/MockNFW40ellip0.5loga-2.08PA50center0.0_0.0With_background1num61.dat Diff-Evol    1.0e-04 0 1 0 0     NFW        0.0000  -0.0002     -0.973 0.313 171 -99.00  107.4       -478.0025       -939.5631   949   0.0000  -0.0002     -0.925 0.133   3 -99.00    0.524
2018-05-16-14:54:45 1.15  Mocks_Mamon/MockNFW40ellip0.5loga-2.08PA50center0.0_0.0With_background1num62.dat Diff-Evol    1.0e-04 0 1 0 0     NFW      359.9998   0.0000     -0.972 0.271  17 -99.00  101.3       -445.2252       -874.0463   596 359.9998   0.0000     -0.901 0.107 164 -99.00    0.324
2018-05-16-14:54:45 1.15  Mocks_Mamon/MockNFW40ellip0.5loga-2.08PA50center0.0_0.0With_background1num63.dat Diff-Evol    1.0e-04 0 1 0 0     NFW        0.0000   0.0003     -0.973 0.050 136 -99.00  116.5       -513.9829       -1011.536   776   0.0000   0.0003     -0.957 0.105 151 -99.00    0.430
2018-05-16-14:54:45 1.15  Mocks_Mamon/MockNFW40ellip0.5loga-2.08PA50center0.0_0.0With_background1num64.dat Diff-Evol    1.0e-04 0 1 0 0     NFW        0.0004  -0.0003     -0.972 0.000  34 -99.00  115.7       -518.2785       -1020.128   750   0.0004  -0.0003     -0.921 0.014  37 -99.00    0.411
2018-05-16-14:54:45 1.15  Mocks_Mamon/MockNFW40ellip0.5loga-2.08PA50center0.0_0.0With_background1num65.dat Diff-Evol    1.0e-04 0 1 0 0     NFW      360.0000  -0.0007     -0.974 0.000 147 -99.00  123.3       -553.7083       -1091.013   743 360.0000  -0.0007     -0.991 0.074 139 -99.00    0.408
2018-05-16-14:54:45 1.15  Mocks_Mamon/MockNFW40ellip0.5loga-2.08PA50center0.0_0.0With_background1num66.dat Diff-Evol    1.0e-04 0 1 0 0     NFW      359.9994  -0.0038     -0.969 0.402  18 -99.00  124.0       -568.8853       -1121.366   534 359.9994  -0.0038     -0.936 0.148 162 -99.00    0.293
2018-05-16-14:54:45 1.15  Mocks_Mamon/MockNFW40ellip0.5loga-2.08PA50center0.0_0.0With_background1num67.dat Diff-Evol    1.0e-04 0 1 0 0     NFW      359.9983  -0.0018     -0.967 0.000  22 -99.00  112.7       -489.4421       -962.5055   736 359.9983  -0.0018     -0.906 0.084 136 -99.00    0.401
2018-05-16-14:54:45 1.15  Mocks_Mamon/MockNFW40ellip0.5loga-2.08PA50center0.0_0.0With_background1num68.dat Diff-Evol    1.0e-04 0 1 0 0     NFW        0.0003  -0.0002     -0.974 0.251  82 -99.00  108.9       -490.9928       -965.5562   582   0.0003  -0.0002     -0.940 0.074   5 -99.00    0.318
2018-05-16-14:54:45 1.15  Mocks_Mamon/MockNFW40ellip0.5loga-2.08PA50center0.0_0.0With_background1num69.dat Diff-Evol    1.0e-04 0 1 0 0     NFW        0.0009   0.0012     -0.968 0.027  91 -99.00  121.8       -537.5048       -1058.593   866   0.0009   0.0012     -0.926 0.032  15 -99.00    0.483
2018-05-16-14:54:45 1.15  Mocks_Mamon/MockNFW40ellip0.5loga-2.08PA50center0.0_0.0With_background1num70.dat Diff-Evol    1.0e-04 0 1 0 0     NFW        0.0006  -0.0011     -0.971 0.000 174 -99.00  120.3       -532.0132       -1047.572   965   0.0006  -0.0011     -0.929 0.016 145 -99.00    0.530
2018-05-16-14:54:45 1.15  Mocks_Mamon/MockNFW40ellip0.5loga-2.08PA50center0.0_0.0With_background1num71.dat Diff-Evol    1.0e-04 0 1 0 0     NFW        0.0002   0.0001     -0.976 0.000  13 -99.00  113.4       -511.2771         -1006.1   833   0.0002   0.0001     -0.917 0.033 171 -99.00    0.456
2018-05-16-14:54:45 1.15  Mocks_Mamon/MockNFW40ellip0.5loga-2.08PA50center0.0_0.0With_background1num72.dat Diff-Evol    1.0e-04 0 1 0 0     NFW      359.9997   0.0003     -0.973 0.281  49 -99.00  115.0       -506.0432       -995.6949   672 359.9997   0.0003     -0.913 0.123  41 -99.00    0.370
2018-05-16-14:54:45 1.15  Mocks_Mamon/MockNFW40ellip0.5loga-2.08PA50center0.0_0.0With_background1num73.dat Diff-Evol    1.0e-04 0 1 0 0     NFW      359.9997  -0.0003     -0.974 0.000  99 -99.00  108.9       -488.6998       -960.9577   944 359.9997  -0.0003     -0.939 0.063 142 -99.00    0.515
2018-05-16-14:54:45 1.15  Mocks_Mamon/MockNFW40ellip0.5loga-2.08PA50center0.0_0.0With_background1num74.dat Diff-Evol    1.0e-04 0 1 0 0     NFW        0.0002  -0.0007     -0.971 0.040  86 -99.00  121.0       -533.5081       -1050.574   589   0.0002  -0.0007     -0.933 0.065   7 -99.00    0.327
2018-05-16-14:54:45 1.15  Mocks_Mamon/MockNFW40ellip0.5loga-2.08PA50center0.0_0.0With_background1num75.dat Diff-Evol    1.0e-04 0 1 0 0     NFW        0.0000  -0.0019     -0.977 0.061  79 -99.00  113.4       -516.1884        -1015.96   513   0.0000  -0.0019     -0.920 0.088 171 -99.00    0.280
2018-05-16-14:54:45 1.15  Mocks_Mamon/MockNFW40ellip0.5loga-2.08PA50center0.0_0.0With_background1num76.dat Diff-Evol    1.0e-04 0 1 0 0     NFW      359.9991  -0.0002     -0.971 0.000 100 -99.00  105.1       -454.0282       -891.6521  1049 359.9991  -0.0002     -0.887 0.070 149 -99.00    0.567
2018-05-16-14:54:45 1.15  Mocks_Mamon/MockNFW40ellip0.5loga-2.08PA50center0.0_0.0With_background1num77.dat Diff-Evol    1.0e-04 0 1 0 0     NFW      359.9997  -0.0004     -0.972 0.316  55 -99.00   99.1       -441.1875       -865.9331   847 359.9997  -0.0004     -0.901 0.102  33 -99.00    0.456
2018-05-16-14:54:45 1.15  Mocks_Mamon/MockNFW40ellip0.5loga-2.08PA50center0.0_0.0With_background1num78.dat Diff-Evol    1.0e-04 0 1 0 0     NFW        0.0072  -0.0010     -0.953 0.284 107 -99.00  136.9       -605.7613       -1195.081   631   0.0072  -0.0010     -0.946 0.054 140 -99.00    0.352
2018-05-16-14:54:45 1.15  Mocks_Mamon/MockNFW40ellip0.5loga-2.08PA50center0.0_0.0With_background1num79.dat Diff-Evol    1.0e-04 0 1 0 0     NFW      359.9994  -0.0005     -0.972 0.023 120 -99.00  109.7       -484.1637       -951.9105   769 359.9994  -0.0005     -0.949 0.086 156 -99.00    0.425
2018-05-16-14:54:45 1.15  Mocks_Mamon/MockNFW40ellip0.5loga-2.08PA50center0.0_0.0With_background1num80.dat Diff-Evol    1.0e-04 0 1 0 0     NFW      360.0000  -0.0000     -0.972 0.309  73 -99.00  118.0       -531.3309        -1046.22   617 360.0000  -0.0000     -0.942 0.115  14 -99.00    0.339
2018-05-16-14:54:45 1.15  Mocks_Mamon/MockNFW40ellip0.5loga-2.08PA50center0.0_0.0With_background1num81.dat Diff-Evol    1.0e-04 0 1 0 0     NFW        0.0000  -0.0003     -0.971 0.046 139 -99.00  111.9       -490.2116       -964.0064   762   0.0000  -0.0003     -0.925 0.094  33 -99.00    0.420
2018-05-16-14:54:45 1.15  Mocks_Mamon/MockNFW40ellip0.5loga-2.08PA50center0.0_0.0With_background1num82.dat Diff-Evol    1.0e-04 0 1 0 0     NFW        0.0001   0.0002     -0.972 0.056  33 -99.00  115.0       -523.7367       -1031.031   582   0.0001   0.0002     -0.929 0.059  33 -99.00    0.349
2018-05-16-14:54:45 1.15  Mocks_Mamon/MockNFW40ellip0.5loga-2.08PA50center0.0_0.0With_background1num83.dat Diff-Evol    1.0e-04 0 1 0 0     NFW        0.0014  -0.0001     -0.968 0.018 149 -99.00  109.7       -481.6226        -946.841   915   0.0014  -0.0001     -0.931 0.049 150 -99.00    0.505
2018-05-16-14:54:45 1.15  Mocks_Mamon/MockNFW40ellip0.5loga-2.08PA50center0.0_0.0With_background1num84.dat Diff-Evol    1.0e-04 0 1 0 0     NFW      359.9999   0.0001     -0.973 0.313  62 -99.00  107.4       -489.7369       -963.0443   840 359.9999   0.0001     -0.953 0.085  28 -99.00    0.454
2018-05-16-14:54:45 1.15  Mocks_Mamon/MockNFW40ellip0.5loga-2.08PA50center0.0_0.0With_background1num85.dat Diff-Evol    1.0e-04 0 1 0 0     NFW        0.0004  -0.0020     -0.970 0.000 105 -99.00  104.4       -456.6474       -896.8655   930   0.0004  -0.0020     -0.913 0.069 142 -99.00    0.506
2018-05-16-14:54:45 1.15  Mocks_Mamon/MockNFW40ellip0.5loga-2.08PA50center0.0_0.0With_background1num86.dat Diff-Evol    1.0e-04 0 1 0 0     NFW      359.9943   0.0000     -0.956 0.294  66 -99.00  129.3       -581.4991       -1146.569   652 359.9943   0.0000     -0.930 0.074  14 -99.00    0.360
2018-05-16-14:54:45 1.15  Mocks_Mamon/MockNFW40ellip0.5loga-2.08PA50center0.0_0.0With_background1num87.dat Diff-Evol    1.0e-04 0 1 0 0     NFW        0.0004  -0.0027     -1.171 0.266  45 -99.00   70.8       -551.1032       -1085.764   472   0.0004  -0.0027     -0.920 0.065  20 -99.00    0.256
2018-05-16-14:54:45 1.15  Mocks_Mamon/MockNFW40ellip0.5loga-2.08PA50center0.0_0.0With_background1num88.dat Diff-Evol    1.0e-04 0 1 0 0     NFW      359.9980  -0.0002     -0.967 0.244  30 -99.00  115.7       -514.4764       -1012.536   693 359.9980  -0.0002     -0.960 0.127 157 -99.00    0.385
2018-05-16-14:54:45 1.15  Mocks_Mamon/MockNFW40ellip0.5loga-2.08PA50center0.0_0.0With_background1num89.dat Diff-Evol    1.0e-04 0 1 0 0     NFW        0.0000   0.0040     -1.028 0.043  42 -99.00  105.6       -570.5471        -1124.64   617   0.0000   0.0040     -0.931 0.039 137 -99.00    0.341
2018-05-16-14:54:45 1.15  Mocks_Mamon/MockNFW40ellip0.5loga-2.08PA50center0.0_0.0With_background1num90.dat Diff-Evol    1.0e-04 0 1 0 0     NFW        0.0001  -0.0041     -1.061 0.294 125 -99.00  101.1       -603.9175       -1191.418   451   0.0001  -0.0041     -0.933 0.079 156 -99.00    0.247
2018-05-16-14:54:45 1.15  Mocks_Mamon/MockNFW40ellip0.5loga-2.08PA50center0.0_0.0With_background1num91.dat Diff-Evol    1.0e-04 0 1 0 0     NFW        0.0007  -0.0024     -0.972 0.322  17 -99.00  115.7       -528.7493       -1041.069   645   0.0007  -0.0024     -0.949 0.140 164 -99.00    0.353
2018-05-16-14:54:45 1.15  Mocks_Mamon/MockNFW40ellip0.5loga-2.08PA50center0.0_0.0With_background1num92.dat Diff-Evol    1.0e-04 0 1 0 0     NFW      359.9988  -0.0002     -0.970 0.000  69 -99.00  115.7       -507.8982       -999.4049   993 359.9988  -0.0002     -0.926 0.043  29 -99.00    0.545
2018-05-16-14:54:45 1.15  Mocks_Mamon/MockNFW40ellip0.5loga-2.08PA50center0.0_0.0With_background1num93.dat Diff-Evol    1.0e-04 0 1 0 0     NFW      359.9930  -0.0028     -0.949 0.264  58 -99.00  142.2       -627.0471       -1237.652   603 359.9930  -0.0028     -0.955 0.021   8 -99.00    0.338
2018-05-16-14:54:45 1.15  Mocks_Mamon/MockNFW40ellip0.5loga-2.08PA50center0.0_0.0With_background1num94.dat Diff-Evol    1.0e-04 0 1 0 0     NFW      359.9989   0.0006     -0.969 0.038 176 -99.00  111.9       -502.1581       -987.8995   672 359.9989   0.0006     -0.953 0.068 169 -99.00    0.372
2018-05-16-14:54:45 1.15  Mocks_Mamon/MockNFW40ellip0.5loga-2.08PA50center0.0_0.0With_background1num95.dat Diff-Evol    1.0e-04 0 1 0 0     NFW        0.0044   0.0000     -0.961 0.549  75 -99.00  130.8       -603.2447       -1190.047   645   0.0044   0.0000     -0.975 0.142  26 -99.00    0.356
2018-05-16-14:54:45 1.15  Mocks_Mamon/MockNFW40ellip0.5loga-2.08PA50center0.0_0.0With_background1num96.dat Diff-Evol    1.0e-04 0 1 0 0     NFW        0.0017   0.0002     -0.967 0.000  80 -99.00  120.3       -535.4516       -1054.461   916   0.0017   0.0002     -0.962 0.068  42 -99.00    0.505
2018-05-16-14:54:45 1.15  Mocks_Mamon/MockNFW40ellip0.5loga-2.08PA50center0.0_0.0With_background1num97.dat Diff-Evol    1.0e-04 0 1 0 0     NFW        0.0037  -0.0003     -1.161 0.271  88 -99.00   74.6       -571.6148         -1126.8   354   0.0037  -0.0003     -0.941 0.105  12 -99.00    0.192
2018-05-16-14:54:45 1.15  Mocks_Mamon/MockNFW40ellip0.5loga-2.08PA50center0.0_0.0With_background1num98.dat Diff-Evol    1.0e-04 0 1 0 0     NFW      359.9991  -0.0003     -0.973 0.033 164 -99.00  112.7       -507.3066       -998.1587   665 359.9991  -0.0003     -0.938 0.075  14 -99.00    0.369
2018-05-16-14:54:45 1.15  Mocks_Mamon/MockNFW40ellip0.5loga-2.08PA50center0.0_0.0With_background1num99.dat Diff-Evol    1.0e-04 0 1 0 0     NFW        0.0001   0.0005     -0.974 0.424  19 -99.00  115.0       -527.9897       -1039.563   603   0.0001   0.0005     -0.963 0.183 162 -99.00    0.333
