2018-05-16-14:54:39 1.15  Mocks_Mamon/MockNFW40ellip0.5loga-2.08PA50center0.0_0.0With_background1num0.dat L-BFGS-B     1.0e-04 0 1 0 0     NFW        0.0000  -0.0002     -0.972 0.000 180 -99.00  104.4       -453.2413       -890.0533   140   0.0000  -0.0002     -0.905 0.121 180 -99.00    0.073
2018-05-16-14:54:39 1.15  Mocks_Mamon/MockNFW40ellip0.5loga-2.08PA50center0.0_0.0With_background1num1.dat L-BFGS-B     1.0e-04 0 1 0 0     NFW      359.9999   0.0009     -0.970 0.082 180 -99.00  103.6       -464.5323       -912.6605    28 359.9999   0.0009     -0.935 0.089 180 -99.00    0.015
2018-05-16-14:54:39 1.15  Mocks_Mamon/MockNFW40ellip0.5loga-2.08PA50center0.0_0.0With_background1num2.dat L-BFGS-B     1.0e-04 0 1 0 0     NFW      360.0000   0.0002     -0.972 0.000  25 -99.00  108.2       -479.9771       -943.5248   119 360.0000   0.0002     -0.922 0.118  25 -99.00    0.063
2018-05-16-14:54:39 1.15  Mocks_Mamon/MockNFW40ellip0.5loga-2.08PA50center0.0_0.0With_background1num3.dat L-BFGS-B     1.0e-04 0 1 0 0     NFW        0.0001   0.0000     -0.972 0.248 171 -99.00  109.7       -491.5145       -966.6375    42   0.0001   0.0000     -0.925 0.158 171 -99.00    0.021
2018-05-16-14:54:39 1.15  Mocks_Mamon/MockNFW40ellip0.5loga-2.08PA50center0.0_0.0With_background1num4.dat L-BFGS-B     1.0e-04 0 1 0 0     NFW        0.0003  -0.0007     -0.973 0.014   7 -99.00  111.2       -499.7315        -983.021    21   0.0003  -0.0007     -0.933 0.024   7 -99.00    0.011
2018-05-16-14:54:39 1.15  Mocks_Mamon/MockNFW40ellip0.5loga-2.08PA50center0.0_0.0With_background1num5.dat L-BFGS-B     1.0e-04 0 1 0 0     NFW      359.9979  -0.0007     -0.968 0.000 170 -99.00  108.9       -492.0211       -967.6004   140 359.9979  -0.0007     -0.932 0.111 170 -99.00    0.073
2018-05-16-14:54:39 1.15  Mocks_Mamon/MockNFW40ellip0.5loga-2.08PA50center0.0_0.0With_background1num6.dat L-BFGS-B     1.0e-04 0 1 0 0     NFW        0.0000   0.0002     -0.973 0.015  18 -99.00   99.8       -452.7065       -888.9836    56   0.0000   0.0002     -0.917 0.111  18 -99.00    0.030
2018-05-16-14:54:39 1.15  Mocks_Mamon/MockNFW40ellip0.5loga-2.08PA50center0.0_0.0With_background1num7.dat L-BFGS-B     1.0e-04 0 1 0 0     NFW      359.9999  -0.0003     -0.973 0.001 142 -99.00  111.9       -492.2104       -967.9788    49 359.9999  -0.0003     -0.936 0.091 142 -99.00    0.026
2018-05-16-14:54:39 1.15  Mocks_Mamon/MockNFW40ellip0.5loga-2.08PA50center0.0_0.0With_background1num8.dat L-BFGS-B     1.0e-04 0 1 0 0     NFW      359.9972  -0.0002     -0.969 0.353   3 -99.00  118.7       -539.1164       -1061.816    35 359.9972  -0.0002     -0.908 0.143   3 -99.00    0.018
2018-05-16-14:54:39 1.15  Mocks_Mamon/MockNFW40ellip0.5loga-2.08PA50center0.0_0.0With_background1num9.dat L-BFGS-B     1.0e-04 0 1 0 0     NFW      359.9993  -0.0001     -0.972 0.012  43 -99.00  108.9       -478.8634       -941.3099    56 359.9993  -0.0001     -0.915 0.097  43 -99.00    0.030
2018-05-16-14:54:39 1.15  Mocks_Mamon/MockNFW40ellip0.5loga-2.08PA50center0.0_0.0With_background1num10.dat L-BFGS-B     1.0e-04 0 1 0 0     NFW      359.9986  -0.0059     -1.069 0.070 145 -99.00   97.1       -590.5479       -1164.654    35 359.9986  -0.0059     -0.924 0.076 145 -99.00    0.019
2018-05-16-14:54:39 1.15  Mocks_Mamon/MockNFW40ellip0.5loga-2.08PA50center0.0_0.0With_background1num11.dat L-BFGS-B     1.0e-04 0 1 0 0     NFW      359.9958  -0.0036     -1.122 0.076   1 -99.00   86.0       -600.7227       -1185.028    35 359.9958  -0.0036     -0.970 0.085   1 -99.00    0.019
2018-05-16-14:54:39 1.15  Mocks_Mamon/MockNFW40ellip0.5loga-2.08PA50center0.0_0.0With_background1num12.dat L-BFGS-B     1.0e-04 0 1 0 0     NFW        0.0014   0.0014     -0.972 0.000 179 -99.00  126.3       -560.2569       -1104.097   105   0.0014   0.0014     -0.955 0.088 179 -99.00    0.056
2018-05-16-14:54:39 1.15  Mocks_Mamon/MockNFW40ellip0.5loga-2.08PA50center0.0_0.0With_background1num13.dat L-BFGS-B     1.0e-04 0 1 0 0     NFW        0.0004   0.0015     -0.972 0.000 141 -99.00  106.6        -474.478       -932.5393    84   0.0004   0.0015     -0.908 0.010 141 -99.00    0.044
2018-05-16-14:54:39 1.15  Mocks_Mamon/MockNFW40ellip0.5loga-2.08PA50center0.0_0.0With_background1num14.dat L-BFGS-B     1.0e-04 0 1 0 0     NFW      359.9998   0.0004     -0.972 0.000   7 -99.00  115.7       -514.4861        -1012.53   119 359.9998   0.0004     -0.949 0.054   7 -99.00    0.063
2018-05-16-14:54:39 1.15  Mocks_Mamon/MockNFW40ellip0.5loga-2.08PA50center0.0_0.0With_background1num15.dat L-BFGS-B     1.0e-04 0 1 0 0     NFW        0.0015  -0.0004     -0.977 0.047 142 -99.00  121.8       -549.7682       -1083.107    21   0.0015  -0.0004     -0.964 0.045 142 -99.00    0.011
2018-05-16-14:54:39 1.15  Mocks_Mamon/MockNFW40ellip0.5loga-2.08PA50center0.0_0.0With_background1num16.dat L-BFGS-B     1.0e-04 0 1 0 0     NFW        0.0020   0.0005     -0.970 0.000 175 -99.00  123.3       -541.0808        -1065.72   140   0.0020   0.0005     -0.934 0.160 175 -99.00    0.074
2018-05-16-14:54:39 1.15  Mocks_Mamon/MockNFW40ellip0.5loga-2.08PA50center0.0_0.0With_background1num17.dat L-BFGS-B     1.0e-04 0 1 0 0     NFW      359.9999   0.0003     -0.972 0.000 138 -99.00  115.0       -514.0307        -1011.62   140 359.9999   0.0003     -0.924 0.127 138 -99.00    0.073
2018-05-16-14:54:39 1.15  Mocks_Mamon/MockNFW40ellip0.5loga-2.08PA50center0.0_0.0With_background1num18.dat L-BFGS-B     1.0e-04 0 1 0 0     NFW      359.9989   0.0002     -0.969 0.036 152 -99.00  115.0       -513.7967       -1011.139    35 359.9989   0.0002     -0.945 0.128 152 -99.00    0.019
2018-05-16-14:54:39 1.15  Mocks_Mamon/MockNFW40ellip0.5loga-2.08PA50center0.0_0.0With_background1num19.dat L-BFGS-B     1.0e-04 0 1 0 0     NFW        0.0006  -0.0003     -0.974 0.005  35 -99.00  107.4       -474.6042       -932.7917    49   0.0006  -0.0003     -0.928 0.095  35 -99.00    0.026
2018-05-16-14:54:39 1.15  Mocks_Mamon/MockNFW40ellip0.5loga-2.08PA50center0.0_0.0With_background1num20.dat L-BFGS-B     1.0e-04 0 1 0 0     NFW      360.0000   0.0003     -0.972 0.012 157 -99.00  115.0       -517.9066       -1019.371    56 360.0000   0.0003     -0.937 0.073 157 -99.00    0.030
2018-05-16-14:54:39 1.15  Mocks_Mamon/MockNFW40ellip0.5loga-2.08PA50center0.0_0.0With_background1num21.dat L-BFGS-B     1.0e-04 0 1 0 0     NFW      359.9996   0.0002     -0.974 0.001 154 -99.00  107.4       -481.6985       -946.9802    42 359.9996   0.0002     -0.917 0.007 154 -99.00    0.022
2018-05-16-14:54:39 1.15  Mocks_Mamon/MockNFW40ellip0.5loga-2.08PA50center0.0_0.0With_background1num22.dat L-BFGS-B     1.0e-04 0 1 0 0     NFW        0.0009  -0.0012     -0.970 0.014 159 -99.00  119.5       -537.8428       -1059.256    56   0.0009  -0.0012     -0.962 0.105 159 -99.00    0.030
2018-05-16-14:54:39 1.15  Mocks_Mamon/MockNFW40ellip0.5loga-2.08PA50center0.0_0.0With_background1num23.dat L-BFGS-B     1.0e-04 0 1 0 0     NFW        0.0008   0.0001     -0.972 0.009 166 -99.00  106.6       -475.6445       -934.8471    28   0.0008   0.0001     -0.919 0.056 166 -99.00    0.015
2018-05-16-14:54:39 1.15  Mocks_Mamon/MockNFW40ellip0.5loga-2.08PA50center0.0_0.0With_background1num24.dat L-BFGS-B     1.0e-04 0 1 0 0     NFW      359.9998   0.0031     -0.968 0.027  28 -99.00  130.1        -590.642        -1164.83    28 359.9998   0.0031     -0.932 0.083  28 -99.00    0.015
2018-05-16-14:54:39 1.15  Mocks_Mamon/MockNFW40ellip0.5loga-2.08PA50center0.0_0.0With_background1num25.dat L-BFGS-B     1.0e-04 0 1 0 0     NFW        0.0001   0.0000     -0.972 0.000  35 -99.00  118.7       -527.8093       -1039.164   140   0.0001   0.0000     -0.948 0.096  35 -99.00    0.074
2018-05-16-14:54:39 1.15  Mocks_Mamon/MockNFW40ellip0.5loga-2.08PA50center0.0_0.0With_background1num26.dat L-BFGS-B     1.0e-04 0 1 0 0     NFW      359.9992   0.0005     -0.976 0.053 137 -99.00  113.4       -499.7602       -983.1036    35 359.9992   0.0005     -0.937 0.109 137 -99.00    0.019
2018-05-16-14:54:39 1.15  Mocks_Mamon/MockNFW40ellip0.5loga-2.08PA50center0.0_0.0With_background1num27.dat L-BFGS-B     1.0e-04 0 1 0 0     NFW      359.9972  -0.0008     -0.966 0.013 158 -99.00  121.8       -548.2797        -1080.13    28 359.9972  -0.0008     -0.942 0.065 158 -99.00    0.015
2018-05-16-14:54:39 1.15  Mocks_Mamon/MockNFW40ellip0.5loga-2.08PA50center0.0_0.0With_background1num28.dat L-BFGS-B     1.0e-04 0 1 0 0     NFW      359.9991  -0.0011     -0.968 0.010 157 -99.00  118.7       -521.5177       -1026.606    77 359.9991  -0.0011     -0.945 0.130 157 -99.00    0.042
2018-05-16-14:54:39 1.15  Mocks_Mamon/MockNFW40ellip0.5loga-2.08PA50center0.0_0.0With_background1num29.dat L-BFGS-B     1.0e-04 0 1 0 0     NFW      359.9999  -0.0008     -0.973 0.000   1 -99.00  107.4       -466.2954       -916.1865   154 359.9999  -0.0008     -0.908 0.101   1 -99.00    0.080
2018-05-16-14:54:39 1.15  Mocks_Mamon/MockNFW40ellip0.5loga-2.08PA50center0.0_0.0With_background1num30.dat L-BFGS-B     1.0e-04 0 1 0 0     NFW      359.9996   0.0003     -0.972 0.036  12 -99.00  117.2       -523.8103       -1031.191    28 359.9996   0.0003     -0.931 0.039  12 -99.00    0.015
2018-05-16-14:54:39 1.15  Mocks_Mamon/MockNFW40ellip0.5loga-2.08PA50center0.0_0.0With_background1num31.dat L-BFGS-B     1.0e-04 0 1 0 0     NFW        0.0002   0.0002     -0.972 0.000  44 -99.00   99.1       -438.8261       -861.2481   140   0.0002   0.0002     -0.922 0.120  44 -99.00    0.073
2018-05-16-14:54:39 1.15  Mocks_Mamon/MockNFW40ellip0.5loga-2.08PA50center0.0_0.0With_background1num32.dat L-BFGS-B     1.0e-04 0 1 0 0     NFW        0.0000   0.0043     -1.104 0.190  33 -99.00   95.1       -632.4941       -1248.534    35   0.0000   0.0043     -0.954 0.130  33 -99.00    0.018
2018-05-16-14:54:39 1.15  Mocks_Mamon/MockNFW40ellip0.5loga-2.08PA50center0.0_0.0With_background1num33.dat L-BFGS-B     1.0e-04 0 1 0 0     NFW        0.0001  -0.0001     -0.972 0.004 166 -99.00  121.0       -539.0045       -1061.592    28   0.0001  -0.0001     -0.970 0.084 166 -99.00    0.015
2018-05-16-14:54:39 1.15  Mocks_Mamon/MockNFW40ellip0.5loga-2.08PA50center0.0_0.0With_background1num34.dat L-BFGS-B     1.0e-04 0 1 0 0     NFW        0.0022  -0.0002     -0.972 0.013 164 -99.00  108.9       -494.5497       -972.6576    35   0.0022  -0.0002     -0.918 0.046 164 -99.00    0.019
2018-05-16-14:54:39 1.15  Mocks_Mamon/MockNFW40ellip0.5loga-2.08PA50center0.0_0.0With_background1num35.dat L-BFGS-B     1.0e-04 0 1 0 0     NFW        0.0000   0.0021     -0.970 0.006  16 -99.00  112.7        -502.682       -988.9347    49   0.0000   0.0021     -0.946 0.094  16 -99.00    0.026
2018-05-16-14:54:39 1.15  Mocks_Mamon/MockNFW40ellip0.5loga-2.08PA50center0.0_0.0With_background1num36.dat L-BFGS-B     1.0e-04 0 1 0 0     NFW      359.9997  -0.0019     -0.969 0.000  13 -99.00  120.3       -521.9961       -1027.563   140 359.9997  -0.0019     -0.914 0.116  13 -99.00    0.074
2018-05-16-14:54:39 1.15  Mocks_Mamon/MockNFW40ellip0.5loga-2.08PA50center0.0_0.0With_background1num37.dat L-BFGS-B     1.0e-04 0 1 0 0     NFW        0.0023  -0.0003     -0.970 0.011 159 -99.00  113.4       -505.5292       -994.6796    56   0.0023  -0.0003     -0.928 0.077 159 -99.00    0.030
2018-05-16-14:54:39 1.15  Mocks_Mamon/MockNFW40ellip0.5loga-2.08PA50center0.0_0.0With_background1num38.dat L-BFGS-B     1.0e-04 0 1 0 0     NFW        0.0007   0.0002     -0.974 0.032 175 -99.00  105.9       -481.2619       -946.0945    21   0.0007   0.0002     -0.926 0.055 175 -99.00    0.011
2018-05-16-14:54:39 1.15  Mocks_Mamon/MockNFW40ellip0.5loga-2.08PA50center0.0_0.0With_background1num39.dat L-BFGS-B     1.0e-04 0 1 0 0     NFW      359.9999  -0.0032     -0.997 0.035 151 -99.00  115.8       -572.4896        -1128.55    35 359.9999  -0.0032     -0.921 0.036 151 -99.00    0.019
2018-05-16-14:54:39 1.15  Mocks_Mamon/MockNFW40ellip0.5loga-2.08PA50center0.0_0.0With_background1num40.dat L-BFGS-B     1.0e-04 0 1 0 0     NFW      359.9999   0.0001     -0.972 0.262  33 -99.00  108.2       -486.5046       -956.5799    35 359.9999   0.0001     -0.928 0.095  33 -99.00    0.018
2018-05-16-14:54:39 1.15  Mocks_Mamon/MockNFW40ellip0.5loga-2.08PA50center0.0_0.0With_background1num41.dat L-BFGS-B     1.0e-04 0 1 0 0     NFW      359.9995  -0.0001     -0.973 0.018 157 -99.00  105.9       -472.3156       -928.2271    49 359.9995  -0.0001     -0.918 0.183 157 -99.00    0.026
2018-05-16-14:54:39 1.15  Mocks_Mamon/MockNFW40ellip0.5loga-2.08PA50center0.0_0.0With_background1num42.dat L-BFGS-B     1.0e-04 0 1 0 0     NFW        0.0000   0.0021     -0.985 0.041  17 -99.00  118.9       -561.5675       -1106.731    21   0.0000   0.0021     -0.988 0.029  17 -99.00    0.011
2018-05-16-14:54:39 1.15  Mocks_Mamon/MockNFW40ellip0.5loga-2.08PA50center0.0_0.0With_background1num43.dat L-BFGS-B     1.0e-04 0 1 0 0     NFW      359.9998  -0.0028     -0.970 0.023  23 -99.00  120.3       -542.2229       -1068.067    35 359.9998  -0.0028     -0.942 0.088  23 -99.00    0.019
2018-05-16-14:54:39 1.15  Mocks_Mamon/MockNFW40ellip0.5loga-2.08PA50center0.0_0.0With_background1num44.dat L-BFGS-B     1.0e-04 0 1 0 0     NFW      359.9970  -0.0010     -0.965 0.003 172 -99.00  126.3       -569.5527       -1122.701    28 359.9970  -0.0010     -0.941 0.050 172 -99.00    0.015
2018-05-16-14:54:39 1.15  Mocks_Mamon/MockNFW40ellip0.5loga-2.08PA50center0.0_0.0With_background1num45.dat L-BFGS-B     1.0e-04 0 1 0 0     NFW        0.0003   0.0013     -0.979 0.014  32 -99.00  117.2       -530.7496        -1045.07    21   0.0003   0.0013     -0.975 0.023  32 -99.00    0.011
2018-05-16-14:54:39 1.15  Mocks_Mamon/MockNFW40ellip0.5loga-2.08PA50center0.0_0.0With_background1num46.dat L-BFGS-B     1.0e-04 0 1 0 0     NFW        0.0002  -0.0007     -0.975 0.000 173 -99.00  121.0       -539.6185       -1062.795   119   0.0002  -0.0007     -0.969 0.069 173 -99.00    0.063
2018-05-16-14:54:39 1.15  Mocks_Mamon/MockNFW40ellip0.5loga-2.08PA50center0.0_0.0With_background1num47.dat L-BFGS-B     1.0e-04 0 1 0 0     NFW        0.0002  -0.0017     -0.996 0.060 139 -99.00  110.5       -539.7853       -1063.141    28   0.0002  -0.0017     -0.964 0.066 139 -99.00    0.015
2018-05-16-14:54:39 1.15  Mocks_Mamon/MockNFW40ellip0.5loga-2.08PA50center0.0_0.0With_background1num48.dat L-BFGS-B     1.0e-04 0 1 0 0     NFW      359.9999  -0.0001     -0.972 0.043   4 -99.00  121.8       -543.4249       -1070.446    21 359.9999  -0.0001     -0.964 0.070   4 -99.00    0.011
2018-05-16-14:54:39 1.15  Mocks_Mamon/MockNFW40ellip0.5loga-2.08PA50center0.0_0.0With_background1num49.dat L-BFGS-B     1.0e-04 0 1 0 0     NFW      359.9997  -0.0007     -0.972 0.014  32 -99.00  112.7       -506.5696       -996.7097    56 359.9997  -0.0007     -0.929 0.086  32 -99.00    0.030
2018-05-16-14:54:39 1.15  Mocks_Mamon/MockNFW40ellip0.5loga-2.08PA50center0.0_0.0With_background1num50.dat L-BFGS-B     1.0e-04 0 1 0 0     NFW      359.9987  -0.0000     -0.969 0.015 141 -99.00  107.4       -488.4706        -960.537    35 359.9987  -0.0000     -0.946 0.060 141 -99.00    0.019
2018-05-16-14:54:39 1.15  Mocks_Mamon/MockNFW40ellip0.5loga-2.08PA50center0.0_0.0With_background1num51.dat L-BFGS-B     1.0e-04 0 1 0 0     NFW        0.0003   0.0002     -0.972 0.000  18 -99.00  122.5       -552.9993       -1089.594   119   0.0003   0.0002     -0.949 0.123  18 -99.00    0.063
2018-05-16-14:54:39 1.15  Mocks_Mamon/MockNFW40ellip0.5loga-2.08PA50center0.0_0.0With_background1num52.dat L-BFGS-B     1.0e-04 0 1 0 0     NFW        0.0021   0.0001     -0.999 0.184  30 -99.00  107.7       -534.8456       -1053.249    28   0.0021   0.0001     -0.964 0.162  30 -99.00    0.014
2018-05-16-14:54:39 1.15  Mocks_Mamon/MockNFW40ellip0.5loga-2.08PA50center0.0_0.0With_background1num53.dat L-BFGS-B     1.0e-04 0 1 0 0     NFW      359.9932   0.0002     -1.018 0.088  10 -99.00  117.4       -621.8952       -1227.361    35 359.9932   0.0002     -0.939 0.094  10 -99.00    0.019
2018-05-16-14:54:39 1.15  Mocks_Mamon/MockNFW40ellip0.5loga-2.08PA50center0.0_0.0With_background1num54.dat L-BFGS-B     1.0e-04 0 1 0 0     NFW      359.9998  -0.0057     -1.056 0.104 177 -99.00  104.8       -613.7896       -1211.137    35 359.9998  -0.0057     -0.936 0.111 177 -99.00    0.019
2018-05-16-14:54:39 1.15  Mocks_Mamon/MockNFW40ellip0.5loga-2.08PA50center0.0_0.0With_background1num55.dat L-BFGS-B     1.0e-04 0 1 0 0     NFW      359.9997  -0.0000     -0.977 0.012 153 -99.00  118.7       -533.3615       -1050.319    56 359.9997  -0.0000     -0.973 0.081 153 -99.00    0.030
2018-05-16-14:54:39 1.15  Mocks_Mamon/MockNFW40ellip0.5loga-2.08PA50center0.0_0.0With_background1num56.dat L-BFGS-B     1.0e-04 0 1 0 0     NFW      359.9963   0.0000     -0.967 0.000 165 -99.00  128.6       -579.5888       -1142.761    98 359.9963   0.0000     -0.931 0.065 165 -99.00    0.052
2018-05-16-14:54:39 1.15  Mocks_Mamon/MockNFW40ellip0.5loga-2.08PA50center0.0_0.0With_background1num57.dat L-BFGS-B     1.0e-04 0 1 0 0     NFW        0.0003   0.0001     -0.972 0.007  15 -99.00  116.5       -506.5319       -996.6345    28   0.0003   0.0001     -0.922 0.057  15 -99.00    0.015
2018-05-16-14:54:39 1.15  Mocks_Mamon/MockNFW40ellip0.5loga-2.08PA50center0.0_0.0With_background1num58.dat L-BFGS-B     1.0e-04 0 1 0 0     NFW        0.0002  -0.0006     -0.975 0.006  10 -99.00  109.7       -499.6878       -982.9587    28   0.0002  -0.0006     -0.920 0.063  10 -99.00    0.015
2018-05-16-14:54:39 1.15  Mocks_Mamon/MockNFW40ellip0.5loga-2.08PA50center0.0_0.0With_background1num59.dat L-BFGS-B     1.0e-04 0 1 0 0     NFW        0.0000  -0.0071     -0.956 0.069 150 -99.00  129.3       -575.7991       -1135.169    21   0.0000  -0.0071     -0.922 0.110 150 -99.00    0.012
2018-05-16-14:54:39 1.15  Mocks_Mamon/MockNFW40ellip0.5loga-2.08PA50center0.0_0.0With_background1num60.dat L-BFGS-B     1.0e-04 0 1 0 0     NFW      359.9996  -0.0015     -0.970 0.286 169 -99.00  118.7       -528.4262       -1040.423    42 359.9996  -0.0015     -0.927 0.158 169 -99.00    0.022
2018-05-16-14:54:39 1.15  Mocks_Mamon/MockNFW40ellip0.5loga-2.08PA50center0.0_0.0With_background1num61.dat L-BFGS-B     1.0e-04 0 1 0 0     NFW        0.0000  -0.0002     -0.973 0.303   3 -99.00  107.4       -477.8258       -939.2097    35   0.0000  -0.0002     -0.925 0.133   3 -99.00    0.018
2018-05-16-14:54:39 1.15  Mocks_Mamon/MockNFW40ellip0.5loga-2.08PA50center0.0_0.0With_background1num62.dat L-BFGS-B     1.0e-04 0 1 0 0     NFW      359.9998   0.0000     -0.972 0.011 164 -99.00  101.3       -444.9159       -873.4275    49 359.9998   0.0000     -0.901 0.107 164 -99.00    0.026
2018-05-16-14:54:39 1.15  Mocks_Mamon/MockNFW40ellip0.5loga-2.08PA50center0.0_0.0With_background1num63.dat L-BFGS-B     1.0e-04 0 1 0 0     NFW        0.0000   0.0003     -0.973 0.027 151 -99.00  116.5       -513.8892       -1011.349    35   0.0000   0.0003     -0.957 0.105 151 -99.00    0.019
2018-05-16-14:54:39 1.15  Mocks_Mamon/MockNFW40ellip0.5loga-2.08PA50center0.0_0.0With_background1num64.dat L-BFGS-B     1.0e-04 0 1 0 0     NFW        0.0004  -0.0003     -0.972 0.009  37 -99.00  115.7       -518.2777       -1020.126    21   0.0004  -0.0003     -0.921 0.014  37 -99.00    0.011
2018-05-16-14:54:39 1.15  Mocks_Mamon/MockNFW40ellip0.5loga-2.08PA50center0.0_0.0With_background1num65.dat L-BFGS-B     1.0e-04 0 1 0 0     NFW      360.0000  -0.0007     -0.977 0.011 139 -99.00  122.4       -553.6621        -1090.92    56 360.0000  -0.0007     -0.991 0.074 139 -99.00    0.030
2018-05-16-14:54:39 1.15  Mocks_Mamon/MockNFW40ellip0.5loga-2.08PA50center0.0_0.0With_background1num66.dat L-BFGS-B     1.0e-04 0 1 0 0     NFW      359.9994  -0.0038     -0.988 0.174 162 -99.00  117.8       -565.5376       -1114.671    35 359.9994  -0.0038     -0.936 0.148 162 -99.00    0.018
2018-05-16-14:54:39 1.15  Mocks_Mamon/MockNFW40ellip0.5loga-2.08PA50center0.0_0.0With_background1num67.dat L-BFGS-B     1.0e-04 0 1 0 0     NFW      359.9983  -0.0018     -0.967 0.000 136 -99.00  112.7       -489.4398       -962.5008   105 359.9983  -0.0018     -0.906 0.084 136 -99.00    0.056
2018-05-16-14:54:39 1.15  Mocks_Mamon/MockNFW40ellip0.5loga-2.08PA50center0.0_0.0With_background1num68.dat L-BFGS-B     1.0e-04 0 1 0 0     NFW        0.0003  -0.0002     -0.974 0.000   5 -99.00  108.9       -490.6095       -964.7896   112   0.0003  -0.0002     -0.940 0.074   5 -99.00    0.059
2018-05-16-14:54:39 1.15  Mocks_Mamon/MockNFW40ellip0.5loga-2.08PA50center0.0_0.0With_background1num69.dat L-BFGS-B     1.0e-04 0 1 0 0     NFW        0.0009   0.0012     -0.968 0.000  15 -99.00  121.8       -537.4798       -1058.543    77   0.0009   0.0012     -0.926 0.032  15 -99.00    0.041
2018-05-16-14:54:39 1.15  Mocks_Mamon/MockNFW40ellip0.5loga-2.08PA50center0.0_0.0With_background1num70.dat L-BFGS-B     1.0e-04 0 1 0 0     NFW        0.0006  -0.0011     -0.971 0.010 145 -99.00  120.3       -531.9925       -1047.531    21   0.0006  -0.0011     -0.929 0.016 145 -99.00    0.011
2018-05-16-14:54:39 1.15  Mocks_Mamon/MockNFW40ellip0.5loga-2.08PA50center0.0_0.0With_background1num71.dat L-BFGS-B     1.0e-04 0 1 0 0     NFW        0.0002   0.0001     -0.976 0.019 171 -99.00  113.4       -511.2402       -1006.026    21   0.0002   0.0001     -0.917 0.033 171 -99.00    0.011
2018-05-16-14:54:39 1.15  Mocks_Mamon/MockNFW40ellip0.5loga-2.08PA50center0.0_0.0With_background1num72.dat L-BFGS-B     1.0e-04 0 1 0 0     NFW      359.9997   0.0003     -0.973 0.265  41 -99.00  115.0       -505.7665       -995.1416    49 359.9997   0.0003     -0.913 0.123  41 -99.00    0.025
2018-05-16-14:54:39 1.15  Mocks_Mamon/MockNFW40ellip0.5loga-2.08PA50center0.0_0.0With_background1num73.dat L-BFGS-B     1.0e-04 0 1 0 0     NFW      359.9997  -0.0003     -0.974 0.000 142 -99.00  108.9       -488.6987       -960.9554    98 359.9997  -0.0003     -0.939 0.063 142 -99.00    0.052
2018-05-16-14:54:39 1.15  Mocks_Mamon/MockNFW40ellip0.5loga-2.08PA50center0.0_0.0With_background1num74.dat L-BFGS-B     1.0e-04 0 1 0 0     NFW        0.0002  -0.0007     -0.971 0.000   7 -99.00  121.0       -533.4442       -1050.447   119   0.0002  -0.0007     -0.933 0.065   7 -99.00    0.063
2018-05-16-14:54:39 1.15  Mocks_Mamon/MockNFW40ellip0.5loga-2.08PA50center0.0_0.0With_background1num75.dat L-BFGS-B     1.0e-04 0 1 0 0     NFW        0.0000  -0.0019     -0.977 0.000 171 -99.00  113.4       -516.0485        -1015.68   140   0.0000  -0.0019     -0.920 0.088 171 -99.00    0.074
2018-05-16-14:54:39 1.15  Mocks_Mamon/MockNFW40ellip0.5loga-2.08PA50center0.0_0.0With_background1num76.dat L-BFGS-B     1.0e-04 0 1 0 0     NFW      359.9991  -0.0002     -0.971 0.000 149 -99.00  105.1       -454.0269       -891.6496    98 359.9991  -0.0002     -0.887 0.070 149 -99.00    0.052
2018-05-16-14:54:39 1.15  Mocks_Mamon/MockNFW40ellip0.5loga-2.08PA50center0.0_0.0With_background1num77.dat L-BFGS-B     1.0e-04 0 1 0 0     NFW      359.9997  -0.0004     -0.972 0.251  33 -99.00   99.1       -440.3013       -864.1607    56 359.9997  -0.0004     -0.901 0.102  33 -99.00    0.028
2018-05-16-14:54:39 1.15  Mocks_Mamon/MockNFW40ellip0.5loga-2.08PA50center0.0_0.0With_background1num78.dat L-BFGS-B     1.0e-04 0 1 0 0     NFW        0.0072  -0.0010     -0.953 0.050 140 -99.00  136.9       -604.9178       -1193.394    28   0.0072  -0.0010     -0.946 0.054 140 -99.00    0.015
2018-05-16-14:54:39 1.15  Mocks_Mamon/MockNFW40ellip0.5loga-2.08PA50center0.0_0.0With_background1num79.dat L-BFGS-B     1.0e-04 0 1 0 0     NFW      359.9994  -0.0005     -0.972 0.012 156 -99.00  109.7       -484.1028       -951.7887    56 359.9994  -0.0005     -0.949 0.086 156 -99.00    0.030
2018-05-16-14:54:39 1.15  Mocks_Mamon/MockNFW40ellip0.5loga-2.08PA50center0.0_0.0With_background1num80.dat L-BFGS-B     1.0e-04 0 1 0 0     NFW      360.0000  -0.0000     -0.972 0.000  14 -99.00  118.0       -529.8982       -1043.355   140 360.0000  -0.0000     -0.942 0.115  14 -99.00    0.074
2018-05-16-14:54:39 1.15  Mocks_Mamon/MockNFW40ellip0.5loga-2.08PA50center0.0_0.0With_background1num81.dat L-BFGS-B     1.0e-04 0 1 0 0     NFW        0.0000  -0.0003     -0.971 0.000  33 -99.00  111.9       -490.1352       -963.8535   140   0.0000  -0.0003     -0.925 0.094  33 -99.00    0.074
2018-05-16-14:54:39 1.15  Mocks_Mamon/MockNFW40ellip0.5loga-2.08PA50center0.0_0.0With_background1num82.dat L-BFGS-B     1.0e-04 0 1 0 0     NFW        0.0001   0.0002     -0.972 0.056  33 -99.00  115.0       -523.7379       -1031.034    28   0.0001   0.0002     -0.929 0.059  33 -99.00    0.015
2018-05-16-14:54:39 1.15  Mocks_Mamon/MockNFW40ellip0.5loga-2.08PA50center0.0_0.0With_background1num83.dat L-BFGS-B     1.0e-04 0 1 0 0     NFW        0.0014  -0.0001     -0.968 0.029 149 -99.00  109.7       -481.6182       -946.8322    21   0.0014  -0.0001     -0.931 0.049 150 -99.00    0.011
2018-05-16-14:54:39 1.15  Mocks_Mamon/MockNFW40ellip0.5loga-2.08PA50center0.0_0.0With_background1num84.dat L-BFGS-B     1.0e-04 0 1 0 0     NFW      359.9999   0.0001     -0.973 0.033  28 -99.00  107.4       -488.4851       -960.5407    28 359.9999   0.0001     -0.953 0.085  28 -99.00    0.015
2018-05-16-14:54:39 1.15  Mocks_Mamon/MockNFW40ellip0.5loga-2.08PA50center0.0_0.0With_background1num85.dat L-BFGS-B     1.0e-04 0 1 0 0     NFW        0.0004  -0.0020     -0.970 0.000 142 -99.00  104.4       -456.6458       -896.8623   105   0.0004  -0.0020     -0.913 0.069 142 -99.00    0.055
2018-05-16-14:54:39 1.15  Mocks_Mamon/MockNFW40ellip0.5loga-2.08PA50center0.0_0.0With_background1num86.dat L-BFGS-B     1.0e-04 0 1 0 0     NFW      359.9943   0.0000     -1.002 0.072  14 -99.00  114.0       -579.8266       -1143.224    28 359.9943   0.0000     -0.930 0.074  14 -99.00    0.015
2018-05-16-14:54:39 1.15  Mocks_Mamon/MockNFW40ellip0.5loga-2.08PA50center0.0_0.0With_background1num87.dat L-BFGS-B     1.0e-04 0 1 0 0     NFW        0.0004  -0.0027     -1.200 0.132  20 -99.00   66.2       -550.4864       -1084.531    35   0.0004  -0.0027     -0.920 0.065  20 -99.00    0.018
2018-05-16-14:54:39 1.15  Mocks_Mamon/MockNFW40ellip0.5loga-2.08PA50center0.0_0.0With_background1num88.dat L-BFGS-B     1.0e-04 0 1 0 0     NFW      359.9980  -0.0002     -0.967 0.011 157 -99.00  115.7       -514.1187       -1011.821    77 359.9980  -0.0002     -0.960 0.127 157 -99.00    0.042
2018-05-16-14:54:39 1.15  Mocks_Mamon/MockNFW40ellip0.5loga-2.08PA50center0.0_0.0With_background1num89.dat L-BFGS-B     1.0e-04 0 1 0 0     NFW        0.0000   0.0040     -1.029 0.037 137 -99.00  105.4       -570.3552       -1124.256    35   0.0000   0.0040     -0.931 0.039 137 -99.00    0.021
2018-05-16-14:54:39 1.15  Mocks_Mamon/MockNFW40ellip0.5loga-2.08PA50center0.0_0.0With_background1num90.dat L-BFGS-B     1.0e-04 0 1 0 0     NFW        0.0001  -0.0041     -1.119 0.071 156 -99.00   87.4       -602.6427       -1188.869    35   0.0001  -0.0041     -0.933 0.079 156 -99.00    0.019
2018-05-16-14:54:39 1.15  Mocks_Mamon/MockNFW40ellip0.5loga-2.08PA50center0.0_0.0With_background1num91.dat L-BFGS-B     1.0e-04 0 1 0 0     NFW        0.0007  -0.0024     -0.972 0.038 164 -99.00  115.7       -527.1581       -1037.887    35   0.0007  -0.0024     -0.949 0.140 164 -99.00    0.019
2018-05-16-14:54:39 1.15  Mocks_Mamon/MockNFW40ellip0.5loga-2.08PA50center0.0_0.0With_background1num92.dat L-BFGS-B     1.0e-04 0 1 0 0     NFW      359.9988  -0.0002     -0.970 0.014  29 -99.00  115.7        -507.876       -999.3604    35 359.9988  -0.0002     -0.926 0.043  29 -99.00    0.019
2018-05-16-14:54:39 1.15  Mocks_Mamon/MockNFW40ellip0.5loga-2.08PA50center0.0_0.0With_background1num93.dat L-BFGS-B     1.0e-04 0 1 0 0     NFW      359.9930  -0.0028     -0.953 0.013   8 -99.00  140.8       -626.3261        -1236.21    21 359.9930  -0.0028     -0.955 0.021   8 -99.00    0.012
2018-05-16-14:54:39 1.15  Mocks_Mamon/MockNFW40ellip0.5loga-2.08PA50center0.0_0.0With_background1num94.dat L-BFGS-B     1.0e-04 0 1 0 0     NFW      359.9989   0.0006     -0.969 0.038 169 -99.00  111.9       -502.1392       -987.8615    21 359.9989   0.0006     -0.953 0.068 169 -99.00    0.011
2018-05-16-14:54:39 1.15  Mocks_Mamon/MockNFW40ellip0.5loga-2.08PA50center0.0_0.0With_background1num95.dat L-BFGS-B     1.0e-04 0 1 0 0     NFW        0.0044   0.0000     -1.093 0.131  26 -99.00   92.2       -596.3389       -1176.236    35   0.0044   0.0000     -0.975 0.142  26 -99.00    0.019
2018-05-16-14:54:39 1.15  Mocks_Mamon/MockNFW40ellip0.5loga-2.08PA50center0.0_0.0With_background1num96.dat L-BFGS-B     1.0e-04 0 1 0 0     NFW        0.0017   0.0002     -0.967 0.011  42 -99.00  120.3       -535.4113       -1054.381    56   0.0017   0.0002     -0.962 0.068  42 -99.00    0.030
2018-05-16-14:54:39 1.15  Mocks_Mamon/MockNFW40ellip0.5loga-2.08PA50center0.0_0.0With_background1num97.dat L-BFGS-B     1.0e-04 0 1 0 0     NFW        0.0037  -0.0003     -1.218 0.088  12 -99.00   65.3       -569.5344       -1122.639    35   0.0037  -0.0003     -0.941 0.105  12 -99.00    0.019
2018-05-16-14:54:39 1.15  Mocks_Mamon/MockNFW40ellip0.5loga-2.08PA50center0.0_0.0With_background1num98.dat L-BFGS-B     1.0e-04 0 1 0 0     NFW      359.9991  -0.0003     -0.973 0.018  14 -99.00  112.7       -507.2813       -998.1082    28 359.9991  -0.0003     -0.938 0.075  14 -99.00    0.015
2018-05-16-14:54:39 1.15  Mocks_Mamon/MockNFW40ellip0.5loga-2.08PA50center0.0_0.0With_background1num99.dat L-BFGS-B     1.0e-04 0 1 0 0     NFW        0.0001   0.0005     -0.974 0.200 162 -99.00  115.0       -524.4945       -1032.572    35   0.0001   0.0005     -0.963 0.183 162 -99.00    0.018
