2018-05-16-14:52:09 1.15  Mocks_Mamon/MockNFW640ellip0.5loga-2.08PA50center0.0_0.0With_background1num0.dat Diff-Evol    1.0e-04 0 1 0 0     NFW        0.0000   0.0000     -2.399 0.457  49 -99.00   33.9       -1985.067       -3950.099   674   0.0000   0.0000     -1.639 0.094  40 -99.00    0.409
2018-05-16-14:52:09 1.15  Mocks_Mamon/MockNFW640ellip0.5loga-2.08PA50center0.0_0.0With_background1num1.dat Diff-Evol    1.0e-04 0 1 0 0     NFW        0.0001  -0.0000     -2.433 0.386  52 -99.00   35.9       -2131.475        -4242.87   562   0.0001  -0.0000     -1.671 0.169  43 -99.00    0.352
2018-05-16-14:52:09 1.15  Mocks_Mamon/MockNFW640ellip0.5loga-2.08PA50center0.0_0.0With_background1num2.dat Diff-Evol    1.0e-04 0 1 0 0     NFW        0.0000   0.0000     -2.456 0.360  45 -99.00   34.0       -2035.193       -4050.321   541   0.0000   0.0000     -1.667 0.141  42 -99.00    0.338
2018-05-16-14:52:09 1.15  Mocks_Mamon/MockNFW640ellip0.5loga-2.08PA50center0.0_0.0With_background1num3.dat Diff-Evol    1.0e-04 0 1 0 0     NFW        0.0000  -0.0000     -2.574 0.438  52 -99.00   28.7       -1943.225       -3866.404   548   0.0000  -0.0000     -1.792 0.080  23 -99.00    0.336
2018-05-16-14:52:09 1.15  Mocks_Mamon/MockNFW640ellip0.5loga-2.08PA50center0.0_0.0With_background1num4.dat Diff-Evol    1.0e-04 0 1 0 0     NFW        0.0001   0.0001     -2.403 0.357  49 -99.00   35.3       -2048.574       -4077.064   527   0.0001   0.0001     -1.690 0.154  38 -99.00    0.329
2018-05-16-14:52:09 1.15  Mocks_Mamon/MockNFW640ellip0.5loga-2.08PA50center0.0_0.0With_background1num5.dat Diff-Evol    1.0e-04 0 1 0 0     NFW      360.0000   0.0000     -2.449 0.438  52 -99.00   33.8       -2022.733       -4025.375   527 360.0000   0.0000     -1.688 0.154  36 -99.00    0.330
2018-05-16-14:52:09 1.15  Mocks_Mamon/MockNFW640ellip0.5loga-2.08PA50center0.0_0.0With_background1num6.dat Diff-Evol    1.0e-04 0 1 0 0     NFW        0.0000   0.0000     -2.342 0.436  48 -99.00   36.6       -1985.459       -3950.842   521   0.0000   0.0000     -1.684 0.154  33 -99.00    0.320
2018-05-16-14:52:09 1.15  Mocks_Mamon/MockNFW640ellip0.5loga-2.08PA50center0.0_0.0With_background1num7.dat Diff-Evol    1.0e-04 0 1 0 0     NFW        0.0000   0.0000     -2.574 0.378  49 -99.00   30.3       -2069.921       -4119.774   610   0.0000   0.0000     -1.722 0.090  43 -99.00    0.385
2018-05-16-14:52:09 1.15  Mocks_Mamon/MockNFW640ellip0.5loga-2.08PA50center0.0_0.0With_background1num8.dat Diff-Evol    1.0e-04 0 1 0 0     NFW      360.0000   0.0001     -2.396 0.468  47 -99.00   36.0       -2087.288       -4154.514   527 360.0000   0.0001     -1.619 0.188 140 -99.00    0.330
2018-05-16-14:52:09 1.15  Mocks_Mamon/MockNFW640ellip0.5loga-2.08PA50center0.0_0.0With_background1num9.dat Diff-Evol    1.0e-04 0 1 0 0     NFW      360.0000  -0.0001     -2.419 0.479  44 -99.00   38.1       -2250.249       -4480.406   638 360.0000  -0.0001     -1.645 0.128  44 -99.00    0.427
2018-05-16-14:52:09 1.15  Mocks_Mamon/MockNFW640ellip0.5loga-2.08PA50center0.0_0.0With_background1num10.dat Diff-Evol    1.0e-04 0 1 0 0     NFW        0.0001  -0.0000     -2.502 0.486  50 -99.00   32.0       -2032.388       -4044.715   638   0.0001  -0.0000     -1.695 0.110 142 -99.00    0.398
2018-05-16-14:52:09 1.15  Mocks_Mamon/MockNFW640ellip0.5loga-2.08PA50center0.0_0.0With_background1num11.dat Diff-Evol    1.0e-04 0 1 0 0     NFW      360.0000   0.0000     -2.479 0.443  51 -99.00   32.6       -2021.047       -4022.028   548 360.0000   0.0000     -1.782 0.131  42 -99.00    0.339
2018-05-16-14:52:09 1.15  Mocks_Mamon/MockNFW640ellip0.5loga-2.08PA50center0.0_0.0With_background1num12.dat Diff-Evol    1.0e-04 0 1 0 0     NFW      360.0000  -0.0000     -2.575 0.357  58 -99.00   29.6       -2041.613       -4063.138   548 360.0000  -0.0000     -1.709 0.032 157 -99.00    0.339
2018-05-16-14:52:09 1.15  Mocks_Mamon/MockNFW640ellip0.5loga-2.08PA50center0.0_0.0With_background1num13.dat Diff-Evol    1.0e-04 0 1 0 0     NFW        0.0001   0.0000     -2.540 0.466  47 -99.00   30.9       -2027.618       -4035.159   596   0.0001   0.0000     -1.757 0.069 148 -99.00    0.373
2018-05-16-14:52:09 1.15  Mocks_Mamon/MockNFW640ellip0.5loga-2.08PA50center0.0_0.0With_background1num14.dat Diff-Evol    1.0e-04 0 1 0 0     NFW        0.0001   0.0001     -2.575 0.445  52 -99.00   30.0       -2066.788       -4113.529   638   0.0001   0.0001     -1.781 0.090  43 -99.00    0.397
2018-05-16-14:52:09 1.15  Mocks_Mamon/MockNFW640ellip0.5loga-2.08PA50center0.0_0.0With_background1num15.dat Diff-Evol    1.0e-04 0 1 0 0     NFW      359.9999   0.0001     -2.425 0.408  51 -99.00   36.2       -2156.218        -4292.37   722 359.9999   0.0001     -1.697 0.020 161 -99.00    0.449
2018-05-16-14:52:09 1.15  Mocks_Mamon/MockNFW640ellip0.5loga-2.08PA50center0.0_0.0With_background1num16.dat Diff-Evol    1.0e-04 0 1 0 0     NFW        0.0000  -0.0001     -2.427 0.411  60 -99.00   36.1       -2132.753        -4245.46   610   0.0000  -0.0001     -1.672 0.120  24 -99.00    0.386
2018-05-16-14:52:09 1.15  Mocks_Mamon/MockNFW640ellip0.5loga-2.08PA50center0.0_0.0With_background1num17.dat Diff-Evol    1.0e-04 0 1 0 0     NFW        0.0000  -0.0001     -2.501 0.354  46 -99.00   32.2       -2036.494        -4052.93   541   0.0000  -0.0001     -1.706 0.108 160 -99.00    0.337
2018-05-16-14:52:09 1.15  Mocks_Mamon/MockNFW640ellip0.5loga-2.08PA50center0.0_0.0With_background1num18.dat Diff-Evol    1.0e-04 0 1 0 0     NFW      360.0000  -0.0000     -2.460 0.460  58 -99.00   33.1       -2033.025       -4045.974   555 360.0000  -0.0000     -1.743 0.185  29 -99.00    0.345
2018-05-16-14:52:09 1.15  Mocks_Mamon/MockNFW640ellip0.5loga-2.08PA50center0.0_0.0With_background1num19.dat Diff-Evol    1.0e-04 0 1 0 0     NFW      360.0000  -0.0000     -2.363 0.458  53 -99.00   35.3       -1957.467        -3894.88   548 360.0000  -0.0000     -1.637 0.069  37 -99.00    0.340
2018-05-16-14:52:09 1.15  Mocks_Mamon/MockNFW640ellip0.5loga-2.08PA50center0.0_0.0With_background1num20.dat Diff-Evol    1.0e-04 0 1 0 0     NFW        0.0000   0.0000     -2.389 0.402  49 -99.00   34.1       -1945.606       -3871.161   645   0.0000   0.0000     -1.761 0.094  28 -99.00    0.402
2018-05-16-14:52:09 1.15  Mocks_Mamon/MockNFW640ellip0.5loga-2.08PA50center0.0_0.0With_background1num21.dat Diff-Evol    1.0e-04 0 1 0 0     NFW      359.9999  -0.0001     -2.399 0.412  49 -99.00   36.1       -2061.186       -4102.312   527 359.9999  -0.0001     -1.657 0.117 141 -99.00    0.329
2018-05-16-14:52:09 1.15  Mocks_Mamon/MockNFW640ellip0.5loga-2.08PA50center0.0_0.0With_background1num22.dat Diff-Evol    1.0e-04 0 1 0 0     NFW        0.0001   0.0001     -2.422 0.449  52 -99.00   33.1       -1948.795       -3877.517   548   0.0001   0.0001     -1.714 0.147  31 -99.00    0.340
2018-05-16-14:52:09 1.15  Mocks_Mamon/MockNFW640ellip0.5loga-2.08PA50center0.0_0.0With_background1num23.dat Diff-Evol    1.0e-04 0 1 0 0     NFW      359.9999  -0.0002     -2.575 0.435  52 -99.00   31.7       -2196.601       -4373.156   534 359.9999  -0.0002     -1.716 0.161  39 -99.00    0.335
2018-05-16-14:52:09 1.15  Mocks_Mamon/MockNFW640ellip0.5loga-2.08PA50center0.0_0.0With_background1num24.dat Diff-Evol    1.0e-04 0 1 0 0     NFW      359.9999   0.0000     -2.410 0.459  53 -99.00   33.3       -1958.373       -3896.688   638 359.9999   0.0000     -1.756 0.148  34 -99.00    0.393
2018-05-16-14:52:09 1.15  Mocks_Mamon/MockNFW640ellip0.5loga-2.08PA50center0.0_0.0With_background1num25.dat Diff-Evol    1.0e-04 0 1 0 0     NFW        0.0000  -0.0001     -2.333 0.499  51 -99.00   36.6       -1964.918       -3909.806   638   0.0000  -0.0001     -1.718 0.139  43 -99.00    0.399
2018-05-16-14:52:09 1.15  Mocks_Mamon/MockNFW640ellip0.5loga-2.08PA50center0.0_0.0With_background1num26.dat Diff-Evol    1.0e-04 0 1 0 0     NFW        0.0000   0.0000     -2.561 0.407  55 -99.00   29.9       -2000.053       -3980.027   562   0.0000   0.0000     -1.797 0.078 139 -99.00    0.349
2018-05-16-14:52:09 1.15  Mocks_Mamon/MockNFW640ellip0.5loga-2.08PA50center0.0_0.0With_background1num27.dat Diff-Evol    1.0e-04 0 1 0 0     NFW        0.0000  -0.0000     -2.559 0.376  52 -99.00   32.5       -2147.959        -4275.85   541   0.0000  -0.0000     -1.738 0.093 135 -99.00    0.339
2018-05-16-14:52:09 1.15  Mocks_Mamon/MockNFW640ellip0.5loga-2.08PA50center0.0_0.0With_background1num28.dat Diff-Evol    1.0e-04 0 1 0 0     NFW      360.0000  -0.0000     -2.464 0.449  57 -99.00   32.4       -1984.344       -3948.626   541 360.0000  -0.0000     -1.653 0.169  32 -99.00    0.336
2018-05-16-14:52:09 1.15  Mocks_Mamon/MockNFW640ellip0.5loga-2.08PA50center0.0_0.0With_background1num29.dat Diff-Evol    1.0e-04 0 1 0 0     NFW      360.0000  -0.0000     -2.492 0.487  56 -99.00   33.0       -2113.978       -4207.847   555 360.0000  -0.0000     -1.671 0.154  27 -99.00    0.345
2018-05-16-14:52:09 1.15  Mocks_Mamon/MockNFW640ellip0.5loga-2.08PA50center0.0_0.0With_background1num30.dat Diff-Evol    1.0e-04 0 1 0 0     NFW      360.0000  -0.0000     -2.490 0.332  53 -99.00   32.4       -2032.252       -4044.431   548 360.0000  -0.0000     -1.719 0.026 137 -99.00    0.339
2018-05-16-14:52:09 1.15  Mocks_Mamon/MockNFW640ellip0.5loga-2.08PA50center0.0_0.0With_background1num31.dat Diff-Evol    1.0e-04 0 1 0 0     NFW        0.0000   0.0000     -2.457 0.334  42 -99.00   33.3        -2010.24       -4000.407   451   0.0000   0.0000     -1.708 0.071 158 -99.00    0.279
2018-05-16-14:52:09 1.15  Mocks_Mamon/MockNFW640ellip0.5loga-2.08PA50center0.0_0.0With_background1num32.dat Diff-Evol    1.0e-04 0 1 0 0     NFW        0.0000   0.0000     -2.439 0.463  49 -99.00   34.8       -2127.335       -4234.579   645   0.0000   0.0000     -1.739 0.190  44 -99.00    0.406
2018-05-16-14:52:09 1.15  Mocks_Mamon/MockNFW640ellip0.5loga-2.08PA50center0.0_0.0With_background1num33.dat Diff-Evol    1.0e-04 0 1 0 0     NFW      360.0000  -0.0000     -2.465 0.509  45 -99.00   31.7       -1974.863       -3929.638   785 360.0000  -0.0000     -1.801 0.201 141 -99.00    0.482
2018-05-16-14:52:09 1.15  Mocks_Mamon/MockNFW640ellip0.5loga-2.08PA50center0.0_0.0With_background1num34.dat Diff-Evol    1.0e-04 0 1 0 0     NFW        0.0001   0.0001     -2.428 0.363  41 -99.00   35.3       -2069.157        -4118.25   548   0.0001   0.0001     -1.699 0.151 146 -99.00    0.343
2018-05-16-14:52:09 1.15  Mocks_Mamon/MockNFW640ellip0.5loga-2.08PA50center0.0_0.0With_background1num35.dat Diff-Evol    1.0e-04 0 1 0 0     NFW        0.0000   0.0001     -2.201 0.483  58 -99.00   41.2       -1925.898       -3831.749   458   0.0000   0.0001     -1.664 0.227  25 -99.00    0.282
2018-05-16-14:52:09 1.15  Mocks_Mamon/MockNFW640ellip0.5loga-2.08PA50center0.0_0.0With_background1num36.dat Diff-Evol    1.0e-04 0 1 0 0     NFW        0.0000  -0.0000     -2.457 0.345  50 -99.00   33.1       -2019.407       -4018.775   541   0.0000  -0.0000     -1.731 0.068  45 -99.00    0.336
2018-05-16-14:52:09 1.15  Mocks_Mamon/MockNFW640ellip0.5loga-2.08PA50center0.0_0.0With_background1num37.dat Diff-Evol    1.0e-04 0 1 0 0     NFW      359.9999   0.0000     -2.418 0.429  48 -99.00   34.2       -1994.801       -3969.541   569 359.9999   0.0000     -1.754 0.141  43 -99.00    0.359
2018-05-16-14:52:09 1.15  Mocks_Mamon/MockNFW640ellip0.5loga-2.08PA50center0.0_0.0With_background1num38.dat Diff-Evol    1.0e-04 0 1 0 0     NFW        0.0001  -0.0000     -2.355 0.500  52 -99.00   35.9       -2011.296       -4002.512   548   0.0001  -0.0000     -1.699 0.208  35 -99.00    0.341
2018-05-16-14:52:09 1.15  Mocks_Mamon/MockNFW640ellip0.5loga-2.08PA50center0.0_0.0With_background1num39.dat Diff-Evol    1.0e-04 0 1 0 0     NFW      360.0000   0.0000     -2.321 0.472  58 -99.00   39.3       -2112.153       -4204.238   541 360.0000   0.0000     -1.631 0.170  26 -99.00    0.337
2018-05-16-14:52:09 1.15  Mocks_Mamon/MockNFW640ellip0.5loga-2.08PA50center0.0_0.0With_background1num40.dat Diff-Evol    1.0e-04 0 1 0 0     NFW        0.0000  -0.0001     -2.467 0.461  49 -99.00   35.3           -2197       -4373.947   582   0.0000  -0.0001     -1.646 0.172  32 -99.00    0.371
2018-05-16-14:52:09 1.15  Mocks_Mamon/MockNFW640ellip0.5loga-2.08PA50center0.0_0.0With_background1num41.dat Diff-Evol    1.0e-04 0 1 0 0     NFW      360.0000  -0.0000     -2.483 0.506  49 -99.00   33.2        -2128.15       -4236.236   541 360.0000  -0.0000     -1.745 0.141  41 -99.00    0.338
2018-05-16-14:52:09 1.15  Mocks_Mamon/MockNFW640ellip0.5loga-2.08PA50center0.0_0.0With_background1num42.dat Diff-Evol    1.0e-04 0 1 0 0     NFW      360.0000  -0.0002     -2.494 0.358  49 -99.00   34.1       -2140.534       -4261.015   506 360.0000  -0.0002     -1.749 0.116 135 -99.00    0.318
2018-05-16-14:52:09 1.15  Mocks_Mamon/MockNFW640ellip0.5loga-2.08PA50center0.0_0.0With_background1num43.dat Diff-Evol    1.0e-04 0 1 0 0     NFW      360.0000   0.0000     -2.400 0.488  49 -99.00   35.6       -2070.606       -4121.166   653 360.0000   0.0000     -1.671 0.192  42 -99.00    0.403
2018-05-16-14:52:09 1.15  Mocks_Mamon/MockNFW640ellip0.5loga-2.08PA50center0.0_0.0With_background1num44.dat Diff-Evol    1.0e-04 0 1 0 0     NFW        0.0001  -0.0000     -2.453 0.457  51 -99.00   31.8       -1951.927       -3883.811   555   0.0001  -0.0000     -1.737 0.143  40 -99.00    0.342
2018-05-16-14:52:09 1.15  Mocks_Mamon/MockNFW640ellip0.5loga-2.08PA50center0.0_0.0With_background1num45.dat Diff-Evol    1.0e-04 0 1 0 0     NFW        0.0000   0.0000     -2.471 0.449  39 -99.00   33.6       -2074.454       -4128.846   716   0.0000   0.0000     -1.727 0.200 148 -99.00    0.440
2018-05-16-14:52:09 1.15  Mocks_Mamon/MockNFW640ellip0.5loga-2.08PA50center0.0_0.0With_background1num46.dat Diff-Evol    1.0e-04 0 1 0 0     NFW      359.9999  -0.0000     -2.331 0.463  53 -99.00   38.1       -2082.788       -4145.482   451 359.9999  -0.0000     -1.697 0.185  28 -99.00    0.280
2018-05-16-14:52:09 1.15  Mocks_Mamon/MockNFW640ellip0.5loga-2.08PA50center0.0_0.0With_background1num47.dat Diff-Evol    1.0e-04 0 1 0 0     NFW      360.0000   0.0000     -2.574 0.343  41 -99.00   30.0       -2043.359       -4066.676   735 360.0000   0.0000     -1.814 0.127 144 -99.00    0.456
2018-05-16-14:52:09 1.15  Mocks_Mamon/MockNFW640ellip0.5loga-2.08PA50center0.0_0.0With_background1num48.dat Diff-Evol    1.0e-04 0 1 0 0     NFW      360.0000   0.0000     -2.302 0.470  51 -99.00   38.2       -1984.564       -3949.086   625 360.0000   0.0000     -1.754 0.192  37 -99.00    0.385
2018-05-16-14:52:09 1.15  Mocks_Mamon/MockNFW640ellip0.5loga-2.08PA50center0.0_0.0With_background1num49.dat Diff-Evol    1.0e-04 0 1 0 0     NFW        0.0000  -0.0000     -2.577 0.478  54 -99.00   29.3       -1990.553       -3961.074   548   0.0000  -0.0000     -1.805 0.201  22 -99.00    0.339
2018-05-16-14:52:09 1.15  Mocks_Mamon/MockNFW640ellip0.5loga-2.08PA50center0.0_0.0With_background1num50.dat Diff-Evol    1.0e-04 0 1 0 0     NFW      360.0000   0.0000     -2.559 0.440  44 -99.00   30.8        -2045.15       -4070.257   646 360.0000   0.0000     -1.769 0.155 138 -99.00    0.399
2018-05-16-14:52:09 1.15  Mocks_Mamon/MockNFW640ellip0.5loga-2.08PA50center0.0_0.0With_background1num51.dat Diff-Evol    1.0e-04 0 1 0 0     NFW        0.0001   0.0001     -2.575 0.422  49 -99.00   28.3        -1928.66       -3837.239   617   0.0001   0.0001     -1.786 0.101 144 -99.00    0.383
2018-05-16-14:52:09 1.15  Mocks_Mamon/MockNFW640ellip0.5loga-2.08PA50center0.0_0.0With_background1num52.dat Diff-Evol    1.0e-04 0 1 0 0     NFW        0.0000   0.0000     -2.435 0.312  48 -99.00   33.9       -1988.355       -3956.634   465   0.0000   0.0000     -1.714 0.011  40 -99.00    0.289
2018-05-16-14:52:09 1.15  Mocks_Mamon/MockNFW640ellip0.5loga-2.08PA50center0.0_0.0With_background1num53.dat Diff-Evol    1.0e-04 0 1 0 0     NFW        0.0000   0.0000     -2.532 0.410  54 -99.00   32.9       -2161.018       -4301.938   666   0.0000   0.0000     -1.691 0.171  25 -99.00    0.416
2018-05-16-14:52:09 1.15  Mocks_Mamon/MockNFW640ellip0.5loga-2.08PA50center0.0_0.0With_background1num54.dat Diff-Evol    1.0e-04 0 1 0 0     NFW      360.0000  -0.0001     -2.310 0.392  46 -99.00   38.8       -2023.252       -4026.439   667 360.0000  -0.0001     -1.634 0.126 139 -99.00    0.415
2018-05-16-14:52:09 1.15  Mocks_Mamon/MockNFW640ellip0.5loga-2.08PA50center0.0_0.0With_background1num55.dat Diff-Evol    1.0e-04 0 1 0 0     NFW        0.0000  -0.0000     -2.384 0.410  55 -99.00   34.6       -1977.965       -3935.857   645   0.0000  -0.0000     -1.687 0.161  28 -99.00    0.401
2018-05-16-14:52:09 1.15  Mocks_Mamon/MockNFW640ellip0.5loga-2.08PA50center0.0_0.0With_background1num56.dat Diff-Evol    1.0e-04 0 1 0 0     NFW        0.0000  -0.0000     -2.288 0.492  55 -99.00   37.9       -1973.565       -3927.099   555   0.0000  -0.0000     -1.625 0.144  32 -99.00    0.393
2018-05-16-14:52:09 1.15  Mocks_Mamon/MockNFW640ellip0.5loga-2.08PA50center0.0_0.0With_background1num57.dat Diff-Evol    1.0e-04 0 1 0 0     NFW        0.0001  -0.0000     -2.520 0.484  47 -99.00   31.3       -2033.682       -4047.318   582   0.0001  -0.0000     -1.763 0.211  43 -99.00    0.367
2018-05-16-14:52:09 1.15  Mocks_Mamon/MockNFW640ellip0.5loga-2.08PA50center0.0_0.0With_background1num58.dat Diff-Evol    1.0e-04 0 1 0 0     NFW      360.0000  -0.0000     -2.501 0.457  47 -99.00   32.0       -2030.505       -4040.949   631 360.0000  -0.0000     -1.701 0.141  42 -99.00    0.396
2018-05-16-14:52:09 1.15  Mocks_Mamon/MockNFW640ellip0.5loga-2.08PA50center0.0_0.0With_background1num59.dat Diff-Evol    1.0e-04 0 1 0 0     NFW      359.9999   0.0000     -2.250 0.481  44 -99.00   40.9       -2003.303       -3986.605   555 359.9999   0.0000     -1.634 0.147 144 -99.00    0.347
2018-05-16-14:52:09 1.15  Mocks_Mamon/MockNFW640ellip0.5loga-2.08PA50center0.0_0.0With_background1num60.dat Diff-Evol    1.0e-04 0 1 0 0     NFW        0.0000   0.0000     -2.574 0.417  52 -99.00   29.0       -1972.871       -3925.699   638   0.0000   0.0000     -1.796 0.091  34 -99.00    0.396
2018-05-16-14:52:09 1.15  Mocks_Mamon/MockNFW640ellip0.5loga-2.08PA50center0.0_0.0With_background1num61.dat Diff-Evol    1.0e-04 0 1 0 0     NFW        0.0001   0.0000     -2.564 0.441  45 -99.00   29.7       -1992.971       -3965.891   631   0.0001   0.0000     -1.759 0.105  38 -99.00    0.393
2018-05-16-14:52:09 1.15  Mocks_Mamon/MockNFW640ellip0.5loga-2.08PA50center0.0_0.0With_background1num62.dat Diff-Evol    1.0e-04 0 1 0 0     NFW        0.0000  -0.0000     -2.528 0.443  51 -99.00   32.1       -2095.761       -4171.443   659   0.0000  -0.0000     -1.664 0.082  42 -99.00    0.410
2018-05-16-14:52:09 1.15  Mocks_Mamon/MockNFW640ellip0.5loga-2.08PA50center0.0_0.0With_background1num63.dat Diff-Evol    1.0e-04 0 1 0 0     NFW        0.0000   0.0000     -2.479 0.446  48 -99.00   33.7       -2112.287       -4204.495   638   0.0000   0.0000     -1.722 0.134  44 -99.00    0.401
2018-05-16-14:52:09 1.15  Mocks_Mamon/MockNFW640ellip0.5loga-2.08PA50center0.0_0.0With_background1num64.dat Diff-Evol    1.0e-04 0 1 0 0     NFW        0.0000   0.0000     -2.553 0.445  56 -99.00   31.2        -2072.54       -4124.985   541   0.0000   0.0000     -1.736 0.153  27 -99.00    0.337
2018-05-16-14:52:09 1.15  Mocks_Mamon/MockNFW640ellip0.5loga-2.08PA50center0.0_0.0With_background1num65.dat Diff-Evol    1.0e-04 0 1 0 0     NFW      360.0000  -0.0000     -2.528 0.272  68 -99.00   32.7       -2098.664       -4177.285   575 360.0000  -0.0000     -1.708 0.098  11 -99.00    0.362
2018-05-16-14:52:09 1.15  Mocks_Mamon/MockNFW640ellip0.5loga-2.08PA50center0.0_0.0With_background1num66.dat Diff-Evol    1.0e-04 0 1 0 0     NFW      360.0000  -0.0000     -2.384 0.477  54 -99.00   36.3       -2055.738       -4091.433   639 360.0000  -0.0000     -1.615 0.179  40 -99.00    0.398
2018-05-16-14:52:09 1.15  Mocks_Mamon/MockNFW640ellip0.5loga-2.08PA50center0.0_0.0With_background1num67.dat Diff-Evol    1.0e-04 0 1 0 0     NFW      360.0000  -0.0000     -2.503 0.482  55 -99.00   28.8       -1843.402       -3666.735   534 360.0000  -0.0000     -1.856 0.159  23 -99.00    0.327
2018-05-16-14:52:09 1.15  Mocks_Mamon/MockNFW640ellip0.5loga-2.08PA50center0.0_0.0With_background1num68.dat Diff-Evol    1.0e-04 0 1 0 0     NFW      360.0000  -0.0000     -2.251 0.503  43 -99.00   40.6       -2002.089       -3984.114   492 360.0000  -0.0000     -1.695 0.162 138 -99.00    0.309
2018-05-16-14:52:09 1.15  Mocks_Mamon/MockNFW640ellip0.5loga-2.08PA50center0.0_0.0With_background1num69.dat Diff-Evol    1.0e-04 0 1 0 0     NFW        0.0000   0.0001     -2.417 0.458  56 -99.00   33.0       -1939.739       -3859.429   672   0.0000   0.0001     -1.749 0.147  25 -99.00    0.420
2018-05-16-14:52:09 1.15  Mocks_Mamon/MockNFW640ellip0.5loga-2.08PA50center0.0_0.0With_background1num70.dat Diff-Evol    1.0e-04 0 1 0 0     NFW      360.0000   0.0000     -2.513 0.351  49 -99.00   32.3       -2064.089       -4108.151   624 360.0000   0.0000     -1.704 0.139 140 -99.00    0.392
2018-05-16-14:52:09 1.15  Mocks_Mamon/MockNFW640ellip0.5loga-2.08PA50center0.0_0.0With_background1num71.dat Diff-Evol    1.0e-04 0 1 0 0     NFW        0.0000   0.0000     -2.472 0.442  49 -99.00   33.7       -2098.535       -4177.015   610   0.0000   0.0000     -1.660 0.121 139 -99.00    0.383
2018-05-16-14:52:09 1.15  Mocks_Mamon/MockNFW640ellip0.5loga-2.08PA50center0.0_0.0With_background1num72.dat Diff-Evol    1.0e-04 0 1 0 0     NFW        0.0001   0.0000     -2.575 0.431  48 -99.00   30.4       -2081.831       -4143.577   743   0.0001   0.0000     -1.816 0.127 136 -99.00    0.459
2018-05-16-14:52:09 1.15  Mocks_Mamon/MockNFW640ellip0.5loga-2.08PA50center0.0_0.0With_background1num73.dat Diff-Evol    1.0e-04 0 1 0 0     NFW      360.0000   0.0000     -2.297 0.398  55 -99.00   38.4       -1989.294       -3958.552   465 360.0000   0.0000     -1.636 0.032  31 -99.00    0.289
2018-05-16-14:52:09 1.15  Mocks_Mamon/MockNFW640ellip0.5loga-2.08PA50center0.0_0.0With_background1num74.dat Diff-Evol    1.0e-04 0 1 0 0     NFW        0.0000  -0.0000     -2.449 0.425  53 -99.00   33.4       -2027.232       -4034.388   548   0.0000  -0.0000     -1.728 0.162  35 -99.00    0.341
2018-05-16-14:52:09 1.15  Mocks_Mamon/MockNFW640ellip0.5loga-2.08PA50center0.0_0.0With_background1num75.dat Diff-Evol    1.0e-04 0 1 0 0     NFW      360.0000  -0.0000     -2.433 0.341  52 -99.00   35.5       -2111.482       -4202.892   548 360.0000  -0.0000     -1.651 0.108  38 -99.00    0.385
2018-05-16-14:52:09 1.15  Mocks_Mamon/MockNFW640ellip0.5loga-2.08PA50center0.0_0.0With_background1num76.dat Diff-Evol    1.0e-04 0 1 0 0     NFW      360.0000  -0.0001     -2.467 0.455  47 -99.00   33.3       -2041.809       -4063.554   659 360.0000  -0.0001     -1.742 0.047  39 -99.00    0.412
2018-05-16-14:52:09 1.15  Mocks_Mamon/MockNFW640ellip0.5loga-2.08PA50center0.0_0.0With_background1num77.dat Diff-Evol    1.0e-04 0 1 0 0     NFW        0.0000  -0.0000     -2.574 0.447  54 -99.00   30.8       -2121.514       -4223.007   757   0.0000  -0.0000     -1.757 0.211  29 -99.00    0.469
2018-05-16-14:52:09 1.15  Mocks_Mamon/MockNFW640ellip0.5loga-2.08PA50center0.0_0.0With_background1num78.dat Diff-Evol    1.0e-04 0 1 0 0     NFW      359.9999  -0.0001     -2.200 0.441  47 -99.00   42.2       -1966.414       -3912.771   688 359.9999  -0.0001     -1.603 0.121  43 -99.00    0.424
2018-05-16-14:52:09 1.15  Mocks_Mamon/MockNFW640ellip0.5loga-2.08PA50center0.0_0.0With_background1num79.dat Diff-Evol    1.0e-04 0 1 0 0     NFW      360.0000  -0.0000     -2.370 0.469  45 -99.00   34.3       -1940.191       -3860.302   618 360.0000  -0.0000     -1.691 0.206 140 -99.00    0.380
2018-05-16-14:52:09 1.15  Mocks_Mamon/MockNFW640ellip0.5loga-2.08PA50center0.0_0.0With_background1num80.dat Diff-Evol    1.0e-04 0 1 0 0     NFW      360.0000   0.0000     -2.454 0.430  47 -99.00   33.7       -2037.911        -4055.75   646 360.0000   0.0000     -1.693 0.100 135 -99.00    0.400
2018-05-16-14:52:09 1.15  Mocks_Mamon/MockNFW640ellip0.5loga-2.08PA50center0.0_0.0With_background1num81.dat Diff-Evol    1.0e-04 0 1 0 0     NFW      359.9999   0.0000     -2.575 0.503  54 -99.00   30.4       -2111.782       -4203.499   735 359.9999   0.0000     -1.712 0.172  38 -99.00    0.461
2018-05-16-14:52:09 1.15  Mocks_Mamon/MockNFW640ellip0.5loga-2.08PA50center0.0_0.0With_background1num82.dat Diff-Evol    1.0e-04 0 1 0 0     NFW      360.0000   0.0000     -2.425 0.397  47 -99.00   33.9       -1999.539       -3979.013   631 360.0000   0.0000     -1.702 0.163  42 -99.00    0.393
2018-05-16-14:52:09 1.15  Mocks_Mamon/MockNFW640ellip0.5loga-2.08PA50center0.0_0.0With_background1num83.dat Diff-Evol    1.0e-04 0 1 0 0     NFW      360.0000  -0.0000     -2.466 0.439  53 -99.00   31.5       -1942.995       -3865.944   555 360.0000  -0.0000     -1.717 0.143  28 -99.00    0.341
2018-05-16-14:52:09 1.15  Mocks_Mamon/MockNFW640ellip0.5loga-2.08PA50center0.0_0.0With_background1num84.dat Diff-Evol    1.0e-04 0 1 0 0     NFW      360.0000   0.0000     -2.568 0.366  51 -99.00   28.5       -1913.626       -3807.187   645 360.0000   0.0000     -1.742 0.118  31 -99.00    0.398
2018-05-16-14:52:09 1.15  Mocks_Mamon/MockNFW640ellip0.5loga-2.08PA50center0.0_0.0With_background1num85.dat Diff-Evol    1.0e-04 0 1 0 0     NFW      360.0000   0.0000     -2.443 0.393  51 -99.00   33.9       -2027.513       -4034.921   458 360.0000   0.0000     -1.701 0.051  22 -99.00    0.284
2018-05-16-14:52:09 1.15  Mocks_Mamon/MockNFW640ellip0.5loga-2.08PA50center0.0_0.0With_background1num86.dat Diff-Evol    1.0e-04 0 1 0 0     NFW      359.9999  -0.0001     -2.395 0.435  48 -99.00   35.6       -2040.128       -4060.198   562 359.9999  -0.0001     -1.674 0.148 141 -99.00    0.349
2018-05-16-14:52:09 1.15  Mocks_Mamon/MockNFW640ellip0.5loga-2.08PA50center0.0_0.0With_background1num87.dat Diff-Evol    1.0e-04 0 1 0 0     NFW      360.0000  -0.0000     -2.574 0.406  51 -99.00   31.3       -2137.493       -4254.909   555 360.0000  -0.0000     -1.705 0.134  44 -99.00    0.348
2018-05-16-14:52:09 1.15  Mocks_Mamon/MockNFW640ellip0.5loga-2.08PA50center0.0_0.0With_background1num88.dat Diff-Evol    1.0e-04 0 1 0 0     NFW        0.0000   0.0000     -2.334 0.433  49 -99.00   39.1       -2100.916       -4181.736   534   0.0000   0.0000     -1.648 0.116 137 -99.00    0.336
2018-05-16-14:52:09 1.15  Mocks_Mamon/MockNFW640ellip0.5loga-2.08PA50center0.0_0.0With_background1num89.dat Diff-Evol    1.0e-04 0 1 0 0     NFW      360.0000  -0.0000     -2.412 0.426  43 -99.00   34.8       -2025.108       -4030.177   520 360.0000  -0.0000     -1.698 0.120 147 -99.00    0.325
2018-05-16-14:52:09 1.15  Mocks_Mamon/MockNFW640ellip0.5loga-2.08PA50center0.0_0.0With_background1num90.dat Diff-Evol    1.0e-04 0 1 0 0     NFW        0.0000   0.0000     -2.385 0.387  58 -99.00   35.2       -2017.508       -4014.988   520   0.0000   0.0000     -1.730 0.107  26 -99.00    0.324
2018-05-16-14:52:09 1.15  Mocks_Mamon/MockNFW640ellip0.5loga-2.08PA50center0.0_0.0With_background1num91.dat Diff-Evol    1.0e-04 0 1 0 0     NFW      360.0000  -0.0000     -2.529 0.459  54 -99.00   32.5       -2134.884       -4249.677   631 360.0000  -0.0000     -1.698 0.146  33 -99.00    0.397
2018-05-16-14:52:09 1.15  Mocks_Mamon/MockNFW640ellip0.5loga-2.08PA50center0.0_0.0With_background1num92.dat Diff-Evol    1.0e-04 0 1 0 0     NFW        0.0001   0.0000     -2.422 0.478  52 -99.00   33.0       -1959.324       -3898.614   569   0.0001   0.0000     -1.781 0.169  38 -99.00    0.352
2018-05-16-14:52:09 1.15  Mocks_Mamon/MockNFW640ellip0.5loga-2.08PA50center0.0_0.0With_background1num93.dat Diff-Evol    1.0e-04 0 1 0 0     NFW      359.9999  -0.0001     -2.531 0.466  42 -99.00   32.3       -2137.896       -4255.746   652 359.9999  -0.0001     -1.723 0.171 140 -99.00    0.408
2018-05-16-14:52:09 1.15  Mocks_Mamon/MockNFW640ellip0.5loga-2.08PA50center0.0_0.0With_background1num94.dat Diff-Evol    1.0e-04 0 1 0 0     NFW      360.0000   0.0001     -2.433 0.382  51 -99.00   34.1       -2016.332       -4012.565   541 360.0000   0.0001     -1.783 0.152  24 -99.00    0.335
2018-05-16-14:52:09 1.15  Mocks_Mamon/MockNFW640ellip0.5loga-2.08PA50center0.0_0.0With_background1num95.dat Diff-Evol    1.0e-04 0 1 0 0     NFW      360.0000   0.0000     -2.419 0.490  52 -99.00   35.8       -2142.818       -4265.578   555 360.0000   0.0000     -1.628 0.191  40 -99.00    0.348
2018-05-16-14:52:09 1.15  Mocks_Mamon/MockNFW640ellip0.5loga-2.08PA50center0.0_0.0With_background1num96.dat Diff-Evol    1.0e-04 0 1 0 0     NFW      360.0000  -0.0000     -2.425 0.263  51 -99.00   32.2       -1888.456       -3756.862   645 360.0000  -0.0000     -1.703 0.114  18 -99.00    0.398
2018-05-16-14:52:09 1.15  Mocks_Mamon/MockNFW640ellip0.5loga-2.08PA50center0.0_0.0With_background1num97.dat Diff-Evol    1.0e-04 0 1 0 0     NFW      360.0000  -0.0000     -2.572 0.434  46 -99.00   31.6       -2120.577       -4221.081   652 360.0000  -0.0000     -1.606 0.140 141 -99.00    0.408
2018-05-16-14:52:09 1.15  Mocks_Mamon/MockNFW640ellip0.5loga-2.08PA50center0.0_0.0With_background1num98.dat Diff-Evol    1.0e-04 0 1 0 0     NFW        0.0001   0.0000     -2.524 0.341  54 -99.00   32.3       -2090.041       -4160.055   465   0.0001   0.0000     -1.658 0.129  14 -99.00    0.288
2018-05-16-14:52:09 1.15  Mocks_Mamon/MockNFW640ellip0.5loga-2.08PA50center0.0_0.0With_background1num99.dat Diff-Evol    1.0e-04 0 1 0 0     NFW      360.0000   0.0000     -2.529 0.390  54 -99.00   32.7       -2155.357       -4290.624   569 360.0000   0.0000     -1.641 0.142  28 -99.00    0.356
