2018-05-16-14:51:23 1.15  Mocks_Mamon/MockNFW640ellip0.5loga-2.08PA50center0.0_0.0With_background1num0.dat TNC          1.0e-04 0 1 0 0     NFW        0.0000   0.0000     -2.398 0.457  49 -99.00   33.9       -1985.067       -3950.099    70   0.0000   0.0000     -1.639 0.094  40 -99.00    0.321
2018-05-16-14:51:23 1.15  Mocks_Mamon/MockNFW640ellip0.5loga-2.08PA50center0.0_0.0With_background1num1.dat TNC          1.0e-04 0 1 0 0     NFW        0.0001  -0.0000     -2.432 0.383  50 -99.00   35.9       -2131.293       -4242.506   300   0.0001  -0.0000     -1.671 0.169  43 -99.00    1.394
2018-05-16-14:51:23 1.15  Mocks_Mamon/MockNFW640ellip0.5loga-2.08PA50center0.0_0.0With_background1num2.dat TNC          1.0e-04 0 1 0 0     NFW        0.0000   0.0000     -2.456 0.360  47 -99.00   34.0       -2035.228       -4050.391    55   0.0000   0.0000     -1.667 0.141  42 -99.00    0.257
2018-05-16-14:51:23 1.15  Mocks_Mamon/MockNFW640ellip0.5loga-2.08PA50center0.0_0.0With_background1num3.dat TNC          1.0e-04 0 1 0 0     NFW        0.0000  -0.0000     -2.574 0.438  52 -99.00   28.7       -1943.257       -3866.467   121   0.0000  -0.0000     -1.792 0.080  23 -99.00    0.550
2018-05-16-14:51:23 1.15  Mocks_Mamon/MockNFW640ellip0.5loga-2.08PA50center0.0_0.0With_background1num4.dat TNC          1.0e-04 0 1 0 0     NFW        0.0001   0.0001     -2.402 0.329  40 -99.00   35.4       -2046.084       -4072.084    50   0.0001   0.0001     -1.690 0.154  38 -99.00    0.235
2018-05-16-14:51:23 1.15  Mocks_Mamon/MockNFW640ellip0.5loga-2.08PA50center0.0_0.0With_background1num5.dat TNC          1.0e-04 0 1 0 0     NFW      360.0000   0.0000     -2.446 0.439  52 -99.00   33.9       -2022.729       -4025.367   120 360.0000   0.0000     -1.688 0.154  36 -99.00    0.557
2018-05-16-14:51:23 1.15  Mocks_Mamon/MockNFW640ellip0.5loga-2.08PA50center0.0_0.0With_background1num6.dat TNC          1.0e-04 0 1 0 0     NFW        0.0000   0.0000     -2.345 0.392  34 -99.00   36.5       -1978.656       -3937.237    61   0.0000   0.0000     -1.684 0.154  33 -99.00    0.283
2018-05-16-14:51:23 1.15  Mocks_Mamon/MockNFW640ellip0.5loga-2.08PA50center0.0_0.0With_background1num7.dat TNC          1.0e-04 0 1 0 0     NFW        0.0000   0.0000     -2.574 0.382  51 -99.00   30.3       -2070.104       -4120.138    89   0.0000   0.0000     -1.722 0.090  43 -99.00    0.410
2018-05-16-14:51:23 1.15  Mocks_Mamon/MockNFW640ellip0.5loga-2.08PA50center0.0_0.0With_background1num8.dat TNC          1.0e-04 0 1 0 0     NFW      360.0000   0.0001     -2.574 0.000 142 -99.00   31.3       -2052.396        -4084.73    48 360.0000   0.0001     -1.619 0.188 140 -99.00    0.226
2018-05-16-14:51:23 1.15  Mocks_Mamon/MockNFW640ellip0.5loga-2.08PA50center0.0_0.0With_background1num9.dat TNC          1.0e-04 0 1 0 0     NFW      360.0000  -0.0001     -2.419 0.477  48 -99.00   38.1       -2249.999       -4479.907    65 360.0000  -0.0001     -1.645 0.128  44 -99.00    0.326
2018-05-16-14:51:23 1.15  Mocks_Mamon/MockNFW640ellip0.5loga-2.08PA50center0.0_0.0With_background1num10.dat TNC          1.0e-04 0 1 0 0     NFW        0.0001  -0.0000     -2.574 0.000 142 -99.00   30.2       -1998.173       -3976.284    55   0.0001  -0.0000     -1.695 0.110 142 -99.00    0.257
2018-05-16-14:51:23 1.15  Mocks_Mamon/MockNFW640ellip0.5loga-2.08PA50center0.0_0.0With_background1num11.dat TNC          1.0e-04 0 1 0 0     NFW      360.0000   0.0000     -2.479 0.443  50 -99.00   32.5       -2021.036       -4022.007    59 360.0000   0.0000     -1.782 0.131  42 -99.00    0.273
2018-05-16-14:51:23 1.15  Mocks_Mamon/MockNFW640ellip0.5loga-2.08PA50center0.0_0.0With_background1num12.dat TNC          1.0e-04 0 1 0 0     NFW      360.0000  -0.0000     -2.575 0.000 158 -99.00   29.6       -2025.411       -4030.734    43 360.0000  -0.0000     -1.709 0.032 157 -99.00    0.201
2018-05-16-14:51:23 1.15  Mocks_Mamon/MockNFW640ellip0.5loga-2.08PA50center0.0_0.0With_background1num13.dat TNC          1.0e-04 0 1 0 0     NFW        0.0001   0.0000     -2.415 0.000 152 -99.00   34.1       -1996.097       -3972.118    47   0.0001   0.0000     -1.757 0.069 148 -99.00    0.221
2018-05-16-14:51:23 1.15  Mocks_Mamon/MockNFW640ellip0.5loga-2.08PA50center0.0_0.0With_background1num14.dat TNC          1.0e-04 0 1 0 0     NFW        0.0001   0.0001     -2.575 0.446  50 -99.00   30.0       -2066.878       -4113.709   105   0.0001   0.0001     -1.781 0.090  43 -99.00    0.483
2018-05-16-14:51:23 1.15  Mocks_Mamon/MockNFW640ellip0.5loga-2.08PA50center0.0_0.0With_background1num15.dat TNC          1.0e-04 0 1 0 0     NFW      359.9999   0.0001     -2.483 0.000 163 -99.00   34.6       -2133.604       -4247.143    77 359.9999   0.0001     -1.697 0.020 161 -99.00    0.368
2018-05-16-14:51:23 1.15  Mocks_Mamon/MockNFW640ellip0.5loga-2.08PA50center0.0_0.0With_background1num16.dat TNC          1.0e-04 0 1 0 0     NFW        0.0000  -0.0001     -2.427 0.414  57 -99.00   36.1       -2132.928        -4245.81    78   0.0000  -0.0001     -1.672 0.120  24 -99.00    0.366
2018-05-16-14:51:23 1.15  Mocks_Mamon/MockNFW640ellip0.5loga-2.08PA50center0.0_0.0With_background1num17.dat TNC          1.0e-04 0 1 0 0     NFW        0.0000  -0.0001     -2.553 0.018 180 -99.00   31.0       -2018.674       -4017.291    30   0.0000  -0.0001     -1.706 0.108 160 -99.00    0.143
2018-05-16-14:51:23 1.15  Mocks_Mamon/MockNFW640ellip0.5loga-2.08PA50center0.0_0.0With_background1num18.dat TNC          1.0e-04 0 1 0 0     NFW      360.0000  -0.0000     -2.459 0.464  55 -99.00   33.2       -2033.246       -4046.415    85 360.0000  -0.0000     -1.743 0.185  29 -99.00    0.394
2018-05-16-14:51:23 1.15  Mocks_Mamon/MockNFW640ellip0.5loga-2.08PA50center0.0_0.0With_background1num19.dat TNC          1.0e-04 0 1 0 0     NFW      360.0000  -0.0000     -2.352 0.462  52 -99.00   35.7         -1957.6       -3895.147   155 360.0000  -0.0000     -1.637 0.069  37 -99.00    0.712
2018-05-16-14:51:23 1.15  Mocks_Mamon/MockNFW640ellip0.5loga-2.08PA50center0.0_0.0With_background1num20.dat TNC          1.0e-04 0 1 0 0     NFW        0.0000   0.0000     -2.417 0.278  28 -99.00   33.3       -1936.038       -3852.025    91   0.0000   0.0000     -1.761 0.094  28 -99.00    0.418
2018-05-16-14:51:23 1.15  Mocks_Mamon/MockNFW640ellip0.5loga-2.08PA50center0.0_0.0With_background1num21.dat TNC          1.0e-04 0 1 0 0     NFW      359.9999  -0.0001     -2.533 0.000 144 -99.00   32.4       -2037.229       -4054.396    36 359.9999  -0.0001     -1.657 0.117 141 -99.00    0.172
2018-05-16-14:51:23 1.15  Mocks_Mamon/MockNFW640ellip0.5loga-2.08PA50center0.0_0.0With_background1num22.dat TNC          1.0e-04 0 1 0 0     NFW        0.0001   0.0001     -2.423 0.449  53 -99.00   33.1       -1948.846        -3877.62    99   0.0001   0.0001     -1.714 0.147  31 -99.00    0.456
2018-05-16-14:51:23 1.15  Mocks_Mamon/MockNFW640ellip0.5loga-2.08PA50center0.0_0.0With_background1num23.dat TNC          1.0e-04 0 1 0 0     NFW      359.9999  -0.0002     -2.575 0.392  39 -99.00   31.7       -2190.678       -4361.311    35 359.9999  -0.0002     -1.716 0.161  39 -99.00    0.166
2018-05-16-14:51:23 1.15  Mocks_Mamon/MockNFW640ellip0.5loga-2.08PA50center0.0_0.0With_background1num24.dat TNC          1.0e-04 0 1 0 0     NFW      359.9999   0.0000     -2.411 0.460  52 -99.00   33.3        -1958.43       -3896.802    90 359.9999   0.0000     -1.756 0.148  34 -99.00    0.411
2018-05-16-14:51:23 1.15  Mocks_Mamon/MockNFW640ellip0.5loga-2.08PA50center0.0_0.0With_background1num25.dat TNC          1.0e-04 0 1 0 0     NFW        0.0000  -0.0001     -2.349 0.484  43 -99.00   36.1       -1963.462       -3906.894    72   0.0000  -0.0001     -1.718 0.139  43 -99.00    0.333
2018-05-16-14:51:23 1.15  Mocks_Mamon/MockNFW640ellip0.5loga-2.08PA50center0.0_0.0With_background1num26.dat TNC          1.0e-04 0 1 0 0     NFW        0.0000   0.0000     -2.574 0.000 138 -99.00   29.6       -1978.328       -3936.576    33   0.0000   0.0000     -1.797 0.078 139 -99.00    0.156
2018-05-16-14:51:23 1.15  Mocks_Mamon/MockNFW640ellip0.5loga-2.08PA50center0.0_0.0With_background1num27.dat TNC          1.0e-04 0 1 0 0     NFW        0.0000  -0.0000     -2.574 0.000 134 -99.00   32.1       -2125.738       -4231.407    23   0.0000  -0.0000     -1.738 0.093 135 -99.00    0.122
2018-05-16-14:51:23 1.15  Mocks_Mamon/MockNFW640ellip0.5loga-2.08PA50center0.0_0.0With_background1num28.dat TNC          1.0e-04 0 1 0 0     NFW      360.0000  -0.0000     -2.455 0.449  56 -99.00   32.6       -1984.343       -3948.625    94 360.0000  -0.0000     -1.653 0.169  32 -99.00    0.432
2018-05-16-14:51:23 1.15  Mocks_Mamon/MockNFW640ellip0.5loga-2.08PA50center0.0_0.0With_background1num29.dat TNC          1.0e-04 0 1 0 0     NFW      360.0000  -0.0000     -2.533 0.247  27 -99.00   32.0       -2085.795       -4151.481    36 360.0000  -0.0000     -1.671 0.154  27 -99.00    0.170
2018-05-16-14:51:23 1.15  Mocks_Mamon/MockNFW640ellip0.5loga-2.08PA50center0.0_0.0With_background1num30.dat TNC          1.0e-04 0 1 0 0     NFW      360.0000  -0.0000     -2.551 0.000 137 -99.00   30.9       -2017.224       -4014.376    38 360.0000  -0.0000     -1.719 0.026 137 -99.00    0.179
2018-05-16-14:51:23 1.15  Mocks_Mamon/MockNFW640ellip0.5loga-2.08PA50center0.0_0.0With_background1num31.dat TNC          1.0e-04 0 1 0 0     NFW        0.0000   0.0000     -2.509 0.046 180 -99.00   31.9       -1995.111        -3970.15    76   0.0000   0.0000     -1.708 0.071 158 -99.00    0.353
2018-05-16-14:51:23 1.15  Mocks_Mamon/MockNFW640ellip0.5loga-2.08PA50center0.0_0.0With_background1num32.dat TNC          1.0e-04 0 1 0 0     NFW        0.0000   0.0000     -2.439 0.463  48 -99.00   34.8       -2127.399       -4234.706    64   0.0000   0.0000     -1.739 0.190  44 -99.00    0.299
2018-05-16-14:51:23 1.15  Mocks_Mamon/MockNFW640ellip0.5loga-2.08PA50center0.0_0.0With_background1num33.dat TNC          1.0e-04 0 1 0 0     NFW      360.0000  -0.0000     -2.576 0.000 137 -99.00   29.1        -1932.65       -3845.212    55 360.0000  -0.0000     -1.801 0.201 141 -99.00    0.258
2018-05-16-14:51:23 1.15  Mocks_Mamon/MockNFW640ellip0.5loga-2.08PA50center0.0_0.0With_background1num34.dat TNC          1.0e-04 0 1 0 0     NFW        0.0001   0.0001     -2.457 0.000 146 -99.00   34.4       -2049.929       -4079.792    49   0.0001   0.0001     -1.699 0.151 146 -99.00    0.232
2018-05-16-14:51:23 1.15  Mocks_Mamon/MockNFW640ellip0.5loga-2.08PA50center0.0_0.0With_background1num35.dat TNC          1.0e-04 0 1 0 0     NFW        0.0000   0.0001     -2.319 0.000  14 -99.00   36.9       -1891.707       -3763.368    27   0.0000   0.0001     -1.664 0.227  25 -99.00    0.134
2018-05-16-14:51:23 1.15  Mocks_Mamon/MockNFW640ellip0.5loga-2.08PA50center0.0_0.0With_background1num36.dat TNC          1.0e-04 0 1 0 0     NFW        0.0000  -0.0000     -2.479 0.347  50 -99.00   32.5       -2019.375       -4018.712    70   0.0000  -0.0000     -1.731 0.068  45 -99.00    0.323
2018-05-16-14:51:23 1.15  Mocks_Mamon/MockNFW640ellip0.5loga-2.08PA50center0.0_0.0With_background1num37.dat TNC          1.0e-04 0 1 0 0     NFW      359.9999   0.0000     -2.427 0.404  43 -99.00   34.0       -1993.563       -3967.065    56 359.9999   0.0000     -1.754 0.141  43 -99.00    0.262
2018-05-16-14:51:23 1.15  Mocks_Mamon/MockNFW640ellip0.5loga-2.08PA50center0.0_0.0With_background1num38.dat TNC          1.0e-04 0 1 0 0     NFW        0.0001  -0.0000     -2.354 0.501  51 -99.00   35.9       -2011.299       -4002.517    52   0.0001  -0.0000     -1.699 0.208  35 -99.00    0.243
2018-05-16-14:51:23 1.15  Mocks_Mamon/MockNFW640ellip0.5loga-2.08PA50center0.0_0.0With_background1num39.dat TNC          1.0e-04 0 1 0 0     NFW      360.0000   0.0000     -2.319 0.473  56 -99.00   39.4       -2112.348       -4204.627    55 360.0000   0.0000     -1.631 0.170  26 -99.00    0.259
2018-05-16-14:51:23 1.15  Mocks_Mamon/MockNFW640ellip0.5loga-2.08PA50center0.0_0.0With_background1num40.dat TNC          1.0e-04 0 1 0 0     NFW        0.0000  -0.0001     -2.462 0.460  46 -99.00   35.4       -2196.969       -4373.884   101   0.0000  -0.0001     -1.646 0.172  32 -99.00    0.472
2018-05-16-14:51:23 1.15  Mocks_Mamon/MockNFW640ellip0.5loga-2.08PA50center0.0_0.0With_background1num41.dat TNC          1.0e-04 0 1 0 0     NFW      360.0000  -0.0000     -2.475 0.471  38 -99.00   33.5       -2120.327       -4220.588    55 360.0000  -0.0000     -1.745 0.141  41 -99.00    0.258
2018-05-16-14:51:23 1.15  Mocks_Mamon/MockNFW640ellip0.5loga-2.08PA50center0.0_0.0With_background1num42.dat TNC          1.0e-04 0 1 0 0     NFW      360.0000  -0.0002     -2.275 0.000 131 -99.00   41.1       -2117.183       -4214.311    53 360.0000  -0.0002     -1.749 0.116 135 -99.00    0.250
2018-05-16-14:51:23 1.15  Mocks_Mamon/MockNFW640ellip0.5loga-2.08PA50center0.0_0.0With_background1num43.dat TNC          1.0e-04 0 1 0 0     NFW      360.0000   0.0000     -2.399 0.488  49 -99.00   35.7       -2070.606       -4121.166    78 360.0000   0.0000     -1.671 0.192  42 -99.00    0.362
2018-05-16-14:51:23 1.15  Mocks_Mamon/MockNFW640ellip0.5loga-2.08PA50center0.0_0.0With_background1num44.dat TNC          1.0e-04 0 1 0 0     NFW        0.0001  -0.0000     -2.453 0.456  50 -99.00   31.8       -1951.928       -3883.813    81   0.0001  -0.0000     -1.737 0.143  40 -99.00    0.372
2018-05-16-14:51:23 1.15  Mocks_Mamon/MockNFW640ellip0.5loga-2.08PA50center0.0_0.0With_background1num45.dat TNC          1.0e-04 0 1 0 0     NFW        0.0000   0.0000     -2.517 0.112 180 -99.00   32.4        -2044.26       -4068.458    73   0.0000   0.0000     -1.727 0.200 148 -99.00    0.341
2018-05-16-14:51:23 1.15  Mocks_Mamon/MockNFW640ellip0.5loga-2.08PA50center0.0_0.0With_background1num46.dat TNC          1.0e-04 0 1 0 0     NFW      359.9999  -0.0000     -2.404 0.306  30 -99.00   35.8       -2067.266       -4114.436    39 359.9999  -0.0000     -1.697 0.185  28 -99.00    0.185
2018-05-16-14:51:23 1.15  Mocks_Mamon/MockNFW640ellip0.5loga-2.08PA50center0.0_0.0With_background1num47.dat TNC          1.0e-04 0 1 0 0     NFW      360.0000   0.0000     -2.574 0.000 160 -99.00   30.0       -2026.517       -4032.992    48 360.0000   0.0000     -1.814 0.127 144 -99.00    0.224
2018-05-16-14:51:23 1.15  Mocks_Mamon/MockNFW640ellip0.5loga-2.08PA50center0.0_0.0With_background1num48.dat TNC          1.0e-04 0 1 0 0     NFW      360.0000   0.0000     -2.301 0.469  51 -99.00   38.3       -1984.564       -3949.085    50 360.0000   0.0000     -1.754 0.192  37 -99.00    0.233
2018-05-16-14:51:23 1.15  Mocks_Mamon/MockNFW640ellip0.5loga-2.08PA50center0.0_0.0With_background1num49.dat TNC          1.0e-04 0 1 0 0     NFW        0.0000  -0.0000     -2.577 0.477  55 -99.00   29.3       -1990.598       -3961.164   135   0.0000  -0.0000     -1.805 0.201  22 -99.00    0.614
2018-05-16-14:51:23 1.15  Mocks_Mamon/MockNFW640ellip0.5loga-2.08PA50center0.0_0.0With_background1num50.dat TNC          1.0e-04 0 1 0 0     NFW      360.0000   0.0000     -2.575 0.000 143 -99.00   30.4        -2016.53       -4013.017    42 360.0000   0.0000     -1.769 0.155 138 -99.00    0.199
2018-05-16-14:51:23 1.15  Mocks_Mamon/MockNFW640ellip0.5loga-2.08PA50center0.0_0.0With_background1num51.dat TNC          1.0e-04 0 1 0 0     NFW        0.0001   0.0001     -2.575 0.000 147 -99.00   28.3       -1905.723       -3791.365    31   0.0001   0.0001     -1.786 0.101 144 -99.00    0.146
2018-05-16-14:51:23 1.15  Mocks_Mamon/MockNFW640ellip0.5loga-2.08PA50center0.0_0.0With_background1num52.dat TNC          1.0e-04 0 1 0 0     NFW        0.0000   0.0000     -2.435 0.312  51 -99.00   33.9       -1988.456       -3956.836   100   0.0000   0.0000     -1.714 0.011  40 -99.00    0.462
2018-05-16-14:51:23 1.15  Mocks_Mamon/MockNFW640ellip0.5loga-2.08PA50center0.0_0.0With_background1num53.dat TNC          1.0e-04 0 1 0 0     NFW        0.0000   0.0000     -2.533 0.415  52 -99.00   32.8       -2161.242       -4302.386   104   0.0000   0.0000     -1.691 0.171  25 -99.00    0.485
2018-05-16-14:51:23 1.15  Mocks_Mamon/MockNFW640ellip0.5loga-2.08PA50center0.0_0.0With_background1num54.dat TNC          1.0e-04 0 1 0 0     NFW      360.0000  -0.0001     -2.425 0.000 138 -99.00   35.1       -2001.645       -3983.226    55 360.0000  -0.0001     -1.634 0.126 139 -99.00    0.259
2018-05-16-14:51:23 1.15  Mocks_Mamon/MockNFW640ellip0.5loga-2.08PA50center0.0_0.0With_background1num55.dat TNC          1.0e-04 0 1 0 0     NFW        0.0000  -0.0000     -2.403 0.261  28 -99.00   34.0       -1963.678       -3907.283    56   0.0000  -0.0000     -1.687 0.161  28 -99.00    0.259
2018-05-16-14:51:23 1.15  Mocks_Mamon/MockNFW640ellip0.5loga-2.08PA50center0.0_0.0With_background1num56.dat TNC          1.0e-04 0 1 0 0     NFW        0.0000  -0.0000     -2.288 0.493  54 -99.00   37.9       -1973.613       -3927.195   115   0.0000  -0.0000     -1.625 0.144  32 -99.00    0.531
2018-05-16-14:51:23 1.15  Mocks_Mamon/MockNFW640ellip0.5loga-2.08PA50center0.0_0.0With_background1num57.dat TNC          1.0e-04 0 1 0 0     NFW        0.0001  -0.0000     -2.575 0.475  43 -99.00   30.0       -2032.462       -4044.877    42   0.0001  -0.0000     -1.763 0.211  43 -99.00    0.196
2018-05-16-14:51:23 1.15  Mocks_Mamon/MockNFW640ellip0.5loga-2.08PA50center0.0_0.0With_background1num58.dat TNC          1.0e-04 0 1 0 0     NFW      360.0000  -0.0000     -2.517 0.454  48 -99.00   31.6       -2030.678       -4041.295   120 360.0000  -0.0000     -1.701 0.141  42 -99.00    0.556
2018-05-16-14:51:23 1.15  Mocks_Mamon/MockNFW640ellip0.5loga-2.08PA50center0.0_0.0With_background1num59.dat TNC          1.0e-04 0 1 0 0     NFW      359.9999   0.0000     -2.343 0.000 159 -99.00   37.6       -1970.025        -3920.05    43 359.9999   0.0000     -1.634 0.147 144 -99.00    0.204
2018-05-16-14:51:23 1.15  Mocks_Mamon/MockNFW640ellip0.5loga-2.08PA50center0.0_0.0With_background1num60.dat TNC          1.0e-04 0 1 0 0     NFW        0.0000   0.0000     -2.574 0.417  53 -99.00   29.0       -1972.923       -3925.804    68   0.0000   0.0000     -1.796 0.091  34 -99.00    0.312
2018-05-16-14:51:23 1.15  Mocks_Mamon/MockNFW640ellip0.5loga-2.08PA50center0.0_0.0With_background1num61.dat TNC          1.0e-04 0 1 0 0     NFW        0.0001   0.0000     -2.563 0.439  46 -99.00   29.7       -1992.985       -3965.919    96   0.0001   0.0000     -1.759 0.105  38 -99.00    0.442
2018-05-16-14:51:23 1.15  Mocks_Mamon/MockNFW640ellip0.5loga-2.08PA50center0.0_0.0With_background1num62.dat TNC          1.0e-04 0 1 0 0     NFW        0.0000  -0.0000     -2.515 0.412  41 -99.00   32.5        -2091.37       -4162.659   123   0.0000  -0.0000     -1.664 0.082  42 -99.00    0.567
2018-05-16-14:51:23 1.15  Mocks_Mamon/MockNFW640ellip0.5loga-2.08PA50center0.0_0.0With_background1num63.dat TNC          1.0e-04 0 1 0 0     NFW        0.0000   0.0000     -2.479 0.447  49 -99.00   33.7       -2112.394       -4204.709    57   0.0000   0.0000     -1.722 0.134  44 -99.00    0.266
2018-05-16-14:51:23 1.15  Mocks_Mamon/MockNFW640ellip0.5loga-2.08PA50center0.0_0.0With_background1num64.dat TNC          1.0e-04 0 1 0 0     NFW        0.0000   0.0000     -2.553 0.443  55 -99.00   31.1       -2072.495       -4124.895    93   0.0000   0.0000     -1.736 0.153  27 -99.00    0.430
2018-05-16-14:51:23 1.15  Mocks_Mamon/MockNFW640ellip0.5loga-2.08PA50center0.0_0.0With_background1num65.dat TNC          1.0e-04 0 1 0 0     NFW      360.0000  -0.0000     -2.537 0.274  64 -99.00   32.5        -2098.87       -4177.697    58 360.0000  -0.0000     -1.708 0.098  11 -99.00    0.271
2018-05-16-14:51:23 1.15  Mocks_Mamon/MockNFW640ellip0.5loga-2.08PA50center0.0_0.0With_background1num66.dat TNC          1.0e-04 0 1 0 0     NFW      360.0000  -0.0000     -2.385 0.477  54 -99.00   36.3       -2055.738       -4091.433   119 360.0000  -0.0000     -1.615 0.179  40 -99.00    0.547
2018-05-16-14:51:23 1.15  Mocks_Mamon/MockNFW640ellip0.5loga-2.08PA50center0.0_0.0With_background1num67.dat TNC          1.0e-04 0 1 0 0     NFW      360.0000  -0.0000     -2.502 0.483  55 -99.00   28.8       -1843.402       -3666.735   234 360.0000  -0.0000     -1.856 0.159  23 -99.00    1.051
2018-05-16-14:51:23 1.15  Mocks_Mamon/MockNFW640ellip0.5loga-2.08PA50center0.0_0.0With_background1num68.dat TNC          1.0e-04 0 1 0 0     NFW      360.0000  -0.0000     -2.437 0.000 141 -99.00   34.5       -1964.116       -3908.167    53 360.0000  -0.0000     -1.695 0.162 138 -99.00    0.250
2018-05-16-14:51:23 1.15  Mocks_Mamon/MockNFW640ellip0.5loga-2.08PA50center0.0_0.0With_background1num69.dat TNC          1.0e-04 0 1 0 0     NFW        0.0000   0.0001     -2.417 0.457  57 -99.00   33.0       -1939.738       -3859.426   106   0.0000   0.0001     -1.749 0.147  25 -99.00    0.486
2018-05-16-14:51:23 1.15  Mocks_Mamon/MockNFW640ellip0.5loga-2.08PA50center0.0_0.0With_background1num70.dat TNC          1.0e-04 0 1 0 0     NFW      360.0000   0.0000     -2.575 0.000 143 -99.00   30.8       -2045.741       -4071.454    50 360.0000   0.0000     -1.704 0.139 140 -99.00    0.235
2018-05-16-14:51:23 1.15  Mocks_Mamon/MockNFW640ellip0.5loga-2.08PA50center0.0_0.0With_background1num71.dat TNC          1.0e-04 0 1 0 0     NFW        0.0000   0.0000     -2.575 0.000 139 -99.00   31.1       -2070.724       -4121.394    52   0.0000   0.0000     -1.660 0.121 139 -99.00    0.247
2018-05-16-14:51:23 1.15  Mocks_Mamon/MockNFW640ellip0.5loga-2.08PA50center0.0_0.0With_background1num72.dat TNC          1.0e-04 0 1 0 0     NFW        0.0001   0.0000     -2.575 0.000 136 -99.00   30.4       -2056.157        -4092.23    41   0.0001   0.0000     -1.816 0.127 136 -99.00    0.193
2018-05-16-14:51:23 1.15  Mocks_Mamon/MockNFW640ellip0.5loga-2.08PA50center0.0_0.0With_background1num73.dat TNC          1.0e-04 0 1 0 0     NFW      360.0000   0.0000     -2.303 0.397  54 -99.00   38.2       -1989.288       -3958.541    67 360.0000   0.0000     -1.636 0.032  31 -99.00    0.312
2018-05-16-14:51:23 1.15  Mocks_Mamon/MockNFW640ellip0.5loga-2.08PA50center0.0_0.0With_background1num74.dat TNC          1.0e-04 0 1 0 0     NFW        0.0000  -0.0000     -2.453 0.334  35 -99.00   33.3        -2018.84       -4017.604    62   0.0000  -0.0000     -1.728 0.162  35 -99.00    0.288
2018-05-16-14:51:23 1.15  Mocks_Mamon/MockNFW640ellip0.5loga-2.08PA50center0.0_0.0With_background1num75.dat TNC          1.0e-04 0 1 0 0     NFW      360.0000  -0.0000     -2.442 0.340  54 -99.00   35.2       -2111.551       -4203.029    82 360.0000  -0.0000     -1.651 0.108  38 -99.00    0.383
2018-05-16-14:51:23 1.15  Mocks_Mamon/MockNFW640ellip0.5loga-2.08PA50center0.0_0.0With_background1num76.dat TNC          1.0e-04 0 1 0 0     NFW      360.0000  -0.0001     -2.476 0.457  48 -99.00   33.0       -2041.931       -4063.797    28 360.0000  -0.0001     -1.742 0.047  39 -99.00    0.133
2018-05-16-14:51:23 1.15  Mocks_Mamon/MockNFW640ellip0.5loga-2.08PA50center0.0_0.0With_background1num77.dat TNC          1.0e-04 0 1 0 0     NFW        0.0000  -0.0000     -2.574 0.447  54 -99.00   30.8       -2121.514       -4223.007    90   0.0000  -0.0000     -1.757 0.211  29 -99.00    0.416
2018-05-16-14:51:23 1.15  Mocks_Mamon/MockNFW640ellip0.5loga-2.08PA50center0.0_0.0With_background1num78.dat TNC          1.0e-04 0 1 0 0     NFW      359.9999  -0.0001     -2.203 0.434  45 -99.00   42.0       -1966.232       -3912.407    65 359.9999  -0.0001     -1.603 0.121  43 -99.00    0.305
2018-05-16-14:51:23 1.15  Mocks_Mamon/MockNFW640ellip0.5loga-2.08PA50center0.0_0.0With_background1num79.dat TNC          1.0e-04 0 1 0 0     NFW      360.0000  -0.0000     -2.575 0.000 161 -99.00   29.1       -1908.995        -3797.91    32 360.0000  -0.0000     -1.691 0.206 140 -99.00    0.150
2018-05-16-14:51:23 1.15  Mocks_Mamon/MockNFW640ellip0.5loga-2.08PA50center0.0_0.0With_background1num80.dat TNC          1.0e-04 0 1 0 0     NFW      360.0000   0.0000     -2.576 0.000 135 -99.00   30.6       -2012.027       -4003.982    45 360.0000   0.0000     -1.693 0.100 135 -99.00    0.213
2018-05-16-14:51:23 1.15  Mocks_Mamon/MockNFW640ellip0.5loga-2.08PA50center0.0_0.0With_background1num81.dat TNC          1.0e-04 0 1 0 0     NFW      359.9999   0.0000     -2.575 0.503  53 -99.00   30.4       -2111.836       -4203.608    32 359.9999   0.0000     -1.712 0.172  38 -99.00    0.150
2018-05-16-14:51:23 1.15  Mocks_Mamon/MockNFW640ellip0.5loga-2.08PA50center0.0_0.0With_background1num82.dat TNC          1.0e-04 0 1 0 0     NFW      360.0000   0.0000     -2.425 0.398  45 -99.00   33.9        -1999.61       -3979.155    44 360.0000   0.0000     -1.702 0.163  42 -99.00    0.206
2018-05-16-14:51:23 1.15  Mocks_Mamon/MockNFW640ellip0.5loga-2.08PA50center0.0_0.0With_background1num83.dat TNC          1.0e-04 0 1 0 0     NFW      360.0000  -0.0000     -2.470 0.440  55 -99.00   31.4         -1943.1       -3866.153   115 360.0000  -0.0000     -1.717 0.143  28 -99.00    0.525
2018-05-16-14:51:23 1.15  Mocks_Mamon/MockNFW640ellip0.5loga-2.08PA50center0.0_0.0With_background1num84.dat TNC          1.0e-04 0 1 0 0     NFW      360.0000   0.0000     -2.568 0.366  51 -99.00   28.6       -1913.637       -3807.209    92 360.0000   0.0000     -1.742 0.118  31 -99.00    0.420
2018-05-16-14:51:23 1.15  Mocks_Mamon/MockNFW640ellip0.5loga-2.08PA50center0.0_0.0With_background1num85.dat TNC          1.0e-04 0 1 0 0     NFW      360.0000   0.0000     -2.450 0.187  21 -99.00   33.7       -2011.246       -4002.386    68 360.0000   0.0000     -1.701 0.051  22 -99.00    0.315
2018-05-16-14:51:23 1.15  Mocks_Mamon/MockNFW640ellip0.5loga-2.08PA50center0.0_0.0With_background1num86.dat TNC          1.0e-04 0 1 0 0     NFW      359.9999  -0.0001     -2.568 0.000 149 -99.00   31.0       -2013.911       -4007.765    48 359.9999  -0.0001     -1.674 0.148 141 -99.00    0.226
2018-05-16-14:51:23 1.15  Mocks_Mamon/MockNFW640ellip0.5loga-2.08PA50center0.0_0.0With_background1num87.dat TNC          1.0e-04 0 1 0 0     NFW      360.0000  -0.0000     -2.574 0.406  51 -99.00   31.3       -2137.497       -4254.918   100 360.0000  -0.0000     -1.705 0.134  44 -99.00    0.464
2018-05-16-14:51:23 1.15  Mocks_Mamon/MockNFW640ellip0.5loga-2.08PA50center0.0_0.0With_background1num88.dat TNC          1.0e-04 0 1 0 0     NFW        0.0000   0.0000     -2.460 0.000 135 -99.00   35.1        -2073.27       -4126.445    54   0.0000   0.0000     -1.648 0.116 137 -99.00    0.256
2018-05-16-14:51:23 1.15  Mocks_Mamon/MockNFW640ellip0.5loga-2.08PA50center0.0_0.0With_background1num89.dat TNC          1.0e-04 0 1 0 0     NFW      360.0000  -0.0000     -2.541 0.000 161 -99.00   31.4       -2001.854       -3983.669    49 360.0000  -0.0000     -1.698 0.120 147 -99.00    0.230
2018-05-16-14:51:23 1.15  Mocks_Mamon/MockNFW640ellip0.5loga-2.08PA50center0.0_0.0With_background1num90.dat TNC          1.0e-04 0 1 0 0     NFW        0.0000   0.0000     -2.385 0.387  57 -99.00   35.2       -2017.518       -4015.009   171   0.0000   0.0000     -1.730 0.107  26 -99.00    0.789
2018-05-16-14:51:23 1.15  Mocks_Mamon/MockNFW640ellip0.5loga-2.08PA50center0.0_0.0With_background1num91.dat TNC          1.0e-04 0 1 0 0     NFW      360.0000  -0.0000     -2.573 0.456  55 -99.00   31.4       -2134.827       -4249.563    33 360.0000  -0.0000     -1.698 0.146  33 -99.00    0.156
2018-05-16-14:51:23 1.15  Mocks_Mamon/MockNFW640ellip0.5loga-2.08PA50center0.0_0.0With_background1num92.dat TNC          1.0e-04 0 1 0 0     NFW        0.0001   0.0000     -2.401 0.402  37 -99.00   33.6       -1948.471       -3876.906   127   0.0001   0.0000     -1.781 0.169  38 -99.00    0.604
2018-05-16-14:51:23 1.15  Mocks_Mamon/MockNFW640ellip0.5loga-2.08PA50center0.0_0.0With_background1num93.dat TNC          1.0e-04 0 1 0 0     NFW      359.9999  -0.0001     -2.574 0.000 141 -99.00   31.3       -2104.716       -4189.385    43 359.9999  -0.0001     -1.723 0.171 140 -99.00    0.203
2018-05-16-14:51:23 1.15  Mocks_Mamon/MockNFW640ellip0.5loga-2.08PA50center0.0_0.0With_background1num94.dat TNC          1.0e-04 0 1 0 0     NFW      360.0000   0.0001     -2.434 0.223  23 -99.00   34.0       -2001.805       -3983.511    60 360.0000   0.0001     -1.783 0.152  24 -99.00    0.280
2018-05-16-14:51:23 1.15  Mocks_Mamon/MockNFW640ellip0.5loga-2.08PA50center0.0_0.0With_background1num95.dat TNC          1.0e-04 0 1 0 0     NFW      360.0000   0.0000     -2.421 0.490  50 -99.00   35.8       -2142.997       -4265.936    59 360.0000   0.0000     -1.628 0.191  40 -99.00    0.277
2018-05-16-14:51:23 1.15  Mocks_Mamon/MockNFW640ellip0.5loga-2.08PA50center0.0_0.0With_background1num96.dat TNC          1.0e-04 0 1 0 0     NFW      360.0000  -0.0000     -2.411 0.263  56 -99.00   32.6       -1888.225         -3756.4   102 360.0000  -0.0000     -1.703 0.114  18 -99.00    0.463
2018-05-16-14:51:23 1.15  Mocks_Mamon/MockNFW640ellip0.5loga-2.08PA50center0.0_0.0With_background1num97.dat TNC          1.0e-04 0 1 0 0     NFW      360.0000  -0.0000     -2.575 0.000 147 -99.00   31.5       -2090.943       -4161.814    50 360.0000  -0.0000     -1.606 0.140 141 -99.00    0.236
2018-05-16-14:51:23 1.15  Mocks_Mamon/MockNFW640ellip0.5loga-2.08PA50center0.0_0.0With_background1num98.dat TNC          1.0e-04 0 1 0 0     NFW        0.0001   0.0000     -2.522 0.342  56 -99.00   32.3       -2090.156       -4160.284   116   0.0001   0.0000     -1.658 0.129  14 -99.00    0.537
2018-05-16-14:51:23 1.15  Mocks_Mamon/MockNFW640ellip0.5loga-2.08PA50center0.0_0.0With_background1num99.dat TNC          1.0e-04 0 1 0 0     NFW      360.0000   0.0000     -2.533 0.255  30 -99.00   32.5       -2141.093       -4262.095    40 360.0000   0.0000     -1.641 0.142  28 -99.00    0.189
