2018-05-16-14:51:01 1.15  Mocks_Mamon/MockNFW80ellip0.5loga-2.08PA50center0.0_0.0With_background1num0.dat BFGS         1.0e-04 0 1 0 0     NFW      360.0000   0.0003     -1.007 0.109 165 -99.00  120.9       -605.5314       -1194.212   820 360.0000   0.0003     -1.007 0.109 165 -99.00    0.231
2018-05-16-14:51:01 1.15  Mocks_Mamon/MockNFW80ellip0.5loga-2.08PA50center0.0_0.0With_background1num1.dat BFGS         1.0e-04 0 1 0 0     NFW      359.9999  -0.0004     -0.950 0.116 139 -99.00  134.9           1E+30           2E+30     8 359.9999  -0.0004     -0.950 0.116 139 -99.00    0.000
2018-05-16-14:51:01 1.15  Mocks_Mamon/MockNFW80ellip0.5loga-2.08PA50center0.0_0.0With_background1num2.dat BFGS         1.0e-04 0 1 0 0     NFW        0.0003   0.0002     -0.991 0.062   9 -99.00  130.2       -621.5806       -1226.289   820   0.0003   0.0002     -0.991 0.062   9 -99.00    0.232
2018-05-16-14:51:01 1.15  Mocks_Mamon/MockNFW80ellip0.5loga-2.08PA50center0.0_0.0With_background1num3.dat BFGS         1.0e-04 0 1 0 0     NFW      359.9987  -0.0001     -0.974 0.098 159 -99.00  137.7       -633.0229       -1249.174   820 359.9987  -0.0001     -0.974 0.098 159 -99.00    0.232
2018-05-16-14:51:01 1.15  Mocks_Mamon/MockNFW80ellip0.5loga-2.08PA50center0.0_0.0With_background1num4.dat BFGS         1.0e-04 0 1 0 0     NFW      359.9996   0.0001     -0.987 0.073  38 -99.00  131.8       -627.1948       -1237.507   820 359.9996   0.0001     -0.987 0.073  38 -99.00    0.232
2018-05-16-14:51:01 1.15  Mocks_Mamon/MockNFW80ellip0.5loga-2.08PA50center0.0_0.0With_background1num5.dat BFGS         1.0e-04 0 1 0 0     NFW        0.0001   0.0001     -0.943 0.094 167 -99.00  134.4           1E+30           2E+30     8   0.0001   0.0001     -0.943 0.094 167 -99.00    0.000
2018-05-16-14:51:01 1.15  Mocks_Mamon/MockNFW80ellip0.5loga-2.08PA50center0.0_0.0With_background1num6.dat BFGS         1.0e-04 0 1 0 0     NFW        0.0003   0.0002     -0.987 0.046  23 -99.00  121.8       -580.4422       -1144.023   820   0.0003   0.0002     -0.987 0.046  23 -99.00    0.231
2018-05-16-14:51:01 1.15  Mocks_Mamon/MockNFW80ellip0.5loga-2.08PA50center0.0_0.0With_background1num7.dat BFGS         1.0e-04 0 1 0 0     NFW        0.0000  -0.0000     -0.963 0.046  20 -99.00  125.8           1E+30           2E+30     8   0.0000  -0.0000     -0.963 0.046  20 -99.00    0.000
2018-05-16-14:51:01 1.15  Mocks_Mamon/MockNFW80ellip0.5loga-2.08PA50center0.0_0.0With_background1num8.dat BFGS         1.0e-04 0 1 0 0     NFW      359.9995   0.0001     -0.998 0.015 153 -99.00  112.5       -555.7242       -1094.587   820 359.9995   0.0001     -0.998 0.015 153 -99.00    0.229
2018-05-16-14:51:01 1.15  Mocks_Mamon/MockNFW80ellip0.5loga-2.08PA50center0.0_0.0With_background1num9.dat BFGS         1.0e-04 0 1 0 0     NFW        0.0001   0.0002     -0.946 0.150  41 -99.00  138.7           1E+30           2E+30     8   0.0001   0.0002     -0.946 0.150  41 -99.00    0.000
2018-05-16-14:51:01 1.15  Mocks_Mamon/MockNFW80ellip0.5loga-2.08PA50center0.0_0.0With_background1num10.dat BFGS         1.0e-04 0 1 0 0     NFW      359.9999   0.0010     -1.003 0.062   2 -99.00  130.1       -663.3657       -1309.838   820 359.9999   0.0010     -1.003 0.062   2 -99.00    0.232
2018-05-16-14:51:01 1.15  Mocks_Mamon/MockNFW80ellip0.5loga-2.08PA50center0.0_0.0With_background1num11.dat BFGS         1.0e-04 0 1 0 0     NFW      360.0000  -0.0004     -0.977 0.048  25 -99.00  130.0       -595.8531       -1174.823   820 360.0000  -0.0004     -0.977 0.048  25 -99.00    0.230
2018-05-16-14:51:01 1.15  Mocks_Mamon/MockNFW80ellip0.5loga-2.08PA50center0.0_0.0With_background1num12.dat BFGS         1.0e-04 0 1 0 0     NFW        0.0003   0.0001     -0.957 0.025 172 -99.00  128.1           1E+30           2E+30     8   0.0003   0.0001     -0.957 0.025 172 -99.00    0.000
2018-05-16-14:51:01 1.15  Mocks_Mamon/MockNFW80ellip0.5loga-2.08PA50center0.0_0.0With_background1num13.dat BFGS         1.0e-04 0 1 0 0     NFW        0.0000   0.0000     -0.982 0.101   5 -99.00  117.8       -549.0797       -1081.364   820   0.0000   0.0000     -0.982 0.101   5 -99.00    0.229
2018-05-16-14:51:01 1.15  Mocks_Mamon/MockNFW80ellip0.5loga-2.08PA50center0.0_0.0With_background1num14.dat BFGS         1.0e-04 0 1 0 0     NFW        0.0002   0.0000     -0.977 0.078   5 -99.00  120.2       -543.0806       -1069.289   820   0.0002   0.0000     -0.977 0.078   5 -99.00    0.229
2018-05-16-14:51:01 1.15  Mocks_Mamon/MockNFW80ellip0.5loga-2.08PA50center0.0_0.0With_background1num15.dat BFGS         1.0e-04 0 1 0 0     NFW      360.0000  -0.0030     -0.959 0.038  12 -99.00  155.7           1E+30           2E+30     8 360.0000  -0.0030     -0.959 0.038  12 -99.00    0.000
2018-05-16-14:51:01 1.15  Mocks_Mamon/MockNFW80ellip0.5loga-2.08PA50center0.0_0.0With_background1num16.dat BFGS         1.0e-04 0 1 0 0     NFW        0.0000   0.0000     -0.991 0.068  17 -99.00  126.3       -609.5182       -1202.186   820   0.0000   0.0000     -0.991 0.068  17 -99.00    0.231
2018-05-16-14:51:01 1.15  Mocks_Mamon/MockNFW80ellip0.5loga-2.08PA50center0.0_0.0With_background1num17.dat BFGS         1.0e-04 0 1 0 0     NFW        0.0004   0.0000     -0.966 0.111  18 -99.00  123.8           1E+30           2E+30     8   0.0004   0.0000     -0.966 0.111  18 -99.00    0.000
2018-05-16-14:51:01 1.15  Mocks_Mamon/MockNFW80ellip0.5loga-2.08PA50center0.0_0.0With_background1num18.dat BFGS         1.0e-04 0 1 0 0     NFW        0.0002  -0.0003     -0.986 0.034  12 -99.00  124.6       -604.1798       -1191.487   820   0.0002  -0.0003     -0.986 0.034  12 -99.00    0.230
2018-05-16-14:51:01 1.15  Mocks_Mamon/MockNFW80ellip0.5loga-2.08PA50center0.0_0.0With_background1num19.dat BFGS         1.0e-04 0 1 0 0     NFW        0.0001  -0.0002     -0.994 0.117  37 -99.00  118.6       -572.1544       -1127.458   820   0.0001  -0.0002     -0.994 0.117  37 -99.00    0.230
2018-05-16-14:51:01 1.15  Mocks_Mamon/MockNFW80ellip0.5loga-2.08PA50center0.0_0.0With_background1num20.dat BFGS         1.0e-04 0 1 0 0     NFW        0.0003  -0.0007     -1.041 0.084  25 -99.00  117.6       -660.3957       -1303.919   820   0.0003  -0.0007     -1.041 0.084  25 -99.00    0.233
2018-05-16-14:51:01 1.15  Mocks_Mamon/MockNFW80ellip0.5loga-2.08PA50center0.0_0.0With_background1num21.dat BFGS         1.0e-04 0 1 0 0     NFW        0.0010   0.0002     -0.969 0.035 140 -99.00  137.4           1E+30           2E+30     8   0.0010   0.0002     -0.969 0.035 140 -99.00    0.000
2018-05-16-14:51:01 1.15  Mocks_Mamon/MockNFW80ellip0.5loga-2.08PA50center0.0_0.0With_background1num22.dat BFGS         1.0e-04 0 1 0 0     NFW        0.0001   0.0003     -0.996 0.047  23 -99.00  130.7       -645.9597       -1275.004   820   0.0001   0.0003     -0.996 0.047  23 -99.00    0.231
2018-05-16-14:51:01 1.15  Mocks_Mamon/MockNFW80ellip0.5loga-2.08PA50center0.0_0.0With_background1num23.dat BFGS         1.0e-04 0 1 0 0     NFW        0.0039  -0.0000     -0.995 0.091 178 -99.00  141.2       -738.6259       -1460.369   820   0.0039  -0.0000     -0.995 0.091 178 -99.00    0.234
2018-05-16-14:51:01 1.15  Mocks_Mamon/MockNFW80ellip0.5loga-2.08PA50center0.0_0.0With_background1num24.dat BFGS         1.0e-04 0 1 0 0     NFW        0.0000  -0.0000     -1.012 0.079 154 -99.00  122.8       -634.5871       -1252.302   820   0.0000  -0.0000     -1.012 0.079 154 -99.00    0.231
2018-05-16-14:51:01 1.15  Mocks_Mamon/MockNFW80ellip0.5loga-2.08PA50center0.0_0.0With_background1num25.dat BFGS         1.0e-04 0 1 0 0     NFW      359.9998  -0.0004     -0.968 0.109 138 -99.00  136.5           1E+30           2E+30     8 359.9998  -0.0004     -0.968 0.109 138 -99.00    0.000
2018-05-16-14:51:01 1.15  Mocks_Mamon/MockNFW80ellip0.5loga-2.08PA50center0.0_0.0With_background1num26.dat BFGS         1.0e-04 0 1 0 0     NFW        0.0000   0.0001     -0.980 0.156   3 -99.00  121.4       -568.6676       -1120.496   820   0.0000   0.0001     -0.980 0.156   3 -99.00    0.229
2018-05-16-14:51:01 1.15  Mocks_Mamon/MockNFW80ellip0.5loga-2.08PA50center0.0_0.0With_background1num27.dat BFGS         1.0e-04 0 1 0 0     NFW      360.0000   0.0001     -1.012 0.076   1 -99.00  112.4       -588.9477       -1161.045   820 360.0000   0.0001     -1.012 0.076   1 -99.00    0.230
2018-05-16-14:51:01 1.15  Mocks_Mamon/MockNFW80ellip0.5loga-2.08PA50center0.0_0.0With_background1num28.dat BFGS         1.0e-04 0 1 0 0     NFW        0.0004  -0.0000     -0.999 0.138  15 -99.00  123.1        -603.964       -1191.078   820   0.0004  -0.0000     -0.999 0.138  15 -99.00    0.231
2018-05-16-14:51:01 1.15  Mocks_Mamon/MockNFW80ellip0.5loga-2.08PA50center0.0_0.0With_background1num29.dat BFGS         1.0e-04 0 1 0 0     NFW        0.0003  -0.0002     -0.976 0.036  44 -99.00  131.1       -613.4497       -1210.017   820   0.0003  -0.0002     -0.976 0.036  44 -99.00    0.231
2018-05-16-14:51:01 1.15  Mocks_Mamon/MockNFW80ellip0.5loga-2.08PA50center0.0_0.0With_background1num30.dat BFGS         1.0e-04 0 1 0 0     NFW        0.0000   0.0005     -0.967 0.047   3 -99.00  131.6           1E+30           2E+30     8   0.0000   0.0005     -0.967 0.047   3 -99.00    0.000
2018-05-16-14:51:01 1.15  Mocks_Mamon/MockNFW80ellip0.5loga-2.08PA50center0.0_0.0With_background1num31.dat BFGS         1.0e-04 0 1 0 0     NFW        0.0001   0.0003     -0.966 0.129  33 -99.00  131.2           1E+30           2E+30     8   0.0001   0.0003     -0.966 0.129  33 -99.00    0.000
2018-05-16-14:51:01 1.15  Mocks_Mamon/MockNFW80ellip0.5loga-2.08PA50center0.0_0.0With_background1num32.dat BFGS         1.0e-04 0 1 0 0     NFW        0.0000  -0.0001     -0.964 0.065  37 -99.00  130.4           1E+30           2E+30     8   0.0000  -0.0001     -0.964 0.065  37 -99.00    0.000
2018-05-16-14:51:01 1.15  Mocks_Mamon/MockNFW80ellip0.5loga-2.08PA50center0.0_0.0With_background1num33.dat BFGS         1.0e-04 0 1 0 0     NFW      359.9997  -0.0001     -0.970 0.031 146 -99.00  130.9           1E+30           2E+30     8 359.9997  -0.0001     -0.970 0.031 146 -99.00    0.000
2018-05-16-14:51:01 1.15  Mocks_Mamon/MockNFW80ellip0.5loga-2.08PA50center0.0_0.0With_background1num34.dat BFGS         1.0e-04 0 1 0 0     NFW        0.0009  -0.0001     -0.990 0.124  36 -99.00  121.5       -573.0689       -1129.244   820   0.0009  -0.0001     -0.990 0.124  36 -99.00    0.231
2018-05-16-14:51:01 1.15  Mocks_Mamon/MockNFW80ellip0.5loga-2.08PA50center0.0_0.0With_background1num35.dat BFGS         1.0e-04 0 1 0 0     NFW        0.0005  -0.0006     -0.954 0.046 160 -99.00  129.3           1E+30           2E+30     8   0.0005  -0.0006     -0.954 0.046 160 -99.00    0.000
2018-05-16-14:51:01 1.15  Mocks_Mamon/MockNFW80ellip0.5loga-2.08PA50center0.0_0.0With_background1num36.dat BFGS         1.0e-04 0 1 0 0     NFW        0.0001   0.0002     -0.959 0.043 179 -99.00  130.8           1E+30           2E+30     8   0.0001   0.0002     -0.959 0.043 179 -99.00    0.000
2018-05-16-14:51:01 1.15  Mocks_Mamon/MockNFW80ellip0.5loga-2.08PA50center0.0_0.0With_background1num37.dat BFGS         1.0e-04 0 1 0 0     NFW      359.9992  -0.0012     -0.991 0.112  28 -99.00  123.8       -589.9409        -1163.01   820 359.9992  -0.0012     -0.991 0.112  28 -99.00    0.230
2018-05-16-14:51:01 1.15  Mocks_Mamon/MockNFW80ellip0.5loga-2.08PA50center0.0_0.0With_background1num38.dat BFGS         1.0e-04 0 1 0 0     NFW      359.9999   0.0001     -0.963 0.112 159 -99.00  127.4           1E+30           2E+30     8 359.9999   0.0001     -0.963 0.112 159 -99.00    0.000
2018-05-16-14:51:01 1.15  Mocks_Mamon/MockNFW80ellip0.5loga-2.08PA50center0.0_0.0With_background1num39.dat BFGS         1.0e-04 0 1 0 0     NFW      359.9999   0.0005     -1.010 0.086 178 -99.00  113.1       -580.7082       -1144.523   820 359.9999   0.0005     -1.010 0.086 178 -99.00    0.231
2018-05-16-14:51:01 1.15  Mocks_Mamon/MockNFW80ellip0.5loga-2.08PA50center0.0_0.0With_background1num40.dat BFGS         1.0e-04 0 1 0 0     NFW      359.9999  -0.0007     -0.963 0.107 150 -99.00  137.1           1E+30           2E+30     8 359.9999  -0.0007     -0.963 0.107 150 -99.00    0.000
2018-05-16-14:51:01 1.15  Mocks_Mamon/MockNFW80ellip0.5loga-2.08PA50center0.0_0.0With_background1num41.dat BFGS         1.0e-04 0 1 0 0     NFW      359.9999  -0.0003     -0.961 0.045 138 -99.00  137.3           1E+30           2E+30     8 359.9999  -0.0003     -0.961 0.045 138 -99.00    0.000
2018-05-16-14:51:01 1.15  Mocks_Mamon/MockNFW80ellip0.5loga-2.08PA50center0.0_0.0With_background1num42.dat BFGS         1.0e-04 0 1 0 0     NFW      359.9993  -0.0001     -0.992 0.035   7 -99.00  122.3       -604.4967       -1192.132   820 359.9993  -0.0001     -0.992 0.035   7 -99.00    0.230
2018-05-16-14:51:01 1.15  Mocks_Mamon/MockNFW80ellip0.5loga-2.08PA50center0.0_0.0With_background1num43.dat BFGS         1.0e-04 0 1 0 0     NFW        0.0002  -0.0001     -0.978 0.078 175 -99.00  123.9       -569.7718       -1122.693   820   0.0002  -0.0001     -0.978 0.078 175 -99.00    0.230
2018-05-16-14:51:01 1.15  Mocks_Mamon/MockNFW80ellip0.5loga-2.08PA50center0.0_0.0With_background1num44.dat BFGS         1.0e-04 0 1 0 0     NFW      359.9999   0.0002     -1.005 0.007 171 -99.00  129.7       -646.7036       -1276.524   820 359.9999   0.0002     -1.005 0.007 171 -99.00    0.233
2018-05-16-14:51:01 1.15  Mocks_Mamon/MockNFW80ellip0.5loga-2.08PA50center0.0_0.0With_background1num45.dat BFGS         1.0e-04 0 1 0 0     NFW      359.9999   0.0000     -0.953 0.174  13 -99.00  127.7           1E+30           2E+30     8 359.9999   0.0000     -0.953 0.174  13 -99.00    0.000
2018-05-16-14:51:01 1.15  Mocks_Mamon/MockNFW80ellip0.5loga-2.08PA50center0.0_0.0With_background1num46.dat BFGS         1.0e-04 0 1 0 0     NFW        0.0001   0.0001     -0.950 0.162 139 -99.00  137.8           1E+30           2E+30     8   0.0001   0.0001     -0.950 0.162 139 -99.00    0.000
2018-05-16-14:51:01 1.15  Mocks_Mamon/MockNFW80ellip0.5loga-2.08PA50center0.0_0.0With_background1num47.dat BFGS         1.0e-04 0 1 0 0     NFW      359.9998   0.0001     -0.986 0.098 177 -99.00  123.5       -592.2345       -1167.619   820 359.9998   0.0001     -0.986 0.098 177 -99.00    0.230
2018-05-16-14:51:01 1.15  Mocks_Mamon/MockNFW80ellip0.5loga-2.08PA50center0.0_0.0With_background1num48.dat BFGS         1.0e-04 0 1 0 0     NFW        0.0000   0.0004     -1.002 0.044 180 -99.00  115.6       -576.5984       -1136.325   820   0.0000   0.0004     -1.002 0.044 180 -99.00    0.229
2018-05-16-14:51:01 1.15  Mocks_Mamon/MockNFW80ellip0.5loga-2.08PA50center0.0_0.0With_background1num49.dat BFGS         1.0e-04 0 1 0 0     NFW        0.0002   0.0000     -0.969 0.036  21 -99.00  130.5           1E+30           2E+30     8   0.0002   0.0000     -0.969 0.036  21 -99.00    0.000
2018-05-16-14:51:01 1.15  Mocks_Mamon/MockNFW80ellip0.5loga-2.08PA50center0.0_0.0With_background1num50.dat BFGS         1.0e-04 0 1 0 0     NFW        0.0003  -0.0001     -0.972 0.062  35 -99.00  135.2       -604.1796       -1191.531   820   0.0003  -0.0001     -0.972 0.062  35 -99.00    0.230
2018-05-16-14:51:01 1.15  Mocks_Mamon/MockNFW80ellip0.5loga-2.08PA50center0.0_0.0With_background1num51.dat BFGS         1.0e-04 0 1 0 0     NFW        0.0002   0.0004     -0.975 0.112   6 -99.00  121.7       -566.6551       -1116.493   820   0.0002   0.0004     -0.975 0.112   6 -99.00    0.230
2018-05-16-14:51:01 1.15  Mocks_Mamon/MockNFW80ellip0.5loga-2.08PA50center0.0_0.0With_background1num52.dat BFGS         1.0e-04 0 1 0 0     NFW      359.9994   0.0003     -0.997 0.061 138 -99.00  130.6       -650.2448        -1283.65   820 359.9994   0.0003     -0.997 0.061 138 -99.00    0.233
2018-05-16-14:51:01 1.15  Mocks_Mamon/MockNFW80ellip0.5loga-2.08PA50center0.0_0.0With_background1num53.dat BFGS         1.0e-04 0 1 0 0     NFW      359.9994   0.0001     -0.992 0.099   3 -99.00  130.3       -631.1717        -1245.45   820 359.9994   0.0001     -0.992 0.099   3 -99.00    0.231
2018-05-16-14:51:01 1.15  Mocks_Mamon/MockNFW80ellip0.5loga-2.08PA50center0.0_0.0With_background1num54.dat BFGS         1.0e-04 0 1 0 0     NFW      359.9983  -0.0000     -0.954 0.105  24 -99.00  135.2           1E+30           2E+30     8 359.9983  -0.0000     -0.954 0.105  24 -99.00    0.000
2018-05-16-14:51:01 1.15  Mocks_Mamon/MockNFW80ellip0.5loga-2.08PA50center0.0_0.0With_background1num55.dat BFGS         1.0e-04 0 1 0 0     NFW        0.0002   0.0002     -1.026 0.133  41 -99.00  112.0       -596.6188       -1176.409   820   0.0002   0.0002     -1.026 0.133  41 -99.00    0.230
2018-05-16-14:51:01 1.15  Mocks_Mamon/MockNFW80ellip0.5loga-2.08PA50center0.0_0.0With_background1num56.dat BFGS         1.0e-04 0 1 0 0     NFW      360.0000  -0.0033     -0.961 0.142  22 -99.00  156.2           1E+30           2E+30     8 360.0000  -0.0033     -0.961 0.142  22 -99.00    0.000
2018-05-16-14:51:01 1.15  Mocks_Mamon/MockNFW80ellip0.5loga-2.08PA50center0.0_0.0With_background1num57.dat BFGS         1.0e-04 0 1 0 0     NFW      359.9999  -0.0001     -0.935 0.044 171 -99.00  128.6           1E+30           2E+30     8 359.9999  -0.0001     -0.935 0.044 171 -99.00    0.000
2018-05-16-14:51:01 1.15  Mocks_Mamon/MockNFW80ellip0.5loga-2.08PA50center0.0_0.0With_background1num58.dat BFGS         1.0e-04 0 1 0 0     NFW        0.0000   0.0000     -0.972 0.040 172 -99.00  126.5           1E+30           2E+30     8   0.0000   0.0000     -0.972 0.040 172 -99.00    0.000
2018-05-16-14:51:01 1.15  Mocks_Mamon/MockNFW80ellip0.5loga-2.08PA50center0.0_0.0With_background1num59.dat BFGS         1.0e-04 0 1 0 0     NFW        0.0007  -0.0002     -0.999 0.183   9 -99.00  122.9       -616.3182       -1215.786   820   0.0007  -0.0002     -0.999 0.183   9 -99.00    0.231
2018-05-16-14:51:01 1.15  Mocks_Mamon/MockNFW80ellip0.5loga-2.08PA50center0.0_0.0With_background1num60.dat BFGS         1.0e-04 0 1 0 0     NFW        0.0005   0.0001     -0.988 0.107 175 -99.00  125.1        -599.306       -1181.718   820   0.0005   0.0001     -0.988 0.107 175 -99.00    0.231
2018-05-16-14:51:01 1.15  Mocks_Mamon/MockNFW80ellip0.5loga-2.08PA50center0.0_0.0With_background1num61.dat BFGS         1.0e-04 0 1 0 0     NFW      359.9999  -0.0003     -0.972 0.088 144 -99.00  132.8           1E+30           2E+30     8 359.9999  -0.0003     -0.972 0.088 144 -99.00    0.000
2018-05-16-14:51:01 1.15  Mocks_Mamon/MockNFW80ellip0.5loga-2.08PA50center0.0_0.0With_background1num62.dat BFGS         1.0e-04 0 1 0 0     NFW      359.9996  -0.0005     -0.963 0.083  13 -99.00  131.2           1E+30           2E+30     8 359.9996  -0.0005     -0.963 0.083  13 -99.00    0.000
2018-05-16-14:51:01 1.15  Mocks_Mamon/MockNFW80ellip0.5loga-2.08PA50center0.0_0.0With_background1num63.dat BFGS         1.0e-04 0 1 0 0     NFW        0.0012  -0.0000     -0.995 0.089 166 -99.00  121.2        -589.502       -1162.165   820   0.0012  -0.0000     -0.995 0.089 166 -99.00    0.231
2018-05-16-14:51:01 1.15  Mocks_Mamon/MockNFW80ellip0.5loga-2.08PA50center0.0_0.0With_background1num64.dat BFGS         1.0e-04 0 1 0 0     NFW      359.9978   0.0001     -0.996 0.085   5 -99.00  126.7       -642.4466       -1268.021   820 359.9978   0.0001     -0.996 0.085   5 -99.00    0.231
2018-05-16-14:51:01 1.15  Mocks_Mamon/MockNFW80ellip0.5loga-2.08PA50center0.0_0.0With_background1num65.dat BFGS         1.0e-04 0 1 0 0     NFW        0.0001  -0.0005     -0.993 0.105  27 -99.00  116.8       -570.8842       -1124.886   820   0.0001  -0.0005     -0.993 0.105  27 -99.00    0.230
2018-05-16-14:51:01 1.15  Mocks_Mamon/MockNFW80ellip0.5loga-2.08PA50center0.0_0.0With_background1num66.dat BFGS         1.0e-04 0 1 0 0     NFW      359.9999   0.0007     -1.019 0.025  39 -99.00  118.6       -626.8291       -1236.808   820 359.9999   0.0007     -1.019 0.025  39 -99.00    0.231
2018-05-16-14:51:01 1.15  Mocks_Mamon/MockNFW80ellip0.5loga-2.08PA50center0.0_0.0With_background1num67.dat BFGS         1.0e-04 0 1 0 0     NFW      359.9998   0.0016     -0.974 0.050   1 -99.00  131.0       -618.0773       -1219.272   820 359.9998   0.0016     -0.974 0.050   1 -99.00    0.231
2018-05-16-14:51:01 1.15  Mocks_Mamon/MockNFW80ellip0.5loga-2.08PA50center0.0_0.0With_background1num68.dat BFGS         1.0e-04 0 1 0 0     NFW      360.0000  -0.0000     -0.976 0.093 154 -99.00  120.5       -565.1562        -1113.43   820 360.0000  -0.0000     -0.976 0.093 154 -99.00    0.229
2018-05-16-14:51:01 1.15  Mocks_Mamon/MockNFW80ellip0.5loga-2.08PA50center0.0_0.0With_background1num69.dat BFGS         1.0e-04 0 1 0 0     NFW      359.9998   0.0002     -0.996 0.191 160 -99.00  129.5       -624.2763       -1231.702   820 359.9998   0.0002     -0.996 0.191 160 -99.00    0.232
2018-05-16-14:51:01 1.15  Mocks_Mamon/MockNFW80ellip0.5loga-2.08PA50center0.0_0.0With_background1num70.dat BFGS         1.0e-04 0 1 0 0     NFW        0.0003   0.0008     -0.965 0.099 135 -99.00  134.3           1E+30           2E+30     8   0.0003   0.0008     -0.965 0.099 135 -99.00    0.000
2018-05-16-14:51:01 1.15  Mocks_Mamon/MockNFW80ellip0.5loga-2.08PA50center0.0_0.0With_background1num71.dat BFGS         1.0e-04 0 1 0 0     NFW        0.0001   0.0001     -0.976 0.052 177 -99.00  121.9       -559.2354       -1101.588   820   0.0001   0.0001     -0.976 0.052 177 -99.00    0.230
2018-05-16-14:51:01 1.15  Mocks_Mamon/MockNFW80ellip0.5loga-2.08PA50center0.0_0.0With_background1num72.dat BFGS         1.0e-04 0 1 0 0     NFW      359.9999   0.0007     -0.951 0.060  26 -99.00  135.7           1E+30           2E+30     8 359.9999   0.0007     -0.951 0.060  26 -99.00    0.000
2018-05-16-14:51:01 1.15  Mocks_Mamon/MockNFW80ellip0.5loga-2.08PA50center0.0_0.0With_background1num73.dat BFGS         1.0e-04 0 1 0 0     NFW        0.0004  -0.0004     -0.953 0.043 161 -99.00  138.1           1E+30           2E+30     8   0.0004  -0.0004     -0.953 0.043 161 -99.00    0.000
2018-05-16-14:51:01 1.15  Mocks_Mamon/MockNFW80ellip0.5loga-2.08PA50center0.0_0.0With_background1num74.dat BFGS         1.0e-04 0 1 0 0     NFW        0.0001  -0.0000     -0.961 0.110 179 -99.00  126.6           1E+30           2E+30     8   0.0001  -0.0000     -0.961 0.110 179 -99.00    0.000
2018-05-16-14:51:01 1.15  Mocks_Mamon/MockNFW80ellip0.5loga-2.08PA50center0.0_0.0With_background1num75.dat BFGS         1.0e-04 0 1 0 0     NFW        0.0005  -0.0014     -0.973 0.062 158 -99.00  134.3       -639.1107       -1261.371   820   0.0005  -0.0014     -0.973 0.062 158 -99.00    0.232
2018-05-16-14:51:01 1.15  Mocks_Mamon/MockNFW80ellip0.5loga-2.08PA50center0.0_0.0With_background1num76.dat BFGS         1.0e-04 0 1 0 0     NFW        0.0003   0.0000     -0.975 0.087 137 -99.00  136.4       -629.3357       -1241.789   820   0.0003   0.0000     -0.975 0.087 137 -99.00    0.232
2018-05-16-14:51:01 1.15  Mocks_Mamon/MockNFW80ellip0.5loga-2.08PA50center0.0_0.0With_background1num77.dat BFGS         1.0e-04 0 1 0 0     NFW      359.9989   0.0000     -0.996 0.113  29 -99.00  120.6       -607.0331       -1197.183   820 359.9989   0.0000     -0.996 0.113  29 -99.00    0.231
2018-05-16-14:51:01 1.15  Mocks_Mamon/MockNFW80ellip0.5loga-2.08PA50center0.0_0.0With_background1num78.dat BFGS         1.0e-04 0 1 0 0     NFW      359.9995  -0.0027     -1.016 0.132 164 -99.00  124.4       -676.8649       -1336.836   820 359.9995  -0.0027     -1.016 0.132 164 -99.00    0.233
2018-05-16-14:51:01 1.15  Mocks_Mamon/MockNFW80ellip0.5loga-2.08PA50center0.0_0.0With_background1num79.dat BFGS         1.0e-04 0 1 0 0     NFW        0.0003   0.0023     -1.003 0.101  25 -99.00  129.4       -673.7253       -1330.579   820   0.0003   0.0023     -1.003 0.101  25 -99.00    0.232
2018-05-16-14:51:01 1.15  Mocks_Mamon/MockNFW80ellip0.5loga-2.08PA50center0.0_0.0With_background1num80.dat BFGS         1.0e-04 0 1 0 0     NFW      359.9996   0.0006     -0.974 0.022   4 -99.00  128.2       -592.9562       -1169.073   820 359.9996   0.0006     -0.974 0.022   4 -99.00    0.230
2018-05-16-14:51:01 1.15  Mocks_Mamon/MockNFW80ellip0.5loga-2.08PA50center0.0_0.0With_background1num81.dat BFGS         1.0e-04 0 1 0 0     NFW        0.0003  -0.0000     -1.009 0.114 161 -99.00  116.9       -603.3477       -1189.813   820   0.0003  -0.0000     -1.009 0.114 161 -99.00    0.231
2018-05-16-14:51:01 1.15  Mocks_Mamon/MockNFW80ellip0.5loga-2.08PA50center0.0_0.0With_background1num82.dat BFGS         1.0e-04 0 1 0 0     NFW      359.9999  -0.0000     -1.003 0.134 175 -99.00  120.1       -610.5875       -1204.336   820 359.9999  -0.0000     -1.003 0.134 175 -99.00    0.232
2018-05-16-14:51:01 1.15  Mocks_Mamon/MockNFW80ellip0.5loga-2.08PA50center0.0_0.0With_background1num83.dat BFGS         1.0e-04 0 1 0 0     NFW        0.0005  -0.0001     -0.961 0.061  34 -99.00  127.0           1E+30           2E+30     8   0.0005  -0.0001     -0.961 0.061  34 -99.00    0.000
2018-05-16-14:51:01 1.15  Mocks_Mamon/MockNFW80ellip0.5loga-2.08PA50center0.0_0.0With_background1num84.dat BFGS         1.0e-04 0 1 0 0     NFW        0.0000   0.0003     -0.980 0.097 139 -99.00  131.1       -608.2756        -1199.69   820   0.0000   0.0003     -0.980 0.097 139 -99.00    0.232
2018-05-16-14:51:01 1.15  Mocks_Mamon/MockNFW80ellip0.5loga-2.08PA50center0.0_0.0With_background1num85.dat BFGS         1.0e-04 0 1 0 0     NFW        0.0002  -0.0003     -0.948 0.142  32 -99.00  128.3           1E+30           2E+30     8   0.0002  -0.0003     -0.948 0.142  32 -99.00    0.000
2018-05-16-14:51:01 1.15  Mocks_Mamon/MockNFW80ellip0.5loga-2.08PA50center0.0_0.0With_background1num86.dat BFGS         1.0e-04 0 1 0 0     NFW      360.0000  -0.0007     -0.966 0.030   1 -99.00  126.2           1E+30           2E+30     8 360.0000  -0.0007     -0.966 0.030   1 -99.00    0.000
2018-05-16-14:51:01 1.15  Mocks_Mamon/MockNFW80ellip0.5loga-2.08PA50center0.0_0.0With_background1num87.dat BFGS         1.0e-04 0 1 0 0     NFW        0.0000   0.0001     -0.944 0.105 177 -99.00  133.1           1E+30           2E+30     8   0.0000   0.0001     -0.944 0.105 177 -99.00    0.000
2018-05-16-14:51:01 1.15  Mocks_Mamon/MockNFW80ellip0.5loga-2.08PA50center0.0_0.0With_background1num88.dat BFGS         1.0e-04 0 1 0 0     NFW      359.9999  -0.0006     -0.938 0.089 138 -99.00  136.7           1E+30           2E+30     8 359.9999  -0.0006     -0.938 0.089 138 -99.00    0.000
2018-05-16-14:51:01 1.15  Mocks_Mamon/MockNFW80ellip0.5loga-2.08PA50center0.0_0.0With_background1num89.dat BFGS         1.0e-04 0 1 0 0     NFW        0.0007  -0.0008     -0.972 0.103 174 -99.00  135.4       -614.4552       -1212.028   820   0.0007  -0.0008     -0.972 0.103 174 -99.00    0.232
2018-05-16-14:51:01 1.15  Mocks_Mamon/MockNFW80ellip0.5loga-2.08PA50center0.0_0.0With_background1num90.dat BFGS         1.0e-04 0 1 0 0     NFW      359.9999   0.0007     -0.963 0.104 138 -99.00  134.2           1E+30           2E+30     8 359.9999   0.0007     -0.963 0.104 138 -99.00    0.000
2018-05-16-14:51:01 1.15  Mocks_Mamon/MockNFW80ellip0.5loga-2.08PA50center0.0_0.0With_background1num91.dat BFGS         1.0e-04 0 1 0 0     NFW        0.0002   0.0004     -0.995 0.192 140 -99.00  118.6       -569.7698       -1122.689   820   0.0002   0.0004     -0.995 0.192 140 -99.00    0.230
2018-05-16-14:51:01 1.15  Mocks_Mamon/MockNFW80ellip0.5loga-2.08PA50center0.0_0.0With_background1num92.dat BFGS         1.0e-04 0 1 0 0     NFW        0.0001   0.0002     -0.980 0.075 169 -99.00  140.1       -665.3877       -1313.871   820   0.0001   0.0002     -0.980 0.075 169 -99.00    0.233
2018-05-16-14:51:01 1.15  Mocks_Mamon/MockNFW80ellip0.5loga-2.08PA50center0.0_0.0With_background1num93.dat BFGS         1.0e-04 0 1 0 0     NFW      359.9998   0.0000     -0.975 0.090  27 -99.00  122.2        -569.178       -1121.452   820 359.9998   0.0000     -0.975 0.090  27 -99.00    0.229
2018-05-16-14:51:01 1.15  Mocks_Mamon/MockNFW80ellip0.5loga-2.08PA50center0.0_0.0With_background1num94.dat BFGS         1.0e-04 0 1 0 0     NFW        0.0001   0.0001     -0.979 0.039 153 -99.00  123.5       -566.9886       -1117.105   820   0.0001   0.0001     -0.979 0.039 153 -99.00    0.231
2018-05-16-14:51:01 1.15  Mocks_Mamon/MockNFW80ellip0.5loga-2.08PA50center0.0_0.0With_background1num95.dat BFGS         1.0e-04 0 1 0 0     NFW      359.9989   0.0000     -0.950 0.050  22 -99.00  139.7           1E+30           2E+30     8 359.9989   0.0000     -0.950 0.050  22 -99.00    0.000
2018-05-16-14:51:01 1.15  Mocks_Mamon/MockNFW80ellip0.5loga-2.08PA50center0.0_0.0With_background1num96.dat BFGS         1.0e-04 0 1 0 0     NFW      360.0000   0.0001     -0.991 0.040 175 -99.00  114.8       -550.7264       -1084.581   820 360.0000   0.0001     -0.991 0.040 175 -99.00    0.229
2018-05-16-14:51:01 1.15  Mocks_Mamon/MockNFW80ellip0.5loga-2.08PA50center0.0_0.0With_background1num97.dat BFGS         1.0e-04 0 1 0 0     NFW      359.9997  -0.0001     -0.981 0.051  31 -99.00  126.7       -600.9915       -1185.177   820 359.9997  -0.0001     -0.981 0.051  31 -99.00    0.230
2018-05-16-14:51:01 1.15  Mocks_Mamon/MockNFW80ellip0.5loga-2.08PA50center0.0_0.0With_background1num98.dat BFGS         1.0e-04 0 1 0 0     NFW      359.9996   0.0002     -0.975 0.079  35 -99.00  137.0       -618.3493        -1219.87   820 359.9996   0.0002     -0.975 0.079  35 -99.00    0.230
2018-05-16-14:51:01 1.15  Mocks_Mamon/MockNFW80ellip0.5loga-2.08PA50center0.0_0.0With_background1num99.dat BFGS         1.0e-04 0 1 0 0     NFW        0.0004   0.0000     -0.984 0.088 166 -99.00  120.7       -588.2981       -1159.703   820   0.0004   0.0000     -0.984 0.088 166 -99.00    0.229
