2018-05-16-14:50:15 1.15  Mocks_Mamon/MockNFW80ellip0.5loga-2.08PA50center0.0_0.0With_background1num0.dat Diff-Evol    1.0e-04 0 1 0 0     NFW      360.0000   0.0003     -0.972 0.262  83 -99.00  133.1       -607.5748       -1198.299   513 360.0000   0.0003     -1.007 0.109 165 -99.00    0.284
2018-05-16-14:50:15 1.15  Mocks_Mamon/MockNFW80ellip0.5loga-2.08PA50center0.0_0.0With_background1num1.dat Diff-Evol    1.0e-04 0 1 0 0     NFW      359.9999  -0.0004     -0.971 0.318  41 -99.00  127.1       -568.4703        -1120.09   833 359.9999  -0.0004     -0.950 0.116 139 -99.00    0.458
2018-05-16-14:50:15 1.15  Mocks_Mamon/MockNFW80ellip0.5loga-2.08PA50center0.0_0.0With_background1num2.dat Diff-Evol    1.0e-04 0 1 0 0     NFW        0.0003   0.0002     -0.972 0.056  57 -99.00  136.9       -621.9928       -1227.113   506   0.0003   0.0002     -0.991 0.062   9 -99.00    0.281
2018-05-16-14:50:15 1.15  Mocks_Mamon/MockNFW80ellip0.5loga-2.08PA50center0.0_0.0With_background1num3.dat Diff-Evol    1.0e-04 0 1 0 0     NFW      359.9987  -0.0001     -0.972 0.339  34 -99.00  138.4       -635.9555       -1255.039   730 359.9987  -0.0001     -0.974 0.098 159 -99.00    0.398
2018-05-16-14:50:15 1.15  Mocks_Mamon/MockNFW80ellip0.5loga-2.08PA50center0.0_0.0With_background1num4.dat Diff-Evol    1.0e-04 0 1 0 0     NFW      359.9996   0.0001     -0.973 0.366  42 -99.00  136.9       -629.4289       -1241.975   610 359.9996   0.0001     -0.987 0.073  38 -99.00    0.340
2018-05-16-14:50:15 1.15  Mocks_Mamon/MockNFW80ellip0.5loga-2.08PA50center0.0_0.0With_background1num5.dat Diff-Evol    1.0e-04 0 1 0 0     NFW        0.0001   0.0001     -0.987 0.325  29 -99.00  119.1       -571.0282       -1125.195   520   0.0001   0.0001     -0.943 0.094 167 -99.00    0.286
2018-05-16-14:50:15 1.15  Mocks_Mamon/MockNFW80ellip0.5loga-2.08PA50center0.0_0.0With_background1num6.dat Diff-Evol    1.0e-04 0 1 0 0     NFW        0.0003   0.0002     -0.977 0.044  24 -99.00  125.4       -580.4451       -1144.029   624   0.0003   0.0002     -0.987 0.046  23 -99.00    0.345
2018-05-16-14:50:15 1.15  Mocks_Mamon/MockNFW80ellip0.5loga-2.08PA50center0.0_0.0With_background1num7.dat Diff-Evol    1.0e-04 0 1 0 0     NFW        0.0000  -0.0000     -1.096 0.017 137 -99.00   88.3       -564.8162       -1112.771   520   0.0000  -0.0000     -0.963 0.046  20 -99.00    0.286
2018-05-16-14:50:15 1.15  Mocks_Mamon/MockNFW80ellip0.5loga-2.08PA50center0.0_0.0With_background1num8.dat Diff-Evol    1.0e-04 0 1 0 0     NFW      359.9995   0.0001     -0.980 0.258  80 -99.00  118.5        -556.086       -1095.311   492 359.9995   0.0001     -0.998 0.015 153 -99.00    0.271
2018-05-16-14:50:15 1.15  Mocks_Mamon/MockNFW80ellip0.5loga-2.08PA50center0.0_0.0With_background1num9.dat Diff-Evol    1.0e-04 0 1 0 0     NFW        0.0001   0.0002     -0.973 0.375  45 -99.00  128.6       -589.3689       -1161.866   589   0.0001   0.0002     -0.946 0.150  41 -99.00    0.328
2018-05-16-14:50:15 1.15  Mocks_Mamon/MockNFW80ellip0.5loga-2.08PA50center0.0_0.0With_background1num10.dat Diff-Evol    1.0e-04 0 1 0 0     NFW      359.9999   0.0010     -1.238 0.232  58 -99.00   72.6       -666.0724       -1315.251   451 359.9999   0.0010     -1.003 0.062   2 -99.00    0.249
2018-05-16-14:50:15 1.15  Mocks_Mamon/MockNFW80ellip0.5loga-2.08PA50center0.0_0.0With_background1num11.dat Diff-Evol    1.0e-04 0 1 0 0     NFW      360.0000  -0.0004     -0.973 0.000 127 -99.00  131.6       -595.9385       -1174.994   785 360.0000  -0.0004     -0.977 0.048  25 -99.00    0.433
2018-05-16-14:50:15 1.15  Mocks_Mamon/MockNFW80ellip0.5loga-2.08PA50center0.0_0.0With_background1num12.dat Diff-Evol    1.0e-04 0 1 0 0     NFW        0.0003   0.0001     -0.972 0.229  86 -99.00  122.5       -549.5559       -1082.261   582   0.0003   0.0001     -0.957 0.025 172 -99.00    0.321
2018-05-16-14:50:15 1.15  Mocks_Mamon/MockNFW80ellip0.5loga-2.08PA50center0.0_0.0With_background1num13.dat Diff-Evol    1.0e-04 0 1 0 0     NFW        0.0000   0.0000     -0.972 0.295 176 -99.00  121.0       -549.8887       -1082.982   603   0.0000   0.0000     -0.982 0.101   5 -99.00    0.333
2018-05-16-14:50:15 1.15  Mocks_Mamon/MockNFW80ellip0.5loga-2.08PA50center0.0_0.0With_background1num14.dat Diff-Evol    1.0e-04 0 1 0 0     NFW        0.0002   0.0000     -0.972 0.000  28 -99.00  121.8       -543.3712        -1069.87   972   0.0002   0.0000     -0.977 0.078   5 -99.00    0.536
2018-05-16-14:50:15 1.15  Mocks_Mamon/MockNFW80ellip0.5loga-2.08PA50center0.0_0.0With_background1num15.dat Diff-Evol    1.0e-04 0 1 0 0     NFW      360.0000  -0.0030     -1.521 0.233  36 -99.00   44.2       -727.6878       -1438.493   368 360.0000  -0.0030     -0.959 0.038  12 -99.00    0.203
2018-05-16-14:50:15 1.15  Mocks_Mamon/MockNFW80ellip0.5loga-2.08PA50center0.0_0.0With_background1num16.dat Diff-Evol    1.0e-04 0 1 0 0     NFW        0.0000   0.0000     -1.000 0.054  33 -99.00  123.3       -609.5358       -1202.221   714   0.0000   0.0000     -0.991 0.068  17 -99.00    0.398
2018-05-16-14:50:15 1.15  Mocks_Mamon/MockNFW80ellip0.5loga-2.08PA50center0.0_0.0With_background1num17.dat Diff-Evol    1.0e-04 0 1 0 0     NFW        0.0004   0.0000     -1.182 0.022 161 -99.00   70.9       -565.4852        -1114.12   402   0.0004   0.0000     -0.966 0.111  18 -99.00    0.218
2018-05-16-14:50:15 1.15  Mocks_Mamon/MockNFW80ellip0.5loga-2.08PA50center0.0_0.0With_background1num18.dat Diff-Evol    1.0e-04 0 1 0 0     NFW        0.0002  -0.0003     -1.250 0.041  64 -99.00   64.6       -605.8997       -1194.927   444   0.0002  -0.0003     -0.986 0.034  12 -99.00    0.243
2018-05-16-14:50:15 1.15  Mocks_Mamon/MockNFW80ellip0.5loga-2.08PA50center0.0_0.0With_background1num19.dat Diff-Evol    1.0e-04 0 1 0 0     NFW        0.0001  -0.0002     -0.973 0.280 133 -99.00  125.6       -574.0562       -1131.262   589   0.0001  -0.0002     -0.994 0.117  37 -99.00    0.326
2018-05-16-14:50:15 1.15  Mocks_Mamon/MockNFW80ellip0.5loga-2.08PA50center0.0_0.0With_background1num20.dat Diff-Evol    1.0e-04 0 1 0 0     NFW        0.0003  -0.0007     -1.123 0.249  73 -99.00   95.5       -661.5278       -1306.183   430   0.0003  -0.0007     -1.041 0.084  25 -99.00    0.237
2018-05-16-14:50:15 1.15  Mocks_Mamon/MockNFW80ellip0.5loga-2.08PA50center0.0_0.0With_background1num21.dat Diff-Evol    1.0e-04 0 1 0 0     NFW        0.0010   0.0002     -1.080 0.309  48 -99.00  102.1       -632.2568       -1247.599   506   0.0010   0.0002     -0.969 0.035 140 -99.00    0.281
2018-05-16-14:50:15 1.15  Mocks_Mamon/MockNFW80ellip0.5loga-2.08PA50center0.0_0.0With_background1num22.dat Diff-Evol    1.0e-04 0 1 0 0     NFW        0.0001   0.0003     -1.057 0.304  62 -99.00  111.2       -647.8371       -1278.759   444   0.0001   0.0003     -0.996 0.047  23 -99.00    0.245
2018-05-16-14:50:15 1.15  Mocks_Mamon/MockNFW80ellip0.5loga-2.08PA50center0.0_0.0With_background1num23.dat Diff-Evol    1.0e-04 0 1 0 0     NFW        0.0039  -0.0000     -1.785 0.035 115 -99.00   29.5       -754.9103       -1492.938   389   0.0039  -0.0000     -0.995 0.091 178 -99.00    0.214
2018-05-16-14:50:15 1.15  Mocks_Mamon/MockNFW80ellip0.5loga-2.08PA50center0.0_0.0With_background1num24.dat Diff-Evol    1.0e-04 0 1 0 0     NFW        0.0000  -0.0000     -1.161 0.045 105 -99.00   83.8       -635.5429       -1254.214   423   0.0000  -0.0000     -1.012 0.079 154 -99.00    0.233
2018-05-16-14:50:15 1.15  Mocks_Mamon/MockNFW80ellip0.5loga-2.08PA50center0.0_0.0With_background1num25.dat Diff-Evol    1.0e-04 0 1 0 0     NFW      359.9998  -0.0004     -0.971 0.338  47 -99.00  135.4       -613.9714       -1211.103   762 359.9998  -0.0004     -0.968 0.109 138 -99.00    0.426
2018-05-16-14:50:15 1.15  Mocks_Mamon/MockNFW80ellip0.5loga-2.08PA50center0.0_0.0With_background1num26.dat Diff-Evol    1.0e-04 0 1 0 0     NFW        0.0000   0.0001     -0.981 0.371  81 -99.00  121.2       -573.7552       -1130.671   820   0.0000   0.0001     -0.980 0.156   3 -99.00    0.446
2018-05-16-14:50:15 1.15  Mocks_Mamon/MockNFW80ellip0.5loga-2.08PA50center0.0_0.0With_background1num27.dat Diff-Evol    1.0e-04 0 1 0 0     NFW      360.0000   0.0001     -1.291 0.235  10 -99.00   57.2       -591.8486       -1166.847   451 360.0000   0.0001     -1.012 0.076   1 -99.00    0.247
2018-05-16-14:50:15 1.15  Mocks_Mamon/MockNFW80ellip0.5loga-2.08PA50center0.0_0.0With_background1num28.dat Diff-Evol    1.0e-04 0 1 0 0     NFW        0.0004  -0.0000     -0.973 0.326  64 -99.00  132.4       -606.6306       -1196.411   589   0.0004  -0.0000     -0.999 0.138  15 -99.00    0.327
2018-05-16-14:50:15 1.15  Mocks_Mamon/MockNFW80ellip0.5loga-2.08PA50center0.0_0.0With_background1num29.dat Diff-Evol    1.0e-04 0 1 0 0     NFW        0.0003  -0.0002     -1.124 0.245  48 -99.00   88.9       -614.5687       -1212.254   430   0.0003  -0.0002     -0.976 0.036  44 -99.00    0.236
2018-05-16-14:50:15 1.15  Mocks_Mamon/MockNFW80ellip0.5loga-2.08PA50center0.0_0.0With_background1num30.dat Diff-Evol    1.0e-04 0 1 0 0     NFW        0.0000   0.0005     -0.971 0.263  61 -99.00  130.1       -589.3123       -1161.752   506   0.0000   0.0005     -0.967 0.047   3 -99.00    0.278
2018-05-16-14:50:15 1.15  Mocks_Mamon/MockNFW80ellip0.5loga-2.08PA50center0.0_0.0With_background1num31.dat Diff-Evol    1.0e-04 0 1 0 0     NFW        0.0001   0.0003     -0.973 0.358  46 -99.00  128.6       -592.9906       -1169.131   610   0.0001   0.0003     -0.966 0.129  33 -99.00    0.337
2018-05-16-14:50:15 1.15  Mocks_Mamon/MockNFW80ellip0.5loga-2.08PA50center0.0_0.0With_background1num32.dat Diff-Evol    1.0e-04 0 1 0 0     NFW        0.0000  -0.0001     -0.974 0.000 167 -99.00  127.1       -561.8112        -1106.75  1306   0.0000  -0.0001     -0.964 0.065  37 -99.00    0.719
2018-05-16-14:50:15 1.15  Mocks_Mamon/MockNFW80ellip0.5loga-2.08PA50center0.0_0.0With_background1num33.dat Diff-Evol    1.0e-04 0 1 0 0     NFW      359.9997  -0.0001     -0.972 0.017  97 -99.00  130.1       -590.5113       -1164.161   686 359.9997  -0.0001     -0.970 0.031 146 -99.00    0.382
2018-05-16-14:50:15 1.15  Mocks_Mamon/MockNFW80ellip0.5loga-2.08PA50center0.0_0.0With_background1num34.dat Diff-Evol    1.0e-04 0 1 0 0     NFW        0.0009  -0.0001     -0.971 0.242 138 -99.00  127.8       -574.8612       -1132.829   693   0.0009  -0.0001     -0.990 0.124  36 -99.00    0.388
2018-05-16-14:50:15 1.15  Mocks_Mamon/MockNFW80ellip0.5loga-2.08PA50center0.0_0.0With_background1num35.dat Diff-Evol    1.0e-04 0 1 0 0     NFW        0.0005  -0.0006     -0.971 0.253  22 -99.00  123.3       -562.8796       -1108.942   541   0.0005  -0.0006     -0.954 0.046 160 -99.00    0.298
2018-05-16-14:50:15 1.15  Mocks_Mamon/MockNFW80ellip0.5loga-2.08PA50center0.0_0.0With_background1num36.dat Diff-Evol    1.0e-04 0 1 0 0     NFW        0.0001   0.0002     -1.046 0.280  60 -99.00  103.4       -582.9205        -1148.98   486   0.0001   0.0002     -0.959 0.043 179 -99.00    0.266
2018-05-16-14:50:15 1.15  Mocks_Mamon/MockNFW80ellip0.5loga-2.08PA50center0.0_0.0With_background1num37.dat Diff-Evol    1.0e-04 0 1 0 0     NFW      359.9992  -0.0012     -0.973 0.292  65 -99.00  130.1       -591.3711        -1165.87   610 359.9992  -0.0012     -0.991 0.112  28 -99.00    0.337
2018-05-16-14:50:15 1.15  Mocks_Mamon/MockNFW80ellip0.5loga-2.08PA50center0.0_0.0With_background1num38.dat Diff-Evol    1.0e-04 0 1 0 0     NFW      359.9999   0.0001     -0.978 0.385  33 -99.00  122.0       -571.7865       -1126.712   562 359.9999   0.0001     -0.963 0.112 159 -99.00    0.307
2018-05-16-14:50:15 1.15  Mocks_Mamon/MockNFW80ellip0.5loga-2.08PA50center0.0_0.0With_background1num39.dat Diff-Evol    1.0e-04 0 1 0 0     NFW      359.9999   0.0005     -1.142 0.025 171 -99.00   80.5       -581.1642       -1145.435   520 359.9999   0.0005     -1.010 0.086 178 -99.00    0.287
2018-05-16-14:50:15 1.15  Mocks_Mamon/MockNFW80ellip0.5loga-2.08PA50center0.0_0.0With_background1num40.dat Diff-Evol    1.0e-04 0 1 0 0     NFW      359.9999  -0.0007     -0.971 0.351  26 -99.00  133.9       -616.5184       -1216.186   848 359.9999  -0.0007     -0.963 0.107 150 -99.00    0.464
2018-05-16-14:50:15 1.15  Mocks_Mamon/MockNFW80ellip0.5loga-2.08PA50center0.0_0.0With_background1num41.dat Diff-Evol    1.0e-04 0 1 0 0     NFW      359.9999  -0.0003     -0.974 0.000  81 -99.00  132.4       -600.4401       -1184.019   742 359.9999  -0.0003     -0.961 0.045 138 -99.00    0.408
2018-05-16-14:50:15 1.15  Mocks_Mamon/MockNFW80ellip0.5loga-2.08PA50center0.0_0.0With_background1num42.dat Diff-Evol    1.0e-04 0 1 0 0     NFW      359.9993  -0.0001     -1.284 0.248  56 -99.00   59.7       -607.9079       -1198.955   458 359.9993  -0.0001     -0.992 0.035   7 -99.00    0.250
2018-05-16-14:50:15 1.15  Mocks_Mamon/MockNFW80ellip0.5loga-2.08PA50center0.0_0.0With_background1num43.dat Diff-Evol    1.0e-04 0 1 0 0     NFW        0.0002  -0.0001     -0.975 0.257  71 -99.00  124.8       -570.8159       -1124.781   603   0.0002  -0.0001     -0.978 0.078 175 -99.00    0.333
2018-05-16-14:50:15 1.15  Mocks_Mamon/MockNFW80ellip0.5loga-2.08PA50center0.0_0.0With_background1num44.dat Diff-Evol    1.0e-04 0 1 0 0     NFW      359.9999   0.0002     -0.974 0.036  54 -99.00  141.4       -646.7991       -1276.715   765 359.9999   0.0002     -1.005 0.007 171 -99.00    0.603
2018-05-16-14:50:15 1.15  Mocks_Mamon/MockNFW80ellip0.5loga-2.08PA50center0.0_0.0With_background1num45.dat Diff-Evol    1.0e-04 0 1 0 0     NFW      359.9999   0.0000     -0.972 0.322  68 -99.00  121.0       -556.5854        -1096.31   771 359.9999   0.0000     -0.953 0.174  13 -99.00    0.419
2018-05-16-14:50:15 1.15  Mocks_Mamon/MockNFW80ellip0.5loga-2.08PA50center0.0_0.0With_background1num46.dat Diff-Evol    1.0e-04 0 1 0 0     NFW        0.0001   0.0001     -0.972 0.302  45 -99.00  129.3        -573.277       -1129.737  1021   0.0001   0.0001     -0.950 0.162 139 -99.00    0.559
2018-05-16-14:50:15 1.15  Mocks_Mamon/MockNFW80ellip0.5loga-2.08PA50center0.0_0.0With_background1num47.dat Diff-Evol    1.0e-04 0 1 0 0     NFW      359.9998   0.0001     -1.039 0.287  78 -99.00  107.3       -594.7237       -1172.597   541 359.9998   0.0001     -0.986 0.098 177 -99.00    0.296
2018-05-16-14:50:15 1.15  Mocks_Mamon/MockNFW80ellip0.5loga-2.08PA50center0.0_0.0With_background1num48.dat Diff-Evol    1.0e-04 0 1 0 0     NFW        0.0000   0.0004     -0.994 0.254  49 -99.00  118.2       -576.9657       -1137.059   520   0.0000   0.0004     -1.002 0.044 180 -99.00    0.285
2018-05-16-14:50:15 1.15  Mocks_Mamon/MockNFW80ellip0.5loga-2.08PA50center0.0_0.0With_background1num49.dat Diff-Evol    1.0e-04 0 1 0 0     NFW        0.0002   0.0000     -1.042 0.040  70 -99.00  107.2        -593.697       -1170.544   596   0.0002   0.0000     -0.969 0.036  21 -99.00    0.331
2018-05-16-14:50:15 1.15  Mocks_Mamon/MockNFW80ellip0.5loga-2.08PA50center0.0_0.0With_background1num50.dat Diff-Evol    1.0e-04 0 1 0 0     NFW        0.0003  -0.0001     -0.972 0.275  58 -99.00  135.4       -604.7889       -1192.749   895   0.0003  -0.0001     -0.972 0.062  35 -99.00    0.495
2018-05-16-14:50:15 1.15  Mocks_Mamon/MockNFW80ellip0.5loga-2.08PA50center0.0_0.0With_background1num51.dat Diff-Evol    1.0e-04 0 1 0 0     NFW        0.0002   0.0004     -1.047 0.300 173 -99.00  100.0       -568.0007       -1119.184   582   0.0002   0.0004     -0.975 0.112   6 -99.00    0.323
2018-05-16-14:50:15 1.15  Mocks_Mamon/MockNFW80ellip0.5loga-2.08PA50center0.0_0.0With_background1num52.dat Diff-Evol    1.0e-04 0 1 0 0     NFW      359.9994   0.0003     -1.179 0.258  31 -99.00   82.1       -652.9508       -1289.062   506 359.9994   0.0003     -0.997 0.061 138 -99.00    0.282
2018-05-16-14:50:15 1.15  Mocks_Mamon/MockNFW80ellip0.5loga-2.08PA50center0.0_0.0With_background1num53.dat Diff-Evol    1.0e-04 0 1 0 0     NFW      359.9994   0.0001     -0.972 0.263  21 -99.00  137.7       -631.6368        -1246.38   603 359.9994   0.0001     -0.992 0.099   3 -99.00    0.337
2018-05-16-14:50:15 1.15  Mocks_Mamon/MockNFW80ellip0.5loga-2.08PA50center0.0_0.0With_background1num54.dat Diff-Evol    1.0e-04 0 1 0 0     NFW      359.9983  -0.0000     -0.968 0.022 159 -99.00  130.1       -578.6719       -1140.515   762 359.9983  -0.0000     -0.954 0.105  24 -99.00    0.427
2018-05-16-14:50:15 1.15  Mocks_Mamon/MockNFW80ellip0.5loga-2.08PA50center0.0_0.0With_background1num55.dat Diff-Evol    1.0e-04 0 1 0 0     NFW        0.0002   0.0002     -0.971 0.396  43 -99.00  130.1       -599.0232       -1181.218   751   0.0002   0.0002     -1.026 0.133  41 -99.00    0.405
2018-05-16-14:50:15 1.15  Mocks_Mamon/MockNFW80ellip0.5loga-2.08PA50center0.0_0.0With_background1num56.dat Diff-Evol    1.0e-04 0 1 0 0     NFW      360.0000  -0.0033     -1.273 0.293  57 -99.00   72.1       -721.2036       -1425.535   472 360.0000  -0.0033     -0.961 0.142  22 -99.00    0.262
2018-05-16-14:50:15 1.15  Mocks_Mamon/MockNFW80ellip0.5loga-2.08PA50center0.0_0.0With_background1num57.dat Diff-Evol    1.0e-04 0 1 0 0     NFW      359.9999  -0.0001     -0.975 0.034  55 -99.00  115.0       -515.5188       -1014.144   769 359.9999  -0.0001     -0.935 0.044 171 -99.00    0.424
2018-05-16-14:50:15 1.15  Mocks_Mamon/MockNFW80ellip0.5loga-2.08PA50center0.0_0.0With_background1num58.dat Diff-Evol    1.0e-04 0 1 0 0     NFW        0.0000   0.0000     -0.973 0.000 171 -99.00  126.3       -571.2325       -1125.593   798   0.0000   0.0000     -0.972 0.040 172 -99.00    0.440
2018-05-16-14:50:15 1.15  Mocks_Mamon/MockNFW80ellip0.5loga-2.08PA50center0.0_0.0With_background1num59.dat Diff-Evol    1.0e-04 0 1 0 0     NFW        0.0007  -0.0002     -1.168 0.422  81 -99.00   79.8       -625.4728       -1234.095   513   0.0007  -0.0002     -0.999 0.183   9 -99.00    0.284
2018-05-16-14:50:15 1.15  Mocks_Mamon/MockNFW80ellip0.5loga-2.08PA50center0.0_0.0With_background1num60.dat Diff-Evol    1.0e-04 0 1 0 0     NFW        0.0005   0.0001     -1.031 0.333  20 -99.00  111.2       -601.1613       -1185.429   430   0.0005   0.0001     -0.988 0.107 175 -99.00    0.235
2018-05-16-14:50:15 1.15  Mocks_Mamon/MockNFW80ellip0.5loga-2.08PA50center0.0_0.0With_background1num61.dat Diff-Evol    1.0e-04 0 1 0 0     NFW      359.9999  -0.0003     -0.973 0.271  47 -99.00  132.4        -600.965       -1185.113   582 359.9999  -0.0003     -0.972 0.088 144 -99.00    0.325
2018-05-16-14:50:15 1.15  Mocks_Mamon/MockNFW80ellip0.5loga-2.08PA50center0.0_0.0With_background1num62.dat Diff-Evol    1.0e-04 0 1 0 0     NFW      359.9996  -0.0005     -0.973 0.048   2 -99.00  127.8        -574.424       -1131.976   589 359.9996  -0.0005     -0.963 0.083  13 -99.00    0.328
2018-05-16-14:50:15 1.15  Mocks_Mamon/MockNFW80ellip0.5loga-2.08PA50center0.0_0.0With_background1num63.dat Diff-Evol    1.0e-04 0 1 0 0     NFW        0.0012  -0.0000     -0.972 0.258 102 -99.00  129.3       -590.4209       -1164.002   506   0.0012  -0.0000     -0.995 0.089 166 -99.00    0.286
2018-05-16-14:50:15 1.15  Mocks_Mamon/MockNFW80ellip0.5loga-2.08PA50center0.0_0.0With_background1num64.dat Diff-Evol    1.0e-04 0 1 0 0     NFW      359.9978   0.0001     -1.425 0.287  72 -99.00   47.1       -650.7161        -1284.56   361 359.9978   0.0001     -0.996 0.085   5 -99.00    0.197
2018-05-16-14:50:15 1.15  Mocks_Mamon/MockNFW80ellip0.5loga-2.08PA50center0.0_0.0With_background1num65.dat Diff-Evol    1.0e-04 0 1 0 0     NFW        0.0001  -0.0005     -1.098 0.027 115 -99.00   88.6        -571.514       -1126.145   506   0.0001  -0.0005     -0.993 0.105  27 -99.00    0.280
2018-05-16-14:50:15 1.15  Mocks_Mamon/MockNFW80ellip0.5loga-2.08PA50center0.0_0.0With_background1num66.dat Diff-Evol    1.0e-04 0 1 0 0     NFW      359.9999   0.0007     -1.213 0.051  71 -99.00   73.1       -627.9617       -1239.073   527 359.9999   0.0007     -1.019 0.025  39 -99.00    0.291
2018-05-16-14:50:15 1.15  Mocks_Mamon/MockNFW80ellip0.5loga-2.08PA50center0.0_0.0With_background1num67.dat Diff-Evol    1.0e-04 0 1 0 0     NFW      359.9998   0.0016     -1.268 0.000  91 -99.00   63.3       -619.9779       -1223.073   583 359.9998   0.0016     -0.974 0.050   1 -99.00    0.322
2018-05-16-14:50:15 1.15  Mocks_Mamon/MockNFW80ellip0.5loga-2.08PA50center0.0_0.0With_background1num68.dat Diff-Evol    1.0e-04 0 1 0 0     NFW      360.0000  -0.0000     -1.194 0.054  79 -99.00   69.0       -566.6818       -1116.481   520 360.0000  -0.0000     -0.976 0.093 154 -99.00    0.287
2018-05-16-14:50:15 1.15  Mocks_Mamon/MockNFW80ellip0.5loga-2.08PA50center0.0_0.0With_background1num69.dat Diff-Evol    1.0e-04 0 1 0 0     NFW      359.9998   0.0002     -0.972 0.542  25 -99.00  138.4       -632.4225       -1247.995   680 359.9998   0.0002     -0.996 0.191 160 -99.00    0.377
2018-05-16-14:50:15 1.15  Mocks_Mamon/MockNFW80ellip0.5loga-2.08PA50center0.0_0.0With_background1num70.dat Diff-Evol    1.0e-04 0 1 0 0     NFW        0.0003   0.0008     -0.972 0.363  38 -99.00  131.6       -601.5596       -1186.258   603   0.0003   0.0008     -0.965 0.099 135 -99.00    0.335
2018-05-16-14:50:15 1.15  Mocks_Mamon/MockNFW80ellip0.5loga-2.08PA50center0.0_0.0With_background1num71.dat Diff-Evol    1.0e-04 0 1 0 0     NFW        0.0001   0.0001     -0.972 0.049  61 -99.00  123.3       -559.6061       -1102.329   686   0.0001   0.0001     -0.976 0.052 177 -99.00    0.379
2018-05-16-14:50:15 1.15  Mocks_Mamon/MockNFW80ellip0.5loga-2.08PA50center0.0_0.0With_background1num72.dat Diff-Evol    1.0e-04 0 1 0 0     NFW      359.9999   0.0007     -0.973 0.332  61 -99.00  127.8       -585.4819       -1154.081   499 359.9999   0.0007     -0.951 0.060  26 -99.00    0.277
2018-05-16-14:50:15 1.15  Mocks_Mamon/MockNFW80ellip0.5loga-2.08PA50center0.0_0.0With_background1num73.dat Diff-Evol    1.0e-04 0 1 0 0     NFW        0.0004  -0.0004     -0.973 0.028  29 -99.00  130.8       -592.0776       -1167.283   707   0.0004  -0.0004     -0.953 0.043 161 -99.00    0.394
2018-05-16-14:50:15 1.15  Mocks_Mamon/MockNFW80ellip0.5loga-2.08PA50center0.0_0.0With_background1num74.dat Diff-Evol    1.0e-04 0 1 0 0     NFW        0.0001  -0.0000     -0.973 0.271  15 -99.00  122.5       -553.0612        -1089.25   686   0.0001  -0.0000     -0.961 0.110 179 -99.00    0.381
2018-05-16-14:50:15 1.15  Mocks_Mamon/MockNFW80ellip0.5loga-2.08PA50center0.0_0.0With_background1num75.dat Diff-Evol    1.0e-04 0 1 0 0     NFW        0.0005  -0.0014     -1.420 0.049 110 -99.00   47.5       -643.8603        -1270.87   437   0.0005  -0.0014     -0.973 0.062 158 -99.00    0.241
2018-05-16-14:50:15 1.15  Mocks_Mamon/MockNFW80ellip0.5loga-2.08PA50center0.0_0.0With_background1num76.dat Diff-Evol    1.0e-04 0 1 0 0     NFW        0.0003   0.0000     -1.042 0.035 110 -99.00  113.5        -629.559       -1242.235   520   0.0003   0.0000     -0.975 0.087 137 -99.00    0.289
2018-05-16-14:50:15 1.15  Mocks_Mamon/MockNFW80ellip0.5loga-2.08PA50center0.0_0.0With_background1num77.dat Diff-Evol    1.0e-04 0 1 0 0     NFW      359.9989   0.0000     -1.279 0.224  20 -99.00   60.4        -609.677       -1202.471   513 359.9989   0.0000     -0.996 0.113  29 -99.00    0.284
2018-05-16-14:50:15 1.15  Mocks_Mamon/MockNFW80ellip0.5loga-2.08PA50center0.0_0.0With_background1num78.dat Diff-Evol    1.0e-04 0 1 0 0     NFW      359.9995  -0.0027     -1.475 0.248  98 -99.00   44.8        -686.181       -1355.468   465 359.9995  -0.0027     -1.016 0.132 164 -99.00    0.257
2018-05-16-14:50:15 1.15  Mocks_Mamon/MockNFW80ellip0.5loga-2.08PA50center0.0_0.0With_background1num79.dat Diff-Evol    1.0e-04 0 1 0 0     NFW        0.0003   0.0023     -1.422 0.249 157 -99.00   49.6       -680.8818       -1344.891   430   0.0003   0.0023     -1.003 0.101  25 -99.00    0.236
2018-05-16-14:50:15 1.15  Mocks_Mamon/MockNFW80ellip0.5loga-2.08PA50center0.0_0.0With_background1num80.dat Diff-Evol    1.0e-04 0 1 0 0     NFW      359.9996   0.0006     -1.056 0.038  17 -99.00  102.5       -593.1418       -1169.444   603 359.9996   0.0006     -0.974 0.022   4 -99.00    0.336
2018-05-16-14:50:15 1.15  Mocks_Mamon/MockNFW80ellip0.5loga-2.08PA50center0.0_0.0With_background1num81.dat Diff-Evol    1.0e-04 0 1 0 0     NFW        0.0003  -0.0000     -1.191 0.281  94 -99.00   73.8       -606.9368       -1196.991   444   0.0003  -0.0000     -1.009 0.114 161 -99.00    0.243
2018-05-16-14:50:15 1.15  Mocks_Mamon/MockNFW80ellip0.5loga-2.08PA50center0.0_0.0With_background1num82.dat Diff-Evol    1.0e-04 0 1 0 0     NFW      359.9999  -0.0000     -1.223 0.233  70 -99.00   69.4       -613.7988       -1210.758   444 359.9999  -0.0000     -1.003 0.134 175 -99.00    0.244
2018-05-16-14:50:15 1.15  Mocks_Mamon/MockNFW80ellip0.5loga-2.08PA50center0.0_0.0With_background1num83.dat Diff-Evol    1.0e-04 0 1 0 0     NFW        0.0005  -0.0001     -0.976 0.295  56 -99.00  121.8       -559.2835       -1101.717   715   0.0005  -0.0001     -0.961 0.061  34 -99.00    0.391
2018-05-16-14:50:15 1.15  Mocks_Mamon/MockNFW80ellip0.5loga-2.08PA50center0.0_0.0With_background1num84.dat Diff-Evol    1.0e-04 0 1 0 0     NFW        0.0000   0.0003     -0.973 0.247 164 -99.00  133.9       -608.4839       -1200.107   527   0.0000   0.0003     -0.980 0.097 139 -99.00    0.292
2018-05-16-14:50:15 1.15  Mocks_Mamon/MockNFW80ellip0.5loga-2.08PA50center0.0_0.0With_background1num85.dat Diff-Evol    1.0e-04 0 1 0 0     NFW        0.0002  -0.0003     -0.972 0.321  60 -99.00  120.3       -547.6389       -1078.417   638   0.0002  -0.0003     -0.948 0.142  32 -99.00    0.351
2018-05-16-14:50:15 1.15  Mocks_Mamon/MockNFW80ellip0.5loga-2.08PA50center0.0_0.0With_background1num86.dat Diff-Evol    1.0e-04 0 1 0 0     NFW      360.0000  -0.0007     -0.970 0.000  14 -99.00  124.8       -561.5801       -1106.288  1050 360.0000  -0.0007     -0.966 0.030   1 -99.00    0.571
2018-05-16-14:50:15 1.15  Mocks_Mamon/MockNFW80ellip0.5loga-2.08PA50center0.0_0.0With_background1num87.dat Diff-Evol    1.0e-04 0 1 0 0     NFW        0.0000   0.0001     -0.973 0.279  21 -99.00  122.5       -552.2732       -1087.696   520   0.0000   0.0001     -0.944 0.105 177 -99.00    0.285
2018-05-16-14:50:15 1.15  Mocks_Mamon/MockNFW80ellip0.5loga-2.08PA50center0.0_0.0With_background1num88.dat Diff-Evol    1.0e-04 0 1 0 0     NFW      359.9999  -0.0006     -1.002 0.328  46 -99.00  114.3       -570.2368       -1123.634   596 359.9999  -0.0006     -0.938 0.089 138 -99.00    0.331
2018-05-16-14:50:15 1.15  Mocks_Mamon/MockNFW80ellip0.5loga-2.08PA50center0.0_0.0With_background1num89.dat Diff-Evol    1.0e-04 0 1 0 0     NFW        0.0007  -0.0008     -0.970 0.271  40 -99.00  136.1       -615.3771       -1213.871   610   0.0007  -0.0008     -0.972 0.103 174 -99.00    0.339
2018-05-16-14:50:15 1.15  Mocks_Mamon/MockNFW80ellip0.5loga-2.08PA50center0.0_0.0With_background1num90.dat Diff-Evol    1.0e-04 0 1 0 0     NFW      359.9999   0.0007     -0.975 0.323  45 -99.00  130.1       -598.8857       -1180.899   624 359.9999   0.0007     -0.963 0.104 138 -99.00    0.345
2018-05-16-14:50:15 1.15  Mocks_Mamon/MockNFW80ellip0.5loga-2.08PA50center0.0_0.0With_background1num91.dat Diff-Evol    1.0e-04 0 1 0 0     NFW        0.0002   0.0004     -0.972 0.453  42 -99.00  126.3       -577.9901        -1139.13   686   0.0002   0.0004     -0.995 0.192 140 -99.00    0.382
2018-05-16-14:50:15 1.15  Mocks_Mamon/MockNFW80ellip0.5loga-2.08PA50center0.0_0.0With_background1num92.dat Diff-Evol    1.0e-04 0 1 0 0     NFW        0.0001   0.0002     -1.188 0.270  52 -99.00   82.3       -668.5624       -1320.221   361   0.0001   0.0002     -0.980 0.075 169 -99.00    0.199
2018-05-16-14:50:15 1.15  Mocks_Mamon/MockNFW80ellip0.5loga-2.08PA50center0.0_0.0With_background1num93.dat Diff-Evol    1.0e-04 0 1 0 0     NFW      359.9998   0.0000     -1.132 0.024  64 -99.00   81.2       -569.8354       -1122.767   506 359.9998   0.0000     -0.975 0.090  27 -99.00    0.279
2018-05-16-14:50:15 1.15  Mocks_Mamon/MockNFW80ellip0.5loga-2.08PA50center0.0_0.0With_background1num94.dat Diff-Evol    1.0e-04 0 1 0 0     NFW        0.0001   0.0001     -0.973 0.030 107 -99.00  125.6       -567.1726       -1117.473   672   0.0001   0.0001     -0.979 0.039 153 -99.00    0.374
2018-05-16-14:50:15 1.15  Mocks_Mamon/MockNFW80ellip0.5loga-2.08PA50center0.0_0.0With_background1num95.dat Diff-Evol    1.0e-04 0 1 0 0     NFW      359.9989   0.0000     -0.972 0.247  40 -99.00  131.6        -599.095       -1181.329   513 359.9989   0.0000     -0.950 0.050  22 -99.00    0.283
2018-05-16-14:50:15 1.15  Mocks_Mamon/MockNFW80ellip0.5loga-2.08PA50center0.0_0.0With_background1num96.dat Diff-Evol    1.0e-04 0 1 0 0     NFW      360.0000   0.0001     -0.972 0.005  66 -99.00  121.0       -550.7767       -1084.681   596 360.0000   0.0001     -0.991 0.040 175 -99.00    0.330
2018-05-16-14:50:15 1.15  Mocks_Mamon/MockNFW80ellip0.5loga-2.08PA50center0.0_0.0With_background1num97.dat Diff-Evol    1.0e-04 0 1 0 0     NFW      359.9997  -0.0001     -1.052 0.275  41 -99.00  104.9       -602.0116       -1187.217   610 359.9997  -0.0001     -0.981 0.051  31 -99.00    0.338
2018-05-16-14:50:15 1.15  Mocks_Mamon/MockNFW80ellip0.5loga-2.08PA50center0.0_0.0With_background1num98.dat Diff-Evol    1.0e-04 0 1 0 0     NFW      359.9996   0.0002     -0.971 0.288  63 -99.00  138.4       -619.5081       -1222.188   769 359.9996   0.0002     -0.975 0.079  35 -99.00    0.429
2018-05-16-14:50:15 1.15  Mocks_Mamon/MockNFW80ellip0.5loga-2.08PA50center0.0_0.0With_background1num99.dat Diff-Evol    1.0e-04 0 1 0 0     NFW        0.0004   0.0000     -1.355 0.279   6 -99.00   49.7       -593.9695       -1171.045   333   0.0004   0.0000     -0.984 0.088 166 -99.00    0.180
