2018-05-16-14:49:44 1.15  Mocks_Mamon/MockNFW80ellip0.5loga-2.08PA50center0.0_0.0With_background1num0.dat TNC          1.0e-04 0 1 0 0     NFW      360.0000   0.0003     -0.972 0.000 165 -99.00  133.1       -606.8184       -1196.787    54 360.0000   0.0003     -1.007 0.109 165 -99.00    0.226
2018-05-16-14:49:44 1.15  Mocks_Mamon/MockNFW80ellip0.5loga-2.08PA50center0.0_0.0With_background1num1.dat TNC          1.0e-04 0 1 0 0     NFW      359.9999  -0.0004     -0.971 0.000 139 -99.00  127.1       -566.2593       -1115.668    14 359.9999  -0.0004     -0.950 0.116 139 -99.00    0.064
2018-05-16-14:49:44 1.15  Mocks_Mamon/MockNFW80ellip0.5loga-2.08PA50center0.0_0.0With_background1num2.dat TNC          1.0e-04 0 1 0 0     NFW        0.0003   0.0002     -0.972 0.000  10 -99.00  136.9       -621.8548       -1226.838    49   0.0003   0.0002     -0.991 0.062   9 -99.00    0.205
2018-05-16-14:49:44 1.15  Mocks_Mamon/MockNFW80ellip0.5loga-2.08PA50center0.0_0.0With_background1num3.dat TNC          1.0e-04 0 1 0 0     NFW      359.9987  -0.0001     -1.002 0.029 175 -99.00  127.6       -633.7325       -1250.593   104 359.9987  -0.0001     -0.974 0.098 159 -99.00    0.430
2018-05-16-14:49:44 1.15  Mocks_Mamon/MockNFW80ellip0.5loga-2.08PA50center0.0_0.0With_background1num4.dat TNC          1.0e-04 0 1 0 0     NFW      359.9996   0.0001     -0.973 0.368  40 -99.00  136.9       -629.4372       -1241.991   132 359.9996   0.0001     -0.987 0.073  38 -99.00    0.545
2018-05-16-14:49:44 1.15  Mocks_Mamon/MockNFW80ellip0.5loga-2.08PA50center0.0_0.0With_background1num5.dat TNC          1.0e-04 0 1 0 0     NFW        0.0001   0.0001     -0.994 0.272 180 -99.00  116.5       -570.0223       -1123.183   113   0.0001   0.0001     -0.943 0.094 167 -99.00    0.459
2018-05-16-14:49:44 1.15  Mocks_Mamon/MockNFW80ellip0.5loga-2.08PA50center0.0_0.0With_background1num6.dat TNC          1.0e-04 0 1 0 0     NFW        0.0003   0.0002     -0.976 0.045  23 -99.00  125.7        -580.445       -1144.029    13   0.0003   0.0002     -0.987 0.046  23 -99.00    0.058
2018-05-16-14:49:44 1.15  Mocks_Mamon/MockNFW80ellip0.5loga-2.08PA50center0.0_0.0With_background1num7.dat TNC          1.0e-04 0 1 0 0     NFW        0.0000  -0.0000     -1.092 0.041   0 -99.00   89.3       -564.8764       -1112.892    61   0.0000  -0.0000     -0.963 0.046  20 -99.00    0.254
2018-05-16-14:49:44 1.15  Mocks_Mamon/MockNFW80ellip0.5loga-2.08PA50center0.0_0.0With_background1num8.dat TNC          1.0e-04 0 1 0 0     NFW      359.9995   0.0001     -1.028 0.000 153 -99.00  103.9       -555.8104        -1094.76    44 359.9995   0.0001     -0.998 0.015 153 -99.00    0.184
2018-05-16-14:49:44 1.15  Mocks_Mamon/MockNFW80ellip0.5loga-2.08PA50center0.0_0.0With_background1num9.dat TNC          1.0e-04 0 1 0 0     NFW        0.0001   0.0002     -0.973 0.377  48 -99.00  128.6       -589.4054       -1161.939    43   0.0001   0.0002     -0.946 0.150  41 -99.00    0.179
2018-05-16-14:49:44 1.15  Mocks_Mamon/MockNFW80ellip0.5loga-2.08PA50center0.0_0.0With_background1num10.dat TNC          1.0e-04 0 1 0 0     NFW      359.9999   0.0010     -1.311 0.000   4 -99.00   62.0       -665.6356       -1314.377    12 359.9999   0.0010     -1.003 0.062   2 -99.00    0.058
2018-05-16-14:49:44 1.15  Mocks_Mamon/MockNFW80ellip0.5loga-2.08PA50center0.0_0.0With_background1num11.dat TNC          1.0e-04 0 1 0 0     NFW      360.0000  -0.0004     -0.973 0.010  25 -99.00  131.6       -595.9398       -1174.997    91 360.0000  -0.0004     -0.977 0.048  25 -99.00    0.377
2018-05-16-14:49:44 1.15  Mocks_Mamon/MockNFW80ellip0.5loga-2.08PA50center0.0_0.0With_background1num12.dat TNC          1.0e-04 0 1 0 0     NFW        0.0003   0.0001     -0.972 0.000 172 -99.00  122.5       -549.3981       -1081.946    47   0.0003   0.0001     -0.957 0.025 172 -99.00    0.195
2018-05-16-14:49:44 1.15  Mocks_Mamon/MockNFW80ellip0.5loga-2.08PA50center0.0_0.0With_background1num13.dat TNC          1.0e-04 0 1 0 0     NFW        0.0000   0.0000     -0.972 0.296   0 -99.00  121.0        -549.885       -1082.975    39   0.0000   0.0000     -0.982 0.101   5 -99.00    0.162
2018-05-16-14:49:44 1.15  Mocks_Mamon/MockNFW80ellip0.5loga-2.08PA50center0.0_0.0With_background1num14.dat TNC          1.0e-04 0 1 0 0     NFW        0.0002   0.0000     -0.972 0.000   5 -99.00  121.8       -543.3712        -1069.87    50   0.0002   0.0000     -0.977 0.078   5 -99.00    0.208
2018-05-16-14:49:44 1.15  Mocks_Mamon/MockNFW80ellip0.5loga-2.08PA50center0.0_0.0With_background1num15.dat TNC          1.0e-04 0 1 0 0     NFW      360.0000  -0.0030     -1.531 0.198  11 -99.00   43.4       -727.1031       -1437.323    33 360.0000  -0.0030     -0.959 0.038  12 -99.00    0.140
2018-05-16-14:49:44 1.15  Mocks_Mamon/MockNFW80ellip0.5loga-2.08PA50center0.0_0.0With_background1num16.dat TNC          1.0e-04 0 1 0 0     NFW        0.0000   0.0000     -1.004 0.057  28 -99.00  122.1       -609.5394       -1202.229    36   0.0000   0.0000     -0.991 0.068  17 -99.00    0.152
2018-05-16-14:49:44 1.15  Mocks_Mamon/MockNFW80ellip0.5loga-2.08PA50center0.0_0.0With_background1num17.dat TNC          1.0e-04 0 1 0 0     NFW        0.0004   0.0000     -1.184 0.009  18 -99.00   70.6       -565.4668       -1114.083    89   0.0004   0.0000     -0.966 0.111  18 -99.00    0.364
2018-05-16-14:49:44 1.15  Mocks_Mamon/MockNFW80ellip0.5loga-2.08PA50center0.0_0.0With_background1num18.dat TNC          1.0e-04 0 1 0 0     NFW        0.0002  -0.0003     -1.251 0.025  12 -99.00   64.4       -605.8476       -1194.823    53   0.0002  -0.0003     -0.986 0.034  12 -99.00    0.218
2018-05-16-14:49:44 1.15  Mocks_Mamon/MockNFW80ellip0.5loga-2.08PA50center0.0_0.0With_background1num19.dat TNC          1.0e-04 0 1 0 0     NFW        0.0001  -0.0002     -0.973 0.000  37 -99.00  125.6       -573.2781       -1129.706    50   0.0001  -0.0002     -0.994 0.117  37 -99.00    0.208
2018-05-16-14:49:44 1.15  Mocks_Mamon/MockNFW80ellip0.5loga-2.08PA50center0.0_0.0With_background1num20.dat TNC          1.0e-04 0 1 0 0     NFW        0.0003  -0.0007     -1.189 0.046  38 -99.00   81.3       -661.1139       -1305.356    35   0.0003  -0.0007     -1.041 0.084  25 -99.00    0.149
2018-05-16-14:49:44 1.15  Mocks_Mamon/MockNFW80ellip0.5loga-2.08PA50center0.0_0.0With_background1num21.dat TNC          1.0e-04 0 1 0 0     NFW        0.0010   0.0002     -1.095 0.000 141 -99.00   98.1       -630.4092       -1243.903    34   0.0010   0.0002     -0.969 0.035 140 -99.00    0.145
2018-05-16-14:49:44 1.15  Mocks_Mamon/MockNFW80ellip0.5loga-2.08PA50center0.0_0.0With_background1num22.dat TNC          1.0e-04 0 1 0 0     NFW        0.0001   0.0003     -1.046 0.313  59 -99.00  114.3       -647.8781       -1278.841    58   0.0001   0.0003     -0.996 0.047  23 -99.00    0.244
2018-05-16-14:49:44 1.15  Mocks_Mamon/MockNFW80ellip0.5loga-2.08PA50center0.0_0.0With_background1num23.dat TNC          1.0e-04 0 1 0 0     NFW        0.0039  -0.0000     -1.788 0.000 174 -99.00   29.3        -755.164       -1493.445    37   0.0039  -0.0000     -0.995 0.091 178 -99.00    0.166
2018-05-16-14:49:44 1.15  Mocks_Mamon/MockNFW80ellip0.5loga-2.08PA50center0.0_0.0With_background1num24.dat TNC          1.0e-04 0 1 0 0     NFW        0.0000  -0.0000     -1.184 0.000 154 -99.00   79.4       -635.4361           -1254    52   0.0000  -0.0000     -1.012 0.079 154 -99.00    0.220
2018-05-16-14:49:44 1.15  Mocks_Mamon/MockNFW80ellip0.5loga-2.08PA50center0.0_0.0With_background1num25.dat TNC          1.0e-04 0 1 0 0     NFW      359.9998  -0.0004     -0.971 0.000 138 -99.00  135.4       -611.4896        -1206.14    49 359.9998  -0.0004     -0.968 0.109 138 -99.00    0.206
2018-05-16-14:49:44 1.15  Mocks_Mamon/MockNFW80ellip0.5loga-2.08PA50center0.0_0.0With_background1num26.dat TNC          1.0e-04 0 1 0 0     NFW        0.0000   0.0001     -1.011 0.000  12 -99.00  111.6       -570.8196         -1124.8    35   0.0000   0.0001     -0.980 0.156   3 -99.00    0.147
2018-05-16-14:49:44 1.15  Mocks_Mamon/MockNFW80ellip0.5loga-2.08PA50center0.0_0.0With_background1num27.dat TNC          1.0e-04 0 1 0 0     NFW      360.0000   0.0001     -1.290 0.233   5 -99.00   57.3       -591.7777       -1166.705   116 360.0000   0.0001     -1.012 0.076   1 -99.00    0.474
2018-05-16-14:49:44 1.15  Mocks_Mamon/MockNFW80ellip0.5loga-2.08PA50center0.0_0.0With_background1num28.dat TNC          1.0e-04 0 1 0 0     NFW        0.0004  -0.0000     -0.973 0.264  37 -99.00  132.4       -605.2795       -1193.709    56   0.0004  -0.0000     -0.999 0.138  15 -99.00    0.231
2018-05-16-14:49:44 1.15  Mocks_Mamon/MockNFW80ellip0.5loga-2.08PA50center0.0_0.0With_background1num29.dat TNC          1.0e-04 0 1 0 0     NFW        0.0003  -0.0002     -1.170 0.084  43 -99.00   79.6       -614.3595       -1211.836    37   0.0003  -0.0002     -0.976 0.036  44 -99.00    0.155
2018-05-16-14:49:44 1.15  Mocks_Mamon/MockNFW80ellip0.5loga-2.08PA50center0.0_0.0With_background1num30.dat TNC          1.0e-04 0 1 0 0     NFW        0.0000   0.0005     -0.971 0.000   6 -99.00  130.1       -588.8351       -1160.798    35   0.0000   0.0005     -0.967 0.047   3 -99.00    0.147
2018-05-16-14:49:44 1.15  Mocks_Mamon/MockNFW80ellip0.5loga-2.08PA50center0.0_0.0With_background1num31.dat TNC          1.0e-04 0 1 0 0     NFW        0.0001   0.0003     -0.973 0.358  47 -99.00  128.6       -592.9936       -1169.137    51   0.0001   0.0003     -0.966 0.129  33 -99.00    0.212
2018-05-16-14:49:44 1.15  Mocks_Mamon/MockNFW80ellip0.5loga-2.08PA50center0.0_0.0With_background1num32.dat TNC          1.0e-04 0 1 0 0     NFW        0.0000  -0.0001     -0.974 0.029  38 -99.00  127.1       -561.8429       -1106.814    56   0.0000  -0.0001     -0.964 0.065  37 -99.00    0.232
2018-05-16-14:49:44 1.15  Mocks_Mamon/MockNFW80ellip0.5loga-2.08PA50center0.0_0.0With_background1num33.dat TNC          1.0e-04 0 1 0 0     NFW      359.9997  -0.0001     -0.972 0.017 146 -99.00  130.1       -590.5102       -1164.159    71 359.9997  -0.0001     -0.970 0.031 146 -99.00    0.289
2018-05-16-14:49:44 1.15  Mocks_Mamon/MockNFW80ellip0.5loga-2.08PA50center0.0_0.0With_background1num34.dat TNC          1.0e-04 0 1 0 0     NFW        0.0009  -0.0001     -0.971 0.000  36 -99.00  127.8       -574.6416        -1132.39    49   0.0009  -0.0001     -0.990 0.124  36 -99.00    0.205
2018-05-16-14:49:44 1.15  Mocks_Mamon/MockNFW80ellip0.5loga-2.08PA50center0.0_0.0With_background1num35.dat TNC          1.0e-04 0 1 0 0     NFW        0.0005  -0.0006     -0.971 0.054 180 -99.00  123.3       -562.5523       -1108.287    24   0.0005  -0.0006     -0.954 0.046 160 -99.00    0.103
2018-05-16-14:49:44 1.15  Mocks_Mamon/MockNFW80ellip0.5loga-2.08PA50center0.0_0.0With_background1num36.dat TNC          1.0e-04 0 1 0 0     NFW        0.0001   0.0002     -1.092 0.000 179 -99.00   91.7       -582.0875       -1147.314    42   0.0001   0.0002     -0.959 0.043 179 -99.00    0.177
2018-05-16-14:49:44 1.15  Mocks_Mamon/MockNFW80ellip0.5loga-2.08PA50center0.0_0.0With_background1num37.dat TNC          1.0e-04 0 1 0 0     NFW      359.9992  -0.0012     -0.973 0.036  30 -99.00  130.1       -590.2717       -1163.671    37 359.9992  -0.0012     -0.991 0.112  28 -99.00    0.155
2018-05-16-14:49:44 1.15  Mocks_Mamon/MockNFW80ellip0.5loga-2.08PA50center0.0_0.0With_background1num38.dat TNC          1.0e-04 0 1 0 0     NFW      359.9999   0.0001     -0.996 0.266 180 -99.00  116.2       -569.2577       -1121.654    86 359.9999   0.0001     -0.963 0.112 159 -99.00    0.354
2018-05-16-14:49:44 1.15  Mocks_Mamon/MockNFW80ellip0.5loga-2.08PA50center0.0_0.0With_background1num39.dat TNC          1.0e-04 0 1 0 0     NFW      359.9999   0.0005     -1.142 0.027 178 -99.00   80.5        -581.167        -1145.44    30 359.9999   0.0005     -1.010 0.086 178 -99.00    0.127
2018-05-16-14:49:44 1.15  Mocks_Mamon/MockNFW80ellip0.5loga-2.08PA50center0.0_0.0With_background1num40.dat TNC          1.0e-04 0 1 0 0     NFW      359.9999  -0.0007     -1.083 0.041 172 -99.00   99.3       -613.9212       -1210.992    22 359.9999  -0.0007     -0.963 0.107 150 -99.00    0.095
2018-05-16-14:49:44 1.15  Mocks_Mamon/MockNFW80ellip0.5loga-2.08PA50center0.0_0.0With_background1num41.dat TNC          1.0e-04 0 1 0 0     NFW      359.9999  -0.0003     -0.974 0.000 138 -99.00  132.4       -600.4401       -1184.019    47 359.9999  -0.0003     -0.961 0.045 138 -99.00    0.196
2018-05-16-14:49:44 1.15  Mocks_Mamon/MockNFW80ellip0.5loga-2.08PA50center0.0_0.0With_background1num42.dat TNC          1.0e-04 0 1 0 0     NFW      359.9993  -0.0001     -1.284 0.250  60 -99.00   59.8       -607.9283       -1198.995   103 359.9993  -0.0001     -0.992 0.035   7 -99.00    0.424
2018-05-16-14:49:44 1.15  Mocks_Mamon/MockNFW80ellip0.5loga-2.08PA50center0.0_0.0With_background1num43.dat TNC          1.0e-04 0 1 0 0     NFW        0.0002  -0.0001     -0.975 0.000 175 -99.00  124.8        -570.347       -1123.844    53   0.0002  -0.0001     -0.978 0.078 175 -99.00    0.223
2018-05-16-14:49:44 1.15  Mocks_Mamon/MockNFW80ellip0.5loga-2.08PA50center0.0_0.0With_background1num44.dat TNC          1.0e-04 0 1 0 0     NFW      359.9999   0.0002     -0.982 0.000 171 -99.00  138.4       -646.7406       -1276.598    43 359.9999   0.0002     -1.005 0.007 171 -99.00    0.182
2018-05-16-14:49:44 1.15  Mocks_Mamon/MockNFW80ellip0.5loga-2.08PA50center0.0_0.0With_background1num45.dat TNC          1.0e-04 0 1 0 0     NFW      359.9999   0.0000     -0.972 0.320  68 -99.00  121.0        -556.585       -1096.309   114 359.9999   0.0000     -0.953 0.174  13 -99.00    0.466
2018-05-16-14:49:44 1.15  Mocks_Mamon/MockNFW80ellip0.5loga-2.08PA50center0.0_0.0With_background1num46.dat TNC          1.0e-04 0 1 0 0     NFW        0.0001   0.0001     -0.972 0.000 142 -99.00  129.3       -571.6206       -1126.424    40   0.0001   0.0001     -0.950 0.162 139 -99.00    0.168
2018-05-16-14:49:44 1.15  Mocks_Mamon/MockNFW80ellip0.5loga-2.08PA50center0.0_0.0With_background1num47.dat TNC          1.0e-04 0 1 0 0     NFW      359.9998   0.0001     -1.113 0.000 177 -99.00   88.7       -593.4992       -1170.148    58 359.9998   0.0001     -0.986 0.098 177 -99.00    0.244
2018-05-16-14:49:44 1.15  Mocks_Mamon/MockNFW80ellip0.5loga-2.08PA50center0.0_0.0With_background1num48.dat TNC          1.0e-04 0 1 0 0     NFW        0.0000   0.0004     -1.054 0.013 180 -99.00  100.5       -576.6925       -1136.513    36   0.0000   0.0004     -1.002 0.044 180 -99.00    0.151
2018-05-16-14:49:44 1.15  Mocks_Mamon/MockNFW80ellip0.5loga-2.08PA50center0.0_0.0With_background1num49.dat TNC          1.0e-04 0 1 0 0     NFW        0.0002   0.0000     -1.048 0.006  22 -99.00  105.5       -593.6292       -1170.408    31   0.0002   0.0000     -0.969 0.036  21 -99.00    0.132
2018-05-16-14:49:44 1.15  Mocks_Mamon/MockNFW80ellip0.5loga-2.08PA50center0.0_0.0With_background1num50.dat TNC          1.0e-04 0 1 0 0     NFW        0.0003  -0.0001     -0.972 0.275  58 -99.00  135.4       -604.7889       -1192.749   101   0.0003  -0.0001     -0.972 0.062  35 -99.00    0.416
2018-05-16-14:49:44 1.15  Mocks_Mamon/MockNFW80ellip0.5loga-2.08PA50center0.0_0.0With_background1num51.dat TNC          1.0e-04 0 1 0 0     NFW        0.0002   0.0004     -1.048 0.298   0 -99.00   99.8       -567.9695       -1119.122    37   0.0002   0.0004     -0.975 0.112   6 -99.00    0.153
2018-05-16-14:49:44 1.15  Mocks_Mamon/MockNFW80ellip0.5loga-2.08PA50center0.0_0.0With_background1num52.dat TNC          1.0e-04 0 1 0 0     NFW      359.9994   0.0003     -1.238 0.000 138 -99.00   71.7        -652.074       -1287.309    38 359.9994   0.0003     -0.997 0.061 138 -99.00    0.162
2018-05-16-14:49:44 1.15  Mocks_Mamon/MockNFW80ellip0.5loga-2.08PA50center0.0_0.0With_background1num53.dat TNC          1.0e-04 0 1 0 0     NFW      359.9994   0.0001     -1.009 0.253  24 -99.00  124.3       -631.6022       -1246.311    82 359.9994   0.0001     -0.992 0.099   3 -99.00    0.340
2018-05-16-14:49:44 1.15  Mocks_Mamon/MockNFW80ellip0.5loga-2.08PA50center0.0_0.0With_background1num54.dat TNC          1.0e-04 0 1 0 0     NFW      359.9983  -0.0000     -0.968 0.021  24 -99.00  130.1       -578.6713       -1140.514    29 359.9983  -0.0000     -0.954 0.105  24 -99.00    0.124
2018-05-16-14:49:44 1.15  Mocks_Mamon/MockNFW80ellip0.5loga-2.08PA50center0.0_0.0With_background1num55.dat TNC          1.0e-04 0 1 0 0     NFW        0.0002   0.0002     -0.971 0.393  43 -99.00  130.1        -599.023       -1181.218    34   0.0002   0.0002     -1.026 0.133  41 -99.00    0.142
2018-05-16-14:49:44 1.15  Mocks_Mamon/MockNFW80ellip0.5loga-2.08PA50center0.0_0.0With_background1num56.dat TNC          1.0e-04 0 1 0 0     NFW      360.0000  -0.0033     -1.294 0.258  40 -99.00   68.9       -720.3894       -1423.907   143 360.0000  -0.0033     -0.961 0.142  22 -99.00    0.589
2018-05-16-14:49:44 1.15  Mocks_Mamon/MockNFW80ellip0.5loga-2.08PA50center0.0_0.0With_background1num57.dat TNC          1.0e-04 0 1 0 0     NFW      359.9999  -0.0001     -0.975 0.000 171 -99.00  115.0       -515.4781       -1014.063    51 359.9999  -0.0001     -0.935 0.044 171 -99.00    0.211
2018-05-16-14:49:44 1.15  Mocks_Mamon/MockNFW80ellip0.5loga-2.08PA50center0.0_0.0With_background1num58.dat TNC          1.0e-04 0 1 0 0     NFW        0.0000   0.0000     -0.973 0.000 173 -99.00  126.3       -571.2325       -1125.593    37   0.0000   0.0000     -0.972 0.040 172 -99.00    0.158
2018-05-16-14:49:44 1.15  Mocks_Mamon/MockNFW80ellip0.5loga-2.08PA50center0.0_0.0With_background1num59.dat TNC          1.0e-04 0 1 0 0     NFW        0.0007  -0.0002     -1.278 0.000  35 -99.00   62.1       -620.7275       -1224.605    73   0.0007  -0.0002     -0.999 0.183   9 -99.00    0.306
2018-05-16-14:49:44 1.15  Mocks_Mamon/MockNFW80ellip0.5loga-2.08PA50center0.0_0.0With_background1num60.dat TNC          1.0e-04 0 1 0 0     NFW        0.0005   0.0001     -1.038 0.289 180 -99.00  109.1        -600.341       -1183.788    98   0.0005   0.0001     -0.988 0.107 175 -99.00    0.407
2018-05-16-14:49:44 1.15  Mocks_Mamon/MockNFW80ellip0.5loga-2.08PA50center0.0_0.0With_background1num61.dat TNC          1.0e-04 0 1 0 0     NFW      359.9999  -0.0003     -0.973 0.000 145 -99.00  132.4       -600.1154       -1183.413    33 359.9999  -0.0003     -0.972 0.088 144 -99.00    0.139
2018-05-16-14:49:44 1.15  Mocks_Mamon/MockNFW80ellip0.5loga-2.08PA50center0.0_0.0With_background1num62.dat TNC          1.0e-04 0 1 0 0     NFW      359.9996  -0.0005     -0.973 0.043  13 -99.00  127.8       -574.4088       -1131.946    17 359.9996  -0.0005     -0.963 0.083  13 -99.00    0.074
2018-05-16-14:49:44 1.15  Mocks_Mamon/MockNFW80ellip0.5loga-2.08PA50center0.0_0.0With_background1num63.dat TNC          1.0e-04 0 1 0 0     NFW        0.0012  -0.0000     -0.972 0.000 165 -99.00  129.3       -590.1096        -1163.38    51   0.0012  -0.0000     -0.995 0.089 166 -99.00    0.214
2018-05-16-14:49:44 1.15  Mocks_Mamon/MockNFW80ellip0.5loga-2.08PA50center0.0_0.0With_background1num64.dat TNC          1.0e-04 0 1 0 0     NFW      359.9978   0.0001     -1.499 0.000  12 -99.00   41.1       -648.3372       -1279.802    58 359.9978   0.0001     -0.996 0.085   5 -99.00    0.269
2018-05-16-14:49:44 1.15  Mocks_Mamon/MockNFW80ellip0.5loga-2.08PA50center0.0_0.0With_background1num65.dat TNC          1.0e-04 0 1 0 0     NFW        0.0001  -0.0005     -1.135 0.000  28 -99.00   80.7       -571.4602       -1126.038    67   0.0001  -0.0005     -0.993 0.105  27 -99.00    0.278
2018-05-16-14:49:44 1.15  Mocks_Mamon/MockNFW80ellip0.5loga-2.08PA50center0.0_0.0With_background1num66.dat TNC          1.0e-04 0 1 0 0     NFW      359.9999   0.0007     -1.217 0.024  39 -99.00   72.5       -627.8696       -1238.889   113 359.9999   0.0007     -1.019 0.025  39 -99.00    0.463
2018-05-16-14:49:44 1.15  Mocks_Mamon/MockNFW80ellip0.5loga-2.08PA50center0.0_0.0With_background1num67.dat TNC          1.0e-04 0 1 0 0     NFW      359.9998   0.0016     -1.281 0.027   2 -99.00   61.6       -620.0094       -1223.136    13 359.9998   0.0016     -0.974 0.050   1 -99.00    0.058
2018-05-16-14:49:44 1.15  Mocks_Mamon/MockNFW80ellip0.5loga-2.08PA50center0.0_0.0With_background1num68.dat TNC          1.0e-04 0 1 0 0     NFW      360.0000  -0.0000     -1.196 0.000 152 -99.00   68.8       -566.5519       -1116.221    49 360.0000  -0.0000     -0.976 0.093 154 -99.00    0.205
2018-05-16-14:49:44 1.15  Mocks_Mamon/MockNFW80ellip0.5loga-2.08PA50center0.0_0.0With_background1num69.dat TNC          1.0e-04 0 1 0 0     NFW      359.9998   0.0002     -0.972 0.019 160 -99.00  138.4       -625.2999       -1233.749    36 359.9998   0.0002     -0.996 0.191 160 -99.00    0.152
2018-05-16-14:49:44 1.15  Mocks_Mamon/MockNFW80ellip0.5loga-2.08PA50center0.0_0.0With_background1num70.dat TNC          1.0e-04 0 1 0 0     NFW        0.0003   0.0008     -0.972 0.000 135 -99.00  131.6       -598.5043       -1180.147    46   0.0003   0.0008     -0.965 0.099 135 -99.00    0.192
2018-05-16-14:49:44 1.15  Mocks_Mamon/MockNFW80ellip0.5loga-2.08PA50center0.0_0.0With_background1num71.dat TNC          1.0e-04 0 1 0 0     NFW        0.0001   0.0001     -0.972 0.000 177 -99.00  123.3       -559.5051       -1102.127    45   0.0001   0.0001     -0.976 0.052 177 -99.00    0.189
2018-05-16-14:49:44 1.15  Mocks_Mamon/MockNFW80ellip0.5loga-2.08PA50center0.0_0.0With_background1num72.dat TNC          1.0e-04 0 1 0 0     NFW      359.9999   0.0007     -0.973 0.064  26 -99.00  127.8       -583.7265        -1150.57    27 359.9999   0.0007     -0.951 0.060  26 -99.00    0.114
2018-05-16-14:49:44 1.15  Mocks_Mamon/MockNFW80ellip0.5loga-2.08PA50center0.0_0.0With_background1num73.dat TNC          1.0e-04 0 1 0 0     NFW        0.0004  -0.0004     -0.973 0.000 161 -99.00  130.8       -592.0489       -1167.226    47   0.0004  -0.0004     -0.953 0.043 161 -99.00    0.198
2018-05-16-14:49:44 1.15  Mocks_Mamon/MockNFW80ellip0.5loga-2.08PA50center0.0_0.0With_background1num74.dat TNC          1.0e-04 0 1 0 0     NFW        0.0001  -0.0000     -0.973 0.262 179 -99.00  122.5        -552.928       -1088.984    28   0.0001  -0.0000     -0.961 0.110 179 -99.00    0.118
2018-05-16-14:49:44 1.15  Mocks_Mamon/MockNFW80ellip0.5loga-2.08PA50center0.0_0.0With_background1num75.dat TNC          1.0e-04 0 1 0 0     NFW        0.0005  -0.0014     -1.426 0.017 158 -99.00   47.0       -643.7481       -1270.646    75   0.0005  -0.0014     -0.973 0.062 158 -99.00    0.311
2018-05-16-14:49:44 1.15  Mocks_Mamon/MockNFW80ellip0.5loga-2.08PA50center0.0_0.0With_background1num76.dat TNC          1.0e-04 0 1 0 0     NFW        0.0003   0.0000     -1.044 0.029 136 -99.00  113.2       -629.5421       -1242.201    33   0.0003   0.0000     -0.975 0.087 137 -99.00    0.140
2018-05-16-14:49:44 1.15  Mocks_Mamon/MockNFW80ellip0.5loga-2.08PA50center0.0_0.0With_background1num77.dat TNC          1.0e-04 0 1 0 0     NFW      359.9989   0.0000     -1.275 0.214   9 -99.00   60.9       -609.6888       -1202.495    53 359.9989   0.0000     -0.996 0.113  29 -99.00    0.220
2018-05-16-14:49:44 1.15  Mocks_Mamon/MockNFW80ellip0.5loga-2.08PA50center0.0_0.0With_background1num78.dat TNC          1.0e-04 0 1 0 0     NFW      359.9995  -0.0027     -1.558 0.000 146 -99.00   38.7       -684.8556       -1352.818    58 359.9995  -0.0027     -1.016 0.132 164 -99.00    0.270
2018-05-16-14:49:44 1.15  Mocks_Mamon/MockNFW80ellip0.5loga-2.08PA50center0.0_0.0With_background1num79.dat TNC          1.0e-04 0 1 0 0     NFW        0.0003   0.0023     -1.435 0.209   0 -99.00   48.3       -680.0296       -1343.187    83   0.0003   0.0023     -1.003 0.101  25 -99.00    0.346
2018-05-16-14:49:44 1.15  Mocks_Mamon/MockNFW80ellip0.5loga-2.08PA50center0.0_0.0With_background1num80.dat TNC          1.0e-04 0 1 0 0     NFW      359.9996   0.0006     -1.054 0.035  13 -99.00  103.2       -593.1363       -1169.433    46 359.9996   0.0006     -0.974 0.022   4 -99.00    0.193
2018-05-16-14:49:44 1.15  Mocks_Mamon/MockNFW80ellip0.5loga-2.08PA50center0.0_0.0With_background1num81.dat TNC          1.0e-04 0 1 0 0     NFW        0.0003  -0.0000     -1.255 0.004 146 -99.00   63.7       -605.4781       -1194.073    50   0.0003  -0.0000     -1.009 0.114 161 -99.00    0.210
2018-05-16-14:49:44 1.15  Mocks_Mamon/MockNFW80ellip0.5loga-2.08PA50center0.0_0.0With_background1num82.dat TNC          1.0e-04 0 1 0 0     NFW      359.9999  -0.0000     -1.311 0.000 180 -99.00   57.3       -613.2628       -1209.686    59 359.9999  -0.0000     -1.003 0.134 175 -99.00    0.248
2018-05-16-14:49:44 1.15  Mocks_Mamon/MockNFW80ellip0.5loga-2.08PA50center0.0_0.0With_background1num83.dat TNC          1.0e-04 0 1 0 0     NFW        0.0005  -0.0001     -0.976 0.253  34 -99.00  121.8        -558.646       -1100.442    33   0.0005  -0.0001     -0.961 0.061  34 -99.00    0.136
2018-05-16-14:49:44 1.15  Mocks_Mamon/MockNFW80ellip0.5loga-2.08PA50center0.0_0.0With_background1num84.dat TNC          1.0e-04 0 1 0 0     NFW        0.0000   0.0003     -0.973 0.049 139 -99.00  133.9       -608.3771       -1199.893    31   0.0000   0.0003     -0.980 0.097 139 -99.00    0.132
2018-05-16-14:49:44 1.15  Mocks_Mamon/MockNFW80ellip0.5loga-2.08PA50center0.0_0.0With_background1num85.dat TNC          1.0e-04 0 1 0 0     NFW        0.0002  -0.0003     -0.972 0.319  59 -99.00  120.3       -547.6414       -1078.422    72   0.0002  -0.0003     -0.948 0.142  32 -99.00    0.296
2018-05-16-14:49:44 1.15  Mocks_Mamon/MockNFW80ellip0.5loga-2.08PA50center0.0_0.0With_background1num86.dat TNC          1.0e-04 0 1 0 0     NFW      360.0000  -0.0007     -0.970 0.000   1 -99.00  124.8       -561.5801       -1106.288    51 360.0000  -0.0007     -0.966 0.030   1 -99.00    0.213
2018-05-16-14:49:44 1.15  Mocks_Mamon/MockNFW80ellip0.5loga-2.08PA50center0.0_0.0With_background1num87.dat TNC          1.0e-04 0 1 0 0     NFW        0.0000   0.0001     -0.973 0.068 177 -99.00  122.5       -551.6261       -1086.402    19   0.0000   0.0001     -0.944 0.105 177 -99.00    0.082
2018-05-16-14:49:44 1.15  Mocks_Mamon/MockNFW80ellip0.5loga-2.08PA50center0.0_0.0With_background1num88.dat TNC          1.0e-04 0 1 0 0     NFW      359.9999  -0.0006     -1.063 0.000 138 -99.00   97.1       -568.1642       -1119.489    46 359.9999  -0.0006     -0.938 0.089 138 -99.00    0.193
2018-05-16-14:49:44 1.15  Mocks_Mamon/MockNFW80ellip0.5loga-2.08PA50center0.0_0.0With_background1num89.dat TNC          1.0e-04 0 1 0 0     NFW        0.0007  -0.0008     -0.970 0.029 174 -99.00  136.1       -614.6953       -1212.508    42   0.0007  -0.0008     -0.972 0.103 174 -99.00    0.176
2018-05-16-14:49:44 1.15  Mocks_Mamon/MockNFW80ellip0.5loga-2.08PA50center0.0_0.0With_background1num90.dat TNC          1.0e-04 0 1 0 0     NFW      359.9999   0.0007     -0.975 0.000 138 -99.00  130.0       -597.0708       -1177.269    47 359.9999   0.0007     -0.963 0.104 138 -99.00    0.197
2018-05-16-14:49:44 1.15  Mocks_Mamon/MockNFW80ellip0.5loga-2.08PA50center0.0_0.0With_background1num91.dat TNC          1.0e-04 0 1 0 0     NFW        0.0002   0.0004     -0.972 0.000 140 -99.00  126.3       -573.7586       -1130.667    45   0.0002   0.0004     -0.995 0.192 140 -99.00    0.190
2018-05-16-14:49:44 1.15  Mocks_Mamon/MockNFW80ellip0.5loga-2.08PA50center0.0_0.0With_background1num92.dat TNC          1.0e-04 0 1 0 0     NFW        0.0001   0.0002     -1.237 0.009 180 -99.00   73.5       -667.2402       -1317.576    51   0.0001   0.0002     -0.980 0.075 169 -99.00    0.214
2018-05-16-14:49:44 1.15  Mocks_Mamon/MockNFW80ellip0.5loga-2.08PA50center0.0_0.0With_background1num93.dat TNC          1.0e-04 0 1 0 0     NFW      359.9998   0.0000     -1.133 0.013  27 -99.00   80.9       -569.8183       -1122.732    31 359.9998   0.0000     -0.975 0.090  27 -99.00    0.131
2018-05-16-14:49:44 1.15  Mocks_Mamon/MockNFW80ellip0.5loga-2.08PA50center0.0_0.0With_background1num94.dat TNC          1.0e-04 0 1 0 0     NFW        0.0001   0.0001     -0.973 0.000 153 -99.00  125.6       -567.1391       -1117.406    35   0.0001   0.0001     -0.979 0.039 153 -99.00    0.147
2018-05-16-14:49:44 1.15  Mocks_Mamon/MockNFW80ellip0.5loga-2.08PA50center0.0_0.0With_background1num95.dat TNC          1.0e-04 0 1 0 0     NFW      359.9989   0.0000     -0.972 0.055  22 -99.00  131.6       -598.9381       -1181.015    18 359.9989   0.0000     -0.950 0.050  22 -99.00    0.077
2018-05-16-14:49:44 1.15  Mocks_Mamon/MockNFW80ellip0.5loga-2.08PA50center0.0_0.0With_background1num96.dat TNC          1.0e-04 0 1 0 0     NFW      360.0000   0.0001     -0.972 0.021 175 -99.00  121.0       -550.7904       -1084.709    34 360.0000   0.0001     -0.991 0.040 175 -99.00    0.142
2018-05-16-14:49:44 1.15  Mocks_Mamon/MockNFW80ellip0.5loga-2.08PA50center0.0_0.0With_background1num97.dat TNC          1.0e-04 0 1 0 0     NFW      359.9997  -0.0001     -1.028 0.293  43 -99.00  111.5       -601.9875       -1187.169    76 359.9997  -0.0001     -0.981 0.051  31 -99.00    0.311
2018-05-16-14:49:44 1.15  Mocks_Mamon/MockNFW80ellip0.5loga-2.08PA50center0.0_0.0With_background1num98.dat TNC          1.0e-04 0 1 0 0     NFW      359.9996   0.0002     -0.971 0.058  35 -99.00  138.4        -618.417       -1220.006    80 359.9996   0.0002     -0.975 0.079  35 -99.00    0.333
2018-05-16-14:49:44 1.15  Mocks_Mamon/MockNFW80ellip0.5loga-2.08PA50center0.0_0.0With_background1num99.dat TNC          1.0e-04 0 1 0 0     NFW        0.0004   0.0000     -1.354 0.273 180 -99.00   49.8       -593.7288       -1170.564    52   0.0004   0.0000     -0.984 0.088 166 -99.00    0.216
