2018-05-01-21:55:38 1.11  Mocks_Em/MockNFW1280ellip5loga2.08PA50center0With_background20num0.dat Nelder-Mead  1.0e-04 0 0 0 0     NFW        0.0000   0.0000     -2.134 0.000   0 -99.00  488.9       -8829.236       -17651.28   243 180.0000   0.0000     -2.033 0.000   0 -99.00    0.030
2018-05-01-21:55:38 1.11  Mocks_Em/MockNFW1280ellip5loga2.08PA50center0With_background20num1.dat Nelder-Mead  1.0e-04 0 0 0 0     NFW        0.0000   0.0000     -2.111 0.000   0 -99.00  497.5       -8531.662       -17056.13   243 180.0000   0.0000     -2.011 0.000   0 -99.00    0.030
2018-05-01-21:55:38 1.11  Mocks_Em/MockNFW1280ellip5loga2.08PA50center0With_background20num2.dat Nelder-Mead  1.0e-04 0 0 0 0     NFW        0.0000   0.0000     -2.114 0.000   0 -99.00  501.0       -8618.199        -17229.2   243 180.0000   0.0000     -2.014 0.000   0 -99.00    0.030
2018-05-01-21:55:38 1.11  Mocks_Em/MockNFW1280ellip5loga2.08PA50center0With_background20num3.dat Nelder-Mead  1.0e-04 0 0 0 0     NFW        0.0000   0.0000     -2.108 0.000   0 -99.00  500.1       -8527.945        -17048.7   243 180.0000   0.0000     -2.008 0.000   0 -99.00    0.029
2018-05-01-21:55:38 1.11  Mocks_Em/MockNFW1280ellip5loga2.08PA50center0With_background20num4.dat Nelder-Mead  1.0e-04 0 0 0 0     NFW        0.0000   0.0000     -2.100 0.000   0 -99.00  511.4       -8523.386       -17039.58   243 180.0000   0.0000     -2.000 0.000   0 -99.00    0.030
2018-05-01-21:55:38 1.11  Mocks_Em/MockNFW1280ellip5loga2.08PA50center0With_background20num5.dat Nelder-Mead  1.0e-04 0 0 0 0     NFW        0.0000   0.0000     -2.095 0.000   0 -99.00  508.6       -8364.694        -16722.2   243 180.0000   0.0000     -1.995 0.000   0 -99.00    0.029
2018-05-01-21:55:38 1.11  Mocks_Em/MockNFW1280ellip5loga2.08PA50center0With_background20num6.dat Nelder-Mead  1.0e-04 0 0 0 0     NFW        0.0000   0.0000     -2.113 0.000   0 -99.00  497.2       -8575.957       -17144.72   243 180.0000   0.0000     -2.012 0.000   0 -99.00    0.030
2018-05-01-21:55:38 1.11  Mocks_Em/MockNFW1280ellip5loga2.08PA50center0With_background20num7.dat Nelder-Mead  1.0e-04 0 0 0 0     NFW        0.0000   0.0000     -2.114 0.000   0 -99.00  485.9       -8396.426       -16785.66   243 180.0000   0.0000     -2.013 0.000   0 -99.00    0.029
2018-05-01-21:55:38 1.11  Mocks_Em/MockNFW1280ellip5loga2.08PA50center0With_background20num8.dat Nelder-Mead  1.0e-04 0 0 0 0     NFW        0.0000   0.0000     -2.131 0.000   0 -99.00  494.4       -8860.872       -17714.55   243 180.0000   0.0000     -2.029 0.000   0 -99.00    0.030
2018-05-01-21:55:38 1.11  Mocks_Em/MockNFW1280ellip5loga2.08PA50center0With_background20num9.dat Nelder-Mead  1.0e-04 0 0 0 0     NFW        0.0000   0.0000     -2.089 0.000   0 -99.00  532.3       -8613.454       -17219.71   243 180.0000   0.0000     -1.989 0.000   0 -99.00    0.030
2018-05-01-21:55:38 1.11  Mocks_Em/MockNFW1280ellip5loga2.08PA50center0With_background20num10.dat Nelder-Mead  1.0e-04 0 0 0 0     NFW        0.0000   0.0000     -2.105 0.000   0 -99.00  509.3        -8584.14       -17161.09   243 180.0000   0.0000     -2.005 0.000   0 -99.00    0.029
2018-05-01-21:55:38 1.11  Mocks_Em/MockNFW1280ellip5loga2.08PA50center0With_background20num11.dat Nelder-Mead  1.0e-04 0 0 0 0     NFW        0.0000   0.0000     -2.128 0.000   0 -99.00  489.8       -8739.041       -17470.89   243 180.0000   0.0000     -2.026 0.000   0 -99.00    0.030
2018-05-01-21:55:38 1.11  Mocks_Em/MockNFW1280ellip5loga2.08PA50center0With_background20num12.dat Nelder-Mead  1.0e-04 0 0 0 0     NFW        0.0000   0.0000     -2.110 0.000   0 -99.00  507.0       -8658.039       -17308.88   251 180.0000   0.0000     -2.010 0.000   0 -99.00    0.032
2018-05-01-21:55:38 1.11  Mocks_Em/MockNFW1280ellip5loga2.08PA50center0With_background20num13.dat Nelder-Mead  1.0e-04 0 0 0 0     NFW        0.0000   0.0000     -2.108 0.000   0 -99.00  514.6       -8721.137       -17435.08   243 180.0000   0.0000     -2.008 0.000   0 -99.00    0.030
2018-05-01-21:55:38 1.11  Mocks_Em/MockNFW1280ellip5loga2.08PA50center0With_background20num14.dat Nelder-Mead  1.0e-04 0 0 0 0     NFW        0.0000   0.0000     -2.126 0.000   0 -99.00  490.3       -8705.155       -17403.12   243 180.0000   0.0000     -2.025 0.000   0 -99.00    0.030
2018-05-01-21:55:38 1.11  Mocks_Em/MockNFW1280ellip5loga2.08PA50center0With_background20num15.dat Nelder-Mead  1.0e-04 0 0 0 0     NFW        0.0000   0.0000     -2.107 0.000   0 -99.00  505.2       -8565.556       -17123.92   243 180.0000   0.0000     -2.006 0.000   0 -99.00    0.030
2018-05-01-21:55:38 1.11  Mocks_Em/MockNFW1280ellip5loga2.08PA50center0With_background20num16.dat Nelder-Mead  1.0e-04 0 0 0 0     NFW        0.0000   0.0000     -2.103 0.000   0 -99.00  507.5        -8495.72       -16984.25   243 180.0000   0.0000     -2.003 0.000   0 -99.00    0.030
2018-05-01-21:55:38 1.11  Mocks_Em/MockNFW1280ellip5loga2.08PA50center0With_background20num17.dat Nelder-Mead  1.0e-04 0 0 0 0     NFW        0.0000   0.0000     -2.119 0.000   0 -99.00  493.1       -8607.107       -17207.02   243 180.0000   0.0000     -2.018 0.000   0 -99.00    0.030
2018-05-01-21:55:38 1.11  Mocks_Em/MockNFW1280ellip5loga2.08PA50center0With_background20num18.dat Nelder-Mead  1.0e-04 0 0 0 0     NFW        0.0000   0.0000     -2.113 0.000   0 -99.00  497.6       -8567.865       -17128.54   249 180.0000   0.0000     -2.012 0.000   0 -99.00    0.032
2018-05-01-21:55:38 1.11  Mocks_Em/MockNFW1280ellip5loga2.08PA50center0With_background20num19.dat Nelder-Mead  1.0e-04 0 0 0 0     NFW        0.0000   0.0000     -2.094 0.000   0 -99.00  515.2       -8442.327       -16877.46   243 180.0000   0.0000     -1.995 0.000   0 -99.00    0.029
2018-05-01-21:55:38 1.11  Mocks_Em/MockNFW1280ellip5loga2.08PA50center0With_background20num20.dat Nelder-Mead  1.0e-04 0 0 0 0     NFW        0.0000   0.0000     -2.108 0.000   0 -99.00  508.3       -8647.873       -17288.55   243 180.0000   0.0000     -2.008 0.000   0 -99.00    0.030
2018-05-01-21:55:38 1.11  Mocks_Em/MockNFW1280ellip5loga2.08PA50center0With_background20num21.dat Nelder-Mead  1.0e-04 0 0 0 0     NFW        0.0000   0.0000     -2.101 0.000   0 -99.00  505.7       -8450.465       -16893.74   243 180.0000   0.0000     -2.001 0.000   0 -99.00    0.030
2018-05-01-21:55:38 1.11  Mocks_Em/MockNFW1280ellip5loga2.08PA50center0With_background20num22.dat Nelder-Mead  1.0e-04 0 0 0 0     NFW        0.0000   0.0000     -2.105 0.000   0 -99.00  502.9       -8503.308       -16999.42   243 180.0000   0.0000     -2.005 0.000   0 -99.00    0.030
2018-05-01-21:55:38 1.11  Mocks_Em/MockNFW1280ellip5loga2.08PA50center0With_background20num23.dat Nelder-Mead  1.0e-04 0 0 0 0     NFW        0.0000   0.0000     -2.154 0.000   0 -99.00  463.9       -8817.724       -17628.25   243 180.0000   0.0000     -2.051 0.000   0 -99.00    0.030
2018-05-01-21:55:38 1.11  Mocks_Em/MockNFW1280ellip5loga2.08PA50center0With_background20num24.dat Nelder-Mead  1.0e-04 0 0 0 0     NFW        0.0000   0.0000     -2.125 0.000   0 -99.00  484.1       -8592.574       -17177.96   243 180.0000   0.0000     -2.024 0.000   0 -99.00    0.030
2018-05-01-21:55:38 1.11  Mocks_Em/MockNFW1280ellip5loga2.08PA50center0With_background20num25.dat Nelder-Mead  1.0e-04 0 0 0 0     NFW        0.0000   0.0000     -2.096 0.000   0 -99.00  518.9       -8552.044       -17096.89   243 180.0000   0.0000     -1.997 0.000   0 -99.00    0.030
2018-05-01-21:55:38 1.11  Mocks_Em/MockNFW1280ellip5loga2.08PA50center0With_background20num26.dat Nelder-Mead  1.0e-04 0 0 0 0     NFW        0.0000   0.0000     -2.121 0.000   0 -99.00  501.4       -8795.779       -17584.37   243 180.0000   0.0000     -2.020 0.000   0 -99.00    0.030
2018-05-01-21:55:38 1.11  Mocks_Em/MockNFW1280ellip5loga2.08PA50center0With_background20num27.dat Nelder-Mead  1.0e-04 0 0 0 0     NFW        0.0000   0.0000     -2.105 0.000   0 -99.00  498.4       -8414.293       -16821.39   243 180.0000   0.0000     -2.005 0.000   0 -99.00    0.029
2018-05-01-21:55:38 1.11  Mocks_Em/MockNFW1280ellip5loga2.08PA50center0With_background20num28.dat Nelder-Mead  1.0e-04 0 0 0 0     NFW        0.0000   0.0000     -2.127 0.000   0 -99.00  484.8       -8643.717       -17280.24   243 180.0000   0.0000     -2.026 0.000   0 -99.00    0.032
2018-05-01-21:55:38 1.11  Mocks_Em/MockNFW1280ellip5loga2.08PA50center0With_background20num29.dat Nelder-Mead  1.0e-04 0 0 0 0     NFW        0.0000   0.0000     -2.114 0.000   0 -99.00  497.7       -8567.351       -17127.51   243 180.0000   0.0000     -2.013 0.000   0 -99.00    0.029
2018-05-01-21:55:38 1.11  Mocks_Em/MockNFW1280ellip5loga2.08PA50center0With_background20num30.dat Nelder-Mead  1.0e-04 0 0 0 0     NFW        0.0000   0.0000     -2.108 0.000   0 -99.00  503.1       -8573.744       -17140.29   243 180.0000   0.0000     -2.008 0.000   0 -99.00    0.030
2018-05-01-21:55:38 1.11  Mocks_Em/MockNFW1280ellip5loga2.08PA50center0With_background20num31.dat Nelder-Mead  1.0e-04 0 0 0 0     NFW        0.0000   0.0000     -2.100 0.000   0 -99.00  513.0       -8543.974       -17080.75   243 180.0000   0.0000     -2.000 0.000   0 -99.00    0.029
2018-05-01-21:55:38 1.11  Mocks_Em/MockNFW1280ellip5loga2.08PA50center0With_background20num32.dat Nelder-Mead  1.0e-04 0 0 0 0     NFW        0.0000   0.0000     -2.120 0.000   0 -99.00  485.8       -8530.025       -17052.86   243 180.0000   0.0000     -2.019 0.000   0 -99.00    0.029
2018-05-01-21:55:38 1.11  Mocks_Em/MockNFW1280ellip5loga2.08PA50center0With_background20num33.dat Nelder-Mead  1.0e-04 0 0 0 0     NFW        0.0000   0.0000     -2.082 0.000   0 -99.00  541.9       -8584.305       -17161.42   243 180.0000   0.0000     -1.999 0.000   0 -99.00    0.030
2018-05-01-21:55:38 1.11  Mocks_Em/MockNFW1280ellip5loga2.08PA50center0With_background20num34.dat Nelder-Mead  1.0e-04 0 0 0 0     NFW        0.0000   0.0000     -2.112 0.000   0 -99.00  495.8       -8543.495        -17079.8   243 180.0000   0.0000     -2.011 0.000   0 -99.00    0.030
2018-05-01-21:55:38 1.11  Mocks_Em/MockNFW1280ellip5loga2.08PA50center0With_background20num35.dat Nelder-Mead  1.0e-04 0 0 0 0     NFW        0.0000   0.0000     -2.106 0.000   0 -99.00  503.7       -8523.082       -17038.97   243 180.0000   0.0000     -2.006 0.000   0 -99.00    0.029
2018-05-01-21:55:38 1.11  Mocks_Em/MockNFW1280ellip5loga2.08PA50center0With_background20num36.dat Nelder-Mead  1.0e-04 0 0 0 0     NFW        0.0000   0.0000     -2.114 0.000   0 -99.00  492.2       -8511.921       -17016.65   243 180.0000   0.0000     -2.013 0.000   0 -99.00    0.030
2018-05-01-21:55:38 1.11  Mocks_Em/MockNFW1280ellip5loga2.08PA50center0With_background20num37.dat Nelder-Mead  1.0e-04 0 0 0 0     NFW        0.0000   0.0000     -2.110 0.000   0 -99.00  513.3       -8755.791       -17504.39   243 180.0000   0.0000     -2.010 0.000   0 -99.00    0.030
2018-05-01-21:55:38 1.11  Mocks_Em/MockNFW1280ellip5loga2.08PA50center0With_background20num38.dat Nelder-Mead  1.0e-04 0 0 0 0     NFW        0.0000   0.0000     -2.106 0.000   0 -99.00  509.8       -8611.931       -17216.67   243 180.0000   0.0000     -2.006 0.000   0 -99.00    0.030
2018-05-01-21:55:38 1.11  Mocks_Em/MockNFW1280ellip5loga2.08PA50center0With_background20num39.dat Nelder-Mead  1.0e-04 0 0 0 0     NFW        0.0000   0.0000     -2.107 0.000   0 -99.00  506.2       -8562.107       -17117.02   243 180.0000   0.0000     -2.006 0.000   0 -99.00    0.030
2018-05-01-21:55:38 1.11  Mocks_Em/MockNFW1280ellip5loga2.08PA50center0With_background20num40.dat Nelder-Mead  1.0e-04 0 0 0 0     NFW        0.0000   0.0000     -2.130 0.000   0 -99.00  483.1       -8669.028       -17330.86   243 180.0000   0.0000     -2.029 0.000   0 -99.00    0.030
2018-05-01-21:55:38 1.11  Mocks_Em/MockNFW1280ellip5loga2.08PA50center0With_background20num41.dat Nelder-Mead  1.0e-04 0 0 0 0     NFW        0.0000   0.0000     -2.112 0.000   0 -99.00  503.7       -8635.676       -17264.16   243 180.0000   0.0000     -2.011 0.000   0 -99.00    0.030
2018-05-01-21:55:38 1.11  Mocks_Em/MockNFW1280ellip5loga2.08PA50center0With_background20num42.dat Nelder-Mead  1.0e-04 0 0 0 0     NFW        0.0000   0.0000     -2.113 0.000   0 -99.00  496.5       -8564.437       -17121.68   243 180.0000   0.0000     -2.012 0.000   0 -99.00    0.030
2018-05-01-21:55:38 1.11  Mocks_Em/MockNFW1280ellip5loga2.08PA50center0With_background20num43.dat Nelder-Mead  1.0e-04 0 0 0 0     NFW        0.0000   0.0000     -2.094 0.000   0 -99.00  518.0       -8482.221       -16957.25   243 180.0000   0.0000     -1.995 0.000   0 -99.00    0.030
2018-05-01-21:55:38 1.11  Mocks_Em/MockNFW1280ellip5loga2.08PA50center0With_background20num44.dat Nelder-Mead  1.0e-04 0 0 0 0     NFW        0.0000   0.0000     -2.136 0.000   0 -99.00  480.3       -8737.416       -17467.64   243 180.0000   0.0000     -2.034 0.000   0 -99.00    0.030
2018-05-01-21:55:38 1.11  Mocks_Em/MockNFW1280ellip5loga2.08PA50center0With_background20num45.dat Nelder-Mead  1.0e-04 0 0 0 0     NFW        0.0000   0.0000     -2.103 0.000   0 -99.00  520.0       -8700.708       -17394.22   243 180.0000   0.0000     -2.003 0.000   0 -99.00    0.030
2018-05-01-21:55:38 1.11  Mocks_Em/MockNFW1280ellip5loga2.08PA50center0With_background20num46.dat Nelder-Mead  1.0e-04 0 0 0 0     NFW        0.0000   0.0000     -2.119 0.000   0 -99.00  491.0       -8616.997        -17226.8   243 180.0000   0.0000     -2.018 0.000   0 -99.00    0.030
2018-05-01-21:55:38 1.11  Mocks_Em/MockNFW1280ellip5loga2.08PA50center0With_background20num47.dat Nelder-Mead  1.0e-04 0 0 0 0     NFW        0.0000   0.0000     -2.130 0.000   0 -99.00  482.8       -8662.024       -17316.85   243 180.0000   0.0000     -2.029 0.000   0 -99.00    0.030
2018-05-01-21:55:38 1.11  Mocks_Em/MockNFW1280ellip5loga2.08PA50center0With_background20num48.dat Nelder-Mead  1.0e-04 0 0 0 0     NFW        0.0000   0.0000     -2.121 0.000   0 -99.00  494.1       -8660.405       -17313.62   243 180.0000   0.0000     -2.020 0.000   0 -99.00    0.030
2018-05-01-21:55:38 1.11  Mocks_Em/MockNFW1280ellip5loga2.08PA50center0With_background20num49.dat Nelder-Mead  1.0e-04 0 0 0 0     NFW        0.0000   0.0000     -2.113 0.000   0 -99.00  500.2       -8600.911       -17194.63   243 180.0000   0.0000     -2.012 0.000   0 -99.00    0.030
2018-05-01-21:55:38 1.11  Mocks_Em/MockNFW1280ellip5loga2.08PA50center0With_background20num50.dat Nelder-Mead  1.0e-04 0 0 0 0     NFW        0.0000   0.0000     -2.104 0.000   0 -99.00  507.7       -8523.192       -17039.19   243 180.0000   0.0000     -2.004 0.000   0 -99.00    0.030
2018-05-01-21:55:38 1.11  Mocks_Em/MockNFW1280ellip5loga2.08PA50center0With_background20num51.dat Nelder-Mead  1.0e-04 0 0 0 0     NFW        0.0000   0.0000     -2.102 0.000   0 -99.00  516.5       -8612.046        -17216.9   243 180.0000   0.0000     -2.001 0.000   0 -99.00    0.030
2018-05-01-21:55:38 1.11  Mocks_Em/MockNFW1280ellip5loga2.08PA50center0With_background20num52.dat Nelder-Mead  1.0e-04 0 0 0 0     NFW        0.0000   0.0000     -2.104 0.000   0 -99.00  513.0       -8639.981       -17272.77   243 180.0000   0.0000     -2.004 0.000   0 -99.00    0.030
2018-05-01-21:55:38 1.11  Mocks_Em/MockNFW1280ellip5loga2.08PA50center0With_background20num53.dat Nelder-Mead  1.0e-04 0 0 0 0     NFW        0.0000   0.0000     -2.113 0.000   0 -99.00  511.5       -8783.365       -17559.54   243 180.0000   0.0000     -2.012 0.000   0 -99.00    0.030
2018-05-01-21:55:38 1.11  Mocks_Em/MockNFW1280ellip5loga2.08PA50center0With_background20num54.dat Nelder-Mead  1.0e-04 0 0 0 0     NFW        0.0000   0.0000     -2.107 0.000   0 -99.00  510.7       -8631.105       -17255.02   243 180.0000   0.0000     -2.006 0.000   0 -99.00    0.030
2018-05-01-21:55:38 1.11  Mocks_Em/MockNFW1280ellip5loga2.08PA50center0With_background20num55.dat Nelder-Mead  1.0e-04 0 0 0 0     NFW      360.0000  -0.0000     -2.118 0.000   0 -99.00  490.4        -8572.71       -17138.23   253 180.0000   0.0000     -2.017 0.000   0 -99.00    0.032
2018-05-01-21:55:38 1.11  Mocks_Em/MockNFW1280ellip5loga2.08PA50center0With_background20num56.dat Nelder-Mead  1.0e-04 0 0 0 0     NFW        0.0000   0.0000     -2.114 0.000   0 -99.00  487.4         -8421.9       -16836.61   243 180.0000   0.0000     -2.013 0.000   0 -99.00    0.029
2018-05-01-21:55:38 1.11  Mocks_Em/MockNFW1280ellip5loga2.08PA50center0With_background20num57.dat Nelder-Mead  1.0e-04 0 0 0 0     NFW        0.0000   0.0000     -2.107 0.000   0 -99.00  504.0       -8557.627       -17108.06   243 180.0000   0.0000     -2.006 0.000   0 -99.00    0.030
2018-05-01-21:55:38 1.11  Mocks_Em/MockNFW1280ellip5loga2.08PA50center0With_background20num58.dat Nelder-Mead  1.0e-04 0 0 0 0     NFW        0.0000   0.0000     -2.116 0.000   0 -99.00  495.2       -8602.132       -17197.07   243 180.0000   0.0000     -2.015 0.000   0 -99.00    0.030
2018-05-01-21:55:38 1.11  Mocks_Em/MockNFW1280ellip5loga2.08PA50center0With_background20num59.dat Nelder-Mead  1.0e-04 0 0 0 0     NFW      360.0000  -0.0000     -2.101 0.000   0 -99.00  505.8       -8459.435       -16911.68   253 180.0000   0.0000     -2.001 0.000   0 -99.00    0.032
2018-05-01-21:55:38 1.11  Mocks_Em/MockNFW1280ellip5loga2.08PA50center0With_background20num60.dat Nelder-Mead  1.0e-04 0 0 0 0     NFW        0.0000   0.0000     -2.117 0.000   0 -99.00  497.1       -8655.923       -17304.65   243 180.0000   0.0000     -2.017 0.000   0 -99.00    0.030
2018-05-01-21:55:38 1.11  Mocks_Em/MockNFW1280ellip5loga2.08PA50center0With_background20num61.dat Nelder-Mead  1.0e-04 0 0 0 0     NFW        0.0000   0.0000     -2.152 0.000   0 -99.00  458.6       -8693.916       -17380.64   243 180.0000   0.0000     -2.050 0.000   0 -99.00    0.030
2018-05-01-21:55:38 1.11  Mocks_Em/MockNFW1280ellip5loga2.08PA50center0With_background20num62.dat Nelder-Mead  1.0e-04 0 0 0 0     NFW        0.0000   0.0000     -2.107 0.000   0 -99.00  519.6       -8771.423       -17535.65   243 180.0000   0.0000     -2.006 0.000   0 -99.00    0.032
2018-05-01-21:55:38 1.11  Mocks_Em/MockNFW1280ellip5loga2.08PA50center0With_background20num63.dat Nelder-Mead  1.0e-04 0 0 0 0     NFW        0.0000   0.0000     -2.113 0.000   0 -99.00  492.9       -8498.726       -16990.26   243 180.0000   0.0000     -2.013 0.000   0 -99.00    0.031
2018-05-01-21:55:38 1.11  Mocks_Em/MockNFW1280ellip5loga2.08PA50center0With_background20num64.dat Nelder-Mead  1.0e-04 0 0 0 0     NFW        0.0000   0.0000     -2.090 0.000   0 -99.00  528.1        -8588.61       -17170.03   243 180.0000   0.0000     -1.991 0.000   0 -99.00    0.030
2018-05-01-21:55:38 1.11  Mocks_Em/MockNFW1280ellip5loga2.08PA50center0With_background20num65.dat Nelder-Mead  1.0e-04 0 0 0 0     NFW        0.0000   0.0000     -2.092 0.000   0 -99.00  528.6        -8622.84       -17238.49   243 180.0000   0.0000     -1.993 0.000   0 -99.00    0.030
2018-05-01-21:55:38 1.11  Mocks_Em/MockNFW1280ellip5loga2.08PA50center0With_background20num66.dat Nelder-Mead  1.0e-04 0 0 0 0     NFW        0.0000   0.0000     -2.115 0.000   0 -99.00  492.1       -8523.536       -17039.88   243 180.0000   0.0000     -2.014 0.000   0 -99.00    0.029
2018-05-01-21:55:38 1.11  Mocks_Em/MockNFW1280ellip5loga2.08PA50center0With_background20num67.dat Nelder-Mead  1.0e-04 0 0 0 0     NFW        0.0000   0.0000     -2.116 0.000   0 -99.00  493.8       -8525.317       -17043.44   243 180.0000   0.0000     -2.015 0.000   0 -99.00    0.030
2018-05-01-21:55:38 1.11  Mocks_Em/MockNFW1280ellip5loga2.08PA50center0With_background20num68.dat Nelder-Mead  1.0e-04 0 0 0 0     NFW        0.0000   0.0000     -2.119 0.000   0 -99.00  494.4       -8618.808       -17230.42   243 180.0000   0.0000     -2.018 0.000   0 -99.00    0.030
2018-05-01-21:55:38 1.11  Mocks_Em/MockNFW1280ellip5loga2.08PA50center0With_background20num69.dat Nelder-Mead  1.0e-04 0 0 0 0     NFW      360.0000  -0.0000     -2.115 0.000   0 -99.00  490.9       -8496.115       -16985.04   254 180.0000   0.0000     -2.014 0.000   0 -99.00    0.033
2018-05-01-21:55:38 1.11  Mocks_Em/MockNFW1280ellip5loga2.08PA50center0With_background20num70.dat Nelder-Mead  1.0e-04 0 0 0 0     NFW        0.0000   0.0000     -2.114 0.000   0 -99.00  496.2       -8560.913       -17114.63   243 180.0000   0.0000     -2.014 0.000   0 -99.00    0.030
2018-05-01-21:55:38 1.11  Mocks_Em/MockNFW1280ellip5loga2.08PA50center0With_background20num71.dat Nelder-Mead  1.0e-04 0 0 0 0     NFW        0.0000   0.0000     -2.119 0.000   0 -99.00  496.8           -8692       -17376.81   243 180.0000   0.0000     -2.018 0.000   0 -99.00    0.030
2018-05-01-21:55:38 1.11  Mocks_Em/MockNFW1280ellip5loga2.08PA50center0With_background20num72.dat Nelder-Mead  1.0e-04 0 0 0 0     NFW        0.0000   0.0000     -2.132 0.000   0 -99.00  484.3       -8770.963       -17534.73   243 180.0000   0.0000     -2.031 0.000   0 -99.00    0.030
2018-05-01-21:55:38 1.11  Mocks_Em/MockNFW1280ellip5loga2.08PA50center0With_background20num73.dat Nelder-Mead  1.0e-04 0 0 0 0     NFW        0.0000   0.0000     -2.088 0.000   0 -99.00  524.2       -8467.315       -16927.44   243 180.0000   0.0000     -1.989 0.000   0 -99.00    0.030
2018-05-01-21:55:38 1.11  Mocks_Em/MockNFW1280ellip5loga2.08PA50center0With_background20num74.dat Nelder-Mead  1.0e-04 0 0 0 0     NFW        0.0000   0.0000     -2.102 0.000   0 -99.00  511.8        -8523.63       -17040.07   243 180.0000   0.0000     -2.002 0.000   0 -99.00    0.030
2018-05-01-21:55:38 1.11  Mocks_Em/MockNFW1280ellip5loga2.08PA50center0With_background20num75.dat Nelder-Mead  1.0e-04 0 0 0 0     NFW        0.0000   0.0000     -2.117 0.000   0 -99.00  492.3       -8577.612       -17148.03   243 180.0000   0.0000     -2.016 0.000   0 -99.00    0.030
2018-05-01-21:55:38 1.11  Mocks_Em/MockNFW1280ellip5loga2.08PA50center0With_background20num76.dat Nelder-Mead  1.0e-04 0 0 0 0     NFW        0.0000   0.0000     -2.107 0.000   0 -99.00  499.9       -8470.777       -16934.36   243 180.0000   0.0000     -2.006 0.000   0 -99.00    0.030
2018-05-01-21:55:38 1.11  Mocks_Em/MockNFW1280ellip5loga2.08PA50center0With_background20num77.dat Nelder-Mead  1.0e-04 0 0 0 0     NFW        0.0000   0.0000     -2.122 0.000   0 -99.00  499.2       -8763.376       -17519.56   243 180.0000   0.0000     -2.021 0.000   0 -99.00    0.030
2018-05-01-21:55:38 1.11  Mocks_Em/MockNFW1280ellip5loga2.08PA50center0With_background20num78.dat Nelder-Mead  1.0e-04 0 0 0 0     NFW        0.0000   0.0000     -2.116 0.000   0 -99.00  494.2       -8589.841       -17172.49   243 180.0000   0.0000     -2.016 0.000   0 -99.00    0.030
2018-05-01-21:55:38 1.11  Mocks_Em/MockNFW1280ellip5loga2.08PA50center0With_background20num79.dat Nelder-Mead  1.0e-04 0 0 0 0     NFW        0.0000   0.0000     -2.114 0.000   0 -99.00  500.0       -8647.009       -17286.83   243 180.0000   0.0000     -2.014 0.000   0 -99.00    0.030
2018-05-01-21:55:38 1.11  Mocks_Em/MockNFW1280ellip5loga2.08PA50center0With_background20num80.dat Nelder-Mead  1.0e-04 0 0 0 0     NFW        0.0000   0.0000     -2.133 0.000   0 -99.00  470.7       -8538.111       -17069.03   251 180.0000   0.0000     -2.031 0.000   0 -99.00    0.032
2018-05-01-21:55:38 1.11  Mocks_Em/MockNFW1280ellip5loga2.08PA50center0With_background20num81.dat Nelder-Mead  1.0e-04 0 0 0 0     NFW        0.0000   0.0000     -2.113 0.000   0 -99.00  507.7       -8715.875       -17424.56   243 180.0000   0.0000     -2.012 0.000   0 -99.00    0.030
2018-05-01-21:55:38 1.11  Mocks_Em/MockNFW1280ellip5loga2.08PA50center0With_background20num82.dat Nelder-Mead  1.0e-04 0 0 0 0     NFW        0.0000   0.0000     -2.101 0.000   0 -99.00  513.1       -8571.125       -17135.06   252 180.0000   0.0000     -2.001 0.000   0 -99.00    0.033
2018-05-01-21:55:38 1.11  Mocks_Em/MockNFW1280ellip5loga2.08PA50center0With_background20num83.dat Nelder-Mead  1.0e-04 0 0 0 0     NFW        0.0000   0.0000     -2.112 0.000   0 -99.00  503.5        -8645.51       -17283.83   243 180.0000   0.0000     -2.011 0.000   0 -99.00    0.030
2018-05-01-21:55:38 1.11  Mocks_Em/MockNFW1280ellip5loga2.08PA50center0With_background20num84.dat Nelder-Mead  1.0e-04 0 0 0 0     NFW        0.0000   0.0000     -2.122 0.000   0 -99.00  491.4       -8669.078       -17330.96   243 180.0000   0.0000     -2.021 0.000   0 -99.00    0.030
2018-05-01-21:55:38 1.11  Mocks_Em/MockNFW1280ellip5loga2.08PA50center0With_background20num85.dat Nelder-Mead  1.0e-04 0 0 0 0     NFW        0.0000   0.0000     -2.125 0.000   0 -99.00  489.9       -8713.128       -17419.06   243 180.0000   0.0000     -2.024 0.000   0 -99.00    0.030
2018-05-01-21:55:38 1.11  Mocks_Em/MockNFW1280ellip5loga2.08PA50center0With_background20num86.dat Nelder-Mead  1.0e-04 0 0 0 0     NFW        0.0000   0.0000     -2.128 0.000   0 -99.00  487.6        -8709.64       -17412.09   243 180.0000   0.0000     -2.027 0.000   0 -99.00    0.030
2018-05-01-21:55:38 1.11  Mocks_Em/MockNFW1280ellip5loga2.08PA50center0With_background20num87.dat Nelder-Mead  1.0e-04 0 0 0 0     NFW        0.0000   0.0000     -2.127 0.000   0 -99.00  493.4       -8781.137       -17555.08   243 180.0000   0.0000     -2.026 0.000   0 -99.00    0.030
2018-05-01-21:55:38 1.11  Mocks_Em/MockNFW1280ellip5loga2.08PA50center0With_background20num88.dat Nelder-Mead  1.0e-04 0 0 0 0     NFW        0.0000   0.0000     -2.115 0.000   0 -99.00  494.0       -8576.505       -17145.82   243 180.0000   0.0000     -2.014 0.000   0 -99.00    0.030
2018-05-01-21:55:38 1.11  Mocks_Em/MockNFW1280ellip5loga2.08PA50center0With_background20num89.dat Nelder-Mead  1.0e-04 0 0 0 0     NFW        0.0000   0.0000     -2.123 0.000   0 -99.00  486.1       -8570.433       -17133.67   243 180.0000   0.0000     -2.022 0.000   0 -99.00    0.030
2018-05-01-21:55:38 1.11  Mocks_Em/MockNFW1280ellip5loga2.08PA50center0With_background20num90.dat Nelder-Mead  1.0e-04 0 0 0 0     NFW        0.0000   0.0000     -2.129 0.000   0 -99.00  484.1       -8690.541       -17373.89   243 180.0000   0.0000     -2.028 0.000   0 -99.00    0.030
2018-05-01-21:55:38 1.11  Mocks_Em/MockNFW1280ellip5loga2.08PA50center0With_background20num91.dat Nelder-Mead  1.0e-04 0 0 0 0     NFW        0.0000   0.0000     -2.113 0.000   0 -99.00  513.7       -8812.229       -17617.26   243 180.0000   0.0000     -2.012 0.000   0 -99.00    0.030
2018-05-01-21:55:38 1.11  Mocks_Em/MockNFW1280ellip5loga2.08PA50center0With_background20num92.dat Nelder-Mead  1.0e-04 0 0 0 0     NFW        0.0000   0.0000     -2.102 0.000   0 -99.00  508.2       -8498.609       -16990.02   243 180.0000   0.0000     -2.001 0.000   0 -99.00    0.030
2018-05-01-21:55:38 1.11  Mocks_Em/MockNFW1280ellip5loga2.08PA50center0With_background20num93.dat Nelder-Mead  1.0e-04 0 0 0 0     NFW        0.0000   0.0000     -2.127 0.000   0 -99.00  482.5       -8621.548        -17235.9   243 180.0000   0.0000     -2.026 0.000   0 -99.00    0.030
2018-05-01-21:55:38 1.11  Mocks_Em/MockNFW1280ellip5loga2.08PA50center0With_background20num94.dat Nelder-Mead  1.0e-04 0 0 0 0     NFW        0.0000   0.0000     -2.106 0.000   0 -99.00  500.1       -8475.366       -16943.54   243 180.0000   0.0000     -2.006 0.000   0 -99.00    0.029
2018-05-01-21:55:38 1.11  Mocks_Em/MockNFW1280ellip5loga2.08PA50center0With_background20num95.dat Nelder-Mead  1.0e-04 0 0 0 0     NFW      360.0000   0.0000     -2.103 0.000   0 -99.00  510.3        -8566.69       -17126.19   246 180.0000   0.0000     -2.003 0.000   0 -99.00    0.030
2018-05-01-21:55:38 1.11  Mocks_Em/MockNFW1280ellip5loga2.08PA50center0With_background20num96.dat Nelder-Mead  1.0e-04 0 0 0 0     NFW        0.0000   0.0000     -2.108 0.000   0 -99.00  504.5       -8575.206       -17143.22   243 180.0000   0.0000     -2.008 0.000   0 -99.00    0.030
2018-05-01-21:55:38 1.11  Mocks_Em/MockNFW1280ellip5loga2.08PA50center0With_background20num97.dat Nelder-Mead  1.0e-04 0 0 0 0     NFW        0.0000   0.0000     -2.097 0.000   0 -99.00  515.9       -8520.807       -17034.42   243 180.0000   0.0000     -1.997 0.000   0 -99.00    0.030
2018-05-01-21:55:38 1.11  Mocks_Em/MockNFW1280ellip5loga2.08PA50center0With_background20num98.dat Nelder-Mead  1.0e-04 0 0 0 0     NFW        0.0000   0.0000     -2.103 0.000   0 -99.00  515.4       -8649.299        -17291.4   243 180.0000   0.0000     -2.003 0.000   0 -99.00    0.030
2018-05-01-21:55:38 1.11  Mocks_Em/MockNFW1280ellip5loga2.08PA50center0With_background20num99.dat Nelder-Mead  1.0e-04 0 0 0 0     NFW        0.0000   0.0000     -2.114 0.000   0 -99.00  499.0       -8600.753       -17194.31   243 180.0000   0.0000     -2.013 0.000   0 -99.00    0.030
