2018-05-01-21:55:22 1.11  Mocks_Em/MockNFW1280ellip5loga2.08PA50center0With_background20num0.dat Diff-Evol    1.0e-04 0 0 0 0     NFW        0.0000   0.0000     -2.158 0.000   0 -99.00  463.1       -8827.348        -17647.5   243 180.0000   0.0000     -2.033 0.000   0 -99.00    0.094
2018-05-01-21:55:22 1.11  Mocks_Em/MockNFW1280ellip5loga2.08PA50center0With_background20num1.dat Diff-Evol    1.0e-04 0 0 0 0     NFW        0.0000   0.0000     -2.240 0.000   0 -99.00  371.5        -8532.69       -17058.19   215 180.0000   0.0000     -2.011 0.000   0 -99.00    0.081
2018-05-01-21:55:22 1.11  Mocks_Em/MockNFW1280ellip5loga2.08PA50center0With_background20num2.dat Diff-Evol    1.0e-04 0 0 0 0     NFW        0.0000   0.0000     -2.160 0.000   0 -99.00  450.4       -8616.551       -17225.91   215 180.0000   0.0000     -2.014 0.000   0 -99.00    0.081
2018-05-01-21:55:22 1.11  Mocks_Em/MockNFW1280ellip5loga2.08PA50center0With_background20num3.dat Diff-Evol    1.0e-04 0 0 0 0     NFW        0.0000   0.0000     -2.258 0.000   0 -99.00  357.2       -8530.154       -17053.11   215 180.0000   0.0000     -2.008 0.000   0 -99.00    0.080
2018-05-01-21:55:22 1.11  Mocks_Em/MockNFW1280ellip5loga2.08PA50center0With_background20num4.dat Diff-Evol    1.0e-04 0 0 0 0     NFW        0.0000   0.0000     -2.252 0.000   0 -99.00  361.7       -8525.625       -17044.06   215 180.0000   0.0000     -2.000 0.000   0 -99.00    0.080
2018-05-01-21:55:22 1.11  Mocks_Em/MockNFW1280ellip5loga2.08PA50center0With_background20num5.dat Diff-Evol    1.0e-04 0 0 0 0     NFW        0.0000   0.0000     -2.209 0.000   0 -99.00  390.1       -8365.036       -16722.88   215 180.0000   0.0000     -1.995 0.000   0 -99.00    0.079
2018-05-01-21:55:22 1.11  Mocks_Em/MockNFW1280ellip5loga2.08PA50center0With_background20num6.dat Diff-Evol    1.0e-04 0 0 0 0     NFW        0.0000   0.0000     -2.263 0.000   0 -99.00  354.6       -8578.294       -17149.39   201 180.0000   0.0000     -2.012 0.000   0 -99.00    0.075
2018-05-01-21:55:22 1.11  Mocks_Em/MockNFW1280ellip5loga2.08PA50center0With_background20num7.dat Diff-Evol    1.0e-04 0 0 0 0     NFW        0.0000   0.0000     -2.239 0.000   0 -99.00  365.9       -8397.458       -16787.72   215 180.0000   0.0000     -2.013 0.000   0 -99.00    0.080
2018-05-01-21:55:22 1.11  Mocks_Em/MockNFW1280ellip5loga2.08PA50center0With_background20num8.dat Diff-Evol    1.0e-04 0 0 0 0     NFW        0.0000   0.0000     -2.188 0.000   0 -99.00  433.5       -8859.481       -17711.77   215 180.0000   0.0000     -2.029 0.000   0 -99.00    0.081
2018-05-01-21:55:22 1.11  Mocks_Em/MockNFW1280ellip5loga2.08PA50center0With_background20num9.dat Diff-Evol    1.0e-04 0 0 0 0     NFW        0.0000   0.0000     -2.147 0.000   0 -99.00  463.9       -8611.914       -17216.63   215 180.0000   0.0000     -1.989 0.000   0 -99.00    0.080
2018-05-01-21:55:22 1.11  Mocks_Em/MockNFW1280ellip5loga2.08PA50center0With_background20num10.dat Diff-Evol    1.0e-04 0 0 0 0     NFW        0.0000   0.0000     -2.170 0.000   0 -99.00  437.9       -8582.839       -17158.48   222 180.0000   0.0000     -2.005 0.000   0 -99.00    0.082
2018-05-01-21:55:22 1.11  Mocks_Em/MockNFW1280ellip5loga2.08PA50center0With_background20num11.dat Diff-Evol    1.0e-04 0 0 0 0     NFW        0.0000   0.0000     -2.245 0.000   0 -99.00  376.4       -8739.776       -17472.36   215 180.0000   0.0000     -2.026 0.000   0 -99.00    0.081
2018-05-01-21:55:22 1.11  Mocks_Em/MockNFW1280ellip5loga2.08PA50center0With_background20num12.dat Diff-Evol    1.0e-04 0 0 0 0     NFW        0.0000   0.0000     -2.197 0.000   0 -99.00  415.0       -8657.359       -17307.52   215 180.0000   0.0000     -2.010 0.000   0 -99.00    0.081
2018-05-01-21:55:22 1.11  Mocks_Em/MockNFW1280ellip5loga2.08PA50center0With_background20num13.dat Diff-Evol    1.0e-04 0 0 0 0     NFW        0.0000   0.0000     -2.168 0.000   0 -99.00  446.9       -8719.722       -17432.25   215 180.0000   0.0000     -2.008 0.000   0 -99.00    0.081
2018-05-01-21:55:22 1.11  Mocks_Em/MockNFW1280ellip5loga2.08PA50center0With_background20num14.dat Diff-Evol    1.0e-04 0 0 0 0     NFW        0.0000   0.0000     -2.214 0.000   0 -99.00  401.3       -8704.685       -17402.18   229 180.0000   0.0000     -2.025 0.000   0 -99.00    0.085
2018-05-01-21:55:22 1.11  Mocks_Em/MockNFW1280ellip5loga2.08PA50center0With_background20num15.dat Diff-Evol    1.0e-04 0 0 0 0     NFW        0.0000   0.0000     -2.220 0.000   0 -99.00  389.4       -8565.919       -17124.64   215 180.0000   0.0000     -2.006 0.000   0 -99.00    0.081
2018-05-01-21:55:22 1.11  Mocks_Em/MockNFW1280ellip5loga2.08PA50center0With_background20num16.dat Diff-Evol    1.0e-04 0 0 0 0     NFW        0.0000   0.0000     -2.182 0.000   0 -99.00  422.0       -8494.822       -16982.45   215 180.0000   0.0000     -2.003 0.000   0 -99.00    0.080
2018-05-01-21:55:22 1.11  Mocks_Em/MockNFW1280ellip5loga2.08PA50center0With_background20num17.dat Diff-Evol    1.0e-04 0 0 0 0     NFW        0.0000   0.0000     -2.215 0.000   0 -99.00  395.6       -8606.877       -17206.56   229 180.0000   0.0000     -2.018 0.000   0 -99.00    0.086
2018-05-01-21:55:22 1.11  Mocks_Em/MockNFW1280ellip5loga2.08PA50center0With_background20num18.dat Diff-Evol    1.0e-04 0 0 0 0     NFW        0.0000   0.0000     -2.223 0.000   0 -99.00  387.4       -8568.119       -17129.05   215 180.0000   0.0000     -2.012 0.000   0 -99.00    0.081
2018-05-01-21:55:22 1.11  Mocks_Em/MockNFW1280ellip5loga2.08PA50center0With_background20num19.dat Diff-Evol    1.0e-04 0 0 0 0     NFW        0.0000   0.0000     -2.158 0.000   0 -99.00  442.7       -8440.991       -16874.79   215 180.0000   0.0000     -1.995 0.000   0 -99.00    0.080
2018-05-01-21:55:22 1.11  Mocks_Em/MockNFW1280ellip5loga2.08PA50center0With_background20num20.dat Diff-Evol    1.0e-04 0 0 0 0     NFW        0.0000   0.0000     -2.209 0.000   0 -99.00  402.7       -8647.735       -17288.28   215 180.0000   0.0000     -2.008 0.000   0 -99.00    0.081
2018-05-01-21:55:22 1.11  Mocks_Em/MockNFW1280ellip5loga2.08PA50center0With_background20num21.dat Diff-Evol    1.0e-04 0 0 0 0     NFW        0.0000   0.0000     -2.207 0.000   0 -99.00  395.6       -8450.476       -16893.76   222 180.0000   0.0000     -2.001 0.000   0 -99.00    0.082
2018-05-01-21:55:22 1.11  Mocks_Em/MockNFW1280ellip5loga2.08PA50center0With_background20num22.dat Diff-Evol    1.0e-04 0 0 0 0     NFW        0.0000   0.0000     -2.260 0.000   0 -99.00  354.5       -8505.836       -17004.48   215 180.0000   0.0000     -2.005 0.000   0 -99.00    0.080
2018-05-01-21:55:22 1.11  Mocks_Em/MockNFW1280ellip5loga2.08PA50center0With_background20num23.dat Diff-Evol    1.0e-04 0 0 0 0     NFW        0.0000   0.0000     -2.292 0.000   0 -99.00  342.9       -8819.953       -17632.71   222 180.0000   0.0000     -2.051 0.000   0 -99.00    0.083
2018-05-01-21:55:22 1.11  Mocks_Em/MockNFW1280ellip5loga2.08PA50center0With_background20num24.dat Diff-Evol    1.0e-04 0 0 0 0     NFW        0.0000   0.0000     -2.254 0.000   0 -99.00  362.4       -8593.922       -17180.65   208 180.0000   0.0000     -2.024 0.000   0 -99.00    0.078
2018-05-01-21:55:22 1.11  Mocks_Em/MockNFW1280ellip5loga2.08PA50center0With_background20num25.dat Diff-Evol    1.0e-04 0 0 0 0     NFW        0.0000   0.0000     -2.148 0.000   0 -99.00  458.6       -8550.443       -17093.69   208 180.0000   0.0000     -1.997 0.000   0 -99.00    0.077
2018-05-01-21:55:22 1.11  Mocks_Em/MockNFW1280ellip5loga2.08PA50center0With_background20num26.dat Diff-Evol    1.0e-04 0 0 0 0     NFW        0.0000   0.0000     -2.243 0.000   0 -99.00  380.8       -8796.613       -17586.03   201 180.0000   0.0000     -2.020 0.000   0 -99.00    0.076
2018-05-01-21:55:22 1.11  Mocks_Em/MockNFW1280ellip5loga2.08PA50center0With_background20num27.dat Diff-Evol    1.0e-04 0 0 0 0     NFW        0.0000   0.0000     -2.216 0.000   0 -99.00  386.6       -8414.484       -16821.77   229 180.0000   0.0000     -2.005 0.000   0 -99.00    0.085
2018-05-01-21:55:22 1.11  Mocks_Em/MockNFW1280ellip5loga2.08PA50center0With_background20num28.dat Diff-Evol    1.0e-04 0 0 0 0     NFW        0.0000   0.0000     -2.262 0.000   0 -99.00  358.3       -8645.348        -17283.5   215 180.0000   0.0000     -2.026 0.000   0 -99.00    0.081
2018-05-01-21:55:22 1.11  Mocks_Em/MockNFW1280ellip5loga2.08PA50center0With_background20num29.dat Diff-Evol    1.0e-04 0 0 0 0     NFW        0.0000   0.0000     -2.189 0.000   0 -99.00  417.9       -8566.412       -17125.63   215 180.0000   0.0000     -2.013 0.000   0 -99.00    0.080
2018-05-01-21:55:22 1.11  Mocks_Em/MockNFW1280ellip5loga2.08PA50center0With_background20num30.dat Diff-Evol    1.0e-04 0 0 0 0     NFW        0.0000   0.0000     -2.237 0.000   0 -99.00  375.2        -8574.84       -17142.49   215 180.0000   0.0000     -2.008 0.000   0 -99.00    0.081
2018-05-01-21:55:22 1.11  Mocks_Em/MockNFW1280ellip5loga2.08PA50center0With_background20num31.dat Diff-Evol    1.0e-04 0 0 0 0     NFW        0.0000   0.0000     -2.193 0.000   0 -99.00  413.5       -8543.448        -17079.7   215 180.0000   0.0000     -2.000 0.000   0 -99.00    0.083
2018-05-01-21:55:22 1.11  Mocks_Em/MockNFW1280ellip5loga2.08PA50center0With_background20num32.dat Diff-Evol    1.0e-04 0 0 0 0     NFW        0.0000   0.0000     -2.293 0.000   0 -99.00  331.1       -8533.987       -17060.78   215 180.0000   0.0000     -2.019 0.000   0 -99.00    0.081
2018-05-01-21:55:22 1.11  Mocks_Em/MockNFW1280ellip5loga2.08PA50center0With_background20num33.dat Diff-Evol    1.0e-04 0 0 0 0     NFW        0.0000   0.0000     -2.082 0.000   0 -99.00  541.9       -8582.164       -17157.14   291 180.0000   0.0000     -1.999 0.000   0 -99.00    0.111
2018-05-01-21:55:22 1.11  Mocks_Em/MockNFW1280ellip5loga2.08PA50center0With_background20num34.dat Diff-Evol    1.0e-04 0 0 0 0     NFW        0.0000   0.0000     -2.284 0.000   0 -99.00  338.1       -8547.122       -17087.05   215 180.0000   0.0000     -2.011 0.000   0 -99.00    0.081
2018-05-01-21:55:22 1.11  Mocks_Em/MockNFW1280ellip5loga2.08PA50center0With_background20num35.dat Diff-Evol    1.0e-04 0 0 0 0     NFW        0.0000   0.0000     -2.212 0.000   0 -99.00  394.7       -8523.133       -17039.07   236 180.0000   0.0000     -2.006 0.000   0 -99.00    0.088
2018-05-01-21:55:22 1.11  Mocks_Em/MockNFW1280ellip5loga2.08PA50center0With_background20num36.dat Diff-Evol    1.0e-04 0 0 0 0     NFW        0.0000   0.0000     -2.273 0.000   0 -99.00  344.9       -8514.808       -17022.42   257 180.0000   0.0000     -2.013 0.000   0 -99.00    0.095
2018-05-01-21:55:22 1.11  Mocks_Em/MockNFW1280ellip5loga2.08PA50center0With_background20num37.dat Diff-Evol    1.0e-04 0 0 0 0     NFW        0.0000   0.0000     -2.199 0.000   0 -99.00  418.2       -8755.178       -17503.16   215 180.0000   0.0000     -2.010 0.000   0 -99.00    0.081
2018-05-01-21:55:22 1.11  Mocks_Em/MockNFW1280ellip5loga2.08PA50center0With_background20num38.dat Diff-Evol    1.0e-04 0 0 0 0     NFW        0.0000   0.0000     -2.196 0.000   0 -99.00  413.9       -8611.364       -17215.54   229 180.0000   0.0000     -2.006 0.000   0 -99.00    0.086
2018-05-01-21:55:22 1.11  Mocks_Em/MockNFW1280ellip5loga2.08PA50center0With_background20num39.dat Diff-Evol    1.0e-04 0 0 0 0     NFW        0.0000   0.0000     -2.173 0.000   0 -99.00  432.9       -8560.874       -17114.55   215 180.0000   0.0000     -2.006 0.000   0 -99.00    0.081
2018-05-01-21:55:22 1.11  Mocks_Em/MockNFW1280ellip5loga2.08PA50center0With_background20num40.dat Diff-Evol    1.0e-04 0 0 0 0     NFW        0.0000   0.0000     -2.230 0.000   0 -99.00  385.5       -8669.037       -17330.88   215 180.0000   0.0000     -2.029 0.000   0 -99.00    0.081
2018-05-01-21:55:22 1.11  Mocks_Em/MockNFW1280ellip5loga2.08PA50center0With_background20num41.dat Diff-Evol    1.0e-04 0 0 0 0     NFW        0.0000   0.0000     -2.200 0.000   0 -99.00  410.7       -8635.086       -17262.98   215 180.0000   0.0000     -2.011 0.000   0 -99.00    0.080
2018-05-01-21:55:22 1.11  Mocks_Em/MockNFW1280ellip5loga2.08PA50center0With_background20num42.dat Diff-Evol    1.0e-04 0 0 0 0     NFW        0.0000   0.0000     -2.279 0.000   0 -99.00  342.1       -8567.774       -17128.35   215 180.0000   0.0000     -2.012 0.000   0 -99.00    0.080
2018-05-01-21:55:22 1.11  Mocks_Em/MockNFW1280ellip5loga2.08PA50center0With_background20num43.dat Diff-Evol    1.0e-04 0 0 0 0     NFW        0.0000   0.0000     -2.143 0.000   0 -99.00  461.3       -8480.564       -16953.93   215 180.0000   0.0000     -1.995 0.000   0 -99.00    0.079
2018-05-01-21:55:22 1.11  Mocks_Em/MockNFW1280ellip5loga2.08PA50center0With_background20num44.dat Diff-Evol    1.0e-04 0 0 0 0     NFW        0.0000   0.0000     -2.239 0.000   0 -99.00  380.3       -8737.653       -17468.11   215 180.0000   0.0000     -2.034 0.000   0 -99.00    0.081
2018-05-01-21:55:22 1.11  Mocks_Em/MockNFW1280ellip5loga2.08PA50center0With_background20num45.dat Diff-Evol    1.0e-04 0 0 0 0     NFW        0.0000   0.0000     -2.140 0.000   0 -99.00  476.7       -8698.854       -17390.51   305 180.0000   0.0000     -2.003 0.000   0 -99.00    0.117
2018-05-01-21:55:22 1.11  Mocks_Em/MockNFW1280ellip5loga2.08PA50center0With_background20num46.dat Diff-Evol    1.0e-04 0 0 0 0     NFW        0.0000   0.0000     -2.298 0.000   0 -99.00  330.9       -8621.393       -17235.59   215 180.0000   0.0000     -2.018 0.000   0 -99.00    0.081
2018-05-01-21:55:22 1.11  Mocks_Em/MockNFW1280ellip5loga2.08PA50center0With_background20num47.dat Diff-Evol    1.0e-04 0 0 0 0     NFW        0.0000   0.0000     -2.231 0.000   0 -99.00  384.6       -8662.033       -17316.87   222 180.0000   0.0000     -2.029 0.000   0 -99.00    0.083
2018-05-01-21:55:22 1.11  Mocks_Em/MockNFW1280ellip5loga2.08PA50center0With_background20num48.dat Diff-Evol    1.0e-04 0 0 0 0     NFW        0.0000   0.0000     -2.191 0.000   0 -99.00  419.8       -8659.362       -17311.53   257 180.0000   0.0000     -2.020 0.000   0 -99.00    0.095
2018-05-01-21:55:22 1.11  Mocks_Em/MockNFW1280ellip5loga2.08PA50center0With_background20num49.dat Diff-Evol    1.0e-04 0 0 0 0     NFW        0.0000   0.0000     -2.199 0.000   0 -99.00  410.3       -8600.283       -17193.37   215 180.0000   0.0000     -2.012 0.000   0 -99.00    0.080
2018-05-01-21:55:22 1.11  Mocks_Em/MockNFW1280ellip5loga2.08PA50center0With_background20num50.dat Diff-Evol    1.0e-04 0 0 0 0     NFW        0.0000   0.0000     -2.175 0.000   0 -99.00  430.2       -8522.036       -17036.88   215 180.0000   0.0000     -2.004 0.000   0 -99.00    0.080
2018-05-01-21:55:22 1.11  Mocks_Em/MockNFW1280ellip5loga2.08PA50center0With_background20num51.dat Diff-Evol    1.0e-04 0 0 0 0     NFW        0.0000   0.0000     -2.142 0.000   0 -99.00  469.0        -8610.26       -17213.33   208 180.0000   0.0000     -2.001 0.000   0 -99.00    0.078
2018-05-01-21:55:22 1.11  Mocks_Em/MockNFW1280ellip5loga2.08PA50center0With_background20num52.dat Diff-Evol    1.0e-04 0 0 0 0     NFW        0.0000   0.0000     -2.194 0.000   0 -99.00  416.9        -8639.37       -17271.55   243 180.0000   0.0000     -2.004 0.000   0 -99.00    0.091
2018-05-01-21:55:22 1.11  Mocks_Em/MockNFW1280ellip5loga2.08PA50center0With_background20num53.dat Diff-Evol    1.0e-04 0 0 0 0     NFW        0.0000   0.0000     -2.173 0.000   0 -99.00  444.3       -8781.972       -17556.75   201 180.0000   0.0000     -2.012 0.000   0 -99.00    0.076
2018-05-01-21:55:22 1.11  Mocks_Em/MockNFW1280ellip5loga2.08PA50center0With_background20num54.dat Diff-Evol    1.0e-04 0 0 0 0     NFW        0.0000   0.0000     -2.148 0.000   0 -99.00  463.3        -8629.35       -17251.51   208 180.0000   0.0000     -2.006 0.000   0 -99.00    0.078
2018-05-01-21:55:22 1.11  Mocks_Em/MockNFW1280ellip5loga2.08PA50center0With_background20num55.dat Diff-Evol    1.0e-04 0 0 0 0     NFW        0.0000   0.0000     -2.271 0.000   0 -99.00  348.9        -8575.25       -17143.31   250 180.0000   0.0000     -2.017 0.000   0 -99.00    0.093
2018-05-01-21:55:22 1.11  Mocks_Em/MockNFW1280ellip5loga2.08PA50center0With_background20num56.dat Diff-Evol    1.0e-04 0 0 0 0     NFW        0.0000   0.0000     -2.263 0.000   0 -99.00  348.7       -8424.201       -16841.21   215 180.0000   0.0000     -2.013 0.000   0 -99.00    0.080
2018-05-01-21:55:22 1.11  Mocks_Em/MockNFW1280ellip5loga2.08PA50center0With_background20num57.dat Diff-Evol    1.0e-04 0 0 0 0     NFW        0.0000   0.0000     -2.236 0.000   0 -99.00  375.2       -8558.761       -17110.33   215 180.0000   0.0000     -2.006 0.000   0 -99.00    0.080
2018-05-01-21:55:22 1.11  Mocks_Em/MockNFW1280ellip5loga2.08PA50center0With_background20num58.dat Diff-Evol    1.0e-04 0 0 0 0     NFW        0.0000   0.0000     -2.270 0.000   0 -99.00  350.9       -8604.667       -17202.14   222 180.0000   0.0000     -2.015 0.000   0 -99.00    0.082
2018-05-01-21:55:22 1.11  Mocks_Em/MockNFW1280ellip5loga2.08PA50center0With_background20num59.dat Diff-Evol    1.0e-04 0 0 0 0     NFW        0.0000   0.0000     -2.218 0.000   0 -99.00  386.4       -8459.859       -16912.52   222 180.0000   0.0000     -2.001 0.000   0 -99.00    0.082
2018-05-01-21:55:22 1.11  Mocks_Em/MockNFW1280ellip5loga2.08PA50center0With_background20num60.dat Diff-Evol    1.0e-04 0 0 0 0     NFW        0.0000   0.0000     -2.254 0.000   0 -99.00  365.8       -8657.531       -17307.87   208 180.0000   0.0000     -2.017 0.000   0 -99.00    0.077
2018-05-01-21:55:22 1.11  Mocks_Em/MockNFW1280ellip5loga2.08PA50center0With_background20num61.dat Diff-Evol    1.0e-04 0 0 0 0     NFW        0.0000   0.0000     -2.295 0.000   0 -99.00  335.7       -8696.346        -17385.5   229 180.0000   0.0000     -2.050 0.000   0 -99.00    0.085
2018-05-01-21:55:22 1.11  Mocks_Em/MockNFW1280ellip5loga2.08PA50center0With_background20num62.dat Diff-Evol    1.0e-04 0 0 0 0     NFW        0.0000   0.0000     -2.140 0.000   0 -99.00  479.4       -8769.533       -17531.87   215 180.0000   0.0000     -2.006 0.000   0 -99.00    0.080
2018-05-01-21:55:22 1.11  Mocks_Em/MockNFW1280ellip5loga2.08PA50center0With_background20num63.dat Diff-Evol    1.0e-04 0 0 0 0     NFW        0.0000   0.0000     -2.251 0.000   0 -99.00  360.7       -8500.288       -16993.38   215 180.0000   0.0000     -2.013 0.000   0 -99.00    0.080
2018-05-01-21:55:22 1.11  Mocks_Em/MockNFW1280ellip5loga2.08PA50center0With_background20num64.dat Diff-Evol    1.0e-04 0 0 0 0     NFW        0.0000   0.0000     -2.168 0.000   0 -99.00  439.5       -8587.572       -17167.95   236 180.0000   0.0000     -1.991 0.000   0 -99.00    0.089
2018-05-01-21:55:22 1.11  Mocks_Em/MockNFW1280ellip5loga2.08PA50center0With_background20num65.dat Diff-Evol    1.0e-04 0 0 0 0     NFW        0.0000   0.0000     -2.148 0.000   0 -99.00  463.1       -8621.271       -17235.35   222 180.0000   0.0000     -1.993 0.000   0 -99.00    0.082
2018-05-01-21:55:22 1.11  Mocks_Em/MockNFW1280ellip5loga2.08PA50center0With_background20num66.dat Diff-Evol    1.0e-04 0 0 0 0     NFW        0.0000   0.0000     -2.248 0.000   0 -99.00  364.4       -8524.925       -17042.66   215 180.0000   0.0000     -2.014 0.000   0 -99.00    0.080
2018-05-01-21:55:22 1.11  Mocks_Em/MockNFW1280ellip5loga2.08PA50center0With_background20num67.dat Diff-Evol    1.0e-04 0 0 0 0     NFW        0.0000   0.0000     -2.180 0.000   0 -99.00  425.0       -8524.088       -17040.98   201 180.0000   0.0000     -2.015 0.000   0 -99.00    0.076
2018-05-01-21:55:22 1.11  Mocks_Em/MockNFW1280ellip5loga2.08PA50center0With_background20num68.dat Diff-Evol    1.0e-04 0 0 0 0     NFW        0.0000   0.0000     -2.209 0.000   0 -99.00  402.0       -8618.332       -17229.47   236 180.0000   0.0000     -2.018 0.000   0 -99.00    0.088
2018-05-01-21:55:22 1.11  Mocks_Em/MockNFW1280ellip5loga2.08PA50center0With_background20num69.dat Diff-Evol    1.0e-04 0 0 0 0     NFW        0.0000   0.0000     -2.230 0.000   0 -99.00  377.3       -8496.728       -16986.26   215 180.0000   0.0000     -2.014 0.000   0 -99.00    0.081
2018-05-01-21:55:22 1.11  Mocks_Em/MockNFW1280ellip5loga2.08PA50center0With_background20num70.dat Diff-Evol    1.0e-04 0 0 0 0     NFW        0.0000   0.0000     -2.224 0.000   0 -99.00  386.1       -8561.148        -17115.1   215 180.0000   0.0000     -2.014 0.000   0 -99.00    0.081
2018-05-01-21:55:22 1.11  Mocks_Em/MockNFW1280ellip5loga2.08PA50center0With_background20num71.dat Diff-Evol    1.0e-04 0 0 0 0     NFW        0.0000   0.0000     -2.275 0.000   0 -99.00  350.9       -8694.759       -17382.32   215 180.0000   0.0000     -2.018 0.000   0 -99.00    0.081
2018-05-01-21:55:22 1.11  Mocks_Em/MockNFW1280ellip5loga2.08PA50center0With_background20num72.dat Diff-Evol    1.0e-04 0 0 0 0     NFW        0.0000   0.0000     -2.314 0.000   0 -99.00  325.6       -8775.857       -17544.52   222 180.0000   0.0000     -2.031 0.000   0 -99.00    0.084
2018-05-01-21:55:22 1.11  Mocks_Em/MockNFW1280ellip5loga2.08PA50center0With_background20num73.dat Diff-Evol    1.0e-04 0 0 0 0     NFW        0.0000   0.0000     -2.160 0.000   0 -99.00  441.9       -8466.127       -16925.06   215 180.0000   0.0000     -1.989 0.000   0 -99.00    0.081
2018-05-01-21:55:22 1.11  Mocks_Em/MockNFW1280ellip5loga2.08PA50center0With_background20num74.dat Diff-Evol    1.0e-04 0 0 0 0     NFW        0.0000   0.0000     -2.105 0.000   0 -99.00  507.6       -8521.571       -17035.95   305 180.0000   0.0000     -2.002 0.000   0 -99.00    0.124
2018-05-01-21:55:22 1.11  Mocks_Em/MockNFW1280ellip5loga2.08PA50center0With_background20num75.dat Diff-Evol    1.0e-04 0 0 0 0     NFW        0.0000   0.0000     -2.281 0.000   0 -99.00  341.2       -8580.911       -17154.63   215 180.0000   0.0000     -2.016 0.000   0 -99.00    0.080
2018-05-01-21:55:22 1.11  Mocks_Em/MockNFW1280ellip5loga2.08PA50center0With_background20num76.dat Diff-Evol    1.0e-04 0 0 0 0     NFW        0.0000   0.0000     -2.219 0.000   0 -99.00  386.6       -8471.052       -16934.91   201 180.0000   0.0000     -2.006 0.000   0 -99.00    0.075
2018-05-01-21:55:22 1.11  Mocks_Em/MockNFW1280ellip5loga2.08PA50center0With_background20num77.dat Diff-Evol    1.0e-04 0 0 0 0     NFW        0.0000   0.0000     -2.171 0.000   0 -99.00  446.2       -8761.789       -17516.39   208 180.0000   0.0000     -2.021 0.000   0 -99.00    0.079
2018-05-01-21:55:22 1.11  Mocks_Em/MockNFW1280ellip5loga2.08PA50center0With_background20num78.dat Diff-Evol    1.0e-04 0 0 0 0     NFW        0.0000   0.0000     -2.248 0.000   0 -99.00  367.0        -8591.26       -17175.33   222 180.0000   0.0000     -2.016 0.000   0 -99.00    0.085
2018-05-01-21:55:22 1.11  Mocks_Em/MockNFW1280ellip5loga2.08PA50center0With_background20num79.dat Diff-Evol    1.0e-04 0 0 0 0     NFW        0.0000   0.0000     -2.242 0.000   0 -99.00  374.7       -8648.112       -17289.03   215 180.0000   0.0000     -2.014 0.000   0 -99.00    0.082
2018-05-01-21:55:22 1.11  Mocks_Em/MockNFW1280ellip5loga2.08PA50center0With_background20num80.dat Diff-Evol    1.0e-04 0 0 0 0     NFW        0.0000   0.0000     -2.311 0.000   0 -99.00  319.0       -8542.588       -17077.98   215 180.0000   0.0000     -2.031 0.000   0 -99.00    0.081
2018-05-01-21:55:22 1.11  Mocks_Em/MockNFW1280ellip5loga2.08PA50center0With_background20num81.dat Diff-Evol    1.0e-04 0 0 0 0     NFW        0.0000   0.0000     -2.179 0.000   0 -99.00  435.6       -8714.623       -17422.05   215 180.0000   0.0000     -2.012 0.000   0 -99.00    0.082
2018-05-01-21:55:22 1.11  Mocks_Em/MockNFW1280ellip5loga2.08PA50center0With_background20num82.dat Diff-Evol    1.0e-04 0 0 0 0     NFW        0.0000   0.0000     -2.215 0.000   0 -99.00  394.8       -8571.434       -17135.67   208 180.0000   0.0000     -2.001 0.000   0 -99.00    0.078
2018-05-01-21:55:22 1.11  Mocks_Em/MockNFW1280ellip5loga2.08PA50center0With_background20num83.dat Diff-Evol    1.0e-04 0 0 0 0     NFW        0.0000   0.0000     -2.222 0.000   0 -99.00  391.6        -8645.76       -17284.33   215 180.0000   0.0000     -2.011 0.000   0 -99.00    0.081
2018-05-01-21:55:22 1.11  Mocks_Em/MockNFW1280ellip5loga2.08PA50center0With_background20num84.dat Diff-Evol    1.0e-04 0 0 0 0     NFW        0.0000   0.0000     -2.266 0.000   0 -99.00  356.6       -8671.172       -17335.15   236 180.0000   0.0000     -2.021 0.000   0 -99.00    0.088
2018-05-01-21:55:22 1.11  Mocks_Em/MockNFW1280ellip5loga2.08PA50center0With_background20num85.dat Diff-Evol    1.0e-04 0 0 0 0     NFW        0.0000   0.0000     -2.298 0.000   0 -99.00  334.5       -8717.162       -17427.13   222 180.0000   0.0000     -2.024 0.000   0 -99.00    0.083
2018-05-01-21:55:22 1.11  Mocks_Em/MockNFW1280ellip5loga2.08PA50center0With_background20num86.dat Diff-Evol    1.0e-04 0 0 0 0     NFW        0.0000   0.0000     -2.260 0.000   0 -99.00  363.0       -8711.009       -17414.82   215 180.0000   0.0000     -2.027 0.000   0 -99.00    0.081
2018-05-01-21:55:22 1.11  Mocks_Em/MockNFW1280ellip5loga2.08PA50center0With_background20num87.dat Diff-Evol    1.0e-04 0 0 0 0     NFW        0.0000   0.0000     -2.197 0.000   0 -99.00  419.9       -8780.094       -17552.99   222 180.0000   0.0000     -2.026 0.000   0 -99.00    0.083
2018-05-01-21:55:22 1.11  Mocks_Em/MockNFW1280ellip5loga2.08PA50center0With_background20num88.dat Diff-Evol    1.0e-04 0 0 0 0     NFW        0.0000   0.0000     -2.317 0.000   0 -99.00  317.1       -8582.473       -17157.75   243 180.0000   0.0000     -2.014 0.000   0 -99.00    0.091
2018-05-01-21:55:22 1.11  Mocks_Em/MockNFW1280ellip5loga2.08PA50center0With_background20num89.dat Diff-Evol    1.0e-04 0 0 0 0     NFW        0.0000   0.0000     -2.224 0.000   0 -99.00  385.8        -8570.43       -17133.67   215 180.0000   0.0000     -2.022 0.000   0 -99.00    0.081
2018-05-01-21:55:22 1.11  Mocks_Em/MockNFW1280ellip5loga2.08PA50center0With_background20num90.dat Diff-Evol    1.0e-04 0 0 0 0     NFW        0.0000   0.0000     -2.280 0.000   0 -99.00  346.8       -8693.134       -17379.07   215 180.0000   0.0000     -2.028 0.000   0 -99.00    0.082
2018-05-01-21:55:22 1.11  Mocks_Em/MockNFW1280ellip5loga2.08PA50center0With_background20num91.dat Diff-Evol    1.0e-04 0 0 0 0     NFW        0.0000   0.0000     -2.204 0.000   0 -99.00  416.0       -8811.714       -17616.23   222 180.0000   0.0000     -2.012 0.000   0 -99.00    0.084
2018-05-01-21:55:22 1.11  Mocks_Em/MockNFW1280ellip5loga2.08PA50center0With_background20num92.dat Diff-Evol    1.0e-04 0 0 0 0     NFW        0.0000   0.0000     -2.201 0.000   0 -99.00  403.5       -8498.406       -16989.62   215 180.0000   0.0000     -2.001 0.000   0 -99.00    0.081
2018-05-01-21:55:22 1.11  Mocks_Em/MockNFW1280ellip5loga2.08PA50center0With_background20num93.dat Diff-Evol    1.0e-04 0 0 0 0     NFW        0.0000   0.0000     -2.307 0.000   0 -99.00  325.4       -8626.008       -17244.82   215 180.0000   0.0000     -2.026 0.000   0 -99.00    0.081
2018-05-01-21:55:22 1.11  Mocks_Em/MockNFW1280ellip5loga2.08PA50center0With_background20num94.dat Diff-Evol    1.0e-04 0 0 0 0     NFW        0.0000   0.0000     -2.230 0.000   0 -99.00  376.5       -8476.227       -16945.26   236 180.0000   0.0000     -2.006 0.000   0 -99.00    0.088
2018-05-01-21:55:22 1.11  Mocks_Em/MockNFW1280ellip5loga2.08PA50center0With_background20num95.dat Diff-Evol    1.0e-04 0 0 0 0     NFW        0.0000   0.0000     -2.207 0.000   0 -99.00  401.0        -8566.63       -17126.07   208 180.0000   0.0000     -2.003 0.000   0 -99.00    0.078
2018-05-01-21:55:22 1.11  Mocks_Em/MockNFW1280ellip5loga2.08PA50center0With_background20num96.dat Diff-Evol    1.0e-04 0 0 0 0     NFW        0.0000   0.0000     -2.184 0.000   0 -99.00  423.3       -8574.212       -17141.23   215 180.0000   0.0000     -2.008 0.000   0 -99.00    0.080
2018-05-01-21:55:22 1.11  Mocks_Em/MockNFW1280ellip5loga2.08PA50center0With_background20num97.dat Diff-Evol    1.0e-04 0 0 0 0     NFW        0.0000   0.0000     -2.192 0.000   0 -99.00  413.1       -8520.334       -17033.47   229 180.0000   0.0000     -1.997 0.000   0 -99.00    0.085
2018-05-01-21:55:22 1.11  Mocks_Em/MockNFW1280ellip5loga2.08PA50center0With_background20num98.dat Diff-Evol    1.0e-04 0 0 0 0     NFW        0.0000   0.0000     -2.173 0.000   0 -99.00  438.2       -8648.102       -17289.01   222 180.0000   0.0000     -2.003 0.000   0 -99.00    0.083
2018-05-01-21:55:22 1.11  Mocks_Em/MockNFW1280ellip5loga2.08PA50center0With_background20num99.dat Diff-Evol    1.0e-04 0 0 0 0     NFW        0.0000   0.0000     -2.186 0.000   0 -99.00  422.0       -8599.713       -17192.23   201 180.0000   0.0000     -2.013 0.000   0 -99.00    0.076
