2018-05-01-21:55:17 1.11  Mocks_Em/MockNFW1280ellip5loga2.08PA50center0With_background20num0.dat L-BFGS-B     1.0e-04 0 0 0 0     NFW        0.0000   0.0000     -2.164 0.000   0 -99.00  456.1       -8827.339       -17647.48    28 180.0000   0.0000     -2.033 0.000   0 -99.00    0.010
2018-05-01-21:55:17 1.11  Mocks_Em/MockNFW1280ellip5loga2.08PA50center0With_background20num1.dat L-BFGS-B     1.0e-04 0 0 0 0     NFW        0.0000   0.0000     -2.238 0.000   0 -99.00  372.7        -8532.69       -17058.19    35 180.0000   0.0000     -2.011 0.000   0 -99.00    0.012
2018-05-01-21:55:17 1.11  Mocks_Em/MockNFW1280ellip5loga2.08PA50center0With_background20num2.dat L-BFGS-B     1.0e-04 0 0 0 0     NFW        0.0000   0.0000     -2.169 0.000   0 -99.00  440.7       -8616.534       -17225.87    28 180.0000   0.0000     -2.014 0.000   0 -99.00    0.010
2018-05-01-21:55:17 1.11  Mocks_Em/MockNFW1280ellip5loga2.08PA50center0With_background20num3.dat L-BFGS-B     1.0e-04 0 0 0 0     NFW        0.0000   0.0000     -2.256 0.000   0 -99.00  358.0       -8530.153       -17053.11    35 180.0000   0.0000     -2.008 0.000   0 -99.00    0.012
2018-05-01-21:55:17 1.11  Mocks_Em/MockNFW1280ellip5loga2.08PA50center0With_background20num4.dat L-BFGS-B     1.0e-04 0 0 0 0     NFW        0.0000   0.0000     -2.251 0.000   0 -99.00  362.8       -8525.625       -17044.06    35 180.0000   0.0000     -2.000 0.000   0 -99.00    0.012
2018-05-01-21:55:17 1.11  Mocks_Em/MockNFW1280ellip5loga2.08PA50center0With_background20num5.dat L-BFGS-B     1.0e-04 0 0 0 0     NFW        0.0000   0.0000     -2.208 0.000   0 -99.00  391.2       -8365.036       -16722.88    35 180.0000   0.0000     -1.995 0.000   0 -99.00    0.012
2018-05-01-21:55:17 1.11  Mocks_Em/MockNFW1280ellip5loga2.08PA50center0With_background20num6.dat L-BFGS-B     1.0e-04 0 0 0 0     NFW        0.0000   0.0000     -2.262 0.000   0 -99.00  355.5       -8578.293       -17149.39    35 180.0000   0.0000     -2.012 0.000   0 -99.00    0.012
2018-05-01-21:55:17 1.11  Mocks_Em/MockNFW1280ellip5loga2.08PA50center0With_background20num7.dat L-BFGS-B     1.0e-04 0 0 0 0     NFW        0.0000   0.0000     -2.238 0.000   0 -99.00  366.8       -8397.457       -16787.72    35 180.0000   0.0000     -2.013 0.000   0 -99.00    0.012
2018-05-01-21:55:17 1.11  Mocks_Em/MockNFW1280ellip5loga2.08PA50center0With_background20num8.dat L-BFGS-B     1.0e-04 0 0 0 0     NFW        0.0000   0.0000     -2.198 0.000   0 -99.00  423.7        -8859.46       -17711.73    28 180.0000   0.0000     -2.029 0.000   0 -99.00    0.010
2018-05-01-21:55:17 1.11  Mocks_Em/MockNFW1280ellip5loga2.08PA50center0With_background20num9.dat L-BFGS-B     1.0e-04 0 0 0 0     NFW        0.0000   0.0000     -2.158 0.000   0 -99.00  451.6       -8611.889       -17216.58    28 180.0000   0.0000     -1.989 0.000   0 -99.00    0.010
2018-05-01-21:55:17 1.11  Mocks_Em/MockNFW1280ellip5loga2.08PA50center0With_background20num10.dat L-BFGS-B     1.0e-04 0 0 0 0     NFW        0.0000   0.0000     -2.182 0.000   0 -99.00  425.9       -8582.811       -17158.43    28 180.0000   0.0000     -2.005 0.000   0 -99.00    0.010
2018-05-01-21:55:17 1.11  Mocks_Em/MockNFW1280ellip5loga2.08PA50center0With_background20num11.dat L-BFGS-B     1.0e-04 0 0 0 0     NFW        0.0000   0.0000     -2.244 0.000   0 -99.00  377.1       -8739.776       -17472.36    35 180.0000   0.0000     -2.026 0.000   0 -99.00    0.012
2018-05-01-21:55:17 1.11  Mocks_Em/MockNFW1280ellip5loga2.08PA50center0With_background20num12.dat L-BFGS-B     1.0e-04 0 0 0 0     NFW        0.0000   0.0000     -2.196 0.000   0 -99.00  415.7       -8657.359       -17307.52    35 180.0000   0.0000     -2.010 0.000   0 -99.00    0.012
2018-05-01-21:55:17 1.11  Mocks_Em/MockNFW1280ellip5loga2.08PA50center0With_background20num13.dat L-BFGS-B     1.0e-04 0 0 0 0     NFW        0.0000   0.0000     -2.180 0.000   0 -99.00  435.4       -8719.697        -17432.2    28 180.0000   0.0000     -2.008 0.000   0 -99.00    0.010
2018-05-01-21:55:17 1.11  Mocks_Em/MockNFW1280ellip5loga2.08PA50center0With_background20num14.dat L-BFGS-B     1.0e-04 0 0 0 0     NFW        0.0000   0.0000     -2.213 0.000   0 -99.00  402.3       -8704.685       -17402.18    35 180.0000   0.0000     -2.025 0.000   0 -99.00    0.012
2018-05-01-21:55:17 1.11  Mocks_Em/MockNFW1280ellip5loga2.08PA50center0With_background20num15.dat L-BFGS-B     1.0e-04 0 0 0 0     NFW        0.0000   0.0000     -2.220 0.000   0 -99.00  390.0       -8565.919       -17124.64    35 180.0000   0.0000     -2.006 0.000   0 -99.00    0.012
2018-05-01-21:55:17 1.11  Mocks_Em/MockNFW1280ellip5loga2.08PA50center0With_background20num16.dat L-BFGS-B     1.0e-04 0 0 0 0     NFW        0.0000   0.0000     -2.181 0.000   0 -99.00  422.9       -8494.822       -16982.45    35 180.0000   0.0000     -2.003 0.000   0 -99.00    0.012
2018-05-01-21:55:17 1.11  Mocks_Em/MockNFW1280ellip5loga2.08PA50center0With_background20num17.dat L-BFGS-B     1.0e-04 0 0 0 0     NFW        0.0000   0.0000     -2.215 0.000   0 -99.00  396.1       -8606.876       -17206.56    35 180.0000   0.0000     -2.018 0.000   0 -99.00    0.012
2018-05-01-21:55:17 1.11  Mocks_Em/MockNFW1280ellip5loga2.08PA50center0With_background20num18.dat L-BFGS-B     1.0e-04 0 0 0 0     NFW        0.0000   0.0000     -2.221 0.000   0 -99.00  388.9       -8568.119       -17129.04    35 180.0000   0.0000     -2.012 0.000   0 -99.00    0.012
2018-05-01-21:55:17 1.11  Mocks_Em/MockNFW1280ellip5loga2.08PA50center0With_background20num19.dat L-BFGS-B     1.0e-04 0 0 0 0     NFW        0.0000   0.0000     -2.171 0.000   0 -99.00  430.2       -8440.962       -16874.73    28 180.0000   0.0000     -1.995 0.000   0 -99.00    0.010
2018-05-01-21:55:17 1.11  Mocks_Em/MockNFW1280ellip5loga2.08PA50center0With_background20num20.dat L-BFGS-B     1.0e-04 0 0 0 0     NFW        0.0000   0.0000     -2.208 0.000   0 -99.00  404.0       -8647.734       -17288.28    35 180.0000   0.0000     -2.008 0.000   0 -99.00    0.012
2018-05-01-21:55:17 1.11  Mocks_Em/MockNFW1280ellip5loga2.08PA50center0With_background20num21.dat L-BFGS-B     1.0e-04 0 0 0 0     NFW        0.0000   0.0000     -2.206 0.000   0 -99.00  396.5       -8450.476       -16893.76    35 180.0000   0.0000     -2.001 0.000   0 -99.00    0.012
2018-05-01-21:55:17 1.11  Mocks_Em/MockNFW1280ellip5loga2.08PA50center0With_background20num22.dat L-BFGS-B     1.0e-04 0 0 0 0     NFW        0.0000   0.0000     -2.258 0.000   0 -99.00  355.9       -8505.835       -17004.48    35 180.0000   0.0000     -2.005 0.000   0 -99.00    0.012
2018-05-01-21:55:17 1.11  Mocks_Em/MockNFW1280ellip5loga2.08PA50center0With_background20num23.dat L-BFGS-B     1.0e-04 0 0 0 0     NFW        0.0000   0.0000     -2.291 0.000   0 -99.00  343.6       -8819.952       -17632.71    35 180.0000   0.0000     -2.051 0.000   0 -99.00    0.013
2018-05-01-21:55:17 1.11  Mocks_Em/MockNFW1280ellip5loga2.08PA50center0With_background20num24.dat L-BFGS-B     1.0e-04 0 0 0 0     NFW        0.0000   0.0000     -2.253 0.000   0 -99.00  363.3       -8593.922       -17180.65    35 180.0000   0.0000     -2.024 0.000   0 -99.00    0.012
2018-05-01-21:55:17 1.11  Mocks_Em/MockNFW1280ellip5loga2.08PA50center0With_background20num25.dat L-BFGS-B     1.0e-04 0 0 0 0     NFW        0.0000   0.0000     -2.159 0.000   0 -99.00  447.4       -8550.421       -17093.65    28 180.0000   0.0000     -1.997 0.000   0 -99.00    0.010
2018-05-01-21:55:17 1.11  Mocks_Em/MockNFW1280ellip5loga2.08PA50center0With_background20num26.dat L-BFGS-B     1.0e-04 0 0 0 0     NFW        0.0000   0.0000     -2.242 0.000   0 -99.00  382.0       -8796.612       -17586.03    35 180.0000   0.0000     -2.020 0.000   0 -99.00    0.012
2018-05-01-21:55:17 1.11  Mocks_Em/MockNFW1280ellip5loga2.08PA50center0With_background20num27.dat L-BFGS-B     1.0e-04 0 0 0 0     NFW        0.0000   0.0000     -2.214 0.000   0 -99.00  387.7       -8414.484       -16821.77    35 180.0000   0.0000     -2.005 0.000   0 -99.00    0.012
2018-05-01-21:55:17 1.11  Mocks_Em/MockNFW1280ellip5loga2.08PA50center0With_background20num28.dat L-BFGS-B     1.0e-04 0 0 0 0     NFW        0.0000   0.0000     -2.262 0.000   0 -99.00  358.6       -8645.348        -17283.5    35 180.0000   0.0000     -2.026 0.000   0 -99.00    0.012
2018-05-01-21:55:17 1.11  Mocks_Em/MockNFW1280ellip5loga2.08PA50center0With_background20num29.dat L-BFGS-B     1.0e-04 0 0 0 0     NFW        0.0000   0.0000     -2.188 0.000   0 -99.00  418.9       -8566.412       -17125.63    35 180.0000   0.0000     -2.013 0.000   0 -99.00    0.012
2018-05-01-21:55:17 1.11  Mocks_Em/MockNFW1280ellip5loga2.08PA50center0With_background20num30.dat L-BFGS-B     1.0e-04 0 0 0 0     NFW        0.0000   0.0000     -2.237 0.000   0 -99.00  375.9        -8574.84       -17142.49    35 180.0000   0.0000     -2.008 0.000   0 -99.00    0.012
2018-05-01-21:55:17 1.11  Mocks_Em/MockNFW1280ellip5loga2.08PA50center0With_background20num31.dat L-BFGS-B     1.0e-04 0 0 0 0     NFW        0.0000   0.0000     -2.191 0.000   0 -99.00  414.5       -8543.448        -17079.7    35 180.0000   0.0000     -2.000 0.000   0 -99.00    0.012
2018-05-01-21:55:17 1.11  Mocks_Em/MockNFW1280ellip5loga2.08PA50center0With_background20num32.dat L-BFGS-B     1.0e-04 0 0 0 0     NFW        0.0000   0.0000     -2.292 0.000   0 -99.00  331.6       -8533.987       -17060.78    35 180.0000   0.0000     -2.019 0.000   0 -99.00    0.012
2018-05-01-21:55:17 1.11  Mocks_Em/MockNFW1280ellip5loga2.08PA50center0With_background20num33.dat L-BFGS-B     1.0e-04 0 0 0 0     NFW        0.0000   0.0000     -2.085 0.000   0 -99.00  537.4       -8582.162       -17157.13    28 180.0000   0.0000     -1.999 0.000   0 -99.00    0.010
2018-05-01-21:55:17 1.11  Mocks_Em/MockNFW1280ellip5loga2.08PA50center0With_background20num34.dat L-BFGS-B     1.0e-04 0 0 0 0     NFW        0.0000   0.0000     -2.282 0.000   0 -99.00  339.1       -8547.121       -17087.05    35 180.0000   0.0000     -2.011 0.000   0 -99.00    0.012
2018-05-01-21:55:17 1.11  Mocks_Em/MockNFW1280ellip5loga2.08PA50center0With_background20num35.dat L-BFGS-B     1.0e-04 0 0 0 0     NFW        0.0000   0.0000     -2.210 0.000   0 -99.00  396.0       -8523.133       -17039.07    35 180.0000   0.0000     -2.006 0.000   0 -99.00    0.012
2018-05-01-21:55:17 1.11  Mocks_Em/MockNFW1280ellip5loga2.08PA50center0With_background20num36.dat L-BFGS-B     1.0e-04 0 0 0 0     NFW        0.0000   0.0000     -2.271 0.000   0 -99.00  346.2       -8514.807       -17022.42    35 180.0000   0.0000     -2.013 0.000   0 -99.00    0.012
2018-05-01-21:55:17 1.11  Mocks_Em/MockNFW1280ellip5loga2.08PA50center0With_background20num37.dat L-BFGS-B     1.0e-04 0 0 0 0     NFW        0.0000   0.0000     -2.197 0.000   0 -99.00  419.4       -8755.178       -17503.16    35 180.0000   0.0000     -2.010 0.000   0 -99.00    0.012
2018-05-01-21:55:17 1.11  Mocks_Em/MockNFW1280ellip5loga2.08PA50center0With_background20num38.dat L-BFGS-B     1.0e-04 0 0 0 0     NFW        0.0000   0.0000     -2.195 0.000   0 -99.00  414.8       -8611.364       -17215.53    35 180.0000   0.0000     -2.006 0.000   0 -99.00    0.012
2018-05-01-21:55:17 1.11  Mocks_Em/MockNFW1280ellip5loga2.08PA50center0With_background20num39.dat L-BFGS-B     1.0e-04 0 0 0 0     NFW        0.0000   0.0000     -2.186 0.000   0 -99.00  420.8       -8560.844       -17114.49    28 180.0000   0.0000     -2.006 0.000   0 -99.00    0.010
2018-05-01-21:55:17 1.11  Mocks_Em/MockNFW1280ellip5loga2.08PA50center0With_background20num40.dat L-BFGS-B     1.0e-04 0 0 0 0     NFW        0.0000   0.0000     -2.229 0.000   0 -99.00  386.1       -8669.037       -17330.88    35 180.0000   0.0000     -2.029 0.000   0 -99.00    0.012
2018-05-01-21:55:17 1.11  Mocks_Em/MockNFW1280ellip5loga2.08PA50center0With_background20num41.dat L-BFGS-B     1.0e-04 0 0 0 0     NFW        0.0000   0.0000     -2.199 0.000   0 -99.00  411.6       -8635.086       -17262.98    35 180.0000   0.0000     -2.011 0.000   0 -99.00    0.012
2018-05-01-21:55:17 1.11  Mocks_Em/MockNFW1280ellip5loga2.08PA50center0With_background20num42.dat L-BFGS-B     1.0e-04 0 0 0 0     NFW        0.0000   0.0000     -2.277 0.000   0 -99.00  343.7       -8567.773       -17128.35    35 180.0000   0.0000     -2.012 0.000   0 -99.00    0.012
2018-05-01-21:55:17 1.11  Mocks_Em/MockNFW1280ellip5loga2.08PA50center0With_background20num43.dat L-BFGS-B     1.0e-04 0 0 0 0     NFW        0.0000   0.0000     -2.153 0.000   0 -99.00  450.2       -8480.544       -16953.89    28 180.0000   0.0000     -1.995 0.000   0 -99.00    0.010
2018-05-01-21:55:17 1.11  Mocks_Em/MockNFW1280ellip5loga2.08PA50center0With_background20num44.dat L-BFGS-B     1.0e-04 0 0 0 0     NFW        0.0000   0.0000     -2.239 0.000   0 -99.00  380.8       -8737.653       -17468.11    35 180.0000   0.0000     -2.034 0.000   0 -99.00    0.012
2018-05-01-21:55:17 1.11  Mocks_Em/MockNFW1280ellip5loga2.08PA50center0With_background20num45.dat L-BFGS-B     1.0e-04 0 0 0 0     NFW        0.0000   0.0000     -2.148 0.000   0 -99.00  467.0       -8698.839       -17390.49    28 180.0000   0.0000     -2.003 0.000   0 -99.00    0.010
2018-05-01-21:55:17 1.11  Mocks_Em/MockNFW1280ellip5loga2.08PA50center0With_background20num46.dat L-BFGS-B     1.0e-04 0 0 0 0     NFW        0.0000   0.0000     -2.297 0.000   0 -99.00  331.5       -8621.392       -17235.59    35 180.0000   0.0000     -2.018 0.000   0 -99.00    0.012
2018-05-01-21:55:17 1.11  Mocks_Em/MockNFW1280ellip5loga2.08PA50center0With_background20num47.dat L-BFGS-B     1.0e-04 0 0 0 0     NFW        0.0000   0.0000     -2.230 0.000   0 -99.00  385.7       -8662.033       -17316.87    35 180.0000   0.0000     -2.029 0.000   0 -99.00    0.012
2018-05-01-21:55:17 1.11  Mocks_Em/MockNFW1280ellip5loga2.08PA50center0With_background20num48.dat L-BFGS-B     1.0e-04 0 0 0 0     NFW        0.0000   0.0000     -2.204 0.000   0 -99.00  408.3       -8659.331       -17311.47    28 180.0000   0.0000     -2.020 0.000   0 -99.00    0.010
2018-05-01-21:55:17 1.11  Mocks_Em/MockNFW1280ellip5loga2.08PA50center0With_background20num49.dat L-BFGS-B     1.0e-04 0 0 0 0     NFW        0.0000   0.0000     -2.198 0.000   0 -99.00  411.3       -8600.282       -17193.37    35 180.0000   0.0000     -2.012 0.000   0 -99.00    0.012
2018-05-01-21:55:17 1.11  Mocks_Em/MockNFW1280ellip5loga2.08PA50center0With_background20num50.dat L-BFGS-B     1.0e-04 0 0 0 0     NFW        0.0000   0.0000     -2.188 0.000   0 -99.00  417.6       -8522.004       -17036.81    28 180.0000   0.0000     -2.004 0.000   0 -99.00    0.010
2018-05-01-21:55:17 1.11  Mocks_Em/MockNFW1280ellip5loga2.08PA50center0With_background20num51.dat L-BFGS-B     1.0e-04 0 0 0 0     NFW        0.0000   0.0000     -2.152 0.000   0 -99.00  458.5       -8610.243       -17213.29    28 180.0000   0.0000     -2.001 0.000   0 -99.00    0.010
2018-05-01-21:55:17 1.11  Mocks_Em/MockNFW1280ellip5loga2.08PA50center0With_background20num52.dat L-BFGS-B     1.0e-04 0 0 0 0     NFW        0.0000   0.0000     -2.193 0.000   0 -99.00  417.4        -8639.37       -17271.55    35 180.0000   0.0000     -2.004 0.000   0 -99.00    0.012
2018-05-01-21:55:17 1.11  Mocks_Em/MockNFW1280ellip5loga2.08PA50center0With_background20num53.dat L-BFGS-B     1.0e-04 0 0 0 0     NFW        0.0000   0.0000     -2.185 0.000   0 -99.00  433.0       -8781.946        -17556.7    28 180.0000   0.0000     -2.012 0.000   0 -99.00    0.010
2018-05-01-21:55:17 1.11  Mocks_Em/MockNFW1280ellip5loga2.08PA50center0With_background20num54.dat L-BFGS-B     1.0e-04 0 0 0 0     NFW        0.0000   0.0000     -2.157 0.000   0 -99.00  453.5       -8629.333       -17251.47    28 180.0000   0.0000     -2.006 0.000   0 -99.00    0.010
2018-05-01-21:55:17 1.11  Mocks_Em/MockNFW1280ellip5loga2.08PA50center0With_background20num55.dat L-BFGS-B     1.0e-04 0 0 0 0     NFW        0.0000   0.0000     -2.269 0.000   0 -99.00  350.3       -8575.249        -17143.3    35 180.0000   0.0000     -2.017 0.000   0 -99.00    0.012
2018-05-01-21:55:17 1.11  Mocks_Em/MockNFW1280ellip5loga2.08PA50center0With_background20num56.dat L-BFGS-B     1.0e-04 0 0 0 0     NFW        0.0000   0.0000     -2.261 0.000   0 -99.00  349.8       -8424.201       -16841.21    35 180.0000   0.0000     -2.013 0.000   0 -99.00    0.012
2018-05-01-21:55:17 1.11  Mocks_Em/MockNFW1280ellip5loga2.08PA50center0With_background20num57.dat L-BFGS-B     1.0e-04 0 0 0 0     NFW        0.0000   0.0000     -2.234 0.000   0 -99.00  376.7        -8558.76       -17110.33    35 180.0000   0.0000     -2.006 0.000   0 -99.00    0.012
2018-05-01-21:55:17 1.11  Mocks_Em/MockNFW1280ellip5loga2.08PA50center0With_background20num58.dat L-BFGS-B     1.0e-04 0 0 0 0     NFW        0.0000   0.0000     -2.269 0.000   0 -99.00  351.4       -8604.667       -17202.14    35 180.0000   0.0000     -2.015 0.000   0 -99.00    0.012
2018-05-01-21:55:17 1.11  Mocks_Em/MockNFW1280ellip5loga2.08PA50center0With_background20num59.dat L-BFGS-B     1.0e-04 0 0 0 0     NFW        0.0000   0.0000     -2.217 0.000   0 -99.00  387.1       -8459.859       -16912.52    35 180.0000   0.0000     -2.001 0.000   0 -99.00    0.012
2018-05-01-21:55:17 1.11  Mocks_Em/MockNFW1280ellip5loga2.08PA50center0With_background20num60.dat L-BFGS-B     1.0e-04 0 0 0 0     NFW        0.0000   0.0000     -2.252 0.000   0 -99.00  366.9       -8657.531       -17307.87    35 180.0000   0.0000     -2.017 0.000   0 -99.00    0.012
2018-05-01-21:55:17 1.11  Mocks_Em/MockNFW1280ellip5loga2.08PA50center0With_background20num61.dat L-BFGS-B     1.0e-04 0 0 0 0     NFW        0.0000   0.0000     -2.295 0.000   0 -99.00  336.1       -8696.346        -17385.5    35 180.0000   0.0000     -2.050 0.000   0 -99.00    0.012
2018-05-01-21:55:17 1.11  Mocks_Em/MockNFW1280ellip5loga2.08PA50center0With_background20num62.dat L-BFGS-B     1.0e-04 0 0 0 0     NFW        0.0000   0.0000     -2.149 0.000   0 -99.00  470.1        -8769.52       -17531.85    28 180.0000   0.0000     -2.006 0.000   0 -99.00    0.010
2018-05-01-21:55:17 1.11  Mocks_Em/MockNFW1280ellip5loga2.08PA50center0With_background20num63.dat L-BFGS-B     1.0e-04 0 0 0 0     NFW        0.0000   0.0000     -2.250 0.000   0 -99.00  361.6       -8500.288       -16993.38    35 180.0000   0.0000     -2.013 0.000   0 -99.00    0.012
2018-05-01-21:55:17 1.11  Mocks_Em/MockNFW1280ellip5loga2.08PA50center0With_background20num64.dat L-BFGS-B     1.0e-04 0 0 0 0     NFW        0.0000   0.0000     -2.167 0.000   0 -99.00  440.3       -8587.572       -17167.95    35 180.0000   0.0000     -1.991 0.000   0 -99.00    0.012
2018-05-01-21:55:17 1.11  Mocks_Em/MockNFW1280ellip5loga2.08PA50center0With_background20num65.dat L-BFGS-B     1.0e-04 0 0 0 0     NFW        0.0000   0.0000     -2.160 0.000   0 -99.00  450.9       -8621.247        -17235.3    28 180.0000   0.0000     -1.993 0.000   0 -99.00    0.010
2018-05-01-21:55:17 1.11  Mocks_Em/MockNFW1280ellip5loga2.08PA50center0With_background20num66.dat L-BFGS-B     1.0e-04 0 0 0 0     NFW        0.0000   0.0000     -2.247 0.000   0 -99.00  365.1       -8524.925       -17042.66    35 180.0000   0.0000     -2.014 0.000   0 -99.00    0.012
2018-05-01-21:55:17 1.11  Mocks_Em/MockNFW1280ellip5loga2.08PA50center0With_background20num67.dat L-BFGS-B     1.0e-04 0 0 0 0     NFW        0.0000   0.0000     -2.192 0.000   0 -99.00  413.7        -8524.06       -17040.93    28 180.0000   0.0000     -2.015 0.000   0 -99.00    0.010
2018-05-01-21:55:17 1.11  Mocks_Em/MockNFW1280ellip5loga2.08PA50center0With_background20num68.dat L-BFGS-B     1.0e-04 0 0 0 0     NFW        0.0000   0.0000     -2.207 0.000   0 -99.00  403.2       -8618.331       -17229.47    35 180.0000   0.0000     -2.018 0.000   0 -99.00    0.012
2018-05-01-21:55:17 1.11  Mocks_Em/MockNFW1280ellip5loga2.08PA50center0With_background20num69.dat L-BFGS-B     1.0e-04 0 0 0 0     NFW        0.0000   0.0000     -2.230 0.000   0 -99.00  377.9       -8496.728       -16986.26    35 180.0000   0.0000     -2.014 0.000   0 -99.00    0.012
2018-05-01-21:55:17 1.11  Mocks_Em/MockNFW1280ellip5loga2.08PA50center0With_background20num70.dat L-BFGS-B     1.0e-04 0 0 0 0     NFW        0.0000   0.0000     -2.223 0.000   0 -99.00  386.8       -8561.148        -17115.1    35 180.0000   0.0000     -2.014 0.000   0 -99.00    0.012
2018-05-01-21:55:17 1.11  Mocks_Em/MockNFW1280ellip5loga2.08PA50center0With_background20num71.dat L-BFGS-B     1.0e-04 0 0 0 0     NFW        0.0000   0.0000     -2.273 0.000   0 -99.00  352.3       -8694.758       -17382.32    35 180.0000   0.0000     -2.018 0.000   0 -99.00    0.012
2018-05-01-21:55:17 1.11  Mocks_Em/MockNFW1280ellip5loga2.08PA50center0With_background20num72.dat L-BFGS-B     1.0e-04 0 0 0 0     NFW        0.0000   0.0000     -2.313 0.000   0 -99.00  326.4       -8775.856       -17544.52    35 180.0000   0.0000     -2.031 0.000   0 -99.00    0.012
2018-05-01-21:55:17 1.11  Mocks_Em/MockNFW1280ellip5loga2.08PA50center0With_background20num73.dat L-BFGS-B     1.0e-04 0 0 0 0     NFW        0.0000   0.0000     -2.174 0.000   0 -99.00  427.9       -8466.091       -16924.99    28 180.0000   0.0000     -1.989 0.000   0 -99.00    0.010
2018-05-01-21:55:17 1.11  Mocks_Em/MockNFW1280ellip5loga2.08PA50center0With_background20num74.dat L-BFGS-B     1.0e-04 0 0 0 0     NFW        0.0000   0.0000     -2.111 0.000   0 -99.00  501.0       -8521.566       -17035.94    28 180.0000   0.0000     -2.002 0.000   0 -99.00    0.010
2018-05-01-21:55:17 1.11  Mocks_Em/MockNFW1280ellip5loga2.08PA50center0With_background20num75.dat L-BFGS-B     1.0e-04 0 0 0 0     NFW        0.0000   0.0000     -2.280 0.000   0 -99.00  342.0       -8580.911       -17154.63    35 180.0000   0.0000     -2.016 0.000   0 -99.00    0.012
2018-05-01-21:55:17 1.11  Mocks_Em/MockNFW1280ellip5loga2.08PA50center0With_background20num76.dat L-BFGS-B     1.0e-04 0 0 0 0     NFW        0.0000   0.0000     -2.218 0.000   0 -99.00  387.2       -8471.052       -16934.91    35 180.0000   0.0000     -2.006 0.000   0 -99.00    0.012
2018-05-01-21:55:17 1.11  Mocks_Em/MockNFW1280ellip5loga2.08PA50center0With_background20num77.dat L-BFGS-B     1.0e-04 0 0 0 0     NFW        0.0000   0.0000     -2.180 0.000   0 -99.00  436.4       -8761.771       -17516.35    28 180.0000   0.0000     -2.021 0.000   0 -99.00    0.010
2018-05-01-21:55:17 1.11  Mocks_Em/MockNFW1280ellip5loga2.08PA50center0With_background20num78.dat L-BFGS-B     1.0e-04 0 0 0 0     NFW        0.0000   0.0000     -2.247 0.000   0 -99.00  367.9       -8591.259       -17175.33    35 180.0000   0.0000     -2.016 0.000   0 -99.00    0.012
2018-05-01-21:55:17 1.11  Mocks_Em/MockNFW1280ellip5loga2.08PA50center0With_background20num79.dat L-BFGS-B     1.0e-04 0 0 0 0     NFW        0.0000   0.0000     -2.241 0.000   0 -99.00  375.4       -8648.112       -17289.03    35 180.0000   0.0000     -2.014 0.000   0 -99.00    0.012
2018-05-01-21:55:17 1.11  Mocks_Em/MockNFW1280ellip5loga2.08PA50center0With_background20num80.dat L-BFGS-B     1.0e-04 0 0 0 0     NFW        0.0000   0.0000     -2.310 0.000   0 -99.00  319.7       -8542.587       -17077.98    35 180.0000   0.0000     -2.031 0.000   0 -99.00    0.012
2018-05-01-21:55:17 1.11  Mocks_Em/MockNFW1280ellip5loga2.08PA50center0With_background20num81.dat L-BFGS-B     1.0e-04 0 0 0 0     NFW        0.0000   0.0000     -2.191 0.000   0 -99.00  424.0       -8714.595          -17422    28 180.0000   0.0000     -2.012 0.000   0 -99.00    0.010
2018-05-01-21:55:17 1.11  Mocks_Em/MockNFW1280ellip5loga2.08PA50center0With_background20num82.dat L-BFGS-B     1.0e-04 0 0 0 0     NFW        0.0000   0.0000     -2.213 0.000   0 -99.00  396.3       -8571.433       -17135.67    35 180.0000   0.0000     -2.001 0.000   0 -99.00    0.012
2018-05-01-21:55:17 1.11  Mocks_Em/MockNFW1280ellip5loga2.08PA50center0With_background20num83.dat L-BFGS-B     1.0e-04 0 0 0 0     NFW        0.0000   0.0000     -2.220 0.000   0 -99.00  392.9       -8645.759       -17284.32    35 180.0000   0.0000     -2.011 0.000   0 -99.00    0.013
2018-05-01-21:55:17 1.11  Mocks_Em/MockNFW1280ellip5loga2.08PA50center0With_background20num84.dat L-BFGS-B     1.0e-04 0 0 0 0     NFW        0.0000   0.0000     -2.265 0.000   0 -99.00  357.5       -8671.171       -17335.15    35 180.0000   0.0000     -2.021 0.000   0 -99.00    0.012
2018-05-01-21:55:17 1.11  Mocks_Em/MockNFW1280ellip5loga2.08PA50center0With_background20num85.dat L-BFGS-B     1.0e-04 0 0 0 0     NFW        0.0000   0.0000     -2.297 0.000   0 -99.00  335.6       -8717.161       -17427.13    35 180.0000   0.0000     -2.024 0.000   0 -99.00    0.012
2018-05-01-21:55:17 1.11  Mocks_Em/MockNFW1280ellip5loga2.08PA50center0With_background20num86.dat L-BFGS-B     1.0e-04 0 0 0 0     NFW        0.0000   0.0000     -2.258 0.000   0 -99.00  364.2       -8711.008       -17414.82    35 180.0000   0.0000     -2.027 0.000   0 -99.00    0.012
2018-05-01-21:55:17 1.11  Mocks_Em/MockNFW1280ellip5loga2.08PA50center0With_background20num87.dat L-BFGS-B     1.0e-04 0 0 0 0     NFW        0.0000   0.0000     -2.209 0.000   0 -99.00  408.9       -8780.064       -17552.93    28 180.0000   0.0000     -2.026 0.000   0 -99.00    0.010
2018-05-01-21:55:17 1.11  Mocks_Em/MockNFW1280ellip5loga2.08PA50center0With_background20num88.dat L-BFGS-B     1.0e-04 0 0 0 0     NFW        0.0000   0.0000     -2.315 0.000   0 -99.00  318.5       -8582.472       -17157.75    35 180.0000   0.0000     -2.014 0.000   0 -99.00    0.012
2018-05-01-21:55:17 1.11  Mocks_Em/MockNFW1280ellip5loga2.08PA50center0With_background20num89.dat L-BFGS-B     1.0e-04 0 0 0 0     NFW        0.0000   0.0000     -2.224 0.000   0 -99.00  386.1        -8570.43       -17133.67    35 180.0000   0.0000     -2.022 0.000   0 -99.00    0.012
2018-05-01-21:55:17 1.11  Mocks_Em/MockNFW1280ellip5loga2.08PA50center0With_background20num90.dat L-BFGS-B     1.0e-04 0 0 0 0     NFW        0.0000   0.0000     -2.279 0.000   0 -99.00  347.1       -8693.134       -17379.07    35 180.0000   0.0000     -2.028 0.000   0 -99.00    0.012
2018-05-01-21:55:17 1.11  Mocks_Em/MockNFW1280ellip5loga2.08PA50center0With_background20num91.dat L-BFGS-B     1.0e-04 0 0 0 0     NFW        0.0000   0.0000     -2.203 0.000   0 -99.00  416.5       -8811.714       -17616.23    35 180.0000   0.0000     -2.012 0.000   0 -99.00    0.013
2018-05-01-21:55:17 1.11  Mocks_Em/MockNFW1280ellip5loga2.08PA50center0With_background20num92.dat L-BFGS-B     1.0e-04 0 0 0 0     NFW        0.0000   0.0000     -2.200 0.000   0 -99.00  404.1       -8498.406       -16989.62    35 180.0000   0.0000     -2.001 0.000   0 -99.00    0.012
2018-05-01-21:55:17 1.11  Mocks_Em/MockNFW1280ellip5loga2.08PA50center0With_background20num93.dat L-BFGS-B     1.0e-04 0 0 0 0     NFW        0.0000   0.0000     -2.305 0.000   0 -99.00  326.1       -8626.008       -17244.82    35 180.0000   0.0000     -2.026 0.000   0 -99.00    0.012
2018-05-01-21:55:17 1.11  Mocks_Em/MockNFW1280ellip5loga2.08PA50center0With_background20num94.dat L-BFGS-B     1.0e-04 0 0 0 0     NFW        0.0000   0.0000     -2.228 0.000   0 -99.00  378.0       -8476.226       -16945.26    35 180.0000   0.0000     -2.006 0.000   0 -99.00    0.012
2018-05-01-21:55:17 1.11  Mocks_Em/MockNFW1280ellip5loga2.08PA50center0With_background20num95.dat L-BFGS-B     1.0e-04 0 0 0 0     NFW        0.0000   0.0000     -2.206 0.000   0 -99.00  402.3        -8566.63       -17126.07    35 180.0000   0.0000     -2.003 0.000   0 -99.00    0.012
2018-05-01-21:55:17 1.11  Mocks_Em/MockNFW1280ellip5loga2.08PA50center0With_background20num96.dat L-BFGS-B     1.0e-04 0 0 0 0     NFW        0.0000   0.0000     -2.184 0.000   0 -99.00  423.5       -8574.212       -17141.23    35 180.0000   0.0000     -2.008 0.000   0 -99.00    0.012
2018-05-01-21:55:17 1.11  Mocks_Em/MockNFW1280ellip5loga2.08PA50center0With_background20num97.dat L-BFGS-B     1.0e-04 0 0 0 0     NFW        0.0000   0.0000     -2.191 0.000   0 -99.00  414.2       -8520.334       -17033.47    35 180.0000   0.0000     -1.997 0.000   0 -99.00    0.012
2018-05-01-21:55:17 1.11  Mocks_Em/MockNFW1280ellip5loga2.08PA50center0With_background20num98.dat L-BFGS-B     1.0e-04 0 0 0 0     NFW        0.0000   0.0000     -2.186 0.000   0 -99.00  425.5       -8648.069       -17288.95    28 180.0000   0.0000     -2.003 0.000   0 -99.00    0.010
2018-05-01-21:55:17 1.11  Mocks_Em/MockNFW1280ellip5loga2.08PA50center0With_background20num99.dat L-BFGS-B     1.0e-04 0 0 0 0     NFW        0.0000   0.0000     -2.199 0.000   0 -99.00  410.0        -8599.68       -17192.17    28 180.0000   0.0000     -2.013 0.000   0 -99.00    0.010
