2018-05-01-21:54:54 1.11  Mocks_Em/MockNFW160ellip5loga2.08PA50center0With_background20num0.dat Nelder-Mead  1.0e-04 0 0 0 0     NFW        0.0000   0.0000     -2.083 0.000   0 -99.00   79.3       -1268.056       -2530.759   243 180.0000   0.0000     -1.984 0.000   0 -99.00    0.020
2018-05-01-21:54:54 1.11  Mocks_Em/MockNFW160ellip5loga2.08PA50center0With_background20num1.dat Nelder-Mead  1.0e-04 0 0 0 0     NFW        0.0000   0.0000     -1.939 0.000   0 -99.00  117.2       -1275.713       -2546.074   243 180.0000   0.0000     -1.939 0.000   0 -99.00    0.020
2018-05-01-21:54:54 1.11  Mocks_Em/MockNFW160ellip5loga2.08PA50center0With_background20num2.dat Nelder-Mead  1.0e-04 0 0 0 0     NFW        0.0000   0.0000     -2.061 0.000   0 -99.00   84.0       -1260.664       -2515.977   243 180.0000   0.0000     -1.963 0.000   0 -99.00    0.020
2018-05-01-21:54:54 1.11  Mocks_Em/MockNFW160ellip5loga2.08PA50center0With_background20num3.dat Nelder-Mead  1.0e-04 0 0 0 0     NFW        0.0000   0.0000     -2.015 0.000   0 -99.00   96.6        -1281.82       -2558.288   243 180.0000   0.0000     -1.953 0.000   0 -99.00    0.020
2018-05-01-21:54:54 1.11  Mocks_Em/MockNFW160ellip5loga2.08PA50center0With_background20num4.dat Nelder-Mead  1.0e-04 0 0 0 0     NFW        0.0000   0.0000     -1.967 0.000   0 -99.00  116.7        -1357.64       -2709.927   243 180.0000   0.0000     -1.967 0.000   0 -99.00    0.020
2018-05-01-21:54:54 1.11  Mocks_Em/MockNFW160ellip5loga2.08PA50center0With_background20num5.dat Nelder-Mead  1.0e-04 0 0 0 0     NFW        0.0000   0.0000     -2.088 0.000   0 -99.00   81.8       -1319.076         -2632.8   243 180.0000   0.0000     -1.988 0.000   0 -99.00    0.020
2018-05-01-21:54:54 1.11  Mocks_Em/MockNFW160ellip5loga2.08PA50center0With_background20num6.dat Nelder-Mead  1.0e-04 0 0 0 0     NFW        0.0000   0.0000     -2.016 0.000   0 -99.00   92.7       -1240.547       -2475.743   243 180.0000   0.0000     -1.946 0.000   0 -99.00    0.020
2018-05-01-21:54:54 1.11  Mocks_Em/MockNFW160ellip5loga2.08PA50center0With_background20num7.dat Nelder-Mead  1.0e-04 0 0 0 0     NFW        0.0000   0.0000     -2.021 0.000   0 -99.00   93.1       -1257.092       -2508.832   243 180.0000   0.0000     -1.934 0.000   0 -99.00    0.020
2018-05-01-21:54:54 1.11  Mocks_Em/MockNFW160ellip5loga2.08PA50center0With_background20num8.dat Nelder-Mead  1.0e-04 0 0 0 0     NFW        0.0000   0.0000     -2.094 0.000   0 -99.00   81.2       -1332.486        -2659.62   243 180.0000   0.0000     -1.994 0.000   0 -99.00    0.020
2018-05-01-21:54:54 1.11  Mocks_Em/MockNFW160ellip5loga2.08PA50center0With_background20num9.dat Nelder-Mead  1.0e-04 0 0 0 0     NFW        0.0000   0.0000     -2.088 0.000   0 -99.00   80.0       -1287.711        -2570.07   243 180.0000   0.0000     -1.989 0.000   0 -99.00    0.020
2018-05-01-21:54:54 1.11  Mocks_Em/MockNFW160ellip5loga2.08PA50center0With_background20num10.dat Nelder-Mead  1.0e-04 0 0 0 0     NFW        0.0000   0.0000     -2.070 0.000   0 -99.00   88.2       -1355.041       -2704.731   243 180.0000   0.0000     -2.007 0.000   0 -99.00    0.020
2018-05-01-21:54:54 1.11  Mocks_Em/MockNFW160ellip5loga2.08PA50center0With_background20num11.dat Nelder-Mead  1.0e-04 0 0 0 0     NFW        0.0000   0.0000     -2.059 0.000   0 -99.00   87.4       -1305.475       -2605.599   243 180.0000   0.0000     -1.961 0.000   0 -99.00    0.020
2018-05-01-21:54:54 1.11  Mocks_Em/MockNFW160ellip5loga2.08PA50center0With_background20num12.dat Nelder-Mead  1.0e-04 0 0 0 0     NFW        0.0000   0.0000     -2.103 0.000   0 -99.00   82.2        -1379.86       -2754.367   243 180.0000   0.0000     -2.003 0.000   0 -99.00    0.020
2018-05-01-21:54:54 1.11  Mocks_Em/MockNFW160ellip5loga2.08PA50center0With_background20num13.dat Nelder-Mead  1.0e-04 0 0 0 0     NFW        0.0000   0.0000     -1.996 0.000   0 -99.00  102.7        -1302.82       -2600.289   243 180.0000   0.0000     -1.974 0.000   0 -99.00    0.020
2018-05-01-21:54:54 1.11  Mocks_Em/MockNFW160ellip5loga2.08PA50center0With_background20num14.dat Nelder-Mead  1.0e-04 0 0 0 0     NFW        0.0000   0.0000     -2.069 0.000   0 -99.00   85.9       -1313.729       -2622.106   243 180.0000   0.0000     -1.971 0.000   0 -99.00    0.020
2018-05-01-21:54:54 1.11  Mocks_Em/MockNFW160ellip5loga2.08PA50center0With_background20num15.dat Nelder-Mead  1.0e-04 0 0 0 0     NFW        0.0000   0.0000     -2.003 0.000   0 -99.00  101.3       -1310.505       -2615.658   243 180.0000   0.0000     -1.981 0.000   0 -99.00    0.020
2018-05-01-21:54:54 1.11  Mocks_Em/MockNFW160ellip5loga2.08PA50center0With_background20num16.dat Nelder-Mead  1.0e-04 0 0 0 0     NFW        0.0000   0.0000     -1.953 0.000   0 -99.00  112.9       -1266.133       -2526.914   243 180.0000   0.0000     -1.953 0.000   0 -99.00    0.020
2018-05-01-21:54:54 1.11  Mocks_Em/MockNFW160ellip5loga2.08PA50center0With_background20num17.dat Nelder-Mead  1.0e-04 0 0 0 0     NFW        0.0000   0.0000     -2.054 0.000   0 -99.00   80.7       -1201.748       -2398.144   243 180.0000   0.0000     -1.956 0.000   0 -99.00    0.020
2018-05-01-21:54:54 1.11  Mocks_Em/MockNFW160ellip5loga2.08PA50center0With_background20num18.dat Nelder-Mead  1.0e-04 0 0 0 0     NFW        0.0000   0.0000     -1.985 0.000   0 -99.00  109.8       -1350.078       -2694.804   243 180.0000   0.0000     -1.970 0.000   0 -99.00    0.020
2018-05-01-21:54:54 1.11  Mocks_Em/MockNFW160ellip5loga2.08PA50center0With_background20num19.dat Nelder-Mead  1.0e-04 0 0 0 0     NFW        0.0000   0.0000     -1.955 0.000   0 -99.00  113.8       -1288.867       -2572.382   243 180.0000   0.0000     -1.955 0.000   0 -99.00    0.020
2018-05-01-21:54:54 1.11  Mocks_Em/MockNFW160ellip5loga2.08PA50center0With_background20num20.dat Nelder-Mead  1.0e-04 0 0 0 0     NFW        0.0000   0.0000     -1.968 0.000   0 -99.00  108.8       -1267.681        -2530.01   243 180.0000   0.0000     -1.920 0.000   0 -99.00    0.020
2018-05-01-21:54:54 1.11  Mocks_Em/MockNFW160ellip5loga2.08PA50center0With_background20num21.dat Nelder-Mead  1.0e-04 0 0 0 0     NFW        0.0000   0.0000     -1.956 0.000   0 -99.00  117.0       -1329.942       -2654.533   243 180.0000   0.0000     -1.956 0.000   0 -99.00    0.020
2018-05-01-21:54:54 1.11  Mocks_Em/MockNFW160ellip5loga2.08PA50center0With_background20num22.dat Nelder-Mead  1.0e-04 0 0 0 0     NFW        0.0000   0.0000     -1.995 0.000   0 -99.00  101.4       -1280.028       -2554.705   243 180.0000   0.0000     -1.960 0.000   0 -99.00    0.020
2018-05-01-21:54:54 1.11  Mocks_Em/MockNFW160ellip5loga2.08PA50center0With_background20num23.dat Nelder-Mead  1.0e-04 0 0 0 0     NFW        0.0000   0.0000     -2.099 0.000   0 -99.00   80.2       -1313.043       -2620.735   243 180.0000   0.0000     -1.999 0.000   0 -99.00    0.020
2018-05-01-21:54:54 1.11  Mocks_Em/MockNFW160ellip5loga2.08PA50center0With_background20num24.dat Nelder-Mead  1.0e-04 0 0 0 0     NFW        0.0000   0.0000     -2.114 0.000   0 -99.00   79.5       -1365.527       -2725.703   243 180.0000   0.0000     -2.013 0.000   0 -99.00    0.020
2018-05-01-21:54:54 1.11  Mocks_Em/MockNFW160ellip5loga2.08PA50center0With_background20num25.dat Nelder-Mead  1.0e-04 0 0 0 0     NFW        0.0000   0.0000     -1.960 0.000   0 -99.00  106.9       -1229.566       -2453.779   243 180.0000   0.0000     -1.912 0.000   0 -99.00    0.020
2018-05-01-21:54:54 1.11  Mocks_Em/MockNFW160ellip5loga2.08PA50center0With_background20num26.dat Nelder-Mead  1.0e-04 0 0 0 0     NFW        0.0000   0.0000     -2.016 0.000   0 -99.00   98.0       -1311.239       -2617.126   243 180.0000   0.0000     -1.959 0.000   0 -99.00    0.020
2018-05-01-21:54:54 1.11  Mocks_Em/MockNFW160ellip5loga2.08PA50center0With_background20num27.dat Nelder-Mead  1.0e-04 0 0 0 0     NFW        0.0000   0.0000     -2.037 0.000   0 -99.00   88.8         -1261.9       -2518.447   243 180.0000   0.0000     -1.940 0.000   0 -99.00    0.020
2018-05-01-21:54:54 1.11  Mocks_Em/MockNFW160ellip5loga2.08PA50center0With_background20num28.dat Nelder-Mead  1.0e-04 0 0 0 0     NFW        0.0000   0.0000     -2.086 0.000   0 -99.00   83.2       -1333.199       -2661.046   243 180.0000   0.0000     -1.987 0.000   0 -99.00    0.020
2018-05-01-21:54:54 1.11  Mocks_Em/MockNFW160ellip5loga2.08PA50center0With_background20num29.dat Nelder-Mead  1.0e-04 0 0 0 0     NFW        0.0000   0.0000     -2.069 0.000   0 -99.00   83.6       -1290.677       -2576.002   243 180.0000   0.0000     -1.970 0.000   0 -99.00    0.020
2018-05-01-21:54:54 1.11  Mocks_Em/MockNFW160ellip5loga2.08PA50center0With_background20num30.dat Nelder-Mead  1.0e-04 0 0 0 0     NFW        0.0000   0.0000     -2.110 0.000   0 -99.00   81.6       -1388.821       -2772.289   243 180.0000   0.0000     -2.009 0.000   0 -99.00    0.020
2018-05-01-21:54:54 1.11  Mocks_Em/MockNFW160ellip5loga2.08PA50center0With_background20num31.dat Nelder-Mead  1.0e-04 0 0 0 0     NFW        0.0000   0.0000     -1.933 0.000   0 -99.00  119.6       -1266.553       -2527.754   243 180.0000   0.0000     -1.933 0.000   0 -99.00    0.020
2018-05-01-21:54:54 1.11  Mocks_Em/MockNFW160ellip5loga2.08PA50center0With_background20num32.dat Nelder-Mead  1.0e-04 0 0 0 0     NFW        0.0000   0.0000     -2.108 0.000   0 -99.00   84.7       -1417.453       -2829.553   243 180.0000   0.0000     -2.007 0.000   0 -99.00    0.020
2018-05-01-21:54:54 1.11  Mocks_Em/MockNFW160ellip5loga2.08PA50center0With_background20num33.dat Nelder-Mead  1.0e-04 0 0 0 0     NFW        0.0000   0.0000     -1.951 0.000   0 -99.00  116.4       -1306.371       -2607.389   243 180.0000   0.0000     -1.951 0.000   0 -99.00    0.020
2018-05-01-21:54:54 1.11  Mocks_Em/MockNFW160ellip5loga2.08PA50center0With_background20num34.dat Nelder-Mead  1.0e-04 0 0 0 0     NFW        0.0000   0.0000     -2.054 0.000   0 -99.00   86.2       -1255.904       -2506.456   243 180.0000   0.0000     -1.993 0.000   0 -99.00    0.020
2018-05-01-21:54:54 1.11  Mocks_Em/MockNFW160ellip5loga2.08PA50center0With_background20num35.dat Nelder-Mead  1.0e-04 0 0 0 0     NFW        0.0000   0.0000     -2.064 0.000   0 -99.00   82.3       -1252.399       -2499.446   243 180.0000   0.0000     -1.966 0.000   0 -99.00    0.020
2018-05-01-21:54:54 1.11  Mocks_Em/MockNFW160ellip5loga2.08PA50center0With_background20num36.dat Nelder-Mead  1.0e-04 0 0 0 0     NFW        0.0000   0.0000     -1.957 0.000   0 -99.00  112.4       -1280.867       -2556.382   243 180.0000   0.0000     -1.957 0.000   0 -99.00    0.020
2018-05-01-21:54:54 1.11  Mocks_Em/MockNFW160ellip5loga2.08PA50center0With_background20num37.dat Nelder-Mead  1.0e-04 0 0 0 0     NFW        0.0000   0.0000     -2.018 0.000   0 -99.00   96.7       -1303.254       -2601.156   243 180.0000   0.0000     -1.966 0.000   0 -99.00    0.020
2018-05-01-21:54:54 1.11  Mocks_Em/MockNFW160ellip5loga2.08PA50center0With_background20num38.dat Nelder-Mead  1.0e-04 0 0 0 0     NFW        0.0000   0.0000     -2.023 0.000   0 -99.00   93.2       -1272.752       -2540.152   243 180.0000   0.0000     -1.927 0.000   0 -99.00    0.020
2018-05-01-21:54:54 1.11  Mocks_Em/MockNFW160ellip5loga2.08PA50center0With_background20num39.dat Nelder-Mead  1.0e-04 0 0 0 0     NFW        0.0000   0.0000     -2.085 0.000   0 -99.00   80.9       -1299.818       -2594.285   243 180.0000   0.0000     -1.986 0.000   0 -99.00    0.020
2018-05-01-21:54:54 1.11  Mocks_Em/MockNFW160ellip5loga2.08PA50center0With_background20num40.dat Nelder-Mead  1.0e-04 0 0 0 0     NFW        0.0000   0.0000     -2.077 0.000   0 -99.00   80.3       -1258.231       -2511.111   243 180.0000   0.0000     -1.978 0.000   0 -99.00    0.020
2018-05-01-21:54:54 1.11  Mocks_Em/MockNFW160ellip5loga2.08PA50center0With_background20num41.dat Nelder-Mead  1.0e-04 0 0 0 0     NFW        0.0000   0.0000     -1.976 0.000   0 -99.00  110.1       -1305.908       -2606.465   243 180.0000   0.0000     -1.976 0.000   0 -99.00    0.020
2018-05-01-21:54:54 1.11  Mocks_Em/MockNFW160ellip5loga2.08PA50center0With_background20num42.dat Nelder-Mead  1.0e-04 0 0 0 0     NFW        0.0000   0.0000     -2.116 0.000   0 -99.00   77.2       -1330.839       -2656.326   243 180.0000   0.0000     -2.015 0.000   0 -99.00    0.020
2018-05-01-21:54:54 1.11  Mocks_Em/MockNFW160ellip5loga2.08PA50center0With_background20num43.dat Nelder-Mead  1.0e-04 0 0 0 0     NFW        0.0000   0.0000     -1.950 0.000   0 -99.00  119.0       -1324.497       -2643.641   243 180.0000   0.0000     -1.950 0.000   0 -99.00    0.020
2018-05-01-21:54:54 1.11  Mocks_Em/MockNFW160ellip5loga2.08PA50center0With_background20num44.dat Nelder-Mead  1.0e-04 0 0 0 0     NFW        0.0000   0.0000     -1.995 0.000   0 -99.00  103.8        -1305.28       -2605.208   243 180.0000   0.0000     -1.985 0.000   0 -99.00    0.020
2018-05-01-21:54:54 1.11  Mocks_Em/MockNFW160ellip5loga2.08PA50center0With_background20num45.dat Nelder-Mead  1.0e-04 0 0 0 0     NFW        0.0000   0.0000     -2.055 0.000   0 -99.00   84.4       -1257.128       -2508.904   243 180.0000   0.0000     -1.957 0.000   0 -99.00    0.020
2018-05-01-21:54:54 1.11  Mocks_Em/MockNFW160ellip5loga2.08PA50center0With_background20num46.dat Nelder-Mead  1.0e-04 0 0 0 0     NFW        0.0000   0.0000     -1.938 0.000   0 -99.00  122.1       -1321.749       -2638.147   243 180.0000   0.0000     -1.938 0.000   0 -99.00    0.020
2018-05-01-21:54:54 1.11  Mocks_Em/MockNFW160ellip5loga2.08PA50center0With_background20num47.dat Nelder-Mead  1.0e-04 0 0 0 0     NFW        0.0000   0.0000     -1.980 0.000   0 -99.00  105.8       -1267.156       -2528.961   243 180.0000   0.0000     -1.980 0.000   0 -99.00    0.020
2018-05-01-21:54:54 1.11  Mocks_Em/MockNFW160ellip5loga2.08PA50center0With_background20num48.dat Nelder-Mead  1.0e-04 0 0 0 0     NFW        0.0000   0.0000     -1.947 0.000   0 -99.00  111.6       -1238.226       -2471.099   243 180.0000   0.0000     -1.942 0.000   0 -99.00    0.020
2018-05-01-21:54:54 1.11  Mocks_Em/MockNFW160ellip5loga2.08PA50center0With_background20num49.dat Nelder-Mead  1.0e-04 0 0 0 0     NFW        0.0000   0.0000     -2.075 0.000   0 -99.00   85.7       -1324.866       -2644.381   243 180.0000   0.0000     -1.976 0.000   0 -99.00    0.020
2018-05-01-21:54:54 1.11  Mocks_Em/MockNFW160ellip5loga2.08PA50center0With_background20num50.dat Nelder-Mead  1.0e-04 0 0 0 0     NFW        0.0000   0.0000     -1.967 0.000   0 -99.00  109.5       -1279.389       -2553.426   243 180.0000   0.0000     -1.946 0.000   0 -99.00    0.020
2018-05-01-21:54:54 1.11  Mocks_Em/MockNFW160ellip5loga2.08PA50center0With_background20num51.dat Nelder-Mead  1.0e-04 0 0 0 0     NFW        0.0000   0.0000     -2.068 0.000   0 -99.00   84.0       -1283.628       -2561.904   243 180.0000   0.0000     -1.987 0.000   0 -99.00    0.020
2018-05-01-21:54:54 1.11  Mocks_Em/MockNFW160ellip5loga2.08PA50center0With_background20num52.dat Nelder-Mead  1.0e-04 0 0 0 0     NFW        0.0000   0.0000     -2.049 0.000   0 -99.00   86.9       -1261.277       -2517.202   243 180.0000   0.0000     -1.951 0.000   0 -99.00    0.020
2018-05-01-21:54:54 1.11  Mocks_Em/MockNFW160ellip5loga2.08PA50center0With_background20num53.dat Nelder-Mead  1.0e-04 0 0 0 0     NFW        0.0000   0.0000     -1.933 0.000   0 -99.00  118.6       -1261.779       -2518.206   243 180.0000   0.0000     -1.933 0.000   0 -99.00    0.020
2018-05-01-21:54:54 1.11  Mocks_Em/MockNFW160ellip5loga2.08PA50center0With_background20num54.dat Nelder-Mead  1.0e-04 0 0 0 0     NFW        0.0000   0.0000     -1.937 0.000   0 -99.00  109.2       -1181.075       -2356.798   243 180.0000   0.0000     -1.937 0.000   0 -99.00    0.020
2018-05-01-21:54:54 1.11  Mocks_Em/MockNFW160ellip5loga2.08PA50center0With_background20num55.dat Nelder-Mead  1.0e-04 0 0 0 0     NFW        0.0000   0.0000     -2.052 0.000   0 -99.00   88.3       -1283.479       -2561.606   243 180.0000   0.0000     -1.954 0.000   0 -99.00    0.020
2018-05-01-21:54:54 1.11  Mocks_Em/MockNFW160ellip5loga2.08PA50center0With_background20num56.dat Nelder-Mead  1.0e-04 0 0 0 0     NFW        0.0000   0.0000     -2.075 0.000   0 -99.00   82.3       -1286.457       -2567.562   243 180.0000   0.0000     -1.976 0.000   0 -99.00    0.020
2018-05-01-21:54:54 1.11  Mocks_Em/MockNFW160ellip5loga2.08PA50center0With_background20num57.dat Nelder-Mead  1.0e-04 0 0 0 0     NFW        0.0000   0.0000     -2.010 0.000   0 -99.00  103.6       -1359.287       -2713.222   243 180.0000   0.0000     -1.973 0.000   0 -99.00    0.020
2018-05-01-21:54:54 1.11  Mocks_Em/MockNFW160ellip5loga2.08PA50center0With_background20num58.dat Nelder-Mead  1.0e-04 0 0 0 0     NFW        0.0000   0.0000     -2.035 0.000   0 -99.00   84.8       -1199.267       -2393.181   243 180.0000   0.0000     -1.938 0.000   0 -99.00    0.020
2018-05-01-21:54:54 1.11  Mocks_Em/MockNFW160ellip5loga2.08PA50center0With_background20num59.dat Nelder-Mead  1.0e-04 0 0 0 0     NFW        0.0000   0.0000     -2.031 0.000   0 -99.00   91.5       -1272.201        -2539.05   243 180.0000   0.0000     -1.938 0.000   0 -99.00    0.020
2018-05-01-21:54:54 1.11  Mocks_Em/MockNFW160ellip5loga2.08PA50center0With_background20num60.dat Nelder-Mead  1.0e-04 0 0 0 0     NFW        0.0000   0.0000     -2.044 0.000   0 -99.00   89.6       -1292.332       -2579.312   243 180.0000   0.0000     -1.947 0.000   0 -99.00    0.020
2018-05-01-21:54:54 1.11  Mocks_Em/MockNFW160ellip5loga2.08PA50center0With_background20num61.dat Nelder-Mead  1.0e-04 0 0 0 0     NFW        0.0000   0.0000     -1.967 0.000   0 -99.00  108.2       -1264.929       -2524.507   243 180.0000   0.0000     -1.967 0.000   0 -99.00    0.020
2018-05-01-21:54:54 1.11  Mocks_Em/MockNFW160ellip5loga2.08PA50center0With_background20num62.dat Nelder-Mead  1.0e-04 0 0 0 0     NFW        0.0000   0.0000     -2.076 0.000   0 -99.00   86.6       -1354.231        -2703.11   243 180.0000   0.0000     -2.017 0.000   0 -99.00    0.020
2018-05-01-21:54:54 1.11  Mocks_Em/MockNFW160ellip5loga2.08PA50center0With_background20num63.dat Nelder-Mead  1.0e-04 0 0 0 0     NFW        0.0000   0.0000     -2.048 0.000   0 -99.00   83.7       -1213.731       -2422.109   243 180.0000   0.0000     -1.951 0.000   0 -99.00    0.020
2018-05-01-21:54:54 1.11  Mocks_Em/MockNFW160ellip5loga2.08PA50center0With_background20num64.dat Nelder-Mead  1.0e-04 0 0 0 0     NFW        0.0000   0.0000     -2.015 0.000   0 -99.00   93.0       -1240.577       -2475.801   243 180.0000   0.0000     -1.963 0.000   0 -99.00    0.020
2018-05-01-21:54:54 1.11  Mocks_Em/MockNFW160ellip5loga2.08PA50center0With_background20num65.dat Nelder-Mead  1.0e-04 0 0 0 0     NFW        0.0000   0.0000     -2.098 0.000   0 -99.00   79.9       -1320.075       -2634.798   243 180.0000   0.0000     -1.998 0.000   0 -99.00    0.020
2018-05-01-21:54:54 1.11  Mocks_Em/MockNFW160ellip5loga2.08PA50center0With_background20num66.dat Nelder-Mead  1.0e-04 0 0 0 0     NFW        0.0000   0.0000     -2.109 0.000   0 -99.00   79.3       -1325.826         -2646.3   243 180.0000   0.0000     -2.008 0.000   0 -99.00    0.020
2018-05-01-21:54:54 1.11  Mocks_Em/MockNFW160ellip5loga2.08PA50center0With_background20num67.dat Nelder-Mead  1.0e-04 0 0 0 0     NFW        0.0000   0.0000     -2.047 0.000   0 -99.00   92.9       -1344.993       -2684.634   243 180.0000   0.0000     -1.979 0.000   0 -99.00    0.020
2018-05-01-21:54:54 1.11  Mocks_Em/MockNFW160ellip5loga2.08PA50center0With_background20num68.dat Nelder-Mead  1.0e-04 0 0 0 0     NFW        0.0000   0.0000     -1.950 0.000   0 -99.00  109.9       -1203.553       -2401.755   243 180.0000   0.0000     -1.950 0.000   0 -99.00    0.020
2018-05-01-21:54:54 1.11  Mocks_Em/MockNFW160ellip5loga2.08PA50center0With_background20num69.dat Nelder-Mead  1.0e-04 0 0 0 0     NFW        0.0000   0.0000     -2.020 0.000   0 -99.00   93.7       -1264.567       -2523.783   243 180.0000   0.0000     -1.952 0.000   0 -99.00    0.020
2018-05-01-21:54:54 1.11  Mocks_Em/MockNFW160ellip5loga2.08PA50center0With_background20num70.dat Nelder-Mead  1.0e-04 0 0 0 0     NFW        0.0000   0.0000     -2.094 0.000   0 -99.00   83.5       -1363.058       -2720.765   243 180.0000   0.0000     -2.006 0.000   0 -99.00    0.020
2018-05-01-21:54:54 1.11  Mocks_Em/MockNFW160ellip5loga2.08PA50center0With_background20num71.dat Nelder-Mead  1.0e-04 0 0 0 0     NFW        0.0000   0.0000     -2.055 0.000   0 -99.00   81.7       -1210.847       -2416.342   243 180.0000   0.0000     -1.957 0.000   0 -99.00    0.020
2018-05-01-21:54:54 1.11  Mocks_Em/MockNFW160ellip5loga2.08PA50center0With_background20num72.dat Nelder-Mead  1.0e-04 0 0 0 0     NFW        0.0000   0.0000     -1.962 0.000   0 -99.00  119.2       -1366.904       -2728.456   243 180.0000   0.0000     -1.962 0.000   0 -99.00    0.020
2018-05-01-21:54:54 1.11  Mocks_Em/MockNFW160ellip5loga2.08PA50center0With_background20num73.dat Nelder-Mead  1.0e-04 0 0 0 0     NFW        0.0000   0.0000     -1.932 0.000   0 -99.00  117.5       -1248.941       -2492.531   243 180.0000   0.0000     -1.932 0.000   0 -99.00    0.020
2018-05-01-21:54:54 1.11  Mocks_Em/MockNFW160ellip5loga2.08PA50center0With_background20num74.dat Nelder-Mead  1.0e-04 0 0 0 0     NFW        0.0000   0.0000     -2.029 0.000   0 -99.00   94.3       -1303.993       -2602.634   243 180.0000   0.0000     -1.948 0.000   0 -99.00    0.020
2018-05-01-21:54:54 1.11  Mocks_Em/MockNFW160ellip5loga2.08PA50center0With_background20num75.dat Nelder-Mead  1.0e-04 0 0 0 0     NFW        0.0000   0.0000     -2.058 0.000   0 -99.00   90.0       -1338.234       -2671.116   243 180.0000   0.0000     -1.971 0.000   0 -99.00    0.020
2018-05-01-21:54:54 1.11  Mocks_Em/MockNFW160ellip5loga2.08PA50center0With_background20num76.dat Nelder-Mead  1.0e-04 0 0 0 0     NFW        0.0000   0.0000     -2.074 0.000   0 -99.00   81.0       -1267.192       -2529.033   243 180.0000   0.0000     -1.976 0.000   0 -99.00    0.020
2018-05-01-21:54:54 1.11  Mocks_Em/MockNFW160ellip5loga2.08PA50center0With_background20num77.dat Nelder-Mead  1.0e-04 0 0 0 0     NFW        0.0000   0.0000     -1.999 0.000   0 -99.00  102.0       -1303.231       -2601.111   243 180.0000   0.0000     -1.964 0.000   0 -99.00    0.020
2018-05-01-21:54:54 1.11  Mocks_Em/MockNFW160ellip5loga2.08PA50center0With_background20num78.dat Nelder-Mead  1.0e-04 0 0 0 0     NFW        0.0000   0.0000     -1.964 0.000   0 -99.00  107.7       -1240.433       -2475.513   243 180.0000   0.0000     -1.964 0.000   0 -99.00    0.020
2018-05-01-21:54:54 1.11  Mocks_Em/MockNFW160ellip5loga2.08PA50center0With_background20num79.dat Nelder-Mead  1.0e-04 0 0 0 0     NFW        0.0000   0.0000     -2.092 0.000   0 -99.00   76.0       -1241.225       -2477.099   243 180.0000   0.0000     -1.992 0.000   0 -99.00    0.020
2018-05-01-21:54:54 1.11  Mocks_Em/MockNFW160ellip5loga2.08PA50center0With_background20num80.dat Nelder-Mead  1.0e-04 0 0 0 0     NFW        0.0000   0.0000     -2.066 0.000   0 -99.00   82.8       -1262.456        -2519.56   243 180.0000   0.0000     -1.968 0.000   0 -99.00    0.020
2018-05-01-21:54:54 1.11  Mocks_Em/MockNFW160ellip5loga2.08PA50center0With_background20num81.dat Nelder-Mead  1.0e-04 0 0 0 0     NFW        0.0000   0.0000     -2.071 0.000   0 -99.00   83.7       -1298.484       -2591.615   243 180.0000   0.0000     -1.973 0.000   0 -99.00    0.020
2018-05-01-21:54:54 1.11  Mocks_Em/MockNFW160ellip5loga2.08PA50center0With_background20num82.dat Nelder-Mead  1.0e-04 0 0 0 0     NFW        0.0000   0.0000     -1.929 0.000   0 -99.00  111.6       -1173.976         -2342.6   243 180.0000   0.0000     -1.929 0.000   0 -99.00    0.020
2018-05-01-21:54:54 1.11  Mocks_Em/MockNFW160ellip5loga2.08PA50center0With_background20num83.dat Nelder-Mead  1.0e-04 0 0 0 0     NFW        0.0000   0.0000     -2.050 0.000   0 -99.00   85.6       -1246.628       -2487.904   243 180.0000   0.0000     -1.952 0.000   0 -99.00    0.020
2018-05-01-21:54:54 1.11  Mocks_Em/MockNFW160ellip5loga2.08PA50center0With_background20num84.dat Nelder-Mead  1.0e-04 0 0 0 0     NFW        0.0000   0.0000     -2.069 0.000   0 -99.00   88.8       -1361.104       -2716.856   243 180.0000   0.0000     -1.973 0.000   0 -99.00    0.020
2018-05-01-21:54:54 1.11  Mocks_Em/MockNFW160ellip5loga2.08PA50center0With_background20num85.dat Nelder-Mead  1.0e-04 0 0 0 0     NFW        0.0000   0.0000     -1.964 0.000   0 -99.00  106.3        -1218.42       -2431.488   243 180.0000   0.0000     -1.916 0.000   0 -99.00    0.020
2018-05-01-21:54:54 1.11  Mocks_Em/MockNFW160ellip5loga2.08PA50center0With_background20num86.dat Nelder-Mead  1.0e-04 0 0 0 0     NFW        0.0000   0.0000     -2.071 0.000   0 -99.00   82.6       -1278.314       -2551.275   243 180.0000   0.0000     -1.973 0.000   0 -99.00    0.020
2018-05-01-21:54:54 1.11  Mocks_Em/MockNFW160ellip5loga2.08PA50center0With_background20num87.dat Nelder-Mead  1.0e-04 0 0 0 0     NFW        0.0000   0.0000     -1.933 0.000   0 -99.00  117.6           -1259       -2512.648   243 180.0000   0.0000     -1.933 0.000   0 -99.00    0.020
2018-05-01-21:54:54 1.11  Mocks_Em/MockNFW160ellip5loga2.08PA50center0With_background20num88.dat Nelder-Mead  1.0e-04 0 0 0 0     NFW        0.0000   0.0000     -2.026 0.000   0 -99.00   95.3       -1299.163       -2592.974   243 180.0000   0.0000     -1.963 0.000   0 -99.00    0.020
2018-05-01-21:54:54 1.11  Mocks_Em/MockNFW160ellip5loga2.08PA50center0With_background20num89.dat Nelder-Mead  1.0e-04 0 0 0 0     NFW        0.0000   0.0000     -2.007 0.000   0 -99.00   93.0       -1216.546        -2427.74   243 180.0000   0.0000     -1.956 0.000   0 -99.00    0.021
2018-05-01-21:54:54 1.11  Mocks_Em/MockNFW160ellip5loga2.08PA50center0With_background20num90.dat Nelder-Mead  1.0e-04 0 0 0 0     NFW        0.0000   0.0000     -1.978 0.000   0 -99.00  110.2       -1331.469       -2657.587   243 180.0000   0.0000     -1.978 0.000   0 -99.00    0.020
2018-05-01-21:54:54 1.11  Mocks_Em/MockNFW160ellip5loga2.08PA50center0With_background20num91.dat Nelder-Mead  1.0e-04 0 0 0 0     NFW        0.0000   0.0000     -2.064 0.000   0 -99.00   82.7        -1263.46       -2521.567   243 180.0000   0.0000     -1.966 0.000   0 -99.00    0.020
2018-05-01-21:54:54 1.11  Mocks_Em/MockNFW160ellip5loga2.08PA50center0With_background20num92.dat Nelder-Mead  1.0e-04 0 0 0 0     NFW        0.0000   0.0000     -2.069 0.000   0 -99.00   88.2       -1345.438       -2685.525   243 180.0000   0.0000     -1.971 0.000   0 -99.00    0.020
2018-05-01-21:54:54 1.11  Mocks_Em/MockNFW160ellip5loga2.08PA50center0With_background20num93.dat Nelder-Mead  1.0e-04 0 0 0 0     NFW        0.0000   0.0000     -2.004 0.000   0 -99.00   94.0       -1217.251        -2429.15   243 180.0000   0.0000     -1.948 0.000   0 -99.00    0.020
2018-05-01-21:54:54 1.11  Mocks_Em/MockNFW160ellip5loga2.08PA50center0With_background20num94.dat Nelder-Mead  1.0e-04 0 0 0 0     NFW        0.0000   0.0000     -2.047 0.000   0 -99.00   89.0       -1296.831       -2588.311   243 180.0000   0.0000     -1.949 0.000   0 -99.00    0.020
2018-05-01-21:54:54 1.11  Mocks_Em/MockNFW160ellip5loga2.08PA50center0With_background20num95.dat Nelder-Mead  1.0e-04 0 0 0 0     NFW        0.0000   0.0000     -2.090 0.000   0 -99.00   83.6       -1349.288       -2693.225   243 180.0000   0.0000     -1.991 0.000   0 -99.00    0.020
2018-05-01-21:54:54 1.11  Mocks_Em/MockNFW160ellip5loga2.08PA50center0With_background20num96.dat Nelder-Mead  1.0e-04 0 0 0 0     NFW        0.0000   0.0000     -2.064 0.000   0 -99.00   87.4       -1322.826         -2640.3   243 180.0000   0.0000     -1.966 0.000   0 -99.00    0.020
2018-05-01-21:54:54 1.11  Mocks_Em/MockNFW160ellip5loga2.08PA50center0With_background20num97.dat Nelder-Mead  1.0e-04 0 0 0 0     NFW        0.0000   0.0000     -1.936 0.000   0 -99.00  114.4       -1217.125       -2428.899   243 180.0000   0.0000     -1.936 0.000   0 -99.00    0.020
2018-05-01-21:54:54 1.11  Mocks_Em/MockNFW160ellip5loga2.08PA50center0With_background20num98.dat Nelder-Mead  1.0e-04 0 0 0 0     NFW        0.0000   0.0000     -2.018 0.000   0 -99.00  101.5       -1365.091        -2724.83   243 180.0000   0.0000     -2.018 0.000   0 -99.00    0.020
2018-05-01-21:54:54 1.11  Mocks_Em/MockNFW160ellip5loga2.08PA50center0With_background20num99.dat Nelder-Mead  1.0e-04 0 0 0 0     NFW        0.0000   0.0000     -2.062 0.000   0 -99.00   83.4       -1261.771       -2518.189   243 180.0000   0.0000     -1.963 0.000   0 -99.00    0.020
