2018-05-01-21:54:42 1.11  Mocks_Em/MockNFW160ellip5loga2.08PA50center0With_background20num0.dat Diff-Evol    1.0e-04 0 0 0 0     NFW        0.0000   0.0000     -2.240 0.000   0 -99.00   55.3       -1268.389       -2531.426   201 180.0000   0.0000     -1.984 0.000   0 -99.00    0.050
2018-05-01-21:54:42 1.11  Mocks_Em/MockNFW160ellip5loga2.08PA50center0With_background20num1.dat Diff-Evol    1.0e-04 0 0 0 0     NFW        0.0000   0.0000     -1.934 0.000   0 -99.00  119.0       -1275.394       -2545.436   291 180.0000   0.0000     -1.939 0.000   0 -99.00    0.073
2018-05-01-21:54:42 1.11  Mocks_Em/MockNFW160ellip5loga2.08PA50center0With_background20num2.dat Diff-Evol    1.0e-04 0 0 0 0     NFW        0.0000   0.0000     -2.088 0.000   0 -99.00   78.5       -1260.361       -2515.371   305 180.0000   0.0000     -1.963 0.000   0 -99.00    0.076
2018-05-01-21:54:42 1.11  Mocks_Em/MockNFW160ellip5loga2.08PA50center0With_background20num3.dat Diff-Evol    1.0e-04 0 0 0 0     NFW        0.0000   0.0000     -2.015 0.000   0 -99.00   96.6       -1281.485       -2557.619   222 180.0000   0.0000     -1.953 0.000   0 -99.00    0.054
2018-05-01-21:54:42 1.11  Mocks_Em/MockNFW160ellip5loga2.08PA50center0With_background20num4.dat Diff-Evol    1.0e-04 0 0 0 0     NFW        0.0000   0.0000     -1.923 0.000   0 -99.00  131.6       -1357.563       -2709.774   374 180.0000   0.0000     -1.967 0.000   0 -99.00    0.096
2018-05-01-21:54:42 1.11  Mocks_Em/MockNFW160ellip5loga2.08PA50center0With_background20num5.dat Diff-Evol    1.0e-04 0 0 0 0     NFW        0.0000   0.0000     -2.140 0.000   0 -99.00   72.2       -1318.829       -2632.305   208 180.0000   0.0000     -1.988 0.000   0 -99.00    0.052
2018-05-01-21:54:42 1.11  Mocks_Em/MockNFW160ellip5loga2.08PA50center0With_background20num6.dat Diff-Evol    1.0e-04 0 0 0 0     NFW        0.0000   0.0000     -2.016 0.000   0 -99.00   92.7       -1240.223       -2475.094   298 180.0000   0.0000     -1.946 0.000   0 -99.00    0.075
2018-05-01-21:54:42 1.11  Mocks_Em/MockNFW160ellip5loga2.08PA50center0With_background20num7.dat Diff-Evol    1.0e-04 0 0 0 0     NFW        0.0000   0.0000     -2.021 0.000   0 -99.00   93.1       -1256.764       -2508.176   208 180.0000   0.0000     -1.934 0.000   0 -99.00    0.050
2018-05-01-21:54:42 1.11  Mocks_Em/MockNFW160ellip5loga2.08PA50center0With_background20num8.dat Diff-Evol    1.0e-04 0 0 0 0     NFW        0.0000   0.0000     -2.228 0.000   0 -99.00   59.7       -1332.688       -2660.023   215 180.0000   0.0000     -1.994 0.000   0 -99.00    0.052
2018-05-01-21:54:42 1.11  Mocks_Em/MockNFW160ellip5loga2.08PA50center0With_background20num9.dat Diff-Evol    1.0e-04 0 0 0 0     NFW        0.0000   0.0000     -2.246 0.000   0 -99.00   55.7       -1288.074       -2570.797   215 180.0000   0.0000     -1.989 0.000   0 -99.00    0.052
2018-05-01-21:54:42 1.11  Mocks_Em/MockNFW160ellip5loga2.08PA50center0With_background20num10.dat Diff-Evol    1.0e-04 0 0 0 0     NFW        0.0000   0.0000     -2.070 0.000   0 -99.00   88.2       -1354.699       -2704.045   347 180.0000   0.0000     -2.007 0.000   0 -99.00    0.085
2018-05-01-21:54:42 1.11  Mocks_Em/MockNFW160ellip5loga2.08PA50center0With_background20num11.dat Diff-Evol    1.0e-04 0 0 0 0     NFW        0.0000   0.0000     -2.060 0.000   0 -99.00   87.1       -1305.141       -2604.931   257 180.0000   0.0000     -1.961 0.000   0 -99.00    0.061
2018-05-01-21:54:42 1.11  Mocks_Em/MockNFW160ellip5loga2.08PA50center0With_background20num12.dat Diff-Evol    1.0e-04 0 0 0 0     NFW        0.0000   0.0000     -2.242 0.000   0 -99.00   59.8       -1380.101        -2754.85   215 180.0000   0.0000     -2.003 0.000   0 -99.00    0.052
2018-05-01-21:54:42 1.11  Mocks_Em/MockNFW160ellip5loga2.08PA50center0With_background20num13.dat Diff-Evol    1.0e-04 0 0 0 0     NFW        0.0000   0.0000     -1.996 0.000   0 -99.00  102.7        -1302.48       -2599.609   298 180.0000   0.0000     -1.974 0.000   0 -99.00    0.074
2018-05-01-21:54:42 1.11  Mocks_Em/MockNFW160ellip5loga2.08PA50center0With_background20num14.dat Diff-Evol    1.0e-04 0 0 0 0     NFW        0.0000   0.0000     -2.165 0.000   0 -99.00   68.3       -1313.629       -2621.907   215 180.0000   0.0000     -1.971 0.000   0 -99.00    0.052
2018-05-01-21:54:42 1.11  Mocks_Em/MockNFW160ellip5loga2.08PA50center0With_background20num15.dat Diff-Evol    1.0e-04 0 0 0 0     NFW        0.0000   0.0000     -2.003 0.000   0 -99.00  101.3       -1310.162       -2614.973   298 180.0000   0.0000     -1.981 0.000   0 -99.00    0.074
2018-05-01-21:54:42 1.11  Mocks_Em/MockNFW160ellip5loga2.08PA50center0With_background20num16.dat Diff-Evol    1.0e-04 0 0 0 0     NFW        0.0000   0.0000     -1.924 0.000   0 -99.00  122.5       -1265.928       -2526.504   284 180.0000   0.0000     -1.953 0.000   0 -99.00    0.071
2018-05-01-21:54:42 1.11  Mocks_Em/MockNFW160ellip5loga2.08PA50center0With_background20num17.dat Diff-Evol    1.0e-04 0 0 0 0     NFW        0.0000   0.0000     -2.301 0.000   0 -99.00   46.0       -1203.062       -2400.773   215 180.0000   0.0000     -1.956 0.000   0 -99.00    0.052
2018-05-01-21:54:42 1.11  Mocks_Em/MockNFW160ellip5loga2.08PA50center0With_background20num18.dat Diff-Evol    1.0e-04 0 0 0 0     NFW        0.0000   0.0000     -1.985 0.000   0 -99.00  109.8       -1349.727       -2694.102   291 180.0000   0.0000     -1.970 0.000   0 -99.00    0.072
2018-05-01-21:54:42 1.11  Mocks_Em/MockNFW160ellip5loga2.08PA50center0With_background20num19.dat Diff-Evol    1.0e-04 0 0 0 0     NFW        0.0000   0.0000     -1.921 0.000   0 -99.00  124.8       -1288.631        -2571.91   374 180.0000   0.0000     -1.955 0.000   0 -99.00    0.094
2018-05-01-21:54:42 1.11  Mocks_Em/MockNFW160ellip5loga2.08PA50center0With_background20num20.dat Diff-Evol    1.0e-04 0 0 0 0     NFW        0.0000   0.0000     -1.923 0.000   0 -99.00  123.3       -1267.758       -2530.164   284 180.0000   0.0000     -1.920 0.000   0 -99.00    0.071
2018-05-01-21:54:42 1.11  Mocks_Em/MockNFW160ellip5loga2.08PA50center0With_background20num21.dat Diff-Evol    1.0e-04 0 0 0 0     NFW        0.0000   0.0000     -1.922 0.000   0 -99.00  128.6       -1329.647       -2653.943   284 180.0000   0.0000     -1.956 0.000   0 -99.00    0.072
2018-05-01-21:54:42 1.11  Mocks_Em/MockNFW160ellip5loga2.08PA50center0With_background20num22.dat Diff-Evol    1.0e-04 0 0 0 0     NFW        0.0000   0.0000     -1.995 0.000   0 -99.00  101.4       -1279.695       -2554.037   305 180.0000   0.0000     -1.960 0.000   0 -99.00    0.076
2018-05-01-21:54:42 1.11  Mocks_Em/MockNFW160ellip5loga2.08PA50center0With_background20num23.dat Diff-Evol    1.0e-04 0 0 0 0     NFW        0.0000   0.0000     -2.106 0.000   0 -99.00   78.9       -1312.724       -2620.096   347 180.0000   0.0000     -1.999 0.000   0 -99.00    0.085
2018-05-01-21:54:42 1.11  Mocks_Em/MockNFW160ellip5loga2.08PA50center0With_background20num24.dat Diff-Evol    1.0e-04 0 0 0 0     NFW        0.0000   0.0000     -2.136 0.000   0 -99.00   75.4       -1365.219       -2725.087   243 180.0000   0.0000     -2.013 0.000   0 -99.00    0.059
2018-05-01-21:54:42 1.11  Mocks_Em/MockNFW160ellip5loga2.08PA50center0With_background20num25.dat Diff-Evol    1.0e-04 0 0 0 0     NFW        0.0000   0.0000     -1.936 0.000   0 -99.00  114.0       -1229.262       -2453.171   333 180.0000   0.0000     -1.912 0.000   0 -99.00    0.082
2018-05-01-21:54:42 1.11  Mocks_Em/MockNFW160ellip5loga2.08PA50center0With_background20num26.dat Diff-Evol    1.0e-04 0 0 0 0     NFW        0.0000   0.0000     -2.016 0.000   0 -99.00   98.1       -1310.896        -2616.44   208 180.0000   0.0000     -1.959 0.000   0 -99.00    0.051
2018-05-01-21:54:42 1.11  Mocks_Em/MockNFW160ellip5loga2.08PA50center0With_background20num27.dat Diff-Evol    1.0e-04 0 0 0 0     NFW        0.0000   0.0000     -2.125 0.000   0 -99.00   71.6        -1261.76       -2518.169   291 180.0000   0.0000     -1.940 0.000   0 -99.00    0.073
2018-05-01-21:54:42 1.11  Mocks_Em/MockNFW160ellip5loga2.08PA50center0With_background20num28.dat Diff-Evol    1.0e-04 0 0 0 0     NFW        0.0000   0.0000     -2.119 0.000   0 -99.00   77.0       -1332.896        -2660.44   215 180.0000   0.0000     -1.987 0.000   0 -99.00    0.052
2018-05-01-21:54:42 1.11  Mocks_Em/MockNFW160ellip5loga2.08PA50center0With_background20num29.dat Diff-Evol    1.0e-04 0 0 0 0     NFW        0.0000   0.0000     -2.233 0.000   0 -99.00   57.2       -1291.048       -2576.744   208 180.0000   0.0000     -1.970 0.000   0 -99.00    0.051
2018-05-01-21:54:42 1.11  Mocks_Em/MockNFW160ellip5loga2.08PA50center0With_background20num30.dat Diff-Evol    1.0e-04 0 0 0 0     NFW        0.0000   0.0000     -2.132 0.000   0 -99.00   77.5       -1388.503       -2771.655   305 180.0000   0.0000     -2.009 0.000   0 -99.00    0.076
2018-05-01-21:54:42 1.11  Mocks_Em/MockNFW160ellip5loga2.08PA50center0With_background20num31.dat Diff-Evol    1.0e-04 0 0 0 0     NFW        0.0000   0.0000     -1.925 0.000   0 -99.00  122.5       -1266.269       -2527.187   284 180.0000   0.0000     -1.933 0.000   0 -99.00    0.071
2018-05-01-21:54:42 1.11  Mocks_Em/MockNFW160ellip5loga2.08PA50center0With_background20num32.dat Diff-Evol    1.0e-04 0 0 0 0     NFW        0.0000   0.0000     -2.143 0.000   0 -99.00   77.8       -1417.147       -2828.942   222 180.0000   0.0000     -2.007 0.000   0 -99.00    0.054
2018-05-01-21:54:42 1.11  Mocks_Em/MockNFW160ellip5loga2.08PA50center0With_background20num33.dat Diff-Evol    1.0e-04 0 0 0 0     NFW        0.0000   0.0000     -1.921 0.000   0 -99.00  126.3       -1306.059       -2606.765   284 180.0000   0.0000     -1.951 0.000   0 -99.00    0.071
2018-05-01-21:54:42 1.11  Mocks_Em/MockNFW160ellip5loga2.08PA50center0With_background20num34.dat Diff-Evol    1.0e-04 0 0 0 0     NFW        0.0000   0.0000     -2.054 0.000   0 -99.00   86.2       -1255.581        -2505.81   305 180.0000   0.0000     -1.993 0.000   0 -99.00    0.076
2018-05-01-21:54:42 1.11  Mocks_Em/MockNFW160ellip5loga2.08PA50center0With_background20num35.dat Diff-Evol    1.0e-04 0 0 0 0     NFW        0.0000   0.0000     -2.210 0.000   0 -99.00   58.4       -1252.644       -2499.936   215 180.0000   0.0000     -1.966 0.000   0 -99.00    0.052
2018-05-01-21:54:42 1.11  Mocks_Em/MockNFW160ellip5loga2.08PA50center0With_background20num36.dat Diff-Evol    1.0e-04 0 0 0 0     NFW        0.0000   0.0000     -1.921 0.000   0 -99.00  124.0       -1280.637       -2555.923   284 180.0000   0.0000     -1.957 0.000   0 -99.00    0.070
2018-05-01-21:54:42 1.11  Mocks_Em/MockNFW160ellip5loga2.08PA50center0With_background20num37.dat Diff-Evol    1.0e-04 0 0 0 0     NFW        0.0000   0.0000     -2.018 0.000   0 -99.00   96.7       -1302.913       -2600.475   298 180.0000   0.0000     -1.966 0.000   0 -99.00    0.074
2018-05-01-21:54:42 1.11  Mocks_Em/MockNFW160ellip5loga2.08PA50center0With_background20num38.dat Diff-Evol    1.0e-04 0 0 0 0     NFW        0.0000   0.0000     -2.043 0.000   0 -99.00   88.7       -1272.428       -2539.504   222 180.0000   0.0000     -1.927 0.000   0 -99.00    0.054
2018-05-01-21:54:42 1.11  Mocks_Em/MockNFW160ellip5loga2.08PA50center0With_background20num39.dat Diff-Evol    1.0e-04 0 0 0 0     NFW        0.0000   0.0000     -2.229 0.000   0 -99.00   58.1       -1300.061       -2594.769   278 180.0000   0.0000     -1.986 0.000   0 -99.00    0.066
2018-05-01-21:54:42 1.11  Mocks_Em/MockNFW160ellip5loga2.08PA50center0With_background20num40.dat Diff-Evol    1.0e-04 0 0 0 0     NFW        0.0000   0.0000     -2.172 0.000   0 -99.00   64.1       -1258.144       -2510.937   208 180.0000   0.0000     -1.978 0.000   0 -99.00    0.050
2018-05-01-21:54:42 1.11  Mocks_Em/MockNFW160ellip5loga2.08PA50center0With_background20num41.dat Diff-Evol    1.0e-04 0 0 0 0     NFW        0.0000   0.0000     -1.954 0.000   0 -99.00  117.0       -1305.584       -2605.816   333 180.0000   0.0000     -1.976 0.000   0 -99.00    0.081
2018-05-01-21:54:42 1.11  Mocks_Em/MockNFW160ellip5loga2.08PA50center0With_background20num42.dat Diff-Evol    1.0e-04 0 0 0 0     NFW        0.0000   0.0000     -2.267 0.000   0 -99.00   55.0       -1331.239       -2657.126   208 180.0000   0.0000     -2.015 0.000   0 -99.00    0.050
2018-05-01-21:54:42 1.11  Mocks_Em/MockNFW160ellip5loga2.08PA50center0With_background20num43.dat Diff-Evol    1.0e-04 0 0 0 0     NFW        0.0000   0.0000     -1.922 0.000   0 -99.00  128.6       -1324.337       -2643.323   374 180.0000   0.0000     -1.950 0.000   0 -99.00    0.095
2018-05-01-21:54:42 1.11  Mocks_Em/MockNFW160ellip5loga2.08PA50center0With_background20num44.dat Diff-Evol    1.0e-04 0 0 0 0     NFW        0.0000   0.0000     -1.995 0.000   0 -99.00  103.9        -1304.94       -2604.529   347 180.0000   0.0000     -1.985 0.000   0 -99.00    0.092
2018-05-01-21:54:42 1.11  Mocks_Em/MockNFW160ellip5loga2.08PA50center0With_background20num45.dat Diff-Evol    1.0e-04 0 0 0 0     NFW        0.0000   0.0000     -2.174 0.000   0 -99.00   63.5        -1257.18       -2509.008   215 180.0000   0.0000     -1.957 0.000   0 -99.00    0.053
2018-05-01-21:54:42 1.11  Mocks_Em/MockNFW160ellip5loga2.08PA50center0With_background20num46.dat Diff-Evol    1.0e-04 0 0 0 0     NFW        0.0000   0.0000     -1.922 0.000   0 -99.00  127.8       -1321.446       -2637.539   284 180.0000   0.0000     -1.938 0.000   0 -99.00    0.071
2018-05-01-21:54:42 1.11  Mocks_Em/MockNFW160ellip5loga2.08PA50center0With_background20num47.dat Diff-Evol    1.0e-04 0 0 0 0     NFW        0.0000   0.0000     -1.965 0.000   0 -99.00  110.2       -1266.835       -2528.318   340 180.0000   0.0000     -1.980 0.000   0 -99.00    0.084
2018-05-01-21:54:42 1.11  Mocks_Em/MockNFW160ellip5loga2.08PA50center0With_background20num48.dat Diff-Evol    1.0e-04 0 0 0 0     NFW        0.0000   0.0000     -1.947 0.000   0 -99.00  111.6       -1237.913       -2470.474   298 180.0000   0.0000     -1.942 0.000   0 -99.00    0.075
2018-05-01-21:54:42 1.11  Mocks_Em/MockNFW160ellip5loga2.08PA50center0With_background20num49.dat Diff-Evol    1.0e-04 0 0 0 0     NFW        0.0000   0.0000     -2.078 0.000   0 -99.00   85.0       -1324.532       -2643.713   305 180.0000   0.0000     -1.976 0.000   0 -99.00    0.076
2018-05-01-21:54:42 1.11  Mocks_Em/MockNFW160ellip5loga2.08PA50center0With_background20num50.dat Diff-Evol    1.0e-04 0 0 0 0     NFW        0.0000   0.0000     -1.967 0.000   0 -99.00  109.5       -1279.061       -2552.769   298 180.0000   0.0000     -1.946 0.000   0 -99.00    0.075
2018-05-01-21:54:42 1.11  Mocks_Em/MockNFW160ellip5loga2.08PA50center0With_background20num51.dat Diff-Evol    1.0e-04 0 0 0 0     NFW        0.0000   0.0000     -2.068 0.000   0 -99.00   84.0       -1283.302       -2561.253   208 180.0000   0.0000     -1.987 0.000   0 -99.00    0.050
2018-05-01-21:54:42 1.11  Mocks_Em/MockNFW160ellip5loga2.08PA50center0With_background20num52.dat Diff-Evol    1.0e-04 0 0 0 0     NFW        0.0000   0.0000     -2.091 0.000   0 -99.00   78.2       -1260.992       -2516.632   481 180.0000   0.0000     -1.951 0.000   0 -99.00    0.112
2018-05-01-21:54:42 1.11  Mocks_Em/MockNFW160ellip5loga2.08PA50center0With_background20num53.dat Diff-Evol    1.0e-04 0 0 0 0     NFW        0.0000   0.0000     -1.921 0.000   0 -99.00  122.5       -1261.532       -2517.713   374 180.0000   0.0000     -1.933 0.000   0 -99.00    0.094
2018-05-01-21:54:42 1.11  Mocks_Em/MockNFW160ellip5loga2.08PA50center0With_background20num54.dat Diff-Evol    1.0e-04 0 0 0 0     NFW        0.0000   0.0000     -1.921 0.000   0 -99.00  114.2       -1180.791       -2356.229   284 180.0000   0.0000     -1.937 0.000   0 -99.00    0.070
2018-05-01-21:54:42 1.11  Mocks_Em/MockNFW160ellip5loga2.08PA50center0With_background20num55.dat Diff-Evol    1.0e-04 0 0 0 0     NFW        0.0000   0.0000     -2.155 0.000   0 -99.00   68.7       -1283.405       -2561.459   305 180.0000   0.0000     -1.954 0.000   0 -99.00    0.075
2018-05-01-21:54:42 1.11  Mocks_Em/MockNFW160ellip5loga2.08PA50center0With_background20num56.dat Diff-Evol    1.0e-04 0 0 0 0     NFW        0.0000   0.0000     -2.133 0.000   0 -99.00   71.6       -1286.222       -2567.092   215 180.0000   0.0000     -1.976 0.000   0 -99.00    0.052
2018-05-01-21:54:42 1.11  Mocks_Em/MockNFW160ellip5loga2.08PA50center0With_background20num57.dat Diff-Evol    1.0e-04 0 0 0 0     NFW        0.0000   0.0000     -2.010 0.000   0 -99.00  103.6       -1358.932       -2712.512   298 180.0000   0.0000     -1.973 0.000   0 -99.00    0.074
2018-05-01-21:54:42 1.11  Mocks_Em/MockNFW160ellip5loga2.08PA50center0With_background20num58.dat Diff-Evol    1.0e-04 0 0 0 0     NFW        0.0000   0.0000     -2.140 0.000   0 -99.00   65.7       -1199.209       -2393.066   201 180.0000   0.0000     -1.938 0.000   0 -99.00    0.049
2018-05-01-21:54:42 1.11  Mocks_Em/MockNFW160ellip5loga2.08PA50center0With_background20num59.dat Diff-Evol    1.0e-04 0 0 0 0     NFW        0.0000   0.0000     -2.030 0.000   0 -99.00   91.5        -1271.87       -2538.387   250 180.0000   0.0000     -1.938 0.000   0 -99.00    0.060
2018-05-01-21:54:42 1.11  Mocks_Em/MockNFW160ellip5loga2.08PA50center0With_background20num60.dat Diff-Evol    1.0e-04 0 0 0 0     NFW        0.0000   0.0000     -2.118 0.000   0 -99.00   74.8       -1292.121       -2578.891   208 180.0000   0.0000     -1.947 0.000   0 -99.00    0.051
2018-05-01-21:54:42 1.11  Mocks_Em/MockNFW160ellip5loga2.08PA50center0With_background20num61.dat Diff-Evol    1.0e-04 0 0 0 0     NFW        0.0000   0.0000     -1.921 0.000   0 -99.00  122.5       -1264.766        -2524.18   374 180.0000   0.0000     -1.967 0.000   0 -99.00    0.095
2018-05-01-21:54:42 1.11  Mocks_Em/MockNFW160ellip5loga2.08PA50center0With_background20num62.dat Diff-Evol    1.0e-04 0 0 0 0     NFW        0.0000   0.0000     -2.076 0.000   0 -99.00   86.6       -1353.891        -2702.43   305 180.0000   0.0000     -2.017 0.000   0 -99.00    0.077
2018-05-01-21:54:42 1.11  Mocks_Em/MockNFW160ellip5loga2.08PA50center0With_background20num63.dat Diff-Evol    1.0e-04 0 0 0 0     NFW        0.0000   0.0000     -2.066 0.000   0 -99.00   80.2       -1213.425       -2421.498   298 180.0000   0.0000     -1.951 0.000   0 -99.00    0.074
2018-05-01-21:54:42 1.11  Mocks_Em/MockNFW160ellip5loga2.08PA50center0With_background20num64.dat Diff-Evol    1.0e-04 0 0 0 0     NFW        0.0000   0.0000     -2.015 0.000   0 -99.00   93.0       -1240.252       -2475.153   215 180.0000   0.0000     -1.963 0.000   0 -99.00    0.052
2018-05-01-21:54:42 1.11  Mocks_Em/MockNFW160ellip5loga2.08PA50center0With_background20num65.dat Diff-Evol    1.0e-04 0 0 0 0     NFW        0.0000   0.0000     -2.151 0.000   0 -99.00   70.4       -1319.836       -2634.321   215 180.0000   0.0000     -1.998 0.000   0 -99.00    0.053
2018-05-01-21:54:42 1.11  Mocks_Em/MockNFW160ellip5loga2.08PA50center0With_background20num66.dat Diff-Evol    1.0e-04 0 0 0 0     NFW        0.0000   0.0000     -2.168 0.000   0 -99.00   69.0       -1325.601        -2645.85   215 180.0000   0.0000     -2.008 0.000   0 -99.00    0.052
2018-05-01-21:54:42 1.11  Mocks_Em/MockNFW160ellip5loga2.08PA50center0With_background20num67.dat Diff-Evol    1.0e-04 0 0 0 0     NFW        0.0000   0.0000     -2.047 0.000   0 -99.00   92.9       -1344.646       -2683.939   215 180.0000   0.0000     -1.979 0.000   0 -99.00    0.053
2018-05-01-21:54:42 1.11  Mocks_Em/MockNFW160ellip5loga2.08PA50center0With_background20num68.dat Diff-Evol    1.0e-04 0 0 0 0     NFW        0.0000   0.0000     -1.931 0.000   0 -99.00  115.7       -1203.275       -2401.198   284 180.0000   0.0000     -1.950 0.000   0 -99.00    0.071
2018-05-01-21:54:42 1.11  Mocks_Em/MockNFW160ellip5loga2.08PA50center0With_background20num69.dat Diff-Evol    1.0e-04 0 0 0 0     NFW        0.0000   0.0000     -2.020 0.000   0 -99.00   93.7       -1264.237       -2523.122   326 180.0000   0.0000     -1.952 0.000   0 -99.00    0.081
2018-05-01-21:54:42 1.11  Mocks_Em/MockNFW160ellip5loga2.08PA50center0With_background20num70.dat Diff-Evol    1.0e-04 0 0 0 0     NFW        0.0000   0.0000     -2.094 0.000   0 -99.00   83.5       -1362.724       -2720.097   264 180.0000   0.0000     -2.006 0.000   0 -99.00    0.064
2018-05-01-21:54:42 1.11  Mocks_Em/MockNFW160ellip5loga2.08PA50center0With_background20num71.dat Diff-Evol    1.0e-04 0 0 0 0     NFW        0.0000   0.0000     -2.183 0.000   0 -99.00   60.1       -1210.955       -2416.558   208 180.0000   0.0000     -1.957 0.000   0 -99.00    0.051
2018-05-01-21:54:42 1.11  Mocks_Em/MockNFW160ellip5loga2.08PA50center0With_background20num72.dat Diff-Evol    1.0e-04 0 0 0 0     NFW        0.0000   0.0000     -1.922 0.000   0 -99.00  133.1       -1366.975       -2728.598   374 180.0000   0.0000     -1.962 0.000   0 -99.00    0.094
2018-05-01-21:54:42 1.11  Mocks_Em/MockNFW160ellip5loga2.08PA50center0With_background20num73.dat Diff-Evol    1.0e-04 0 0 0 0     NFW        0.0000   0.0000     -1.922 0.000   0 -99.00  121.0        -1248.67       -2491.989   374 180.0000   0.0000     -1.932 0.000   0 -99.00    0.094
2018-05-01-21:54:42 1.11  Mocks_Em/MockNFW160ellip5loga2.08PA50center0With_background20num74.dat Diff-Evol    1.0e-04 0 0 0 0     NFW        0.0000   0.0000     -2.029 0.000   0 -99.00   94.3       -1303.653       -2601.955   291 180.0000   0.0000     -1.948 0.000   0 -99.00    0.073
2018-05-01-21:54:42 1.11  Mocks_Em/MockNFW160ellip5loga2.08PA50center0With_background20num75.dat Diff-Evol    1.0e-04 0 0 0 0     NFW        0.0000   0.0000     -2.058 0.000   0 -99.00   90.0       -1337.891        -2670.43   208 180.0000   0.0000     -1.971 0.000   0 -99.00    0.051
2018-05-01-21:54:42 1.11  Mocks_Em/MockNFW160ellip5loga2.08PA50center0With_background20num76.dat Diff-Evol    1.0e-04 0 0 0 0     NFW        0.0000   0.0000     -2.217 0.000   0 -99.00   58.1       -1267.396        -2529.44   215 180.0000   0.0000     -1.976 0.000   0 -99.00    0.053
2018-05-01-21:54:42 1.11  Mocks_Em/MockNFW160ellip5loga2.08PA50center0With_background20num77.dat Diff-Evol    1.0e-04 0 0 0 0     NFW        0.0000   0.0000     -1.999 0.000   0 -99.00  102.1       -1302.891        -2600.43   298 180.0000   0.0000     -1.964 0.000   0 -99.00    0.076
2018-05-01-21:54:42 1.11  Mocks_Em/MockNFW160ellip5loga2.08PA50center0With_background20num78.dat Diff-Evol    1.0e-04 0 0 0 0     NFW        0.0000   0.0000     -1.935 0.000   0 -99.00  116.7       -1240.133       -2474.914   305 180.0000   0.0000     -1.964 0.000   0 -99.00    0.076
2018-05-01-21:54:42 1.11  Mocks_Em/MockNFW160ellip5loga2.08PA50center0With_background20num79.dat Diff-Evol    1.0e-04 0 0 0 0     NFW        0.0000   0.0000     -2.274 0.000   0 -99.00   50.3       -1241.887       -2478.423   215 180.0000   0.0000     -1.992 0.000   0 -99.00    0.053
2018-05-01-21:54:42 1.11  Mocks_Em/MockNFW160ellip5loga2.08PA50center0With_background20num80.dat Diff-Evol    1.0e-04 0 0 0 0     NFW        0.0000   0.0000     -2.114 0.000   0 -99.00   73.7       -1262.193       -2519.035   201 180.0000   0.0000     -1.968 0.000   0 -99.00    0.050
2018-05-01-21:54:42 1.11  Mocks_Em/MockNFW160ellip5loga2.08PA50center0With_background20num81.dat Diff-Evol    1.0e-04 0 0 0 0     NFW        0.0000   0.0000     -2.212 0.000   0 -99.00   60.3       -1298.676       -2592.001   341 180.0000   0.0000     -1.973 0.000   0 -99.00    0.081
2018-05-01-21:54:42 1.11  Mocks_Em/MockNFW160ellip5loga2.08PA50center0With_background20num82.dat Diff-Evol    1.0e-04 0 0 0 0     NFW        0.0000   0.0000     -1.923 0.000   0 -99.00  113.4       -1173.693       -2342.034   284 180.0000   0.0000     -1.929 0.000   0 -99.00    0.071
2018-05-01-21:54:42 1.11  Mocks_Em/MockNFW160ellip5loga2.08PA50center0With_background20num83.dat Diff-Evol    1.0e-04 0 0 0 0     NFW        0.0000   0.0000     -2.104 0.000   0 -99.00   74.8       -1246.374       -2487.397   201 180.0000   0.0000     -1.952 0.000   0 -99.00    0.049
2018-05-01-21:54:42 1.11  Mocks_Em/MockNFW160ellip5loga2.08PA50center0With_background20num84.dat Diff-Evol    1.0e-04 0 0 0 0     NFW        0.0000   0.0000     -2.069 0.000   0 -99.00   88.7       -1360.759       -2716.166   236 180.0000   0.0000     -1.973 0.000   0 -99.00    0.058
2018-05-01-21:54:42 1.11  Mocks_Em/MockNFW160ellip5loga2.08PA50center0With_background20num85.dat Diff-Evol    1.0e-04 0 0 0 0     NFW        0.0000   0.0000     -1.926 0.000   0 -99.00  118.0       -1218.326       -2431.301   284 180.0000   0.0000     -1.916 0.000   0 -99.00    0.071
2018-05-01-21:54:42 1.11  Mocks_Em/MockNFW160ellip5loga2.08PA50center0With_background20num86.dat Diff-Evol    1.0e-04 0 0 0 0     NFW        0.0000   0.0000     -2.119 0.000   0 -99.00   73.5       -1278.051        -2550.75   305 180.0000   0.0000     -1.973 0.000   0 -99.00    0.077
2018-05-01-21:54:42 1.11  Mocks_Em/MockNFW160ellip5loga2.08PA50center0With_background20num87.dat Diff-Evol    1.0e-04 0 0 0 0     NFW        0.0000   0.0000     -1.921 0.000   0 -99.00  121.8       -1258.697       -2512.043   284 180.0000   0.0000     -1.933 0.000   0 -99.00    0.072
2018-05-01-21:54:42 1.11  Mocks_Em/MockNFW160ellip5loga2.08PA50center0With_background20num88.dat Diff-Evol    1.0e-04 0 0 0 0     NFW        0.0000   0.0000     -2.026 0.000   0 -99.00   95.3       -1298.825       -2592.297   208 180.0000   0.0000     -1.963 0.000   0 -99.00    0.051
2018-05-01-21:54:42 1.11  Mocks_Em/MockNFW160ellip5loga2.08PA50center0With_background20num89.dat Diff-Evol    1.0e-04 0 0 0 0     NFW        0.0000   0.0000     -2.007 0.000   0 -99.00   93.0       -1216.228       -2427.104   571 180.0000   0.0000     -1.956 0.000   0 -99.00    0.136
2018-05-01-21:54:42 1.11  Mocks_Em/MockNFW160ellip5loga2.08PA50center0With_background20num90.dat Diff-Evol    1.0e-04 0 0 0 0     NFW        0.0000   0.0000     -1.939 0.000   0 -99.00  122.5       -1331.155       -2656.958   444 180.0000   0.0000     -1.978 0.000   0 -99.00    0.112
2018-05-01-21:54:42 1.11  Mocks_Em/MockNFW160ellip5loga2.08PA50center0With_background20num91.dat Diff-Evol    1.0e-04 0 0 0 0     NFW        0.0000   0.0000     -2.276 0.000   0 -99.00   51.0        -1264.35       -2523.348   208 180.0000   0.0000     -1.966 0.000   0 -99.00    0.051
2018-05-01-21:54:42 1.11  Mocks_Em/MockNFW160ellip5loga2.08PA50center0With_background20num92.dat Diff-Evol    1.0e-04 0 0 0 0     NFW        0.0000   0.0000     -2.148 0.000   0 -99.00   72.9       -1345.265       -2685.178   215 180.0000   0.0000     -1.971 0.000   0 -99.00    0.053
2018-05-01-21:54:42 1.11  Mocks_Em/MockNFW160ellip5loga2.08PA50center0With_background20num93.dat Diff-Evol    1.0e-04 0 0 0 0     NFW        0.0000   0.0000     -2.004 0.000   0 -99.00   94.0       -1216.933       -2428.514   243 180.0000   0.0000     -1.948 0.000   0 -99.00    0.059
2018-05-01-21:54:42 1.11  Mocks_Em/MockNFW160ellip5loga2.08PA50center0With_background20num94.dat Diff-Evol    1.0e-04 0 0 0 0     NFW        0.0000   0.0000     -2.200 0.000   0 -99.00   61.8       -1297.074       -2588.796   215 180.0000   0.0000     -1.949 0.000   0 -99.00    0.053
2018-05-01-21:54:42 1.11  Mocks_Em/MockNFW160ellip5loga2.08PA50center0With_background20num95.dat Diff-Evol    1.0e-04 0 0 0 0     NFW        0.0000   0.0000     -2.109 0.000   0 -99.00   80.0       -1348.964       -2692.577   215 180.0000   0.0000     -1.991 0.000   0 -99.00    0.053
2018-05-01-21:54:42 1.11  Mocks_Em/MockNFW160ellip5loga2.08PA50center0With_background20num96.dat Diff-Evol    1.0e-04 0 0 0 0     NFW        0.0000   0.0000     -2.074 0.000   0 -99.00   85.3       -1322.492       -2639.631   312 180.0000   0.0000     -1.966 0.000   0 -99.00    0.078
2018-05-01-21:54:42 1.11  Mocks_Em/MockNFW160ellip5loga2.08PA50center0With_background20num97.dat Diff-Evol    1.0e-04 0 0 0 0     NFW        0.0000   0.0000     -1.928 0.000   0 -99.00  116.8       -1216.826       -2428.301   395 180.0000   0.0000     -1.936 0.000   0 -99.00    0.100
2018-05-01-21:54:42 1.11  Mocks_Em/MockNFW160ellip5loga2.08PA50center0With_background20num98.dat Diff-Evol    1.0e-04 0 0 0 0     NFW        0.0000   0.0000     -1.976 0.000   0 -99.00  113.4       -1364.779       -2724.206   215 180.0000   0.0000     -2.018 0.000   0 -99.00    0.053
2018-05-01-21:54:42 1.11  Mocks_Em/MockNFW160ellip5loga2.08PA50center0With_background20num99.dat Diff-Evol    1.0e-04 0 0 0 0     NFW        0.0000   0.0000     -2.249 0.000   0 -99.00   54.0       -1262.371       -2519.391   222 180.0000   0.0000     -1.963 0.000   0 -99.00    0.055
