2018-05-01-21:54:03 1.11  Mocks_Em/MockNFW20ellip5loga2.08PA50center0With_background20num0.dat L-BFGS-B     1.0e-04 0 0 0 0     NFW        0.0000   0.0000     -1.923 0.000   0 -99.00   37.8       -387.0611       -769.8596     7 180.0000   0.0000     -1.883 0.000   0 -99.00    0.002
2018-05-01-21:54:03 1.11  Mocks_Em/MockNFW20ellip5loga2.08PA50center0With_background20num1.dat L-BFGS-B     1.0e-04 0 0 0 0     NFW        0.0000   0.0000     -1.925 0.000   0 -99.00   31.8       -321.6894       -639.1162     7 180.0000   0.0000     -1.838 0.000   0 -99.00    0.002
2018-05-01-21:54:03 1.11  Mocks_Em/MockNFW20ellip5loga2.08PA50center0With_background20num2.dat L-BFGS-B     1.0e-04 0 0 0 0     NFW        0.0000   0.0000     -1.927 0.000   0 -99.00   32.5       -328.5555       -652.8483     7 180.0000   0.0000     -1.843 0.000   0 -99.00    0.002
2018-05-01-21:54:03 1.11  Mocks_Em/MockNFW20ellip5loga2.08PA50center0With_background20num3.dat L-BFGS-B     1.0e-04 0 0 0 0     NFW        0.0000   0.0000     -1.926 0.000   0 -99.00   33.3       -338.8806       -673.4985     7 180.0000   0.0000     -1.888 0.000   0 -99.00    0.002
2018-05-01-21:54:03 1.11  Mocks_Em/MockNFW20ellip5loga2.08PA50center0With_background20num4.dat L-BFGS-B     1.0e-04 0 0 0 0     NFW        0.0000   0.0000     -1.925 0.000   0 -99.00   41.6       -422.1361       -840.0094     7 180.0000   0.0000     -1.905 0.000   0 -99.00    0.002
2018-05-01-21:54:03 1.11  Mocks_Em/MockNFW20ellip5loga2.08PA50center0With_background20num5.dat L-BFGS-B     1.0e-04 0 0 0 0     NFW        0.0000   0.0000     -2.221 0.000   0 -99.00   17.8       -388.9898       -773.7169    35 180.0000   0.0000     -1.988 0.000   0 -99.00    0.007
2018-05-01-21:54:03 1.11  Mocks_Em/MockNFW20ellip5loga2.08PA50center0With_background20num6.dat L-BFGS-B     1.0e-04 0 0 0 0     NFW        0.0000   0.0000     -1.923 0.000   0 -99.00   43.1       -443.8269       -883.3912    14 180.0000   0.0000     -1.949 0.000   0 -99.00    0.003
2018-05-01-21:54:03 1.11  Mocks_Em/MockNFW20ellip5loga2.08PA50center0With_background20num7.dat L-BFGS-B     1.0e-04 0 0 0 0     NFW        0.0000   0.0000     -1.921 0.000   0 -99.00   38.6       -394.0636       -783.8646     7 180.0000   0.0000     -1.887 0.000   0 -99.00    0.002
2018-05-01-21:54:03 1.11  Mocks_Em/MockNFW20ellip5loga2.08PA50center0With_background20num8.dat L-BFGS-B     1.0e-04 0 0 0 0     NFW        0.0000   0.0000     -1.927 0.000   0 -99.00   32.5       -328.2546       -652.2465     7 180.0000   0.0000     -1.862 0.000   0 -99.00    0.002
2018-05-01-21:54:03 1.11  Mocks_Em/MockNFW20ellip5loga2.08PA50center0With_background20num9.dat L-BFGS-B     1.0e-04 0 0 0 0     NFW        0.0000   0.0000     -1.921 0.000   0 -99.00   39.3       -397.6179        -790.973     7 180.0000   0.0000     -1.908 0.000   0 -99.00    0.002
2018-05-01-21:54:03 1.11  Mocks_Em/MockNFW20ellip5loga2.08PA50center0With_background20num10.dat L-BFGS-B     1.0e-04 0 0 0 0     NFW        0.0000   0.0000     -1.925 0.000   0 -99.00   39.3       -407.5817       -810.9008     7 180.0000   0.0000     -1.907 0.000   0 -99.00    0.002
2018-05-01-21:54:03 1.11  Mocks_Em/MockNFW20ellip5loga2.08PA50center0With_background20num11.dat L-BFGS-B     1.0e-04 0 0 0 0     NFW        0.0000   0.0000     -1.932 0.000   0 -99.00   39.3       -399.9405       -795.6184     7 180.0000   0.0000     -1.881 0.000   0 -99.00    0.002
2018-05-01-21:54:03 1.11  Mocks_Em/MockNFW20ellip5loga2.08PA50center0With_background20num12.dat L-BFGS-B     1.0e-04 0 0 0 0     NFW        0.0000   0.0000     -1.923 0.000   0 -99.00   35.5        -364.839       -725.4153     7 180.0000   0.0000     -1.898 0.000   0 -99.00    0.002
2018-05-01-21:54:03 1.11  Mocks_Em/MockNFW20ellip5loga2.08PA50center0With_background20num13.dat L-BFGS-B     1.0e-04 0 0 0 0     NFW        0.0000   0.0000     -1.923 0.000   0 -99.00   37.8        -390.814       -777.3653    14 180.0000   0.0000     -1.939 0.000   0 -99.00    0.003
2018-05-01-21:54:03 1.11  Mocks_Em/MockNFW20ellip5loga2.08PA50center0With_background20num14.dat L-BFGS-B     1.0e-04 0 0 0 0     NFW        0.0000   0.0000     -1.922 0.000   0 -99.00   37.8       -380.2529       -756.2431     7 180.0000   0.0000     -1.872 0.000   0 -99.00    0.002
2018-05-01-21:54:03 1.11  Mocks_Em/MockNFW20ellip5loga2.08PA50center0With_background20num15.dat L-BFGS-B     1.0e-04 0 0 0 0     NFW        0.0000   0.0000     -2.058 0.000   0 -99.00   25.0       -369.8393       -735.4158    28 180.0000   0.0000     -1.872 0.000   0 -99.00    0.006
2018-05-01-21:54:03 1.11  Mocks_Em/MockNFW20ellip5loga2.08PA50center0With_background20num16.dat L-BFGS-B     1.0e-04 0 0 0 0     NFW        0.0000   0.0000     -1.921 0.000   0 -99.00   38.6       -393.1616       -782.0605     7 180.0000   0.0000     -1.903 0.000   0 -99.00    0.002
2018-05-01-21:54:03 1.11  Mocks_Em/MockNFW20ellip5loga2.08PA50center0With_background20num17.dat L-BFGS-B     1.0e-04 0 0 0 0     NFW        0.0000   0.0000     -1.924 0.000   0 -99.00   33.3       -341.1367       -678.0108     7 180.0000   0.0000     -1.858 0.000   0 -99.00    0.002
2018-05-01-21:54:03 1.11  Mocks_Em/MockNFW20ellip5loga2.08PA50center0With_background20num18.dat L-BFGS-B     1.0e-04 0 0 0 0     NFW        0.0000   0.0000     -1.921 0.000   0 -99.00   33.3       -337.1185       -669.9744     7 180.0000   0.0000     -1.865 0.000   0 -99.00    0.002
2018-05-01-21:54:03 1.11  Mocks_Em/MockNFW20ellip5loga2.08PA50center0With_background20num19.dat L-BFGS-B     1.0e-04 0 0 0 0     NFW        0.0000   0.0000     -1.922 0.000   0 -99.00   37.1       -379.4961       -754.7296    14 180.0000   0.0000     -1.929 0.000   0 -99.00    0.003
2018-05-01-21:54:03 1.11  Mocks_Em/MockNFW20ellip5loga2.08PA50center0With_background20num20.dat L-BFGS-B     1.0e-04 0 0 0 0     NFW        0.0000   0.0000     -1.922 0.000   0 -99.00   35.5       -364.9566       -725.6505     7 180.0000   0.0000     -1.865 0.000   0 -99.00    0.002
2018-05-01-21:54:03 1.11  Mocks_Em/MockNFW20ellip5loga2.08PA50center0With_background20num21.dat L-BFGS-B     1.0e-04 0 0 0 0     NFW        0.0000   0.0000     -1.926 0.000   0 -99.00   33.3       -335.4882       -666.7137     7 180.0000   0.0000     -1.817 0.000   0 -99.00    0.002
2018-05-01-21:54:03 1.11  Mocks_Em/MockNFW20ellip5loga2.08PA50center0With_background20num22.dat L-BFGS-B     1.0e-04 0 0 0 0     NFW        0.0000   0.0000     -1.924 0.000   0 -99.00   35.5       -360.4474       -716.6321     7 180.0000   0.0000     -1.873 0.000   0 -99.00    0.002
2018-05-01-21:54:03 1.11  Mocks_Em/MockNFW20ellip5loga2.08PA50center0With_background20num23.dat L-BFGS-B     1.0e-04 0 0 0 0     NFW        0.0000   0.0000     -1.926 0.000   0 -99.00   40.8       -416.5215       -828.7804    14 180.0000   0.0000     -1.952 0.000   0 -99.00    0.003
2018-05-01-21:54:03 1.11  Mocks_Em/MockNFW20ellip5loga2.08PA50center0With_background20num24.dat L-BFGS-B     1.0e-04 0 0 0 0     NFW        0.0000   0.0000     -1.934 0.000   0 -99.00   37.8       -390.0284       -775.7942    14 180.0000   0.0000     -1.942 0.000   0 -99.00    0.003
2018-05-01-21:54:03 1.11  Mocks_Em/MockNFW20ellip5loga2.08PA50center0With_background20num25.dat L-BFGS-B     1.0e-04 0 0 0 0     NFW        0.0000   0.0000     -1.921 0.000   0 -99.00   38.6       -390.0905       -775.9184     7 180.0000   0.0000     -1.889 0.000   0 -99.00    0.002
2018-05-01-21:54:03 1.11  Mocks_Em/MockNFW20ellip5loga2.08PA50center0With_background20num26.dat L-BFGS-B     1.0e-04 0 0 0 0     NFW        0.0000   0.0000     -1.958 0.000   0 -99.00   36.5       -415.5789       -826.8951    21 180.0000   0.0000     -1.931 0.000   0 -99.00    0.005
2018-05-01-21:54:03 1.11  Mocks_Em/MockNFW20ellip5loga2.08PA50center0With_background20num27.dat L-BFGS-B     1.0e-04 0 0 0 0     NFW        0.0000   0.0000     -1.923 0.000   0 -99.00   36.3        -367.009       -729.7553     7 180.0000   0.0000     -1.873 0.000   0 -99.00    0.002
2018-05-01-21:54:03 1.11  Mocks_Em/MockNFW20ellip5loga2.08PA50center0With_background20num28.dat L-BFGS-B     1.0e-04 0 0 0 0     NFW        0.0000   0.0000     -1.931 0.000   0 -99.00   34.8       -351.0569       -697.8511     7 180.0000   0.0000     -1.859 0.000   0 -99.00    0.002
2018-05-01-21:54:03 1.11  Mocks_Em/MockNFW20ellip5loga2.08PA50center0With_background20num29.dat L-BFGS-B     1.0e-04 0 0 0 0     NFW        0.0000   0.0000     -1.921 0.000   0 -99.00   37.8       -387.3908        -770.519     7 180.0000   0.0000     -1.895 0.000   0 -99.00    0.002
2018-05-01-21:54:03 1.11  Mocks_Em/MockNFW20ellip5loga2.08PA50center0With_background20num30.dat L-BFGS-B     1.0e-04 0 0 0 0     NFW        0.0000   0.0000     -1.922 0.000   0 -99.00   35.5       -362.8385       -721.4142     7 180.0000   0.0000     -1.869 0.000   0 -99.00    0.002
2018-05-01-21:54:03 1.11  Mocks_Em/MockNFW20ellip5loga2.08PA50center0With_background20num31.dat L-BFGS-B     1.0e-04 0 0 0 0     NFW        0.0000   0.0000     -1.925 0.000   0 -99.00   40.1       -411.2335       -818.2043    14 180.0000   0.0000     -1.949 0.000   0 -99.00    0.003
2018-05-01-21:54:03 1.11  Mocks_Em/MockNFW20ellip5loga2.08PA50center0With_background20num32.dat L-BFGS-B     1.0e-04 0 0 0 0     NFW        0.0000   0.0000     -1.931 0.000   0 -99.00   34.0       -349.5237       -694.7847     7 180.0000   0.0000     -1.883 0.000   0 -99.00    0.002
2018-05-01-21:54:03 1.11  Mocks_Em/MockNFW20ellip5loga2.08PA50center0With_background20num33.dat L-BFGS-B     1.0e-04 0 0 0 0     NFW        0.0000   0.0000     -1.923 0.000   0 -99.00   38.6        -392.904       -781.5453     7 180.0000   0.0000     -1.894 0.000   0 -99.00    0.002
2018-05-01-21:54:03 1.11  Mocks_Em/MockNFW20ellip5loga2.08PA50center0With_background20num34.dat L-BFGS-B     1.0e-04 0 0 0 0     NFW        0.0000   0.0000     -1.928 0.000   0 -99.00   38.6       -392.1026       -779.9424     7 180.0000   0.0000     -1.897 0.000   0 -99.00    0.002
2018-05-01-21:54:03 1.11  Mocks_Em/MockNFW20ellip5loga2.08PA50center0With_background20num35.dat L-BFGS-B     1.0e-04 0 0 0 0     NFW        0.0000   0.0000     -1.927 0.000   0 -99.00   32.5       -329.8168        -655.371     7 180.0000   0.0000     -1.831 0.000   0 -99.00    0.002
2018-05-01-21:54:03 1.11  Mocks_Em/MockNFW20ellip5loga2.08PA50center0With_background20num36.dat L-BFGS-B     1.0e-04 0 0 0 0     NFW        0.0000   0.0000     -1.922 0.000   0 -99.00   40.8       -420.5804       -836.8981     7 180.0000   0.0000     -1.910 0.000   0 -99.00    0.002
2018-05-01-21:54:03 1.11  Mocks_Em/MockNFW20ellip5loga2.08PA50center0With_background20num37.dat L-BFGS-B     1.0e-04 0 0 0 0     NFW        0.0000   0.0000     -1.922 0.000   0 -99.00   41.6       -426.3823       -848.5018    14 180.0000   0.0000     -1.927 0.000   0 -99.00    0.003
2018-05-01-21:54:03 1.11  Mocks_Em/MockNFW20ellip5loga2.08PA50center0With_background20num38.dat L-BFGS-B     1.0e-04 0 0 0 0     NFW        0.0000   0.0000     -1.924 0.000   0 -99.00   34.0       -345.7433        -687.224     7 180.0000   0.0000     -1.851 0.000   0 -99.00    0.002
2018-05-01-21:54:03 1.11  Mocks_Em/MockNFW20ellip5loga2.08PA50center0With_background20num39.dat L-BFGS-B     1.0e-04 0 0 0 0     NFW        0.0000   0.0000     -1.924 0.000   0 -99.00   35.5       -360.2355       -716.2083     7 180.0000   0.0000     -1.856 0.000   0 -99.00    0.002
2018-05-01-21:54:03 1.11  Mocks_Em/MockNFW20ellip5loga2.08PA50center0With_background20num40.dat L-BFGS-B     1.0e-04 0 0 0 0     NFW        0.0000   0.0000     -1.921 0.000   0 -99.00   33.3       -342.3714       -680.4802     7 180.0000   0.0000     -1.871 0.000   0 -99.00    0.002
2018-05-01-21:54:03 1.11  Mocks_Em/MockNFW20ellip5loga2.08PA50center0With_background20num41.dat L-BFGS-B     1.0e-04 0 0 0 0     NFW        0.0000   0.0000     -1.922 0.000   0 -99.00   34.8       -352.2566       -700.2505     7 180.0000   0.0000     -1.867 0.000   0 -99.00    0.002
2018-05-01-21:54:03 1.11  Mocks_Em/MockNFW20ellip5loga2.08PA50center0With_background20num42.dat L-BFGS-B     1.0e-04 0 0 0 0     NFW        0.0000   0.0000     -1.922 0.000   0 -99.00   33.3       -343.2571       -682.2515     7 180.0000   0.0000     -1.876 0.000   0 -99.00    0.002
2018-05-01-21:54:03 1.11  Mocks_Em/MockNFW20ellip5loga2.08PA50center0With_background20num43.dat L-BFGS-B     1.0e-04 0 0 0 0     NFW        0.0000   0.0000     -1.925 0.000   0 -99.00   36.3       -370.6601       -737.0575     7 180.0000   0.0000     -1.870 0.000   0 -99.00    0.002
2018-05-01-21:54:03 1.11  Mocks_Em/MockNFW20ellip5loga2.08PA50center0With_background20num44.dat L-BFGS-B     1.0e-04 0 0 0 0     NFW        0.0000   0.0000     -1.922 0.000   0 -99.00   37.1       -379.0753       -753.8878     7 180.0000   0.0000     -1.881 0.000   0 -99.00    0.002
2018-05-01-21:54:03 1.11  Mocks_Em/MockNFW20ellip5loga2.08PA50center0With_background20num45.dat L-BFGS-B     1.0e-04 0 0 0 0     NFW        0.0000   0.0000     -1.923 0.000   0 -99.00   38.6       -397.7012       -791.1398     7 180.0000   0.0000     -1.919 0.000   0 -99.00    0.002
2018-05-01-21:54:03 1.11  Mocks_Em/MockNFW20ellip5loga2.08PA50center0With_background20num46.dat L-BFGS-B     1.0e-04 0 0 0 0     NFW        0.0000   0.0000     -1.921 0.000   0 -99.00   35.5       -364.3042       -724.3458     7 180.0000   0.0000     -1.876 0.000   0 -99.00    0.002
2018-05-01-21:54:03 1.11  Mocks_Em/MockNFW20ellip5loga2.08PA50center0With_background20num47.dat L-BFGS-B     1.0e-04 0 0 0 0     NFW        0.0000   0.0000     -1.935 0.000   0 -99.00   39.3       -407.3272       -810.3917    14 180.0000   0.0000     -1.942 0.000   0 -99.00    0.003
2018-05-01-21:54:03 1.11  Mocks_Em/MockNFW20ellip5loga2.08PA50center0With_background20num48.dat L-BFGS-B     1.0e-04 0 0 0 0     NFW        0.0000   0.0000     -1.924 0.000   0 -99.00   34.0       -347.6455       -691.0283     7 180.0000   0.0000     -1.881 0.000   0 -99.00    0.002
2018-05-01-21:54:03 1.11  Mocks_Em/MockNFW20ellip5loga2.08PA50center0With_background20num49.dat L-BFGS-B     1.0e-04 0 0 0 0     NFW        0.0000   0.0000     -1.925 0.000   0 -99.00   35.5       -357.7798        -711.297     7 180.0000   0.0000     -1.833 0.000   0 -99.00    0.002
2018-05-01-21:54:03 1.11  Mocks_Em/MockNFW20ellip5loga2.08PA50center0With_background20num50.dat L-BFGS-B     1.0e-04 0 0 0 0     NFW        0.0000   0.0000     -1.922 0.000   0 -99.00   41.6       -414.5993       -824.9359     7 180.0000   0.0000     -1.871 0.000   0 -99.00    0.002
2018-05-01-21:54:03 1.11  Mocks_Em/MockNFW20ellip5loga2.08PA50center0With_background20num51.dat L-BFGS-B     1.0e-04 0 0 0 0     NFW        0.0000   0.0000     -1.924 0.000   0 -99.00   36.3       -370.4827       -736.7027     7 180.0000   0.0000     -1.857 0.000   0 -99.00    0.002
2018-05-01-21:54:03 1.11  Mocks_Em/MockNFW20ellip5loga2.08PA50center0With_background20num52.dat L-BFGS-B     1.0e-04 0 0 0 0     NFW        0.0000   0.0000     -1.925 0.000   0 -99.00   37.1       -377.9569       -751.6511     7 180.0000   0.0000     -1.900 0.000   0 -99.00    0.002
2018-05-01-21:54:03 1.11  Mocks_Em/MockNFW20ellip5loga2.08PA50center0With_background20num53.dat L-BFGS-B     1.0e-04 0 0 0 0     NFW        0.0000   0.0000     -1.922 0.000   0 -99.00   34.0       -345.0507       -685.8387     7 180.0000   0.0000     -1.860 0.000   0 -99.00    0.002
2018-05-01-21:54:03 1.11  Mocks_Em/MockNFW20ellip5loga2.08PA50center0With_background20num54.dat L-BFGS-B     1.0e-04 0 0 0 0     NFW        0.0000   0.0000     -1.926 0.000   0 -99.00   38.6       -397.3715       -790.4802     7 180.0000   0.0000     -1.890 0.000   0 -99.00    0.002
2018-05-01-21:54:03 1.11  Mocks_Em/MockNFW20ellip5loga2.08PA50center0With_background20num55.dat L-BFGS-B     1.0e-04 0 0 0 0     NFW        0.0000   0.0000     -1.933 0.000   0 -99.00   37.8       -383.6928        -763.123     7 180.0000   0.0000     -1.874 0.000   0 -99.00    0.002
2018-05-01-21:54:03 1.11  Mocks_Em/MockNFW20ellip5loga2.08PA50center0With_background20num56.dat L-BFGS-B     1.0e-04 0 0 0 0     NFW        0.0000   0.0000     -1.923 0.000   0 -99.00   38.6       -391.8975       -779.5323    14 180.0000   0.0000     -1.942 0.000   0 -99.00    0.003
2018-05-01-21:54:03 1.11  Mocks_Em/MockNFW20ellip5loga2.08PA50center0With_background20num57.dat L-BFGS-B     1.0e-04 0 0 0 0     NFW        0.0000   0.0000     -1.926 0.000   0 -99.00   43.1       -444.3634       -884.4642    14 180.0000   0.0000     -1.959 0.000   0 -99.00    0.003
2018-05-01-21:54:03 1.11  Mocks_Em/MockNFW20ellip5loga2.08PA50center0With_background20num58.dat L-BFGS-B     1.0e-04 0 0 0 0     NFW        0.0000   0.0000     -1.923 0.000   0 -99.00   40.1       -405.8695       -807.4763     7 180.0000   0.0000     -1.877 0.000   0 -99.00    0.002
2018-05-01-21:54:03 1.11  Mocks_Em/MockNFW20ellip5loga2.08PA50center0With_background20num59.dat L-BFGS-B     1.0e-04 0 0 0 0     NFW        0.0000   0.0000     -1.939 0.000   0 -99.00   36.3       -378.2535       -752.2444    14 180.0000   0.0000     -1.970 0.000   0 -99.00    0.003
2018-05-01-21:54:03 1.11  Mocks_Em/MockNFW20ellip5loga2.08PA50center0With_background20num60.dat L-BFGS-B     1.0e-04 0 0 0 0     NFW        0.0000   0.0000     -1.925 0.000   0 -99.00   37.8       -378.6228       -752.9829     7 180.0000   0.0000     -1.841 0.000   0 -99.00    0.002
2018-05-01-21:54:03 1.11  Mocks_Em/MockNFW20ellip5loga2.08PA50center0With_background20num61.dat L-BFGS-B     1.0e-04 0 0 0 0     NFW        0.0000   0.0000     -2.046 0.000   0 -99.00   22.8       -329.9975       -655.7324    28 180.0000   0.0000     -1.862 0.000   0 -99.00    0.006
2018-05-01-21:54:03 1.11  Mocks_Em/MockNFW20ellip5loga2.08PA50center0With_background20num62.dat L-BFGS-B     1.0e-04 0 0 0 0     NFW        0.0000   0.0000     -1.926 0.000   0 -99.00   36.3       -366.6148       -728.9669     7 180.0000   0.0000     -1.847 0.000   0 -99.00    0.002
2018-05-01-21:54:03 1.11  Mocks_Em/MockNFW20ellip5loga2.08PA50center0With_background20num63.dat L-BFGS-B     1.0e-04 0 0 0 0     NFW        0.0000   0.0000     -1.930 0.000   0 -99.00   42.4       -436.2691       -868.2755     7 180.0000   0.0000     -1.925 0.000   0 -99.00    0.002
2018-05-01-21:54:03 1.11  Mocks_Em/MockNFW20ellip5loga2.08PA50center0With_background20num64.dat L-BFGS-B     1.0e-04 0 0 0 0     NFW        0.0000   0.0000     -1.925 0.000   0 -99.00   40.1       -406.4223       -808.5819     7 180.0000   0.0000     -1.873 0.000   0 -99.00    0.002
2018-05-01-21:54:03 1.11  Mocks_Em/MockNFW20ellip5loga2.08PA50center0With_background20num65.dat L-BFGS-B     1.0e-04 0 0 0 0     NFW        0.0000   0.0000     -1.927 0.000   0 -99.00   40.1       -409.5523       -814.8419    14 180.0000   0.0000     -1.928 0.000   0 -99.00    0.003
2018-05-01-21:54:03 1.11  Mocks_Em/MockNFW20ellip5loga2.08PA50center0With_background20num66.dat L-BFGS-B     1.0e-04 0 0 0 0     NFW        0.0000   0.0000     -1.921 0.000   0 -99.00   39.3       -402.3913       -800.5199     7 180.0000   0.0000     -1.868 0.000   0 -99.00    0.002
2018-05-01-21:54:03 1.11  Mocks_Em/MockNFW20ellip5loga2.08PA50center0With_background20num67.dat L-BFGS-B     1.0e-04 0 0 0 0     NFW        0.0000   0.0000     -1.924 0.000   0 -99.00   30.3       -305.9547       -607.6466     7 180.0000   0.0000     -1.830 0.000   0 -99.00    0.002
2018-05-01-21:54:03 1.11  Mocks_Em/MockNFW20ellip5loga2.08PA50center0With_background20num68.dat L-BFGS-B     1.0e-04 0 0 0 0     NFW        0.0000   0.0000     -1.924 0.000   0 -99.00   34.8       -356.2868        -708.311     7 180.0000   0.0000     -1.872 0.000   0 -99.00    0.002
2018-05-01-21:54:03 1.11  Mocks_Em/MockNFW20ellip5loga2.08PA50center0With_background20num69.dat L-BFGS-B     1.0e-04 0 0 0 0     NFW        0.0000   0.0000     -1.923 0.000   0 -99.00   37.1       -381.9585       -759.6543     7 180.0000   0.0000     -1.871 0.000   0 -99.00    0.002
2018-05-01-21:54:03 1.11  Mocks_Em/MockNFW20ellip5loga2.08PA50center0With_background20num70.dat L-BFGS-B     1.0e-04 0 0 0 0     NFW        0.0000   0.0000     -1.923 0.000   0 -99.00   39.3        -399.311       -794.3593     7 180.0000   0.0000     -1.918 0.000   0 -99.00    0.002
2018-05-01-21:54:03 1.11  Mocks_Em/MockNFW20ellip5loga2.08PA50center0With_background20num71.dat L-BFGS-B     1.0e-04 0 0 0 0     NFW        0.0000   0.0000     -1.922 0.000   0 -99.00   33.3       -334.6202       -664.9777     7 180.0000   0.0000     -1.820 0.000   0 -99.00    0.002
2018-05-01-21:54:03 1.11  Mocks_Em/MockNFW20ellip5loga2.08PA50center0With_background20num72.dat L-BFGS-B     1.0e-04 0 0 0 0     NFW        0.0000   0.0000     -1.923 0.000   0 -99.00   36.3       -374.3068       -744.3509     7 180.0000   0.0000     -1.887 0.000   0 -99.00    0.002
2018-05-01-21:54:03 1.11  Mocks_Em/MockNFW20ellip5loga2.08PA50center0With_background20num73.dat L-BFGS-B     1.0e-04 0 0 0 0     NFW        0.0000   0.0000     -1.924 0.000   0 -99.00   33.3       -340.9965       -677.7304     7 180.0000   0.0000     -1.840 0.000   0 -99.00    0.002
2018-05-01-21:54:03 1.11  Mocks_Em/MockNFW20ellip5loga2.08PA50center0With_background20num74.dat L-BFGS-B     1.0e-04 0 0 0 0     NFW        0.0000   0.0000     -1.923 0.000   0 -99.00   34.8       -354.4126       -704.5626     7 180.0000   0.0000     -1.845 0.000   0 -99.00    0.002
2018-05-01-21:54:03 1.11  Mocks_Em/MockNFW20ellip5loga2.08PA50center0With_background20num75.dat L-BFGS-B     1.0e-04 0 0 0 0     NFW        0.0000   0.0000     -1.935 0.000   0 -99.00   38.6       -395.1187       -785.9748     7 180.0000   0.0000     -1.891 0.000   0 -99.00    0.002
2018-05-01-21:54:03 1.11  Mocks_Em/MockNFW20ellip5loga2.08PA50center0With_background20num76.dat L-BFGS-B     1.0e-04 0 0 0 0     NFW        0.0000   0.0000     -1.925 0.000   0 -99.00   34.0       -343.2356       -682.2086     7 180.0000   0.0000     -1.869 0.000   0 -99.00    0.002
2018-05-01-21:54:03 1.11  Mocks_Em/MockNFW20ellip5loga2.08PA50center0With_background20num77.dat L-BFGS-B     1.0e-04 0 0 0 0     NFW        0.0000   0.0000     -1.938 0.000   0 -99.00   33.2       -360.0785       -715.8943    21 180.0000   0.0000     -1.891 0.000   0 -99.00    0.004
2018-05-01-21:54:03 1.11  Mocks_Em/MockNFW20ellip5loga2.08PA50center0With_background20num78.dat L-BFGS-B     1.0e-04 0 0 0 0     NFW        0.0000   0.0000     -1.922 0.000   0 -99.00   38.6       -387.9535       -771.6442     7 180.0000   0.0000     -1.868 0.000   0 -99.00    0.002
2018-05-01-21:54:03 1.11  Mocks_Em/MockNFW20ellip5loga2.08PA50center0With_background20num79.dat L-BFGS-B     1.0e-04 0 0 0 0     NFW        0.0000   0.0000     -1.921 0.000   0 -99.00   42.4       -434.6791       -865.0956     7 180.0000   0.0000     -1.916 0.000   0 -99.00    0.002
2018-05-01-21:54:03 1.11  Mocks_Em/MockNFW20ellip5loga2.08PA50center0With_background20num80.dat L-BFGS-B     1.0e-04 0 0 0 0     NFW        0.0000   0.0000     -1.925 0.000   0 -99.00   32.5       -332.2392       -660.2158     7 180.0000   0.0000     -1.812 0.000   0 -99.00    0.002
2018-05-01-21:54:03 1.11  Mocks_Em/MockNFW20ellip5loga2.08PA50center0With_background20num81.dat L-BFGS-B     1.0e-04 0 0 0 0     NFW        0.0000   0.0000     -1.928 0.000   0 -99.00   36.3       -370.8379        -737.413     7 180.0000   0.0000     -1.884 0.000   0 -99.00    0.002
2018-05-01-21:54:03 1.11  Mocks_Em/MockNFW20ellip5loga2.08PA50center0With_background20num82.dat L-BFGS-B     1.0e-04 0 0 0 0     NFW        0.0000   0.0000     -1.922 0.000   0 -99.00   39.3       -397.5663       -790.8699     7 180.0000   0.0000     -1.903 0.000   0 -99.00    0.002
2018-05-01-21:54:03 1.11  Mocks_Em/MockNFW20ellip5loga2.08PA50center0With_background20num83.dat L-BFGS-B     1.0e-04 0 0 0 0     NFW        0.0000   0.0000     -1.946 0.000   0 -99.00   32.3       -353.6287       -702.9947    21 180.0000   0.0000     -1.902 0.000   0 -99.00    0.004
2018-05-01-21:54:03 1.11  Mocks_Em/MockNFW20ellip5loga2.08PA50center0With_background20num84.dat L-BFGS-B     1.0e-04 0 0 0 0     NFW        0.0000   0.0000     -1.923 0.000   0 -99.00   37.8       -384.2602       -764.2578     7 180.0000   0.0000     -1.899 0.000   0 -99.00    0.002
2018-05-01-21:54:03 1.11  Mocks_Em/MockNFW20ellip5loga2.08PA50center0With_background20num85.dat L-BFGS-B     1.0e-04 0 0 0 0     NFW        0.0000   0.0000     -1.928 0.000   0 -99.00   33.3       -339.7106       -675.1586     7 180.0000   0.0000     -1.842 0.000   0 -99.00    0.002
2018-05-01-21:54:03 1.11  Mocks_Em/MockNFW20ellip5loga2.08PA50center0With_background20num86.dat L-BFGS-B     1.0e-04 0 0 0 0     NFW        0.0000   0.0000     -1.923 0.000   0 -99.00   33.3       -336.3792       -668.4958     7 180.0000   0.0000     -1.842 0.000   0 -99.00    0.002
2018-05-01-21:54:03 1.11  Mocks_Em/MockNFW20ellip5loga2.08PA50center0With_background20num87.dat L-BFGS-B     1.0e-04 0 0 0 0     NFW        0.0000   0.0000     -1.923 0.000   0 -99.00   40.1       -409.1199       -813.9772     7 180.0000   0.0000     -1.921 0.000   0 -99.00    0.002
2018-05-01-21:54:03 1.11  Mocks_Em/MockNFW20ellip5loga2.08PA50center0With_background20num88.dat L-BFGS-B     1.0e-04 0 0 0 0     NFW        0.0000   0.0000     -1.923 0.000   0 -99.00   35.5       -364.3306       -724.3985     7 180.0000   0.0000     -1.860 0.000   0 -99.00    0.002
2018-05-01-21:54:03 1.11  Mocks_Em/MockNFW20ellip5loga2.08PA50center0With_background20num89.dat L-BFGS-B     1.0e-04 0 0 0 0     NFW        0.0000   0.0000     -1.925 0.000   0 -99.00   39.3       -403.6187       -802.9748     7 180.0000   0.0000     -1.896 0.000   0 -99.00    0.002
2018-05-01-21:54:03 1.11  Mocks_Em/MockNFW20ellip5loga2.08PA50center0With_background20num90.dat L-BFGS-B     1.0e-04 0 0 0 0     NFW        0.0000   0.0000     -1.925 0.000   0 -99.00   37.8       -388.4904       -772.7181     7 180.0000   0.0000     -1.889 0.000   0 -99.00    0.002
2018-05-01-21:54:03 1.11  Mocks_Em/MockNFW20ellip5loga2.08PA50center0With_background20num91.dat L-BFGS-B     1.0e-04 0 0 0 0     NFW        0.0000   0.0000     -1.921 0.000   0 -99.00   35.5        -364.537       -724.8113     7 180.0000   0.0000     -1.911 0.000   0 -99.00    0.002
2018-05-01-21:54:03 1.11  Mocks_Em/MockNFW20ellip5loga2.08PA50center0With_background20num92.dat L-BFGS-B     1.0e-04 0 0 0 0     NFW        0.0000   0.0000     -1.924 0.000   0 -99.00   42.4       -427.4327       -850.6027     7 180.0000   0.0000     -1.919 0.000   0 -99.00    0.002
2018-05-01-21:54:03 1.11  Mocks_Em/MockNFW20ellip5loga2.08PA50center0With_background20num93.dat L-BFGS-B     1.0e-04 0 0 0 0     NFW        0.0000   0.0000     -1.926 0.000   0 -99.00   36.3       -369.2664       -734.2702     7 180.0000   0.0000     -1.884 0.000   0 -99.00    0.002
2018-05-01-21:54:03 1.11  Mocks_Em/MockNFW20ellip5loga2.08PA50center0With_background20num94.dat L-BFGS-B     1.0e-04 0 0 0 0     NFW        0.0000   0.0000     -1.933 0.000   0 -99.00   40.8       -418.1229       -831.9832     7 180.0000   0.0000     -1.911 0.000   0 -99.00    0.002
2018-05-01-21:54:03 1.11  Mocks_Em/MockNFW20ellip5loga2.08PA50center0With_background20num95.dat L-BFGS-B     1.0e-04 0 0 0 0     NFW        0.0000   0.0000     -1.921 0.000   0 -99.00   40.1       -409.9764         -815.69    14 180.0000   0.0000     -1.931 0.000   0 -99.00    0.003
2018-05-01-21:54:03 1.11  Mocks_Em/MockNFW20ellip5loga2.08PA50center0With_background20num96.dat L-BFGS-B     1.0e-04 0 0 0 0     NFW        0.0000   0.0000     -1.925 0.000   0 -99.00   31.8       -328.3452       -652.4278     7 180.0000   0.0000     -1.843 0.000   0 -99.00    0.002
2018-05-01-21:54:03 1.11  Mocks_Em/MockNFW20ellip5loga2.08PA50center0With_background20num97.dat L-BFGS-B     1.0e-04 0 0 0 0     NFW        0.0000   0.0000     -1.925 0.000   0 -99.00   43.9       -450.3959       -896.5291    14 180.0000   0.0000     -1.928 0.000   0 -99.00    0.003
2018-05-01-21:54:03 1.11  Mocks_Em/MockNFW20ellip5loga2.08PA50center0With_background20num98.dat L-BFGS-B     1.0e-04 0 0 0 0     NFW        0.0000   0.0000     -1.926 0.000   0 -99.00   38.6       -394.7519       -785.2411     7 180.0000   0.0000     -1.867 0.000   0 -99.00    0.002
2018-05-01-21:54:03 1.11  Mocks_Em/MockNFW20ellip5loga2.08PA50center0With_background20num99.dat L-BFGS-B     1.0e-04 0 0 0 0     NFW        0.0000   0.0000     -1.926 0.000   0 -99.00   37.1       -375.7628       -747.2629     7 180.0000   0.0000     -1.874 0.000   0 -99.00    0.002
