2018-05-01-21:54:20 1.11  Mocks_Em/MockNFW20ellip5loga2.08PA50center0With_background20num0.dat Nelder-Mead  1.0e-04 0 0 0 0     NFW        0.0000   0.0000     -1.930 0.000   0 -99.00   37.1       -387.1271       -769.9915   243 180.0000   0.0000     -1.883 0.000   0 -99.00    0.019
2018-05-01-21:54:20 1.11  Mocks_Em/MockNFW20ellip5loga2.08PA50center0With_background20num1.dat Nelder-Mead  1.0e-04 0 0 0 0     NFW        0.0000   0.0000     -1.928 0.000   0 -99.00   31.5       -321.7505       -639.2382   243 180.0000   0.0000     -1.838 0.000   0 -99.00    0.018
2018-05-01-21:54:20 1.11  Mocks_Em/MockNFW20ellip5loga2.08PA50center0With_background20num2.dat Nelder-Mead  1.0e-04 0 0 0 0     NFW        0.0000   0.0000     -1.929 0.000   0 -99.00   32.3       -328.6171       -652.9716   243 180.0000   0.0000     -1.843 0.000   0 -99.00    0.018
2018-05-01-21:54:20 1.11  Mocks_Em/MockNFW20ellip5loga2.08PA50center0With_background20num3.dat Nelder-Mead  1.0e-04 0 0 0 0     NFW        0.0000   0.0000     -1.935 0.000   0 -99.00   32.4       -338.9097       -673.5567   243 180.0000   0.0000     -1.888 0.000   0 -99.00    0.018
2018-05-01-21:54:20 1.11  Mocks_Em/MockNFW20ellip5loga2.08PA50center0With_background20num4.dat Nelder-Mead  1.0e-04 0 0 0 0     NFW        0.0000   0.0000     -1.953 0.000   0 -99.00   38.6       -422.0033       -839.7439   243 180.0000   0.0000     -1.905 0.000   0 -99.00    0.018
2018-05-01-21:54:20 1.11  Mocks_Em/MockNFW20ellip5loga2.08PA50center0With_background20num5.dat Nelder-Mead  1.0e-04 0 0 0 0     NFW        0.0000   0.0000     -2.088 0.000   0 -99.00   24.2       -388.9379       -773.6132   243 180.0000   0.0000     -1.988 0.000   0 -99.00    0.018
2018-05-01-21:54:20 1.11  Mocks_Em/MockNFW20ellip5loga2.08PA50center0With_background20num6.dat Nelder-Mead  1.0e-04 0 0 0 0     NFW        0.0000   0.0000     -1.949 0.000   0 -99.00   40.1       -443.8691       -883.4756   243 180.0000   0.0000     -1.949 0.000   0 -99.00    0.019
2018-05-01-21:54:20 1.11  Mocks_Em/MockNFW20ellip5loga2.08PA50center0With_background20num7.dat Nelder-Mead  1.0e-04 0 0 0 0     NFW        0.0000   0.0000     -1.935 0.000   0 -99.00   37.2       -394.1022       -783.9418   243 180.0000   0.0000     -1.887 0.000   0 -99.00    0.018
2018-05-01-21:54:20 1.11  Mocks_Em/MockNFW20ellip5loga2.08PA50center0With_background20num8.dat Nelder-Mead  1.0e-04 0 0 0 0     NFW        0.0000   0.0000     -1.932 0.000   0 -99.00   32.1        -328.295       -652.3272   243 180.0000   0.0000     -1.862 0.000   0 -99.00    0.018
2018-05-01-21:54:20 1.11  Mocks_Em/MockNFW20ellip5loga2.08PA50center0With_background20num9.dat Nelder-Mead  1.0e-04 0 0 0 0     NFW        0.0000   0.0000     -1.956 0.000   0 -99.00   35.7       -397.4054       -790.5482   243 180.0000   0.0000     -1.908 0.000   0 -99.00    0.018
2018-05-01-21:54:20 1.11  Mocks_Em/MockNFW20ellip5loga2.08PA50center0With_background20num10.dat Nelder-Mead  1.0e-04 0 0 0 0     NFW        0.0000   0.0000     -1.955 0.000   0 -99.00   36.3       -407.6713       -811.0798   243 180.0000   0.0000     -1.907 0.000   0 -99.00    0.018
2018-05-01-21:54:20 1.11  Mocks_Em/MockNFW20ellip5loga2.08PA50center0With_background20num11.dat Nelder-Mead  1.0e-04 0 0 0 0     NFW        0.0000   0.0000     -1.951 0.000   0 -99.00   37.3       -399.8736       -795.4846   243 180.0000   0.0000     -1.881 0.000   0 -99.00    0.018
2018-05-01-21:54:20 1.11  Mocks_Em/MockNFW20ellip5loga2.08PA50center0With_background20num12.dat Nelder-Mead  1.0e-04 0 0 0 0     NFW        0.0000   0.0000     -1.945 0.000   0 -99.00   33.5       -364.8572       -725.4518   243 180.0000   0.0000     -1.898 0.000   0 -99.00    0.018
2018-05-01-21:54:20 1.11  Mocks_Em/MockNFW20ellip5loga2.08PA50center0With_background20num13.dat Nelder-Mead  1.0e-04 0 0 0 0     NFW        0.0000   0.0000     -1.939 0.000   0 -99.00   36.2       -390.8993       -777.5359   243 180.0000   0.0000     -1.939 0.000   0 -99.00    0.019
2018-05-01-21:54:20 1.11  Mocks_Em/MockNFW20ellip5loga2.08PA50center0With_background20num14.dat Nelder-Mead  1.0e-04 0 0 0 0     NFW        0.0000   0.0000     -1.942 0.000   0 -99.00   35.7       -380.1339        -756.005   243 180.0000   0.0000     -1.872 0.000   0 -99.00    0.018
2018-05-01-21:54:20 1.11  Mocks_Em/MockNFW20ellip5loga2.08PA50center0With_background20num15.dat Nelder-Mead  1.0e-04 0 0 0 0     NFW        0.0000   0.0000     -1.966 0.000   0 -99.00   31.8       -369.8941       -735.5254   243 180.0000   0.0000     -1.872 0.000   0 -99.00    0.018
2018-05-01-21:54:20 1.11  Mocks_Em/MockNFW20ellip5loga2.08PA50center0With_background20num16.dat Nelder-Mead  1.0e-04 0 0 0 0     NFW        0.0000   0.0000     -1.950 0.000   0 -99.00   35.6        -393.097       -781.9313   243 180.0000   0.0000     -1.903 0.000   0 -99.00    0.019
2018-05-01-21:54:20 1.11  Mocks_Em/MockNFW20ellip5loga2.08PA50center0With_background20num17.dat Nelder-Mead  1.0e-04 0 0 0 0     NFW        0.0000   0.0000     -1.927 0.000   0 -99.00   33.0       -341.2111       -678.1595   243 180.0000   0.0000     -1.858 0.000   0 -99.00    0.018
2018-05-01-21:54:20 1.11  Mocks_Em/MockNFW20ellip5loga2.08PA50center0With_background20num18.dat Nelder-Mead  1.0e-04 0 0 0 0     NFW        0.0000   0.0000     -1.935 0.000   0 -99.00   32.0       -337.1101       -669.9576   243 180.0000   0.0000     -1.865 0.000   0 -99.00    0.018
2018-05-01-21:54:20 1.11  Mocks_Em/MockNFW20ellip5loga2.08PA50center0With_background20num19.dat Nelder-Mead  1.0e-04 0 0 0 0     NFW        0.0000   0.0000     -1.929 0.000   0 -99.00   36.3       -379.5617       -754.8607   243 180.0000   0.0000     -1.929 0.000   0 -99.00    0.019
2018-05-01-21:54:20 1.11  Mocks_Em/MockNFW20ellip5loga2.08PA50center0With_background20num20.dat Nelder-Mead  1.0e-04 0 0 0 0     NFW        0.0000   0.0000     -1.935 0.000   0 -99.00   34.3       -365.0136       -725.7646   243 180.0000   0.0000     -1.865 0.000   0 -99.00    0.018
2018-05-01-21:54:20 1.11  Mocks_Em/MockNFW20ellip5loga2.08PA50center0With_background20num21.dat Nelder-Mead  1.0e-04 0 0 0 0     NFW        0.0000   0.0000     -1.817 0.000   0 -99.00   45.6           1E+30           2E+30   143 180.0000   0.0000     -1.817 0.000   0 -99.00    0.002
2018-05-01-21:54:20 1.11  Mocks_Em/MockNFW20ellip5loga2.08PA50center0With_background20num22.dat Nelder-Mead  1.0e-04 0 0 0 0     NFW        0.0000   0.0000     -1.943 0.000   0 -99.00   33.8       -360.3961       -716.5295   243 180.0000   0.0000     -1.873 0.000   0 -99.00    0.018
2018-05-01-21:54:20 1.11  Mocks_Em/MockNFW20ellip5loga2.08PA50center0With_background20num23.dat Nelder-Mead  1.0e-04 0 0 0 0     NFW        0.0000   0.0000     -1.952 0.000   0 -99.00   38.0       -416.4402       -828.6177   243 180.0000   0.0000     -1.952 0.000   0 -99.00    0.019
2018-05-01-21:54:20 1.11  Mocks_Em/MockNFW20ellip5loga2.08PA50center0With_background20num24.dat Nelder-Mead  1.0e-04 0 0 0 0     NFW        0.0000   0.0000     -1.942 0.000   0 -99.00   37.0       -390.0927       -775.9227   243 180.0000   0.0000     -1.942 0.000   0 -99.00    0.018
2018-05-01-21:54:20 1.11  Mocks_Em/MockNFW20ellip5loga2.08PA50center0With_background20num25.dat Nelder-Mead  1.0e-04 0 0 0 0     NFW        0.0000   0.0000     -1.936 0.000   0 -99.00   37.0       -390.0655       -775.8683   243 180.0000   0.0000     -1.889 0.000   0 -99.00    0.019
2018-05-01-21:54:20 1.11  Mocks_Em/MockNFW20ellip5loga2.08PA50center0With_background20num26.dat Nelder-Mead  1.0e-04 0 0 0 0     NFW        0.0000   0.0000     -1.961 0.000   0 -99.00   36.2       -415.6851       -827.1075   243 180.0000   0.0000     -1.931 0.000   0 -99.00    0.019
2018-05-01-21:54:20 1.11  Mocks_Em/MockNFW20ellip5loga2.08PA50center0With_background20num27.dat Nelder-Mead  1.0e-04 0 0 0 0     NFW        0.0000   0.0000     -1.943 0.000   0 -99.00   34.4       -366.9343       -729.6058   243 180.0000   0.0000     -1.873 0.000   0 -99.00    0.018
2018-05-01-21:54:20 1.11  Mocks_Em/MockNFW20ellip5loga2.08PA50center0With_background20num28.dat Nelder-Mead  1.0e-04 0 0 0 0     NFW        0.0000   0.0000     -1.940 0.000   0 -99.00   33.9       -351.0487       -697.8347   243 180.0000   0.0000     -1.859 0.000   0 -99.00    0.018
2018-05-01-21:54:20 1.11  Mocks_Em/MockNFW20ellip5loga2.08PA50center0With_background20num29.dat Nelder-Mead  1.0e-04 0 0 0 0     NFW        0.0000   0.0000     -1.942 0.000   0 -99.00   35.7        -387.412       -770.5613   243 180.0000   0.0000     -1.895 0.000   0 -99.00    0.019
2018-05-01-21:54:20 1.11  Mocks_Em/MockNFW20ellip5loga2.08PA50center0With_background20num30.dat Nelder-Mead  1.0e-04 0 0 0 0     NFW        0.0000   0.0000     -1.939 0.000   0 -99.00   34.0       -362.8485       -721.4342   243 180.0000   0.0000     -1.869 0.000   0 -99.00    0.019
2018-05-01-21:54:20 1.11  Mocks_Em/MockNFW20ellip5loga2.08PA50center0With_background20num31.dat Nelder-Mead  1.0e-04 0 0 0 0     NFW        0.0000   0.0000     -1.949 0.000   0 -99.00   37.5       -411.2311       -818.1995   243 180.0000   0.0000     -1.949 0.000   0 -99.00    0.019
2018-05-01-21:54:20 1.11  Mocks_Em/MockNFW20ellip5loga2.08PA50center0With_background20num32.dat Nelder-Mead  1.0e-04 0 0 0 0     NFW        0.0000   0.0000     -1.954 0.000   0 -99.00   32.0       -349.5106       -694.7585   243 180.0000   0.0000     -1.883 0.000   0 -99.00    0.018
2018-05-01-21:54:20 1.11  Mocks_Em/MockNFW20ellip5loga2.08PA50center0With_background20num33.dat Nelder-Mead  1.0e-04 0 0 0 0     NFW        0.0000   0.0000     -1.941 0.000   0 -99.00   36.7       -392.8913       -781.5198   243 180.0000   0.0000     -1.894 0.000   0 -99.00    0.018
2018-05-01-21:54:20 1.11  Mocks_Em/MockNFW20ellip5loga2.08PA50center0With_background20num34.dat Nelder-Mead  1.0e-04 0 0 0 0     NFW        0.0000   0.0000     -1.945 0.000   0 -99.00   36.8       -392.0675       -779.8723   243 180.0000   0.0000     -1.897 0.000   0 -99.00    0.018
2018-05-01-21:54:20 1.11  Mocks_Em/MockNFW20ellip5loga2.08PA50center0With_background20num35.dat Nelder-Mead  1.0e-04 0 0 0 0     NFW        0.0000   0.0000     -1.831 0.000   0 -99.00   42.9           1E+30           2E+30   143 180.0000   0.0000     -1.831 0.000   0 -99.00    0.002
2018-05-01-21:54:20 1.11  Mocks_Em/MockNFW20ellip5loga2.08PA50center0With_background20num36.dat Nelder-Mead  1.0e-04 0 0 0 0     NFW        0.0000   0.0000     -1.958 0.000   0 -99.00   37.1       -420.6062       -836.9497   243 180.0000   0.0000     -1.910 0.000   0 -99.00    0.018
2018-05-01-21:54:20 1.11  Mocks_Em/MockNFW20ellip5loga2.08PA50center0With_background20num37.dat Nelder-Mead  1.0e-04 0 0 0 0     NFW        0.0000   0.0000     -1.927 0.000   0 -99.00   41.0       -426.4679       -848.6731   243 180.0000   0.0000     -1.927 0.000   0 -99.00    0.019
2018-05-01-21:54:20 1.11  Mocks_Em/MockNFW20ellip5loga2.08PA50center0With_background20num38.dat Nelder-Mead  1.0e-04 0 0 0 0     NFW        0.0000   0.0000     -1.932 0.000   0 -99.00   33.3       -345.7826       -687.3026   243 180.0000   0.0000     -1.851 0.000   0 -99.00    0.018
2018-05-01-21:54:20 1.11  Mocks_Em/MockNFW20ellip5loga2.08PA50center0With_background20num39.dat Nelder-Mead  1.0e-04 0 0 0 0     NFW        0.0000   0.0000     -1.926 0.000   0 -99.00   35.3       -360.3066       -716.3505   243 180.0000   0.0000     -1.856 0.000   0 -99.00    0.018
2018-05-01-21:54:20 1.11  Mocks_Em/MockNFW20ellip5loga2.08PA50center0With_background20num40.dat Nelder-Mead  1.0e-04 0 0 0 0     NFW        0.0000   0.0000     -1.941 0.000   0 -99.00   31.5       -342.4179       -680.5731   243 180.0000   0.0000     -1.871 0.000   0 -99.00    0.018
2018-05-01-21:54:20 1.11  Mocks_Em/MockNFW20ellip5loga2.08PA50center0With_background20num41.dat Nelder-Mead  1.0e-04 0 0 0 0     NFW        0.0000   0.0000     -1.937 0.000   0 -99.00   33.4       -352.2328       -700.2029   243 180.0000   0.0000     -1.867 0.000   0 -99.00    0.018
2018-05-01-21:54:20 1.11  Mocks_Em/MockNFW20ellip5loga2.08PA50center0With_background20num42.dat Nelder-Mead  1.0e-04 0 0 0 0     NFW        0.0000   0.0000     -1.923 0.000   0 -99.00   33.2       -343.3401       -682.4176   243 180.0000   0.0000     -1.876 0.000   0 -99.00    0.018
2018-05-01-21:54:20 1.11  Mocks_Em/MockNFW20ellip5loga2.08PA50center0With_background20num43.dat Nelder-Mead  1.0e-04 0 0 0 0     NFW        0.0000   0.0000     -1.940 0.000   0 -99.00   34.8       -370.6735       -737.0844   243 180.0000   0.0000     -1.870 0.000   0 -99.00    0.018
2018-05-01-21:54:20 1.11  Mocks_Em/MockNFW20ellip5loga2.08PA50center0With_background20num44.dat Nelder-Mead  1.0e-04 0 0 0 0     NFW        0.0000   0.0000     -1.928 0.000   0 -99.00   36.5       -379.1447       -754.0266   243 180.0000   0.0000     -1.881 0.000   0 -99.00    0.018
2018-05-01-21:54:20 1.11  Mocks_Em/MockNFW20ellip5loga2.08PA50center0With_background20num45.dat Nelder-Mead  1.0e-04 0 0 0 0     NFW        0.0000   0.0000     -1.967 0.000   0 -99.00   34.2        -397.717       -791.1714   243 180.0000   0.0000     -1.919 0.000   0 -99.00    0.018
2018-05-01-21:54:20 1.11  Mocks_Em/MockNFW20ellip5loga2.08PA50center0With_background20num46.dat Nelder-Mead  1.0e-04 0 0 0 0     NFW        0.0000   0.0000     -1.923 0.000   0 -99.00   35.3       -364.3868        -724.511   243 180.0000   0.0000     -1.876 0.000   0 -99.00    0.018
2018-05-01-21:54:20 1.11  Mocks_Em/MockNFW20ellip5loga2.08PA50center0With_background20num47.dat Nelder-Mead  1.0e-04 0 0 0 0     NFW        0.0000   0.0000     -1.942 0.000   0 -99.00   38.6       -407.4097       -810.5567   243 180.0000   0.0000     -1.942 0.000   0 -99.00    0.019
2018-05-01-21:54:20 1.11  Mocks_Em/MockNFW20ellip5loga2.08PA50center0With_background20num48.dat Nelder-Mead  1.0e-04 0 0 0 0     NFW        0.0000   0.0000     -1.928 0.000   0 -99.00   33.6       -347.7125       -691.1623   243 180.0000   0.0000     -1.881 0.000   0 -99.00    0.018
2018-05-01-21:54:20 1.11  Mocks_Em/MockNFW20ellip5loga2.08PA50center0With_background20num49.dat Nelder-Mead  1.0e-04 0 0 0 0     NFW        0.0000   0.0000     -1.925 0.000   0 -99.00   35.5       -357.8695       -711.4763   243 180.0000   0.0000     -1.833 0.000   0 -99.00    0.017
2018-05-01-21:54:20 1.11  Mocks_Em/MockNFW20ellip5loga2.08PA50center0With_background20num50.dat Nelder-Mead  1.0e-04 0 0 0 0     NFW        0.0000   0.0000     -1.942 0.000   0 -99.00   39.4       -414.4106       -824.5584   243 180.0000   0.0000     -1.871 0.000   0 -99.00    0.018
2018-05-01-21:54:20 1.11  Mocks_Em/MockNFW20ellip5loga2.08PA50center0With_background20num51.dat Nelder-Mead  1.0e-04 0 0 0 0     NFW        0.0000   0.0000     -1.927 0.000   0 -99.00   36.0        -370.561       -736.8594   243 180.0000   0.0000     -1.857 0.000   0 -99.00    0.018
2018-05-01-21:54:20 1.11  Mocks_Em/MockNFW20ellip5loga2.08PA50center0With_background20num52.dat Nelder-Mead  1.0e-04 0 0 0 0     NFW        0.0000   0.0000     -1.948 0.000   0 -99.00   34.8       -377.9143       -751.5659   243 180.0000   0.0000     -1.900 0.000   0 -99.00    0.018
2018-05-01-21:54:20 1.11  Mocks_Em/MockNFW20ellip5loga2.08PA50center0With_background20num53.dat Nelder-Mead  1.0e-04 0 0 0 0     NFW        0.0000   0.0000     -1.930 0.000   0 -99.00   33.3        -345.082       -685.9012   243 180.0000   0.0000     -1.860 0.000   0 -99.00    0.018
2018-05-01-21:54:20 1.11  Mocks_Em/MockNFW20ellip5loga2.08PA50center0With_background20num54.dat Nelder-Mead  1.0e-04 0 0 0 0     NFW        0.0000   0.0000     -1.937 0.000   0 -99.00   37.4       -397.4424       -790.6221   243 180.0000   0.0000     -1.890 0.000   0 -99.00    0.018
2018-05-01-21:54:20 1.11  Mocks_Em/MockNFW20ellip5loga2.08PA50center0With_background20num55.dat Nelder-Mead  1.0e-04 0 0 0 0     NFW        0.0000   0.0000     -1.945 0.000   0 -99.00   36.6        -383.678       -763.0934   243 180.0000   0.0000     -1.874 0.000   0 -99.00    0.018
2018-05-01-21:54:20 1.11  Mocks_Em/MockNFW20ellip5loga2.08PA50center0With_background20num56.dat Nelder-Mead  1.0e-04 0 0 0 0     NFW        0.0000   0.0000     -1.942 0.000   0 -99.00   36.5       -391.8536       -779.4446   243 180.0000   0.0000     -1.942 0.000   0 -99.00    0.019
2018-05-01-21:54:20 1.11  Mocks_Em/MockNFW20ellip5loga2.08PA50center0With_background20num57.dat Nelder-Mead  1.0e-04 0 0 0 0     NFW        0.0000   0.0000     -1.959 0.000   0 -99.00   39.5       -444.3762       -884.4898   243 180.0000   0.0000     -1.959 0.000   0 -99.00    0.021
2018-05-01-21:54:20 1.11  Mocks_Em/MockNFW20ellip5loga2.08PA50center0With_background20num58.dat Nelder-Mead  1.0e-04 0 0 0 0     NFW        0.0000   0.0000     -1.924 0.000   0 -99.00   39.9       -405.9573       -807.6518   243 180.0000   0.0000     -1.877 0.000   0 -99.00    0.018
2018-05-01-21:54:20 1.11  Mocks_Em/MockNFW20ellip5loga2.08PA50center0With_background20num59.dat Nelder-Mead  1.0e-04 0 0 0 0     NFW        0.0000   0.0000     -1.970 0.000   0 -99.00   33.3       -378.3046       -752.3464   243 180.0000   0.0000     -1.970 0.000   0 -99.00    0.019
2018-05-01-21:54:20 1.11  Mocks_Em/MockNFW20ellip5loga2.08PA50center0With_background20num60.dat Nelder-Mead  1.0e-04 0 0 0 0     NFW        0.0000   0.0000     -1.927 0.000   0 -99.00   37.5       -378.6864       -753.1101   243 180.0000   0.0000     -1.841 0.000   0 -99.00    0.018
2018-05-01-21:54:20 1.11  Mocks_Em/MockNFW20ellip5loga2.08PA50center0With_background20num61.dat Nelder-Mead  1.0e-04 0 0 0 0     NFW        0.0000   0.0000     -1.955 0.000   0 -99.00   29.0       -330.0438        -655.825   243 180.0000   0.0000     -1.862 0.000   0 -99.00    0.018
2018-05-01-21:54:20 1.11  Mocks_Em/MockNFW20ellip5loga2.08PA50center0With_background20num62.dat Nelder-Mead  1.0e-04 0 0 0 0     NFW        0.0000   0.0000     -1.928 0.000   0 -99.00   36.1       -366.6916       -729.1205   243 180.0000   0.0000     -1.847 0.000   0 -99.00    0.018
2018-05-01-21:54:20 1.11  Mocks_Em/MockNFW20ellip5loga2.08PA50center0With_background20num63.dat Nelder-Mead  1.0e-04 0 0 0 0     NFW        0.0000   0.0000     -1.973 0.000   0 -99.00   37.6       -436.2012       -868.1397   243 180.0000   0.0000     -1.925 0.000   0 -99.00    0.018
2018-05-01-21:54:20 1.11  Mocks_Em/MockNFW20ellip5loga2.08PA50center0With_background20num64.dat Nelder-Mead  1.0e-04 0 0 0 0     NFW        0.0000   0.0000     -1.943 0.000   0 -99.00   38.2       -406.3738       -808.4848   243 180.0000   0.0000     -1.873 0.000   0 -99.00    0.018
2018-05-01-21:54:20 1.11  Mocks_Em/MockNFW20ellip5loga2.08PA50center0With_background20num65.dat Nelder-Mead  1.0e-04 0 0 0 0     NFW        0.0000   0.0000     -1.928 0.000   0 -99.00   40.0       -409.6484       -815.0342   243 180.0000   0.0000     -1.928 0.000   0 -99.00    0.019
2018-05-01-21:54:20 1.11  Mocks_Em/MockNFW20ellip5loga2.08PA50center0With_background20num66.dat Nelder-Mead  1.0e-04 0 0 0 0     NFW        0.0000   0.0000     -1.938 0.000   0 -99.00   37.5       -402.4237       -800.5847   243 180.0000   0.0000     -1.868 0.000   0 -99.00    0.018
2018-05-01-21:54:20 1.11  Mocks_Em/MockNFW20ellip5loga2.08PA50center0With_background20num67.dat Nelder-Mead  1.0e-04 0 0 0 0     NFW        0.0000   0.0000     -1.830 0.000   0 -99.00   39.6           1E+30           2E+30   143 180.0000   0.0000     -1.830 0.000   0 -99.00    0.002
2018-05-01-21:54:20 1.11  Mocks_Em/MockNFW20ellip5loga2.08PA50center0With_background20num68.dat Nelder-Mead  1.0e-04 0 0 0 0     NFW        0.0000   0.0000     -1.942 0.000   0 -99.00   33.1        -356.304       -708.3452   243 180.0000   0.0000     -1.872 0.000   0 -99.00    0.018
2018-05-01-21:54:20 1.11  Mocks_Em/MockNFW20ellip5loga2.08PA50center0With_background20num69.dat Nelder-Mead  1.0e-04 0 0 0 0     NFW        0.0000   0.0000     -1.941 0.000   0 -99.00   35.3        -382.022       -759.7814   243 180.0000   0.0000     -1.871 0.000   0 -99.00    0.018
2018-05-01-21:54:20 1.11  Mocks_Em/MockNFW20ellip5loga2.08PA50center0With_background20num70.dat Nelder-Mead  1.0e-04 0 0 0 0     NFW        0.0000   0.0000     -1.966 0.000   0 -99.00   34.9       -399.0669       -793.8711   243 180.0000   0.0000     -1.918 0.000   0 -99.00    0.018
2018-05-01-21:54:20 1.11  Mocks_Em/MockNFW20ellip5loga2.08PA50center0With_background20num71.dat Nelder-Mead  1.0e-04 0 0 0 0     NFW        0.0000   0.0000     -1.820 0.000   0 -99.00   44.6           1E+30           2E+30   143 180.0000   0.0000     -1.820 0.000   0 -99.00    0.002
2018-05-01-21:54:20 1.11  Mocks_Em/MockNFW20ellip5loga2.08PA50center0With_background20num72.dat Nelder-Mead  1.0e-04 0 0 0 0     NFW        0.0000   0.0000     -1.934 0.000   0 -99.00   35.2       -374.3827       -744.5027   243 180.0000   0.0000     -1.887 0.000   0 -99.00    0.018
2018-05-01-21:54:20 1.11  Mocks_Em/MockNFW20ellip5loga2.08PA50center0With_background20num73.dat Nelder-Mead  1.0e-04 0 0 0 0     NFW        0.0000   0.0000     -1.926 0.000   0 -99.00   33.1       -341.0753       -677.8878   243 180.0000   0.0000     -1.840 0.000   0 -99.00    0.018
2018-05-01-21:54:20 1.11  Mocks_Em/MockNFW20ellip5loga2.08PA50center0With_background20num74.dat Nelder-Mead  1.0e-04 0 0 0 0     NFW        0.0000   0.0000     -1.926 0.000   0 -99.00   34.5       -354.4858       -704.7089   243 180.0000   0.0000     -1.845 0.000   0 -99.00    0.018
2018-05-01-21:54:20 1.11  Mocks_Em/MockNFW20ellip5loga2.08PA50center0With_background20num75.dat Nelder-Mead  1.0e-04 0 0 0 0     NFW        0.0000   0.0000     -1.938 0.000   0 -99.00   38.2       -395.1959       -786.1292   243 180.0000   0.0000     -1.891 0.000   0 -99.00    0.018
2018-05-01-21:54:20 1.11  Mocks_Em/MockNFW20ellip5loga2.08PA50center0With_background20num76.dat Nelder-Mead  1.0e-04 0 0 0 0     NFW        0.0000   0.0000     -1.939 0.000   0 -99.00   32.8       -343.1965       -682.1303   243 180.0000   0.0000     -1.869 0.000   0 -99.00    0.018
2018-05-01-21:54:20 1.11  Mocks_Em/MockNFW20ellip5loga2.08PA50center0With_background20num77.dat Nelder-Mead  1.0e-04 0 0 0 0     NFW        0.0000   0.0000     -1.939 0.000   0 -99.00   33.1       -360.1687       -716.0748   243 180.0000   0.0000     -1.891 0.000   0 -99.00    0.018
2018-05-01-21:54:20 1.11  Mocks_Em/MockNFW20ellip5loga2.08PA50center0With_background20num78.dat Nelder-Mead  1.0e-04 0 0 0 0     NFW        0.0000   0.0000     -1.938 0.000   0 -99.00   36.9       -387.8811       -771.4994   243 180.0000   0.0000     -1.868 0.000   0 -99.00    0.018
2018-05-01-21:54:20 1.11  Mocks_Em/MockNFW20ellip5loga2.08PA50center0With_background20num79.dat Nelder-Mead  1.0e-04 0 0 0 0     NFW        0.0000   0.0000     -1.964 0.000   0 -99.00   37.7       -434.6456       -865.0285   243 180.0000   0.0000     -1.916 0.000   0 -99.00    0.019
2018-05-01-21:54:20 1.11  Mocks_Em/MockNFW20ellip5loga2.08PA50center0With_background20num80.dat Nelder-Mead  1.0e-04 0 0 0 0     NFW        0.0000   0.0000     -1.812 0.000   0 -99.00   45.1           1E+30           2E+30   143 180.0000   0.0000     -1.812 0.000   0 -99.00    0.002
2018-05-01-21:54:20 1.11  Mocks_Em/MockNFW20ellip5loga2.08PA50center0With_background20num81.dat Nelder-Mead  1.0e-04 0 0 0 0     NFW        0.0000   0.0000     -1.931 0.000   0 -99.00   36.0       -370.9126       -737.5624   243 180.0000   0.0000     -1.884 0.000   0 -99.00    0.018
2018-05-01-21:54:20 1.11  Mocks_Em/MockNFW20ellip5loga2.08PA50center0With_background20num82.dat Nelder-Mead  1.0e-04 0 0 0 0     NFW        0.0000   0.0000     -1.951 0.000   0 -99.00   36.4       -397.4017       -790.5407   243 180.0000   0.0000     -1.903 0.000   0 -99.00    0.019
2018-05-01-21:54:20 1.11  Mocks_Em/MockNFW20ellip5loga2.08PA50center0With_background20num83.dat Nelder-Mead  1.0e-04 0 0 0 0     NFW        0.0000   0.0000     -1.949 0.000   0 -99.00   32.1       -353.7174        -703.172   243 180.0000   0.0000     -1.902 0.000   0 -99.00    0.018
2018-05-01-21:54:20 1.11  Mocks_Em/MockNFW20ellip5loga2.08PA50center0With_background20num84.dat Nelder-Mead  1.0e-04 0 0 0 0     NFW        0.0000   0.0000     -1.946 0.000   0 -99.00   35.5       -384.1944       -764.1261   243 180.0000   0.0000     -1.899 0.000   0 -99.00    0.018
2018-05-01-21:54:20 1.11  Mocks_Em/MockNFW20ellip5loga2.08PA50center0With_background20num85.dat Nelder-Mead  1.0e-04 0 0 0 0     NFW        0.0000   0.0000     -1.928 0.000   0 -99.00   33.2       -339.7909       -675.3191   243 180.0000   0.0000     -1.842 0.000   0 -99.00    0.018
2018-05-01-21:54:20 1.11  Mocks_Em/MockNFW20ellip5loga2.08PA50center0With_background20num86.dat Nelder-Mead  1.0e-04 0 0 0 0     NFW        0.0000   0.0000     -1.928 0.000   0 -99.00   32.8       -336.4224       -668.5821   243 180.0000   0.0000     -1.842 0.000   0 -99.00    0.018
2018-05-01-21:54:20 1.11  Mocks_Em/MockNFW20ellip5loga2.08PA50center0With_background20num87.dat Nelder-Mead  1.0e-04 0 0 0 0     NFW        0.0000   0.0000     -1.969 0.000   0 -99.00   35.4         -408.95       -813.6373   243 180.0000   0.0000     -1.921 0.000   0 -99.00    0.018
2018-05-01-21:54:20 1.11  Mocks_Em/MockNFW20ellip5loga2.08PA50center0With_background20num88.dat Nelder-Mead  1.0e-04 0 0 0 0     NFW        0.0000   0.0000     -1.930 0.000   0 -99.00   34.9       -364.3975       -724.5322   243 180.0000   0.0000     -1.860 0.000   0 -99.00    0.018
2018-05-01-21:54:20 1.11  Mocks_Em/MockNFW20ellip5loga2.08PA50center0With_background20num89.dat Nelder-Mead  1.0e-04 0 0 0 0     NFW        0.0000   0.0000     -1.943 0.000   0 -99.00   37.4       -403.6485       -803.0344   243 180.0000   0.0000     -1.896 0.000   0 -99.00    0.018
2018-05-01-21:54:20 1.11  Mocks_Em/MockNFW20ellip5loga2.08PA50center0With_background20num90.dat Nelder-Mead  1.0e-04 0 0 0 0     NFW        0.0000   0.0000     -1.936 0.000   0 -99.00   36.6       -388.5484       -772.8342   243 180.0000   0.0000     -1.889 0.000   0 -99.00    0.018
2018-05-01-21:54:20 1.11  Mocks_Em/MockNFW20ellip5loga2.08PA50center0With_background20num91.dat Nelder-Mead  1.0e-04 0 0 0 0     NFW        0.0000   0.0000     -1.959 0.000   0 -99.00   32.0       -364.5029       -724.7431   243 180.0000   0.0000     -1.911 0.000   0 -99.00    0.018
2018-05-01-21:54:20 1.11  Mocks_Em/MockNFW20ellip5loga2.08PA50center0With_background20num92.dat Nelder-Mead  1.0e-04 0 0 0 0     NFW        0.0000   0.0000     -1.967 0.000   0 -99.00   37.7       -427.0654       -849.8681   243 180.0000   0.0000     -1.919 0.000   0 -99.00    0.019
2018-05-01-21:54:20 1.11  Mocks_Em/MockNFW20ellip5loga2.08PA50center0With_background20num93.dat Nelder-Mead  1.0e-04 0 0 0 0     NFW        0.0000   0.0000     -1.931 0.000   0 -99.00   35.8       -369.3248        -734.387   243 180.0000   0.0000     -1.884 0.000   0 -99.00    0.018
2018-05-01-21:54:20 1.11  Mocks_Em/MockNFW20ellip5loga2.08PA50center0With_background20num94.dat Nelder-Mead  1.0e-04 0 0 0 0     NFW        0.0000   0.0000     -1.959 0.000   0 -99.00   38.0       -418.0437       -831.8247   243 180.0000   0.0000     -1.911 0.000   0 -99.00    0.018
2018-05-01-21:54:20 1.11  Mocks_Em/MockNFW20ellip5loga2.08PA50center0With_background20num95.dat Nelder-Mead  1.0e-04 0 0 0 0     NFW        0.0000   0.0000     -1.931 0.000   0 -99.00   39.0       -410.0364       -815.8101   243 180.0000   0.0000     -1.931 0.000   0 -99.00    0.019
2018-05-01-21:54:20 1.11  Mocks_Em/MockNFW20ellip5loga2.08PA50center0With_background20num96.dat Nelder-Mead  1.0e-04 0 0 0 0     NFW        0.0000   0.0000     -1.929 0.000   0 -99.00   31.4       -328.4218       -652.5808   243 180.0000   0.0000     -1.843 0.000   0 -99.00    0.018
2018-05-01-21:54:20 1.11  Mocks_Em/MockNFW20ellip5loga2.08PA50center0With_background20num97.dat Nelder-Mead  1.0e-04 0 0 0 0     NFW        0.0000   0.0000     -1.928 0.000   0 -99.00   43.5       -450.4955       -896.7282   243 180.0000   0.0000     -1.928 0.000   0 -99.00    0.019
2018-05-01-21:54:20 1.11  Mocks_Em/MockNFW20ellip5loga2.08PA50center0With_background20num98.dat Nelder-Mead  1.0e-04 0 0 0 0     NFW        0.0000   0.0000     -1.937 0.000   0 -99.00   37.4       -394.7959       -785.3291   243 180.0000   0.0000     -1.867 0.000   0 -99.00    0.018
2018-05-01-21:54:20 1.11  Mocks_Em/MockNFW20ellip5loga2.08PA50center0With_background20num99.dat Nelder-Mead  1.0e-04 0 0 0 0     NFW        0.0000   0.0000     -1.945 0.000   0 -99.00   35.2       -375.7061       -747.1496   243 180.0000   0.0000     -1.874 0.000   0 -99.00    0.018
