2018-05-01-21:53:20 1.11  Mocks_Em/MockNFW320ellip5loga2.08PA50center0With_background20num0.dat TNC          1.0e-04 0 0 0 0     NFW        0.0000   0.0000     -2.195 0.000   0 -99.00  113.7       -2348.196       -4690.475    18 180.0000   0.0000     -2.008 0.000   0 -99.00    0.038
2018-05-01-21:53:20 1.11  Mocks_Em/MockNFW320ellip5loga2.08PA50center0With_background20num1.dat TNC          1.0e-04 0 0 0 0     NFW        0.0000   0.0000     -2.098 0.000   0 -99.00  143.6       -2372.408       -4738.901    22 180.0000   0.0000     -2.010 0.000   0 -99.00    0.045
2018-05-01-21:53:20 1.11  Mocks_Em/MockNFW320ellip5loga2.08PA50center0With_background20num2.dat TNC          1.0e-04 0 0 0 0     NFW        0.0000   0.0000     -1.936 0.000   0 -99.00  217.8       -2341.453        -4676.99    24 180.0000   0.0000     -1.961 0.000   0 -99.00    0.049
2018-05-01-21:53:20 1.11  Mocks_Em/MockNFW320ellip5loga2.08PA50center0With_background20num3.dat TNC          1.0e-04 0 0 0 0     NFW        0.0000   0.0000     -2.125 0.000   0 -99.00  130.4       -2295.302       -4584.688    18 180.0000   0.0000     -1.991 0.000   0 -99.00    0.037
2018-05-01-21:53:20 1.11  Mocks_Em/MockNFW320ellip5loga2.08PA50center0With_background20num4.dat TNC          1.0e-04 0 0 0 0     NFW        0.0000   0.0000     -2.137 0.000   0 -99.00  130.7       -2370.567       -4735.218    28 180.0000   0.0000     -2.021 0.000   0 -99.00    0.056
2018-05-01-21:53:20 1.11  Mocks_Em/MockNFW320ellip5loga2.08PA50center0With_background20num5.dat TNC          1.0e-04 0 0 0 0     NFW        0.0000   0.0000     -2.040 0.000   0 -99.00  155.6       -2217.252       -4428.587    25 180.0000   0.0000     -1.990 0.000   0 -99.00    0.050
2018-05-01-21:53:20 1.11  Mocks_Em/MockNFW320ellip5loga2.08PA50center0With_background20num6.dat TNC          1.0e-04 0 0 0 0     NFW        0.0000   0.0000     -2.093 0.000   0 -99.00  143.0        -2330.89       -4655.863    44 180.0000   0.0000     -1.985 0.000   0 -99.00    0.098
2018-05-01-21:53:20 1.11  Mocks_Em/MockNFW320ellip5loga2.08PA50center0With_background20num7.dat TNC          1.0e-04 0 0 0 0     NFW        0.0000   0.0000     -1.958 0.000   0 -99.00  195.0       -2233.541       -4461.166    36 180.0000   0.0000     -1.965 0.000   0 -99.00    0.072
2018-05-01-21:53:20 1.11  Mocks_Em/MockNFW320ellip5loga2.08PA50center0With_background20num8.dat TNC          1.0e-04 0 0 0 0     NFW        0.0000   0.0000     -2.123 0.000   0 -99.00  132.1       -2319.038       -4632.161    38 180.0000   0.0000     -1.994 0.000   0 -99.00    0.076
2018-05-01-21:53:20 1.11  Mocks_Em/MockNFW320ellip5loga2.08PA50center0With_background20num9.dat TNC          1.0e-04 0 0 0 0     NFW        0.0000   0.0000     -2.109 0.000   0 -99.00  137.4       -2325.024       -4644.131    23 180.0000   0.0000     -1.968 0.000   0 -99.00    0.047
2018-05-01-21:53:20 1.11  Mocks_Em/MockNFW320ellip5loga2.08PA50center0With_background20num10.dat TNC          1.0e-04 0 0 0 0     NFW        0.0000   0.0000     -1.948 0.000   0 -99.00  213.1       -2372.447       -4738.978    36 180.0000   0.0000     -1.964 0.000   0 -99.00    0.072
2018-05-01-21:53:20 1.11  Mocks_Em/MockNFW320ellip5loga2.08PA50center0With_background20num11.dat TNC          1.0e-04 0 0 0 0     NFW        0.0000   0.0000     -1.922 0.000   0 -99.00  223.9       -2315.355       -4624.794     3 180.0000   0.0000     -1.963 0.000   0 -99.00    0.008
2018-05-01-21:53:20 1.11  Mocks_Em/MockNFW320ellip5loga2.08PA50center0With_background20num12.dat TNC          1.0e-04 0 0 0 0     NFW        0.0000   0.0000     -2.086 0.000   0 -99.00  147.7       -2350.785       -4695.655    28 180.0000   0.0000     -1.993 0.000   0 -99.00    0.056
2018-05-01-21:53:20 1.11  Mocks_Em/MockNFW320ellip5loga2.08PA50center0With_background20num13.dat TNC          1.0e-04 0 0 0 0     NFW        0.0000   0.0000     -2.117 0.000   0 -99.00  131.7       -2277.053        -4548.19    29 180.0000   0.0000     -1.955 0.000   0 -99.00    0.058
2018-05-01-21:53:20 1.11  Mocks_Em/MockNFW320ellip5loga2.08PA50center0With_background20num14.dat TNC          1.0e-04 0 0 0 0     NFW        0.0000   0.0000     -2.150 0.000   0 -99.00  123.2       -2305.354       -4604.792    39 180.0000   0.0000     -1.981 0.000   0 -99.00    0.078
2018-05-01-21:53:20 1.11  Mocks_Em/MockNFW320ellip5loga2.08PA50center0With_background20num15.dat TNC          1.0e-04 0 0 0 0     NFW        0.0000   0.0000     -2.030 0.000   0 -99.00  166.9       -2317.209       -4628.503    69 180.0000   0.0000     -1.987 0.000   0 -99.00    0.135
2018-05-01-21:53:20 1.11  Mocks_Em/MockNFW320ellip5loga2.08PA50center0With_background20num16.dat TNC          1.0e-04 0 0 0 0     NFW        0.0000   0.0000     -2.236 0.000   0 -99.00  101.1       -2275.818        -4545.72    36 180.0000   0.0000     -1.987 0.000   0 -99.00    0.071
2018-05-01-21:53:20 1.11  Mocks_Em/MockNFW320ellip5loga2.08PA50center0With_background20num17.dat TNC          1.0e-04 0 0 0 0     NFW        0.0000   0.0000     -1.921 0.000   0 -99.00  222.4       -2299.243       -4592.569     6 180.0000   0.0000     -1.982 0.000   0 -99.00    0.014
2018-05-01-21:53:20 1.11  Mocks_Em/MockNFW320ellip5loga2.08PA50center0With_background20num18.dat TNC          1.0e-04 0 0 0 0     NFW        0.0000   0.0000     -2.133 0.000   0 -99.00  132.4       -2382.063        -4758.21    29 180.0000   0.0000     -1.984 0.000   0 -99.00    0.058
2018-05-01-21:53:20 1.11  Mocks_Em/MockNFW320ellip5loga2.08PA50center0With_background20num19.dat TNC          1.0e-04 0 0 0 0     NFW        0.0000   0.0000     -2.184 0.000   0 -99.00  116.3       -2349.347       -4692.778    13 180.0000   0.0000     -1.993 0.000   0 -99.00    0.027
2018-05-01-21:53:20 1.11  Mocks_Em/MockNFW320ellip5loga2.08PA50center0With_background20num20.dat TNC          1.0e-04 0 0 0 0     NFW        0.0000   0.0000     -2.074 0.000   0 -99.00  153.1       -2376.267       -4746.618    18 180.0000   0.0000     -1.985 0.000   0 -99.00    0.037
2018-05-01-21:53:20 1.11  Mocks_Em/MockNFW320ellip5loga2.08PA50center0With_background20num21.dat TNC          1.0e-04 0 0 0 0     NFW        0.0000   0.0000     -2.096 0.000   0 -99.00  146.1       -2388.594       -4771.272    39 180.0000   0.0000     -2.007 0.000   0 -99.00    0.078
2018-05-01-21:53:20 1.11  Mocks_Em/MockNFW320ellip5loga2.08PA50center0With_background20num22.dat TNC          1.0e-04 0 0 0 0     NFW        0.0000   0.0000     -2.290 0.000   0 -99.00   94.5       -2394.425       -4782.933    29 180.0000   0.0000     -2.008 0.000   0 -99.00    0.059
2018-05-01-21:53:20 1.11  Mocks_Em/MockNFW320ellip5loga2.08PA50center0With_background20num23.dat TNC          1.0e-04 0 0 0 0     NFW        0.0000   0.0000     -2.107 0.000   0 -99.00  136.3       -2294.054       -4582.191    28 180.0000   0.0000     -1.966 0.000   0 -99.00    0.056
2018-05-01-21:53:20 1.11  Mocks_Em/MockNFW320ellip5loga2.08PA50center0With_background20num24.dat TNC          1.0e-04 0 0 0 0     NFW        0.0000   0.0000     -2.128 0.000   0 -99.00  132.7       -2351.708       -4697.499    16 180.0000   0.0000     -1.995 0.000   0 -99.00    0.033
2018-05-01-21:53:20 1.11  Mocks_Em/MockNFW320ellip5loga2.08PA50center0With_background20num25.dat TNC          1.0e-04 0 0 0 0     NFW        0.0000   0.0000     -2.291 0.000   0 -99.00   92.8       -2378.614       -4751.312    30 180.0000   0.0000     -1.991 0.000   0 -99.00    0.061
2018-05-01-21:53:20 1.11  Mocks_Em/MockNFW320ellip5loga2.08PA50center0With_background20num26.dat TNC          1.0e-04 0 0 0 0     NFW        0.0000   0.0000     -2.086 0.000   0 -99.00  145.0       -2317.291       -4628.666    62 180.0000   0.0000     -1.999 0.000   0 -99.00    0.122
2018-05-01-21:53:20 1.11  Mocks_Em/MockNFW320ellip5loga2.08PA50center0With_background20num27.dat TNC          1.0e-04 0 0 0 0     NFW        0.0000   0.0000     -2.190 0.000   0 -99.00  111.8        -2289.89       -4573.863    18 180.0000   0.0000     -2.012 0.000   0 -99.00    0.037
2018-05-01-21:53:20 1.11  Mocks_Em/MockNFW320ellip5loga2.08PA50center0With_background20num28.dat TNC          1.0e-04 0 0 0 0     NFW        0.0000   0.0000     -2.120 0.000   0 -99.00  132.0       -2302.939       -4599.962    26 180.0000   0.0000     -1.983 0.000   0 -99.00    0.052
2018-05-01-21:53:20 1.11  Mocks_Em/MockNFW320ellip5loga2.08PA50center0With_background20num29.dat TNC          1.0e-04 0 0 0 0     NFW        0.0000   0.0000     -2.057 0.000   0 -99.00  162.7       -2410.595       -4815.274    23 180.0000   0.0000     -2.020 0.000   0 -99.00    0.046
2018-05-01-21:53:20 1.11  Mocks_Em/MockNFW320ellip5loga2.08PA50center0With_background20num30.dat TNC          1.0e-04 0 0 0 0     NFW        0.0000   0.0000     -2.258 0.000   0 -99.00   96.1        -2296.76       -4587.603    30 180.0000   0.0000     -2.009 0.000   0 -99.00    0.060
2018-05-01-21:53:20 1.11  Mocks_Em/MockNFW320ellip5loga2.08PA50center0With_background20num31.dat TNC          1.0e-04 0 0 0 0     NFW        0.0000   0.0000     -2.256 0.000   0 -99.00   97.5       -2319.289       -4632.661    25 180.0000   0.0000     -2.016 0.000   0 -99.00    0.050
2018-05-01-21:53:20 1.11  Mocks_Em/MockNFW320ellip5loga2.08PA50center0With_background20num32.dat TNC          1.0e-04 0 0 0 0     NFW        0.0000   0.0000     -2.052 0.000   0 -99.00  158.9       -2335.381       -4664.846    45 180.0000   0.0000     -1.967 0.000   0 -99.00    0.089
2018-05-01-21:53:20 1.11  Mocks_Em/MockNFW320ellip5loga2.08PA50center0With_background20num33.dat TNC          1.0e-04 0 0 0 0     NFW        0.0000   0.0000     -2.065 0.000   0 -99.00  158.0       -2398.224       -4790.532    63 180.0000   0.0000     -1.977 0.000   0 -99.00    0.123
2018-05-01-21:53:20 1.11  Mocks_Em/MockNFW320ellip5loga2.08PA50center0With_background20num34.dat TNC          1.0e-04 0 0 0 0     NFW        0.0000   0.0000     -2.144 0.000   0 -99.00  124.7       -2299.221       -4592.526    42 180.0000   0.0000     -2.000 0.000   0 -99.00    0.083
2018-05-01-21:53:20 1.11  Mocks_Em/MockNFW320ellip5loga2.08PA50center0With_background20num35.dat TNC          1.0e-04 0 0 0 0     NFW        0.0000   0.0000     -1.956 0.000   0 -99.00  199.6       -2271.767       -4537.619    26 180.0000   0.0000     -1.961 0.000   0 -99.00    0.052
2018-05-01-21:53:20 1.11  Mocks_Em/MockNFW320ellip5loga2.08PA50center0With_background20num36.dat TNC          1.0e-04 0 0 0 0     NFW        0.0000   0.0000     -2.137 0.000   0 -99.00  130.0       -2358.965       -4712.015    29 180.0000   0.0000     -1.967 0.000   0 -99.00    0.058
2018-05-01-21:53:20 1.11  Mocks_Em/MockNFW320ellip5loga2.08PA50center0With_background20num37.dat TNC          1.0e-04 0 0 0 0     NFW        0.0000   0.0000     -2.129 0.000   0 -99.00  134.3       -2389.043       -4772.169    26 180.0000   0.0000     -1.999 0.000   0 -99.00    0.052
2018-05-01-21:53:20 1.11  Mocks_Em/MockNFW320ellip5loga2.08PA50center0With_background20num38.dat TNC          1.0e-04 0 0 0 0     NFW        0.0000   0.0000     -1.992 0.000   0 -99.00  191.6       -2407.403        -4808.89    12 180.0000   0.0000     -1.982 0.000   0 -99.00    0.025
2018-05-01-21:53:20 1.11  Mocks_Em/MockNFW320ellip5loga2.08PA50center0With_background20num39.dat TNC          1.0e-04 0 0 0 0     NFW        0.0000   0.0000     -1.923 0.000   0 -99.00  224.6       -2313.774       -4621.632     3 180.0000   0.0000     -1.952 0.000   0 -99.00    0.008
2018-05-01-21:53:20 1.11  Mocks_Em/MockNFW320ellip5loga2.08PA50center0With_background20num40.dat TNC          1.0e-04 0 0 0 0     NFW        0.0000   0.0000     -2.164 0.000   0 -99.00  119.5       -2306.582       -4607.248    32 180.0000   0.0000     -1.961 0.000   0 -99.00    0.065
2018-05-01-21:53:20 1.11  Mocks_Em/MockNFW320ellip5loga2.08PA50center0With_background20num41.dat TNC          1.0e-04 0 0 0 0     NFW        0.0000   0.0000     -1.925 0.000   0 -99.00  226.1       -2344.646       -4683.375     3 180.0000   0.0000     -1.969 0.000   0 -99.00    0.008
2018-05-01-21:53:20 1.11  Mocks_Em/MockNFW320ellip5loga2.08PA50center0With_background20num42.dat TNC          1.0e-04 0 0 0 0     NFW        0.0000   0.0000     -2.065 0.000   0 -99.00  150.5       -2283.656       -4561.396    26 180.0000   0.0000     -1.996 0.000   0 -99.00    0.053
2018-05-01-21:53:20 1.11  Mocks_Em/MockNFW320ellip5loga2.08PA50center0With_background20num43.dat TNC          1.0e-04 0 0 0 0     NFW        0.0000   0.0000     -2.093 0.000   0 -99.00  141.4       -2300.046       -4594.176    18 180.0000   0.0000     -1.989 0.000   0 -99.00    0.037
2018-05-01-21:53:20 1.11  Mocks_Em/MockNFW320ellip5loga2.08PA50center0With_background20num44.dat TNC          1.0e-04 0 0 0 0     NFW        0.0000   0.0000     -2.167 0.000   0 -99.00  120.2       -2341.683       -4677.449    34 180.0000   0.0000     -2.008 0.000   0 -99.00    0.068
2018-05-01-21:53:20 1.11  Mocks_Em/MockNFW320ellip5loga2.08PA50center0With_background20num45.dat TNC          1.0e-04 0 0 0 0     NFW        0.0000   0.0000     -2.154 0.000   0 -99.00  118.7       -2240.927       -4475.937    30 180.0000   0.0000     -1.954 0.000   0 -99.00    0.060
2018-05-01-21:53:20 1.11  Mocks_Em/MockNFW320ellip5loga2.08PA50center0With_background20num46.dat TNC          1.0e-04 0 0 0 0     NFW        0.0000   0.0000     -2.143 0.000   0 -99.00  121.4       -2233.318       -4460.719    35 180.0000   0.0000     -1.983 0.000   0 -99.00    0.070
2018-05-01-21:53:20 1.11  Mocks_Em/MockNFW320ellip5loga2.08PA50center0With_background20num47.dat TNC          1.0e-04 0 0 0 0     NFW        0.0000   0.0000     -2.067 0.000   0 -99.00  160.2       -2440.953       -4875.991    15 180.0000   0.0000     -2.002 0.000   0 -99.00    0.031
2018-05-01-21:53:20 1.11  Mocks_Em/MockNFW320ellip5loga2.08PA50center0With_background20num48.dat TNC          1.0e-04 0 0 0 0     NFW        0.0000   0.0000     -2.206 0.000   0 -99.00  108.8       -2318.499       -4631.082    49 180.0000   0.0000     -1.984 0.000   0 -99.00    0.098
2018-05-01-21:53:20 1.11  Mocks_Em/MockNFW320ellip5loga2.08PA50center0With_background20num49.dat TNC          1.0e-04 0 0 0 0     NFW        0.0000   0.0000     -2.093 0.000   0 -99.00  150.6       -2456.903       -4907.889    25 180.0000   0.0000     -2.000 0.000   0 -99.00    0.051
2018-05-01-21:53:20 1.11  Mocks_Em/MockNFW320ellip5loga2.08PA50center0With_background20num50.dat TNC          1.0e-04 0 0 0 0     NFW        0.0000   0.0000     -2.239 0.000   0 -99.00  100.7       -2300.153        -4594.39    53 180.0000   0.0000     -1.975 0.000   0 -99.00    0.104
2018-05-01-21:53:20 1.11  Mocks_Em/MockNFW320ellip5loga2.08PA50center0With_background20num51.dat TNC          1.0e-04 0 0 0 0     NFW        0.0000   0.0000     -2.154 0.000   0 -99.00  122.0       -2305.168       -4604.419    27 180.0000   0.0000     -1.968 0.000   0 -99.00    0.054
2018-05-01-21:53:20 1.11  Mocks_Em/MockNFW320ellip5loga2.08PA50center0With_background20num52.dat TNC          1.0e-04 0 0 0 0     NFW        0.0000   0.0000     -2.248 0.000   0 -99.00  101.5       -2373.053       -4740.189    36 180.0000   0.0000     -2.008 0.000   0 -99.00    0.072
2018-05-01-21:53:20 1.11  Mocks_Em/MockNFW320ellip5loga2.08PA50center0With_background20num53.dat TNC          1.0e-04 0 0 0 0     NFW        0.0000   0.0000     -2.019 0.000   0 -99.00  167.1       -2252.978        -4500.04    16 180.0000   0.0000     -1.947 0.000   0 -99.00    0.033
2018-05-01-21:53:20 1.11  Mocks_Em/MockNFW320ellip5loga2.08PA50center0With_background20num54.dat TNC          1.0e-04 0 0 0 0     NFW        0.0000   0.0000     -2.335 0.000   0 -99.00   85.1       -2391.666       -4777.416    21 180.0000   0.0000     -2.001 0.000   0 -99.00    0.043
2018-05-01-21:53:20 1.11  Mocks_Em/MockNFW320ellip5loga2.08PA50center0With_background20num55.dat TNC          1.0e-04 0 0 0 0     NFW        0.0000   0.0000     -2.116 0.000   0 -99.00  143.1       -2454.247       -4902.577    13 180.0000   0.0000     -2.005 0.000   0 -99.00    0.027
2018-05-01-21:53:20 1.11  Mocks_Em/MockNFW320ellip5loga2.08PA50center0With_background20num56.dat TNC          1.0e-04 0 0 0 0     NFW        0.0000   0.0000     -2.069 0.000   0 -99.00  149.0       -2289.036       -4572.155    48 180.0000   0.0000     -1.969 0.000   0 -99.00    0.095
2018-05-01-21:53:20 1.11  Mocks_Em/MockNFW320ellip5loga2.08PA50center0With_background20num57.dat TNC          1.0e-04 0 0 0 0     NFW        0.0000   0.0000     -2.259 0.000   0 -99.00   99.9       -2398.385       -4790.853    59 180.0000   0.0000     -2.016 0.000   0 -99.00    0.117
2018-05-01-21:53:20 1.11  Mocks_Em/MockNFW320ellip5loga2.08PA50center0With_background20num58.dat TNC          1.0e-04 0 0 0 0     NFW        0.0000   0.0000     -2.075 0.000   0 -99.00  148.5       -2306.732       -4607.547    27 180.0000   0.0000     -1.983 0.000   0 -99.00    0.054
2018-05-01-21:53:20 1.11  Mocks_Em/MockNFW320ellip5loga2.08PA50center0With_background20num59.dat TNC          1.0e-04 0 0 0 0     NFW        0.0000   0.0000     -2.206 0.000   0 -99.00  107.8       -2291.149       -4576.381    21 180.0000   0.0000     -1.997 0.000   0 -99.00    0.043
2018-05-01-21:53:20 1.11  Mocks_Em/MockNFW320ellip5loga2.08PA50center0With_background20num60.dat TNC          1.0e-04 0 0 0 0     NFW        0.0000   0.0000     -2.094 0.000   0 -99.00  146.9       -2389.504       -4773.093    49 180.0000   0.0000     -2.009 0.000   0 -99.00    0.098
2018-05-01-21:53:20 1.11  Mocks_Em/MockNFW320ellip5loga2.08PA50center0With_background20num61.dat TNC          1.0e-04 0 0 0 0     NFW        0.0000   0.0000     -2.154 0.000   0 -99.00  127.0       -2401.657       -4797.398    26 180.0000   0.0000     -2.007 0.000   0 -99.00    0.053
2018-05-01-21:53:20 1.11  Mocks_Em/MockNFW320ellip5loga2.08PA50center0With_background20num62.dat TNC          1.0e-04 0 0 0 0     NFW        0.0000   0.0000     -1.922 0.000   0 -99.00  225.1       -2332.016       -4658.116    18 180.0000   0.0000     -1.952 0.000   0 -99.00    0.037
2018-05-01-21:53:20 1.11  Mocks_Em/MockNFW320ellip5loga2.08PA50center0With_background20num63.dat TNC          1.0e-04 0 0 0 0     NFW        0.0000   0.0000     -2.278 0.000   0 -99.00   93.3       -2315.642       -4625.367    38 180.0000   0.0000     -1.987 0.000   0 -99.00    0.076
2018-05-01-21:53:20 1.11  Mocks_Em/MockNFW320ellip5loga2.08PA50center0With_background20num64.dat TNC          1.0e-04 0 0 0 0     NFW        0.0000   0.0000     -2.209 0.000   0 -99.00  108.8       -2324.629       -4643.341    22 180.0000   0.0000     -2.013 0.000   0 -99.00    0.045
2018-05-01-21:53:20 1.11  Mocks_Em/MockNFW320ellip5loga2.08PA50center0With_background20num65.dat TNC          1.0e-04 0 0 0 0     NFW        0.0000   0.0000     -2.114 0.000   0 -99.00  132.0       -2263.653       -4521.389    21 180.0000   0.0000     -1.977 0.000   0 -99.00    0.045
2018-05-01-21:53:20 1.11  Mocks_Em/MockNFW320ellip5loga2.08PA50center0With_background20num66.dat TNC          1.0e-04 0 0 0 0     NFW        0.0000   0.0000     -2.221 0.000   0 -99.00  103.8       -2284.088        -4562.26    42 180.0000   0.0000     -1.991 0.000   0 -99.00    0.083
2018-05-01-21:53:20 1.11  Mocks_Em/MockNFW320ellip5loga2.08PA50center0With_background20num67.dat TNC          1.0e-04 0 0 0 0     NFW        0.0000   0.0000     -2.238 0.000   0 -99.00  103.2       -2357.127       -4708.337    35 180.0000   0.0000     -2.013 0.000   0 -99.00    0.070
2018-05-01-21:53:20 1.11  Mocks_Em/MockNFW320ellip5loga2.08PA50center0With_background20num68.dat TNC          1.0e-04 0 0 0 0     NFW        0.0000   0.0000     -2.293 0.000   0 -99.00   87.0       -2245.308         -4484.7    42 180.0000   0.0000     -1.982 0.000   0 -99.00    0.087
2018-05-01-21:53:20 1.11  Mocks_Em/MockNFW320ellip5loga2.08PA50center0With_background20num69.dat TNC          1.0e-04 0 0 0 0     NFW        0.0000   0.0000     -2.158 0.000   0 -99.00  121.9       -2321.681       -4637.446    25 180.0000   0.0000     -1.977 0.000   0 -99.00    0.056
2018-05-01-21:53:20 1.11  Mocks_Em/MockNFW320ellip5loga2.08PA50center0With_background20num70.dat TNC          1.0e-04 0 0 0 0     NFW        0.0000   0.0000     -2.052 0.000   0 -99.00  160.4       -2358.142       -4710.368    74 180.0000   0.0000     -1.980 0.000   0 -99.00    0.153
2018-05-01-21:53:20 1.11  Mocks_Em/MockNFW320ellip5loga2.08PA50center0With_background20num71.dat TNC          1.0e-04 0 0 0 0     NFW        0.0000   0.0000     -2.229 0.000   0 -99.00  100.3       -2251.621       -4497.326    23 180.0000   0.0000     -1.993 0.000   0 -99.00    0.048
2018-05-01-21:53:20 1.11  Mocks_Em/MockNFW320ellip5loga2.08PA50center0With_background20num72.dat TNC          1.0e-04 0 0 0 0     NFW        0.0000   0.0000     -2.111 0.000   0 -99.00  135.6       -2309.355       -4612.795    30 180.0000   0.0000     -2.001 0.000   0 -99.00    0.061
2018-05-01-21:53:20 1.11  Mocks_Em/MockNFW320ellip5loga2.08PA50center0With_background20num73.dat TNC          1.0e-04 0 0 0 0     NFW        0.0000   0.0000     -2.004 0.000   0 -99.00  174.5       -2267.543       -4529.169    37 180.0000   0.0000     -1.965 0.000   0 -99.00    0.074
2018-05-01-21:53:20 1.11  Mocks_Em/MockNFW320ellip5loga2.08PA50center0With_background20num74.dat TNC          1.0e-04 0 0 0 0     NFW        0.0000   0.0000     -1.999 0.000   0 -99.00  181.2       -2315.962       -4626.007    29 180.0000   0.0000     -1.981 0.000   0 -99.00    0.058
2018-05-01-21:53:20 1.11  Mocks_Em/MockNFW320ellip5loga2.08PA50center0With_background20num75.dat TNC          1.0e-04 0 0 0 0     NFW        0.0000   0.0000     -2.162 0.000   0 -99.00  123.8        -2380.36       -4754.804    36 180.0000   0.0000     -2.011 0.000   0 -99.00    0.072
2018-05-01-21:53:20 1.11  Mocks_Em/MockNFW320ellip5loga2.08PA50center0With_background20num76.dat TNC          1.0e-04 0 0 0 0     NFW        0.0000   0.0000     -2.182 0.000   0 -99.00  114.2       -2299.793       -4593.669    38 180.0000   0.0000     -1.988 0.000   0 -99.00    0.075
2018-05-01-21:53:20 1.11  Mocks_Em/MockNFW320ellip5loga2.08PA50center0With_background20num77.dat TNC          1.0e-04 0 0 0 0     NFW        0.0000   0.0000     -2.203 0.000   0 -99.00  114.5       -2422.422       -4838.928    24 180.0000   0.0000     -1.991 0.000   0 -99.00    0.049
2018-05-01-21:53:20 1.11  Mocks_Em/MockNFW320ellip5loga2.08PA50center0With_background20num78.dat TNC          1.0e-04 0 0 0 0     NFW        0.0000   0.0000     -2.317 0.000   0 -99.00   89.5       -2417.687       -4829.457    17 180.0000   0.0000     -2.019 0.000   0 -99.00    0.035
2018-05-01-21:53:20 1.11  Mocks_Em/MockNFW320ellip5loga2.08PA50center0With_background20num79.dat TNC          1.0e-04 0 0 0 0     NFW        0.0000   0.0000     -2.176 0.000   0 -99.00  120.3       -2389.602       -4773.287    28 180.0000   0.0000     -2.027 0.000   0 -99.00    0.057
2018-05-01-21:53:20 1.11  Mocks_Em/MockNFW320ellip5loga2.08PA50center0With_background20num80.dat TNC          1.0e-04 0 0 0 0     NFW        0.0000   0.0000     -2.246 0.000   0 -99.00  102.4       -2388.128       -4770.339    40 180.0000   0.0000     -1.998 0.000   0 -99.00    0.080
2018-05-01-21:53:20 1.11  Mocks_Em/MockNFW320ellip5loga2.08PA50center0With_background20num81.dat TNC          1.0e-04 0 0 0 0     NFW        0.0000   0.0000     -2.221 0.000   0 -99.00  108.4       -2385.304       -4764.692    32 180.0000   0.0000     -2.007 0.000   0 -99.00    0.065
2018-05-01-21:53:20 1.11  Mocks_Em/MockNFW320ellip5loga2.08PA50center0With_background20num82.dat TNC          1.0e-04 0 0 0 0     NFW        0.0000   0.0000     -2.162 0.000   0 -99.00  124.1       -2387.509       -4769.102    44 180.0000   0.0000     -2.011 0.000   0 -99.00    0.088
2018-05-01-21:53:20 1.11  Mocks_Em/MockNFW320ellip5loga2.08PA50center0With_background20num83.dat TNC          1.0e-04 0 0 0 0     NFW        0.0000   0.0000     -2.189 0.000   0 -99.00  118.7       -2436.632       -4867.347    42 180.0000   0.0000     -2.020 0.000   0 -99.00    0.083
2018-05-01-21:53:20 1.11  Mocks_Em/MockNFW320ellip5loga2.08PA50center0With_background20num84.dat TNC          1.0e-04 0 0 0 0     NFW        0.0000   0.0000     -2.217 0.000   0 -99.00  110.7       -2416.317       -4826.717    44 180.0000   0.0000     -1.996 0.000   0 -99.00    0.088
2018-05-01-21:53:20 1.11  Mocks_Em/MockNFW320ellip5loga2.08PA50center0With_background20num85.dat TNC          1.0e-04 0 0 0 0     NFW        0.0000   0.0000     -2.052 0.000   0 -99.00  158.9       -2328.297       -4650.677    23 180.0000   0.0000     -1.974 0.000   0 -99.00    0.047
2018-05-01-21:53:20 1.11  Mocks_Em/MockNFW320ellip5loga2.08PA50center0With_background20num86.dat TNC          1.0e-04 0 0 0 0     NFW        0.0000   0.0000     -2.243 0.000   0 -99.00   96.1       -2215.823        -4425.73    33 180.0000   0.0000     -1.981 0.000   0 -99.00    0.066
2018-05-01-21:53:20 1.11  Mocks_Em/MockNFW320ellip5loga2.08PA50center0With_background20num87.dat TNC          1.0e-04 0 0 0 0     NFW        0.0000   0.0000     -2.216 0.000   0 -99.00  107.5       -2336.733        -4667.55    34 180.0000   0.0000     -2.005 0.000   0 -99.00    0.068
2018-05-01-21:53:20 1.11  Mocks_Em/MockNFW320ellip5loga2.08PA50center0With_background20num88.dat TNC          1.0e-04 0 0 0 0     NFW        0.0000   0.0000     -2.146 0.000   0 -99.00  129.6       -2377.579       -4749.241    17 180.0000   0.0000     -2.015 0.000   0 -99.00    0.035
2018-05-01-21:53:20 1.11  Mocks_Em/MockNFW320ellip5loga2.08PA50center0With_background20num89.dat TNC          1.0e-04 0 0 0 0     NFW        0.0000   0.0000     -2.038 0.000   0 -99.00  153.9       -2170.949       -4335.982    28 180.0000   0.0000     -1.951 0.000   0 -99.00    0.056
2018-05-01-21:53:20 1.11  Mocks_Em/MockNFW320ellip5loga2.08PA50center0With_background20num90.dat TNC          1.0e-04 0 0 0 0     NFW        0.0000   0.0000     -2.282 0.000   0 -99.00   92.5       -2332.138       -4658.359    28 180.0000   0.0000     -2.016 0.000   0 -99.00    0.057
2018-05-01-21:53:20 1.11  Mocks_Em/MockNFW320ellip5loga2.08PA50center0With_background20num91.dat TNC          1.0e-04 0 0 0 0     NFW        0.0000   0.0000     -2.143 0.000   0 -99.00  129.7       -2383.997       -4762.079    26 180.0000   0.0000     -2.003 0.000   0 -99.00    0.053
2018-05-01-21:53:20 1.11  Mocks_Em/MockNFW320ellip5loga2.08PA50center0With_background20num92.dat TNC          1.0e-04 0 0 0 0     NFW        0.0000   0.0000     -2.310 0.000   0 -99.00   85.0       -2272.217       -4538.517    40 180.0000   0.0000     -2.006 0.000   0 -99.00    0.080
2018-05-01-21:53:20 1.11  Mocks_Em/MockNFW320ellip5loga2.08PA50center0With_background20num93.dat TNC          1.0e-04 0 0 0 0     NFW        0.0000   0.0000     -2.007 0.000   0 -99.00  178.5       -2331.181       -4656.447    20 180.0000   0.0000     -1.971 0.000   0 -99.00    0.041
2018-05-01-21:53:20 1.11  Mocks_Em/MockNFW320ellip5loga2.08PA50center0With_background20num94.dat TNC          1.0e-04 0 0 0 0     NFW        0.0000   0.0000     -2.135 0.000   0 -99.00  126.7       -2289.725       -4573.534    44 180.0000   0.0000     -2.002 0.000   0 -99.00    0.087
2018-05-01-21:53:20 1.11  Mocks_Em/MockNFW320ellip5loga2.08PA50center0With_background20num95.dat TNC          1.0e-04 0 0 0 0     NFW        0.0000   0.0000     -2.171 0.000   0 -99.00  117.3       -2302.265       -4598.613    38 180.0000   0.0000     -1.985 0.000   0 -99.00    0.075
2018-05-01-21:53:20 1.11  Mocks_Em/MockNFW320ellip5loga2.08PA50center0With_background20num96.dat TNC          1.0e-04 0 0 0 0     NFW        0.0000   0.0000     -2.014 0.000   0 -99.00  172.3       -2291.847       -4577.777    16 180.0000   0.0000     -1.969 0.000   0 -99.00    0.033
2018-05-01-21:53:20 1.11  Mocks_Em/MockNFW320ellip5loga2.08PA50center0With_background20num97.dat TNC          1.0e-04 0 0 0 0     NFW        0.0000   0.0000     -2.097 0.000   0 -99.00  141.6        -2330.68       -4655.444    38 180.0000   0.0000     -1.966 0.000   0 -99.00    0.075
2018-05-01-21:53:20 1.11  Mocks_Em/MockNFW320ellip5loga2.08PA50center0With_background20num98.dat TNC          1.0e-04 0 0 0 0     NFW        0.0000   0.0000     -2.186 0.000   0 -99.00  118.0       -2390.979       -4776.042    19 180.0000   0.0000     -2.000 0.000   0 -99.00    0.039
2018-05-01-21:53:20 1.11  Mocks_Em/MockNFW320ellip5loga2.08PA50center0With_background20num99.dat TNC          1.0e-04 0 0 0 0     NFW        0.0000   0.0000     -2.221 0.000   0 -99.00  109.8       -2418.056       -4830.196    37 180.0000   0.0000     -2.005 0.000   0 -99.00    0.074
