2018-05-01-21:53:32 1.11  Mocks_Em/MockNFW320ellip5loga2.08PA50center0With_background20num0.dat L-BFGS-B     1.0e-04 0 0 0 0     NFW        0.0000   0.0000     -2.194 0.000   0 -99.00  113.9       -2348.196       -4690.475    35 180.0000   0.0000     -2.008 0.000   0 -99.00    0.009
2018-05-01-21:53:32 1.11  Mocks_Em/MockNFW320ellip5loga2.08PA50center0With_background20num1.dat L-BFGS-B     1.0e-04 0 0 0 0     NFW        0.0000   0.0000     -2.102 0.000   0 -99.00  142.3       -2372.408       -4738.899    28 180.0000   0.0000     -2.010 0.000   0 -99.00    0.007
2018-05-01-21:53:32 1.11  Mocks_Em/MockNFW320ellip5loga2.08PA50center0With_background20num2.dat L-BFGS-B     1.0e-04 0 0 0 0     NFW        0.0000   0.0000     -1.922 0.000   0 -99.00  226.1       -2341.447       -4676.977    14 180.0000   0.0000     -1.961 0.000   0 -99.00    0.004
2018-05-01-21:53:32 1.11  Mocks_Em/MockNFW320ellip5loga2.08PA50center0With_background20num3.dat L-BFGS-B     1.0e-04 0 0 0 0     NFW        0.0000   0.0000     -2.134 0.000   0 -99.00  127.7       -2295.298        -4584.68    28 180.0000   0.0000     -1.991 0.000   0 -99.00    0.007
2018-05-01-21:53:32 1.11  Mocks_Em/MockNFW320ellip5loga2.08PA50center0With_background20num4.dat L-BFGS-B     1.0e-04 0 0 0 0     NFW        0.0000   0.0000     -2.143 0.000   0 -99.00  128.9       -2370.565       -4735.214    28 180.0000   0.0000     -2.021 0.000   0 -99.00    0.007
2018-05-01-21:53:32 1.11  Mocks_Em/MockNFW320ellip5loga2.08PA50center0With_background20num5.dat L-BFGS-B     1.0e-04 0 0 0 0     NFW        0.0000   0.0000     -2.016 0.000   0 -99.00  165.5       -2217.228       -4428.539    21 180.0000   0.0000     -1.990 0.000   0 -99.00    0.005
2018-05-01-21:53:32 1.11  Mocks_Em/MockNFW320ellip5loga2.08PA50center0With_background20num6.dat L-BFGS-B     1.0e-04 0 0 0 0     NFW        0.0000   0.0000     -2.099 0.000   0 -99.00  140.9       -2330.888        -4655.86    28 180.0000   0.0000     -1.985 0.000   0 -99.00    0.007
2018-05-01-21:53:32 1.11  Mocks_Em/MockNFW320ellip5loga2.08PA50center0With_background20num7.dat L-BFGS-B     1.0e-04 0 0 0 0     NFW        0.0000   0.0000     -1.958 0.000   0 -99.00  195.0       -2233.541       -4461.166    21 180.0000   0.0000     -1.965 0.000   0 -99.00    0.005
2018-05-01-21:53:32 1.11  Mocks_Em/MockNFW320ellip5loga2.08PA50center0With_background20num8.dat L-BFGS-B     1.0e-04 0 0 0 0     NFW        0.0000   0.0000     -2.132 0.000   0 -99.00  129.5       -2319.035       -4632.154    28 180.0000   0.0000     -1.994 0.000   0 -99.00    0.007
2018-05-01-21:53:32 1.11  Mocks_Em/MockNFW320ellip5loga2.08PA50center0With_background20num9.dat L-BFGS-B     1.0e-04 0 0 0 0     NFW        0.0000   0.0000     -2.120 0.000   0 -99.00  133.9       -2325.019       -4644.121    28 180.0000   0.0000     -1.968 0.000   0 -99.00    0.007
2018-05-01-21:53:32 1.11  Mocks_Em/MockNFW320ellip5loga2.08PA50center0With_background20num10.dat L-BFGS-B     1.0e-04 0 0 0 0     NFW        0.0000   0.0000     -1.948 0.000   0 -99.00  213.0       -2372.447       -4738.978    21 180.0000   0.0000     -1.964 0.000   0 -99.00    0.005
2018-05-01-21:53:32 1.11  Mocks_Em/MockNFW320ellip5loga2.08PA50center0With_background20num11.dat L-BFGS-B     1.0e-04 0 0 0 0     NFW        0.0000   0.0000     -1.922 0.000   0 -99.00  223.9       -2315.355       -4624.794    14 180.0000   0.0000     -1.963 0.000   0 -99.00    0.004
2018-05-01-21:53:32 1.11  Mocks_Em/MockNFW320ellip5loga2.08PA50center0With_background20num12.dat L-BFGS-B     1.0e-04 0 0 0 0     NFW        0.0000   0.0000     -2.091 0.000   0 -99.00  146.1       -2350.784       -4695.653    28 180.0000   0.0000     -1.993 0.000   0 -99.00    0.007
2018-05-01-21:53:32 1.11  Mocks_Em/MockNFW320ellip5loga2.08PA50center0With_background20num13.dat L-BFGS-B     1.0e-04 0 0 0 0     NFW        0.0000   0.0000     -2.132 0.000   0 -99.00  127.2       -2277.043        -4548.17    28 180.0000   0.0000     -1.955 0.000   0 -99.00    0.007
2018-05-01-21:53:32 1.11  Mocks_Em/MockNFW320ellip5loga2.08PA50center0With_background20num14.dat L-BFGS-B     1.0e-04 0 0 0 0     NFW        0.0000   0.0000     -2.150 0.000   0 -99.00  123.5       -2305.354       -4604.792    35 180.0000   0.0000     -1.981 0.000   0 -99.00    0.009
2018-05-01-21:53:32 1.11  Mocks_Em/MockNFW320ellip5loga2.08PA50center0With_background20num15.dat L-BFGS-B     1.0e-04 0 0 0 0     NFW        0.0000   0.0000     -2.010 0.000   0 -99.00  175.9       -2317.192       -4628.468    21 180.0000   0.0000     -1.987 0.000   0 -99.00    0.005
2018-05-01-21:53:32 1.11  Mocks_Em/MockNFW320ellip5loga2.08PA50center0With_background20num16.dat L-BFGS-B     1.0e-04 0 0 0 0     NFW        0.0000   0.0000     -2.234 0.000   0 -99.00  101.5       -2275.818        -4545.72    35 180.0000   0.0000     -1.987 0.000   0 -99.00    0.009
2018-05-01-21:53:32 1.11  Mocks_Em/MockNFW320ellip5loga2.08PA50center0With_background20num17.dat L-BFGS-B     1.0e-04 0 0 0 0     NFW        0.0000   0.0000     -1.921 0.000   0 -99.00  222.4       -2299.243       -4592.569    14 180.0000   0.0000     -1.982 0.000   0 -99.00    0.004
2018-05-01-21:53:32 1.11  Mocks_Em/MockNFW320ellip5loga2.08PA50center0With_background20num18.dat L-BFGS-B     1.0e-04 0 0 0 0     NFW        0.0000   0.0000     -2.145 0.000   0 -99.00  128.9       -2382.057       -4758.198    28 180.0000   0.0000     -1.984 0.000   0 -99.00    0.007
2018-05-01-21:53:32 1.11  Mocks_Em/MockNFW320ellip5loga2.08PA50center0With_background20num19.dat L-BFGS-B     1.0e-04 0 0 0 0     NFW        0.0000   0.0000     -2.183 0.000   0 -99.00  116.5       -2349.347       -4692.778    35 180.0000   0.0000     -1.993 0.000   0 -99.00    0.009
2018-05-01-21:53:32 1.11  Mocks_Em/MockNFW320ellip5loga2.08PA50center0With_background20num20.dat L-BFGS-B     1.0e-04 0 0 0 0     NFW        0.0000   0.0000     -2.078 0.000   0 -99.00  151.5       -2376.267       -4746.617    28 180.0000   0.0000     -1.985 0.000   0 -99.00    0.007
2018-05-01-21:53:32 1.11  Mocks_Em/MockNFW320ellip5loga2.08PA50center0With_background20num21.dat L-BFGS-B     1.0e-04 0 0 0 0     NFW        0.0000   0.0000     -2.100 0.000   0 -99.00  144.7       -2388.594       -4771.271    28 180.0000   0.0000     -2.007 0.000   0 -99.00    0.007
2018-05-01-21:53:32 1.11  Mocks_Em/MockNFW320ellip5loga2.08PA50center0With_background20num22.dat L-BFGS-B     1.0e-04 0 0 0 0     NFW        0.0000   0.0000     -2.288 0.000   0 -99.00   94.9       -2394.424       -4782.932    35 180.0000   0.0000     -2.008 0.000   0 -99.00    0.009
2018-05-01-21:53:32 1.11  Mocks_Em/MockNFW320ellip5loga2.08PA50center0With_background20num23.dat L-BFGS-B     1.0e-04 0 0 0 0     NFW        0.0000   0.0000     -2.117 0.000   0 -99.00  133.0       -2294.049       -4582.182    28 180.0000   0.0000     -1.966 0.000   0 -99.00    0.007
2018-05-01-21:53:32 1.11  Mocks_Em/MockNFW320ellip5loga2.08PA50center0With_background20num24.dat L-BFGS-B     1.0e-04 0 0 0 0     NFW        0.0000   0.0000     -2.136 0.000   0 -99.00  130.1       -2351.704       -4697.492    28 180.0000   0.0000     -1.995 0.000   0 -99.00    0.007
2018-05-01-21:53:32 1.11  Mocks_Em/MockNFW320ellip5loga2.08PA50center0With_background20num25.dat L-BFGS-B     1.0e-04 0 0 0 0     NFW        0.0000   0.0000     -2.288 0.000   0 -99.00   93.4       -2378.614       -4751.311    35 180.0000   0.0000     -1.991 0.000   0 -99.00    0.009
2018-05-01-21:53:32 1.11  Mocks_Em/MockNFW320ellip5loga2.08PA50center0With_background20num26.dat L-BFGS-B     1.0e-04 0 0 0 0     NFW        0.0000   0.0000     -2.090 0.000   0 -99.00  143.7        -2317.29       -4628.664    28 180.0000   0.0000     -1.999 0.000   0 -99.00    0.007
2018-05-01-21:53:32 1.11  Mocks_Em/MockNFW320ellip5loga2.08PA50center0With_background20num27.dat L-BFGS-B     1.0e-04 0 0 0 0     NFW        0.0000   0.0000     -2.190 0.000   0 -99.00  111.9        -2289.89       -4573.863    35 180.0000   0.0000     -2.012 0.000   0 -99.00    0.009
2018-05-01-21:53:32 1.11  Mocks_Em/MockNFW320ellip5loga2.08PA50center0With_background20num28.dat L-BFGS-B     1.0e-04 0 0 0 0     NFW        0.0000   0.0000     -2.128 0.000   0 -99.00  129.8       -2302.935       -4599.954    28 180.0000   0.0000     -1.983 0.000   0 -99.00    0.007
2018-05-01-21:53:32 1.11  Mocks_Em/MockNFW320ellip5loga2.08PA50center0With_background20num29.dat L-BFGS-B     1.0e-04 0 0 0 0     NFW        0.0000   0.0000     -2.040 0.000   0 -99.00  169.8       -2410.582       -4815.247    21 180.0000   0.0000     -2.020 0.000   0 -99.00    0.005
2018-05-01-21:53:32 1.11  Mocks_Em/MockNFW320ellip5loga2.08PA50center0With_background20num30.dat L-BFGS-B     1.0e-04 0 0 0 0     NFW        0.0000   0.0000     -2.257 0.000   0 -99.00   96.3        -2296.76       -4587.603    35 180.0000   0.0000     -2.009 0.000   0 -99.00    0.009
2018-05-01-21:53:32 1.11  Mocks_Em/MockNFW320ellip5loga2.08PA50center0With_background20num31.dat L-BFGS-B     1.0e-04 0 0 0 0     NFW        0.0000   0.0000     -2.255 0.000   0 -99.00   97.6       -2319.289       -4632.661    35 180.0000   0.0000     -2.016 0.000   0 -99.00    0.009
2018-05-01-21:53:32 1.11  Mocks_Em/MockNFW320ellip5loga2.08PA50center0With_background20num32.dat L-BFGS-B     1.0e-04 0 0 0 0     NFW        0.0000   0.0000     -2.012 0.000   0 -99.00  176.0       -2335.315       -4664.714    21 180.0000   0.0000     -1.967 0.000   0 -99.00    0.005
2018-05-01-21:53:32 1.11  Mocks_Em/MockNFW320ellip5loga2.08PA50center0With_background20num33.dat L-BFGS-B     1.0e-04 0 0 0 0     NFW        0.0000   0.0000     -2.069 0.000   0 -99.00  156.4       -2398.223       -4790.531    28 180.0000   0.0000     -1.977 0.000   0 -99.00    0.007
2018-05-01-21:53:32 1.11  Mocks_Em/MockNFW320ellip5loga2.08PA50center0With_background20num34.dat L-BFGS-B     1.0e-04 0 0 0 0     NFW        0.0000   0.0000     -2.154 0.000   0 -99.00  121.9       -2299.216       -4592.516    28 180.0000   0.0000     -2.000 0.000   0 -99.00    0.007
2018-05-01-21:53:32 1.11  Mocks_Em/MockNFW320ellip5loga2.08PA50center0With_background20num35.dat L-BFGS-B     1.0e-04 0 0 0 0     NFW        0.0000   0.0000     -1.956 0.000   0 -99.00  199.6       -2271.767       -4537.619    21 180.0000   0.0000     -1.961 0.000   0 -99.00    0.005
2018-05-01-21:53:32 1.11  Mocks_Em/MockNFW320ellip5loga2.08PA50center0With_background20num36.dat L-BFGS-B     1.0e-04 0 0 0 0     NFW        0.0000   0.0000     -2.137 0.000   0 -99.00  130.3       -2358.965       -4712.015    35 180.0000   0.0000     -1.967 0.000   0 -99.00    0.009
2018-05-01-21:53:32 1.11  Mocks_Em/MockNFW320ellip5loga2.08PA50center0With_background20num37.dat L-BFGS-B     1.0e-04 0 0 0 0     NFW        0.0000   0.0000     -2.137 0.000   0 -99.00  131.7       -2389.039       -4772.162    28 180.0000   0.0000     -1.999 0.000   0 -99.00    0.007
2018-05-01-21:53:32 1.11  Mocks_Em/MockNFW320ellip5loga2.08PA50center0With_background20num38.dat L-BFGS-B     1.0e-04 0 0 0 0     NFW        0.0000   0.0000     -1.989 0.000   0 -99.00  192.8       -2407.403        -4808.89    21 180.0000   0.0000     -1.982 0.000   0 -99.00    0.005
2018-05-01-21:53:32 1.11  Mocks_Em/MockNFW320ellip5loga2.08PA50center0With_background20num39.dat L-BFGS-B     1.0e-04 0 0 0 0     NFW        0.0000   0.0000     -1.923 0.000   0 -99.00  224.6       -2313.774       -4621.632    14 180.0000   0.0000     -1.952 0.000   0 -99.00    0.004
2018-05-01-21:53:32 1.11  Mocks_Em/MockNFW320ellip5loga2.08PA50center0With_background20num40.dat L-BFGS-B     1.0e-04 0 0 0 0     NFW        0.0000   0.0000     -2.163 0.000   0 -99.00  119.9       -2306.582       -4607.248    35 180.0000   0.0000     -1.961 0.000   0 -99.00    0.009
2018-05-01-21:53:32 1.11  Mocks_Em/MockNFW320ellip5loga2.08PA50center0With_background20num41.dat L-BFGS-B     1.0e-04 0 0 0 0     NFW        0.0000   0.0000     -1.925 0.000   0 -99.00  226.1       -2344.646       -4683.375    14 180.0000   0.0000     -1.969 0.000   0 -99.00    0.004
2018-05-01-21:53:32 1.11  Mocks_Em/MockNFW320ellip5loga2.08PA50center0With_background20num42.dat L-BFGS-B     1.0e-04 0 0 0 0     NFW        0.0000   0.0000     -2.033 0.000   0 -99.00  163.3        -2283.61       -4561.303    21 180.0000   0.0000     -1.996 0.000   0 -99.00    0.005
2018-05-01-21:53:32 1.11  Mocks_Em/MockNFW320ellip5loga2.08PA50center0With_background20num43.dat L-BFGS-B     1.0e-04 0 0 0 0     NFW        0.0000   0.0000     -2.098 0.000   0 -99.00  139.5       -2300.045       -4594.173    28 180.0000   0.0000     -1.989 0.000   0 -99.00    0.007
2018-05-01-21:53:32 1.11  Mocks_Em/MockNFW320ellip5loga2.08PA50center0With_background20num44.dat L-BFGS-B     1.0e-04 0 0 0 0     NFW        0.0000   0.0000     -2.178 0.000   0 -99.00  117.3       -2341.676       -4677.436    28 180.0000   0.0000     -2.008 0.000   0 -99.00    0.007
2018-05-01-21:53:32 1.11  Mocks_Em/MockNFW320ellip5loga2.08PA50center0With_background20num45.dat L-BFGS-B     1.0e-04 0 0 0 0     NFW        0.0000   0.0000     -2.152 0.000   0 -99.00  119.4       -2240.926       -4475.937    35 180.0000   0.0000     -1.954 0.000   0 -99.00    0.009
2018-05-01-21:53:32 1.11  Mocks_Em/MockNFW320ellip5loga2.08PA50center0With_background20num46.dat L-BFGS-B     1.0e-04 0 0 0 0     NFW        0.0000   0.0000     -2.156 0.000   0 -99.00  117.9       -2233.311       -4460.705    28 180.0000   0.0000     -1.983 0.000   0 -99.00    0.007
2018-05-01-21:53:32 1.11  Mocks_Em/MockNFW320ellip5loga2.08PA50center0With_background20num47.dat L-BFGS-B     1.0e-04 0 0 0 0     NFW        0.0000   0.0000     -2.038 0.000   0 -99.00  172.6       -2440.914       -4875.912    21 180.0000   0.0000     -2.002 0.000   0 -99.00    0.005
2018-05-01-21:53:32 1.11  Mocks_Em/MockNFW320ellip5loga2.08PA50center0With_background20num48.dat L-BFGS-B     1.0e-04 0 0 0 0     NFW        0.0000   0.0000     -2.205 0.000   0 -99.00  109.2       -2318.499       -4631.081    35 180.0000   0.0000     -1.984 0.000   0 -99.00    0.009
2018-05-01-21:53:32 1.11  Mocks_Em/MockNFW320ellip5loga2.08PA50center0With_background20num49.dat L-BFGS-B     1.0e-04 0 0 0 0     NFW        0.0000   0.0000     -2.098 0.000   0 -99.00  149.0       -2456.902       -4907.887    28 180.0000   0.0000     -2.000 0.000   0 -99.00    0.007
2018-05-01-21:53:32 1.11  Mocks_Em/MockNFW320ellip5loga2.08PA50center0With_background20num50.dat L-BFGS-B     1.0e-04 0 0 0 0     NFW        0.0000   0.0000     -2.236 0.000   0 -99.00  101.3       -2300.153       -4594.389    35 180.0000   0.0000     -1.975 0.000   0 -99.00    0.009
2018-05-01-21:53:32 1.11  Mocks_Em/MockNFW320ellip5loga2.08PA50center0With_background20num51.dat L-BFGS-B     1.0e-04 0 0 0 0     NFW        0.0000   0.0000     -2.153 0.000   0 -99.00  122.3       -2305.168       -4604.419    35 180.0000   0.0000     -1.968 0.000   0 -99.00    0.009
2018-05-01-21:53:32 1.11  Mocks_Em/MockNFW320ellip5loga2.08PA50center0With_background20num52.dat L-BFGS-B     1.0e-04 0 0 0 0     NFW        0.0000   0.0000     -2.247 0.000   0 -99.00  101.8       -2373.053       -4740.189    35 180.0000   0.0000     -2.008 0.000   0 -99.00    0.009
2018-05-01-21:53:32 1.11  Mocks_Em/MockNFW320ellip5loga2.08PA50center0With_background20num53.dat L-BFGS-B     1.0e-04 0 0 0 0     NFW        0.0000   0.0000     -1.984 0.000   0 -99.00  183.3        -2252.93       -4499.944    21 180.0000   0.0000     -1.947 0.000   0 -99.00    0.005
2018-05-01-21:53:32 1.11  Mocks_Em/MockNFW320ellip5loga2.08PA50center0With_background20num54.dat L-BFGS-B     1.0e-04 0 0 0 0     NFW        0.0000   0.0000     -2.334 0.000   0 -99.00   85.3       -2391.666       -4777.416    35 180.0000   0.0000     -2.001 0.000   0 -99.00    0.009
2018-05-01-21:53:32 1.11  Mocks_Em/MockNFW320ellip5loga2.08PA50center0With_background20num55.dat L-BFGS-B     1.0e-04 0 0 0 0     NFW        0.0000   0.0000     -2.122 0.000   0 -99.00  141.0       -2454.245       -4902.574    28 180.0000   0.0000     -2.005 0.000   0 -99.00    0.007
2018-05-01-21:53:32 1.11  Mocks_Em/MockNFW320ellip5loga2.08PA50center0With_background20num56.dat L-BFGS-B     1.0e-04 0 0 0 0     NFW        0.0000   0.0000     -2.075 0.000   0 -99.00  146.9       -2289.034       -4572.152    28 180.0000   0.0000     -1.969 0.000   0 -99.00    0.007
2018-05-01-21:53:32 1.11  Mocks_Em/MockNFW320ellip5loga2.08PA50center0With_background20num57.dat L-BFGS-B     1.0e-04 0 0 0 0     NFW        0.0000   0.0000     -2.259 0.000   0 -99.00  100.0       -2398.385       -4790.853    35 180.0000   0.0000     -2.016 0.000   0 -99.00    0.009
2018-05-01-21:53:32 1.11  Mocks_Em/MockNFW320ellip5loga2.08PA50center0With_background20num58.dat L-BFGS-B     1.0e-04 0 0 0 0     NFW        0.0000   0.0000     -2.079 0.000   0 -99.00  146.9       -2306.731       -4607.546    28 180.0000   0.0000     -1.983 0.000   0 -99.00    0.007
2018-05-01-21:53:32 1.11  Mocks_Em/MockNFW320ellip5loga2.08PA50center0With_background20num59.dat L-BFGS-B     1.0e-04 0 0 0 0     NFW        0.0000   0.0000     -2.204 0.000   0 -99.00  108.1       -2291.149       -4576.381    35 180.0000   0.0000     -1.997 0.000   0 -99.00    0.009
2018-05-01-21:53:32 1.11  Mocks_Em/MockNFW320ellip5loga2.08PA50center0With_background20num60.dat L-BFGS-B     1.0e-04 0 0 0 0     NFW        0.0000   0.0000     -2.097 0.000   0 -99.00  145.6       -2389.504       -4773.091    28 180.0000   0.0000     -2.009 0.000   0 -99.00    0.007
2018-05-01-21:53:32 1.11  Mocks_Em/MockNFW320ellip5loga2.08PA50center0With_background20num61.dat L-BFGS-B     1.0e-04 0 0 0 0     NFW        0.0000   0.0000     -2.164 0.000   0 -99.00  124.2       -2401.652       -4797.387    28 180.0000   0.0000     -2.007 0.000   0 -99.00    0.007
2018-05-01-21:53:32 1.11  Mocks_Em/MockNFW320ellip5loga2.08PA50center0With_background20num62.dat L-BFGS-B     1.0e-04 0 0 0 0     NFW        0.0000   0.0000     -1.922 0.000   0 -99.00  225.4       -2332.016       -4658.116    14 180.0000   0.0000     -1.952 0.000   0 -99.00    0.004
2018-05-01-21:53:32 1.11  Mocks_Em/MockNFW320ellip5loga2.08PA50center0With_background20num63.dat L-BFGS-B     1.0e-04 0 0 0 0     NFW        0.0000   0.0000     -2.275 0.000   0 -99.00   93.8       -2315.641       -4625.366    35 180.0000   0.0000     -1.987 0.000   0 -99.00    0.009
2018-05-01-21:53:32 1.11  Mocks_Em/MockNFW320ellip5loga2.08PA50center0With_background20num64.dat L-BFGS-B     1.0e-04 0 0 0 0     NFW        0.0000   0.0000     -2.208 0.000   0 -99.00  109.1       -2324.629       -4643.341    35 180.0000   0.0000     -2.013 0.000   0 -99.00    0.009
2018-05-01-21:53:32 1.11  Mocks_Em/MockNFW320ellip5loga2.08PA50center0With_background20num65.dat L-BFGS-B     1.0e-04 0 0 0 0     NFW        0.0000   0.0000     -2.125 0.000   0 -99.00  128.6       -2263.648        -4521.38    28 180.0000   0.0000     -1.977 0.000   0 -99.00    0.007
2018-05-01-21:53:32 1.11  Mocks_Em/MockNFW320ellip5loga2.08PA50center0With_background20num66.dat L-BFGS-B     1.0e-04 0 0 0 0     NFW        0.0000   0.0000     -2.218 0.000   0 -99.00  104.5       -2284.088        -4562.26    35 180.0000   0.0000     -1.991 0.000   0 -99.00    0.009
2018-05-01-21:53:32 1.11  Mocks_Em/MockNFW320ellip5loga2.08PA50center0With_background20num67.dat L-BFGS-B     1.0e-04 0 0 0 0     NFW        0.0000   0.0000     -2.236 0.000   0 -99.00  103.6       -2357.126       -4708.337    35 180.0000   0.0000     -2.013 0.000   0 -99.00    0.009
2018-05-01-21:53:32 1.11  Mocks_Em/MockNFW320ellip5loga2.08PA50center0With_background20num68.dat L-BFGS-B     1.0e-04 0 0 0 0     NFW        0.0000   0.0000     -2.291 0.000   0 -99.00   87.4       -2245.308         -4484.7    35 180.0000   0.0000     -1.982 0.000   0 -99.00    0.009
2018-05-01-21:53:32 1.11  Mocks_Em/MockNFW320ellip5loga2.08PA50center0With_background20num69.dat L-BFGS-B     1.0e-04 0 0 0 0     NFW        0.0000   0.0000     -2.157 0.000   0 -99.00  122.2       -2321.681       -4637.446    35 180.0000   0.0000     -1.977 0.000   0 -99.00    0.009
2018-05-01-21:53:32 1.11  Mocks_Em/MockNFW320ellip5loga2.08PA50center0With_background20num70.dat L-BFGS-B     1.0e-04 0 0 0 0     NFW        0.0000   0.0000     -2.016 0.000   0 -99.00  176.1         -2358.1       -4710.285    21 180.0000   0.0000     -1.980 0.000   0 -99.00    0.005
2018-05-01-21:53:32 1.11  Mocks_Em/MockNFW320ellip5loga2.08PA50center0With_background20num71.dat L-BFGS-B     1.0e-04 0 0 0 0     NFW        0.0000   0.0000     -2.228 0.000   0 -99.00  100.5       -2251.621       -4497.326    35 180.0000   0.0000     -1.993 0.000   0 -99.00    0.009
2018-05-01-21:53:32 1.11  Mocks_Em/MockNFW320ellip5loga2.08PA50center0With_background20num72.dat L-BFGS-B     1.0e-04 0 0 0 0     NFW        0.0000   0.0000     -2.117 0.000   0 -99.00  133.7       -2309.354       -4612.791    28 180.0000   0.0000     -2.001 0.000   0 -99.00    0.007
2018-05-01-21:53:32 1.11  Mocks_Em/MockNFW320ellip5loga2.08PA50center0With_background20num73.dat L-BFGS-B     1.0e-04 0 0 0 0     NFW        0.0000   0.0000     -1.985 0.000   0 -99.00  183.7       -2267.527       -4529.138    21 180.0000   0.0000     -1.965 0.000   0 -99.00    0.005
2018-05-01-21:53:32 1.11  Mocks_Em/MockNFW320ellip5loga2.08PA50center0With_background20num74.dat L-BFGS-B     1.0e-04 0 0 0 0     NFW        0.0000   0.0000     -1.990 0.000   0 -99.00  185.5       -2315.958       -4626.001    21 180.0000   0.0000     -1.981 0.000   0 -99.00    0.005
2018-05-01-21:53:32 1.11  Mocks_Em/MockNFW320ellip5loga2.08PA50center0With_background20num75.dat L-BFGS-B     1.0e-04 0 0 0 0     NFW        0.0000   0.0000     -2.172 0.000   0 -99.00  120.9       -2380.354       -4754.792    28 180.0000   0.0000     -2.011 0.000   0 -99.00    0.007
2018-05-01-21:53:32 1.11  Mocks_Em/MockNFW320ellip5loga2.08PA50center0With_background20num76.dat L-BFGS-B     1.0e-04 0 0 0 0     NFW        0.0000   0.0000     -2.180 0.000   0 -99.00  114.5       -2299.793       -4593.669    35 180.0000   0.0000     -1.988 0.000   0 -99.00    0.009
2018-05-01-21:53:32 1.11  Mocks_Em/MockNFW320ellip5loga2.08PA50center0With_background20num77.dat L-BFGS-B     1.0e-04 0 0 0 0     NFW        0.0000   0.0000     -2.202 0.000   0 -99.00  114.9       -2422.422       -4838.928    35 180.0000   0.0000     -1.991 0.000   0 -99.00    0.009
2018-05-01-21:53:32 1.11  Mocks_Em/MockNFW320ellip5loga2.08PA50center0With_background20num78.dat L-BFGS-B     1.0e-04 0 0 0 0     NFW        0.0000   0.0000     -2.316 0.000   0 -99.00   89.7       -2417.687       -4829.457    35 180.0000   0.0000     -2.019 0.000   0 -99.00    0.009
2018-05-01-21:53:32 1.11  Mocks_Em/MockNFW320ellip5loga2.08PA50center0With_background20num79.dat L-BFGS-B     1.0e-04 0 0 0 0     NFW        0.0000   0.0000     -2.186 0.000   0 -99.00  117.7       -2389.596       -4773.276    28 180.0000   0.0000     -2.027 0.000   0 -99.00    0.007
2018-05-01-21:53:32 1.11  Mocks_Em/MockNFW320ellip5loga2.08PA50center0With_background20num80.dat L-BFGS-B     1.0e-04 0 0 0 0     NFW        0.0000   0.0000     -2.245 0.000   0 -99.00  102.7       -2388.128       -4770.339    35 180.0000   0.0000     -1.998 0.000   0 -99.00    0.009
2018-05-01-21:53:32 1.11  Mocks_Em/MockNFW320ellip5loga2.08PA50center0With_background20num81.dat L-BFGS-B     1.0e-04 0 0 0 0     NFW        0.0000   0.0000     -2.219 0.000   0 -99.00  108.7       -2385.304       -4764.692    35 180.0000   0.0000     -2.007 0.000   0 -99.00    0.009
2018-05-01-21:53:32 1.11  Mocks_Em/MockNFW320ellip5loga2.08PA50center0With_background20num82.dat L-BFGS-B     1.0e-04 0 0 0 0     NFW        0.0000   0.0000     -2.172 0.000   0 -99.00  121.2       -2387.503        -4769.09    28 180.0000   0.0000     -2.011 0.000   0 -99.00    0.007
2018-05-01-21:53:32 1.11  Mocks_Em/MockNFW320ellip5loga2.08PA50center0With_background20num83.dat L-BFGS-B     1.0e-04 0 0 0 0     NFW        0.0000   0.0000     -2.202 0.000   0 -99.00  115.5       -2436.623        -4867.33    28 180.0000   0.0000     -2.020 0.000   0 -99.00    0.007
2018-05-01-21:53:32 1.11  Mocks_Em/MockNFW320ellip5loga2.08PA50center0With_background20num84.dat L-BFGS-B     1.0e-04 0 0 0 0     NFW        0.0000   0.0000     -2.216 0.000   0 -99.00  111.0       -2416.317       -4826.717    35 180.0000   0.0000     -1.996 0.000   0 -99.00    0.009
2018-05-01-21:53:32 1.11  Mocks_Em/MockNFW320ellip5loga2.08PA50center0With_background20num85.dat L-BFGS-B     1.0e-04 0 0 0 0     NFW        0.0000   0.0000     -2.015 0.000   0 -99.00  174.6       -2328.241       -4650.566    21 180.0000   0.0000     -1.974 0.000   0 -99.00    0.005
2018-05-01-21:53:32 1.11  Mocks_Em/MockNFW320ellip5loga2.08PA50center0With_background20num86.dat L-BFGS-B     1.0e-04 0 0 0 0     NFW        0.0000   0.0000     -2.240 0.000   0 -99.00   96.6       -2215.823       -4425.729    35 180.0000   0.0000     -1.981 0.000   0 -99.00    0.009
2018-05-01-21:53:32 1.11  Mocks_Em/MockNFW320ellip5loga2.08PA50center0With_background20num87.dat L-BFGS-B     1.0e-04 0 0 0 0     NFW        0.0000   0.0000     -2.216 0.000   0 -99.00  107.5       -2336.733        -4667.55    35 180.0000   0.0000     -2.005 0.000   0 -99.00    0.009
2018-05-01-21:53:32 1.11  Mocks_Em/MockNFW320ellip5loga2.08PA50center0With_background20num88.dat L-BFGS-B     1.0e-04 0 0 0 0     NFW        0.0000   0.0000     -2.154 0.000   0 -99.00  127.3       -2377.575       -4749.235    28 180.0000   0.0000     -2.015 0.000   0 -99.00    0.007
2018-05-01-21:53:32 1.11  Mocks_Em/MockNFW320ellip5loga2.08PA50center0With_background20num89.dat L-BFGS-B     1.0e-04 0 0 0 0     NFW        0.0000   0.0000     -1.996 0.000   0 -99.00  171.3       -2170.884       -4335.852    21 180.0000   0.0000     -1.951 0.000   0 -99.00    0.005
2018-05-01-21:53:32 1.11  Mocks_Em/MockNFW320ellip5loga2.08PA50center0With_background20num90.dat L-BFGS-B     1.0e-04 0 0 0 0     NFW        0.0000   0.0000     -2.282 0.000   0 -99.00   92.6       -2332.138       -4658.359    35 180.0000   0.0000     -2.016 0.000   0 -99.00    0.009
2018-05-01-21:53:32 1.11  Mocks_Em/MockNFW320ellip5loga2.08PA50center0With_background20num91.dat L-BFGS-B     1.0e-04 0 0 0 0     NFW        0.0000   0.0000     -2.152 0.000   0 -99.00  126.9       -2383.993        -4762.07    28 180.0000   0.0000     -2.003 0.000   0 -99.00    0.007
2018-05-01-21:53:32 1.11  Mocks_Em/MockNFW320ellip5loga2.08PA50center0With_background20num92.dat L-BFGS-B     1.0e-04 0 0 0 0     NFW        0.0000   0.0000     -2.309 0.000   0 -99.00   85.2       -2272.216       -4538.517    35 180.0000   0.0000     -2.006 0.000   0 -99.00    0.009
2018-05-01-21:53:32 1.11  Mocks_Em/MockNFW320ellip5loga2.08PA50center0With_background20num93.dat L-BFGS-B     1.0e-04 0 0 0 0     NFW        0.0000   0.0000     -1.989 0.000   0 -99.00  187.2        -2331.17       -4656.423    21 180.0000   0.0000     -1.971 0.000   0 -99.00    0.005
2018-05-01-21:53:32 1.11  Mocks_Em/MockNFW320ellip5loga2.08PA50center0With_background20num94.dat L-BFGS-B     1.0e-04 0 0 0 0     NFW        0.0000   0.0000     -2.143 0.000   0 -99.00  124.3       -2289.722       -4573.527    28 180.0000   0.0000     -2.002 0.000   0 -99.00    0.007
2018-05-01-21:53:32 1.11  Mocks_Em/MockNFW320ellip5loga2.08PA50center0With_background20num95.dat L-BFGS-B     1.0e-04 0 0 0 0     NFW        0.0000   0.0000     -2.170 0.000   0 -99.00  117.6       -2302.264       -4598.613    35 180.0000   0.0000     -1.985 0.000   0 -99.00    0.009
2018-05-01-21:53:32 1.11  Mocks_Em/MockNFW320ellip5loga2.08PA50center0With_background20num96.dat L-BFGS-B     1.0e-04 0 0 0 0     NFW        0.0000   0.0000     -1.992 0.000   0 -99.00  182.6       -2291.828       -4577.739    21 180.0000   0.0000     -1.969 0.000   0 -99.00    0.005
2018-05-01-21:53:32 1.11  Mocks_Em/MockNFW320ellip5loga2.08PA50center0With_background20num97.dat L-BFGS-B     1.0e-04 0 0 0 0     NFW        0.0000   0.0000     -2.106 0.000   0 -99.00  138.4       -2330.676       -4655.435    28 180.0000   0.0000     -1.966 0.000   0 -99.00    0.007
2018-05-01-21:53:32 1.11  Mocks_Em/MockNFW320ellip5loga2.08PA50center0With_background20num98.dat L-BFGS-B     1.0e-04 0 0 0 0     NFW        0.0000   0.0000     -2.185 0.000   0 -99.00  118.1       -2390.979       -4776.042    35 180.0000   0.0000     -2.000 0.000   0 -99.00    0.009
2018-05-01-21:53:32 1.11  Mocks_Em/MockNFW320ellip5loga2.08PA50center0With_background20num99.dat L-BFGS-B     1.0e-04 0 0 0 0     NFW        0.0000   0.0000     -2.219 0.000   0 -99.00  110.2       -2418.056       -4830.196    35 180.0000   0.0000     -2.005 0.000   0 -99.00    0.009
