2018-05-01-21:52:54 1.11  Mocks_Em/MockNFW40ellip5loga2.08PA50center0With_background20num0.dat L-BFGS-B     1.0e-04 0 0 0 0     NFW        0.0000   0.0000     -2.010 0.000   0 -99.00   41.7       -543.6011       -1082.691    21 180.0000   0.0000     -1.977 0.000   0 -99.00    0.005
2018-05-01-21:52:54 1.11  Mocks_Em/MockNFW40ellip5loga2.08PA50center0With_background20num1.dat L-BFGS-B     1.0e-04 0 0 0 0     NFW        0.0000   0.0000     -1.924 0.000   0 -99.00   49.2       -503.4981       -1002.485     7 180.0000   0.0000     -1.901 0.000   0 -99.00    0.002
2018-05-01-21:52:54 1.11  Mocks_Em/MockNFW40ellip5loga2.08PA50center0With_background20num2.dat L-BFGS-B     1.0e-04 0 0 0 0     NFW        0.0000   0.0000     -1.928 0.000   0 -99.00   51.4        -523.558       -1042.605     7 180.0000   0.0000     -1.902 0.000   0 -99.00    0.002
2018-05-01-21:52:54 1.11  Mocks_Em/MockNFW40ellip5loga2.08PA50center0With_background20num3.dat L-BFGS-B     1.0e-04 0 0 0 0     NFW        0.0000   0.0000     -1.923 0.000   0 -99.00   46.1       -468.2824       -932.0539     7 180.0000   0.0000     -1.887 0.000   0 -99.00    0.002
2018-05-01-21:52:54 1.11  Mocks_Em/MockNFW40ellip5loga2.08PA50center0With_background20num4.dat L-BFGS-B     1.0e-04 0 0 0 0     NFW        0.0000   0.0000     -1.927 0.000   0 -99.00   46.1       -477.3981       -950.2853     7 180.0000   0.0000     -1.861 0.000   0 -99.00    0.002
2018-05-01-21:52:54 1.11  Mocks_Em/MockNFW40ellip5loga2.08PA50center0With_background20num5.dat L-BFGS-B     1.0e-04 0 0 0 0     NFW        0.0000   0.0000     -1.922 0.000   0 -99.00   52.9       -544.3782       -1084.245     7 180.0000   0.0000     -1.913 0.000   0 -99.00    0.002
2018-05-01-21:52:54 1.11  Mocks_Em/MockNFW40ellip5loga2.08PA50center0With_background20num6.dat L-BFGS-B     1.0e-04 0 0 0 0     NFW        0.0000   0.0000     -1.922 0.000   0 -99.00   56.0       -572.1138       -1139.717    14 180.0000   0.0000     -1.955 0.000   0 -99.00    0.003
2018-05-01-21:52:54 1.11  Mocks_Em/MockNFW40ellip5loga2.08PA50center0With_background20num7.dat L-BFGS-B     1.0e-04 0 0 0 0     NFW        0.0000   0.0000     -1.921 0.000   0 -99.00   47.6       -490.2778       -976.0448     7 180.0000   0.0000     -1.904 0.000   0 -99.00    0.002
2018-05-01-21:52:54 1.11  Mocks_Em/MockNFW40ellip5loga2.08PA50center0With_background20num8.dat L-BFGS-B     1.0e-04 0 0 0 0     NFW        0.0000   0.0000     -2.083 0.000   0 -99.00   31.3       -496.3131       -988.1154    28 180.0000   0.0000     -1.927 0.000   0 -99.00    0.006
2018-05-01-21:52:54 1.11  Mocks_Em/MockNFW40ellip5loga2.08PA50center0With_background20num9.dat L-BFGS-B     1.0e-04 0 0 0 0     NFW        0.0000   0.0000     -1.922 0.000   0 -99.00   52.2       -534.4538       -1064.397     7 180.0000   0.0000     -1.894 0.000   0 -99.00    0.002
2018-05-01-21:52:54 1.11  Mocks_Em/MockNFW40ellip5loga2.08PA50center0With_background20num10.dat L-BFGS-B     1.0e-04 0 0 0 0     NFW        0.0000   0.0000     -1.926 0.000   0 -99.00   52.9       -545.2385       -1085.966    14 180.0000   0.0000     -1.952 0.000   0 -99.00    0.003
2018-05-01-21:52:54 1.11  Mocks_Em/MockNFW40ellip5loga2.08PA50center0With_background20num11.dat L-BFGS-B     1.0e-04 0 0 0 0     NFW        0.0000   0.0000     -1.923 0.000   0 -99.00   50.7       -521.0019       -1037.493     7 180.0000   0.0000     -1.913 0.000   0 -99.00    0.002
2018-05-01-21:52:54 1.11  Mocks_Em/MockNFW40ellip5loga2.08PA50center0With_background20num12.dat L-BFGS-B     1.0e-04 0 0 0 0     NFW        0.0000   0.0000     -1.923 0.000   0 -99.00   47.6       -492.9283       -981.3458     7 180.0000   0.0000     -1.899 0.000   0 -99.00    0.002
2018-05-01-21:52:54 1.11  Mocks_Em/MockNFW40ellip5loga2.08PA50center0With_background20num13.dat L-BFGS-B     1.0e-04 0 0 0 0     NFW        0.0000   0.0000     -1.921 0.000   0 -99.00   49.9       -508.2881       -1012.065     7 180.0000   0.0000     -1.892 0.000   0 -99.00    0.002
2018-05-01-21:52:54 1.11  Mocks_Em/MockNFW40ellip5loga2.08PA50center0With_background20num14.dat L-BFGS-B     1.0e-04 0 0 0 0     NFW        0.0000   0.0000     -1.922 0.000   0 -99.00   48.4       -495.2119        -985.913     7 180.0000   0.0000     -1.854 0.000   0 -99.00    0.002
2018-05-01-21:52:54 1.11  Mocks_Em/MockNFW40ellip5loga2.08PA50center0With_background20num15.dat L-BFGS-B     1.0e-04 0 0 0 0     NFW        0.0000   0.0000     -2.097 0.000   0 -99.00   32.7       -535.6839       -1066.857    35 180.0000   0.0000     -1.934 0.000   0 -99.00    0.008
2018-05-01-21:52:54 1.11  Mocks_Em/MockNFW40ellip5loga2.08PA50center0With_background20num16.dat L-BFGS-B     1.0e-04 0 0 0 0     NFW        0.0000   0.0000     -1.923 0.000   0 -99.00   49.9       -506.8501       -1009.189     7 180.0000   0.0000     -1.902 0.000   0 -99.00    0.002
2018-05-01-21:52:54 1.11  Mocks_Em/MockNFW40ellip5loga2.08PA50center0With_background20num17.dat L-BFGS-B     1.0e-04 0 0 0 0     NFW        0.0000   0.0000     -1.922 0.000   0 -99.00   51.4       -530.1213       -1055.732     7 180.0000   0.0000     -1.873 0.000   0 -99.00    0.002
2018-05-01-21:52:54 1.11  Mocks_Em/MockNFW40ellip5loga2.08PA50center0With_background20num18.dat L-BFGS-B     1.0e-04 0 0 0 0     NFW        0.0000   0.0000     -1.923 0.000   0 -99.00   53.7       -550.1084       -1095.706    14 180.0000   0.0000     -1.938 0.000   0 -99.00    0.003
2018-05-01-21:52:54 1.11  Mocks_Em/MockNFW40ellip5loga2.08PA50center0With_background20num19.dat L-BFGS-B     1.0e-04 0 0 0 0     NFW        0.0000   0.0000     -1.922 0.000   0 -99.00   48.4       -495.9771       -987.4434     7 180.0000   0.0000     -1.905 0.000   0 -99.00    0.002
2018-05-01-21:52:54 1.11  Mocks_Em/MockNFW40ellip5loga2.08PA50center0With_background20num20.dat L-BFGS-B     1.0e-04 0 0 0 0     NFW        0.0000   0.0000     -1.931 0.000   0 -99.00   46.1       -476.7287       -948.9465     7 180.0000   0.0000     -1.881 0.000   0 -99.00    0.002
2018-05-01-21:52:54 1.11  Mocks_Em/MockNFW40ellip5loga2.08PA50center0With_background20num21.dat L-BFGS-B     1.0e-04 0 0 0 0     NFW        0.0000   0.0000     -1.921 0.000   0 -99.00   47.6        -484.276       -964.0411     7 180.0000   0.0000     -1.892 0.000   0 -99.00    0.002
2018-05-01-21:52:54 1.11  Mocks_Em/MockNFW40ellip5loga2.08PA50center0With_background20num22.dat L-BFGS-B     1.0e-04 0 0 0 0     NFW        0.0000   0.0000     -1.922 0.000   0 -99.00   51.4       -519.6023       -1034.694     7 180.0000   0.0000     -1.910 0.000   0 -99.00    0.002
2018-05-01-21:52:54 1.11  Mocks_Em/MockNFW40ellip5loga2.08PA50center0With_background20num23.dat L-BFGS-B     1.0e-04 0 0 0 0     NFW        0.0000   0.0000     -1.925 0.000   0 -99.00   49.2       -509.1639       -1013.817     7 180.0000   0.0000     -1.921 0.000   0 -99.00    0.002
2018-05-01-21:52:54 1.11  Mocks_Em/MockNFW40ellip5loga2.08PA50center0With_background20num24.dat L-BFGS-B     1.0e-04 0 0 0 0     NFW        0.0000   0.0000     -1.925 0.000   0 -99.00   47.6        -487.972       -971.4331     7 180.0000   0.0000     -1.898 0.000   0 -99.00    0.002
2018-05-01-21:52:54 1.11  Mocks_Em/MockNFW40ellip5loga2.08PA50center0With_background20num25.dat L-BFGS-B     1.0e-04 0 0 0 0     NFW        0.0000   0.0000     -2.024 0.000   0 -99.00   35.9       -487.5238       -970.5368    28 180.0000   0.0000     -1.901 0.000   0 -99.00    0.006
2018-05-01-21:52:54 1.11  Mocks_Em/MockNFW40ellip5loga2.08PA50center0With_background20num26.dat L-BFGS-B     1.0e-04 0 0 0 0     NFW        0.0000   0.0000     -1.923 0.000   0 -99.00   47.6       -490.1345       -975.7582     7 180.0000   0.0000     -1.917 0.000   0 -99.00    0.002
2018-05-01-21:52:54 1.11  Mocks_Em/MockNFW40ellip5loga2.08PA50center0With_background20num27.dat L-BFGS-B     1.0e-04 0 0 0 0     NFW        0.0000   0.0000     -1.925 0.000   0 -99.00   47.6       -485.1228       -965.7348     7 180.0000   0.0000     -1.857 0.000   0 -99.00    0.002
2018-05-01-21:52:54 1.11  Mocks_Em/MockNFW40ellip5loga2.08PA50center0With_background20num28.dat L-BFGS-B     1.0e-04 0 0 0 0     NFW        0.0000   0.0000     -1.921 0.000   0 -99.00   52.2       -532.8002       -1061.089     7 180.0000   0.0000     -1.895 0.000   0 -99.00    0.002
2018-05-01-21:52:54 1.11  Mocks_Em/MockNFW40ellip5loga2.08PA50center0With_background20num29.dat L-BFGS-B     1.0e-04 0 0 0 0     NFW        0.0000   0.0000     -1.923 0.000   0 -99.00   53.7       -544.5318       -1084.553    14 180.0000   0.0000     -1.929 0.000   0 -99.00    0.003
2018-05-01-21:52:54 1.11  Mocks_Em/MockNFW40ellip5loga2.08PA50center0With_background20num30.dat L-BFGS-B     1.0e-04 0 0 0 0     NFW        0.0000   0.0000     -1.921 0.000   0 -99.00   46.9       -477.8051       -951.0994     7 180.0000   0.0000     -1.885 0.000   0 -99.00    0.002
2018-05-01-21:52:54 1.11  Mocks_Em/MockNFW40ellip5loga2.08PA50center0With_background20num31.dat L-BFGS-B     1.0e-04 0 0 0 0     NFW        0.0000   0.0000     -1.966 0.000   0 -99.00   43.7       -510.1827       -1015.855    21 180.0000   0.0000     -1.977 0.000   0 -99.00    0.005
2018-05-01-21:52:54 1.11  Mocks_Em/MockNFW40ellip5loga2.08PA50center0With_background20num32.dat L-BFGS-B     1.0e-04 0 0 0 0     NFW        0.0000   0.0000     -1.922 0.000   0 -99.00   51.4       -521.5149       -1038.519     7 180.0000   0.0000     -1.894 0.000   0 -99.00    0.002
2018-05-01-21:52:54 1.11  Mocks_Em/MockNFW40ellip5loga2.08PA50center0With_background20num33.dat L-BFGS-B     1.0e-04 0 0 0 0     NFW        0.0000   0.0000     -1.923 0.000   0 -99.00   50.7       -517.7339       -1030.957    14 180.0000   0.0000     -1.933 0.000   0 -99.00    0.003
2018-05-01-21:52:54 1.11  Mocks_Em/MockNFW40ellip5loga2.08PA50center0With_background20num34.dat L-BFGS-B     1.0e-04 0 0 0 0     NFW        0.0000   0.0000     -1.923 0.000   0 -99.00   52.9       -543.5983       -1082.686    14 180.0000   0.0000     -1.941 0.000   0 -99.00    0.003
2018-05-01-21:52:54 1.11  Mocks_Em/MockNFW40ellip5loga2.08PA50center0With_background20num35.dat L-BFGS-B     1.0e-04 0 0 0 0     NFW        0.0000   0.0000     -1.921 0.000   0 -99.00   46.1       -472.6805       -940.8502     7 180.0000   0.0000     -1.852 0.000   0 -99.00    0.002
2018-05-01-21:52:54 1.11  Mocks_Em/MockNFW40ellip5loga2.08PA50center0With_background20num36.dat L-BFGS-B     1.0e-04 0 0 0 0     NFW        0.0000   0.0000     -1.929 0.000   0 -99.00   47.6       -494.3383       -984.1656    14 180.0000   0.0000     -1.952 0.000   0 -99.00    0.003
2018-05-01-21:52:54 1.11  Mocks_Em/MockNFW40ellip5loga2.08PA50center0With_background20num37.dat L-BFGS-B     1.0e-04 0 0 0 0     NFW        0.0000   0.0000     -1.927 0.000   0 -99.00   47.6       -490.8688       -977.2267    14 180.0000   0.0000     -1.931 0.000   0 -99.00    0.003
2018-05-01-21:52:54 1.11  Mocks_Em/MockNFW40ellip5loga2.08PA50center0With_background20num38.dat L-BFGS-B     1.0e-04 0 0 0 0     NFW        0.0000   0.0000     -1.975 0.000   0 -99.00   46.1       -549.7233       -1094.936    21 180.0000   0.0000     -1.935 0.000   0 -99.00    0.005
2018-05-01-21:52:54 1.11  Mocks_Em/MockNFW40ellip5loga2.08PA50center0With_background20num39.dat L-BFGS-B     1.0e-04 0 0 0 0     NFW        0.0000   0.0000     -1.922 0.000   0 -99.00   57.5       -587.1948       -1169.879    14 180.0000   0.0000     -1.938 0.000   0 -99.00    0.003
2018-05-01-21:52:54 1.11  Mocks_Em/MockNFW40ellip5loga2.08PA50center0With_background20num40.dat L-BFGS-B     1.0e-04 0 0 0 0     NFW        0.0000   0.0000     -1.924 0.000   0 -99.00   53.7       -551.1072       -1097.703    14 180.0000   0.0000     -1.966 0.000   0 -99.00    0.003
2018-05-01-21:52:54 1.11  Mocks_Em/MockNFW40ellip5loga2.08PA50center0With_background20num41.dat L-BFGS-B     1.0e-04 0 0 0 0     NFW        0.0000   0.0000     -1.927 0.000   0 -99.00   56.0       -579.8061       -1155.101    14 180.0000   0.0000     -1.988 0.000   0 -99.00    0.003
2018-05-01-21:52:54 1.11  Mocks_Em/MockNFW40ellip5loga2.08PA50center0With_background20num42.dat L-BFGS-B     1.0e-04 0 0 0 0     NFW        0.0000   0.0000     -2.028 0.000   0 -99.00   33.0         -455.67       -906.8291    28 180.0000   0.0000     -1.915 0.000   0 -99.00    0.006
2018-05-01-21:52:54 1.11  Mocks_Em/MockNFW40ellip5loga2.08PA50center0With_background20num43.dat L-BFGS-B     1.0e-04 0 0 0 0     NFW        0.0000   0.0000     -2.237 0.000   0 -99.00   22.3       -507.5755        -1010.64    35 180.0000   0.0000     -1.939 0.000   0 -99.00    0.008
2018-05-01-21:52:54 1.11  Mocks_Em/MockNFW40ellip5loga2.08PA50center0With_background20num44.dat L-BFGS-B     1.0e-04 0 0 0 0     NFW        0.0000   0.0000     -1.925 0.000   0 -99.00   55.2       -565.7275       -1126.944     7 180.0000   0.0000     -1.910 0.000   0 -99.00    0.002
2018-05-01-21:52:54 1.11  Mocks_Em/MockNFW40ellip5loga2.08PA50center0With_background20num45.dat L-BFGS-B     1.0e-04 0 0 0 0     NFW        0.0000   0.0000     -1.924 0.000   0 -99.00   52.2       -535.5305        -1066.55     7 180.0000   0.0000     -1.919 0.000   0 -99.00    0.002
2018-05-01-21:52:54 1.11  Mocks_Em/MockNFW40ellip5loga2.08PA50center0With_background20num46.dat L-BFGS-B     1.0e-04 0 0 0 0     NFW        0.0000   0.0000     -2.217 0.000   0 -99.00   23.5       -508.1725       -1011.834    35 180.0000   0.0000     -1.918 0.000   0 -99.00    0.008
2018-05-01-21:52:54 1.11  Mocks_Em/MockNFW40ellip5loga2.08PA50center0With_background20num47.dat L-BFGS-B     1.0e-04 0 0 0 0     NFW        0.0000   0.0000     -1.923 0.000   0 -99.00   50.7       -521.7274       -1038.944    14 180.0000   0.0000     -1.923 0.000   0 -99.00    0.003
2018-05-01-21:52:54 1.11  Mocks_Em/MockNFW40ellip5loga2.08PA50center0With_background20num48.dat L-BFGS-B     1.0e-04 0 0 0 0     NFW        0.0000   0.0000     -1.925 0.000   0 -99.00   52.9       -547.4881       -1090.465     7 180.0000   0.0000     -1.906 0.000   0 -99.00    0.002
2018-05-01-21:52:54 1.11  Mocks_Em/MockNFW40ellip5loga2.08PA50center0With_background20num49.dat L-BFGS-B     1.0e-04 0 0 0 0     NFW        0.0000   0.0000     -1.921 0.000   0 -99.00   49.9       -510.2133       -1015.916     7 180.0000   0.0000     -1.915 0.000   0 -99.00    0.002
2018-05-01-21:52:54 1.11  Mocks_Em/MockNFW40ellip5loga2.08PA50center0With_background20num50.dat L-BFGS-B     1.0e-04 0 0 0 0     NFW        0.0000   0.0000     -1.924 0.000   0 -99.00   43.9       -450.5933       -896.6757     7 180.0000   0.0000     -1.872 0.000   0 -99.00    0.002
2018-05-01-21:52:54 1.11  Mocks_Em/MockNFW40ellip5loga2.08PA50center0With_background20num51.dat L-BFGS-B     1.0e-04 0 0 0 0     NFW        0.0000   0.0000     -1.922 0.000   0 -99.00   52.2        -535.434       -1066.357     7 180.0000   0.0000     -1.895 0.000   0 -99.00    0.002
2018-05-01-21:52:54 1.11  Mocks_Em/MockNFW40ellip5loga2.08PA50center0With_background20num52.dat L-BFGS-B     1.0e-04 0 0 0 0     NFW        0.0000   0.0000     -1.928 0.000   0 -99.00   41.6       -427.9487       -851.3865     7 180.0000   0.0000     -1.870 0.000   0 -99.00    0.002
2018-05-01-21:52:54 1.11  Mocks_Em/MockNFW40ellip5loga2.08PA50center0With_background20num53.dat L-BFGS-B     1.0e-04 0 0 0 0     NFW        0.0000   0.0000     -1.923 0.000   0 -99.00   48.4       -488.2829        -972.055     7 180.0000   0.0000     -1.868 0.000   0 -99.00    0.002
2018-05-01-21:52:54 1.11  Mocks_Em/MockNFW40ellip5loga2.08PA50center0With_background20num54.dat L-BFGS-B     1.0e-04 0 0 0 0     NFW        0.0000   0.0000     -1.921 0.000   0 -99.00   53.7       -546.4772       -1088.444    14 180.0000   0.0000     -1.925 0.000   0 -99.00    0.003
2018-05-01-21:52:54 1.11  Mocks_Em/MockNFW40ellip5loga2.08PA50center0With_background20num55.dat L-BFGS-B     1.0e-04 0 0 0 0     NFW        0.0000   0.0000     -1.924 0.000   0 -99.00   46.9       -483.4584        -962.406     7 180.0000   0.0000     -1.886 0.000   0 -99.00    0.002
2018-05-01-21:52:54 1.11  Mocks_Em/MockNFW40ellip5loga2.08PA50center0With_background20num56.dat L-BFGS-B     1.0e-04 0 0 0 0     NFW        0.0000   0.0000     -1.928 0.000   0 -99.00   49.2       -505.6093       -1006.708     7 180.0000   0.0000     -1.895 0.000   0 -99.00    0.002
2018-05-01-21:52:54 1.11  Mocks_Em/MockNFW40ellip5loga2.08PA50center0With_background20num57.dat L-BFGS-B     1.0e-04 0 0 0 0     NFW        0.0000   0.0000     -1.922 0.000   0 -99.00   46.9       -481.0759        -957.641     7 180.0000   0.0000     -1.900 0.000   0 -99.00    0.002
2018-05-01-21:52:54 1.11  Mocks_Em/MockNFW40ellip5loga2.08PA50center0With_background20num58.dat L-BFGS-B     1.0e-04 0 0 0 0     NFW        0.0000   0.0000     -1.923 0.000   0 -99.00   49.9       -509.8527       -1015.195     7 180.0000   0.0000     -1.886 0.000   0 -99.00    0.002
2018-05-01-21:52:54 1.11  Mocks_Em/MockNFW40ellip5loga2.08PA50center0With_background20num59.dat L-BFGS-B     1.0e-04 0 0 0 0     NFW        0.0000   0.0000     -1.921 0.000   0 -99.00   47.6       -488.7564       -973.0019     7 180.0000   0.0000     -1.881 0.000   0 -99.00    0.002
2018-05-01-21:52:54 1.11  Mocks_Em/MockNFW40ellip5loga2.08PA50center0With_background20num60.dat L-BFGS-B     1.0e-04 0 0 0 0     NFW        0.0000   0.0000     -1.923 0.000   0 -99.00   47.6       -491.3379        -978.165     7 180.0000   0.0000     -1.890 0.000   0 -99.00    0.002
2018-05-01-21:52:54 1.11  Mocks_Em/MockNFW40ellip5loga2.08PA50center0With_background20num61.dat L-BFGS-B     1.0e-04 0 0 0 0     NFW        0.0000   0.0000     -1.921 0.000   0 -99.00   44.6       -455.9874       -907.4639     7 180.0000   0.0000     -1.845 0.000   0 -99.00    0.002
2018-05-01-21:52:54 1.11  Mocks_Em/MockNFW40ellip5loga2.08PA50center0With_background20num62.dat L-BFGS-B     1.0e-04 0 0 0 0     NFW        0.0000   0.0000     -1.922 0.000   0 -99.00   50.7       -518.3868       -1032.263     7 180.0000   0.0000     -1.908 0.000   0 -99.00    0.002
2018-05-01-21:52:54 1.11  Mocks_Em/MockNFW40ellip5loga2.08PA50center0With_background20num63.dat L-BFGS-B     1.0e-04 0 0 0 0     NFW        0.0000   0.0000     -1.928 0.000   0 -99.00   49.2       -508.2472       -1011.984     7 180.0000   0.0000     -1.926 0.000   0 -99.00    0.002
2018-05-01-21:52:54 1.11  Mocks_Em/MockNFW40ellip5loga2.08PA50center0With_background20num64.dat L-BFGS-B     1.0e-04 0 0 0 0     NFW        0.0000   0.0000     -1.925 0.000   0 -99.00   50.7       -518.1972       -1031.883     7 180.0000   0.0000     -1.901 0.000   0 -99.00    0.002
2018-05-01-21:52:54 1.11  Mocks_Em/MockNFW40ellip5loga2.08PA50center0With_background20num65.dat L-BFGS-B     1.0e-04 0 0 0 0     NFW        0.0000   0.0000     -2.149 0.000   0 -99.00   29.2       -544.5857       -1084.661    28 180.0000   0.0000     -1.965 0.000   0 -99.00    0.006
2018-05-01-21:52:54 1.11  Mocks_Em/MockNFW40ellip5loga2.08PA50center0With_background20num66.dat L-BFGS-B     1.0e-04 0 0 0 0     NFW        0.0000   0.0000     -1.922 0.000   0 -99.00   49.9       -508.9164       -1013.322     7 180.0000   0.0000     -1.876 0.000   0 -99.00    0.002
2018-05-01-21:52:54 1.11  Mocks_Em/MockNFW40ellip5loga2.08PA50center0With_background20num67.dat L-BFGS-B     1.0e-04 0 0 0 0     NFW        0.0000   0.0000     -1.921 0.000   0 -99.00   50.7       -518.5789       -1032.647     7 180.0000   0.0000     -1.875 0.000   0 -99.00    0.002
2018-05-01-21:52:54 1.11  Mocks_Em/MockNFW40ellip5loga2.08PA50center0With_background20num68.dat L-BFGS-B     1.0e-04 0 0 0 0     NFW        0.0000   0.0000     -1.922 0.000   0 -99.00   46.1         -475.04       -945.5691     7 180.0000   0.0000     -1.864 0.000   0 -99.00    0.002
2018-05-01-21:52:54 1.11  Mocks_Em/MockNFW40ellip5loga2.08PA50center0With_background20num69.dat L-BFGS-B     1.0e-04 0 0 0 0     NFW        0.0000   0.0000     -1.932 0.000   0 -99.00   50.7       -524.8615       -1045.212    14 180.0000   0.0000     -1.943 0.000   0 -99.00    0.003
2018-05-01-21:52:54 1.11  Mocks_Em/MockNFW40ellip5loga2.08PA50center0With_background20num70.dat L-BFGS-B     1.0e-04 0 0 0 0     NFW        0.0000   0.0000     -1.921 0.000   0 -99.00   47.6       -489.5341       -974.5574     7 180.0000   0.0000     -1.903 0.000   0 -99.00    0.002
2018-05-01-21:52:54 1.11  Mocks_Em/MockNFW40ellip5loga2.08PA50center0With_background20num71.dat L-BFGS-B     1.0e-04 0 0 0 0     NFW        0.0000   0.0000     -1.923 0.000   0 -99.00   49.2       -508.2619       -1012.013     7 180.0000   0.0000     -1.917 0.000   0 -99.00    0.002
2018-05-01-21:52:54 1.11  Mocks_Em/MockNFW40ellip5loga2.08PA50center0With_background20num72.dat L-BFGS-B     1.0e-04 0 0 0 0     NFW        0.0000   0.0000     -1.932 0.000   0 -99.00   43.1       -440.6571       -876.8033     7 180.0000   0.0000     -1.869 0.000   0 -99.00    0.002
2018-05-01-21:52:54 1.11  Mocks_Em/MockNFW40ellip5loga2.08PA50center0With_background20num73.dat L-BFGS-B     1.0e-04 0 0 0 0     NFW        0.0000   0.0000     -1.921 0.000   0 -99.00   52.2       -534.0517       -1063.593     7 180.0000   0.0000     -1.893 0.000   0 -99.00    0.002
2018-05-01-21:52:54 1.11  Mocks_Em/MockNFW40ellip5loga2.08PA50center0With_background20num74.dat L-BFGS-B     1.0e-04 0 0 0 0     NFW        0.0000   0.0000     -1.923 0.000   0 -99.00   57.5       -594.8489       -1185.187    14 180.0000   0.0000     -1.985 0.000   0 -99.00    0.003
2018-05-01-21:52:54 1.11  Mocks_Em/MockNFW40ellip5loga2.08PA50center0With_background20num75.dat L-BFGS-B     1.0e-04 0 0 0 0     NFW        0.0000   0.0000     -1.928 0.000   0 -99.00   47.6       -489.2724       -974.0339     7 180.0000   0.0000     -1.899 0.000   0 -99.00    0.002
2018-05-01-21:52:54 1.11  Mocks_Em/MockNFW40ellip5loga2.08PA50center0With_background20num76.dat L-BFGS-B     1.0e-04 0 0 0 0     NFW        0.0000   0.0000     -1.925 0.000   0 -99.00   52.2       -540.2584       -1076.006    14 180.0000   0.0000     -1.965 0.000   0 -99.00    0.003
2018-05-01-21:52:54 1.11  Mocks_Em/MockNFW40ellip5loga2.08PA50center0With_background20num77.dat L-BFGS-B     1.0e-04 0 0 0 0     NFW        0.0000   0.0000     -2.023 0.000   0 -99.00   34.2       -457.5188       -910.5266    28 180.0000   0.0000     -1.893 0.000   0 -99.00    0.006
2018-05-01-21:52:54 1.11  Mocks_Em/MockNFW40ellip5loga2.08PA50center0With_background20num78.dat L-BFGS-B     1.0e-04 0 0 0 0     NFW        0.0000   0.0000     -1.922 0.000   0 -99.00   53.7       -547.0151       -1089.519     7 180.0000   0.0000     -1.869 0.000   0 -99.00    0.002
2018-05-01-21:52:54 1.11  Mocks_Em/MockNFW40ellip5loga2.08PA50center0With_background20num79.dat L-BFGS-B     1.0e-04 0 0 0 0     NFW        0.0000   0.0000     -1.969 0.000   0 -99.00   43.1       -509.4832       -1014.455    21 180.0000   0.0000     -1.938 0.000   0 -99.00    0.005
2018-05-01-21:52:54 1.11  Mocks_Em/MockNFW40ellip5loga2.08PA50center0With_background20num80.dat L-BFGS-B     1.0e-04 0 0 0 0     NFW        0.0000   0.0000     -1.923 0.000   0 -99.00   48.4       -497.0101       -989.5094     7 180.0000   0.0000     -1.918 0.000   0 -99.00    0.002
2018-05-01-21:52:54 1.11  Mocks_Em/MockNFW40ellip5loga2.08PA50center0With_background20num81.dat L-BFGS-B     1.0e-04 0 0 0 0     NFW        0.0000   0.0000     -1.922 0.000   0 -99.00   53.7       -554.0505        -1103.59    14 180.0000   0.0000     -1.940 0.000   0 -99.00    0.003
2018-05-01-21:52:54 1.11  Mocks_Em/MockNFW40ellip5loga2.08PA50center0With_background20num82.dat L-BFGS-B     1.0e-04 0 0 0 0     NFW        0.0000   0.0000     -1.923 0.000   0 -99.00   52.2        -538.517       -1072.523    14 180.0000   0.0000     -1.934 0.000   0 -99.00    0.003
2018-05-01-21:52:54 1.11  Mocks_Em/MockNFW40ellip5loga2.08PA50center0With_background20num83.dat L-BFGS-B     1.0e-04 0 0 0 0     NFW        0.0000   0.0000     -1.921 0.000   0 -99.00   49.2       -504.8941       -1005.277     7 180.0000   0.0000     -1.877 0.000   0 -99.00    0.002
2018-05-01-21:52:54 1.11  Mocks_Em/MockNFW40ellip5loga2.08PA50center0With_background20num84.dat L-BFGS-B     1.0e-04 0 0 0 0     NFW        0.0000   0.0000     -1.921 0.000   0 -99.00   49.2       -501.9191       -999.3274     7 180.0000   0.0000     -1.917 0.000   0 -99.00    0.002
2018-05-01-21:52:54 1.11  Mocks_Em/MockNFW40ellip5loga2.08PA50center0With_background20num85.dat L-BFGS-B     1.0e-04 0 0 0 0     NFW        0.0000   0.0000     -1.940 0.000   0 -99.00   44.6       -460.8815       -917.2522     7 180.0000   0.0000     -1.860 0.000   0 -99.00    0.002
2018-05-01-21:52:54 1.11  Mocks_Em/MockNFW40ellip5loga2.08PA50center0With_background20num86.dat L-BFGS-B     1.0e-04 0 0 0 0     NFW        0.0000   0.0000     -1.922 0.000   0 -99.00   48.4       -495.9964       -987.4819     7 180.0000   0.0000     -1.876 0.000   0 -99.00    0.002
2018-05-01-21:52:54 1.11  Mocks_Em/MockNFW40ellip5loga2.08PA50center0With_background20num87.dat L-BFGS-B     1.0e-04 0 0 0 0     NFW        0.0000   0.0000     -2.061 0.000   0 -99.00   33.2       -496.0803       -987.6498    28 180.0000   0.0000     -1.940 0.000   0 -99.00    0.006
2018-05-01-21:52:54 1.11  Mocks_Em/MockNFW40ellip5loga2.08PA50center0With_background20num88.dat L-BFGS-B     1.0e-04 0 0 0 0     NFW        0.0000   0.0000     -1.922 0.000   0 -99.00   49.2       -498.4781       -992.4454     7 180.0000   0.0000     -1.883 0.000   0 -99.00    0.002
2018-05-01-21:52:54 1.11  Mocks_Em/MockNFW40ellip5loga2.08PA50center0With_background20num89.dat L-BFGS-B     1.0e-04 0 0 0 0     NFW        0.0000   0.0000     -1.934 0.000   0 -99.00   52.2       -543.2317       -1081.953    14 180.0000   0.0000     -1.962 0.000   0 -99.00    0.003
2018-05-01-21:52:54 1.11  Mocks_Em/MockNFW40ellip5loga2.08PA50center0With_background20num90.dat L-BFGS-B     1.0e-04 0 0 0 0     NFW        0.0000   0.0000     -1.922 0.000   0 -99.00   46.1       -471.4748       -938.4388     7 180.0000   0.0000     -1.869 0.000   0 -99.00    0.002
2018-05-01-21:52:54 1.11  Mocks_Em/MockNFW40ellip5loga2.08PA50center0With_background20num91.dat L-BFGS-B     1.0e-04 0 0 0 0     NFW        0.0000   0.0000     -1.922 0.000   0 -99.00   46.9       -484.9453       -965.3797    14 180.0000   0.0000     -1.925 0.000   0 -99.00    0.003
2018-05-01-21:52:54 1.11  Mocks_Em/MockNFW40ellip5loga2.08PA50center0With_background20num92.dat L-BFGS-B     1.0e-04 0 0 0 0     NFW        0.0000   0.0000     -1.928 0.000   0 -99.00   48.4       -498.9776       -993.4442     7 180.0000   0.0000     -1.908 0.000   0 -99.00    0.002
2018-05-01-21:52:54 1.11  Mocks_Em/MockNFW40ellip5loga2.08PA50center0With_background20num93.dat L-BFGS-B     1.0e-04 0 0 0 0     NFW        0.0000   0.0000     -1.924 0.000   0 -99.00   48.4       -495.4691       -986.4273     7 180.0000   0.0000     -1.877 0.000   0 -99.00    0.002
2018-05-01-21:52:54 1.11  Mocks_Em/MockNFW40ellip5loga2.08PA50center0With_background20num94.dat L-BFGS-B     1.0e-04 0 0 0 0     NFW        0.0000   0.0000     -1.959 0.000   0 -99.00   39.6       -454.3979       -904.2849    21 180.0000   0.0000     -1.878 0.000   0 -99.00    0.005
2018-05-01-21:52:54 1.11  Mocks_Em/MockNFW40ellip5loga2.08PA50center0With_background20num95.dat L-BFGS-B     1.0e-04 0 0 0 0     NFW        0.0000   0.0000     -1.923 0.000   0 -99.00   46.1       -473.7246       -942.9383     7 180.0000   0.0000     -1.909 0.000   0 -99.00    0.002
2018-05-01-21:52:54 1.11  Mocks_Em/MockNFW40ellip5loga2.08PA50center0With_background20num96.dat L-BFGS-B     1.0e-04 0 0 0 0     NFW        0.0000   0.0000     -1.932 0.000   0 -99.00   50.7       -525.4374       -1046.364     7 180.0000   0.0000     -1.932 0.000   0 -99.00    0.002
2018-05-01-21:52:54 1.11  Mocks_Em/MockNFW40ellip5loga2.08PA50center0With_background20num97.dat L-BFGS-B     1.0e-04 0 0 0 0     NFW        0.0000   0.0000     -1.922 0.000   0 -99.00   51.4       -527.0151       -1049.519     7 180.0000   0.0000     -1.885 0.000   0 -99.00    0.002
2018-05-01-21:52:54 1.11  Mocks_Em/MockNFW40ellip5loga2.08PA50center0With_background20num98.dat L-BFGS-B     1.0e-04 0 0 0 0     NFW        0.0000   0.0000     -1.923 0.000   0 -99.00   43.1       -440.8776       -877.2444     7 180.0000   0.0000     -1.853 0.000   0 -99.00    0.002
2018-05-01-21:52:54 1.11  Mocks_Em/MockNFW40ellip5loga2.08PA50center0With_background20num99.dat L-BFGS-B     1.0e-04 0 0 0 0     NFW        0.0000   0.0000     -1.922 0.000   0 -99.00   48.4       -499.1602       -993.8095     7 180.0000   0.0000     -1.896 0.000   0 -99.00    0.002
