2018-05-01-21:53:10 1.11  Mocks_Em/MockNFW40ellip5loga2.08PA50center0With_background20num0.dat Nelder-Mead  1.0e-04 0 0 0 0     NFW        0.0000   0.0000     -2.025 0.000   0 -99.00   40.1        -543.745       -1082.979   243 180.0000   0.0000     -1.977 0.000   0 -99.00    0.019
2018-05-01-21:53:10 1.11  Mocks_Em/MockNFW40ellip5loga2.08PA50center0With_background20num1.dat Nelder-Mead  1.0e-04 0 0 0 0     NFW        0.0000   0.0000     -1.949 0.000   0 -99.00   45.9       -503.4842       -1002.458   243 180.0000   0.0000     -1.901 0.000   0 -99.00    0.019
2018-05-01-21:53:10 1.11  Mocks_Em/MockNFW40ellip5loga2.08PA50center0With_background20num2.dat Nelder-Mead  1.0e-04 0 0 0 0     NFW        0.0000   0.0000     -1.949 0.000   0 -99.00   48.5       -523.4747       -1042.438   243 180.0000   0.0000     -1.902 0.000   0 -99.00    0.019
2018-05-01-21:53:10 1.11  Mocks_Em/MockNFW40ellip5loga2.08PA50center0With_background20num3.dat Nelder-Mead  1.0e-04 0 0 0 0     NFW        0.0000   0.0000     -1.934 0.000   0 -99.00   44.7       -468.2963       -932.0817   243 180.0000   0.0000     -1.887 0.000   0 -99.00    0.018
2018-05-01-21:53:10 1.11  Mocks_Em/MockNFW40ellip5loga2.08PA50center0With_background20num4.dat Nelder-Mead  1.0e-04 0 0 0 0     NFW        0.0000   0.0000     -1.931 0.000   0 -99.00   45.6       -477.5106       -950.5103   243 180.0000   0.0000     -1.861 0.000   0 -99.00    0.018
2018-05-01-21:53:10 1.11  Mocks_Em/MockNFW40ellip5loga2.08PA50center0With_background20num5.dat Nelder-Mead  1.0e-04 0 0 0 0     NFW        0.0000   0.0000     -1.960 0.000   0 -99.00   47.6       -544.3853        -1084.26   243 180.0000   0.0000     -1.913 0.000   0 -99.00    0.019
2018-05-01-21:53:10 1.11  Mocks_Em/MockNFW40ellip5loga2.08PA50center0With_background20num6.dat Nelder-Mead  1.0e-04 0 0 0 0     NFW        0.0000   0.0000     -1.955 0.000   0 -99.00   51.1        -572.016       -1139.521   243 180.0000   0.0000     -1.955 0.000   0 -99.00    0.019
2018-05-01-21:53:10 1.11  Mocks_Em/MockNFW40ellip5loga2.08PA50center0With_background20num7.dat Nelder-Mead  1.0e-04 0 0 0 0     NFW        0.0000   0.0000     -1.952 0.000   0 -99.00   43.8       -490.3136       -976.1164   243 180.0000   0.0000     -1.904 0.000   0 -99.00    0.019
2018-05-01-21:53:10 1.11  Mocks_Em/MockNFW40ellip5loga2.08PA50center0With_background20num8.dat Nelder-Mead  1.0e-04 0 0 0 0     NFW        0.0000   0.0000     -2.023 0.000   0 -99.00   36.4       -496.4227       -988.3345   243 180.0000   0.0000     -1.927 0.000   0 -99.00    0.019
2018-05-01-21:53:10 1.11  Mocks_Em/MockNFW40ellip5loga2.08PA50center0With_background20num9.dat Nelder-Mead  1.0e-04 0 0 0 0     NFW        0.0000   0.0000     -1.942 0.000   0 -99.00   49.4       -534.4827       -1064.454   243 180.0000   0.0000     -1.894 0.000   0 -99.00    0.019
2018-05-01-21:53:10 1.11  Mocks_Em/MockNFW40ellip5loga2.08PA50center0With_background20num10.dat Nelder-Mead  1.0e-04 0 0 0 0     NFW        0.0000   0.0000     -1.952 0.000   0 -99.00   49.2       -545.2767       -1086.042   243 180.0000   0.0000     -1.952 0.000   0 -99.00    0.019
2018-05-01-21:53:10 1.11  Mocks_Em/MockNFW40ellip5loga2.08PA50center0With_background20num11.dat Nelder-Mead  1.0e-04 0 0 0 0     NFW        0.0000   0.0000     -1.961 0.000   0 -99.00   45.6       -520.9914       -1037.472   243 180.0000   0.0000     -1.913 0.000   0 -99.00    0.019
2018-05-01-21:53:10 1.11  Mocks_Em/MockNFW40ellip5loga2.08PA50center0With_background20num12.dat Nelder-Mead  1.0e-04 0 0 0 0     NFW        0.0000   0.0000     -1.947 0.000   0 -99.00   44.6       -493.0367       -981.5625   243 180.0000   0.0000     -1.899 0.000   0 -99.00    0.018
2018-05-01-21:53:10 1.11  Mocks_Em/MockNFW40ellip5loga2.08PA50center0With_background20num13.dat Nelder-Mead  1.0e-04 0 0 0 0     NFW        0.0000   0.0000     -1.940 0.000   0 -99.00   47.4       -508.2748       -1012.039   243 180.0000   0.0000     -1.892 0.000   0 -99.00    0.018
2018-05-01-21:53:10 1.11  Mocks_Em/MockNFW40ellip5loga2.08PA50center0With_background20num14.dat Nelder-Mead  1.0e-04 0 0 0 0     NFW        0.0000   0.0000     -1.924 0.000   0 -99.00   48.2       -495.3248       -986.1388   243 180.0000   0.0000     -1.854 0.000   0 -99.00    0.018
2018-05-01-21:53:10 1.11  Mocks_Em/MockNFW40ellip5loga2.08PA50center0With_background20num15.dat Nelder-Mead  1.0e-04 0 0 0 0     NFW        0.0000   0.0000     -2.031 0.000   0 -99.00   38.5       -535.7797       -1067.049   243 180.0000   0.0000     -1.934 0.000   0 -99.00    0.019
2018-05-01-21:53:10 1.11  Mocks_Em/MockNFW40ellip5loga2.08PA50center0With_background20num16.dat Nelder-Mead  1.0e-04 0 0 0 0     NFW        0.0000   0.0000     -1.949 0.000   0 -99.00   46.4       -506.7256        -1008.94   243 180.0000   0.0000     -1.902 0.000   0 -99.00    0.018
2018-05-01-21:53:10 1.11  Mocks_Em/MockNFW40ellip5loga2.08PA50center0With_background20num17.dat Nelder-Mead  1.0e-04 0 0 0 0     NFW        0.0000   0.0000     -1.943 0.000   0 -99.00   48.5       -530.2152        -1055.92   243 180.0000   0.0000     -1.873 0.000   0 -99.00    0.018
2018-05-01-21:53:10 1.11  Mocks_Em/MockNFW40ellip5loga2.08PA50center0With_background20num18.dat Nelder-Mead  1.0e-04 0 0 0 0     NFW        0.0000   0.0000     -1.938 0.000   0 -99.00   51.6       -550.1604        -1095.81   243 180.0000   0.0000     -1.938 0.000   0 -99.00    0.019
2018-05-01-21:53:10 1.11  Mocks_Em/MockNFW40ellip5loga2.08PA50center0With_background20num19.dat Nelder-Mead  1.0e-04 0 0 0 0     NFW        0.0000   0.0000     -1.953 0.000   0 -99.00   44.5       -495.9526       -987.3944   243 180.0000   0.0000     -1.905 0.000   0 -99.00    0.018
2018-05-01-21:53:10 1.11  Mocks_Em/MockNFW40ellip5loga2.08PA50center0With_background20num20.dat Nelder-Mead  1.0e-04 0 0 0 0     NFW        0.0000   0.0000     -1.952 0.000   0 -99.00   43.6       -476.7838       -949.0567   243 180.0000   0.0000     -1.881 0.000   0 -99.00    0.018
2018-05-01-21:53:10 1.11  Mocks_Em/MockNFW40ellip5loga2.08PA50center0With_background20num21.dat Nelder-Mead  1.0e-04 0 0 0 0     NFW        0.0000   0.0000     -1.940 0.000   0 -99.00   45.3       -484.2469       -963.9829   243 180.0000   0.0000     -1.892 0.000   0 -99.00    0.018
2018-05-01-21:53:10 1.11  Mocks_Em/MockNFW40ellip5loga2.08PA50center0With_background20num22.dat Nelder-Mead  1.0e-04 0 0 0 0     NFW        0.0000   0.0000     -1.958 0.000   0 -99.00   46.6       -519.2872       -1034.064   243 180.0000   0.0000     -1.910 0.000   0 -99.00    0.019
2018-05-01-21:53:10 1.11  Mocks_Em/MockNFW40ellip5loga2.08PA50center0With_background20num23.dat Nelder-Mead  1.0e-04 0 0 0 0     NFW        0.0000   0.0000     -1.969 0.000   0 -99.00   43.6       -509.2579       -1014.005   243 180.0000   0.0000     -1.921 0.000   0 -99.00    0.018
2018-05-01-21:53:10 1.11  Mocks_Em/MockNFW40ellip5loga2.08PA50center0With_background20num24.dat Nelder-Mead  1.0e-04 0 0 0 0     NFW        0.0000   0.0000     -1.945 0.000   0 -99.00   45.1       -487.9785       -971.4462   243 180.0000   0.0000     -1.898 0.000   0 -99.00    0.018
2018-05-01-21:53:10 1.11  Mocks_Em/MockNFW40ellip5loga2.08PA50center0With_background20num25.dat Nelder-Mead  1.0e-04 0 0 0 0     NFW        0.0000   0.0000     -1.996 0.000   0 -99.00   38.7       -487.6466       -970.7824   243 180.0000   0.0000     -1.901 0.000   0 -99.00    0.018
2018-05-01-21:53:10 1.11  Mocks_Em/MockNFW40ellip5loga2.08PA50center0With_background20num26.dat Nelder-Mead  1.0e-04 0 0 0 0     NFW        0.0000   0.0000     -1.964 0.000   0 -99.00   42.6        -490.117       -975.7232   243 180.0000   0.0000     -1.917 0.000   0 -99.00    0.018
2018-05-01-21:53:10 1.11  Mocks_Em/MockNFW40ellip5loga2.08PA50center0With_background20num27.dat Nelder-Mead  1.0e-04 0 0 0 0     NFW        0.0000   0.0000     -1.926 0.000   0 -99.00   47.5       -485.2353       -965.9597   243 180.0000   0.0000     -1.857 0.000   0 -99.00    0.018
2018-05-01-21:53:10 1.11  Mocks_Em/MockNFW40ellip5loga2.08PA50center0With_background20num28.dat Nelder-Mead  1.0e-04 0 0 0 0     NFW        0.0000   0.0000     -1.942 0.000   0 -99.00   49.2       -532.7917       -1061.073   243 180.0000   0.0000     -1.895 0.000   0 -99.00    0.019
2018-05-01-21:53:10 1.11  Mocks_Em/MockNFW40ellip5loga2.08PA50center0With_background20num29.dat Nelder-Mead  1.0e-04 0 0 0 0     NFW        0.0000   0.0000     -1.929 0.000   0 -99.00   52.7        -544.598       -1084.685   243 180.0000   0.0000     -1.929 0.000   0 -99.00    0.019
2018-05-01-21:53:10 1.11  Mocks_Em/MockNFW40ellip5loga2.08PA50center0With_background20num30.dat Nelder-Mead  1.0e-04 0 0 0 0     NFW        0.0000   0.0000     -1.932 0.000   0 -99.00   45.4       -477.8483       -951.1857   243 180.0000   0.0000     -1.885 0.000   0 -99.00    0.018
2018-05-01-21:53:10 1.11  Mocks_Em/MockNFW40ellip5loga2.08PA50center0With_background20num31.dat Nelder-Mead  1.0e-04 0 0 0 0     NFW        0.0000   0.0000     -1.977 0.000   0 -99.00   42.5       -510.3135       -1016.116   243 180.0000   0.0000     -1.977 0.000   0 -99.00    0.019
2018-05-01-21:53:10 1.11  Mocks_Em/MockNFW40ellip5loga2.08PA50center0With_background20num32.dat Nelder-Mead  1.0e-04 0 0 0 0     NFW        0.0000   0.0000     -1.941 0.000   0 -99.00   48.8       -521.4512       -1038.392   243 180.0000   0.0000     -1.894 0.000   0 -99.00    0.018
2018-05-01-21:53:10 1.11  Mocks_Em/MockNFW40ellip5loga2.08PA50center0With_background20num33.dat Nelder-Mead  1.0e-04 0 0 0 0     NFW        0.0000   0.0000     -1.933 0.000   0 -99.00   49.3        -517.799       -1031.087   243 180.0000   0.0000     -1.933 0.000   0 -99.00    0.019
2018-05-01-21:53:10 1.11  Mocks_Em/MockNFW40ellip5loga2.08PA50center0With_background20num34.dat Nelder-Mead  1.0e-04 0 0 0 0     NFW        0.0000   0.0000     -1.941 0.000   0 -99.00   50.4       -543.6567       -1082.803   243 180.0000   0.0000     -1.941 0.000   0 -99.00    0.019
2018-05-01-21:53:10 1.11  Mocks_Em/MockNFW40ellip5loga2.08PA50center0With_background20num35.dat Nelder-Mead  1.0e-04 0 0 0 0     NFW        0.0000   0.0000     -1.921 0.000   0 -99.00   46.1       -472.7969        -941.083   243 180.0000   0.0000     -1.852 0.000   0 -99.00    0.018
2018-05-01-21:53:10 1.11  Mocks_Em/MockNFW40ellip5loga2.08PA50center0With_background20num36.dat Nelder-Mead  1.0e-04 0 0 0 0     NFW        0.0000   0.0000     -1.952 0.000   0 -99.00   44.8       -494.4382       -984.3655   243 180.0000   0.0000     -1.952 0.000   0 -99.00    0.019
2018-05-01-21:53:10 1.11  Mocks_Em/MockNFW40ellip5loga2.08PA50center0With_background20num37.dat Nelder-Mead  1.0e-04 0 0 0 0     NFW        0.0000   0.0000     -1.931 0.000   0 -99.00   47.1       -490.9749       -977.4389   243 180.0000   0.0000     -1.931 0.000   0 -99.00    0.018
2018-05-01-21:53:10 1.11  Mocks_Em/MockNFW40ellip5loga2.08PA50center0With_background20num38.dat Nelder-Mead  1.0e-04 0 0 0 0     NFW        0.0000   0.0000     -1.991 0.000   0 -99.00   44.2       -549.8686       -1095.226   243 180.0000   0.0000     -1.935 0.000   0 -99.00    0.019
2018-05-01-21:53:10 1.11  Mocks_Em/MockNFW40ellip5loga2.08PA50center0With_background20num39.dat Nelder-Mead  1.0e-04 0 0 0 0     NFW        0.0000   0.0000     -1.938 0.000   0 -99.00   54.9       -587.2231       -1169.935   243 180.0000   0.0000     -1.938 0.000   0 -99.00    0.019
2018-05-01-21:53:10 1.11  Mocks_Em/MockNFW40ellip5loga2.08PA50center0With_background20num40.dat Nelder-Mead  1.0e-04 0 0 0 0     NFW        0.0000   0.0000     -1.966 0.000   0 -99.00   47.8       -551.0202       -1097.529   243 180.0000   0.0000     -1.966 0.000   0 -99.00    0.019
2018-05-01-21:53:10 1.11  Mocks_Em/MockNFW40ellip5loga2.08PA50center0With_background20num41.dat Nelder-Mead  1.0e-04 0 0 0 0     NFW        0.0000   0.0000     -1.988 0.000   0 -99.00   47.5       -579.8543       -1155.198   243 180.0000   0.0000     -1.988 0.000   0 -99.00    0.019
2018-05-01-21:53:10 1.11  Mocks_Em/MockNFW40ellip5loga2.08PA50center0With_background20num42.dat Nelder-Mead  1.0e-04 0 0 0 0     NFW        0.0000   0.0000     -2.011 0.000   0 -99.00   34.4       -455.7885       -907.0662   243 180.0000   0.0000     -1.915 0.000   0 -99.00    0.018
2018-05-01-21:53:10 1.11  Mocks_Em/MockNFW40ellip5loga2.08PA50center0With_background20num43.dat Nelder-Mead  1.0e-04 0 0 0 0     NFW        0.0000   0.0000     -2.036 0.000   0 -99.00   35.7       -507.2901       -1010.069   243 180.0000   0.0000     -1.939 0.000   0 -99.00    0.018
2018-05-01-21:53:10 1.11  Mocks_Em/MockNFW40ellip5loga2.08PA50center0With_background20num44.dat Nelder-Mead  1.0e-04 0 0 0 0     NFW        0.0000   0.0000     -1.958 0.000   0 -99.00   50.4       -565.6598       -1126.809   243 180.0000   0.0000     -1.910 0.000   0 -99.00    0.019
2018-05-01-21:53:10 1.11  Mocks_Em/MockNFW40ellip5loga2.08PA50center0With_background20num45.dat Nelder-Mead  1.0e-04 0 0 0 0     NFW        0.0000   0.0000     -1.967 0.000   0 -99.00   46.3         -535.44       -1066.369   243 180.0000   0.0000     -1.919 0.000   0 -99.00    0.018
2018-05-01-21:53:10 1.11  Mocks_Em/MockNFW40ellip5loga2.08PA50center0With_background20num46.dat Nelder-Mead  1.0e-04 0 0 0 0     NFW        0.0000   0.0000     -2.014 0.000   0 -99.00   38.3       -507.8955        -1011.28   243 180.0000   0.0000     -1.918 0.000   0 -99.00    0.018
2018-05-01-21:53:10 1.11  Mocks_Em/MockNFW40ellip5loga2.08PA50center0With_background20num47.dat Nelder-Mead  1.0e-04 0 0 0 0     NFW        0.0000   0.0000     -1.923 0.000   0 -99.00   50.6       -521.8539       -1039.197   243 180.0000   0.0000     -1.923 0.000   0 -99.00    0.019
2018-05-01-21:53:10 1.11  Mocks_Em/MockNFW40ellip5loga2.08PA50center0With_background20num48.dat Nelder-Mead  1.0e-04 0 0 0 0     NFW        0.0000   0.0000     -1.954 0.000   0 -99.00   48.9       -547.5838       -1090.657   243 180.0000   0.0000     -1.906 0.000   0 -99.00    0.019
2018-05-01-21:53:10 1.11  Mocks_Em/MockNFW40ellip5loga2.08PA50center0With_background20num49.dat Nelder-Mead  1.0e-04 0 0 0 0     NFW        0.0000   0.0000     -1.963 0.000   0 -99.00   44.4         -510.09       -1015.669   243 180.0000   0.0000     -1.915 0.000   0 -99.00    0.019
2018-05-01-21:53:10 1.11  Mocks_Em/MockNFW40ellip5loga2.08PA50center0With_background20num50.dat Nelder-Mead  1.0e-04 0 0 0 0     NFW        0.0000   0.0000     -1.942 0.000   0 -99.00   41.8        -450.637        -896.763   243 180.0000   0.0000     -1.872 0.000   0 -99.00    0.018
2018-05-01-21:53:10 1.11  Mocks_Em/MockNFW40ellip5loga2.08PA50center0With_background20num51.dat Nelder-Mead  1.0e-04 0 0 0 0     NFW        0.0000   0.0000     -1.943 0.000   0 -99.00   49.3       -535.4758       -1066.441   243 180.0000   0.0000     -1.895 0.000   0 -99.00    0.019
2018-05-01-21:53:10 1.11  Mocks_Em/MockNFW40ellip5loga2.08PA50center0With_background20num52.dat Nelder-Mead  1.0e-04 0 0 0 0     NFW        0.0000   0.0000     -1.940 0.000   0 -99.00   40.3       -428.0088       -851.5067   243 180.0000   0.0000     -1.870 0.000   0 -99.00    0.018
2018-05-01-21:53:10 1.11  Mocks_Em/MockNFW40ellip5loga2.08PA50center0With_background20num53.dat Nelder-Mead  1.0e-04 0 0 0 0     NFW        0.0000   0.0000     -1.938 0.000   0 -99.00   46.4       -488.2176       -971.9244   243 180.0000   0.0000     -1.868 0.000   0 -99.00    0.018
2018-05-01-21:53:10 1.11  Mocks_Em/MockNFW40ellip5loga2.08PA50center0With_background20num54.dat Nelder-Mead  1.0e-04 0 0 0 0     NFW        0.0000   0.0000     -1.925 0.000   0 -99.00   53.2       -546.5822       -1088.653   243 180.0000   0.0000     -1.925 0.000   0 -99.00    0.019
2018-05-01-21:53:10 1.11  Mocks_Em/MockNFW40ellip5loga2.08PA50center0With_background20num55.dat Nelder-Mead  1.0e-04 0 0 0 0     NFW        0.0000   0.0000     -1.933 0.000   0 -99.00   45.8       -483.5582       -962.6055   243 180.0000   0.0000     -1.886 0.000   0 -99.00    0.019
2018-05-01-21:53:10 1.11  Mocks_Em/MockNFW40ellip5loga2.08PA50center0With_background20num56.dat Nelder-Mead  1.0e-04 0 0 0 0     NFW        0.0000   0.0000     -1.942 0.000   0 -99.00   47.2       -505.6686       -1006.826   243 180.0000   0.0000     -1.895 0.000   0 -99.00    0.019
2018-05-01-21:53:10 1.11  Mocks_Em/MockNFW40ellip5loga2.08PA50center0With_background20num57.dat Nelder-Mead  1.0e-04 0 0 0 0     NFW        0.0000   0.0000     -1.948 0.000   0 -99.00   43.6       -481.0892       -957.6675   243 180.0000   0.0000     -1.900 0.000   0 -99.00    0.018
2018-05-01-21:53:10 1.11  Mocks_Em/MockNFW40ellip5loga2.08PA50center0With_background20num58.dat Nelder-Mead  1.0e-04 0 0 0 0     NFW        0.0000   0.0000     -1.933 0.000   0 -99.00   48.5       -509.9151       -1015.319   243 180.0000   0.0000     -1.886 0.000   0 -99.00    0.019
2018-05-01-21:53:10 1.11  Mocks_Em/MockNFW40ellip5loga2.08PA50center0With_background20num59.dat Nelder-Mead  1.0e-04 0 0 0 0     NFW        0.0000   0.0000     -1.928 0.000   0 -99.00   46.7       -488.8511       -973.1913   243 180.0000   0.0000     -1.881 0.000   0 -99.00    0.018
2018-05-01-21:53:10 1.11  Mocks_Em/MockNFW40ellip5loga2.08PA50center0With_background20num60.dat Nelder-Mead  1.0e-04 0 0 0 0     NFW        0.0000   0.0000     -1.937 0.000   0 -99.00   45.9       -491.4335       -978.3561   243 180.0000   0.0000     -1.890 0.000   0 -99.00    0.018
2018-05-01-21:53:10 1.11  Mocks_Em/MockNFW40ellip5loga2.08PA50center0With_background20num61.dat Nelder-Mead  1.0e-04 0 0 0 0     NFW        0.0000   0.0000     -1.926 0.000   0 -99.00   44.1        -456.078        -907.645   243 180.0000   0.0000     -1.845 0.000   0 -99.00    0.018
2018-05-01-21:53:10 1.11  Mocks_Em/MockNFW40ellip5loga2.08PA50center0With_background20num62.dat Nelder-Mead  1.0e-04 0 0 0 0     NFW        0.0000   0.0000     -1.955 0.000   0 -99.00   46.2       -518.3201       -1032.129   243 180.0000   0.0000     -1.908 0.000   0 -99.00    0.019
2018-05-01-21:53:10 1.11  Mocks_Em/MockNFW40ellip5loga2.08PA50center0With_background20num63.dat Nelder-Mead  1.0e-04 0 0 0 0     NFW        0.0000   0.0000     -1.974 0.000   0 -99.00   43.3        -508.253       -1011.995   243 180.0000   0.0000     -1.926 0.000   0 -99.00    0.018
2018-05-01-21:53:10 1.11  Mocks_Em/MockNFW40ellip5loga2.08PA50center0With_background20num64.dat Nelder-Mead  1.0e-04 0 0 0 0     NFW        0.0000   0.0000     -1.948 0.000   0 -99.00   47.6       -518.1705        -1031.83   243 180.0000   0.0000     -1.901 0.000   0 -99.00    0.019
2018-05-01-21:53:10 1.11  Mocks_Em/MockNFW40ellip5loga2.08PA50center0With_background20num65.dat Nelder-Mead  1.0e-04 0 0 0 0     NFW        0.0000   0.0000     -2.063 0.000   0 -99.00   36.0       -544.6725       -1084.834   243 180.0000   0.0000     -1.965 0.000   0 -99.00    0.019
2018-05-01-21:53:10 1.11  Mocks_Em/MockNFW40ellip5loga2.08PA50center0With_background20num66.dat Nelder-Mead  1.0e-04 0 0 0 0     NFW        0.0000   0.0000     -1.923 0.000   0 -99.00   49.8       -509.0375       -1013.564   243 180.0000   0.0000     -1.876 0.000   0 -99.00    0.018
2018-05-01-21:53:10 1.11  Mocks_Em/MockNFW40ellip5loga2.08PA50center0With_background20num67.dat Nelder-Mead  1.0e-04 0 0 0 0     NFW        0.0000   0.0000     -1.922 0.000   0 -99.00   50.5       -518.7022       -1032.894   243 180.0000   0.0000     -1.875 0.000   0 -99.00    0.018
2018-05-01-21:53:10 1.11  Mocks_Em/MockNFW40ellip5loga2.08PA50center0With_background20num68.dat Nelder-Mead  1.0e-04 0 0 0 0     NFW        0.0000   0.0000     -1.933 0.000   0 -99.00   44.7       -475.1321       -945.7534   243 180.0000   0.0000     -1.864 0.000   0 -99.00    0.018
2018-05-01-21:53:10 1.11  Mocks_Em/MockNFW40ellip5loga2.08PA50center0With_background20num69.dat Nelder-Mead  1.0e-04 0 0 0 0     NFW        0.0000   0.0000     -1.943 0.000   0 -99.00   49.2       -524.9635       -1045.416   243 180.0000   0.0000     -1.943 0.000   0 -99.00    0.019
2018-05-01-21:53:10 1.11  Mocks_Em/MockNFW40ellip5loga2.08PA50center0With_background20num70.dat Nelder-Mead  1.0e-04 0 0 0 0     NFW        0.0000   0.0000     -1.950 0.000   0 -99.00   44.0       -489.5658       -974.6207   243 180.0000   0.0000     -1.903 0.000   0 -99.00    0.018
2018-05-01-21:53:10 1.11  Mocks_Em/MockNFW40ellip5loga2.08PA50center0With_background20num71.dat Nelder-Mead  1.0e-04 0 0 0 0     NFW        0.0000   0.0000     -1.965 0.000   0 -99.00   43.7       -508.3496       -1012.188   243 180.0000   0.0000     -1.917 0.000   0 -99.00    0.018
2018-05-01-21:53:10 1.11  Mocks_Em/MockNFW40ellip5loga2.08PA50center0With_background20num72.dat Nelder-Mead  1.0e-04 0 0 0 0     NFW        0.0000   0.0000     -1.939 0.000   0 -99.00   42.2       -440.7094       -876.9079   243 180.0000   0.0000     -1.869 0.000   0 -99.00    0.018
2018-05-01-21:53:10 1.11  Mocks_Em/MockNFW40ellip5loga2.08PA50center0With_background20num73.dat Nelder-Mead  1.0e-04 0 0 0 0     NFW        0.0000   0.0000     -1.940 0.000   0 -99.00   49.6       -534.0841       -1063.657   243 180.0000   0.0000     -1.893 0.000   0 -99.00    0.019
2018-05-01-21:53:10 1.11  Mocks_Em/MockNFW40ellip5loga2.08PA50center0With_background20num74.dat Nelder-Mead  1.0e-04 0 0 0 0     NFW        0.0000   0.0000     -1.985 0.000   0 -99.00   48.6       -594.9397       -1185.369   243 180.0000   0.0000     -1.985 0.000   0 -99.00    0.019
2018-05-01-21:53:10 1.11  Mocks_Em/MockNFW40ellip5loga2.08PA50center0With_background20num75.dat Nelder-Mead  1.0e-04 0 0 0 0     NFW        0.0000   0.0000     -1.946 0.000   0 -99.00   45.3       -489.2958       -974.0808   243 180.0000   0.0000     -1.899 0.000   0 -99.00    0.018
2018-05-01-21:53:10 1.11  Mocks_Em/MockNFW40ellip5loga2.08PA50center0With_background20num76.dat Nelder-Mead  1.0e-04 0 0 0 0     NFW        0.0000   0.0000     -1.965 0.000   0 -99.00   46.8       -540.3433       -1076.176   243 180.0000   0.0000     -1.965 0.000   0 -99.00    0.019
2018-05-01-21:53:10 1.11  Mocks_Em/MockNFW40ellip5loga2.08PA50center0With_background20num77.dat Nelder-Mead  1.0e-04 0 0 0 0     NFW        0.0000   0.0000     -1.987 0.000   0 -99.00   37.6       -457.6293       -910.7477   243 180.0000   0.0000     -1.893 0.000   0 -99.00    0.018
2018-05-01-21:53:10 1.11  Mocks_Em/MockNFW40ellip5loga2.08PA50center0With_background20num78.dat Nelder-Mead  1.0e-04 0 0 0 0     NFW        0.0000   0.0000     -1.939 0.000   0 -99.00   51.2       -547.0161       -1089.521   243 180.0000   0.0000     -1.869 0.000   0 -99.00    0.019
2018-05-01-21:53:10 1.11  Mocks_Em/MockNFW40ellip5loga2.08PA50center0With_background20num79.dat Nelder-Mead  1.0e-04 0 0 0 0     NFW        0.0000   0.0000     -1.977 0.000   0 -99.00   42.2       -509.6158       -1014.721   243 180.0000   0.0000     -1.938 0.000   0 -99.00    0.019
2018-05-01-21:53:10 1.11  Mocks_Em/MockNFW40ellip5loga2.08PA50center0With_background20num80.dat Nelder-Mead  1.0e-04 0 0 0 0     NFW        0.0000   0.0000     -1.966 0.000   0 -99.00   43.0       -496.9486       -989.3864   243 180.0000   0.0000     -1.918 0.000   0 -99.00    0.019
2018-05-01-21:53:10 1.11  Mocks_Em/MockNFW40ellip5loga2.08PA50center0With_background20num81.dat Nelder-Mead  1.0e-04 0 0 0 0     NFW        0.0000   0.0000     -1.940 0.000   0 -99.00   51.1       -554.1599       -1103.809   243 180.0000   0.0000     -1.940 0.000   0 -99.00    0.019
2018-05-01-21:53:10 1.11  Mocks_Em/MockNFW40ellip5loga2.08PA50center0With_background20num82.dat Nelder-Mead  1.0e-04 0 0 0 0     NFW        0.0000   0.0000     -1.934 0.000   0 -99.00   50.6       -538.6283       -1072.746   243 180.0000   0.0000     -1.934 0.000   0 -99.00    0.019
2018-05-01-21:53:10 1.11  Mocks_Em/MockNFW40ellip5loga2.08PA50center0With_background20num83.dat Nelder-Mead  1.0e-04 0 0 0 0     NFW        0.0000   0.0000     -1.924 0.000   0 -99.00   48.8       -505.0109       -1005.511   243 180.0000   0.0000     -1.877 0.000   0 -99.00    0.019
2018-05-01-21:53:10 1.11  Mocks_Em/MockNFW40ellip5loga2.08PA50center0With_background20num84.dat Nelder-Mead  1.0e-04 0 0 0 0     NFW        0.0000   0.0000     -1.965 0.000   0 -99.00   43.6       -501.7597       -999.0085   243 180.0000   0.0000     -1.917 0.000   0 -99.00    0.018
2018-05-01-21:53:10 1.11  Mocks_Em/MockNFW40ellip5loga2.08PA50center0With_background20num85.dat Nelder-Mead  1.0e-04 0 0 0 0     NFW        0.0000   0.0000     -1.942 0.000   0 -99.00   44.4       -460.9839        -917.457   243 180.0000   0.0000     -1.860 0.000   0 -99.00    0.018
2018-05-01-21:53:10 1.11  Mocks_Em/MockNFW40ellip5loga2.08PA50center0With_background20num86.dat Nelder-Mead  1.0e-04 0 0 0 0     NFW        0.0000   0.0000     -1.923 0.000   0 -99.00   48.2       -496.1117       -987.7126   243 180.0000   0.0000     -1.876 0.000   0 -99.00    0.019
2018-05-01-21:53:10 1.11  Mocks_Em/MockNFW40ellip5loga2.08PA50center0With_background20num87.dat Nelder-Mead  1.0e-04 0 0 0 0     NFW        0.0000   0.0000     -2.037 0.000   0 -99.00   35.3       -496.2073       -987.9037   243 180.0000   0.0000     -1.940 0.000   0 -99.00    0.019
2018-05-01-21:53:10 1.11  Mocks_Em/MockNFW40ellip5loga2.08PA50center0With_background20num88.dat Nelder-Mead  1.0e-04 0 0 0 0     NFW        0.0000   0.0000     -1.930 0.000   0 -99.00   48.1       -498.5264       -992.5419   243 180.0000   0.0000     -1.883 0.000   0 -99.00    0.018
2018-05-01-21:53:10 1.11  Mocks_Em/MockNFW40ellip5loga2.08PA50center0With_background20num89.dat Nelder-Mead  1.0e-04 0 0 0 0     NFW        0.0000   0.0000     -1.962 0.000   0 -99.00   48.4       -543.3378       -1082.165   243 180.0000   0.0000     -1.962 0.000   0 -99.00    0.019
2018-05-01-21:53:10 1.11  Mocks_Em/MockNFW40ellip5loga2.08PA50center0With_background20num90.dat Nelder-Mead  1.0e-04 0 0 0 0     NFW        0.0000   0.0000     -1.939 0.000   0 -99.00   44.0       -471.4979       -938.4849   243 180.0000   0.0000     -1.869 0.000   0 -99.00    0.018
2018-05-01-21:53:10 1.11  Mocks_Em/MockNFW40ellip5loga2.08PA50center0With_background20num91.dat Nelder-Mead  1.0e-04 0 0 0 0     NFW        0.0000   0.0000     -1.925 0.000   0 -99.00   46.6       -485.0633       -965.6157   243 180.0000   0.0000     -1.925 0.000   0 -99.00    0.019
2018-05-01-21:53:10 1.11  Mocks_Em/MockNFW40ellip5loga2.08PA50center0With_background20num92.dat Nelder-Mead  1.0e-04 0 0 0 0     NFW        0.0000   0.0000     -1.956 0.000   0 -99.00   44.8       -499.0018       -993.4927   243 180.0000   0.0000     -1.908 0.000   0 -99.00    0.018
2018-05-01-21:53:10 1.11  Mocks_Em/MockNFW40ellip5loga2.08PA50center0With_background20num93.dat Nelder-Mead  1.0e-04 0 0 0 0     NFW        0.0000   0.0000     -1.924 0.000   0 -99.00   48.4       -495.5898       -986.6688   243 180.0000   0.0000     -1.877 0.000   0 -99.00    0.018
2018-05-01-21:53:10 1.11  Mocks_Em/MockNFW40ellip5loga2.08PA50center0With_background20num94.dat Nelder-Mead  1.0e-04 0 0 0 0     NFW        0.0000   0.0000     -1.969 0.000   0 -99.00   38.4        -454.516       -904.5211   243 180.0000   0.0000     -1.878 0.000   0 -99.00    0.018
2018-05-01-21:53:10 1.11  Mocks_Em/MockNFW40ellip5loga2.08PA50center0With_background20num95.dat Nelder-Mead  1.0e-04 0 0 0 0     NFW        0.0000   0.0000     -1.956 0.000   0 -99.00   42.1       -473.7057       -942.9004   243 180.0000   0.0000     -1.909 0.000   0 -99.00    0.018
2018-05-01-21:53:10 1.11  Mocks_Em/MockNFW40ellip5loga2.08PA50center0With_background20num96.dat Nelder-Mead  1.0e-04 0 0 0 0     NFW        0.0000   0.0000     -1.980 0.000   0 -99.00   44.5       -525.4619       -1046.413   243 180.0000   0.0000     -1.932 0.000   0 -99.00    0.019
2018-05-01-21:53:10 1.11  Mocks_Em/MockNFW40ellip5loga2.08PA50center0With_background20num97.dat Nelder-Mead  1.0e-04 0 0 0 0     NFW        0.0000   0.0000     -1.932 0.000   0 -99.00   50.0        -527.099       -1049.687   243 180.0000   0.0000     -1.885 0.000   0 -99.00    0.019
2018-05-01-21:53:10 1.11  Mocks_Em/MockNFW40ellip5loga2.08PA50center0With_background20num98.dat Nelder-Mead  1.0e-04 0 0 0 0     NFW        0.0000   0.0000     -1.934 0.000   0 -99.00   41.8       -440.9298       -877.3487   243 180.0000   0.0000     -1.853 0.000   0 -99.00    0.018
2018-05-01-21:53:10 1.11  Mocks_Em/MockNFW40ellip5loga2.08PA50center0With_background20num99.dat Nelder-Mead  1.0e-04 0 0 0 0     NFW        0.0000   0.0000     -1.944 0.000   0 -99.00   45.6       -499.2484        -993.986   243 180.0000   0.0000     -1.896 0.000   0 -99.00    0.018
