2018-05-01-21:51:56 1.11  Mocks_Em/MockNFW640ellip5loga2.08PA50center0With_background20num0.dat TNC          1.0e-04 0 0 0 0     NFW        0.0000   0.0000     -2.341 0.000   0 -99.00  154.3       -4399.054       -8791.569    26 180.0000   0.0000     -2.022 0.000   0 -99.00    0.062
2018-05-01-21:51:56 1.11  Mocks_Em/MockNFW640ellip5loga2.08PA50center0With_background20num1.dat TNC          1.0e-04 0 0 0 0     NFW        0.0000   0.0000     -2.255 0.000   0 -99.00  188.3        -4465.95       -8925.361    27 180.0000   0.0000     -2.033 0.000   0 -99.00    0.064
2018-05-01-21:51:56 1.11  Mocks_Em/MockNFW640ellip5loga2.08PA50center0With_background20num2.dat TNC          1.0e-04 0 0 0 0     NFW        0.0000   0.0000     -1.970 0.000   0 -99.00  376.4       -4450.843       -8895.148    70 180.0000   0.0000     -1.980 0.000   0 -99.00    0.159
2018-05-01-21:51:56 1.11  Mocks_Em/MockNFW640ellip5loga2.08PA50center0With_background20num3.dat TNC          1.0e-04 0 0 0 0     NFW        0.0000   0.0000     -2.281 0.000   0 -99.00  178.9       -4475.322       -8944.105    30 180.0000   0.0000     -2.026 0.000   0 -99.00    0.071
2018-05-01-21:51:56 1.11  Mocks_Em/MockNFW640ellip5loga2.08PA50center0With_background20num4.dat TNC          1.0e-04 0 0 0 0     NFW        0.0000   0.0000     -2.194 0.000   0 -99.00  216.4       -4486.548       -8966.559    20 180.0000   0.0000     -2.008 0.000   0 -99.00    0.048
2018-05-01-21:51:56 1.11  Mocks_Em/MockNFW640ellip5loga2.08PA50center0With_background20num5.dat TNC          1.0e-04 0 0 0 0     NFW        0.0000   0.0000     -2.244 0.000   0 -99.00  185.6       -4300.787       -8595.036    27 180.0000   0.0000     -2.008 0.000   0 -99.00    0.063
2018-05-01-21:51:56 1.11  Mocks_Em/MockNFW640ellip5loga2.08PA50center0With_background20num6.dat TNC          1.0e-04 0 0 0 0     NFW        0.0000   0.0000     -2.165 0.000   0 -99.00  232.5       -4496.767       -8986.995    34 180.0000   0.0000     -1.997 0.000   0 -99.00    0.094
2018-05-01-21:51:56 1.11  Mocks_Em/MockNFW640ellip5loga2.08PA50center0With_background20num7.dat TNC          1.0e-04 0 0 0 0     NFW        0.0000   0.0000     -2.314 0.000   0 -99.00  167.5       -4504.515       -9002.492    34 180.0000   0.0000     -2.024 0.000   0 -99.00    0.080
2018-05-01-21:51:56 1.11  Mocks_Em/MockNFW640ellip5loga2.08PA50center0With_background20num8.dat TNC          1.0e-04 0 0 0 0     NFW        0.0000   0.0000     -2.207 0.000   0 -99.00  203.9       -4343.845       -8681.153    67 180.0000   0.0000     -1.973 0.000   0 -99.00    0.155
2018-05-01-21:51:56 1.11  Mocks_Em/MockNFW640ellip5loga2.08PA50center0With_background20num9.dat TNC          1.0e-04 0 0 0 0     NFW        0.0000   0.0000     -2.141 0.000   0 -99.00  244.3       -4466.493       -8926.447    22 180.0000   0.0000     -1.997 0.000   0 -99.00    0.052
2018-05-01-21:51:56 1.11  Mocks_Em/MockNFW640ellip5loga2.08PA50center0With_background20num10.dat TNC          1.0e-04 0 0 0 0     NFW        0.0000   0.0000     -2.143 0.000   0 -99.00  234.7       -4324.633       -8642.729    25 180.0000   0.0000     -1.992 0.000   0 -99.00    0.059
2018-05-01-21:51:56 1.11  Mocks_Em/MockNFW640ellip5loga2.08PA50center0With_background20num11.dat TNC          1.0e-04 0 0 0 0     NFW        0.0000   0.0000     -2.214 0.000   0 -99.00  202.1       -4376.977       -8747.415    35 180.0000   0.0000     -1.983 0.000   0 -99.00    0.082
2018-05-01-21:51:56 1.11  Mocks_Em/MockNFW640ellip5loga2.08PA50center0With_background20num12.dat TNC          1.0e-04 0 0 0 0     NFW        0.0000   0.0000     -2.227 0.000   0 -99.00  197.0       -4395.152       -8783.765    25 180.0000   0.0000     -1.979 0.000   0 -99.00    0.059
2018-05-01-21:51:56 1.11  Mocks_Em/MockNFW640ellip5loga2.08PA50center0With_background20num13.dat TNC          1.0e-04 0 0 0 0     NFW        0.0000   0.0000     -2.187 0.000   0 -99.00  212.0       -4319.418       -8632.299    21 180.0000   0.0000     -1.985 0.000   0 -99.00    0.051
2018-05-01-21:51:56 1.11  Mocks_Em/MockNFW640ellip5loga2.08PA50center0With_background20num14.dat TNC          1.0e-04 0 0 0 0     NFW        0.0000   0.0000     -2.336 0.000   0 -99.00  159.7       -4497.587       -8988.636    28 180.0000   0.0000     -2.022 0.000   0 -99.00    0.067
2018-05-01-21:51:56 1.11  Mocks_Em/MockNFW640ellip5loga2.08PA50center0With_background20num15.dat TNC          1.0e-04 0 0 0 0     NFW        0.0000   0.0000     -2.235 0.000   0 -99.00  196.8       -4465.899       -8925.259    64 180.0000   0.0000     -2.017 0.000   0 -99.00    0.148
2018-05-01-21:51:56 1.11  Mocks_Em/MockNFW640ellip5loga2.08PA50center0With_background20num16.dat TNC          1.0e-04 0 0 0 0     NFW        0.0000   0.0000     -2.222 0.000   0 -99.00  197.5       -4352.225       -8697.911    53 180.0000   0.0000     -1.998 0.000   0 -99.00    0.123
2018-05-01-21:51:56 1.11  Mocks_Em/MockNFW640ellip5loga2.08PA50center0With_background20num17.dat TNC          1.0e-04 0 0 0 0     NFW        0.0000   0.0000     -2.210 0.000   0 -99.00  204.8         -4399.2       -8791.863    53 180.0000   0.0000     -2.009 0.000   0 -99.00    0.123
2018-05-01-21:51:56 1.11  Mocks_Em/MockNFW640ellip5loga2.08PA50center0With_background20num18.dat TNC          1.0e-04 0 0 0 0     NFW        0.0000   0.0000     -2.181 0.000   0 -99.00  219.2       -4405.556       -8804.574    43 180.0000   0.0000     -1.997 0.000   0 -99.00    0.100
2018-05-01-21:51:56 1.11  Mocks_Em/MockNFW640ellip5loga2.08PA50center0With_background20num19.dat TNC          1.0e-04 0 0 0 0     NFW        0.0000   0.0000     -2.272 0.000   0 -99.00  182.2       -4491.523       -8976.507    38 180.0000   0.0000     -2.015 0.000   0 -99.00    0.089
2018-05-01-21:51:56 1.11  Mocks_Em/MockNFW640ellip5loga2.08PA50center0With_background20num20.dat TNC          1.0e-04 0 0 0 0     NFW        0.0000   0.0000     -2.088 0.000   0 -99.00  264.9       -4259.308       -8512.078    68 180.0000   0.0000     -1.974 0.000   0 -99.00    0.156
2018-05-01-21:51:56 1.11  Mocks_Em/MockNFW640ellip5loga2.08PA50center0With_background20num21.dat TNC          1.0e-04 0 0 0 0     NFW        0.0000   0.0000     -2.150 0.000   0 -99.00  237.4       -4447.837       -8889.136    28 180.0000   0.0000     -2.004 0.000   0 -99.00    0.066
2018-05-01-21:51:56 1.11  Mocks_Em/MockNFW640ellip5loga2.08PA50center0With_background20num22.dat TNC          1.0e-04 0 0 0 0     NFW        0.0000   0.0000     -2.222 0.000   0 -99.00  206.1       -4546.833       -9087.129    30 180.0000   0.0000     -2.006 0.000   0 -99.00    0.070
2018-05-01-21:51:56 1.11  Mocks_Em/MockNFW640ellip5loga2.08PA50center0With_background20num23.dat TNC          1.0e-04 0 0 0 0     NFW        0.0000   0.0000     -2.154 0.000   0 -99.00  234.7       -4431.165       -8855.793    32 180.0000   0.0000     -1.992 0.000   0 -99.00    0.075
2018-05-01-21:51:56 1.11  Mocks_Em/MockNFW640ellip5loga2.08PA50center0With_background20num24.dat TNC          1.0e-04 0 0 0 0     NFW        0.0000   0.0000     -2.195 0.000   0 -99.00  217.0       -4505.611       -9004.683    34 180.0000   0.0000     -2.023 0.000   0 -99.00    0.080
2018-05-01-21:51:56 1.11  Mocks_Em/MockNFW640ellip5loga2.08PA50center0With_background20num25.dat TNC          1.0e-04 0 0 0 0     NFW        0.0000   0.0000     -2.302 0.000   0 -99.00  169.7        -4457.21       -8907.881    31 180.0000   0.0000     -2.020 0.000   0 -99.00    0.073
2018-05-01-21:51:56 1.11  Mocks_Em/MockNFW640ellip5loga2.08PA50center0With_background20num26.dat TNC          1.0e-04 0 0 0 0     NFW        0.0000   0.0000     -2.195 0.000   0 -99.00  216.6       -4496.179        -8985.82    24 180.0000   0.0000     -2.003 0.000   0 -99.00    0.057
2018-05-01-21:51:56 1.11  Mocks_Em/MockNFW640ellip5loga2.08PA50center0With_background20num27.dat TNC          1.0e-04 0 0 0 0     NFW        0.0000   0.0000     -2.114 0.000   0 -99.00  258.6       -4426.375       -8846.211    37 180.0000   0.0000     -2.003 0.000   0 -99.00    0.086
2018-05-01-21:51:56 1.11  Mocks_Em/MockNFW640ellip5loga2.08PA50center0With_background20num28.dat TNC          1.0e-04 0 0 0 0     NFW        0.0000   0.0000     -2.060 0.000   0 -99.00  298.6       -4484.258       -8961.977    37 180.0000   0.0000     -2.007 0.000   0 -99.00    0.087
2018-05-01-21:51:56 1.11  Mocks_Em/MockNFW640ellip5loga2.08PA50center0With_background20num29.dat TNC          1.0e-04 0 0 0 0     NFW        0.0000   0.0000     -2.121 0.000   0 -99.00  252.5       -4407.293       -8808.048    26 180.0000   0.0000     -1.993 0.000   0 -99.00    0.062
2018-05-01-21:51:56 1.11  Mocks_Em/MockNFW640ellip5loga2.08PA50center0With_background20num30.dat TNC          1.0e-04 0 0 0 0     NFW        0.0000   0.0000     -2.270 0.000   0 -99.00  180.7       -4426.486       -8846.433    45 180.0000   0.0000     -2.003 0.000   0 -99.00    0.105
2018-05-01-21:51:56 1.11  Mocks_Em/MockNFW640ellip5loga2.08PA50center0With_background20num31.dat TNC          1.0e-04 0 0 0 0     NFW        0.0000   0.0000     -2.160 0.000   0 -99.00  232.2       -4449.287       -8892.036    41 180.0000   0.0000     -2.012 0.000   0 -99.00    0.096
2018-05-01-21:51:56 1.11  Mocks_Em/MockNFW640ellip5loga2.08PA50center0With_background20num32.dat TNC          1.0e-04 0 0 0 0     NFW        0.0000   0.0000     -2.246 0.000   0 -99.00  194.5        -4523.62       -9040.703    33 180.0000   0.0000     -2.002 0.000   0 -99.00    0.078
2018-05-01-21:51:56 1.11  Mocks_Em/MockNFW640ellip5loga2.08PA50center0With_background20num33.dat TNC          1.0e-04 0 0 0 0     NFW        0.0000   0.0000     -2.308 0.000   0 -99.00  161.7        -4296.83       -8587.123    52 180.0000   0.0000     -1.983 0.000   0 -99.00    0.120
2018-05-01-21:51:56 1.11  Mocks_Em/MockNFW640ellip5loga2.08PA50center0With_background20num34.dat TNC          1.0e-04 0 0 0 0     NFW        0.0000   0.0000     -2.283 0.000   0 -99.00  172.9       -4355.929       -8705.319    27 180.0000   0.0000     -2.004 0.000   0 -99.00    0.064
2018-05-01-21:51:56 1.11  Mocks_Em/MockNFW640ellip5loga2.08PA50center0With_background20num35.dat TNC          1.0e-04 0 0 0 0     NFW        0.0000   0.0000     -2.143 0.000   0 -99.00  237.4       -4357.999        -8709.46    24 180.0000   0.0000     -1.986 0.000   0 -99.00    0.057
2018-05-01-21:51:56 1.11  Mocks_Em/MockNFW640ellip5loga2.08PA50center0With_background20num36.dat TNC          1.0e-04 0 0 0 0     NFW        0.0000   0.0000     -2.349 0.000   0 -99.00  158.5       -4588.367       -9170.196    21 180.0000   0.0000     -2.047 0.000   0 -99.00    0.051
2018-05-01-21:51:56 1.11  Mocks_Em/MockNFW640ellip5loga2.08PA50center0With_background20num37.dat TNC          1.0e-04 0 0 0 0     NFW        0.0000   0.0000     -2.200 0.000   0 -99.00  207.8       -4370.435       -8734.332    62 180.0000   0.0000     -2.009 0.000   0 -99.00    0.144
2018-05-01-21:51:56 1.11  Mocks_Em/MockNFW640ellip5loga2.08PA50center0With_background20num38.dat TNC          1.0e-04 0 0 0 0     NFW        0.0000   0.0000     -2.189 0.000   0 -99.00  213.8       -4366.299        -8726.06    55 180.0000   0.0000     -2.010 0.000   0 -99.00    0.128
2018-05-01-21:51:56 1.11  Mocks_Em/MockNFW640ellip5loga2.08PA50center0With_background20num39.dat TNC          1.0e-04 0 0 0 0     NFW        0.0000   0.0000     -2.202 0.000   0 -99.00  209.5       -4416.971       -8827.403    26 180.0000   0.0000     -2.001 0.000   0 -99.00    0.062
2018-05-01-21:51:56 1.11  Mocks_Em/MockNFW640ellip5loga2.08PA50center0With_background20num40.dat TNC          1.0e-04 0 0 0 0     NFW        0.0000   0.0000     -2.165 0.000   0 -99.00  233.3       -4512.417       -9018.296    21 180.0000   0.0000     -2.010 0.000   0 -99.00    0.051
2018-05-01-21:51:56 1.11  Mocks_Em/MockNFW640ellip5loga2.08PA50center0With_background20num41.dat TNC          1.0e-04 0 0 0 0     NFW        0.0000   0.0000     -2.259 0.000   0 -99.00  191.9        -4596.87       -9187.201    37 180.0000   0.0000     -2.032 0.000   0 -99.00    0.087
2018-05-01-21:51:56 1.11  Mocks_Em/MockNFW640ellip5loga2.08PA50center0With_background20num42.dat TNC          1.0e-04 0 0 0 0     NFW        0.0000   0.0000     -2.250 0.000   0 -99.00  186.4       -4379.923       -8753.308    24 180.0000   0.0000     -2.003 0.000   0 -99.00    0.057
2018-05-01-21:51:56 1.11  Mocks_Em/MockNFW640ellip5loga2.08PA50center0With_background20num43.dat TNC          1.0e-04 0 0 0 0     NFW        0.0000   0.0000     -2.173 0.000   0 -99.00  223.5       -4407.199       -8807.859    26 180.0000   0.0000     -2.002 0.000   0 -99.00    0.062
2018-05-01-21:51:56 1.11  Mocks_Em/MockNFW640ellip5loga2.08PA50center0With_background20num44.dat TNC          1.0e-04 0 0 0 0     NFW        0.0000   0.0000     -2.218 0.000   0 -99.00  200.7       -4389.439       -8772.341    21 180.0000   0.0000     -2.009 0.000   0 -99.00    0.051
2018-05-01-21:51:56 1.11  Mocks_Em/MockNFW640ellip5loga2.08PA50center0With_background20num45.dat TNC          1.0e-04 0 0 0 0     NFW        0.0000   0.0000     -2.141 0.000   0 -99.00  245.0       -4481.958       -8957.379    19 180.0000   0.0000     -1.999 0.000   0 -99.00    0.046
2018-05-01-21:51:56 1.11  Mocks_Em/MockNFW640ellip5loga2.08PA50center0With_background20num46.dat TNC          1.0e-04 0 0 0 0     NFW        0.0000   0.0000     -2.155 0.000   0 -99.00  235.3       -4461.532       -8916.526    21 180.0000   0.0000     -2.004 0.000   0 -99.00    0.051
2018-05-01-21:51:56 1.11  Mocks_Em/MockNFW640ellip5loga2.08PA50center0With_background20num47.dat TNC          1.0e-04 0 0 0 0     NFW        0.0000   0.0000     -2.169 0.000   0 -99.00  221.4        -4332.48       -8658.422    29 180.0000   0.0000     -1.998 0.000   0 -99.00    0.069
2018-05-01-21:51:56 1.11  Mocks_Em/MockNFW640ellip5loga2.08PA50center0With_background20num48.dat TNC          1.0e-04 0 0 0 0     NFW        0.0000   0.0000     -2.218 0.000   0 -99.00  200.0       -4375.779        -8745.02    26 180.0000   0.0000     -2.017 0.000   0 -99.00    0.061
2018-05-01-21:51:56 1.11  Mocks_Em/MockNFW640ellip5loga2.08PA50center0With_background20num49.dat TNC          1.0e-04 0 0 0 0     NFW        0.0000   0.0000     -2.196 0.000   0 -99.00  213.3       -4441.056       -8875.574    18 180.0000   0.0000     -2.012 0.000   0 -99.00    0.044
2018-05-01-21:51:56 1.11  Mocks_Em/MockNFW640ellip5loga2.08PA50center0With_background20num50.dat TNC          1.0e-04 0 0 0 0     NFW        0.0000   0.0000     -2.230 0.000   0 -99.00  200.0       -4496.507       -8986.477    34 180.0000   0.0000     -2.022 0.000   0 -99.00    0.080
2018-05-01-21:51:56 1.11  Mocks_Em/MockNFW640ellip5loga2.08PA50center0With_background20num51.dat TNC          1.0e-04 0 0 0 0     NFW        0.0000   0.0000     -2.187 0.000   0 -99.00  203.7       -4151.602       -8296.665    36 180.0000   0.0000     -1.966 0.000   0 -99.00    0.084
2018-05-01-21:51:56 1.11  Mocks_Em/MockNFW640ellip5loga2.08PA50center0With_background20num52.dat TNC          1.0e-04 0 0 0 0     NFW        0.0000   0.0000     -2.102 0.000   0 -99.00  266.7       -4444.812       -8883.086    36 180.0000   0.0000     -2.008 0.000   0 -99.00    0.085
2018-05-01-21:51:56 1.11  Mocks_Em/MockNFW640ellip5loga2.08PA50center0With_background20num53.dat TNC          1.0e-04 0 0 0 0     NFW        0.0000   0.0000     -2.258 0.000   0 -99.00  180.7       -4322.591       -8638.645    34 180.0000   0.0000     -2.017 0.000   0 -99.00    0.080
2018-05-01-21:51:56 1.11  Mocks_Em/MockNFW640ellip5loga2.08PA50center0With_background20num54.dat TNC          1.0e-04 0 0 0 0     NFW        0.0000   0.0000     -2.246 0.000   0 -99.00  198.6       -4623.163       -9239.787    47 180.0000   0.0000     -2.005 0.000   0 -99.00    0.110
2018-05-01-21:51:56 1.11  Mocks_Em/MockNFW640ellip5loga2.08PA50center0With_background20num55.dat TNC          1.0e-04 0 0 0 0     NFW        0.0000   0.0000     -2.069 0.000   0 -99.00  274.3       -4208.449       -8410.361    32 180.0000   0.0000     -1.962 0.000   0 -99.00    0.075
2018-05-01-21:51:56 1.11  Mocks_Em/MockNFW640ellip5loga2.08PA50center0With_background20num56.dat TNC          1.0e-04 0 0 0 0     NFW        0.0000   0.0000     -2.168 0.000   0 -99.00  229.6       -4482.316       -8958.094    42 180.0000   0.0000     -2.016 0.000   0 -99.00    0.098
2018-05-01-21:51:56 1.11  Mocks_Em/MockNFW640ellip5loga2.08PA50center0With_background20num57.dat TNC          1.0e-04 0 0 0 0     NFW        0.0000   0.0000     -2.306 0.000   0 -99.00  171.1       -4515.481       -9024.423    45 180.0000   0.0000     -2.020 0.000   0 -99.00    0.106
2018-05-01-21:51:56 1.11  Mocks_Em/MockNFW640ellip5loga2.08PA50center0With_background20num58.dat TNC          1.0e-04 0 0 0 0     NFW        0.0000   0.0000     -2.226 0.000   0 -99.00  205.4       -4575.088       -9143.637    39 180.0000   0.0000     -2.028 0.000   0 -99.00    0.092
2018-05-01-21:51:56 1.11  Mocks_Em/MockNFW640ellip5loga2.08PA50center0With_background20num59.dat TNC          1.0e-04 0 0 0 0     NFW        0.0000   0.0000     -2.170 0.000   0 -99.00  227.5       -4453.815       -8901.091    42 180.0000   0.0000     -2.005 0.000   0 -99.00    0.100
2018-05-01-21:51:56 1.11  Mocks_Em/MockNFW640ellip5loga2.08PA50center0With_background20num60.dat TNC          1.0e-04 0 0 0 0     NFW        0.0000   0.0000     -2.243 0.000   0 -99.00  193.7       -4473.427       -8940.315    21 180.0000   0.0000     -2.034 0.000   0 -99.00    0.051
2018-05-01-21:51:56 1.11  Mocks_Em/MockNFW640ellip5loga2.08PA50center0With_background20num61.dat TNC          1.0e-04 0 0 0 0     NFW        0.0000   0.0000     -2.266 0.000   0 -99.00  185.4       -4505.025       -9003.512    43 180.0000   0.0000     -2.014 0.000   0 -99.00    0.100
2018-05-01-21:51:56 1.11  Mocks_Em/MockNFW640ellip5loga2.08PA50center0With_background20num62.dat TNC          1.0e-04 0 0 0 0     NFW        0.0000   0.0000     -2.244 0.000   0 -99.00  189.8       -4402.726       -8798.913    50 180.0000   0.0000     -2.002 0.000   0 -99.00    0.120
2018-05-01-21:51:56 1.11  Mocks_Em/MockNFW640ellip5loga2.08PA50center0With_background20num63.dat TNC          1.0e-04 0 0 0 0     NFW        0.0000   0.0000     -2.163 0.000   0 -99.00  225.1       -4338.476       -8670.415    32 180.0000   0.0000     -1.997 0.000   0 -99.00    0.075
2018-05-01-21:51:56 1.11  Mocks_Em/MockNFW640ellip5loga2.08PA50center0With_background20num64.dat TNC          1.0e-04 0 0 0 0     NFW        0.0000   0.0000     -2.283 0.000   0 -99.00  175.6       -4429.891       -8853.243    31 180.0000   0.0000     -2.010 0.000   0 -99.00    0.073
2018-05-01-21:51:56 1.11  Mocks_Em/MockNFW640ellip5loga2.08PA50center0With_background20num65.dat TNC          1.0e-04 0 0 0 0     NFW        0.0000   0.0000     -2.159 0.000   0 -99.00  237.5       -4537.001       -9067.463    13 180.0000   0.0000     -2.018 0.000   0 -99.00    0.032
2018-05-01-21:51:56 1.11  Mocks_Em/MockNFW640ellip5loga2.08PA50center0With_background20num66.dat TNC          1.0e-04 0 0 0 0     NFW        0.0000   0.0000     -2.304 0.000   0 -99.00  173.4       -4575.694        -9144.85    33 180.0000   0.0000     -2.046 0.000   0 -99.00    0.077
2018-05-01-21:51:56 1.11  Mocks_Em/MockNFW640ellip5loga2.08PA50center0With_background20num67.dat TNC          1.0e-04 0 0 0 0     NFW        0.0000   0.0000     -2.296 0.000   0 -99.00  173.5       -4491.423       -8976.309    34 180.0000   0.0000     -2.029 0.000   0 -99.00    0.080
2018-05-01-21:51:56 1.11  Mocks_Em/MockNFW640ellip5loga2.08PA50center0With_background20num68.dat TNC          1.0e-04 0 0 0 0     NFW        0.0000   0.0000     -2.231 0.000   0 -99.00  190.3       -4289.197       -8571.857    55 180.0000   0.0000     -1.986 0.000   0 -99.00    0.126
2018-05-01-21:51:56 1.11  Mocks_Em/MockNFW640ellip5loga2.08PA50center0With_background20num69.dat TNC          1.0e-04 0 0 0 0     NFW        0.0000   0.0000     -2.285 0.000   0 -99.00  178.7       -4533.514       -9060.489    57 180.0000   0.0000     -2.024 0.000   0 -99.00    0.132
2018-05-01-21:51:56 1.11  Mocks_Em/MockNFW640ellip5loga2.08PA50center0With_background20num70.dat TNC          1.0e-04 0 0 0 0     NFW        0.0000   0.0000     -2.013 0.000   0 -99.00  331.2       -4402.567       -8798.595    31 180.0000   0.0000     -1.985 0.000   0 -99.00    0.073
2018-05-01-21:51:56 1.11  Mocks_Em/MockNFW640ellip5loga2.08PA50center0With_background20num71.dat TNC          1.0e-04 0 0 0 0     NFW        0.0000   0.0000     -2.143 0.000   0 -99.00  238.6       -4388.463       -8770.389    25 180.0000   0.0000     -1.993 0.000   0 -99.00    0.059
2018-05-01-21:51:56 1.11  Mocks_Em/MockNFW640ellip5loga2.08PA50center0With_background20num72.dat TNC          1.0e-04 0 0 0 0     NFW        0.0000   0.0000     -2.187 0.000   0 -99.00  214.2       -4363.337       -8720.137    35 180.0000   0.0000     -2.012 0.000   0 -99.00    0.081
2018-05-01-21:51:56 1.11  Mocks_Em/MockNFW640ellip5loga2.08PA50center0With_background20num73.dat TNC          1.0e-04 0 0 0 0     NFW        0.0000   0.0000     -2.270 0.000   0 -99.00  185.4       -4549.485       -9092.431    32 180.0000   0.0000     -2.040 0.000   0 -99.00    0.075
2018-05-01-21:51:56 1.11  Mocks_Em/MockNFW640ellip5loga2.08PA50center0With_background20num74.dat TNC          1.0e-04 0 0 0 0     NFW        0.0000   0.0000     -2.188 0.000   0 -99.00  222.1       -4534.678       -9062.819    44 180.0000   0.0000     -2.001 0.000   0 -99.00    0.102
2018-05-01-21:51:56 1.11  Mocks_Em/MockNFW640ellip5loga2.08PA50center0With_background20num75.dat TNC          1.0e-04 0 0 0 0     NFW        0.0000   0.0000     -2.217 0.000   0 -99.00  197.3       -4311.868       -8617.198    31 180.0000   0.0000     -2.000 0.000   0 -99.00    0.072
2018-05-01-21:51:56 1.11  Mocks_Em/MockNFW640ellip5loga2.08PA50center0With_background20num76.dat TNC          1.0e-04 0 0 0 0     NFW        0.0000   0.0000     -2.164 0.000   0 -99.00  231.6       -4480.729        -8954.92    40 180.0000   0.0000     -2.012 0.000   0 -99.00    0.093
2018-05-01-21:51:56 1.11  Mocks_Em/MockNFW640ellip5loga2.08PA50center0With_background20num77.dat TNC          1.0e-04 0 0 0 0     NFW        0.0000   0.0000     -2.219 0.000   0 -99.00  203.8       -4472.326       -8938.114    53 180.0000   0.0000     -2.024 0.000   0 -99.00    0.122
2018-05-01-21:51:56 1.11  Mocks_Em/MockNFW640ellip5loga2.08PA50center0With_background20num78.dat TNC          1.0e-04 0 0 0 0     NFW        0.0000   0.0000     -2.299 0.000   0 -99.00  169.2       -4403.586       -8800.634    31 180.0000   0.0000     -1.993 0.000   0 -99.00    0.073
2018-05-01-21:51:56 1.11  Mocks_Em/MockNFW640ellip5loga2.08PA50center0With_background20num79.dat TNC          1.0e-04 0 0 0 0     NFW        0.0000   0.0000     -2.260 0.000   0 -99.00  180.8       -4345.651       -8684.764    56 180.0000   0.0000     -1.997 0.000   0 -99.00    0.130
2018-05-01-21:51:56 1.11  Mocks_Em/MockNFW640ellip5loga2.08PA50center0With_background20num80.dat TNC          1.0e-04 0 0 0 0     NFW        0.0000   0.0000     -2.263 0.000   0 -99.00  184.5       -4459.142       -8911.746    20 180.0000   0.0000     -2.034 0.000   0 -99.00    0.048
2018-05-01-21:51:56 1.11  Mocks_Em/MockNFW640ellip5loga2.08PA50center0With_background20num81.dat TNC          1.0e-04 0 0 0 0     NFW        0.0000   0.0000     -2.088 0.000   0 -99.00  279.2       -4495.334        -8984.13    36 180.0000   0.0000     -1.991 0.000   0 -99.00    0.085
2018-05-01-21:51:56 1.11  Mocks_Em/MockNFW640ellip5loga2.08PA50center0With_background20num82.dat TNC          1.0e-04 0 0 0 0     NFW        0.0000   0.0000     -2.090 0.000   0 -99.00  271.4       -4379.623       -8752.709    33 180.0000   0.0000     -1.982 0.000   0 -99.00    0.078
2018-05-01-21:51:56 1.11  Mocks_Em/MockNFW640ellip5loga2.08PA50center0With_background20num83.dat TNC          1.0e-04 0 0 0 0     NFW        0.0000   0.0000     -2.312 0.000   0 -99.00  165.7       -4445.136       -8883.735    24 180.0000   0.0000     -2.012 0.000   0 -99.00    0.057
2018-05-01-21:51:56 1.11  Mocks_Em/MockNFW640ellip5loga2.08PA50center0With_background20num84.dat TNC          1.0e-04 0 0 0 0     NFW        0.0000   0.0000     -2.017 0.000   0 -99.00  324.2       -4348.602       -8690.665    22 180.0000   0.0000     -1.977 0.000   0 -99.00    0.052
2018-05-01-21:51:56 1.11  Mocks_Em/MockNFW640ellip5loga2.08PA50center0With_background20num85.dat TNC          1.0e-04 0 0 0 0     NFW        0.0000   0.0000     -2.045 0.000   0 -99.00  294.9       -4246.559        -8486.58    28 180.0000   0.0000     -1.958 0.000   0 -99.00    0.066
2018-05-01-21:51:56 1.11  Mocks_Em/MockNFW640ellip5loga2.08PA50center0With_background20num86.dat TNC          1.0e-04 0 0 0 0     NFW        0.0000   0.0000     -2.366 0.000   0 -99.00  150.0       -4480.627       -8954.716    28 180.0000   0.0000     -2.004 0.000   0 -99.00    0.067
2018-05-01-21:51:56 1.11  Mocks_Em/MockNFW640ellip5loga2.08PA50center0With_background20num87.dat TNC          1.0e-04 0 0 0 0     NFW        0.0000   0.0000     -2.298 0.000   0 -99.00  165.6       -4314.223       -8621.908    38 180.0000   0.0000     -2.007 0.000   0 -99.00    0.088
2018-05-01-21:51:56 1.11  Mocks_Em/MockNFW640ellip5loga2.08PA50center0With_background20num88.dat TNC          1.0e-04 0 0 0 0     NFW        0.0000   0.0000     -2.274 0.000   0 -99.00  182.7       -4518.023       -9029.507    34 180.0000   0.0000     -2.028 0.000   0 -99.00    0.080
2018-05-01-21:51:56 1.11  Mocks_Em/MockNFW640ellip5loga2.08PA50center0With_background20num89.dat TNC          1.0e-04 0 0 0 0     NFW        0.0000   0.0000     -2.169 0.000   0 -99.00  230.4       -4505.881       -9005.224    26 180.0000   0.0000     -2.016 0.000   0 -99.00    0.062
2018-05-01-21:51:56 1.11  Mocks_Em/MockNFW640ellip5loga2.08PA50center0With_background20num90.dat TNC          1.0e-04 0 0 0 0     NFW        0.0000   0.0000     -2.169 0.000   0 -99.00  228.3       -4468.351       -8930.163    43 180.0000   0.0000     -2.026 0.000   0 -99.00    0.101
2018-05-01-21:51:56 1.11  Mocks_Em/MockNFW640ellip5loga2.08PA50center0With_background20num91.dat TNC          1.0e-04 0 0 0 0     NFW        0.0000   0.0000     -2.174 0.000   0 -99.00  221.0       -4374.088       -8741.639    25 180.0000   0.0000     -1.998 0.000   0 -99.00    0.059
2018-05-01-21:51:56 1.11  Mocks_Em/MockNFW640ellip5loga2.08PA50center0With_background20num92.dat TNC          1.0e-04 0 0 0 0     NFW        0.0000   0.0000     -2.368 0.000   0 -99.00  153.8       -4620.081       -9233.625    35 180.0000   0.0000     -2.032 0.000   0 -99.00    0.083
2018-05-01-21:51:56 1.11  Mocks_Em/MockNFW640ellip5loga2.08PA50center0With_background20num93.dat TNC          1.0e-04 0 0 0 0     NFW        0.0000   0.0000     -2.155 0.000   0 -99.00  231.7       -4383.145       -8759.751    26 180.0000   0.0000     -2.010 0.000   0 -99.00    0.062
2018-05-01-21:51:56 1.11  Mocks_Em/MockNFW640ellip5loga2.08PA50center0With_background20num94.dat TNC          1.0e-04 0 0 0 0     NFW        0.0000   0.0000     -2.272 0.000   0 -99.00  182.7       -4498.988       -8991.438    43 180.0000   0.0000     -2.021 0.000   0 -99.00    0.101
2018-05-01-21:51:56 1.11  Mocks_Em/MockNFW640ellip5loga2.08PA50center0With_background20num95.dat TNC          1.0e-04 0 0 0 0     NFW        0.0000   0.0000     -2.258 0.000   0 -99.00  181.0       -4324.349       -8642.159    19 180.0000   0.0000     -2.016 0.000   0 -99.00    0.045
2018-05-01-21:51:56 1.11  Mocks_Em/MockNFW640ellip5loga2.08PA50center0With_background20num96.dat TNC          1.0e-04 0 0 0 0     NFW        0.0000   0.0000     -2.158 0.000   0 -99.00  238.8       -4543.723       -9080.909    31 180.0000   0.0000     -2.014 0.000   0 -99.00    0.073
2018-05-01-21:51:56 1.11  Mocks_Em/MockNFW640ellip5loga2.08PA50center0With_background20num97.dat TNC          1.0e-04 0 0 0 0     NFW        0.0000   0.0000     -2.235 0.000   0 -99.00  194.8       -4438.324        -8870.11    24 180.0000   0.0000     -2.042 0.000   0 -99.00    0.057
2018-05-01-21:51:56 1.11  Mocks_Em/MockNFW640ellip5loga2.08PA50center0With_background20num98.dat TNC          1.0e-04 0 0 0 0     NFW        0.0000   0.0000     -2.163 0.000   0 -99.00  230.5        -4430.23       -8853.923    23 180.0000   0.0000     -2.012 0.000   0 -99.00    0.055
2018-05-01-21:51:56 1.11  Mocks_Em/MockNFW640ellip5loga2.08PA50center0With_background20num99.dat TNC          1.0e-04 0 0 0 0     NFW        0.0000   0.0000     -2.241 0.000   0 -99.00  192.8       -4443.395       -8880.252    25 180.0000   0.0000     -2.006 0.000   0 -99.00    0.059
