2018-05-01-21:52:10 1.11  Mocks_Em/MockNFW640ellip5loga2.08PA50center0With_background20num0.dat L-BFGS-B     1.0e-04 0 0 0 0     NFW        0.0000   0.0000     -2.340 0.000   0 -99.00  154.7       -4399.053       -8791.568    35 180.0000   0.0000     -2.022 0.000   0 -99.00    0.010
2018-05-01-21:52:10 1.11  Mocks_Em/MockNFW640ellip5loga2.08PA50center0With_background20num1.dat L-BFGS-B     1.0e-04 0 0 0 0     NFW        0.0000   0.0000     -2.254 0.000   0 -99.00  188.8       -4465.949       -8925.361    35 180.0000   0.0000     -2.033 0.000   0 -99.00    0.010
2018-05-01-21:52:10 1.11  Mocks_Em/MockNFW640ellip5loga2.08PA50center0With_background20num2.dat L-BFGS-B     1.0e-04 0 0 0 0     NFW        0.0000   0.0000     -1.967 0.000   0 -99.00  378.8       -4450.844       -8895.149    21 180.0000   0.0000     -1.980 0.000   0 -99.00    0.006
2018-05-01-21:52:10 1.11  Mocks_Em/MockNFW640ellip5loga2.08PA50center0With_background20num3.dat L-BFGS-B     1.0e-04 0 0 0 0     NFW        0.0000   0.0000     -2.280 0.000   0 -99.00  179.3       -4475.322       -8944.105    35 180.0000   0.0000     -2.026 0.000   0 -99.00    0.010
2018-05-01-21:52:10 1.11  Mocks_Em/MockNFW640ellip5loga2.08PA50center0With_background20num4.dat L-BFGS-B     1.0e-04 0 0 0 0     NFW        0.0000   0.0000     -2.193 0.000   0 -99.00  216.9       -4486.548       -8966.558    35 180.0000   0.0000     -2.008 0.000   0 -99.00    0.010
2018-05-01-21:52:10 1.11  Mocks_Em/MockNFW640ellip5loga2.08PA50center0With_background20num5.dat L-BFGS-B     1.0e-04 0 0 0 0     NFW        0.0000   0.0000     -2.242 0.000   0 -99.00  186.2       -4300.787       -8595.035    35 180.0000   0.0000     -2.008 0.000   0 -99.00    0.011
2018-05-01-21:52:10 1.11  Mocks_Em/MockNFW640ellip5loga2.08PA50center0With_background20num6.dat L-BFGS-B     1.0e-04 0 0 0 0     NFW        0.0000   0.0000     -2.178 0.000   0 -99.00  225.8       -4496.751       -8986.963    28 180.0000   0.0000     -1.997 0.000   0 -99.00    0.008
2018-05-01-21:52:10 1.11  Mocks_Em/MockNFW640ellip5loga2.08PA50center0With_background20num7.dat L-BFGS-B     1.0e-04 0 0 0 0     NFW        0.0000   0.0000     -2.313 0.000   0 -99.00  168.0       -4504.515       -9002.492    35 180.0000   0.0000     -2.024 0.000   0 -99.00    0.010
2018-05-01-21:52:10 1.11  Mocks_Em/MockNFW640ellip5loga2.08PA50center0With_background20num8.dat L-BFGS-B     1.0e-04 0 0 0 0     NFW        0.0000   0.0000     -2.205 0.000   0 -99.00  204.6       -4343.845       -8681.152    35 180.0000   0.0000     -1.973 0.000   0 -99.00    0.010
2018-05-01-21:52:10 1.11  Mocks_Em/MockNFW640ellip5loga2.08PA50center0With_background20num9.dat L-BFGS-B     1.0e-04 0 0 0 0     NFW        0.0000   0.0000     -2.150 0.000   0 -99.00  238.8       -4466.484        -8926.43    28 180.0000   0.0000     -1.997 0.000   0 -99.00    0.008
2018-05-01-21:52:10 1.11  Mocks_Em/MockNFW640ellip5loga2.08PA50center0With_background20num10.dat L-BFGS-B     1.0e-04 0 0 0 0     NFW        0.0000   0.0000     -2.154 0.000   0 -99.00  228.9       -4324.623       -8642.708    28 180.0000   0.0000     -1.992 0.000   0 -99.00    0.008
2018-05-01-21:52:10 1.11  Mocks_Em/MockNFW640ellip5loga2.08PA50center0With_background20num11.dat L-BFGS-B     1.0e-04 0 0 0 0     NFW        0.0000   0.0000     -2.211 0.000   0 -99.00  203.3       -4376.976       -8747.414    35 180.0000   0.0000     -1.983 0.000   0 -99.00    0.010
2018-05-01-21:52:10 1.11  Mocks_Em/MockNFW640ellip5loga2.08PA50center0With_background20num12.dat L-BFGS-B     1.0e-04 0 0 0 0     NFW        0.0000   0.0000     -2.225 0.000   0 -99.00  198.0       -4395.151       -8783.764    35 180.0000   0.0000     -1.979 0.000   0 -99.00    0.010
2018-05-01-21:52:10 1.11  Mocks_Em/MockNFW640ellip5loga2.08PA50center0With_background20num13.dat L-BFGS-B     1.0e-04 0 0 0 0     NFW        0.0000   0.0000     -2.186 0.000   0 -99.00  212.4       -4319.418       -8632.298    35 180.0000   0.0000     -1.985 0.000   0 -99.00    0.010
2018-05-01-21:52:10 1.11  Mocks_Em/MockNFW640ellip5loga2.08PA50center0With_background20num14.dat L-BFGS-B     1.0e-04 0 0 0 0     NFW        0.0000   0.0000     -2.335 0.000   0 -99.00  160.1       -4497.587       -8988.636    35 180.0000   0.0000     -2.022 0.000   0 -99.00    0.010
2018-05-01-21:52:10 1.11  Mocks_Em/MockNFW640ellip5loga2.08PA50center0With_background20num15.dat L-BFGS-B     1.0e-04 0 0 0 0     NFW        0.0000   0.0000     -2.234 0.000   0 -99.00  197.1       -4465.899       -8925.259    35 180.0000   0.0000     -2.017 0.000   0 -99.00    0.010
2018-05-01-21:52:10 1.11  Mocks_Em/MockNFW640ellip5loga2.08PA50center0With_background20num16.dat L-BFGS-B     1.0e-04 0 0 0 0     NFW        0.0000   0.0000     -2.220 0.000   0 -99.00  198.2       -4352.224       -8697.911    35 180.0000   0.0000     -1.998 0.000   0 -99.00    0.010
2018-05-01-21:52:10 1.11  Mocks_Em/MockNFW640ellip5loga2.08PA50center0With_background20num17.dat L-BFGS-B     1.0e-04 0 0 0 0     NFW        0.0000   0.0000     -2.209 0.000   0 -99.00  205.4         -4399.2       -8791.862    35 180.0000   0.0000     -2.009 0.000   0 -99.00    0.010
2018-05-01-21:52:10 1.11  Mocks_Em/MockNFW640ellip5loga2.08PA50center0With_background20num18.dat L-BFGS-B     1.0e-04 0 0 0 0     NFW        0.0000   0.0000     -2.180 0.000   0 -99.00  219.8       -4405.556       -8804.574    35 180.0000   0.0000     -1.997 0.000   0 -99.00    0.010
2018-05-01-21:52:10 1.11  Mocks_Em/MockNFW640ellip5loga2.08PA50center0With_background20num19.dat L-BFGS-B     1.0e-04 0 0 0 0     NFW        0.0000   0.0000     -2.271 0.000   0 -99.00  182.8       -4491.522       -8976.507    35 180.0000   0.0000     -2.015 0.000   0 -99.00    0.010
2018-05-01-21:52:10 1.11  Mocks_Em/MockNFW640ellip5loga2.08PA50center0With_background20num20.dat L-BFGS-B     1.0e-04 0 0 0 0     NFW        0.0000   0.0000     -2.095 0.000   0 -99.00  260.4       -4259.304        -8512.07    28 180.0000   0.0000     -1.974 0.000   0 -99.00    0.008
2018-05-01-21:52:10 1.11  Mocks_Em/MockNFW640ellip5loga2.08PA50center0With_background20num21.dat L-BFGS-B     1.0e-04 0 0 0 0     NFW        0.0000   0.0000     -2.160 0.000   0 -99.00  232.2       -4447.828       -8889.117    28 180.0000   0.0000     -2.004 0.000   0 -99.00    0.008
2018-05-01-21:52:10 1.11  Mocks_Em/MockNFW640ellip5loga2.08PA50center0With_background20num22.dat L-BFGS-B     1.0e-04 0 0 0 0     NFW        0.0000   0.0000     -2.220 0.000   0 -99.00  206.8       -4546.833       -9087.128    35 180.0000   0.0000     -2.006 0.000   0 -99.00    0.010
2018-05-01-21:52:10 1.11  Mocks_Em/MockNFW640ellip5loga2.08PA50center0With_background20num23.dat L-BFGS-B     1.0e-04 0 0 0 0     NFW        0.0000   0.0000     -2.167 0.000   0 -99.00  228.1       -4431.151       -8855.765    28 180.0000   0.0000     -1.992 0.000   0 -99.00    0.008
2018-05-01-21:52:10 1.11  Mocks_Em/MockNFW640ellip5loga2.08PA50center0With_background20num24.dat L-BFGS-B     1.0e-04 0 0 0 0     NFW        0.0000   0.0000     -2.207 0.000   0 -99.00  211.2       -4505.595       -9004.652    28 180.0000   0.0000     -2.023 0.000   0 -99.00    0.008
2018-05-01-21:52:10 1.11  Mocks_Em/MockNFW640ellip5loga2.08PA50center0With_background20num25.dat L-BFGS-B     1.0e-04 0 0 0 0     NFW        0.0000   0.0000     -2.300 0.000   0 -99.00  170.5       -4457.209        -8907.88    35 180.0000   0.0000     -2.020 0.000   0 -99.00    0.010
2018-05-01-21:52:10 1.11  Mocks_Em/MockNFW640ellip5loga2.08PA50center0With_background20num26.dat L-BFGS-B     1.0e-04 0 0 0 0     NFW        0.0000   0.0000     -2.194 0.000   0 -99.00  217.1       -4496.179        -8985.82    35 180.0000   0.0000     -2.003 0.000   0 -99.00    0.010
2018-05-01-21:52:10 1.11  Mocks_Em/MockNFW640ellip5loga2.08PA50center0With_background20num27.dat L-BFGS-B     1.0e-04 0 0 0 0     NFW        0.0000   0.0000     -2.120 0.000   0 -99.00  254.9       -4426.371       -8846.204    28 180.0000   0.0000     -2.003 0.000   0 -99.00    0.008
2018-05-01-21:52:10 1.11  Mocks_Em/MockNFW640ellip5loga2.08PA50center0With_background20num28.dat L-BFGS-B     1.0e-04 0 0 0 0     NFW        0.0000   0.0000     -2.036 0.000   0 -99.00  317.6       -4484.206       -8961.873    21 180.0000   0.0000     -2.007 0.000   0 -99.00    0.006
2018-05-01-21:52:10 1.11  Mocks_Em/MockNFW640ellip5loga2.08PA50center0With_background20num29.dat L-BFGS-B     1.0e-04 0 0 0 0     NFW        0.0000   0.0000     -2.129 0.000   0 -99.00  247.6       -4407.287       -8808.035    28 180.0000   0.0000     -1.993 0.000   0 -99.00    0.008
2018-05-01-21:52:10 1.11  Mocks_Em/MockNFW640ellip5loga2.08PA50center0With_background20num30.dat L-BFGS-B     1.0e-04 0 0 0 0     NFW        0.0000   0.0000     -2.269 0.000   0 -99.00  181.1       -4426.486       -8846.433    35 180.0000   0.0000     -2.003 0.000   0 -99.00    0.010
2018-05-01-21:52:10 1.11  Mocks_Em/MockNFW640ellip5loga2.08PA50center0With_background20num31.dat L-BFGS-B     1.0e-04 0 0 0 0     NFW        0.0000   0.0000     -2.170 0.000   0 -99.00  226.9       -4449.277       -8892.016    28 180.0000   0.0000     -2.012 0.000   0 -99.00    0.008
2018-05-01-21:52:10 1.11  Mocks_Em/MockNFW640ellip5loga2.08PA50center0With_background20num32.dat L-BFGS-B     1.0e-04 0 0 0 0     NFW        0.0000   0.0000     -2.245 0.000   0 -99.00  194.9        -4523.62       -9040.703    35 180.0000   0.0000     -2.002 0.000   0 -99.00    0.010
2018-05-01-21:52:10 1.11  Mocks_Em/MockNFW640ellip5loga2.08PA50center0With_background20num33.dat L-BFGS-B     1.0e-04 0 0 0 0     NFW        0.0000   0.0000     -2.306 0.000   0 -99.00  162.3        -4296.83       -8587.122    35 180.0000   0.0000     -1.983 0.000   0 -99.00    0.010
2018-05-01-21:52:10 1.11  Mocks_Em/MockNFW640ellip5loga2.08PA50center0With_background20num34.dat L-BFGS-B     1.0e-04 0 0 0 0     NFW        0.0000   0.0000     -2.282 0.000   0 -99.00  173.2       -4355.929       -8705.319    35 180.0000   0.0000     -2.004 0.000   0 -99.00    0.010
2018-05-01-21:52:10 1.11  Mocks_Em/MockNFW640ellip5loga2.08PA50center0With_background20num35.dat L-BFGS-B     1.0e-04 0 0 0 0     NFW        0.0000   0.0000     -2.155 0.000   0 -99.00  230.9       -4357.986       -8709.434    28 180.0000   0.0000     -1.986 0.000   0 -99.00    0.008
2018-05-01-21:52:10 1.11  Mocks_Em/MockNFW640ellip5loga2.08PA50center0With_background20num36.dat L-BFGS-B     1.0e-04 0 0 0 0     NFW        0.0000   0.0000     -2.348 0.000   0 -99.00  158.9       -4588.367       -9170.195    35 180.0000   0.0000     -2.047 0.000   0 -99.00    0.010
2018-05-01-21:52:10 1.11  Mocks_Em/MockNFW640ellip5loga2.08PA50center0With_background20num37.dat L-BFGS-B     1.0e-04 0 0 0 0     NFW        0.0000   0.0000     -2.199 0.000   0 -99.00  208.3       -4370.435       -8734.332    35 180.0000   0.0000     -2.009 0.000   0 -99.00    0.010
2018-05-01-21:52:10 1.11  Mocks_Em/MockNFW640ellip5loga2.08PA50center0With_background20num38.dat L-BFGS-B     1.0e-04 0 0 0 0     NFW        0.0000   0.0000     -2.188 0.000   0 -99.00  214.1       -4366.299        -8726.06    35 180.0000   0.0000     -2.010 0.000   0 -99.00    0.010
2018-05-01-21:52:10 1.11  Mocks_Em/MockNFW640ellip5loga2.08PA50center0With_background20num39.dat L-BFGS-B     1.0e-04 0 0 0 0     NFW        0.0000   0.0000     -2.201 0.000   0 -99.00  209.8       -4416.971       -8827.403    35 180.0000   0.0000     -2.001 0.000   0 -99.00    0.010
2018-05-01-21:52:10 1.11  Mocks_Em/MockNFW640ellip5loga2.08PA50center0With_background20num40.dat L-BFGS-B     1.0e-04 0 0 0 0     NFW        0.0000   0.0000     -2.175 0.000   0 -99.00  227.7       -4512.406       -9018.275    28 180.0000   0.0000     -2.010 0.000   0 -99.00    0.008
2018-05-01-21:52:10 1.11  Mocks_Em/MockNFW640ellip5loga2.08PA50center0With_background20num41.dat L-BFGS-B     1.0e-04 0 0 0 0     NFW        0.0000   0.0000     -2.258 0.000   0 -99.00  192.4       -4596.869       -9187.201    35 180.0000   0.0000     -2.032 0.000   0 -99.00    0.010
2018-05-01-21:52:10 1.11  Mocks_Em/MockNFW640ellip5loga2.08PA50center0With_background20num42.dat L-BFGS-B     1.0e-04 0 0 0 0     NFW        0.0000   0.0000     -2.249 0.000   0 -99.00  186.9       -4379.923       -8753.308    35 180.0000   0.0000     -2.003 0.000   0 -99.00    0.010
2018-05-01-21:52:10 1.11  Mocks_Em/MockNFW640ellip5loga2.08PA50center0With_background20num43.dat L-BFGS-B     1.0e-04 0 0 0 0     NFW        0.0000   0.0000     -2.186 0.000   0 -99.00  217.1       -4407.182       -8807.825    28 180.0000   0.0000     -2.002 0.000   0 -99.00    0.008
2018-05-01-21:52:10 1.11  Mocks_Em/MockNFW640ellip5loga2.08PA50center0With_background20num44.dat L-BFGS-B     1.0e-04 0 0 0 0     NFW        0.0000   0.0000     -2.217 0.000   0 -99.00  201.2       -4389.439        -8772.34    35 180.0000   0.0000     -2.009 0.000   0 -99.00    0.010
2018-05-01-21:52:10 1.11  Mocks_Em/MockNFW640ellip5loga2.08PA50center0With_background20num45.dat L-BFGS-B     1.0e-04 0 0 0 0     NFW        0.0000   0.0000     -2.150 0.000   0 -99.00  239.7        -4481.95       -8957.362    28 180.0000   0.0000     -1.999 0.000   0 -99.00    0.008
2018-05-01-21:52:10 1.11  Mocks_Em/MockNFW640ellip5loga2.08PA50center0With_background20num46.dat L-BFGS-B     1.0e-04 0 0 0 0     NFW        0.0000   0.0000     -2.166 0.000   0 -99.00  229.6       -4461.521       -8916.504    28 180.0000   0.0000     -2.004 0.000   0 -99.00    0.008
2018-05-01-21:52:10 1.11  Mocks_Em/MockNFW640ellip5loga2.08PA50center0With_background20num47.dat L-BFGS-B     1.0e-04 0 0 0 0     NFW        0.0000   0.0000     -2.182 0.000   0 -99.00  214.9       -4332.463       -8658.389    28 180.0000   0.0000     -1.998 0.000   0 -99.00    0.008
2018-05-01-21:52:10 1.11  Mocks_Em/MockNFW640ellip5loga2.08PA50center0With_background20num48.dat L-BFGS-B     1.0e-04 0 0 0 0     NFW        0.0000   0.0000     -2.216 0.000   0 -99.00  200.6       -4375.779        -8745.02    35 180.0000   0.0000     -2.017 0.000   0 -99.00    0.010
2018-05-01-21:52:10 1.11  Mocks_Em/MockNFW640ellip5loga2.08PA50center0With_background20num49.dat L-BFGS-B     1.0e-04 0 0 0 0     NFW        0.0000   0.0000     -2.196 0.000   0 -99.00  213.4       -4441.056       -8875.573    35 180.0000   0.0000     -2.012 0.000   0 -99.00    0.010
2018-05-01-21:52:10 1.11  Mocks_Em/MockNFW640ellip5loga2.08PA50center0With_background20num50.dat L-BFGS-B     1.0e-04 0 0 0 0     NFW        0.0000   0.0000     -2.230 0.000   0 -99.00  200.3       -4496.507       -8986.477    35 180.0000   0.0000     -2.022 0.000   0 -99.00    0.010
2018-05-01-21:52:10 1.11  Mocks_Em/MockNFW640ellip5loga2.08PA50center0With_background20num51.dat L-BFGS-B     1.0e-04 0 0 0 0     NFW        0.0000   0.0000     -2.185 0.000   0 -99.00  204.7       -4151.601       -8296.665    35 180.0000   0.0000     -1.966 0.000   0 -99.00    0.010
2018-05-01-21:52:10 1.11  Mocks_Em/MockNFW640ellip5loga2.08PA50center0With_background20num52.dat L-BFGS-B     1.0e-04 0 0 0 0     NFW        0.0000   0.0000     -2.106 0.000   0 -99.00  264.0       -4444.811       -8883.083    28 180.0000   0.0000     -2.008 0.000   0 -99.00    0.008
2018-05-01-21:52:10 1.11  Mocks_Em/MockNFW640ellip5loga2.08PA50center0With_background20num53.dat L-BFGS-B     1.0e-04 0 0 0 0     NFW        0.0000   0.0000     -2.257 0.000   0 -99.00  181.0       -4322.591       -8638.645    35 180.0000   0.0000     -2.017 0.000   0 -99.00    0.010
2018-05-01-21:52:10 1.11  Mocks_Em/MockNFW640ellip5loga2.08PA50center0With_background20num54.dat L-BFGS-B     1.0e-04 0 0 0 0     NFW        0.0000   0.0000     -2.244 0.000   0 -99.00  199.5       -4623.162       -9239.786    35 180.0000   0.0000     -2.005 0.000   0 -99.00    0.010
2018-05-01-21:52:10 1.11  Mocks_Em/MockNFW640ellip5loga2.08PA50center0With_background20num55.dat L-BFGS-B     1.0e-04 0 0 0 0     NFW        0.0000   0.0000     -2.076 0.000   0 -99.00  269.9       -4208.446       -8410.354    28 180.0000   0.0000     -1.962 0.000   0 -99.00    0.008
2018-05-01-21:52:10 1.11  Mocks_Em/MockNFW640ellip5loga2.08PA50center0With_background20num56.dat L-BFGS-B     1.0e-04 0 0 0 0     NFW        0.0000   0.0000     -2.179 0.000   0 -99.00  224.1       -4482.305       -8958.072    28 180.0000   0.0000     -2.016 0.000   0 -99.00    0.008
2018-05-01-21:52:10 1.11  Mocks_Em/MockNFW640ellip5loga2.08PA50center0With_background20num57.dat L-BFGS-B     1.0e-04 0 0 0 0     NFW        0.0000   0.0000     -2.303 0.000   0 -99.00  171.8        -4515.48       -9024.422    35 180.0000   0.0000     -2.020 0.000   0 -99.00    0.010
2018-05-01-21:52:10 1.11  Mocks_Em/MockNFW640ellip5loga2.08PA50center0With_background20num58.dat L-BFGS-B     1.0e-04 0 0 0 0     NFW        0.0000   0.0000     -2.225 0.000   0 -99.00  205.8       -4575.087       -9143.637    35 180.0000   0.0000     -2.028 0.000   0 -99.00    0.010
2018-05-01-21:52:10 1.11  Mocks_Em/MockNFW640ellip5loga2.08PA50center0With_background20num59.dat L-BFGS-B     1.0e-04 0 0 0 0     NFW        0.0000   0.0000     -2.182 0.000   0 -99.00  221.2         -4453.8       -8901.062    28 180.0000   0.0000     -2.005 0.000   0 -99.00    0.008
2018-05-01-21:52:10 1.11  Mocks_Em/MockNFW640ellip5loga2.08PA50center0With_background20num60.dat L-BFGS-B     1.0e-04 0 0 0 0     NFW        0.0000   0.0000     -2.242 0.000   0 -99.00  194.1       -4473.427       -8940.315    35 180.0000   0.0000     -2.034 0.000   0 -99.00    0.010
2018-05-01-21:52:10 1.11  Mocks_Em/MockNFW640ellip5loga2.08PA50center0With_background20num61.dat L-BFGS-B     1.0e-04 0 0 0 0     NFW        0.0000   0.0000     -2.264 0.000   0 -99.00  186.1       -4505.024       -9003.511    35 180.0000   0.0000     -2.014 0.000   0 -99.00    0.010
2018-05-01-21:52:10 1.11  Mocks_Em/MockNFW640ellip5loga2.08PA50center0With_background20num62.dat L-BFGS-B     1.0e-04 0 0 0 0     NFW        0.0000   0.0000     -2.243 0.000   0 -99.00  190.3       -4402.726       -8798.913    35 180.0000   0.0000     -2.002 0.000   0 -99.00    0.010
2018-05-01-21:52:10 1.11  Mocks_Em/MockNFW640ellip5loga2.08PA50center0With_background20num63.dat L-BFGS-B     1.0e-04 0 0 0 0     NFW        0.0000   0.0000     -2.175 0.000   0 -99.00  218.9        -4338.46       -8670.383    28 180.0000   0.0000     -1.997 0.000   0 -99.00    0.008
2018-05-01-21:52:10 1.11  Mocks_Em/MockNFW640ellip5loga2.08PA50center0With_background20num64.dat L-BFGS-B     1.0e-04 0 0 0 0     NFW        0.0000   0.0000     -2.280 0.000   0 -99.00  176.5        -4429.89       -8853.242    35 180.0000   0.0000     -2.010 0.000   0 -99.00    0.010
2018-05-01-21:52:10 1.11  Mocks_Em/MockNFW640ellip5loga2.08PA50center0With_background20num65.dat L-BFGS-B     1.0e-04 0 0 0 0     NFW        0.0000   0.0000     -2.168 0.000   0 -99.00  232.8       -4536.993       -9067.448    28 180.0000   0.0000     -2.018 0.000   0 -99.00    0.008
2018-05-01-21:52:10 1.11  Mocks_Em/MockNFW640ellip5loga2.08PA50center0With_background20num66.dat L-BFGS-B     1.0e-04 0 0 0 0     NFW        0.0000   0.0000     -2.303 0.000   0 -99.00  173.7       -4575.694       -9144.849    35 180.0000   0.0000     -2.046 0.000   0 -99.00    0.010
2018-05-01-21:52:10 1.11  Mocks_Em/MockNFW640ellip5loga2.08PA50center0With_background20num67.dat L-BFGS-B     1.0e-04 0 0 0 0     NFW        0.0000   0.0000     -2.295 0.000   0 -99.00  173.8       -4491.423       -8976.309    35 180.0000   0.0000     -2.029 0.000   0 -99.00    0.010
2018-05-01-21:52:10 1.11  Mocks_Em/MockNFW640ellip5loga2.08PA50center0With_background20num68.dat L-BFGS-B     1.0e-04 0 0 0 0     NFW        0.0000   0.0000     -2.229 0.000   0 -99.00  191.2       -4289.197       -8571.856    35 180.0000   0.0000     -1.986 0.000   0 -99.00    0.010
2018-05-01-21:52:10 1.11  Mocks_Em/MockNFW640ellip5loga2.08PA50center0With_background20num69.dat L-BFGS-B     1.0e-04 0 0 0 0     NFW        0.0000   0.0000     -2.284 0.000   0 -99.00  179.3       -4533.513       -9060.489    35 180.0000   0.0000     -2.024 0.000   0 -99.00    0.010
2018-05-01-21:52:10 1.11  Mocks_Em/MockNFW640ellip5loga2.08PA50center0With_background20num70.dat L-BFGS-B     1.0e-04 0 0 0 0     NFW        0.0000   0.0000     -2.000 0.000   0 -99.00  343.1       -4402.553       -8798.567    21 180.0000   0.0000     -1.985 0.000   0 -99.00    0.006
2018-05-01-21:52:10 1.11  Mocks_Em/MockNFW640ellip5loga2.08PA50center0With_background20num71.dat L-BFGS-B     1.0e-04 0 0 0 0     NFW        0.0000   0.0000     -2.153 0.000   0 -99.00  232.8       -4388.453       -8770.368    28 180.0000   0.0000     -1.993 0.000   0 -99.00    0.008
2018-05-01-21:52:10 1.11  Mocks_Em/MockNFW640ellip5loga2.08PA50center0With_background20num72.dat L-BFGS-B     1.0e-04 0 0 0 0     NFW        0.0000   0.0000     -2.186 0.000   0 -99.00  214.5       -4363.337       -8720.137    35 180.0000   0.0000     -2.012 0.000   0 -99.00    0.010
2018-05-01-21:52:10 1.11  Mocks_Em/MockNFW640ellip5loga2.08PA50center0With_background20num73.dat L-BFGS-B     1.0e-04 0 0 0 0     NFW        0.0000   0.0000     -2.269 0.000   0 -99.00  185.8       -4549.485       -9092.431    35 180.0000   0.0000     -2.040 0.000   0 -99.00    0.010
2018-05-01-21:52:10 1.11  Mocks_Em/MockNFW640ellip5loga2.08PA50center0With_background20num74.dat L-BFGS-B     1.0e-04 0 0 0 0     NFW        0.0000   0.0000     -2.187 0.000   0 -99.00  222.7       -4534.678       -9062.818    35 180.0000   0.0000     -2.001 0.000   0 -99.00    0.010
2018-05-01-21:52:10 1.11  Mocks_Em/MockNFW640ellip5loga2.08PA50center0With_background20num75.dat L-BFGS-B     1.0e-04 0 0 0 0     NFW        0.0000   0.0000     -2.215 0.000   0 -99.00  198.0       -4311.868       -8617.198    35 180.0000   0.0000     -2.000 0.000   0 -99.00    0.010
2018-05-01-21:52:10 1.11  Mocks_Em/MockNFW640ellip5loga2.08PA50center0With_background20num76.dat L-BFGS-B     1.0e-04 0 0 0 0     NFW        0.0000   0.0000     -2.175 0.000   0 -99.00  226.0       -4480.718       -8954.898    28 180.0000   0.0000     -2.012 0.000   0 -99.00    0.008
2018-05-01-21:52:10 1.11  Mocks_Em/MockNFW640ellip5loga2.08PA50center0With_background20num77.dat L-BFGS-B     1.0e-04 0 0 0 0     NFW        0.0000   0.0000     -2.218 0.000   0 -99.00  204.1       -4472.326       -8938.114    35 180.0000   0.0000     -2.024 0.000   0 -99.00    0.010
2018-05-01-21:52:10 1.11  Mocks_Em/MockNFW640ellip5loga2.08PA50center0With_background20num78.dat L-BFGS-B     1.0e-04 0 0 0 0     NFW        0.0000   0.0000     -2.297 0.000   0 -99.00  169.9       -4403.585       -8800.633    35 180.0000   0.0000     -1.993 0.000   0 -99.00    0.010
2018-05-01-21:52:10 1.11  Mocks_Em/MockNFW640ellip5loga2.08PA50center0With_background20num79.dat L-BFGS-B     1.0e-04 0 0 0 0     NFW        0.0000   0.0000     -2.259 0.000   0 -99.00  181.2       -4345.651       -8684.764    35 180.0000   0.0000     -1.997 0.000   0 -99.00    0.010
2018-05-01-21:52:10 1.11  Mocks_Em/MockNFW640ellip5loga2.08PA50center0With_background20num80.dat L-BFGS-B     1.0e-04 0 0 0 0     NFW        0.0000   0.0000     -2.261 0.000   0 -99.00  185.0       -4459.142       -8911.745    35 180.0000   0.0000     -2.034 0.000   0 -99.00    0.010
2018-05-01-21:52:10 1.11  Mocks_Em/MockNFW640ellip5loga2.08PA50center0With_background20num81.dat L-BFGS-B     1.0e-04 0 0 0 0     NFW        0.0000   0.0000     -2.093 0.000   0 -99.00  275.9       -4495.332       -8984.126    28 180.0000   0.0000     -1.991 0.000   0 -99.00    0.008
2018-05-01-21:52:10 1.11  Mocks_Em/MockNFW640ellip5loga2.08PA50center0With_background20num82.dat L-BFGS-B     1.0e-04 0 0 0 0     NFW        0.0000   0.0000     -2.096 0.000   0 -99.00  267.4        -4379.62       -8752.702    28 180.0000   0.0000     -1.982 0.000   0 -99.00    0.008
2018-05-01-21:52:10 1.11  Mocks_Em/MockNFW640ellip5loga2.08PA50center0With_background20num83.dat L-BFGS-B     1.0e-04 0 0 0 0     NFW        0.0000   0.0000     -2.310 0.000   0 -99.00  166.5       -4445.136       -8883.733    35 180.0000   0.0000     -2.012 0.000   0 -99.00    0.010
2018-05-01-21:52:10 1.11  Mocks_Em/MockNFW640ellip5loga2.08PA50center0With_background20num84.dat L-BFGS-B     1.0e-04 0 0 0 0     NFW        0.0000   0.0000     -1.997 0.000   0 -99.00  340.8       -4348.574       -8690.609    21 180.0000   0.0000     -1.977 0.000   0 -99.00    0.006
2018-05-01-21:52:10 1.11  Mocks_Em/MockNFW640ellip5loga2.08PA50center0With_background20num85.dat L-BFGS-B     1.0e-04 0 0 0 0     NFW        0.0000   0.0000     -2.004 0.000   0 -99.00  328.0       -4246.434       -8486.329    21 180.0000   0.0000     -1.958 0.000   0 -99.00    0.006
2018-05-01-21:52:10 1.11  Mocks_Em/MockNFW640ellip5loga2.08PA50center0With_background20num86.dat L-BFGS-B     1.0e-04 0 0 0 0     NFW        0.0000   0.0000     -2.365 0.000   0 -99.00  150.3       -4480.627       -8954.716    35 180.0000   0.0000     -2.004 0.000   0 -99.00    0.010
2018-05-01-21:52:10 1.11  Mocks_Em/MockNFW640ellip5loga2.08PA50center0With_background20num87.dat L-BFGS-B     1.0e-04 0 0 0 0     NFW        0.0000   0.0000     -2.296 0.000   0 -99.00  166.2       -4314.223       -8621.908    35 180.0000   0.0000     -2.007 0.000   0 -99.00    0.010
2018-05-01-21:52:10 1.11  Mocks_Em/MockNFW640ellip5loga2.08PA50center0With_background20num88.dat L-BFGS-B     1.0e-04 0 0 0 0     NFW        0.0000   0.0000     -2.272 0.000   0 -99.00  183.1       -4518.022       -9029.507    35 180.0000   0.0000     -2.028 0.000   0 -99.00    0.010
2018-05-01-21:52:10 1.11  Mocks_Em/MockNFW640ellip5loga2.08PA50center0With_background20num89.dat L-BFGS-B     1.0e-04 0 0 0 0     NFW        0.0000   0.0000     -2.179 0.000   0 -99.00  225.2        -4505.87       -9005.203    28 180.0000   0.0000     -2.016 0.000   0 -99.00    0.008
2018-05-01-21:52:10 1.11  Mocks_Em/MockNFW640ellip5loga2.08PA50center0With_background20num90.dat L-BFGS-B     1.0e-04 0 0 0 0     NFW        0.0000   0.0000     -2.178 0.000   0 -99.00  223.8       -4468.343       -8930.147    28 180.0000   0.0000     -2.026 0.000   0 -99.00    0.008
2018-05-01-21:52:10 1.11  Mocks_Em/MockNFW640ellip5loga2.08PA50center0With_background20num91.dat L-BFGS-B     1.0e-04 0 0 0 0     NFW        0.0000   0.0000     -2.173 0.000   0 -99.00  221.3       -4374.088       -8741.638    35 180.0000   0.0000     -1.998 0.000   0 -99.00    0.010
2018-05-01-21:52:10 1.11  Mocks_Em/MockNFW640ellip5loga2.08PA50center0With_background20num92.dat L-BFGS-B     1.0e-04 0 0 0 0     NFW        0.0000   0.0000     -2.366 0.000   0 -99.00  154.3       -4620.081       -9233.624    35 180.0000   0.0000     -2.032 0.000   0 -99.00    0.010
2018-05-01-21:52:10 1.11  Mocks_Em/MockNFW640ellip5loga2.08PA50center0With_background20num93.dat L-BFGS-B     1.0e-04 0 0 0 0     NFW        0.0000   0.0000     -2.165 0.000   0 -99.00  226.6       -4383.136       -8759.734    28 180.0000   0.0000     -2.010 0.000   0 -99.00    0.008
2018-05-01-21:52:10 1.11  Mocks_Em/MockNFW640ellip5loga2.08PA50center0With_background20num94.dat L-BFGS-B     1.0e-04 0 0 0 0     NFW        0.0000   0.0000     -2.271 0.000   0 -99.00  183.1       -4498.988       -8991.438    35 180.0000   0.0000     -2.021 0.000   0 -99.00    0.010
2018-05-01-21:52:10 1.11  Mocks_Em/MockNFW640ellip5loga2.08PA50center0With_background20num95.dat L-BFGS-B     1.0e-04 0 0 0 0     NFW        0.0000   0.0000     -2.256 0.000   0 -99.00  181.6       -4324.349       -8642.159    35 180.0000   0.0000     -2.016 0.000   0 -99.00    0.010
2018-05-01-21:52:10 1.11  Mocks_Em/MockNFW640ellip5loga2.08PA50center0With_background20num96.dat L-BFGS-B     1.0e-04 0 0 0 0     NFW        0.0000   0.0000     -2.167 0.000   0 -99.00  233.8       -4543.715       -9080.892    28 180.0000   0.0000     -2.014 0.000   0 -99.00    0.008
2018-05-01-21:52:10 1.11  Mocks_Em/MockNFW640ellip5loga2.08PA50center0With_background20num97.dat L-BFGS-B     1.0e-04 0 0 0 0     NFW        0.0000   0.0000     -2.235 0.000   0 -99.00  194.9       -4438.324        -8870.11    35 180.0000   0.0000     -2.042 0.000   0 -99.00    0.010
2018-05-01-21:52:10 1.11  Mocks_Em/MockNFW640ellip5loga2.08PA50center0With_background20num98.dat L-BFGS-B     1.0e-04 0 0 0 0     NFW        0.0000   0.0000     -2.172 0.000   0 -99.00  225.7       -4430.221       -8853.904    28 180.0000   0.0000     -2.012 0.000   0 -99.00    0.008
2018-05-01-21:52:10 1.11  Mocks_Em/MockNFW640ellip5loga2.08PA50center0With_background20num99.dat L-BFGS-B     1.0e-04 0 0 0 0     NFW        0.0000   0.0000     -2.240 0.000   0 -99.00  193.2       -4443.395       -8880.252    35 180.0000   0.0000     -2.006 0.000   0 -99.00    0.010
