2018-05-01-21:51:47 1.11  Mocks_Em/MockNFW80ellip5loga2.08PA50center0With_background20num0.dat Nelder-Mead  1.0e-04 0 0 0 0     NFW        0.0000   0.0000     -2.053 0.000   0 -99.00   51.5       -757.7338       -1510.592   243 180.0000   0.0000     -1.955 0.000   0 -99.00    0.019
2018-05-01-21:51:47 1.11  Mocks_Em/MockNFW80ellip5loga2.08PA50center0With_background20num1.dat Nelder-Mead  1.0e-04 0 0 0 0     NFW        0.0000   0.0000     -2.023 0.000   0 -99.00   52.6       -703.2829       -1401.691   243 180.0000   0.0000     -1.927 0.000   0 -99.00    0.019
2018-05-01-21:51:47 1.11  Mocks_Em/MockNFW80ellip5loga2.08PA50center0With_background20num2.dat Nelder-Mead  1.0e-04 0 0 0 0     NFW        0.0000   0.0000     -1.957 0.000   0 -99.00   66.3       -748.7141       -1492.553   243 180.0000   0.0000     -1.909 0.000   0 -99.00    0.019
2018-05-01-21:51:47 1.11  Mocks_Em/MockNFW80ellip5loga2.08PA50center0With_background20num3.dat Nelder-Mead  1.0e-04 0 0 0 0     NFW        0.0000   0.0000     -1.934 0.000   0 -99.00   64.4       -688.7423       -1372.609   243 180.0000   0.0000     -1.887 0.000   0 -99.00    0.019
2018-05-01-21:51:47 1.11  Mocks_Em/MockNFW80ellip5loga2.08PA50center0With_background20num4.dat Nelder-Mead  1.0e-04 0 0 0 0     NFW        0.0000   0.0000     -1.957 0.000   0 -99.00   67.4       -761.4638       -1518.052   243 180.0000   0.0000     -1.957 0.000   0 -99.00    0.019
2018-05-01-21:51:47 1.11  Mocks_Em/MockNFW80ellip5loga2.08PA50center0With_background20num5.dat Nelder-Mead  1.0e-04 0 0 0 0     NFW        0.0000   0.0000     -1.995 0.000   0 -99.00   65.8       -830.2922       -1655.709   243 180.0000   0.0000     -1.995 0.000   0 -99.00    0.019
2018-05-01-21:51:47 1.11  Mocks_Em/MockNFW80ellip5loga2.08PA50center0With_background20num6.dat Nelder-Mead  1.0e-04 0 0 0 0     NFW        0.0000   0.0000     -1.959 0.000   0 -99.00   63.9       -729.5778        -1454.28   243 180.0000   0.0000     -1.927 0.000   0 -99.00    0.019
2018-05-01-21:51:47 1.11  Mocks_Em/MockNFW80ellip5loga2.08PA50center0With_background20num7.dat Nelder-Mead  1.0e-04 0 0 0 0     NFW        0.0000   0.0000     -1.969 0.000   0 -99.00   65.6       -762.1784       -1519.482   243 180.0000   0.0000     -1.921 0.000   0 -99.00    0.019
2018-05-01-21:51:47 1.11  Mocks_Em/MockNFW80ellip5loga2.08PA50center0With_background20num8.dat Nelder-Mead  1.0e-04 0 0 0 0     NFW        0.0000   0.0000     -2.076 0.000   0 -99.00   48.6       -761.4859       -1518.097   243 180.0000   0.0000     -1.978 0.000   0 -99.00    0.019
2018-05-01-21:51:47 1.11  Mocks_Em/MockNFW80ellip5loga2.08PA50center0With_background20num9.dat Nelder-Mead  1.0e-04 0 0 0 0     NFW        0.0000   0.0000     -1.945 0.000   0 -99.00   71.8       -788.9641       -1573.053   243 180.0000   0.0000     -1.897 0.000   0 -99.00    0.019
2018-05-01-21:51:47 1.11  Mocks_Em/MockNFW80ellip5loga2.08PA50center0With_background20num10.dat Nelder-Mead  1.0e-04 0 0 0 0     NFW        0.0000   0.0000     -1.960 0.000   0 -99.00   69.8       -798.5719       -1592.269   243 180.0000   0.0000     -1.960 0.000   0 -99.00    0.019
2018-05-01-21:51:47 1.11  Mocks_Em/MockNFW80ellip5loga2.08PA50center0With_background20num11.dat Nelder-Mead  1.0e-04 0 0 0 0     NFW        0.0000   0.0000     -2.044 0.000   0 -99.00   53.6       -771.2677        -1537.66   243 180.0000   0.0000     -1.946 0.000   0 -99.00    0.019
2018-05-01-21:51:47 1.11  Mocks_Em/MockNFW80ellip5loga2.08PA50center0With_background20num12.dat Nelder-Mead  1.0e-04 0 0 0 0     NFW        0.0000   0.0000     -2.068 0.000   0 -99.00   52.6       -803.7444       -1602.614   243 180.0000   0.0000     -1.969 0.000   0 -99.00    0.019
2018-05-01-21:51:47 1.11  Mocks_Em/MockNFW80ellip5loga2.08PA50center0With_background20num13.dat Nelder-Mead  1.0e-04 0 0 0 0     NFW        0.0000   0.0000     -2.050 0.000   0 -99.00   50.3       -734.3134       -1463.752   243 180.0000   0.0000     -1.953 0.000   0 -99.00    0.019
2018-05-01-21:51:47 1.11  Mocks_Em/MockNFW80ellip5loga2.08PA50center0With_background20num14.dat Nelder-Mead  1.0e-04 0 0 0 0     NFW        0.0000   0.0000     -2.041 0.000   0 -99.00   52.0       -737.3459       -1469.817   243 180.0000   0.0000     -1.944 0.000   0 -99.00    0.019
2018-05-01-21:51:47 1.11  Mocks_Em/MockNFW80ellip5loga2.08PA50center0With_background20num15.dat Nelder-Mead  1.0e-04 0 0 0 0     NFW        0.0000   0.0000     -1.964 0.000   0 -99.00   64.5        -750.993       -1497.111   243 180.0000   0.0000     -1.964 0.000   0 -99.00    0.019
2018-05-01-21:51:47 1.11  Mocks_Em/MockNFW80ellip5loga2.08PA50center0With_background20num16.dat Nelder-Mead  1.0e-04 0 0 0 0     NFW        0.0000   0.0000     -1.951 0.000   0 -99.00   66.9       -740.2563       -1475.637   243 180.0000   0.0000     -1.904 0.000   0 -99.00    0.018
2018-05-01-21:51:47 1.11  Mocks_Em/MockNFW80ellip5loga2.08PA50center0With_background20num17.dat Nelder-Mead  1.0e-04 0 0 0 0     NFW        0.0000   0.0000     -1.954 0.000   0 -99.00   70.7       -793.0538       -1581.232   243 180.0000   0.0000     -1.906 0.000   0 -99.00    0.019
2018-05-01-21:51:47 1.11  Mocks_Em/MockNFW80ellip5loga2.08PA50center0With_background20num18.dat Nelder-Mead  1.0e-04 0 0 0 0     NFW        0.0000   0.0000     -1.931 0.000   0 -99.00   74.1       -775.5443       -1546.213   243 180.0000   0.0000     -1.931 0.000   0 -99.00    0.019
2018-05-01-21:51:47 1.11  Mocks_Em/MockNFW80ellip5loga2.08PA50center0With_background20num19.dat Nelder-Mead  1.0e-04 0 0 0 0     NFW        0.0000   0.0000     -2.066 0.000   0 -99.00   51.8        -791.158       -1577.441   243 180.0000   0.0000     -1.967 0.000   0 -99.00    0.019
2018-05-01-21:51:47 1.11  Mocks_Em/MockNFW80ellip5loga2.08PA50center0With_background20num20.dat Nelder-Mead  1.0e-04 0 0 0 0     NFW        0.0000   0.0000     -1.952 0.000   0 -99.00   65.3       -734.9068       -1464.938   243 180.0000   0.0000     -1.904 0.000   0 -99.00    0.019
2018-05-01-21:51:47 1.11  Mocks_Em/MockNFW80ellip5loga2.08PA50center0With_background20num21.dat Nelder-Mead  1.0e-04 0 0 0 0     NFW        0.0000   0.0000     -1.973 0.000   0 -99.00   71.0       -846.5169       -1688.159   243 180.0000   0.0000     -1.973 0.000   0 -99.00    0.019
2018-05-01-21:51:47 1.11  Mocks_Em/MockNFW80ellip5loga2.08PA50center0With_background20num22.dat Nelder-Mead  1.0e-04 0 0 0 0     NFW        0.0000   0.0000     -2.040 0.000   0 -99.00   56.2       -805.8506       -1606.826   243 180.0000   0.0000     -1.943 0.000   0 -99.00    0.019
2018-05-01-21:51:47 1.11  Mocks_Em/MockNFW80ellip5loga2.08PA50center0With_background20num23.dat Nelder-Mead  1.0e-04 0 0 0 0     NFW        0.0000   0.0000     -1.931 0.000   0 -99.00   68.8       -727.8798       -1450.884   243 180.0000   0.0000     -1.931 0.000   0 -99.00    0.019
2018-05-01-21:51:47 1.11  Mocks_Em/MockNFW80ellip5loga2.08PA50center0With_background20num24.dat Nelder-Mead  1.0e-04 0 0 0 0     NFW        0.0000   0.0000     -1.948 0.000   0 -99.00   68.8       -759.4145       -1513.954   243 180.0000   0.0000     -1.901 0.000   0 -99.00    0.019
2018-05-01-21:51:47 1.11  Mocks_Em/MockNFW80ellip5loga2.08PA50center0With_background20num25.dat Nelder-Mead  1.0e-04 0 0 0 0     NFW        0.0000   0.0000     -1.923 0.000   0 -99.00   73.3       -753.9777        -1503.08   243 180.0000   0.0000     -1.923 0.000   0 -99.00    0.019
2018-05-01-21:51:47 1.11  Mocks_Em/MockNFW80ellip5loga2.08PA50center0With_background20num26.dat Nelder-Mead  1.0e-04 0 0 0 0     NFW        0.0000   0.0000     -1.969 0.000   0 -99.00   68.4       -800.3049       -1595.735   243 180.0000   0.0000     -1.969 0.000   0 -99.00    0.019
2018-05-01-21:51:47 1.11  Mocks_Em/MockNFW80ellip5loga2.08PA50center0With_background20num27.dat Nelder-Mead  1.0e-04 0 0 0 0     NFW        0.0000   0.0000     -2.055 0.000   0 -99.00   52.2       -771.2944       -1537.714   243 180.0000   0.0000     -1.959 0.000   0 -99.00    0.019
2018-05-01-21:51:47 1.11  Mocks_Em/MockNFW80ellip5loga2.08PA50center0With_background20num28.dat Nelder-Mead  1.0e-04 0 0 0 0     NFW        0.0000   0.0000     -1.934 0.000   0 -99.00   63.3       -670.2089       -1335.543   243 180.0000   0.0000     -1.887 0.000   0 -99.00    0.018
2018-05-01-21:51:47 1.11  Mocks_Em/MockNFW80ellip5loga2.08PA50center0With_background20num29.dat Nelder-Mead  1.0e-04 0 0 0 0     NFW        0.0000   0.0000     -1.958 0.000   0 -99.00   68.6        -776.367       -1547.859   243 180.0000   0.0000     -1.911 0.000   0 -99.00    0.019
2018-05-01-21:51:47 1.11  Mocks_Em/MockNFW80ellip5loga2.08PA50center0With_background20num30.dat Nelder-Mead  1.0e-04 0 0 0 0     NFW        0.0000   0.0000     -1.973 0.000   0 -99.00   71.2       -846.9574        -1689.04   243 180.0000   0.0000     -1.973 0.000   0 -99.00    0.019
2018-05-01-21:51:47 1.11  Mocks_Em/MockNFW80ellip5loga2.08PA50center0With_background20num31.dat Nelder-Mead  1.0e-04 0 0 0 0     NFW        0.0000   0.0000     -1.969 0.000   0 -99.00   63.0       -742.9103       -1480.945   243 180.0000   0.0000     -1.921 0.000   0 -99.00    0.019
2018-05-01-21:51:47 1.11  Mocks_Em/MockNFW80ellip5loga2.08PA50center0With_background20num32.dat Nelder-Mead  1.0e-04 0 0 0 0     NFW        0.0000   0.0000     -2.028 0.000   0 -99.00   54.6       -754.2272       -1503.579   243 180.0000   0.0000     -1.932 0.000   0 -99.00    0.019
2018-05-01-21:51:47 1.11  Mocks_Em/MockNFW80ellip5loga2.08PA50center0With_background20num33.dat Nelder-Mead  1.0e-04 0 0 0 0     NFW        0.0000   0.0000     -2.013 0.000   0 -99.00   52.1       -695.5954       -1386.316   243 180.0000   0.0000     -1.917 0.000   0 -99.00    0.018
2018-05-01-21:51:47 1.11  Mocks_Em/MockNFW80ellip5loga2.08PA50center0With_background20num34.dat Nelder-Mead  1.0e-04 0 0 0 0     NFW        0.0000   0.0000     -1.924 0.000   0 -99.00   73.0       -750.7359       -1496.597   243 180.0000   0.0000     -1.924 0.000   0 -99.00    0.019
2018-05-01-21:51:47 1.11  Mocks_Em/MockNFW80ellip5loga2.08PA50center0With_background20num35.dat Nelder-Mead  1.0e-04 0 0 0 0     NFW        0.0000   0.0000     -1.997 0.000   0 -99.00   66.2       -836.7078        -1668.54   243 180.0000   0.0000     -1.997 0.000   0 -99.00    0.019
2018-05-01-21:51:47 1.11  Mocks_Em/MockNFW80ellip5loga2.08PA50center0With_background20num36.dat Nelder-Mead  1.0e-04 0 0 0 0     NFW        0.0000   0.0000     -1.942 0.000   0 -99.00   63.6        -692.684       -1380.493   243 180.0000   0.0000     -1.894 0.000   0 -99.00    0.018
2018-05-01-21:51:47 1.11  Mocks_Em/MockNFW80ellip5loga2.08PA50center0With_background20num37.dat Nelder-Mead  1.0e-04 0 0 0 0     NFW        0.0000   0.0000     -1.952 0.000   0 -99.00   73.2       -822.7334       -1640.592   243 180.0000   0.0000     -1.952 0.000   0 -99.00    0.019
2018-05-01-21:51:47 1.11  Mocks_Em/MockNFW80ellip5loga2.08PA50center0With_background20num38.dat Nelder-Mead  1.0e-04 0 0 0 0     NFW        0.0000   0.0000     -1.987 0.000   0 -99.00   67.1       -831.3478        -1657.82   243 180.0000   0.0000     -1.953 0.000   0 -99.00    0.019
2018-05-01-21:51:47 1.11  Mocks_Em/MockNFW80ellip5loga2.08PA50center0With_background20num39.dat Nelder-Mead  1.0e-04 0 0 0 0     NFW        0.0000   0.0000     -1.943 0.000   0 -99.00   74.6       -805.1402       -1605.405   243 180.0000   0.0000     -1.943 0.000   0 -99.00    0.019
2018-05-01-21:51:47 1.11  Mocks_Em/MockNFW80ellip5loga2.08PA50center0With_background20num40.dat Nelder-Mead  1.0e-04 0 0 0 0     NFW        0.0000   0.0000     -1.934 0.000   0 -99.00   77.4       -808.9592       -1613.043   243 180.0000   0.0000     -1.934 0.000   0 -99.00    0.019
2018-05-01-21:51:47 1.11  Mocks_Em/MockNFW80ellip5loga2.08PA50center0With_background20num41.dat Nelder-Mead  1.0e-04 0 0 0 0     NFW        0.0000   0.0000     -1.967 0.000   0 -99.00   63.8       -734.1128        -1463.35   243 180.0000   0.0000     -1.919 0.000   0 -99.00    0.019
2018-05-01-21:51:47 1.11  Mocks_Em/MockNFW80ellip5loga2.08PA50center0With_background20num42.dat Nelder-Mead  1.0e-04 0 0 0 0     NFW        0.0000   0.0000     -1.939 0.000   0 -99.00   69.1       -751.2705       -1497.666   243 180.0000   0.0000     -1.939 0.000   0 -99.00    0.019
2018-05-01-21:51:47 1.11  Mocks_Em/MockNFW80ellip5loga2.08PA50center0With_background20num43.dat Nelder-Mead  1.0e-04 0 0 0 0     NFW        0.0000   0.0000     -1.973 0.000   0 -99.00   61.5       -720.7973       -1436.719   243 180.0000   0.0000     -1.925 0.000   0 -99.00    0.019
2018-05-01-21:51:47 1.11  Mocks_Em/MockNFW80ellip5loga2.08PA50center0With_background20num44.dat Nelder-Mead  1.0e-04 0 0 0 0     NFW        0.0000   0.0000     -1.942 0.000   0 -99.00   67.4       -734.7162       -1464.557   243 180.0000   0.0000     -1.895 0.000   0 -99.00    0.019
2018-05-01-21:51:47 1.11  Mocks_Em/MockNFW80ellip5loga2.08PA50center0With_background20num45.dat Nelder-Mead  1.0e-04 0 0 0 0     NFW        0.0000   0.0000     -1.968 0.000   0 -99.00   64.0       -744.1464       -1483.418   243 180.0000   0.0000     -1.920 0.000   0 -99.00    0.019
2018-05-01-21:51:47 1.11  Mocks_Em/MockNFW80ellip5loga2.08PA50center0With_background20num46.dat Nelder-Mead  1.0e-04 0 0 0 0     NFW        0.0000   0.0000     -1.954 0.000   0 -99.00   69.3       -777.5509       -1550.227   243 180.0000   0.0000     -1.954 0.000   0 -99.00    0.019
2018-05-01-21:51:47 1.11  Mocks_Em/MockNFW80ellip5loga2.08PA50center0With_background20num47.dat Nelder-Mead  1.0e-04 0 0 0 0     NFW        0.0000   0.0000     -1.927 0.000   0 -99.00   73.8       -767.0804       -1529.286   243 180.0000   0.0000     -1.927 0.000   0 -99.00    0.019
2018-05-01-21:51:47 1.11  Mocks_Em/MockNFW80ellip5loga2.08PA50center0With_background20num48.dat Nelder-Mead  1.0e-04 0 0 0 0     NFW        0.0000   0.0000     -1.955 0.000   0 -99.00   67.7       -760.6237       -1516.372   243 180.0000   0.0000     -1.907 0.000   0 -99.00    0.019
2018-05-01-21:51:47 1.11  Mocks_Em/MockNFW80ellip5loga2.08PA50center0With_background20num49.dat Nelder-Mead  1.0e-04 0 0 0 0     NFW        0.0000   0.0000     -1.963 0.000   0 -99.00   66.9       -771.3314       -1537.788   243 180.0000   0.0000     -1.915 0.000   0 -99.00    0.019
2018-05-01-21:51:47 1.11  Mocks_Em/MockNFW80ellip5loga2.08PA50center0With_background20num50.dat Nelder-Mead  1.0e-04 0 0 0 0     NFW        0.0000   0.0000     -2.089 0.000   0 -99.00   51.3        -829.865       -1654.855   243 180.0000   0.0000     -1.989 0.000   0 -99.00    0.019
2018-05-01-21:51:47 1.11  Mocks_Em/MockNFW80ellip5loga2.08PA50center0With_background20num51.dat Nelder-Mead  1.0e-04 0 0 0 0     NFW        0.0000   0.0000     -1.941 0.000   0 -99.00   72.5       -788.8508       -1572.826   243 180.0000   0.0000     -1.941 0.000   0 -99.00    0.019
2018-05-01-21:51:47 1.11  Mocks_Em/MockNFW80ellip5loga2.08PA50center0With_background20num52.dat Nelder-Mead  1.0e-04 0 0 0 0     NFW        0.0000   0.0000     -2.028 0.000   0 -99.00   57.5       -793.7909       -1582.707   243 180.0000   0.0000     -1.931 0.000   0 -99.00    0.019
2018-05-01-21:51:47 1.11  Mocks_Em/MockNFW80ellip5loga2.08PA50center0With_background20num53.dat Nelder-Mead  1.0e-04 0 0 0 0     NFW        0.0000   0.0000     -1.924 0.000   0 -99.00   60.3       -623.5292       -1242.183   243 180.0000   0.0000     -1.843 0.000   0 -99.00    0.018
2018-05-01-21:51:47 1.11  Mocks_Em/MockNFW80ellip5loga2.08PA50center0With_background20num54.dat Nelder-Mead  1.0e-04 0 0 0 0     NFW        0.0000   0.0000     -1.946 0.000   0 -99.00   66.3       -724.7515       -1444.628   243 180.0000   0.0000     -1.899 0.000   0 -99.00    0.019
2018-05-01-21:51:47 1.11  Mocks_Em/MockNFW80ellip5loga2.08PA50center0With_background20num55.dat Nelder-Mead  1.0e-04 0 0 0 0     NFW        0.0000   0.0000     -1.925 0.000   0 -99.00   72.0       -750.4725        -1496.07   243 180.0000   0.0000     -1.925 0.000   0 -99.00    0.019
2018-05-01-21:51:47 1.11  Mocks_Em/MockNFW80ellip5loga2.08PA50center0With_background20num56.dat Nelder-Mead  1.0e-04 0 0 0 0     NFW        0.0000   0.0000     -1.935 0.000   0 -99.00   68.5       -730.1008       -1455.326   243 180.0000   0.0000     -1.888 0.000   0 -99.00    0.019
2018-05-01-21:51:47 1.11  Mocks_Em/MockNFW80ellip5loga2.08PA50center0With_background20num57.dat Nelder-Mead  1.0e-04 0 0 0 0     NFW        0.0000   0.0000     -1.941 0.000   0 -99.00   69.9       -760.4571       -1516.039   243 180.0000   0.0000     -1.941 0.000   0 -99.00    0.019
2018-05-01-21:51:47 1.11  Mocks_Em/MockNFW80ellip5loga2.08PA50center0With_background20num58.dat Nelder-Mead  1.0e-04 0 0 0 0     NFW        0.0000   0.0000     -1.953 0.000   0 -99.00   70.9       -797.0546       -1589.234   243 180.0000   0.0000     -1.953 0.000   0 -99.00    0.019
2018-05-01-21:51:47 1.11  Mocks_Em/MockNFW80ellip5loga2.08PA50center0With_background20num59.dat Nelder-Mead  1.0e-04 0 0 0 0     NFW        0.0000   0.0000     -1.952 0.000   0 -99.00   68.7       -754.0542       -1503.233   243 180.0000   0.0000     -1.905 0.000   0 -99.00    0.019
2018-05-01-21:51:47 1.11  Mocks_Em/MockNFW80ellip5loga2.08PA50center0With_background20num60.dat Nelder-Mead  1.0e-04 0 0 0 0     NFW        0.0000   0.0000     -2.090 0.000   0 -99.00   47.8       -775.5114       -1546.148   243 180.0000   0.0000     -1.991 0.000   0 -99.00    0.019
2018-05-01-21:51:47 1.11  Mocks_Em/MockNFW80ellip5loga2.08PA50center0With_background20num61.dat Nelder-Mead  1.0e-04 0 0 0 0     NFW        0.0000   0.0000     -2.047 0.000   0 -99.00   52.1       -755.1776        -1505.48   243 180.0000   0.0000     -1.950 0.000   0 -99.00    0.019
2018-05-01-21:51:47 1.11  Mocks_Em/MockNFW80ellip5loga2.08PA50center0With_background20num62.dat Nelder-Mead  1.0e-04 0 0 0 0     NFW        0.0000   0.0000     -1.934 0.000   0 -99.00   73.6       -775.6884       -1546.502   243 180.0000   0.0000     -1.934 0.000   0 -99.00    0.019
2018-05-01-21:51:47 1.11  Mocks_Em/MockNFW80ellip5loga2.08PA50center0With_background20num63.dat Nelder-Mead  1.0e-04 0 0 0 0     NFW        0.0000   0.0000     -1.944 0.000   0 -99.00   65.0       -711.4135       -1417.952   243 180.0000   0.0000     -1.896 0.000   0 -99.00    0.018
2018-05-01-21:51:47 1.11  Mocks_Em/MockNFW80ellip5loga2.08PA50center0With_background20num64.dat Nelder-Mead  1.0e-04 0 0 0 0     NFW        0.0000   0.0000     -1.976 0.000   0 -99.00   66.1        -785.831       -1566.787   243 180.0000   0.0000     -1.924 0.000   0 -99.00    0.019
2018-05-01-21:51:47 1.11  Mocks_Em/MockNFW80ellip5loga2.08PA50center0With_background20num65.dat Nelder-Mead  1.0e-04 0 0 0 0     NFW        0.0000   0.0000     -1.961 0.000   0 -99.00   68.4       -791.2674        -1577.66   243 180.0000   0.0000     -1.961 0.000   0 -99.00    0.019
2018-05-01-21:51:47 1.11  Mocks_Em/MockNFW80ellip5loga2.08PA50center0With_background20num66.dat Nelder-Mead  1.0e-04 0 0 0 0     NFW        0.0000   0.0000     -2.103 0.000   0 -99.00   47.1       -770.6374         -1536.4   243 180.0000   0.0000     -2.003 0.000   0 -99.00    0.019
2018-05-01-21:51:47 1.11  Mocks_Em/MockNFW80ellip5loga2.08PA50center0With_background20num67.dat Nelder-Mead  1.0e-04 0 0 0 0     NFW        0.0000   0.0000     -2.058 0.000   0 -99.00   51.7       -766.5164       -1528.158   243 180.0000   0.0000     -1.960 0.000   0 -99.00    0.019
2018-05-01-21:51:47 1.11  Mocks_Em/MockNFW80ellip5loga2.08PA50center0With_background20num68.dat Nelder-Mead  1.0e-04 0 0 0 0     NFW        0.0000   0.0000     -1.985 0.000   0 -99.00   62.3       -768.2125        -1531.55   243 180.0000   0.0000     -1.893 0.000   0 -99.00    0.019
2018-05-01-21:51:47 1.11  Mocks_Em/MockNFW80ellip5loga2.08PA50center0With_background20num69.dat Nelder-Mead  1.0e-04 0 0 0 0     NFW        0.0000   0.0000     -2.090 0.000   0 -99.00   46.5       -750.6581       -1496.441   243 180.0000   0.0000     -1.990 0.000   0 -99.00    0.019
2018-05-01-21:51:47 1.11  Mocks_Em/MockNFW80ellip5loga2.08PA50center0With_background20num70.dat Nelder-Mead  1.0e-04 0 0 0 0     NFW        0.0000   0.0000     -1.954 0.000   0 -99.00   64.3       -726.1274        -1447.38   243 180.0000   0.0000     -1.906 0.000   0 -99.00    0.019
2018-05-01-21:51:47 1.11  Mocks_Em/MockNFW80ellip5loga2.08PA50center0With_background20num71.dat Nelder-Mead  1.0e-04 0 0 0 0     NFW        0.0000   0.0000     -2.092 0.000   0 -99.00   50.4       -803.1752       -1601.475   243 180.0000   0.0000     -1.993 0.000   0 -99.00    0.019
2018-05-01-21:51:47 1.11  Mocks_Em/MockNFW80ellip5loga2.08PA50center0With_background20num72.dat Nelder-Mead  1.0e-04 0 0 0 0     NFW        0.0000   0.0000     -1.979 0.000   0 -99.00   65.3       -766.4888       -1528.102   243 180.0000   0.0000     -1.930 0.000   0 -99.00    0.019
2018-05-01-21:51:47 1.11  Mocks_Em/MockNFW80ellip5loga2.08PA50center0With_background20num73.dat Nelder-Mead  1.0e-04 0 0 0 0     NFW        0.0000   0.0000     -1.927 0.000   0 -99.00   77.1       -798.5183       -1592.161   243 180.0000   0.0000     -1.927 0.000   0 -99.00    0.019
2018-05-01-21:51:47 1.11  Mocks_Em/MockNFW80ellip5loga2.08PA50center0With_background20num74.dat Nelder-Mead  1.0e-04 0 0 0 0     NFW        0.0000   0.0000     -2.064 0.000   0 -99.00   51.4       -779.9632       -1555.051   243 180.0000   0.0000     -1.966 0.000   0 -99.00    0.019
2018-05-01-21:51:47 1.11  Mocks_Em/MockNFW80ellip5loga2.08PA50center0With_background20num75.dat Nelder-Mead  1.0e-04 0 0 0 0     NFW        0.0000   0.0000     -1.950 0.000   0 -99.00   72.5       -799.7856       -1594.696   243 180.0000   0.0000     -1.950 0.000   0 -99.00    0.019
2018-05-01-21:51:47 1.11  Mocks_Em/MockNFW80ellip5loga2.08PA50center0With_background20num76.dat Nelder-Mead  1.0e-04 0 0 0 0     NFW        0.0000   0.0000     -1.944 0.000   0 -99.00   71.3       -780.4148       -1555.954   243 180.0000   0.0000     -1.944 0.000   0 -99.00    0.019
2018-05-01-21:51:47 1.11  Mocks_Em/MockNFW80ellip5loga2.08PA50center0With_background20num77.dat Nelder-Mead  1.0e-04 0 0 0 0     NFW        0.0000   0.0000     -1.941 0.000   0 -99.00   73.7        -798.906       -1592.937   243 180.0000   0.0000     -1.941 0.000   0 -99.00    0.019
2018-05-01-21:51:47 1.11  Mocks_Em/MockNFW80ellip5loga2.08PA50center0With_background20num78.dat Nelder-Mead  1.0e-04 0 0 0 0     NFW        0.0000   0.0000     -1.941 0.000   0 -99.00   72.0       -771.0814       -1537.288   243 180.0000   0.0000     -1.941 0.000   0 -99.00    0.019
2018-05-01-21:51:47 1.11  Mocks_Em/MockNFW80ellip5loga2.08PA50center0With_background20num79.dat Nelder-Mead  1.0e-04 0 0 0 0     NFW        0.0000   0.0000     -2.037 0.000   0 -99.00   52.8       -747.7302       -1490.585   243 180.0000   0.0000     -1.940 0.000   0 -99.00    0.019
2018-05-01-21:51:47 1.11  Mocks_Em/MockNFW80ellip5loga2.08PA50center0With_background20num80.dat Nelder-Mead  1.0e-04 0 0 0 0     NFW        0.0000   0.0000     -2.057 0.000   0 -99.00   49.9       -735.8049       -1466.735   243 180.0000   0.0000     -1.959 0.000   0 -99.00    0.019
2018-05-01-21:51:47 1.11  Mocks_Em/MockNFW80ellip5loga2.08PA50center0With_background20num81.dat Nelder-Mead  1.0e-04 0 0 0 0     NFW        0.0000   0.0000     -1.925 0.000   0 -99.00   74.1       -765.1743       -1525.473   243 180.0000   0.0000     -1.925 0.000   0 -99.00    0.019
2018-05-01-21:51:47 1.11  Mocks_Em/MockNFW80ellip5loga2.08PA50center0With_background20num82.dat Nelder-Mead  1.0e-04 0 0 0 0     NFW        0.0000   0.0000     -2.081 0.000   0 -99.00   49.5       -785.2334       -1565.592   243 180.0000   0.0000     -1.982 0.000   0 -99.00    0.019
2018-05-01-21:51:47 1.11  Mocks_Em/MockNFW80ellip5loga2.08PA50center0With_background20num83.dat Nelder-Mead  1.0e-04 0 0 0 0     NFW        0.0000   0.0000     -1.964 0.000   0 -99.00   66.6       -773.5316       -1542.188   243 180.0000   0.0000     -1.917 0.000   0 -99.00    0.018
2018-05-01-21:51:47 1.11  Mocks_Em/MockNFW80ellip5loga2.08PA50center0With_background20num84.dat Nelder-Mead  1.0e-04 0 0 0 0     NFW        0.0000   0.0000     -1.936 0.000   0 -99.00   66.6       -706.9928        -1409.11   243 180.0000   0.0000     -1.936 0.000   0 -99.00    0.019
2018-05-01-21:51:47 1.11  Mocks_Em/MockNFW80ellip5loga2.08PA50center0With_background20num85.dat Nelder-Mead  1.0e-04 0 0 0 0     NFW        0.0000   0.0000     -1.947 0.000   0 -99.00   71.1       -770.4492       -1536.023   243 180.0000   0.0000     -1.899 0.000   0 -99.00    0.018
2018-05-01-21:51:47 1.11  Mocks_Em/MockNFW80ellip5loga2.08PA50center0With_background20num86.dat Nelder-Mead  1.0e-04 0 0 0 0     NFW        0.0000   0.0000     -1.988 0.000   0 -99.00   65.5       -809.1995       -1613.524   243 180.0000   0.0000     -1.960 0.000   0 -99.00    0.019
2018-05-01-21:51:47 1.11  Mocks_Em/MockNFW80ellip5loga2.08PA50center0With_background20num87.dat Nelder-Mead  1.0e-04 0 0 0 0     NFW        0.0000   0.0000     -1.928 0.000   0 -99.00   72.7       -763.2842       -1521.693   243 180.0000   0.0000     -1.928 0.000   0 -99.00    0.019
2018-05-01-21:51:47 1.11  Mocks_Em/MockNFW80ellip5loga2.08PA50center0With_background20num88.dat Nelder-Mead  1.0e-04 0 0 0 0     NFW        0.0000   0.0000     -2.062 0.000   0 -99.00   52.2       -789.9456       -1575.016   243 180.0000   0.0000     -1.964 0.000   0 -99.00    0.019
2018-05-01-21:51:47 1.11  Mocks_Em/MockNFW80ellip5loga2.08PA50center0With_background20num89.dat Nelder-Mead  1.0e-04 0 0 0 0     NFW        0.0000   0.0000     -1.934 0.000   0 -99.00   68.6       -732.5852       -1460.295   243 180.0000   0.0000     -1.934 0.000   0 -99.00    0.019
2018-05-01-21:51:47 1.11  Mocks_Em/MockNFW80ellip5loga2.08PA50center0With_background20num90.dat Nelder-Mead  1.0e-04 0 0 0 0     NFW        0.0000   0.0000     -1.943 0.000   0 -99.00   70.1       -760.8935       -1516.912   243 180.0000   0.0000     -1.896 0.000   0 -99.00    0.018
2018-05-01-21:51:47 1.11  Mocks_Em/MockNFW80ellip5loga2.08PA50center0With_background20num91.dat Nelder-Mead  1.0e-04 0 0 0 0     NFW        0.0000   0.0000     -1.964 0.000   0 -99.00   62.6       -729.4103       -1453.945   243 180.0000   0.0000     -1.941 0.000   0 -99.00    0.018
2018-05-01-21:51:47 1.11  Mocks_Em/MockNFW80ellip5loga2.08PA50center0With_background20num92.dat Nelder-Mead  1.0e-04 0 0 0 0     NFW        0.0000   0.0000     -1.957 0.000   0 -99.00   62.5       -706.3326        -1407.79   243 180.0000   0.0000     -1.910 0.000   0 -99.00    0.018
2018-05-01-21:51:47 1.11  Mocks_Em/MockNFW80ellip5loga2.08PA50center0With_background20num93.dat Nelder-Mead  1.0e-04 0 0 0 0     NFW        0.0000   0.0000     -1.953 0.000   0 -99.00   67.1       -749.1432       -1493.411   243 180.0000   0.0000     -1.953 0.000   0 -99.00    0.019
2018-05-01-21:51:47 1.11  Mocks_Em/MockNFW80ellip5loga2.08PA50center0With_background20num94.dat Nelder-Mead  1.0e-04 0 0 0 0     NFW        0.0000   0.0000     -1.990 0.000   0 -99.00   62.6       -778.0528        -1551.23   243 180.0000   0.0000     -1.958 0.000   0 -99.00    0.019
2018-05-01-21:51:47 1.11  Mocks_Em/MockNFW80ellip5loga2.08PA50center0With_background20num95.dat Nelder-Mead  1.0e-04 0 0 0 0     NFW        0.0000   0.0000     -1.938 0.000   0 -99.00   69.4       -737.7503       -1470.625   243 180.0000   0.0000     -1.891 0.000   0 -99.00    0.018
2018-05-01-21:51:47 1.11  Mocks_Em/MockNFW80ellip5loga2.08PA50center0With_background20num96.dat Nelder-Mead  1.0e-04 0 0 0 0     NFW        0.0000   0.0000     -1.932 0.000   0 -99.00   69.3       -735.7803       -1466.685   243 180.0000   0.0000     -1.932 0.000   0 -99.00    0.019
2018-05-01-21:51:47 1.11  Mocks_Em/MockNFW80ellip5loga2.08PA50center0With_background20num97.dat Nelder-Mead  1.0e-04 0 0 0 0     NFW        0.0000   0.0000     -1.951 0.000   0 -99.00   72.1       -802.6512       -1600.427   243 180.0000   0.0000     -1.951 0.000   0 -99.00    0.019
2018-05-01-21:51:47 1.11  Mocks_Em/MockNFW80ellip5loga2.08PA50center0With_background20num98.dat Nelder-Mead  1.0e-04 0 0 0 0     NFW        0.0000   0.0000     -2.038 0.000   0 -99.00   53.7       -753.1691       -1501.463   243 180.0000   0.0000     -1.941 0.000   0 -99.00    0.019
2018-05-01-21:51:47 1.11  Mocks_Em/MockNFW80ellip5loga2.08PA50center0With_background20num99.dat Nelder-Mead  1.0e-04 0 0 0 0     NFW        0.0000   0.0000     -1.964 0.000   0 -99.00   67.6       -783.8884       -1562.902   243 180.0000   0.0000     -1.923 0.000   0 -99.00    0.019
