2018-05-16-14:07:24 1.15  Mocks_Mamon/MockNFW1280ellip0.5loga-2.08PA50center0.0_0.0With_background1num0.dat median-sep   0.0e+00 0 0 0 x     none      -0.0000  -0.0000     -1.425 0.000   0 -99.00    0.0               0               0     0   0.0000   0.0000      0.000 0.000   0   0.00    4.853
2018-05-16-14:07:24 1.15  Mocks_Mamon/MockNFW1280ellip0.5loga-2.08PA50center0.0_0.0With_background1num1.dat median-sep   0.0e+00 0 0 0 x     none      -0.0000  -0.0000     -1.435 0.000   0 -99.00    0.0               0               0     0   0.0000   0.0000      0.000 0.000   0   0.00    2.801
2018-05-16-14:07:24 1.15  Mocks_Mamon/MockNFW1280ellip0.5loga-2.08PA50center0.0_0.0With_background1num2.dat median-sep   0.0e+00 0 0 0 x     none       0.0000   0.0000     -1.428 0.000   0 -99.00    0.0               0               0     0   0.0000   0.0000      0.000 0.000   0   0.00    2.296
2018-05-16-14:07:24 1.15  Mocks_Mamon/MockNFW1280ellip0.5loga-2.08PA50center0.0_0.0With_background1num3.dat median-sep   0.0e+00 0 0 0 x     none       0.0000   0.0000     -1.451 0.000   0 -99.00    0.0               0               0     0   0.0000   0.0000      0.000 0.000   0   0.00    2.342
2018-05-16-14:07:24 1.15  Mocks_Mamon/MockNFW1280ellip0.5loga-2.08PA50center0.0_0.0With_background1num4.dat median-sep   0.0e+00 0 0 0 x     none      -0.0000   0.0000     -1.416 0.000   0 -99.00    0.0               0               0     0   0.0000   0.0000      0.000 0.000   0   0.00    2.924
2018-05-16-14:07:24 1.15  Mocks_Mamon/MockNFW1280ellip0.5loga-2.08PA50center0.0_0.0With_background1num5.dat median-sep   0.0e+00 0 0 0 x     none       0.0000   0.0000     -1.411 0.000   0 -99.00    0.0               0               0     0   0.0000   0.0000      0.000 0.000   0   0.00    2.289
2018-05-16-14:07:24 1.15  Mocks_Mamon/MockNFW1280ellip0.5loga-2.08PA50center0.0_0.0With_background1num6.dat median-sep   0.0e+00 0 0 0 x     none       0.0000   0.0000     -1.463 0.000   0 -99.00    0.0               0               0     0   0.0000   0.0000      0.000 0.000   0   0.00    2.338
2018-05-16-14:07:24 1.15  Mocks_Mamon/MockNFW1280ellip0.5loga-2.08PA50center0.0_0.0With_background1num7.dat median-sep   0.0e+00 0 0 0 x     none       0.0000   0.0000     -1.400 0.000   0 -99.00    0.0               0               0     0   0.0000   0.0000      0.000 0.000   0   0.00    2.254
2018-05-16-14:07:24 1.15  Mocks_Mamon/MockNFW1280ellip0.5loga-2.08PA50center0.0_0.0With_background1num8.dat median-sep   0.0e+00 0 0 0 x     none      -0.0000  -0.0000     -1.450 0.000   0 -99.00    0.0               0               0     0   0.0000   0.0000      0.000 0.000   0   0.00    2.538
2018-05-16-14:07:24 1.15  Mocks_Mamon/MockNFW1280ellip0.5loga-2.08PA50center0.0_0.0With_background1num9.dat median-sep   0.0e+00 0 0 0 x     none       0.0000   0.0000     -1.424 0.000   0 -99.00    0.0               0               0     0   0.0000   0.0000      0.000 0.000   0   0.00    2.300
2018-05-16-14:07:24 1.15  Mocks_Mamon/MockNFW1280ellip0.5loga-2.08PA50center0.0_0.0With_background1num10.dat median-sep   0.0e+00 0 0 0 x     none      -0.0000  -0.0000     -1.456 0.000   0 -99.00    0.0               0               0     0   0.0000   0.0000      0.000 0.000   0   0.00    2.329
2018-05-16-14:07:24 1.15  Mocks_Mamon/MockNFW1280ellip0.5loga-2.08PA50center0.0_0.0With_background1num11.dat median-sep   0.0e+00 0 0 0 x     none       0.0000  -0.0000     -1.435 0.000   0 -99.00    0.0               0               0     0   0.0000   0.0000      0.000 0.000   0   0.00    2.321
2018-05-16-14:07:24 1.15  Mocks_Mamon/MockNFW1280ellip0.5loga-2.08PA50center0.0_0.0With_background1num12.dat median-sep   0.0e+00 0 0 0 x     none      -0.0000   0.0000     -1.392 0.000   0 -99.00    0.0               0               0     0   0.0000   0.0000      0.000 0.000   0   0.00    2.341
2018-05-16-14:07:24 1.15  Mocks_Mamon/MockNFW1280ellip0.5loga-2.08PA50center0.0_0.0With_background1num13.dat median-sep   0.0e+00 0 0 0 x     none      -0.0000   0.0000     -1.365 0.000   0 -99.00    0.0               0               0     0   0.0000   0.0000      0.000 0.000   0   0.00    2.957
2018-05-16-14:07:24 1.15  Mocks_Mamon/MockNFW1280ellip0.5loga-2.08PA50center0.0_0.0With_background1num14.dat median-sep   0.0e+00 0 0 0 x     none      -0.0000   0.0000     -1.416 0.000   0 -99.00    0.0               0               0     0   0.0000   0.0000      0.000 0.000   0   0.00    2.314
2018-05-16-14:07:24 1.15  Mocks_Mamon/MockNFW1280ellip0.5loga-2.08PA50center0.0_0.0With_background1num15.dat median-sep   0.0e+00 0 0 0 x     none      -0.0000  -0.0000     -1.432 0.000   0 -99.00    0.0               0               0     0   0.0000   0.0000      0.000 0.000   0   0.00    2.331
2018-05-16-14:07:24 1.15  Mocks_Mamon/MockNFW1280ellip0.5loga-2.08PA50center0.0_0.0With_background1num16.dat median-sep   0.0e+00 0 0 0 x     none       0.0000  -0.0000     -1.390 0.000   0 -99.00    0.0               0               0     0   0.0000   0.0000      0.000 0.000   0   0.00    2.276
2018-05-16-14:07:24 1.15  Mocks_Mamon/MockNFW1280ellip0.5loga-2.08PA50center0.0_0.0With_background1num17.dat median-sep   0.0e+00 0 0 0 x     none      -0.0000  -0.0000     -1.418 0.000   0 -99.00    0.0               0               0     0   0.0000   0.0000      0.000 0.000   0   0.00    2.381
2018-05-16-14:07:24 1.15  Mocks_Mamon/MockNFW1280ellip0.5loga-2.08PA50center0.0_0.0With_background1num18.dat median-sep   0.0e+00 0 0 0 x     none       0.0000   0.0000     -1.469 0.000   0 -99.00    0.0               0               0     0   0.0000   0.0000      0.000 0.000   0   0.00    2.311
2018-05-16-14:07:24 1.15  Mocks_Mamon/MockNFW1280ellip0.5loga-2.08PA50center0.0_0.0With_background1num19.dat median-sep   0.0e+00 0 0 0 x     none       0.0000   0.0000     -1.450 0.000   0 -99.00    0.0               0               0     0   0.0000   0.0000      0.000 0.000   0   0.00    2.266
2018-05-16-14:07:24 1.15  Mocks_Mamon/MockNFW1280ellip0.5loga-2.08PA50center0.0_0.0With_background1num20.dat median-sep   0.0e+00 0 0 0 x     none       0.0000  -0.0000     -1.395 0.000   0 -99.00    0.0               0               0     0   0.0000   0.0000      0.000 0.000   0   0.00    2.374
2018-05-16-14:07:24 1.15  Mocks_Mamon/MockNFW1280ellip0.5loga-2.08PA50center0.0_0.0With_background1num21.dat median-sep   0.0e+00 0 0 0 x     none       0.0000   0.0000     -1.428 0.000   0 -99.00    0.0               0               0     0   0.0000   0.0000      0.000 0.000   0   0.00    2.336
2018-05-16-14:07:24 1.15  Mocks_Mamon/MockNFW1280ellip0.5loga-2.08PA50center0.0_0.0With_background1num22.dat median-sep   0.0e+00 0 0 0 x     none      -0.0000  -0.0000     -1.427 0.000   0 -99.00    0.0               0               0     0   0.0000   0.0000      0.000 0.000   0   0.00    2.323
2018-05-16-14:07:24 1.15  Mocks_Mamon/MockNFW1280ellip0.5loga-2.08PA50center0.0_0.0With_background1num23.dat median-sep   0.0e+00 0 0 0 x     none      -0.0001  -0.0000     -1.400 0.000   0 -99.00    0.0               0               0     0   0.0000   0.0000      0.000 0.000   0   0.00    2.316
2018-05-16-14:07:24 1.15  Mocks_Mamon/MockNFW1280ellip0.5loga-2.08PA50center0.0_0.0With_background1num24.dat median-sep   0.0e+00 0 0 0 x     none      -0.0000   0.0000     -1.421 0.000   0 -99.00    0.0               0               0     0   0.0000   0.0000      0.000 0.000   0   0.00    2.706
2018-05-16-14:07:24 1.15  Mocks_Mamon/MockNFW1280ellip0.5loga-2.08PA50center0.0_0.0With_background1num25.dat median-sep   0.0e+00 0 0 0 x     none       0.0000  -0.0000     -1.387 0.000   0 -99.00    0.0               0               0     0   0.0000   0.0000      0.000 0.000   0   0.00    2.323
2018-05-16-14:07:24 1.15  Mocks_Mamon/MockNFW1280ellip0.5loga-2.08PA50center0.0_0.0With_background1num26.dat median-sep   0.0e+00 0 0 0 x     none       0.0000   0.0000     -1.461 0.000   0 -99.00    0.0               0               0     0   0.0000   0.0000      0.000 0.000   0   0.00    2.303
2018-05-16-14:07:24 1.15  Mocks_Mamon/MockNFW1280ellip0.5loga-2.08PA50center0.0_0.0With_background1num27.dat median-sep   0.0e+00 0 0 0 x     none      -0.0000   0.0000     -1.391 0.000   0 -99.00    0.0               0               0     0   0.0000   0.0000      0.000 0.000   0   0.00    2.271
2018-05-16-14:07:24 1.15  Mocks_Mamon/MockNFW1280ellip0.5loga-2.08PA50center0.0_0.0With_background1num28.dat median-sep   0.0e+00 0 0 0 x     none      -0.0000   0.0000     -1.389 0.000   0 -99.00    0.0               0               0     0   0.0000   0.0000      0.000 0.000   0   0.00    2.497
2018-05-16-14:07:24 1.15  Mocks_Mamon/MockNFW1280ellip0.5loga-2.08PA50center0.0_0.0With_background1num29.dat median-sep   0.0e+00 0 0 0 x     none      -0.0000   0.0000     -1.394 0.000   0 -99.00    0.0               0               0     0   0.0000   0.0000      0.000 0.000   0   0.00    2.317
2018-05-16-14:07:24 1.15  Mocks_Mamon/MockNFW1280ellip0.5loga-2.08PA50center0.0_0.0With_background1num30.dat median-sep   0.0e+00 0 0 0 x     none       0.0000  -0.0000     -1.415 0.000   0 -99.00    0.0               0               0     0   0.0000   0.0000      0.000 0.000   0   0.00    2.581
2018-05-16-14:07:24 1.15  Mocks_Mamon/MockNFW1280ellip0.5loga-2.08PA50center0.0_0.0With_background1num31.dat median-sep   0.0e+00 0 0 0 x     none      -0.0001  -0.0000     -1.408 0.000   0 -99.00    0.0               0               0     0   0.0000   0.0000      0.000 0.000   0   0.00    2.256
2018-05-16-14:07:24 1.15  Mocks_Mamon/MockNFW1280ellip0.5loga-2.08PA50center0.0_0.0With_background1num32.dat median-sep   0.0e+00 0 0 0 x     none       0.0000   0.0000     -1.461 0.000   0 -99.00    0.0               0               0     0   0.0000   0.0000      0.000 0.000   0   0.00    2.337
2018-05-16-14:07:24 1.15  Mocks_Mamon/MockNFW1280ellip0.5loga-2.08PA50center0.0_0.0With_background1num33.dat median-sep   0.0e+00 0 0 0 x     none       0.0000  -0.0000     -1.396 0.000   0 -99.00    0.0               0               0     0   0.0000   0.0000      0.000 0.000   0   0.00    2.352
2018-05-16-14:07:24 1.15  Mocks_Mamon/MockNFW1280ellip0.5loga-2.08PA50center0.0_0.0With_background1num34.dat median-sep   0.0e+00 0 0 0 x     none       0.0000  -0.0000     -1.441 0.000   0 -99.00    0.0               0               0     0   0.0000   0.0000      0.000 0.000   0   0.00    2.231
2018-05-16-14:07:24 1.15  Mocks_Mamon/MockNFW1280ellip0.5loga-2.08PA50center0.0_0.0With_background1num35.dat median-sep   0.0e+00 0 0 0 x     none       0.0000   0.0000     -1.395 0.000   0 -99.00    0.0               0               0     0   0.0000   0.0000      0.000 0.000   0   0.00    2.349
2018-05-16-14:07:24 1.15  Mocks_Mamon/MockNFW1280ellip0.5loga-2.08PA50center0.0_0.0With_background1num36.dat median-sep   0.0e+00 0 0 0 x     none       0.0000  -0.0000     -1.425 0.000   0 -99.00    0.0               0               0     0   0.0000   0.0000      0.000 0.000   0   0.00    2.367
2018-05-16-14:07:24 1.15  Mocks_Mamon/MockNFW1280ellip0.5loga-2.08PA50center0.0_0.0With_background1num37.dat median-sep   0.0e+00 0 0 0 x     none      -0.0000   0.0000     -1.388 0.000   0 -99.00    0.0               0               0     0   0.0000   0.0000      0.000 0.000   0   0.00    2.335
2018-05-16-14:07:24 1.15  Mocks_Mamon/MockNFW1280ellip0.5loga-2.08PA50center0.0_0.0With_background1num38.dat median-sep   0.0e+00 0 0 0 x     none       0.0000   0.0000     -1.424 0.000   0 -99.00    0.0               0               0     0   0.0000   0.0000      0.000 0.000   0   0.00    2.373
2018-05-16-14:07:24 1.15  Mocks_Mamon/MockNFW1280ellip0.5loga-2.08PA50center0.0_0.0With_background1num39.dat median-sep   0.0e+00 0 0 0 x     none       0.0000   0.0000     -1.449 0.000   0 -99.00    0.0               0               0     0   0.0000   0.0000      0.000 0.000   0   0.00    2.368
2018-05-16-14:07:24 1.15  Mocks_Mamon/MockNFW1280ellip0.5loga-2.08PA50center0.0_0.0With_background1num40.dat median-sep   0.0e+00 0 0 0 x     none       0.0000  -0.0000     -1.376 0.000   0 -99.00    0.0               0               0     0   0.0000   0.0000      0.000 0.000   0   0.00    2.351
2018-05-16-14:07:24 1.15  Mocks_Mamon/MockNFW1280ellip0.5loga-2.08PA50center0.0_0.0With_background1num41.dat median-sep   0.0e+00 0 0 0 x     none      -0.0000  -0.0000     -1.451 0.000   0 -99.00    0.0               0               0     0   0.0000   0.0000      0.000 0.000   0   0.00    2.359
2018-05-16-14:07:24 1.15  Mocks_Mamon/MockNFW1280ellip0.5loga-2.08PA50center0.0_0.0With_background1num42.dat median-sep   0.0e+00 0 0 0 x     none      -0.0000  -0.0000     -1.394 0.000   0 -99.00    0.0               0               0     0   0.0000   0.0000      0.000 0.000   0   0.00    2.239
2018-05-16-14:07:24 1.15  Mocks_Mamon/MockNFW1280ellip0.5loga-2.08PA50center0.0_0.0With_background1num43.dat median-sep   0.0e+00 0 0 0 x     none      -0.0000  -0.0000     -1.419 0.000   0 -99.00    0.0               0               0     0   0.0000   0.0000      0.000 0.000   0   0.00    2.326
2018-05-16-14:07:24 1.15  Mocks_Mamon/MockNFW1280ellip0.5loga-2.08PA50center0.0_0.0With_background1num44.dat median-sep   0.0e+00 0 0 0 x     none      -0.0000  -0.0000     -1.438 0.000   0 -99.00    0.0               0               0     0   0.0000   0.0000      0.000 0.000   0   0.00    2.285
2018-05-16-14:07:24 1.15  Mocks_Mamon/MockNFW1280ellip0.5loga-2.08PA50center0.0_0.0With_background1num45.dat median-sep   0.0e+00 0 0 0 x     none       0.0000  -0.0000     -1.454 0.000   0 -99.00    0.0               0               0     0   0.0000   0.0000      0.000 0.000   0   0.00    2.380
2018-05-16-14:07:24 1.15  Mocks_Mamon/MockNFW1280ellip0.5loga-2.08PA50center0.0_0.0With_background1num46.dat median-sep   0.0e+00 0 0 0 x     none       0.0000   0.0000     -1.441 0.000   0 -99.00    0.0               0               0     0   0.0000   0.0000      0.000 0.000   0   0.00    2.342
2018-05-16-14:07:24 1.15  Mocks_Mamon/MockNFW1280ellip0.5loga-2.08PA50center0.0_0.0With_background1num47.dat median-sep   0.0e+00 0 0 0 x     none      -0.0000  -0.0000     -1.443 0.000   0 -99.00    0.0               0               0     0   0.0000   0.0000      0.000 0.000   0   0.00    2.313
2018-05-16-14:07:24 1.15  Mocks_Mamon/MockNFW1280ellip0.5loga-2.08PA50center0.0_0.0With_background1num48.dat median-sep   0.0e+00 0 0 0 x     none       0.0000  -0.0001     -1.409 0.000   0 -99.00    0.0               0               0     0   0.0000   0.0000      0.000 0.000   0   0.00    2.336
2018-05-16-14:07:24 1.15  Mocks_Mamon/MockNFW1280ellip0.5loga-2.08PA50center0.0_0.0With_background1num49.dat median-sep   0.0e+00 0 0 0 x     none       0.0000   0.0000     -1.437 0.000   0 -99.00    0.0               0               0     0   0.0000   0.0000      0.000 0.000   0   0.00    2.751
2018-05-16-14:07:24 1.15  Mocks_Mamon/MockNFW1280ellip0.5loga-2.08PA50center0.0_0.0With_background1num50.dat median-sep   0.0e+00 0 0 0 x     none      -0.0000  -0.0000     -1.416 0.000   0 -99.00    0.0               0               0     0   0.0000   0.0000      0.000 0.000   0   0.00    2.300
2018-05-16-14:07:24 1.15  Mocks_Mamon/MockNFW1280ellip0.5loga-2.08PA50center0.0_0.0With_background1num51.dat median-sep   0.0e+00 0 0 0 x     none      -0.0000  -0.0000     -1.431 0.000   0 -99.00    0.0               0               0     0   0.0000   0.0000      0.000 0.000   0   0.00    2.314
2018-05-16-14:07:24 1.15  Mocks_Mamon/MockNFW1280ellip0.5loga-2.08PA50center0.0_0.0With_background1num52.dat median-sep   0.0e+00 0 0 0 x     none       0.0000   0.0000     -1.410 0.000   0 -99.00    0.0               0               0     0   0.0000   0.0000      0.000 0.000   0   0.00    2.306
2018-05-16-14:07:24 1.15  Mocks_Mamon/MockNFW1280ellip0.5loga-2.08PA50center0.0_0.0With_background1num53.dat median-sep   0.0e+00 0 0 0 x     none       0.0000  -0.0000     -1.397 0.000   0 -99.00    0.0               0               0     0   0.0000   0.0000      0.000 0.000   0   0.00    2.269
2018-05-16-14:07:24 1.15  Mocks_Mamon/MockNFW1280ellip0.5loga-2.08PA50center0.0_0.0With_background1num54.dat median-sep   0.0e+00 0 0 0 x     none      -0.0000   0.0000     -1.427 0.000   0 -99.00    0.0               0               0     0   0.0000   0.0000      0.000 0.000   0   0.00    2.308
2018-05-16-14:07:24 1.15  Mocks_Mamon/MockNFW1280ellip0.5loga-2.08PA50center0.0_0.0With_background1num55.dat median-sep   0.0e+00 0 0 0 x     none       0.0000   0.0001     -1.411 0.000   0 -99.00    0.0               0               0     0   0.0000   0.0000      0.000 0.000   0   0.00    2.345
2018-05-16-14:07:24 1.15  Mocks_Mamon/MockNFW1280ellip0.5loga-2.08PA50center0.0_0.0With_background1num56.dat median-sep   0.0e+00 0 0 0 x     none       0.0000   0.0000     -1.366 0.000   0 -99.00    0.0               0               0     0   0.0000   0.0000      0.000 0.000   0   0.00    2.310
2018-05-16-14:07:24 1.15  Mocks_Mamon/MockNFW1280ellip0.5loga-2.08PA50center0.0_0.0With_background1num57.dat median-sep   0.0e+00 0 0 0 x     none       0.0000   0.0000     -1.427 0.000   0 -99.00    0.0               0               0     0   0.0000   0.0000      0.000 0.000   0   0.00    2.352
2018-05-16-14:07:24 1.15  Mocks_Mamon/MockNFW1280ellip0.5loga-2.08PA50center0.0_0.0With_background1num58.dat median-sep   0.0e+00 0 0 0 x     none       0.0000  -0.0000     -1.421 0.000   0 -99.00    0.0               0               0     0   0.0000   0.0000      0.000 0.000   0   0.00    2.224
2018-05-16-14:07:24 1.15  Mocks_Mamon/MockNFW1280ellip0.5loga-2.08PA50center0.0_0.0With_background1num59.dat median-sep   0.0e+00 0 0 0 x     none      -0.0000  -0.0000     -1.422 0.000   0 -99.00    0.0               0               0     0   0.0000   0.0000      0.000 0.000   0   0.00    2.361
2018-05-16-14:07:24 1.15  Mocks_Mamon/MockNFW1280ellip0.5loga-2.08PA50center0.0_0.0With_background1num60.dat median-sep   0.0e+00 0 0 0 x     none      -0.0000  -0.0000     -1.435 0.000   0 -99.00    0.0               0               0     0   0.0000   0.0000      0.000 0.000   0   0.00    2.341
2018-05-16-14:07:24 1.15  Mocks_Mamon/MockNFW1280ellip0.5loga-2.08PA50center0.0_0.0With_background1num61.dat median-sep   0.0e+00 0 0 0 x     none      -0.0000  -0.0000     -1.423 0.000   0 -99.00    0.0               0               0     0   0.0000   0.0000      0.000 0.000   0   0.00    2.382
2018-05-16-14:07:24 1.15  Mocks_Mamon/MockNFW1280ellip0.5loga-2.08PA50center0.0_0.0With_background1num62.dat median-sep   0.0e+00 0 0 0 x     none       0.0000   0.0000     -1.446 0.000   0 -99.00    0.0               0               0     0   0.0000   0.0000      0.000 0.000   0   0.00    2.278
2018-05-16-14:07:24 1.15  Mocks_Mamon/MockNFW1280ellip0.5loga-2.08PA50center0.0_0.0With_background1num63.dat median-sep   0.0e+00 0 0 0 x     none      -0.0000  -0.0001     -1.448 0.000   0 -99.00    0.0               0               0     0   0.0000   0.0000      0.000 0.000   0   0.00    2.389
2018-05-16-14:07:24 1.15  Mocks_Mamon/MockNFW1280ellip0.5loga-2.08PA50center0.0_0.0With_background1num64.dat median-sep   0.0e+00 0 0 0 x     none       0.0000   0.0000     -1.460 0.000   0 -99.00    0.0               0               0     0   0.0000   0.0000      0.000 0.000   0   0.00    2.390
2018-05-16-14:07:24 1.15  Mocks_Mamon/MockNFW1280ellip0.5loga-2.08PA50center0.0_0.0With_background1num65.dat median-sep   0.0e+00 0 0 0 x     none      -0.0000  -0.0000     -1.397 0.000   0 -99.00    0.0               0               0     0   0.0000   0.0000      0.000 0.000   0   0.00    2.327
2018-05-16-14:07:24 1.15  Mocks_Mamon/MockNFW1280ellip0.5loga-2.08PA50center0.0_0.0With_background1num66.dat median-sep   0.0e+00 0 0 0 x     none       0.0001   0.0001     -1.403 0.000   0 -99.00    0.0               0               0     0   0.0000   0.0000      0.000 0.000   0   0.00    2.301
2018-05-16-14:07:24 1.15  Mocks_Mamon/MockNFW1280ellip0.5loga-2.08PA50center0.0_0.0With_background1num67.dat median-sep   0.0e+00 0 0 0 x     none       0.0001   0.0000     -1.402 0.000   0 -99.00    0.0               0               0     0   0.0000   0.0000      0.000 0.000   0   0.00    2.578
2018-05-16-14:07:24 1.15  Mocks_Mamon/MockNFW1280ellip0.5loga-2.08PA50center0.0_0.0With_background1num68.dat median-sep   0.0e+00 0 0 0 x     none       0.0000   0.0000     -1.380 0.000   0 -99.00    0.0               0               0     0   0.0000   0.0000      0.000 0.000   0   0.00    2.324
2018-05-16-14:07:24 1.15  Mocks_Mamon/MockNFW1280ellip0.5loga-2.08PA50center0.0_0.0With_background1num69.dat median-sep   0.0e+00 0 0 0 x     none       0.0000  -0.0000     -1.420 0.000   0 -99.00    0.0               0               0     0   0.0000   0.0000      0.000 0.000   0   0.00    2.259
2018-05-16-14:07:24 1.15  Mocks_Mamon/MockNFW1280ellip0.5loga-2.08PA50center0.0_0.0With_background1num70.dat median-sep   0.0e+00 0 0 0 x     none      -0.0000   0.0000     -1.399 0.000   0 -99.00    0.0               0               0     0   0.0000   0.0000      0.000 0.000   0   0.00    2.302
2018-05-16-14:07:24 1.15  Mocks_Mamon/MockNFW1280ellip0.5loga-2.08PA50center0.0_0.0With_background1num71.dat median-sep   0.0e+00 0 0 0 x     none      -0.0000  -0.0000     -1.439 0.000   0 -99.00    0.0               0               0     0   0.0000   0.0000      0.000 0.000   0   0.00    2.293
2018-05-16-14:07:24 1.15  Mocks_Mamon/MockNFW1280ellip0.5loga-2.08PA50center0.0_0.0With_background1num72.dat median-sep   0.0e+00 0 0 0 x     none      -0.0000  -0.0001     -1.450 0.000   0 -99.00    0.0               0               0     0   0.0000   0.0000      0.000 0.000   0   0.00    2.316
2018-05-16-14:07:24 1.15  Mocks_Mamon/MockNFW1280ellip0.5loga-2.08PA50center0.0_0.0With_background1num73.dat median-sep   0.0e+00 0 0 0 x     none      -0.0000  -0.0000     -1.419 0.000   0 -99.00    0.0               0               0     0   0.0000   0.0000      0.000 0.000   0   0.00    2.512
2018-05-16-14:07:24 1.15  Mocks_Mamon/MockNFW1280ellip0.5loga-2.08PA50center0.0_0.0With_background1num74.dat median-sep   0.0e+00 0 0 0 x     none      -0.0000  -0.0000     -1.415 0.000   0 -99.00    0.0               0               0     0   0.0000   0.0000      0.000 0.000   0   0.00    2.373
2018-05-16-14:07:24 1.15  Mocks_Mamon/MockNFW1280ellip0.5loga-2.08PA50center0.0_0.0With_background1num75.dat median-sep   0.0e+00 0 0 0 x     none      -0.0000   0.0000     -1.373 0.000   0 -99.00    0.0               0               0     0   0.0000   0.0000      0.000 0.000   0   0.00    2.305
2018-05-16-14:07:24 1.15  Mocks_Mamon/MockNFW1280ellip0.5loga-2.08PA50center0.0_0.0With_background1num76.dat median-sep   0.0e+00 0 0 0 x     none       0.0000  -0.0000     -1.431 0.000   0 -99.00    0.0               0               0     0   0.0000   0.0000      0.000 0.000   0   0.00    2.330
2018-05-16-14:07:24 1.15  Mocks_Mamon/MockNFW1280ellip0.5loga-2.08PA50center0.0_0.0With_background1num77.dat median-sep   0.0e+00 0 0 0 x     none       0.0000  -0.0000     -1.417 0.000   0 -99.00    0.0               0               0     0   0.0000   0.0000      0.000 0.000   0   0.00    2.239
2018-05-16-14:07:24 1.15  Mocks_Mamon/MockNFW1280ellip0.5loga-2.08PA50center0.0_0.0With_background1num78.dat median-sep   0.0e+00 0 0 0 x     none      -0.0000  -0.0001     -1.381 0.000   0 -99.00    0.0               0               0     0   0.0000   0.0000      0.000 0.000   0   0.00    2.263
2018-05-16-14:07:24 1.15  Mocks_Mamon/MockNFW1280ellip0.5loga-2.08PA50center0.0_0.0With_background1num79.dat median-sep   0.0e+00 0 0 0 x     none      -0.0001  -0.0000     -1.413 0.000   0 -99.00    0.0               0               0     0   0.0000   0.0000      0.000 0.000   0   0.00    2.356
2018-05-16-14:07:24 1.15  Mocks_Mamon/MockNFW1280ellip0.5loga-2.08PA50center0.0_0.0With_background1num80.dat median-sep   0.0e+00 0 0 0 x     none       0.0000   0.0000     -1.443 0.000   0 -99.00    0.0               0               0     0   0.0000   0.0000      0.000 0.000   0   0.00    2.355
2018-05-16-14:07:24 1.15  Mocks_Mamon/MockNFW1280ellip0.5loga-2.08PA50center0.0_0.0With_background1num81.dat median-sep   0.0e+00 0 0 0 x     none       0.0000   0.0000     -1.425 0.000   0 -99.00    0.0               0               0     0   0.0000   0.0000      0.000 0.000   0   0.00    2.303
2018-05-16-14:07:24 1.15  Mocks_Mamon/MockNFW1280ellip0.5loga-2.08PA50center0.0_0.0With_background1num82.dat median-sep   0.0e+00 0 0 0 x     none       0.0000   0.0000     -1.445 0.000   0 -99.00    0.0               0               0     0   0.0000   0.0000      0.000 0.000   0   0.00    2.300
2018-05-16-14:07:24 1.15  Mocks_Mamon/MockNFW1280ellip0.5loga-2.08PA50center0.0_0.0With_background1num83.dat median-sep   0.0e+00 0 0 0 x     none       0.0000  -0.0000     -1.393 0.000   0 -99.00    0.0               0               0     0   0.0000   0.0000      0.000 0.000   0   0.00    2.331
2018-05-16-14:07:24 1.15  Mocks_Mamon/MockNFW1280ellip0.5loga-2.08PA50center0.0_0.0With_background1num84.dat median-sep   0.0e+00 0 0 0 x     none       0.0000  -0.0000     -1.431 0.000   0 -99.00    0.0               0               0     0   0.0000   0.0000      0.000 0.000   0   0.00    2.259
2018-05-16-14:07:24 1.15  Mocks_Mamon/MockNFW1280ellip0.5loga-2.08PA50center0.0_0.0With_background1num85.dat median-sep   0.0e+00 0 0 0 x     none       0.0000   0.0000     -1.422 0.000   0 -99.00    0.0               0               0     0   0.0000   0.0000      0.000 0.000   0   0.00    2.280
2018-05-16-14:07:24 1.15  Mocks_Mamon/MockNFW1280ellip0.5loga-2.08PA50center0.0_0.0With_background1num86.dat median-sep   0.0e+00 0 0 0 x     none       0.0000  -0.0000     -1.409 0.000   0 -99.00    0.0               0               0     0   0.0000   0.0000      0.000 0.000   0   0.00    2.764
2018-05-16-14:07:24 1.15  Mocks_Mamon/MockNFW1280ellip0.5loga-2.08PA50center0.0_0.0With_background1num87.dat median-sep   0.0e+00 0 0 0 x     none      -0.0000  -0.0000     -1.419 0.000   0 -99.00    0.0               0               0     0   0.0000   0.0000      0.000 0.000   0   0.00    2.314
2018-05-16-14:07:24 1.15  Mocks_Mamon/MockNFW1280ellip0.5loga-2.08PA50center0.0_0.0With_background1num88.dat median-sep   0.0e+00 0 0 0 x     none      -0.0000  -0.0000     -1.408 0.000   0 -99.00    0.0               0               0     0   0.0000   0.0000      0.000 0.000   0   0.00    2.511
2018-05-16-14:07:24 1.15  Mocks_Mamon/MockNFW1280ellip0.5loga-2.08PA50center0.0_0.0With_background1num89.dat median-sep   0.0e+00 0 0 0 x     none      -0.0000  -0.0000     -1.395 0.000   0 -99.00    0.0               0               0     0   0.0000   0.0000      0.000 0.000   0   0.00    2.357
2018-05-16-14:07:24 1.15  Mocks_Mamon/MockNFW1280ellip0.5loga-2.08PA50center0.0_0.0With_background1num90.dat median-sep   0.0e+00 0 0 0 x     none      -0.0000   0.0000     -1.423 0.000   0 -99.00    0.0               0               0     0   0.0000   0.0000      0.000 0.000   0   0.00    2.376
2018-05-16-14:07:24 1.15  Mocks_Mamon/MockNFW1280ellip0.5loga-2.08PA50center0.0_0.0With_background1num91.dat median-sep   0.0e+00 0 0 0 x     none      -0.0001  -0.0000     -1.401 0.000   0 -99.00    0.0               0               0     0   0.0000   0.0000      0.000 0.000   0   0.00    2.355
2018-05-16-14:07:24 1.15  Mocks_Mamon/MockNFW1280ellip0.5loga-2.08PA50center0.0_0.0With_background1num92.dat median-sep   0.0e+00 0 0 0 x     none       0.0000  -0.0000     -1.439 0.000   0 -99.00    0.0               0               0     0   0.0000   0.0000      0.000 0.000   0   0.00    2.353
2018-05-16-14:07:24 1.15  Mocks_Mamon/MockNFW1280ellip0.5loga-2.08PA50center0.0_0.0With_background1num93.dat median-sep   0.0e+00 0 0 0 x     none      -0.0000   0.0000     -1.456 0.000   0 -99.00    0.0               0               0     0   0.0000   0.0000      0.000 0.000   0   0.00    2.285
2018-05-16-14:07:24 1.15  Mocks_Mamon/MockNFW1280ellip0.5loga-2.08PA50center0.0_0.0With_background1num94.dat median-sep   0.0e+00 0 0 0 x     none      -0.0000  -0.0000     -1.462 0.000   0 -99.00    0.0               0               0     0   0.0000   0.0000      0.000 0.000   0   0.00    2.212
2018-05-16-14:07:24 1.15  Mocks_Mamon/MockNFW1280ellip0.5loga-2.08PA50center0.0_0.0With_background1num95.dat median-sep   0.0e+00 0 0 0 x     none      -0.0001  -0.0000     -1.441 0.000   0 -99.00    0.0               0               0     0   0.0000   0.0000      0.000 0.000   0   0.00    2.298
2018-05-16-14:07:24 1.15  Mocks_Mamon/MockNFW1280ellip0.5loga-2.08PA50center0.0_0.0With_background1num96.dat median-sep   0.0e+00 0 0 0 x     none       0.0000   0.0000     -1.395 0.000   0 -99.00    0.0               0               0     0   0.0000   0.0000      0.000 0.000   0   0.00    2.361
2018-05-16-14:07:24 1.15  Mocks_Mamon/MockNFW1280ellip0.5loga-2.08PA50center0.0_0.0With_background1num97.dat median-sep   0.0e+00 0 0 0 x     none       0.0000  -0.0000     -1.415 0.000   0 -99.00    0.0               0               0     0   0.0000   0.0000      0.000 0.000   0   0.00    2.366
2018-05-16-14:07:24 1.15  Mocks_Mamon/MockNFW1280ellip0.5loga-2.08PA50center0.0_0.0With_background1num98.dat median-sep   0.0e+00 0 0 0 x     none      -0.0000  -0.0000     -1.394 0.000   0 -99.00    0.0               0               0     0   0.0000   0.0000      0.000 0.000   0   0.00    2.357
2018-05-16-14:07:24 1.15  Mocks_Mamon/MockNFW1280ellip0.5loga-2.08PA50center0.0_0.0With_background1num99.dat median-sep   0.0e+00 0 0 0 x     none      -0.0000  -0.0000     -1.431 0.000   0 -99.00    0.0               0               0     0   0.0000   0.0000      0.000 0.000   0   0.00    2.214
