2018-05-16-14:05:16 1.15  Mocks_Mamon/MockNFW1280ellip0.5loga-2.08PA50center0.0_0.0With_background1num0.dat L-BFGS-B     1.0e-04 0 1 1 0     NFW      360.0000  -0.0000     -2.575 0.428  39   1.08   53.7       -3809.164       -7589.342    63 360.0000  -0.0000     -1.910 0.208  39   1.24    0.044
2018-05-16-14:05:16 1.15  Mocks_Mamon/MockNFW1280ellip0.5loga-2.08PA50center0.0_0.0With_background1num1.dat L-BFGS-B     1.0e-04 0 1 1 0     NFW      360.0000  -0.0000     -2.304 0.548  38   1.14   65.4       -3715.266       -7401.538    42 360.0000  -0.0000     -1.949 0.237  38   1.23    0.029
2018-05-16-14:05:16 1.15  Mocks_Mamon/MockNFW1280ellip0.5loga-2.08PA50center0.0_0.0With_background1num2.dat L-BFGS-B     1.0e-04 0 1 1 0     NFW        0.0000   0.0000     -2.574 0.248  23   1.09   54.6       -3881.323       -7733.664    42   0.0000   0.0000     -1.901 0.123  23   1.24    0.030
2018-05-16-14:05:16 1.15  Mocks_Mamon/MockNFW1280ellip0.5loga-2.08PA50center0.0_0.0With_background1num3.dat L-BFGS-B     1.0e-04 0 1 1 0     NFW        0.0000   0.0000     -2.574 0.469  40   1.00   53.5       -3876.203       -7723.423    77   0.0000   0.0000     -1.943 0.211  40   1.24    0.054
2018-05-16-14:05:16 1.15  Mocks_Mamon/MockNFW1280ellip0.5loga-2.08PA50center0.0_0.0With_background1num4.dat L-BFGS-B     1.0e-04 0 1 1 0     NFW      360.0000   0.0000     -2.575 0.415  38   0.99   53.1       -3767.717       -7506.417    84 360.0000   0.0000     -1.892 0.182  37   1.23    0.058
2018-05-16-14:05:16 1.15  Mocks_Mamon/MockNFW1280ellip0.5loga-2.08PA50center0.0_0.0With_background1num5.dat L-BFGS-B     1.0e-04 0 1 1 0     NFW        0.0000   0.0000     -2.574 0.439  39   1.00   51.8       -3677.943       -7326.918    84   0.0000   0.0000     -1.927 0.171  38   1.22    0.058
2018-05-16-14:05:16 1.15  Mocks_Mamon/MockNFW1280ellip0.5loga-2.08PA50center0.0_0.0With_background1num6.dat L-BFGS-B     1.0e-04 0 1 1 0     NFW        0.0000   0.0000     -2.574 0.385  37   1.03   54.9       -3971.848       -7914.705    70   0.0000   0.0000     -1.925 0.213  36   1.25    0.050
2018-05-16-14:05:16 1.15  Mocks_Mamon/MockNFW1280ellip0.5loga-2.08PA50center0.0_0.0With_background1num7.dat L-BFGS-B     1.0e-04 0 1 1 0     NFW        0.0000   0.0000     -2.574 0.399  36   1.09   51.5       -3604.397        -7179.84    63   0.0000   0.0000     -1.919 0.195  35   1.22    0.044
2018-05-16-14:05:16 1.15  Mocks_Mamon/MockNFW1280ellip0.5loga-2.08PA50center0.0_0.0With_background1num8.dat L-BFGS-B     1.0e-04 0 1 1 0     NFW      360.0000  -0.0000     -2.576 0.000 151  -1.31   52.6       -3771.207        -7513.42   147 360.0000  -0.0000     -1.969 0.217 141   1.23    0.105
2018-05-16-14:05:16 1.15  Mocks_Mamon/MockNFW1280ellip0.5loga-2.08PA50center0.0_0.0With_background1num9.dat L-BFGS-B     1.0e-04 0 1 1 0     NFW        0.0000   0.0000     -2.300 0.520  36   1.10   66.8       -3805.934       -7582.889    42   0.0000   0.0000     -1.972 0.195  35   1.24    0.030
2018-05-16-14:05:16 1.15  Mocks_Mamon/MockNFW1280ellip0.5loga-2.08PA50center0.0_0.0With_background1num10.dat L-BFGS-B     1.0e-04 0 1 1 0     NFW      360.0000  -0.0000     -2.574 0.478  37   1.08   52.6       -3764.224       -7499.463    70 360.0000  -0.0000     -1.941 0.180  36   1.23    0.049
2018-05-16-14:05:16 1.15  Mocks_Mamon/MockNFW1280ellip0.5loga-2.08PA50center0.0_0.0With_background1num11.dat L-BFGS-B     1.0e-04 0 1 1 0     NFW        0.0000  -0.0000     -2.574 0.000 141  -0.37   52.5       -3645.322       -7261.668   168   0.0000  -0.0000     -1.922 0.142 141   1.23    0.118
2018-05-16-14:05:16 1.15  Mocks_Mamon/MockNFW1280ellip0.5loga-2.08PA50center0.0_0.0With_background1num12.dat L-BFGS-B     1.0e-04 0 1 1 0     NFW      360.0000   0.0000     -2.575 0.447  39   0.98   55.5       -3948.129       -7867.261    84 360.0000   0.0000     -1.850 0.169  39   1.25    0.059
2018-05-16-14:05:16 1.15  Mocks_Mamon/MockNFW1280ellip0.5loga-2.08PA50center0.0_0.0With_background1num13.dat L-BFGS-B     1.0e-04 0 1 1 0     NFW      360.0000   0.0000     -2.256 0.527  44   1.12   67.0       -3538.494       -7047.954    42 360.0000   0.0000     -1.879 0.205  44   1.22    0.029
2018-05-16-14:05:16 1.15  Mocks_Mamon/MockNFW1280ellip0.5loga-2.08PA50center0.0_0.0With_background1num14.dat L-BFGS-B     1.0e-04 0 1 1 0     NFW      360.0000   0.0000     -2.575 0.482  39   1.12   53.1       -3741.619       -7454.257    63 360.0000   0.0000     -1.956 0.193  38   1.23    0.044
2018-05-16-14:05:16 1.15  Mocks_Mamon/MockNFW1280ellip0.5loga-2.08PA50center0.0_0.0With_background1num15.dat L-BFGS-B     1.0e-04 0 1 1 0     NFW      360.0000  -0.0000     -2.575 0.451  45   1.09   52.7       -3781.666       -7534.335    84 360.0000  -0.0000     -1.947 0.155  45   1.23    0.058
2018-05-16-14:05:16 1.15  Mocks_Mamon/MockNFW1280ellip0.5loga-2.08PA50center0.0_0.0With_background1num16.dat L-BFGS-B     1.0e-04 0 1 1 0     NFW        0.0000  -0.0000     -2.575 0.000 134   0.75   53.0       -3694.865       -7360.764   175   0.0000  -0.0000     -1.890 0.267 135   1.23    0.124
2018-05-16-14:05:16 1.15  Mocks_Mamon/MockNFW1280ellip0.5loga-2.08PA50center0.0_0.0With_background1num17.dat L-BFGS-B     1.0e-04 0 1 1 0     NFW      360.0000  -0.0000     -2.575 0.487  45   1.04   53.4       -3865.274       -7701.527    70 360.0000  -0.0000     -1.952 0.117  45   1.24    0.049
2018-05-16-14:05:16 1.15  Mocks_Mamon/MockNFW1280ellip0.5loga-2.08PA50center0.0_0.0With_background1num18.dat L-BFGS-B     1.0e-04 0 1 1 0     NFW        0.0000   0.0000     -2.574 0.371  32   1.05   52.8       -3796.237       -7563.488    56   0.0000   0.0000     -1.943 0.205  31   1.23    0.039
2018-05-16-14:05:16 1.15  Mocks_Mamon/MockNFW1280ellip0.5loga-2.08PA50center0.0_0.0With_background1num19.dat L-BFGS-B     1.0e-04 0 1 1 0     NFW        0.0000   0.0000     -2.574 0.000 143   1.07   50.7       -3475.871       -6922.779   182   0.0000   0.0000     -1.938 0.152 143   1.21    0.129
2018-05-16-14:05:16 1.15  Mocks_Mamon/MockNFW1280ellip0.5loga-2.08PA50center0.0_0.0With_background1num20.dat L-BFGS-B     1.0e-04 0 1 1 0     NFW        0.0000  -0.0000     -2.297 0.569  44   1.07   67.3       -3803.336       -7577.649    42   0.0000  -0.0000     -1.897 0.236  44   1.24    0.030
2018-05-16-14:05:16 1.15  Mocks_Mamon/MockNFW1280ellip0.5loga-2.08PA50center0.0_0.0With_background1num21.dat L-BFGS-B     1.0e-04 0 1 1 0     NFW        0.0000   0.0000     -2.296 0.515  36   1.07   67.5       -3800.046       -7571.092    42   0.0000   0.0000     -1.927 0.144  35   1.24    0.029
2018-05-16-14:05:16 1.15  Mocks_Mamon/MockNFW1280ellip0.5loga-2.08PA50center0.0_0.0With_background1num22.dat L-BFGS-B     1.0e-04 0 1 1 0     NFW      360.0000  -0.0000     -2.574 0.451  38   1.05   51.5       -3700.122        -7371.25    56 360.0000  -0.0000     -1.957 0.192  37   1.22    0.039
2018-05-16-14:05:16 1.15  Mocks_Mamon/MockNFW1280ellip0.5loga-2.08PA50center0.0_0.0With_background1num23.dat L-BFGS-B     1.0e-04 0 1 1 0     NFW      359.9999  -0.0000     -2.255 0.568  42   1.08   68.3       -3640.619       -7252.248    42 359.9999  -0.0000     -1.853 0.279  42   1.23    0.030
2018-05-16-14:05:16 1.15  Mocks_Mamon/MockNFW1280ellip0.5loga-2.08PA50center0.0_0.0With_background1num24.dat L-BFGS-B     1.0e-04 0 1 1 0     NFW      360.0000   0.0000     -2.575 0.421  39   1.03   54.7       -3855.699       -7682.365    42 360.0000   0.0000     -1.881 0.222  39   1.25    0.029
2018-05-16-14:05:16 1.15  Mocks_Mamon/MockNFW1280ellip0.5loga-2.08PA50center0.0_0.0With_background1num25.dat L-BFGS-B     1.0e-04 0 1 1 0     NFW        0.0000  -0.0000     -2.574 0.445  36   1.08   50.9       -3534.181       -7039.369    63   0.0000  -0.0000     -1.895 0.186  36   1.21    0.043
2018-05-16-14:05:16 1.15  Mocks_Mamon/MockNFW1280ellip0.5loga-2.08PA50center0.0_0.0With_background1num26.dat L-BFGS-B     1.0e-04 0 1 1 0     NFW        0.0000   0.0000     -2.574 0.000 135   0.99   53.0       -3778.404       -7527.822   175   0.0000   0.0000     -1.966 0.221 136   1.23    0.124
2018-05-16-14:05:16 1.15  Mocks_Mamon/MockNFW1280ellip0.5loga-2.08PA50center0.0_0.0With_background1num27.dat L-BFGS-B     1.0e-04 0 1 1 0     NFW      360.0000   0.0000     -2.257 0.544  40   1.07   70.9       -3817.554       -7606.145    42 360.0000   0.0000     -1.842 0.212  40   1.24    0.030
2018-05-16-14:05:16 1.15  Mocks_Mamon/MockNFW1280ellip0.5loga-2.08PA50center0.0_0.0With_background1num28.dat L-BFGS-B     1.0e-04 0 1 1 0     NFW      360.0000   0.0000     -2.574 0.445  36   1.03   54.6       -3882.909       -7736.798    84 360.0000   0.0000     -1.859 0.241  35   1.24    0.059
2018-05-16-14:05:16 1.15  Mocks_Mamon/MockNFW1280ellip0.5loga-2.08PA50center0.0_0.0With_background1num29.dat L-BFGS-B     1.0e-04 0 1 1 0     NFW      360.0000   0.0000     -2.575 0.430  43   1.06   52.8       -3715.941       -7402.885    63 360.0000   0.0000     -1.899 0.201  43   1.23    0.044
2018-05-16-14:05:16 1.15  Mocks_Mamon/MockNFW1280ellip0.5loga-2.08PA50center0.0_0.0With_background1num30.dat L-BFGS-B     1.0e-04 0 1 1 0     NFW        0.0000  -0.0000     -2.575 0.492  41   1.06   53.5       -3822.333       -7615.641    63   0.0000  -0.0000     -1.934 0.154  41   1.24    0.044
2018-05-16-14:05:16 1.15  Mocks_Mamon/MockNFW1280ellip0.5loga-2.08PA50center0.0_0.0With_background1num31.dat L-BFGS-B     1.0e-04 0 1 1 0     NFW      359.9999  -0.0000     -2.280 0.537  35   1.11   67.0       -3701.394       -7373.833    42 359.9999  -0.0000     -1.926 0.231  34   1.23    0.029
2018-05-16-14:05:16 1.15  Mocks_Mamon/MockNFW1280ellip0.5loga-2.08PA50center0.0_0.0With_background1num32.dat L-BFGS-B     1.0e-04 0 1 1 0     NFW        0.0000   0.0000     -2.574 0.385  33   1.12   50.9        -3602.62       -7176.238    56   0.0000   0.0000     -1.997 0.201  32   1.21    0.039
2018-05-16-14:05:16 1.15  Mocks_Mamon/MockNFW1280ellip0.5loga-2.08PA50center0.0_0.0With_background1num33.dat L-BFGS-B     1.0e-04 0 1 1 0     NFW        0.0000  -0.0000     -2.576 0.235  22   1.09   52.9       -3702.948       -7376.885    49   0.0000  -0.0000     -1.910 0.134  22   1.23    0.034
2018-05-16-14:05:16 1.15  Mocks_Mamon/MockNFW1280ellip0.5loga-2.08PA50center0.0_0.0With_background1num34.dat L-BFGS-B     1.0e-04 0 1 1 0     NFW        0.0000  -0.0000     -2.574 0.485  44   0.99   50.7       -3682.943       -7336.949    77   0.0000  -0.0000     -1.972 0.165  44   1.21    0.053
2018-05-16-14:05:16 1.15  Mocks_Mamon/MockNFW1280ellip0.5loga-2.08PA50center0.0_0.0With_background1num35.dat L-BFGS-B     1.0e-04 0 1 1 0     NFW        0.0000   0.0000     -2.575 0.484  44   1.04   53.4       -3770.267       -7511.522    63   0.0000   0.0000     -1.881 0.202  44   1.24    0.044
2018-05-16-14:05:16 1.15  Mocks_Mamon/MockNFW1280ellip0.5loga-2.08PA50center0.0_0.0With_background1num36.dat L-BFGS-B     1.0e-04 0 1 1 0     NFW        0.0000  -0.0000     -2.574 0.000 136   0.83   51.7       -3582.542       -7136.061   175   0.0000  -0.0000     -1.932 0.177 136   1.22    0.123
2018-05-16-14:05:16 1.15  Mocks_Mamon/MockNFW1280ellip0.5loga-2.08PA50center0.0_0.0With_background1num37.dat L-BFGS-B     1.0e-04 0 1 1 0     NFW      360.0000   0.0000     -2.295 0.531  44   1.13   64.7       -3557.086       -7085.167    42 360.0000   0.0000     -1.936 0.187  44   1.22    0.029
2018-05-16-14:05:16 1.15  Mocks_Mamon/MockNFW1280ellip0.5loga-2.08PA50center0.0_0.0With_background1num38.dat L-BFGS-B     1.0e-04 0 1 1 0     NFW        0.0000   0.0000     -2.293 0.517  38   1.11   65.2       -3643.742       -7258.465    42   0.0000   0.0000     -1.959 0.185  38   1.22    0.029
2018-05-16-14:05:16 1.15  Mocks_Mamon/MockNFW1280ellip0.5loga-2.08PA50center0.0_0.0With_background1num39.dat L-BFGS-B     1.0e-04 0 1 1 0     NFW        0.0000   0.0000     -2.574 0.503  43   0.92   53.9       -3951.858       -7874.694    77   0.0000   0.0000     -1.931 0.194  43   1.24    0.053
2018-05-16-14:05:16 1.15  Mocks_Mamon/MockNFW1280ellip0.5loga-2.08PA50center0.0_0.0With_background1num40.dat L-BFGS-B     1.0e-04 0 1 1 0     NFW        0.0000  -0.0000     -2.576 0.319  36   1.10   53.7         -3739.3       -7449.589    63   0.0000  -0.0000     -1.857 0.141  36   1.24    0.044
2018-05-16-14:05:16 1.15  Mocks_Mamon/MockNFW1280ellip0.5loga-2.08PA50center0.0_0.0With_background1num41.dat L-BFGS-B     1.0e-04 0 1 1 0     NFW      360.0000  -0.0000     -2.575 0.452  36   1.06   53.8       -3888.899       -7748.785    77 360.0000  -0.0000     -1.946 0.243  35   1.24    0.054
2018-05-16-14:05:16 1.15  Mocks_Mamon/MockNFW1280ellip0.5loga-2.08PA50center0.0_0.0With_background1num42.dat L-BFGS-B     1.0e-04 0 1 1 0     NFW      360.0000  -0.0000     -2.575 0.485  40   1.07   53.2        -3728.91       -7428.871    70 360.0000  -0.0000     -1.918 0.169  40   1.23    0.049
2018-05-16-14:05:16 1.15  Mocks_Mamon/MockNFW1280ellip0.5loga-2.08PA50center0.0_0.0With_background1num43.dat L-BFGS-B     1.0e-04 0 1 1 0     NFW      360.0000  -0.0000     -2.574 0.398  43   1.07   52.4       -3710.461       -7391.925    63 360.0000  -0.0000     -1.922 0.175  42   1.23    0.044
2018-05-16-14:05:16 1.15  Mocks_Mamon/MockNFW1280ellip0.5loga-2.08PA50center0.0_0.0With_background1num44.dat L-BFGS-B     1.0e-04 0 1 1 0     NFW      360.0000  -0.0000     -2.575 0.000 139   0.08   53.8       -3774.724       -7520.475   189 360.0000  -0.0000     -1.890 0.115 139   1.24    0.135
2018-05-16-14:05:16 1.15  Mocks_Mamon/MockNFW1280ellip0.5loga-2.08PA50center0.0_0.0With_background1num45.dat L-BFGS-B     1.0e-04 0 1 1 0     NFW        0.0000  -0.0000     -2.314 0.548  40   1.06   68.4       -4015.943       -8002.857    42   0.0000  -0.0000     -1.922 0.175  40   1.25    0.030
2018-05-16-14:05:16 1.15  Mocks_Mamon/MockNFW1280ellip0.5loga-2.08PA50center0.0_0.0With_background1num46.dat L-BFGS-B     1.0e-04 0 1 1 0     NFW        0.0000   0.0000     -2.574 0.334  37   1.07   51.3       -3627.828       -7226.654    84   0.0000   0.0000     -1.985 0.101  36   1.22    0.058
2018-05-16-14:05:16 1.15  Mocks_Mamon/MockNFW1280ellip0.5loga-2.08PA50center0.0_0.0With_background1num47.dat L-BFGS-B     1.0e-04 0 1 1 0     NFW      360.0000  -0.0000     -2.574 0.000 139   0.74   51.7       -3748.084       -7467.176   175 360.0000  -0.0000     -1.975 0.121 139   1.22    0.124
2018-05-16-14:05:16 1.15  Mocks_Mamon/MockNFW1280ellip0.5loga-2.08PA50center0.0_0.0With_background1num48.dat L-BFGS-B     1.0e-04 0 1 1 0     NFW        0.0000  -0.0001     -2.575 0.000 136   0.72   54.5       -3794.239       -7559.478   189   0.0000  -0.0001     -1.850 0.135 137   1.24    0.136
2018-05-16-14:05:16 1.15  Mocks_Mamon/MockNFW1280ellip0.5loga-2.08PA50center0.0_0.0With_background1num49.dat L-BFGS-B     1.0e-04 0 1 1 0     NFW        0.0000   0.0000     -2.574 0.494  45   1.00   53.6       -3944.289       -7859.543    70   0.0000   0.0000     -1.993 0.143  45   1.24    0.049
2018-05-16-14:05:16 1.15  Mocks_Mamon/MockNFW1280ellip0.5loga-2.08PA50center0.0_0.0With_background1num50.dat L-BFGS-B     1.0e-04 0 1 1 0     NFW      360.0000  -0.0000     -2.576 0.411  38   1.06   53.8       -3845.376       -7661.767    63 360.0000  -0.0000     -1.897 0.234  37   1.24    0.044
2018-05-16-14:05:16 1.15  Mocks_Mamon/MockNFW1280ellip0.5loga-2.08PA50center0.0_0.0With_background1num51.dat L-BFGS-B     1.0e-04 0 1 1 0     NFW      360.0000  -0.0000     -2.346 0.529  42   1.11   61.6       -3677.569       -7326.149    42 360.0000  -0.0000     -2.028 0.157  42   1.22    0.029
2018-05-16-14:05:16 1.15  Mocks_Mamon/MockNFW1280ellip0.5loga-2.08PA50center0.0_0.0With_background1num52.dat L-BFGS-B     1.0e-04 0 1 1 0     NFW        0.0000   0.0000     -2.272 0.478  40   1.09   69.6       -3801.801       -7574.616    42   0.0000   0.0000     -1.892 0.096  40   1.24    0.030
2018-05-16-14:05:16 1.15  Mocks_Mamon/MockNFW1280ellip0.5loga-2.08PA50center0.0_0.0With_background1num53.dat L-BFGS-B     1.0e-04 0 1 1 0     NFW        0.0000  -0.0000     -2.574 0.444  39   1.06   51.2       -3598.155       -7167.348    49   0.0000  -0.0000     -1.900 0.203  39   1.22    0.034
2018-05-16-14:05:16 1.15  Mocks_Mamon/MockNFW1280ellip0.5loga-2.08PA50center0.0_0.0With_background1num54.dat L-BFGS-B     1.0e-04 0 1 1 0     NFW      360.0000   0.0000     -2.574 0.438  38   1.06   52.2       -3715.601       -7402.216    77 360.0000   0.0000     -1.938 0.160  37   1.22    0.053
2018-05-16-14:05:16 1.15  Mocks_Mamon/MockNFW1280ellip0.5loga-2.08PA50center0.0_0.0With_background1num55.dat L-BFGS-B     1.0e-04 0 1 1 0     NFW        0.0000   0.0001     -2.311 0.560  41   1.12   64.9       -3695.301       -7361.593    42   0.0000   0.0001     -1.933 0.219  41   1.23    0.029
2018-05-16-14:05:16 1.15  Mocks_Mamon/MockNFW1280ellip0.5loga-2.08PA50center0.0_0.0With_background1num56.dat L-BFGS-B     1.0e-04 0 1 1 0     NFW        0.0000   0.0000     -2.575 0.000 134   0.56   52.7       -3611.172       -7193.353   168   0.0000   0.0000     -1.922 0.141 135   1.23    0.119
2018-05-16-14:05:16 1.15  Mocks_Mamon/MockNFW1280ellip0.5loga-2.08PA50center0.0_0.0With_background1num57.dat L-BFGS-B     1.0e-04 0 1 1 0     NFW        0.0000   0.0000     -2.576 0.355  36   1.09   52.9       -3722.859       -7416.708    63   0.0000   0.0000     -1.915 0.155  36   1.23    0.044
2018-05-16-14:05:16 1.15  Mocks_Mamon/MockNFW1280ellip0.5loga-2.08PA50center0.0_0.0With_background1num58.dat L-BFGS-B     1.0e-04 0 1 1 0     NFW        0.0000  -0.0000     -2.575 0.000 143  -0.51   50.9       -3555.251       -7081.566   175   0.0000  -0.0000     -1.912 0.209 141   1.21    0.123
2018-05-16-14:05:16 1.15  Mocks_Mamon/MockNFW1280ellip0.5loga-2.08PA50center0.0_0.0With_background1num59.dat L-BFGS-B     1.0e-04 0 1 1 0     NFW      360.0000  -0.0000     -2.574 0.349  36   1.10   52.2       -3699.116       -7369.215    70 360.0000  -0.0000     -1.964 0.147  36   1.22    0.049
2018-05-16-14:05:16 1.15  Mocks_Mamon/MockNFW1280ellip0.5loga-2.08PA50center0.0_0.0With_background1num60.dat L-BFGS-B     1.0e-04 0 1 1 0     NFW      360.0000  -0.0000     -2.264 0.516  37   1.13   68.3       -3658.602       -7288.198    42 360.0000  -0.0000     -1.918 0.202  37   1.23    0.029
2018-05-16-14:05:16 1.15  Mocks_Mamon/MockNFW1280ellip0.5loga-2.08PA50center0.0_0.0With_background1num61.dat L-BFGS-B     1.0e-04 0 1 1 0     NFW      360.0000  -0.0000     -2.575 0.000 140   0.30   54.0       -3827.817       -7626.614   175 360.0000  -0.0000     -1.910 0.170 140   1.24    0.125
2018-05-16-14:05:16 1.15  Mocks_Mamon/MockNFW1280ellip0.5loga-2.08PA50center0.0_0.0With_background1num62.dat L-BFGS-B     1.0e-04 0 1 1 0     NFW        0.0000   0.0000     -2.574 0.505  42   0.89   51.0       -3737.958       -7446.945    84   0.0000   0.0000     -1.981 0.223  42   1.21    0.058
2018-05-16-14:05:16 1.15  Mocks_Mamon/MockNFW1280ellip0.5loga-2.08PA50center0.0_0.0With_background1num63.dat L-BFGS-B     1.0e-04 0 1 1 0     NFW      360.0000  -0.0001     -2.303 0.497  36   1.09   66.3       -3776.058       -7523.105    42 360.0000  -0.0001     -1.941 0.096  35   1.23    0.030
2018-05-16-14:05:16 1.15  Mocks_Mamon/MockNFW1280ellip0.5loga-2.08PA50center0.0_0.0With_background1num64.dat L-BFGS-B     1.0e-04 0 1 1 0     NFW        0.0000   0.0000     -2.334 0.551  41   1.09   63.7        -3785.67       -7542.322    42   0.0000   0.0000     -1.989 0.196  41   1.23    0.029
2018-05-16-14:05:16 1.15  Mocks_Mamon/MockNFW1280ellip0.5loga-2.08PA50center0.0_0.0With_background1num65.dat L-BFGS-B     1.0e-04 0 1 1 0     NFW      360.0000  -0.0000     -2.574 0.334  31   1.09   54.6       -3827.214       -7625.432    63 360.0000  -0.0000     -1.904 0.155  31   1.24    0.044
2018-05-16-14:05:16 1.15  Mocks_Mamon/MockNFW1280ellip0.5loga-2.08PA50center0.0_0.0With_background1num66.dat L-BFGS-B     1.0e-04 0 1 1 0     NFW        0.0001   0.0001     -2.574 0.000 135   1.02   51.5       -3567.222       -7105.464   175   0.0001   0.0001     -1.935 0.194 135   1.22    0.124
2018-05-16-14:05:16 1.15  Mocks_Mamon/MockNFW1280ellip0.5loga-2.08PA50center0.0_0.0With_background1num67.dat L-BFGS-B     1.0e-04 0 1 1 0     NFW        0.0001   0.0000     -2.575 0.442  38   0.95   54.1       -3897.737       -7766.442    77   0.0001   0.0000     -1.935 0.169  38   1.24    0.054
2018-05-16-14:05:16 1.15  Mocks_Mamon/MockNFW1280ellip0.5loga-2.08PA50center0.0_0.0With_background1num68.dat L-BFGS-B     1.0e-04 0 1 1 0     NFW        0.0000   0.0000     -2.181 0.492  34   1.12   74.1       -3622.684       -7216.373    35   0.0000   0.0000     -1.842 0.234  33   1.23    0.025
2018-05-16-14:05:16 1.15  Mocks_Mamon/MockNFW1280ellip0.5loga-2.08PA50center0.0_0.0With_background1num69.dat L-BFGS-B     1.0e-04 0 1 1 0     NFW        0.0000  -0.0000     -2.577 0.383  36   1.08   51.5       -3615.494       -7202.028    70   0.0000  -0.0000     -1.933 0.161  36   1.22    0.049
2018-05-16-14:05:16 1.15  Mocks_Mamon/MockNFW1280ellip0.5loga-2.08PA50center0.0_0.0With_background1num70.dat L-BFGS-B     1.0e-04 0 1 1 0     NFW      360.0000   0.0000     -2.575 0.000 136   0.97   52.6       -3677.786       -7326.592   175 360.0000   0.0000     -1.942 0.179 137   1.23    0.124
2018-05-16-14:05:16 1.15  Mocks_Mamon/MockNFW1280ellip0.5loga-2.08PA50center0.0_0.0With_background1num71.dat L-BFGS-B     1.0e-04 0 1 1 0     NFW      360.0000  -0.0000     -2.281 0.499  31   1.12   63.5       -3512.868       -6996.759    42 360.0000  -0.0000     -1.972 0.190  31   1.21    0.029
2018-05-16-14:05:16 1.15  Mocks_Mamon/MockNFW1280ellip0.5loga-2.08PA50center0.0_0.0With_background1num72.dat L-BFGS-B     1.0e-04 0 1 1 0     NFW      360.0000  -0.0001     -2.574 0.391  33   1.08   54.0       -3919.926       -7810.864    84 360.0000  -0.0001     -1.955 0.267  32   1.24    0.059
2018-05-16-14:05:16 1.15  Mocks_Mamon/MockNFW1280ellip0.5loga-2.08PA50center0.0_0.0With_background1num73.dat L-BFGS-B     1.0e-04 0 1 1 0     NFW      360.0000  -0.0000     -2.576 0.480  42   1.11   51.8       -3699.137       -7369.247    70 360.0000  -0.0000     -2.003 0.156  42   1.22    0.049
2018-05-16-14:05:16 1.15  Mocks_Mamon/MockNFW1280ellip0.5loga-2.08PA50center0.0_0.0With_background1num74.dat L-BFGS-B     1.0e-04 0 1 1 0     NFW      360.0000  -0.0000     -2.574 0.401  37   1.08   52.7       -3759.186       -7489.347    49 360.0000  -0.0000     -1.973 0.133  37   1.23    0.034
2018-05-16-14:05:16 1.15  Mocks_Mamon/MockNFW1280ellip0.5loga-2.08PA50center0.0_0.0With_background1num75.dat L-BFGS-B     1.0e-04 0 1 1 0     NFW      360.0000   0.0000     -2.575 0.368  37   1.06   52.0       -3658.911       -7288.836    70 360.0000   0.0000     -1.880 0.192  36   1.22    0.049
2018-05-16-14:05:16 1.15  Mocks_Mamon/MockNFW1280ellip0.5loga-2.08PA50center0.0_0.0With_background1num76.dat L-BFGS-B     1.0e-04 0 1 1 0     NFW        0.0000  -0.0000     -2.575 0.447  37   1.01   53.5       -3797.656       -7566.317    56   0.0000  -0.0000     -1.886 0.227  37   1.24    0.039
2018-05-16-14:05:16 1.15  Mocks_Mamon/MockNFW1280ellip0.5loga-2.08PA50center0.0_0.0With_background1num77.dat L-BFGS-B     1.0e-04 0 1 1 0     NFW        0.0000  -0.0000     -2.290 0.537  37   1.10   66.9       -3717.187       -7405.432    49   0.0000  -0.0000     -1.897 0.188  37   1.23    0.034
2018-05-16-14:05:16 1.15  Mocks_Mamon/MockNFW1280ellip0.5loga-2.08PA50center0.0_0.0With_background1num78.dat L-BFGS-B     1.0e-04 0 1 1 0     NFW      360.0000  -0.0001     -2.576 0.490  43   1.10   52.4        -3656.87       -7284.783    70 360.0000  -0.0001     -1.885 0.215  43   1.23    0.049
2018-05-16-14:05:16 1.15  Mocks_Mamon/MockNFW1280ellip0.5loga-2.08PA50center0.0_0.0With_background1num79.dat L-BFGS-B     1.0e-04 0 1 1 0     NFW      359.9999  -0.0000     -2.574 0.000 165  -0.59   53.1       -3638.086       -7247.155   189 359.9999  -0.0000     -1.886 0.257 140   1.23    0.135
2018-05-16-14:05:16 1.15  Mocks_Mamon/MockNFW1280ellip0.5loga-2.08PA50center0.0_0.0With_background1num80.dat L-BFGS-B     1.0e-04 0 1 1 0     NFW        0.0000   0.0000     -2.576 0.457  36   0.95   53.8        -3896.73        -7764.45    49   0.0000   0.0000     -1.910 0.225  35   1.24    0.034
2018-05-16-14:05:16 1.15  Mocks_Mamon/MockNFW1280ellip0.5loga-2.08PA50center0.0_0.0With_background1num81.dat L-BFGS-B     1.0e-04 0 1 1 0     NFW        0.0000   0.0000     -2.574 0.499  43   0.96   53.1       -3827.831       -7626.677    77   0.0000   0.0000     -1.894 0.248  43   1.23    0.054
2018-05-16-14:05:16 1.15  Mocks_Mamon/MockNFW1280ellip0.5loga-2.08PA50center0.0_0.0With_background1num82.dat L-BFGS-B     1.0e-04 0 1 1 0     NFW        0.0000   0.0000     -2.307 0.525  37   1.08   65.8       -3782.744       -7536.508    42   0.0000   0.0000     -1.947 0.156  37   1.23    0.029
2018-05-16-14:05:16 1.15  Mocks_Mamon/MockNFW1280ellip0.5loga-2.08PA50center0.0_0.0With_background1num83.dat L-BFGS-B     1.0e-04 0 1 1 0     NFW        0.0000  -0.0000     -2.575 0.330  34   1.07   53.0       -3698.746       -7368.493    84   0.0000  -0.0000     -1.875 0.211  33   1.23    0.058
2018-05-16-14:05:16 1.15  Mocks_Mamon/MockNFW1280ellip0.5loga-2.08PA50center0.0_0.0With_background1num84.dat L-BFGS-B     1.0e-04 0 1 1 0     NFW        0.0000  -0.0000     -2.574 0.000 139   0.55   51.4       -3590.826       -7152.699   175   0.0000  -0.0000     -1.960 0.206 139   1.22    0.124
2018-05-16-14:05:16 1.15  Mocks_Mamon/MockNFW1280ellip0.5loga-2.08PA50center0.0_0.0With_background1num85.dat L-BFGS-B     1.0e-04 0 1 1 0     NFW        0.0000   0.0000     -2.574 0.476  38   1.13   50.7       -3610.569       -7192.167    63   0.0000   0.0000     -2.005 0.194  37   1.21    0.044
2018-05-16-14:05:16 1.15  Mocks_Mamon/MockNFW1280ellip0.5loga-2.08PA50center0.0_0.0With_background1num86.dat L-BFGS-B     1.0e-04 0 1 1 0     NFW        0.0000  -0.0000     -2.575 0.000 140   0.79   49.7       -3445.174       -6861.312   175   0.0000  -0.0000     -1.970 0.197 139   1.21    0.122
2018-05-16-14:05:16 1.15  Mocks_Mamon/MockNFW1280ellip0.5loga-2.08PA50center0.0_0.0With_background1num87.dat L-BFGS-B     1.0e-04 0 1 1 0     NFW      360.0000  -0.0000     -2.574 0.466  40   1.07   53.6       -3795.045       -7561.099    84 360.0000  -0.0000     -1.908 0.185  40   1.24    0.059
2018-05-16-14:05:16 1.15  Mocks_Mamon/MockNFW1280ellip0.5loga-2.08PA50center0.0_0.0With_background1num88.dat L-BFGS-B     1.0e-04 0 1 1 0     NFW      360.0000  -0.0000     -2.574 0.360  35   1.07   53.0       -3746.127       -7463.226    56 360.0000  -0.0000     -1.918 0.227  35   1.23    0.039
2018-05-16-14:05:16 1.15  Mocks_Mamon/MockNFW1280ellip0.5loga-2.08PA50center0.0_0.0With_background1num89.dat L-BFGS-B     1.0e-04 0 1 1 0     NFW      360.0000  -0.0000     -2.576 0.445  36   1.06   54.1       -3803.491       -7577.964    63 360.0000  -0.0000     -1.861 0.185  35   1.24    0.044
2018-05-16-14:05:16 1.15  Mocks_Mamon/MockNFW1280ellip0.5loga-2.08PA50center0.0_0.0With_background1num90.dat L-BFGS-B     1.0e-04 0 1 1 0     NFW      360.0000   0.0000     -2.574 0.314  30   1.10   50.7       -3589.883       -7150.743    77 360.0000   0.0000     -1.990 0.189  30   1.21    0.053
2018-05-16-14:05:16 1.15  Mocks_Mamon/MockNFW1280ellip0.5loga-2.08PA50center0.0_0.0With_background1num91.dat L-BFGS-B     1.0e-04 0 1 1 0     NFW      359.9999  -0.0000     -2.574 0.454  40   1.08   56.6       -3989.877       -7950.738    63 359.9999  -0.0000     -1.871 0.160  40   1.26    0.045
2018-05-16-14:05:16 1.15  Mocks_Mamon/MockNFW1280ellip0.5loga-2.08PA50center0.0_0.0With_background1num92.dat L-BFGS-B     1.0e-04 0 1 1 0     NFW        0.0000  -0.0000     -2.575 0.448  37   1.08   51.3       -3681.159       -7333.308    42   0.0000  -0.0000     -1.998 0.183  37   1.22    0.029
2018-05-16-14:05:16 1.15  Mocks_Mamon/MockNFW1280ellip0.5loga-2.08PA50center0.0_0.0With_background1num93.dat L-BFGS-B     1.0e-04 0 1 1 0     NFW      360.0000   0.0000     -2.574 0.000 157  -1.76   52.6       -3754.454       -7479.931   175 360.0000   0.0000     -1.924 0.183 149   1.23    0.125
2018-05-16-14:05:16 1.15  Mocks_Mamon/MockNFW1280ellip0.5loga-2.08PA50center0.0_0.0With_background1num94.dat L-BFGS-B     1.0e-04 0 1 1 0     NFW      360.0000  -0.0000     -2.330 0.564  43   1.05   62.7       -3683.564       -7338.199    49 360.0000  -0.0000     -1.952 0.220  43   1.22    0.034
2018-05-16-14:05:16 1.15  Mocks_Mamon/MockNFW1280ellip0.5loga-2.08PA50center0.0_0.0With_background1num95.dat L-BFGS-B     1.0e-04 0 1 1 0     NFW      359.9999  -0.0000     -2.574 0.501  42   0.99   51.5       -3719.462       -7409.941    70 359.9999  -0.0000     -1.940 0.277  42   1.22    0.048
2018-05-16-14:05:16 1.15  Mocks_Mamon/MockNFW1280ellip0.5loga-2.08PA50center0.0_0.0With_background1num96.dat L-BFGS-B     1.0e-04 0 1 1 0     NFW        0.0000   0.0000     -2.575 0.462  41   1.14   54.0       -3759.999       -7490.982    63   0.0000   0.0000     -1.937 0.173  41   1.24    0.044
2018-05-16-14:05:16 1.15  Mocks_Mamon/MockNFW1280ellip0.5loga-2.08PA50center0.0_0.0With_background1num97.dat L-BFGS-B     1.0e-04 0 1 1 0     NFW        0.0000  -0.0000     -2.575 0.500  42   1.01   52.4       -3721.467       -7413.915    70   0.0000  -0.0000     -1.893 0.207  42   1.23    0.049
2018-05-16-14:05:16 1.15  Mocks_Mamon/MockNFW1280ellip0.5loga-2.08PA50center0.0_0.0With_background1num98.dat L-BFGS-B     1.0e-04 0 1 1 0     NFW      360.0000  -0.0000     -2.575 0.466  42   1.08   54.1        -3836.92       -7644.822    63 360.0000  -0.0000     -1.891 0.180  42   1.24    0.044
2018-05-16-14:05:16 1.15  Mocks_Mamon/MockNFW1280ellip0.5loga-2.08PA50center0.0_0.0With_background1num99.dat L-BFGS-B     1.0e-04 0 1 1 0     NFW      360.0000  -0.0000     -2.574 0.000 136   0.94   50.3       -3502.661        -6976.39   154 360.0000  -0.0000     -1.955 0.069 136   1.21    0.109
