2018-05-16-14:06:29 1.15  Mocks_Mamon/MockNFW1280ellip0.5loga-2.08PA50center0.0_0.0With_background1num0.dat Nelder-Mead  1.0e-04 0 1 1 0     NFW      360.0000  -0.0000     -2.006 0.208  39   1.24   91.0        -3726.48       -7423.975   241 360.0000  -0.0000     -1.910 0.208  39   1.24    0.105
2018-05-16-14:06:29 1.15  Mocks_Mamon/MockNFW1280ellip0.5loga-2.08PA50center0.0_0.0With_background1num1.dat Nelder-Mead  1.0e-04 0 1 1 0     NFW      360.0000  -0.0000     -2.047 0.237  38   1.23   84.6       -3651.964       -7274.934   241 360.0000  -0.0000     -1.949 0.237  38   1.23    0.111
2018-05-16-14:06:29 1.15  Mocks_Mamon/MockNFW1280ellip0.5loga-2.08PA50center0.0_0.0With_background1num2.dat Nelder-Mead  1.0e-04 0 1 1 0     NFW        0.0000   0.0000     -1.996 0.123  23   1.24   93.5       -3798.822       -7568.662   241   0.0000   0.0000     -1.901 0.123  23   1.24    0.107
2018-05-16-14:06:29 1.15  Mocks_Mamon/MockNFW1280ellip0.5loga-2.08PA50center0.0_0.0With_background1num3.dat Nelder-Mead  1.0e-04 0 1 1 0     NFW        0.0000   0.0000     -2.040 0.211  40   1.24   87.1       -3784.951        -7540.92   241   0.0000   0.0000     -1.943 0.211  40   1.24    0.107
2018-05-16-14:06:29 1.15  Mocks_Mamon/MockNFW1280ellip0.5loga-2.08PA50center0.0_0.0With_background1num4.dat Nelder-Mead  1.0e-04 0 1 1 0     NFW      360.0000   0.0000     -1.987 0.182  37   1.23   91.9       -3685.498        -7341.98   241 360.0000   0.0000     -1.892 0.182  37   1.23    0.106
2018-05-16-14:06:29 1.15  Mocks_Mamon/MockNFW1280ellip0.5loga-2.08PA50center0.0_0.0With_background1num5.dat Nelder-Mead  1.0e-04 0 1 1 0     NFW        0.0000   0.0000     -2.023 0.171  38   1.22   85.9       -3596.512       -7164.056   241   0.0000   0.0000     -1.927 0.171  38   1.22    0.105
2018-05-16-14:06:29 1.15  Mocks_Mamon/MockNFW1280ellip0.5loga-2.08PA50center0.0_0.0With_background1num6.dat Nelder-Mead  1.0e-04 0 1 1 0     NFW        0.0000   0.0000     -2.021 0.213  36   1.25   91.2       -3884.426       -7739.861   241   0.0000   0.0000     -1.925 0.213  36   1.25    0.108
2018-05-16-14:06:29 1.15  Mocks_Mamon/MockNFW1280ellip0.5loga-2.08PA50center0.0_0.0With_background1num7.dat Nelder-Mead  1.0e-04 0 1 1 0     NFW        0.0000   0.0000     -2.015 0.195  35   1.22   86.1       -3537.364       -7045.774   241   0.0000   0.0000     -1.919 0.195  35   1.22    0.105
2018-05-16-14:06:29 1.15  Mocks_Mamon/MockNFW1280ellip0.5loga-2.08PA50center0.0_0.0With_background1num8.dat Nelder-Mead  1.0e-04 0 1 1 0     NFW      360.0000  -0.0000     -2.068 0.217 141   1.23   83.2       -3661.217        -7293.44   241 360.0000  -0.0000     -1.969 0.217 141   1.23    0.105
2018-05-16-14:06:29 1.15  Mocks_Mamon/MockNFW1280ellip0.5loga-2.08PA50center0.0_0.0With_background1num9.dat Nelder-Mead  1.0e-04 0 1 1 0     NFW        0.0000   0.0000     -2.070 0.195  35   1.24   83.9       -3748.803       -7468.627   241   0.0000   0.0000     -1.972 0.195  35   1.24    0.106
2018-05-16-14:06:29 1.15  Mocks_Mamon/MockNFW1280ellip0.5loga-2.08PA50center0.0_0.0With_background1num10.dat Nelder-Mead  1.0e-04 0 1 1 0     NFW      360.0000  -0.0000     -2.038 0.180  36   1.23   85.8       -3670.239       -7311.492   241 360.0000  -0.0000     -1.941 0.180  36   1.23    0.105
2018-05-16-14:06:29 1.15  Mocks_Mamon/MockNFW1280ellip0.5loga-2.08PA50center0.0_0.0With_background1num11.dat Nelder-Mead  1.0e-04 0 1 1 0     NFW        0.0000  -0.0000     -2.018 0.142 141   1.23   87.6       -3569.211       -7109.445   241   0.0000  -0.0000     -1.922 0.142 141   1.23    0.104
2018-05-16-14:06:29 1.15  Mocks_Mamon/MockNFW1280ellip0.5loga-2.08PA50center0.0_0.0With_background1num12.dat Nelder-Mead  1.0e-04 0 1 1 0     NFW      360.0000   0.0000     -1.942 0.169  39   1.25  101.1       -3839.548       -7650.099   241 360.0000   0.0000     -1.850 0.169  39   1.25    0.109
2018-05-16-14:06:29 1.15  Mocks_Mamon/MockNFW1280ellip0.5loga-2.08PA50center0.0_0.0With_background1num13.dat Nelder-Mead  1.0e-04 0 1 1 0     NFW      360.0000   0.0000     -1.973 0.205  44   1.22   90.3        -3478.03       -6927.027   241 360.0000   0.0000     -1.879 0.205  44   1.22    0.105
2018-05-16-14:06:29 1.15  Mocks_Mamon/MockNFW1280ellip0.5loga-2.08PA50center0.0_0.0With_background1num14.dat Nelder-Mead  1.0e-04 0 1 1 0     NFW      360.0000   0.0000     -2.054 0.193  38   1.23   85.2       -3659.036       -7289.092   241 360.0000   0.0000     -1.956 0.193  38   1.23    0.105
2018-05-16-14:06:29 1.15  Mocks_Mamon/MockNFW1280ellip0.5loga-2.08PA50center0.0_0.0With_background1num15.dat Nelder-Mead  1.0e-04 0 1 1 0     NFW      360.0000  -0.0000     -2.044 0.155  45   1.23   85.5       -3689.126       -7349.255   241 360.0000  -0.0000     -1.947 0.155  45   1.23    0.106
2018-05-16-14:06:29 1.15  Mocks_Mamon/MockNFW1280ellip0.5loga-2.08PA50center0.0_0.0With_background1num16.dat Nelder-Mead  1.0e-04 0 1 1 0     NFW        0.0000  -0.0000     -1.985 0.267 135   1.23   91.9        -3571.28       -7113.594   241   0.0000  -0.0000     -1.890 0.267 135   1.23    0.105
2018-05-16-14:06:29 1.15  Mocks_Mamon/MockNFW1280ellip0.5loga-2.08PA50center0.0_0.0With_background1num17.dat Nelder-Mead  1.0e-04 0 1 1 0     NFW      360.0000  -0.0000     -2.050 0.117  45   1.24   86.0       -3747.621       -7466.221   241 360.0000  -0.0000     -1.952 0.117  45   1.24    0.105
2018-05-16-14:06:29 1.15  Mocks_Mamon/MockNFW1280ellip0.5loga-2.08PA50center0.0_0.0With_background1num18.dat Nelder-Mead  1.0e-04 0 1 1 0     NFW        0.0000   0.0000     -2.040 0.205  31   1.23   86.0       -3721.302       -7413.618   241   0.0000   0.0000     -1.943 0.205  31   1.23    0.106
2018-05-16-14:06:29 1.15  Mocks_Mamon/MockNFW1280ellip0.5loga-2.08PA50center0.0_0.0With_background1num19.dat Nelder-Mead  1.0e-04 0 1 1 0     NFW        0.0000   0.0000     -2.035 0.152 143   1.21   83.1       -3414.964       -6800.966   241   0.0000   0.0000     -1.938 0.152 143   1.21    0.106
2018-05-16-14:06:29 1.15  Mocks_Mamon/MockNFW1280ellip0.5loga-2.08PA50center0.0_0.0With_background1num20.dat Nelder-Mead  1.0e-04 0 1 1 0     NFW        0.0000  -0.0000     -1.992 0.236  44   1.24   92.0       -3716.043       -7403.065   241   0.0000  -0.0000     -1.897 0.236  44   1.24    0.107
2018-05-16-14:06:29 1.15  Mocks_Mamon/MockNFW1280ellip0.5loga-2.08PA50center0.0_0.0With_background1num21.dat Nelder-Mead  1.0e-04 0 1 1 0     NFW        0.0000   0.0000     -2.024 0.144  35   1.24   88.9       -3726.945       -7424.891   241   0.0000   0.0000     -1.927 0.144  35   1.24    0.105
2018-05-16-14:06:29 1.15  Mocks_Mamon/MockNFW1280ellip0.5loga-2.08PA50center0.0_0.0With_background1num22.dat Nelder-Mead  1.0e-04 0 1 1 0     NFW      360.0000  -0.0000     -2.055 0.192  37   1.22   82.5       -3619.116       -7209.239   241 360.0000  -0.0000     -1.957 0.192  37   1.22    0.105
2018-05-16-14:06:29 1.15  Mocks_Mamon/MockNFW1280ellip0.5loga-2.08PA50center0.0_0.0With_background1num23.dat Nelder-Mead  1.0e-04 0 1 1 0     NFW      359.9999  -0.0000     -1.946 0.279  42   1.23   94.9       -3568.116        -7107.24   241 359.9999  -0.0000     -1.853 0.279  42   1.23    0.105
2018-05-16-14:06:29 1.15  Mocks_Mamon/MockNFW1280ellip0.5loga-2.08PA50center0.0_0.0With_background1num24.dat Nelder-Mead  1.0e-04 0 1 1 0     NFW      360.0000   0.0000     -1.975 0.222  39   1.25   96.0       -3778.557       -7528.081   241 360.0000   0.0000     -1.881 0.222  39   1.25    0.107
2018-05-16-14:06:29 1.15  Mocks_Mamon/MockNFW1280ellip0.5loga-2.08PA50center0.0_0.0With_background1num25.dat Nelder-Mead  1.0e-04 0 1 1 0     NFW        0.0000  -0.0000     -1.989 0.186  36   1.21   87.7       -3464.256       -6899.518   241   0.0000  -0.0000     -1.895 0.186  36   1.21    0.106
2018-05-16-14:06:29 1.15  Mocks_Mamon/MockNFW1280ellip0.5loga-2.08PA50center0.0_0.0With_background1num26.dat Nelder-Mead  1.0e-04 0 1 1 0     NFW        0.0000   0.0000     -2.064 0.221 136   1.23   84.1       -3672.725       -7316.464   241   0.0000   0.0000     -1.966 0.221 136   1.23    0.105
2018-05-16-14:06:29 1.15  Mocks_Mamon/MockNFW1280ellip0.5loga-2.08PA50center0.0_0.0With_background1num27.dat Nelder-Mead  1.0e-04 0 1 1 0     NFW      360.0000   0.0000     -1.934 0.212  40   1.24  100.1       -3735.193       -7441.424   241 360.0000   0.0000     -1.842 0.212  40   1.24    0.106
2018-05-16-14:06:29 1.15  Mocks_Mamon/MockNFW1280ellip0.5loga-2.08PA50center0.0_0.0With_background1num28.dat Nelder-Mead  1.0e-04 0 1 1 0     NFW      360.0000   0.0000     -1.952 0.241  35   1.24   98.4        -3788.29        -7547.56   241 360.0000   0.0000     -1.859 0.241  35   1.24    0.108
2018-05-16-14:06:29 1.15  Mocks_Mamon/MockNFW1280ellip0.5loga-2.08PA50center0.0_0.0With_background1num29.dat Nelder-Mead  1.0e-04 0 1 1 0     NFW      360.0000   0.0000     -1.994 0.201  43   1.23   90.6       -3634.617       -7240.237   241 360.0000   0.0000     -1.899 0.201  43   1.23    0.106
2018-05-16-14:06:29 1.15  Mocks_Mamon/MockNFW1280ellip0.5loga-2.08PA50center0.0_0.0With_background1num30.dat Nelder-Mead  1.0e-04 0 1 1 0     NFW        0.0000  -0.0000     -2.031 0.154  41   1.24   88.1       -3717.827       -7406.628   241   0.0000  -0.0000     -1.934 0.154  41   1.24    0.107
2018-05-16-14:06:29 1.15  Mocks_Mamon/MockNFW1280ellip0.5loga-2.08PA50center0.0_0.0With_background1num31.dat Nelder-Mead  1.0e-04 0 1 1 0     NFW      359.9999  -0.0000     -2.023 0.231  34   1.23   87.1       -3641.591       -7254.227   241 359.9999  -0.0000     -1.926 0.231  34   1.23    0.104
2018-05-16-14:06:29 1.15  Mocks_Mamon/MockNFW1280ellip0.5loga-2.08PA50center0.0_0.0With_background1num32.dat Nelder-Mead  1.0e-04 0 1 1 0     NFW        0.0000   0.0000     -2.097 0.201  32   1.21   77.8       -3546.245       -7063.487   241   0.0000   0.0000     -1.997 0.201  32   1.21    0.104
2018-05-16-14:06:29 1.15  Mocks_Mamon/MockNFW1280ellip0.5loga-2.08PA50center0.0_0.0With_background1num33.dat Nelder-Mead  1.0e-04 0 1 1 0     NFW        0.0000  -0.0000     -2.005 0.134  22   1.23   89.7        -3636.27       -7243.529   241   0.0000  -0.0000     -1.910 0.134  22   1.23    0.105
2018-05-16-14:06:29 1.15  Mocks_Mamon/MockNFW1280ellip0.5loga-2.08PA50center0.0_0.0With_background1num34.dat Nelder-Mead  1.0e-04 0 1 1 0     NFW        0.0000  -0.0000     -2.070 0.165  44   1.21   79.9       -3587.787       -7146.636   241   0.0000  -0.0000     -1.972 0.165  44   1.21    0.106
2018-05-16-14:06:29 1.15  Mocks_Mamon/MockNFW1280ellip0.5loga-2.08PA50center0.0_0.0With_background1num35.dat Nelder-Mead  1.0e-04 0 1 1 0     NFW        0.0000   0.0000     -1.975 0.202  44   1.24   93.7        -3675.85        -7322.69   241   0.0000   0.0000     -1.881 0.202  44   1.24    0.110
2018-05-16-14:06:29 1.15  Mocks_Mamon/MockNFW1280ellip0.5loga-2.08PA50center0.0_0.0With_background1num36.dat Nelder-Mead  1.0e-04 0 1 1 0     NFW        0.0000  -0.0000     -2.028 0.177 136   1.22   85.2       -3501.116       -6973.209   241   0.0000  -0.0000     -1.932 0.177 136   1.22    0.104
2018-05-16-14:06:29 1.15  Mocks_Mamon/MockNFW1280ellip0.5loga-2.08PA50center0.0_0.0With_background1num37.dat Nelder-Mead  1.0e-04 0 1 1 0     NFW      360.0000   0.0000     -2.033 0.187  44   1.22   84.3       -3491.613       -6954.221   241 360.0000   0.0000     -1.936 0.187  44   1.22    0.107
2018-05-16-14:06:29 1.15  Mocks_Mamon/MockNFW1280ellip0.5loga-2.08PA50center0.0_0.0With_background1num38.dat Nelder-Mead  1.0e-04 0 1 1 0     NFW        0.0000   0.0000     -2.057 0.185  38   1.22   82.6       -3586.996       -7144.973   241   0.0000   0.0000     -1.959 0.185  38   1.22    0.109
2018-05-16-14:06:29 1.15  Mocks_Mamon/MockNFW1280ellip0.5loga-2.08PA50center0.0_0.0With_background1num39.dat Nelder-Mead  1.0e-04 0 1 1 0     NFW        0.0000   0.0000     -2.028 0.194  43   1.24   89.0       -3833.813       -7638.604   241   0.0000   0.0000     -1.931 0.194  43   1.24    0.106
2018-05-16-14:06:29 1.15  Mocks_Mamon/MockNFW1280ellip0.5loga-2.08PA50center0.0_0.0With_background1num40.dat Nelder-Mead  1.0e-04 0 1 1 0     NFW        0.0000  -0.0000     -1.949 0.141  36   1.24   97.2       -3657.287       -7285.563   241   0.0000  -0.0000     -1.857 0.141  36   1.24    0.106
2018-05-16-14:06:29 1.15  Mocks_Mamon/MockNFW1280ellip0.5loga-2.08PA50center0.0_0.0With_background1num41.dat Nelder-Mead  1.0e-04 0 1 1 0     NFW      360.0000  -0.0000     -2.043 0.243  35   1.24   87.4       -3804.937       -7580.859   241 360.0000  -0.0000     -1.946 0.243  35   1.24    0.106
2018-05-16-14:06:29 1.15  Mocks_Mamon/MockNFW1280ellip0.5loga-2.08PA50center0.0_0.0With_background1num42.dat Nelder-Mead  1.0e-04 0 1 1 0     NFW      360.0000  -0.0000     -2.014 0.169  40   1.23   89.2        -3642.02       -7255.091   241 360.0000  -0.0000     -1.918 0.169  40   1.23    0.106
2018-05-16-14:06:29 1.15  Mocks_Mamon/MockNFW1280ellip0.5loga-2.08PA50center0.0_0.0With_background1num43.dat Nelder-Mead  1.0e-04 0 1 1 0     NFW      360.0000  -0.0000     -2.018 0.175  42   1.23   87.5       -3632.123       -7235.249   241 360.0000  -0.0000     -1.922 0.175  42   1.23    0.107
2018-05-16-14:06:29 1.15  Mocks_Mamon/MockNFW1280ellip0.5loga-2.08PA50center0.0_0.0With_background1num44.dat Nelder-Mead  1.0e-04 0 1 1 0     NFW      360.0000  -0.0000     -1.985 0.115 139   1.24   93.3       -3689.754       -7350.533   241 360.0000  -0.0000     -1.890 0.115 139   1.24    0.106
2018-05-16-14:06:29 1.15  Mocks_Mamon/MockNFW1280ellip0.5loga-2.08PA50center0.0_0.0With_background1num45.dat Nelder-Mead  1.0e-04 0 1 1 0     NFW        0.0000  -0.0000     -2.018 0.175  40   1.25   92.2       -3920.903       -7812.777   241   0.0000  -0.0000     -1.922 0.175  40   1.25    0.108
2018-05-16-14:06:29 1.15  Mocks_Mamon/MockNFW1280ellip0.5loga-2.08PA50center0.0_0.0With_background1num46.dat Nelder-Mead  1.0e-04 0 1 1 0     NFW        0.0000   0.0000     -2.084 0.101  36   1.22   79.5       -3561.621       -7094.239   241   0.0000   0.0000     -1.985 0.101  36   1.22    0.105
2018-05-16-14:06:29 1.15  Mocks_Mamon/MockNFW1280ellip0.5loga-2.08PA50center0.0_0.0With_background1num47.dat Nelder-Mead  1.0e-04 0 1 1 0     NFW      360.0000  -0.0000     -2.073 0.121 139   1.22   81.1       -3657.576       -7286.162   241 360.0000  -0.0000     -1.975 0.121 139   1.22    0.105
2018-05-16-14:06:29 1.15  Mocks_Mamon/MockNFW1280ellip0.5loga-2.08PA50center0.0_0.0With_background1num48.dat Nelder-Mead  1.0e-04 0 1 1 0     NFW        0.0000  -0.0001     -1.942 0.135 137   1.24   99.4       -3702.008       -7375.017   241   0.0000  -0.0001     -1.850 0.135 137   1.24    0.105
2018-05-16-14:06:29 1.15  Mocks_Mamon/MockNFW1280ellip0.5loga-2.08PA50center0.0_0.0With_background1num49.dat Nelder-Mead  1.0e-04 0 1 1 0     NFW        0.0000   0.0000     -2.092 0.143  45   1.24   82.5       -3832.713       -7636.389   241   0.0000   0.0000     -1.993 0.143  45   1.24    0.108
2018-05-16-14:06:29 1.15  Mocks_Mamon/MockNFW1280ellip0.5loga-2.08PA50center0.0_0.0With_background1num50.dat Nelder-Mead  1.0e-04 0 1 1 0     NFW      360.0000  -0.0000     -1.992 0.234  37   1.24   92.7         -3760.4       -7491.815   241 360.0000  -0.0000     -1.897 0.234  37   1.24    0.106
2018-05-16-14:06:29 1.15  Mocks_Mamon/MockNFW1280ellip0.5loga-2.08PA50center0.0_0.0With_background1num51.dat Nelder-Mead  1.0e-04 0 1 1 0     NFW      360.0000  -0.0000     -2.130 0.157  42   1.22   75.6       -3612.444         -7195.9   241 360.0000  -0.0000     -2.028 0.157  42   1.22    0.106
2018-05-16-14:06:29 1.15  Mocks_Mamon/MockNFW1280ellip0.5loga-2.08PA50center0.0_0.0With_background1num52.dat Nelder-Mead  1.0e-04 0 1 1 0     NFW        0.0000   0.0000     -1.986 0.096  40   1.24   93.6       -3729.166       -7429.346   241   0.0000   0.0000     -1.892 0.096  40   1.24    0.106
2018-05-16-14:06:29 1.15  Mocks_Mamon/MockNFW1280ellip0.5loga-2.08PA50center0.0_0.0With_background1num53.dat Nelder-Mead  1.0e-04 0 1 1 0     NFW        0.0000  -0.0000     -1.995 0.203  39   1.22   87.7       -3525.052       -7021.142   241   0.0000  -0.0000     -1.900 0.203  39   1.22    0.104
2018-05-16-14:06:29 1.15  Mocks_Mamon/MockNFW1280ellip0.5loga-2.08PA50center0.0_0.0With_background1num54.dat Nelder-Mead  1.0e-04 0 1 1 0     NFW      360.0000   0.0000     -2.035 0.160  37   1.22   85.5       -3632.481       -7235.978   241 360.0000   0.0000     -1.938 0.160  37   1.22    0.105
2018-05-16-14:06:29 1.15  Mocks_Mamon/MockNFW1280ellip0.5loga-2.08PA50center0.0_0.0With_background1num55.dat Nelder-Mead  1.0e-04 0 1 1 0     NFW        0.0000   0.0001     -2.029 0.219  41   1.23   86.2       -3615.601       -7202.194   241   0.0000   0.0001     -1.933 0.219  41   1.23    0.104
2018-05-16-14:06:29 1.15  Mocks_Mamon/MockNFW1280ellip0.5loga-2.08PA50center0.0_0.0With_background1num56.dat Nelder-Mead  1.0e-04 0 1 1 0     NFW        0.0000   0.0000     -2.018 0.141 135   1.23   88.0       -3534.661       -7040.331   241   0.0000   0.0000     -1.922 0.141 135   1.23    0.106
2018-05-16-14:06:29 1.15  Mocks_Mamon/MockNFW1280ellip0.5loga-2.08PA50center0.0_0.0With_background1num57.dat Nelder-Mead  1.0e-04 0 1 1 0     NFW        0.0000   0.0000     -2.011 0.155  36   1.23   89.1       -3649.646       -7270.281   241   0.0000   0.0000     -1.915 0.155  36   1.23    0.107
2018-05-16-14:06:29 1.15  Mocks_Mamon/MockNFW1280ellip0.5loga-2.08PA50center0.0_0.0With_background1num58.dat Nelder-Mead  1.0e-04 0 1 1 0     NFW        0.0000  -0.0000     -2.008 0.209 141   1.21   86.0        -3461.46       -6893.982   241   0.0000  -0.0000     -1.912 0.209 141   1.21    0.104
2018-05-16-14:06:29 1.15  Mocks_Mamon/MockNFW1280ellip0.5loga-2.08PA50center0.0_0.0With_background1num59.dat Nelder-Mead  1.0e-04 0 1 1 0     NFW      360.0000  -0.0000     -2.063 0.147  36   1.22   82.9       -3627.989       -7226.961   241 360.0000  -0.0000     -1.964 0.147  36   1.22    0.105
2018-05-16-14:06:29 1.15  Mocks_Mamon/MockNFW1280ellip0.5loga-2.08PA50center0.0_0.0With_background1num60.dat Nelder-Mead  1.0e-04 0 1 1 0     NFW      360.0000  -0.0000     -2.014 0.202  37   1.23   88.3       -3603.646       -7178.286   241 360.0000  -0.0000     -1.918 0.202  37   1.23    0.106
2018-05-16-14:06:29 1.15  Mocks_Mamon/MockNFW1280ellip0.5loga-2.08PA50center0.0_0.0With_background1num61.dat Nelder-Mead  1.0e-04 0 1 1 0     NFW      360.0000  -0.0000     -2.006 0.170 140   1.24   91.4       -3721.863       -7414.706   241 360.0000  -0.0000     -1.910 0.170 140   1.24    0.107
2018-05-16-14:06:29 1.15  Mocks_Mamon/MockNFW1280ellip0.5loga-2.08PA50center0.0_0.0With_background1num62.dat Nelder-Mead  1.0e-04 0 1 1 0     NFW        0.0000   0.0000     -2.080 0.223  42   1.21   79.4       -3642.566       -7256.161   241   0.0000   0.0000     -1.981 0.223  42   1.21    0.105
2018-05-16-14:06:29 1.15  Mocks_Mamon/MockNFW1280ellip0.5loga-2.08PA50center0.0_0.0With_background1num63.dat Nelder-Mead  1.0e-04 0 1 1 0     NFW      360.0000  -0.0001     -2.038 0.096  35   1.23   86.5       -3702.263       -7375.515   241 360.0000  -0.0001     -1.941 0.096  35   1.23    0.105
2018-05-16-14:06:29 1.15  Mocks_Mamon/MockNFW1280ellip0.5loga-2.08PA50center0.0_0.0With_background1num64.dat Nelder-Mead  1.0e-04 0 1 1 0     NFW        0.0000   0.0000     -2.088 0.196  41   1.23   80.9       -3709.745       -7390.474   241   0.0000   0.0000     -1.989 0.196  41   1.23    0.105
2018-05-16-14:06:29 1.15  Mocks_Mamon/MockNFW1280ellip0.5loga-2.08PA50center0.0_0.0With_background1num65.dat Nelder-Mead  1.0e-04 0 1 1 0     NFW      360.0000  -0.0000     -1.999 0.155  31   1.24   93.2       -3750.738       -7472.479   241 360.0000  -0.0000     -1.904 0.155  31   1.24    0.107
2018-05-16-14:06:29 1.15  Mocks_Mamon/MockNFW1280ellip0.5loga-2.08PA50center0.0_0.0With_background1num66.dat Nelder-Mead  1.0e-04 0 1 1 0     NFW        0.0001   0.0001     -2.032 0.194 135   1.22   84.6       -3479.586       -6930.193   241   0.0001   0.0001     -1.935 0.194 135   1.22    0.104
2018-05-16-14:06:29 1.15  Mocks_Mamon/MockNFW1280ellip0.5loga-2.08PA50center0.0_0.0With_background1num67.dat Nelder-Mead  1.0e-04 0 1 1 0     NFW        0.0001   0.0000     -2.032 0.169  38   1.24   88.9       -3801.386       -7573.741   241   0.0001   0.0000     -1.935 0.169  38   1.24    0.106
2018-05-16-14:06:29 1.15  Mocks_Mamon/MockNFW1280ellip0.5loga-2.08PA50center0.0_0.0With_background1num68.dat Nelder-Mead  1.0e-04 0 1 1 0     NFW        0.0000   0.0000     -1.934 0.234  33   1.23   97.3       -3581.997       -7135.001   241   0.0000   0.0000     -1.842 0.234  33   1.23    0.106
2018-05-16-14:06:29 1.15  Mocks_Mamon/MockNFW1280ellip0.5loga-2.08PA50center0.0_0.0With_background1num69.dat Nelder-Mead  1.0e-04 0 1 1 0     NFW        0.0000  -0.0000     -2.029 0.161  36   1.22   85.0       -3549.544       -7070.128   241   0.0000  -0.0000     -1.933 0.161  36   1.22    0.105
2018-05-16-14:06:29 1.15  Mocks_Mamon/MockNFW1280ellip0.5loga-2.08PA50center0.0_0.0With_background1num70.dat Nelder-Mead  1.0e-04 0 1 1 0     NFW      360.0000   0.0000     -2.039 0.179 137   1.23   85.8       -3588.663       -7148.346   241 360.0000   0.0000     -1.942 0.179 137   1.23    0.107
2018-05-16-14:06:29 1.15  Mocks_Mamon/MockNFW1280ellip0.5loga-2.08PA50center0.0_0.0With_background1num71.dat Nelder-Mead  1.0e-04 0 1 1 0     NFW      360.0000  -0.0000     -2.071 0.190  31   1.21   78.4        -3467.75       -6906.524   241 360.0000  -0.0000     -1.972 0.190  31   1.21    0.104
2018-05-16-14:06:29 1.15  Mocks_Mamon/MockNFW1280ellip0.5loga-2.08PA50center0.0_0.0With_background1num72.dat Nelder-Mead  1.0e-04 0 1 1 0     NFW      360.0000  -0.0001     -2.053 0.267  32   1.24   86.7       -3844.709       -7660.429   241 360.0000  -0.0001     -1.955 0.267  32   1.24    0.105
2018-05-16-14:06:29 1.15  Mocks_Mamon/MockNFW1280ellip0.5loga-2.08PA50center0.0_0.0With_background1num73.dat Nelder-Mead  1.0e-04 0 1 1 0     NFW      360.0000  -0.0000     -2.103 0.156  42   1.22   78.9         -3612.8       -7196.572   241 360.0000  -0.0000     -2.003 0.156  42   1.22    0.105
2018-05-16-14:06:29 1.15  Mocks_Mamon/MockNFW1280ellip0.5loga-2.08PA50center0.0_0.0With_background1num74.dat Nelder-Mead  1.0e-04 0 1 1 0     NFW      360.0000  -0.0000     -2.072 0.133  37   1.23   82.8       -3678.519       -7328.014   241 360.0000  -0.0000     -1.973 0.133  37   1.23    0.106
2018-05-16-14:06:29 1.15  Mocks_Mamon/MockNFW1280ellip0.5loga-2.08PA50center0.0_0.0With_background1num75.dat Nelder-Mead  1.0e-04 0 1 1 0     NFW      360.0000   0.0000     -1.974 0.192  36   1.22   91.4       -3584.232       -7139.479   241 360.0000   0.0000     -1.880 0.192  36   1.22    0.106
2018-05-16-14:06:29 1.15  Mocks_Mamon/MockNFW1280ellip0.5loga-2.08PA50center0.0_0.0With_background1num76.dat Nelder-Mead  1.0e-04 0 1 1 0     NFW        0.0000  -0.0000     -1.980 0.227  37   1.24   93.4       -3712.905       -7396.816   241   0.0000  -0.0000     -1.886 0.227  37   1.24    0.108
2018-05-16-14:06:29 1.15  Mocks_Mamon/MockNFW1280ellip0.5loga-2.08PA50center0.0_0.0With_background1num77.dat Nelder-Mead  1.0e-04 0 1 1 0     NFW        0.0000  -0.0000     -1.992 0.188  37   1.23   90.9       -3645.376       -7261.809   241   0.0000  -0.0000     -1.897 0.188  37   1.23    0.105
2018-05-16-14:06:29 1.15  Mocks_Mamon/MockNFW1280ellip0.5loga-2.08PA50center0.0_0.0With_background1num78.dat Nelder-Mead  1.0e-04 0 1 1 0     NFW      360.0000  -0.0001     -1.979 0.215  43   1.23   91.6       -3571.327       -7113.697   241 360.0000  -0.0001     -1.885 0.215  43   1.23    0.104
2018-05-16-14:06:29 1.15  Mocks_Mamon/MockNFW1280ellip0.5loga-2.08PA50center0.0_0.0With_background1num79.dat Nelder-Mead  1.0e-04 0 1 1 0     NFW      359.9999  -0.0000     -1.981 0.257 140   1.23   92.5       -3532.499        -7035.98   241 359.9999  -0.0000     -1.886 0.257 140   1.23    0.107
2018-05-16-14:06:29 1.15  Mocks_Mamon/MockNFW1280ellip0.5loga-2.08PA50center0.0_0.0With_background1num80.dat Nelder-Mead  1.0e-04 0 1 1 0     NFW        0.0000   0.0000     -2.005 0.225  35   1.24   91.3       -3804.121        -7579.23   241   0.0000   0.0000     -1.910 0.225  35   1.24    0.106
2018-05-16-14:06:29 1.15  Mocks_Mamon/MockNFW1280ellip0.5loga-2.08PA50center0.0_0.0With_background1num81.dat Nelder-Mead  1.0e-04 0 1 1 0     NFW        0.0000   0.0000     -1.989 0.248  43   1.23   91.6       -3727.951       -7426.917   241   0.0000   0.0000     -1.894 0.248  43   1.23    0.107
2018-05-16-14:06:29 1.15  Mocks_Mamon/MockNFW1280ellip0.5loga-2.08PA50center0.0_0.0With_background1num82.dat Nelder-Mead  1.0e-04 0 1 1 0     NFW        0.0000   0.0000     -2.045 0.156  37   1.23   85.5       -3707.889       -7386.798   241   0.0000   0.0000     -1.947 0.156  37   1.23    0.106
2018-05-16-14:06:29 1.15  Mocks_Mamon/MockNFW1280ellip0.5loga-2.08PA50center0.0_0.0With_background1num83.dat Nelder-Mead  1.0e-04 0 1 1 0     NFW        0.0000  -0.0000     -1.969 0.211  33   1.23   93.7       -3633.526       -7238.052   241   0.0000  -0.0000     -1.875 0.211  33   1.23    0.106
2018-05-16-14:06:29 1.15  Mocks_Mamon/MockNFW1280ellip0.5loga-2.08PA50center0.0_0.0With_background1num84.dat Nelder-Mead  1.0e-04 0 1 1 0     NFW        0.0000  -0.0000     -2.058 0.206 139   1.22   81.9       -3503.271       -6977.587   241   0.0000  -0.0000     -1.960 0.206 139   1.22    0.105
2018-05-16-14:06:29 1.15  Mocks_Mamon/MockNFW1280ellip0.5loga-2.08PA50center0.0_0.0With_background1num85.dat Nelder-Mead  1.0e-04 0 1 1 0     NFW        0.0000   0.0000     -2.105 0.194  37   1.21   76.9       -3535.162       -7041.353   241   0.0000   0.0000     -2.005 0.194  37   1.21    0.105
2018-05-16-14:06:29 1.15  Mocks_Mamon/MockNFW1280ellip0.5loga-2.08PA50center0.0_0.0With_background1num86.dat Nelder-Mead  1.0e-04 0 1 1 0     NFW        0.0000  -0.0000     -2.068 0.197 139   1.21   78.5       -3364.597       -6700.157   241   0.0000  -0.0000     -1.970 0.197 139   1.21    0.104
2018-05-16-14:06:29 1.15  Mocks_Mamon/MockNFW1280ellip0.5loga-2.08PA50center0.0_0.0With_background1num87.dat Nelder-Mead  1.0e-04 0 1 1 0     NFW      360.0000  -0.0000     -2.003 0.185  40   1.24   91.0       -3705.737       -7382.484   241 360.0000  -0.0000     -1.908 0.185  40   1.24    0.110
2018-05-16-14:06:29 1.15  Mocks_Mamon/MockNFW1280ellip0.5loga-2.08PA50center0.0_0.0With_background1num88.dat Nelder-Mead  1.0e-04 0 1 1 0     NFW      360.0000  -0.0000     -2.014 0.227  35   1.23   88.9       -3678.826       -7328.625   241 360.0000  -0.0000     -1.918 0.227  35   1.23    0.105
2018-05-16-14:06:29 1.15  Mocks_Mamon/MockNFW1280ellip0.5loga-2.08PA50center0.0_0.0With_background1num89.dat Nelder-Mead  1.0e-04 0 1 1 0     NFW      360.0000  -0.0000     -1.954 0.185  35   1.24   97.6       -3713.365       -7397.713   241 360.0000  -0.0000     -1.861 0.185  35   1.24    0.106
2018-05-16-14:06:29 1.15  Mocks_Mamon/MockNFW1280ellip0.5loga-2.08PA50center0.0_0.0With_background1num90.dat Nelder-Mead  1.0e-04 0 1 1 0     NFW      360.0000   0.0000     -2.090 0.189  30   1.21   78.2       -3535.669       -7042.316   241 360.0000   0.0000     -1.990 0.189  30   1.21    0.103
2018-05-16-14:06:29 1.15  Mocks_Mamon/MockNFW1280ellip0.5loga-2.08PA50center0.0_0.0With_background1num91.dat Nelder-Mead  1.0e-04 0 1 1 0     NFW      359.9999  -0.0000     -1.965 0.160  40   1.26  100.4       -3885.164       -7741.312   241 359.9999  -0.0000     -1.871 0.160  40   1.26    0.108
2018-05-16-14:06:29 1.15  Mocks_Mamon/MockNFW1280ellip0.5loga-2.08PA50center0.0_0.0With_background1num92.dat Nelder-Mead  1.0e-04 0 1 1 0     NFW        0.0000  -0.0000     -2.098 0.183  37   1.22   78.5       -3606.607       -7184.204   241   0.0000  -0.0000     -1.998 0.183  37   1.22    0.106
2018-05-16-14:06:29 1.15  Mocks_Mamon/MockNFW1280ellip0.5loga-2.08PA50center0.0_0.0With_background1num93.dat Nelder-Mead  1.0e-04 0 1 1 0     NFW      360.0000   0.0000     -2.020 0.183 149   1.23   87.5       -3659.636       -7290.296   241 360.0000   0.0000     -1.924 0.183 149   1.23    0.105
2018-05-16-14:06:29 1.15  Mocks_Mamon/MockNFW1280ellip0.5loga-2.08PA50center0.0_0.0With_background1num94.dat Nelder-Mead  1.0e-04 0 1 1 0     NFW      360.0000  -0.0000     -2.050 0.220  43   1.22   82.8       -3609.328       -7189.727   241 360.0000  -0.0000     -1.952 0.220  43   1.22    0.104
2018-05-16-14:06:29 1.15  Mocks_Mamon/MockNFW1280ellip0.5loga-2.08PA50center0.0_0.0With_background1num95.dat Nelder-Mead  1.0e-04 0 1 1 0     NFW      359.9999  -0.0000     -2.037 0.277  42   1.22   84.0       -3637.449       -7245.915   241 359.9999  -0.0000     -1.940 0.277  42   1.22    0.105
2018-05-16-14:06:29 1.15  Mocks_Mamon/MockNFW1280ellip0.5loga-2.08PA50center0.0_0.0With_background1num96.dat Nelder-Mead  1.0e-04 0 1 1 0     NFW        0.0000   0.0000     -2.034 0.173  41   1.24   88.6       -3681.218       -7333.419   241   0.0000   0.0000     -1.937 0.173  41   1.24    0.105
2018-05-16-14:06:29 1.15  Mocks_Mamon/MockNFW1280ellip0.5loga-2.08PA50center0.0_0.0With_background1num97.dat Nelder-Mead  1.0e-04 0 1 1 0     NFW        0.0000  -0.0000     -1.987 0.207  42   1.23   90.6       -3625.432       -7221.844   241   0.0000  -0.0000     -1.893 0.207  42   1.23    0.107
2018-05-16-14:06:29 1.15  Mocks_Mamon/MockNFW1280ellip0.5loga-2.08PA50center0.0_0.0With_background1num98.dat Nelder-Mead  1.0e-04 0 1 1 0     NFW      360.0000  -0.0000     -1.986 0.180  42   1.24   93.8        -3736.28       -7443.543   241 360.0000  -0.0000     -1.891 0.180  42   1.24    0.106
2018-05-16-14:06:29 1.15  Mocks_Mamon/MockNFW1280ellip0.5loga-2.08PA50center0.0_0.0With_background1num99.dat Nelder-Mead  1.0e-04 0 1 1 0     NFW      360.0000  -0.0000     -2.053 0.069 136   1.21   80.7       -3445.782       -6862.634   241 360.0000  -0.0000     -1.955 0.069 136   1.21    0.107
