2018-05-16-14:05:26 1.15  Mocks_Mamon/MockNFW1280ellip0.5loga-2.08PA50center0.0_0.0With_background1num0.dat Diff-Evol    1.0e-04 0 1 1 0     NFW      360.0000  -0.0000     -2.575 0.524  52   3.40   44.7       -3834.105       -7639.225   701 360.0000  -0.0000     -1.910 0.208  39   1.24    0.521
2018-05-16-14:05:26 1.15  Mocks_Mamon/MockNFW1280ellip0.5loga-2.08PA50center0.0_0.0With_background1num1.dat Diff-Evol    1.0e-04 0 1 1 0     NFW      360.0000  -0.0000     -2.574 0.542  50   3.40   43.3       -3756.181       -7483.369   812 360.0000  -0.0000     -1.949 0.237  38   1.23    0.607
2018-05-16-14:05:26 1.15  Mocks_Mamon/MockNFW1280ellip0.5loga-2.08PA50center0.0_0.0With_background1num2.dat Diff-Evol    1.0e-04 0 1 1 0     NFW        0.0000   0.0000     -2.574 0.524  52   3.40   45.5       -3941.219       -7853.455   833   0.0000   0.0000     -1.901 0.123  23   1.24    0.627
2018-05-16-14:05:26 1.15  Mocks_Mamon/MockNFW1280ellip0.5loga-2.08PA50center0.0_0.0With_background1num3.dat Diff-Evol    1.0e-04 0 1 1 0     NFW        0.0000   0.0000     -2.574 0.472  45   0.20   53.5       -3878.338       -7727.694   617   0.0000   0.0000     -1.943 0.211  40   1.24    0.463
2018-05-16-14:05:26 1.15  Mocks_Mamon/MockNFW1280ellip0.5loga-2.08PA50center0.0_0.0With_background1num4.dat Diff-Evol    1.0e-04 0 1 1 0     NFW      360.0000   0.0000     -2.575 0.515  52   3.30   45.9       -3792.774       -7556.531   847 360.0000   0.0000     -1.892 0.182  37   1.23    0.633
2018-05-16-14:05:26 1.15  Mocks_Mamon/MockNFW1280ellip0.5loga-2.08PA50center0.0_0.0With_background1num5.dat Diff-Evol    1.0e-04 0 1 1 0     NFW        0.0000   0.0000     -2.574 0.516  52   3.33   44.0       -3699.898       -7370.828   813   0.0000   0.0000     -1.927 0.171  38   1.22    0.598
2018-05-16-14:05:26 1.15  Mocks_Mamon/MockNFW1280ellip0.5loga-2.08PA50center0.0_0.0With_background1num6.dat Diff-Evol    1.0e-04 0 1 1 0     NFW        0.0000   0.0000     -2.574 0.510  55   3.15   49.7       -4003.941       -7978.891   750   0.0000   0.0000     -1.925 0.213  36   1.25    0.562
2018-05-16-14:05:26 1.15  Mocks_Mamon/MockNFW1280ellip0.5loga-2.08PA50center0.0_0.0With_background1num7.dat Diff-Evol    1.0e-04 0 1 1 0     NFW        0.0000   0.0000     -2.574 0.539  53   3.42   41.9       -3643.292       -7257.631   861   0.0000   0.0000     -1.919 0.195  35   1.22    0.637
2018-05-16-14:05:26 1.15  Mocks_Mamon/MockNFW1280ellip0.5loga-2.08PA50center0.0_0.0With_background1num8.dat Diff-Evol    1.0e-04 0 1 1 0     NFW      360.0000  -0.0000     -2.577 0.547  46   3.23   46.5       -3865.994       -7702.994   867 360.0000  -0.0000     -1.969 0.217 141   1.23    0.646
2018-05-16-14:05:26 1.15  Mocks_Mamon/MockNFW1280ellip0.5loga-2.08PA50center0.0_0.0With_background1num9.dat Diff-Evol    1.0e-04 0 1 1 0     NFW        0.0000   0.0000     -2.576 0.483  52   0.45   53.2       -3846.727       -7664.474   847   0.0000   0.0000     -1.972 0.195  35   1.24    0.632
2018-05-16-14:05:26 1.15  Mocks_Mamon/MockNFW1280ellip0.5loga-2.08PA50center0.0_0.0With_background1num10.dat Diff-Evol    1.0e-04 0 1 1 0     NFW      360.0000  -0.0000     -2.574 0.554  49   3.42   43.1        -3793.82       -7558.655   743 360.0000  -0.0000     -1.941 0.180  36   1.23    0.551
2018-05-16-14:05:26 1.15  Mocks_Mamon/MockNFW1280ellip0.5loga-2.08PA50center0.0_0.0With_background1num11.dat Diff-Evol    1.0e-04 0 1 1 0     NFW        0.0000  -0.0000     -2.575 0.480  48  -1.64   52.5       -3706.035       -7383.092   611   0.0000  -0.0000     -1.922 0.142 141   1.23    0.450
2018-05-16-14:05:26 1.15  Mocks_Mamon/MockNFW1280ellip0.5loga-2.08PA50center0.0_0.0With_background1num12.dat Diff-Evol    1.0e-04 0 1 1 0     NFW      360.0000   0.0000     -2.575 0.504  50   3.33   47.7        -3966.41       -7903.823   806 360.0000   0.0000     -1.850 0.169  39   1.25    0.604
2018-05-16-14:05:26 1.15  Mocks_Mamon/MockNFW1280ellip0.5loga-2.08PA50center0.0_0.0With_background1num13.dat Diff-Evol    1.0e-04 0 1 1 0     NFW      360.0000   0.0000     -2.575 0.518  49   3.46   40.8       -3560.803       -7092.573   772 360.0000   0.0000     -1.879 0.205  44   1.22    0.563
2018-05-16-14:05:26 1.15  Mocks_Mamon/MockNFW1280ellip0.5loga-2.08PA50center0.0_0.0With_background1num14.dat Diff-Evol    1.0e-04 0 1 1 0     NFW      360.0000   0.0000     -2.575 0.564  51   3.50   41.7        -3775.26        -7521.54   799 360.0000   0.0000     -1.956 0.193  38   1.23    0.591
2018-05-16-14:05:26 1.15  Mocks_Mamon/MockNFW1280ellip0.5loga-2.08PA50center0.0_0.0With_background1num15.dat Diff-Evol    1.0e-04 0 1 1 0     NFW      360.0000  -0.0000     -2.575 0.497  44   3.38   44.1       -3792.854       -7556.712   819 360.0000  -0.0000     -1.947 0.155  45   1.23    0.610
2018-05-16-14:05:26 1.15  Mocks_Mamon/MockNFW1280ellip0.5loga-2.08PA50center0.0_0.0With_background1num16.dat Diff-Evol    1.0e-04 0 1 1 0     NFW        0.0000  -0.0000     -2.575 0.529  47  -0.46   53.0       -3787.425       -7545.885   805   0.0000  -0.0000     -1.890 0.267 135   1.23    0.601
2018-05-16-14:05:26 1.15  Mocks_Mamon/MockNFW1280ellip0.5loga-2.08PA50center0.0_0.0With_background1num17.dat Diff-Evol    1.0e-04 0 1 1 0     NFW      360.0000  -0.0000     -2.575 0.544  49   3.42   43.9       -3880.731       -7732.441   722 360.0000  -0.0000     -1.952 0.117  45   1.24    0.536
2018-05-16-14:05:26 1.15  Mocks_Mamon/MockNFW1280ellip0.5loga-2.08PA50center0.0_0.0With_background1num18.dat Diff-Evol    1.0e-04 0 1 1 0     NFW        0.0000   0.0000     -2.574 0.518  51   3.22   46.8       -3832.545       -7636.105   826   0.0000   0.0000     -1.943 0.205  31   1.23    0.615
2018-05-16-14:05:26 1.15  Mocks_Mamon/MockNFW1280ellip0.5loga-2.08PA50center0.0_0.0With_background1num19.dat Diff-Evol    1.0e-04 0 1 1 0     NFW        0.0000   0.0000     -2.574 0.501  46   3.38   42.0       -3537.253       -7045.543   749   0.0000   0.0000     -1.938 0.152 143   1.21    0.555
2018-05-16-14:05:26 1.15  Mocks_Mamon/MockNFW1280ellip0.5loga-2.08PA50center0.0_0.0With_background1num20.dat Diff-Evol    1.0e-04 0 1 1 0     NFW        0.0000  -0.0000     -2.575 0.551  47   3.31   46.1       -3824.087       -7619.151   652   0.0000  -0.0000     -1.897 0.236  44   1.24    0.487
2018-05-16-14:05:26 1.15  Mocks_Mamon/MockNFW1280ellip0.5loga-2.08PA50center0.0_0.0With_background1num21.dat Diff-Evol    1.0e-04 0 1 1 0     NFW        0.0000   0.0000     -2.574 0.519  48   3.30   46.3       -3833.901       -7638.803   847   0.0000   0.0000     -1.927 0.144  35   1.24    0.634
2018-05-16-14:05:26 1.15  Mocks_Mamon/MockNFW1280ellip0.5loga-2.08PA50center0.0_0.0With_background1num22.dat Diff-Evol    1.0e-04 0 1 1 0     NFW      360.0000  -0.0000     -2.574 0.487  50  -0.99   51.6       -3713.072        -7397.15   867 360.0000  -0.0000     -1.957 0.192  37   1.22    0.644
2018-05-16-14:05:26 1.15  Mocks_Mamon/MockNFW1280ellip0.5loga-2.08PA50center0.0_0.0With_background1num23.dat Diff-Evol    1.0e-04 0 1 1 0     NFW      359.9999  -0.0000     -2.576 0.543  45   3.31   44.8       -3653.671       -7278.351   979 359.9999  -0.0000     -1.853 0.279  42   1.23    0.720
2018-05-16-14:05:26 1.15  Mocks_Mamon/MockNFW1280ellip0.5loga-2.08PA50center0.0_0.0With_background1num24.dat Diff-Evol    1.0e-04 0 1 1 0     NFW      360.0000   0.0000     -2.575 0.476  46   3.26   48.1       -3864.524       -7700.014   667 360.0000   0.0000     -1.881 0.222  39   1.25    0.497
2018-05-16-14:05:26 1.15  Mocks_Mamon/MockNFW1280ellip0.5loga-2.08PA50center0.0_0.0With_background1num25.dat Diff-Evol    1.0e-04 0 1 1 0     NFW        0.0000  -0.0000     -2.574 0.531  49   3.45   40.7       -3563.279       -7097.563   729   0.0000  -0.0000     -1.895 0.186  36   1.21    0.535
2018-05-16-14:05:26 1.15  Mocks_Mamon/MockNFW1280ellip0.5loga-2.08PA50center0.0_0.0With_background1num26.dat Diff-Evol    1.0e-04 0 1 1 0     NFW        0.0000   0.0000     -2.574 0.517  50  -0.27   53.1       -3863.119       -7697.252   770   0.0000   0.0000     -1.966 0.221 136   1.23    0.577
2018-05-16-14:05:26 1.15  Mocks_Mamon/MockNFW1280ellip0.5loga-2.08PA50center0.0_0.0With_background1num27.dat Diff-Evol    1.0e-04 0 1 1 0     NFW      360.0000   0.0000     -2.574 0.484  48   0.09   54.4       -3836.367       -7643.771   680 360.0000   0.0000     -1.842 0.212  40   1.24    0.512
2018-05-16-14:05:26 1.15  Mocks_Mamon/MockNFW1280ellip0.5loga-2.08PA50center0.0_0.0With_background1num28.dat Diff-Evol    1.0e-04 0 1 1 0     NFW      360.0000   0.0000     -2.574 0.507  52   0.96   54.6       -3908.417       -7787.814   750 360.0000   0.0000     -1.859 0.241  35   1.24    0.563
2018-05-16-14:05:26 1.15  Mocks_Mamon/MockNFW1280ellip0.5loga-2.08PA50center0.0_0.0With_background1num29.dat Diff-Evol    1.0e-04 0 1 1 0     NFW      360.0000   0.0000     -2.575 0.502  49   3.40   43.6       -3728.647       -7428.297   729 360.0000   0.0000     -1.899 0.201  43   1.23    0.543
2018-05-16-14:05:26 1.15  Mocks_Mamon/MockNFW1280ellip0.5loga-2.08PA50center0.0_0.0With_background1num30.dat Diff-Evol    1.0e-04 0 1 1 0     NFW        0.0000  -0.0000     -2.575 0.542  50   3.43   43.8       -3842.127       -7655.228   750   0.0000  -0.0000     -1.934 0.154  41   1.24    0.560
2018-05-16-14:05:26 1.15  Mocks_Mamon/MockNFW1280ellip0.5loga-2.08PA50center0.0_0.0With_background1num31.dat Diff-Evol    1.0e-04 0 1 1 0     NFW      359.9999  -0.0000     -2.574 0.536  52   3.34   44.4       -3749.555       -7470.156   749 359.9999  -0.0000     -1.926 0.231  34   1.23    0.556
2018-05-16-14:05:26 1.15  Mocks_Mamon/MockNFW1280ellip0.5loga-2.08PA50center0.0_0.0With_background1num32.dat Diff-Evol    1.0e-04 0 1 1 0     NFW        0.0000   0.0000     -2.574 0.511  52   0.30   50.9       -3637.682       -7246.361   749   0.0000   0.0000     -1.997 0.201  32   1.21    0.556
2018-05-16-14:05:26 1.15  Mocks_Mamon/MockNFW1280ellip0.5loga-2.08PA50center0.0_0.0With_background1num33.dat Diff-Evol    1.0e-04 0 1 1 0     NFW        0.0000  -0.0000     -2.576 0.523  50   3.46   42.5       -3759.025       -7489.039   707   0.0000  -0.0000     -1.910 0.134  22   1.23    0.532
2018-05-16-14:05:26 1.15  Mocks_Mamon/MockNFW1280ellip0.5loga-2.08PA50center0.0_0.0With_background1num34.dat Diff-Evol    1.0e-04 0 1 1 0     NFW        0.0000  -0.0000     -2.574 0.525  49   3.25   44.3       -3691.745       -7354.554   896   0.0000  -0.0000     -1.972 0.165  44   1.21    0.657
2018-05-16-14:05:26 1.15  Mocks_Mamon/MockNFW1280ellip0.5loga-2.08PA50center0.0_0.0With_background1num35.dat Diff-Evol    1.0e-04 0 1 1 0     NFW        0.0000   0.0000     -2.575 0.532  49   3.39   44.4       -3782.141        -7535.27   756   0.0000   0.0000     -1.881 0.202  44   1.24    0.567
2018-05-16-14:05:26 1.15  Mocks_Mamon/MockNFW1280ellip0.5loga-2.08PA50center0.0_0.0With_background1num36.dat Diff-Evol    1.0e-04 0 1 1 0     NFW        0.0000  -0.0000     -2.574 0.532  48   3.40   42.6       -3663.445       -7297.867   833   0.0000  -0.0000     -1.932 0.177 136   1.22    0.616
2018-05-16-14:05:26 1.15  Mocks_Mamon/MockNFW1280ellip0.5loga-2.08PA50center0.0_0.0With_background1num37.dat Diff-Evol    1.0e-04 0 1 1 0     NFW      360.0000   0.0000     -2.574 0.530  49   3.46   40.8       -3580.983       -7132.961   778 360.0000   0.0000     -1.936 0.187  44   1.22    0.573
2018-05-16-14:05:26 1.15  Mocks_Mamon/MockNFW1280ellip0.5loga-2.08PA50center0.0_0.0With_background1num38.dat Diff-Evol    1.0e-04 0 1 1 0     NFW        0.0000   0.0000     -2.574 0.519  51   3.37   43.3       -3679.128       -7329.237   736   0.0000   0.0000     -1.959 0.185  38   1.22    0.545
2018-05-16-14:05:26 1.15  Mocks_Mamon/MockNFW1280ellip0.5loga-2.08PA50center0.0_0.0With_background1num39.dat Diff-Evol    1.0e-04 0 1 1 0     NFW        0.0000   0.0000     -2.574 0.536  49   3.17   48.5       -3960.244       -7891.466   791   0.0000   0.0000     -1.931 0.194  43   1.24    0.591
2018-05-16-14:05:26 1.15  Mocks_Mamon/MockNFW1280ellip0.5loga-2.08PA50center0.0_0.0With_background1num40.dat Diff-Evol    1.0e-04 0 1 1 0     NFW        0.0000  -0.0000     -2.576 0.499  50   3.48   42.8       -3767.101       -7505.192  1034   0.0000  -0.0000     -1.857 0.141  36   1.24    0.778
2018-05-16-14:05:26 1.15  Mocks_Mamon/MockNFW1280ellip0.5loga-2.08PA50center0.0_0.0With_background1num41.dat Diff-Evol    1.0e-04 0 1 1 0     NFW      360.0000  -0.0000     -2.575 0.549  53   3.25   47.4       -3925.628       -7822.242   931 360.0000  -0.0000     -1.946 0.243  35   1.24    0.692
2018-05-16-14:05:26 1.15  Mocks_Mamon/MockNFW1280ellip0.5loga-2.08PA50center0.0_0.0With_background1num42.dat Diff-Evol    1.0e-04 0 1 1 0     NFW      360.0000  -0.0000     -2.575 0.542  45   3.45   42.9        -3746.78       -7464.611   763 360.0000  -0.0000     -1.918 0.169  40   1.23    0.573
2018-05-16-14:05:26 1.15  Mocks_Mamon/MockNFW1280ellip0.5loga-2.08PA50center0.0_0.0With_background1num43.dat Diff-Evol    1.0e-04 0 1 1 0     NFW      360.0000  -0.0000     -2.574 0.481  51   3.34   44.5       -3722.862       -7416.728   923 360.0000  -0.0000     -1.922 0.175  42   1.23    0.690
2018-05-16-14:05:26 1.15  Mocks_Mamon/MockNFW1280ellip0.5loga-2.08PA50center0.0_0.0With_background1num44.dat Diff-Evol    1.0e-04 0 1 1 0     NFW      360.0000  -0.0000     -2.575 0.489  49   3.36   45.4       -3829.781       -7630.588   792 360.0000  -0.0000     -1.890 0.115 139   1.24    0.590
2018-05-16-14:05:26 1.15  Mocks_Mamon/MockNFW1280ellip0.5loga-2.08PA50center0.0_0.0With_background1num45.dat Diff-Evol    1.0e-04 0 1 1 0     NFW        0.0000  -0.0000     -2.574 0.493  50   0.78   55.3       -4044.356       -8059.684   722   0.0000  -0.0000     -1.922 0.175  40   1.25    0.544
2018-05-16-14:05:26 1.15  Mocks_Mamon/MockNFW1280ellip0.5loga-2.08PA50center0.0_0.0With_background1num46.dat Diff-Evol    1.0e-04 0 1 1 0     NFW        0.0000   0.0000     -2.574 0.463  50   3.38   42.6       -3644.696       -7260.389   861   0.0000   0.0000     -1.985 0.101  36   1.22    0.636
2018-05-16-14:05:26 1.15  Mocks_Mamon/MockNFW1280ellip0.5loga-2.08PA50center0.0_0.0With_background1num47.dat Diff-Evol    1.0e-04 0 1 1 0     NFW      360.0000  -0.0000     -2.574 0.518  51   3.22   45.6       -3818.481       -7607.971   979 360.0000  -0.0000     -1.975 0.121 139   1.22    0.722
2018-05-16-14:05:26 1.15  Mocks_Mamon/MockNFW1280ellip0.5loga-2.08PA50center0.0_0.0With_background1num48.dat Diff-Evol    1.0e-04 0 1 1 0     NFW        0.0000  -0.0001     -2.575 0.511  50   3.40   45.3       -3859.703       -7690.406   736   0.0000  -0.0001     -1.850 0.135 137   1.24    0.550
2018-05-16-14:05:26 1.15  Mocks_Mamon/MockNFW1280ellip0.5loga-2.08PA50center0.0_0.0With_background1num49.dat Diff-Evol    1.0e-04 0 1 1 0     NFW        0.0000   0.0000     -2.574 0.538  50   3.31   46.3       -3954.828       -7880.619   937   0.0000   0.0000     -1.993 0.143  45   1.24    0.702
2018-05-16-14:05:26 1.15  Mocks_Mamon/MockNFW1280ellip0.5loga-2.08PA50center0.0_0.0With_background1num50.dat Diff-Evol    1.0e-04 0 1 1 0     NFW      360.0000  -0.0000     -2.576 0.534  52   3.30   46.6       -3875.782       -7722.579   805 360.0000  -0.0000     -1.897 0.234  37   1.24    0.603
2018-05-16-14:05:26 1.15  Mocks_Mamon/MockNFW1280ellip0.5loga-2.08PA50center0.0_0.0With_background1num51.dat Diff-Evol    1.0e-04 0 1 1 0     NFW      360.0000  -0.0000     -2.574 0.523  52   3.34   43.2       -3708.692       -7388.396   972 360.0000  -0.0000     -2.028 0.157  42   1.22    0.717
2018-05-16-14:05:26 1.15  Mocks_Mamon/MockNFW1280ellip0.5loga-2.08PA50center0.0_0.0With_background1num52.dat Diff-Evol    1.0e-04 0 1 1 0     NFW        0.0000   0.0000     -2.574 0.409  52  -0.35   54.1       -3830.128       -7631.271   631   0.0000   0.0000     -1.892 0.096  40   1.24    0.476
2018-05-16-14:05:26 1.15  Mocks_Mamon/MockNFW1280ellip0.5loga-2.08PA50center0.0_0.0With_background1num53.dat Diff-Evol    1.0e-04 0 1 1 0     NFW        0.0000  -0.0000     -2.574 0.472  51  -1.42   51.2       -3608.066       -7187.168   701   0.0000  -0.0000     -1.900 0.203  39   1.22    0.516
2018-05-16-14:05:26 1.15  Mocks_Mamon/MockNFW1280ellip0.5loga-2.08PA50center0.0_0.0With_background1num54.dat Diff-Evol    1.0e-04 0 1 1 0     NFW      360.0000   0.0000     -2.574 0.528  52   3.37   43.7       -3743.643       -7458.301   847 360.0000   0.0000     -1.938 0.160  37   1.22    0.631
2018-05-16-14:05:26 1.15  Mocks_Mamon/MockNFW1280ellip0.5loga-2.08PA50center0.0_0.0With_background1num55.dat Diff-Evol    1.0e-04 0 1 1 0     NFW        0.0000   0.0001     -2.575 0.557  48   3.40   43.2       -3722.402       -7415.796   896   0.0000   0.0001     -1.933 0.219  41   1.23    0.665
2018-05-16-14:05:26 1.15  Mocks_Mamon/MockNFW1280ellip0.5loga-2.08PA50center0.0_0.0With_background1num56.dat Diff-Evol    1.0e-04 0 1 1 0     NFW        0.0000   0.0000     -2.575 0.570  46   3.59   38.6       -3709.589       -7390.186   756   0.0000   0.0000     -1.922 0.141 135   1.23    0.565
2018-05-16-14:05:26 1.15  Mocks_Mamon/MockNFW1280ellip0.5loga-2.08PA50center0.0_0.0With_background1num57.dat Diff-Evol    1.0e-04 0 1 1 0     NFW        0.0000   0.0000     -2.576 0.515  53   3.42   43.5       -3754.423       -7479.835   868   0.0000   0.0000     -1.915 0.155  36   1.23    0.648
2018-05-16-14:05:26 1.15  Mocks_Mamon/MockNFW1280ellip0.5loga-2.08PA50center0.0_0.0With_background1num58.dat Diff-Evol    1.0e-04 0 1 1 0     NFW        0.0000  -0.0000     -2.575 0.543  49   3.34   42.9       -3637.405       -7245.873   986   0.0000  -0.0000     -1.912 0.209 141   1.21    0.728
2018-05-16-14:05:26 1.15  Mocks_Mamon/MockNFW1280ellip0.5loga-2.08PA50center0.0_0.0With_background1num59.dat Diff-Evol    1.0e-04 0 1 1 0     NFW      360.0000  -0.0000     -2.574 0.497  52   3.41   42.8       -3724.964       -7420.912   686 360.0000  -0.0000     -1.964 0.147  36   1.22    0.513
2018-05-16-14:05:26 1.15  Mocks_Mamon/MockNFW1280ellip0.5loga-2.08PA50center0.0_0.0With_background1num60.dat Diff-Evol    1.0e-04 0 1 1 0     NFW      360.0000  -0.0000     -2.575 0.539  51   3.41   43.3       -3700.026       -7371.046   826 360.0000  -0.0000     -1.918 0.202  37   1.23    0.616
2018-05-16-14:05:26 1.15  Mocks_Mamon/MockNFW1280ellip0.5loga-2.08PA50center0.0_0.0With_background1num61.dat Diff-Evol    1.0e-04 0 1 1 0     NFW      360.0000  -0.0000     -2.575 0.547  47   3.35   45.8       -3919.152       -7809.284   750 360.0000  -0.0000     -1.910 0.170 140   1.24    0.560
2018-05-16-14:05:26 1.15  Mocks_Mamon/MockNFW1280ellip0.5loga-2.08PA50center0.0_0.0With_background1num62.dat Diff-Evol    1.0e-04 0 1 1 0     NFW        0.0000   0.0000     -2.574 0.521  50  -0.06   51.0       -3744.757       -7460.544   722   0.0000   0.0000     -1.981 0.223  42   1.21    0.529
2018-05-16-14:05:26 1.15  Mocks_Mamon/MockNFW1280ellip0.5loga-2.08PA50center0.0_0.0With_background1num63.dat Diff-Evol    1.0e-04 0 1 1 0     NFW      360.0000  -0.0001     -2.574 0.505  50   3.36   44.7       -3818.057       -7607.104   576 360.0000  -0.0001     -1.941 0.096  35   1.23    0.430
2018-05-16-14:05:26 1.15  Mocks_Mamon/MockNFW1280ellip0.5loga-2.08PA50center0.0_0.0With_background1num64.dat Diff-Evol    1.0e-04 0 1 1 0     NFW        0.0000   0.0000     -2.575 0.530  47   3.29   45.2       -3811.357       -7593.698   888   0.0000   0.0000     -1.989 0.196  41   1.23    0.662
2018-05-16-14:05:26 1.15  Mocks_Mamon/MockNFW1280ellip0.5loga-2.08PA50center0.0_0.0With_background1num65.dat Diff-Evol    1.0e-04 0 1 1 0     NFW      360.0000  -0.0000     -2.574 0.529  51   3.44   44.5       -3871.783       -7714.569   735 360.0000  -0.0000     -1.904 0.155  31   1.24    0.556
2018-05-16-14:05:26 1.15  Mocks_Mamon/MockNFW1280ellip0.5loga-2.08PA50center0.0_0.0With_background1num66.dat Diff-Evol    1.0e-04 0 1 1 0     NFW        0.0001   0.0001     -2.574 0.559  48   3.42   41.8       -3659.875       -7290.771   846   0.0001   0.0001     -1.935 0.194 135   1.22    0.632
2018-05-16-14:05:26 1.15  Mocks_Mamon/MockNFW1280ellip0.5loga-2.08PA50center0.0_0.0With_background1num67.dat Diff-Evol    1.0e-04 0 1 1 0     NFW        0.0001   0.0000     -2.575 0.516  51   3.29   46.9       -3917.886       -7806.741   860   0.0001   0.0000     -1.935 0.169  38   1.24    0.652
2018-05-16-14:05:26 1.15  Mocks_Mamon/MockNFW1280ellip0.5loga-2.08PA50center0.0_0.0With_background1num68.dat Diff-Evol    1.0e-04 0 1 1 0     NFW        0.0000   0.0000     -2.575 0.500  54   3.36   44.5       -3678.057        -7327.12   820   0.0000   0.0000     -1.842 0.234  33   1.23    0.606
2018-05-16-14:05:26 1.15  Mocks_Mamon/MockNFW1280ellip0.5loga-2.08PA50center0.0_0.0With_background1num69.dat Diff-Evol    1.0e-04 0 1 1 0     NFW        0.0000  -0.0000     -2.577 0.504  49   3.37   43.0       -3638.746       -7248.532   896   0.0000  -0.0000     -1.933 0.161  36   1.22    0.662
2018-05-16-14:05:26 1.15  Mocks_Mamon/MockNFW1280ellip0.5loga-2.08PA50center0.0_0.0With_background1num70.dat Diff-Evol    1.0e-04 0 1 1 0     NFW      360.0000   0.0000     -2.575 0.535  53   3.48   41.7       -3759.745        -7490.51   722 360.0000   0.0000     -1.942 0.179 137   1.23    0.536
2018-05-16-14:05:26 1.15  Mocks_Mamon/MockNFW1280ellip0.5loga-2.08PA50center0.0_0.0With_background1num71.dat Diff-Evol    1.0e-04 0 1 1 0     NFW      360.0000  -0.0000     -2.575 0.528  50   3.34   41.8       -3565.549       -7102.121   777 360.0000  -0.0000     -1.972 0.190  31   1.21    0.570
2018-05-16-14:05:26 1.15  Mocks_Mamon/MockNFW1280ellip0.5loga-2.08PA50center0.0_0.0With_background1num72.dat Diff-Evol    1.0e-04 0 1 1 0     NFW      360.0000  -0.0001     -2.574 0.507  54   1.01   54.0       -3956.666       -7884.344   784 360.0000  -0.0001     -1.955 0.267  32   1.24    0.589
2018-05-16-14:05:26 1.15  Mocks_Mamon/MockNFW1280ellip0.5loga-2.08PA50center0.0_0.0With_background1num73.dat Diff-Evol    1.0e-04 0 1 1 0     NFW      360.0000  -0.0000     -2.576 0.544  48   3.48   40.9       -3718.583       -7408.138   784 360.0000  -0.0000     -2.003 0.156  42   1.22    0.582
2018-05-16-14:05:26 1.15  Mocks_Mamon/MockNFW1280ellip0.5loga-2.08PA50center0.0_0.0With_background1num74.dat Diff-Evol    1.0e-04 0 1 1 0     NFW      360.0000  -0.0000     -2.574 0.514  52   3.42   43.2        -3787.71       -7546.395   882 360.0000  -0.0000     -1.973 0.133  37   1.23    0.652
2018-05-16-14:05:26 1.15  Mocks_Mamon/MockNFW1280ellip0.5loga-2.08PA50center0.0_0.0With_background1num75.dat Diff-Evol    1.0e-04 0 1 1 0     NFW      360.0000   0.0000     -2.575 0.512  56   3.37   43.5       -3693.795       -7358.605   771 360.0000   0.0000     -1.880 0.192  36   1.22    0.568
2018-05-16-14:05:26 1.15  Mocks_Mamon/MockNFW1280ellip0.5loga-2.08PA50center0.0_0.0With_background1num76.dat Diff-Evol    1.0e-04 0 1 1 0     NFW        0.0000  -0.0000     -2.575 0.504  50   0.80   53.5       -3813.995       -7598.995   513   0.0000  -0.0000     -1.886 0.227  37   1.24    0.385
2018-05-16-14:05:26 1.15  Mocks_Mamon/MockNFW1280ellip0.5loga-2.08PA50center0.0_0.0With_background1num77.dat Diff-Evol    1.0e-04 0 1 1 0     NFW        0.0000  -0.0000     -2.575 0.532  48   3.38   44.1       -3755.099       -7481.255   576   0.0000  -0.0000     -1.897 0.188  37   1.23    0.426
2018-05-16-14:05:26 1.15  Mocks_Mamon/MockNFW1280ellip0.5loga-2.08PA50center0.0_0.0With_background1num78.dat Diff-Evol    1.0e-04 0 1 1 0     NFW      360.0000  -0.0001     -2.576 0.556  51   3.51   40.8       -3681.347       -7333.737   840 360.0000  -0.0001     -1.885 0.215  43   1.23    0.624
2018-05-16-14:05:26 1.15  Mocks_Mamon/MockNFW1280ellip0.5loga-2.08PA50center0.0_0.0With_background1num79.dat Diff-Evol    1.0e-04 0 1 1 0     NFW      359.9999  -0.0000     -2.574 0.529  49   3.41   43.8       -3721.916       -7414.815   742 359.9999  -0.0000     -1.886 0.257 140   1.23    0.557
2018-05-16-14:05:26 1.15  Mocks_Mamon/MockNFW1280ellip0.5loga-2.08PA50center0.0_0.0With_background1num80.dat Diff-Evol    1.0e-04 0 1 1 0     NFW        0.0000   0.0000     -2.576 0.548  53   3.12   49.1        -3932.69       -7836.368   617   0.0000   0.0000     -1.910 0.225  35   1.24    0.465
2018-05-16-14:05:26 1.15  Mocks_Mamon/MockNFW1280ellip0.5loga-2.08PA50center0.0_0.0With_background1num81.dat Diff-Evol    1.0e-04 0 1 1 0     NFW        0.0000   0.0000     -2.574 0.516  52   0.33   53.1       -3836.475       -7643.964   708   0.0000   0.0000     -1.894 0.248  43   1.23    0.529
2018-05-16-14:05:26 1.15  Mocks_Mamon/MockNFW1280ellip0.5loga-2.08PA50center0.0_0.0With_background1num82.dat Diff-Evol    1.0e-04 0 1 1 0     NFW        0.0000   0.0000     -2.575 0.478  51   0.62   52.8       -3810.541       -7592.103   631   0.0000   0.0000     -1.947 0.156  37   1.23    0.473
2018-05-16-14:05:26 1.15  Mocks_Mamon/MockNFW1280ellip0.5loga-2.08PA50center0.0_0.0With_background1num83.dat Diff-Evol    1.0e-04 0 1 1 0     NFW        0.0000  -0.0000     -2.575 0.537  57   3.38   44.3        -3753.05       -7477.099   833   0.0000  -0.0000     -1.875 0.211  33   1.23    0.617
2018-05-16-14:05:26 1.15  Mocks_Mamon/MockNFW1280ellip0.5loga-2.08PA50center0.0_0.0With_background1num84.dat Diff-Evol    1.0e-04 0 1 1 0     NFW        0.0000  -0.0000     -2.574 0.538  51   3.34   43.4       -3670.091       -7311.228   680   0.0000  -0.0000     -1.960 0.206 139   1.22    0.503
2018-05-16-14:05:26 1.15  Mocks_Mamon/MockNFW1280ellip0.5loga-2.08PA50center0.0_0.0With_background1num85.dat Diff-Evol    1.0e-04 0 1 1 0     NFW        0.0000   0.0000     -2.574 0.546  46   3.45   40.5       -3633.773       -7238.574   833   0.0000   0.0000     -2.005 0.194  37   1.21    0.613
2018-05-16-14:05:26 1.15  Mocks_Mamon/MockNFW1280ellip0.5loga-2.08PA50center0.0_0.0With_background1num86.dat Diff-Evol    1.0e-04 0 1 1 0     NFW        0.0000  -0.0000     -2.575 0.549  48   3.41   40.4       -3532.785       -7036.533   812   0.0000  -0.0000     -1.970 0.197 139   1.21    0.593
2018-05-16-14:05:26 1.15  Mocks_Mamon/MockNFW1280ellip0.5loga-2.08PA50center0.0_0.0With_background1num87.dat Diff-Evol    1.0e-04 0 1 1 0     NFW      360.0000  -0.0000     -2.574 0.531  49   3.42   44.0       -3816.128       -7603.265   931 360.0000  -0.0000     -1.908 0.185  40   1.24    0.692
2018-05-16-14:05:26 1.15  Mocks_Mamon/MockNFW1280ellip0.5loga-2.08PA50center0.0_0.0With_background1num88.dat Diff-Evol    1.0e-04 0 1 1 0     NFW      360.0000  -0.0000     -2.574 0.514  57   3.33   45.3       -3787.644       -7546.261   923 360.0000  -0.0000     -1.918 0.227  35   1.23    0.692
2018-05-16-14:05:26 1.15  Mocks_Mamon/MockNFW1280ellip0.5loga-2.08PA50center0.0_0.0With_background1num89.dat Diff-Evol    1.0e-04 0 1 1 0     NFW      360.0000  -0.0000     -2.576 0.562  51   3.46   43.7       -3845.121       -7661.226  1034 360.0000  -0.0000     -1.861 0.185  35   1.24    0.777
2018-05-16-14:05:26 1.15  Mocks_Mamon/MockNFW1280ellip0.5loga-2.08PA50center0.0_0.0With_background1num90.dat Diff-Evol    1.0e-04 0 1 1 0     NFW      360.0000   0.0000     -2.574 0.495  52   3.31   43.4        -3625.05       -7221.078   659 360.0000   0.0000     -1.990 0.189  30   1.21    0.487
2018-05-16-14:05:26 1.15  Mocks_Mamon/MockNFW1280ellip0.5loga-2.08PA50center0.0_0.0With_background1num91.dat Diff-Evol    1.0e-04 0 1 1 0     NFW      359.9999  -0.0000     -2.574 0.530  51   3.47   45.7       -4016.894       -8004.771   701 359.9999  -0.0000     -1.871 0.160  40   1.26    0.533
2018-05-16-14:05:26 1.15  Mocks_Mamon/MockNFW1280ellip0.5loga-2.08PA50center0.0_0.0With_background1num92.dat Diff-Evol    1.0e-04 0 1 1 0     NFW        0.0000  -0.0000     -2.575 0.529  52   3.34   43.4       -3707.568       -7386.125   701   0.0000  -0.0000     -1.998 0.183  37   1.22    0.516
2018-05-16-14:05:26 1.15  Mocks_Mamon/MockNFW1280ellip0.5loga-2.08PA50center0.0_0.0With_background1num93.dat Diff-Evol    1.0e-04 0 1 1 0     NFW      360.0000   0.0000     -2.574 0.535  42   3.09   48.1       -3839.055       -7649.133   958 360.0000   0.0000     -1.924 0.183 149   1.23    0.713
2018-05-16-14:05:26 1.15  Mocks_Mamon/MockNFW1280ellip0.5loga-2.08PA50center0.0_0.0With_background1num94.dat Diff-Evol    1.0e-04 0 1 1 0     NFW      360.0000  -0.0000     -2.575 0.548  51   3.22   45.4       -3705.216       -7381.504   798 360.0000  -0.0000     -1.952 0.220  43   1.22    0.592
2018-05-16-14:05:26 1.15  Mocks_Mamon/MockNFW1280ellip0.5loga-2.08PA50center0.0_0.0With_background1num95.dat Diff-Evol    1.0e-04 0 1 1 0     NFW      359.9999  -0.0000     -2.574 0.530  48   3.19   45.8       -3727.091       -7425.199   825 359.9999  -0.0000     -1.940 0.277  42   1.22    0.615
2018-05-16-14:05:26 1.15  Mocks_Mamon/MockNFW1280ellip0.5loga-2.08PA50center0.0_0.0With_background1num96.dat Diff-Evol    1.0e-04 0 1 1 0     NFW        0.0000   0.0000     -2.575 0.536  53   3.54   41.4        -3787.81       -7546.604   707   0.0000   0.0000     -1.937 0.173  41   1.24    0.539
2018-05-16-14:05:26 1.15  Mocks_Mamon/MockNFW1280ellip0.5loga-2.08PA50center0.0_0.0With_background1num97.dat Diff-Evol    1.0e-04 0 1 1 0     NFW        0.0000  -0.0000     -2.575 0.542  47   3.35   44.3       -3733.293       -7437.566   764   0.0000  -0.0000     -1.893 0.207  42   1.23    0.565
2018-05-16-14:05:26 1.15  Mocks_Mamon/MockNFW1280ellip0.5loga-2.08PA50center0.0_0.0With_background1num98.dat Diff-Evol    1.0e-04 0 1 1 0     NFW      360.0000  -0.0000     -2.575 0.546  54   3.48   43.2        -3865.45       -7701.883   833 360.0000  -0.0000     -1.891 0.180  42   1.24    0.622
2018-05-16-14:05:26 1.15  Mocks_Mamon/MockNFW1280ellip0.5loga-2.08PA50center0.0_0.0With_background1num99.dat Diff-Evol    1.0e-04 0 1 1 0     NFW      360.0000  -0.0000     -2.574 0.475  53   3.43   40.4       -3547.859       -7066.787   804 360.0000  -0.0000     -1.955 0.069 136   1.21    0.603
