2018-05-16-14:06:44 1.15  Mocks_Mamon/MockNFW1280ellip0.5loga-2.08PA50center0.0_0.0With_background1num0.dat BFGS         1.0e-04 0 1 1 0     NFW      360.0000  -0.0000     -1.910 0.208  39   1.24  102.0        -3703.52       -7378.055   820 360.0000  -0.0000     -1.910 0.208  39   1.24    0.359
2018-05-16-14:06:44 1.15  Mocks_Mamon/MockNFW1280ellip0.5loga-2.08PA50center0.0_0.0With_background1num1.dat BFGS         1.0e-04 0 1 1 0     NFW      360.0000  -0.0000     -1.949 0.237  38   1.23   94.7       -3630.087       -7231.181   820 360.0000  -0.0000     -1.949 0.237  38   1.23    0.359
2018-05-16-14:06:44 1.15  Mocks_Mamon/MockNFW1280ellip0.5loga-2.08PA50center0.0_0.0With_background1num2.dat BFGS         1.0e-04 0 1 1 0     NFW        0.0000   0.0000     -1.901 0.123  23   1.24  104.8       -3773.005       -7517.027   820   0.0000   0.0000     -1.901 0.123  23   1.24    0.364
2018-05-16-14:06:44 1.15  Mocks_Mamon/MockNFW1280ellip0.5loga-2.08PA50center0.0_0.0With_background1num3.dat BFGS         1.0e-04 0 1 1 0     NFW        0.0000   0.0000     -1.943 0.211  40   1.24   97.4       -3759.939       -7490.895   820   0.0000   0.0000     -1.943 0.211  40   1.24    0.361
2018-05-16-14:06:44 1.15  Mocks_Mamon/MockNFW1280ellip0.5loga-2.08PA50center0.0_0.0With_background1num4.dat BFGS         1.0e-04 0 1 1 0     NFW      360.0000   0.0000     -1.892 0.182  37   1.23  103.0       -3662.091       -7295.165   820 360.0000   0.0000     -1.892 0.182  37   1.23    0.360
2018-05-16-14:06:44 1.15  Mocks_Mamon/MockNFW1280ellip0.5loga-2.08PA50center0.0_0.0With_background1num5.dat BFGS         1.0e-04 0 1 1 0     NFW        0.0000   0.0000     -1.927 0.171  38   1.22   96.2       -3574.326       -7119.683   820   0.0000   0.0000     -1.927 0.171  38   1.22    0.358
2018-05-16-14:06:44 1.15  Mocks_Mamon/MockNFW1280ellip0.5loga-2.08PA50center0.0_0.0With_background1num6.dat BFGS         1.0e-04 0 1 1 0     NFW        0.0000   0.0000     -1.925 0.213  36   1.25  102.2       -3857.904       -7686.817   820   0.0000   0.0000     -1.925 0.213  36   1.25    0.365
2018-05-16-14:06:44 1.15  Mocks_Mamon/MockNFW1280ellip0.5loga-2.08PA50center0.0_0.0With_background1num7.dat BFGS         1.0e-04 0 1 1 0     NFW        0.0000   0.0000     -1.919 0.195  35   1.22   96.5       -3517.013       -7005.072   820   0.0000   0.0000     -1.919 0.195  35   1.22    0.359
2018-05-16-14:06:44 1.15  Mocks_Mamon/MockNFW1280ellip0.5loga-2.08PA50center0.0_0.0With_background1num8.dat BFGS         1.0e-04 0 1 1 0     NFW      360.0000  -0.0000     -1.969 0.217 141   1.23   93.1       -3640.539       -7252.084   820 360.0000  -0.0000     -1.969 0.217 141   1.23    0.360
2018-05-16-14:06:44 1.15  Mocks_Mamon/MockNFW1280ellip0.5loga-2.08PA50center0.0_0.0With_background1num9.dat BFGS         1.0e-04 0 1 1 0     NFW        0.0000   0.0000     -1.972 0.195  35   1.24   93.8       -3725.359       -7421.738   820   0.0000   0.0000     -1.972 0.195  35   1.24    0.362
2018-05-16-14:06:44 1.15  Mocks_Mamon/MockNFW1280ellip0.5loga-2.08PA50center0.0_0.0With_background1num10.dat BFGS         1.0e-04 0 1 1 0     NFW      360.0000  -0.0000     -1.941 0.180  36   1.23   96.0        -3646.84       -7264.695   820 360.0000  -0.0000     -1.941 0.180  36   1.23    0.359
2018-05-16-14:06:44 1.15  Mocks_Mamon/MockNFW1280ellip0.5loga-2.08PA50center0.0_0.0With_background1num11.dat BFGS         1.0e-04 0 1 1 0     NFW        0.0000  -0.0000     -1.922 0.142 141   1.23   98.1       -3550.225       -7071.472   820   0.0000  -0.0000     -1.922 0.142 141   1.23    0.356
2018-05-16-14:06:44 1.15  Mocks_Mamon/MockNFW1280ellip0.5loga-2.08PA50center0.0_0.0With_background1num12.dat BFGS         1.0e-04 0 1 1 0     NFW      360.0000   0.0000     -1.850 0.169  39   1.25  113.6       -3813.226       -7597.456   820 360.0000   0.0000     -1.850 0.169  39   1.25    0.365
2018-05-16-14:06:44 1.15  Mocks_Mamon/MockNFW1280ellip0.5loga-2.08PA50center0.0_0.0With_background1num13.dat BFGS         1.0e-04 0 1 1 0     NFW      360.0000   0.0000     -1.879 0.205  44   1.22  101.3       -3459.277        -6889.52   820 360.0000   0.0000     -1.879 0.205  44   1.22    0.357
2018-05-16-14:06:44 1.15  Mocks_Mamon/MockNFW1280ellip0.5loga-2.08PA50center0.0_0.0With_background1num14.dat BFGS         1.0e-04 0 1 1 0     NFW      360.0000   0.0000     -1.956 0.193  38   1.23   95.3       -3638.244       -7247.508   820 360.0000   0.0000     -1.956 0.193  38   1.23    0.360
2018-05-16-14:06:44 1.15  Mocks_Mamon/MockNFW1280ellip0.5loga-2.08PA50center0.0_0.0With_background1num15.dat BFGS         1.0e-04 0 1 1 0     NFW      360.0000  -0.0000     -1.947 0.155  45   1.23   95.6       -3664.941       -7300.884   820 360.0000  -0.0000     -1.947 0.155  45   1.23    0.360
2018-05-16-14:06:44 1.15  Mocks_Mamon/MockNFW1280ellip0.5loga-2.08PA50center0.0_0.0With_background1num16.dat BFGS         1.0e-04 0 1 1 0     NFW        0.0000  -0.0000     -1.890 0.267 135   1.23  103.1       -3553.687       -7078.409   820   0.0000  -0.0000     -1.890 0.267 135   1.23    0.360
2018-05-16-14:06:44 1.15  Mocks_Mamon/MockNFW1280ellip0.5loga-2.08PA50center0.0_0.0With_background1num17.dat BFGS         1.0e-04 0 1 1 0     NFW      360.0000  -0.0000     -1.952 0.117  45   1.24   96.2        -3721.99       -7414.958   820 360.0000  -0.0000     -1.952 0.117  45   1.24    0.359
2018-05-16-14:06:44 1.15  Mocks_Mamon/MockNFW1280ellip0.5loga-2.08PA50center0.0_0.0With_background1num18.dat BFGS         1.0e-04 0 1 1 0     NFW        0.0000   0.0000     -1.943 0.205  31   1.23   96.3       -3697.457       -7365.929   820   0.0000   0.0000     -1.943 0.205  31   1.23    0.359
2018-05-16-14:06:44 1.15  Mocks_Mamon/MockNFW1280ellip0.5loga-2.08PA50center0.0_0.0With_background1num19.dat BFGS         1.0e-04 0 1 1 0     NFW        0.0000   0.0000     -1.938 0.152 143   1.21   93.0       -3399.429       -6769.896   820   0.0000   0.0000     -1.938 0.152 143   1.21    0.355
2018-05-16-14:06:44 1.15  Mocks_Mamon/MockNFW1280ellip0.5loga-2.08PA50center0.0_0.0With_background1num20.dat BFGS         1.0e-04 0 1 1 0     NFW        0.0000  -0.0000     -1.897 0.236  44   1.24  103.2       -3693.364       -7357.706   820   0.0000  -0.0000     -1.897 0.236  44   1.24    0.359
2018-05-16-14:06:44 1.15  Mocks_Mamon/MockNFW1280ellip0.5loga-2.08PA50center0.0_0.0With_background1num21.dat BFGS         1.0e-04 0 1 1 0     NFW        0.0000   0.0000     -1.927 0.144  35   1.24   99.6       -3704.033       -7379.065   820   0.0000   0.0000     -1.927 0.144  35   1.24    0.363
2018-05-16-14:06:44 1.15  Mocks_Mamon/MockNFW1280ellip0.5loga-2.08PA50center0.0_0.0With_background1num22.dat BFGS         1.0e-04 0 1 1 0     NFW      360.0000  -0.0000     -1.957 0.192  37   1.22   92.3       -3596.314       -7163.635   820 360.0000  -0.0000     -1.957 0.192  37   1.22    0.358
2018-05-16-14:06:44 1.15  Mocks_Mamon/MockNFW1280ellip0.5loga-2.08PA50center0.0_0.0With_background1num23.dat BFGS         1.0e-04 0 1 1 0     NFW      359.9999  -0.0000     -1.853 0.279  42   1.23  106.6       -3548.665       -7068.339   820 359.9999  -0.0000     -1.853 0.279  42   1.23    0.358
2018-05-16-14:06:44 1.15  Mocks_Mamon/MockNFW1280ellip0.5loga-2.08PA50center0.0_0.0With_background1num24.dat BFGS         1.0e-04 0 1 1 0     NFW      360.0000   0.0000     -1.881 0.222  39   1.25  107.7       -3755.677       -7482.321   820 360.0000   0.0000     -1.881 0.222  39   1.25    0.363
2018-05-16-14:06:44 1.15  Mocks_Mamon/MockNFW1280ellip0.5loga-2.08PA50center0.0_0.0With_background1num25.dat BFGS         1.0e-04 0 1 1 0     NFW        0.0000  -0.0000     -1.895 0.186  36   1.21   98.3       -3444.766       -6860.538   820   0.0000  -0.0000     -1.895 0.186  36   1.21    0.355
2018-05-16-14:06:44 1.15  Mocks_Mamon/MockNFW1280ellip0.5loga-2.08PA50center0.0_0.0With_background1num26.dat BFGS         1.0e-04 0 1 1 0     NFW        0.0000   0.0000     -1.966 0.221 136   1.23   94.0       -3652.774       -7276.562   820   0.0000   0.0000     -1.966 0.221 136   1.23    0.357
2018-05-16-14:06:44 1.15  Mocks_Mamon/MockNFW1280ellip0.5loga-2.08PA50center0.0_0.0With_background1num27.dat BFGS         1.0e-04 0 1 1 0     NFW      360.0000   0.0000     -1.842 0.212  40   1.24  112.5       -3711.619       -7394.276   820 360.0000   0.0000     -1.842 0.212  40   1.24    0.363
2018-05-16-14:06:44 1.15  Mocks_Mamon/MockNFW1280ellip0.5loga-2.08PA50center0.0_0.0With_background1num28.dat BFGS         1.0e-04 0 1 1 0     NFW      360.0000   0.0000     -1.859 0.241  35   1.24  110.5       -3763.144       -7497.269   820 360.0000   0.0000     -1.859 0.241  35   1.24    0.364
2018-05-16-14:06:44 1.15  Mocks_Mamon/MockNFW1280ellip0.5loga-2.08PA50center0.0_0.0With_background1num29.dat BFGS         1.0e-04 0 1 1 0     NFW      360.0000   0.0000     -1.899 0.201  43   1.23  101.6       -3612.649       -7196.301   820 360.0000   0.0000     -1.899 0.201  43   1.23    0.359
2018-05-16-14:06:44 1.15  Mocks_Mamon/MockNFW1280ellip0.5loga-2.08PA50center0.0_0.0With_background1num30.dat BFGS         1.0e-04 0 1 1 0     NFW        0.0000  -0.0000     -1.934 0.154  41   1.24   98.6       -3694.191       -7359.356   820   0.0000  -0.0000     -1.934 0.154  41   1.24    0.361
2018-05-16-14:06:44 1.15  Mocks_Mamon/MockNFW1280ellip0.5loga-2.08PA50center0.0_0.0With_background1num31.dat BFGS         1.0e-04 0 1 1 0     NFW      359.9999  -0.0000     -1.926 0.231  34   1.23   97.5       -3619.796       -7210.638   820 359.9999  -0.0000     -1.926 0.231  34   1.23    0.358
2018-05-16-14:06:44 1.15  Mocks_Mamon/MockNFW1280ellip0.5loga-2.08PA50center0.0_0.0With_background1num32.dat BFGS         1.0e-04 0 1 1 0     NFW        0.0000   0.0000     -1.997 0.201  32   1.21   86.9       -3526.698       -7024.394   820   0.0000   0.0000     -1.997 0.201  32   1.21    0.356
2018-05-16-14:06:44 1.15  Mocks_Mamon/MockNFW1280ellip0.5loga-2.08PA50center0.0_0.0With_background1num33.dat BFGS         1.0e-04 0 1 1 0     NFW        0.0000  -0.0000     -1.910 0.134  22   1.23  100.6       -3613.942       -7198.873   820   0.0000  -0.0000     -1.910 0.134  22   1.23    0.361
2018-05-16-14:06:44 1.15  Mocks_Mamon/MockNFW1280ellip0.5loga-2.08PA50center0.0_0.0With_background1num34.dat BFGS         1.0e-04 0 1 1 0     NFW        0.0000  -0.0000     -1.972 0.165  44   1.21   89.3       -3564.215       -7099.494   820   0.0000  -0.0000     -1.972 0.165  44   1.21    0.355
2018-05-16-14:06:44 1.15  Mocks_Mamon/MockNFW1280ellip0.5loga-2.08PA50center0.0_0.0With_background1num35.dat BFGS         1.0e-04 0 1 1 0     NFW        0.0000   0.0000     -1.881 0.202  44   1.24  105.1       -3653.231        -7277.45   820   0.0000   0.0000     -1.881 0.202  44   1.24    0.359
2018-05-16-14:06:44 1.15  Mocks_Mamon/MockNFW1280ellip0.5loga-2.08PA50center0.0_0.0With_background1num36.dat BFGS         1.0e-04 0 1 1 0     NFW        0.0000  -0.0000     -1.932 0.177 136   1.22   95.4        -3483.54       -6938.058   820   0.0000  -0.0000     -1.932 0.177 136   1.22    0.358
2018-05-16-14:06:44 1.15  Mocks_Mamon/MockNFW1280ellip0.5loga-2.08PA50center0.0_0.0With_background1num37.dat BFGS         1.0e-04 0 1 1 0     NFW      360.0000   0.0000     -1.936 0.187  44   1.22   94.3       -3473.611       -6918.217   820 360.0000   0.0000     -1.936 0.187  44   1.22    0.357
2018-05-16-14:06:44 1.15  Mocks_Mamon/MockNFW1280ellip0.5loga-2.08PA50center0.0_0.0With_background1num38.dat BFGS         1.0e-04 0 1 1 0     NFW        0.0000   0.0000     -1.959 0.185  38   1.22   92.4       -3566.388       -7103.756   820   0.0000   0.0000     -1.959 0.185  38   1.22    0.357
2018-05-16-14:06:44 1.15  Mocks_Mamon/MockNFW1280ellip0.5loga-2.08PA50center0.0_0.0With_background1num39.dat BFGS         1.0e-04 0 1 1 0     NFW        0.0000   0.0000     -1.931 0.194  43   1.24   99.6       -3806.741        -7584.46   820   0.0000   0.0000     -1.931 0.194  43   1.24    0.361
2018-05-16-14:06:44 1.15  Mocks_Mamon/MockNFW1280ellip0.5loga-2.08PA50center0.0_0.0With_background1num40.dat BFGS         1.0e-04 0 1 1 0     NFW        0.0000  -0.0000     -1.857 0.141  36   1.24  109.2        -3634.47       -7239.928   820   0.0000  -0.0000     -1.857 0.141  36   1.24    0.361
2018-05-16-14:06:44 1.15  Mocks_Mamon/MockNFW1280ellip0.5loga-2.08PA50center0.0_0.0With_background1num41.dat BFGS         1.0e-04 0 1 1 0     NFW      360.0000  -0.0000     -1.946 0.243  35   1.24   97.8       -3780.384       -7531.753   820 360.0000  -0.0000     -1.946 0.243  35   1.24    0.361
2018-05-16-14:06:44 1.15  Mocks_Mamon/MockNFW1280ellip0.5loga-2.08PA50center0.0_0.0With_background1num42.dat BFGS         1.0e-04 0 1 1 0     NFW      360.0000  -0.0000     -1.918 0.169  40   1.23   99.9       -3621.411       -7213.873   820 360.0000  -0.0000     -1.918 0.169  40   1.23    0.360
2018-05-16-14:06:44 1.15  Mocks_Mamon/MockNFW1280ellip0.5loga-2.08PA50center0.0_0.0With_background1num43.dat BFGS         1.0e-04 0 1 1 0     NFW      360.0000  -0.0000     -1.922 0.175  42   1.23   98.0        -3609.88       -7190.764   820 360.0000  -0.0000     -1.922 0.175  42   1.23    0.357
2018-05-16-14:06:44 1.15  Mocks_Mamon/MockNFW1280ellip0.5loga-2.08PA50center0.0_0.0With_background1num44.dat BFGS         1.0e-04 0 1 1 0     NFW      360.0000  -0.0000     -1.890 0.115 139   1.24  104.6       -3666.974       -7304.975   820 360.0000  -0.0000     -1.890 0.115 139   1.24    0.361
2018-05-16-14:06:44 1.15  Mocks_Mamon/MockNFW1280ellip0.5loga-2.08PA50center0.0_0.0With_background1num45.dat BFGS         1.0e-04 0 1 1 0     NFW        0.0000  -0.0000     -1.922 0.175  40   1.25  103.2       -3892.839        -7756.65   820   0.0000  -0.0000     -1.922 0.175  40   1.25    0.365
2018-05-16-14:06:44 1.15  Mocks_Mamon/MockNFW1280ellip0.5loga-2.08PA50center0.0_0.0With_background1num46.dat BFGS         1.0e-04 0 1 1 0     NFW        0.0000   0.0000     -1.985 0.101  36   1.22   88.8       -3540.689       -7052.375   820   0.0000   0.0000     -1.985 0.101  36   1.22    0.353
2018-05-16-14:06:44 1.15  Mocks_Mamon/MockNFW1280ellip0.5loga-2.08PA50center0.0_0.0With_background1num47.dat BFGS         1.0e-04 0 1 1 0     NFW      360.0000  -0.0000     -1.975 0.121 139   1.22   90.6       -3632.843       -7236.694   820 360.0000  -0.0000     -1.975 0.121 139   1.22    0.358
2018-05-16-14:06:44 1.15  Mocks_Mamon/MockNFW1280ellip0.5loga-2.08PA50center0.0_0.0With_background1num48.dat BFGS         1.0e-04 0 1 1 0     NFW        0.0000  -0.0001     -1.850 0.135 137   1.24  111.6       -3679.546       -7330.092   820   0.0000  -0.0001     -1.850 0.135 137   1.24    0.364
2018-05-16-14:06:44 1.15  Mocks_Mamon/MockNFW1280ellip0.5loga-2.08PA50center0.0_0.0With_background1num49.dat BFGS         1.0e-04 0 1 1 0     NFW        0.0000   0.0000     -1.993 0.143  45   1.24   92.1       -3805.898        -7582.76   820   0.0000   0.0000     -1.993 0.143  45   1.24    0.359
2018-05-16-14:06:44 1.15  Mocks_Mamon/MockNFW1280ellip0.5loga-2.08PA50center0.0_0.0With_background1num50.dat BFGS         1.0e-04 0 1 1 0     NFW      360.0000  -0.0000     -1.897 0.234  37   1.24  104.0         -3736.1       -7443.215   820 360.0000  -0.0000     -1.897 0.234  37   1.24    0.361
2018-05-16-14:06:44 1.15  Mocks_Mamon/MockNFW1280ellip0.5loga-2.08PA50center0.0_0.0With_background1num51.dat BFGS         1.0e-04 0 1 1 0     NFW      360.0000  -0.0000     -2.028 0.157  42   1.22   84.3       -3590.526       -7152.064   820 360.0000  -0.0000     -2.028 0.157  42   1.22    0.355
2018-05-16-14:06:44 1.15  Mocks_Mamon/MockNFW1280ellip0.5loga-2.08PA50center0.0_0.0With_background1num52.dat BFGS         1.0e-04 0 1 1 0     NFW        0.0000   0.0000     -1.892 0.096  40   1.24  105.0       -3704.808       -7380.631   820   0.0000   0.0000     -1.892 0.096  40   1.24    0.360
2018-05-16-14:06:44 1.15  Mocks_Mamon/MockNFW1280ellip0.5loga-2.08PA50center0.0_0.0With_background1num53.dat BFGS         1.0e-04 0 1 1 0     NFW        0.0000  -0.0000     -1.900 0.203  39   1.22   98.3       -3504.131         -6979.3   820   0.0000  -0.0000     -1.900 0.203  39   1.22    0.356
2018-05-16-14:06:44 1.15  Mocks_Mamon/MockNFW1280ellip0.5loga-2.08PA50center0.0_0.0With_background1num54.dat BFGS         1.0e-04 0 1 1 0     NFW      360.0000   0.0000     -1.938 0.160  37   1.22   95.8       -3609.927       -7190.869   820 360.0000   0.0000     -1.938 0.160  37   1.22    0.359
2018-05-16-14:06:44 1.15  Mocks_Mamon/MockNFW1280ellip0.5loga-2.08PA50center0.0_0.0With_background1num55.dat BFGS         1.0e-04 0 1 1 0     NFW        0.0000   0.0001     -1.933 0.219  41   1.23   96.5       -3594.539       -7160.071   820   0.0000   0.0001     -1.933 0.219  41   1.23    0.357
2018-05-16-14:06:44 1.15  Mocks_Mamon/MockNFW1280ellip0.5loga-2.08PA50center0.0_0.0With_background1num56.dat BFGS         1.0e-04 0 1 1 0     NFW        0.0000   0.0000     -1.922 0.141 135   1.23   98.6       -3516.617       -7004.243   820   0.0000   0.0000     -1.922 0.141 135   1.23    0.358
2018-05-16-14:06:44 1.15  Mocks_Mamon/MockNFW1280ellip0.5loga-2.08PA50center0.0_0.0With_background1num57.dat BFGS         1.0e-04 0 1 1 0     NFW        0.0000   0.0000     -1.915 0.155  36   1.23   99.9       -3627.703       -7226.394   820   0.0000   0.0000     -1.915 0.155  36   1.23    0.361
2018-05-16-14:06:44 1.15  Mocks_Mamon/MockNFW1280ellip0.5loga-2.08PA50center0.0_0.0With_background1num58.dat BFGS         1.0e-04 0 1 1 0     NFW        0.0000  -0.0000     -1.912 0.209 141   1.21   96.3       -3443.313        -6857.69   820   0.0000  -0.0000     -1.912 0.209 141   1.21    0.354
2018-05-16-14:06:44 1.15  Mocks_Mamon/MockNFW1280ellip0.5loga-2.08PA50center0.0_0.0With_background1num59.dat BFGS         1.0e-04 0 1 1 0     NFW      360.0000  -0.0000     -1.964 0.147  36   1.22   92.7        -3605.75       -7182.484   820 360.0000  -0.0000     -1.964 0.147  36   1.22    0.359
2018-05-16-14:06:44 1.15  Mocks_Mamon/MockNFW1280ellip0.5loga-2.08PA50center0.0_0.0With_background1num60.dat BFGS         1.0e-04 0 1 1 0     NFW      360.0000  -0.0000     -1.918 0.202  37   1.23   98.9       -3584.168        -7139.33   820 360.0000  -0.0000     -1.918 0.202  37   1.23    0.360
2018-05-16-14:06:44 1.15  Mocks_Mamon/MockNFW1280ellip0.5loga-2.08PA50center0.0_0.0With_background1num61.dat BFGS         1.0e-04 0 1 1 0     NFW      360.0000  -0.0000     -1.910 0.170 140   1.24  102.4       -3699.041       -7369.063   820 360.0000  -0.0000     -1.910 0.170 140   1.24    0.360
2018-05-16-14:06:44 1.15  Mocks_Mamon/MockNFW1280ellip0.5loga-2.08PA50center0.0_0.0With_background1num62.dat BFGS         1.0e-04 0 1 1 0     NFW        0.0000   0.0000     -1.981 0.223  42   1.21   88.7       -3618.478       -7207.985   820   0.0000   0.0000     -1.981 0.223  42   1.21    0.356
2018-05-16-14:06:44 1.15  Mocks_Mamon/MockNFW1280ellip0.5loga-2.08PA50center0.0_0.0With_background1num63.dat BFGS         1.0e-04 0 1 1 0     NFW      360.0000  -0.0001     -1.941 0.096  35   1.23   96.9       -3678.053       -7327.095   820 360.0000  -0.0001     -1.941 0.096  35   1.23    0.360
2018-05-16-14:06:44 1.15  Mocks_Mamon/MockNFW1280ellip0.5loga-2.08PA50center0.0_0.0With_background1num64.dat BFGS         1.0e-04 0 1 1 0     NFW        0.0000   0.0000     -1.989 0.196  41   1.23   90.4       -3686.278       -7343.539   820   0.0000   0.0000     -1.989 0.196  41   1.23    0.357
2018-05-16-14:06:44 1.15  Mocks_Mamon/MockNFW1280ellip0.5loga-2.08PA50center0.0_0.0With_background1num65.dat BFGS         1.0e-04 0 1 1 0     NFW      360.0000  -0.0000     -1.904 0.155  31   1.24  104.4       -3727.862       -7426.728   820 360.0000  -0.0000     -1.904 0.155  31   1.24    0.362
2018-05-16-14:06:44 1.15  Mocks_Mamon/MockNFW1280ellip0.5loga-2.08PA50center0.0_0.0With_background1num66.dat BFGS         1.0e-04 0 1 1 0     NFW        0.0001   0.0001     -1.935 0.194 135   1.22   94.7       -3462.297       -6895.615   820   0.0001   0.0001     -1.935 0.194 135   1.22    0.357
2018-05-16-14:06:44 1.15  Mocks_Mamon/MockNFW1280ellip0.5loga-2.08PA50center0.0_0.0With_background1num67.dat BFGS         1.0e-04 0 1 1 0     NFW        0.0001   0.0000     -1.935 0.169  38   1.24   99.6       -3775.853       -7522.675   820   0.0001   0.0000     -1.935 0.169  38   1.24    0.360
2018-05-16-14:06:44 1.15  Mocks_Mamon/MockNFW1280ellip0.5loga-2.08PA50center0.0_0.0With_background1num68.dat BFGS         1.0e-04 0 1 1 0     NFW        0.0000   0.0000     -1.842 0.234  33   1.23  109.4       -3561.812        -7094.63   820   0.0000   0.0000     -1.842 0.234  33   1.23    0.359
2018-05-16-14:06:44 1.15  Mocks_Mamon/MockNFW1280ellip0.5loga-2.08PA50center0.0_0.0With_background1num69.dat BFGS         1.0e-04 0 1 1 0     NFW        0.0000  -0.0000     -1.933 0.161  36   1.22   95.2       -3529.362       -7029.765   820   0.0000  -0.0000     -1.933 0.161  36   1.22    0.357
2018-05-16-14:06:44 1.15  Mocks_Mamon/MockNFW1280ellip0.5loga-2.08PA50center0.0_0.0With_background1num70.dat BFGS         1.0e-04 0 1 1 0     NFW      360.0000   0.0000     -1.942 0.179 137   1.23   96.1       -3568.873       -7108.766   820 360.0000   0.0000     -1.942 0.179 137   1.23    0.357
2018-05-16-14:06:44 1.15  Mocks_Mamon/MockNFW1280ellip0.5loga-2.08PA50center0.0_0.0With_background1num71.dat BFGS         1.0e-04 0 1 1 0     NFW      360.0000  -0.0000     -1.972 0.190  31   1.21   87.6       -3447.609       -6866.241   820 360.0000  -0.0000     -1.972 0.190  31   1.21    0.355
2018-05-16-14:06:44 1.15  Mocks_Mamon/MockNFW1280ellip0.5loga-2.08PA50center0.0_0.0With_background1num72.dat BFGS         1.0e-04 0 1 1 0     NFW      360.0000  -0.0001     -1.955 0.267  32   1.24   97.0       -3819.504        -7610.02   820 360.0000  -0.0001     -1.955 0.267  32   1.24    0.364
2018-05-16-14:06:44 1.15  Mocks_Mamon/MockNFW1280ellip0.5loga-2.08PA50center0.0_0.0With_background1num73.dat BFGS         1.0e-04 0 1 1 0     NFW      360.0000  -0.0000     -2.003 0.156  42   1.22   88.2       -3591.692       -7154.355   820 360.0000  -0.0000     -2.003 0.156  42   1.22    0.356
2018-05-16-14:06:44 1.15  Mocks_Mamon/MockNFW1280ellip0.5loga-2.08PA50center0.0_0.0With_background1num74.dat BFGS         1.0e-04 0 1 1 0     NFW      360.0000  -0.0000     -1.973 0.133  37   1.23   92.6         -3655.4       -7281.774   820 360.0000  -0.0000     -1.973 0.133  37   1.23    0.359
2018-05-16-14:06:44 1.15  Mocks_Mamon/MockNFW1280ellip0.5loga-2.08PA50center0.0_0.0With_background1num75.dat BFGS         1.0e-04 0 1 1 0     NFW      360.0000   0.0000     -1.880 0.192  36   1.22  102.6       -3561.717       -7094.448   820 360.0000   0.0000     -1.880 0.192  36   1.22    0.357
2018-05-16-14:06:44 1.15  Mocks_Mamon/MockNFW1280ellip0.5loga-2.08PA50center0.0_0.0With_background1num76.dat BFGS         1.0e-04 0 1 1 0     NFW        0.0000  -0.0000     -1.886 0.227  37   1.24  104.7       -3690.068       -7351.141   820   0.0000  -0.0000     -1.886 0.227  37   1.24    0.360
2018-05-16-14:06:44 1.15  Mocks_Mamon/MockNFW1280ellip0.5loga-2.08PA50center0.0_0.0With_background1num77.dat BFGS         1.0e-04 0 1 1 0     NFW        0.0000  -0.0000     -1.897 0.188  37   1.23  101.9       -3623.119       -7217.295   820   0.0000  -0.0000     -1.897 0.188  37   1.23    0.359
2018-05-16-14:06:44 1.15  Mocks_Mamon/MockNFW1280ellip0.5loga-2.08PA50center0.0_0.0With_background1num78.dat BFGS         1.0e-04 0 1 1 0     NFW      360.0000  -0.0001     -1.885 0.215  43   1.23  102.8       -3550.806       -7072.656   820 360.0000  -0.0001     -1.885 0.215  43   1.23    0.358
2018-05-16-14:06:44 1.15  Mocks_Mamon/MockNFW1280ellip0.5loga-2.08PA50center0.0_0.0With_background1num79.dat BFGS         1.0e-04 0 1 1 0     NFW      359.9999  -0.0000     -1.886 0.257 140   1.23  103.7       -3516.702       -7004.387   820 359.9999  -0.0000     -1.886 0.257 140   1.23    0.359
2018-05-16-14:06:44 1.15  Mocks_Mamon/MockNFW1280ellip0.5loga-2.08PA50center0.0_0.0With_background1num80.dat BFGS         1.0e-04 0 1 1 0     NFW        0.0000   0.0000     -1.910 0.225  35   1.24  102.3       -3778.836       -7528.661   820   0.0000   0.0000     -1.910 0.225  35   1.24    0.362
2018-05-16-14:06:44 1.15  Mocks_Mamon/MockNFW1280ellip0.5loga-2.08PA50center0.0_0.0With_background1num81.dat BFGS         1.0e-04 0 1 1 0     NFW        0.0000   0.0000     -1.894 0.248  43   1.23  102.8       -3703.375       -7377.764   820   0.0000   0.0000     -1.894 0.248  43   1.23    0.360
2018-05-16-14:06:44 1.15  Mocks_Mamon/MockNFW1280ellip0.5loga-2.08PA50center0.0_0.0With_background1num82.dat BFGS         1.0e-04 0 1 1 0     NFW        0.0000   0.0000     -1.947 0.156  37   1.23   95.7       -3683.912       -7338.845   820   0.0000   0.0000     -1.947 0.156  37   1.23    0.360
2018-05-16-14:06:44 1.15  Mocks_Mamon/MockNFW1280ellip0.5loga-2.08PA50center0.0_0.0With_background1num83.dat BFGS         1.0e-04 0 1 1 0     NFW        0.0000  -0.0000     -1.875 0.211  33   1.23  105.2       -3612.064       -7195.129   820   0.0000  -0.0000     -1.875 0.211  33   1.23    0.361
2018-05-16-14:06:44 1.15  Mocks_Mamon/MockNFW1280ellip0.5loga-2.08PA50center0.0_0.0With_background1num84.dat BFGS         1.0e-04 0 1 1 0     NFW        0.0000  -0.0000     -1.960 0.206 139   1.22   91.6       -3486.146       -6943.337   820   0.0000  -0.0000     -1.960 0.206 139   1.22    0.357
2018-05-16-14:06:44 1.15  Mocks_Mamon/MockNFW1280ellip0.5loga-2.08PA50center0.0_0.0With_background1num85.dat BFGS         1.0e-04 0 1 1 0     NFW        0.0000   0.0000     -2.005 0.194  37   1.21   85.8       -3514.848       -7000.724   820   0.0000   0.0000     -2.005 0.194  37   1.21    0.354
2018-05-16-14:06:44 1.15  Mocks_Mamon/MockNFW1280ellip0.5loga-2.08PA50center0.0_0.0With_background1num86.dat BFGS         1.0e-04 0 1 1 0     NFW        0.0000  -0.0000     -1.970 0.197 139   1.21   87.8       -3349.364       -6669.691   820   0.0000  -0.0000     -1.970 0.197 139   1.21    0.354
2018-05-16-14:06:44 1.15  Mocks_Mamon/MockNFW1280ellip0.5loga-2.08PA50center0.0_0.0With_background1num87.dat BFGS         1.0e-04 0 1 1 0     NFW      360.0000  -0.0000     -1.908 0.185  40   1.24  102.0       -3682.832       -7336.673   820 360.0000  -0.0000     -1.908 0.185  40   1.24    0.361
2018-05-16-14:06:44 1.15  Mocks_Mamon/MockNFW1280ellip0.5loga-2.08PA50center0.0_0.0With_background1num88.dat BFGS         1.0e-04 0 1 1 0     NFW      360.0000  -0.0000     -1.918 0.227  35   1.23   99.6       -3656.587       -7284.146   820 360.0000  -0.0000     -1.918 0.227  35   1.23    0.360
2018-05-16-14:06:44 1.15  Mocks_Mamon/MockNFW1280ellip0.5loga-2.08PA50center0.0_0.0With_background1num89.dat BFGS         1.0e-04 0 1 1 0     NFW      360.0000  -0.0000     -1.861 0.185  35   1.24  109.6       -3690.339       -7351.662   820 360.0000  -0.0000     -1.861 0.185  35   1.24    0.363
2018-05-16-14:06:44 1.15  Mocks_Mamon/MockNFW1280ellip0.5loga-2.08PA50center0.0_0.0With_background1num90.dat BFGS         1.0e-04 0 1 1 0     NFW      360.0000   0.0000     -1.990 0.189  30   1.21   87.4       -3515.482       -7001.942   820 360.0000   0.0000     -1.990 0.189  30   1.21    0.354
2018-05-16-14:06:44 1.15  Mocks_Mamon/MockNFW1280ellip0.5loga-2.08PA50center0.0_0.0With_background1num91.dat BFGS         1.0e-04 0 1 1 0     NFW      359.9999  -0.0000     -1.871 0.160  40   1.26  112.6       -3859.938        -7690.86   820 359.9999  -0.0000     -1.871 0.160  40   1.26    0.366
2018-05-16-14:06:44 1.15  Mocks_Mamon/MockNFW1280ellip0.5loga-2.08PA50center0.0_0.0With_background1num92.dat BFGS         1.0e-04 0 1 1 0     NFW        0.0000  -0.0000     -1.998 0.183  37   1.22   87.7       -3584.711       -7140.411   820   0.0000  -0.0000     -1.998 0.183  37   1.22    0.356
2018-05-16-14:06:44 1.15  Mocks_Mamon/MockNFW1280ellip0.5loga-2.08PA50center0.0_0.0With_background1num93.dat BFGS         1.0e-04 0 1 1 0     NFW      360.0000   0.0000     -1.924 0.183 149   1.23   98.1       -3637.929       -7246.881   820 360.0000   0.0000     -1.924 0.183 149   1.23    0.360
2018-05-16-14:06:44 1.15  Mocks_Mamon/MockNFW1280ellip0.5loga-2.08PA50center0.0_0.0With_background1num94.dat BFGS         1.0e-04 0 1 1 0     NFW      360.0000  -0.0000     -1.952 0.220  43   1.22   92.6       -3587.862       -7146.796   820 360.0000  -0.0000     -1.952 0.220  43   1.22    0.357
2018-05-16-14:06:44 1.15  Mocks_Mamon/MockNFW1280ellip0.5loga-2.08PA50center0.0_0.0With_background1num95.dat BFGS         1.0e-04 0 1 1 0     NFW      359.9999  -0.0000     -1.940 0.277  42   1.22   94.1       -3614.827       -7200.672   820 359.9999  -0.0000     -1.940 0.277  42   1.22    0.355
2018-05-16-14:06:44 1.15  Mocks_Mamon/MockNFW1280ellip0.5loga-2.08PA50center0.0_0.0With_background1num96.dat BFGS         1.0e-04 0 1 1 0     NFW        0.0000   0.0000     -1.937 0.173  41   1.24   99.2       -3660.646       -7292.276   820   0.0000   0.0000     -1.937 0.173  41   1.24    0.362
2018-05-16-14:06:44 1.15  Mocks_Mamon/MockNFW1280ellip0.5loga-2.08PA50center0.0_0.0With_background1num97.dat BFGS         1.0e-04 0 1 1 0     NFW        0.0000  -0.0000     -1.893 0.207  42   1.23  101.6       -3603.191       -7177.362   820   0.0000  -0.0000     -1.893 0.207  42   1.23    0.358
2018-05-16-14:06:44 1.15  Mocks_Mamon/MockNFW1280ellip0.5loga-2.08PA50center0.0_0.0With_background1num98.dat BFGS         1.0e-04 0 1 1 0     NFW      360.0000  -0.0000     -1.891 0.180  42   1.24  105.2       -3712.116       -7395.215   820 360.0000  -0.0000     -1.891 0.180  42   1.24    0.359
2018-05-16-14:06:44 1.15  Mocks_Mamon/MockNFW1280ellip0.5loga-2.08PA50center0.0_0.0With_background1num99.dat BFGS         1.0e-04 0 1 1 0     NFW      360.0000  -0.0000     -1.955 0.069 136   1.21   90.3       -3426.342       -6823.753   820 360.0000  -0.0000     -1.955 0.069 136   1.21    0.356
