2018-05-16-14:01:34 1.15  Mocks_Mamon/MockNFW160ellip0.5loga-2.08PA50center0.0_0.0With_background1num0.dat TNC          1.0e-04 0 1 1 0     NFW        0.0000   0.0000     -2.335 0.000   6   3.32    6.5       -736.2674       -1449.114   132   0.0000   0.0000     -1.085 0.109   6   0.62    0.590
2018-05-16-14:01:34 1.15  Mocks_Mamon/MockNFW160ellip0.5loga-2.08PA50center0.0_0.0With_background1num1.dat TNC          1.0e-04 0 1 1 0     NFW      360.0000  -0.0001     -1.376 0.007 178   0.69   62.6       -773.9884       -1524.545    23 360.0000  -0.0001     -1.030 0.030 178   0.66    0.102
2018-05-16-14:01:34 1.15  Mocks_Mamon/MockNFW160ellip0.5loga-2.08PA50center0.0_0.0With_background1num2.dat TNC          1.0e-04 0 1 1 0     NFW        0.0001  -0.0001     -2.407 0.000 148   3.48    3.1       -801.5695       -1579.696    46   0.0001  -0.0001     -1.130 0.054 149   0.65    0.215
2018-05-16-14:01:34 1.15  Mocks_Mamon/MockNFW160ellip0.5loga-2.08PA50center0.0_0.0With_background1num3.dat TNC          1.0e-04 0 1 1 0     NFW        0.0002   0.0004     -2.575 0.000 172   3.53    1.9       -795.9382       -1568.399    67   0.0002   0.0004     -1.037 0.037 171   0.66    0.326
2018-05-16-14:01:34 1.15  Mocks_Mamon/MockNFW160ellip0.5loga-2.08PA50center0.0_0.0With_background1num4.dat TNC          1.0e-04 0 1 1 0     NFW      360.0000   0.0001     -2.490 0.000  16   3.54    2.0       -827.8201       -1632.186   122 360.0000   0.0001     -1.089 0.035  16   0.67    0.520
2018-05-16-14:01:34 1.15  Mocks_Mamon/MockNFW160ellip0.5loga-2.08PA50center0.0_0.0With_background1num5.dat TNC          1.0e-04 0 1 1 0     NFW      360.0000   0.0000     -1.658 0.202  42   0.92   37.4       -791.7591       -1560.087   111 360.0000   0.0000     -1.136 0.072  40   0.65    0.471
2018-05-16-14:01:34 1.15  Mocks_Mamon/MockNFW160ellip0.5loga-2.08PA50center0.0_0.0With_background1num6.dat TNC          1.0e-04 0 1 1 0     NFW        0.0003   0.0002     -1.517 0.055  19   0.70   45.5       -745.7431        -1468.02    35   0.0003   0.0002     -1.103 0.071  14   0.64    0.150
2018-05-16-14:01:34 1.15  Mocks_Mamon/MockNFW160ellip0.5loga-2.08PA50center0.0_0.0With_background1num7.dat TNC          1.0e-04 0 1 1 0     NFW      359.9999  -0.0002     -1.324 0.000   5   0.62   63.6       -705.0578       -1386.673    50 359.9999  -0.0002     -1.080 0.079   1   0.62    0.214
2018-05-16-14:01:34 1.15  Mocks_Mamon/MockNFW160ellip0.5loga-2.08PA50center0.0_0.0With_background1num8.dat TNC          1.0e-04 0 1 1 0     NFW        0.0000   0.0001     -2.575 0.000 142   3.53    2.0       -823.4058       -1623.334    87   0.0000   0.0001     -1.062 0.037 143   0.67    0.411
2018-05-16-14:01:34 1.15  Mocks_Mamon/MockNFW160ellip0.5loga-2.08PA50center0.0_0.0With_background1num9.dat TNC          1.0e-04 0 1 1 0     NFW      360.0000   0.0000     -1.295 0.000 166   0.86   70.8       -730.4657       -1437.443    52 360.0000   0.0000     -1.038 0.056 166   0.64    0.223
2018-05-16-14:01:34 1.15  Mocks_Mamon/MockNFW160ellip0.5loga-2.08PA50center0.0_0.0With_background1num10.dat TNC          1.0e-04 0 1 1 0     NFW      359.9998   0.0002     -1.356 0.000 157   3.03   45.1       -752.1745       -1480.917    23 359.9998   0.0002     -1.023 0.037 157   0.64    0.112
2018-05-16-14:01:34 1.15  Mocks_Mamon/MockNFW160ellip0.5loga-2.08PA50center0.0_0.0With_background1num11.dat TNC          1.0e-04 0 1 1 0     NFW        0.0001  -0.0000     -2.576 0.000 152   3.49    3.6       -867.5455       -1711.603    93   0.0001  -0.0000     -1.120 0.055 152   0.68    0.449
2018-05-16-14:01:34 1.15  Mocks_Mamon/MockNFW160ellip0.5loga-2.08PA50center0.0_0.0With_background1num12.dat TNC          1.0e-04 0 1 1 0     NFW      359.9999   0.0000     -2.576 0.000 154   3.53    2.2       -831.3275       -1639.178    57 359.9999   0.0000     -1.072 0.101 146   0.67    0.275
2018-05-16-14:01:34 1.15  Mocks_Mamon/MockNFW160ellip0.5loga-2.08PA50center0.0_0.0With_background1num13.dat TNC          1.0e-04 0 1 1 0     NFW      360.0000  -0.0001     -2.574 0.000 145   3.52    1.9       -793.2142       -1563.008    81 360.0000  -0.0001     -1.076 0.111 141   0.65    0.387
2018-05-16-14:01:34 1.15  Mocks_Mamon/MockNFW160ellip0.5loga-2.08PA50center0.0_0.0With_background1num14.dat TNC          1.0e-04 0 1 1 0     NFW        0.0000   0.0000     -2.574 0.000 147   3.52    2.1       -810.3908        -1597.35    77   0.0000   0.0000     -1.053 0.006 146   0.66    0.371
2018-05-16-14:01:34 1.15  Mocks_Mamon/MockNFW160ellip0.5loga-2.08PA50center0.0_0.0With_background1num15.dat TNC          1.0e-04 0 1 1 0     NFW        0.0000   0.0002     -2.575 0.000 140   3.53    2.4       -848.5715       -1673.666    58   0.0000   0.0002     -1.076 0.069 138   0.68    0.281
2018-05-16-14:01:34 1.15  Mocks_Mamon/MockNFW160ellip0.5loga-2.08PA50center0.0_0.0With_background1num16.dat TNC          1.0e-04 0 1 1 0     NFW      359.9999   0.0001     -2.509 0.000 173   3.56    1.2       -815.8233       -1608.203    57 359.9999   0.0001     -1.117 0.084 177   0.66    0.264
2018-05-16-14:01:34 1.15  Mocks_Mamon/MockNFW160ellip0.5loga-2.08PA50center0.0_0.0With_background1num17.dat TNC          1.0e-04 0 1 1 0     NFW        0.0000  -0.0000     -2.336 0.000 149   3.46    4.3       -817.9637        -1612.45    35   0.0000  -0.0000     -1.184 0.141 140   0.66    0.169
2018-05-16-14:01:34 1.15  Mocks_Mamon/MockNFW160ellip0.5loga-2.08PA50center0.0_0.0With_background1num18.dat TNC          1.0e-04 0 1 1 0     NFW        0.0006   0.0000     -2.012 0.418  10   3.40    7.3       -763.8523       -1504.239    66   0.0006   0.0000     -1.083 0.090   8   0.64    0.278
2018-05-16-14:01:34 1.15  Mocks_Mamon/MockNFW160ellip0.5loga-2.08PA50center0.0_0.0With_background1num19.dat TNC          1.0e-04 0 1 1 0     NFW      360.0000   0.0000     -1.176 0.000  18   0.66   96.1       -756.7788       -1490.114    50 360.0000   0.0000     -1.058 0.100   8   0.66    0.217
2018-05-16-14:01:34 1.15  Mocks_Mamon/MockNFW160ellip0.5loga-2.08PA50center0.0_0.0With_background1num20.dat TNC          1.0e-04 0 1 1 0     NFW        0.0001   0.0000     -2.482 0.000 171   3.42    4.2       -791.9431         -1560.5    50   0.0001   0.0000     -1.073 0.075 154   0.64    0.240
2018-05-16-14:01:34 1.15  Mocks_Mamon/MockNFW160ellip0.5loga-2.08PA50center0.0_0.0With_background1num21.dat TNC          1.0e-04 0 1 1 0     NFW      359.9998  -0.0001     -1.710 0.083  44   0.70   34.6       -790.4773       -1557.511    19 359.9998  -0.0001     -1.077 0.069  14   0.65    0.084
2018-05-16-14:01:34 1.15  Mocks_Mamon/MockNFW160ellip0.5loga-2.08PA50center0.0_0.0With_background1num22.dat TNC          1.0e-04 0 1 1 0     NFW      359.9998  -0.0000     -2.574 0.030   3   3.55    0.2       -741.6283       -1459.779    91 359.9998  -0.0000     -0.999 0.059  11   0.63    0.384
2018-05-16-14:01:34 1.15  Mocks_Mamon/MockNFW160ellip0.5loga-2.08PA50center0.0_0.0With_background1num23.dat TNC          1.0e-04 0 1 1 0     NFW        0.0001  -0.0000     -2.574 0.505  38   3.56    1.1       -803.5402       -1583.581   104   0.0001  -0.0000     -1.061 0.141  36   0.66    0.440
2018-05-16-14:01:34 1.15  Mocks_Mamon/MockNFW160ellip0.5loga-2.08PA50center0.0_0.0With_background1num24.dat TNC          1.0e-04 0 1 1 0     NFW      360.0000   0.0000     -2.574 0.501  58   3.46    3.1       -803.8412       -1584.262   107 360.0000   0.0000     -1.127 0.114  38   0.64    0.445
2018-05-16-14:01:34 1.15  Mocks_Mamon/MockNFW160ellip0.5loga-2.08PA50center0.0_0.0With_background1num25.dat TNC          1.0e-04 0 1 1 0     NFW      360.0000   0.0002     -2.489 0.255  56   3.49    1.7       -729.2426       -1435.031    67 360.0000   0.0002     -1.075 0.097  27   0.62    0.282
2018-05-16-14:01:34 1.15  Mocks_Mamon/MockNFW160ellip0.5loga-2.08PA50center0.0_0.0With_background1num26.dat TNC          1.0e-04 0 1 1 0     NFW      360.0000  -0.0000     -2.575 0.272  45   3.51    2.2       -800.2241       -1577.028    95 360.0000  -0.0000     -1.087 0.021  33   0.65    0.402
2018-05-16-14:01:34 1.15  Mocks_Mamon/MockNFW160ellip0.5loga-2.08PA50center0.0_0.0With_background1num27.dat TNC          1.0e-04 0 1 1 0     NFW      360.0000  -0.0002     -2.575 0.521  42   3.56    2.6       -924.4127       -1825.394   128 360.0000  -0.0002     -1.080 0.071  35   0.70    0.543
2018-05-16-14:01:34 1.15  Mocks_Mamon/MockNFW160ellip0.5loga-2.08PA50center0.0_0.0With_background1num28.dat TNC          1.0e-04 0 1 1 0     NFW        0.0001   0.0005     -2.576 0.000 157   3.46    3.3       -803.3874        -1583.32    37   0.0001   0.0005     -1.093 0.105 150   0.65    0.179
2018-05-16-14:01:34 1.15  Mocks_Mamon/MockNFW160ellip0.5loga-2.08PA50center0.0_0.0With_background1num29.dat TNC          1.0e-04 0 1 1 0     NFW        0.0000  -0.0000     -2.578 0.000 180   3.46    2.9       -782.6825       -1541.899    47   0.0000  -0.0000     -1.037 0.087 180   0.64    0.225
2018-05-16-14:01:34 1.15  Mocks_Mamon/MockNFW160ellip0.5loga-2.08PA50center0.0_0.0With_background1num30.dat TNC          1.0e-04 0 1 1 0     NFW      359.9998  -0.0000     -2.575 0.555  36   3.54    1.1       -782.2008       -1541.027   119 359.9998  -0.0000     -1.083 0.059  37   0.64    0.497
2018-05-16-14:01:34 1.15  Mocks_Mamon/MockNFW160ellip0.5loga-2.08PA50center0.0_0.0With_background1num31.dat TNC          1.0e-04 0 1 1 0     NFW        0.0001  -0.0001     -1.299 0.000 173   0.80   73.0       -764.9217       -1506.333    44   0.0001  -0.0001     -1.038 0.028 171   0.66    0.191
2018-05-16-14:01:34 1.15  Mocks_Mamon/MockNFW160ellip0.5loga-2.08PA50center0.0_0.0With_background1num32.dat TNC          1.0e-04 0 1 1 0     NFW      360.0000  -0.0000     -2.574 0.618  55   3.49    2.0       -776.9185        -1530.36   388 360.0000  -0.0000     -1.054 0.171  24   0.63    1.621
2018-05-16-14:01:34 1.15  Mocks_Mamon/MockNFW160ellip0.5loga-2.08PA50center0.0_0.0With_background1num33.dat TNC          1.0e-04 0 1 1 0     NFW      360.0000  -0.0000     -2.250 0.000 153   3.48    4.6       -819.2525       -1615.073    53 360.0000  -0.0000     -1.111 0.059 155   0.67    0.247
2018-05-16-14:01:34 1.15  Mocks_Mamon/MockNFW160ellip0.5loga-2.08PA50center0.0_0.0With_background1num34.dat TNC          1.0e-04 0 1 1 0     NFW        0.0005   0.0001     -2.574 0.540  48   3.49    1.8       -760.6047       -1497.778   131   0.0005   0.0001     -1.105 0.094  37   0.63    0.549
2018-05-16-14:01:34 1.15  Mocks_Mamon/MockNFW160ellip0.5loga-2.08PA50center0.0_0.0With_background1num35.dat TNC          1.0e-04 0 1 1 0     NFW        0.0001   0.0001     -2.350 0.594  50   3.52    2.5       -809.9777       -1596.535   305   0.0001   0.0001     -1.078 0.129  30   0.66    1.279
2018-05-16-14:01:34 1.15  Mocks_Mamon/MockNFW160ellip0.5loga-2.08PA50center0.0_0.0With_background1num36.dat TNC          1.0e-04 0 1 1 0     NFW      360.0000  -0.0001     -2.574 0.593  62   3.51    1.6       -782.5605       -1541.666   318 360.0000  -0.0001     -1.050 0.197  30   0.64    1.317
2018-05-16-14:01:34 1.15  Mocks_Mamon/MockNFW160ellip0.5loga-2.08PA50center0.0_0.0With_background1num37.dat TNC          1.0e-04 0 1 1 0     NFW        0.0001  -0.0000     -1.263 0.291  40   0.74   80.6       -784.0997       -1544.733    38   0.0001  -0.0000     -1.024 0.054  41   0.67    0.164
2018-05-16-14:01:34 1.15  Mocks_Mamon/MockNFW160ellip0.5loga-2.08PA50center0.0_0.0With_background1num38.dat TNC          1.0e-04 0 1 1 0     NFW      359.9998   0.0000     -2.575 0.584  43   3.51    2.1       -801.2491       -1579.078   102 359.9998   0.0000     -1.091 0.056  43   0.65    0.429
2018-05-16-14:01:34 1.15  Mocks_Mamon/MockNFW160ellip0.5loga-2.08PA50center0.0_0.0With_background1num39.dat TNC          1.0e-04 0 1 1 0     NFW      359.9996   0.0000     -2.577 0.591  33   3.52    1.6       -777.1902       -1530.903   154 359.9996   0.0000     -1.032 0.115  32   0.64    0.649
2018-05-16-14:01:34 1.15  Mocks_Mamon/MockNFW160ellip0.5loga-2.08PA50center0.0_0.0With_background1num40.dat TNC          1.0e-04 0 1 1 0     NFW        0.0000  -0.0001     -1.254 0.532  53   0.98   75.8       -740.2515       -1457.106    63   0.0000  -0.0001     -1.092 0.162  32   0.63    0.268
2018-05-16-14:01:34 1.15  Mocks_Mamon/MockNFW160ellip0.5loga-2.08PA50center0.0_0.0With_background1num41.dat TNC          1.0e-04 0 1 1 0     NFW        0.0000  -0.0001     -1.413 0.000 149   0.65   56.3       -747.7065        -1471.97    46   0.0000  -0.0001     -1.058 0.093 144   0.64    0.200
2018-05-16-14:01:34 1.15  Mocks_Mamon/MockNFW160ellip0.5loga-2.08PA50center0.0_0.0With_background1num42.dat TNC          1.0e-04 0 1 1 0     NFW      359.9999   0.0001     -2.281 0.000   3   3.49    2.5       -756.0731       -1488.703    58 359.9999   0.0001     -1.049 0.050   3   0.63    0.262
2018-05-16-14:01:34 1.15  Mocks_Mamon/MockNFW160ellip0.5loga-2.08PA50center0.0_0.0With_background1num43.dat TNC          1.0e-04 0 1 1 0     NFW      360.0000  -0.0004     -2.575 0.051 180   3.54    0.5       -725.6716       -1427.877   134 360.0000  -0.0004     -1.095 0.137 174   0.62    0.561
2018-05-16-14:01:34 1.15  Mocks_Mamon/MockNFW160ellip0.5loga-2.08PA50center0.0_0.0With_background1num44.dat TNC          1.0e-04 0 1 1 0     NFW      360.0000   0.0001     -2.575 0.000  37   3.47    2.4       -760.8827         -1498.3    70 360.0000   0.0001     -1.102 0.092   9   0.63    0.335
2018-05-16-14:01:34 1.15  Mocks_Mamon/MockNFW160ellip0.5loga-2.08PA50center0.0_0.0With_background1num45.dat TNC          1.0e-04 0 1 1 0     NFW        0.0000  -0.0000     -2.575 0.655  58   3.53    1.4        -795.252       -1567.027   168   0.0000  -0.0000     -1.083 0.154  27   0.65    0.702
2018-05-16-14:01:34 1.15  Mocks_Mamon/MockNFW160ellip0.5loga-2.08PA50center0.0_0.0With_background1num46.dat TNC          1.0e-04 0 1 1 0     NFW      359.9999   0.0002     -2.575 0.000 180   3.49    1.1       -689.9931       -1356.532   215 359.9999   0.0002     -1.030 0.112 155   0.60    0.924
2018-05-16-14:01:34 1.15  Mocks_Mamon/MockNFW160ellip0.5loga-2.08PA50center0.0_0.0With_background1num47.dat TNC          1.0e-04 0 1 1 0     NFW        0.0001   0.0001     -1.418 0.000 142   0.72   56.7       -762.5925       -1501.753    45   0.0001   0.0001     -1.063 0.087 141   0.65    0.196
2018-05-16-14:01:34 1.15  Mocks_Mamon/MockNFW160ellip0.5loga-2.08PA50center0.0_0.0With_background1num48.dat TNC          1.0e-04 0 1 1 0     NFW        0.0000  -0.0002     -2.218 0.612  64   3.46    4.6       -802.8149       -1582.175   289   0.0000  -0.0002     -1.074 0.182   7   0.65    1.203
2018-05-16-14:01:34 1.15  Mocks_Mamon/MockNFW160ellip0.5loga-2.08PA50center0.0_0.0With_background1num49.dat TNC          1.0e-04 0 1 1 0     NFW        0.0000  -0.0001     -2.575 0.000 154   3.52    2.3       -838.0893       -1652.747    61   0.0000  -0.0001     -1.086 0.084 148   0.67    0.291
2018-05-16-14:01:34 1.15  Mocks_Mamon/MockNFW160ellip0.5loga-2.08PA50center0.0_0.0With_background1num50.dat TNC          1.0e-04 0 1 1 0     NFW      360.0000   0.0002     -2.574 0.532  52   3.48    3.0       -827.5461       -1631.626   199 360.0000   0.0002     -1.098 0.164  30   0.65    0.836
2018-05-16-14:01:34 1.15  Mocks_Mamon/MockNFW160ellip0.5loga-2.08PA50center0.0_0.0With_background1num51.dat TNC          1.0e-04 0 1 1 0     NFW      360.0000   0.0000     -2.199 0.751  52   3.48    3.4       -776.0831       -1528.723   201 360.0000   0.0000     -1.093 0.167  36   0.64    0.840
2018-05-16-14:01:34 1.15  Mocks_Mamon/MockNFW160ellip0.5loga-2.08PA50center0.0_0.0With_background1num52.dat TNC          1.0e-04 0 1 1 0     NFW        0.0002   0.0001     -1.246 0.000 139   0.65   80.6       -750.7239       -1477.937    32   0.0002   0.0001     -1.071 0.119 138   0.65    0.141
2018-05-16-14:01:34 1.15  Mocks_Mamon/MockNFW160ellip0.5loga-2.08PA50center0.0_0.0With_background1num53.dat TNC          1.0e-04 0 1 1 0     NFW      359.9997  -0.0001     -1.360 0.000 157   0.65   62.9         -751.18       -1478.883    38 359.9997  -0.0001     -1.073 0.096 147   0.65    0.166
2018-05-16-14:01:34 1.15  Mocks_Mamon/MockNFW160ellip0.5loga-2.08PA50center0.0_0.0With_background1num54.dat TNC          1.0e-04 0 1 1 0     NFW        0.0001  -0.0001     -2.574 0.526  27   3.55    0.6        -758.458       -1493.428    87   0.0001  -0.0001     -1.067 0.148  25   0.63    0.367
2018-05-16-14:01:34 1.15  Mocks_Mamon/MockNFW160ellip0.5loga-2.08PA50center0.0_0.0With_background1num55.dat TNC          1.0e-04 0 1 1 0     NFW        0.0000  -0.0001     -1.540 0.308  65   0.82   43.9       -756.3894       -1489.324    90   0.0000  -0.0001     -1.020 0.105  21   0.64    0.383
2018-05-16-14:01:34 1.15  Mocks_Mamon/MockNFW160ellip0.5loga-2.08PA50center0.0_0.0With_background1num56.dat TNC          1.0e-04 0 1 1 0     NFW      359.9999  -0.0001     -2.574 0.478  56   3.50    4.1        -921.151       -1818.802   149 359.9999  -0.0001     -1.170 0.060  26   0.70    0.631
2018-05-16-14:01:34 1.15  Mocks_Mamon/MockNFW160ellip0.5loga-2.08PA50center0.0_0.0With_background1num57.dat TNC          1.0e-04 0 1 1 0     NFW        0.0001   0.0000     -1.466 0.061 180   0.73   52.8       -785.5547       -1547.621    54   0.0001   0.0000     -1.095 0.080 166   0.66    0.233
2018-05-16-14:01:34 1.15  Mocks_Mamon/MockNFW160ellip0.5loga-2.08PA50center0.0_0.0With_background1num58.dat TNC          1.0e-04 0 1 1 0     NFW        0.0001   0.0001     -1.597 0.037 174   0.71   41.5       -784.7786       -1546.046    40   0.0001   0.0001     -1.090 0.103 153   0.65    0.172
2018-05-16-14:01:34 1.15  Mocks_Mamon/MockNFW160ellip0.5loga-2.08PA50center0.0_0.0With_background1num59.dat TNC          1.0e-04 0 1 1 0     NFW      360.0000   0.0003     -2.575 0.013 180   3.55    2.9       -905.2592        -1787.03    72 360.0000   0.0003     -1.097 0.096 163   0.70    0.311
2018-05-16-14:01:34 1.15  Mocks_Mamon/MockNFW160ellip0.5loga-2.08PA50center0.0_0.0With_background1num60.dat TNC          1.0e-04 0 1 1 0     NFW        0.0003  -0.0001     -2.185 0.416  42   3.43    4.4       -738.3159       -1453.212   145   0.0003  -0.0001     -1.078 0.041  39   0.62    0.608
2018-05-16-14:01:34 1.15  Mocks_Mamon/MockNFW160ellip0.5loga-2.08PA50center0.0_0.0With_background1num61.dat TNC          1.0e-04 0 1 1 0     NFW        0.0001   0.0000     -2.416 0.000 171   3.52    2.2       -790.7239       -1558.016    60   0.0001   0.0000     -1.075 0.035 170   0.65    0.289
2018-05-16-14:01:34 1.15  Mocks_Mamon/MockNFW160ellip0.5loga-2.08PA50center0.0_0.0With_background1num62.dat TNC          1.0e-04 0 1 1 0     NFW      359.9999  -0.0007     -2.572 0.000  51   3.50    2.8       -831.9941       -1640.545    67 359.9999  -0.0007     -1.098 0.070  39   0.66    0.322
2018-05-16-14:01:34 1.15  Mocks_Mamon/MockNFW160ellip0.5loga-2.08PA50center0.0_0.0With_background1num63.dat TNC          1.0e-04 0 1 1 0     NFW        0.0001   0.0002     -2.364 0.000 171   3.41    6.0       -830.1401       -1636.814    62   0.0001   0.0002     -1.114 0.066 159   0.67    0.299
2018-05-16-14:01:34 1.15  Mocks_Mamon/MockNFW160ellip0.5loga-2.08PA50center0.0_0.0With_background1num64.dat TNC          1.0e-04 0 1 1 0     NFW        0.0001   0.0000     -2.574 0.000 142   3.41    4.2       -804.1183       -1584.771   116   0.0001   0.0000     -1.105 0.130 137   0.64    0.488
2018-05-16-14:01:34 1.15  Mocks_Mamon/MockNFW160ellip0.5loga-2.08PA50center0.0_0.0With_background1num65.dat TNC          1.0e-04 0 1 1 0     NFW      359.9998   0.0000     -2.507 0.000 138   3.49    2.4        -786.694       -1549.968    44 359.9998   0.0000     -1.046 0.045 138   0.64    0.214
2018-05-16-14:01:34 1.15  Mocks_Mamon/MockNFW160ellip0.5loga-2.08PA50center0.0_0.0With_background1num66.dat TNC          1.0e-04 0 1 1 0     NFW        0.0000   0.0001     -2.341 0.000 150   3.58    0.2       -796.2949       -1569.068    69   0.0000   0.0001     -1.112 0.059 153   0.66    0.325
2018-05-16-14:01:34 1.15  Mocks_Mamon/MockNFW160ellip0.5loga-2.08PA50center0.0_0.0With_background1num67.dat TNC          1.0e-04 0 1 1 0     NFW        0.0001   0.0001     -2.576 0.605  51   3.51    3.5       -922.1746       -1820.861   128   0.0001   0.0001     -1.127 0.060  35   0.69    0.547
2018-05-16-14:01:34 1.15  Mocks_Mamon/MockNFW160ellip0.5loga-2.08PA50center0.0_0.0With_background1num68.dat TNC          1.0e-04 0 1 1 0     NFW      359.9997  -0.0001     -2.522 0.000 146   3.54    2.6       -887.6058       -1751.734    47 359.9997  -0.0001     -1.112 0.078 149   0.69    0.233
2018-05-16-14:01:34 1.15  Mocks_Mamon/MockNFW160ellip0.5loga-2.08PA50center0.0_0.0With_background1num69.dat TNC          1.0e-04 0 1 1 0     NFW        0.0002  -0.0004     -1.435 0.000 142   3.02   41.8       -800.5633       -1577.649    45   0.0002  -0.0004     -1.135 0.040 144   0.67    0.212
2018-05-16-14:01:34 1.15  Mocks_Mamon/MockNFW160ellip0.5loga-2.08PA50center0.0_0.0With_background1num70.dat TNC          1.0e-04 0 1 1 0     NFW        0.0001  -0.0002     -2.575 0.000   1   3.50    2.9       -821.2231       -1618.992   133   0.0001  -0.0002     -1.086 0.134   2   0.67    0.589
2018-05-16-14:01:34 1.15  Mocks_Mamon/MockNFW160ellip0.5loga-2.08PA50center0.0_0.0With_background1num71.dat TNC          1.0e-04 0 1 1 0     NFW      359.9999  -0.0000     -2.576 0.535  44   3.50    2.6       -838.0142       -1652.585   158 359.9999  -0.0000     -1.079 0.016  11   0.66    0.664
2018-05-16-14:01:34 1.15  Mocks_Mamon/MockNFW160ellip0.5loga-2.08PA50center0.0_0.0With_background1num72.dat TNC          1.0e-04 0 1 1 0     NFW      359.9998   0.0001     -1.366 0.000 164   1.10   60.9       -741.2575       -1459.015    62 359.9998   0.0001     -1.074 0.108 149   0.64    0.268
2018-05-16-14:01:34 1.15  Mocks_Mamon/MockNFW160ellip0.5loga-2.08PA50center0.0_0.0With_background1num73.dat TNC          1.0e-04 0 1 1 0     NFW      360.0000  -0.0003     -2.576 0.000  22   3.48    4.1       -907.0706       -1790.653    51 360.0000  -0.0003     -1.091 0.063   7   0.69    0.244
2018-05-16-14:01:34 1.15  Mocks_Mamon/MockNFW160ellip0.5loga-2.08PA50center0.0_0.0With_background1num74.dat TNC          1.0e-04 0 1 1 0     NFW      359.9998  -0.0000     -2.575 0.338  61   3.50    2.4       -795.9345       -1568.437    91 359.9998  -0.0000     -1.093 0.050  28   0.65    0.384
2018-05-16-14:01:34 1.15  Mocks_Mamon/MockNFW160ellip0.5loga-2.08PA50center0.0_0.0With_background1num75.dat TNC          1.0e-04 0 1 1 0     NFW      360.0000   0.0002     -1.635 0.000 156   0.71   42.0        -849.985        -1676.47    42 360.0000   0.0002     -1.102 0.018 156   0.68    0.204
2018-05-16-14:01:34 1.15  Mocks_Mamon/MockNFW160ellip0.5loga-2.08PA50center0.0_0.0With_background1num76.dat TNC          1.0e-04 0 1 1 0     NFW      359.9998  -0.0001     -2.354 0.657  45   3.52    1.3       -748.5418       -1473.629   120 359.9998  -0.0001     -1.038 0.232  36   0.62    0.503
2018-05-16-14:01:34 1.15  Mocks_Mamon/MockNFW160ellip0.5loga-2.08PA50center0.0_0.0With_background1num77.dat TNC          1.0e-04 0 1 1 0     NFW        0.0000   0.0002     -2.574 0.000 161   3.54    1.9       -829.0518        -1634.66    51   0.0000   0.0002     -1.110 0.070 156   0.67    0.243
2018-05-16-14:01:34 1.15  Mocks_Mamon/MockNFW160ellip0.5loga-2.08PA50center0.0_0.0With_background1num78.dat TNC          1.0e-04 0 1 1 0     NFW      360.0000   0.0000     -2.574 0.480  28   3.60    0.3       -825.4104       -1627.378   130 360.0000   0.0000     -1.075 0.074  16   0.67    0.550
2018-05-16-14:01:34 1.15  Mocks_Mamon/MockNFW160ellip0.5loga-2.08PA50center0.0_0.0With_background1num79.dat TNC          1.0e-04 0 1 1 0     NFW        0.0000  -0.0001     -2.574 0.000 147   3.44    3.0       -759.1557       -1494.868    67   0.0000  -0.0001     -1.063 0.055 144   0.62    0.320
2018-05-16-14:01:34 1.15  Mocks_Mamon/MockNFW160ellip0.5loga-2.08PA50center0.0_0.0With_background1num80.dat TNC          1.0e-04 0 1 1 0     NFW      359.9999   0.0001     -1.342 0.000 134   0.65   65.9       -759.4053       -1495.367    50 359.9999   0.0001     -1.061 0.062 136   0.65    0.217
2018-05-16-14:01:34 1.15  Mocks_Mamon/MockNFW160ellip0.5loga-2.08PA50center0.0_0.0With_background1num81.dat TNC          1.0e-04 0 1 1 0     NFW      359.9999   0.0001     -2.575 0.546  51   3.47    3.8       -863.1097       -1702.742   225 359.9999   0.0001     -1.129 0.148  32   0.67    0.945
2018-05-16-14:01:34 1.15  Mocks_Mamon/MockNFW160ellip0.5loga-2.08PA50center0.0_0.0With_background1num82.dat TNC          1.0e-04 0 1 1 0     NFW        0.0000   0.0001     -1.347 0.000 146   0.61   59.2       -687.9699       -1352.566    44   0.0000   0.0001     -1.070 0.127 145   0.61    0.189
2018-05-16-14:01:34 1.15  Mocks_Mamon/MockNFW160ellip0.5loga-2.08PA50center0.0_0.0With_background1num83.dat TNC          1.0e-04 0 1 1 0     NFW        0.0000   0.0001     -2.575 0.000 177   3.55    0.8       -763.1755       -1502.863    94   0.0000   0.0001     -1.093 0.041 176   0.64    0.399
2018-05-16-14:01:34 1.15  Mocks_Mamon/MockNFW160ellip0.5loga-2.08PA50center0.0_0.0With_background1num84.dat TNC          1.0e-04 0 1 1 0     NFW      360.0000   0.0000     -2.359 0.000 136   3.51    2.8       -804.8513       -1586.328    40 360.0000   0.0000     -1.079 0.146 137   0.66    0.196
2018-05-16-14:01:34 1.15  Mocks_Mamon/MockNFW160ellip0.5loga-2.08PA50center0.0_0.0With_background1num85.dat TNC          1.0e-04 0 1 1 0     NFW      359.9999  -0.0000     -2.576 0.413  47   3.55    1.3       -815.1511       -1606.905    85 359.9999  -0.0000     -1.051 0.045  21   0.66    0.360
2018-05-16-14:01:34 1.15  Mocks_Mamon/MockNFW160ellip0.5loga-2.08PA50center0.0_0.0With_background1num86.dat TNC          1.0e-04 0 1 1 0     NFW        0.0001   0.0000     -2.578 0.000   0   3.52    2.2       -812.6029       -1601.717    75   0.0001   0.0000     -1.072 0.140  27   0.67    0.345
2018-05-16-14:01:34 1.15  Mocks_Mamon/MockNFW160ellip0.5loga-2.08PA50center0.0_0.0With_background1num87.dat TNC          1.0e-04 0 1 1 0     NFW      360.0000   0.0001     -2.574 0.000 180   3.45    3.3       -785.3929       -1547.354   111 360.0000   0.0001     -1.060 0.161 147   0.64    0.470
2018-05-16-14:01:34 1.15  Mocks_Mamon/MockNFW160ellip0.5loga-2.08PA50center0.0_0.0With_background1num88.dat TNC          1.0e-04 0 1 1 0     NFW        0.0001   0.0001     -1.430 0.000 173   0.69   54.8       -755.4672       -1487.537    22   0.0001   0.0001     -1.018 0.063 174   0.65    0.108
2018-05-16-14:01:34 1.15  Mocks_Mamon/MockNFW160ellip0.5loga-2.08PA50center0.0_0.0With_background1num89.dat TNC          1.0e-04 0 1 1 0     NFW      359.9999  -0.0001     -2.446 0.681  54   3.57    1.2       -831.4488       -1639.477   162 359.9999  -0.0001     -1.063 0.143  44   0.67    0.682
2018-05-16-14:01:34 1.15  Mocks_Mamon/MockNFW160ellip0.5loga-2.08PA50center0.0_0.0With_background1num90.dat TNC          1.0e-04 0 1 1 0     NFW        0.0000  -0.0000     -2.575 0.467  33   3.41    3.9       -812.9499       -1602.526   104   0.0000  -0.0000     -1.091 0.110  22   0.63    0.437
2018-05-16-14:01:34 1.15  Mocks_Mamon/MockNFW160ellip0.5loga-2.08PA50center0.0_0.0With_background1num91.dat TNC          1.0e-04 0 1 1 0     NFW        0.0000   0.0000     -2.576 0.564  69   3.55    1.6       -819.4835       -1615.513   142   0.0000   0.0000     -1.084 0.221  26   0.67    0.599
2018-05-16-14:01:34 1.15  Mocks_Mamon/MockNFW160ellip0.5loga-2.08PA50center0.0_0.0With_background1num92.dat TNC          1.0e-04 0 1 1 0     NFW        0.0000   0.0000     -2.575 0.422  32   3.49    3.0       -829.3006       -1635.135   149   0.0000   0.0000     -1.093 0.021  29   0.66    0.626
2018-05-16-14:01:34 1.15  Mocks_Mamon/MockNFW160ellip0.5loga-2.08PA50center0.0_0.0With_background1num93.dat TNC          1.0e-04 0 1 1 0     NFW      360.0000  -0.0001     -2.519 0.645  56   3.50    2.0       -774.3894       -1525.347   233 360.0000  -0.0001     -1.100 0.031  24   0.63    0.963
2018-05-16-14:01:34 1.15  Mocks_Mamon/MockNFW160ellip0.5loga-2.08PA50center0.0_0.0With_background1num94.dat TNC          1.0e-04 0 1 1 0     NFW        0.0000   0.0000     -2.576 0.000 167   3.53    2.0       -808.2955       -1593.159    76   0.0000   0.0000     -1.077 0.084 155   0.66    0.364
2018-05-16-14:01:34 1.15  Mocks_Mamon/MockNFW160ellip0.5loga-2.08PA50center0.0_0.0With_background1num95.dat TNC          1.0e-04 0 1 1 0     NFW        0.0000  -0.0001     -1.491 0.418  61   0.70   43.5       -692.6034       -1361.844    87   0.0000  -0.0001     -1.062 0.147  36   0.59    0.365
2018-05-16-14:01:34 1.15  Mocks_Mamon/MockNFW160ellip0.5loga-2.08PA50center0.0_0.0With_background1num96.dat TNC          1.0e-04 0 1 1 0     NFW      359.9999  -0.0000     -2.574 0.000 157   3.47    3.2       -814.2914       -1605.128    56 359.9999  -0.0000     -1.065 0.141 147   0.65    0.265
2018-05-16-14:01:34 1.15  Mocks_Mamon/MockNFW160ellip0.5loga-2.08PA50center0.0_0.0With_background1num97.dat TNC          1.0e-04 0 1 1 0     NFW      359.9999   0.0001     -1.291 0.000 156   1.27   74.8       -772.4749       -1521.541    86 359.9999   0.0001     -1.083 0.028 155   0.66    0.372
2018-05-16-14:01:34 1.15  Mocks_Mamon/MockNFW160ellip0.5loga-2.08PA50center0.0_0.0With_background1num98.dat TNC          1.0e-04 0 1 1 0     NFW        0.0000  -0.0001     -2.575 0.000 139   3.52    2.4       -823.7655       -1624.099    61   0.0000  -0.0001     -1.063 0.048 137   0.66    0.296
2018-05-16-14:01:34 1.15  Mocks_Mamon/MockNFW160ellip0.5loga-2.08PA50center0.0_0.0With_background1num99.dat TNC          1.0e-04 0 1 1 0     NFW        0.0000   0.0003     -1.439 0.000 151   0.62   48.7       -682.4146       -1341.432    15   0.0000   0.0003     -1.040 0.073 146   0.60    0.073
