2018-05-16-14:03:35 1.15  Mocks_Mamon/MockNFW160ellip0.5loga-2.08PA50center0.0_0.0With_background1num0.dat BFGS         1.0e-04 0 1 1 0     NFW        0.0000   0.0000     -1.085 0.109   6   0.62  110.0       -719.4659       -1415.511   820   0.0000   0.0000     -1.085 0.109   6   0.62    0.271
2018-05-16-14:03:35 1.15  Mocks_Mamon/MockNFW160ellip0.5loga-2.08PA50center0.0_0.0With_background1num1.dat BFGS         1.0e-04 0 1 1 0     NFW      360.0000  -0.0001     -1.030 0.030 178   0.66  140.1       -770.5206        -1517.61   820 360.0000  -0.0001     -1.030 0.030 178   0.66    0.274
2018-05-16-14:03:35 1.15  Mocks_Mamon/MockNFW160ellip0.5loga-2.08PA50center0.0_0.0With_background1num2.dat BFGS         1.0e-04 0 1 1 0     NFW        0.0001  -0.0001     -1.130 0.054 149   0.65  105.3       -777.5232       -1531.603   820   0.0001  -0.0001     -1.130 0.054 149   0.65    0.275
2018-05-16-14:03:35 1.15  Mocks_Mamon/MockNFW160ellip0.5loga-2.08PA50center0.0_0.0With_background1num3.dat BFGS         1.0e-04 0 1 1 0     NFW        0.0002   0.0004     -1.037 0.037 171   0.66  137.0       -774.0985        -1524.72   820   0.0002   0.0004     -1.037 0.037 171   0.66    0.274
2018-05-16-14:03:35 1.15  Mocks_Mamon/MockNFW160ellip0.5loga-2.08PA50center0.0_0.0With_background1num4.dat BFGS         1.0e-04 0 1 1 0     NFW      360.0000   0.0001     -1.089 0.035  16   0.67  123.9       -804.4407       -1585.427   820 360.0000   0.0001     -1.089 0.035  16   0.67    0.275
2018-05-16-14:03:35 1.15  Mocks_Mamon/MockNFW160ellip0.5loga-2.08PA50center0.0_0.0With_background1num5.dat BFGS         1.0e-04 0 1 1 0     NFW      360.0000   0.0000     -1.136 0.072  40   0.65  105.1       -781.5784       -1539.725   820 360.0000   0.0000     -1.136 0.072  40   0.65    0.272
2018-05-16-14:03:35 1.15  Mocks_Mamon/MockNFW160ellip0.5loga-2.08PA50center0.0_0.0With_background1num6.dat BFGS         1.0e-04 0 1 1 0     NFW        0.0003   0.0002     -1.103 0.071  14   0.64  109.6       -740.7134       -1457.961   820   0.0003   0.0002     -1.103 0.071  14   0.64    0.269
2018-05-16-14:03:35 1.15  Mocks_Mamon/MockNFW160ellip0.5loga-2.08PA50center0.0_0.0With_background1num7.dat BFGS         1.0e-04 0 1 1 0     NFW      359.9999  -0.0002     -1.080 0.079   1   0.62  112.0       -702.7359       -1382.029   820 359.9999  -0.0002     -1.080 0.079   1   0.62    0.271
2018-05-16-14:03:35 1.15  Mocks_Mamon/MockNFW160ellip0.5loga-2.08PA50center0.0_0.0With_background1num8.dat BFGS         1.0e-04 0 1 1 0     NFW        0.0000   0.0001     -1.062 0.037 143   0.67  131.3       -794.1769       -1564.877   820   0.0000   0.0001     -1.062 0.037 143   0.67    0.275
2018-05-16-14:03:35 1.15  Mocks_Mamon/MockNFW160ellip0.5loga-2.08PA50center0.0_0.0With_background1num9.dat BFGS         1.0e-04 0 1 1 0     NFW      360.0000   0.0000     -1.038 0.056 166   0.64  130.9       -728.8387       -1434.189   820 360.0000   0.0000     -1.038 0.056 166   0.64    0.273
2018-05-16-14:03:35 1.15  Mocks_Mamon/MockNFW160ellip0.5loga-2.08PA50center0.0_0.0With_background1num10.dat BFGS         1.0e-04 0 1 1 0     NFW      359.9998   0.0002     -1.023 0.037 157   0.64  137.3       -745.6606       -1467.889   820 359.9998   0.0002     -1.023 0.037 157   0.64    0.273
2018-05-16-14:03:35 1.15  Mocks_Mamon/MockNFW160ellip0.5loga-2.08PA50center0.0_0.0With_background1num11.dat BFGS         1.0e-04 0 1 1 0     NFW        0.0001  -0.0000     -1.120 0.055 152   0.68  116.8       -832.0316       -1640.575   820   0.0001  -0.0000     -1.120 0.055 152   0.68    0.276
2018-05-16-14:03:35 1.15  Mocks_Mamon/MockNFW160ellip0.5loga-2.08PA50center0.0_0.0With_background1num12.dat BFGS         1.0e-04 0 1 1 0     NFW      359.9999   0.0000     -1.072 0.101 146   0.67  129.6       -804.9339       -1586.391   820 359.9999   0.0000     -1.072 0.101 146   0.67    0.272
2018-05-16-14:03:35 1.15  Mocks_Mamon/MockNFW160ellip0.5loga-2.08PA50center0.0_0.0With_background1num13.dat BFGS         1.0e-04 0 1 1 0     NFW      360.0000  -0.0001     -1.076 0.111 141   0.65  122.3       -766.5093       -1509.598   820 360.0000  -0.0001     -1.076 0.111 141   0.65    0.274
2018-05-16-14:03:35 1.15  Mocks_Mamon/MockNFW160ellip0.5loga-2.08PA50center0.0_0.0With_background1num14.dat BFGS         1.0e-04 0 1 1 0     NFW        0.0000   0.0000     -1.053 0.006 146   0.66  131.7       -781.7023       -1539.973   820   0.0000   0.0000     -1.053 0.006 146   0.66    0.274
2018-05-16-14:03:35 1.15  Mocks_Mamon/MockNFW160ellip0.5loga-2.08PA50center0.0_0.0With_background1num15.dat BFGS         1.0e-04 0 1 1 0     NFW        0.0000   0.0002     -1.076 0.069 138   0.68  128.4        -811.201       -1598.925   820   0.0000   0.0002     -1.076 0.069 138   0.68    0.274
2018-05-16-14:03:35 1.15  Mocks_Mamon/MockNFW160ellip0.5loga-2.08PA50center0.0_0.0With_background1num16.dat BFGS         1.0e-04 0 1 1 0     NFW      359.9999   0.0001     -1.117 0.084 177   0.66  113.3       -796.0273       -1568.611   820 359.9999   0.0001     -1.117 0.084 177   0.66    0.274
2018-05-16-14:03:35 1.15  Mocks_Mamon/MockNFW160ellip0.5loga-2.08PA50center0.0_0.0With_background1num17.dat BFGS         1.0e-04 0 1 1 0     NFW        0.0000  -0.0000     -1.184 0.141 140   0.66   93.7       -787.9789       -1552.481   820   0.0000  -0.0000     -1.184 0.141 140   0.66    0.273
2018-05-16-14:03:35 1.15  Mocks_Mamon/MockNFW160ellip0.5loga-2.08PA50center0.0_0.0With_background1num18.dat BFGS         1.0e-04 0 1 1 0     NFW        0.0006   0.0000     -1.083 0.090   8   0.64  116.4       -747.7428        -1472.02   820   0.0006   0.0000     -1.083 0.090   8   0.64    0.271
2018-05-16-14:03:35 1.15  Mocks_Mamon/MockNFW160ellip0.5loga-2.08PA50center0.0_0.0With_background1num19.dat BFGS         1.0e-04 0 1 1 0     NFW      360.0000   0.0000     -1.058 0.100   8   0.66  128.9       -755.1451       -1486.847   820 360.0000   0.0000     -1.058 0.100   8   0.66    0.274
2018-05-16-14:03:35 1.15  Mocks_Mamon/MockNFW160ellip0.5loga-2.08PA50center0.0_0.0With_background1num20.dat BFGS         1.0e-04 0 1 1 0     NFW        0.0001   0.0000     -1.073 0.075 154   0.64  119.5       -760.6256       -1497.865   820   0.0001   0.0000     -1.073 0.075 154   0.64    0.274
2018-05-16-14:03:35 1.15  Mocks_Mamon/MockNFW160ellip0.5loga-2.08PA50center0.0_0.0With_background1num21.dat BFGS         1.0e-04 0 1 1 0     NFW      359.9998  -0.0001     -1.077 0.069  14   0.65  121.6       -778.6728       -1533.903   820 359.9998  -0.0001     -1.077 0.069  14   0.65    0.274
2018-05-16-14:03:35 1.15  Mocks_Mamon/MockNFW160ellip0.5loga-2.08PA50center0.0_0.0With_background1num22.dat BFGS         1.0e-04 0 1 1 0     NFW      359.9998  -0.0000     -0.999 0.059  11   0.63  142.3       -712.6959       -1401.915   820 359.9998  -0.0000     -0.999 0.059  11   0.63    0.273
2018-05-16-14:03:35 1.15  Mocks_Mamon/MockNFW160ellip0.5loga-2.08PA50center0.0_0.0With_background1num23.dat BFGS         1.0e-04 0 1 1 0     NFW        0.0001  -0.0000     -1.061 0.141  36   0.66  129.6       -778.1664       -1532.833   820   0.0001  -0.0000     -1.061 0.141  36   0.66    0.274
2018-05-16-14:03:35 1.15  Mocks_Mamon/MockNFW160ellip0.5loga-2.08PA50center0.0_0.0With_background1num24.dat BFGS         1.0e-04 0 1 1 0     NFW      360.0000   0.0000     -1.127 0.114  38   0.64  105.7       -770.8047       -1518.189   820 360.0000   0.0000     -1.127 0.114  38   0.64    0.269
2018-05-16-14:03:35 1.15  Mocks_Mamon/MockNFW160ellip0.5loga-2.08PA50center0.0_0.0With_background1num25.dat BFGS         1.0e-04 0 1 1 0     NFW      360.0000   0.0002     -1.075 0.097  27   0.62  113.5       -708.1584       -1392.862   820 360.0000   0.0002     -1.075 0.097  27   0.62    0.271
2018-05-16-14:03:35 1.15  Mocks_Mamon/MockNFW160ellip0.5loga-2.08PA50center0.0_0.0With_background1num26.dat BFGS         1.0e-04 0 1 1 0     NFW      360.0000  -0.0000     -1.087 0.021  33   0.65  118.6       -768.2613       -1513.102   820 360.0000  -0.0000     -1.087 0.021  33   0.65    0.274
2018-05-16-14:03:35 1.15  Mocks_Mamon/MockNFW160ellip0.5loga-2.08PA50center0.0_0.0With_background1num27.dat BFGS         1.0e-04 0 1 1 0     NFW      360.0000  -0.0002     -1.080 0.071  35   0.70  135.6       -874.9633       -1726.495   820 360.0000  -0.0002     -1.080 0.071  35   0.70    0.277
2018-05-16-14:03:35 1.15  Mocks_Mamon/MockNFW160ellip0.5loga-2.08PA50center0.0_0.0With_background1num28.dat BFGS         1.0e-04 0 1 1 0     NFW        0.0001   0.0005     -1.093 0.105 150   0.65  114.8       -767.3781       -1511.302   820   0.0001   0.0005     -1.093 0.105 150   0.65    0.274
2018-05-16-14:03:35 1.15  Mocks_Mamon/MockNFW160ellip0.5loga-2.08PA50center0.0_0.0With_background1num29.dat BFGS         1.0e-04 0 1 1 0     NFW        0.0000  -0.0000     -1.037 0.087 180   0.64  129.4       -738.6449       -1453.824   820   0.0000  -0.0000     -1.037 0.087 180   0.64    0.272
2018-05-16-14:03:35 1.15  Mocks_Mamon/MockNFW160ellip0.5loga-2.08PA50center0.0_0.0With_background1num30.dat BFGS         1.0e-04 0 1 1 0     NFW      359.9998  -0.0000     -1.083 0.059  37   0.64  117.5        -751.777        -1480.18   820 359.9998  -0.0000     -1.083 0.059  37   0.64    0.270
2018-05-16-14:03:35 1.15  Mocks_Mamon/MockNFW160ellip0.5loga-2.08PA50center0.0_0.0With_background1num31.dat BFGS         1.0e-04 0 1 1 0     NFW        0.0001  -0.0001     -1.038 0.028 171   0.66  136.4       -762.9549       -1502.399   820   0.0001  -0.0001     -1.038 0.028 171   0.66    0.274
2018-05-16-14:03:35 1.15  Mocks_Mamon/MockNFW160ellip0.5loga-2.08PA50center0.0_0.0With_background1num32.dat BFGS         1.0e-04 0 1 1 0     NFW      360.0000  -0.0000     -1.054 0.171  24   0.63  123.6       -736.6502       -1449.823   820 360.0000  -0.0000     -1.054 0.171  24   0.63    0.272
2018-05-16-14:03:35 1.15  Mocks_Mamon/MockNFW160ellip0.5loga-2.08PA50center0.0_0.0With_background1num33.dat BFGS         1.0e-04 0 1 1 0     NFW      360.0000  -0.0000     -1.111 0.059 155   0.67  115.5       -800.8646       -1578.298   820 360.0000  -0.0000     -1.111 0.059 155   0.67    0.275
2018-05-16-14:03:35 1.15  Mocks_Mamon/MockNFW160ellip0.5loga-2.08PA50center0.0_0.0With_background1num34.dat BFGS         1.0e-04 0 1 1 0     NFW        0.0005   0.0001     -1.105 0.094  37   0.63  107.2       -732.0963       -1440.761   820   0.0005   0.0001     -1.105 0.094  37   0.63    0.272
2018-05-16-14:03:35 1.15  Mocks_Mamon/MockNFW160ellip0.5loga-2.08PA50center0.0_0.0With_background1num35.dat BFGS         1.0e-04 0 1 1 0     NFW        0.0001   0.0001     -1.078 0.129  30   0.66  123.3       -777.4883       -1531.556   820   0.0001   0.0001     -1.078 0.129  30   0.66    0.274
2018-05-16-14:03:35 1.15  Mocks_Mamon/MockNFW160ellip0.5loga-2.08PA50center0.0_0.0With_background1num36.dat BFGS         1.0e-04 0 1 1 0     NFW      360.0000  -0.0001     -1.050 0.197  30   0.64  126.7       -746.1793       -1468.904   820 360.0000  -0.0001     -1.050 0.197  30   0.64    0.271
2018-05-16-14:03:35 1.15  Mocks_Mamon/MockNFW160ellip0.5loga-2.08PA50center0.0_0.0With_background1num37.dat BFGS         1.0e-04 0 1 1 0     NFW        0.0001  -0.0000     -1.024 0.054  41   0.67  144.6       -779.8543       -1536.243   820   0.0001  -0.0000     -1.024 0.054  41   0.67    0.275
2018-05-16-14:03:35 1.15  Mocks_Mamon/MockNFW160ellip0.5loga-2.08PA50center0.0_0.0With_background1num38.dat BFGS         1.0e-04 0 1 1 0     NFW      359.9998   0.0000     -1.091 0.056  43   0.65  115.7       -764.6658       -1505.911   820 359.9998   0.0000     -1.091 0.056  43   0.65    0.274
2018-05-16-14:03:35 1.15  Mocks_Mamon/MockNFW160ellip0.5loga-2.08PA50center0.0_0.0With_background1num39.dat BFGS         1.0e-04 0 1 1 0     NFW      359.9996   0.0000     -1.032 0.115  32   0.64  133.2       -743.8883       -1464.299   820 359.9996   0.0000     -1.032 0.115  32   0.64    0.273
2018-05-16-14:03:35 1.15  Mocks_Mamon/MockNFW160ellip0.5loga-2.08PA50center0.0_0.0With_background1num40.dat BFGS         1.0e-04 0 1 1 0     NFW        0.0000  -0.0001     -1.092 0.162  32   0.63  111.8       -731.0247       -1438.652   820   0.0000  -0.0001     -1.092 0.162  32   0.63    0.272
2018-05-16-14:03:35 1.15  Mocks_Mamon/MockNFW160ellip0.5loga-2.08PA50center0.0_0.0With_background1num41.dat BFGS         1.0e-04 0 1 1 0     NFW        0.0000  -0.0001     -1.058 0.093 144   0.64  125.6        -744.307       -1465.171   820   0.0000  -0.0001     -1.058 0.093 144   0.64    0.274
2018-05-16-14:03:35 1.15  Mocks_Mamon/MockNFW160ellip0.5loga-2.08PA50center0.0_0.0With_background1num42.dat BFGS         1.0e-04 0 1 1 0     NFW      359.9999   0.0001     -1.049 0.050   3   0.63  124.2       -729.7858       -1436.128   820 359.9999   0.0001     -1.049 0.050   3   0.63    0.269
2018-05-16-14:03:35 1.15  Mocks_Mamon/MockNFW160ellip0.5loga-2.08PA50center0.0_0.0With_background1num43.dat BFGS         1.0e-04 0 1 1 0     NFW      360.0000  -0.0004     -1.095 0.137 174   0.62  109.1       -711.2084       -1398.951   820 360.0000  -0.0004     -1.095 0.137 174   0.62    0.272
2018-05-16-14:03:35 1.15  Mocks_Mamon/MockNFW160ellip0.5loga-2.08PA50center0.0_0.0With_background1num44.dat BFGS         1.0e-04 0 1 1 0     NFW      360.0000   0.0001     -1.102 0.092   9   0.63  108.3       -737.5916       -1451.717   820 360.0000   0.0001     -1.102 0.092   9   0.63    0.284
2018-05-16-14:03:35 1.15  Mocks_Mamon/MockNFW160ellip0.5loga-2.08PA50center0.0_0.0With_background1num45.dat BFGS         1.0e-04 0 1 1 0     NFW        0.0000  -0.0000     -1.083 0.154  27   0.65  118.1       -759.6635        -1495.85   820   0.0000  -0.0000     -1.083 0.154  27   0.65    0.273
2018-05-16-14:03:35 1.15  Mocks_Mamon/MockNFW160ellip0.5loga-2.08PA50center0.0_0.0With_background1num46.dat BFGS         1.0e-04 0 1 1 0     NFW      359.9999   0.0002     -1.030 0.112 155   0.60  122.4       -671.6027       -1319.751   820 359.9999   0.0002     -1.030 0.112 155   0.60    0.271
2018-05-16-14:03:35 1.15  Mocks_Mamon/MockNFW160ellip0.5loga-2.08PA50center0.0_0.0With_background1num47.dat BFGS         1.0e-04 0 1 1 0     NFW        0.0001   0.0001     -1.063 0.087 141   0.65  126.1       -758.9068       -1494.382   820   0.0001   0.0001     -1.063 0.087 141   0.65    0.275
2018-05-16-14:03:35 1.15  Mocks_Mamon/MockNFW160ellip0.5loga-2.08PA50center0.0_0.0With_background1num48.dat BFGS         1.0e-04 0 1 1 0     NFW        0.0000  -0.0002     -1.074 0.182   7   0.65  121.8        -764.819       -1506.183   820   0.0000  -0.0002     -1.074 0.182   7   0.65    0.271
2018-05-16-14:03:35 1.15  Mocks_Mamon/MockNFW160ellip0.5loga-2.08PA50center0.0_0.0With_background1num49.dat BFGS         1.0e-04 0 1 1 0     NFW        0.0000  -0.0001     -1.086 0.084 148   0.67  123.4       -800.5147       -1577.598   820   0.0000  -0.0001     -1.086 0.084 148   0.67    0.275
2018-05-16-14:03:35 1.15  Mocks_Mamon/MockNFW160ellip0.5loga-2.08PA50center0.0_0.0With_background1num50.dat BFGS         1.0e-04 0 1 1 0     NFW      360.0000   0.0002     -1.098 0.164  30   0.65  115.7       -786.4897       -1549.513   820 360.0000   0.0002     -1.098 0.164  30   0.65    0.273
2018-05-16-14:03:35 1.15  Mocks_Mamon/MockNFW160ellip0.5loga-2.08PA50center0.0_0.0With_background1num51.dat BFGS         1.0e-04 0 1 1 0     NFW      360.0000   0.0000     -1.093 0.167  36   0.64  113.3         -750.15       -1476.857   820 360.0000   0.0000     -1.093 0.167  36   0.64    0.274
2018-05-16-14:03:35 1.15  Mocks_Mamon/MockNFW160ellip0.5loga-2.08PA50center0.0_0.0With_background1num52.dat BFGS         1.0e-04 0 1 1 0     NFW        0.0002   0.0001     -1.071 0.119 138   0.65  122.9       -747.6523       -1471.794   820   0.0002   0.0001     -1.071 0.119 138   0.65    0.274
2018-05-16-14:03:35 1.15  Mocks_Mamon/MockNFW160ellip0.5loga-2.08PA50center0.0_0.0With_background1num53.dat BFGS         1.0e-04 0 1 1 0     NFW      359.9997  -0.0001     -1.073 0.096 147   0.65  121.4       -747.6331       -1471.789   820 359.9997  -0.0001     -1.073 0.096 147   0.65    0.273
2018-05-16-14:03:35 1.15  Mocks_Mamon/MockNFW160ellip0.5loga-2.08PA50center0.0_0.0With_background1num54.dat BFGS         1.0e-04 0 1 1 0     NFW        0.0001  -0.0001     -1.067 0.148  25   0.63  120.0        -730.529       -1437.569   820   0.0001  -0.0001     -1.067 0.148  25   0.63    0.270
2018-05-16-14:03:35 1.15  Mocks_Mamon/MockNFW160ellip0.5loga-2.08PA50center0.0_0.0With_background1num55.dat BFGS         1.0e-04 0 1 1 0     NFW        0.0000  -0.0001     -1.020 0.105  21   0.64  136.5       -744.1238       -1464.793   820   0.0000  -0.0001     -1.020 0.105  21   0.64    0.272
2018-05-16-14:03:35 1.15  Mocks_Mamon/MockNFW160ellip0.5loga-2.08PA50center0.0_0.0With_background1num56.dat BFGS         1.0e-04 0 1 1 0     NFW      359.9999  -0.0001     -1.170 0.060  26   0.70  107.9       -884.2319       -1744.964   820 359.9999  -0.0001     -1.170 0.060  26   0.70    0.277
2018-05-16-14:03:35 1.15  Mocks_Mamon/MockNFW160ellip0.5loga-2.08PA50center0.0_0.0With_background1num57.dat BFGS         1.0e-04 0 1 1 0     NFW        0.0001   0.0000     -1.095 0.080 166   0.66  118.4       -780.7971       -1538.106   820   0.0001   0.0000     -1.095 0.080 166   0.66    0.275
2018-05-16-14:03:35 1.15  Mocks_Mamon/MockNFW160ellip0.5loga-2.08PA50center0.0_0.0With_background1num58.dat BFGS         1.0e-04 0 1 1 0     NFW        0.0001   0.0001     -1.090 0.103 153   0.65  118.2       -776.1338       -1528.757   820   0.0001   0.0001     -1.090 0.103 153   0.65    0.274
2018-05-16-14:03:35 1.15  Mocks_Mamon/MockNFW160ellip0.5loga-2.08PA50center0.0_0.0With_background1num59.dat BFGS         1.0e-04 0 1 1 0     NFW      360.0000   0.0003     -1.097 0.096 163   0.70  130.4       -873.5175       -1723.547   820 360.0000   0.0003     -1.097 0.096 163   0.70    0.277
2018-05-16-14:03:35 1.15  Mocks_Mamon/MockNFW160ellip0.5loga-2.08PA50center0.0_0.0With_background1num60.dat BFGS         1.0e-04 0 1 1 0     NFW        0.0003  -0.0001     -1.078 0.041  39   0.62  113.7       -721.6047       -1419.789   820   0.0003  -0.0001     -1.078 0.041  39   0.62    0.273
2018-05-16-14:03:35 1.15  Mocks_Mamon/MockNFW160ellip0.5loga-2.08PA50center0.0_0.0With_background1num61.dat BFGS         1.0e-04 0 1 1 0     NFW        0.0001   0.0000     -1.075 0.035 170   0.65  121.9       -768.8288       -1514.226   820   0.0001   0.0000     -1.075 0.035 170   0.65    0.274
2018-05-16-14:03:35 1.15  Mocks_Mamon/MockNFW160ellip0.5loga-2.08PA50center0.0_0.0With_background1num62.dat BFGS         1.0e-04 0 1 1 0     NFW      359.9999  -0.0007     -1.098 0.070  39   0.66  118.8       -801.9958       -1580.548   820 359.9999  -0.0007     -1.098 0.070  39   0.66    0.275
2018-05-16-14:03:35 1.15  Mocks_Mamon/MockNFW160ellip0.5loga-2.08PA50center0.0_0.0With_background1num63.dat BFGS         1.0e-04 0 1 1 0     NFW        0.0001   0.0002     -1.114 0.066 159   0.67  114.9         -807.48       -1591.494   820   0.0001   0.0002     -1.114 0.066 159   0.67    0.275
2018-05-16-14:03:35 1.15  Mocks_Mamon/MockNFW160ellip0.5loga-2.08PA50center0.0_0.0With_background1num64.dat BFGS         1.0e-04 0 1 1 0     NFW        0.0001   0.0000     -1.105 0.130 137   0.64  110.4       -771.2812       -1519.097   820   0.0001   0.0000     -1.105 0.130 137   0.64    0.274
2018-05-16-14:03:35 1.15  Mocks_Mamon/MockNFW160ellip0.5loga-2.08PA50center0.0_0.0With_background1num65.dat BFGS         1.0e-04 0 1 1 0     NFW      359.9998   0.0000     -1.046 0.045 138   0.64  129.5       -749.4026       -1475.385   820 359.9998   0.0000     -1.046 0.045 138   0.64    0.273
2018-05-16-14:03:35 1.15  Mocks_Mamon/MockNFW160ellip0.5loga-2.08PA50center0.0_0.0With_background1num66.dat BFGS         1.0e-04 0 1 1 0     NFW        0.0000   0.0001     -1.112 0.059 153   0.66  112.0       -774.5518       -1525.581   820   0.0000   0.0001     -1.112 0.059 153   0.66    0.274
2018-05-16-14:03:35 1.15  Mocks_Mamon/MockNFW160ellip0.5loga-2.08PA50center0.0_0.0With_background1num67.dat BFGS         1.0e-04 0 1 1 0     NFW        0.0001   0.0001     -1.127 0.060  35   0.69  117.4       -861.8801       -1700.272   820   0.0001   0.0001     -1.127 0.060  35   0.69    0.276
2018-05-16-14:03:35 1.15  Mocks_Mamon/MockNFW160ellip0.5loga-2.08PA50center0.0_0.0With_background1num68.dat BFGS         1.0e-04 0 1 1 0     NFW      359.9997  -0.0001     -1.112 0.078 149   0.69  122.0       -852.5131       -1681.549   820 359.9997  -0.0001     -1.112 0.078 149   0.69    0.277
2018-05-16-14:03:35 1.15  Mocks_Mamon/MockNFW160ellip0.5loga-2.08PA50center0.0_0.0With_background1num69.dat BFGS         1.0e-04 0 1 1 0     NFW        0.0002  -0.0004     -1.135 0.040 144   0.67  108.9       -794.6419       -1565.807   820   0.0002  -0.0004     -1.135 0.040 144   0.67    0.274
2018-05-16-14:03:35 1.15  Mocks_Mamon/MockNFW160ellip0.5loga-2.08PA50center0.0_0.0With_background1num70.dat BFGS         1.0e-04 0 1 1 0     NFW        0.0001  -0.0002     -1.086 0.134   2   0.67  123.5       -799.6356       -1575.817   820   0.0001  -0.0002     -1.086 0.134   2   0.67    0.275
2018-05-16-14:03:35 1.15  Mocks_Mamon/MockNFW160ellip0.5loga-2.08PA50center0.0_0.0With_background1num71.dat BFGS         1.0e-04 0 1 1 0     NFW      359.9999  -0.0000     -1.079 0.016  11   0.66  123.9       -792.9358       -1562.428   820 359.9999  -0.0000     -1.079 0.016  11   0.66    0.275
2018-05-16-14:03:35 1.15  Mocks_Mamon/MockNFW160ellip0.5loga-2.08PA50center0.0_0.0With_background1num72.dat BFGS         1.0e-04 0 1 1 0     NFW      359.9998   0.0001     -1.074 0.108 149   0.64  119.0       -737.5648        -1451.63   820 359.9998   0.0001     -1.074 0.108 149   0.64    0.274
2018-05-16-14:03:35 1.15  Mocks_Mamon/MockNFW160ellip0.5loga-2.08PA50center0.0_0.0With_background1num73.dat BFGS         1.0e-04 0 1 1 0     NFW      360.0000  -0.0003     -1.091 0.063   7   0.69  126.5       -849.7365       -1675.985   820 360.0000  -0.0003     -1.091 0.063   7   0.69    0.275
2018-05-16-14:03:35 1.15  Mocks_Mamon/MockNFW160ellip0.5loga-2.08PA50center0.0_0.0With_background1num74.dat BFGS         1.0e-04 0 1 1 0     NFW      359.9998  -0.0000     -1.093 0.050  28   0.65  115.8       -763.3835       -1503.335   820 359.9998  -0.0000     -1.093 0.050  28   0.65    0.274
2018-05-16-14:03:35 1.15  Mocks_Mamon/MockNFW160ellip0.5loga-2.08PA50center0.0_0.0With_background1num75.dat BFGS         1.0e-04 0 1 1 0     NFW      360.0000   0.0002     -1.102 0.018 156   0.68  123.4       -840.5502       -1657.601   820 360.0000   0.0002     -1.102 0.018 156   0.68    0.275
2018-05-16-14:03:35 1.15  Mocks_Mamon/MockNFW160ellip0.5loga-2.08PA50center0.0_0.0With_background1num76.dat BFGS         1.0e-04 0 1 1 0     NFW      359.9998  -0.0001     -1.038 0.232  36   0.62  126.4       -718.5494       -1413.644   820 359.9998  -0.0001     -1.038 0.232  36   0.62    0.272
2018-05-16-14:03:35 1.15  Mocks_Mamon/MockNFW160ellip0.5loga-2.08PA50center0.0_0.0With_background1num77.dat BFGS         1.0e-04 0 1 1 0     NFW        0.0000   0.0002     -1.110 0.070 156   0.67  117.6       -804.4934       -1585.544   820   0.0000   0.0002     -1.110 0.070 156   0.67    0.275
2018-05-16-14:03:35 1.15  Mocks_Mamon/MockNFW160ellip0.5loga-2.08PA50center0.0_0.0With_background1num78.dat BFGS         1.0e-04 0 1 1 0     NFW      360.0000   0.0000     -1.075 0.074  16   0.67  128.4       -794.1241       -1564.805   820 360.0000   0.0000     -1.075 0.074  16   0.67    0.274
2018-05-16-14:03:35 1.15  Mocks_Mamon/MockNFW160ellip0.5loga-2.08PA50center0.0_0.0With_background1num79.dat BFGS         1.0e-04 0 1 1 0     NFW        0.0000  -0.0001     -1.063 0.055 144   0.62  117.3       -723.1301       -1422.817   820   0.0000  -0.0001     -1.063 0.055 144   0.62    0.271
2018-05-16-14:03:35 1.15  Mocks_Mamon/MockNFW160ellip0.5loga-2.08PA50center0.0_0.0With_background1num80.dat BFGS         1.0e-04 0 1 1 0     NFW      359.9999   0.0001     -1.061 0.062 136   0.65  126.6       -756.0972       -1488.751   820 359.9999   0.0001     -1.061 0.062 136   0.65    0.274
2018-05-16-14:03:35 1.15  Mocks_Mamon/MockNFW160ellip0.5loga-2.08PA50center0.0_0.0With_background1num81.dat BFGS         1.0e-04 0 1 1 0     NFW      359.9999   0.0001     -1.129 0.148  32   0.67  110.9       -819.9393       -1616.401   820 359.9999   0.0001     -1.129 0.148  32   0.67    0.273
2018-05-16-14:03:35 1.15  Mocks_Mamon/MockNFW160ellip0.5loga-2.08PA50center0.0_0.0With_background1num82.dat BFGS         1.0e-04 0 1 1 0     NFW        0.0000   0.0001     -1.070 0.127 145   0.61  112.4       -684.1343       -1344.895   820   0.0000   0.0001     -1.070 0.127 145   0.61    0.271
2018-05-16-14:03:35 1.15  Mocks_Mamon/MockNFW160ellip0.5loga-2.08PA50center0.0_0.0With_background1num83.dat BFGS         1.0e-04 0 1 1 0     NFW        0.0000   0.0001     -1.093 0.041 176   0.64  114.7       -742.8745       -1462.261   820   0.0000   0.0001     -1.093 0.041 176   0.64    0.275
2018-05-16-14:03:35 1.15  Mocks_Mamon/MockNFW160ellip0.5loga-2.08PA50center0.0_0.0With_background1num84.dat BFGS         1.0e-04 0 1 1 0     NFW      360.0000   0.0000     -1.079 0.146 137   0.66  122.5       -778.3611       -1533.348   820 360.0000   0.0000     -1.079 0.146 137   0.66    0.274
2018-05-16-14:03:35 1.15  Mocks_Mamon/MockNFW160ellip0.5loga-2.08PA50center0.0_0.0With_background1num85.dat BFGS         1.0e-04 0 1 1 0     NFW      359.9999  -0.0000     -1.051 0.045  21   0.66  133.0       -782.7181       -1542.039   820 359.9999  -0.0000     -1.051 0.045  21   0.66    0.274
2018-05-16-14:03:35 1.15  Mocks_Mamon/MockNFW160ellip0.5loga-2.08PA50center0.0_0.0With_background1num86.dat BFGS         1.0e-04 0 1 1 0     NFW        0.0001   0.0000     -1.072 0.140  27   0.67  126.6       -786.4117       -1549.335   820   0.0001   0.0000     -1.072 0.140  27   0.67    0.275
2018-05-16-14:03:35 1.15  Mocks_Mamon/MockNFW160ellip0.5loga-2.08PA50center0.0_0.0With_background1num87.dat BFGS         1.0e-04 0 1 1 0     NFW      360.0000   0.0001     -1.060 0.161 147   0.64  123.2       -754.2488       -1485.066   820 360.0000   0.0001     -1.060 0.161 147   0.64    0.271
2018-05-16-14:03:35 1.15  Mocks_Mamon/MockNFW160ellip0.5loga-2.08PA50center0.0_0.0With_background1num88.dat BFGS         1.0e-04 0 1 1 0     NFW        0.0001   0.0001     -1.018 0.063 174   0.65  140.5       -751.0237        -1478.65   820   0.0001   0.0001     -1.018 0.063 174   0.65    0.274
2018-05-16-14:03:35 1.15  Mocks_Mamon/MockNFW160ellip0.5loga-2.08PA50center0.0_0.0With_background1num89.dat BFGS         1.0e-04 0 1 1 0     NFW      359.9999  -0.0001     -1.063 0.143  44   0.67  132.7       -801.4588       -1579.497   820 359.9999  -0.0001     -1.063 0.143  44   0.67    0.275
2018-05-16-14:03:35 1.15  Mocks_Mamon/MockNFW160ellip0.5loga-2.08PA50center0.0_0.0With_background1num90.dat BFGS         1.0e-04 0 1 1 0     NFW        0.0000  -0.0000     -1.091 0.110  22   0.63  112.1       -759.4944       -1495.615   820   0.0000  -0.0000     -1.091 0.110  22   0.63    0.272
2018-05-16-14:03:35 1.15  Mocks_Mamon/MockNFW160ellip0.5loga-2.08PA50center0.0_0.0With_background1num91.dat BFGS         1.0e-04 0 1 1 0     NFW        0.0000   0.0000     -1.084 0.221  26   0.67  123.2       -790.0413       -1556.628   820   0.0000   0.0000     -1.084 0.221  26   0.67    0.274
2018-05-16-14:03:35 1.15  Mocks_Mamon/MockNFW160ellip0.5loga-2.08PA50center0.0_0.0With_background1num92.dat BFGS         1.0e-04 0 1 1 0     NFW        0.0000   0.0000     -1.093 0.021  29   0.66  118.3       -789.6465       -1555.827   820   0.0000   0.0000     -1.093 0.021  29   0.66    0.275
2018-05-16-14:03:35 1.15  Mocks_Mamon/MockNFW160ellip0.5loga-2.08PA50center0.0_0.0With_background1num93.dat BFGS         1.0e-04 0 1 1 0     NFW      360.0000  -0.0001     -1.100 0.031  24   0.63  110.5       -744.4899       -1465.548   820 360.0000  -0.0001     -1.100 0.031  24   0.63    0.273
2018-05-16-14:03:35 1.15  Mocks_Mamon/MockNFW160ellip0.5loga-2.08PA50center0.0_0.0With_background1num94.dat BFGS         1.0e-04 0 1 1 0     NFW        0.0000   0.0000     -1.077 0.084 155   0.66  124.3         -783.02       -1542.608   820   0.0000   0.0000     -1.077 0.084 155   0.66    0.274
2018-05-16-14:03:35 1.15  Mocks_Mamon/MockNFW160ellip0.5loga-2.08PA50center0.0_0.0With_background1num95.dat BFGS         1.0e-04 0 1 1 0     NFW        0.0000  -0.0001     -1.062 0.147  36   0.59  110.8       -680.4305       -1337.498   820   0.0000  -0.0001     -1.062 0.147  36   0.59    0.270
2018-05-16-14:03:35 1.15  Mocks_Mamon/MockNFW160ellip0.5loga-2.08PA50center0.0_0.0With_background1num96.dat BFGS         1.0e-04 0 1 1 0     NFW      359.9999  -0.0000     -1.065 0.141 147   0.65  126.0        -779.724       -1535.994   820 359.9999  -0.0000     -1.065 0.141 147   0.65    0.274
2018-05-16-14:03:35 1.15  Mocks_Mamon/MockNFW160ellip0.5loga-2.08PA50center0.0_0.0With_background1num97.dat BFGS         1.0e-04 0 1 1 0     NFW      359.9999   0.0001     -1.083 0.028 155   0.66  122.4       -771.1886       -1518.968   820 359.9999   0.0001     -1.083 0.028 155   0.66    0.274
2018-05-16-14:03:35 1.15  Mocks_Mamon/MockNFW160ellip0.5loga-2.08PA50center0.0_0.0With_background1num98.dat BFGS         1.0e-04 0 1 1 0     NFW        0.0000  -0.0001     -1.063 0.048 137   0.66  130.0        -790.826        -1558.22   820   0.0000  -0.0001     -1.063 0.048 137   0.66    0.274
2018-05-16-14:03:35 1.15  Mocks_Mamon/MockNFW160ellip0.5loga-2.08PA50center0.0_0.0With_background1num99.dat BFGS         1.0e-04 0 1 1 0     NFW        0.0000   0.0003     -1.040 0.073 146   0.60  119.5       -678.3664       -1333.335   820   0.0000   0.0003     -1.040 0.073 146   0.60    0.271
