2018-05-16-14:01:27 1.15  Mocks_Mamon/MockNFW20ellip0.5loga-2.08PA50center0.0_0.0With_background1num0.dat BFGS         1.0e-04 0 1 1 0     NFW      359.9920  -0.0076     -0.935 0.064  10   0.52  139.6           1E+30           2E+30     8 359.9920  -0.0076     -0.935 0.064  10   0.52    0.001
2018-05-16-14:01:27 1.15  Mocks_Mamon/MockNFW20ellip0.5loga-2.08PA50center0.0_0.0With_background1num1.dat BFGS         1.0e-04 0 1 1 0     NFW      359.9904  -0.0028     -0.918 0.096 147   0.49  136.3           1E+30           2E+30     8 359.9904  -0.0028     -0.918 0.096 147   0.49    0.000
2018-05-16-14:01:27 1.15  Mocks_Mamon/MockNFW20ellip0.5loga-2.08PA50center0.0_0.0With_background1num2.dat BFGS         1.0e-04 0 1 1 0     NFW        0.0022   0.0001     -0.908 0.151 162   0.48  132.0           1E+30           2E+30     8   0.0022   0.0001     -0.908 0.151 162   0.48    0.000
2018-05-16-14:01:27 1.15  Mocks_Mamon/MockNFW20ellip0.5loga-2.08PA50center0.0_0.0With_background1num3.dat BFGS         1.0e-04 0 1 1 0     NFW      359.9962  -0.0003     -0.903 0.105 136   0.47  131.4           1E+30           2E+30     8 359.9962  -0.0003     -0.903 0.105 136   0.47    0.000
2018-05-16-14:01:27 1.15  Mocks_Mamon/MockNFW20ellip0.5loga-2.08PA50center0.0_0.0With_background1num4.dat BFGS         1.0e-04 0 1 1 0     NFW        0.0004   0.0051     -0.899 0.026  38   0.46  130.9           1E+30           2E+30     8   0.0004   0.0051     -0.899 0.026  38   0.46    0.000
2018-05-16-14:01:27 1.15  Mocks_Mamon/MockNFW20ellip0.5loga-2.08PA50center0.0_0.0With_background1num5.dat BFGS         1.0e-04 0 1 1 0     NFW        0.0053  -0.0043     -0.919 0.037 152   0.48  131.3           1E+30           2E+30     8   0.0053  -0.0043     -0.919 0.037 152   0.48    0.000
2018-05-16-14:01:27 1.15  Mocks_Mamon/MockNFW20ellip0.5loga-2.08PA50center0.0_0.0With_background1num6.dat BFGS         1.0e-04 0 1 1 0     NFW      359.9995   0.0001     -0.935 0.064 180   0.49  124.8           1E+30           2E+30     8 359.9995   0.0001     -0.935 0.064 180   0.49    0.000
2018-05-16-14:01:27 1.15  Mocks_Mamon/MockNFW20ellip0.5loga-2.08PA50center0.0_0.0With_background1num7.dat BFGS         1.0e-04 0 1 1 0     NFW        0.0002  -0.0000     -0.918 0.047 176   0.47  122.5           1E+30           2E+30     8   0.0002  -0.0000     -0.918 0.047 176   0.47    0.000
2018-05-16-14:01:27 1.15  Mocks_Mamon/MockNFW20ellip0.5loga-2.08PA50center0.0_0.0With_background1num8.dat BFGS         1.0e-04 0 1 1 0     NFW      359.9979  -0.0001     -0.919 0.110 170   0.49  130.5           1E+30           2E+30     8 359.9979  -0.0001     -0.919 0.110 170   0.49    0.000
2018-05-16-14:01:27 1.15  Mocks_Mamon/MockNFW20ellip0.5loga-2.08PA50center0.0_0.0With_background1num9.dat BFGS         1.0e-04 0 1 1 0     NFW      359.9983  -0.0001     -0.907 0.051  20   0.46  125.4           1E+30           2E+30     8 359.9983  -0.0001     -0.907 0.051  20   0.46    0.000
2018-05-16-14:01:27 1.15  Mocks_Mamon/MockNFW20ellip0.5loga-2.08PA50center0.0_0.0With_background1num10.dat BFGS         1.0e-04 0 1 1 0     NFW      360.0000  -0.0023     -0.951 0.086 151   0.49  118.0           1E+30           2E+30     8 360.0000  -0.0023     -0.951 0.086 151   0.49    0.000
2018-05-16-14:01:27 1.15  Mocks_Mamon/MockNFW20ellip0.5loga-2.08PA50center0.0_0.0With_background1num11.dat BFGS         1.0e-04 0 1 1 0     NFW        0.0045  -0.0013     -0.895 0.127  11   0.46  131.6           1E+30           2E+30     8   0.0045  -0.0013     -0.895 0.127  11   0.46    0.000
2018-05-16-14:01:27 1.15  Mocks_Mamon/MockNFW20ellip0.5loga-2.08PA50center0.0_0.0With_background1num12.dat BFGS         1.0e-04 0 1 1 0     NFW      359.9998  -0.0031     -0.898 0.137  10   0.46  129.3           1E+30           2E+30     8 359.9998  -0.0031     -0.898 0.137  10   0.46    0.000
2018-05-16-14:01:27 1.15  Mocks_Mamon/MockNFW20ellip0.5loga-2.08PA50center0.0_0.0With_background1num13.dat BFGS         1.0e-04 0 1 1 0     NFW        0.0025  -0.0000     -0.900 0.022  38   0.46  126.9           1E+30           2E+30     8   0.0025  -0.0000     -0.900 0.022  38   0.46    0.000
2018-05-16-14:01:27 1.15  Mocks_Mamon/MockNFW20ellip0.5loga-2.08PA50center0.0_0.0With_background1num14.dat BFGS         1.0e-04 0 1 1 0     NFW        0.0054  -0.0007     -0.913 0.129 142   0.50  137.5           1E+30           2E+30     8   0.0054  -0.0007     -0.913 0.129 142   0.50    0.000
2018-05-16-14:01:27 1.15  Mocks_Mamon/MockNFW20ellip0.5loga-2.08PA50center0.0_0.0With_background1num15.dat BFGS         1.0e-04 0 1 1 0     NFW      359.9980   0.0007     -0.896 0.102 141   0.46  129.4           1E+30           2E+30     8 359.9980   0.0007     -0.896 0.102 141   0.46    0.000
2018-05-16-14:01:27 1.15  Mocks_Mamon/MockNFW20ellip0.5loga-2.08PA50center0.0_0.0With_background1num16.dat BFGS         1.0e-04 0 1 1 0     NFW        0.0003  -0.0000     -0.928 0.102  26   0.45  114.3           1E+30           2E+30     8   0.0003  -0.0000     -0.928 0.102  26   0.45    0.000
2018-05-16-14:01:27 1.15  Mocks_Mamon/MockNFW20ellip0.5loga-2.08PA50center0.0_0.0With_background1num17.dat BFGS         1.0e-04 0 1 1 0     NFW        0.0017   0.0041     -0.906 0.072   4   0.48  132.1           1E+30           2E+30     8   0.0017   0.0041     -0.906 0.072   4   0.48    0.000
2018-05-16-14:01:27 1.15  Mocks_Mamon/MockNFW20ellip0.5loga-2.08PA50center0.0_0.0With_background1num18.dat BFGS         1.0e-04 0 1 1 0     NFW      359.9959  -0.0037     -0.910 0.045 137   0.52  144.8           1E+30           2E+30     8 359.9959  -0.0037     -0.910 0.045 137   0.52    0.000
2018-05-16-14:01:27 1.15  Mocks_Mamon/MockNFW20ellip0.5loga-2.08PA50center0.0_0.0With_background1num19.dat BFGS         1.0e-04 0 1 1 0     NFW      359.9985   0.0012     -0.903 0.088  35   0.44  122.2           1E+30           2E+30     8 359.9985   0.0012     -0.903 0.088  35   0.44    0.000
2018-05-16-14:01:27 1.15  Mocks_Mamon/MockNFW20ellip0.5loga-2.08PA50center0.0_0.0With_background1num20.dat BFGS         1.0e-04 0 1 1 0     NFW        0.0012   0.0007     -0.901 0.054   7   0.43  117.1           1E+30           2E+30     8   0.0012   0.0007     -0.901 0.054   7   0.43    0.000
2018-05-16-14:01:27 1.15  Mocks_Mamon/MockNFW20ellip0.5loga-2.08PA50center0.0_0.0With_background1num21.dat BFGS         1.0e-04 0 1 1 0     NFW        0.0100   0.0003     -0.911 0.125 147   0.49  138.1           1E+30           2E+30     8   0.0100   0.0003     -0.911 0.125 147   0.49    0.000
2018-05-16-14:01:27 1.15  Mocks_Mamon/MockNFW20ellip0.5loga-2.08PA50center0.0_0.0With_background1num22.dat BFGS         1.0e-04 0 1 1 0     NFW        0.0001  -0.0010     -0.892 0.102  37   0.42  119.7           1E+30           2E+30     8   0.0001  -0.0010     -0.892 0.102  37   0.42    0.000
2018-05-16-14:01:27 1.15  Mocks_Mamon/MockNFW20ellip0.5loga-2.08PA50center0.0_0.0With_background1num23.dat BFGS         1.0e-04 0 1 1 0     NFW        0.0006   0.0010     -0.909 0.058  13   0.45  121.4           1E+30           2E+30     8   0.0006   0.0010     -0.909 0.058  13   0.45    0.000
2018-05-16-14:01:27 1.15  Mocks_Mamon/MockNFW20ellip0.5loga-2.08PA50center0.0_0.0With_background1num24.dat BFGS         1.0e-04 0 1 1 0     NFW      359.9970   0.0009     -0.909 0.013 171   0.48  130.5           1E+30           2E+30     8 359.9970   0.0009     -0.909 0.013 171   0.48    0.000
2018-05-16-14:01:27 1.15  Mocks_Mamon/MockNFW20ellip0.5loga-2.08PA50center0.0_0.0With_background1num25.dat BFGS         1.0e-04 0 1 1 0     NFW        0.0001  -0.0052     -0.927 0.161 145   0.47  124.0           1E+30           2E+30     8   0.0001  -0.0052     -0.927 0.161 145   0.47    0.000
2018-05-16-14:01:27 1.15  Mocks_Mamon/MockNFW20ellip0.5loga-2.08PA50center0.0_0.0With_background1num26.dat BFGS         1.0e-04 0 1 1 0     NFW      359.9979   0.0011     -0.918 0.065 137   0.50  134.8           1E+30           2E+30     8 359.9979   0.0011     -0.918 0.065 137   0.50    0.000
2018-05-16-14:01:27 1.15  Mocks_Mamon/MockNFW20ellip0.5loga-2.08PA50center0.0_0.0With_background1num27.dat BFGS         1.0e-04 0 1 1 0     NFW      359.9977  -0.0005     -0.911 0.049 160   0.45  122.1           1E+30           2E+30     8 359.9977  -0.0005     -0.911 0.049 160   0.45    0.000
2018-05-16-14:01:27 1.15  Mocks_Mamon/MockNFW20ellip0.5loga-2.08PA50center0.0_0.0With_background1num28.dat BFGS         1.0e-04 0 1 1 0     NFW        0.0038  -0.0066     -0.929 0.003  17   0.50  130.1           1E+30           2E+30     8   0.0038  -0.0066     -0.929 0.003  17   0.50    0.000
2018-05-16-14:01:27 1.15  Mocks_Mamon/MockNFW20ellip0.5loga-2.08PA50center0.0_0.0With_background1num29.dat BFGS         1.0e-04 0 1 1 0     NFW      359.9997   0.0017     -0.912 0.145  31   0.49  130.4           1E+30           2E+30     8 359.9997   0.0017     -0.912 0.145  31   0.49    0.000
2018-05-16-14:01:27 1.15  Mocks_Mamon/MockNFW20ellip0.5loga-2.08PA50center0.0_0.0With_background1num30.dat BFGS         1.0e-04 0 1 1 0     NFW      359.9923  -0.0073     -0.915 0.039   5   0.49  136.5           1E+30           2E+30     8 359.9923  -0.0073     -0.915 0.039   5   0.49    0.000
2018-05-16-14:01:27 1.15  Mocks_Mamon/MockNFW20ellip0.5loga-2.08PA50center0.0_0.0With_background1num31.dat BFGS         1.0e-04 0 1 1 0     NFW        0.0013   0.0001     -0.907 0.155 144   0.44  120.8           1E+30           2E+30     8   0.0013   0.0001     -0.907 0.155 144   0.44    0.000
2018-05-16-14:01:27 1.15  Mocks_Mamon/MockNFW20ellip0.5loga-2.08PA50center0.0_0.0With_background1num32.dat BFGS         1.0e-04 0 1 1 0     NFW        0.0032  -0.0038     -0.891 0.233 170   0.44  128.1           1E+30           2E+30     8   0.0032  -0.0038     -0.891 0.233 170   0.44    0.000
2018-05-16-14:01:27 1.15  Mocks_Mamon/MockNFW20ellip0.5loga-2.08PA50center0.0_0.0With_background1num33.dat BFGS         1.0e-04 0 1 1 0     NFW      359.9985  -0.0000     -0.935 0.181  32   0.49  123.0           1E+30           2E+30     8 359.9985  -0.0000     -0.935 0.181  32   0.49    0.000
2018-05-16-14:01:27 1.15  Mocks_Mamon/MockNFW20ellip0.5loga-2.08PA50center0.0_0.0With_background1num34.dat BFGS         1.0e-04 0 1 1 0     NFW        0.0075  -0.0002     -0.972 0.023 164   0.51  122.0       -565.3235       -1109.109   820   0.0075  -0.0002     -0.972 0.023 164   0.51    0.266
2018-05-16-14:01:27 1.15  Mocks_Mamon/MockNFW20ellip0.5loga-2.08PA50center0.0_0.0With_background1num35.dat BFGS         1.0e-04 0 1 1 0     NFW        0.0064   0.0059     -0.924 0.091  12   0.51  139.0           1E+30           2E+30     8   0.0064   0.0059     -0.924 0.091  12   0.51    0.000
2018-05-16-14:01:27 1.15  Mocks_Mamon/MockNFW20ellip0.5loga-2.08PA50center0.0_0.0With_background1num36.dat BFGS         1.0e-04 0 1 1 0     NFW        0.0017  -0.0020     -0.891 0.106  35   0.46  131.0           1E+30           2E+30     8   0.0017  -0.0020     -0.891 0.106  35   0.46    0.000
2018-05-16-14:01:27 1.15  Mocks_Mamon/MockNFW20ellip0.5loga-2.08PA50center0.0_0.0With_background1num37.dat BFGS         1.0e-04 0 1 1 0     NFW        0.0025  -0.0011     -0.925 0.126 149   0.50  130.2           1E+30           2E+30     8   0.0025  -0.0011     -0.925 0.126 149   0.50    0.000
2018-05-16-14:01:27 1.15  Mocks_Mamon/MockNFW20ellip0.5loga-2.08PA50center0.0_0.0With_background1num38.dat BFGS         1.0e-04 0 1 1 0     NFW        0.0005   0.0028     -0.912 0.043  39   0.48  129.4           1E+30           2E+30     8   0.0005   0.0028     -0.912 0.043  39   0.48    0.000
2018-05-16-14:01:27 1.15  Mocks_Mamon/MockNFW20ellip0.5loga-2.08PA50center0.0_0.0With_background1num39.dat BFGS         1.0e-04 0 1 1 0     NFW        0.0000  -0.0002     -0.909 0.115   1   0.45  119.9           1E+30           2E+30     8   0.0000  -0.0002     -0.909 0.115   1   0.45    0.000
2018-05-16-14:01:27 1.15  Mocks_Mamon/MockNFW20ellip0.5loga-2.08PA50center0.0_0.0With_background1num40.dat BFGS         1.0e-04 0 1 1 0     NFW      359.9968  -0.0005     -0.915 0.120 145   0.49  133.9           1E+30           2E+30     8 359.9968  -0.0005     -0.915 0.120 145   0.49    0.000
2018-05-16-14:01:27 1.15  Mocks_Mamon/MockNFW20ellip0.5loga-2.08PA50center0.0_0.0With_background1num41.dat BFGS         1.0e-04 0 1 1 0     NFW        0.0071   0.0022     -0.920 0.060  41   0.48  127.9           1E+30           2E+30     8   0.0071   0.0022     -0.920 0.060  41   0.48    0.000
2018-05-16-14:01:27 1.15  Mocks_Mamon/MockNFW20ellip0.5loga-2.08PA50center0.0_0.0With_background1num42.dat BFGS         1.0e-04 0 1 1 0     NFW      359.9943   0.0019     -0.897 0.057 146   0.46  130.7           1E+30           2E+30     8 359.9943   0.0019     -0.897 0.057 146   0.46    0.000
2018-05-16-14:01:27 1.15  Mocks_Mamon/MockNFW20ellip0.5loga-2.08PA50center0.0_0.0With_background1num43.dat BFGS         1.0e-04 0 1 1 0     NFW        0.0007   0.0004     -0.921 0.110 145   0.46  120.6           1E+30           2E+30     8   0.0007   0.0004     -0.921 0.110 145   0.46    0.000
2018-05-16-14:01:27 1.15  Mocks_Mamon/MockNFW20ellip0.5loga-2.08PA50center0.0_0.0With_background1num44.dat BFGS         1.0e-04 0 1 1 0     NFW      359.9993   0.0009     -0.895 0.097   1   0.44  125.4           1E+30           2E+30     8 359.9993   0.0009     -0.895 0.097   1   0.44    0.000
2018-05-16-14:01:27 1.15  Mocks_Mamon/MockNFW20ellip0.5loga-2.08PA50center0.0_0.0With_background1num45.dat BFGS         1.0e-04 0 1 1 0     NFW      359.9998   0.0019     -0.903 0.048  36   0.45  124.8           1E+30           2E+30     8 359.9998   0.0019     -0.903 0.048  36   0.45    0.000
2018-05-16-14:01:27 1.15  Mocks_Mamon/MockNFW20ellip0.5loga-2.08PA50center0.0_0.0With_background1num46.dat BFGS         1.0e-04 0 1 1 0     NFW      359.9948   0.0032     -0.900 0.092 164   0.49  139.4           1E+30           2E+30     8 359.9948   0.0032     -0.900 0.092 164   0.49    0.000
2018-05-16-14:01:27 1.15  Mocks_Mamon/MockNFW20ellip0.5loga-2.08PA50center0.0_0.0With_background1num47.dat BFGS         1.0e-04 0 1 1 0     NFW      359.9997   0.0099     -0.917 0.075 157   0.49  134.1           1E+30           2E+30     8 359.9997   0.0099     -0.917 0.075 157   0.49    0.000
2018-05-16-14:01:27 1.15  Mocks_Mamon/MockNFW20ellip0.5loga-2.08PA50center0.0_0.0With_background1num48.dat BFGS         1.0e-04 0 1 1 0     NFW      359.9981   0.0022     -0.931 0.104  23   0.49  126.1           1E+30           2E+30     8 359.9981   0.0022     -0.931 0.104  23   0.49    0.000
2018-05-16-14:01:27 1.15  Mocks_Mamon/MockNFW20ellip0.5loga-2.08PA50center0.0_0.0With_background1num49.dat BFGS         1.0e-04 0 1 1 0     NFW        0.0024  -0.0005     -0.917 0.118 169   0.47  125.5           1E+30           2E+30     8   0.0024  -0.0005     -0.917 0.118 169   0.47    0.000
2018-05-16-14:01:27 1.15  Mocks_Mamon/MockNFW20ellip0.5loga-2.08PA50center0.0_0.0With_background1num50.dat BFGS         1.0e-04 0 1 1 0     NFW        0.0002  -0.0028     -0.927 0.154 160   0.46  119.7           1E+30           2E+30     8   0.0002  -0.0028     -0.927 0.154 160   0.46    0.000
2018-05-16-14:01:27 1.15  Mocks_Mamon/MockNFW20ellip0.5loga-2.08PA50center0.0_0.0With_background1num51.dat BFGS         1.0e-04 0 1 1 0     NFW      360.0000  -0.0053     -0.926 0.050 147   0.49  126.7           1E+30           2E+30     8 360.0000  -0.0053     -0.926 0.050 147   0.49    0.000
2018-05-16-14:01:27 1.15  Mocks_Mamon/MockNFW20ellip0.5loga-2.08PA50center0.0_0.0With_background1num52.dat BFGS         1.0e-04 0 1 1 0     NFW      359.9991   0.0005     -0.928 0.082   6   0.47  119.3           1E+30           2E+30     8 359.9991   0.0005     -0.928 0.082   6   0.47    0.000
2018-05-16-14:01:27 1.15  Mocks_Mamon/MockNFW20ellip0.5loga-2.08PA50center0.0_0.0With_background1num53.dat BFGS         1.0e-04 0 1 1 0     NFW      359.9971  -0.0010     -0.918 0.089 145   0.50  135.5           1E+30           2E+30     8 359.9971  -0.0010     -0.918 0.089 145   0.50    0.000
2018-05-16-14:01:27 1.15  Mocks_Mamon/MockNFW20ellip0.5loga-2.08PA50center0.0_0.0With_background1num54.dat BFGS         1.0e-04 0 1 1 0     NFW      360.0000   0.0038     -0.911 0.145  10   0.49  134.4           1E+30           2E+30     8 360.0000   0.0038     -0.911 0.145  10   0.49    0.000
2018-05-16-14:01:27 1.15  Mocks_Mamon/MockNFW20ellip0.5loga-2.08PA50center0.0_0.0With_background1num55.dat BFGS         1.0e-04 0 1 1 0     NFW        0.0004  -0.0049     -0.934 0.042  11   0.51  129.8           1E+30           2E+30     8   0.0004  -0.0049     -0.934 0.042  11   0.51    0.000
2018-05-16-14:01:27 1.15  Mocks_Mamon/MockNFW20ellip0.5loga-2.08PA50center0.0_0.0With_background1num56.dat BFGS         1.0e-04 0 1 1 0     NFW      359.9963   0.0082     -0.906 0.105   9   0.49  140.1           1E+30           2E+30     8 359.9963   0.0082     -0.906 0.105   9   0.49    0.000
2018-05-16-14:01:27 1.15  Mocks_Mamon/MockNFW20ellip0.5loga-2.08PA50center0.0_0.0With_background1num57.dat BFGS         1.0e-04 0 1 1 0     NFW      359.9997   0.0027     -0.897 0.153 161   0.47  131.2           1E+30           2E+30     8 359.9997   0.0027     -0.897 0.153 161   0.47    0.000
2018-05-16-14:01:27 1.15  Mocks_Mamon/MockNFW20ellip0.5loga-2.08PA50center0.0_0.0With_background1num58.dat BFGS         1.0e-04 0 1 1 0     NFW      359.9937  -0.0055     -0.898 0.083 166   0.48  140.6           1E+30           2E+30     8 359.9937  -0.0055     -0.898 0.083 166   0.48    0.000
2018-05-16-14:01:27 1.15  Mocks_Mamon/MockNFW20ellip0.5loga-2.08PA50center0.0_0.0With_background1num59.dat BFGS         1.0e-04 0 1 1 0     NFW      359.9969  -0.0007     -0.897 0.089 166   0.44  123.6           1E+30           2E+30     8 359.9969  -0.0007     -0.897 0.089 166   0.44    0.000
2018-05-16-14:01:27 1.15  Mocks_Mamon/MockNFW20ellip0.5loga-2.08PA50center0.0_0.0With_background1num60.dat BFGS         1.0e-04 0 1 1 0     NFW      359.9988   0.0006     -0.906 0.138 158   0.45  122.6           1E+30           2E+30     8 359.9988   0.0006     -0.906 0.138 158   0.45    0.000
2018-05-16-14:01:27 1.15  Mocks_Mamon/MockNFW20ellip0.5loga-2.08PA50center0.0_0.0With_background1num61.dat BFGS         1.0e-04 0 1 1 0     NFW      359.9994   0.0013     -0.903 0.089   6   0.45  123.8           1E+30           2E+30     8 359.9994   0.0013     -0.903 0.089   6   0.45    0.000
2018-05-16-14:01:27 1.15  Mocks_Mamon/MockNFW20ellip0.5loga-2.08PA50center0.0_0.0With_background1num62.dat BFGS         1.0e-04 0 1 1 0     NFW      359.9916  -0.0076     -0.934 0.079  26   0.49  130.5           1E+30           2E+30     8 359.9916  -0.0076     -0.934 0.079  26   0.49    0.000
2018-05-16-14:01:27 1.15  Mocks_Mamon/MockNFW20ellip0.5loga-2.08PA50center0.0_0.0With_background1num63.dat BFGS         1.0e-04 0 1 1 0     NFW      359.9956  -0.0038     -0.936 0.051 162   0.51  130.9           1E+30           2E+30     8 359.9956  -0.0038     -0.936 0.051 162   0.51    0.000
2018-05-16-14:01:27 1.15  Mocks_Mamon/MockNFW20ellip0.5loga-2.08PA50center0.0_0.0With_background1num64.dat BFGS         1.0e-04 0 1 1 0     NFW      359.9984  -0.0031     -0.892 0.050  30   0.46  131.4           1E+30           2E+30     8 359.9984  -0.0031     -0.892 0.050  30   0.46    0.000
2018-05-16-14:01:27 1.15  Mocks_Mamon/MockNFW20ellip0.5loga-2.08PA50center0.0_0.0With_background1num65.dat BFGS         1.0e-04 0 1 1 0     NFW      359.9999  -0.0126     -0.913 0.019 168   0.49  137.2           1E+30           2E+30     8 359.9999  -0.0126     -0.913 0.019 168   0.49    0.000
2018-05-16-14:01:27 1.15  Mocks_Mamon/MockNFW20ellip0.5loga-2.08PA50center0.0_0.0With_background1num66.dat BFGS         1.0e-04 0 1 1 0     NFW        0.0015   0.0005     -0.930 0.134  17   0.49  126.6           1E+30           2E+30     8   0.0015   0.0005     -0.930 0.134  17   0.49    0.000
2018-05-16-14:01:27 1.15  Mocks_Mamon/MockNFW20ellip0.5loga-2.08PA50center0.0_0.0With_background1num67.dat BFGS         1.0e-04 0 1 1 0     NFW      359.9995   0.0002     -0.907 0.035 169   0.45  121.5           1E+30           2E+30     8 359.9995   0.0002     -0.907 0.035 169   0.45    0.000
2018-05-16-14:01:27 1.15  Mocks_Mamon/MockNFW20ellip0.5loga-2.08PA50center0.0_0.0With_background1num68.dat BFGS         1.0e-04 0 1 1 0     NFW        0.0000   0.0047     -0.895 0.110  28   0.47  135.4           1E+30           2E+30     8   0.0000   0.0047     -0.895 0.110  28   0.47    0.000
2018-05-16-14:01:27 1.15  Mocks_Mamon/MockNFW20ellip0.5loga-2.08PA50center0.0_0.0With_background1num69.dat BFGS         1.0e-04 0 1 1 0     NFW        0.0011  -0.0000     -0.919 0.028 178   0.47  123.8           1E+30           2E+30     8   0.0011  -0.0000     -0.919 0.028 178   0.47    0.000
2018-05-16-14:01:27 1.15  Mocks_Mamon/MockNFW20ellip0.5loga-2.08PA50center0.0_0.0With_background1num70.dat BFGS         1.0e-04 0 1 1 0     NFW        0.0001   0.0003     -0.915 0.059 140   0.45  119.3           1E+30           2E+30     8   0.0001   0.0003     -0.915 0.059 140   0.45    0.000
2018-05-16-14:01:27 1.15  Mocks_Mamon/MockNFW20ellip0.5loga-2.08PA50center0.0_0.0With_background1num71.dat BFGS         1.0e-04 0 1 1 0     NFW      359.9987  -0.0053     -0.923 0.022   4   0.49  129.4           1E+30           2E+30     8 359.9987  -0.0053     -0.923 0.022   4   0.49    0.000
2018-05-16-14:01:27 1.15  Mocks_Mamon/MockNFW20ellip0.5loga-2.08PA50center0.0_0.0With_background1num72.dat BFGS         1.0e-04 0 1 1 0     NFW      359.9977  -0.0001     -0.913 0.050   8   0.49  133.1           1E+30           2E+30     8 359.9977  -0.0001     -0.913 0.050   8   0.49    0.000
2018-05-16-14:01:27 1.15  Mocks_Mamon/MockNFW20ellip0.5loga-2.08PA50center0.0_0.0With_background1num73.dat BFGS         1.0e-04 0 1 1 0     NFW        0.0000   0.0007     -0.929 0.029 137   0.49  124.4           1E+30           2E+30     8   0.0000   0.0007     -0.929 0.029 137   0.49    0.000
2018-05-16-14:01:27 1.15  Mocks_Mamon/MockNFW20ellip0.5loga-2.08PA50center0.0_0.0With_background1num74.dat BFGS         1.0e-04 0 1 1 0     NFW        0.0006   0.0025     -0.927 0.119 149   0.48  123.1           1E+30           2E+30     8   0.0006   0.0025     -0.927 0.119 149   0.48    0.000
2018-05-16-14:01:27 1.15  Mocks_Mamon/MockNFW20ellip0.5loga-2.08PA50center0.0_0.0With_background1num75.dat BFGS         1.0e-04 0 1 1 0     NFW        0.0047  -0.0023     -0.922 0.070  38   0.51  134.8           1E+30           2E+30     8   0.0047  -0.0023     -0.922 0.070  38   0.51    0.000
2018-05-16-14:01:27 1.15  Mocks_Mamon/MockNFW20ellip0.5loga-2.08PA50center0.0_0.0With_background1num76.dat BFGS         1.0e-04 0 1 1 0     NFW      359.9978  -0.0089     -0.893 0.124 135   0.45  133.3           1E+30           2E+30     8 359.9978  -0.0089     -0.893 0.124 135   0.45    0.000
2018-05-16-14:01:27 1.15  Mocks_Mamon/MockNFW20ellip0.5loga-2.08PA50center0.0_0.0With_background1num77.dat BFGS         1.0e-04 0 1 1 0     NFW        0.0007   0.0065     -0.898 0.044 159   0.51  148.0           1E+30           2E+30     8   0.0007   0.0065     -0.898 0.044 159   0.51    0.000
2018-05-16-14:01:27 1.15  Mocks_Mamon/MockNFW20ellip0.5loga-2.08PA50center0.0_0.0With_background1num78.dat BFGS         1.0e-04 0 1 1 0     NFW        0.0020  -0.0029     -0.939 0.068  12   0.48  120.4           1E+30           2E+30     8   0.0020  -0.0029     -0.939 0.068  12   0.48    0.000
2018-05-16-14:01:27 1.15  Mocks_Mamon/MockNFW20ellip0.5loga-2.08PA50center0.0_0.0With_background1num79.dat BFGS         1.0e-04 0 1 1 0     NFW      359.9999   0.0012     -0.891 0.133  45   0.47  134.5           1E+30           2E+30     8 359.9999   0.0012     -0.891 0.133  45   0.47    0.000
2018-05-16-14:01:27 1.15  Mocks_Mamon/MockNFW20ellip0.5loga-2.08PA50center0.0_0.0With_background1num80.dat BFGS         1.0e-04 0 1 1 0     NFW      359.9996   0.0000     -0.940 0.042  29   0.49  121.6           1E+30           2E+30     8 359.9996   0.0000     -0.940 0.042  29   0.49    0.000
2018-05-16-14:01:27 1.15  Mocks_Mamon/MockNFW20ellip0.5loga-2.08PA50center0.0_0.0With_background1num81.dat BFGS         1.0e-04 0 1 1 0     NFW        0.0018   0.0009     -0.926 0.097 140   0.49  128.9           1E+30           2E+30     8   0.0018   0.0009     -0.926 0.097 140   0.49    0.000
2018-05-16-14:01:27 1.15  Mocks_Mamon/MockNFW20ellip0.5loga-2.08PA50center0.0_0.0With_background1num82.dat BFGS         1.0e-04 0 1 1 0     NFW        0.0032   0.0005     -0.928 0.089   8   0.50  130.2           1E+30           2E+30     8   0.0032   0.0005     -0.928 0.089   8   0.50    0.000
2018-05-16-14:01:27 1.15  Mocks_Mamon/MockNFW20ellip0.5loga-2.08PA50center0.0_0.0With_background1num83.dat BFGS         1.0e-04 0 1 1 0     NFW        0.0001   0.0008     -0.898 0.051  12   0.45  126.0           1E+30           2E+30     8   0.0001   0.0008     -0.898 0.051  12   0.45    0.000
2018-05-16-14:01:27 1.15  Mocks_Mamon/MockNFW20ellip0.5loga-2.08PA50center0.0_0.0With_background1num84.dat BFGS         1.0e-04 0 1 1 0     NFW        0.0023   0.0001     -0.926 0.138  21   0.46  118.9           1E+30           2E+30     8   0.0023   0.0001     -0.926 0.138  21   0.46    0.000
2018-05-16-14:01:27 1.15  Mocks_Mamon/MockNFW20ellip0.5loga-2.08PA50center0.0_0.0With_background1num85.dat BFGS         1.0e-04 0 1 1 0     NFW        0.0004   0.0062     -0.916 0.053  25   0.51  138.3           1E+30           2E+30     8   0.0004   0.0062     -0.916 0.053  25   0.51    0.000
2018-05-16-14:01:27 1.15  Mocks_Mamon/MockNFW20ellip0.5loga-2.08PA50center0.0_0.0With_background1num86.dat BFGS         1.0e-04 0 1 1 0     NFW        0.0002   0.0004     -0.905 0.094 178   0.45  124.3           1E+30           2E+30     8   0.0002   0.0004     -0.905 0.094 178   0.45    0.000
2018-05-16-14:01:27 1.15  Mocks_Mamon/MockNFW20ellip0.5loga-2.08PA50center0.0_0.0With_background1num87.dat BFGS         1.0e-04 0 1 1 0     NFW      359.9998   0.0013     -0.940 0.068  23   0.50  124.6           1E+30           2E+30     8 359.9998   0.0013     -0.940 0.068  23   0.50    0.000
2018-05-16-14:01:27 1.15  Mocks_Mamon/MockNFW20ellip0.5loga-2.08PA50center0.0_0.0With_background1num88.dat BFGS         1.0e-04 0 1 1 0     NFW      360.0000  -0.0000     -0.914 0.082 176   0.48  128.7           1E+30           2E+30     8 360.0000  -0.0000     -0.914 0.082 176   0.48    0.000
2018-05-16-14:01:27 1.15  Mocks_Mamon/MockNFW20ellip0.5loga-2.08PA50center0.0_0.0With_background1num89.dat BFGS         1.0e-04 0 1 1 0     NFW      359.9997   0.0000     -0.912 0.063  25   0.45  120.4           1E+30           2E+30     8 359.9997   0.0000     -0.912 0.063  25   0.45    0.000
2018-05-16-14:01:27 1.15  Mocks_Mamon/MockNFW20ellip0.5loga-2.08PA50center0.0_0.0With_background1num90.dat BFGS         1.0e-04 0 1 1 0     NFW        0.0032  -0.0000     -0.935 0.131  34   0.52  131.8           1E+30           2E+30     8   0.0032  -0.0000     -0.935 0.131  34   0.52    0.000
2018-05-16-14:01:27 1.15  Mocks_Mamon/MockNFW20ellip0.5loga-2.08PA50center0.0_0.0With_background1num91.dat BFGS         1.0e-04 0 1 1 0     NFW      359.9990  -0.0002     -0.925 0.073  40   0.49  126.6           1E+30           2E+30     8 359.9990  -0.0002     -0.925 0.073  40   0.49    0.000
2018-05-16-14:01:27 1.15  Mocks_Mamon/MockNFW20ellip0.5loga-2.08PA50center0.0_0.0With_background1num92.dat BFGS         1.0e-04 0 1 1 0     NFW      359.9984   0.0001     -0.909 0.153 167   0.45  123.2           1E+30           2E+30     8 359.9984   0.0001     -0.909 0.153 167   0.45    0.000
2018-05-16-14:01:27 1.15  Mocks_Mamon/MockNFW20ellip0.5loga-2.08PA50center0.0_0.0With_background1num93.dat BFGS         1.0e-04 0 1 1 0     NFW      359.9999   0.0093     -0.928 0.038 155   0.47  126.0           1E+30           2E+30     8 359.9999   0.0093     -0.928 0.038 155   0.47    0.000
2018-05-16-14:01:27 1.15  Mocks_Mamon/MockNFW20ellip0.5loga-2.08PA50center0.0_0.0With_background1num94.dat BFGS         1.0e-04 0 1 1 0     NFW        0.0020  -0.0064     -0.912 0.048 153   0.49  137.6           1E+30           2E+30     8   0.0020  -0.0064     -0.912 0.048 153   0.49    0.000
2018-05-16-14:01:27 1.15  Mocks_Mamon/MockNFW20ellip0.5loga-2.08PA50center0.0_0.0With_background1num95.dat BFGS         1.0e-04 0 1 1 0     NFW        0.0029   0.0001     -0.921 0.018 142   0.50  130.7           1E+30           2E+30     8   0.0029   0.0001     -0.921 0.018 142   0.50    0.000
2018-05-16-14:01:27 1.15  Mocks_Mamon/MockNFW20ellip0.5loga-2.08PA50center0.0_0.0With_background1num96.dat BFGS         1.0e-04 0 1 1 0     NFW        0.0012  -0.0027     -0.918 0.068  44   0.47  125.4           1E+30           2E+30     8   0.0012  -0.0027     -0.918 0.068  44   0.47    0.000
2018-05-16-14:01:27 1.15  Mocks_Mamon/MockNFW20ellip0.5loga-2.08PA50center0.0_0.0With_background1num97.dat BFGS         1.0e-04 0 1 1 0     NFW      359.9980  -0.0018     -0.931 0.083  29   0.49  127.9           1E+30           2E+30     8 359.9980  -0.0018     -0.931 0.083  29   0.49    0.000
2018-05-16-14:01:27 1.15  Mocks_Mamon/MockNFW20ellip0.5loga-2.08PA50center0.0_0.0With_background1num98.dat BFGS         1.0e-04 0 1 1 0     NFW      359.9993  -0.0010     -0.950 0.036 167   0.51  125.0           1E+30           2E+30     8 359.9993  -0.0010     -0.950 0.036 167   0.51    0.000
2018-05-16-14:01:27 1.15  Mocks_Mamon/MockNFW20ellip0.5loga-2.08PA50center0.0_0.0With_background1num99.dat BFGS         1.0e-04 0 1 1 0     NFW      359.9998   0.0038     -0.930 0.136  28   0.50  128.9           1E+30           2E+30     8 359.9998   0.0038     -0.930 0.136  28   0.50    0.000
