2018-05-16-14:00:11 1.15  Mocks_Mamon/MockNFW20ellip0.5loga-2.08PA50center0.0_0.0With_background1num0.dat Diff-Evol    1.0e-04 0 1 1 0     NFW      359.9920  -0.0076     -1.380 0.526  26   3.52   -8.5       -585.8959       -1150.217  1054 359.9920  -0.0076     -0.935 0.064  10   0.52    0.591
2018-05-16-14:00:11 1.15  Mocks_Mamon/MockNFW20ellip0.5loga-2.08PA50center0.0_0.0With_background1num1.dat Diff-Evol    1.0e-04 0 1 1 0     NFW      359.9904  -0.0028     -2.040 0.792  79   3.49   -3.0       -550.5955       -1079.598  1299 359.9904  -0.0028     -0.918 0.096 147   0.49    0.714
2018-05-16-14:00:11 1.15  Mocks_Mamon/MockNFW20ellip0.5loga-2.08PA50center0.0_0.0With_background1num2.dat Diff-Evol    1.0e-04 0 1 1 0     NFW        0.0022   0.0001     -2.571 0.759  88   3.48   -1.7       -499.7762       -977.9597  1254   0.0022   0.0001     -0.908 0.151 162   0.48    0.698
2018-05-16-14:00:11 1.15  Mocks_Mamon/MockNFW20ellip0.5loga-2.08PA50center0.0_0.0With_background1num3.dat Diff-Evol    1.0e-04 0 1 1 0     NFW      359.9962  -0.0003     -2.564 0.583  91   3.47   -1.7       -504.6483       -987.7587  1242 359.9962  -0.0003     -0.903 0.105 136   0.47    0.681
2018-05-16-14:00:11 1.15  Mocks_Mamon/MockNFW20ellip0.5loga-2.08PA50center0.0_0.0With_background1num4.dat Diff-Evol    1.0e-04 0 1 1 0     NFW        0.0004   0.0051     -2.561 0.781  11   3.46   -1.6       -503.5384       -985.5024  1427   0.0004   0.0051     -0.899 0.026  38   0.46    0.800
2018-05-16-14:00:11 1.15  Mocks_Mamon/MockNFW20ellip0.5loga-2.08PA50center0.0_0.0With_background1num5.dat Diff-Evol    1.0e-04 0 1 1 0     NFW        0.0053  -0.0043     -2.118 0.524 114   3.48   -2.6       -519.2872       -1016.982   964   0.0053  -0.0043     -0.919 0.037 152   0.48    0.533
2018-05-16-14:00:11 1.15  Mocks_Mamon/MockNFW20ellip0.5loga-2.08PA50center0.0_0.0With_background1num6.dat Diff-Evol    1.0e-04 0 1 1 0     NFW      359.9995   0.0001     -1.027 0.351 171   3.40    4.4        -500.718       -979.8797   770 359.9995   0.0001     -0.935 0.064 180   0.49    0.425
2018-05-16-14:00:11 1.15  Mocks_Mamon/MockNFW20ellip0.5loga-2.08PA50center0.0_0.0With_background1num7.dat Diff-Evol    1.0e-04 0 1 1 0     NFW        0.0002  -0.0000     -1.666 0.598  44   3.47   -4.2       -468.5018        -915.411   957   0.0002  -0.0000     -0.918 0.047 176   0.47    0.531
2018-05-16-14:00:11 1.15  Mocks_Mamon/MockNFW20ellip0.5loga-2.08PA50center0.0_0.0With_background1num8.dat Diff-Evol    1.0e-04 0 1 1 0     NFW      359.9979  -0.0001     -1.287 0.531  13   3.49   -8.9       -499.1804       -976.7682  1068 359.9979  -0.0001     -0.919 0.110 170   0.49    0.591
2018-05-16-14:00:11 1.15  Mocks_Mamon/MockNFW20ellip0.5loga-2.08PA50center0.0_0.0With_background1num9.dat Diff-Evol    1.0e-04 0 1 1 0     NFW      359.9983  -0.0001     -1.326 0.790  44   3.46   -7.7       -470.3259       -919.0773  1136 359.9983  -0.0001     -0.907 0.051  20   0.46    0.632
2018-05-16-14:00:11 1.15  Mocks_Mamon/MockNFW20ellip0.5loga-2.08PA50center0.0_0.0With_background1num10.dat Diff-Evol    1.0e-04 0 1 1 0     NFW      360.0000  -0.0023     -1.925 0.716  74   3.49   -3.1       -506.0669       -990.5774  1019 360.0000  -0.0023     -0.951 0.086 151   0.49    0.565
2018-05-16-14:00:11 1.15  Mocks_Mamon/MockNFW20ellip0.5loga-2.08PA50center0.0_0.0With_background1num11.dat Diff-Evol    1.0e-04 0 1 1 0     NFW        0.0045  -0.0013     -2.564 0.780 119   3.46   -1.6       -491.6786       -961.8008  1456   0.0045  -0.0013     -0.895 0.127  11   0.46    0.801
2018-05-16-14:00:11 1.15  Mocks_Mamon/MockNFW20ellip0.5loga-2.08PA50center0.0_0.0With_background1num12.dat Diff-Evol    1.0e-04 0 1 1 0     NFW      359.9998  -0.0031     -2.575 0.591  23   3.46   -1.6       -479.5245       -937.4746  1331 359.9998  -0.0031     -0.898 0.137  10   0.46    0.729
2018-05-16-14:00:11 1.15  Mocks_Mamon/MockNFW20ellip0.5loga-2.08PA50center0.0_0.0With_background1num13.dat Diff-Evol    1.0e-04 0 1 1 0     NFW        0.0025  -0.0000     -1.478 0.641  81   3.46   -5.6       -459.8843       -898.1941  1040   0.0025  -0.0000     -0.900 0.022  38   0.46    0.574
2018-05-16-14:00:11 1.15  Mocks_Mamon/MockNFW20ellip0.5loga-2.08PA50center0.0_0.0With_background1num14.dat Diff-Evol    1.0e-04 0 1 1 0     NFW        0.0054  -0.0007     -2.560 0.794 100   3.50   -1.8       -540.6909       -1059.826  1510   0.0054  -0.0007     -0.913 0.129 142   0.50    0.846
2018-05-16-14:00:11 1.15  Mocks_Mamon/MockNFW20ellip0.5loga-2.08PA50center0.0_0.0With_background1num15.dat Diff-Evol    1.0e-04 0 1 1 0     NFW      359.9980   0.0007     -1.894 0.000 150   3.46   -3.0       -469.1729       -916.7714   956 359.9980   0.0007     -0.896 0.102 141   0.46    0.536
2018-05-16-14:00:11 1.15  Mocks_Mamon/MockNFW20ellip0.5loga-2.08PA50center0.0_0.0With_background1num16.dat Diff-Evol    1.0e-04 0 1 1 0     NFW        0.0003  -0.0000     -0.976 0.776  61   3.45  -17.2        -444.941       -868.3075  1323   0.0003  -0.0000     -0.928 0.102  26   0.45    0.731
2018-05-16-14:00:11 1.15  Mocks_Mamon/MockNFW20ellip0.5loga-2.08PA50center0.0_0.0With_background1num17.dat Diff-Evol    1.0e-04 0 1 1 0     NFW        0.0017   0.0041     -1.664 0.528  67   3.48   -4.4       -496.2462       -970.9361   880   0.0017   0.0041     -0.906 0.072   4   0.48    0.490
2018-05-16-14:00:11 1.15  Mocks_Mamon/MockNFW20ellip0.5loga-2.08PA50center0.0_0.0With_background1num18.dat Diff-Evol    1.0e-04 0 1 1 0     NFW      359.9959  -0.0037     -2.557 0.705  49   3.52   -1.9       -556.3084       -1091.079  1975 359.9959  -0.0037     -0.910 0.045 137   0.52    1.115
2018-05-16-14:00:11 1.15  Mocks_Mamon/MockNFW20ellip0.5loga-2.08PA50center0.0_0.0With_background1num19.dat Diff-Evol    1.0e-04 0 1 1 0     NFW      359.9985   0.0012     -1.219 0.628 140   3.44   -9.3       -448.6109       -875.6472  1130 359.9985   0.0012     -0.903 0.088  35   0.44    0.622
2018-05-16-14:00:11 1.15  Mocks_Mamon/MockNFW20ellip0.5loga-2.08PA50center0.0_0.0With_background1num20.dat Diff-Evol    1.0e-04 0 1 1 0     NFW        0.0012   0.0007     -1.961 0.670  48   3.43   -2.5       -428.8425       -836.1288  1392   0.0012   0.0007     -0.901 0.054   7   0.43    0.744
2018-05-16-14:00:11 1.15  Mocks_Mamon/MockNFW20ellip0.5loga-2.08PA50center0.0_0.0With_background1num21.dat Diff-Evol    1.0e-04 0 1 1 0     NFW        0.0100   0.0003     -0.986 0.751  67   3.49  -19.4       -535.0902       -1048.606  1137   0.0100   0.0003     -0.911 0.125 147   0.49    0.634
2018-05-16-14:00:11 1.15  Mocks_Mamon/MockNFW20ellip0.5loga-2.08PA50center0.0_0.0With_background1num22.dat Diff-Evol    1.0e-04 0 1 1 0     NFW        0.0001  -0.0010     -1.552 0.800  92   3.42   -4.6         -428.64       -835.7237  1462   0.0001  -0.0010     -0.892 0.102  37   0.42    0.779
2018-05-16-14:00:11 1.15  Mocks_Mamon/MockNFW20ellip0.5loga-2.08PA50center0.0_0.0With_background1num23.dat Diff-Evol    1.0e-04 0 1 1 0     NFW        0.0006   0.0010     -1.742 0.800  71   3.45   -3.6       -456.8732        -892.172  1346   0.0006   0.0010     -0.909 0.058  13   0.45    0.739
2018-05-16-14:00:11 1.15  Mocks_Mamon/MockNFW20ellip0.5loga-2.08PA50center0.0_0.0With_background1num24.dat Diff-Evol    1.0e-04 0 1 1 0     NFW      359.9970   0.0009     -2.567 0.374  65   3.48   -1.7       -504.9841       -988.3936  1117 359.9970   0.0009     -0.909 0.013 171   0.48    0.614
2018-05-16-14:00:11 1.15  Mocks_Mamon/MockNFW20ellip0.5loga-2.08PA50center0.0_0.0With_background1num25.dat Diff-Evol    1.0e-04 0 1 1 0     NFW        0.0001  -0.0052     -2.542 0.732 176   3.47   -1.7        -504.387       -987.1994  1455   0.0001  -0.0052     -0.927 0.161 145   0.47    0.809
2018-05-16-14:00:11 1.15  Mocks_Mamon/MockNFW20ellip0.5loga-2.08PA50center0.0_0.0With_background1num26.dat Diff-Evol    1.0e-04 0 1 1 0     NFW      359.9979   0.0011     -1.400 0.334  25   3.50   -7.3       -517.4319       -1013.308   749 359.9979   0.0011     -0.918 0.065 137   0.50    0.415
2018-05-16-14:00:11 1.15  Mocks_Mamon/MockNFW20ellip0.5loga-2.08PA50center0.0_0.0With_background1num27.dat Diff-Evol    1.0e-04 0 1 1 0     NFW      359.9977  -0.0005     -2.574 0.797  64   3.45   -1.5       -469.1216       -916.6687   970 359.9977  -0.0005     -0.911 0.049 160   0.45    0.535
2018-05-16-14:00:11 1.15  Mocks_Mamon/MockNFW20ellip0.5loga-2.08PA50center0.0_0.0With_background1num28.dat Diff-Evol    1.0e-04 0 1 1 0     NFW        0.0038  -0.0066     -2.146 0.284 150   3.49   -2.1       -533.0612       -1044.566   881   0.0038  -0.0066     -0.929 0.003  17   0.50    0.488
2018-05-16-14:00:11 1.15  Mocks_Mamon/MockNFW20ellip0.5loga-2.08PA50center0.0_0.0With_background1num29.dat Diff-Evol    1.0e-04 0 1 1 0     NFW      359.9997   0.0017     -2.578 0.726   0   3.49   -1.6       -490.0273       -958.4801  1296 359.9997   0.0017     -0.912 0.145  31   0.49    0.718
2018-05-16-14:00:11 1.15  Mocks_Mamon/MockNFW20ellip0.5loga-2.08PA50center0.0_0.0With_background1num30.dat Diff-Evol    1.0e-04 0 1 1 0     NFW      359.9923  -0.0073     -1.991 0.702  65   3.49   -3.1        -549.746       -1077.917   964 359.9923  -0.0073     -0.915 0.039   5   0.49    0.533
2018-05-16-14:00:11 1.15  Mocks_Mamon/MockNFW20ellip0.5loga-2.08PA50center0.0_0.0With_background1num31.dat Diff-Evol    1.0e-04 0 1 1 0     NFW        0.0013   0.0001     -1.880 0.684  29   3.44   -3.0       -454.2884       -887.0023  1254   0.0013   0.0001     -0.907 0.155 144   0.44    0.696
2018-05-16-14:00:11 1.15  Mocks_Mamon/MockNFW20ellip0.5loga-2.08PA50center0.0_0.0With_background1num32.dat Diff-Evol    1.0e-04 0 1 1 0     NFW        0.0032  -0.0038     -2.560 0.433 120   3.44   -1.6       -474.1508        -926.709  1158   0.0032  -0.0038     -0.891 0.233 170   0.44    0.640
2018-05-16-14:00:11 1.15  Mocks_Mamon/MockNFW20ellip0.5loga-2.08PA50center0.0_0.0With_background1num33.dat Diff-Evol    1.0e-04 0 1 1 0     NFW      359.9985  -0.0000     -1.120 0.800  83   3.49  -13.0       -492.7601       -963.9457  1061 359.9985  -0.0000     -0.935 0.181  32   0.49    0.586
2018-05-16-14:00:11 1.15  Mocks_Mamon/MockNFW20ellip0.5loga-2.08PA50center0.0_0.0With_background1num34.dat Diff-Evol    1.0e-04 0 1 1 0     NFW        0.0075  -0.0002     -0.949 0.031 155   3.08   74.2       -566.7595       -1111.981   652   0.0075  -0.0002     -0.972 0.023 164   0.51    0.363
2018-05-16-14:00:11 1.15  Mocks_Mamon/MockNFW20ellip0.5loga-2.08PA50center0.0_0.0With_background1num35.dat Diff-Evol    1.0e-04 0 1 1 0     NFW        0.0064   0.0059     -2.054 0.800  42   3.51   -3.0        -570.916       -1120.239  1247   0.0064   0.0059     -0.924 0.091  12   0.51    0.703
2018-05-16-14:00:11 1.15  Mocks_Mamon/MockNFW20ellip0.5loga-2.08PA50center0.0_0.0With_background1num36.dat Diff-Evol    1.0e-04 0 1 1 0     NFW        0.0017  -0.0020     -2.573 0.794 148   3.46   -1.6       -476.2271       -930.8797  1337   0.0017  -0.0020     -0.891 0.106  35   0.46    0.741
2018-05-16-14:00:11 1.15  Mocks_Mamon/MockNFW20ellip0.5loga-2.08PA50center0.0_0.0With_background1num37.dat Diff-Evol    1.0e-04 0 1 1 0     NFW        0.0025  -0.0011     -2.579 0.491 113   3.50   -1.7       -517.0324       -1012.508  1213   0.0025  -0.0011     -0.925 0.126 149   0.50    0.675
2018-05-16-14:00:11 1.15  Mocks_Mamon/MockNFW20ellip0.5loga-2.08PA50center0.0_0.0With_background1num38.dat Diff-Evol    1.0e-04 0 1 1 0     NFW        0.0005   0.0028     -2.226 0.550  50   3.48   -2.2       -494.4112        -967.248  1261   0.0005   0.0028     -0.912 0.043  39   0.48    0.701
2018-05-16-14:00:11 1.15  Mocks_Mamon/MockNFW20ellip0.5loga-2.08PA50center0.0_0.0With_background1num39.dat Diff-Evol    1.0e-04 0 1 1 0     NFW        0.0000  -0.0002     -1.001 0.634 178   3.40   -4.5        -445.511       -869.4475   964   0.0000  -0.0002     -0.909 0.115   1   0.45    0.527
2018-05-16-14:00:11 1.15  Mocks_Mamon/MockNFW20ellip0.5loga-2.08PA50center0.0_0.0With_background1num40.dat Diff-Evol    1.0e-04 0 1 1 0     NFW      359.9968  -0.0005     -2.566 0.754  85   3.49   -1.7       -522.7797       -1024.003  1366 359.9968  -0.0005     -0.915 0.120 145   0.49    0.756
2018-05-16-14:00:11 1.15  Mocks_Mamon/MockNFW20ellip0.5loga-2.08PA50center0.0_0.0With_background1num41.dat Diff-Evol    1.0e-04 0 1 1 0     NFW        0.0071   0.0022     -2.351 0.605  45   3.48   -2.0       -511.4917       -1001.445  1074   0.0071   0.0022     -0.920 0.060  41   0.48    0.599
2018-05-16-14:00:11 1.15  Mocks_Mamon/MockNFW20ellip0.5loga-2.08PA50center0.0_0.0With_background1num42.dat Diff-Evol    1.0e-04 0 1 1 0     NFW      359.9943   0.0019     -2.559 0.800 104   3.46   -1.6       -504.0241       -986.5102  1344 359.9943   0.0019     -0.897 0.057 146   0.46    0.746
2018-05-16-14:00:11 1.15  Mocks_Mamon/MockNFW20ellip0.5loga-2.08PA50center0.0_0.0With_background1num43.dat Diff-Evol    1.0e-04 0 1 1 0     NFW        0.0007   0.0004     -2.421 0.040  76   3.46   -1.8       -473.9046       -926.2347  1144   0.0007   0.0004     -0.921 0.110 145   0.46    0.630
2018-05-16-14:00:11 1.15  Mocks_Mamon/MockNFW20ellip0.5loga-2.08PA50center0.0_0.0With_background1num44.dat Diff-Evol    1.0e-04 0 1 1 0     NFW      359.9993   0.0009     -1.875 0.594  41   3.44   -3.0       -450.8849       -880.2134  1421 359.9993   0.0009     -0.895 0.097   1   0.44    0.846
2018-05-16-14:00:11 1.15  Mocks_Mamon/MockNFW20ellip0.5loga-2.08PA50center0.0_0.0With_background1num45.dat Diff-Evol    1.0e-04 0 1 1 0     NFW      359.9998   0.0019     -1.072 0.800  66   3.45  -13.5       -456.8847        -892.213  1345 359.9998   0.0019     -0.903 0.048  36   0.45    0.742
2018-05-16-14:00:11 1.15  Mocks_Mamon/MockNFW20ellip0.5loga-2.08PA50center0.0_0.0With_background1num46.dat Diff-Evol    1.0e-04 0 1 1 0     NFW      359.9948   0.0032     -2.559 0.741 113   3.49   -1.8       -532.7132       -1043.834  1117 359.9948   0.0032     -0.900 0.092 164   0.49    0.617
2018-05-16-14:00:11 1.15  Mocks_Mamon/MockNFW20ellip0.5loga-2.08PA50center0.0_0.0With_background1num47.dat Diff-Evol    1.0e-04 0 1 1 0     NFW      359.9997   0.0099     -1.934 0.791 179   3.49   -3.3       -538.0798       -1054.585  1393 359.9997   0.0099     -0.917 0.075 157   0.49    0.780
2018-05-16-14:00:11 1.15  Mocks_Mamon/MockNFW20ellip0.5loga-2.08PA50center0.0_0.0With_background1num48.dat Diff-Evol    1.0e-04 0 1 1 0     NFW      359.9981   0.0022     -2.572 0.761 144   3.49   -1.7       -519.2224        -1016.87  1513 359.9981   0.0022     -0.931 0.104  23   0.49    0.829
2018-05-16-14:00:11 1.15  Mocks_Mamon/MockNFW20ellip0.5loga-2.08PA50center0.0_0.0With_background1num49.dat Diff-Evol    1.0e-04 0 1 1 0     NFW        0.0024  -0.0005     -1.495 0.296  91   3.47   -5.7       -479.0601       -936.5639  1040   0.0024  -0.0005     -0.917 0.118 169   0.47    0.573
2018-05-16-14:00:11 1.15  Mocks_Mamon/MockNFW20ellip0.5loga-2.08PA50center0.0_0.0With_background1num50.dat Diff-Evol    1.0e-04 0 1 1 0     NFW        0.0002  -0.0028     -2.105 0.582  94   3.46   -2.4       -482.3365       -943.0803  1137   0.0002  -0.0028     -0.927 0.154 160   0.46    0.630
2018-05-16-14:00:11 1.15  Mocks_Mamon/MockNFW20ellip0.5loga-2.08PA50center0.0_0.0With_background1num51.dat Diff-Evol    1.0e-04 0 1 1 0     NFW      360.0000  -0.0053     -2.570 0.791 179   3.49   -1.7       -516.6794       -1011.839   956 360.0000  -0.0053     -0.926 0.050 147   0.49    0.536
2018-05-16-14:00:11 1.15  Mocks_Mamon/MockNFW20ellip0.5loga-2.08PA50center0.0_0.0With_background1num52.dat Diff-Evol    1.0e-04 0 1 1 0     NFW      359.9991   0.0005     -0.970 0.800 180   3.47  -18.3       -468.1852       -914.7778  1012 359.9991   0.0005     -0.928 0.082   6   0.47    0.560
2018-05-16-14:00:11 1.15  Mocks_Mamon/MockNFW20ellip0.5loga-2.08PA50center0.0_0.0With_background1num53.dat Diff-Evol    1.0e-04 0 1 1 0     NFW      359.9971  -0.0010     -2.565 0.785  68   3.50   -1.8       -542.3021       -1063.012  1499 359.9971  -0.0010     -0.918 0.089 145   0.50    0.822
2018-05-16-14:00:11 1.15  Mocks_Mamon/MockNFW20ellip0.5loga-2.08PA50center0.0_0.0With_background1num54.dat Diff-Evol    1.0e-04 0 1 1 0     NFW      360.0000   0.0038     -2.568 0.771 174   3.49   -1.7        -538.801       -1056.009  1138 360.0000   0.0038     -0.911 0.145  10   0.49    0.625
2018-05-16-14:00:11 1.15  Mocks_Mamon/MockNFW20ellip0.5loga-2.08PA50center0.0_0.0With_background1num55.dat Diff-Evol    1.0e-04 0 1 1 0     NFW        0.0004  -0.0049     -2.575 0.539 171   3.51   -1.7       -540.3504       -1059.108  1407   0.0004  -0.0049     -0.934 0.042  11   0.51    0.784
2018-05-16-14:00:11 1.15  Mocks_Mamon/MockNFW20ellip0.5loga-2.08PA50center0.0_0.0With_background1num56.dat Diff-Evol    1.0e-04 0 1 1 0     NFW      359.9963   0.0082     -1.871 0.035  65   3.49   -3.6       -539.6581       -1057.742  1137 359.9963   0.0082     -0.906 0.105   9   0.49    0.635
2018-05-16-14:00:11 1.15  Mocks_Mamon/MockNFW20ellip0.5loga-2.08PA50center0.0_0.0With_background1num57.dat Diff-Evol    1.0e-04 0 1 1 0     NFW      359.9997   0.0027     -2.541 0.574 174   3.47   -1.6       -476.6715       -931.7503  1247 359.9997   0.0027     -0.897 0.153 161   0.47    0.692
2018-05-16-14:00:11 1.15  Mocks_Mamon/MockNFW20ellip0.5loga-2.08PA50center0.0_0.0With_background1num58.dat Diff-Evol    1.0e-04 0 1 1 0     NFW      359.9937  -0.0055     -2.074 0.800  45   3.48   -2.8       -536.0151       -1050.456  1178 359.9937  -0.0055     -0.898 0.083 166   0.48    0.658
2018-05-16-14:00:11 1.15  Mocks_Mamon/MockNFW20ellip0.5loga-2.08PA50center0.0_0.0With_background1num59.dat Diff-Evol    1.0e-04 0 1 1 0     NFW      359.9969  -0.0007     -1.393 0.636  98   3.44   -6.4       -446.8693       -872.2191  1082 359.9969  -0.0007     -0.897 0.089 166   0.44    0.596
2018-05-16-14:00:11 1.15  Mocks_Mamon/MockNFW20ellip0.5loga-2.08PA50center0.0_0.0With_background1num60.dat Diff-Evol    1.0e-04 0 1 1 0     NFW      359.9988   0.0006     -1.414 0.759  25   3.45   -6.2       -456.1291       -890.6836  1345 359.9988   0.0006     -0.906 0.138 158   0.45    0.746
2018-05-16-14:00:11 1.15  Mocks_Mamon/MockNFW20ellip0.5loga-2.08PA50center0.0_0.0With_background1num61.dat Diff-Evol    1.0e-04 0 1 1 0     NFW      359.9994   0.0013     -2.464 0.591  34   3.45   -1.7       -466.8421        -912.128  1047 359.9994   0.0013     -0.903 0.089   6   0.45    0.577
2018-05-16-14:00:11 1.15  Mocks_Mamon/MockNFW20ellip0.5loga-2.08PA50center0.0_0.0With_background1num62.dat Diff-Evol    1.0e-04 0 1 1 0     NFW      359.9916  -0.0076     -1.505 0.800  42   3.49   -6.3       -547.9176       -1074.261  1021 359.9916  -0.0076     -0.934 0.079  26   0.49    0.561
2018-05-16-14:00:11 1.15  Mocks_Mamon/MockNFW20ellip0.5loga-2.08PA50center0.0_0.0With_background1num63.dat Diff-Evol    1.0e-04 0 1 1 0     NFW      359.9956  -0.0038     -2.560 0.778  48   3.51   -1.8       -550.9808       -1080.405  1485 359.9956  -0.0038     -0.936 0.051 162   0.51    0.818
2018-05-16-14:00:11 1.15  Mocks_Mamon/MockNFW20ellip0.5loga-2.08PA50center0.0_0.0With_background1num64.dat Diff-Evol    1.0e-04 0 1 1 0     NFW      359.9984  -0.0031     -2.565 0.800  31   3.46   -1.6       -495.7287       -969.8829  1365 359.9984  -0.0031     -0.892 0.050  30   0.46    0.757
2018-05-16-14:00:11 1.15  Mocks_Mamon/MockNFW20ellip0.5loga-2.08PA50center0.0_0.0With_background1num65.dat Diff-Evol    1.0e-04 0 1 1 0     NFW      359.9999  -0.0126     -1.432 0.788  18   3.49   -7.1        -541.673       -1061.753  1227 359.9999  -0.0126     -0.913 0.019 168   0.49    0.685
2018-05-16-14:00:11 1.15  Mocks_Mamon/MockNFW20ellip0.5loga-2.08PA50center0.0_0.0With_background1num66.dat Diff-Evol    1.0e-04 0 1 1 0     NFW        0.0015   0.0005     -0.969 0.767  17   3.49  -19.6       -498.2645       -974.9545  1117   0.0015   0.0005     -0.930 0.134  17   0.49    0.615
2018-05-16-14:00:11 1.15  Mocks_Mamon/MockNFW20ellip0.5loga-2.08PA50center0.0_0.0With_background1num67.dat Diff-Evol    1.0e-04 0 1 1 0     NFW      359.9995   0.0002     -1.214 0.800  56   3.45   -9.4       -450.2642       -878.9357   882 359.9995   0.0002     -0.907 0.035 169   0.45    0.475
2018-05-16-14:00:11 1.15  Mocks_Mamon/MockNFW20ellip0.5loga-2.08PA50center0.0_0.0With_background1num68.dat Diff-Evol    1.0e-04 0 1 1 0     NFW        0.0000   0.0047     -2.545 0.738  10   3.47   -1.7       -498.6364       -975.6983  1552   0.0000   0.0047     -0.895 0.110  28   0.47    0.866
2018-05-16-14:00:11 1.15  Mocks_Mamon/MockNFW20ellip0.5loga-2.08PA50center0.0_0.0With_background1num69.dat Diff-Evol    1.0e-04 0 1 1 0     NFW        0.0011  -0.0000     -1.826 0.800  32   3.47   -3.4       -476.7034       -931.8506  1366   0.0011  -0.0000     -0.919 0.028 178   0.47    0.755
2018-05-16-14:00:11 1.15  Mocks_Mamon/MockNFW20ellip0.5loga-2.08PA50center0.0_0.0With_background1num70.dat Diff-Evol    1.0e-04 0 1 1 0     NFW        0.0001   0.0003     -0.973 0.020 137   3.45  -17.5       -448.1865       -874.8168   783   0.0001   0.0003     -0.915 0.059 140   0.45    0.433
2018-05-16-14:00:11 1.15  Mocks_Mamon/MockNFW20ellip0.5loga-2.08PA50center0.0_0.0With_background1num71.dat Diff-Evol    1.0e-04 0 1 1 0     NFW      359.9987  -0.0053     -2.561 0.765  17   3.49   -1.8       -524.6496       -1027.707  1457 359.9987  -0.0053     -0.923 0.022   4   0.49    0.807
2018-05-16-14:00:11 1.15  Mocks_Mamon/MockNFW20ellip0.5loga-2.08PA50center0.0_0.0With_background1num72.dat Diff-Evol    1.0e-04 0 1 1 0     NFW      359.9977  -0.0001     -1.977 0.704 145   3.49   -3.0       -504.6302       -987.6858  1607 359.9977  -0.0001     -0.913 0.050   8   0.49    0.905
2018-05-16-14:00:11 1.15  Mocks_Mamon/MockNFW20ellip0.5loga-2.08PA50center0.0_0.0With_background1num73.dat Diff-Evol    1.0e-04 0 1 1 0     NFW        0.0000   0.0007     -1.367 0.771 166   3.49   -7.4       -491.5594       -961.5626  1151   0.0000   0.0007     -0.929 0.029 137   0.49    0.642
2018-05-16-14:00:11 1.15  Mocks_Mamon/MockNFW20ellip0.5loga-2.08PA50center0.0_0.0With_background1num74.dat Diff-Evol    1.0e-04 0 1 1 0     NFW        0.0006   0.0025     -2.392 0.574   3   3.48   -1.9       -499.4215       -977.2684   950   0.0006   0.0025     -0.927 0.119 149   0.48    0.526
2018-05-16-14:00:11 1.15  Mocks_Mamon/MockNFW20ellip0.5loga-2.08PA50center0.0_0.0With_background1num75.dat Diff-Evol    1.0e-04 0 1 1 0     NFW        0.0047  -0.0023     -2.565 0.765 113   3.51   -1.8       -548.2346       -1074.877  1257   0.0047  -0.0023     -0.922 0.070  38   0.51    0.689
2018-05-16-14:00:11 1.15  Mocks_Mamon/MockNFW20ellip0.5loga-2.08PA50center0.0_0.0With_background1num76.dat Diff-Evol    1.0e-04 0 1 1 0     NFW      359.9978  -0.0089     -1.331 0.568  48   3.45   -7.8        -488.499       -955.4235  1344 359.9978  -0.0089     -0.893 0.124 135   0.45    0.751
2018-05-16-14:00:11 1.15  Mocks_Mamon/MockNFW20ellip0.5loga-2.08PA50center0.0_0.0With_background1num77.dat Diff-Evol    1.0e-04 0 1 1 0     NFW        0.0007   0.0065     -2.024 0.558   5   3.51   -3.0       -545.6033       -1069.614  1234   0.0007   0.0065     -0.898 0.044 159   0.51    0.694
2018-05-16-14:00:11 1.15  Mocks_Mamon/MockNFW20ellip0.5loga-2.08PA50center0.0_0.0With_background1num78.dat Diff-Evol    1.0e-04 0 1 1 0     NFW        0.0020  -0.0029     -2.567 0.734 142   3.48   -1.7       -512.5787       -1003.583  1207   0.0020  -0.0029     -0.939 0.068  12   0.48    0.667
2018-05-16-14:00:11 1.15  Mocks_Mamon/MockNFW20ellip0.5loga-2.08PA50center0.0_0.0With_background1num79.dat Diff-Evol    1.0e-04 0 1 1 0     NFW      359.9999   0.0012     -2.572 0.191 143   3.47   -1.6       -479.8735       -938.1724  1462 359.9999   0.0012     -0.891 0.133  45   0.47    0.812
2018-05-16-14:00:11 1.15  Mocks_Mamon/MockNFW20ellip0.5loga-2.08PA50center0.0_0.0With_background1num80.dat Diff-Evol    1.0e-04 0 1 1 0     NFW      359.9996   0.0000     -1.071 0.029 125   3.49  -14.7       -489.4886       -957.4026  1081 359.9996   0.0000     -0.940 0.042  29   0.49    0.602
2018-05-16-14:00:11 1.15  Mocks_Mamon/MockNFW20ellip0.5loga-2.08PA50center0.0_0.0With_background1num81.dat Diff-Evol    1.0e-04 0 1 1 0     NFW        0.0018   0.0009     -1.630 0.596 131   3.49   -4.8       -507.0498       -992.5069  1386   0.0018   0.0009     -0.926 0.097 140   0.49    0.770
2018-05-16-14:00:11 1.15  Mocks_Mamon/MockNFW20ellip0.5loga-2.08PA50center0.0_0.0With_background1num82.dat Diff-Evol    1.0e-04 0 1 1 0     NFW        0.0032   0.0005     -2.565 0.207 128   3.50   -1.8       -533.8493       -1046.106  1359   0.0032   0.0005     -0.928 0.089   8   0.50    0.757
2018-05-16-14:00:11 1.15  Mocks_Mamon/MockNFW20ellip0.5loga-2.08PA50center0.0_0.0With_background1num83.dat Diff-Evol    1.0e-04 0 1 1 0     NFW        0.0001   0.0008     -0.972 0.795  45   3.45  -17.6       -451.1169       -880.6593  1201   0.0001   0.0008     -0.898 0.051  12   0.45    0.655
2018-05-16-14:00:11 1.15  Mocks_Mamon/MockNFW20ellip0.5loga-2.08PA50center0.0_0.0With_background1num84.dat Diff-Evol    1.0e-04 0 1 1 0     NFW        0.0023   0.0001     -0.967 0.800 157   3.44  -12.7       -469.7203        -917.866  1124   0.0023   0.0001     -0.926 0.138  21   0.46    0.621
2018-05-16-14:00:11 1.15  Mocks_Mamon/MockNFW20ellip0.5loga-2.08PA50center0.0_0.0With_background1num85.dat Diff-Evol    1.0e-04 0 1 1 0     NFW        0.0004   0.0062     -2.310 0.696  22   3.51   -2.2        -552.798       -1084.021  1262   0.0004   0.0062     -0.916 0.053  25   0.51    0.703
2018-05-16-14:00:11 1.15  Mocks_Mamon/MockNFW20ellip0.5loga-2.08PA50center0.0_0.0With_background1num86.dat Diff-Evol    1.0e-04 0 1 1 0     NFW        0.0002   0.0004     -1.895 0.662  65   3.45   -3.0       -462.2049       -902.8171  1047   0.0002   0.0004     -0.905 0.094 178   0.45    0.572
2018-05-16-14:00:11 1.15  Mocks_Mamon/MockNFW20ellip0.5loga-2.08PA50center0.0_0.0With_background1num87.dat Diff-Evol    1.0e-04 0 1 1 0     NFW      359.9998   0.0013     -1.127 0.315  91   3.50  -13.1       -506.4604       -991.3282  1005 359.9998   0.0013     -0.940 0.068  23   0.50    0.560
2018-05-16-14:00:11 1.15  Mocks_Mamon/MockNFW20ellip0.5loga-2.08PA50center0.0_0.0With_background1num88.dat Diff-Evol    1.0e-04 0 1 1 0     NFW      360.0000  -0.0000     -1.814 0.511  19   3.48   -3.5       -487.4964       -953.4183   853 360.0000  -0.0000     -0.914 0.082 176   0.48    0.471
2018-05-16-14:00:11 1.15  Mocks_Mamon/MockNFW20ellip0.5loga-2.08PA50center0.0_0.0With_background1num89.dat Diff-Evol    1.0e-04 0 1 1 0     NFW      359.9997   0.0000     -0.973 0.328  49   3.44  -15.1       -448.6548        -875.717  1095 359.9997   0.0000     -0.912 0.063  25   0.45    0.606
2018-05-16-14:00:11 1.15  Mocks_Mamon/MockNFW20ellip0.5loga-2.08PA50center0.0_0.0With_background1num90.dat Diff-Evol    1.0e-04 0 1 1 0     NFW        0.0032  -0.0000     -2.570 0.800  89   3.52   -1.8       -548.4886       -1075.421  1116   0.0032  -0.0000     -0.935 0.131  34   0.52    0.621
2018-05-16-14:00:11 1.15  Mocks_Mamon/MockNFW20ellip0.5loga-2.08PA50center0.0_0.0With_background1num91.dat Diff-Evol    1.0e-04 0 1 1 0     NFW      359.9990  -0.0002     -0.976 0.798 136   3.49  -18.9       -489.2096       -956.8448  1219 359.9990  -0.0002     -0.925 0.073  40   0.49    0.680
2018-05-16-14:00:11 1.15  Mocks_Mamon/MockNFW20ellip0.5loga-2.08PA50center0.0_0.0With_background1num92.dat Diff-Evol    1.0e-04 0 1 1 0     NFW      359.9984   0.0001     -1.370 0.591  50   3.38    0.5       -468.0261       -914.4958   617 359.9984   0.0001     -0.909 0.153 167   0.45    0.337
2018-05-16-14:00:11 1.15  Mocks_Mamon/MockNFW20ellip0.5loga-2.08PA50center0.0_0.0With_background1num93.dat Diff-Evol    1.0e-04 0 1 1 0     NFW      359.9999   0.0093     -2.364 0.601   4   3.47   -2.1       -529.3481       -1037.122  1123 359.9999   0.0093     -0.928 0.038 155   0.47    0.625
2018-05-16-14:00:11 1.15  Mocks_Mamon/MockNFW20ellip0.5loga-2.08PA50center0.0_0.0With_background1num94.dat Diff-Evol    1.0e-04 0 1 1 0     NFW        0.0020  -0.0064     -1.940 0.532  21   3.49   -3.3       -539.2808       -1056.969  1185   0.0020  -0.0064     -0.912 0.048 153   0.49    0.662
2018-05-16-14:00:11 1.15  Mocks_Mamon/MockNFW20ellip0.5loga-2.08PA50center0.0_0.0With_background1num95.dat Diff-Evol    1.0e-04 0 1 1 0     NFW        0.0029   0.0001     -2.573 0.577  74   3.50   -1.7       -524.9855       -1028.396  1179   0.0029   0.0001     -0.921 0.018 142   0.50    0.651
2018-05-16-14:00:11 1.15  Mocks_Mamon/MockNFW20ellip0.5loga-2.08PA50center0.0_0.0With_background1num96.dat Diff-Evol    1.0e-04 0 1 1 0     NFW        0.0012  -0.0027     -2.568 0.492 139   3.47   -1.6       -509.8365       -998.0803  1518   0.0012  -0.0027     -0.918 0.068  44   0.47    0.841
2018-05-16-14:00:11 1.15  Mocks_Mamon/MockNFW20ellip0.5loga-2.08PA50center0.0_0.0With_background1num97.dat Diff-Evol    1.0e-04 0 1 1 0     NFW      359.9980  -0.0018     -2.566 0.554  48   3.49   -1.7       -525.1363        -1028.68  1386 359.9980  -0.0018     -0.931 0.083  29   0.49    0.772
2018-05-16-14:00:11 1.15  Mocks_Mamon/MockNFW20ellip0.5loga-2.08PA50center0.0_0.0With_background1num98.dat Diff-Evol    1.0e-04 0 1 1 0     NFW      359.9993  -0.0010     -1.992 0.000 178   3.51   -3.0       -525.6318       -1029.671  1122 359.9993  -0.0010     -0.950 0.036 167   0.51    0.632
2018-05-16-14:00:11 1.15  Mocks_Mamon/MockNFW20ellip0.5loga-2.08PA50center0.0_0.0With_background1num99.dat Diff-Evol    1.0e-04 0 1 1 0     NFW      359.9998   0.0038     -2.568 0.713 174   3.50   -1.7       -527.4599       -1033.327  1220 359.9998   0.0038     -0.930 0.136  28   0.50    0.680
