2018-05-16-13:56:48 1.15  Mocks_Mamon/MockNFW320ellip0.5loga-2.08PA50center0.0_0.0With_background1num0.dat TNC          1.0e-04 0 1 1 0     NFW        0.0000  -0.0001     -2.576 0.473  41   3.46    9.0       -1241.664       -2458.423   118   0.0000  -0.0001     -1.343 0.101  42   0.80    0.520
2018-05-16-13:56:48 1.15  Mocks_Mamon/MockNFW320ellip0.5loga-2.08PA50center0.0_0.0With_background1num1.dat TNC          1.0e-04 0 1 1 0     NFW        0.0004   0.0002     -2.575 0.000 180   3.45   10.0       -1276.068       -2527.222    30   0.0004   0.0002     -1.354 0.039 165   0.82    0.146
2018-05-16-13:56:48 1.15  Mocks_Mamon/MockNFW320ellip0.5loga-2.08PA50center0.0_0.0With_background1num2.dat TNC          1.0e-04 0 1 1 0     NFW        0.0000   0.0001     -2.574 0.564  35   3.44    9.2       -1221.988       -2419.166    62   0.0000   0.0001     -1.346 0.170  35   0.79    0.275
2018-05-16-13:56:48 1.15  Mocks_Mamon/MockNFW320ellip0.5loga-2.08PA50center0.0_0.0With_background1num3.dat TNC          1.0e-04 0 1 1 0     NFW      360.0000   0.0000     -2.575 0.547  46   3.53    7.2       -1196.928       -2368.973   104 360.0000   0.0000     -1.316 0.130  26   0.80    0.459
2018-05-16-13:56:48 1.15  Mocks_Mamon/MockNFW320ellip0.5loga-2.08PA50center0.0_0.0With_background1num4.dat TNC          1.0e-04 0 1 1 0     NFW      359.9999   0.0000     -2.575 0.000 141   3.41    9.0       -1134.076       -2243.301    58 359.9999   0.0000     -1.350 0.068 141   0.77    0.285
2018-05-16-13:56:48 1.15  Mocks_Mamon/MockNFW320ellip0.5loga-2.08PA50center0.0_0.0With_background1num5.dat TNC          1.0e-04 0 1 1 0     NFW      359.9999  -0.0000     -2.575 0.593  51   3.52    5.8       -1082.592       -2140.286   133 359.9999  -0.0000     -1.305 0.195  29   0.76    0.580
2018-05-16-13:56:48 1.15  Mocks_Mamon/MockNFW320ellip0.5loga-2.08PA50center0.0_0.0With_background1num6.dat TNC          1.0e-04 0 1 1 0     NFW        0.0001  -0.0000     -2.574 0.000 140   3.54    6.7       -1145.533       -2266.168    46   0.0001  -0.0000     -1.302 0.177 137   0.79    0.230
2018-05-16-13:56:48 1.15  Mocks_Mamon/MockNFW320ellip0.5loga-2.08PA50center0.0_0.0With_background1num7.dat TNC          1.0e-04 0 1 1 0     NFW      360.0000  -0.0000     -2.574 0.000 154   3.45    8.6       -1156.434       -2287.986    54 360.0000  -0.0000     -1.352 0.094 155   0.78    0.264
2018-05-16-13:56:48 1.15  Mocks_Mamon/MockNFW320ellip0.5loga-2.08PA50center0.0_0.0With_background1num8.dat TNC          1.0e-04 0 1 1 0     NFW        0.0000   0.0002     -2.322 0.000 161   3.41   12.7       -1224.435       -2424.012    37   0.0000   0.0002     -1.341 0.025 164   0.80    0.178
2018-05-16-13:56:48 1.15  Mocks_Mamon/MockNFW320ellip0.5loga-2.08PA50center0.0_0.0With_background1num9.dat TNC          1.0e-04 0 1 1 0     NFW        0.0000  -0.0000     -2.301 0.000 136   0.79   23.3       -1157.378       -2289.898    54   0.0000  -0.0000     -1.351 0.159 135   0.78    0.243
2018-05-16-13:56:48 1.15  Mocks_Mamon/MockNFW320ellip0.5loga-2.08PA50center0.0_0.0With_background1num10.dat TNC          1.0e-04 0 1 1 0     NFW      360.0000  -0.0000     -2.575 0.521  32   3.43    7.7       -1096.871       -2168.891   331 360.0000  -0.0000     -1.369 0.150  42   0.75    1.447
2018-05-16-13:56:48 1.15  Mocks_Mamon/MockNFW320ellip0.5loga-2.08PA50center0.0_0.0With_background1num11.dat TNC          1.0e-04 0 1 1 0     NFW      359.9999  -0.0000     -2.574 0.497  51   3.39   11.3       -1318.623       -2612.317   297 359.9999  -0.0000     -1.446 0.059  35   0.81    1.315
2018-05-16-13:56:48 1.15  Mocks_Mamon/MockNFW320ellip0.5loga-2.08PA50center0.0_0.0With_background1num12.dat TNC          1.0e-04 0 1 1 0     NFW        0.0001  -0.0000     -2.574 0.544  51   3.51    9.0       -1313.183       -2601.596   123   0.0001  -0.0000     -1.247 0.105  19   0.83    0.551
2018-05-16-13:56:48 1.15  Mocks_Mamon/MockNFW320ellip0.5loga-2.08PA50center0.0_0.0With_background1num13.dat TNC          1.0e-04 0 1 1 0     NFW      359.9999  -0.0000     -2.575 0.000 151   3.48    8.1       -1157.421       -2289.953    47 359.9999  -0.0000     -1.327 0.087 143   0.79    0.242
2018-05-16-13:56:48 1.15  Mocks_Mamon/MockNFW320ellip0.5loga-2.08PA50center0.0_0.0With_background1num14.dat TNC          1.0e-04 0 1 1 0     NFW        0.0002  -0.0001     -2.574 0.251  29   3.49    8.0       -1203.234       -2381.569   126   0.0002  -0.0001     -1.326 0.140  28   0.79    0.559
2018-05-16-13:56:48 1.15  Mocks_Mamon/MockNFW320ellip0.5loga-2.08PA50center0.0_0.0With_background1num15.dat TNC          1.0e-04 0 1 1 0     NFW        0.0001   0.0001     -2.575 0.000 180   3.51    7.7       -1183.625       -2342.352    48   0.0001   0.0001     -1.312 0.074 173   0.79    0.245
2018-05-16-13:56:48 1.15  Mocks_Mamon/MockNFW320ellip0.5loga-2.08PA50center0.0_0.0With_background1num16.dat TNC          1.0e-04 0 1 1 0     NFW        0.0000   0.0000     -2.570 0.000 147   3.47    9.6       -1255.293       -2485.688    27   0.0000   0.0000     -1.332 0.046 147   0.81    0.138
2018-05-16-13:56:48 1.15  Mocks_Mamon/MockNFW320ellip0.5loga-2.08PA50center0.0_0.0With_background1num17.dat TNC          1.0e-04 0 1 1 0     NFW        0.0000   0.0001     -2.575 0.000 163   3.46   10.2       -1285.923       -2546.987    76   0.0000   0.0001     -1.355 0.047 162   0.82    0.385
2018-05-16-13:56:48 1.15  Mocks_Mamon/MockNFW320ellip0.5loga-2.08PA50center0.0_0.0With_background1num18.dat TNC          1.0e-04 0 1 1 0     NFW      359.9998  -0.0001     -2.574 0.569  50   3.44   10.8       -1368.291       -2711.692   150 359.9998  -0.0001     -1.413 0.108  41   0.83    0.666
2018-05-16-13:56:48 1.15  Mocks_Mamon/MockNFW320ellip0.5loga-2.08PA50center0.0_0.0With_background1num19.dat TNC          1.0e-04 0 1 1 0     NFW      360.0000  -0.0000     -2.575 0.000 166   3.46    7.8         -1113.2       -2201.502    44 360.0000  -0.0000     -1.341 0.116 153   0.77    0.215
2018-05-16-13:56:48 1.15  Mocks_Mamon/MockNFW320ellip0.5loga-2.08PA50center0.0_0.0With_background1num20.dat TNC          1.0e-04 0 1 1 0     NFW        0.0000  -0.0000     -1.934 0.281  38   0.80   35.3       -1134.778       -2244.713    38   0.0000  -0.0000     -1.287 0.097  38   0.79    0.172
2018-05-16-13:56:48 1.15  Mocks_Mamon/MockNFW320ellip0.5loga-2.08PA50center0.0_0.0With_background1num21.dat TNC          1.0e-04 0 1 1 0     NFW      359.9999  -0.0000     -2.577 0.191 180   3.55    7.5        -1246.26        -2467.63   103 359.9999  -0.0000     -1.344 0.169 151   0.82    0.462
2018-05-16-13:56:48 1.15  Mocks_Mamon/MockNFW320ellip0.5loga-2.08PA50center0.0_0.0With_background1num22.dat TNC          1.0e-04 0 1 1 0     NFW      360.0000  -0.0002     -2.575 0.290  32   3.55    7.0        -1208.78       -2392.654    97 360.0000  -0.0002     -1.293 0.027  32   0.81    0.432
2018-05-16-13:56:48 1.15  Mocks_Mamon/MockNFW320ellip0.5loga-2.08PA50center0.0_0.0With_background1num23.dat TNC          1.0e-04 0 1 1 0     NFW        0.0001   0.0000     -2.574 0.000 143   3.56    6.5       -1171.373       -2317.855    31   0.0001   0.0000     -1.306 0.074 142   0.80    0.156
2018-05-16-13:56:48 1.15  Mocks_Mamon/MockNFW320ellip0.5loga-2.08PA50center0.0_0.0With_background1num24.dat TNC          1.0e-04 0 1 1 0     NFW        0.0000   0.0001     -2.577 0.505  57   3.48    7.6       -1145.222       -2265.578   333   0.0000   0.0001     -1.397 0.075  37   0.78    1.455
2018-05-16-13:56:48 1.15  Mocks_Mamon/MockNFW320ellip0.5loga-2.08PA50center0.0_0.0With_background1num25.dat TNC          1.0e-04 0 1 1 0     NFW        0.0000  -0.0000     -2.575 0.435  50   3.54    7.5       -1237.803       -2450.716   110   0.0000  -0.0000     -1.257 0.030  40   0.81    0.488
2018-05-16-13:56:48 1.15  Mocks_Mamon/MockNFW320ellip0.5loga-2.08PA50center0.0_0.0With_background1num26.dat TNC          1.0e-04 0 1 1 0     NFW        0.0000  -0.0000     -2.574 0.541  46   3.42   10.0       -1235.507       -2446.147   126   0.0000  -0.0000     -1.379 0.182  33   0.80    0.559
2018-05-16-13:56:48 1.15  Mocks_Mamon/MockNFW320ellip0.5loga-2.08PA50center0.0_0.0With_background1num27.dat TNC          1.0e-04 0 1 1 0     NFW        0.0000   0.0001     -1.889 0.309  44   0.99   37.4       -1143.919       -2262.925    86   0.0000   0.0001     -1.309 0.075  45   0.79    0.383
2018-05-16-13:56:48 1.15  Mocks_Mamon/MockNFW320ellip0.5loga-2.08PA50center0.0_0.0With_background1num28.dat TNC          1.0e-04 0 1 1 0     NFW        0.0001   0.0000     -2.575 0.000 138   3.43    9.4       -1190.236        -2355.63    44   0.0001   0.0000     -1.393 0.048 139   0.79    0.221
2018-05-16-13:56:48 1.15  Mocks_Mamon/MockNFW320ellip0.5loga-2.08PA50center0.0_0.0With_background1num29.dat TNC          1.0e-04 0 1 1 0     NFW        0.0000   0.0000     -2.575 0.000 151   3.52    6.3       -1122.614       -2220.338    46   0.0000   0.0000     -1.376 0.121 151   0.77    0.233
2018-05-16-13:56:48 1.15  Mocks_Mamon/MockNFW320ellip0.5loga-2.08PA50center0.0_0.0With_background1num30.dat TNC          1.0e-04 0 1 1 0     NFW        0.0002   0.0001     -2.575 0.587  52   3.55    7.1       -1247.433       -2469.967   198   0.0002   0.0001     -1.289 0.120  29   0.81    0.874
2018-05-16-13:56:48 1.15  Mocks_Mamon/MockNFW320ellip0.5loga-2.08PA50center0.0_0.0With_background1num31.dat TNC          1.0e-04 0 1 1 0     NFW      359.9999   0.0001     -2.276 0.000 146   3.53    9.9       -1200.192       -2375.509    52 359.9999   0.0001     -1.284 0.111 144   0.81    0.259
2018-05-16-13:56:48 1.15  Mocks_Mamon/MockNFW320ellip0.5loga-2.08PA50center0.0_0.0With_background1num32.dat TNC          1.0e-04 0 1 1 0     NFW      360.0000  -0.0000     -2.575 0.443  61   3.53    7.5       -1202.879       -2380.915   134 360.0000  -0.0000     -1.386 0.103  44   0.80    0.591
2018-05-16-13:56:48 1.15  Mocks_Mamon/MockNFW320ellip0.5loga-2.08PA50center0.0_0.0With_background1num33.dat TNC          1.0e-04 0 1 1 0     NFW      359.9999  -0.0000     -2.576 0.148 180   3.33   11.6       -1241.539       -2458.235    76 359.9999  -0.0000     -1.361 0.090 180   0.80    0.339
2018-05-16-13:56:48 1.15  Mocks_Mamon/MockNFW320ellip0.5loga-2.08PA50center0.0_0.0With_background1num34.dat TNC          1.0e-04 0 1 1 0     NFW        0.0001   0.0000     -2.491 0.424  72   3.48    9.1       -1199.815       -2374.788   155   0.0001   0.0000     -1.259 0.126  12   0.80    0.688
2018-05-16-13:56:48 1.15  Mocks_Mamon/MockNFW320ellip0.5loga-2.08PA50center0.0_0.0With_background1num35.dat TNC          1.0e-04 0 1 1 0     NFW        0.0000  -0.0000     -2.441 0.000 135   3.42   10.3       -1126.779       -2228.756    33   0.0000  -0.0000     -1.208 0.113 136   0.78    0.162
2018-05-16-13:56:48 1.15  Mocks_Mamon/MockNFW320ellip0.5loga-2.08PA50center0.0_0.0With_background1num36.dat TNC          1.0e-04 0 1 1 0     NFW        0.0000  -0.0000     -2.490 0.000 160   3.46   10.0       -1229.971       -2435.116    56   0.0000  -0.0000     -1.350 0.189 145   0.81    0.282
2018-05-16-13:56:48 1.15  Mocks_Mamon/MockNFW320ellip0.5loga-2.08PA50center0.0_0.0With_background1num37.dat TNC          1.0e-04 0 1 1 0     NFW      360.0000   0.0000     -2.531 0.000 144   3.43    9.3       -1164.988       -2305.062    26 360.0000   0.0000     -1.424 0.122 145   0.78    0.131
2018-05-16-13:56:48 1.15  Mocks_Mamon/MockNFW320ellip0.5loga-2.08PA50center0.0_0.0With_background1num38.dat TNC          1.0e-04 0 1 1 0     NFW      360.0000  -0.0000     -2.574 0.000 175   3.38    9.2       -1118.603        -2212.34    76 360.0000  -0.0000     -1.412 0.169 174   0.76    0.352
2018-05-16-13:56:48 1.15  Mocks_Mamon/MockNFW320ellip0.5loga-2.08PA50center0.0_0.0With_background1num39.dat TNC          1.0e-04 0 1 1 0     NFW      359.9999  -0.0001     -2.575 0.000 135   3.50    7.4       -1153.921       -2282.921    69 359.9999  -0.0001     -1.376 0.097 136   0.79    0.337
2018-05-16-13:56:48 1.15  Mocks_Mamon/MockNFW320ellip0.5loga-2.08PA50center0.0_0.0With_background1num40.dat TNC          1.0e-04 0 1 1 0     NFW        0.0000  -0.0001     -2.502 0.000 163   2.55   20.2       -1284.702       -2544.529    28   0.0000  -0.0001     -1.406 0.026 159   0.82    0.133
2018-05-16-13:56:48 1.15  Mocks_Mamon/MockNFW320ellip0.5loga-2.08PA50center0.0_0.0With_background1num41.dat TNC          1.0e-04 0 1 1 0     NFW      360.0000   0.0000     -2.574 0.000 175   3.52    8.3       -1238.762       -2452.666    47 360.0000   0.0000     -1.330 0.043 179   0.81    0.235
2018-05-16-13:56:48 1.15  Mocks_Mamon/MockNFW320ellip0.5loga-2.08PA50center0.0_0.0With_background1num42.dat TNC          1.0e-04 0 1 1 0     NFW        0.0000   0.0000     -2.072 0.134  24   0.93   28.7       -1103.412       -2182.015    38   0.0000   0.0000     -1.372 0.027   8   0.77    0.173
2018-05-16-13:56:48 1.15  Mocks_Mamon/MockNFW320ellip0.5loga-2.08PA50center0.0_0.0With_background1num43.dat TNC          1.0e-04 0 1 1 0     NFW        0.0002   0.0000     -2.309 0.000 149   0.83   25.3       -1258.898       -2492.945    52   0.0002   0.0000     -1.361 0.131 148   0.82    0.237
2018-05-16-13:56:48 1.15  Mocks_Mamon/MockNFW320ellip0.5loga-2.08PA50center0.0_0.0With_background1num44.dat TNC          1.0e-04 0 1 1 0     NFW      359.9997  -0.0001     -2.575 0.495  45   3.56    6.6        -1214.11        -2403.33   115 359.9997  -0.0001     -1.309 0.070  18   0.80    0.505
2018-05-16-13:56:48 1.15  Mocks_Mamon/MockNFW320ellip0.5loga-2.08PA50center0.0_0.0With_background1num45.dat TNC          1.0e-04 0 1 1 0     NFW        0.0000  -0.0000     -2.575 0.048 180   3.41    9.2       -1159.749       -2294.632    30   0.0000  -0.0000     -1.345 0.121 157   0.78    0.135
2018-05-16-13:56:48 1.15  Mocks_Mamon/MockNFW320ellip0.5loga-2.08PA50center0.0_0.0With_background1num46.dat TNC          1.0e-04 0 1 1 0     NFW        0.0000   0.0000     -2.575 0.562  54   3.48    9.0        -1265.93       -2506.962   171   0.0000   0.0000     -1.352 0.223  33   0.81    0.752
2018-05-16-13:56:48 1.15  Mocks_Mamon/MockNFW320ellip0.5loga-2.08PA50center0.0_0.0With_background1num47.dat TNC          1.0e-04 0 1 1 0     NFW      359.9999  -0.0001     -2.305 0.000 142   3.26   17.1       -1231.658       -2438.441    45 359.9999  -0.0001     -1.348 0.132 143   0.82    0.223
2018-05-16-13:56:48 1.15  Mocks_Mamon/MockNFW320ellip0.5loga-2.08PA50center0.0_0.0With_background1num48.dat TNC          1.0e-04 0 1 1 0     NFW      360.0000  -0.0000     -2.575 0.000 173   3.44   10.3       -1255.498       -2486.137    45 360.0000  -0.0000     -1.325 0.038 163   0.82    0.227
2018-05-16-13:56:48 1.15  Mocks_Mamon/MockNFW320ellip0.5loga-2.08PA50center0.0_0.0With_background1num49.dat TNC          1.0e-04 0 1 1 0     NFW      359.9999  -0.0001     -2.055 0.000 134   0.84   31.0       -1167.167       -2309.459    38 359.9999  -0.0001     -1.296 0.123 136   0.80    0.191
2018-05-16-13:56:48 1.15  Mocks_Mamon/MockNFW320ellip0.5loga-2.08PA50center0.0_0.0With_background1num50.dat TNC          1.0e-04 0 1 1 0     NFW      360.0000  -0.0001     -2.575 0.570  58   3.57    5.3       -1117.181       -2209.536    99 360.0000  -0.0001     -1.275 0.112  38   0.78    0.434
2018-05-16-13:56:48 1.15  Mocks_Mamon/MockNFW320ellip0.5loga-2.08PA50center0.0_0.0With_background1num51.dat TNC          1.0e-04 0 1 1 0     NFW        0.0000  -0.0001     -2.575 0.528  45   3.45    8.0       -1145.809       -2266.681   246   0.0000  -0.0001     -1.385 0.111  27   0.77    1.079
2018-05-16-13:56:48 1.15  Mocks_Mamon/MockNFW320ellip0.5loga-2.08PA50center0.0_0.0With_background1num52.dat TNC          1.0e-04 0 1 1 0     NFW        0.0001   0.0000     -2.278 0.000 140   0.81   25.7       -1230.651       -2436.412    39   0.0001   0.0000     -1.342 0.126 136   0.81    0.179
2018-05-16-13:56:48 1.15  Mocks_Mamon/MockNFW320ellip0.5loga-2.08PA50center0.0_0.0With_background1num53.dat TNC          1.0e-04 0 1 1 0     NFW      359.9999  -0.0001     -2.252 0.000 176   0.81   25.8       -1221.336       -2417.782    52 359.9999  -0.0001     -1.335 0.044 167   0.80    0.237
2018-05-16-13:56:48 1.15  Mocks_Mamon/MockNFW320ellip0.5loga-2.08PA50center0.0_0.0With_background1num54.dat TNC          1.0e-04 0 1 1 0     NFW      360.0000  -0.0002     -2.345 0.630  51   3.51    8.5       -1149.463       -2274.051   140 360.0000  -0.0002     -1.344 0.123  44   0.78    0.616
2018-05-16-13:56:48 1.15  Mocks_Mamon/MockNFW320ellip0.5loga-2.08PA50center0.0_0.0With_background1num55.dat TNC          1.0e-04 0 1 1 0     NFW      360.0000  -0.0002     -2.575 0.446  45   3.50    8.0        -1207.88       -2390.877   323 360.0000  -0.0002     -1.367 0.121  28   0.80    1.418
2018-05-16-13:56:48 1.15  Mocks_Mamon/MockNFW320ellip0.5loga-2.08PA50center0.0_0.0With_background1num56.dat TNC          1.0e-04 0 1 1 0     NFW        0.0001   0.0001     -2.575 0.559  52   3.38    9.2       -1163.165       -2301.416   122   0.0001   0.0001     -1.360 0.150  22   0.76    0.528
2018-05-16-13:56:48 1.15  Mocks_Mamon/MockNFW320ellip0.5loga-2.08PA50center0.0_0.0With_background1num57.dat TNC          1.0e-04 0 1 1 0     NFW      360.0000  -0.0001     -2.575 0.000 154   3.50    6.4       -1084.713       -2144.585    45 360.0000  -0.0001     -1.266 0.123 153   0.76    0.215
2018-05-16-13:56:48 1.15  Mocks_Mamon/MockNFW320ellip0.5loga-2.08PA50center0.0_0.0With_background1num58.dat TNC          1.0e-04 0 1 1 0     NFW        0.0001  -0.0002     -2.280 0.271  41   0.88   25.9       -1255.919       -2486.971    39   0.0001  -0.0002     -1.294 0.084  43   0.82    0.177
2018-05-16-13:56:48 1.15  Mocks_Mamon/MockNFW320ellip0.5loga-2.08PA50center0.0_0.0With_background1num59.dat TNC          1.0e-04 0 1 1 0     NFW        0.0000  -0.0001     -2.574 0.562  50   3.50    8.6       -1296.467       -2568.052   157   0.0000  -0.0001     -1.389 0.024  30   0.81    0.696
2018-05-16-13:56:48 1.15  Mocks_Mamon/MockNFW320ellip0.5loga-2.08PA50center0.0_0.0With_background1num60.dat TNC          1.0e-04 0 1 1 0     NFW        0.0001  -0.0000     -2.575 0.538  52   3.44   10.0       -1281.852       -2538.862   122   0.0001  -0.0000     -1.342 0.094  21   0.81    0.541
2018-05-16-13:56:48 1.15  Mocks_Mamon/MockNFW320ellip0.5loga-2.08PA50center0.0_0.0With_background1num61.dat TNC          1.0e-04 0 1 1 0     NFW        0.0000  -0.0002     -2.291 0.000 148   0.81   25.1       -1208.272       -2391.678    50   0.0000  -0.0002     -1.297 0.109 141   0.80    0.228
2018-05-16-13:56:48 1.15  Mocks_Mamon/MockNFW320ellip0.5loga-2.08PA50center0.0_0.0With_background1num62.dat TNC          1.0e-04 0 1 1 0     NFW        0.0000   0.0001     -2.574 0.482  69   3.55    6.7       -1174.605       -2324.304   318   0.0000   0.0001     -1.331 0.189  27   0.80    1.400
2018-05-16-13:56:48 1.15  Mocks_Mamon/MockNFW320ellip0.5loga-2.08PA50center0.0_0.0With_background1num63.dat TNC          1.0e-04 0 1 1 0     NFW      360.0000   0.0000     -2.577 0.560  52   3.38    9.5        -1185.29       -2345.689   112 360.0000   0.0000     -1.404 0.108  38   0.77    0.491
2018-05-16-13:56:48 1.15  Mocks_Mamon/MockNFW320ellip0.5loga-2.08PA50center0.0_0.0With_background1num64.dat TNC          1.0e-04 0 1 1 0     NFW        0.0000  -0.0001     -2.347 0.000 144   3.09   17.9       -1189.694       -2354.458    99   0.0000  -0.0001     -1.375 0.123 149   0.79    0.493
2018-05-16-13:56:48 1.15  Mocks_Mamon/MockNFW320ellip0.5loga-2.08PA50center0.0_0.0With_background1num65.dat TNC          1.0e-04 0 1 1 0     NFW      360.0000   0.0000     -2.576 0.368  27   3.47    8.9       -1228.078       -2431.266   125 360.0000   0.0000     -1.359 0.115  25   0.80    0.553
2018-05-16-13:56:48 1.15  Mocks_Mamon/MockNFW320ellip0.5loga-2.08PA50center0.0_0.0With_background1num66.dat TNC          1.0e-04 0 1 1 0     NFW        0.0000  -0.0000     -2.575 0.000   4   3.37   10.6       -1184.591       -2344.268   108   0.0000  -0.0000     -1.417 0.024   5   0.79    0.478
2018-05-16-13:56:48 1.15  Mocks_Mamon/MockNFW320ellip0.5loga-2.08PA50center0.0_0.0With_background1num67.dat TNC          1.0e-04 0 1 1 0     NFW      359.9999   0.0001     -2.368 0.000 135   0.81   24.1       -1291.359       -2557.819    49 359.9999   0.0001     -1.415 0.116 135   0.82    0.222
2018-05-16-13:56:48 1.15  Mocks_Mamon/MockNFW320ellip0.5loga-2.08PA50center0.0_0.0With_background1num68.dat TNC          1.0e-04 0 1 1 0     NFW      360.0000  -0.0001     -2.487 0.000 148   3.53    7.8       -1187.493       -2350.159    48 360.0000  -0.0001     -1.338 0.027 149   0.80    0.234
2018-05-16-13:56:48 1.15  Mocks_Mamon/MockNFW320ellip0.5loga-2.08PA50center0.0_0.0With_background1num69.dat TNC          1.0e-04 0 1 1 0     NFW        0.0000   0.0000     -2.574 0.548  45   3.54    7.6       -1257.528       -2490.174    78   0.0000   0.0000     -1.391 0.117  43   0.82    0.349
2018-05-16-13:56:48 1.15  Mocks_Mamon/MockNFW320ellip0.5loga-2.08PA50center0.0_0.0With_background1num70.dat TNC          1.0e-04 0 1 1 0     NFW      360.0000  -0.0001     -2.574 0.000 141   3.45    8.9       -1173.535        -2322.22    45 360.0000  -0.0001     -1.389 0.085 141   0.79    0.223
2018-05-16-13:56:48 1.15  Mocks_Mamon/MockNFW320ellip0.5loga-2.08PA50center0.0_0.0With_background1num71.dat TNC          1.0e-04 0 1 1 0     NFW        0.0001   0.0000     -2.575 0.511  50   3.54    7.3       -1234.198       -2443.538   200   0.0001   0.0000     -1.351 0.099  44   0.81    0.881
2018-05-16-13:56:48 1.15  Mocks_Mamon/MockNFW320ellip0.5loga-2.08PA50center0.0_0.0With_background1num72.dat TNC          1.0e-04 0 1 1 0     NFW      359.9999   0.0001     -2.577 0.523  56   3.45    9.2         -1234.4       -2443.958   107 359.9999   0.0001     -1.325 0.116  21   0.80    0.472
2018-05-16-13:56:48 1.15  Mocks_Mamon/MockNFW320ellip0.5loga-2.08PA50center0.0_0.0With_background1num73.dat TNC          1.0e-04 0 1 1 0     NFW        0.0000  -0.0000     -2.575 0.537  56   3.49    8.1        -1226.35       -2427.866   101   0.0000  -0.0000     -1.373 0.091  34   0.80    0.446
2018-05-16-13:56:48 1.15  Mocks_Mamon/MockNFW320ellip0.5loga-2.08PA50center0.0_0.0With_background1num74.dat TNC          1.0e-04 0 1 1 0     NFW      360.0000   0.0000     -2.576 0.515  53   3.46    9.8       -1288.409       -2551.903   138 360.0000   0.0000     -1.393 0.093  36   0.82    0.609
2018-05-16-13:56:48 1.15  Mocks_Mamon/MockNFW320ellip0.5loga-2.08PA50center0.0_0.0With_background1num75.dat TNC          1.0e-04 0 1 1 0     NFW      359.9998   0.0000     -2.577 0.544  52   3.51    8.7       -1298.416       -2571.965   252 359.9998   0.0000     -1.306 0.110   5   0.82    1.110
2018-05-16-13:56:48 1.15  Mocks_Mamon/MockNFW320ellip0.5loga-2.08PA50center0.0_0.0With_background1num76.dat TNC          1.0e-04 0 1 1 0     NFW        0.0000  -0.0000     -2.575 0.139  19   3.53    6.8       -1148.302       -2271.754   228   0.0000  -0.0000     -1.285 0.074  19   0.79    0.999
2018-05-16-13:56:48 1.15  Mocks_Mamon/MockNFW320ellip0.5loga-2.08PA50center0.0_0.0With_background1num77.dat TNC          1.0e-04 0 1 1 0     NFW        0.0000  -0.0002     -2.574 0.000 165   3.42   10.6       -1260.366       -2495.826    59   0.0000  -0.0002     -1.419 0.129 151   0.81    0.295
2018-05-16-13:56:48 1.15  Mocks_Mamon/MockNFW320ellip0.5loga-2.08PA50center0.0_0.0With_background1num78.dat TNC          1.0e-04 0 1 1 0     NFW      359.9999  -0.0000     -2.281 0.000 149   0.79   24.2       -1174.926       -2324.986    44 359.9999  -0.0000     -1.377 0.055 144   0.79    0.198
2018-05-16-13:56:48 1.15  Mocks_Mamon/MockNFW320ellip0.5loga-2.08PA50center0.0_0.0With_background1num79.dat TNC          1.0e-04 0 1 1 0     NFW      359.9999   0.0001     -2.577 0.451  78   3.35   12.1       -1333.425       -2641.936   226 359.9999   0.0001     -1.445 0.181   7   0.82    1.003
2018-05-16-13:56:48 1.15  Mocks_Mamon/MockNFW320ellip0.5loga-2.08PA50center0.0_0.0With_background1num80.dat TNC          1.0e-04 0 1 1 0     NFW      360.0000  -0.0000     -2.574 0.548  60   3.48    7.6        -1167.04       -2309.167   145 360.0000  -0.0000     -1.413 0.053  17   0.78    0.636
2018-05-16-13:56:48 1.15  Mocks_Mamon/MockNFW320ellip0.5loga-2.08PA50center0.0_0.0With_background1num81.dat TNC          1.0e-04 0 1 1 0     NFW      360.0000  -0.0001     -2.148 0.660  60   3.51   11.8       -1222.296       -2419.726    94 360.0000  -0.0001     -1.285 0.176  20   0.81    0.419
2018-05-16-13:56:48 1.15  Mocks_Mamon/MockNFW320ellip0.5loga-2.08PA50center0.0_0.0With_background1num82.dat TNC          1.0e-04 0 1 1 0     NFW        0.0002   0.0001     -2.574 0.221  23   3.44    9.4       -1204.027       -2383.163   130   0.0002   0.0001     -1.359 0.117  24   0.80    0.573
2018-05-16-13:56:48 1.15  Mocks_Mamon/MockNFW320ellip0.5loga-2.08PA50center0.0_0.0With_background1num83.dat TNC          1.0e-04 0 1 1 0     NFW      360.0000  -0.0000     -2.578 0.579  46   3.45    9.5       -1276.387       -2527.947    94 360.0000  -0.0000     -1.397 0.104  33   0.81    0.415
2018-05-16-13:56:48 1.15  Mocks_Mamon/MockNFW320ellip0.5loga-2.08PA50center0.0_0.0With_background1num84.dat TNC          1.0e-04 0 1 1 0     NFW        0.0000   0.0001     -2.575 0.578  51   3.50    8.8       -1291.754       -2558.633   177   0.0000   0.0001     -1.302 0.206  42   0.81    0.783
2018-05-16-13:56:48 1.15  Mocks_Mamon/MockNFW320ellip0.5loga-2.08PA50center0.0_0.0With_background1num85.dat TNC          1.0e-04 0 1 1 0     NFW      359.9999  -0.0000     -2.412 0.312  30   3.43   12.6        -1290.61       -2556.298   170 359.9999  -0.0000     -1.323 0.043  33   0.83    0.752
2018-05-16-13:56:48 1.15  Mocks_Mamon/MockNFW320ellip0.5loga-2.08PA50center0.0_0.0With_background1num86.dat TNC          1.0e-04 0 1 1 0     NFW        0.0003  -0.0000     -2.575 0.562  47   3.50    7.3       -1152.003       -2279.172   159   0.0003  -0.0000     -1.351 0.134  29   0.78    0.693
2018-05-16-13:56:48 1.15  Mocks_Mamon/MockNFW320ellip0.5loga-2.08PA50center0.0_0.0With_background1num87.dat TNC          1.0e-04 0 1 1 0     NFW        0.0000  -0.0000     -2.399 0.000 180   3.42   11.4       -1159.565       -2294.263    75   0.0000  -0.0000     -1.361 0.038 178   0.80    0.360
2018-05-16-13:56:48 1.15  Mocks_Mamon/MockNFW320ellip0.5loga-2.08PA50center0.0_0.0With_background1num88.dat TNC          1.0e-04 0 1 1 0     NFW      360.0000  -0.0002     -2.574 0.304  54   3.54    8.4       -1288.038       -2551.178    75 360.0000  -0.0002     -1.306 0.067  25   0.83    0.336
2018-05-16-13:56:48 1.15  Mocks_Mamon/MockNFW320ellip0.5loga-2.08PA50center0.0_0.0With_background1num89.dat TNC          1.0e-04 0 1 1 0     NFW        0.0001  -0.0000     -2.574 0.000 159   3.53    6.8       -1168.217       -2311.543   106   0.0001  -0.0000     -1.354 0.058 160   0.79    0.470
2018-05-16-13:56:48 1.15  Mocks_Mamon/MockNFW320ellip0.5loga-2.08PA50center0.0_0.0With_background1num90.dat TNC          1.0e-04 0 1 1 0     NFW      360.0000   0.0000     -1.820 0.757  57   3.42   19.1       -1112.008       -2199.206   204 360.0000   0.0000     -1.382 0.165  24   0.78    0.896
2018-05-16-13:56:48 1.15  Mocks_Mamon/MockNFW320ellip0.5loga-2.08PA50center0.0_0.0With_background1num91.dat TNC          1.0e-04 0 1 1 0     NFW        0.0002  -0.0000     -2.575 0.450  56   3.53    7.6       -1226.726       -2428.618   385   0.0002  -0.0000     -1.312 0.044  33   0.80    1.696
2018-05-16-13:56:48 1.15  Mocks_Mamon/MockNFW320ellip0.5loga-2.08PA50center0.0_0.0With_background1num92.dat TNC          1.0e-04 0 1 1 0     NFW        0.0000  -0.0001     -2.326 0.000   3   3.42   10.5       -1113.142       -2201.425    55   0.0000  -0.0001     -1.370 0.063   3   0.77    0.269
2018-05-16-13:56:48 1.15  Mocks_Mamon/MockNFW320ellip0.5loga-2.08PA50center0.0_0.0With_background1num93.dat TNC          1.0e-04 0 1 1 0     NFW        0.0000   0.0000     -2.574 0.568  51   3.54    6.9       -1203.746       -2382.595   170   0.0000   0.0000     -1.300 0.159  33   0.80    0.751
2018-05-16-13:56:48 1.15  Mocks_Mamon/MockNFW320ellip0.5loga-2.08PA50center0.0_0.0With_background1num94.dat TNC          1.0e-04 0 1 1 0     NFW      359.9999  -0.0000     -2.575 0.000 130   3.54    6.6       -1150.107       -2275.396    53 359.9999  -0.0000     -1.294 0.046 136   0.79    0.264
2018-05-16-13:56:48 1.15  Mocks_Mamon/MockNFW320ellip0.5loga-2.08PA50center0.0_0.0With_background1num95.dat TNC          1.0e-04 0 1 1 0     NFW        0.0000   0.0000     -2.466 0.000 180   3.27   13.1       -1150.612        -2276.35    42   0.0000   0.0000     -1.365 0.099 152   0.78    0.200
2018-05-16-13:56:48 1.15  Mocks_Mamon/MockNFW320ellip0.5loga-2.08PA50center0.0_0.0With_background1num96.dat TNC          1.0e-04 0 1 1 0     NFW      359.9999  -0.0000     -2.575 0.578  49   3.40   10.7       -1302.585        -2580.28   154 359.9999  -0.0000     -1.335 0.114  14   0.80    0.706
2018-05-16-13:56:48 1.15  Mocks_Mamon/MockNFW320ellip0.5loga-2.08PA50center0.0_0.0With_background1num97.dat TNC          1.0e-04 0 1 1 0     NFW        0.0000   0.0001     -2.574 0.308  48   3.35   10.9       -1209.663       -2394.484    63   0.0000   0.0001     -1.372 0.163  30   0.79    0.280
2018-05-16-13:56:48 1.15  Mocks_Mamon/MockNFW320ellip0.5loga-2.08PA50center0.0_0.0With_background1num98.dat TNC          1.0e-04 0 1 1 0     NFW      360.0000   0.0000     -2.575 0.536  57   3.48    7.9       -1195.007       -2365.123   110 360.0000   0.0000     -1.402 0.110  41   0.79    0.485
2018-05-16-13:56:48 1.15  Mocks_Mamon/MockNFW320ellip0.5loga-2.08PA50center0.0_0.0With_background1num99.dat TNC          1.0e-04 0 1 1 0     NFW        0.0000   0.0000     -2.574 0.463  60   3.52    7.1       -1165.416       -2305.974   334   0.0000   0.0000     -1.348 0.206  37   0.79    1.459
