2018-05-16-13:57:42 1.15  Mocks_Mamon/MockNFW320ellip0.5loga-2.08PA50center0.0_0.0With_background1num0.dat L-BFGS-B     1.0e-04 0 1 1 0     NFW        0.0000  -0.0001     -1.951 0.443  42   0.77   35.3       -1213.273       -2401.641    35   0.0000  -0.0001     -1.343 0.101  42   0.80    0.019
2018-05-16-13:57:42 1.15  Mocks_Mamon/MockNFW320ellip0.5loga-2.08PA50center0.0_0.0With_background1num1.dat L-BFGS-B     1.0e-04 0 1 1 0     NFW        0.0004   0.0002     -2.199 0.000 165   0.79   28.1       -1251.784       -2478.654    98   0.0004   0.0002     -1.354 0.039 165   0.82    0.057
2018-05-16-13:57:42 1.15  Mocks_Mamon/MockNFW320ellip0.5loga-2.08PA50center0.0_0.0With_background1num2.dat L-BFGS-B     1.0e-04 0 1 1 0     NFW        0.0000   0.0001     -2.092 0.431  35   0.75   29.6       -1198.426       -2372.042    70   0.0000   0.0001     -1.346 0.170  35   0.79    0.038
2018-05-16-13:57:42 1.15  Mocks_Mamon/MockNFW320ellip0.5loga-2.08PA50center0.0_0.0With_background1num3.dat L-BFGS-B     1.0e-04 0 1 1 0     NFW      360.0000   0.0000     -1.725 0.345  26   0.79   47.4       -1157.145       -2289.407    28 360.0000   0.0000     -1.316 0.130  26   0.80    0.016
2018-05-16-13:57:42 1.15  Mocks_Mamon/MockNFW320ellip0.5loga-2.08PA50center0.0_0.0With_background1num4.dat L-BFGS-B     1.0e-04 0 1 1 0     NFW      359.9999   0.0000     -2.163 0.018 141   0.74   26.1       -1115.485        -2206.12    42 359.9999   0.0000     -1.350 0.068 141   0.77    0.024
2018-05-16-13:57:42 1.15  Mocks_Mamon/MockNFW320ellip0.5loga-2.08PA50center0.0_0.0With_background1num5.dat L-BFGS-B     1.0e-04 0 1 1 0     NFW      359.9999  -0.0000     -1.776 0.256  29   0.76   40.6       -1046.113       -2067.328    56 359.9999  -0.0000     -1.305 0.195  29   0.76    0.031
2018-05-16-13:57:42 1.15  Mocks_Mamon/MockNFW320ellip0.5loga-2.08PA50center0.0_0.0With_background1num6.dat L-BFGS-B     1.0e-04 0 1 1 0     NFW        0.0001  -0.0000     -1.864 0.000 137   0.79   38.6       -1119.648       -2214.398    63   0.0001  -0.0000     -1.302 0.177 137   0.79    0.036
2018-05-16-13:57:42 1.15  Mocks_Mamon/MockNFW320ellip0.5loga-2.08PA50center0.0_0.0With_background1num7.dat L-BFGS-B     1.0e-04 0 1 1 0     NFW      360.0000  -0.0000     -2.059 0.000 155   0.76   30.0       -1137.026        -2249.17    42 360.0000  -0.0000     -1.352 0.094 155   0.78    0.025
2018-05-16-13:57:42 1.15  Mocks_Mamon/MockNFW320ellip0.5loga-2.08PA50center0.0_0.0With_background1num8.dat L-BFGS-B     1.0e-04 0 1 1 0     NFW        0.0000   0.0002     -2.295 0.002 164   0.78   24.6       -1203.269       -2381.679   154   0.0000   0.0002     -1.341 0.025 164   0.80    0.087
2018-05-16-13:57:42 1.15  Mocks_Mamon/MockNFW320ellip0.5loga-2.08PA50center0.0_0.0With_background1num9.dat L-BFGS-B     1.0e-04 0 1 1 0     NFW        0.0000  -0.0000     -2.197 0.000 135   0.74   25.8       -1157.771       -2290.683    84   0.0000  -0.0000     -1.351 0.159 135   0.78    0.048
2018-05-16-13:57:42 1.15  Mocks_Mamon/MockNFW320ellip0.5loga-2.08PA50center0.0_0.0With_background1num10.dat L-BFGS-B     1.0e-04 0 1 1 0     NFW      360.0000  -0.0000     -2.084 0.352  42   0.73   27.0       -1070.725         -2116.6    63 360.0000  -0.0000     -1.369 0.150  42   0.75    0.034
2018-05-16-13:57:42 1.15  Mocks_Mamon/MockNFW320ellip0.5loga-2.08PA50center0.0_0.0With_background1num11.dat L-BFGS-B     1.0e-04 0 1 1 0     NFW      359.9999  -0.0000     -2.014 0.424  35   0.78   34.0       -1288.414       -2551.898    42 359.9999  -0.0000     -1.446 0.059  35   0.81    0.023
2018-05-16-13:57:42 1.15  Mocks_Mamon/MockNFW320ellip0.5loga-2.08PA50center0.0_0.0With_background1num12.dat L-BFGS-B     1.0e-04 0 1 1 0     NFW        0.0001  -0.0000     -2.137 0.140  19   0.79   30.5       -1271.955        -2519.14    63   0.0001  -0.0000     -1.247 0.105  19   0.83    0.035
2018-05-16-13:57:42 1.15  Mocks_Mamon/MockNFW320ellip0.5loga-2.08PA50center0.0_0.0With_background1num13.dat L-BFGS-B     1.0e-04 0 1 1 0     NFW      359.9999  -0.0000     -1.941 0.042 143   0.77   35.2       -1140.023       -2255.155    35 359.9999  -0.0000     -1.327 0.087 143   0.79    0.020
2018-05-16-13:57:42 1.15  Mocks_Mamon/MockNFW320ellip0.5loga-2.08PA50center0.0_0.0With_background1num14.dat L-BFGS-B     1.0e-04 0 1 1 0     NFW        0.0002  -0.0001     -2.106 0.190  28   0.78   29.4       -1172.651       -2320.405    56   0.0002  -0.0001     -1.326 0.140  28   0.79    0.031
2018-05-16-13:57:42 1.15  Mocks_Mamon/MockNFW320ellip0.5loga-2.08PA50center0.0_0.0With_background1num15.dat L-BFGS-B     1.0e-04 0 1 1 0     NFW        0.0001   0.0001     -2.077 0.028 173   0.78   30.3       -1154.726       -2284.553    49   0.0001   0.0001     -1.312 0.074 173   0.79    0.028
2018-05-16-13:57:42 1.15  Mocks_Mamon/MockNFW320ellip0.5loga-2.08PA50center0.0_0.0With_background1num16.dat L-BFGS-B     1.0e-04 0 1 1 0     NFW        0.0000   0.0000     -2.123 0.000 147   0.78   30.2       -1234.175       -2443.451    56   0.0000   0.0000     -1.332 0.046 147   0.81    0.033
2018-05-16-13:57:42 1.15  Mocks_Mamon/MockNFW320ellip0.5loga-2.08PA50center0.0_0.0With_background1num17.dat L-BFGS-B     1.0e-04 0 1 1 0     NFW        0.0000   0.0001     -2.160 0.000 162   0.79   29.5       -1262.631       -2500.403    63   0.0000   0.0001     -1.355 0.047 162   0.82    0.036
2018-05-16-13:57:42 1.15  Mocks_Mamon/MockNFW320ellip0.5loga-2.08PA50center0.0_0.0With_background1num18.dat L-BFGS-B     1.0e-04 0 1 1 0     NFW      359.9998  -0.0001     -2.088 0.510  41   0.79   32.2       -1333.313       -2641.735    42 359.9998  -0.0001     -1.413 0.108  41   0.83    0.023
2018-05-16-13:57:42 1.15  Mocks_Mamon/MockNFW320ellip0.5loga-2.08PA50center0.0_0.0With_background1num19.dat L-BFGS-B     1.0e-04 0 1 1 0     NFW      360.0000  -0.0000     -1.968 0.000 153   0.76   32.5       -1093.432       -2161.966    77 360.0000  -0.0000     -1.341 0.116 153   0.77    0.045
2018-05-16-13:57:42 1.15  Mocks_Mamon/MockNFW320ellip0.5loga-2.08PA50center0.0_0.0With_background1num20.dat L-BFGS-B     1.0e-04 0 1 1 0     NFW        0.0000  -0.0000     -1.936 0.281  38   0.78   35.2       -1134.791       -2244.739    49   0.0000  -0.0000     -1.287 0.097  38   0.79    0.027
2018-05-16-13:57:42 1.15  Mocks_Mamon/MockNFW320ellip0.5loga-2.08PA50center0.0_0.0With_background1num21.dat L-BFGS-B     1.0e-04 0 1 1 0     NFW      359.9999  -0.0000     -2.056 0.000 151   0.82   32.5       -1210.727       -2396.564    77 359.9999  -0.0000     -1.344 0.169 151   0.82    0.045
2018-05-16-13:57:42 1.15  Mocks_Mamon/MockNFW320ellip0.5loga-2.08PA50center0.0_0.0With_background1num22.dat L-BFGS-B     1.0e-04 0 1 1 0     NFW      360.0000  -0.0002     -1.950 0.174  32   0.80   35.9       -1176.614       -2328.321    42 360.0000  -0.0002     -1.293 0.027  32   0.81    0.023
2018-05-16-13:57:42 1.15  Mocks_Mamon/MockNFW320ellip0.5loga-2.08PA50center0.0_0.0With_background1num23.dat L-BFGS-B     1.0e-04 0 1 1 0     NFW        0.0001   0.0000     -1.853 0.000 142   0.79   40.0       -1142.536       -2260.181    63   0.0001   0.0000     -1.306 0.074 142   0.80    0.036
2018-05-16-13:57:42 1.15  Mocks_Mamon/MockNFW320ellip0.5loga-2.08PA50center0.0_0.0With_background1num24.dat L-BFGS-B     1.0e-04 0 1 1 0     NFW        0.0000   0.0001     -2.001 0.231  37   0.76   31.6       -1123.321       -2221.775    49   0.0000   0.0001     -1.397 0.075  37   0.78    0.027
2018-05-16-13:57:42 1.15  Mocks_Mamon/MockNFW320ellip0.5loga-2.08PA50center0.0_0.0With_background1num25.dat L-BFGS-B     1.0e-04 0 1 1 0     NFW        0.0000  -0.0000     -1.830 0.361  40   0.79   42.1       -1201.126       -2377.362    35   0.0000  -0.0000     -1.257 0.030  40   0.81    0.019
2018-05-16-13:57:42 1.15  Mocks_Mamon/MockNFW320ellip0.5loga-2.08PA50center0.0_0.0With_background1num26.dat L-BFGS-B     1.0e-04 0 1 1 0     NFW        0.0000  -0.0000     -1.940 0.472  33   0.77   35.9       -1214.942       -2405.017    35   0.0000  -0.0000     -1.379 0.182  33   0.80    0.019
2018-05-16-13:57:42 1.15  Mocks_Mamon/MockNFW320ellip0.5loga-2.08PA50center0.0_0.0With_background1num27.dat L-BFGS-B     1.0e-04 0 1 1 0     NFW        0.0000   0.0001     -1.820 0.367  45   0.77   41.0       -1143.436       -2261.957    28   0.0000   0.0001     -1.309 0.075  45   0.79    0.016
2018-05-16-13:57:42 1.15  Mocks_Mamon/MockNFW320ellip0.5loga-2.08PA50center0.0_0.0With_background1num28.dat L-BFGS-B     1.0e-04 0 1 1 0     NFW        0.0001   0.0000     -2.160 0.011 139   0.76   27.5       -1170.542       -2316.241    42   0.0001   0.0000     -1.393 0.048 139   0.79    0.024
2018-05-16-13:57:42 1.15  Mocks_Mamon/MockNFW320ellip0.5loga-2.08PA50center0.0_0.0With_background1num29.dat L-BFGS-B     1.0e-04 0 1 1 0     NFW        0.0000   0.0000     -2.064 0.000 151   0.78   29.1       -1086.253       -2147.615    84   0.0000   0.0000     -1.376 0.121 151   0.77    0.048
2018-05-16-13:57:42 1.15  Mocks_Mamon/MockNFW320ellip0.5loga-2.08PA50center0.0_0.0With_background1num30.dat L-BFGS-B     1.0e-04 0 1 1 0     NFW        0.0002   0.0001     -1.830 0.399  29   0.79   42.2       -1200.024        -2375.15    35   0.0002   0.0001     -1.289 0.120  29   0.81    0.019
2018-05-16-13:57:42 1.15  Mocks_Mamon/MockNFW320ellip0.5loga-2.08PA50center0.0_0.0With_background1num31.dat L-BFGS-B     1.0e-04 0 1 1 0     NFW      359.9999   0.0001     -1.942 0.000 144   0.81   36.6        -1172.59       -2320.305    70 359.9999   0.0001     -1.284 0.111 144   0.81    0.041
2018-05-16-13:57:42 1.15  Mocks_Mamon/MockNFW320ellip0.5loga-2.08PA50center0.0_0.0With_background1num32.dat L-BFGS-B     1.0e-04 0 1 1 0     NFW      360.0000  -0.0000     -1.813 0.353  44   0.79   42.5       -1179.839       -2334.836    28 360.0000  -0.0000     -1.386 0.103  44   0.80    0.016
2018-05-16-13:57:42 1.15  Mocks_Mamon/MockNFW320ellip0.5loga-2.08PA50center0.0_0.0With_background1num33.dat L-BFGS-B     1.0e-04 0 1 1 0     NFW      359.9999  -0.0000     -2.297 0.100 180   0.75   24.3       -1226.974       -2429.106    63 359.9999  -0.0000     -1.361 0.090 180   0.80    0.035
2018-05-16-13:57:42 1.15  Mocks_Mamon/MockNFW320ellip0.5loga-2.08PA50center0.0_0.0With_background1num34.dat L-BFGS-B     1.0e-04 0 1 1 0     NFW        0.0001   0.0000     -2.029 0.000  12   0.78   32.2       -1174.731        -2324.62    49   0.0001   0.0000     -1.259 0.126  12   0.80    0.028
2018-05-16-13:57:42 1.15  Mocks_Mamon/MockNFW320ellip0.5loga-2.08PA50center0.0_0.0With_background1num35.dat L-BFGS-B     1.0e-04 0 1 1 0     NFW        0.0000  -0.0000     -1.932 0.000 136   0.76   34.6       -1107.961       -2191.121    63   0.0000  -0.0000     -1.208 0.113 136   0.78    0.037
2018-05-16-13:57:42 1.15  Mocks_Mamon/MockNFW320ellip0.5loga-2.08PA50center0.0_0.0With_background1num36.dat L-BFGS-B     1.0e-04 0 1 1 0     NFW        0.0000  -0.0000     -2.089 0.000 145   0.78   30.7       -1214.301       -2403.775    70   0.0000  -0.0000     -1.350 0.189 145   0.81    0.041
2018-05-16-13:57:42 1.15  Mocks_Mamon/MockNFW320ellip0.5loga-2.08PA50center0.0_0.0With_background1num37.dat L-BFGS-B     1.0e-04 0 1 1 0     NFW      360.0000   0.0000     -2.092 0.000 145   0.77   29.0       -1145.402        -2265.89    49 360.0000   0.0000     -1.424 0.122 145   0.78    0.029
2018-05-16-13:57:42 1.15  Mocks_Mamon/MockNFW320ellip0.5loga-2.08PA50center0.0_0.0With_background1num38.dat L-BFGS-B     1.0e-04 0 1 1 0     NFW      360.0000  -0.0000     -2.140 0.090 174   0.74   26.2        -1101.66       -2178.453    56 360.0000  -0.0000     -1.412 0.169 174   0.76    0.030
2018-05-16-13:57:42 1.15  Mocks_Mamon/MockNFW320ellip0.5loga-2.08PA50center0.0_0.0With_background1num39.dat L-BFGS-B     1.0e-04 0 1 1 0     NFW      359.9999  -0.0001     -1.993 0.000 136   0.78   32.6       -1126.825       -2228.728    42 359.9999  -0.0001     -1.376 0.097 136   0.79    0.025
2018-05-16-13:57:42 1.15  Mocks_Mamon/MockNFW320ellip0.5loga-2.08PA50center0.0_0.0With_background1num40.dat L-BFGS-B     1.0e-04 0 1 1 0     NFW        0.0000  -0.0001     -2.387 0.001 159   0.78   23.6        -1278.91       -2532.946   105   0.0000  -0.0001     -1.406 0.026 159   0.82    0.060
2018-05-16-13:57:42 1.15  Mocks_Mamon/MockNFW320ellip0.5loga-2.08PA50center0.0_0.0With_background1num41.dat L-BFGS-B     1.0e-04 0 1 1 0     NFW      360.0000   0.0000     -2.070 0.000 179   0.80   31.8       -1210.993       -2397.127    56 360.0000   0.0000     -1.330 0.043 179   0.81    0.032
2018-05-16-13:57:42 1.15  Mocks_Mamon/MockNFW320ellip0.5loga-2.08PA50center0.0_0.0With_background1num42.dat L-BFGS-B     1.0e-04 0 1 1 0     NFW        0.0000   0.0000     -2.058 0.028   8   0.75   29.2       -1102.427       -2180.044    56   0.0000   0.0000     -1.372 0.027   8   0.77    0.031
2018-05-16-13:57:42 1.15  Mocks_Mamon/MockNFW320ellip0.5loga-2.08PA50center0.0_0.0With_background1num43.dat L-BFGS-B     1.0e-04 0 1 1 0     NFW        0.0002   0.0000     -2.330 0.023 149   0.79   24.8       -1257.843       -2490.836    42   0.0002   0.0000     -1.361 0.131 148   0.82    0.024
2018-05-16-13:57:42 1.15  Mocks_Mamon/MockNFW320ellip0.5loga-2.08PA50center0.0_0.0With_background1num44.dat L-BFGS-B     1.0e-04 0 1 1 0     NFW      359.9997  -0.0001     -1.759 0.327  18   0.80   45.6       -1165.387       -2305.884    28 359.9997  -0.0001     -1.309 0.070  18   0.80    0.016
2018-05-16-13:57:42 1.15  Mocks_Mamon/MockNFW320ellip0.5loga-2.08PA50center0.0_0.0With_background1num45.dat L-BFGS-B     1.0e-04 0 1 1 0     NFW        0.0000  -0.0000     -2.231 0.033 157   0.74   24.8       -1137.907       -2250.949    42   0.0000  -0.0000     -1.345 0.121 157   0.78    0.024
2018-05-16-13:57:42 1.15  Mocks_Mamon/MockNFW320ellip0.5loga-2.08PA50center0.0_0.0With_background1num46.dat L-BFGS-B     1.0e-04 0 1 1 0     NFW        0.0000   0.0000     -2.089 0.352  33   0.78   30.9        -1230.74       -2436.581    56   0.0000   0.0000     -1.352 0.223  33   0.81    0.031
2018-05-16-13:57:42 1.15  Mocks_Mamon/MockNFW320ellip0.5loga-2.08PA50center0.0_0.0With_background1num47.dat L-BFGS-B     1.0e-04 0 1 1 0     NFW      359.9999  -0.0001     -2.050 0.054 143   0.80   32.7        -1214.26       -2403.645    42 359.9999  -0.0001     -1.348 0.132 143   0.82    0.024
2018-05-16-13:57:42 1.15  Mocks_Mamon/MockNFW320ellip0.5loga-2.08PA50center0.0_0.0With_background1num48.dat L-BFGS-B     1.0e-04 0 1 1 0     NFW      360.0000  -0.0000     -2.093 0.000 163   0.79   31.2       -1238.487       -2452.115    49 360.0000  -0.0000     -1.325 0.038 163   0.82    0.029
2018-05-16-13:57:42 1.15  Mocks_Mamon/MockNFW320ellip0.5loga-2.08PA50center0.0_0.0With_background1num49.dat L-BFGS-B     1.0e-04 0 1 1 0     NFW      359.9999  -0.0001     -2.052 0.000 136   0.77   31.2       -1167.158       -2309.441    84 359.9999  -0.0001     -1.296 0.123 136   0.80    0.049
2018-05-16-13:57:42 1.15  Mocks_Mamon/MockNFW320ellip0.5loga-2.08PA50center0.0_0.0With_background1num50.dat L-BFGS-B     1.0e-04 0 1 1 0     NFW      360.0000  -0.0001     -1.685 0.328  38   0.77   48.4       -1087.944       -2151.061    28 360.0000  -0.0001     -1.275 0.112  38   0.78    0.015
2018-05-16-13:57:42 1.15  Mocks_Mamon/MockNFW320ellip0.5loga-2.08PA50center0.0_0.0With_background1num51.dat L-BFGS-B     1.0e-04 0 1 1 0     NFW        0.0000  -0.0001     -2.065 0.264  27   0.75   29.0       -1117.082       -2209.227    63   0.0000  -0.0001     -1.385 0.111  27   0.77    0.035
2018-05-16-13:57:42 1.15  Mocks_Mamon/MockNFW320ellip0.5loga-2.08PA50center0.0_0.0With_background1num52.dat L-BFGS-B     1.0e-04 0 1 1 0     NFW        0.0001   0.0000     -2.139 0.000 136   0.78   29.4       -1231.423       -2437.955    49   0.0001   0.0000     -1.342 0.126 136   0.81    0.029
2018-05-16-13:57:42 1.15  Mocks_Mamon/MockNFW320ellip0.5loga-2.08PA50center0.0_0.0With_background1num53.dat L-BFGS-B     1.0e-04 0 1 1 0     NFW      359.9999  -0.0001     -2.192 0.000 167   0.76   27.3       -1221.469       -2418.049    84 359.9999  -0.0001     -1.335 0.044 167   0.80    0.048
2018-05-16-13:57:42 1.15  Mocks_Mamon/MockNFW320ellip0.5loga-2.08PA50center0.0_0.0With_background1num54.dat L-BFGS-B     1.0e-04 0 1 1 0     NFW      360.0000  -0.0002     -1.852 0.402  44   0.77   38.4       -1122.569       -2220.263    28 360.0000  -0.0002     -1.344 0.123  44   0.78    0.015
2018-05-16-13:57:42 1.15  Mocks_Mamon/MockNFW320ellip0.5loga-2.08PA50center0.0_0.0With_background1num55.dat L-BFGS-B     1.0e-04 0 1 1 0     NFW      360.0000  -0.0002     -1.818 0.373  28   0.79   41.5       -1169.859       -2314.836    28 360.0000  -0.0002     -1.367 0.121  28   0.80    0.016
2018-05-16-13:57:42 1.15  Mocks_Mamon/MockNFW320ellip0.5loga-2.08PA50center0.0_0.0With_background1num56.dat L-BFGS-B     1.0e-04 0 1 1 0     NFW        0.0001   0.0001     -2.226 0.247  22   0.73   24.2       -1127.448       -2229.981    77   0.0001   0.0001     -1.360 0.150  22   0.76    0.042
2018-05-16-13:57:42 1.15  Mocks_Mamon/MockNFW320ellip0.5loga-2.08PA50center0.0_0.0With_background1num57.dat L-BFGS-B     1.0e-04 0 1 1 0     NFW      360.0000  -0.0001     -2.020 0.000 153   0.74   29.7       -1056.823       -2088.804    70 360.0000  -0.0001     -1.266 0.123 153   0.76    0.040
2018-05-16-13:57:42 1.15  Mocks_Mamon/MockNFW320ellip0.5loga-2.08PA50center0.0_0.0With_background1num58.dat L-BFGS-B     1.0e-04 0 1 1 0     NFW        0.0001  -0.0002     -2.243 0.281  43   0.78   26.8       -1256.226       -2487.585    77   0.0001  -0.0002     -1.294 0.084  43   0.82    0.043
2018-05-16-13:57:42 1.15  Mocks_Mamon/MockNFW320ellip0.5loga-2.08PA50center0.0_0.0With_background1num59.dat L-BFGS-B     1.0e-04 0 1 1 0     NFW        0.0000  -0.0001     -2.236 0.254  30   0.79   26.9        -1254.65       -2484.418    77   0.0000  -0.0001     -1.389 0.024  30   0.81    0.043
2018-05-16-13:57:42 1.15  Mocks_Mamon/MockNFW320ellip0.5loga-2.08PA50center0.0_0.0With_background1num60.dat L-BFGS-B     1.0e-04 0 1 1 0     NFW        0.0001  -0.0000     -2.240 0.166  21   0.77   26.5       -1247.681        -2470.52    42   0.0001  -0.0000     -1.342 0.094  21   0.81    0.023
2018-05-16-13:57:42 1.15  Mocks_Mamon/MockNFW320ellip0.5loga-2.08PA50center0.0_0.0With_background1num61.dat L-BFGS-B     1.0e-04 0 1 1 0     NFW        0.0000  -0.0002     -2.155 0.000 141   0.77   28.6       -1208.877       -2392.888    77   0.0000  -0.0002     -1.297 0.109 141   0.80    0.044
2018-05-16-13:57:42 1.15  Mocks_Mamon/MockNFW320ellip0.5loga-2.08PA50center0.0_0.0With_background1num62.dat L-BFGS-B     1.0e-04 0 1 1 0     NFW        0.0000   0.0001     -1.832 0.223  27   0.79   41.0       -1147.468        -2270.03    63   0.0000   0.0001     -1.331 0.189  27   0.80    0.035
2018-05-16-13:57:42 1.15  Mocks_Mamon/MockNFW320ellip0.5loga-2.08PA50center0.0_0.0With_background1num63.dat L-BFGS-B     1.0e-04 0 1 1 0     NFW      360.0000   0.0000     -2.032 0.477  38   0.74   30.0       -1156.416       -2287.941    42 360.0000   0.0000     -1.404 0.108  38   0.77    0.023
2018-05-16-13:57:42 1.15  Mocks_Mamon/MockNFW320ellip0.5loga-2.08PA50center0.0_0.0With_background1num64.dat L-BFGS-B     1.0e-04 0 1 1 0     NFW        0.0000  -0.0001     -2.070 0.000 149   0.77   30.6       -1179.595       -2334.259    77   0.0000  -0.0001     -1.375 0.123 149   0.79    0.045
2018-05-16-13:57:42 1.15  Mocks_Mamon/MockNFW320ellip0.5loga-2.08PA50center0.0_0.0With_background1num65.dat L-BFGS-B     1.0e-04 0 1 1 0     NFW      360.0000   0.0000     -1.866 0.399  25   0.79   39.4       -1196.923       -2368.956    35 360.0000   0.0000     -1.359 0.115  25   0.80    0.019
2018-05-16-13:57:42 1.15  Mocks_Mamon/MockNFW320ellip0.5loga-2.08PA50center0.0_0.0With_background1num66.dat L-BFGS-B     1.0e-04 0 1 1 0     NFW        0.0000  -0.0000     -2.083 0.000   5   0.77   29.6       -1171.335       -2317.755    49   0.0000  -0.0000     -1.417 0.024   5   0.79    0.028
2018-05-16-13:57:42 1.15  Mocks_Mamon/MockNFW320ellip0.5loga-2.08PA50center0.0_0.0With_background1num67.dat L-BFGS-B     1.0e-04 0 1 1 0     NFW      359.9999   0.0001     -2.471 0.006 135   0.77   22.1       -1291.047       -2557.197    42 359.9999   0.0001     -1.415 0.116 135   0.82    0.024
2018-05-16-13:57:42 1.15  Mocks_Mamon/MockNFW320ellip0.5loga-2.08PA50center0.0_0.0With_background1num68.dat L-BFGS-B     1.0e-04 0 1 1 0     NFW      360.0000  -0.0001     -2.027 0.008 149   0.77   32.2       -1173.124       -2321.421    42 360.0000  -0.0001     -1.338 0.027 149   0.80    0.024
2018-05-16-13:57:42 1.15  Mocks_Mamon/MockNFW320ellip0.5loga-2.08PA50center0.0_0.0With_background1num69.dat L-BFGS-B     1.0e-04 0 1 1 0     NFW        0.0000   0.0000     -1.900 0.409  43   0.80   39.1       -1226.655       -2428.427    35   0.0000   0.0000     -1.391 0.117  43   0.82    0.020
2018-05-16-13:57:42 1.15  Mocks_Mamon/MockNFW320ellip0.5loga-2.08PA50center0.0_0.0With_background1num70.dat L-BFGS-B     1.0e-04 0 1 1 0     NFW      360.0000  -0.0001     -2.070 0.000 141   0.76   30.1       -1155.936       -2287.021    42 360.0000  -0.0001     -1.389 0.085 141   0.79    0.025
2018-05-16-13:57:42 1.15  Mocks_Mamon/MockNFW320ellip0.5loga-2.08PA50center0.0_0.0With_background1num71.dat L-BFGS-B     1.0e-04 0 1 1 0     NFW        0.0001   0.0000     -1.860 0.387  44   0.80   40.4       -1200.478       -2376.097    28   0.0001   0.0000     -1.351 0.099  44   0.81    0.016
2018-05-16-13:57:42 1.15  Mocks_Mamon/MockNFW320ellip0.5loga-2.08PA50center0.0_0.0With_background1num72.dat L-BFGS-B     1.0e-04 0 1 1 0     NFW      359.9999   0.0001     -2.184 0.031  21   0.77   27.3       -1203.471         -2382.1    56 359.9999   0.0001     -1.325 0.116  21   0.80    0.031
2018-05-16-13:57:42 1.15  Mocks_Mamon/MockNFW320ellip0.5loga-2.08PA50center0.0_0.0With_background1num73.dat L-BFGS-B     1.0e-04 0 1 1 0     NFW        0.0000  -0.0000     -1.882 0.389  34   0.78   38.3       -1185.742       -2346.649    35   0.0000  -0.0000     -1.373 0.091  34   0.80    0.019
2018-05-16-13:57:42 1.15  Mocks_Mamon/MockNFW320ellip0.5loga-2.08PA50center0.0_0.0With_background1num74.dat L-BFGS-B     1.0e-04 0 1 1 0     NFW      360.0000   0.0000     -2.159 0.291  36   0.79   29.0       -1257.492        -2490.07    56 360.0000   0.0000     -1.393 0.093  36   0.82    0.031
2018-05-16-13:57:42 1.15  Mocks_Mamon/MockNFW320ellip0.5loga-2.08PA50center0.0_0.0With_background1num75.dat L-BFGS-B     1.0e-04 0 1 1 0     NFW      359.9998   0.0000     -2.252 0.012   5   0.78   26.7       -1253.095       -2481.323    42 359.9998   0.0000     -1.306 0.110   5   0.82    0.024
2018-05-16-13:57:42 1.15  Mocks_Mamon/MockNFW320ellip0.5loga-2.08PA50center0.0_0.0With_background1num76.dat L-BFGS-B     1.0e-04 0 1 1 0     NFW        0.0000  -0.0000     -1.638 0.270  19   0.78   53.4         -1122.7        -2220.55    28   0.0000  -0.0000     -1.285 0.074  19   0.79    0.016
2018-05-16-13:57:42 1.15  Mocks_Mamon/MockNFW320ellip0.5loga-2.08PA50center0.0_0.0With_background1num77.dat L-BFGS-B     1.0e-04 0 1 1 0     NFW        0.0000  -0.0002     -2.240 0.034 151   0.78   26.6       -1239.612       -2454.318    42   0.0000  -0.0002     -1.419 0.129 151   0.81    0.024
2018-05-16-13:57:42 1.15  Mocks_Mamon/MockNFW320ellip0.5loga-2.08PA50center0.0_0.0With_background1num78.dat L-BFGS-B     1.0e-04 0 1 1 0     NFW      359.9999  -0.0000     -2.274 0.002 144   0.75   24.4       -1174.877       -2324.888    42 359.9999  -0.0000     -1.377 0.055 144   0.79    0.024
2018-05-16-13:57:42 1.15  Mocks_Mamon/MockNFW320ellip0.5loga-2.08PA50center0.0_0.0With_background1num79.dat L-BFGS-B     1.0e-04 0 1 1 0     NFW      359.9999   0.0001     -2.490 0.001   7   0.78   21.6       -1301.867        -2578.82   133 359.9999   0.0001     -1.445 0.181   7   0.82    0.076
2018-05-16-13:57:42 1.15  Mocks_Mamon/MockNFW320ellip0.5loga-2.08PA50center0.0_0.0With_background1num80.dat L-BFGS-B     1.0e-04 0 1 1 0     NFW      360.0000  -0.0000     -2.057 0.021  17   0.77   30.0       -1130.586       -2236.257    49 360.0000  -0.0000     -1.413 0.053  17   0.78    0.027
2018-05-16-13:57:42 1.15  Mocks_Mamon/MockNFW320ellip0.5loga-2.08PA50center0.0_0.0With_background1num81.dat L-BFGS-B     1.0e-04 0 1 1 0     NFW      360.0000  -0.0001     -1.988 0.075  21   0.80   34.5       -1179.428       -2333.989    56 360.0000  -0.0001     -1.285 0.176  20   0.81    0.031
2018-05-16-13:57:42 1.15  Mocks_Mamon/MockNFW320ellip0.5loga-2.08PA50center0.0_0.0With_background1num82.dat L-BFGS-B     1.0e-04 0 1 1 0     NFW        0.0002   0.0001     -1.789 0.357  25   0.78   43.3       -1180.102       -2335.314    28   0.0002   0.0001     -1.359 0.117  24   0.80    0.016
2018-05-16-13:57:42 1.15  Mocks_Mamon/MockNFW320ellip0.5loga-2.08PA50center0.0_0.0With_background1num83.dat L-BFGS-B     1.0e-04 0 1 1 0     NFW      360.0000  -0.0000     -2.268 0.323  33   0.77   25.4       -1243.781       -2462.736    56 360.0000  -0.0000     -1.397 0.104  33   0.81    0.031
2018-05-16-13:57:42 1.15  Mocks_Mamon/MockNFW320ellip0.5loga-2.08PA50center0.0_0.0With_background1num84.dat L-BFGS-B     1.0e-04 0 1 1 0     NFW        0.0000   0.0001     -1.981 0.522  42   0.78   35.3       -1256.616       -2488.358    42   0.0000   0.0001     -1.302 0.206  42   0.81    0.023
2018-05-16-13:57:42 1.15  Mocks_Mamon/MockNFW320ellip0.5loga-2.08PA50center0.0_0.0With_background1num85.dat L-BFGS-B     1.0e-04 0 1 1 0     NFW      359.9999  -0.0000     -1.876 0.372  33   0.80   41.1       -1270.015       -2515.108    35 359.9999  -0.0000     -1.323 0.043  33   0.83    0.020
2018-05-16-13:57:42 1.15  Mocks_Mamon/MockNFW320ellip0.5loga-2.08PA50center0.0_0.0With_background1num86.dat L-BFGS-B     1.0e-04 0 1 1 0     NFW        0.0003  -0.0000     -1.819 0.388  29   0.77   39.9       -1118.882        -2212.93    28   0.0003  -0.0000     -1.351 0.134  29   0.78    0.015
2018-05-16-13:57:42 1.15  Mocks_Mamon/MockNFW320ellip0.5loga-2.08PA50center0.0_0.0With_background1num87.dat L-BFGS-B     1.0e-04 0 1 1 0     NFW        0.0000  -0.0000     -1.898 0.047 178   0.79   37.3       -1143.425       -2261.983    56   0.0000  -0.0000     -1.361 0.038 178   0.80    0.031
2018-05-16-13:57:42 1.15  Mocks_Mamon/MockNFW320ellip0.5loga-2.08PA50center0.0_0.0With_background1num88.dat L-BFGS-B     1.0e-04 0 1 1 0     NFW      360.0000  -0.0002     -2.039 0.107  25   0.81   34.2       -1256.502       -2488.105    42 360.0000  -0.0002     -1.306 0.067  25   0.83    0.024
2018-05-16-13:57:42 1.15  Mocks_Mamon/MockNFW320ellip0.5loga-2.08PA50center0.0_0.0With_background1num89.dat L-BFGS-B     1.0e-04 0 1 1 0     NFW        0.0001  -0.0000     -2.043 0.000 160   0.78   31.0       -1140.431       -2255.971    56   0.0001  -0.0000     -1.354 0.058 160   0.79    0.032
2018-05-16-13:57:42 1.15  Mocks_Mamon/MockNFW320ellip0.5loga-2.08PA50center0.0_0.0With_background1num90.dat L-BFGS-B     1.0e-04 0 1 1 0     NFW      360.0000   0.0000     -1.889 0.196  24   0.77   36.2       -1099.448       -2174.086    63 360.0000   0.0000     -1.382 0.165  24   0.78    0.035
2018-05-16-13:57:42 1.15  Mocks_Mamon/MockNFW320ellip0.5loga-2.08PA50center0.0_0.0With_background1num91.dat L-BFGS-B     1.0e-04 0 1 1 0     NFW        0.0002  -0.0000     -1.814 0.340  33   0.79   42.6       -1187.071       -2349.308    35   0.0002  -0.0000     -1.312 0.044  33   0.80    0.019
2018-05-16-13:57:42 1.15  Mocks_Mamon/MockNFW320ellip0.5loga-2.08PA50center0.0_0.0With_background1num92.dat L-BFGS-B     1.0e-04 0 1 1 0     NFW        0.0000  -0.0001     -2.032 0.000   3   0.75   29.9       -1102.676       -2180.494    56   0.0000  -0.0001     -1.370 0.063   3   0.77    0.032
2018-05-16-13:57:42 1.15  Mocks_Mamon/MockNFW320ellip0.5loga-2.08PA50center0.0_0.0With_background1num93.dat L-BFGS-B     1.0e-04 0 1 1 0     NFW        0.0000   0.0000     -1.787 0.402  33   0.79   43.8       -1164.854        -2304.81    28   0.0000   0.0000     -1.300 0.159  33   0.80    0.016
2018-05-16-13:57:42 1.15  Mocks_Mamon/MockNFW320ellip0.5loga-2.08PA50center0.0_0.0With_background1num94.dat L-BFGS-B     1.0e-04 0 1 1 0     NFW      359.9999  -0.0000     -1.964 0.020 136   0.78   33.8       -1121.635       -2218.453    35 359.9999  -0.0000     -1.294 0.046 136   0.79    0.020
2018-05-16-13:57:42 1.15  Mocks_Mamon/MockNFW320ellip0.5loga-2.08PA50center0.0_0.0With_background1num95.dat L-BFGS-B     1.0e-04 0 1 1 0     NFW        0.0000   0.0000     -2.053 0.000 152   0.77   30.2       -1130.224       -2235.573    63   0.0000   0.0000     -1.365 0.099 152   0.78    0.037
2018-05-16-13:57:42 1.15  Mocks_Mamon/MockNFW320ellip0.5loga-2.08PA50center0.0_0.0With_background1num96.dat L-BFGS-B     1.0e-04 0 1 1 0     NFW      359.9999  -0.0000     -2.357 0.143  15   0.74   23.6       -1265.424       -2505.958    77 359.9999  -0.0000     -1.335 0.114  14   0.80    0.043
2018-05-16-13:57:42 1.15  Mocks_Mamon/MockNFW320ellip0.5loga-2.08PA50center0.0_0.0With_background1num97.dat L-BFGS-B     1.0e-04 0 1 1 0     NFW        0.0000   0.0001     -2.124 0.242  30   0.75   28.5        -1192.67       -2360.497    70   0.0000   0.0001     -1.372 0.163  30   0.79    0.038
2018-05-16-13:57:42 1.15  Mocks_Mamon/MockNFW320ellip0.5loga-2.08PA50center0.0_0.0With_background1num98.dat L-BFGS-B     1.0e-04 0 1 1 0     NFW      360.0000   0.0000     -1.901 0.401  41   0.77   36.4       -1162.105        -2299.32    35 360.0000   0.0000     -1.402 0.110  41   0.79    0.019
2018-05-16-13:57:42 1.15  Mocks_Mamon/MockNFW320ellip0.5loga-2.08PA50center0.0_0.0With_background1num99.dat L-BFGS-B     1.0e-04 0 1 1 0     NFW        0.0000   0.0000     -1.739 0.394  37   0.78   45.7       -1137.592       -2250.325    28   0.0000   0.0000     -1.348 0.206  37   0.79    0.015
