2018-05-16-13:57:48 1.15  Mocks_Mamon/MockNFW320ellip0.5loga-2.08PA50center0.0_0.0With_background1num0.dat Diff-Evol    1.0e-04 0 1 1 0     NFW        0.0000  -0.0001     -2.576 0.521  55   3.47    8.9       -1245.531       -2466.157   786   0.0000  -0.0001     -1.343 0.101  42   0.80    0.449
2018-05-16-13:57:48 1.15  Mocks_Mamon/MockNFW320ellip0.5loga-2.08PA50center0.0_0.0With_background1num1.dat Diff-Evol    1.0e-04 0 1 1 0     NFW        0.0004   0.0002     -2.575 0.561  45   3.52    8.4       -1294.734       -2564.554   985   0.0004   0.0002     -1.354 0.039 165   0.82    0.582
2018-05-16-13:57:48 1.15  Mocks_Mamon/MockNFW320ellip0.5loga-2.08PA50center0.0_0.0With_background1num2.dat Diff-Evol    1.0e-04 0 1 1 0     NFW        0.0000   0.0001     -2.574 0.572  44   3.44    9.3       -1223.389       -2421.968   624   0.0000   0.0001     -1.346 0.170  35   0.79    0.365
2018-05-16-13:57:48 1.15  Mocks_Mamon/MockNFW320ellip0.5loga-2.08PA50center0.0_0.0With_background1num3.dat Diff-Evol    1.0e-04 0 1 1 0     NFW      360.0000   0.0000     -2.575 0.559  55   3.52    7.3       -1199.274       -2373.667   902 360.0000   0.0000     -1.316 0.130  26   0.80    0.529
2018-05-16-13:57:48 1.15  Mocks_Mamon/MockNFW320ellip0.5loga-2.08PA50center0.0_0.0With_background1num4.dat Diff-Evol    1.0e-04 0 1 1 0     NFW      359.9999   0.0000     -2.575 0.499  55   3.45    8.1       -1145.673       -2266.495   646 359.9999   0.0000     -1.350 0.068 141   0.77    0.372
2018-05-16-13:57:48 1.15  Mocks_Mamon/MockNFW320ellip0.5loga-2.08PA50center0.0_0.0With_background1num5.dat Diff-Evol    1.0e-04 0 1 1 0     NFW      359.9999  -0.0000     -2.575 0.593  56   3.52    5.8       -1083.309       -2141.719   882 359.9999  -0.0000     -1.305 0.195  29   0.76    0.509
2018-05-16-13:57:48 1.15  Mocks_Mamon/MockNFW320ellip0.5loga-2.08PA50center0.0_0.0With_background1num6.dat Diff-Evol    1.0e-04 0 1 1 0     NFW        0.0001  -0.0000     -2.574 0.624  43   3.56    5.9       -1171.757       -2318.615   943   0.0001  -0.0000     -1.302 0.177 137   0.79    0.557
2018-05-16-13:57:48 1.15  Mocks_Mamon/MockNFW320ellip0.5loga-2.08PA50center0.0_0.0With_background1num7.dat Diff-Evol    1.0e-04 0 1 1 0     NFW      360.0000  -0.0000     -2.574 0.578  50   3.48    7.7       -1175.113       -2325.344  1035 360.0000  -0.0000     -1.352 0.094 155   0.78    0.597
2018-05-16-13:57:48 1.15  Mocks_Mamon/MockNFW320ellip0.5loga-2.08PA50center0.0_0.0With_background1num8.dat Diff-Evol    1.0e-04 0 1 1 0     NFW        0.0000   0.0002     -2.575 0.584  52   3.52    7.4        -1253.95       -2483.041   764   0.0000   0.0002     -1.341 0.025 164   0.80    0.444
2018-05-16-13:57:48 1.15  Mocks_Mamon/MockNFW320ellip0.5loga-2.08PA50center0.0_0.0With_background1num9.dat Diff-Evol    1.0e-04 0 1 1 0     NFW        0.0000  -0.0000     -2.574 0.419  32   3.39    9.6       -1182.119        -2339.38   444   0.0000  -0.0000     -1.351 0.159 135   0.78    0.258
2018-05-16-13:57:48 1.15  Mocks_Mamon/MockNFW320ellip0.5loga-2.08PA50center0.0_0.0With_background1num10.dat Diff-Evol    1.0e-04 0 1 1 0     NFW      360.0000  -0.0000     -2.575 0.513  28   3.43    7.6       -1096.445       -2168.039   929 360.0000  -0.0000     -1.369 0.150  42   0.75    0.541
2018-05-16-13:57:48 1.15  Mocks_Mamon/MockNFW320ellip0.5loga-2.08PA50center0.0_0.0With_background1num11.dat Diff-Evol    1.0e-04 0 1 1 0     NFW      359.9999  -0.0000     -2.574 0.500  49   3.39   11.2       -1318.528       -2612.125   534 359.9999  -0.0000     -1.446 0.059  35   0.81    0.315
2018-05-16-13:57:48 1.15  Mocks_Mamon/MockNFW320ellip0.5loga-2.08PA50center0.0_0.0With_background1num12.dat Diff-Evol    1.0e-04 0 1 1 0     NFW        0.0001  -0.0000     -2.574 0.544  51   3.51    9.0       -1313.183       -2601.596   993   0.0001  -0.0000     -1.247 0.105  19   0.83    0.583
2018-05-16-13:57:48 1.15  Mocks_Mamon/MockNFW320ellip0.5loga-2.08PA50center0.0_0.0With_background1num13.dat Diff-Evol    1.0e-04 0 1 1 0     NFW      359.9999  -0.0000     -2.575 0.526  40   3.52    7.2       -1171.841       -2318.793   806 359.9999  -0.0000     -1.327 0.087 143   0.79    0.467
2018-05-16-13:57:48 1.15  Mocks_Mamon/MockNFW320ellip0.5loga-2.08PA50center0.0_0.0With_background1num14.dat Diff-Evol    1.0e-04 0 1 1 0     NFW        0.0002  -0.0001     -2.574 0.540  65   3.51    7.6       -1218.356       -2411.814   825   0.0002  -0.0001     -1.326 0.140  28   0.79    0.489
2018-05-16-13:57:48 1.15  Mocks_Mamon/MockNFW320ellip0.5loga-2.08PA50center0.0_0.0With_background1num15.dat Diff-Evol    1.0e-04 0 1 1 0     NFW        0.0001   0.0001     -2.575 0.589  52   3.55    6.4       -1204.564        -2384.23   783   0.0001   0.0001     -1.312 0.074 173   0.79    0.463
2018-05-16-13:57:48 1.15  Mocks_Mamon/MockNFW320ellip0.5loga-2.08PA50center0.0_0.0With_background1num16.dat Diff-Evol    1.0e-04 0 1 1 0     NFW        0.0000   0.0000     -2.575 0.528  49   3.51    8.4       -1271.504       -2518.111   569   0.0000   0.0000     -1.332 0.046 147   0.81    0.333
2018-05-16-13:57:48 1.15  Mocks_Mamon/MockNFW320ellip0.5loga-2.08PA50center0.0_0.0With_background1num17.dat Diff-Evol    1.0e-04 0 1 1 0     NFW        0.0000   0.0001     -2.575 0.525  61   3.51    8.9       -1301.564       -2578.269   716   0.0000   0.0001     -1.355 0.047 162   0.82    0.419
2018-05-16-13:57:48 1.15  Mocks_Mamon/MockNFW320ellip0.5loga-2.08PA50center0.0_0.0With_background1num18.dat Diff-Evol    1.0e-04 0 1 1 0     NFW      359.9998  -0.0001     -2.574 0.568  49   3.44   10.8       -1368.314       -2711.737   577 359.9998  -0.0001     -1.413 0.108  41   0.83    0.335
2018-05-16-13:57:48 1.15  Mocks_Mamon/MockNFW320ellip0.5loga-2.08PA50center0.0_0.0With_background1num19.dat Diff-Evol    1.0e-04 0 1 1 0     NFW      360.0000  -0.0000     -2.575 0.499  45   3.51    6.7       -1124.494       -2224.089   590 360.0000  -0.0000     -1.341 0.116 153   0.77    0.343
2018-05-16-13:57:48 1.15  Mocks_Mamon/MockNFW320ellip0.5loga-2.08PA50center0.0_0.0With_background1num20.dat Diff-Evol    1.0e-04 0 1 1 0     NFW        0.0000  -0.0000     -2.574 0.515  46   3.55    6.1       -1171.241       -2317.639   728   0.0000  -0.0000     -1.287 0.097  38   0.79    0.431
2018-05-16-13:57:48 1.15  Mocks_Mamon/MockNFW320ellip0.5loga-2.08PA50center0.0_0.0With_background1num21.dat Diff-Evol    1.0e-04 0 1 1 0     NFW      359.9999  -0.0000     -2.577 0.563  39   3.55    7.5       -1264.237       -2503.584   999 359.9999  -0.0000     -1.344 0.169 151   0.82    0.593
2018-05-16-13:57:48 1.15  Mocks_Mamon/MockNFW320ellip0.5loga-2.08PA50center0.0_0.0With_background1num22.dat Diff-Evol    1.0e-04 0 1 1 0     NFW      360.0000  -0.0002     -2.575 0.486  61   3.57    6.3       -1213.961       -2403.016   923 360.0000  -0.0002     -1.293 0.027  32   0.81    0.544
2018-05-16-13:57:48 1.15  Mocks_Mamon/MockNFW320ellip0.5loga-2.08PA50center0.0_0.0With_background1num23.dat Diff-Evol    1.0e-04 0 1 1 0     NFW        0.0001   0.0000     -2.574 0.639  54   3.60    5.0       -1196.538       -2368.185   991   0.0001   0.0000     -1.306 0.074 142   0.80    0.588
2018-05-16-13:57:48 1.15  Mocks_Mamon/MockNFW320ellip0.5loga-2.08PA50center0.0_0.0With_background1num24.dat Diff-Evol    1.0e-04 0 1 1 0     NFW        0.0000   0.0001     -2.577 0.505  57   3.48    7.6       -1145.222       -2265.578   508   0.0000   0.0001     -1.397 0.075  37   0.78    0.287
2018-05-16-13:57:48 1.15  Mocks_Mamon/MockNFW320ellip0.5loga-2.08PA50center0.0_0.0With_background1num25.dat Diff-Evol    1.0e-04 0 1 1 0     NFW        0.0000  -0.0000     -2.575 0.415  41   3.54    7.5       -1236.939       -2448.988   763   0.0000  -0.0000     -1.257 0.030  40   0.81    0.450
2018-05-16-13:57:48 1.15  Mocks_Mamon/MockNFW320ellip0.5loga-2.08PA50center0.0_0.0With_background1num26.dat Diff-Evol    1.0e-04 0 1 1 0     NFW        0.0000  -0.0000     -2.574 0.550  44   3.43    9.9       -1235.622       -2446.377   820   0.0000  -0.0000     -1.379 0.182  33   0.80    0.475
2018-05-16-13:57:48 1.15  Mocks_Mamon/MockNFW320ellip0.5loga-2.08PA50center0.0_0.0With_background1num27.dat Diff-Evol    1.0e-04 0 1 1 0     NFW        0.0000   0.0001     -2.574 0.536  55   3.54    6.7       -1170.269       -2315.624   888   0.0000   0.0001     -1.309 0.075  45   0.79    0.521
2018-05-16-13:57:48 1.15  Mocks_Mamon/MockNFW320ellip0.5loga-2.08PA50center0.0_0.0With_background1num28.dat Diff-Evol    1.0e-04 0 1 1 0     NFW        0.0001   0.0000     -2.575 0.561  53   3.49    8.0       -1210.494       -2396.145   647   0.0001   0.0000     -1.393 0.048 139   0.79    0.371
2018-05-16-13:57:48 1.15  Mocks_Mamon/MockNFW320ellip0.5loga-2.08PA50center0.0_0.0With_background1num29.dat Diff-Evol    1.0e-04 0 1 1 0     NFW        0.0000   0.0000     -2.575 0.544  51   3.53    5.9       -1136.875       -2248.859  1152   0.0000   0.0000     -1.376 0.121 151   0.77    0.671
2018-05-16-13:57:48 1.15  Mocks_Mamon/MockNFW320ellip0.5loga-2.08PA50center0.0_0.0With_background1num30.dat Diff-Evol    1.0e-04 0 1 1 0     NFW        0.0002   0.0001     -2.575 0.587  51   3.55    7.1       -1247.534       -2470.171   936   0.0002   0.0001     -1.289 0.120  29   0.81    0.557
2018-05-16-13:57:48 1.15  Mocks_Mamon/MockNFW320ellip0.5loga-2.08PA50center0.0_0.0With_background1num31.dat Diff-Evol    1.0e-04 0 1 1 0     NFW      359.9999   0.0001     -2.575 0.481  66   3.59    6.0       -1215.834       -2406.795   915 359.9999   0.0001     -1.284 0.111 144   0.81    0.544
2018-05-16-13:57:48 1.15  Mocks_Mamon/MockNFW320ellip0.5loga-2.08PA50center0.0_0.0With_background1num32.dat Diff-Evol    1.0e-04 0 1 1 0     NFW      360.0000  -0.0000     -2.575 0.459  50   3.53    7.5       -1204.062       -2383.282   881 360.0000  -0.0000     -1.386 0.103  44   0.80    0.520
2018-05-16-13:57:48 1.15  Mocks_Mamon/MockNFW320ellip0.5loga-2.08PA50center0.0_0.0With_background1num33.dat Diff-Evol    1.0e-04 0 1 1 0     NFW      359.9999  -0.0000     -2.576 0.317  36   3.36   11.1        -1246.78       -2468.718   735 359.9999  -0.0000     -1.361 0.090 180   0.80    0.436
2018-05-16-13:57:48 1.15  Mocks_Mamon/MockNFW320ellip0.5loga-2.08PA50center0.0_0.0With_background1num34.dat Diff-Evol    1.0e-04 0 1 1 0     NFW        0.0001   0.0000     -2.575 0.451  54   3.50    8.1       -1203.742       -2382.641   548   0.0001   0.0000     -1.259 0.126  12   0.80    0.322
2018-05-16-13:57:48 1.15  Mocks_Mamon/MockNFW320ellip0.5loga-2.08PA50center0.0_0.0With_background1num35.dat Diff-Evol    1.0e-04 0 1 1 0     NFW        0.0000  -0.0000     -2.575 0.503  47   3.52    6.6       -1139.347       -2253.893   818   0.0000  -0.0000     -1.208 0.113 136   0.78    0.481
2018-05-16-13:57:48 1.15  Mocks_Mamon/MockNFW320ellip0.5loga-2.08PA50center0.0_0.0With_background1num36.dat Diff-Evol    1.0e-04 0 1 1 0     NFW        0.0000  -0.0000     -2.575 0.550  53   3.46    9.3       -1250.353       -2475.879   646   0.0000  -0.0000     -1.350 0.189 145   0.81    0.376
2018-05-16-13:57:48 1.15  Mocks_Mamon/MockNFW320ellip0.5loga-2.08PA50center0.0_0.0With_background1num37.dat Diff-Evol    1.0e-04 0 1 1 0     NFW      360.0000   0.0000     -2.575 0.569  47   3.47    8.1       -1186.708       -2348.502   952 360.0000   0.0000     -1.424 0.122 145   0.78    0.553
2018-05-16-13:57:48 1.15  Mocks_Mamon/MockNFW320ellip0.5loga-2.08PA50center0.0_0.0With_background1num38.dat Diff-Evol    1.0e-04 0 1 1 0     NFW      360.0000  -0.0000     -2.574 0.496  47   3.44    7.9       -1129.624       -2234.382   674 360.0000  -0.0000     -1.412 0.169 174   0.76    0.387
2018-05-16-13:57:48 1.15  Mocks_Mamon/MockNFW320ellip0.5loga-2.08PA50center0.0_0.0With_background1num39.dat Diff-Evol    1.0e-04 0 1 1 0     NFW      359.9999  -0.0001     -2.575 0.545  47   3.52    6.8       -1169.293       -2313.663   909 359.9999  -0.0001     -1.376 0.097 136   0.79    0.533
2018-05-16-13:57:48 1.15  Mocks_Mamon/MockNFW320ellip0.5loga-2.08PA50center0.0_0.0With_background1num40.dat Diff-Evol    1.0e-04 0 1 1 0     NFW        0.0000  -0.0001     -2.574 0.502  54   3.47    9.7       -1316.605       -2608.335   659   0.0000  -0.0001     -1.406 0.026 159   0.82    0.388
2018-05-16-13:57:48 1.15  Mocks_Mamon/MockNFW320ellip0.5loga-2.08PA50center0.0_0.0With_background1num41.dat Diff-Evol    1.0e-04 0 1 1 0     NFW      360.0000   0.0000     -2.574 0.578  44   3.56    7.0       -1257.485       -2490.112   709 360.0000   0.0000     -1.330 0.043 179   0.81    0.412
2018-05-16-13:57:48 1.15  Mocks_Mamon/MockNFW320ellip0.5loga-2.08PA50center0.0_0.0With_background1num42.dat Diff-Evol    1.0e-04 0 1 1 0     NFW        0.0000   0.0000     -2.575 0.451  48   3.46    7.7       -1127.038       -2229.266   798   0.0000   0.0000     -1.372 0.027   8   0.77    0.467
2018-05-16-13:57:48 1.15  Mocks_Mamon/MockNFW320ellip0.5loga-2.08PA50center0.0_0.0With_background1num43.dat Diff-Evol    1.0e-04 0 1 1 0     NFW        0.0002   0.0000     -2.576 0.584  45   3.49    9.1       -1309.088       -2593.325   993   0.0002   0.0000     -1.361 0.131 148   0.82    0.586
2018-05-16-13:57:48 1.15  Mocks_Mamon/MockNFW320ellip0.5loga-2.08PA50center0.0_0.0With_background1num44.dat Diff-Evol    1.0e-04 0 1 1 0     NFW      359.9997  -0.0001     -2.575 0.494  51   3.55    6.6       -1213.761       -2402.632   922 359.9997  -0.0001     -1.309 0.070  18   0.80    0.548
2018-05-16-13:57:48 1.15  Mocks_Mamon/MockNFW320ellip0.5loga-2.08PA50center0.0_0.0With_background1num45.dat Diff-Evol    1.0e-04 0 1 1 0     NFW        0.0000  -0.0000     -2.575 0.441  49   3.44    8.5       -1168.145       -2311.423   605   0.0000  -0.0000     -1.345 0.121 157   0.78    0.346
2018-05-16-13:57:48 1.15  Mocks_Mamon/MockNFW320ellip0.5loga-2.08PA50center0.0_0.0With_background1num46.dat Diff-Evol    1.0e-04 0 1 1 0     NFW        0.0000   0.0000     -2.575 0.565  57   3.48    9.0       -1265.727       -2506.557   659   0.0000   0.0000     -1.352 0.223  33   0.81    0.391
2018-05-16-13:57:48 1.15  Mocks_Mamon/MockNFW320ellip0.5loga-2.08PA50center0.0_0.0With_background1num47.dat Diff-Evol    1.0e-04 0 1 1 0     NFW      359.9999  -0.0001     -2.574 0.478  61   3.54    7.5       -1247.004       -2469.135   632 359.9999  -0.0001     -1.348 0.132 143   0.82    0.370
2018-05-16-13:57:48 1.15  Mocks_Mamon/MockNFW320ellip0.5loga-2.08PA50center0.0_0.0With_background1num48.dat Diff-Evol    1.0e-04 0 1 1 0     NFW      360.0000  -0.0000     -2.575 0.566  45   3.49    9.0       -1277.126       -2529.394   868 360.0000  -0.0000     -1.325 0.038 163   0.82    0.509
2018-05-16-13:57:48 1.15  Mocks_Mamon/MockNFW320ellip0.5loga-2.08PA50center0.0_0.0With_background1num49.dat Diff-Evol    1.0e-04 0 1 1 0     NFW      359.9999  -0.0001     -2.576 0.518  56   3.51    7.8       -1201.572        -2378.27   673 359.9999  -0.0001     -1.296 0.123 136   0.80    0.394
2018-05-16-13:57:48 1.15  Mocks_Mamon/MockNFW320ellip0.5loga-2.08PA50center0.0_0.0With_background1num50.dat Diff-Evol    1.0e-04 0 1 1 0     NFW      360.0000  -0.0001     -2.575 0.572  56   3.57    5.3       -1117.254       -2209.682   689 360.0000  -0.0001     -1.275 0.112  38   0.78    0.391
2018-05-16-13:57:48 1.15  Mocks_Mamon/MockNFW320ellip0.5loga-2.08PA50center0.0_0.0With_background1num51.dat Diff-Evol    1.0e-04 0 1 1 0     NFW        0.0000  -0.0001     -2.575 0.528  45   3.45    8.0       -1145.809       -2266.681   647   0.0000  -0.0001     -1.385 0.111  27   0.77    0.369
2018-05-16-13:57:48 1.15  Mocks_Mamon/MockNFW320ellip0.5loga-2.08PA50center0.0_0.0With_background1num52.dat Diff-Evol    1.0e-04 0 1 1 0     NFW        0.0001   0.0000     -2.575 0.508  48   3.47    9.4       -1266.157       -2507.424   549   0.0001   0.0000     -1.342 0.126 136   0.81    0.318
2018-05-16-13:57:48 1.15  Mocks_Mamon/MockNFW320ellip0.5loga-2.08PA50center0.0_0.0With_background1num53.dat Diff-Evol    1.0e-04 0 1 1 0     NFW      359.9999  -0.0001     -2.575 0.474  55   3.44    9.7        -1248.37       -2471.851   674 359.9999  -0.0001     -1.335 0.044 167   0.80    0.392
2018-05-16-13:57:48 1.15  Mocks_Mamon/MockNFW320ellip0.5loga-2.08PA50center0.0_0.0With_background1num54.dat Diff-Evol    1.0e-04 0 1 1 0     NFW      360.0000  -0.0002     -2.574 0.590  52   3.53    6.6       -1151.419       -2277.964   944 360.0000  -0.0002     -1.344 0.123  44   0.78    0.550
2018-05-16-13:57:48 1.15  Mocks_Mamon/MockNFW320ellip0.5loga-2.08PA50center0.0_0.0With_background1num55.dat Diff-Evol    1.0e-04 0 1 1 0     NFW      360.0000  -0.0002     -2.575 0.467  53   3.50    8.0       -1208.586        -2392.29   721 360.0000  -0.0002     -1.367 0.121  28   0.80    0.424
2018-05-16-13:57:48 1.15  Mocks_Mamon/MockNFW320ellip0.5loga-2.08PA50center0.0_0.0With_background1num56.dat Diff-Evol    1.0e-04 0 1 1 0     NFW        0.0001   0.0001     -2.575 0.559  48   3.38    9.2       -1163.572       -2302.229   652   0.0001   0.0001     -1.360 0.150  22   0.76    0.381
2018-05-16-13:57:48 1.15  Mocks_Mamon/MockNFW320ellip0.5loga-2.08PA50center0.0_0.0With_background1num57.dat Diff-Evol    1.0e-04 0 1 1 0     NFW      360.0000  -0.0001     -2.575 0.575  46   3.53    5.6       -1103.395       -2181.947  1102 360.0000  -0.0001     -1.266 0.123 153   0.76    0.646
2018-05-16-13:57:48 1.15  Mocks_Mamon/MockNFW320ellip0.5loga-2.08PA50center0.0_0.0With_background1num58.dat Diff-Evol    1.0e-04 0 1 1 0     NFW        0.0001  -0.0002     -2.575 0.494  53   3.51    8.6       -1292.112       -2559.358   804   0.0001  -0.0002     -1.294 0.084  43   0.82    0.479
2018-05-16-13:57:48 1.15  Mocks_Mamon/MockNFW320ellip0.5loga-2.08PA50center0.0_0.0With_background1num59.dat Diff-Evol    1.0e-04 0 1 1 0     NFW        0.0000  -0.0001     -2.574 0.562  50   3.50    8.6       -1296.467       -2568.052   979   0.0000  -0.0001     -1.389 0.024  30   0.81    0.577
2018-05-16-13:57:48 1.15  Mocks_Mamon/MockNFW320ellip0.5loga-2.08PA50center0.0_0.0With_background1num60.dat Diff-Evol    1.0e-04 0 1 1 0     NFW        0.0001  -0.0000     -2.575 0.538  52   3.44   10.0       -1281.852       -2538.862   646   0.0001  -0.0000     -1.342 0.094  21   0.81    0.378
2018-05-16-13:57:48 1.15  Mocks_Mamon/MockNFW320ellip0.5loga-2.08PA50center0.0_0.0With_background1num61.dat Diff-Evol    1.0e-04 0 1 1 0     NFW        0.0000  -0.0002     -2.574 0.560  44   3.51    8.0       -1255.853        -2486.84   770   0.0000  -0.0002     -1.297 0.109 141   0.80    0.453
2018-05-16-13:57:48 1.15  Mocks_Mamon/MockNFW320ellip0.5loga-2.08PA50center0.0_0.0With_background1num62.dat Diff-Evol    1.0e-04 0 1 1 0     NFW        0.0000   0.0001     -2.574 0.485  52   3.54    6.8       -1177.435       -2329.963   638   0.0000   0.0001     -1.331 0.189  27   0.80    0.376
2018-05-16-13:57:48 1.15  Mocks_Mamon/MockNFW320ellip0.5loga-2.08PA50center0.0_0.0With_background1num63.dat Diff-Evol    1.0e-04 0 1 1 0     NFW      360.0000   0.0000     -2.577 0.561  52   3.38    9.5        -1185.29       -2345.689   917 360.0000   0.0000     -1.404 0.108  38   0.77    0.529
2018-05-16-13:57:48 1.15  Mocks_Mamon/MockNFW320ellip0.5loga-2.08PA50center0.0_0.0With_background1num64.dat Diff-Evol    1.0e-04 0 1 1 0     NFW        0.0000  -0.0001     -2.574 0.540  40   3.47    8.7       -1213.897       -2402.864   660   0.0000  -0.0001     -1.375 0.123 149   0.79    0.383
2018-05-16-13:57:48 1.15  Mocks_Mamon/MockNFW320ellip0.5loga-2.08PA50center0.0_0.0With_background1num65.dat Diff-Evol    1.0e-04 0 1 1 0     NFW      360.0000   0.0000     -2.576 0.505  47   3.48    8.6       -1234.664       -2444.438   749 360.0000   0.0000     -1.359 0.115  25   0.80    0.443
2018-05-16-13:57:48 1.15  Mocks_Mamon/MockNFW320ellip0.5loga-2.08PA50center0.0_0.0With_background1num66.dat Diff-Evol    1.0e-04 0 1 1 0     NFW        0.0000  -0.0000     -2.575 0.448  48   3.43    9.3       -1192.789       -2360.665   527   0.0000  -0.0000     -1.417 0.024   5   0.79    0.310
2018-05-16-13:57:48 1.15  Mocks_Mamon/MockNFW320ellip0.5loga-2.08PA50center0.0_0.0With_background1num67.dat Diff-Evol    1.0e-04 0 1 1 0     NFW      359.9999   0.0001     -2.574 0.504  33   3.44   10.3        -1329.25       -2633.601   590 359.9999   0.0001     -1.415 0.116 135   0.82    0.346
2018-05-16-13:57:48 1.15  Mocks_Mamon/MockNFW320ellip0.5loga-2.08PA50center0.0_0.0With_background1num68.dat Diff-Evol    1.0e-04 0 1 1 0     NFW      360.0000  -0.0001     -2.575 0.474  46   3.49    8.2       -1198.574       -2372.322   681 360.0000  -0.0001     -1.338 0.027 149   0.80    0.393
2018-05-16-13:57:48 1.15  Mocks_Mamon/MockNFW320ellip0.5loga-2.08PA50center0.0_0.0With_background1num69.dat Diff-Evol    1.0e-04 0 1 1 0     NFW        0.0000   0.0000     -2.574 0.549  44   3.54    7.6       -1257.584       -2490.285   923   0.0000   0.0000     -1.391 0.117  43   0.82    0.542
2018-05-16-13:57:48 1.15  Mocks_Mamon/MockNFW320ellip0.5loga-2.08PA50center0.0_0.0With_background1num70.dat Diff-Evol    1.0e-04 0 1 1 0     NFW      360.0000  -0.0001     -2.574 0.528  53   3.48    8.1       -1188.903       -2352.956   764 360.0000  -0.0001     -1.389 0.085 141   0.79    0.444
2018-05-16-13:57:48 1.15  Mocks_Mamon/MockNFW320ellip0.5loga-2.08PA50center0.0_0.0With_background1num71.dat Diff-Evol    1.0e-04 0 1 1 0     NFW        0.0001   0.0000     -2.575 0.502  54   3.54    7.3       -1233.972       -2443.086   721   0.0001   0.0000     -1.351 0.099  44   0.81    0.427
2018-05-16-13:57:48 1.15  Mocks_Mamon/MockNFW320ellip0.5loga-2.08PA50center0.0_0.0With_background1num72.dat Diff-Evol    1.0e-04 0 1 1 0     NFW      359.9999   0.0001     -2.577 0.524  55   3.45    9.2       -1234.386       -2443.929   451 359.9999   0.0001     -1.325 0.116  21   0.80    0.262
2018-05-16-13:57:48 1.15  Mocks_Mamon/MockNFW320ellip0.5loga-2.08PA50center0.0_0.0With_background1num73.dat Diff-Evol    1.0e-04 0 1 1 0     NFW        0.0000  -0.0000     -2.575 0.538  55   3.49    8.1       -1226.387        -2427.94   764   0.0000  -0.0000     -1.373 0.091  34   0.80    0.444
2018-05-16-13:57:48 1.15  Mocks_Mamon/MockNFW320ellip0.5loga-2.08PA50center0.0_0.0With_background1num74.dat Diff-Evol    1.0e-04 0 1 1 0     NFW      360.0000   0.0000     -2.576 0.514  55   3.46    9.8       -1288.355       -2551.795   555 360.0000   0.0000     -1.393 0.093  36   0.82    0.326
2018-05-16-13:57:48 1.15  Mocks_Mamon/MockNFW320ellip0.5loga-2.08PA50center0.0_0.0With_background1num75.dat Diff-Evol    1.0e-04 0 1 1 0     NFW      359.9998   0.0000     -2.577 0.544  52   3.51    8.7       -1298.416       -2571.965   563 359.9998   0.0000     -1.306 0.110   5   0.82    0.327
2018-05-16-13:57:48 1.15  Mocks_Mamon/MockNFW320ellip0.5loga-2.08PA50center0.0_0.0With_background1num76.dat Diff-Evol    1.0e-04 0 1 1 0     NFW        0.0000  -0.0000     -2.575 0.548  58   3.55    6.3       -1163.296       -2301.741   917   0.0000  -0.0000     -1.285 0.074  19   0.79    0.533
2018-05-16-13:57:48 1.15  Mocks_Mamon/MockNFW320ellip0.5loga-2.08PA50center0.0_0.0With_background1num77.dat Diff-Evol    1.0e-04 0 1 1 0     NFW        0.0000  -0.0002     -2.574 0.477  42   3.43   10.2       -1272.532       -2520.157   562   0.0000  -0.0002     -1.419 0.129 151   0.81    0.330
2018-05-16-13:57:48 1.15  Mocks_Mamon/MockNFW320ellip0.5loga-2.08PA50center0.0_0.0With_background1num78.dat Diff-Evol    1.0e-04 0 1 1 0     NFW      359.9999  -0.0000     -2.575 0.544  41   3.44    8.9        -1213.54       -2402.214   695 359.9999  -0.0000     -1.377 0.055 144   0.79    0.400
2018-05-16-13:57:48 1.15  Mocks_Mamon/MockNFW320ellip0.5loga-2.08PA50center0.0_0.0With_background1num79.dat Diff-Evol    1.0e-04 0 1 1 0     NFW      359.9999   0.0001     -2.577 0.501  68   3.37   11.7       -1335.415       -2645.915   841 359.9999   0.0001     -1.445 0.181   7   0.82    0.715
2018-05-16-13:57:48 1.15  Mocks_Mamon/MockNFW320ellip0.5loga-2.08PA50center0.0_0.0With_background1num80.dat Diff-Evol    1.0e-04 0 1 1 0     NFW      360.0000  -0.0000     -2.574 0.551  57   3.49    7.6       -1167.023       -2309.133   569 360.0000  -0.0000     -1.413 0.053  17   0.78    0.332
2018-05-16-13:57:48 1.15  Mocks_Mamon/MockNFW320ellip0.5loga-2.08PA50center0.0_0.0With_background1num81.dat Diff-Evol    1.0e-04 0 1 1 0     NFW      360.0000  -0.0001     -2.574 0.635  49   3.57    6.5       -1234.169       -2443.471   970 360.0000  -0.0001     -1.285 0.176  20   0.81    0.578
2018-05-16-13:57:48 1.15  Mocks_Mamon/MockNFW320ellip0.5loga-2.08PA50center0.0_0.0With_background1num82.dat Diff-Evol    1.0e-04 0 1 1 0     NFW        0.0002   0.0001     -2.574 0.415  58   3.45    9.2       -1209.876       -2394.861   666   0.0002   0.0001     -1.359 0.117  24   0.80    0.390
2018-05-16-13:57:48 1.15  Mocks_Mamon/MockNFW320ellip0.5loga-2.08PA50center0.0_0.0With_background1num83.dat Diff-Evol    1.0e-04 0 1 1 0     NFW      360.0000  -0.0000     -2.578 0.579  46   3.45    9.4       -1276.417       -2528.007   548 360.0000  -0.0000     -1.397 0.104  33   0.81    0.323
2018-05-16-13:57:48 1.15  Mocks_Mamon/MockNFW320ellip0.5loga-2.08PA50center0.0_0.0With_background1num84.dat Diff-Evol    1.0e-04 0 1 1 0     NFW        0.0000   0.0001     -2.575 0.578  51   3.50    8.8       -1291.754       -2558.633   868   0.0000   0.0001     -1.302 0.206  42   0.81    0.510
2018-05-16-13:57:48 1.15  Mocks_Mamon/MockNFW320ellip0.5loga-2.08PA50center0.0_0.0With_background1num85.dat Diff-Evol    1.0e-04 0 1 1 0     NFW      359.9999  -0.0000     -2.576 0.516  54   3.50    9.2       -1301.921       -2578.921   640 359.9999  -0.0000     -1.323 0.043  33   0.83    0.371
2018-05-16-13:57:48 1.15  Mocks_Mamon/MockNFW320ellip0.5loga-2.08PA50center0.0_0.0With_background1num86.dat Diff-Evol    1.0e-04 0 1 1 0     NFW        0.0003  -0.0000     -2.575 0.562  47   3.50    7.3       -1152.004       -2279.173   792   0.0003  -0.0000     -1.351 0.134  29   0.78    0.458
2018-05-16-13:57:48 1.15  Mocks_Mamon/MockNFW320ellip0.5loga-2.08PA50center0.0_0.0With_background1num87.dat Diff-Evol    1.0e-04 0 1 1 0     NFW        0.0000  -0.0000     -2.575 0.523  53   3.54    6.6       -1172.644       -2320.422   633   0.0000  -0.0000     -1.361 0.038 178   0.80    0.362
2018-05-16-13:57:48 1.15  Mocks_Mamon/MockNFW320ellip0.5loga-2.08PA50center0.0_0.0With_background1num88.dat Diff-Evol    1.0e-04 0 1 1 0     NFW      360.0000  -0.0002     -2.574 0.255  35   3.54    8.4       -1286.766       -2548.633   493 360.0000  -0.0002     -1.306 0.067  25   0.83    0.289
2018-05-16-13:57:48 1.15  Mocks_Mamon/MockNFW320ellip0.5loga-2.08PA50center0.0_0.0With_background1num89.dat Diff-Evol    1.0e-04 0 1 1 0     NFW        0.0001  -0.0000     -2.574 0.486  58   3.53    6.6       -1177.832       -2330.773   951   0.0001  -0.0000     -1.354 0.058 160   0.79    0.556
2018-05-16-13:57:48 1.15  Mocks_Mamon/MockNFW320ellip0.5loga-2.08PA50center0.0_0.0With_background1num90.dat Diff-Evol    1.0e-04 0 1 1 0     NFW      360.0000   0.0000     -2.574 0.534  55   3.51    6.6       -1130.118       -2235.426   675 360.0000   0.0000     -1.382 0.165  24   0.78    0.383
2018-05-16-13:57:48 1.15  Mocks_Mamon/MockNFW320ellip0.5loga-2.08PA50center0.0_0.0With_background1num91.dat Diff-Evol    1.0e-04 0 1 1 0     NFW        0.0002  -0.0000     -2.575 0.445  60   3.52    7.7       -1226.468       -2428.102   479   0.0002  -0.0000     -1.312 0.044  33   0.80    0.280
2018-05-16-13:57:48 1.15  Mocks_Mamon/MockNFW320ellip0.5loga-2.08PA50center0.0_0.0With_background1num92.dat Diff-Evol    1.0e-04 0 1 1 0     NFW        0.0000  -0.0001     -2.574 0.357  60   3.43    8.3       -1121.347       -2217.835   465   0.0000  -0.0001     -1.370 0.063   3   0.77    0.268
2018-05-16-13:57:48 1.15  Mocks_Mamon/MockNFW320ellip0.5loga-2.08PA50center0.0_0.0With_background1num93.dat Diff-Evol    1.0e-04 0 1 1 0     NFW        0.0000   0.0000     -2.574 0.568  53   3.54    6.9       -1203.601       -2382.304  1005   0.0000   0.0000     -1.300 0.159  33   0.80    0.598
2018-05-16-13:57:48 1.15  Mocks_Mamon/MockNFW320ellip0.5loga-2.08PA50center0.0_0.0With_background1num94.dat Diff-Evol    1.0e-04 0 1 1 0     NFW      359.9999  -0.0000     -2.575 0.507  53   3.54    6.3       -1161.176       -2297.534   945 359.9999  -0.0000     -1.294 0.046 136   0.79    0.543
2018-05-16-13:57:48 1.15  Mocks_Mamon/MockNFW320ellip0.5loga-2.08PA50center0.0_0.0With_background1num95.dat Diff-Evol    1.0e-04 0 1 1 0     NFW        0.0000   0.0000     -2.574 0.517  38   3.50    7.3       -1169.272       -2313.669   819   0.0000   0.0000     -1.365 0.099 152   0.78    0.479
2018-05-16-13:57:48 1.15  Mocks_Mamon/MockNFW320ellip0.5loga-2.08PA50center0.0_0.0With_background1num96.dat Diff-Evol    1.0e-04 0 1 1 0     NFW      359.9999  -0.0000     -2.575 0.594  44   3.41   10.4       -1303.309       -2581.727   652 359.9999  -0.0000     -1.335 0.114  14   0.80    0.385
2018-05-16-13:57:48 1.15  Mocks_Mamon/MockNFW320ellip0.5loga-2.08PA50center0.0_0.0With_background1num97.dat Diff-Evol    1.0e-04 0 1 1 0     NFW        0.0000   0.0001     -2.574 0.427  53   3.37   10.6       -1210.694       -2396.546   515   0.0000   0.0001     -1.372 0.163  30   0.79    0.293
2018-05-16-13:57:48 1.15  Mocks_Mamon/MockNFW320ellip0.5loga-2.08PA50center0.0_0.0With_background1num98.dat Diff-Evol    1.0e-04 0 1 1 0     NFW      360.0000   0.0000     -2.575 0.530  54   3.48    7.9       -1194.743       -2364.597   548 360.0000   0.0000     -1.402 0.110  41   0.79    0.321
2018-05-16-13:57:48 1.15  Mocks_Mamon/MockNFW320ellip0.5loga-2.08PA50center0.0_0.0With_background1num99.dat Diff-Evol    1.0e-04 0 1 1 0     NFW        0.0000   0.0000     -2.574 0.464  65   3.52    7.1        -1165.07       -2305.281   590   0.0000   0.0000     -1.348 0.206  37   0.79    0.344
