2018-05-16-13:55:21 1.15  Mocks_Mamon/MockNFW40ellip0.5loga-2.08PA50center0.0_0.0With_background1num0.dat Diff-Evol    1.0e-04 0 1 1 0     NFW        0.0000  -0.0002     -1.496 0.549  62   3.46   -5.5       -463.0968       -904.2878  1040   0.0000  -0.0002     -0.905 0.121 180   0.46    0.574
2018-05-16-13:55:21 1.15  Mocks_Mamon/MockNFW40ellip0.5loga-2.08PA50center0.0_0.0With_background1num1.dat Diff-Evol    1.0e-04 0 1 1 0     NFW      359.9999   0.0009     -1.801 0.782  34   3.45   -3.0       -471.7338       -921.5953   986 359.9999   0.0009     -0.935 0.089 180   0.46    0.535
2018-05-16-13:55:21 1.15  Mocks_Mamon/MockNFW40ellip0.5loga-2.08PA50center0.0_0.0With_background1num2.dat Diff-Evol    1.0e-04 0 1 1 0     NFW      360.0000   0.0002     -2.145 0.008 127   3.48   -2.4       -485.1506       -948.3953  1289 360.0000   0.0002     -0.922 0.118  25   0.48    0.719
2018-05-16-13:55:21 1.15  Mocks_Mamon/MockNFW40ellip0.5loga-2.08PA50center0.0_0.0With_background1num3.dat Diff-Evol    1.0e-04 0 1 1 0     NFW        0.0001   0.0000     -2.575 0.690  50   3.48   -1.6       -504.7975       -987.7398  1303   0.0001   0.0000     -0.925 0.158 171   0.48    0.724
2018-05-16-13:55:21 1.15  Mocks_Mamon/MockNFW40ellip0.5loga-2.08PA50center0.0_0.0With_background1num4.dat Diff-Evol    1.0e-04 0 1 1 0     NFW        0.0003  -0.0007     -2.192 0.667  62   3.49   -2.3       -507.9358       -993.9491  1317   0.0003  -0.0007     -0.933 0.024   7   0.49    0.733
2018-05-16-13:55:21 1.15  Mocks_Mamon/MockNFW40ellip0.5loga-2.08PA50center0.0_0.0With_background1num5.dat Diff-Evol    1.0e-04 0 1 1 0     NFW      359.9979  -0.0007     -2.570 0.520  49   3.47   -1.6       -501.3868        -980.851  1096 359.9979  -0.0007     -0.932 0.111 170   0.47    0.603
2018-05-16-13:55:21 1.15  Mocks_Mamon/MockNFW40ellip0.5loga-2.08PA50center0.0_0.0With_background1num6.dat Diff-Evol    1.0e-04 0 1 1 0     NFW        0.0000   0.0002     -2.059 0.780  47   3.44   -2.1       -461.5289       -901.1519  1000   0.0000   0.0002     -0.917 0.111  18   0.45    0.558
2018-05-16-13:55:21 1.15  Mocks_Mamon/MockNFW40ellip0.5loga-2.08PA50center0.0_0.0With_background1num7.dat Diff-Evol    1.0e-04 0 1 1 0     NFW      359.9999  -0.0003     -1.704 0.740  17   3.50   -4.2       -500.4248       -978.9271  1241 359.9999  -0.0003     -0.936 0.091 142   0.50    0.693
2018-05-16-13:55:21 1.15  Mocks_Mamon/MockNFW40ellip0.5loga-2.08PA50center0.0_0.0With_background1num8.dat Diff-Evol    1.0e-04 0 1 1 0     NFW      359.9972  -0.0002     -2.571 0.553  65   3.51   -1.7       -560.7303       -1099.572  1289 359.9972  -0.0002     -0.908 0.143   3   0.51    0.720
2018-05-16-13:55:21 1.15  Mocks_Mamon/MockNFW40ellip0.5loga-2.08PA50center0.0_0.0With_background1num9.dat Diff-Evol    1.0e-04 0 1 1 0     NFW      359.9993  -0.0001     -2.141 0.634  45   3.48   -2.4         -490.73        -959.571  1455 359.9993  -0.0001     -0.915 0.097  43   0.48    0.817
2018-05-16-13:55:21 1.15  Mocks_Mamon/MockNFW40ellip0.5loga-2.08PA50center0.0_0.0With_background1num10.dat Diff-Evol    1.0e-04 0 1 1 0     NFW      359.9986  -0.0059     -2.560 0.800  14   3.51   -1.3        -635.757       -1249.591  1366 359.9986  -0.0059     -0.924 0.076 145   0.53    0.768
2018-05-16-13:55:21 1.15  Mocks_Mamon/MockNFW40ellip0.5loga-2.08PA50center0.0_0.0With_background1num11.dat Diff-Evol    1.0e-04 0 1 1 0     NFW      359.9958  -0.0036     -2.559 0.800  46   3.53   -2.0        -625.225       -1228.561  1581 359.9958  -0.0036     -0.970 0.085   1   0.53    0.889
2018-05-16-13:55:21 1.15  Mocks_Mamon/MockNFW40ellip0.5loga-2.08PA50center0.0_0.0With_background1num12.dat Diff-Evol    1.0e-04 0 1 1 0     NFW        0.0014   0.0014     -2.082 0.737  61   3.54   -2.9       -572.7105       -1123.532  1102   0.0014   0.0014     -0.955 0.088 179   0.54    0.619
2018-05-16-13:55:21 1.15  Mocks_Mamon/MockNFW40ellip0.5loga-2.08PA50center0.0_0.0With_background1num13.dat Diff-Evol    1.0e-04 0 1 1 0     NFW        0.0004   0.0015     -2.358 0.786  52   3.47   -1.9       -490.0939       -958.2986  1263   0.0004   0.0015     -0.908 0.010 141   0.47    0.692
2018-05-16-13:55:21 1.15  Mocks_Mamon/MockNFW40ellip0.5loga-2.08PA50center0.0_0.0With_background1num14.dat Diff-Evol    1.0e-04 0 1 1 0     NFW      359.9998   0.0004     -2.361 0.336 154   3.51   -2.1       -524.6501       -1027.378   977 359.9998   0.0004     -0.949 0.054   7   0.51    0.545
2018-05-16-13:55:21 1.15  Mocks_Mamon/MockNFW40ellip0.5loga-2.08PA50center0.0_0.0With_background1num15.dat Diff-Evol    1.0e-04 0 1 1 0     NFW        0.0015  -0.0004     -2.579 0.451 115   3.54   -1.8       -561.8011       -1101.696   991   0.0015  -0.0004     -0.964 0.045 142   0.54    0.555
2018-05-16-13:55:21 1.15  Mocks_Mamon/MockNFW40ellip0.5loga-2.08PA50center0.0_0.0With_background1num16.dat Diff-Evol    1.0e-04 0 1 1 0     NFW        0.0020   0.0005     -2.240 0.784  64   3.53   -2.4       -561.4224       -1100.922  1379   0.0020   0.0005     -0.934 0.160 175   0.53    0.774
2018-05-16-13:55:21 1.15  Mocks_Mamon/MockNFW40ellip0.5loga-2.08PA50center0.0_0.0With_background1num17.dat Diff-Evol    1.0e-04 0 1 1 0     NFW      359.9999   0.0003     -2.574 0.000 131   3.50   -1.7       -527.0013        -1032.08  1269 359.9999   0.0003     -0.924 0.127 138   0.50    0.708
2018-05-16-13:55:21 1.15  Mocks_Mamon/MockNFW40ellip0.5loga-2.08PA50center0.0_0.0With_background1num18.dat Diff-Evol    1.0e-04 0 1 1 0     NFW      359.9989   0.0002     -2.571 0.513  67   3.50   -1.7        -522.787       -1023.635  1137 359.9989   0.0002     -0.945 0.128 152   0.50    0.631
2018-05-16-13:55:21 1.15  Mocks_Mamon/MockNFW40ellip0.5loga-2.08PA50center0.0_0.0With_background1num19.dat Diff-Evol    1.0e-04 0 1 1 0     NFW        0.0006  -0.0003     -1.854 0.610  72   3.48   -3.3       -483.4716       -945.0542  1213   0.0006  -0.0003     -0.928 0.095  35   0.48    0.674
2018-05-16-13:55:21 1.15  Mocks_Mamon/MockNFW40ellip0.5loga-2.08PA50center0.0_0.0With_background1num20.dat Diff-Evol    1.0e-04 0 1 1 0     NFW      360.0000   0.0003     -2.574 0.528  55   3.50   -1.7       -532.3822       -1042.842  1241 360.0000   0.0003     -0.937 0.073 157   0.50    0.696
2018-05-16-13:55:21 1.15  Mocks_Mamon/MockNFW40ellip0.5loga-2.08PA50center0.0_0.0With_background1num21.dat Diff-Evol    1.0e-04 0 1 1 0     NFW      359.9996   0.0002     -2.576 0.686  37   3.48   -1.6        -499.575        -977.261  1380 359.9996   0.0002     -0.917 0.007 154   0.48    0.768
2018-05-16-13:55:21 1.15  Mocks_Mamon/MockNFW40ellip0.5loga-2.08PA50center0.0_0.0With_background1num22.dat Diff-Evol    1.0e-04 0 1 1 0     NFW        0.0009  -0.0012     -2.572 0.564  68   3.52   -1.8       -552.8126       -1083.719  1310   0.0009  -0.0012     -0.962 0.105 159   0.52    0.737
2018-05-16-13:55:21 1.15  Mocks_Mamon/MockNFW40ellip0.5loga-2.08PA50center0.0_0.0With_background1num23.dat Diff-Evol    1.0e-04 0 1 1 0     NFW        0.0008   0.0001     -2.574 0.325  27   3.47   -1.6       -485.8959       -949.8692  1337   0.0008   0.0001     -0.919 0.056 166   0.47    0.772
2018-05-16-13:55:21 1.15  Mocks_Mamon/MockNFW40ellip0.5loga-2.08PA50center0.0_0.0With_background1num24.dat Diff-Evol    1.0e-04 0 1 1 0     NFW      359.9998   0.0031     -2.570 0.761   4   3.54   -1.7       -631.6912       -1241.443  1296 359.9998   0.0031     -0.932 0.083  28   0.55    0.737
2018-05-16-13:55:21 1.15  Mocks_Mamon/MockNFW40ellip0.5loga-2.08PA50center0.0_0.0With_background1num25.dat Diff-Evol    1.0e-04 0 1 1 0     NFW        0.0001   0.0000     -2.223 0.517  49   3.52   -2.4       -537.4072       -1052.875   922   0.0001   0.0000     -0.948 0.096  35   0.52    0.515
2018-05-16-13:55:21 1.15  Mocks_Mamon/MockNFW40ellip0.5loga-2.08PA50center0.0_0.0With_background1num26.dat Diff-Evol    1.0e-04 0 1 1 0     NFW      359.9992   0.0005     -2.515 0.479   4   3.51   -1.8       -513.3638       -1004.839  1136 359.9992   0.0005     -0.937 0.109 137   0.51    0.637
2018-05-16-13:55:21 1.15  Mocks_Mamon/MockNFW40ellip0.5loga-2.08PA50center0.0_0.0With_background1num27.dat Diff-Evol    1.0e-04 0 1 1 0     NFW      359.9972  -0.0008     -2.568 0.779  81   3.52   -1.8       -576.6854       -1131.465  1330 359.9972  -0.0008     -0.942 0.065 158   0.52    0.747
2018-05-16-13:55:21 1.15  Mocks_Mamon/MockNFW40ellip0.5loga-2.08PA50center0.0_0.0With_background1num28.dat Diff-Evol    1.0e-04 0 1 1 0     NFW      359.9991  -0.0011     -2.229 0.582  52   3.51   -2.4       -531.4514       -1040.997  1227 359.9991  -0.0011     -0.945 0.130 157   0.51    0.685
2018-05-16-13:55:21 1.15  Mocks_Mamon/MockNFW40ellip0.5loga-2.08PA50center0.0_0.0With_background1num29.dat Diff-Evol    1.0e-04 0 1 1 0     NFW      359.9999  -0.0008     -1.383 0.780  79   3.48   -7.0       -479.8113       -937.7504  1095 359.9999  -0.0008     -0.908 0.101   1   0.48    0.609
2018-05-16-13:55:21 1.15  Mocks_Mamon/MockNFW40ellip0.5loga-2.08PA50center0.0_0.0With_background1num30.dat Diff-Evol    1.0e-04 0 1 1 0     NFW      359.9996   0.0003     -2.574 0.259  47   3.51   -1.8       -541.7532       -1061.601  1317 359.9996   0.0003     -0.931 0.039  12   0.51    0.731
2018-05-16-13:55:21 1.15  Mocks_Mamon/MockNFW40ellip0.5loga-2.08PA50center0.0_0.0With_background1num31.dat Diff-Evol    1.0e-04 0 1 1 0     NFW        0.0002   0.0002     -0.972 0.321 147   3.25   23.6       -441.8501       -861.8279   583   0.0002   0.0002     -0.922 0.120  44   0.44    0.320
2018-05-16-13:55:21 1.15  Mocks_Mamon/MockNFW40ellip0.5loga-2.08PA50center0.0_0.0With_background1num32.dat Diff-Evol    1.0e-04 0 1 1 0     NFW        0.0000   0.0043     -2.561 0.740 180   3.55   -1.7        -659.218       -1296.497  1240   0.0000   0.0043     -0.954 0.130  33   0.56    0.709
2018-05-16-13:55:21 1.15  Mocks_Mamon/MockNFW40ellip0.5loga-2.08PA50center0.0_0.0With_background1num33.dat Diff-Evol    1.0e-04 0 1 1 0     NFW        0.0001  -0.0001     -1.899 0.455  35   3.53   -3.5       -544.3311       -1066.773  1137   0.0001  -0.0001     -0.970 0.084 166   0.53    0.636
2018-05-16-13:55:21 1.15  Mocks_Mamon/MockNFW40ellip0.5loga-2.08PA50center0.0_0.0With_background1num34.dat Diff-Evol    1.0e-04 0 1 1 0     NFW        0.0022  -0.0002     -2.574 0.554  64   3.48   -1.6       -508.7904       -995.6582  1338   0.0022  -0.0002     -0.918 0.046 164   0.48    0.742
2018-05-16-13:55:21 1.15  Mocks_Mamon/MockNFW40ellip0.5loga-2.08PA50center0.0_0.0With_background1num35.dat Diff-Evol    1.0e-04 0 1 1 0     NFW        0.0000   0.0021     -2.220 0.681  43   3.49   -2.3       -511.0765       -1000.247  1178   0.0000   0.0021     -0.946 0.094  16   0.49    0.661
2018-05-16-13:55:21 1.15  Mocks_Mamon/MockNFW40ellip0.5loga-2.08PA50center0.0_0.0With_background1num36.dat Diff-Evol    1.0e-04 0 1 1 0     NFW      359.9997  -0.0019     -2.402 0.419 108   3.52   -2.1       -536.7711       -1051.636  1067 359.9997  -0.0019     -0.914 0.116  13   0.52    0.600
2018-05-16-13:55:21 1.15  Mocks_Mamon/MockNFW40ellip0.5loga-2.08PA50center0.0_0.0With_background1num37.dat Diff-Evol    1.0e-04 0 1 1 0     NFW        0.0023  -0.0003     -2.572 0.597  53   3.49   -1.7       -522.9667       -1024.095  1346   0.0023  -0.0003     -0.928 0.077 159   0.49    0.741
2018-05-16-13:55:21 1.15  Mocks_Mamon/MockNFW40ellip0.5loga-2.08PA50center0.0_0.0With_background1num38.dat Diff-Evol    1.0e-04 0 1 1 0     NFW        0.0007   0.0002     -2.473 0.223  26   3.47   -1.7       -485.8456       -949.7853   763   0.0007   0.0002     -0.926 0.055 175   0.47    0.418
2018-05-16-13:55:21 1.15  Mocks_Mamon/MockNFW40ellip0.5loga-2.08PA50center0.0_0.0With_background1num39.dat Diff-Evol    1.0e-04 0 1 1 0     NFW      359.9999  -0.0032     -2.567 0.259  48   3.49   -0.8       -600.9801       -1180.054  1116 359.9999  -0.0032     -0.921 0.036 151   0.53    0.627
2018-05-16-13:55:21 1.15  Mocks_Mamon/MockNFW40ellip0.5loga-2.08PA50center0.0_0.0With_background1num40.dat Diff-Evol    1.0e-04 0 1 1 0     NFW      359.9999   0.0001     -2.266 0.701  50   3.48   -2.1       -493.7169       -965.5279  1352 359.9999   0.0001     -0.928 0.095  33   0.48    0.753
2018-05-16-13:55:21 1.15  Mocks_Mamon/MockNFW40ellip0.5loga-2.08PA50center0.0_0.0With_background1num41.dat Diff-Evol    1.0e-04 0 1 1 0     NFW      359.9995  -0.0001     -2.575 0.528  56   3.47   -1.6       -486.0599       -950.2476  1192 359.9995  -0.0001     -0.918 0.183 157   0.47    0.663
2018-05-16-13:55:21 1.15  Mocks_Mamon/MockNFW40ellip0.5loga-2.08PA50center0.0_0.0With_background1num42.dat Diff-Evol    1.0e-04 0 1 1 0     NFW        0.0000   0.0021     -2.365 0.360  38   3.53   -2.2       -567.1737       -1112.475   929   0.0000   0.0021     -0.988 0.029  17   0.53    0.520
2018-05-16-13:55:21 1.15  Mocks_Mamon/MockNFW40ellip0.5loga-2.08PA50center0.0_0.0With_background1num43.dat Diff-Evol    1.0e-04 0 1 1 0     NFW      359.9998  -0.0028     -2.572 0.773  10   3.52   -1.8       -562.6036       -1103.369  1171 359.9998  -0.0028     -0.942 0.088  23   0.52    0.660
2018-05-16-13:55:21 1.15  Mocks_Mamon/MockNFW40ellip0.5loga-2.08PA50center0.0_0.0With_background1num44.dat Diff-Evol    1.0e-04 0 1 1 0     NFW      359.9970  -0.0010     -2.567 0.619  61   3.53   -1.9        -587.663       -1153.454  1199 359.9970  -0.0010     -0.941 0.050 172   0.53    0.701
2018-05-16-13:55:21 1.15  Mocks_Mamon/MockNFW40ellip0.5loga-2.08PA50center0.0_0.0With_background1num45.dat Diff-Evol    1.0e-04 0 1 1 0     NFW        0.0003   0.0013     -2.257 0.339  20   3.53   -2.3       -536.3023       -1050.699  1116   0.0003   0.0013     -0.975 0.023  32   0.53    0.630
2018-05-16-13:55:21 1.15  Mocks_Mamon/MockNFW40ellip0.5loga-2.08PA50center0.0_0.0With_background1num46.dat Diff-Evol    1.0e-04 0 1 1 0     NFW        0.0002  -0.0007     -2.001 0.668  54   3.53   -3.1       -549.8216       -1077.721  1254   0.0002  -0.0007     -0.969 0.069 173   0.53    0.716
2018-05-16-13:55:21 1.15  Mocks_Mamon/MockNFW40ellip0.5loga-2.08PA50center0.0_0.0With_background1num47.dat Diff-Evol    1.0e-04 0 1 1 0     NFW        0.0002  -0.0017     -2.574 0.500  29   3.50   -1.5       -553.9026       -1085.899  1255   0.0002  -0.0017     -0.964 0.066 139   0.52    0.717
2018-05-16-13:55:21 1.15  Mocks_Mamon/MockNFW40ellip0.5loga-2.08PA50center0.0_0.0With_background1num48.dat Diff-Evol    1.0e-04 0 1 1 0     NFW      359.9999  -0.0001     -2.574 0.644  31   3.53   -1.8       -559.9959        -1098.12  1248 359.9999  -0.0001     -0.964 0.070   4   0.53    0.697
2018-05-16-13:55:21 1.15  Mocks_Mamon/MockNFW40ellip0.5loga-2.08PA50center0.0_0.0With_background1num49.dat Diff-Evol    1.0e-04 0 1 1 0     NFW      359.9997  -0.0007     -2.412 0.309  27   3.50   -1.9       -514.7039       -1007.502  1026 359.9997  -0.0007     -0.929 0.086  32   0.50    0.570
2018-05-16-13:55:21 1.15  Mocks_Mamon/MockNFW40ellip0.5loga-2.08PA50center0.0_0.0With_background1num50.dat Diff-Evol    1.0e-04 0 1 1 0     NFW      359.9987  -0.0000     -2.571 0.757  63   3.47   -1.6        -498.984       -976.0957  1194 359.9987  -0.0000     -0.946 0.060 141   0.47    0.664
2018-05-16-13:55:21 1.15  Mocks_Mamon/MockNFW40ellip0.5loga-2.08PA50center0.0_0.0With_background1num51.dat Diff-Evol    1.0e-04 0 1 1 0     NFW        0.0003   0.0002     -1.792 0.539  74   3.48   -0.8       -559.1551       -1096.438   645   0.0003   0.0002     -0.949 0.123  18   0.53    0.358
2018-05-16-13:55:21 1.15  Mocks_Mamon/MockNFW40ellip0.5loga-2.08PA50center0.0_0.0With_background1num52.dat Diff-Evol    1.0e-04 0 1 1 0     NFW        0.0021   0.0001     -2.570 0.750  64   3.49   -1.3       -557.7161        -1093.51  1173   0.0021   0.0001     -0.964 0.162  30   0.50    0.646
2018-05-16-13:55:21 1.15  Mocks_Mamon/MockNFW40ellip0.5loga-2.08PA50center0.0_0.0With_background1num53.dat Diff-Evol    1.0e-04 0 1 1 0     NFW      359.9932   0.0002     -2.560 0.800  89   3.55   -1.7       -653.0935       -1284.281  1477 359.9932   0.0002     -0.939 0.094  10   0.56    0.832
2018-05-16-13:55:21 1.15  Mocks_Mamon/MockNFW40ellip0.5loga-2.08PA50center0.0_0.0With_background1num54.dat Diff-Evol    1.0e-04 0 1 1 0     NFW      359.9998  -0.0057     -2.560 0.800   4   3.53   -1.3       -660.4594       -1298.996  1850 359.9998  -0.0057     -0.936 0.111 177   0.55    1.050
2018-05-16-13:55:21 1.15  Mocks_Mamon/MockNFW40ellip0.5loga-2.08PA50center0.0_0.0With_background1num55.dat Diff-Evol    1.0e-04 0 1 1 0     NFW      359.9997  -0.0000     -1.769 0.583  65   3.53   -4.1       -536.4445       -1051.017   895 359.9997  -0.0000     -0.973 0.081 153   0.53    0.495
2018-05-16-13:55:21 1.15  Mocks_Mamon/MockNFW40ellip0.5loga-2.08PA50center0.0_0.0With_background1num56.dat Diff-Evol    1.0e-04 0 1 1 0     NFW      359.9963   0.0000     -2.569 0.772  88   3.54   -1.9       -615.1252       -1208.361  1254 359.9963   0.0000     -0.931 0.065 165   0.54    0.706
2018-05-16-13:55:21 1.15  Mocks_Mamon/MockNFW40ellip0.5loga-2.08PA50center0.0_0.0With_background1num57.dat Diff-Evol    1.0e-04 0 1 1 0     NFW        0.0003   0.0001     -1.646 0.762  42   3.51   -4.8       -518.2658       -1014.626  1012   0.0003   0.0001     -0.922 0.057  15   0.51    0.563
2018-05-16-13:55:21 1.15  Mocks_Mamon/MockNFW40ellip0.5loga-2.08PA50center0.0_0.0With_background1num58.dat Diff-Evol    1.0e-04 0 1 1 0     NFW        0.0002  -0.0006     -2.577 0.481   6   3.49   -1.6       -512.2763       -1002.664  1012   0.0002  -0.0006     -0.920 0.063  10   0.49    0.560
2018-05-16-13:55:21 1.15  Mocks_Mamon/MockNFW40ellip0.5loga-2.08PA50center0.0_0.0With_background1num59.dat Diff-Evol    1.0e-04 0 1 1 0     NFW        0.0000  -0.0071     -2.558 0.800 180   3.52   -1.9       -592.3269       -1162.748  1221   0.0000  -0.0071     -0.922 0.110 150   0.52    0.688
2018-05-16-13:55:21 1.15  Mocks_Mamon/MockNFW40ellip0.5loga-2.08PA50center0.0_0.0With_background1num60.dat Diff-Evol    1.0e-04 0 1 1 0     NFW      359.9996  -0.0015     -2.572 0.412   1   3.51   -1.8       -542.3011       -1062.696  1075 359.9996  -0.0015     -0.927 0.158 169   0.51    0.600
2018-05-16-13:55:21 1.15  Mocks_Mamon/MockNFW40ellip0.5loga-2.08PA50center0.0_0.0With_background1num61.dat Diff-Evol    1.0e-04 0 1 1 0     NFW        0.0000  -0.0002     -1.085 0.604 176   3.34   10.8       -483.1768       -944.4309  1144   0.0000  -0.0002     -0.925 0.133   3   0.48    0.641
2018-05-16-13:55:21 1.15  Mocks_Mamon/MockNFW40ellip0.5loga-2.08PA50center0.0_0.0With_background1num62.dat Diff-Evol    1.0e-04 0 1 1 0     NFW      359.9998   0.0000     -2.292 0.577  13   3.45   -1.9       -458.6584       -895.4446   970 359.9998   0.0000     -0.901 0.107 164   0.45    0.545
2018-05-16-13:55:21 1.15  Mocks_Mamon/MockNFW40ellip0.5loga-2.08PA50center0.0_0.0With_background1num63.dat Diff-Evol    1.0e-04 0 1 1 0     NFW        0.0000   0.0003     -1.755 0.578 134   3.51   -4.1        -522.711       -1023.516   936   0.0000   0.0003     -0.957 0.105 151   0.51    0.532
2018-05-16-13:55:21 1.15  Mocks_Mamon/MockNFW40ellip0.5loga-2.08PA50center0.0_0.0With_background1num64.dat Diff-Evol    1.0e-04 0 1 1 0     NFW        0.0004  -0.0003     -2.574 0.342  41   3.51   -1.7       -534.3828        -1046.86  1178   0.0004  -0.0003     -0.921 0.014  37   0.51    0.677
2018-05-16-13:55:21 1.15  Mocks_Mamon/MockNFW40ellip0.5loga-2.08PA50center0.0_0.0With_background1num65.dat Diff-Evol    1.0e-04 0 1 1 0     NFW      360.0000  -0.0007     -2.168 0.744  51   3.54   -2.6       -565.9308       -1109.989  1275 360.0000  -0.0007     -0.991 0.074 139   0.54    0.719
2018-05-16-13:55:21 1.15  Mocks_Mamon/MockNFW40ellip0.5loga-2.08PA50center0.0_0.0With_background1num66.dat Diff-Evol    1.0e-04 0 1 1 0     NFW      359.9994  -0.0038     -2.571 0.800  11   3.53   -1.7       -601.8852       -1181.898  1496 359.9994  -0.0038     -0.936 0.148 162   0.53    0.846
2018-05-16-13:55:21 1.15  Mocks_Mamon/MockNFW40ellip0.5loga-2.08PA50center0.0_0.0With_background1num67.dat Diff-Evol    1.0e-04 0 1 1 0     NFW      359.9983  -0.0018     -2.569 0.654  35   3.49   -1.7        -501.878       -981.9177  1317 359.9983  -0.0018     -0.906 0.084 136   0.49    0.735
2018-05-16-13:55:21 1.15  Mocks_Mamon/MockNFW40ellip0.5loga-2.08PA50center0.0_0.0With_background1num68.dat Diff-Evol    1.0e-04 0 1 1 0     NFW        0.0003  -0.0002     -1.636 0.506  60   3.43   -0.9       -494.1132       -966.3205  1061   0.0003  -0.0002     -0.940 0.074   5   0.48    0.589
2018-05-16-13:55:21 1.15  Mocks_Mamon/MockNFW40ellip0.5loga-2.08PA50center0.0_0.0With_background1num69.dat Diff-Evol    1.0e-04 0 1 1 0     NFW        0.0009   0.0012     -2.175 0.726  71   3.52   -2.6       -552.2578       -1082.627  1234   0.0009   0.0012     -0.926 0.032  15   0.52    0.691
2018-05-16-13:55:21 1.15  Mocks_Mamon/MockNFW40ellip0.5loga-2.08PA50center0.0_0.0With_background1num70.dat Diff-Evol    1.0e-04 0 1 1 0     NFW        0.0006  -0.0011     -2.440 0.437  84   3.52   -2.0       -544.8509       -1067.763  1136   0.0006  -0.0011     -0.929 0.016 145   0.52    0.652
2018-05-16-13:55:21 1.15  Mocks_Mamon/MockNFW40ellip0.5loga-2.08PA50center0.0_0.0With_background1num71.dat Diff-Evol    1.0e-04 0 1 1 0     NFW        0.0002   0.0001     -2.578 0.578  10   3.51   -1.7       -531.1277       -1040.316  1296   0.0002   0.0001     -0.917 0.033 171   0.51    0.738
2018-05-16-13:55:21 1.15  Mocks_Mamon/MockNFW40ellip0.5loga-2.08PA50center0.0_0.0With_background1num72.dat Diff-Evol    1.0e-04 0 1 1 0     NFW      359.9997   0.0003     -2.264 0.764  60   3.51   -2.2       -521.6321       -1021.409  1457 359.9997   0.0003     -0.913 0.123  41   0.51    0.805
2018-05-16-13:55:21 1.15  Mocks_Mamon/MockNFW40ellip0.5loga-2.08PA50center0.0_0.0With_background1num73.dat Diff-Evol    1.0e-04 0 1 1 0     NFW      359.9997  -0.0003     -2.333 0.572  60   3.48   -2.0       -495.4264       -968.9303  1199 359.9997  -0.0003     -0.939 0.063 142   0.48    0.665
2018-05-16-13:55:21 1.15  Mocks_Mamon/MockNFW40ellip0.5loga-2.08PA50center0.0_0.0With_background1num74.dat Diff-Evol    1.0e-04 0 1 1 0     NFW        0.0002  -0.0007     -2.573 0.574  51   3.52   -1.8       -548.3631       -1074.804  1407   0.0002  -0.0007     -0.933 0.065   7   0.52    0.787
2018-05-16-13:55:21 1.15  Mocks_Mamon/MockNFW40ellip0.5loga-2.08PA50center0.0_0.0With_background1num75.dat Diff-Evol    1.0e-04 0 1 1 0     NFW        0.0000  -0.0019     -2.579 0.287  46   3.51   -1.7       -525.8351       -1029.781  1075   0.0000  -0.0019     -0.920 0.088 171   0.51    0.597
2018-05-16-13:55:21 1.15  Mocks_Mamon/MockNFW40ellip0.5loga-2.08PA50center0.0_0.0With_background1num76.dat Diff-Evol    1.0e-04 0 1 1 0     NFW      359.9991  -0.0002     -2.148 0.800  48   3.46   -2.3       -468.9772       -916.0822  1352 359.9991  -0.0002     -0.887 0.070 149   0.46    0.748
2018-05-16-13:55:21 1.15  Mocks_Mamon/MockNFW40ellip0.5loga-2.08PA50center0.0_0.0With_background1num77.dat Diff-Evol    1.0e-04 0 1 1 0     NFW      359.9997  -0.0004     -2.533 0.560  50   3.44   -1.5       -452.0497       -882.1768  1233 359.9997  -0.0004     -0.901 0.102  33   0.44    0.681
2018-05-16-13:55:21 1.15  Mocks_Mamon/MockNFW40ellip0.5loga-2.08PA50center0.0_0.0With_background1num78.dat Diff-Evol    1.0e-04 0 1 1 0     NFW        0.0072  -0.0010     -2.556 0.800 101   3.54   -2.0       -637.8089       -1253.695  1282   0.0072  -0.0010     -0.946 0.054 140   0.54    0.727
2018-05-16-13:55:21 1.15  Mocks_Mamon/MockNFW40ellip0.5loga-2.08PA50center0.0_0.0With_background1num79.dat Diff-Evol    1.0e-04 0 1 1 0     NFW      359.9994  -0.0005     -2.185 0.800  60   3.48   -2.3       -495.0425       -968.1959  1282 359.9994  -0.0005     -0.949 0.086 156   0.48    0.715
2018-05-16-13:55:21 1.15  Mocks_Mamon/MockNFW40ellip0.5loga-2.08PA50center0.0_0.0With_background1num80.dat Diff-Evol    1.0e-04 0 1 1 0     NFW      360.0000  -0.0000     -2.232 0.558  88   3.52   -2.4       -538.3175       -1054.713  1068 360.0000  -0.0000     -0.942 0.115  14   0.52    0.594
2018-05-16-13:55:21 1.15  Mocks_Mamon/MockNFW40ellip0.5loga-2.08PA50center0.0_0.0With_background1num81.dat Diff-Evol    1.0e-04 0 1 1 0     NFW        0.0000  -0.0003     -1.735 0.608 157   3.49   -4.0       -499.7455        -977.602   943   0.0000  -0.0003     -0.925 0.094  33   0.49    0.537
2018-05-16-13:55:21 1.15  Mocks_Mamon/MockNFW40ellip0.5loga-2.08PA50center0.0_0.0With_background1num82.dat Diff-Evol    1.0e-04 0 1 1 0     NFW        0.0001   0.0002     -2.574 0.292  29   3.50   -1.5       -530.4079       -1038.893  1082   0.0001   0.0002     -0.929 0.059  33   0.50    0.727
2018-05-16-13:55:21 1.15  Mocks_Mamon/MockNFW40ellip0.5loga-2.08PA50center0.0_0.0With_background1num83.dat Diff-Evol    1.0e-04 0 1 1 0     NFW        0.0014  -0.0001     -2.570 0.040  65   3.48   -1.6       -491.3007       -960.7293  1151   0.0014  -0.0001     -0.931 0.049 150   0.48    0.638
2018-05-16-13:55:21 1.15  Mocks_Mamon/MockNFW40ellip0.5loga-2.08PA50center0.0_0.0With_background1num84.dat Diff-Evol    1.0e-04 0 1 1 0     NFW      359.9999   0.0001     -2.565 0.489  65   3.47   -1.6       -497.6053       -973.3047  1234 359.9999   0.0001     -0.953 0.085  28   0.48    0.679
2018-05-16-13:55:21 1.15  Mocks_Mamon/MockNFW40ellip0.5loga-2.08PA50center0.0_0.0With_background1num85.dat Diff-Evol    1.0e-04 0 1 1 0     NFW        0.0004  -0.0020     -2.397 0.774   5   3.46   -1.8       -471.4168       -920.9277  1212   0.0004  -0.0020     -0.913 0.069 142   0.46    0.673
2018-05-16-13:55:21 1.15  Mocks_Mamon/MockNFW40ellip0.5loga-2.08PA50center0.0_0.0With_background1num86.dat Diff-Evol    1.0e-04 0 1 1 0     NFW      359.9943   0.0000     -2.558 0.800  87   3.52   -1.7       -618.3892       -1214.873  1317 359.9943   0.0000     -0.930 0.074  14   0.52    0.739
2018-05-16-13:55:21 1.15  Mocks_Mamon/MockNFW40ellip0.5loga-2.08PA50center0.0_0.0With_background1num87.dat Diff-Evol    1.0e-04 0 1 1 0     NFW        0.0004  -0.0027     -2.575 0.521  25   3.46   -0.3       -580.8617       -1139.801  1255   0.0004  -0.0027     -0.920 0.065  20   0.52    0.701
2018-05-16-13:55:21 1.15  Mocks_Mamon/MockNFW40ellip0.5loga-2.08PA50center0.0_0.0With_background1num88.dat Diff-Evol    1.0e-04 0 1 1 0     NFW      359.9980  -0.0002     -1.006 0.318  36   3.21   41.5       -516.6041       -1011.319   805 359.9980  -0.0002     -0.960 0.127 157   0.50    0.443
2018-05-16-13:55:21 1.15  Mocks_Mamon/MockNFW40ellip0.5loga-2.08PA50center0.0_0.0With_background1num89.dat Diff-Evol    1.0e-04 0 1 1 0     NFW        0.0000   0.0040     -2.567 0.642   6   3.52   -1.7       -592.5396        -1163.14  1200   0.0000   0.0040     -0.931 0.039 137   0.53    0.668
2018-05-16-13:55:21 1.15  Mocks_Mamon/MockNFW40ellip0.5loga-2.08PA50center0.0_0.0With_background1num90.dat Diff-Evol    1.0e-04 0 1 1 0     NFW        0.0001  -0.0041     -2.563 0.755 176   3.54   -1.8       -633.7842       -1245.679  1116   0.0001  -0.0041     -0.933 0.079 156   0.54    0.626
2018-05-16-13:55:21 1.15  Mocks_Mamon/MockNFW40ellip0.5loga-2.08PA50center0.0_0.0With_background1num91.dat Diff-Evol    1.0e-04 0 1 1 0     NFW        0.0007  -0.0024     -2.574 0.573  21   3.51   -1.7       -537.7287       -1053.552  1199   0.0007  -0.0024     -0.949 0.140 164   0.51    0.672
2018-05-16-13:55:21 1.15  Mocks_Mamon/MockNFW40ellip0.5loga-2.08PA50center0.0_0.0With_background1num92.dat Diff-Evol    1.0e-04 0 1 1 0     NFW      359.9988  -0.0002     -2.230 0.741  48   3.50   -2.3       -523.1272       -1024.399  1296 359.9988  -0.0002     -0.926 0.043  29   0.50    0.738
2018-05-16-13:55:21 1.15  Mocks_Mamon/MockNFW40ellip0.5loga-2.08PA50center0.0_0.0With_background1num93.dat Diff-Evol    1.0e-04 0 1 1 0     NFW      359.9930  -0.0028     -2.551 0.800  67   3.55   -2.1       -652.8146       -1283.707   950 359.9930  -0.0028     -0.955 0.021   8   0.55    0.534
2018-05-16-13:55:21 1.15  Mocks_Mamon/MockNFW40ellip0.5loga-2.08PA50center0.0_0.0With_background1num94.dat Diff-Evol    1.0e-04 0 1 1 0     NFW      359.9989   0.0006     -2.366 0.267  25   3.49   -2.0       -505.4225       -988.9558   957 359.9989   0.0006     -0.953 0.068 169   0.49    0.528
2018-05-16-13:55:21 1.15  Mocks_Mamon/MockNFW40ellip0.5loga-2.08PA50center0.0_0.0With_background1num95.dat Diff-Evol    1.0e-04 0 1 1 0     NFW        0.0044   0.0000     -2.563 0.791  83   3.51   -1.0       -633.9899       -1246.057  1254   0.0044   0.0000     -0.975 0.142  26   0.54    0.721
2018-05-16-13:55:21 1.15  Mocks_Mamon/MockNFW40ellip0.5loga-2.08PA50center0.0_0.0With_background1num96.dat Diff-Evol    1.0e-04 0 1 1 0     NFW        0.0017   0.0002     -2.314 0.750  41   3.51   -2.2       -546.3581       -1070.794  1193   0.0017   0.0002     -0.962 0.068  42   0.51    0.663
2018-05-16-13:55:21 1.15  Mocks_Mamon/MockNFW40ellip0.5loga-2.08PA50center0.0_0.0With_background1num97.dat Diff-Evol    1.0e-04 0 1 1 0     NFW        0.0037  -0.0003     -2.569 0.793  93   3.51   -1.5       -609.3377       -1196.769  1261   0.0037  -0.0003     -0.941 0.105  12   0.52    0.707
2018-05-16-13:55:21 1.15  Mocks_Mamon/MockNFW40ellip0.5loga-2.08PA50center0.0_0.0With_background1num98.dat Diff-Evol    1.0e-04 0 1 1 0     NFW      359.9991  -0.0003     -2.575 0.301  35   3.50   -1.7       -515.7542       -1009.569   894 359.9991  -0.0003     -0.938 0.075  14   0.50    0.497
2018-05-16-13:55:21 1.15  Mocks_Mamon/MockNFW40ellip0.5loga-2.08PA50center0.0_0.0With_background1num99.dat Diff-Evol    1.0e-04 0 1 1 0     NFW        0.0001   0.0005     -2.031 0.678  34   3.47   -1.4       -532.8222       -1043.755   701   0.0001   0.0005     -0.963 0.183 162   0.51    0.385
