2018-05-16-13:55:15 1.15  Mocks_Mamon/MockNFW40ellip0.5loga-2.08PA50center0.0_0.0With_background1num0.dat L-BFGS-B     1.0e-04 0 1 1 0     NFW        0.0000  -0.0002     -0.972 0.000 180   0.51  104.2       -453.2611       -884.6164   140   0.0000  -0.0002     -0.905 0.121 180   0.46    0.073
2018-05-16-13:55:15 1.15  Mocks_Mamon/MockNFW40ellip0.5loga-2.08PA50center0.0_0.0With_background1num1.dat L-BFGS-B     1.0e-04 0 1 1 0     NFW      359.9999   0.0009     -0.970 0.082 180   0.46  103.5       -464.5394       -907.2066    28 359.9999   0.0009     -0.935 0.089 180   0.46    0.015
2018-05-16-13:55:15 1.15  Mocks_Mamon/MockNFW40ellip0.5loga-2.08PA50center0.0_0.0With_background1num2.dat L-BFGS-B     1.0e-04 0 1 1 0     NFW      360.0000   0.0002     -0.972 0.000  25   0.51  108.0       -479.9885       -938.0711   119 360.0000   0.0002     -0.922 0.118  25   0.48    0.064
2018-05-16-13:55:15 1.15  Mocks_Mamon/MockNFW40ellip0.5loga-2.08PA50center0.0_0.0With_background1num3.dat L-BFGS-B     1.0e-04 0 1 1 0     NFW        0.0001   0.0000     -0.972 0.249 171   0.49  109.5       -491.5263       -961.1973    42   0.0001   0.0000     -0.925 0.158 171   0.48    0.022
2018-05-16-13:55:15 1.15  Mocks_Mamon/MockNFW40ellip0.5loga-2.08PA50center0.0_0.0With_background1num4.dat L-BFGS-B     1.0e-04 0 1 1 0     NFW        0.0003  -0.0007     -0.973 0.014   7   0.50  111.0       -499.7401       -977.5576    21   0.0003  -0.0007     -0.933 0.024   7   0.49    0.011
2018-05-16-13:55:15 1.15  Mocks_Mamon/MockNFW40ellip0.5loga-2.08PA50center0.0_0.0With_background1num5.dat L-BFGS-B     1.0e-04 0 1 1 0     NFW      359.9979  -0.0007     -0.968 0.000 170   0.49  108.8       -492.0259       -962.1292   140 359.9979  -0.0007     -0.932 0.111 170   0.47    0.074
2018-05-16-13:55:15 1.15  Mocks_Mamon/MockNFW40ellip0.5loga-2.08PA50center0.0_0.0With_background1num6.dat L-BFGS-B     1.0e-04 0 1 1 0     NFW        0.0000   0.0002     -0.973 0.015  18   0.46   99.7       -452.7114       -883.5169    56   0.0000   0.0002     -0.917 0.111  18   0.45    0.030
2018-05-16-13:55:15 1.15  Mocks_Mamon/MockNFW40ellip0.5loga-2.08PA50center0.0_0.0With_background1num7.dat L-BFGS-B     1.0e-04 0 1 1 0     NFW      359.9999  -0.0003     -0.973 0.001 142   0.54  111.8       -492.2265       -962.5305    49 359.9999  -0.0003     -0.936 0.091 142   0.50    0.026
2018-05-16-13:55:15 1.15  Mocks_Mamon/MockNFW40ellip0.5loga-2.08PA50center0.0_0.0With_background1num8.dat L-BFGS-B     1.0e-04 0 1 1 0     NFW      359.9972  -0.0002     -0.969 0.353   3   0.52  118.6       -539.1295        -1056.37    35 359.9972  -0.0002     -0.908 0.143   3   0.51    0.018
2018-05-16-13:55:15 1.15  Mocks_Mamon/MockNFW40ellip0.5loga-2.08PA50center0.0_0.0With_background1num9.dat L-BFGS-B     1.0e-04 0 1 1 0     NFW      359.9993  -0.0001     -0.972 0.012  43   0.51  108.8       -478.8793       -935.8696    56 359.9993  -0.0001     -0.915 0.097  43   0.48    0.030
2018-05-16-13:55:15 1.15  Mocks_Mamon/MockNFW40ellip0.5loga-2.08PA50center0.0_0.0With_background1num10.dat L-BFGS-B     1.0e-04 0 1 1 0     NFW      359.9986  -0.0059     -1.071 0.070 145   0.53   96.7       -590.5591       -1159.196    35 359.9986  -0.0059     -0.924 0.076 145   0.53    0.019
2018-05-16-13:55:15 1.15  Mocks_Mamon/MockNFW40ellip0.5loga-2.08PA50center0.0_0.0With_background1num11.dat L-BFGS-B     1.0e-04 0 1 1 0     NFW      359.9958  -0.0036     -1.123 0.076   1   0.53   85.7       -600.7287       -1179.568    35 359.9958  -0.0036     -0.970 0.085   1   0.53    0.019
2018-05-16-13:55:15 1.15  Mocks_Mamon/MockNFW40ellip0.5loga-2.08PA50center0.0_0.0With_background1num12.dat L-BFGS-B     1.0e-04 0 1 1 0     NFW        0.0014   0.0014     -0.972 0.000 179   0.58  126.1       -560.2716       -1098.654   105   0.0014   0.0014     -0.955 0.088 179   0.54    0.056
2018-05-16-13:55:15 1.15  Mocks_Mamon/MockNFW40ellip0.5loga-2.08PA50center0.0_0.0With_background1num13.dat L-BFGS-B     1.0e-04 0 1 1 0     NFW        0.0004   0.0015     -0.972 0.000 141   0.50  106.5       -474.4911        -927.093    84   0.0004   0.0015     -0.908 0.010 141   0.47    0.044
2018-05-16-13:55:15 1.15  Mocks_Mamon/MockNFW40ellip0.5loga-2.08PA50center0.0_0.0With_background1num14.dat L-BFGS-B     1.0e-04 0 1 1 0     NFW      359.9998   0.0004     -0.972 0.000   7   0.57  115.6          -514.5       -1007.078   119 359.9998   0.0004     -0.949 0.054   7   0.51    0.063
2018-05-16-13:55:15 1.15  Mocks_Mamon/MockNFW40ellip0.5loga-2.08PA50center0.0_0.0With_background1num15.dat L-BFGS-B     1.0e-04 0 1 1 0     NFW        0.0015  -0.0004     -0.977 0.047 142   0.54  121.6       -549.7794       -1077.653    21   0.0015  -0.0004     -0.964 0.045 142   0.54    0.011
2018-05-16-13:55:15 1.15  Mocks_Mamon/MockNFW40ellip0.5loga-2.08PA50center0.0_0.0With_background1num16.dat L-BFGS-B     1.0e-04 0 1 1 0     NFW        0.0020   0.0005     -0.970 0.000 175   0.58  123.1       -541.1006       -1060.279   140   0.0020   0.0005     -0.934 0.160 175   0.53    0.074
2018-05-16-13:55:15 1.15  Mocks_Mamon/MockNFW40ellip0.5loga-2.08PA50center0.0_0.0With_background1num17.dat L-BFGS-B     1.0e-04 0 1 1 0     NFW      359.9999   0.0003     -0.972 0.000 138   0.54  114.8       -514.0435       -1006.164   140 359.9999   0.0003     -0.924 0.127 138   0.50    0.074
2018-05-16-13:55:15 1.15  Mocks_Mamon/MockNFW40ellip0.5loga-2.08PA50center0.0_0.0With_background1num18.dat L-BFGS-B     1.0e-04 0 1 1 0     NFW      359.9989   0.0002     -0.969 0.036 152   0.52  114.8       -513.8059       -1005.673    35 359.9989   0.0002     -0.945 0.128 152   0.50    0.019
2018-05-16-13:55:15 1.15  Mocks_Mamon/MockNFW40ellip0.5loga-2.08PA50center0.0_0.0With_background1num19.dat L-BFGS-B     1.0e-04 0 1 1 0     NFW        0.0006  -0.0003     -0.974 0.004  35   0.52  107.3       -474.6198       -927.3505    49   0.0006  -0.0003     -0.928 0.095  35   0.48    0.026
2018-05-16-13:55:15 1.15  Mocks_Mamon/MockNFW40ellip0.5loga-2.08PA50center0.0_0.0With_background1num20.dat L-BFGS-B     1.0e-04 0 1 1 0     NFW      360.0000   0.0003     -0.972 0.012 157   0.53  114.8       -517.9163        -1013.91    56 360.0000   0.0003     -0.937 0.073 157   0.50    0.030
2018-05-16-13:55:15 1.15  Mocks_Mamon/MockNFW40ellip0.5loga-2.08PA50center0.0_0.0With_background1num21.dat L-BFGS-B     1.0e-04 0 1 1 0     NFW      359.9996   0.0002     -0.974 0.001 154   0.50  107.3       -481.7102       -941.5314    42 359.9996   0.0002     -0.917 0.007 154   0.48    0.022
2018-05-16-13:55:15 1.15  Mocks_Mamon/MockNFW40ellip0.5loga-2.08PA50center0.0_0.0With_background1num22.dat L-BFGS-B     1.0e-04 0 1 1 0     NFW        0.0009  -0.0012     -0.970 0.014 159   0.56  119.3       -537.8524       -1053.799    56   0.0009  -0.0012     -0.962 0.105 159   0.52    0.030
2018-05-16-13:55:15 1.15  Mocks_Mamon/MockNFW40ellip0.5loga-2.08PA50center0.0_0.0With_background1num23.dat L-BFGS-B     1.0e-04 0 1 1 0     NFW        0.0008   0.0001     -0.972 0.009 166   0.49  106.5        -475.656       -929.3893    28   0.0008   0.0001     -0.919 0.056 166   0.47    0.015
2018-05-16-13:55:15 1.15  Mocks_Mamon/MockNFW40ellip0.5loga-2.08PA50center0.0_0.0With_background1num24.dat L-BFGS-B     1.0e-04 0 1 1 0     NFW      359.9998   0.0031     -0.968 0.028  28   0.57  129.9       -590.6525       -1159.366    28 359.9998   0.0031     -0.932 0.083  28   0.55    0.015
2018-05-16-13:55:15 1.15  Mocks_Mamon/MockNFW40ellip0.5loga-2.08PA50center0.0_0.0With_background1num25.dat L-BFGS-B     1.0e-04 0 1 1 0     NFW        0.0001   0.0000     -0.972 0.000  35   0.55  118.6       -527.8229       -1033.707   140   0.0001   0.0000     -0.948 0.096  35   0.52    0.074
2018-05-16-13:55:15 1.15  Mocks_Mamon/MockNFW40ellip0.5loga-2.08PA50center0.0_0.0With_background1num26.dat L-BFGS-B     1.0e-04 0 1 1 0     NFW      359.9992   0.0005     -0.976 0.052 137   0.53  113.3        -499.778        -977.667    35 359.9992   0.0005     -0.937 0.109 137   0.51    0.019
2018-05-16-13:55:15 1.15  Mocks_Mamon/MockNFW40ellip0.5loga-2.08PA50center0.0_0.0With_background1num27.dat L-BFGS-B     1.0e-04 0 1 1 0     NFW      359.9972  -0.0008     -0.966 0.013 158   0.53  121.6       -548.2883       -1074.671    28 359.9972  -0.0008     -0.942 0.065 158   0.52    0.015
2018-05-16-13:55:15 1.15  Mocks_Mamon/MockNFW40ellip0.5loga-2.08PA50center0.0_0.0With_background1num28.dat L-BFGS-B     1.0e-04 0 1 1 0     NFW      359.9991  -0.0011     -0.968 0.000 157   0.66  118.5        -521.575       -1021.244   119 359.9991  -0.0011     -0.945 0.130 157   0.51    0.064
2018-05-16-13:55:15 1.15  Mocks_Mamon/MockNFW40ellip0.5loga-2.08PA50center0.0_0.0With_background1num29.dat L-BFGS-B     1.0e-04 0 1 1 0     NFW      359.9999  -0.0008     -0.973 0.000   1   0.52  107.3       -466.3154       -910.7586   154 359.9999  -0.0008     -0.908 0.101   1   0.48    0.081
2018-05-16-13:55:15 1.15  Mocks_Mamon/MockNFW40ellip0.5loga-2.08PA50center0.0_0.0With_background1num30.dat L-BFGS-B     1.0e-04 0 1 1 0     NFW      359.9996   0.0003     -0.972 0.036  12   0.52  117.1       -523.8233       -1025.741    28 359.9996   0.0003     -0.931 0.039  12   0.51    0.015
2018-05-16-13:55:15 1.15  Mocks_Mamon/MockNFW40ellip0.5loga-2.08PA50center0.0_0.0With_background1num31.dat L-BFGS-B     1.0e-04 0 1 1 0     NFW        0.0002   0.0002     -0.972 0.000  44   0.46   99.0       -438.8352       -855.7981   140   0.0002   0.0002     -0.922 0.120  44   0.44    0.074
2018-05-16-13:55:15 1.15  Mocks_Mamon/MockNFW40ellip0.5loga-2.08PA50center0.0_0.0With_background1num32.dat L-BFGS-B     1.0e-04 0 1 1 0     NFW        0.0000   0.0043     -1.105 0.191  33   0.56   94.8        -632.505       -1243.071    35   0.0000   0.0043     -0.954 0.130  33   0.56    0.018
2018-05-16-13:55:15 1.15  Mocks_Mamon/MockNFW40ellip0.5loga-2.08PA50center0.0_0.0With_background1num33.dat L-BFGS-B     1.0e-04 0 1 1 0     NFW        0.0001  -0.0001     -0.972 0.004 166   0.55  120.9       -539.0149       -1056.141    28   0.0001  -0.0001     -0.970 0.084 166   0.53    0.015
2018-05-16-13:55:15 1.15  Mocks_Mamon/MockNFW40ellip0.5loga-2.08PA50center0.0_0.0With_background1num34.dat L-BFGS-B     1.0e-04 0 1 1 0     NFW        0.0022  -0.0002     -0.972 0.013 164   0.49  108.8       -494.5559       -967.1893    35   0.0022  -0.0002     -0.918 0.046 164   0.48    0.019
2018-05-16-13:55:15 1.15  Mocks_Mamon/MockNFW40ellip0.5loga-2.08PA50center0.0_0.0With_background1num35.dat L-BFGS-B     1.0e-04 0 1 1 0     NFW        0.0000   0.0021     -0.970 0.006  16   0.52  112.6        -502.691       -983.4761    49   0.0000   0.0021     -0.946 0.094  16   0.49    0.026
2018-05-16-13:55:15 1.15  Mocks_Mamon/MockNFW40ellip0.5loga-2.08PA50center0.0_0.0With_background1num36.dat L-BFGS-B     1.0e-04 0 1 1 0     NFW      359.9997  -0.0019     -0.969 0.000  13   0.57  120.1       -522.0189       -1022.132   140 359.9997  -0.0019     -0.914 0.116  13   0.52    0.075
2018-05-16-13:55:15 1.15  Mocks_Mamon/MockNFW40ellip0.5loga-2.08PA50center0.0_0.0With_background1num37.dat L-BFGS-B     1.0e-04 0 1 1 0     NFW        0.0023  -0.0003     -0.970 0.011 159   0.54  113.3       -505.5415       -989.2447    56   0.0023  -0.0003     -0.928 0.077 159   0.49    0.032
2018-05-16-13:55:15 1.15  Mocks_Mamon/MockNFW40ellip0.5loga-2.08PA50center0.0_0.0With_background1num38.dat L-BFGS-B     1.0e-04 0 1 1 0     NFW        0.0007   0.0002     -0.974 0.032 175   0.48  105.8       -481.2667       -940.6275    21   0.0007   0.0002     -0.926 0.055 175   0.47    0.012
2018-05-16-13:55:15 1.15  Mocks_Mamon/MockNFW40ellip0.5loga-2.08PA50center0.0_0.0With_background1num39.dat L-BFGS-B     1.0e-04 0 1 1 0     NFW      359.9999  -0.0032     -0.997 0.035 151   0.53  115.4       -572.4992       -1123.093    35 359.9999  -0.0032     -0.921 0.036 151   0.53    0.019
2018-05-16-13:55:15 1.15  Mocks_Mamon/MockNFW40ellip0.5loga-2.08PA50center0.0_0.0With_background1num40.dat L-BFGS-B     1.0e-04 0 1 1 0     NFW      359.9999   0.0001     -0.972 0.262  33   0.48  108.0       -486.5139        -951.122    35 359.9999   0.0001     -0.928 0.095  33   0.48    0.018
2018-05-16-13:55:15 1.15  Mocks_Mamon/MockNFW40ellip0.5loga-2.08PA50center0.0_0.0With_background1num41.dat L-BFGS-B     1.0e-04 0 1 1 0     NFW      359.9995  -0.0001     -0.973 0.018 157   0.51  105.7       -472.3277       -922.7833    49 359.9995  -0.0001     -0.918 0.183 157   0.47    0.026
2018-05-16-13:55:15 1.15  Mocks_Mamon/MockNFW40ellip0.5loga-2.08PA50center0.0_0.0With_background1num42.dat L-BFGS-B     1.0e-04 0 1 1 0     NFW        0.0000   0.0021     -0.986 0.039  17   0.53  118.6       -561.5715       -1101.271    21   0.0000   0.0021     -0.988 0.029  17   0.53    0.011
2018-05-16-13:55:15 1.15  Mocks_Mamon/MockNFW40ellip0.5loga-2.08PA50center0.0_0.0With_background1num43.dat L-BFGS-B     1.0e-04 0 1 1 0     NFW      359.9998  -0.0028     -0.970 0.023  23   0.54  120.1       -542.2311       -1062.624    35 359.9998  -0.0028     -0.942 0.088  23   0.52    0.019
2018-05-16-13:55:15 1.15  Mocks_Mamon/MockNFW40ellip0.5loga-2.08PA50center0.0_0.0With_background1num44.dat L-BFGS-B     1.0e-04 0 1 1 0     NFW      359.9970  -0.0010     -0.965 0.003 172   0.55  126.2       -569.5598       -1117.247    28 359.9970  -0.0010     -0.941 0.050 172   0.53    0.015
2018-05-16-13:55:15 1.15  Mocks_Mamon/MockNFW40ellip0.5loga-2.08PA50center0.0_0.0With_background1num45.dat L-BFGS-B     1.0e-04 0 1 1 0     NFW        0.0003   0.0013     -0.979 0.014  32   0.53  117.1       -530.7579        -1039.61    21   0.0003   0.0013     -0.975 0.023  32   0.53    0.012
2018-05-16-13:55:15 1.15  Mocks_Mamon/MockNFW40ellip0.5loga-2.08PA50center0.0_0.0With_background1num46.dat L-BFGS-B     1.0e-04 0 1 1 0     NFW        0.0002  -0.0007     -0.975 0.000 173   0.56  120.9       -539.6321       -1057.342   119   0.0002  -0.0007     -0.969 0.069 173   0.53    0.063
2018-05-16-13:55:15 1.15  Mocks_Mamon/MockNFW40ellip0.5loga-2.08PA50center0.0_0.0With_background1num47.dat L-BFGS-B     1.0e-04 0 1 1 0     NFW        0.0002  -0.0017     -0.995 0.061 139   0.52  110.6       -539.7889       -1057.672    28   0.0002  -0.0017     -0.964 0.066 139   0.52    0.015
2018-05-16-13:55:15 1.15  Mocks_Mamon/MockNFW40ellip0.5loga-2.08PA50center0.0_0.0With_background1num48.dat L-BFGS-B     1.0e-04 0 1 1 0     NFW      359.9999  -0.0001     -0.972 0.043   4   0.54  121.6       -543.4374       -1065.003    21 359.9999  -0.0001     -0.964 0.070   4   0.53    0.012
2018-05-16-13:55:15 1.15  Mocks_Mamon/MockNFW40ellip0.5loga-2.08PA50center0.0_0.0With_background1num49.dat L-BFGS-B     1.0e-04 0 1 1 0     NFW      359.9997  -0.0007     -0.972 0.014  32   0.52  112.6       -506.5791       -991.2523    56 359.9997  -0.0007     -0.929 0.086  32   0.50    0.030
2018-05-16-13:55:15 1.15  Mocks_Mamon/MockNFW40ellip0.5loga-2.08PA50center0.0_0.0With_background1num50.dat L-BFGS-B     1.0e-04 0 1 1 0     NFW      359.9987  -0.0000     -0.969 0.015 141   0.47  107.3       -488.4728       -955.0734    35 359.9987  -0.0000     -0.946 0.060 141   0.47    0.019
2018-05-16-13:55:15 1.15  Mocks_Mamon/MockNFW40ellip0.5loga-2.08PA50center0.0_0.0With_background1num51.dat L-BFGS-B     1.0e-04 0 1 1 0     NFW        0.0003   0.0002     -0.972 0.000  18   0.60  122.4       -553.0076       -1084.143   119   0.0003   0.0002     -0.949 0.123  18   0.53    0.065
2018-05-16-13:55:15 1.15  Mocks_Mamon/MockNFW40ellip0.5loga-2.08PA50center0.0_0.0With_background1num52.dat L-BFGS-B     1.0e-04 0 1 1 0     NFW        0.0021   0.0001     -1.000 0.184  30   0.51  107.3       -534.8505       -1047.778    28   0.0021   0.0001     -0.964 0.162  30   0.50    0.015
2018-05-16-13:55:15 1.15  Mocks_Mamon/MockNFW40ellip0.5loga-2.08PA50center0.0_0.0With_background1num53.dat L-BFGS-B     1.0e-04 0 1 1 0     NFW      359.9932   0.0002     -1.018 0.088  10   0.56  117.1       -621.9015       -1221.897    35 359.9932   0.0002     -0.939 0.094  10   0.56    0.019
2018-05-16-13:55:15 1.15  Mocks_Mamon/MockNFW40ellip0.5loga-2.08PA50center0.0_0.0With_background1num54.dat L-BFGS-B     1.0e-04 0 1 1 0     NFW      359.9998  -0.0057     -1.057 0.104 177   0.55  104.3       -613.8032       -1205.684    35 359.9998  -0.0057     -0.936 0.111 177   0.55    0.019
2018-05-16-13:55:15 1.15  Mocks_Mamon/MockNFW40ellip0.5loga-2.08PA50center0.0_0.0With_background1num55.dat L-BFGS-B     1.0e-04 0 1 1 0     NFW      359.9997  -0.0000     -0.977 0.012 153   0.56  118.6        -533.371        -1044.87    56 359.9997  -0.0000     -0.973 0.081 153   0.53    0.030
2018-05-16-13:55:15 1.15  Mocks_Mamon/MockNFW40ellip0.5loga-2.08PA50center0.0_0.0With_background1num56.dat L-BFGS-B     1.0e-04 0 1 1 0     NFW      359.9963   0.0000     -0.967 0.000 165   0.59  128.4       -579.5997        -1137.31    98 359.9963   0.0000     -0.931 0.065 165   0.54    0.053
2018-05-16-13:55:15 1.15  Mocks_Mamon/MockNFW40ellip0.5loga-2.08PA50center0.0_0.0With_background1num57.dat L-BFGS-B     1.0e-04 0 1 1 0     NFW        0.0003   0.0001     -0.972 0.007  15   0.55  116.3       -506.5517       -991.1976    28   0.0003   0.0001     -0.922 0.057  15   0.51    0.015
2018-05-16-13:55:15 1.15  Mocks_Mamon/MockNFW40ellip0.5loga-2.08PA50center0.0_0.0With_background1num58.dat L-BFGS-B     1.0e-04 0 1 1 0     NFW        0.0002  -0.0006     -0.975 0.006  10   0.50  109.5       -499.6935       -977.4979    28   0.0002  -0.0006     -0.920 0.063  10   0.49    0.015
2018-05-16-13:55:15 1.15  Mocks_Mamon/MockNFW40ellip0.5loga-2.08PA50center0.0_0.0With_background1num59.dat L-BFGS-B     1.0e-04 0 1 1 0     NFW        0.0000  -0.0071     -0.956 0.069 150   0.53  129.2        -575.806       -1129.706    21   0.0000  -0.0071     -0.922 0.110 150   0.52    0.012
2018-05-16-13:55:15 1.15  Mocks_Mamon/MockNFW40ellip0.5loga-2.08PA50center0.0_0.0With_background1num60.dat L-BFGS-B     1.0e-04 0 1 1 0     NFW      359.9996  -0.0015     -0.970 0.286 169   0.52  118.6       -528.4419       -1034.978    49 359.9996  -0.0015     -0.927 0.158 169   0.51    0.025
2018-05-16-13:55:15 1.15  Mocks_Mamon/MockNFW40ellip0.5loga-2.08PA50center0.0_0.0With_background1num61.dat L-BFGS-B     1.0e-04 0 1 1 0     NFW        0.0000  -0.0002     -0.973 0.304   3   0.48  107.3       -477.8401       -933.7576    35   0.0000  -0.0002     -0.925 0.133   3   0.48    0.018
2018-05-16-13:55:15 1.15  Mocks_Mamon/MockNFW40ellip0.5loga-2.08PA50center0.0_0.0With_background1num62.dat L-BFGS-B     1.0e-04 0 1 1 0     NFW      359.9998   0.0000     -0.972 0.011 164   0.49  101.2       -444.9333       -867.9944    49 359.9998   0.0000     -0.901 0.107 164   0.45    0.026
2018-05-16-13:55:15 1.15  Mocks_Mamon/MockNFW40ellip0.5loga-2.08PA50center0.0_0.0With_background1num63.dat L-BFGS-B     1.0e-04 0 1 1 0     NFW        0.0000   0.0003     -0.973 0.027 151   0.54  116.3       -513.9052       -1005.905    35   0.0000   0.0003     -0.957 0.105 151   0.51    0.019
2018-05-16-13:55:15 1.15  Mocks_Mamon/MockNFW40ellip0.5loga-2.08PA50center0.0_0.0With_background1num64.dat L-BFGS-B     1.0e-04 0 1 1 0     NFW        0.0004  -0.0003     -0.972 0.009  37   0.52  115.6       -518.2893       -1014.673    21   0.0004  -0.0003     -0.921 0.014  37   0.51    0.011
2018-05-16-13:55:15 1.15  Mocks_Mamon/MockNFW40ellip0.5loga-2.08PA50center0.0_0.0With_background1num65.dat L-BFGS-B     1.0e-04 0 1 1 0     NFW      360.0000  -0.0007     -0.977 0.011 139   0.56  122.3       -553.6719       -1085.472    56 360.0000  -0.0007     -0.991 0.074 139   0.54    0.031
2018-05-16-13:55:15 1.15  Mocks_Mamon/MockNFW40ellip0.5loga-2.08PA50center0.0_0.0With_background1num66.dat L-BFGS-B     1.0e-04 0 1 1 0     NFW      359.9994  -0.0038     -0.988 0.171 162   0.53  117.7       -565.5444       -1109.217    35 359.9994  -0.0038     -0.936 0.148 162   0.53    0.018
2018-05-16-13:55:15 1.15  Mocks_Mamon/MockNFW40ellip0.5loga-2.08PA50center0.0_0.0With_background1num67.dat L-BFGS-B     1.0e-04 0 1 1 0     NFW      359.9983  -0.0018     -0.967 0.000 136   0.53  112.5        -489.458       -957.0776   105 359.9983  -0.0018     -0.906 0.084 136   0.49    0.056
2018-05-16-13:55:15 1.15  Mocks_Mamon/MockNFW40ellip0.5loga-2.08PA50center0.0_0.0With_background1num68.dat L-BFGS-B     1.0e-04 0 1 1 0     NFW        0.0003  -0.0002     -0.974 0.000   5   0.50  108.8       -490.6166       -959.3274   112   0.0003  -0.0002     -0.940 0.074   5   0.48    0.059
2018-05-16-13:55:15 1.15  Mocks_Mamon/MockNFW40ellip0.5loga-2.08PA50center0.0_0.0With_background1num69.dat L-BFGS-B     1.0e-04 0 1 1 0     NFW        0.0009   0.0012     -0.968 0.000  15   0.61  121.6       -537.4969       -1053.105    77   0.0009   0.0012     -0.926 0.032  15   0.52    0.041
2018-05-16-13:55:15 1.15  Mocks_Mamon/MockNFW40ellip0.5loga-2.08PA50center0.0_0.0With_background1num70.dat L-BFGS-B     1.0e-04 0 1 1 0     NFW        0.0006  -0.0011     -0.971 0.010 145   0.53  120.1       -532.0082       -1042.077    21   0.0006  -0.0011     -0.929 0.016 145   0.52    0.012
2018-05-16-13:55:15 1.15  Mocks_Mamon/MockNFW40ellip0.5loga-2.08PA50center0.0_0.0With_background1num71.dat L-BFGS-B     1.0e-04 0 1 1 0     NFW        0.0002   0.0001     -0.976 0.019 171   0.52  113.3       -511.2528       -1000.566    21   0.0002   0.0001     -0.917 0.033 171   0.51    0.011
2018-05-16-13:55:15 1.15  Mocks_Mamon/MockNFW40ellip0.5loga-2.08PA50center0.0_0.0With_background1num72.dat L-BFGS-B     1.0e-04 0 1 1 0     NFW      359.9997   0.0003     -0.973 0.266  41   0.51  114.8       -505.7857       -989.7161    49 359.9997   0.0003     -0.913 0.123  41   0.51    0.025
2018-05-16-13:55:15 1.15  Mocks_Mamon/MockNFW40ellip0.5loga-2.08PA50center0.0_0.0With_background1num73.dat L-BFGS-B     1.0e-04 0 1 1 0     NFW      359.9997  -0.0003     -0.974 0.000 142   0.50  108.8       -488.7072       -955.4919    98 359.9997  -0.0003     -0.939 0.063 142   0.48    0.052
2018-05-16-13:55:15 1.15  Mocks_Mamon/MockNFW40ellip0.5loga-2.08PA50center0.0_0.0With_background1num74.dat L-BFGS-B     1.0e-04 0 1 1 0     NFW        0.0002  -0.0007     -0.971 0.000   7   0.60  120.8       -533.4617       -1045.001   119   0.0002  -0.0007     -0.933 0.065   7   0.52    0.063
2018-05-16-13:55:15 1.15  Mocks_Mamon/MockNFW40ellip0.5loga-2.08PA50center0.0_0.0With_background1num75.dat L-BFGS-B     1.0e-04 0 1 1 0     NFW        0.0000  -0.0019     -0.977 0.000 171   0.53  113.3       -516.0567       -1010.224   140   0.0000  -0.0019     -0.920 0.088 171   0.51    0.074
2018-05-16-13:55:15 1.15  Mocks_Mamon/MockNFW40ellip0.5loga-2.08PA50center0.0_0.0With_background1num76.dat L-BFGS-B     1.0e-04 0 1 1 0     NFW      359.9991  -0.0002     -0.971 0.000 149   0.51  105.0       -454.0475       -886.2227    98 359.9991  -0.0002     -0.887 0.070 149   0.46    0.052
2018-05-16-13:55:15 1.15  Mocks_Mamon/MockNFW40ellip0.5loga-2.08PA50center0.0_0.0With_background1num77.dat L-BFGS-B     1.0e-04 0 1 1 0     NFW      359.9997  -0.0004     -0.972 0.251  33   0.45   99.0       -440.3154       -858.7082    56 359.9997  -0.0004     -0.901 0.102  33   0.44    0.029
2018-05-16-13:55:15 1.15  Mocks_Mamon/MockNFW40ellip0.5loga-2.08PA50center0.0_0.0With_background1num78.dat L-BFGS-B     1.0e-04 0 1 1 0     NFW        0.0072  -0.0010     -0.953 0.050 140   0.54  136.7       -604.9262        -1187.93    28   0.0072  -0.0010     -0.946 0.054 140   0.54    0.015
2018-05-16-13:55:15 1.15  Mocks_Mamon/MockNFW40ellip0.5loga-2.08PA50center0.0_0.0With_background1num79.dat L-BFGS-B     1.0e-04 0 1 1 0     NFW      359.9994  -0.0005     -0.972 0.012 156   0.53  109.5       -484.1164       -946.3438    56 359.9994  -0.0005     -0.949 0.086 156   0.48    0.030
2018-05-16-13:55:15 1.15  Mocks_Mamon/MockNFW40ellip0.5loga-2.08PA50center0.0_0.0With_background1num80.dat L-BFGS-B     1.0e-04 0 1 1 0     NFW      360.0000  -0.0000     -0.972 0.000  14   0.59  117.8       -529.9085       -1037.894   140 360.0000  -0.0000     -0.942 0.115  14   0.52    0.074
2018-05-16-13:55:15 1.15  Mocks_Mamon/MockNFW40ellip0.5loga-2.08PA50center0.0_0.0With_background1num81.dat L-BFGS-B     1.0e-04 0 1 1 0     NFW        0.0000  -0.0003     -0.971 0.000  33   0.59  111.8       -490.1551       -958.4211   140   0.0000  -0.0003     -0.925 0.094  33   0.49    0.074
2018-05-16-13:55:15 1.15  Mocks_Mamon/MockNFW40ellip0.5loga-2.08PA50center0.0_0.0With_background1num82.dat L-BFGS-B     1.0e-04 0 1 1 0     NFW        0.0001   0.0002     -0.972 0.056  33   0.50  114.8       -523.7419       -1025.561    28   0.0001   0.0002     -0.929 0.059  33   0.50    0.015
2018-05-16-13:55:15 1.15  Mocks_Mamon/MockNFW40ellip0.5loga-2.08PA50center0.0_0.0With_background1num83.dat L-BFGS-B     1.0e-04 0 1 1 0     NFW        0.0014  -0.0001     -0.968 0.029 149   0.49  109.5       -481.6322       -941.3921    21   0.0014  -0.0001     -0.931 0.049 150   0.48    0.012
2018-05-16-13:55:15 1.15  Mocks_Mamon/MockNFW40ellip0.5loga-2.08PA50center0.0_0.0With_background1num84.dat L-BFGS-B     1.0e-04 0 1 1 0     NFW      359.9999   0.0001     -0.973 0.033  28   0.48  107.3       -488.4896       -955.0734    28 359.9999   0.0001     -0.953 0.085  28   0.48    0.015
2018-05-16-13:55:15 1.15  Mocks_Mamon/MockNFW40ellip0.5loga-2.08PA50center0.0_0.0With_background1num85.dat L-BFGS-B     1.0e-04 0 1 1 0     NFW        0.0004  -0.0020     -0.970 0.000 142   0.49  104.2       -456.6622       -891.4186   105   0.0004  -0.0020     -0.913 0.069 142   0.46    0.056
2018-05-16-13:55:15 1.15  Mocks_Mamon/MockNFW40ellip0.5loga-2.08PA50center0.0_0.0With_background1num86.dat L-BFGS-B     1.0e-04 0 1 1 0     NFW      359.9943   0.0000     -1.003 0.072  14   0.52  113.6       -579.8362       -1137.766    28 359.9943   0.0000     -0.930 0.074  14   0.52    0.015
2018-05-16-13:55:15 1.15  Mocks_Mamon/MockNFW40ellip0.5loga-2.08PA50center0.0_0.0With_background1num87.dat L-BFGS-B     1.0e-04 0 1 1 0     NFW        0.0004  -0.0027     -1.201 0.134  20   0.52   66.0        -550.498       -1079.073    35   0.0004  -0.0027     -0.920 0.065  20   0.52    0.018
2018-05-16-13:55:15 1.15  Mocks_Mamon/MockNFW40ellip0.5loga-2.08PA50center0.0_0.0With_background1num88.dat L-BFGS-B     1.0e-04 0 1 1 0     NFW      359.9980  -0.0002     -0.967 0.011 157   0.56  115.6       -514.1277       -1006.366    77 359.9980  -0.0002     -0.960 0.127 157   0.50    0.042
2018-05-16-13:55:15 1.15  Mocks_Mamon/MockNFW40ellip0.5loga-2.08PA50center0.0_0.0With_background1num89.dat L-BFGS-B     1.0e-04 0 1 1 0     NFW        0.0000   0.0040     -1.030 0.037 137   0.53  105.0       -570.3624       -1118.786    35   0.0000   0.0040     -0.931 0.039 137   0.53    0.020
2018-05-16-13:55:15 1.15  Mocks_Mamon/MockNFW40ellip0.5loga-2.08PA50center0.0_0.0With_background1num90.dat L-BFGS-B     1.0e-04 0 1 1 0     NFW        0.0001  -0.0041     -1.120 0.071 156   0.54   87.0       -602.6543        -1183.42    35   0.0001  -0.0041     -0.933 0.079 156   0.54    0.019
2018-05-16-13:55:15 1.15  Mocks_Mamon/MockNFW40ellip0.5loga-2.08PA50center0.0_0.0With_background1num91.dat L-BFGS-B     1.0e-04 0 1 1 0     NFW        0.0007  -0.0024     -0.972 0.038 164   0.53  115.6       -527.1623       -1032.419    35   0.0007  -0.0024     -0.949 0.140 164   0.51    0.019
2018-05-16-13:55:15 1.15  Mocks_Mamon/MockNFW40ellip0.5loga-2.08PA50center0.0_0.0With_background1num92.dat L-BFGS-B     1.0e-04 0 1 1 0     NFW      359.9988  -0.0002     -0.970 0.014  29   0.53  115.6        -507.894       -993.9327    35 359.9988  -0.0002     -0.926 0.043  29   0.50    0.019
2018-05-16-13:55:15 1.15  Mocks_Mamon/MockNFW40ellip0.5loga-2.08PA50center0.0_0.0With_background1num93.dat L-BFGS-B     1.0e-04 0 1 1 0     NFW      359.9930  -0.0028     -0.953 0.013   8   0.56  140.7       -626.3332       -1230.744    21 359.9930  -0.0028     -0.955 0.021   8   0.55    0.012
2018-05-16-13:55:15 1.15  Mocks_Mamon/MockNFW40ellip0.5loga-2.08PA50center0.0_0.0With_background1num94.dat L-BFGS-B     1.0e-04 0 1 1 0     NFW      359.9989   0.0006     -0.969 0.038 169   0.49  111.8        -502.145       -982.4009    21 359.9989   0.0006     -0.953 0.068 169   0.49    0.012
2018-05-16-13:55:15 1.15  Mocks_Mamon/MockNFW40ellip0.5loga-2.08PA50center0.0_0.0With_background1num95.dat L-BFGS-B     1.0e-04 0 1 1 0     NFW        0.0044   0.0000     -1.094 0.131  26   0.54   91.8       -596.3448       -1170.767    35   0.0044   0.0000     -0.975 0.142  26   0.54    0.019
2018-05-16-13:55:15 1.15  Mocks_Mamon/MockNFW40ellip0.5loga-2.08PA50center0.0_0.0With_background1num96.dat L-BFGS-B     1.0e-04 0 1 1 0     NFW        0.0017   0.0002     -0.967 0.011  42   0.54  120.1       -535.4213        -1048.92    56   0.0017   0.0002     -0.962 0.068  42   0.51    0.031
2018-05-16-13:55:15 1.15  Mocks_Mamon/MockNFW40ellip0.5loga-2.08PA50center0.0_0.0With_background1num97.dat L-BFGS-B     1.0e-04 0 1 1 0     NFW        0.0037  -0.0003     -1.220 0.088  12   0.53   65.1       -569.5498       -1117.194    35   0.0037  -0.0003     -0.941 0.105  12   0.52    0.019
2018-05-16-13:55:15 1.15  Mocks_Mamon/MockNFW40ellip0.5loga-2.08PA50center0.0_0.0With_background1num98.dat L-BFGS-B     1.0e-04 0 1 1 0     NFW      359.9991  -0.0003     -0.973 0.018  14   0.51  112.6       -507.2899       -992.6407    28 359.9991  -0.0003     -0.938 0.075  14   0.50    0.015
2018-05-16-13:55:15 1.15  Mocks_Mamon/MockNFW40ellip0.5loga-2.08PA50center0.0_0.0With_background1num99.dat L-BFGS-B     1.0e-04 0 1 1 0     NFW        0.0001   0.0005     -0.974 0.200 162   0.51  114.8       -524.4998        -1027.11    35   0.0001   0.0005     -0.963 0.183 162   0.51    0.018
