2018-05-16-13:56:31 1.15  Mocks_Mamon/MockNFW40ellip0.5loga-2.08PA50center0.0_0.0With_background1num0.dat Nelder-Mead  1.0e-04 0 1 1 0     NFW        0.0000  -0.0002     -0.905 0.121 180   0.46  126.3           1E+30           2E+30   143   0.0000  -0.0002     -0.905 0.121 180   0.46    0.004
2018-05-16-13:56:31 1.15  Mocks_Mamon/MockNFW40ellip0.5loga-2.08PA50center0.0_0.0With_background1num1.dat Nelder-Mead  1.0e-04 0 1 1 0     NFW      359.9999   0.0009     -0.971 0.089 180   0.46  103.4       -464.5361       -907.1999   241 359.9999   0.0009     -0.935 0.089 180   0.46    0.068
2018-05-16-13:56:31 1.15  Mocks_Mamon/MockNFW40ellip0.5loga-2.08PA50center0.0_0.0With_background1num2.dat Nelder-Mead  1.0e-04 0 1 1 0     NFW      360.0000   0.0002     -0.922 0.118  25   0.48  124.6           1E+30           2E+30   143 360.0000   0.0002     -0.922 0.118  25   0.48    0.004
2018-05-16-13:56:31 1.15  Mocks_Mamon/MockNFW40ellip0.5loga-2.08PA50center0.0_0.0With_background1num3.dat Nelder-Mead  1.0e-04 0 1 1 0     NFW        0.0001   0.0000     -0.925 0.158 171   0.48  125.5           1E+30           2E+30   143   0.0001   0.0000     -0.925 0.158 171   0.48    0.004
2018-05-16-13:56:31 1.15  Mocks_Mamon/MockNFW40ellip0.5loga-2.08PA50center0.0_0.0With_background1num4.dat Nelder-Mead  1.0e-04 0 1 1 0     NFW        0.0003  -0.0007     -0.974 0.024   7   0.49  110.8       -499.6944       -977.4662   241   0.0003  -0.0007     -0.933 0.024   7   0.49    0.070
2018-05-16-13:56:31 1.15  Mocks_Mamon/MockNFW40ellip0.5loga-2.08PA50center0.0_0.0With_background1num5.dat Nelder-Mead  1.0e-04 0 1 1 0     NFW      359.9979  -0.0007     -0.972 0.111 170   0.48  107.4       -490.9969       -960.0712   241 359.9979  -0.0007     -0.932 0.111 170   0.47    0.070
2018-05-16-13:56:31 1.15  Mocks_Mamon/MockNFW40ellip0.5loga-2.08PA50center0.0_0.0With_background1num6.dat Nelder-Mead  1.0e-04 0 1 1 0     NFW        0.0000   0.0002     -0.917 0.111  18   0.45  117.0           1E+30           2E+30   143   0.0000   0.0002     -0.917 0.111  18   0.45    0.004
2018-05-16-13:56:31 1.15  Mocks_Mamon/MockNFW40ellip0.5loga-2.08PA50center0.0_0.0With_background1num7.dat Nelder-Mead  1.0e-04 0 1 1 0     NFW      359.9999  -0.0003     -0.977 0.091 142   0.50  110.6       -491.7952       -961.6679   241 359.9999  -0.0003     -0.936 0.091 142   0.50    0.070
2018-05-16-13:56:31 1.15  Mocks_Mamon/MockNFW40ellip0.5loga-2.08PA50center0.0_0.0With_background1num8.dat Nelder-Mead  1.0e-04 0 1 1 0     NFW      359.9972  -0.0002     -0.908 0.143   3   0.51  141.0           1E+30           2E+30   143 359.9972  -0.0002     -0.908 0.143   3   0.51    0.004
2018-05-16-13:56:31 1.15  Mocks_Mamon/MockNFW40ellip0.5loga-2.08PA50center0.0_0.0With_background1num9.dat Nelder-Mead  1.0e-04 0 1 1 0     NFW      359.9993  -0.0001     -0.915 0.097  43   0.48  127.7           1E+30           2E+30   143 359.9993  -0.0001     -0.915 0.097  43   0.48    0.004
2018-05-16-13:56:31 1.15  Mocks_Mamon/MockNFW40ellip0.5loga-2.08PA50center0.0_0.0With_background1num10.dat Nelder-Mead  1.0e-04 0 1 1 0     NFW      359.9986  -0.0059     -0.962 0.076 146   0.53  129.3       -590.3616       -1158.801   241 359.9986  -0.0059     -0.924 0.076 145   0.53    0.071
2018-05-16-13:56:31 1.15  Mocks_Mamon/MockNFW40ellip0.5loga-2.08PA50center0.0_0.0With_background1num11.dat Nelder-Mead  1.0e-04 0 1 1 0     NFW      359.9958  -0.0036     -1.019 0.085   1   0.53  111.6       -600.4517       -1179.014   241 359.9958  -0.0036     -0.970 0.085   1   0.53    0.074
2018-05-16-13:56:31 1.15  Mocks_Mamon/MockNFW40ellip0.5loga-2.08PA50center0.0_0.0With_background1num12.dat Nelder-Mead  1.0e-04 0 1 1 0     NFW        0.0014   0.0014     -0.978 0.088 180   0.55  123.9       -558.8076       -1095.726   241   0.0014   0.0014     -0.955 0.088 179   0.54    0.073
2018-05-16-13:56:31 1.15  Mocks_Mamon/MockNFW40ellip0.5loga-2.08PA50center0.0_0.0With_background1num13.dat Nelder-Mead  1.0e-04 0 1 1 0     NFW        0.0004   0.0015     -0.908 0.010 141   0.47  128.0           1E+30           2E+30   143   0.0004   0.0015     -0.908 0.010 141   0.47    0.004
2018-05-16-13:56:31 1.15  Mocks_Mamon/MockNFW40ellip0.5loga-2.08PA50center0.0_0.0With_background1num14.dat Nelder-Mead  1.0e-04 0 1 1 0     NFW      359.9998   0.0004     -0.973 0.054   7   0.52  115.3       -514.0941       -1006.266   241 359.9998   0.0004     -0.949 0.054   7   0.51    0.074
2018-05-16-13:56:31 1.15  Mocks_Mamon/MockNFW40ellip0.5loga-2.08PA50center0.0_0.0With_background1num15.dat Nelder-Mead  1.0e-04 0 1 1 0     NFW        0.0015  -0.0004     -0.988 0.045 142   0.55  117.9        -549.677       -1077.448   241   0.0015  -0.0004     -0.964 0.045 142   0.54    0.074
2018-05-16-13:56:31 1.15  Mocks_Mamon/MockNFW40ellip0.5loga-2.08PA50center0.0_0.0With_background1num16.dat Nelder-Mead  1.0e-04 0 1 1 0     NFW        0.0020   0.0005     -0.975 0.160 175   0.53  121.5       -537.3611         -1052.8   241   0.0020   0.0005     -0.934 0.160 175   0.53    0.071
2018-05-16-13:56:31 1.15  Mocks_Mamon/MockNFW40ellip0.5loga-2.08PA50center0.0_0.0With_background1num17.dat Nelder-Mead  1.0e-04 0 1 1 0     NFW      359.9999   0.0003     -0.924 0.127 138   0.50  131.6           1E+30           2E+30   143 359.9999   0.0003     -0.924 0.127 138   0.50    0.004
2018-05-16-13:56:31 1.15  Mocks_Mamon/MockNFW40ellip0.5loga-2.08PA50center0.0_0.0With_background1num18.dat Nelder-Mead  1.0e-04 0 1 1 0     NFW      359.9989   0.0002     -0.981 0.128 152   0.50  111.2       -513.4744        -1005.01   241 359.9989   0.0002     -0.945 0.128 152   0.50    0.072
2018-05-16-13:56:31 1.15  Mocks_Mamon/MockNFW40ellip0.5loga-2.08PA50center0.0_0.0With_background1num19.dat Nelder-Mead  1.0e-04 0 1 1 0     NFW        0.0006  -0.0003     -0.974 0.095  35   0.48  107.1       -474.2754       -926.6616   241   0.0006  -0.0003     -0.928 0.095  35   0.48    0.064
2018-05-16-13:56:31 1.15  Mocks_Mamon/MockNFW40ellip0.5loga-2.08PA50center0.0_0.0With_background1num20.dat Nelder-Mead  1.0e-04 0 1 1 0     NFW      360.0000   0.0003     -0.978 0.073 157   0.51  113.0       -517.5286       -1013.135   241 360.0000   0.0003     -0.937 0.073 157   0.50    0.071
2018-05-16-13:56:31 1.15  Mocks_Mamon/MockNFW40ellip0.5loga-2.08PA50center0.0_0.0With_background1num21.dat Nelder-Mead  1.0e-04 0 1 1 0     NFW      359.9996   0.0002     -0.917 0.007 154   0.48  125.9           1E+30           2E+30   143 359.9996   0.0002     -0.917 0.007 154   0.48    0.004
2018-05-16-13:56:31 1.15  Mocks_Mamon/MockNFW40ellip0.5loga-2.08PA50center0.0_0.0With_background1num22.dat Nelder-Mead  1.0e-04 0 1 1 0     NFW        0.0009  -0.0012     -0.986 0.105 159   0.53  114.1       -537.1035       -1052.301   241   0.0009  -0.0012     -0.962 0.105 159   0.52    0.074
2018-05-16-13:56:31 1.15  Mocks_Mamon/MockNFW40ellip0.5loga-2.08PA50center0.0_0.0With_background1num23.dat Nelder-Mead  1.0e-04 0 1 1 0     NFW        0.0008   0.0001     -0.919 0.056 166   0.47  123.9           1E+30           2E+30   143   0.0008   0.0001     -0.919 0.056 166   0.47    0.004
2018-05-16-13:56:31 1.15  Mocks_Mamon/MockNFW40ellip0.5loga-2.08PA50center0.0_0.0With_background1num24.dat Nelder-Mead  1.0e-04 0 1 1 0     NFW      359.9998   0.0031     -0.973 0.083  28   0.55  128.1       -590.5494        -1159.16   241 359.9998   0.0031     -0.932 0.083  28   0.55    0.069
2018-05-16-13:56:31 1.15  Mocks_Mamon/MockNFW40ellip0.5loga-2.08PA50center0.0_0.0With_background1num25.dat Nelder-Mead  1.0e-04 0 1 1 0     NFW        0.0001   0.0000     -0.972 0.096  35   0.53  118.6        -527.017       -1032.095   241   0.0001   0.0000     -0.948 0.096  35   0.52    0.077
2018-05-16-13:56:31 1.15  Mocks_Mamon/MockNFW40ellip0.5loga-2.08PA50center0.0_0.0With_background1num26.dat Nelder-Mead  1.0e-04 0 1 1 0     NFW      359.9992   0.0005     -0.978 0.109 138   0.51  112.6       -499.6568       -977.4245   241 359.9992   0.0005     -0.937 0.109 137   0.51    0.070
2018-05-16-13:56:31 1.15  Mocks_Mamon/MockNFW40ellip0.5loga-2.08PA50center0.0_0.0With_background1num27.dat Nelder-Mead  1.0e-04 0 1 1 0     NFW      359.9972  -0.0008     -0.966 0.065 158   0.53  121.5       -548.1741       -1074.442   241 359.9972  -0.0008     -0.942 0.065 158   0.52    0.074
2018-05-16-13:56:31 1.15  Mocks_Mamon/MockNFW40ellip0.5loga-2.08PA50center0.0_0.0With_background1num28.dat Nelder-Mead  1.0e-04 0 1 1 0     NFW      359.9991  -0.0011     -0.969 0.130 160   0.51  118.4       -520.7139       -1019.522   241 359.9991  -0.0011     -0.945 0.130 157   0.51    0.074
2018-05-16-13:56:31 1.15  Mocks_Mamon/MockNFW40ellip0.5loga-2.08PA50center0.0_0.0With_background1num29.dat Nelder-Mead  1.0e-04 0 1 1 0     NFW      359.9999  -0.0008     -0.908 0.101   1   0.48  129.1           1E+30           2E+30   143 359.9999  -0.0008     -0.908 0.101   1   0.48    0.004
2018-05-16-13:56:31 1.15  Mocks_Mamon/MockNFW40ellip0.5loga-2.08PA50center0.0_0.0With_background1num30.dat Nelder-Mead  1.0e-04 0 1 1 0     NFW      359.9996   0.0003     -0.975 0.039  12   0.51  116.2       -523.7936       -1025.681   241 359.9996   0.0003     -0.931 0.039  12   0.51    0.068
2018-05-16-13:56:31 1.15  Mocks_Mamon/MockNFW40ellip0.5loga-2.08PA50center0.0_0.0With_background1num31.dat Nelder-Mead  1.0e-04 0 1 1 0     NFW        0.0002   0.0002     -0.922 0.120  44   0.44  114.0           1E+30           2E+30   143   0.0002   0.0002     -0.922 0.120  44   0.44    0.004
2018-05-16-13:56:31 1.15  Mocks_Mamon/MockNFW40ellip0.5loga-2.08PA50center0.0_0.0With_background1num32.dat Nelder-Mead  1.0e-04 0 1 1 0     NFW        0.0000   0.0043     -1.002 0.130  33   0.56  123.6       -632.1008       -1242.262   241   0.0000   0.0043     -0.954 0.130  33   0.56    0.073
2018-05-16-13:56:31 1.15  Mocks_Mamon/MockNFW40ellip0.5loga-2.08PA50center0.0_0.0With_background1num33.dat Nelder-Mead  1.0e-04 0 1 1 0     NFW        0.0001  -0.0001     -0.994 0.084 170   0.53  113.8       -538.5679       -1055.247   241   0.0001  -0.0001     -0.970 0.084 166   0.53    0.075
2018-05-16-13:56:31 1.15  Mocks_Mamon/MockNFW40ellip0.5loga-2.08PA50center0.0_0.0With_background1num34.dat Nelder-Mead  1.0e-04 0 1 1 0     NFW        0.0022  -0.0002     -0.918 0.046 164   0.48  126.6           1E+30           2E+30   143   0.0022  -0.0002     -0.918 0.046 164   0.48    0.004
2018-05-16-13:56:31 1.15  Mocks_Mamon/MockNFW40ellip0.5loga-2.08PA50center0.0_0.0With_background1num35.dat Nelder-Mead  1.0e-04 0 1 1 0     NFW        0.0000   0.0021     -0.982 0.094  16   0.49  109.0       -502.2463       -982.5867   241   0.0000   0.0021     -0.946 0.094  16   0.49    0.071
2018-05-16-13:56:31 1.15  Mocks_Mamon/MockNFW40ellip0.5loga-2.08PA50center0.0_0.0With_background1num36.dat Nelder-Mead  1.0e-04 0 1 1 0     NFW      359.9997  -0.0019     -0.914 0.116  13   0.52  140.4           1E+30           2E+30   143 359.9997  -0.0019     -0.914 0.116  13   0.52    0.004
2018-05-16-13:56:31 1.15  Mocks_Mamon/MockNFW40ellip0.5loga-2.08PA50center0.0_0.0With_background1num37.dat Nelder-Mead  1.0e-04 0 1 1 0     NFW        0.0023  -0.0003     -0.972 0.077 159   0.49  112.7       -505.0683       -988.2983   241   0.0023  -0.0003     -0.928 0.077 159   0.49    0.068
2018-05-16-13:56:31 1.15  Mocks_Mamon/MockNFW40ellip0.5loga-2.08PA50center0.0_0.0With_background1num38.dat Nelder-Mead  1.0e-04 0 1 1 0     NFW        0.0007   0.0002     -0.926 0.055 175   0.47  121.1           1E+30           2E+30   143   0.0007   0.0002     -0.926 0.055 175   0.47    0.004
2018-05-16-13:56:31 1.15  Mocks_Mamon/MockNFW40ellip0.5loga-2.08PA50center0.0_0.0With_background1num39.dat Nelder-Mead  1.0e-04 0 1 1 0     NFW      359.9999  -0.0032     -0.967 0.036 151   0.53  125.5       -572.4772       -1123.049   241 359.9999  -0.0032     -0.921 0.036 151   0.53    0.066
2018-05-16-13:56:31 1.15  Mocks_Mamon/MockNFW40ellip0.5loga-2.08PA50center0.0_0.0With_background1num40.dat Nelder-Mead  1.0e-04 0 1 1 0     NFW      359.9999   0.0001     -0.973 0.095  33   0.48  107.6       -486.1998       -950.4938   241 359.9999   0.0001     -0.928 0.095  33   0.48    0.067
2018-05-16-13:56:31 1.15  Mocks_Mamon/MockNFW40ellip0.5loga-2.08PA50center0.0_0.0With_background1num41.dat Nelder-Mead  1.0e-04 0 1 1 0     NFW      359.9995  -0.0001     -0.918 0.183 157   0.47  123.7           1E+30           2E+30   143 359.9995  -0.0001     -0.918 0.183 157   0.47    0.004
2018-05-16-13:56:31 1.15  Mocks_Mamon/MockNFW40ellip0.5loga-2.08PA50center0.0_0.0With_background1num42.dat Nelder-Mead  1.0e-04 0 1 1 0     NFW        0.0000   0.0021     -0.988 0.029  17   0.53  117.8       -561.5676       -1101.263   241   0.0000   0.0021     -0.988 0.029  17   0.53    0.075
2018-05-16-13:56:31 1.15  Mocks_Mamon/MockNFW40ellip0.5loga-2.08PA50center0.0_0.0With_background1num43.dat Nelder-Mead  1.0e-04 0 1 1 0     NFW      359.9998  -0.0028     -0.977 0.088  23   0.53  118.0       -541.9543        -1062.07   241 359.9998  -0.0028     -0.942 0.088  23   0.52    0.071
2018-05-16-13:56:31 1.15  Mocks_Mamon/MockNFW40ellip0.5loga-2.08PA50center0.0_0.0With_background1num44.dat Nelder-Mead  1.0e-04 0 1 1 0     NFW      359.9970  -0.0010     -0.977 0.050 174   0.53  122.2       -569.4272       -1116.982   241 359.9970  -0.0010     -0.941 0.050 172   0.53    0.072
2018-05-16-13:56:31 1.15  Mocks_Mamon/MockNFW40ellip0.5loga-2.08PA50center0.0_0.0With_background1num45.dat Nelder-Mead  1.0e-04 0 1 1 0     NFW        0.0003   0.0013     -0.999 0.023  32   0.54  110.5        -530.552       -1039.198   241   0.0003   0.0013     -0.975 0.023  32   0.53    0.074
2018-05-16-13:56:31 1.15  Mocks_Mamon/MockNFW40ellip0.5loga-2.08PA50center0.0_0.0With_background1num46.dat Nelder-Mead  1.0e-04 0 1 1 0     NFW        0.0002  -0.0007     -0.994 0.069 177   0.53  114.8       -538.7305       -1055.538   241   0.0002  -0.0007     -0.969 0.069 173   0.53    0.074
2018-05-16-13:56:31 1.15  Mocks_Mamon/MockNFW40ellip0.5loga-2.08PA50center0.0_0.0With_background1num47.dat Nelder-Mead  1.0e-04 0 1 1 0     NFW        0.0002  -0.0017     -0.988 0.066 139   0.53  112.9        -539.779       -1057.652   241   0.0002  -0.0017     -0.964 0.066 139   0.52    0.073
2018-05-16-13:56:31 1.15  Mocks_Mamon/MockNFW40ellip0.5loga-2.08PA50center0.0_0.0With_background1num48.dat Nelder-Mead  1.0e-04 0 1 1 0     NFW      359.9999  -0.0001     -0.989 0.070   5   0.53  116.3       -543.2082       -1064.544   241 359.9999  -0.0001     -0.964 0.070   4   0.53    0.076
2018-05-16-13:56:31 1.15  Mocks_Mamon/MockNFW40ellip0.5loga-2.08PA50center0.0_0.0With_background1num49.dat Nelder-Mead  1.0e-04 0 1 1 0     NFW      359.9997  -0.0007     -0.974 0.086  32   0.50  112.2       -506.2003       -990.4948   241 359.9997  -0.0007     -0.929 0.086  32   0.50    0.066
2018-05-16-13:56:31 1.15  Mocks_Mamon/MockNFW40ellip0.5loga-2.08PA50center0.0_0.0With_background1num50.dat Nelder-Mead  1.0e-04 0 1 1 0     NFW      359.9987  -0.0000     -0.969 0.060 141   0.48  107.2       -488.2536        -954.635   241 359.9987  -0.0000     -0.946 0.060 141   0.47    0.076
2018-05-16-13:56:31 1.15  Mocks_Mamon/MockNFW40ellip0.5loga-2.08PA50center0.0_0.0With_background1num51.dat Nelder-Mead  1.0e-04 0 1 1 0     NFW        0.0003   0.0002     -0.973 0.123  18   0.53  122.2       -551.9443       -1082.016   241   0.0003   0.0002     -0.949 0.123  18   0.53    0.077
2018-05-16-13:56:31 1.15  Mocks_Mamon/MockNFW40ellip0.5loga-2.08PA50center0.0_0.0With_background1num52.dat Nelder-Mead  1.0e-04 0 1 1 0     NFW        0.0021   0.0001     -0.988 0.162  30   0.50  110.9       -534.8919       -1047.861   241   0.0021   0.0001     -0.964 0.162  30   0.50    0.078
2018-05-16-13:56:31 1.15  Mocks_Mamon/MockNFW40ellip0.5loga-2.08PA50center0.0_0.0With_background1num53.dat Nelder-Mead  1.0e-04 0 1 1 0     NFW      359.9932   0.0002     -0.986 0.094  10   0.56  127.9       -621.8235       -1221.741   241 359.9932   0.0002     -0.939 0.094  10   0.56    0.078
2018-05-16-13:56:31 1.15  Mocks_Mamon/MockNFW40ellip0.5loga-2.08PA50center0.0_0.0With_background1num54.dat Nelder-Mead  1.0e-04 0 1 1 0     NFW      359.9998  -0.0057     -0.983 0.111 177   0.55  127.1        -613.683       -1205.443   241 359.9998  -0.0057     -0.936 0.111 177   0.55    0.075
2018-05-16-13:56:31 1.15  Mocks_Mamon/MockNFW40ellip0.5loga-2.08PA50center0.0_0.0With_background1num55.dat Nelder-Mead  1.0e-04 0 1 1 0     NFW      359.9997  -0.0000     -0.997 0.081 153   0.54  112.3       -532.6639       -1043.456   241 359.9997  -0.0000     -0.973 0.081 153   0.53    0.078
2018-05-16-13:56:31 1.15  Mocks_Mamon/MockNFW40ellip0.5loga-2.08PA50center0.0_0.0With_background1num56.dat Nelder-Mead  1.0e-04 0 1 1 0     NFW      359.9963   0.0000     -0.972 0.065 165   0.55  126.5       -579.0634       -1136.238   241 359.9963   0.0000     -0.931 0.065 165   0.54    0.072
2018-05-16-13:56:31 1.15  Mocks_Mamon/MockNFW40ellip0.5loga-2.08PA50center0.0_0.0With_background1num57.dat Nelder-Mead  1.0e-04 0 1 1 0     NFW        0.0003   0.0001     -0.922 0.057  15   0.51  134.2           1E+30           2E+30   143   0.0003   0.0001     -0.922 0.057  15   0.51    0.004
2018-05-16-13:56:31 1.15  Mocks_Mamon/MockNFW40ellip0.5loga-2.08PA50center0.0_0.0With_background1num58.dat Nelder-Mead  1.0e-04 0 1 1 0     NFW        0.0002  -0.0006     -0.920 0.063  10   0.49  128.2           1E+30           2E+30   143   0.0002  -0.0006     -0.920 0.063  10   0.49    0.004
2018-05-16-13:56:31 1.15  Mocks_Mamon/MockNFW40ellip0.5loga-2.08PA50center0.0_0.0With_background1num59.dat Nelder-Mead  1.0e-04 0 1 1 0     NFW        0.0000  -0.0071     -0.962 0.110 150   0.53  127.1       -575.7623       -1129.619   241   0.0000  -0.0071     -0.922 0.110 150   0.52    0.069
2018-05-16-13:56:31 1.15  Mocks_Mamon/MockNFW40ellip0.5loga-2.08PA50center0.0_0.0With_background1num60.dat Nelder-Mead  1.0e-04 0 1 1 0     NFW      359.9996  -0.0015     -0.971 0.158 170   0.51  118.2       -527.9971       -1034.088   241 359.9996  -0.0015     -0.927 0.158 169   0.51    0.068
2018-05-16-13:56:31 1.15  Mocks_Mamon/MockNFW40ellip0.5loga-2.08PA50center0.0_0.0With_background1num61.dat Nelder-Mead  1.0e-04 0 1 1 0     NFW        0.0000  -0.0002     -0.925 0.133   3   0.48  122.8           1E+30           2E+30   143   0.0000  -0.0002     -0.925 0.133   3   0.48    0.004
2018-05-16-13:56:31 1.15  Mocks_Mamon/MockNFW40ellip0.5loga-2.08PA50center0.0_0.0With_background1num62.dat Nelder-Mead  1.0e-04 0 1 1 0     NFW      359.9998   0.0000     -0.901 0.107 164   0.45  123.9           1E+30           2E+30   143 359.9998   0.0000     -0.901 0.107 164   0.45    0.004
2018-05-16-13:56:31 1.15  Mocks_Mamon/MockNFW40ellip0.5loga-2.08PA50center0.0_0.0With_background1num63.dat Nelder-Mead  1.0e-04 0 1 1 0     NFW        0.0000   0.0003     -0.981 0.105 151   0.53  113.9       -513.4957       -1005.086   241   0.0000   0.0003     -0.957 0.105 151   0.51    0.074
2018-05-16-13:56:31 1.15  Mocks_Mamon/MockNFW40ellip0.5loga-2.08PA50center0.0_0.0With_background1num64.dat Nelder-Mead  1.0e-04 0 1 1 0     NFW        0.0004  -0.0003     -0.921 0.014  37   0.51  133.6           1E+30           2E+30   143   0.0004  -0.0003     -0.921 0.014  37   0.51    0.004
2018-05-16-13:56:31 1.15  Mocks_Mamon/MockNFW40ellip0.5loga-2.08PA50center0.0_0.0With_background1num65.dat Nelder-Mead  1.0e-04 0 1 1 0     NFW      360.0000  -0.0007     -0.991 0.074 139   0.57  117.4       -553.2106       -1084.549   241 360.0000  -0.0007     -0.991 0.074 139   0.54    0.077
2018-05-16-13:56:31 1.15  Mocks_Mamon/MockNFW40ellip0.5loga-2.08PA50center0.0_0.0With_background1num66.dat Nelder-Mead  1.0e-04 0 1 1 0     NFW      359.9994  -0.0038     -0.971 0.148 164   0.53  123.2       -565.6596       -1109.447   241 359.9994  -0.0038     -0.936 0.148 162   0.53    0.073
2018-05-16-13:56:31 1.15  Mocks_Mamon/MockNFW40ellip0.5loga-2.08PA50center0.0_0.0With_background1num67.dat Nelder-Mead  1.0e-04 0 1 1 0     NFW      359.9983  -0.0018     -0.906 0.084 136   0.49  133.8           1E+30           2E+30   143 359.9983  -0.0018     -0.906 0.084 136   0.49    0.005
2018-05-16-13:56:31 1.15  Mocks_Mamon/MockNFW40ellip0.5loga-2.08PA50center0.0_0.0With_background1num68.dat Nelder-Mead  1.0e-04 0 1 1 0     NFW        0.0003  -0.0002     -0.975 0.074   5   0.48  108.5       -489.9625       -958.0191   241   0.0003  -0.0002     -0.940 0.074   5   0.48    0.074
2018-05-16-13:56:31 1.15  Mocks_Mamon/MockNFW40ellip0.5loga-2.08PA50center0.0_0.0With_background1num69.dat Nelder-Mead  1.0e-04 0 1 1 0     NFW        0.0009   0.0012     -0.969 0.032  15   0.52  121.4       -537.2927       -1052.696   241   0.0009   0.0012     -0.926 0.032  15   0.52    0.070
2018-05-16-13:56:31 1.15  Mocks_Mamon/MockNFW40ellip0.5loga-2.08PA50center0.0_0.0With_background1num70.dat Nelder-Mead  1.0e-04 0 1 1 0     NFW        0.0006  -0.0011     -0.973 0.016 145   0.52  119.6       -531.9701       -1042.001   241   0.0006  -0.0011     -0.929 0.016 145   0.52    0.070
2018-05-16-13:56:31 1.15  Mocks_Mamon/MockNFW40ellip0.5loga-2.08PA50center0.0_0.0With_background1num71.dat Nelder-Mead  1.0e-04 0 1 1 0     NFW        0.0002   0.0001     -0.917 0.033 171   0.51  133.9           1E+30           2E+30   143   0.0002   0.0001     -0.917 0.033 171   0.51    0.004
2018-05-16-13:56:31 1.15  Mocks_Mamon/MockNFW40ellip0.5loga-2.08PA50center0.0_0.0With_background1num72.dat Nelder-Mead  1.0e-04 0 1 1 0     NFW      359.9997   0.0003     -0.913 0.123  41   0.51  135.9           1E+30           2E+30   143 359.9997   0.0003     -0.913 0.123  41   0.51    0.004
2018-05-16-13:56:31 1.15  Mocks_Mamon/MockNFW40ellip0.5loga-2.08PA50center0.0_0.0With_background1num73.dat Nelder-Mead  1.0e-04 0 1 1 0     NFW      359.9997  -0.0003     -0.975 0.063 142   0.49  108.4       -488.2613          -954.6   241 359.9997  -0.0003     -0.939 0.063 142   0.48    0.072
2018-05-16-13:56:31 1.15  Mocks_Mamon/MockNFW40ellip0.5loga-2.08PA50center0.0_0.0With_background1num74.dat Nelder-Mead  1.0e-04 0 1 1 0     NFW        0.0002  -0.0007     -0.973 0.065   7   0.52  120.0       -532.7069       -1043.491   241   0.0002  -0.0007     -0.933 0.065   7   0.52    0.070
2018-05-16-13:56:31 1.15  Mocks_Mamon/MockNFW40ellip0.5loga-2.08PA50center0.0_0.0With_background1num75.dat Nelder-Mead  1.0e-04 0 1 1 0     NFW        0.0000  -0.0019     -0.920 0.088 171   0.51  133.3           1E+30           2E+30   143   0.0000  -0.0019     -0.920 0.088 171   0.51    0.005
2018-05-16-13:56:31 1.15  Mocks_Mamon/MockNFW40ellip0.5loga-2.08PA50center0.0_0.0With_background1num76.dat Nelder-Mead  1.0e-04 0 1 1 0     NFW      359.9991  -0.0002     -0.887 0.070 149   0.46  133.7           1E+30           2E+30   143 359.9991  -0.0002     -0.887 0.070 149   0.46    0.004
2018-05-16-13:56:31 1.15  Mocks_Mamon/MockNFW40ellip0.5loga-2.08PA50center0.0_0.0With_background1num77.dat Nelder-Mead  1.0e-04 0 1 1 0     NFW      359.9997  -0.0004     -0.901 0.102  33   0.44  121.4           1E+30           2E+30   143 359.9997  -0.0004     -0.901 0.102  33   0.44    0.004
2018-05-16-13:56:31 1.15  Mocks_Mamon/MockNFW40ellip0.5loga-2.08PA50center0.0_0.0With_background1num78.dat Nelder-Mead  1.0e-04 0 1 1 0     NFW        0.0072  -0.0010     -0.970 0.054 140   0.56  130.7       -604.8444       -1187.766   241   0.0072  -0.0010     -0.946 0.054 140   0.54    0.074
2018-05-16-13:56:31 1.15  Mocks_Mamon/MockNFW40ellip0.5loga-2.08PA50center0.0_0.0With_background1num79.dat Nelder-Mead  1.0e-04 0 1 1 0     NFW      359.9994  -0.0005     -0.984 0.086 156   0.49  106.0       -483.3959       -944.9027   241 359.9994  -0.0005     -0.949 0.086 156   0.48    0.072
2018-05-16-13:56:31 1.15  Mocks_Mamon/MockNFW40ellip0.5loga-2.08PA50center0.0_0.0With_background1num80.dat Nelder-Mead  1.0e-04 0 1 1 0     NFW      360.0000  -0.0000     -0.977 0.115  14   0.52  116.4       -528.6851       -1035.448   241 360.0000  -0.0000     -0.942 0.115  14   0.52    0.074
2018-05-16-13:56:31 1.15  Mocks_Mamon/MockNFW40ellip0.5loga-2.08PA50center0.0_0.0With_background1num81.dat Nelder-Mead  1.0e-04 0 1 1 0     NFW        0.0000  -0.0003     -0.971 0.094  33   0.49  111.8       -489.0847       -956.2804   241   0.0000  -0.0003     -0.925 0.094  33   0.49    0.061
2018-05-16-13:56:31 1.15  Mocks_Mamon/MockNFW40ellip0.5loga-2.08PA50center0.0_0.0With_background1num82.dat Nelder-Mead  1.0e-04 0 1 1 0     NFW        0.0001   0.0002     -0.972 0.059  33   0.50  114.6        -523.741       -1025.559   241   0.0001   0.0002     -0.929 0.059  33   0.50    0.069
2018-05-16-13:56:31 1.15  Mocks_Mamon/MockNFW40ellip0.5loga-2.08PA50center0.0_0.0With_background1num83.dat Nelder-Mead  1.0e-04 0 1 1 0     NFW        0.0014  -0.0001     -0.972 0.049 150   0.48  108.4       -481.5395       -941.2067   241   0.0014  -0.0001     -0.931 0.049 150   0.48    0.072
2018-05-16-13:56:31 1.15  Mocks_Mamon/MockNFW40ellip0.5loga-2.08PA50center0.0_0.0With_background1num84.dat Nelder-Mead  1.0e-04 0 1 1 0     NFW      359.9999   0.0001     -0.976 0.085  29   0.48  106.3       -488.4195       -954.9332   241 359.9999   0.0001     -0.953 0.085  28   0.48    0.076
2018-05-16-13:56:31 1.15  Mocks_Mamon/MockNFW40ellip0.5loga-2.08PA50center0.0_0.0With_background1num85.dat Nelder-Mead  1.0e-04 0 1 1 0     NFW        0.0004  -0.0020     -0.913 0.069 142   0.46  122.3           1E+30           2E+30   143   0.0004  -0.0020     -0.913 0.069 142   0.46    0.004
2018-05-16-13:56:31 1.15  Mocks_Mamon/MockNFW40ellip0.5loga-2.08PA50center0.0_0.0With_background1num86.dat Nelder-Mead  1.0e-04 0 1 1 0     NFW      359.9943   0.0000     -0.976 0.074  14   0.52  122.2       -579.8094       -1137.713   241 359.9943   0.0000     -0.930 0.074  14   0.52    0.075
2018-05-16-13:56:31 1.15  Mocks_Mamon/MockNFW40ellip0.5loga-2.08PA50center0.0_0.0With_background1num87.dat Nelder-Mead  1.0e-04 0 1 1 0     NFW        0.0004  -0.0027     -0.920 0.065  20   0.52  137.0           1E+30           2E+30   143   0.0004  -0.0027     -0.920 0.065  20   0.52    0.004
2018-05-16-13:56:31 1.15  Mocks_Mamon/MockNFW40ellip0.5loga-2.08PA50center0.0_0.0With_background1num88.dat Nelder-Mead  1.0e-04 0 1 1 0     NFW      359.9980  -0.0002     -0.984 0.127 161   0.50  110.1       -513.1954       -1004.502   241 359.9980  -0.0002     -0.960 0.127 157   0.50    0.075
2018-05-16-13:56:31 1.15  Mocks_Mamon/MockNFW40ellip0.5loga-2.08PA50center0.0_0.0With_background1num89.dat Nelder-Mead  1.0e-04 0 1 1 0     NFW        0.0000   0.0040     -0.977 0.039 137   0.53  121.1       -570.3057       -1118.672   241   0.0000   0.0040     -0.931 0.039 137   0.53    0.072
2018-05-16-13:56:31 1.15  Mocks_Mamon/MockNFW40ellip0.5loga-2.08PA50center0.0_0.0With_background1num90.dat Nelder-Mead  1.0e-04 0 1 1 0     NFW        0.0001  -0.0041     -0.980 0.079 156   0.54  125.3       -602.2592       -1182.629   241   0.0001  -0.0041     -0.933 0.079 156   0.54    0.072
2018-05-16-13:56:31 1.15  Mocks_Mamon/MockNFW40ellip0.5loga-2.08PA50center0.0_0.0With_background1num91.dat Nelder-Mead  1.0e-04 0 1 1 0     NFW        0.0007  -0.0024     -0.973 0.140 168   0.51  115.4        -527.076       -1032.246   241   0.0007  -0.0024     -0.949 0.140 164   0.51    0.073
2018-05-16-13:56:31 1.15  Mocks_Mamon/MockNFW40ellip0.5loga-2.08PA50center0.0_0.0With_background1num92.dat Nelder-Mead  1.0e-04 0 1 1 0     NFW      359.9988  -0.0002     -0.971 0.043  29   0.50  115.4       -507.7958       -993.7364   241 359.9988  -0.0002     -0.926 0.043  29   0.50    0.069
2018-05-16-13:56:31 1.15  Mocks_Mamon/MockNFW40ellip0.5loga-2.08PA50center0.0_0.0With_background1num93.dat Nelder-Mead  1.0e-04 0 1 1 0     NFW      359.9930  -0.0028     -0.955 0.021   8   0.55  139.9       -626.3173       -1230.712   241 359.9930  -0.0028     -0.955 0.021   8   0.55    0.080
2018-05-16-13:56:31 1.15  Mocks_Mamon/MockNFW40ellip0.5loga-2.08PA50center0.0_0.0With_background1num94.dat Nelder-Mead  1.0e-04 0 1 1 0     NFW      359.9989   0.0006     -0.976 0.068 173   0.49  109.6       -502.0634       -982.2377   241 359.9989   0.0006     -0.953 0.068 169   0.49    0.076
2018-05-16-13:56:31 1.15  Mocks_Mamon/MockNFW40ellip0.5loga-2.08PA50center0.0_0.0With_background1num95.dat Nelder-Mead  1.0e-04 0 1 1 0     NFW        0.0044   0.0000     -1.024 0.142  26   0.54  110.2       -596.1993       -1170.476   241   0.0044   0.0000     -0.975 0.142  26   0.54    0.081
2018-05-16-13:56:31 1.15  Mocks_Mamon/MockNFW40ellip0.5loga-2.08PA50center0.0_0.0With_background1num96.dat Nelder-Mead  1.0e-04 0 1 1 0     NFW        0.0017   0.0002     -0.986 0.068  43   0.51  114.0       -534.8549       -1047.787   241   0.0017   0.0002     -0.962 0.068  42   0.51    0.078
2018-05-16-13:56:31 1.15  Mocks_Mamon/MockNFW40ellip0.5loga-2.08PA50center0.0_0.0With_background1num97.dat Nelder-Mead  1.0e-04 0 1 1 0     NFW        0.0037  -0.0003     -0.988 0.105  12   0.52  116.0       -568.5616       -1115.217   241   0.0037  -0.0003     -0.941 0.105  12   0.52    0.074
2018-05-16-13:56:31 1.15  Mocks_Mamon/MockNFW40ellip0.5loga-2.08PA50center0.0_0.0With_background1num98.dat Nelder-Mead  1.0e-04 0 1 1 0     NFW      359.9991  -0.0003     -0.979 0.075  14   0.50  110.8       -507.1362       -992.3333   241 359.9991  -0.0003     -0.938 0.075  14   0.50    0.070
2018-05-16-13:56:31 1.15  Mocks_Mamon/MockNFW40ellip0.5loga-2.08PA50center0.0_0.0With_background1num99.dat Nelder-Mead  1.0e-04 0 1 1 0     NFW        0.0001   0.0005     -0.987 0.183 166   0.51  110.6       -524.7651       -1027.641   241   0.0001   0.0005     -0.963 0.183 162   0.51    0.075
