2018-05-16-13:54:37 1.15  Mocks_Mamon/MockNFW40ellip0.5loga-2.08PA50center0.0_0.0With_background1num0.dat TNC          1.0e-04 0 1 1 0     NFW        0.0000  -0.0002     -0.972 0.000 180   0.82  104.1        -453.282       -884.6581    49   0.0000  -0.0002     -0.905 0.121 180   0.46    0.202
2018-05-16-13:54:37 1.15  Mocks_Mamon/MockNFW40ellip0.5loga-2.08PA50center0.0_0.0With_background1num1.dat TNC          1.0e-04 0 1 1 0     NFW      359.9999   0.0009     -1.857 0.375 180   3.42   -1.6       -468.2863       -914.7003    83 359.9999   0.0009     -0.935 0.089 180   0.46    0.338
2018-05-16-13:54:37 1.15  Mocks_Mamon/MockNFW40ellip0.5loga-2.08PA50center0.0_0.0With_background1num2.dat TNC          1.0e-04 0 1 1 0     NFW      360.0000   0.0002     -0.972 0.000  14   0.95  107.8       -480.0099       -938.1139    54 360.0000   0.0002     -0.922 0.118  25   0.48    0.226
2018-05-16-13:54:37 1.15  Mocks_Mamon/MockNFW40ellip0.5loga-2.08PA50center0.0_0.0With_background1num3.dat TNC          1.0e-04 0 1 1 0     NFW        0.0001   0.0000     -2.575 0.000 180   3.48   -1.6       -500.9759       -980.0964    71   0.0001   0.0000     -0.925 0.158 171   0.48    0.292
2018-05-16-13:54:37 1.15  Mocks_Mamon/MockNFW40ellip0.5loga-2.08PA50center0.0_0.0With_background1num4.dat TNC          1.0e-04 0 1 1 0     NFW        0.0003  -0.0007     -1.979 0.583  56   3.49   -2.8       -507.2433        -992.564   162   0.0003  -0.0007     -0.933 0.024   7   0.49    0.657
2018-05-16-13:54:37 1.15  Mocks_Mamon/MockNFW40ellip0.5loga-2.08PA50center0.0_0.0With_background1num5.dat TNC          1.0e-04 0 1 1 0     NFW      359.9979  -0.0007     -0.968 0.000 167   0.48  108.8        -492.026       -962.1294    36 359.9979  -0.0007     -0.932 0.111 170   0.47    0.151
2018-05-16-13:54:37 1.15  Mocks_Mamon/MockNFW40ellip0.5loga-2.08PA50center0.0_0.0With_background1num6.dat TNC          1.0e-04 0 1 1 0     NFW        0.0000   0.0002     -0.973 0.000  18   0.70   99.6       -452.7462       -883.5865    44   0.0000   0.0002     -0.917 0.111  18   0.45    0.182
2018-05-16-13:54:37 1.15  Mocks_Mamon/MockNFW40ellip0.5loga-2.08PA50center0.0_0.0With_background1num7.dat TNC          1.0e-04 0 1 1 0     NFW      359.9999  -0.0003     -0.973 0.030 142   3.40    7.1       -498.1315       -974.3404    28 359.9999  -0.0003     -0.936 0.091 142   0.50    0.117
2018-05-16-13:54:37 1.15  Mocks_Mamon/MockNFW40ellip0.5loga-2.08PA50center0.0_0.0With_background1num8.dat TNC          1.0e-04 0 1 1 0     NFW      359.9972  -0.0002     -2.571 0.204   5   3.49   -1.1       -557.7218       -1093.555   193 359.9972  -0.0002     -0.908 0.143   3   0.51    0.787
2018-05-16-13:54:37 1.15  Mocks_Mamon/MockNFW40ellip0.5loga-2.08PA50center0.0_0.0With_background1num9.dat TNC          1.0e-04 0 1 1 0     NFW      359.9993  -0.0001     -0.972 0.000  44   0.50  108.8       -478.9276       -935.9662    37 359.9993  -0.0001     -0.915 0.097  43   0.48    0.155
2018-05-16-13:54:37 1.15  Mocks_Mamon/MockNFW40ellip0.5loga-2.08PA50center0.0_0.0With_background1num10.dat TNC          1.0e-04 0 1 1 0     NFW      359.9986  -0.0059     -2.442 0.752 180   3.50   -1.1       -625.1966       -1228.471    87 359.9986  -0.0059     -0.924 0.076 145   0.53    0.361
2018-05-16-13:54:37 1.15  Mocks_Mamon/MockNFW40ellip0.5loga-2.08PA50center0.0_0.0With_background1num11.dat TNC          1.0e-04 0 1 1 0     NFW      359.9958  -0.0036     -1.139 0.000   6   0.54   82.3       -601.3031       -1180.717    37 359.9958  -0.0036     -0.970 0.085   1   0.53    0.158
2018-05-16-13:54:37 1.15  Mocks_Mamon/MockNFW40ellip0.5loga-2.08PA50center0.0_0.0With_background1num12.dat TNC          1.0e-04 0 1 1 0     NFW        0.0014   0.0014     -0.972 0.000 179   0.55  126.2       -560.2736       -1098.658    40   0.0014   0.0014     -0.955 0.088 179   0.54    0.170
2018-05-16-13:54:37 1.15  Mocks_Mamon/MockNFW40ellip0.5loga-2.08PA50center0.0_0.0With_background1num13.dat TNC          1.0e-04 0 1 1 0     NFW        0.0004   0.0015     -0.972 0.000 141   1.53  105.2       -474.6175       -927.3459    52   0.0004   0.0015     -0.908 0.010 141   0.47    0.215
2018-05-16-13:54:37 1.15  Mocks_Mamon/MockNFW40ellip0.5loga-2.08PA50center0.0_0.0With_background1num14.dat TNC          1.0e-04 0 1 1 0     NFW      359.9998   0.0004     -1.332 0.000   5   3.47   -3.2       -519.4932       -1017.064    52 359.9998   0.0004     -0.949 0.054   7   0.51    0.215
2018-05-16-13:54:37 1.15  Mocks_Mamon/MockNFW40ellip0.5loga-2.08PA50center0.0_0.0With_background1num15.dat TNC          1.0e-04 0 1 1 0     NFW        0.0015  -0.0004     -2.579 0.512 128   3.54   -1.8       -562.1031         -1102.3    84   0.0015  -0.0004     -0.964 0.045 142   0.54    0.345
2018-05-16-13:54:37 1.15  Mocks_Mamon/MockNFW40ellip0.5loga-2.08PA50center0.0_0.0With_background1num16.dat TNC          1.0e-04 0 1 1 0     NFW        0.0020   0.0005     -0.970 0.000 168   0.55  123.1       -541.0993       -1060.276    40   0.0020   0.0005     -0.934 0.160 175   0.53    0.170
2018-05-16-13:54:37 1.15  Mocks_Mamon/MockNFW40ellip0.5loga-2.08PA50center0.0_0.0With_background1num17.dat TNC          1.0e-04 0 1 1 0     NFW      359.9999   0.0003     -0.972 0.000 138   0.52  114.8       -514.0432       -1006.164    48 359.9999   0.0003     -0.924 0.127 138   0.50    0.199
2018-05-16-13:54:37 1.15  Mocks_Mamon/MockNFW40ellip0.5loga-2.08PA50center0.0_0.0With_background1num18.dat TNC          1.0e-04 0 1 1 0     NFW      359.9989   0.0002     -2.571 0.000 133   3.50   -1.7       -521.8611       -1021.783   105 359.9989   0.0002     -0.945 0.128 152   0.50    0.429
2018-05-16-13:54:37 1.15  Mocks_Mamon/MockNFW40ellip0.5loga-2.08PA50center0.0_0.0With_background1num19.dat TNC          1.0e-04 0 1 1 0     NFW        0.0006  -0.0003     -0.974 0.000  34   0.70  107.2       -474.6298       -927.3704    54   0.0006  -0.0003     -0.928 0.095  35   0.48    0.223
2018-05-16-13:54:37 1.15  Mocks_Mamon/MockNFW40ellip0.5loga-2.08PA50center0.0_0.0With_background1num20.dat TNC          1.0e-04 0 1 1 0     NFW      360.0000   0.0003     -2.574 0.000 153   3.50   -1.7        -529.935       -1037.947    65 360.0000   0.0003     -0.937 0.073 157   0.50    0.279
2018-05-16-13:54:37 1.15  Mocks_Mamon/MockNFW40ellip0.5loga-2.08PA50center0.0_0.0With_background1num21.dat TNC          1.0e-04 0 1 1 0     NFW      359.9996   0.0002     -0.974 0.000 154   0.54  107.3       -481.7149       -941.5407    29 359.9996   0.0002     -0.917 0.007 154   0.48    0.122
2018-05-16-13:54:37 1.15  Mocks_Mamon/MockNFW40ellip0.5loga-2.08PA50center0.0_0.0With_background1num22.dat TNC          1.0e-04 0 1 1 0     NFW        0.0009  -0.0012     -2.572 0.000 150   3.52   -1.8       -550.7677        -1079.63    72   0.0009  -0.0012     -0.962 0.105 159   0.52    0.298
2018-05-16-13:54:37 1.15  Mocks_Mamon/MockNFW40ellip0.5loga-2.08PA50center0.0_0.0With_background1num23.dat TNC          1.0e-04 0 1 1 0     NFW        0.0008   0.0001     -2.574 0.475 180   3.47   -1.6       -485.8916       -949.8606   109   0.0008   0.0001     -0.919 0.056 166   0.47    0.441
2018-05-16-13:54:37 1.15  Mocks_Mamon/MockNFW40ellip0.5loga-2.08PA50center0.0_0.0With_background1num24.dat TNC          1.0e-04 0 1 1 0     NFW      359.9998   0.0031     -2.570 0.761   3   3.54   -1.7       -631.7235       -1241.508   105 359.9998   0.0031     -0.932 0.083  28   0.55    0.429
2018-05-16-13:54:37 1.15  Mocks_Mamon/MockNFW40ellip0.5loga-2.08PA50center0.0_0.0With_background1num25.dat TNC          1.0e-04 0 1 1 0     NFW        0.0001   0.0000     -0.972 0.000  35   0.54  118.6       -527.8226       -1033.706    49   0.0001   0.0000     -0.948 0.096  35   0.52    0.204
2018-05-16-13:54:37 1.15  Mocks_Mamon/MockNFW40ellip0.5loga-2.08PA50center0.0_0.0With_background1num26.dat TNC          1.0e-04 0 1 1 0     NFW      359.9992   0.0005     -0.976 0.105 137   3.42    3.9       -507.1323       -992.3755    27 359.9992   0.0005     -0.937 0.109 137   0.51    0.113
2018-05-16-13:54:37 1.15  Mocks_Mamon/MockNFW40ellip0.5loga-2.08PA50center0.0_0.0With_background1num27.dat TNC          1.0e-04 0 1 1 0     NFW      359.9972  -0.0008     -2.568 0.799  75   3.52   -1.8       -577.7476       -1133.589   141 359.9972  -0.0008     -0.942 0.065 158   0.52    0.577
2018-05-16-13:54:37 1.15  Mocks_Mamon/MockNFW40ellip0.5loga-2.08PA50center0.0_0.0With_background1num28.dat TNC          1.0e-04 0 1 1 0     NFW      359.9991  -0.0011     -2.061 0.234 180   3.51   -2.8       -529.4583       -1037.011   207 359.9991  -0.0011     -0.945 0.130 157   0.51    0.844
2018-05-16-13:54:37 1.15  Mocks_Mamon/MockNFW40ellip0.5loga-2.08PA50center0.0_0.0With_background1num29.dat TNC          1.0e-04 0 1 1 0     NFW      359.9999  -0.0008     -0.973 0.000   1   0.49  107.3        -466.314       -910.7558    43 359.9999  -0.0008     -0.908 0.101   1   0.48    0.179
2018-05-16-13:54:37 1.15  Mocks_Mamon/MockNFW40ellip0.5loga-2.08PA50center0.0_0.0With_background1num30.dat TNC          1.0e-04 0 1 1 0     NFW      359.9996   0.0003     -2.574 0.263  53   3.51   -1.8       -541.7648       -1061.624   130 359.9996   0.0003     -0.931 0.039  12   0.51    0.529
2018-05-16-13:54:37 1.15  Mocks_Mamon/MockNFW40ellip0.5loga-2.08PA50center0.0_0.0With_background1num31.dat TNC          1.0e-04 0 1 1 0     NFW        0.0002   0.0002     -0.972 0.000  45   0.45   99.0       -438.8355       -855.7987    36   0.0002   0.0002     -0.922 0.120  44   0.44    0.149
2018-05-16-13:54:37 1.15  Mocks_Mamon/MockNFW40ellip0.5loga-2.08PA50center0.0_0.0With_background1num32.dat TNC          1.0e-04 0 1 1 0     NFW        0.0000   0.0043     -2.561 0.748   2   3.55   -1.7       -659.3892       -1296.839   169   0.0000   0.0043     -0.954 0.130  33   0.56    0.695
2018-05-16-13:54:37 1.15  Mocks_Mamon/MockNFW40ellip0.5loga-2.08PA50center0.0_0.0With_background1num33.dat TNC          1.0e-04 0 1 1 0     NFW        0.0001  -0.0001     -0.973 0.041 180   3.25   45.1       -541.8542       -1061.819   113   0.0001  -0.0001     -0.970 0.084 166   0.53    0.497
2018-05-16-13:54:37 1.15  Mocks_Mamon/MockNFW40ellip0.5loga-2.08PA50center0.0_0.0With_background1num34.dat TNC          1.0e-04 0 1 1 0     NFW        0.0022  -0.0002     -0.972 0.000 164   2.36   99.1       -494.9822       -968.0419    54   0.0022  -0.0002     -0.918 0.046 164   0.48    0.222
2018-05-16-13:54:37 1.15  Mocks_Mamon/MockNFW40ellip0.5loga-2.08PA50center0.0_0.0With_background1num35.dat TNC          1.0e-04 0 1 1 0     NFW        0.0000   0.0021     -0.970 0.000  16   0.58  112.5       -502.6947       -983.4836    69   0.0000   0.0021     -0.946 0.094  16   0.49    0.285
2018-05-16-13:54:37 1.15  Mocks_Mamon/MockNFW40ellip0.5loga-2.08PA50center0.0_0.0With_background1num36.dat TNC          1.0e-04 0 1 1 0     NFW      359.9997  -0.0019     -0.969 0.000  13   0.54  120.1       -522.0175       -1022.129    49 359.9997  -0.0019     -0.914 0.116  13   0.52    0.204
2018-05-16-13:54:37 1.15  Mocks_Mamon/MockNFW40ellip0.5loga-2.08PA50center0.0_0.0With_background1num37.dat TNC          1.0e-04 0 1 1 0     NFW        0.0023  -0.0003     -0.970 0.000 165   0.66  113.3       -505.5887       -989.3391    53   0.0023  -0.0003     -0.928 0.077 159   0.49    0.220
2018-05-16-13:54:37 1.15  Mocks_Mamon/MockNFW40ellip0.5loga-2.08PA50center0.0_0.0With_background1num38.dat TNC          1.0e-04 0 1 1 0     NFW        0.0007   0.0002     -2.499 0.012 180   3.47   -1.7       -485.6112       -949.3166   135   0.0007   0.0002     -0.926 0.055 175   0.47    0.548
2018-05-16-13:54:37 1.15  Mocks_Mamon/MockNFW40ellip0.5loga-2.08PA50center0.0_0.0With_background1num39.dat TNC          1.0e-04 0 1 1 0     NFW      359.9999  -0.0032     -0.993 0.000 151   0.54  116.6       -572.6527       -1123.399    36 359.9999  -0.0032     -0.921 0.036 151   0.53    0.153
2018-05-16-13:54:37 1.15  Mocks_Mamon/MockNFW40ellip0.5loga-2.08PA50center0.0_0.0With_background1num40.dat TNC          1.0e-04 0 1 1 0     NFW      359.9999   0.0001     -2.028 0.760  64   3.48   -2.7       -492.8892       -963.8726   125 359.9999   0.0001     -0.928 0.095  33   0.48    0.507
2018-05-16-13:54:37 1.15  Mocks_Mamon/MockNFW40ellip0.5loga-2.08PA50center0.0_0.0With_background1num41.dat TNC          1.0e-04 0 1 1 0     NFW      359.9995  -0.0001     -2.575 0.175 180   3.47   -1.6       -484.3831        -946.894    73 359.9995  -0.0001     -0.918 0.183 157   0.47    0.297
2018-05-16-13:54:37 1.15  Mocks_Mamon/MockNFW40ellip0.5loga-2.08PA50center0.0_0.0With_background1num42.dat TNC          1.0e-04 0 1 1 0     NFW        0.0000   0.0021     -0.970 0.030  17   2.90   90.4       -562.1694       -1102.467    85   0.0000   0.0021     -0.988 0.029  17   0.53    0.351
2018-05-16-13:54:37 1.15  Mocks_Mamon/MockNFW40ellip0.5loga-2.08PA50center0.0_0.0With_background1num43.dat TNC          1.0e-04 0 1 1 0     NFW      359.9998  -0.0028     -2.572 0.770  11   3.52   -1.8        -562.638       -1103.438   155 359.9998  -0.0028     -0.942 0.088  23   0.52    0.646
2018-05-16-13:54:37 1.15  Mocks_Mamon/MockNFW40ellip0.5loga-2.08PA50center0.0_0.0With_background1num44.dat TNC          1.0e-04 0 1 1 0     NFW      359.9970  -0.0010     -0.965 0.000 172   0.76  126.1       -569.5665       -1117.261    46 359.9970  -0.0010     -0.941 0.050 172   0.53    0.193
2018-05-16-13:54:37 1.15  Mocks_Mamon/MockNFW40ellip0.5loga-2.08PA50center0.0_0.0With_background1num45.dat TNC          1.0e-04 0 1 1 0     NFW        0.0003   0.0013     -0.979 0.000  32   0.55  117.1       -530.7789       -1039.652    46   0.0003   0.0013     -0.975 0.023  32   0.53    0.191
2018-05-16-13:54:37 1.15  Mocks_Mamon/MockNFW40ellip0.5loga-2.08PA50center0.0_0.0With_background1num46.dat TNC          1.0e-04 0 1 1 0     NFW        0.0002  -0.0007     -0.975 0.000 173   1.45  119.8       -539.7229       -1057.523    50   0.0002  -0.0007     -0.969 0.069 173   0.53    0.208
2018-05-16-13:54:37 1.15  Mocks_Mamon/MockNFW40ellip0.5loga-2.08PA50center0.0_0.0With_background1num47.dat TNC          1.0e-04 0 1 1 0     NFW        0.0002  -0.0017     -2.574 0.003 141   3.50   -1.2       -552.7181        -1083.53    89   0.0002  -0.0017     -0.964 0.066 139   0.52    0.365
2018-05-16-13:54:37 1.15  Mocks_Mamon/MockNFW40ellip0.5loga-2.08PA50center0.0_0.0With_background1num48.dat TNC          1.0e-04 0 1 1 0     NFW      359.9999  -0.0001     -2.574 0.644  31   3.53   -1.8       -559.9976       -1098.123   131 359.9999  -0.0001     -0.964 0.070   4   0.53    0.533
2018-05-16-13:54:37 1.15  Mocks_Mamon/MockNFW40ellip0.5loga-2.08PA50center0.0_0.0With_background1num49.dat TNC          1.0e-04 0 1 1 0     NFW      359.9997  -0.0007     -2.425 0.356  39   3.50   -1.9        -514.764       -1007.622   193 359.9997  -0.0007     -0.929 0.086  32   0.50    0.786
2018-05-16-13:54:37 1.15  Mocks_Mamon/MockNFW40ellip0.5loga-2.08PA50center0.0_0.0With_background1num50.dat TNC          1.0e-04 0 1 1 0     NFW      359.9987  -0.0000     -0.969 0.000 141   0.47  107.3       -488.5123       -955.1524    57 359.9987  -0.0000     -0.946 0.060 141   0.47    0.236
2018-05-16-13:54:37 1.15  Mocks_Mamon/MockNFW40ellip0.5loga-2.08PA50center0.0_0.0With_background1num51.dat TNC          1.0e-04 0 1 1 0     NFW        0.0003   0.0002     -0.972 0.000  18   1.51  121.1       -553.0667       -1084.261    42   0.0003   0.0002     -0.949 0.123  18   0.53    0.176
2018-05-16-13:54:37 1.15  Mocks_Mamon/MockNFW40ellip0.5loga-2.08PA50center0.0_0.0With_background1num52.dat TNC          1.0e-04 0 1 1 0     NFW        0.0021   0.0001     -2.570 0.751  64   3.49   -1.3       -557.7159       -1093.509   144   0.0021   0.0001     -0.964 0.162  30   0.50    0.585
2018-05-16-13:54:37 1.15  Mocks_Mamon/MockNFW40ellip0.5loga-2.08PA50center0.0_0.0With_background1num53.dat TNC          1.0e-04 0 1 1 0     NFW      359.9932   0.0002     -0.995 0.000  16   0.56  124.6       -623.0212       -1224.137    35 359.9932   0.0002     -0.939 0.094  10   0.56    0.150
2018-05-16-13:54:37 1.15  Mocks_Mamon/MockNFW40ellip0.5loga-2.08PA50center0.0_0.0With_background1num54.dat TNC          1.0e-04 0 1 1 0     NFW      359.9998  -0.0057     -2.560 0.800 180   3.53   -1.5       -659.2031       -1296.484   108 359.9998  -0.0057     -0.936 0.111 177   0.55    0.447
2018-05-16-13:54:37 1.15  Mocks_Mamon/MockNFW40ellip0.5loga-2.08PA50center0.0_0.0With_background1num55.dat TNC          1.0e-04 0 1 1 0     NFW      359.9997  -0.0000     -0.977 0.000 153   1.51  117.4       -533.4834       -1045.095    51 359.9997  -0.0000     -0.973 0.081 153   0.53    0.212
2018-05-16-13:54:37 1.15  Mocks_Mamon/MockNFW40ellip0.5loga-2.08PA50center0.0_0.0With_background1num56.dat TNC          1.0e-04 0 1 1 0     NFW      359.9963   0.0000     -0.967 0.000 164   0.55  128.4       -579.6001       -1137.311    42 359.9963   0.0000     -0.931 0.065 165   0.54    0.176
2018-05-16-13:54:37 1.15  Mocks_Mamon/MockNFW40ellip0.5loga-2.08PA50center0.0_0.0With_background1num57.dat TNC          1.0e-04 0 1 1 0     NFW        0.0003   0.0001     -0.972 0.000  15   1.69  114.4       -506.8075       -991.7092    47   0.0003   0.0001     -0.922 0.057  15   0.51    0.195
2018-05-16-13:54:37 1.15  Mocks_Mamon/MockNFW40ellip0.5loga-2.08PA50center0.0_0.0With_background1num58.dat TNC          1.0e-04 0 1 1 0     NFW        0.0002  -0.0006     -0.975 0.000  10   0.72  109.4       -499.6986       -977.5081    55   0.0002  -0.0006     -0.920 0.063  10   0.49    0.227
2018-05-16-13:54:37 1.15  Mocks_Mamon/MockNFW40ellip0.5loga-2.08PA50center0.0_0.0With_background1num59.dat TNC          1.0e-04 0 1 1 0     NFW        0.0000  -0.0071     -2.558 0.800 180   3.52   -1.9       -592.3269       -1162.748   137   0.0000  -0.0071     -0.922 0.110 150   0.52    0.562
2018-05-16-13:54:37 1.15  Mocks_Mamon/MockNFW40ellip0.5loga-2.08PA50center0.0_0.0With_background1num60.dat TNC          1.0e-04 0 1 1 0     NFW      359.9996  -0.0015     -1.049 0.704 180   3.42    5.4       -534.8969       -1047.888   131 359.9996  -0.0015     -0.927 0.158 169   0.51    0.537
2018-05-16-13:54:37 1.15  Mocks_Mamon/MockNFW40ellip0.5loga-2.08PA50center0.0_0.0With_background1num61.dat TNC          1.0e-04 0 1 1 0     NFW        0.0000  -0.0002     -1.046 0.455   0   3.30   19.3       -482.6452       -943.3679   104   0.0000  -0.0002     -0.925 0.133   3   0.48    0.422
2018-05-16-13:54:37 1.15  Mocks_Mamon/MockNFW40ellip0.5loga-2.08PA50center0.0_0.0With_background1num62.dat TNC          1.0e-04 0 1 1 0     NFW      359.9998   0.0000     -2.570 0.365 180   3.45   -1.5       -458.0663       -894.2603   112 359.9998   0.0000     -0.901 0.107 164   0.45    0.454
2018-05-16-13:54:37 1.15  Mocks_Mamon/MockNFW40ellip0.5loga-2.08PA50center0.0_0.0With_background1num63.dat TNC          1.0e-04 0 1 1 0     NFW        0.0000   0.0003     -1.764 0.465 152   3.51   -4.0       -522.0877        -1022.27    93   0.0000   0.0003     -0.957 0.105 151   0.51    0.381
2018-05-16-13:54:37 1.15  Mocks_Mamon/MockNFW40ellip0.5loga-2.08PA50center0.0_0.0With_background1num64.dat TNC          1.0e-04 0 1 1 0     NFW        0.0004  -0.0003     -1.032 0.000  39   3.27   31.6       -521.6238       -1021.342    82   0.0004  -0.0003     -0.921 0.014  37   0.51    0.341
2018-05-16-13:54:37 1.15  Mocks_Mamon/MockNFW40ellip0.5loga-2.08PA50center0.0_0.0With_background1num65.dat TNC          1.0e-04 0 1 1 0     NFW      360.0000  -0.0007     -0.974 0.000 138   0.59  123.1       -553.7186       -1085.565    49 360.0000  -0.0007     -0.991 0.074 139   0.54    0.206
2018-05-16-13:54:37 1.15  Mocks_Mamon/MockNFW40ellip0.5loga-2.08PA50center0.0_0.0With_background1num66.dat TNC          1.0e-04 0 1 1 0     NFW      359.9994  -0.0038     -2.571 0.750 180   3.52   -1.6       -596.2467       -1170.621   103 359.9994  -0.0038     -0.936 0.148 162   0.53    0.430
2018-05-16-13:54:37 1.15  Mocks_Mamon/MockNFW40ellip0.5loga-2.08PA50center0.0_0.0With_background1num67.dat TNC          1.0e-04 0 1 1 0     NFW      359.9983  -0.0018     -0.967 0.000 136   1.77  110.1       -489.7591       -957.6799    46 359.9983  -0.0018     -0.906 0.084 136   0.49    0.191
2018-05-16-13:54:37 1.15  Mocks_Mamon/MockNFW40ellip0.5loga-2.08PA50center0.0_0.0With_background1num68.dat TNC          1.0e-04 0 1 1 0     NFW        0.0003  -0.0002     -0.974 0.000   8   0.49  108.8       -490.6167       -959.3275    49   0.0003  -0.0002     -0.940 0.074   5   0.48    0.202
2018-05-16-13:54:37 1.15  Mocks_Mamon/MockNFW40ellip0.5loga-2.08PA50center0.0_0.0With_background1num69.dat TNC          1.0e-04 0 1 1 0     NFW        0.0009   0.0012     -0.968 0.000  15   0.62  121.6       -537.4985       -1053.108    56   0.0009   0.0012     -0.926 0.032  15   0.52    0.245
2018-05-16-13:54:37 1.15  Mocks_Mamon/MockNFW40ellip0.5loga-2.08PA50center0.0_0.0With_background1num70.dat TNC          1.0e-04 0 1 1 0     NFW        0.0006  -0.0011     -0.971 0.000 145   0.59  120.1       -532.0311       -1042.123    53   0.0006  -0.0011     -0.929 0.016 145   0.52    0.222
2018-05-16-13:54:37 1.15  Mocks_Mamon/MockNFW40ellip0.5loga-2.08PA50center0.0_0.0With_background1num71.dat TNC          1.0e-04 0 1 1 0     NFW        0.0002   0.0001     -0.976 0.000 171   0.64  113.3       -511.2936       -1000.648    51   0.0002   0.0001     -0.917 0.033 171   0.51    0.212
2018-05-16-13:54:37 1.15  Mocks_Mamon/MockNFW40ellip0.5loga-2.08PA50center0.0_0.0With_background1num72.dat TNC          1.0e-04 0 1 1 0     NFW      359.9997   0.0003     -2.274 0.760  60   3.51   -2.2       -521.6311       -1021.407   210 359.9997   0.0003     -0.913 0.123  41   0.51    0.852
2018-05-16-13:54:37 1.15  Mocks_Mamon/MockNFW40ellip0.5loga-2.08PA50center0.0_0.0With_background1num73.dat TNC          1.0e-04 0 1 1 0     NFW      359.9997  -0.0003     -1.134 0.000 140   3.20   28.0       -490.9187       -959.9148    50 359.9997  -0.0003     -0.939 0.063 142   0.48    0.207
2018-05-16-13:54:37 1.15  Mocks_Mamon/MockNFW40ellip0.5loga-2.08PA50center0.0_0.0With_background1num74.dat TNC          1.0e-04 0 1 1 0     NFW        0.0002  -0.0007     -0.971 0.000   9   0.53  120.9       -533.4594       -1044.996    39   0.0002  -0.0007     -0.933 0.065   7   0.52    0.165
2018-05-16-13:54:37 1.15  Mocks_Mamon/MockNFW40ellip0.5loga-2.08PA50center0.0_0.0With_background1num75.dat TNC          1.0e-04 0 1 1 0     NFW        0.0000  -0.0019     -2.579 0.263 180   3.51   -1.7       -525.7719       -1029.655    85   0.0000  -0.0019     -0.920 0.088 171   0.51    0.349
2018-05-16-13:54:37 1.15  Mocks_Mamon/MockNFW40ellip0.5loga-2.08PA50center0.0_0.0With_background1num76.dat TNC          1.0e-04 0 1 1 0     NFW      359.9991  -0.0002     -0.971 0.000 148   0.48  105.0       -454.0474       -886.2226    47 359.9991  -0.0002     -0.887 0.070 149   0.46    0.196
2018-05-16-13:54:37 1.15  Mocks_Mamon/MockNFW40ellip0.5loga-2.08PA50center0.0_0.0With_background1num77.dat TNC          1.0e-04 0 1 1 0     NFW      359.9997  -0.0004     -2.473 0.568  49   3.44   -1.6       -452.0396       -882.1567   146 359.9997  -0.0004     -0.901 0.102  33   0.44    0.595
2018-05-16-13:54:37 1.15  Mocks_Mamon/MockNFW40ellip0.5loga-2.08PA50center0.0_0.0With_background1num78.dat TNC          1.0e-04 0 1 1 0     NFW        0.0072  -0.0010     -2.556 0.800 101   3.54   -2.0       -637.8089       -1253.695   127   0.0072  -0.0010     -0.946 0.054 140   0.54    0.527
2018-05-16-13:54:37 1.15  Mocks_Mamon/MockNFW40ellip0.5loga-2.08PA50center0.0_0.0With_background1num79.dat TNC          1.0e-04 0 1 1 0     NFW      359.9994  -0.0005     -0.972 0.000 156   0.54  109.5       -484.1617       -946.4344    49 359.9994  -0.0005     -0.949 0.086 156   0.48    0.205
2018-05-16-13:54:37 1.15  Mocks_Mamon/MockNFW40ellip0.5loga-2.08PA50center0.0_0.0With_background1num80.dat TNC          1.0e-04 0 1 1 0     NFW      360.0000  -0.0000     -0.972 0.000  14   0.53  117.8       -529.9074       -1037.892    40 360.0000  -0.0000     -0.942 0.115  14   0.52    0.168
2018-05-16-13:54:37 1.15  Mocks_Mamon/MockNFW40ellip0.5loga-2.08PA50center0.0_0.0With_background1num81.dat TNC          1.0e-04 0 1 1 0     NFW        0.0000  -0.0003     -0.971 0.000  28   0.51  111.8       -490.1517       -958.4142    48   0.0000  -0.0003     -0.925 0.094  33   0.49    0.199
2018-05-16-13:54:37 1.15  Mocks_Mamon/MockNFW40ellip0.5loga-2.08PA50center0.0_0.0With_background1num82.dat TNC          1.0e-04 0 1 1 0     NFW        0.0001   0.0002     -0.972 0.060  40   0.59  114.8        -523.752       -1025.581    61   0.0001   0.0002     -0.929 0.059  33   0.50    0.251
2018-05-16-13:54:37 1.15  Mocks_Mamon/MockNFW40ellip0.5loga-2.08PA50center0.0_0.0With_background1num83.dat TNC          1.0e-04 0 1 1 0     NFW        0.0014  -0.0001     -0.968 0.045 149   3.33   17.4       -486.6514       -951.4306    30   0.0014  -0.0001     -0.931 0.049 150   0.48    0.126
2018-05-16-13:54:37 1.15  Mocks_Mamon/MockNFW40ellip0.5loga-2.08PA50center0.0_0.0With_background1num84.dat TNC          1.0e-04 0 1 1 0     NFW      359.9999   0.0001     -2.340 0.502  78   3.47   -1.7        -497.321       -972.7361   353 359.9999   0.0001     -0.953 0.085  28   0.48    1.419
2018-05-16-13:54:37 1.15  Mocks_Mamon/MockNFW40ellip0.5loga-2.08PA50center0.0_0.0With_background1num85.dat TNC          1.0e-04 0 1 1 0     NFW        0.0004  -0.0020     -0.970 0.058 142   3.37    5.1       -462.8338       -903.7617    28   0.0004  -0.0020     -0.913 0.069 142   0.46    0.117
2018-05-16-13:54:37 1.15  Mocks_Mamon/MockNFW40ellip0.5loga-2.08PA50center0.0_0.0With_background1num86.dat TNC          1.0e-04 0 1 1 0     NFW      359.9943   0.0000     -2.558 0.800  87   3.52   -1.7       -618.3892       -1214.873   251 359.9943   0.0000     -0.930 0.074  14   0.52    1.021
2018-05-16-13:54:37 1.15  Mocks_Mamon/MockNFW40ellip0.5loga-2.08PA50center0.0_0.0With_background1num87.dat TNC          1.0e-04 0 1 1 0     NFW        0.0004  -0.0027     -2.575 0.521  18   3.47   -0.4       -580.9361        -1139.95    88   0.0004  -0.0027     -0.920 0.065  20   0.52    0.358
2018-05-16-13:54:37 1.15  Mocks_Mamon/MockNFW40ellip0.5loga-2.08PA50center0.0_0.0With_background1num88.dat TNC          1.0e-04 0 1 1 0     NFW      359.9980  -0.0002     -0.967 0.000 157   0.61  115.5       -514.1615       -1006.434    48 359.9980  -0.0002     -0.960 0.127 157   0.50    0.201
2018-05-16-13:54:37 1.15  Mocks_Mamon/MockNFW40ellip0.5loga-2.08PA50center0.0_0.0With_background1num89.dat TNC          1.0e-04 0 1 1 0     NFW        0.0000   0.0040     -1.054 0.000 137   0.57   98.6       -570.4723       -1119.005    47   0.0000   0.0040     -0.931 0.039 137   0.53    0.198
2018-05-16-13:54:37 1.15  Mocks_Mamon/MockNFW40ellip0.5loga-2.08PA50center0.0_0.0With_background1num90.dat TNC          1.0e-04 0 1 1 0     NFW        0.0001  -0.0041     -2.563 0.757 176   3.54   -1.9       -633.7885       -1245.688   133   0.0001  -0.0041     -0.933 0.079 156   0.54    0.547
2018-05-16-13:54:37 1.15  Mocks_Mamon/MockNFW40ellip0.5loga-2.08PA50center0.0_0.0With_background1num91.dat TNC          1.0e-04 0 1 1 0     NFW        0.0007  -0.0024     -2.574 0.527 180   3.51   -1.7       -535.7236       -1049.541   129   0.0007  -0.0024     -0.949 0.140 164   0.51    0.529
2018-05-16-13:54:37 1.15  Mocks_Mamon/MockNFW40ellip0.5loga-2.08PA50center0.0_0.0With_background1num92.dat TNC          1.0e-04 0 1 1 0     NFW      359.9988  -0.0002     -0.970 0.020  29   3.38   13.1       -514.4661       -1007.077    30 359.9988  -0.0002     -0.926 0.043  29   0.50    0.126
2018-05-16-13:54:37 1.15  Mocks_Mamon/MockNFW40ellip0.5loga-2.08PA50center0.0_0.0With_background1num93.dat TNC          1.0e-04 0 1 1 0     NFW      359.9930  -0.0028     -0.949 0.000   7   0.59  142.0       -626.3538       -1230.785    37 359.9930  -0.0028     -0.955 0.021   8   0.55    0.159
2018-05-16-13:54:37 1.15  Mocks_Mamon/MockNFW40ellip0.5loga-2.08PA50center0.0_0.0With_background1num94.dat TNC          1.0e-04 0 1 1 0     NFW      359.9989   0.0006     -0.990 0.272 169   3.13   51.6       -503.2774       -984.6657    85 359.9989   0.0006     -0.953 0.068 169   0.49    0.348
2018-05-16-13:54:37 1.15  Mocks_Mamon/MockNFW40ellip0.5loga-2.08PA50center0.0_0.0With_background1num95.dat TNC          1.0e-04 0 1 1 0     NFW        0.0044   0.0000     -0.997 0.430  93   2.88   87.9       -601.9393       -1181.956    84   0.0044   0.0000     -0.975 0.142  26   0.54    0.351
2018-05-16-13:54:37 1.15  Mocks_Mamon/MockNFW40ellip0.5loga-2.08PA50center0.0_0.0With_background1num96.dat TNC          1.0e-04 0 1 1 0     NFW        0.0017   0.0002     -2.345 0.000  97   3.51   -2.2        -542.086       -1062.249   124   0.0017   0.0002     -0.962 0.068  42   0.51    0.519
2018-05-16-13:54:37 1.15  Mocks_Mamon/MockNFW40ellip0.5loga-2.08PA50center0.0_0.0With_background1num97.dat TNC          1.0e-04 0 1 1 0     NFW        0.0037  -0.0003     -1.213 0.000  20   0.80   65.9       -570.4634       -1119.021    54   0.0037  -0.0003     -0.941 0.105  12   0.52    0.228
2018-05-16-13:54:37 1.15  Mocks_Mamon/MockNFW40ellip0.5loga-2.08PA50center0.0_0.0With_background1num98.dat TNC          1.0e-04 0 1 1 0     NFW      359.9991  -0.0003     -2.542 0.459  18   3.50   -1.7       -515.8965       -1009.854   152 359.9991  -0.0003     -0.938 0.075  14   0.50    0.614
2018-05-16-13:54:37 1.15  Mocks_Mamon/MockNFW40ellip0.5loga-2.08PA50center0.0_0.0With_background1num99.dat TNC          1.0e-04 0 1 1 0     NFW        0.0001   0.0005     -0.974 0.183 162   2.89   82.3       -525.1162       -1028.343    32   0.0001   0.0005     -0.963 0.183 162   0.51    0.137
