2018-05-16-13:51:10 1.15  Mocks_Mamon/MockNFW640ellip0.5loga-2.08PA50center0.0_0.0With_background1num0.dat TNC          1.0e-04 0 1 1 0     NFW        0.0000   0.0000     -2.391 0.453  45   0.98   34.0       -1984.343       -3941.973    55   0.0000   0.0000     -1.639 0.094  40   0.98    0.255
2018-05-16-13:51:10 1.15  Mocks_Mamon/MockNFW640ellip0.5loga-2.08PA50center0.0_0.0With_background1num1.dat TNC          1.0e-04 0 1 1 0     NFW        0.0001  -0.0000     -2.575 0.476  46   3.47   21.4       -2149.753       -4272.733    73   0.0001  -0.0000     -1.671 0.169  43   1.01    0.344
2018-05-16-13:51:10 1.15  Mocks_Mamon/MockNFW640ellip0.5loga-2.08PA50center0.0_0.0With_background1num2.dat TNC          1.0e-04 0 1 1 0     NFW        0.0000   0.0000     -2.574 0.490  41   3.53   18.7       -2063.464       -4100.175    96   0.0000   0.0000     -1.667 0.141  42   1.00    0.448
2018-05-16-13:51:10 1.15  Mocks_Mamon/MockNFW640ellip0.5loga-2.08PA50center0.0_0.0With_background1num3.dat TNC          1.0e-04 0 1 1 0     NFW        0.0000  -0.0000     -2.574 0.558  51   3.44   18.7       -1967.433       -3908.138   169   0.0000  -0.0000     -1.792 0.080  23   0.96    0.773
2018-05-16-13:51:10 1.15  Mocks_Mamon/MockNFW640ellip0.5loga-2.08PA50center0.0_0.0With_background1num4.dat TNC          1.0e-04 0 1 1 0     NFW        0.0001   0.0001     -2.575 0.426  39   3.38   22.0        -2057.48       -4088.182    98   0.0001   0.0001     -1.690 0.154  38   1.00    0.460
2018-05-16-13:51:10 1.15  Mocks_Mamon/MockNFW640ellip0.5loga-2.08PA50center0.0_0.0With_background1num5.dat TNC          1.0e-04 0 1 1 0     NFW      360.0000   0.0000     -2.574 0.544  51   3.52   18.7       -2052.312       -4077.836   140 360.0000   0.0000     -1.688 0.154  36   0.99    0.650
2018-05-16-13:51:10 1.15  Mocks_Mamon/MockNFW640ellip0.5loga-2.08PA50center0.0_0.0With_background1num6.dat TNC          1.0e-04 0 1 1 0     NFW        0.0000   0.0000     -2.576 0.536  46   3.50   18.7       -2009.728       -3992.687   213   0.0000   0.0000     -1.684 0.154  33   0.99    0.983
2018-05-16-13:51:10 1.15  Mocks_Mamon/MockNFW640ellip0.5loga-2.08PA50center0.0_0.0With_background1num7.dat TNC          1.0e-04 0 1 1 0     NFW        0.0000   0.0000     -2.574 0.497  43   3.43   20.6       -2087.354        -4147.95    85   0.0000   0.0000     -1.722 0.090  43   0.99    0.397
2018-05-16-13:51:10 1.15  Mocks_Mamon/MockNFW640ellip0.5loga-2.08PA50center0.0_0.0With_background1num8.dat TNC          1.0e-04 0 1 1 0     NFW      360.0000   0.0001     -2.574 0.000 149   3.37   22.8       -2065.307       -4103.866    63 360.0000   0.0001     -1.619 0.188 140   1.00    0.300
2018-05-16-13:51:10 1.15  Mocks_Mamon/MockNFW640ellip0.5loga-2.08PA50center0.0_0.0With_background1num9.dat TNC          1.0e-04 0 1 1 0     NFW      360.0000  -0.0001     -2.575 0.567  43   3.51   21.9       -2278.907       -4531.027   210 360.0000  -0.0001     -1.645 0.128  44   1.04    1.053
2018-05-16-13:51:10 1.15  Mocks_Mamon/MockNFW640ellip0.5loga-2.08PA50center0.0_0.0With_background1num10.dat TNC          1.0e-04 0 1 1 0     NFW        0.0001  -0.0000     -2.574 0.000 146   1.04   30.2        -1998.32       -3969.892    59   0.0001  -0.0000     -1.695 0.110 142   0.99    0.281
2018-05-16-13:51:10 1.15  Mocks_Mamon/MockNFW640ellip0.5loga-2.08PA50center0.0_0.0With_background1num11.dat TNC          1.0e-04 0 1 1 0     NFW      360.0000   0.0000     -2.574 0.543  51   3.46   19.7       -2045.161       -4063.568   152 360.0000   0.0000     -1.782 0.131  42   0.99    0.703
2018-05-16-13:51:10 1.15  Mocks_Mamon/MockNFW640ellip0.5loga-2.08PA50center0.0_0.0With_background1num12.dat TNC          1.0e-04 0 1 1 0     NFW      360.0000  -0.0000     -2.575 0.000 158   1.07   29.5       -2025.519       -4024.255    41 360.0000  -0.0000     -1.709 0.032 157   0.98    0.194
2018-05-16-13:51:10 1.15  Mocks_Mamon/MockNFW640ellip0.5loga-2.08PA50center0.0_0.0With_background1num13.dat TNC          1.0e-04 0 1 1 0     NFW        0.0001   0.0000     -2.575 0.000 146   0.96   30.0       -1997.789        -3968.81    59   0.0001   0.0000     -1.757 0.069 148   0.99    0.276
2018-05-16-13:51:10 1.15  Mocks_Mamon/MockNFW640ellip0.5loga-2.08PA50center0.0_0.0With_background1num14.dat TNC          1.0e-04 0 1 1 0     NFW        0.0001   0.0001     -2.575 0.542  50   3.39   21.0       -2085.225       -4143.721    85   0.0001   0.0001     -1.781 0.090  43   0.99    0.396
2018-05-16-13:51:10 1.15  Mocks_Mamon/MockNFW640ellip0.5loga-2.08PA50center0.0_0.0With_background1num15.dat TNC          1.0e-04 0 1 1 0     NFW      359.9999   0.0001     -2.511 0.000 164   1.08   33.8       -2133.748       -4240.742    48 359.9999   0.0001     -1.697 0.020 161   1.02    0.234
2018-05-16-13:51:10 1.15  Mocks_Mamon/MockNFW640ellip0.5loga-2.08PA50center0.0_0.0With_background1num16.dat TNC          1.0e-04 0 1 1 0     NFW        0.0000  -0.0001     -2.574 0.523  57   3.48   21.0       -2156.361       -4285.994   130   0.0000  -0.0001     -1.672 0.120  24   1.01    0.610
2018-05-16-13:51:10 1.15  Mocks_Mamon/MockNFW640ellip0.5loga-2.08PA50center0.0_0.0With_background1num17.dat TNC          1.0e-04 0 1 1 0     NFW        0.0000  -0.0001     -2.575 0.000 176   1.54   30.3       -2019.028       -4011.312    52   0.0000  -0.0001     -1.706 0.108 160   0.99    0.248
2018-05-16-13:51:10 1.15  Mocks_Mamon/MockNFW640ellip0.5loga-2.08PA50center0.0_0.0With_background1num18.dat TNC          1.0e-04 0 1 1 0     NFW      360.0000  -0.0000     -2.575 0.537  56   3.44   20.2       -2057.903       -4089.037   101 360.0000  -0.0000     -1.743 0.185  29   0.99    0.469
2018-05-16-13:51:10 1.15  Mocks_Mamon/MockNFW640ellip0.5loga-2.08PA50center0.0_0.0With_background1num19.dat TNC          1.0e-04 0 1 1 0     NFW      360.0000  -0.0000     -2.575 0.578  56   3.50   18.2       -1983.023       -3939.308   133 360.0000  -0.0000     -1.637 0.069  37   0.98    0.614
2018-05-16-13:51:10 1.15  Mocks_Mamon/MockNFW640ellip0.5loga-2.08PA50center0.0_0.0With_background1num20.dat TNC          1.0e-04 0 1 1 0     NFW        0.0000   0.0000     -2.567 0.479  28   3.47   18.7       -1955.252       -3883.771   241   0.0000   0.0000     -1.761 0.094  28   0.97    1.112
2018-05-16-13:51:10 1.15  Mocks_Mamon/MockNFW640ellip0.5loga-2.08PA50center0.0_0.0With_background1num21.dat TNC          1.0e-04 0 1 1 0     NFW      359.9999  -0.0001     -2.566 0.000 141   1.45   31.5       -2037.435       -4048.122    53 359.9999  -0.0001     -1.657 0.117 141   1.01    0.253
2018-05-16-13:51:10 1.15  Mocks_Mamon/MockNFW640ellip0.5loga-2.08PA50center0.0_0.0With_background1num22.dat TNC          1.0e-04 0 1 1 0     NFW        0.0001   0.0001     -2.574 0.539  50   3.46   18.8         -1972.7       -3918.636   145   0.0001   0.0001     -1.714 0.147  31   0.97    0.671
2018-05-16-13:51:10 1.15  Mocks_Mamon/MockNFW640ellip0.5loga-2.08PA50center0.0_0.0With_background1num23.dat TNC          1.0e-04 0 1 1 0     NFW      359.9999  -0.0002     -2.575 0.518  51   3.38   23.0         -2212.1       -4397.471   109 359.9999  -0.0002     -1.716 0.161  39   1.01    0.511
2018-05-16-13:51:10 1.15  Mocks_Mamon/MockNFW640ellip0.5loga-2.08PA50center0.0_0.0With_background1num24.dat TNC          1.0e-04 0 1 1 0     NFW      359.9999   0.0000     -2.576 0.541  49   3.39   20.4       -1974.714       -3922.684   271 359.9999   0.0000     -1.756 0.148  34   0.98    1.242
2018-05-16-13:51:10 1.15  Mocks_Mamon/MockNFW640ellip0.5loga-2.08PA50center0.0_0.0With_background1num25.dat TNC          1.0e-04 0 1 1 0     NFW        0.0000  -0.0001     -2.575 0.586  48   3.53   17.7       -1998.075       -3969.441    99   0.0000  -0.0001     -1.718 0.139  43   0.99    0.461
2018-05-16-13:51:10 1.15  Mocks_Mamon/MockNFW640ellip0.5loga-2.08PA50center0.0_0.0With_background1num26.dat TNC          1.0e-04 0 1 1 0     NFW        0.0000   0.0000     -2.574 0.000 138   0.98   29.6       -1978.439       -3930.105    38   0.0000   0.0000     -1.797 0.078 139   0.98    0.180
2018-05-16-13:51:10 1.15  Mocks_Mamon/MockNFW640ellip0.5loga-2.08PA50center0.0_0.0With_background1num27.dat TNC          1.0e-04 0 1 1 0     NFW        0.0000  -0.0000     -2.574 0.000 134   1.01   32.0       -2126.213       -4225.668    35   0.0000  -0.0000     -1.738 0.093 135   1.01    0.170
2018-05-16-13:51:10 1.15  Mocks_Mamon/MockNFW640ellip0.5loga-2.08PA50center0.0_0.0With_background1num28.dat TNC          1.0e-04 0 1 1 0     NFW      360.0000  -0.0000     -2.574 0.428  33   3.43   19.9       -1987.013       -3947.277    71 360.0000  -0.0000     -1.653 0.169  32   0.98    0.331
2018-05-16-13:51:10 1.15  Mocks_Mamon/MockNFW640ellip0.5loga-2.08PA50center0.0_0.0With_background1num29.dat TNC          1.0e-04 0 1 1 0     NFW      360.0000  -0.0000     -2.534 0.254  28   1.12   31.9       -2086.545       -4146.278    84 360.0000  -0.0000     -1.671 0.154  27   1.00    0.393
2018-05-16-13:51:10 1.15  Mocks_Mamon/MockNFW640ellip0.5loga-2.08PA50center0.0_0.0With_background1num30.dat TNC          1.0e-04 0 1 1 0     NFW      360.0000  -0.0000     -2.420 0.000 137   3.18   28.1       -2022.502       -4018.241    64 360.0000  -0.0000     -1.719 0.026 137   0.99    0.302
2018-05-16-13:51:10 1.15  Mocks_Mamon/MockNFW640ellip0.5loga-2.08PA50center0.0_0.0With_background1num31.dat TNC          1.0e-04 0 1 1 0     NFW        0.0000   0.0000     -2.468 0.000 157   0.99   32.9       -1994.706       -3962.649    52   0.0000   0.0000     -1.708 0.071 158   0.99    0.246
2018-05-16-13:51:10 1.15  Mocks_Mamon/MockNFW640ellip0.5loga-2.08PA50center0.0_0.0With_background1num32.dat TNC          1.0e-04 0 1 1 0     NFW        0.0000   0.0000     -2.574 0.512  44   3.34   23.2         -2139.5       -4252.212   244   0.0000   0.0000     -1.739 0.190  44   1.00    1.136
2018-05-16-13:51:10 1.15  Mocks_Mamon/MockNFW640ellip0.5loga-2.08PA50center0.0_0.0With_background1num33.dat TNC          1.0e-04 0 1 1 0     NFW      360.0000  -0.0000     -2.576 0.000 134   3.36   20.9        -1946.27       -3865.758    60 360.0000  -0.0000     -1.801 0.201 141   0.97    0.283
2018-05-16-13:51:10 1.15  Mocks_Mamon/MockNFW640ellip0.5loga-2.08PA50center0.0_0.0With_background1num34.dat TNC          1.0e-04 0 1 1 0     NFW        0.0001   0.0001     -2.547 0.000 171   1.03   32.0       -2049.975       -4073.197    59   0.0001   0.0001     -1.699 0.151 146   1.01    0.282
2018-05-16-13:51:10 1.15  Mocks_Mamon/MockNFW640ellip0.5loga-2.08PA50center0.0_0.0With_background1num35.dat TNC          1.0e-04 0 1 1 0     NFW        0.0000   0.0001     -2.576 0.543  56   3.53   17.7       -1950.789        -3874.85   194   0.0000   0.0001     -1.664 0.227  25   0.99    0.890
2018-05-16-13:51:10 1.15  Mocks_Mamon/MockNFW640ellip0.5loga-2.08PA50center0.0_0.0With_background1num36.dat TNC          1.0e-04 0 1 1 0     NFW        0.0000  -0.0000     -2.574 0.478  50   3.43   20.4       -2039.433       -4052.147   171   0.0000  -0.0000     -1.731 0.068  45   0.99    0.791
2018-05-16-13:51:10 1.15  Mocks_Mamon/MockNFW640ellip0.5loga-2.08PA50center0.0_0.0With_background1num37.dat TNC          1.0e-04 0 1 1 0     NFW      359.9999   0.0000     -2.558 0.509  42   3.51   18.8       -2021.813       -4016.878    87 359.9999   0.0000     -1.754 0.141  43   0.99    0.405
2018-05-16-13:51:10 1.15  Mocks_Mamon/MockNFW640ellip0.5loga-2.08PA50center0.0_0.0With_background1num38.dat TNC          1.0e-04 0 1 1 0     NFW        0.0001  -0.0000     -2.384 0.492  51   1.12   34.9       -2011.388       -3996.002    48   0.0001  -0.0000     -1.699 0.208  35   0.98    0.226
2018-05-16-13:51:10 1.15  Mocks_Mamon/MockNFW640ellip0.5loga-2.08PA50center0.0_0.0With_background1num39.dat TNC          1.0e-04 0 1 1 0     NFW      360.0000   0.0000     -2.575 0.536  55   3.45   21.6       -2131.779         -4236.8   225 360.0000   0.0000     -1.631 0.170  26   1.01    1.046
2018-05-16-13:51:10 1.15  Mocks_Mamon/MockNFW640ellip0.5loga-2.08PA50center0.0_0.0With_background1num40.dat TNC          1.0e-04 0 1 1 0     NFW        0.0000  -0.0001     -2.574 0.488  33   3.40   23.2       -2204.857       -4382.975   136   0.0000  -0.0001     -1.646 0.172  32   1.02    0.640
2018-05-16-13:51:10 1.15  Mocks_Mamon/MockNFW640ellip0.5loga-2.08PA50center0.0_0.0With_background1num41.dat TNC          1.0e-04 0 1 1 0     NFW      360.0000  -0.0000     -2.575 0.572  49   3.34   23.0       -2142.397        -4258.04   164 360.0000  -0.0000     -1.745 0.141  41   1.00    0.760
2018-05-16-13:51:10 1.15  Mocks_Mamon/MockNFW640ellip0.5loga-2.08PA50center0.0_0.0With_background1num42.dat TNC          1.0e-04 0 1 1 0     NFW      360.0000  -0.0002     -2.575 0.000 139   1.01   32.0       -2122.532       -4218.326    44 360.0000  -0.0002     -1.749 0.116 135   1.01    0.211
2018-05-16-13:51:10 1.15  Mocks_Mamon/MockNFW640ellip0.5loga-2.08PA50center0.0_0.0With_background1num43.dat TNC          1.0e-04 0 1 1 0     NFW      360.0000   0.0000     -2.575 0.567  49   3.46   20.5       -2092.473       -4158.218   200 360.0000   0.0000     -1.671 0.192  42   1.00    0.928
2018-05-16-13:51:10 1.15  Mocks_Mamon/MockNFW640ellip0.5loga-2.08PA50center0.0_0.0With_background1num44.dat TNC          1.0e-04 0 1 1 0     NFW        0.0001  -0.0000     -2.477 0.570  49   3.39   21.6       -1968.461       -3910.198   178   0.0001  -0.0000     -1.737 0.143  40   0.97    0.821
2018-05-16-13:51:10 1.15  Mocks_Mamon/MockNFW640ellip0.5loga-2.08PA50center0.0_0.0With_background1num45.dat TNC          1.0e-04 0 1 1 0     NFW        0.0000   0.0000     -2.574 0.145 180   3.43   21.2       -2062.101       -4097.453    93   0.0000   0.0000     -1.727 0.200 148   1.00    0.438
2018-05-16-13:51:10 1.15  Mocks_Mamon/MockNFW640ellip0.5loga-2.08PA50center0.0_0.0With_background1num46.dat TNC          1.0e-04 0 1 1 0     NFW      359.9999  -0.0000     -2.393 0.289  28   1.02   36.1       -2066.046       -4105.299    99 359.9999  -0.0000     -1.697 0.185  28   1.00    0.498
2018-05-16-13:51:10 1.15  Mocks_Mamon/MockNFW640ellip0.5loga-2.08PA50center0.0_0.0With_background1num47.dat TNC          1.0e-04 0 1 1 0     NFW      360.0000   0.0000     -2.574 0.000 151   1.05   29.9       -2026.637       -4026.551    51 360.0000   0.0000     -1.814 0.127 144   0.98    0.240
2018-05-16-13:51:10 1.15  Mocks_Mamon/MockNFW640ellip0.5loga-2.08PA50center0.0_0.0With_background1num48.dat TNC          1.0e-04 0 1 1 0     NFW      360.0000   0.0000     -2.417 0.407  52   3.44   23.1       -2002.337       -3977.951   102 360.0000   0.0000     -1.754 0.192  37   0.99    0.475
2018-05-16-13:51:10 1.15  Mocks_Mamon/MockNFW640ellip0.5loga-2.08PA50center0.0_0.0With_background1num49.dat TNC          1.0e-04 0 1 1 0     NFW        0.0000  -0.0000     -2.577 0.563  55   3.46   19.0       -2016.427       -4006.145   355   0.0000  -0.0000     -1.805 0.201  22   0.98    1.625
2018-05-16-13:51:10 1.15  Mocks_Mamon/MockNFW640ellip0.5loga-2.08PA50center0.0_0.0With_background1num50.dat TNC          1.0e-04 0 1 1 0     NFW      360.0000   0.0000     -2.575 0.000   0   3.42   20.9       -2033.505       -4040.287    50 360.0000   0.0000     -1.769 0.155 138   0.99    0.244
2018-05-16-13:51:10 1.15  Mocks_Mamon/MockNFW640ellip0.5loga-2.08PA50center0.0_0.0With_background1num51.dat TNC          1.0e-04 0 1 1 0     NFW        0.0001   0.0001     -2.292 0.000 146   0.95   35.7       -1899.842       -3772.911    43   0.0001   0.0001     -1.786 0.101 144   0.96    0.203
2018-05-16-13:51:10 1.15  Mocks_Mamon/MockNFW640ellip0.5loga-2.08PA50center0.0_0.0With_background1num52.dat TNC          1.0e-04 0 1 1 0     NFW        0.0000   0.0000     -2.540 0.485  38   3.52   18.6        -2013.97       -4001.171   158   0.0000   0.0000     -1.714 0.011  40   0.99    0.734
2018-05-16-13:51:10 1.15  Mocks_Mamon/MockNFW640ellip0.5loga-2.08PA50center0.0_0.0With_background1num53.dat TNC          1.0e-04 0 1 1 0     NFW        0.0000   0.0000     -2.575 0.499  50   3.39   23.0       -2177.613       -4328.427   147   0.0000   0.0000     -1.691 0.171  25   1.01    0.687
2018-05-16-13:51:10 1.15  Mocks_Mamon/MockNFW640ellip0.5loga-2.08PA50center0.0_0.0With_background1num54.dat TNC          1.0e-04 0 1 1 0     NFW      360.0000  -0.0001     -2.426 0.000 138   1.00   35.1       -2001.754       -3976.755    55 360.0000  -0.0001     -1.634 0.126 139   1.00    0.263
2018-05-16-13:51:10 1.15  Mocks_Mamon/MockNFW640ellip0.5loga-2.08PA50center0.0_0.0With_background1num55.dat TNC          1.0e-04 0 1 1 0     NFW        0.0000  -0.0000     -2.386 0.410  56   0.99   34.5       -1977.996       -3929.228    43   0.0000  -0.0000     -1.687 0.161  28   0.98    0.202
2018-05-16-13:51:10 1.15  Mocks_Mamon/MockNFW640ellip0.5loga-2.08PA50center0.0_0.0With_background1num56.dat TNC          1.0e-04 0 1 1 0     NFW        0.0000  -0.0000     -2.574 0.557  54   3.43   20.0       -1993.055       -3959.402   137   0.0000  -0.0000     -1.625 0.144  32   0.98    0.631
2018-05-16-13:51:10 1.15  Mocks_Mamon/MockNFW640ellip0.5loga-2.08PA50center0.0_0.0With_background1num57.dat TNC          1.0e-04 0 1 1 0     NFW        0.0001  -0.0000     -2.534 0.480  43   1.07   31.0       -2032.734        -4038.74   107   0.0001  -0.0000     -1.763 0.211  43   0.99    0.499
2018-05-16-13:51:10 1.15  Mocks_Mamon/MockNFW640ellip0.5loga-2.08PA50center0.0_0.0With_background1num58.dat TNC          1.0e-04 0 1 1 0     NFW      360.0000  -0.0000     -2.575 0.551  49   3.44   20.3       -2051.548       -4076.349   147 360.0000  -0.0000     -1.701 0.141  42   0.99    0.681
2018-05-16-13:51:10 1.15  Mocks_Mamon/MockNFW640ellip0.5loga-2.08PA50center0.0_0.0With_background1num59.dat TNC          1.0e-04 0 1 1 0     NFW      359.9999   0.0000     -2.465 0.000 146   1.01   33.9       -1969.346       -3912.024    47 359.9999   0.0000     -1.634 0.147 144   1.00    0.225
2018-05-16-13:51:10 1.15  Mocks_Mamon/MockNFW640ellip0.5loga-2.08PA50center0.0_0.0With_background1num60.dat TNC          1.0e-04 0 1 1 0     NFW        0.0000   0.0000     -2.574 0.521  53   3.38   20.2       -1991.149       -3955.575   109   0.0000   0.0000     -1.796 0.091  34   0.97    0.503
2018-05-16-13:51:10 1.15  Mocks_Mamon/MockNFW640ellip0.5loga-2.08PA50center0.0_0.0With_background1num61.dat TNC          1.0e-04 0 1 1 0     NFW        0.0001   0.0000     -2.576 0.551  45   3.45   19.2         -2017.5       -4008.267   117   0.0001   0.0000     -1.759 0.105  38   0.98    0.539
2018-05-16-13:51:10 1.15  Mocks_Mamon/MockNFW640ellip0.5loga-2.08PA50center0.0_0.0With_background1num62.dat TNC          1.0e-04 0 1 1 0     NFW        0.0000  -0.0000     -2.574 0.539  50   3.43   21.1       -2117.462       -4208.151   189   0.0000  -0.0000     -1.664 0.082  42   1.00    0.876
2018-05-16-13:51:10 1.15  Mocks_Mamon/MockNFW640ellip0.5loga-2.08PA50center0.0_0.0With_background1num63.dat TNC          1.0e-04 0 1 1 0     NFW        0.0000   0.0000     -2.332 0.482  42   1.56   38.0       -2108.934       -4191.094   128   0.0000   0.0000     -1.722 0.134  44   1.01    0.598
2018-05-16-13:51:10 1.15  Mocks_Mamon/MockNFW640ellip0.5loga-2.08PA50center0.0_0.0With_background1num64.dat TNC          1.0e-04 0 1 1 0     NFW        0.0000   0.0000     -2.561 0.441  58   0.21   31.0       -2072.314       -4117.835    52   0.0000   0.0000     -1.736 0.153  27   1.00    0.246
2018-05-16-13:51:10 1.15  Mocks_Mamon/MockNFW640ellip0.5loga-2.08PA50center0.0_0.0With_background1num65.dat TNC          1.0e-04 0 1 1 0     NFW      360.0000  -0.0000     -2.575 0.406  66   3.47   20.8        -2119.48       -4212.237   240 360.0000  -0.0000     -1.708 0.098  11   1.01    1.114
2018-05-16-13:51:10 1.15  Mocks_Mamon/MockNFW640ellip0.5loga-2.08PA50center0.0_0.0With_background1num66.dat TNC          1.0e-04 0 1 1 0     NFW      360.0000  -0.0000     -2.575 0.565  54   3.51   19.3       -2083.547       -4140.371   241 360.0000  -0.0000     -1.615 0.179  40   1.00    1.117
2018-05-16-13:51:10 1.15  Mocks_Mamon/MockNFW640ellip0.5loga-2.08PA50center0.0_0.0With_background1num67.dat TNC          1.0e-04 0 1 1 0     NFW      360.0000  -0.0000     -2.576 0.571  57   3.41   17.9       -1866.414       -3706.069   284 360.0000  -0.0000     -1.856 0.159  23   0.95    1.282
2018-05-16-13:51:10 1.15  Mocks_Mamon/MockNFW640ellip0.5loga-2.08PA50center0.0_0.0With_background1num68.dat TNC          1.0e-04 0 1 1 0     NFW      360.0000  -0.0000     -2.420 0.000 137   1.00   34.9       -1964.461       -3902.168    55 360.0000  -0.0000     -1.695 0.162 138   1.00    0.261
2018-05-16-13:51:10 1.15  Mocks_Mamon/MockNFW640ellip0.5loga-2.08PA50center0.0_0.0With_background1num69.dat TNC          1.0e-04 0 1 1 0     NFW        0.0000   0.0001     -2.576 0.512  70   3.47   18.5       -1958.318       -3889.902   119   0.0000   0.0001     -1.749 0.147  25   0.98    0.549
2018-05-16-13:51:10 1.15  Mocks_Mamon/MockNFW640ellip0.5loga-2.08PA50center0.0_0.0With_background1num70.dat TNC          1.0e-04 0 1 1 0     NFW      360.0000   0.0000     -2.575 0.000 140   2.56   29.5       -2049.606       -4072.509    51 360.0000   0.0000     -1.704 0.139 140   1.00    0.242
2018-05-16-13:51:10 1.15  Mocks_Mamon/MockNFW640ellip0.5loga-2.08PA50center0.0_0.0With_background1num71.dat TNC          1.0e-04 0 1 1 0     NFW        0.0000   0.0000     -2.575 0.000 138   3.35   22.9       -2081.816       -4136.893    60   0.0000   0.0000     -1.660 0.121 139   1.00    0.285
2018-05-16-13:51:10 1.15  Mocks_Mamon/MockNFW640ellip0.5loga-2.08PA50center0.0_0.0With_background1num72.dat TNC          1.0e-04 0 1 1 0     NFW        0.0001   0.0000     -2.575 0.000 139   3.31   23.0       -2067.352       -4107.926    55   0.0001   0.0000     -1.816 0.127 136   0.99    0.261
2018-05-16-13:51:10 1.15  Mocks_Mamon/MockNFW640ellip0.5loga-2.08PA50center0.0_0.0With_background1num73.dat TNC          1.0e-04 0 1 1 0     NFW      360.0000   0.0000     -2.575 0.532  62   3.51   18.7       -2012.593       -3998.473   162 360.0000   0.0000     -1.636 0.032  31   0.99    0.751
2018-05-16-13:51:10 1.15  Mocks_Mamon/MockNFW640ellip0.5loga-2.08PA50center0.0_0.0With_background1num74.dat TNC          1.0e-04 0 1 1 0     NFW        0.0000  -0.0000     -2.449 0.429  50   1.06   33.4       -2027.524        -4028.28    94   0.0000  -0.0000     -1.728 0.162  35   0.99    0.440
2018-05-16-13:51:10 1.15  Mocks_Mamon/MockNFW640ellip0.5loga-2.08PA50center0.0_0.0With_background1num75.dat TNC          1.0e-04 0 1 1 0     NFW      360.0000  -0.0000     -2.575 0.481  53   3.45   21.6       -2129.942       -4233.121   353 360.0000  -0.0000     -1.651 0.108  38   1.01    1.647
2018-05-16-13:51:10 1.15  Mocks_Mamon/MockNFW640ellip0.5loga-2.08PA50center0.0_0.0With_background1num76.dat TNC          1.0e-04 0 1 1 0     NFW      360.0000  -0.0001     -2.576 0.575  48   3.51   18.9         -2072.9       -4119.047    99 360.0000  -0.0001     -1.742 0.047  39   1.00    0.458
2018-05-16-13:51:10 1.15  Mocks_Mamon/MockNFW640ellip0.5loga-2.08PA50center0.0_0.0With_background1num77.dat TNC          1.0e-04 0 1 1 0     NFW        0.0000  -0.0000     -2.574 0.509  53   3.31   23.3       -2133.916        -4241.14   135   0.0000  -0.0000     -1.757 0.211  29   1.00    0.629
2018-05-16-13:51:10 1.15  Mocks_Mamon/MockNFW640ellip0.5loga-2.08PA50center0.0_0.0With_background1num78.dat TNC          1.0e-04 0 1 1 0     NFW      359.9999  -0.0001     -2.576 0.533  49   3.53   18.2       -1991.885       -3957.026   175 359.9999  -0.0001     -1.603 0.121  43   0.99    0.818
2018-05-16-13:51:10 1.15  Mocks_Mamon/MockNFW640ellip0.5loga-2.08PA50center0.0_0.0With_background1num79.dat TNC          1.0e-04 0 1 1 0     NFW      360.0000  -0.0000     -2.575 0.000 145   1.01   29.1       -1909.111       -3791.449    50 360.0000  -0.0000     -1.691 0.206 140   0.97    0.235
2018-05-16-13:51:10 1.15  Mocks_Mamon/MockNFW640ellip0.5loga-2.08PA50center0.0_0.0With_background1num80.dat TNC          1.0e-04 0 1 1 0     NFW      360.0000   0.0000     -2.576 0.000 135   0.99   30.6       -2012.155       -3997.546    49 360.0000   0.0000     -1.693 0.100 135   1.00    0.232
2018-05-16-13:51:10 1.15  Mocks_Mamon/MockNFW640ellip0.5loga-2.08PA50center0.0_0.0With_background1num81.dat TNC          1.0e-04 0 1 1 0     NFW      359.9999   0.0000     -2.575 0.579  53   3.36   22.1        -2126.97       -4227.187   160 359.9999   0.0000     -1.712 0.172  38   0.99    0.738
2018-05-16-13:51:10 1.15  Mocks_Mamon/MockNFW640ellip0.5loga-2.08PA50center0.0_0.0With_background1num82.dat TNC          1.0e-04 0 1 1 0     NFW      360.0000   0.0000     -2.576 0.489  49   3.45   19.8       -2021.399       -4016.044   101 360.0000   0.0000     -1.702 0.163  42   0.99    0.469
2018-05-16-13:51:10 1.15  Mocks_Mamon/MockNFW640ellip0.5loga-2.08PA50center0.0_0.0With_background1num83.dat TNC          1.0e-04 0 1 1 0     NFW      360.0000  -0.0000     -2.576 0.531  52   3.42   19.4       -1962.401       -3898.073    83 360.0000  -0.0000     -1.717 0.143  28   0.97    0.384
2018-05-16-13:51:10 1.15  Mocks_Mamon/MockNFW640ellip0.5loga-2.08PA50center0.0_0.0With_background1num84.dat TNC          1.0e-04 0 1 1 0     NFW      360.0000   0.0000     -2.575 0.502  51   3.41   19.0       -1933.751       -3840.748   173 360.0000   0.0000     -1.742 0.118  31   0.96    0.793
2018-05-16-13:51:10 1.15  Mocks_Mamon/MockNFW640ellip0.5loga-2.08PA50center0.0_0.0With_background1num85.dat TNC          1.0e-04 0 1 1 0     NFW      360.0000   0.0000     -2.574 0.261  21   3.44   20.6       -2030.063       -4033.318    63 360.0000   0.0000     -1.701 0.051  22   0.99    0.295
2018-05-16-13:51:10 1.15  Mocks_Mamon/MockNFW640ellip0.5loga-2.08PA50center0.0_0.0With_background1num86.dat TNC          1.0e-04 0 1 1 0     NFW      359.9999  -0.0001     -2.568 0.000 149   1.00   31.0       -2014.042        -4001.34    38 359.9999  -0.0001     -1.674 0.148 141   1.00    0.183
2018-05-16-13:51:10 1.15  Mocks_Mamon/MockNFW640ellip0.5loga-2.08PA50center0.0_0.0With_background1num87.dat TNC          1.0e-04 0 1 1 0     NFW      360.0000  -0.0000     -2.574 0.395  44   1.13   31.3       -2136.138       -4245.508    33 360.0000  -0.0000     -1.705 0.134  44   1.00    0.158
2018-05-16-13:51:10 1.15  Mocks_Mamon/MockNFW640ellip0.5loga-2.08PA50center0.0_0.0With_background1num88.dat TNC          1.0e-04 0 1 1 0     NFW        0.0000   0.0000     -2.474 0.000 138   1.02   34.7       -2073.322        -4119.85    55   0.0000   0.0000     -1.648 0.116 137   1.01    0.264
2018-05-16-13:51:10 1.15  Mocks_Mamon/MockNFW640ellip0.5loga-2.08PA50center0.0_0.0With_background1num89.dat TNC          1.0e-04 0 1 1 0     NFW      360.0000  -0.0000     -2.541 0.000 161   1.00   31.3       -2001.993       -3977.268    48 360.0000  -0.0000     -1.698 0.120 147   1.00    0.228
2018-05-16-13:51:10 1.15  Mocks_Mamon/MockNFW640ellip0.5loga-2.08PA50center0.0_0.0With_background1num90.dat TNC          1.0e-04 0 1 1 0     NFW        0.0000   0.0000     -2.574 0.497  57   3.39   21.3       -2031.204       -4035.704   181   0.0000   0.0000     -1.730 0.107  26   0.99    0.839
2018-05-16-13:51:10 1.15  Mocks_Mamon/MockNFW640ellip0.5loga-2.08PA50center0.0_0.0With_background1num91.dat TNC          1.0e-04 0 1 1 0     NFW      360.0000  -0.0000     -2.574 0.533  54   3.40   22.3       -2152.979       -4279.169    76 360.0000  -0.0000     -1.698 0.146  33   1.00    0.356
2018-05-16-13:51:10 1.15  Mocks_Mamon/MockNFW640ellip0.5loga-2.08PA50center0.0_0.0With_background1num92.dat TNC          1.0e-04 0 1 1 0     NFW        0.0001   0.0000     -2.575 0.554  53   3.44   19.3       -1981.404       -3936.095   101   0.0001   0.0000     -1.781 0.169  38   0.97    0.468
2018-05-16-13:51:10 1.15  Mocks_Mamon/MockNFW640ellip0.5loga-2.08PA50center0.0_0.0With_background1num93.dat TNC          1.0e-04 0 1 1 0     NFW      359.9999  -0.0001     -2.574 0.000 141   1.04   31.2       -2104.833       -4182.938    51 359.9999  -0.0001     -1.723 0.171 140   1.00    0.242
2018-05-16-13:51:10 1.15  Mocks_Mamon/MockNFW640ellip0.5loga-2.08PA50center0.0_0.0With_background1num94.dat TNC          1.0e-04 0 1 1 0     NFW      360.0000   0.0001     -2.574 0.496  53   3.47   19.7       -2038.539        -4050.28    82 360.0000   0.0001     -1.783 0.152  24   0.99    0.384
2018-05-16-13:51:10 1.15  Mocks_Mamon/MockNFW640ellip0.5loga-2.08PA50center0.0_0.0With_background1num95.dat TNC          1.0e-04 0 1 1 0     NFW      360.0000   0.0000     -2.575 0.508  39   3.34   23.7       -2153.106       -4279.468   148 360.0000   0.0000     -1.628 0.191  40   1.01    0.693
2018-05-16-13:51:10 1.15  Mocks_Mamon/MockNFW640ellip0.5loga-2.08PA50center0.0_0.0With_background1num96.dat TNC          1.0e-04 0 1 1 0     NFW      360.0000  -0.0000     -2.575 0.464  52   3.44   18.7       -1907.443       -3788.153   188 360.0000  -0.0000     -1.703 0.114  18   0.96    0.860
2018-05-16-13:51:10 1.15  Mocks_Mamon/MockNFW640ellip0.5loga-2.08PA50center0.0_0.0With_background1num97.dat TNC          1.0e-04 0 1 1 0     NFW      360.0000  -0.0000     -2.575 0.000 143   0.99   31.5       -2091.082       -4155.401    38 360.0000  -0.0000     -1.606 0.140 141   1.01    0.184
2018-05-16-13:51:10 1.15  Mocks_Mamon/MockNFW640ellip0.5loga-2.08PA50center0.0_0.0With_background1num98.dat TNC          1.0e-04 0 1 1 0     NFW        0.0001   0.0000     -2.575 0.433  50   3.39   22.0       -2106.576       -4186.449    57   0.0001   0.0000     -1.658 0.129  14   1.00    0.268
2018-05-16-13:51:10 1.15  Mocks_Mamon/MockNFW640ellip0.5loga-2.08PA50center0.0_0.0With_background1num99.dat TNC          1.0e-04 0 1 1 0     NFW      360.0000   0.0000     -2.574 0.437  56   3.29   24.4       -2166.519        -4306.25    83 360.0000   0.0000     -1.641 0.142  28   1.01    0.388
