2018-05-16-13:50:46 1.15  Mocks_Mamon/MockNFW80ellip0.5loga-2.08PA50center0.0_0.0With_background1num0.dat BFGS         1.0e-04 0 1 1 0     NFW      360.0000   0.0003     -1.007 0.109 165   0.57  120.7        -605.539       -1188.611   820 360.0000   0.0003     -1.007 0.109 165   0.57    0.267
2018-05-16-13:50:46 1.15  Mocks_Mamon/MockNFW80ellip0.5loga-2.08PA50center0.0_0.0With_background1num1.dat BFGS         1.0e-04 0 1 1 0     NFW      359.9999  -0.0004     -0.950 0.116 139   0.55  134.7           1E+30           2E+30     8 359.9999  -0.0004     -0.950 0.116 139   0.55    0.000
2018-05-16-13:50:46 1.15  Mocks_Mamon/MockNFW80ellip0.5loga-2.08PA50center0.0_0.0With_background1num2.dat BFGS         1.0e-04 0 1 1 0     NFW        0.0003   0.0002     -0.991 0.062   9   0.58  130.0       -621.5904       -1220.685   820   0.0003   0.0002     -0.991 0.062   9   0.58    0.269
2018-05-16-13:50:46 1.15  Mocks_Mamon/MockNFW80ellip0.5loga-2.08PA50center0.0_0.0With_background1num3.dat BFGS         1.0e-04 0 1 1 0     NFW      359.9987  -0.0001     -0.974 0.098 159   0.58  137.6       -633.0305       -1243.565   820 359.9987  -0.0001     -0.974 0.098 159   0.58    0.269
2018-05-16-13:50:46 1.15  Mocks_Mamon/MockNFW80ellip0.5loga-2.08PA50center0.0_0.0With_background1num4.dat BFGS         1.0e-04 0 1 1 0     NFW      359.9996   0.0001     -0.987 0.073  38   0.58  131.6       -627.2024       -1231.894   820 359.9996   0.0001     -0.987 0.073  38   0.58    0.268
2018-05-16-13:50:46 1.15  Mocks_Mamon/MockNFW80ellip0.5loga-2.08PA50center0.0_0.0With_background1num5.dat BFGS         1.0e-04 0 1 1 0     NFW        0.0001   0.0001     -0.943 0.094 167   0.54  134.2           1E+30           2E+30     8   0.0001   0.0001     -0.943 0.094 167   0.54    0.000
2018-05-16-13:50:46 1.15  Mocks_Mamon/MockNFW80ellip0.5loga-2.08PA50center0.0_0.0With_background1num6.dat BFGS         1.0e-04 0 1 1 0     NFW        0.0003   0.0002     -0.987 0.046  23   0.55  121.7       -580.4461       -1138.411   820   0.0003   0.0002     -0.987 0.046  23   0.55    0.266
2018-05-16-13:50:46 1.15  Mocks_Mamon/MockNFW80ellip0.5loga-2.08PA50center0.0_0.0With_background1num7.dat BFGS         1.0e-04 0 1 1 0     NFW        0.0000  -0.0000     -0.963 0.046  20   0.53  125.6           1E+30           2E+30     8   0.0000  -0.0000     -0.963 0.046  20   0.53    0.000
2018-05-16-13:50:46 1.15  Mocks_Mamon/MockNFW80ellip0.5loga-2.08PA50center0.0_0.0With_background1num8.dat BFGS         1.0e-04 0 1 1 0     NFW      359.9995   0.0001     -0.998 0.015 153   0.53  112.3       -555.7273       -1088.973   820 359.9995   0.0001     -0.998 0.015 153   0.53    0.265
2018-05-16-13:50:46 1.15  Mocks_Mamon/MockNFW80ellip0.5loga-2.08PA50center0.0_0.0With_background1num9.dat BFGS         1.0e-04 0 1 1 0     NFW        0.0001   0.0002     -0.946 0.150  41   0.56  138.5           1E+30           2E+30     8   0.0001   0.0002     -0.946 0.150  41   0.56    0.000
2018-05-16-13:50:46 1.15  Mocks_Mamon/MockNFW80ellip0.5loga-2.08PA50center0.0_0.0With_background1num10.dat BFGS         1.0e-04 0 1 1 0     NFW      359.9999   0.0010     -1.003 0.062   2   0.59  129.9       -663.3659       -1304.207   820 359.9999   0.0010     -1.003 0.062   2   0.59    0.268
2018-05-16-13:50:46 1.15  Mocks_Mamon/MockNFW80ellip0.5loga-2.08PA50center0.0_0.0With_background1num11.dat BFGS         1.0e-04 0 1 1 0     NFW      360.0000  -0.0004     -0.977 0.048  25   0.57  129.9       -595.8608       -1169.211   820 360.0000  -0.0004     -0.977 0.048  25   0.57    0.265
2018-05-16-13:50:46 1.15  Mocks_Mamon/MockNFW80ellip0.5loga-2.08PA50center0.0_0.0With_background1num12.dat BFGS         1.0e-04 0 1 1 0     NFW        0.0003   0.0001     -0.957 0.025 172   0.53  127.9           1E+30           2E+30     8   0.0003   0.0001     -0.957 0.025 172   0.53    0.000
2018-05-16-13:50:46 1.15  Mocks_Mamon/MockNFW80ellip0.5loga-2.08PA50center0.0_0.0With_background1num13.dat BFGS         1.0e-04 0 1 1 0     NFW        0.0000   0.0000     -0.982 0.101   5   0.53  117.6       -549.0867        -1075.78   820   0.0000   0.0000     -0.982 0.101   5   0.53    0.264
2018-05-16-13:50:46 1.15  Mocks_Mamon/MockNFW80ellip0.5loga-2.08PA50center0.0_0.0With_background1num14.dat BFGS         1.0e-04 0 1 1 0     NFW        0.0002   0.0000     -0.977 0.078   5   0.53  120.1       -543.0906       -1063.685   820   0.0002   0.0000     -0.977 0.078   5   0.53    0.266
2018-05-16-13:50:46 1.15  Mocks_Mamon/MockNFW80ellip0.5loga-2.08PA50center0.0_0.0With_background1num15.dat BFGS         1.0e-04 0 1 1 0     NFW      360.0000  -0.0030     -0.959 0.038  12   0.62  155.5           1E+30           2E+30     8 360.0000  -0.0030     -0.959 0.038  12   0.62    0.000
2018-05-16-13:50:46 1.15  Mocks_Mamon/MockNFW80ellip0.5loga-2.08PA50center0.0_0.0With_background1num16.dat BFGS         1.0e-04 0 1 1 0     NFW        0.0000   0.0000     -0.991 0.068  17   0.57  126.2        -609.522       -1196.577   820   0.0000   0.0000     -0.991 0.068  17   0.57    0.265
2018-05-16-13:50:46 1.15  Mocks_Mamon/MockNFW80ellip0.5loga-2.08PA50center0.0_0.0With_background1num17.dat BFGS         1.0e-04 0 1 1 0     NFW        0.0004   0.0000     -0.966 0.111  18   0.53  123.7           1E+30           2E+30     8   0.0004   0.0000     -0.966 0.111  18   0.53    0.000
2018-05-16-13:50:46 1.15  Mocks_Mamon/MockNFW80ellip0.5loga-2.08PA50center0.0_0.0With_background1num18.dat BFGS         1.0e-04 0 1 1 0     NFW        0.0002  -0.0003     -0.986 0.034  12   0.56  124.4       -604.1774       -1185.859   820   0.0002  -0.0003     -0.986 0.034  12   0.56    0.265
2018-05-16-13:50:46 1.15  Mocks_Mamon/MockNFW80ellip0.5loga-2.08PA50center0.0_0.0With_background1num19.dat BFGS         1.0e-04 0 1 1 0     NFW        0.0001  -0.0002     -0.994 0.117  37   0.54  118.5        -572.161       -1121.855   820   0.0001  -0.0002     -0.994 0.117  37   0.54    0.265
2018-05-16-13:50:46 1.15  Mocks_Mamon/MockNFW80ellip0.5loga-2.08PA50center0.0_0.0With_background1num20.dat BFGS         1.0e-04 0 1 1 0     NFW        0.0003  -0.0007     -1.041 0.084  25   0.59  117.4       -660.3952       -1298.294   820   0.0003  -0.0007     -1.041 0.084  25   0.59    0.269
2018-05-16-13:50:46 1.15  Mocks_Mamon/MockNFW80ellip0.5loga-2.08PA50center0.0_0.0With_background1num21.dat BFGS         1.0e-04 0 1 1 0     NFW        0.0010   0.0002     -0.969 0.035 140   0.58  137.3           1E+30           2E+30     8   0.0010   0.0002     -0.969 0.035 140   0.58    0.000
2018-05-16-13:50:46 1.15  Mocks_Mamon/MockNFW80ellip0.5loga-2.08PA50center0.0_0.0With_background1num22.dat BFGS         1.0e-04 0 1 1 0     NFW        0.0001   0.0003     -0.996 0.047  23   0.59  130.5       -645.9628       -1269.372   820   0.0001   0.0003     -0.996 0.047  23   0.59    0.268
2018-05-16-13:50:46 1.15  Mocks_Mamon/MockNFW80ellip0.5loga-2.08PA50center0.0_0.0With_background1num23.dat BFGS         1.0e-04 0 1 1 0     NFW        0.0039  -0.0000     -0.995 0.091 178   0.61  141.0       -738.6131       -1454.716   820   0.0039  -0.0000     -0.995 0.091 178   0.61    0.269
2018-05-16-13:50:46 1.15  Mocks_Mamon/MockNFW80ellip0.5loga-2.08PA50center0.0_0.0With_background1num24.dat BFGS         1.0e-04 0 1 1 0     NFW        0.0000  -0.0000     -1.012 0.079 154   0.58  122.7       -634.5883       -1246.681   820   0.0000  -0.0000     -1.012 0.079 154   0.58    0.267
2018-05-16-13:50:46 1.15  Mocks_Mamon/MockNFW80ellip0.5loga-2.08PA50center0.0_0.0With_background1num25.dat BFGS         1.0e-04 0 1 1 0     NFW      359.9998  -0.0004     -0.968 0.109 138   0.57  136.4           1E+30           2E+30     8 359.9998  -0.0004     -0.968 0.109 138   0.57    0.000
2018-05-16-13:50:46 1.15  Mocks_Mamon/MockNFW80ellip0.5loga-2.08PA50center0.0_0.0With_background1num26.dat BFGS         1.0e-04 0 1 1 0     NFW        0.0000   0.0001     -0.980 0.156   3   0.54  121.3       -568.6748       -1114.897   820   0.0000   0.0001     -0.980 0.156   3   0.54    0.266
2018-05-16-13:50:46 1.15  Mocks_Mamon/MockNFW80ellip0.5loga-2.08PA50center0.0_0.0With_background1num27.dat BFGS         1.0e-04 0 1 1 0     NFW      360.0000   0.0001     -1.012 0.076   1   0.54  112.3       -588.9438       -1155.421   820 360.0000   0.0001     -1.012 0.076   1   0.54    0.266
2018-05-16-13:50:46 1.15  Mocks_Mamon/MockNFW80ellip0.5loga-2.08PA50center0.0_0.0With_background1num28.dat BFGS         1.0e-04 0 1 1 0     NFW        0.0004  -0.0000     -0.999 0.138  15   0.57  122.9       -603.9711       -1185.475   820   0.0004  -0.0000     -0.999 0.138  15   0.57    0.267
2018-05-16-13:50:46 1.15  Mocks_Mamon/MockNFW80ellip0.5loga-2.08PA50center0.0_0.0With_background1num29.dat BFGS         1.0e-04 0 1 1 0     NFW        0.0003  -0.0002     -0.976 0.036  44   0.57  130.9       -613.4533       -1204.396   820   0.0003  -0.0002     -0.976 0.036  44   0.57    0.267
2018-05-16-13:50:46 1.15  Mocks_Mamon/MockNFW80ellip0.5loga-2.08PA50center0.0_0.0With_background1num30.dat BFGS         1.0e-04 0 1 1 0     NFW        0.0000   0.0005     -0.967 0.047   3   0.56  131.4           1E+30           2E+30     8   0.0000   0.0005     -0.967 0.047   3   0.56    0.000
2018-05-16-13:50:46 1.15  Mocks_Mamon/MockNFW80ellip0.5loga-2.08PA50center0.0_0.0With_background1num31.dat BFGS         1.0e-04 0 1 1 0     NFW        0.0001   0.0003     -0.966 0.129  33   0.56  131.0           1E+30           2E+30     8   0.0001   0.0003     -0.966 0.129  33   0.56    0.000
2018-05-16-13:50:46 1.15  Mocks_Mamon/MockNFW80ellip0.5loga-2.08PA50center0.0_0.0With_background1num32.dat BFGS         1.0e-04 0 1 1 0     NFW        0.0000  -0.0001     -0.964 0.065  37   0.55  130.2           1E+30           2E+30     8   0.0000  -0.0001     -0.964 0.065  37   0.55    0.000
2018-05-16-13:50:46 1.15  Mocks_Mamon/MockNFW80ellip0.5loga-2.08PA50center0.0_0.0With_background1num33.dat BFGS         1.0e-04 0 1 1 0     NFW      359.9997  -0.0001     -0.970 0.031 146   0.56  130.8           1E+30           2E+30     8 359.9997  -0.0001     -0.970 0.031 146   0.56    0.000
2018-05-16-13:50:46 1.15  Mocks_Mamon/MockNFW80ellip0.5loga-2.08PA50center0.0_0.0With_background1num34.dat BFGS         1.0e-04 0 1 1 0     NFW        0.0009  -0.0001     -0.990 0.124  36   0.55  121.3       -573.0818       -1123.639   820   0.0009  -0.0001     -0.990 0.124  36   0.55    0.265
2018-05-16-13:50:46 1.15  Mocks_Mamon/MockNFW80ellip0.5loga-2.08PA50center0.0_0.0With_background1num35.dat BFGS         1.0e-04 0 1 1 0     NFW        0.0005  -0.0006     -0.954 0.046 160   0.53  129.2           1E+30           2E+30     8   0.0005  -0.0006     -0.954 0.046 160   0.53    0.000
2018-05-16-13:50:46 1.15  Mocks_Mamon/MockNFW80ellip0.5loga-2.08PA50center0.0_0.0With_background1num36.dat BFGS         1.0e-04 0 1 1 0     NFW        0.0001   0.0002     -0.959 0.043 179   0.54  130.6           1E+30           2E+30     8   0.0001   0.0002     -0.959 0.043 179   0.54    0.000
2018-05-16-13:50:46 1.15  Mocks_Mamon/MockNFW80ellip0.5loga-2.08PA50center0.0_0.0With_background1num37.dat BFGS         1.0e-04 0 1 1 0     NFW      359.9992  -0.0012     -0.991 0.112  28   0.56  123.7       -589.9518       -1157.408   820 359.9992  -0.0012     -0.991 0.112  28   0.56    0.265
2018-05-16-13:50:46 1.15  Mocks_Mamon/MockNFW80ellip0.5loga-2.08PA50center0.0_0.0With_background1num38.dat BFGS         1.0e-04 0 1 1 0     NFW      359.9999   0.0001     -0.963 0.112 159   0.54  127.2           1E+30           2E+30     8 359.9999   0.0001     -0.963 0.112 159   0.54    0.000
2018-05-16-13:50:46 1.15  Mocks_Mamon/MockNFW80ellip0.5loga-2.08PA50center0.0_0.0With_background1num39.dat BFGS         1.0e-04 0 1 1 0     NFW      359.9999   0.0005     -1.010 0.086 178   0.54  112.9       -580.7099       -1138.895   820 359.9999   0.0005     -1.010 0.086 178   0.54    0.267
2018-05-16-13:50:46 1.15  Mocks_Mamon/MockNFW80ellip0.5loga-2.08PA50center0.0_0.0With_background1num40.dat BFGS         1.0e-04 0 1 1 0     NFW      359.9999  -0.0007     -0.963 0.107 150   0.57  137.0           1E+30           2E+30     8 359.9999  -0.0007     -0.963 0.107 150   0.57    0.000
2018-05-16-13:50:46 1.15  Mocks_Mamon/MockNFW80ellip0.5loga-2.08PA50center0.0_0.0With_background1num41.dat BFGS         1.0e-04 0 1 1 0     NFW      359.9999  -0.0003     -0.961 0.045 138   0.57  137.1           1E+30           2E+30     8 359.9999  -0.0003     -0.961 0.045 138   0.57    0.000
2018-05-16-13:50:46 1.15  Mocks_Mamon/MockNFW80ellip0.5loga-2.08PA50center0.0_0.0With_background1num42.dat BFGS         1.0e-04 0 1 1 0     NFW      359.9993  -0.0001     -0.992 0.035   7   0.56  122.1        -604.495       -1186.508   820 359.9993  -0.0001     -0.992 0.035   7   0.56    0.266
2018-05-16-13:50:46 1.15  Mocks_Mamon/MockNFW80ellip0.5loga-2.08PA50center0.0_0.0With_background1num43.dat BFGS         1.0e-04 0 1 1 0     NFW        0.0002  -0.0001     -0.978 0.078 175   0.55  123.8       -569.7777       -1117.088   820   0.0002  -0.0001     -0.978 0.078 175   0.55    0.263
2018-05-16-13:50:46 1.15  Mocks_Mamon/MockNFW80ellip0.5loga-2.08PA50center0.0_0.0With_background1num44.dat BFGS         1.0e-04 0 1 1 0     NFW      359.9999   0.0002     -1.005 0.007 171   0.60  129.5       -646.7121       -1270.914   820 359.9999   0.0002     -1.005 0.007 171   0.60    0.269
2018-05-16-13:50:46 1.15  Mocks_Mamon/MockNFW80ellip0.5loga-2.08PA50center0.0_0.0With_background1num45.dat BFGS         1.0e-04 0 1 1 0     NFW      359.9999   0.0000     -0.953 0.174  13   0.53  127.6           1E+30           2E+30     8 359.9999   0.0000     -0.953 0.174  13   0.53    0.000
2018-05-16-13:50:46 1.15  Mocks_Mamon/MockNFW80ellip0.5loga-2.08PA50center0.0_0.0With_background1num46.dat BFGS         1.0e-04 0 1 1 0     NFW        0.0001   0.0001     -0.950 0.162 139   0.56  137.6           1E+30           2E+30     8   0.0001   0.0001     -0.950 0.162 139   0.56    0.000
2018-05-16-13:50:46 1.15  Mocks_Mamon/MockNFW80ellip0.5loga-2.08PA50center0.0_0.0With_background1num47.dat BFGS         1.0e-04 0 1 1 0     NFW      359.9998   0.0001     -0.986 0.098 177   0.55  123.4       -592.2379       -1162.009   820 359.9998   0.0001     -0.986 0.098 177   0.55    0.266
2018-05-16-13:50:46 1.15  Mocks_Mamon/MockNFW80ellip0.5loga-2.08PA50center0.0_0.0With_background1num48.dat BFGS         1.0e-04 0 1 1 0     NFW        0.0000   0.0004     -1.002 0.044 180   0.54  115.5       -576.6004       -1130.705   820   0.0000   0.0004     -1.002 0.044 180   0.54    0.263
2018-05-16-13:50:46 1.15  Mocks_Mamon/MockNFW80ellip0.5loga-2.08PA50center0.0_0.0With_background1num49.dat BFGS         1.0e-04 0 1 1 0     NFW        0.0002   0.0000     -0.969 0.036  21   0.56  130.4           1E+30           2E+30     8   0.0002   0.0000     -0.969 0.036  21   0.56    0.000
2018-05-16-13:50:46 1.15  Mocks_Mamon/MockNFW80ellip0.5loga-2.08PA50center0.0_0.0With_background1num50.dat BFGS         1.0e-04 0 1 1 0     NFW        0.0003  -0.0001     -0.972 0.062  35   0.57  135.1       -604.1935       -1185.949   820   0.0003  -0.0001     -0.972 0.062  35   0.57    0.267
2018-05-16-13:50:46 1.15  Mocks_Mamon/MockNFW80ellip0.5loga-2.08PA50center0.0_0.0With_background1num51.dat BFGS         1.0e-04 0 1 1 0     NFW        0.0002   0.0004     -0.975 0.112   6   0.53  121.5       -566.6558       -1110.888   820   0.0002   0.0004     -0.975 0.112   6   0.53    0.264
2018-05-16-13:50:46 1.15  Mocks_Mamon/MockNFW80ellip0.5loga-2.08PA50center0.0_0.0With_background1num52.dat BFGS         1.0e-04 0 1 1 0     NFW      359.9994   0.0003     -0.997 0.061 138   0.59  130.5        -650.243       -1278.033   820 359.9994   0.0003     -0.997 0.061 138   0.59    0.268
2018-05-16-13:50:46 1.15  Mocks_Mamon/MockNFW80ellip0.5loga-2.08PA50center0.0_0.0With_background1num53.dat BFGS         1.0e-04 0 1 1 0     NFW      359.9994   0.0001     -0.992 0.099   3   0.58  130.1       -631.1765       -1239.828   820 359.9994   0.0001     -0.992 0.099   3   0.58    0.268
2018-05-16-13:50:46 1.15  Mocks_Mamon/MockNFW80ellip0.5loga-2.08PA50center0.0_0.0With_background1num54.dat BFGS         1.0e-04 0 1 1 0     NFW      359.9983  -0.0000     -0.954 0.105  24   0.55  135.1           1E+30           2E+30     8 359.9983  -0.0000     -0.954 0.105  24   0.55    0.000
2018-05-16-13:50:46 1.15  Mocks_Mamon/MockNFW80ellip0.5loga-2.08PA50center0.0_0.0With_background1num55.dat BFGS         1.0e-04 0 1 1 0     NFW        0.0002   0.0002     -1.026 0.133  41   0.56  111.9       -596.6214       -1170.805   820   0.0002   0.0002     -1.026 0.133  41   0.56    0.266
2018-05-16-13:50:46 1.15  Mocks_Mamon/MockNFW80ellip0.5loga-2.08PA50center0.0_0.0With_background1num56.dat BFGS         1.0e-04 0 1 1 0     NFW      360.0000  -0.0033     -0.961 0.142  22   0.62  156.0           1E+30           2E+30     8 360.0000  -0.0033     -0.961 0.142  22   0.62    0.000
2018-05-16-13:50:46 1.15  Mocks_Mamon/MockNFW80ellip0.5loga-2.08PA50center0.0_0.0With_background1num57.dat BFGS         1.0e-04 0 1 1 0     NFW      359.9999  -0.0001     -0.935 0.044 171   0.51  128.4           1E+30           2E+30     8 359.9999  -0.0001     -0.935 0.044 171   0.51    0.000
2018-05-16-13:50:46 1.15  Mocks_Mamon/MockNFW80ellip0.5loga-2.08PA50center0.0_0.0With_background1num58.dat BFGS         1.0e-04 0 1 1 0     NFW        0.0000   0.0000     -0.972 0.040 172   0.55  126.3           1E+30           2E+30     8   0.0000   0.0000     -0.972 0.040 172   0.55    0.000
2018-05-16-13:50:46 1.15  Mocks_Mamon/MockNFW80ellip0.5loga-2.08PA50center0.0_0.0With_background1num59.dat BFGS         1.0e-04 0 1 1 0     NFW        0.0007  -0.0002     -0.999 0.183   9   0.57  122.8        -616.321       -1210.175   820   0.0007  -0.0002     -0.999 0.183   9   0.57    0.267
2018-05-16-13:50:46 1.15  Mocks_Mamon/MockNFW80ellip0.5loga-2.08PA50center0.0_0.0With_background1num60.dat BFGS         1.0e-04 0 1 1 0     NFW        0.0005   0.0001     -0.988 0.107 175   0.56  125.0         -599.31       -1176.095   820   0.0005   0.0001     -0.988 0.107 175   0.56    0.267
2018-05-16-13:50:46 1.15  Mocks_Mamon/MockNFW80ellip0.5loga-2.08PA50center0.0_0.0With_background1num61.dat BFGS         1.0e-04 0 1 1 0     NFW      359.9999  -0.0003     -0.972 0.088 144   0.57  132.6           1E+30           2E+30     8 359.9999  -0.0003     -0.972 0.088 144   0.57    0.000
2018-05-16-13:50:46 1.15  Mocks_Mamon/MockNFW80ellip0.5loga-2.08PA50center0.0_0.0With_background1num62.dat BFGS         1.0e-04 0 1 1 0     NFW      359.9996  -0.0005     -0.963 0.083  13   0.55  131.0           1E+30           2E+30     8 359.9996  -0.0005     -0.963 0.083  13   0.55    0.000
2018-05-16-13:50:46 1.15  Mocks_Mamon/MockNFW80ellip0.5loga-2.08PA50center0.0_0.0With_background1num63.dat BFGS         1.0e-04 0 1 1 0     NFW        0.0012  -0.0000     -0.995 0.089 166   0.55  121.1       -589.5084       -1156.564   820   0.0012  -0.0000     -0.995 0.089 166   0.55    0.267
2018-05-16-13:50:46 1.15  Mocks_Mamon/MockNFW80ellip0.5loga-2.08PA50center0.0_0.0With_background1num64.dat BFGS         1.0e-04 0 1 1 0     NFW      359.9978   0.0001     -0.996 0.085   5   0.57  126.6       -642.4433       -1262.391   820 359.9978   0.0001     -0.996 0.085   5   0.57    0.291
2018-05-16-13:50:46 1.15  Mocks_Mamon/MockNFW80ellip0.5loga-2.08PA50center0.0_0.0With_background1num65.dat BFGS         1.0e-04 0 1 1 0     NFW        0.0001  -0.0005     -0.993 0.105  27   0.54  116.6       -570.8877       -1119.265   820   0.0001  -0.0005     -0.993 0.105  27   0.54    0.265
2018-05-16-13:50:46 1.15  Mocks_Mamon/MockNFW80ellip0.5loga-2.08PA50center0.0_0.0With_background1num66.dat BFGS         1.0e-04 0 1 1 0     NFW      359.9999   0.0007     -1.019 0.025  39   0.58  118.5        -626.826       -1231.185   820 359.9999   0.0007     -1.019 0.025  39   0.58    0.267
2018-05-16-13:50:46 1.15  Mocks_Mamon/MockNFW80ellip0.5loga-2.08PA50center0.0_0.0With_background1num67.dat BFGS         1.0e-04 0 1 1 0     NFW      359.9998   0.0016     -0.974 0.050   1   0.56  130.8       -618.0771       -1213.644   820 359.9998   0.0016     -0.974 0.050   1   0.56    0.266
2018-05-16-13:50:46 1.15  Mocks_Mamon/MockNFW80ellip0.5loga-2.08PA50center0.0_0.0With_background1num68.dat BFGS         1.0e-04 0 1 1 0     NFW      360.0000  -0.0000     -0.976 0.093 154   0.53  120.4        -565.158       -1107.806   820 360.0000  -0.0000     -0.976 0.093 154   0.53    0.265
2018-05-16-13:50:46 1.15  Mocks_Mamon/MockNFW80ellip0.5loga-2.08PA50center0.0_0.0With_background1num69.dat BFGS         1.0e-04 0 1 1 0     NFW      359.9998   0.0002     -0.996 0.191 160   0.58  129.4       -624.2879       -1226.109   820 359.9998   0.0002     -0.996 0.191 160   0.58    0.266
2018-05-16-13:50:46 1.15  Mocks_Mamon/MockNFW80ellip0.5loga-2.08PA50center0.0_0.0With_background1num70.dat BFGS         1.0e-04 0 1 1 0     NFW        0.0003   0.0008     -0.965 0.099 135   0.56  134.1           1E+30           2E+30     8   0.0003   0.0008     -0.965 0.099 135   0.56    0.000
2018-05-16-13:50:46 1.15  Mocks_Mamon/MockNFW80ellip0.5loga-2.08PA50center0.0_0.0With_background1num71.dat BFGS         1.0e-04 0 1 1 0     NFW        0.0001   0.0001     -0.976 0.052 177   0.53  121.8       -559.2406       -1095.971   820   0.0001   0.0001     -0.976 0.052 177   0.53    0.266
2018-05-16-13:50:46 1.15  Mocks_Mamon/MockNFW80ellip0.5loga-2.08PA50center0.0_0.0With_background1num72.dat BFGS         1.0e-04 0 1 1 0     NFW      359.9999   0.0007     -0.951 0.060  26   0.55  135.6           1E+30           2E+30     8 359.9999   0.0007     -0.951 0.060  26   0.55    0.000
2018-05-16-13:50:46 1.15  Mocks_Mamon/MockNFW80ellip0.5loga-2.08PA50center0.0_0.0With_background1num73.dat BFGS         1.0e-04 0 1 1 0     NFW        0.0004  -0.0004     -0.953 0.043 161   0.56  138.0           1E+30           2E+30     8   0.0004  -0.0004     -0.953 0.043 161   0.56    0.000
2018-05-16-13:50:46 1.15  Mocks_Mamon/MockNFW80ellip0.5loga-2.08PA50center0.0_0.0With_background1num74.dat BFGS         1.0e-04 0 1 1 0     NFW        0.0001  -0.0000     -0.961 0.110 179   0.53  126.4           1E+30           2E+30     8   0.0001  -0.0000     -0.961 0.110 179   0.53    0.000
2018-05-16-13:50:46 1.15  Mocks_Mamon/MockNFW80ellip0.5loga-2.08PA50center0.0_0.0With_background1num75.dat BFGS         1.0e-04 0 1 1 0     NFW        0.0005  -0.0014     -0.973 0.062 158   0.57  134.1       -639.1078       -1255.748   820   0.0005  -0.0014     -0.973 0.062 158   0.57    0.265
2018-05-16-13:50:46 1.15  Mocks_Mamon/MockNFW80ellip0.5loga-2.08PA50center0.0_0.0With_background1num76.dat BFGS         1.0e-04 0 1 1 0     NFW        0.0003   0.0000     -0.975 0.087 137   0.58  136.2       -629.3405        -1236.17   820   0.0003   0.0000     -0.975 0.087 137   0.58    0.268
2018-05-16-13:50:46 1.15  Mocks_Mamon/MockNFW80ellip0.5loga-2.08PA50center0.0_0.0With_background1num77.dat BFGS         1.0e-04 0 1 1 0     NFW      359.9989   0.0000     -0.996 0.113  29   0.55  120.5       -607.0299       -1191.549   820 359.9989   0.0000     -0.996 0.113  29   0.55    0.268
2018-05-16-13:50:46 1.15  Mocks_Mamon/MockNFW80ellip0.5loga-2.08PA50center0.0_0.0With_background1num78.dat BFGS         1.0e-04 0 1 1 0     NFW      359.9995  -0.0027     -1.016 0.132 164   0.59  124.3        -676.858       -1331.191   820 359.9995  -0.0027     -1.016 0.132 164   0.59    0.269
2018-05-16-13:50:46 1.15  Mocks_Mamon/MockNFW80ellip0.5loga-2.08PA50center0.0_0.0With_background1num79.dat BFGS         1.0e-04 0 1 1 0     NFW        0.0003   0.0023     -1.003 0.101  25   0.59  129.2       -673.7212       -1324.946   820   0.0003   0.0023     -1.003 0.101  25   0.59    0.269
2018-05-16-13:50:46 1.15  Mocks_Mamon/MockNFW80ellip0.5loga-2.08PA50center0.0_0.0With_background1num80.dat BFGS         1.0e-04 0 1 1 0     NFW      359.9996   0.0006     -0.974 0.022   4   0.55  128.0       -592.9593       -1163.466   820 359.9996   0.0006     -0.974 0.022   4   0.55    0.264
2018-05-16-13:50:46 1.15  Mocks_Mamon/MockNFW80ellip0.5loga-2.08PA50center0.0_0.0With_background1num81.dat BFGS         1.0e-04 0 1 1 0     NFW        0.0003  -0.0000     -1.009 0.114 161   0.55  116.8       -603.3474       -1184.184   820   0.0003  -0.0000     -1.009 0.114 161   0.55    0.266
2018-05-16-13:50:46 1.15  Mocks_Mamon/MockNFW80ellip0.5loga-2.08PA50center0.0_0.0With_background1num82.dat BFGS         1.0e-04 0 1 1 0     NFW      359.9999  -0.0000     -1.003 0.134 175   0.56  120.0       -610.5898       -1198.727   820 359.9999  -0.0000     -1.003 0.134 175   0.56    0.268
2018-05-16-13:50:46 1.15  Mocks_Mamon/MockNFW80ellip0.5loga-2.08PA50center0.0_0.0With_background1num83.dat BFGS         1.0e-04 0 1 1 0     NFW        0.0005  -0.0001     -0.961 0.061  34   0.54  126.9           1E+30           2E+30     8   0.0005  -0.0001     -0.961 0.061  34   0.54    0.000
2018-05-16-13:50:46 1.15  Mocks_Mamon/MockNFW80ellip0.5loga-2.08PA50center0.0_0.0With_background1num84.dat BFGS         1.0e-04 0 1 1 0     NFW        0.0000   0.0003     -0.980 0.097 139   0.57  130.9       -608.2849       -1194.088   820   0.0000   0.0003     -0.980 0.097 139   0.57    0.268
2018-05-16-13:50:46 1.15  Mocks_Mamon/MockNFW80ellip0.5loga-2.08PA50center0.0_0.0With_background1num85.dat BFGS         1.0e-04 0 1 1 0     NFW        0.0002  -0.0003     -0.948 0.142  32   0.52  128.2           1E+30           2E+30     8   0.0002  -0.0003     -0.948 0.142  32   0.52    0.000
2018-05-16-13:50:46 1.15  Mocks_Mamon/MockNFW80ellip0.5loga-2.08PA50center0.0_0.0With_background1num86.dat BFGS         1.0e-04 0 1 1 0     NFW      360.0000  -0.0007     -0.966 0.030   1   0.54  126.0           1E+30           2E+30     8 360.0000  -0.0007     -0.966 0.030   1   0.54    0.000
2018-05-16-13:50:46 1.15  Mocks_Mamon/MockNFW80ellip0.5loga-2.08PA50center0.0_0.0With_background1num87.dat BFGS         1.0e-04 0 1 1 0     NFW        0.0000   0.0001     -0.944 0.105 177   0.53  132.9           1E+30           2E+30     8   0.0000   0.0001     -0.944 0.105 177   0.53    0.000
2018-05-16-13:50:46 1.15  Mocks_Mamon/MockNFW80ellip0.5loga-2.08PA50center0.0_0.0With_background1num88.dat BFGS         1.0e-04 0 1 1 0     NFW      359.9999  -0.0006     -0.938 0.089 138   0.54  136.5           1E+30           2E+30     8 359.9999  -0.0006     -0.938 0.089 138   0.54    0.000
2018-05-16-13:50:46 1.15  Mocks_Mamon/MockNFW80ellip0.5loga-2.08PA50center0.0_0.0With_background1num89.dat BFGS         1.0e-04 0 1 1 0     NFW        0.0007  -0.0008     -0.972 0.103 174   0.57  135.3       -614.4649       -1206.419   820   0.0007  -0.0008     -0.972 0.103 174   0.57    0.267
2018-05-16-13:50:46 1.15  Mocks_Mamon/MockNFW80ellip0.5loga-2.08PA50center0.0_0.0With_background1num90.dat BFGS         1.0e-04 0 1 1 0     NFW      359.9999   0.0007     -0.963 0.104 138   0.56  134.0           1E+30           2E+30     8 359.9999   0.0007     -0.963 0.104 138   0.56    0.000
2018-05-16-13:50:46 1.15  Mocks_Mamon/MockNFW80ellip0.5loga-2.08PA50center0.0_0.0With_background1num91.dat BFGS         1.0e-04 0 1 1 0     NFW        0.0002   0.0004     -0.995 0.192 140   0.55  118.4       -569.7813       -1117.096   820   0.0002   0.0004     -0.995 0.192 140   0.55    0.265
2018-05-16-13:50:46 1.15  Mocks_Mamon/MockNFW80ellip0.5loga-2.08PA50center0.0_0.0With_background1num92.dat BFGS         1.0e-04 0 1 1 0     NFW        0.0001   0.0002     -0.980 0.075 169   0.60  140.0       -665.3888       -1308.238   820   0.0001   0.0002     -0.980 0.075 169   0.60    0.269
2018-05-16-13:50:46 1.15  Mocks_Mamon/MockNFW80ellip0.5loga-2.08PA50center0.0_0.0With_background1num93.dat BFGS         1.0e-04 0 1 1 0     NFW      359.9998   0.0000     -0.975 0.090  27   0.53  122.0       -569.1817       -1115.824   820 359.9998   0.0000     -0.975 0.090  27   0.53    0.265
2018-05-16-13:50:46 1.15  Mocks_Mamon/MockNFW80ellip0.5loga-2.08PA50center0.0_0.0With_background1num94.dat BFGS         1.0e-04 0 1 1 0     NFW        0.0001   0.0001     -0.979 0.039 153   0.54  123.3       -566.9997       -1111.503   820   0.0001   0.0001     -0.979 0.039 153   0.54    0.266
2018-05-16-13:50:46 1.15  Mocks_Mamon/MockNFW80ellip0.5loga-2.08PA50center0.0_0.0With_background1num95.dat BFGS         1.0e-04 0 1 1 0     NFW      359.9989   0.0000     -0.950 0.050  22   0.56  139.6           1E+30           2E+30     8 359.9989   0.0000     -0.950 0.050  22   0.56    0.000
2018-05-16-13:50:46 1.15  Mocks_Mamon/MockNFW80ellip0.5loga-2.08PA50center0.0_0.0With_background1num96.dat BFGS         1.0e-04 0 1 1 0     NFW      360.0000   0.0001     -0.991 0.040 175   0.53  114.7       -550.7324       -1078.969   820 360.0000   0.0001     -0.991 0.040 175   0.53    0.265
2018-05-16-13:50:46 1.15  Mocks_Mamon/MockNFW80ellip0.5loga-2.08PA50center0.0_0.0With_background1num97.dat BFGS         1.0e-04 0 1 1 0     NFW      359.9997  -0.0001     -0.981 0.051  31   0.56  126.5       -600.9917       -1179.575   820 359.9997  -0.0001     -0.981 0.051  31   0.56    0.266
2018-05-16-13:50:46 1.15  Mocks_Mamon/MockNFW80ellip0.5loga-2.08PA50center0.0_0.0With_background1num98.dat BFGS         1.0e-04 0 1 1 0     NFW      359.9996   0.0002     -0.975 0.079  35   0.58  136.8       -618.3621       -1214.286   820 359.9996   0.0002     -0.975 0.079  35   0.58    0.268
2018-05-16-13:50:46 1.15  Mocks_Mamon/MockNFW80ellip0.5loga-2.08PA50center0.0_0.0With_background1num99.dat BFGS         1.0e-04 0 1 1 0     NFW        0.0004   0.0000     -0.984 0.088 166   0.54  120.5       -588.2919       -1154.059   820   0.0004   0.0000     -0.984 0.088 166   0.54    0.264
