2018-05-16-13:49:30 1.15  Mocks_Mamon/MockNFW80ellip0.5loga-2.08PA50center0.0_0.0With_background1num0.dat Diff-Evol    1.0e-04 0 1 1 0     NFW      360.0000   0.0003     -2.574 0.618  43   3.57   -2.0       -621.3684        -1220.27  1005 360.0000   0.0003     -1.007 0.109 165   0.57    0.558
2018-05-16-13:49:30 1.15  Mocks_Mamon/MockNFW80ellip0.5loga-2.08PA50center0.0_0.0With_background1num1.dat Diff-Evol    1.0e-04 0 1 1 0     NFW      359.9999  -0.0004     -2.343 0.599  48   3.55   -2.3       -580.7448       -1139.023  1081 359.9999  -0.0004     -0.950 0.116 139   0.55    0.600
2018-05-16-13:49:30 1.15  Mocks_Mamon/MockNFW80ellip0.5loga-2.08PA50center0.0_0.0With_background1num2.dat Diff-Evol    1.0e-04 0 1 1 0     NFW        0.0003   0.0002     -2.574 0.570  49   3.58   -2.0       -647.7701       -1273.044  1261   0.0003   0.0002     -0.991 0.062   9   0.58    0.707
2018-05-16-13:49:30 1.15  Mocks_Mamon/MockNFW80ellip0.5loga-2.08PA50center0.0_0.0With_background1num3.dat Diff-Evol    1.0e-04 0 1 1 0     NFW      359.9987  -0.0001     -2.574 0.616  47   3.55   -1.1       -659.6541       -1296.812  1213 359.9987  -0.0001     -0.974 0.098 159   0.58    0.679
2018-05-16-13:49:30 1.15  Mocks_Mamon/MockNFW80ellip0.5loga-2.08PA50center0.0_0.0With_background1num4.dat Diff-Evol    1.0e-04 0 1 1 0     NFW      359.9996   0.0001     -2.575 0.698  42   3.56   -1.2        -651.625        -1280.74  1345 359.9996   0.0001     -0.987 0.073  38   0.58    0.749
2018-05-16-13:49:30 1.15  Mocks_Mamon/MockNFW80ellip0.5loga-2.08PA50center0.0_0.0With_background1num5.dat Diff-Evol    1.0e-04 0 1 1 0     NFW        0.0001   0.0001     -2.574 0.671  37   3.50   -0.9       -589.4701       -1156.459  1353   0.0001   0.0001     -0.943 0.094 167   0.54    0.740
2018-05-16-13:49:30 1.15  Mocks_Mamon/MockNFW80ellip0.5loga-2.08PA50center0.0_0.0With_background1num6.dat Diff-Evol    1.0e-04 0 1 1 0     NFW        0.0003   0.0002     -2.574 0.614  47   3.55   -1.8       -590.1136       -1157.746  1186   0.0003   0.0002     -0.987 0.046  23   0.55    0.651
2018-05-16-13:49:30 1.15  Mocks_Mamon/MockNFW80ellip0.5loga-2.08PA50center0.0_0.0With_background1num7.dat Diff-Evol    1.0e-04 0 1 1 0     NFW        0.0000  -0.0000     -2.575 0.445  60   3.50   -0.8       -579.9269       -1137.372   839   0.0000  -0.0000     -0.963 0.046  20   0.53    0.460
2018-05-16-13:49:30 1.15  Mocks_Mamon/MockNFW80ellip0.5loga-2.08PA50center0.0_0.0With_background1num8.dat Diff-Evol    1.0e-04 0 1 1 0     NFW      359.9995   0.0001     -2.574 0.548  72   3.51   -1.2       -572.7803       -1123.079  1199 359.9995   0.0001     -0.998 0.015 153   0.53    0.662
2018-05-16-13:49:30 1.15  Mocks_Mamon/MockNFW80ellip0.5loga-2.08PA50center0.0_0.0With_background1num9.dat Diff-Evol    1.0e-04 0 1 1 0     NFW        0.0001   0.0002     -2.575 0.498  45   3.53   -1.1       -604.5101       -1186.524  1151   0.0001   0.0002     -0.946 0.150  41   0.56    0.635
2018-05-16-13:49:30 1.15  Mocks_Mamon/MockNFW80ellip0.5loga-2.08PA50center0.0_0.0With_background1num10.dat Diff-Evol    1.0e-04 0 1 1 0     NFW      359.9999   0.0010     -2.573 0.462  54   3.51    0.3       -683.6826        -1344.84   923 359.9999   0.0010     -1.003 0.062   2   0.59    0.508
2018-05-16-13:49:30 1.15  Mocks_Mamon/MockNFW80ellip0.5loga-2.08PA50center0.0_0.0With_background1num11.dat Diff-Evol    1.0e-04 0 1 1 0     NFW      360.0000  -0.0004     -2.137 0.539  62   3.56   -2.5       -602.3197       -1182.129  1333 360.0000  -0.0004     -0.977 0.048  25   0.57    0.732
2018-05-16-13:49:30 1.15  Mocks_Mamon/MockNFW80ellip0.5loga-2.08PA50center0.0_0.0With_background1num12.dat Diff-Evol    1.0e-04 0 1 1 0     NFW        0.0003   0.0001     -2.575 0.520  65   3.53   -1.8       -563.9458       -1105.425  1220   0.0003   0.0001     -0.957 0.025 172   0.53    0.671
2018-05-16-13:49:30 1.15  Mocks_Mamon/MockNFW80ellip0.5loga-2.08PA50center0.0_0.0With_background1num13.dat Diff-Evol    1.0e-04 0 1 1 0     NFW        0.0000   0.0000     -2.575 0.482  17   3.53   -1.8       -560.1653       -1097.937  1296   0.0000   0.0000     -0.982 0.101   5   0.53    0.716
2018-05-16-13:49:30 1.15  Mocks_Mamon/MockNFW80ellip0.5loga-2.08PA50center0.0_0.0With_background1num14.dat Diff-Evol    1.0e-04 0 1 1 0     NFW        0.0002   0.0000     -2.167 0.536  61   3.53   -2.6       -549.0167       -1075.537  1067   0.0002   0.0000     -0.977 0.078   5   0.53    0.593
2018-05-16-13:49:30 1.15  Mocks_Mamon/MockNFW80ellip0.5loga-2.08PA50center0.0_0.0With_background1num15.dat Diff-Evol    1.0e-04 0 1 1 0     NFW      360.0000  -0.0030     -2.568 0.658  12   3.52    0.7       -775.2272       -1527.944  1026 360.0000  -0.0030     -0.959 0.038  12   0.62    0.576
2018-05-16-13:49:30 1.15  Mocks_Mamon/MockNFW80ellip0.5loga-2.08PA50center0.0_0.0With_background1num16.dat Diff-Evol    1.0e-04 0 1 1 0     NFW        0.0000   0.0000     -2.370 0.646  46   3.55   -1.6       -620.8409       -1219.215  1102   0.0000   0.0000     -0.991 0.068  17   0.57    0.611
2018-05-16-13:49:30 1.15  Mocks_Mamon/MockNFW80ellip0.5loga-2.08PA50center0.0_0.0With_background1num17.dat Diff-Evol    1.0e-04 0 1 1 0     NFW        0.0004   0.0000     -2.574 0.507  63   3.47   -0.4       -583.1387        -1143.81  1081   0.0004   0.0000     -0.966 0.111  18   0.53    0.598
2018-05-16-13:49:30 1.15  Mocks_Mamon/MockNFW80ellip0.5loga-2.08PA50center0.0_0.0With_background1num18.dat Diff-Evol    1.0e-04 0 1 1 0     NFW        0.0002  -0.0003     -2.575 0.449  50   3.49   -0.1        -619.984       -1217.472   929   0.0002  -0.0003     -0.986 0.034  12   0.56    0.515
2018-05-16-13:49:30 1.15  Mocks_Mamon/MockNFW80ellip0.5loga-2.08PA50center0.0_0.0With_background1num19.dat Diff-Evol    1.0e-04 0 1 1 0     NFW        0.0001  -0.0002     -2.575 0.372  70   3.54   -1.9       -582.3434        -1142.22   998   0.0001  -0.0002     -0.994 0.117  37   0.54    0.551
2018-05-16-13:49:30 1.15  Mocks_Mamon/MockNFW80ellip0.5loga-2.08PA50center0.0_0.0With_background1num20.dat Diff-Evol    1.0e-04 0 1 1 0     NFW        0.0003  -0.0007     -2.326 0.247  48   3.51    0.4       -667.0554       -1311.615   694   0.0003  -0.0007     -1.041 0.084  25   0.59    0.381
2018-05-16-13:49:30 1.15  Mocks_Mamon/MockNFW80ellip0.5loga-2.08PA50center0.0_0.0With_background1num21.dat Diff-Evol    1.0e-04 0 1 1 0     NFW        0.0010   0.0002     -2.134 0.595  56   3.49    0.9       -644.4258       -1266.298  1061   0.0010   0.0002     -0.969 0.035 140   0.58    0.589
2018-05-16-13:49:30 1.15  Mocks_Mamon/MockNFW80ellip0.5loga-2.08PA50center0.0_0.0With_background1num22.dat Diff-Evol    1.0e-04 0 1 1 0     NFW        0.0001   0.0003     -2.574 0.781  47   3.56   -1.2       -674.9296       -1327.306  1165   0.0001   0.0003     -0.996 0.047  23   0.59    0.651
2018-05-16-13:49:30 1.15  Mocks_Mamon/MockNFW80ellip0.5loga-2.08PA50center0.0_0.0With_background1num23.dat Diff-Evol    1.0e-04 0 1 1 0     NFW        0.0039  -0.0000     -2.565 0.727  87   3.52    0.8       -790.7146       -1558.919   957   0.0039  -0.0000     -0.995 0.091 178   0.61    0.539
2018-05-16-13:49:30 1.15  Mocks_Mamon/MockNFW80ellip0.5loga-2.08PA50center0.0_0.0With_background1num24.dat Diff-Evol    1.0e-04 0 1 1 0     NFW        0.0000  -0.0000     -2.574 0.582  41   3.54   -0.8       -649.1981         -1275.9  1091   0.0000  -0.0000     -1.012 0.079 154   0.58    0.628
2018-05-16-13:49:30 1.15  Mocks_Mamon/MockNFW80ellip0.5loga-2.08PA50center0.0_0.0With_background1num25.dat Diff-Evol    1.0e-04 0 1 1 0     NFW      359.9998  -0.0004     -2.449 0.706  52   3.57   -2.2       -626.4624       -1230.472  1290 359.9998  -0.0004     -0.968 0.109 138   0.57    0.715
2018-05-16-13:49:30 1.15  Mocks_Mamon/MockNFW80ellip0.5loga-2.08PA50center0.0_0.0With_background1num26.dat Diff-Evol    1.0e-04 0 1 1 0     NFW        0.0000   0.0001     -2.575 0.701  68   3.52   -1.3       -588.7972       -1155.142  1019   0.0000   0.0001     -0.980 0.156   3   0.54    0.562
2018-05-16-13:49:30 1.15  Mocks_Mamon/MockNFW80ellip0.5loga-2.08PA50center0.0_0.0With_background1num27.dat Diff-Evol    1.0e-04 0 1 1 0     NFW      360.0000   0.0001     -2.514 0.450  52   3.45    0.6       -602.8335         -1183.2   784 360.0000   0.0001     -1.012 0.076   1   0.54    0.430
2018-05-16-13:49:30 1.15  Mocks_Mamon/MockNFW80ellip0.5loga-2.08PA50center0.0_0.0With_background1num28.dat Diff-Evol    1.0e-04 0 1 1 0     NFW        0.0004  -0.0000     -2.067 0.642  51   3.52   -1.1       -614.6969       -1206.927   964   0.0004  -0.0000     -0.999 0.138  15   0.57    0.532
2018-05-16-13:49:30 1.15  Mocks_Mamon/MockNFW80ellip0.5loga-2.08PA50center0.0_0.0With_background1num29.dat Diff-Evol    1.0e-04 0 1 1 0     NFW        0.0003  -0.0002     -2.575 0.449  40   3.51   -0.3       -638.5599       -1254.609  1033   0.0003  -0.0002     -0.976 0.036  44   0.57    0.573
2018-05-16-13:49:30 1.15  Mocks_Mamon/MockNFW80ellip0.5loga-2.08PA50center0.0_0.0With_background1num30.dat Diff-Evol    1.0e-04 0 1 1 0     NFW        0.0000   0.0005     -2.573 0.640  48   3.55   -1.7       -613.9142       -1205.332  1332   0.0000   0.0005     -0.967 0.047   3   0.56    0.730
2018-05-16-13:49:30 1.15  Mocks_Mamon/MockNFW80ellip0.5loga-2.08PA50center0.0_0.0With_background1num31.dat Diff-Evol    1.0e-04 0 1 1 0     NFW        0.0001   0.0003     -2.575 0.556  50   3.53   -1.2       -607.3864       -1192.306   998   0.0001   0.0003     -0.966 0.129  33   0.56    0.551
2018-05-16-13:49:30 1.15  Mocks_Mamon/MockNFW80ellip0.5loga-2.08PA50center0.0_0.0With_background1num32.dat Diff-Evol    1.0e-04 0 1 1 0     NFW        0.0000  -0.0001     -2.524 0.502  74   3.55   -2.0        -574.862       -1127.228  1427   0.0000  -0.0001     -0.964 0.065  37   0.55    0.797
2018-05-16-13:49:30 1.15  Mocks_Mamon/MockNFW80ellip0.5loga-2.08PA50center0.0_0.0With_background1num33.dat Diff-Evol    1.0e-04 0 1 1 0     NFW      359.9997  -0.0001     -2.574 0.137  93   3.55   -1.6       -601.5847       -1180.688   957 359.9997  -0.0001     -0.970 0.031 146   0.56    0.528
2018-05-16-13:49:30 1.15  Mocks_Mamon/MockNFW80ellip0.5loga-2.08PA50center0.0_0.0With_background1num34.dat Diff-Evol    1.0e-04 0 1 1 0     NFW        0.0009  -0.0001     -2.573 0.577  72   3.55   -1.9       -587.3956       -1152.266  1164   0.0009  -0.0001     -0.990 0.124  36   0.55    0.650
2018-05-16-13:49:30 1.15  Mocks_Mamon/MockNFW80ellip0.5loga-2.08PA50center0.0_0.0With_background1num35.dat Diff-Evol    1.0e-04 0 1 1 0     NFW        0.0005  -0.0006     -2.574 0.470  30   3.51   -1.3       -577.8701       -1133.317  1109   0.0005  -0.0006     -0.954 0.046 160   0.53    0.615
2018-05-16-13:49:30 1.15  Mocks_Mamon/MockNFW80ellip0.5loga-2.08PA50center0.0_0.0With_background1num36.dat Diff-Evol    1.0e-04 0 1 1 0     NFW        0.0001   0.0002     -2.574 0.714  57   3.51   -1.0       -606.4631       -1190.445  1095   0.0001   0.0002     -0.959 0.043 179   0.54    0.608
2018-05-16-13:49:30 1.15  Mocks_Mamon/MockNFW80ellip0.5loga-2.08PA50center0.0_0.0With_background1num37.dat Diff-Evol    1.0e-04 0 1 1 0     NFW      359.9992  -0.0012     -2.575 0.483  52   3.55   -1.7       -608.4352       -1194.374  1373 359.9992  -0.0012     -0.991 0.112  28   0.56    0.757
2018-05-16-13:49:30 1.15  Mocks_Mamon/MockNFW80ellip0.5loga-2.08PA50center0.0_0.0With_background1num38.dat Diff-Evol    1.0e-04 0 1 1 0     NFW      359.9999   0.0001     -2.576 0.738  44   3.52   -1.2       -593.7733       -1165.065  1277 359.9999   0.0001     -0.963 0.112 159   0.54    0.696
2018-05-16-13:49:30 1.15  Mocks_Mamon/MockNFW80ellip0.5loga-2.08PA50center0.0_0.0With_background1num39.dat Diff-Evol    1.0e-04 0 1 1 0     NFW      359.9999   0.0005     -2.366 0.360  88   3.47   -0.0        -589.686       -1156.847   680 359.9999   0.0005     -1.010 0.086 178   0.54    0.371
2018-05-16-13:49:30 1.15  Mocks_Mamon/MockNFW80ellip0.5loga-2.08PA50center0.0_0.0With_background1num40.dat Diff-Evol    1.0e-04 0 1 1 0     NFW      359.9999  -0.0007     -2.573 0.462  26   3.53   -1.0       -630.3923       -1238.317  1130 359.9999  -0.0007     -0.963 0.107 150   0.57    0.629
2018-05-16-13:49:30 1.15  Mocks_Mamon/MockNFW80ellip0.5loga-2.08PA50center0.0_0.0With_background1num41.dat Diff-Evol    1.0e-04 0 1 1 0     NFW      359.9999  -0.0003     -2.576 0.584  50   3.57   -2.0       -615.1233       -1207.765  1213 359.9999  -0.0003     -0.961 0.045 138   0.57    0.674
2018-05-16-13:49:30 1.15  Mocks_Mamon/MockNFW80ellip0.5loga-2.08PA50center0.0_0.0With_background1num42.dat Diff-Evol    1.0e-04 0 1 1 0     NFW      359.9993  -0.0001     -2.576 0.520  57   3.48    0.2       -629.5322       -1236.583  1102 359.9993  -0.0001     -0.992 0.035   7   0.56    0.607
2018-05-16-13:49:30 1.15  Mocks_Mamon/MockNFW80ellip0.5loga-2.08PA50center0.0_0.0With_background1num43.dat Diff-Evol    1.0e-04 0 1 1 0     NFW        0.0002  -0.0001     -2.509 0.596  41   3.54   -1.7       -581.9379       -1141.409  1089   0.0002  -0.0001     -0.978 0.078 175   0.55    0.598
2018-05-16-13:49:30 1.15  Mocks_Mamon/MockNFW80ellip0.5loga-2.08PA50center0.0_0.0With_background1num44.dat Diff-Evol    1.0e-04 0 1 1 0     NFW      359.9999   0.0002     -2.576 0.541  54   3.58   -1.6       -666.3295       -1310.149  1006 359.9999   0.0002     -1.005 0.007 171   0.60    0.557
2018-05-16-13:49:30 1.15  Mocks_Mamon/MockNFW80ellip0.5loga-2.08PA50center0.0_0.0With_background1num45.dat Diff-Evol    1.0e-04 0 1 1 0     NFW      359.9999   0.0000     -2.575 0.774  35   3.52   -1.6       -580.9163       -1139.351  1234 359.9999   0.0000     -0.953 0.174  13   0.53    0.681
2018-05-16-13:49:30 1.15  Mocks_Mamon/MockNFW80ellip0.5loga-2.08PA50center0.0_0.0With_background1num46.dat Diff-Evol    1.0e-04 0 1 1 0     NFW        0.0001   0.0001     -2.162 0.680  48   3.56   -2.8       -586.4836       -1150.544  1185   0.0001   0.0001     -0.950 0.162 139   0.56    0.659
2018-05-16-13:49:30 1.15  Mocks_Mamon/MockNFW80ellip0.5loga-2.08PA50center0.0_0.0With_background1num47.dat Diff-Evol    1.0e-04 0 1 1 0     NFW      359.9998   0.0001     -2.574 0.704  58   3.53   -1.3       -614.9813       -1207.496  1340 359.9998   0.0001     -0.986 0.098 177   0.55    0.733
2018-05-16-13:49:30 1.15  Mocks_Mamon/MockNFW80ellip0.5loga-2.08PA50center0.0_0.0With_background1num48.dat Diff-Evol    1.0e-04 0 1 1 0     NFW        0.0000   0.0004     -2.103 0.568  59   3.48   -0.4        -584.489       -1146.482   846   0.0000   0.0004     -1.002 0.044 180   0.54    0.465
2018-05-16-13:49:30 1.15  Mocks_Mamon/MockNFW80ellip0.5loga-2.08PA50center0.0_0.0With_background1num49.dat Diff-Evol    1.0e-04 0 1 1 0     NFW        0.0002   0.0000     -2.574 0.710  56   3.54   -1.6       -610.9094       -1199.352  1360   0.0002   0.0000     -0.969 0.036  21   0.56    0.751
2018-05-16-13:49:30 1.15  Mocks_Mamon/MockNFW80ellip0.5loga-2.08PA50center0.0_0.0With_background1num50.dat Diff-Evol    1.0e-04 0 1 1 0     NFW        0.0003  -0.0001     -2.574 0.618  65   3.57   -2.0       -622.9903       -1223.543  1103   0.0003  -0.0001     -0.972 0.062  35   0.57    0.608
2018-05-16-13:49:30 1.15  Mocks_Mamon/MockNFW80ellip0.5loga-2.08PA50center0.0_0.0With_background1num51.dat Diff-Evol    1.0e-04 0 1 1 0     NFW        0.0002   0.0004     -2.574 0.223  28   3.49   -0.7       -578.2352       -1134.047   818   0.0002   0.0004     -0.975 0.112   6   0.53    0.449
2018-05-16-13:49:30 1.15  Mocks_Mamon/MockNFW80ellip0.5loga-2.08PA50center0.0_0.0With_background1num52.dat Diff-Evol    1.0e-04 0 1 1 0     NFW      359.9994   0.0003     -2.576 0.439  47   3.53   -0.3       -664.8314        -1307.21   763 359.9994   0.0003     -0.997 0.061 138   0.59    0.423
2018-05-16-13:49:30 1.15  Mocks_Mamon/MockNFW80ellip0.5loga-2.08PA50center0.0_0.0With_background1num53.dat Diff-Evol    1.0e-04 0 1 1 0     NFW      359.9994   0.0001     -2.574 0.576  54   3.56   -1.4       -647.6089       -1272.693   992 359.9994   0.0001     -0.992 0.099   3   0.58    0.549
2018-05-16-13:49:30 1.15  Mocks_Mamon/MockNFW80ellip0.5loga-2.08PA50center0.0_0.0With_background1num54.dat Diff-Evol    1.0e-04 0 1 1 0     NFW      359.9983  -0.0000     -2.551 0.500  51   3.55   -2.0       -595.0918       -1167.746  1109 359.9983  -0.0000     -0.954 0.105  24   0.55    0.616
2018-05-16-13:49:30 1.15  Mocks_Mamon/MockNFW80ellip0.5loga-2.08PA50center0.0_0.0With_background1num55.dat Diff-Evol    1.0e-04 0 1 1 0     NFW        0.0002   0.0002     -1.717 0.572  45   3.43    3.2       -601.8748       -1181.312   680   0.0002   0.0002     -1.026 0.133  41   0.56    0.371
2018-05-16-13:49:30 1.15  Mocks_Mamon/MockNFW80ellip0.5loga-2.08PA50center0.0_0.0With_background1num56.dat Diff-Evol    1.0e-04 0 1 1 0     NFW      360.0000  -0.0033     -2.567 0.794 180   3.60   -1.6       -770.5585       -1518.621  1602 360.0000  -0.0033     -0.961 0.142  22   0.62    0.899
2018-05-16-13:49:30 1.15  Mocks_Mamon/MockNFW80ellip0.5loga-2.08PA50center0.0_0.0With_background1num57.dat Diff-Evol    1.0e-04 0 1 1 0     NFW      359.9999  -0.0001     -2.279 0.765  48   3.51   -2.2       -526.6821       -1030.839  1179 359.9999  -0.0001     -0.935 0.044 171   0.51    0.646
2018-05-16-13:49:30 1.15  Mocks_Mamon/MockNFW80ellip0.5loga-2.08PA50center0.0_0.0With_background1num58.dat Diff-Evol    1.0e-04 0 1 1 0     NFW        0.0000   0.0000     -2.575 0.377  46   3.55   -1.9       -583.2517       -1144.007  1116   0.0000   0.0000     -0.972 0.040 172   0.55    0.618
2018-05-16-13:49:30 1.15  Mocks_Mamon/MockNFW80ellip0.5loga-2.08PA50center0.0_0.0With_background1num59.dat Diff-Evol    1.0e-04 0 1 1 0     NFW        0.0007  -0.0002     -2.574 0.454  71   3.49    0.2       -639.8335         -1257.2  1054   0.0007  -0.0002     -0.999 0.183   9   0.57    0.584
2018-05-16-13:49:30 1.15  Mocks_Mamon/MockNFW80ellip0.5loga-2.08PA50center0.0_0.0With_background1num60.dat Diff-Evol    1.0e-04 0 1 1 0     NFW        0.0005   0.0001     -2.578 0.516  37   3.52   -0.7       -616.0119       -1209.499   991   0.0005   0.0001     -0.988 0.107 175   0.56    0.551
2018-05-16-13:49:30 1.15  Mocks_Mamon/MockNFW80ellip0.5loga-2.08PA50center0.0_0.0With_background1num61.dat Diff-Evol    1.0e-04 0 1 1 0     NFW      359.9999  -0.0003     -2.575 0.525  51   3.57   -2.0       -617.7471       -1213.071  1178 359.9999  -0.0003     -0.972 0.088 144   0.57    0.653
2018-05-16-13:49:30 1.15  Mocks_Mamon/MockNFW80ellip0.5loga-2.08PA50center0.0_0.0With_background1num62.dat Diff-Evol    1.0e-04 0 1 1 0     NFW      359.9996  -0.0005     -2.575 0.628  31   3.55   -1.9       -596.3582        -1170.22  1344 359.9996  -0.0005     -0.963 0.083  13   0.55    0.750
2018-05-16-13:49:30 1.15  Mocks_Mamon/MockNFW80ellip0.5loga-2.08PA50center0.0_0.0With_background1num63.dat Diff-Evol    1.0e-04 0 1 1 0     NFW        0.0012  -0.0000     -2.574 0.305  43   3.54   -1.6        -603.457       -1184.462  1151   0.0012  -0.0000     -0.995 0.089 166   0.55    0.640
2018-05-16-13:49:30 1.15  Mocks_Mamon/MockNFW80ellip0.5loga-2.08PA50center0.0_0.0With_background1num64.dat Diff-Evol    1.0e-04 0 1 1 0     NFW      359.9978   0.0001     -2.572 0.550  58   3.46    1.1       -679.2025       -1335.909  1040 359.9978   0.0001     -0.996 0.085   5   0.57    0.578
2018-05-16-13:49:30 1.15  Mocks_Mamon/MockNFW80ellip0.5loga-2.08PA50center0.0_0.0With_background1num65.dat Diff-Evol    1.0e-04 0 1 1 0     NFW        0.0001  -0.0005     -2.573 0.631  58   3.52   -1.4       -587.8018       -1153.093  1158   0.0001  -0.0005     -0.993 0.105  27   0.54    0.641
2018-05-16-13:49:30 1.15  Mocks_Mamon/MockNFW80ellip0.5loga-2.08PA50center0.0_0.0With_background1num66.dat Diff-Evol    1.0e-04 0 1 1 0     NFW      359.9999   0.0007     -2.540 0.287  74   3.51   -0.2       -634.9014       -1247.336   701 359.9999   0.0007     -1.019 0.025  39   0.58    0.382
2018-05-16-13:49:30 1.15  Mocks_Mamon/MockNFW80ellip0.5loga-2.08PA50center0.0_0.0With_background1num67.dat Diff-Evol    1.0e-04 0 1 1 0     NFW      359.9998   0.0016     -2.570 0.378  53   3.49    0.1       -636.1781       -1249.846   936 359.9998   0.0016     -0.974 0.050   1   0.56    0.517
2018-05-16-13:49:30 1.15  Mocks_Mamon/MockNFW80ellip0.5loga-2.08PA50center0.0_0.0With_background1num68.dat Diff-Evol    1.0e-04 0 1 1 0     NFW      360.0000  -0.0000     -2.574 0.584  50   3.48   -0.4       -590.5471       -1158.584  1226 360.0000  -0.0000     -0.976 0.093 154   0.53    0.681
2018-05-16-13:49:30 1.15  Mocks_Mamon/MockNFW80ellip0.5loga-2.08PA50center0.0_0.0With_background1num69.dat Diff-Evol    1.0e-04 0 1 1 0     NFW      359.9998   0.0002     -2.155 0.784  31   3.56   -2.1       -645.2794       -1268.092   825 359.9998   0.0002     -0.996 0.191 160   0.58    0.462
2018-05-16-13:49:30 1.15  Mocks_Mamon/MockNFW80ellip0.5loga-2.08PA50center0.0_0.0With_background1num70.dat Diff-Evol    1.0e-04 0 1 1 0     NFW        0.0003   0.0008     -2.575 0.675  42   3.55   -1.4       -620.4009        -1218.32  1429   0.0003   0.0008     -0.965 0.099 135   0.56    0.786
2018-05-16-13:49:30 1.15  Mocks_Mamon/MockNFW80ellip0.5loga-2.08PA50center0.0_0.0With_background1num71.dat Diff-Evol    1.0e-04 0 1 1 0     NFW        0.0001   0.0001     -2.523 0.512  49   3.53   -1.9       -567.1251        -1111.74  1220   0.0001   0.0001     -0.976 0.052 177   0.53    0.673
2018-05-16-13:49:30 1.15  Mocks_Mamon/MockNFW80ellip0.5loga-2.08PA50center0.0_0.0With_background1num72.dat Diff-Evol    1.0e-04 0 1 1 0     NFW      359.9999   0.0007     -2.575 0.697  48   3.52   -1.1       -608.5896       -1194.669  1395 359.9999   0.0007     -0.951 0.060  26   0.55    0.765
2018-05-16-13:49:30 1.15  Mocks_Mamon/MockNFW80ellip0.5loga-2.08PA50center0.0_0.0With_background1num73.dat Diff-Evol    1.0e-04 0 1 1 0     NFW        0.0004  -0.0004     -2.575 0.539  42   3.56   -2.0       -610.7131        -1198.93  1248   0.0004  -0.0004     -0.953 0.043 161   0.56    0.693
2018-05-16-13:49:30 1.15  Mocks_Mamon/MockNFW80ellip0.5loga-2.08PA50center0.0_0.0With_background1num74.dat Diff-Evol    1.0e-04 0 1 1 0     NFW        0.0001  -0.0000     -2.365 0.760  41   3.53   -2.2       -568.9033        -1115.31  1636   0.0001  -0.0000     -0.961 0.110 179   0.53    0.901
2018-05-16-13:49:30 1.15  Mocks_Mamon/MockNFW80ellip0.5loga-2.08PA50center0.0_0.0With_background1num75.dat Diff-Evol    1.0e-04 0 1 1 0     NFW        0.0005  -0.0014     -2.571 0.327  28   3.47    0.7       -669.4782       -1316.489  1054   0.0005  -0.0014     -0.973 0.062 158   0.57    0.585
2018-05-16-13:49:30 1.15  Mocks_Mamon/MockNFW80ellip0.5loga-2.08PA50center0.0_0.0With_background1num76.dat Diff-Evol    1.0e-04 0 1 1 0     NFW        0.0003   0.0000     -2.576 0.490  44   3.55   -1.1       -646.7574       -1271.004  1178   0.0003   0.0000     -0.975 0.087 137   0.58    0.661
2018-05-16-13:49:30 1.15  Mocks_Mamon/MockNFW80ellip0.5loga-2.08PA50center0.0_0.0With_background1num77.dat Diff-Evol    1.0e-04 0 1 1 0     NFW      359.9989   0.0000     -2.573 0.614  45   3.48    0.1       -626.5471       -1230.584  1194 359.9989   0.0000     -0.996 0.113  29   0.55    0.656
2018-05-16-13:49:30 1.15  Mocks_Mamon/MockNFW80ellip0.5loga-2.08PA50center0.0_0.0With_background1num78.dat Diff-Evol    1.0e-04 0 1 1 0     NFW      359.9995  -0.0027     -2.568 0.473  36   3.48    0.9       -707.2436       -1391.962  1116 359.9995  -0.0027     -1.016 0.132 164   0.59    0.626
2018-05-16-13:49:30 1.15  Mocks_Mamon/MockNFW80ellip0.5loga-2.08PA50center0.0_0.0With_background1num79.dat Diff-Evol    1.0e-04 0 1 1 0     NFW        0.0003   0.0023     -2.569 0.201 174   3.46    1.5       -702.8942       -1383.292   915   0.0003   0.0023     -1.003 0.101  25   0.59    0.512
2018-05-16-13:49:30 1.15  Mocks_Mamon/MockNFW80ellip0.5loga-2.08PA50center0.0_0.0With_background1num80.dat Diff-Evol    1.0e-04 0 1 1 0     NFW      359.9996   0.0006     -2.572 0.241  49   3.51   -0.9       -605.0296       -1187.607   915 359.9996   0.0006     -0.974 0.022   4   0.55    0.506
2018-05-16-13:49:30 1.15  Mocks_Mamon/MockNFW80ellip0.5loga-2.08PA50center0.0_0.0With_background1num81.dat Diff-Evol    1.0e-04 0 1 1 0     NFW        0.0003  -0.0000     -2.574 0.624  68   3.51   -0.5       -622.0884       -1221.666  1088   0.0003  -0.0000     -1.009 0.114 161   0.55    0.605
2018-05-16-13:49:30 1.15  Mocks_Mamon/MockNFW80ellip0.5loga-2.08PA50center0.0_0.0With_background1num82.dat Diff-Evol    1.0e-04 0 1 1 0     NFW      359.9999  -0.0000     -2.574 0.489  55   3.49   -0.0       -632.7089       -1242.965  1374 359.9999  -0.0000     -1.003 0.134 175   0.56    0.790
2018-05-16-13:49:30 1.15  Mocks_Mamon/MockNFW80ellip0.5loga-2.08PA50center0.0_0.0With_background1num83.dat Diff-Evol    1.0e-04 0 1 1 0     NFW        0.0005  -0.0001     -2.578 0.536  45   3.52   -1.4       -575.4062       -1128.345  1088   0.0005  -0.0001     -0.961 0.061  34   0.54    0.604
2018-05-16-13:49:30 1.15  Mocks_Mamon/MockNFW80ellip0.5loga-2.08PA50center0.0_0.0With_background1num84.dat Diff-Evol    1.0e-04 0 1 1 0     NFW        0.0000   0.0003     -2.575 0.727  42   3.57   -2.0       -630.1222       -1237.763  1525   0.0000   0.0003     -0.980 0.097 139   0.57    0.845
2018-05-16-13:49:30 1.15  Mocks_Mamon/MockNFW80ellip0.5loga-2.08PA50center0.0_0.0With_background1num85.dat Diff-Evol    1.0e-04 0 1 1 0     NFW        0.0002  -0.0003     -2.574 0.484  51   3.52   -1.8       -556.8581       -1091.235   908   0.0002  -0.0003     -0.948 0.142  32   0.52    0.500
2018-05-16-13:49:30 1.15  Mocks_Mamon/MockNFW80ellip0.5loga-2.08PA50center0.0_0.0With_background1num86.dat Diff-Evol    1.0e-04 0 1 1 0     NFW      360.0000  -0.0007     -2.511 0.479  49   3.54   -2.0       -570.5882        -1118.68  1130 360.0000  -0.0007     -0.966 0.030   1   0.54    0.623
2018-05-16-13:49:30 1.15  Mocks_Mamon/MockNFW80ellip0.5loga-2.08PA50center0.0_0.0With_background1num87.dat Diff-Evol    1.0e-04 0 1 1 0     NFW        0.0000   0.0001     -2.106 0.590  36   3.53   -2.5       -560.3443       -1098.221   846   0.0000   0.0001     -0.944 0.105 177   0.53    0.462
2018-05-16-13:49:30 1.15  Mocks_Mamon/MockNFW80ellip0.5loga-2.08PA50center0.0_0.0With_background1num88.dat Diff-Evol    1.0e-04 0 1 1 0     NFW      359.9999  -0.0006     -2.576 0.564  61   3.50   -0.7       -590.2952       -1158.138  1261 359.9999  -0.0006     -0.938 0.089 138   0.54    0.693
2018-05-16-13:49:30 1.15  Mocks_Mamon/MockNFW80ellip0.5loga-2.08PA50center0.0_0.0With_background1num89.dat Diff-Evol    1.0e-04 0 1 1 0     NFW        0.0007  -0.0008     -2.572 0.555  46   3.57   -1.8       -633.5884       -1244.666  1123   0.0007  -0.0008     -0.972 0.103 174   0.57    0.623
2018-05-16-13:49:30 1.15  Mocks_Mamon/MockNFW80ellip0.5loga-2.08PA50center0.0_0.0With_background1num90.dat Diff-Evol    1.0e-04 0 1 1 0     NFW      359.9999   0.0007     -2.577 0.590  40   3.54   -1.2       -622.2559       -1222.016  1358 359.9999   0.0007     -0.963 0.104 138   0.56    0.761
2018-05-16-13:49:30 1.15  Mocks_Mamon/MockNFW80ellip0.5loga-2.08PA50center0.0_0.0With_background1num91.dat Diff-Evol    1.0e-04 0 1 1 0     NFW        0.0002   0.0004     -2.415 0.565  49   3.54   -1.8        -584.443       -1146.419   883   0.0002   0.0004     -0.995 0.192 140   0.55    0.477
2018-05-16-13:49:30 1.15  Mocks_Mamon/MockNFW80ellip0.5loga-2.08PA50center0.0_0.0With_background1num92.dat Diff-Evol    1.0e-04 0 1 1 0     NFW        0.0001   0.0002     -2.575 0.501  49   3.53    0.1       -691.7079       -1360.877   749   0.0001   0.0002     -0.980 0.075 169   0.60    0.416
2018-05-16-13:49:30 1.15  Mocks_Mamon/MockNFW80ellip0.5loga-2.08PA50center0.0_0.0With_background1num93.dat Diff-Evol    1.0e-04 0 1 1 0     NFW      359.9998   0.0000     -2.574 0.663  54   3.50   -0.7       -592.6912       -1162.843  1261 359.9998   0.0000     -0.975 0.090  27   0.53    0.699
2018-05-16-13:49:30 1.15  Mocks_Mamon/MockNFW80ellip0.5loga-2.08PA50center0.0_0.0With_background1num94.dat Diff-Evol    1.0e-04 0 1 1 0     NFW        0.0001   0.0001     -2.575 0.508  53   3.54   -1.9       -589.8394       -1157.183  1379   0.0001   0.0001     -0.979 0.039 153   0.54    0.765
2018-05-16-13:49:30 1.15  Mocks_Mamon/MockNFW80ellip0.5loga-2.08PA50center0.0_0.0With_background1num95.dat Diff-Evol    1.0e-04 0 1 1 0     NFW      359.9989   0.0000     -2.574 0.549  17   3.55   -1.7       -614.1887       -1205.896  1047 359.9989   0.0000     -0.950 0.050  22   0.56    0.577
2018-05-16-13:49:30 1.15  Mocks_Mamon/MockNFW80ellip0.5loga-2.08PA50center0.0_0.0With_background1num96.dat Diff-Evol    1.0e-04 0 1 1 0     NFW      360.0000   0.0001     -2.574 0.577  48   3.53   -1.8       -564.9217       -1107.347  1026 360.0000   0.0001     -0.991 0.040 175   0.53    0.565
2018-05-16-13:49:30 1.15  Mocks_Mamon/MockNFW80ellip0.5loga-2.08PA50center0.0_0.0With_background1num97.dat Diff-Evol    1.0e-04 0 1 1 0     NFW      359.9997  -0.0001     -2.574 0.560  45   3.53   -1.2       -613.4472       -1204.486   901 359.9997  -0.0001     -0.981 0.051  31   0.56    0.497
2018-05-16-13:49:30 1.15  Mocks_Mamon/MockNFW80ellip0.5loga-2.08PA50center0.0_0.0With_background1num98.dat Diff-Evol    1.0e-04 0 1 1 0     NFW      359.9996   0.0002     -2.283 0.584  59   3.58   -2.6        -631.776       -1241.114  1345 359.9996   0.0002     -0.975 0.079  35   0.58    0.748
2018-05-16-13:49:30 1.15  Mocks_Mamon/MockNFW80ellip0.5loga-2.08PA50center0.0_0.0With_background1num99.dat Diff-Evol    1.0e-04 0 1 1 0     NFW        0.0004   0.0000     -2.576 0.416  22   3.43    1.0       -606.4504       -1190.376   813   0.0004   0.0000     -0.984 0.088 166   0.54    0.437
