2018-05-16-13:49:24 1.15  Mocks_Mamon/MockNFW80ellip0.5loga-2.08PA50center0.0_0.0With_background1num0.dat L-BFGS-B     1.0e-04 0 1 1 0     NFW      360.0000   0.0003     -0.972 0.000 165   0.58  132.9       -606.8216       -1191.176   119 360.0000   0.0003     -1.007 0.109 165   0.57    0.064
2018-05-16-13:49:24 1.15  Mocks_Mamon/MockNFW80ellip0.5loga-2.08PA50center0.0_0.0With_background1num1.dat L-BFGS-B     1.0e-04 0 1 1 0     NFW      359.9999  -0.0004     -0.971 0.000 139   0.58  126.9       -566.5935        -1110.72   154 359.9999  -0.0004     -0.950 0.116 139   0.55    0.083
2018-05-16-13:49:24 1.15  Mocks_Mamon/MockNFW80ellip0.5loga-2.08PA50center0.0_0.0With_background1num2.dat L-BFGS-B     1.0e-04 0 1 1 0     NFW        0.0003   0.0002     -0.972 0.000   9   0.60  136.7       -621.8633       -1221.231    70   0.0003   0.0002     -0.991 0.062   9   0.58    0.037
2018-05-16-13:49:24 1.15  Mocks_Mamon/MockNFW80ellip0.5loga-2.08PA50center0.0_0.0With_background1num3.dat L-BFGS-B     1.0e-04 0 1 1 0     NFW      359.9987  -0.0001     -1.033 0.013 159   0.59  117.1       -633.6506       -1244.805    70 359.9987  -0.0001     -0.974 0.098 159   0.58    0.038
2018-05-16-13:49:24 1.15  Mocks_Mamon/MockNFW80ellip0.5loga-2.08PA50center0.0_0.0With_background1num4.dat L-BFGS-B     1.0e-04 0 1 1 0     NFW      359.9996   0.0001     -0.973 0.370  38   0.59  136.7       -629.4331       -1236.356    77 359.9996   0.0001     -0.987 0.073  38   0.58    0.040
2018-05-16-13:49:24 1.15  Mocks_Mamon/MockNFW80ellip0.5loga-2.08PA50center0.0_0.0With_background1num5.dat L-BFGS-B     1.0e-04 0 1 1 0     NFW        0.0001   0.0001     -1.049 0.087 167   0.54  100.4       -569.2628       -1116.044    35   0.0001   0.0001     -0.943 0.094 167   0.54    0.019
2018-05-16-13:49:24 1.15  Mocks_Mamon/MockNFW80ellip0.5loga-2.08PA50center0.0_0.0With_background1num6.dat L-BFGS-B     1.0e-04 0 1 1 0     NFW        0.0003   0.0002     -0.986 0.042  23   0.55  122.2        -580.447       -1138.412    28   0.0003   0.0002     -0.987 0.046  23   0.55    0.015
2018-05-16-13:49:24 1.15  Mocks_Mamon/MockNFW80ellip0.5loga-2.08PA50center0.0_0.0With_background1num7.dat L-BFGS-B     1.0e-04 0 1 1 0     NFW        0.0000  -0.0000     -1.094 0.041  20   0.53   88.6       -564.8542       -1107.227    35   0.0000  -0.0000     -0.963 0.046  20   0.53    0.018
2018-05-16-13:49:24 1.15  Mocks_Mamon/MockNFW80ellip0.5loga-2.08PA50center0.0_0.0With_background1num8.dat L-BFGS-B     1.0e-04 0 1 1 0     NFW      359.9995   0.0001     -1.038 0.014 153   0.53  101.0       -555.7694       -1089.057    28 359.9995   0.0001     -0.998 0.015 153   0.53    0.015
2018-05-16-13:49:24 1.15  Mocks_Mamon/MockNFW80ellip0.5loga-2.08PA50center0.0_0.0With_background1num9.dat L-BFGS-B     1.0e-04 0 1 1 0     NFW        0.0001   0.0002     -0.973 0.366  41   0.56  128.4       -589.2117       -1155.927    35   0.0001   0.0002     -0.946 0.150  41   0.56    0.018
2018-05-16-13:49:24 1.15  Mocks_Mamon/MockNFW80ellip0.5loga-2.08PA50center0.0_0.0With_background1num10.dat L-BFGS-B     1.0e-04 0 1 1 0     NFW      359.9999   0.0010     -1.288 0.047   2   0.59   65.1       -665.4005       -1308.276    35 359.9999   0.0010     -1.003 0.062   2   0.59    0.019
2018-05-16-13:49:24 1.15  Mocks_Mamon/MockNFW80ellip0.5loga-2.08PA50center0.0_0.0With_background1num11.dat L-BFGS-B     1.0e-04 0 1 1 0     NFW      360.0000  -0.0004     -0.973 0.013  25   0.58  131.4       -595.9469       -1169.383    28 360.0000  -0.0004     -0.977 0.048  25   0.57    0.018
2018-05-16-13:49:24 1.15  Mocks_Mamon/MockNFW80ellip0.5loga-2.08PA50center0.0_0.0With_background1num12.dat L-BFGS-B     1.0e-04 0 1 1 0     NFW        0.0003   0.0001     -0.972 0.000 172   0.56  122.4       -549.4094       -1076.352    98   0.0003   0.0001     -0.957 0.025 172   0.53    0.051
2018-05-16-13:49:24 1.15  Mocks_Mamon/MockNFW80ellip0.5loga-2.08PA50center0.0_0.0With_background1num13.dat L-BFGS-B     1.0e-04 0 1 1 0     NFW        0.0000   0.0000     -0.979 0.295   5   0.53  118.6       -549.7671        -1077.14    35   0.0000   0.0000     -0.982 0.101   5   0.53    0.018
2018-05-16-13:49:24 1.15  Mocks_Mamon/MockNFW80ellip0.5loga-2.08PA50center0.0_0.0With_background1num14.dat L-BFGS-B     1.0e-04 0 1 1 0     NFW        0.0002   0.0000     -0.972 0.000   5   0.55  121.6       -543.3809       -1064.266    70   0.0002   0.0000     -0.977 0.078   5   0.53    0.037
2018-05-16-13:49:24 1.15  Mocks_Mamon/MockNFW80ellip0.5loga-2.08PA50center0.0_0.0With_background1num15.dat L-BFGS-B     1.0e-04 0 1 1 0     NFW      360.0000  -0.0030     -1.434 0.261  12   0.61   51.6       -726.8985       -1431.286    28 360.0000  -0.0030     -0.959 0.038  12   0.62    0.015
2018-05-16-13:49:24 1.15  Mocks_Mamon/MockNFW80ellip0.5loga-2.08PA50center0.0_0.0With_background1num16.dat L-BFGS-B     1.0e-04 0 1 1 0     NFW        0.0000   0.0000     -1.002 0.065  17   0.57  122.4        -609.525       -1196.583    28   0.0000   0.0000     -0.991 0.068  17   0.57    0.015
2018-05-16-13:49:24 1.15  Mocks_Mamon/MockNFW80ellip0.5loga-2.08PA50center0.0_0.0With_background1num17.dat L-BFGS-B     1.0e-04 0 1 1 0     NFW        0.0004   0.0000     -1.174 0.095  18   0.53   72.2       -565.1486        -1107.83    35   0.0004   0.0000     -0.966 0.111  18   0.53    0.019
2018-05-16-13:49:24 1.15  Mocks_Mamon/MockNFW80ellip0.5loga-2.08PA50center0.0_0.0With_background1num18.dat L-BFGS-B     1.0e-04 0 1 1 0     NFW        0.0002  -0.0003     -1.249 0.027  12   0.56   64.6       -605.8563       -1189.217    63   0.0002  -0.0003     -0.986 0.034  12   0.56    0.032
2018-05-16-13:49:24 1.15  Mocks_Mamon/MockNFW80ellip0.5loga-2.08PA50center0.0_0.0With_background1num19.dat L-BFGS-B     1.0e-04 0 1 1 0     NFW        0.0001  -0.0002     -0.973 0.000  37   0.56  125.4       -573.2808       -1124.095   119   0.0001  -0.0002     -0.994 0.117  37   0.54    0.062
2018-05-16-13:49:24 1.15  Mocks_Mamon/MockNFW80ellip0.5loga-2.08PA50center0.0_0.0With_background1num20.dat L-BFGS-B     1.0e-04 0 1 1 0     NFW        0.0003  -0.0007     -1.176 0.075  25   0.59   83.7       -660.8978         -1299.3    35   0.0003  -0.0007     -1.041 0.084  25   0.59    0.019
2018-05-16-13:49:24 1.15  Mocks_Mamon/MockNFW80ellip0.5loga-2.08PA50center0.0_0.0With_background1num21.dat L-BFGS-B     1.0e-04 0 1 1 0     NFW        0.0010   0.0002     -1.146 0.000 140   0.58   86.4       -630.4807       -1238.408   126   0.0010   0.0002     -0.969 0.035 140   0.58    0.067
2018-05-16-13:49:24 1.15  Mocks_Mamon/MockNFW80ellip0.5loga-2.08PA50center0.0_0.0With_background1num22.dat L-BFGS-B     1.0e-04 0 1 1 0     NFW        0.0001   0.0003     -1.122 0.043  23   0.59   94.0        -646.329       -1270.105    35   0.0001   0.0003     -0.996 0.047  23   0.59    0.019
2018-05-16-13:49:24 1.15  Mocks_Mamon/MockNFW80ellip0.5loga-2.08PA50center0.0_0.0With_background1num23.dat L-BFGS-B     1.0e-04 0 1 1 0     NFW        0.0039  -0.0000     -1.476 0.308 178   0.60   47.9       -750.9821       -1479.454    35   0.0039  -0.0000     -0.995 0.091 178   0.61    0.018
2018-05-16-13:49:24 1.15  Mocks_Mamon/MockNFW80ellip0.5loga-2.08PA50center0.0_0.0With_background1num24.dat L-BFGS-B     1.0e-04 0 1 1 0     NFW        0.0000  -0.0000     -1.162 0.064 154   0.58   83.5       -635.1814       -1247.867    35   0.0000  -0.0000     -1.012 0.079 154   0.58    0.019
2018-05-16-13:49:24 1.15  Mocks_Mamon/MockNFW80ellip0.5loga-2.08PA50center0.0_0.0With_background1num25.dat L-BFGS-B     1.0e-04 0 1 1 0     NFW      359.9998  -0.0004     -0.971 0.000 138   0.60  135.2       -611.4936       -1200.535   112 359.9998  -0.0004     -0.968 0.109 138   0.57    0.060
2018-05-16-13:49:24 1.15  Mocks_Mamon/MockNFW80ellip0.5loga-2.08PA50center0.0_0.0With_background1num26.dat L-BFGS-B     1.0e-04 0 1 1 0     NFW        0.0000   0.0001     -1.087 0.006   3   0.54   91.3       -570.8506       -1119.249   119   0.0000   0.0001     -0.980 0.156   3   0.54    0.063
2018-05-16-13:49:24 1.15  Mocks_Mamon/MockNFW80ellip0.5loga-2.08PA50center0.0_0.0With_background1num27.dat L-BFGS-B     1.0e-04 0 1 1 0     NFW      360.0000   0.0001     -1.291 0.205   1   0.54   57.2       -591.6799       -1160.893    28 360.0000   0.0001     -1.012 0.076   1   0.54    0.015
2018-05-16-13:49:24 1.15  Mocks_Mamon/MockNFW80ellip0.5loga-2.08PA50center0.0_0.0With_background1num28.dat L-BFGS-B     1.0e-04 0 1 1 0     NFW        0.0004  -0.0000     -0.974 0.006  15   0.62  131.6       -604.6916       -1186.916    49   0.0004  -0.0000     -0.999 0.138  15   0.57    0.027
2018-05-16-13:49:24 1.15  Mocks_Mamon/MockNFW80ellip0.5loga-2.08PA50center0.0_0.0With_background1num29.dat L-BFGS-B     1.0e-04 0 1 1 0     NFW        0.0003  -0.0002     -1.168 0.130  44   0.57   79.9       -614.3812       -1206.252    35   0.0003  -0.0002     -0.976 0.036  44   0.57    0.018
2018-05-16-13:49:24 1.15  Mocks_Mamon/MockNFW80ellip0.5loga-2.08PA50center0.0_0.0With_background1num30.dat L-BFGS-B     1.0e-04 0 1 1 0     NFW        0.0000   0.0005     -0.971 0.013   3   0.57  129.9       -588.7983         -1155.1    35   0.0000   0.0005     -0.967 0.047   3   0.56    0.019
2018-05-16-13:49:24 1.15  Mocks_Mamon/MockNFW80ellip0.5loga-2.08PA50center0.0_0.0With_background1num31.dat L-BFGS-B     1.0e-04 0 1 1 0     NFW        0.0001   0.0003     -0.973 0.335  33   0.56  128.4       -592.3629       -1162.259    77   0.0001   0.0003     -0.966 0.129  33   0.56    0.040
2018-05-16-13:49:24 1.15  Mocks_Mamon/MockNFW80ellip0.5loga-2.08PA50center0.0_0.0With_background1num32.dat L-BFGS-B     1.0e-04 0 1 1 0     NFW        0.0000  -0.0001     -0.974 0.027  37   0.57  126.9       -561.8584       -1101.221    28   0.0000  -0.0001     -0.964 0.065  37   0.55    0.015
2018-05-16-13:49:24 1.15  Mocks_Mamon/MockNFW80ellip0.5loga-2.08PA50center0.0_0.0With_background1num33.dat L-BFGS-B     1.0e-04 0 1 1 0     NFW      359.9997  -0.0001     -0.972 0.020 146   0.56  129.9       -590.5174       -1158.553    21 359.9997  -0.0001     -0.970 0.031 146   0.56    0.012
2018-05-16-13:49:24 1.15  Mocks_Mamon/MockNFW80ellip0.5loga-2.08PA50center0.0_0.0With_background1num34.dat L-BFGS-B     1.0e-04 0 1 1 0     NFW        0.0009  -0.0001     -0.971 0.000  36   0.65  127.6       -574.6534       -1126.782   140   0.0009  -0.0001     -0.990 0.124  36   0.55    0.075
2018-05-16-13:49:24 1.15  Mocks_Mamon/MockNFW80ellip0.5loga-2.08PA50center0.0_0.0With_background1num35.dat L-BFGS-B     1.0e-04 0 1 1 0     NFW        0.0005  -0.0006     -0.971 0.027 160   0.54  123.1        -562.442       -1102.461    21   0.0005  -0.0006     -0.954 0.046 160   0.53    0.011
2018-05-16-13:49:24 1.15  Mocks_Mamon/MockNFW80ellip0.5loga-2.08PA50center0.0_0.0With_background1num36.dat L-BFGS-B     1.0e-04 0 1 1 0     NFW        0.0001   0.0002     -1.109 0.037 179   0.54   87.8       -581.8509        -1141.22    35   0.0001   0.0002     -0.959 0.043 179   0.54    0.019
2018-05-16-13:49:24 1.15  Mocks_Mamon/MockNFW80ellip0.5loga-2.08PA50center0.0_0.0With_background1num37.dat L-BFGS-B     1.0e-04 0 1 1 0     NFW      359.9992  -0.0012     -0.978 0.029  28   0.58  128.2        -590.249       -1158.002    35 359.9992  -0.0012     -0.991 0.112  28   0.56    0.019
2018-05-16-13:49:24 1.15  Mocks_Mamon/MockNFW80ellip0.5loga-2.08PA50center0.0_0.0With_background1num38.dat L-BFGS-B     1.0e-04 0 1 1 0     NFW      359.9999   0.0001     -1.046 0.106 159   0.54  101.4       -568.0193       -1113.557    35 359.9999   0.0001     -0.963 0.112 159   0.54    0.019
2018-05-16-13:49:24 1.15  Mocks_Mamon/MockNFW80ellip0.5loga-2.08PA50center0.0_0.0With_background1num39.dat L-BFGS-B     1.0e-04 0 1 1 0     NFW      359.9999   0.0005     -1.135 0.078 178   0.54   81.7       -581.0591       -1139.593    35 359.9999   0.0005     -1.010 0.086 178   0.54    0.019
2018-05-16-13:49:24 1.15  Mocks_Mamon/MockNFW80ellip0.5loga-2.08PA50center0.0_0.0With_background1num40.dat L-BFGS-B     1.0e-04 0 1 1 0     NFW      359.9999  -0.0007     -1.057 0.008 150   0.57  106.0       -613.7896       -1205.112    84 359.9999  -0.0007     -0.963 0.107 150   0.57    0.046
2018-05-16-13:49:24 1.15  Mocks_Mamon/MockNFW80ellip0.5loga-2.08PA50center0.0_0.0With_background1num41.dat L-BFGS-B     1.0e-04 0 1 1 0     NFW      359.9999  -0.0003     -0.974 0.013 138   0.59  132.2          -600.4       -1178.318    35 359.9999  -0.0003     -0.961 0.045 138   0.57    0.019
2018-05-16-13:49:24 1.15  Mocks_Mamon/MockNFW80ellip0.5loga-2.08PA50center0.0_0.0With_background1num42.dat L-BFGS-B     1.0e-04 0 1 1 0     NFW      359.9993  -0.0001     -1.336 0.026   7   0.56   53.5       -607.1321       -1191.783    35 359.9993  -0.0001     -0.992 0.035   7   0.56    0.019
2018-05-16-13:49:24 1.15  Mocks_Mamon/MockNFW80ellip0.5loga-2.08PA50center0.0_0.0With_background1num43.dat L-BFGS-B     1.0e-04 0 1 1 0     NFW        0.0002  -0.0001     -0.976 0.011 175   0.56  124.5        -570.302       -1118.137    56   0.0002  -0.0001     -0.978 0.078 175   0.55    0.030
2018-05-16-13:49:24 1.15  Mocks_Mamon/MockNFW80ellip0.5loga-2.08PA50center0.0_0.0With_background1num44.dat L-BFGS-B     1.0e-04 0 1 1 0     NFW      359.9999   0.0002     -0.994 0.005 171   0.61  133.8       -646.7324       -1270.954    21 359.9999   0.0002     -1.005 0.007 171   0.60    0.012
2018-05-16-13:49:24 1.15  Mocks_Mamon/MockNFW80ellip0.5loga-2.08PA50center0.0_0.0With_background1num45.dat L-BFGS-B     1.0e-04 0 1 1 0     NFW      359.9999   0.0000     -0.976 0.003  13   0.57  119.6       -554.5757        -1086.67    70 359.9999   0.0000     -0.953 0.174  13   0.53    0.037
2018-05-16-13:49:24 1.15  Mocks_Mamon/MockNFW80ellip0.5loga-2.08PA50center0.0_0.0With_background1num46.dat L-BFGS-B     1.0e-04 0 1 1 0     NFW        0.0001   0.0001     -0.972 0.000 139   0.61  129.2       -571.6386       -1120.854   140   0.0001   0.0001     -0.950 0.162 139   0.56    0.074
2018-05-16-13:49:24 1.15  Mocks_Mamon/MockNFW80ellip0.5loga-2.08PA50center0.0_0.0With_background1num47.dat L-BFGS-B     1.0e-04 0 1 1 0     NFW      359.9998   0.0001     -1.125 0.006 177   0.55   86.0       -593.4553       -1164.443    91 359.9998   0.0001     -0.986 0.098 177   0.55    0.049
2018-05-16-13:49:24 1.15  Mocks_Mamon/MockNFW80ellip0.5loga-2.08PA50center0.0_0.0With_background1num48.dat L-BFGS-B     1.0e-04 0 1 1 0     NFW        0.0000   0.0004     -1.043 0.043 180   0.54  103.3       -576.6513       -1130.807    28   0.0000   0.0004     -1.002 0.044 180   0.54    0.015
2018-05-16-13:49:24 1.15  Mocks_Mamon/MockNFW80ellip0.5loga-2.08PA50center0.0_0.0With_background1num49.dat L-BFGS-B     1.0e-04 0 1 1 0     NFW        0.0002   0.0000     -1.044 0.031  21   0.56  106.4       -593.6094       -1164.752    35   0.0002   0.0000     -0.969 0.036  21   0.56    0.019
2018-05-16-13:49:24 1.15  Mocks_Mamon/MockNFW80ellip0.5loga-2.08PA50center0.0_0.0With_background1num50.dat L-BFGS-B     1.0e-04 0 1 1 0     NFW        0.0003  -0.0001     -0.972 0.038  35   0.59  135.1       -604.2101       -1185.982    21   0.0003  -0.0001     -0.972 0.062  35   0.57    0.012
2018-05-16-13:49:24 1.15  Mocks_Mamon/MockNFW80ellip0.5loga-2.08PA50center0.0_0.0With_background1num51.dat L-BFGS-B     1.0e-04 0 1 1 0     NFW        0.0002   0.0004     -1.136 0.185   6   0.53   79.8        -567.361       -1112.299    35   0.0002   0.0004     -0.975 0.112   6   0.53    0.018
2018-05-16-13:49:24 1.15  Mocks_Mamon/MockNFW80ellip0.5loga-2.08PA50center0.0_0.0With_background1num52.dat L-BFGS-B     1.0e-04 0 1 1 0     NFW      359.9994   0.0003     -1.239 0.000 138   0.59   71.5       -652.0805       -1281.708   105 359.9994   0.0003     -0.997 0.061 138   0.59    0.056
2018-05-16-13:49:24 1.15  Mocks_Mamon/MockNFW80ellip0.5loga-2.08PA50center0.0_0.0With_background1num53.dat L-BFGS-B     1.0e-04 0 1 1 0     NFW      359.9994   0.0001     -1.014 0.097   3   0.58  122.6       -631.1906       -1239.856    35 359.9994   0.0001     -0.992 0.099   3   0.58    0.019
2018-05-16-13:49:24 1.15  Mocks_Mamon/MockNFW80ellip0.5loga-2.08PA50center0.0_0.0With_background1num54.dat L-BFGS-B     1.0e-04 0 1 1 0     NFW      359.9983  -0.0000     -0.968 0.028  24   0.58  129.9       -578.6843       -1134.931    35 359.9983  -0.0000     -0.954 0.105  24   0.55    0.019
2018-05-16-13:49:24 1.15  Mocks_Mamon/MockNFW80ellip0.5loga-2.08PA50center0.0_0.0With_background1num55.dat L-BFGS-B     1.0e-04 0 1 1 0     NFW        0.0002   0.0002     -0.995 0.422  41   0.56  121.7        -598.898       -1175.358    28   0.0002   0.0002     -1.026 0.133  41   0.56    0.015
2018-05-16-13:49:24 1.15  Mocks_Mamon/MockNFW80ellip0.5loga-2.08PA50center0.0_0.0With_background1num56.dat L-BFGS-B     1.0e-04 0 1 1 0     NFW      360.0000  -0.0033     -1.224 0.248  22   0.62   80.2       -718.5828        -1414.67    35 360.0000  -0.0033     -0.961 0.142  22   0.62    0.018
2018-05-16-13:49:24 1.15  Mocks_Mamon/MockNFW80ellip0.5loga-2.08PA50center0.0_0.0With_background1num57.dat L-BFGS-B     1.0e-04 0 1 1 0     NFW      359.9999  -0.0001     -0.975 0.013 171   0.52  114.8        -515.451       -1008.377    35 359.9999  -0.0001     -0.935 0.044 171   0.51    0.019
2018-05-16-13:49:24 1.15  Mocks_Mamon/MockNFW80ellip0.5loga-2.08PA50center0.0_0.0With_background1num58.dat L-BFGS-B     1.0e-04 0 1 1 0     NFW        0.0000   0.0000     -0.973 0.023 172   0.55  126.2       -571.2093       -1119.922    21   0.0000   0.0000     -0.972 0.040 172   0.55    0.012
2018-05-16-13:49:24 1.15  Mocks_Mamon/MockNFW80ellip0.5loga-2.08PA50center0.0_0.0With_background1num59.dat L-BFGS-B     1.0e-04 0 1 1 0     NFW        0.0007  -0.0002     -1.277 0.001   9   0.57   62.1       -620.7294       -1218.992   140   0.0007  -0.0002     -0.999 0.183   9   0.57    0.075
2018-05-16-13:49:24 1.15  Mocks_Mamon/MockNFW80ellip0.5loga-2.08PA50center0.0_0.0With_background1num60.dat L-BFGS-B     1.0e-04 0 1 1 0     NFW        0.0005   0.0001     -1.104 0.163 175   0.56   91.9       -599.6661       -1176.807    35   0.0005   0.0001     -0.988 0.107 175   0.56    0.018
2018-05-16-13:49:24 1.15  Mocks_Mamon/MockNFW80ellip0.5loga-2.08PA50center0.0_0.0With_background1num61.dat L-BFGS-B     1.0e-04 0 1 1 0     NFW      359.9999  -0.0003     -0.973 0.000 144   0.59  132.2       -600.1217        -1177.82   105 359.9999  -0.0003     -0.972 0.088 144   0.57    0.056
2018-05-16-13:49:24 1.15  Mocks_Mamon/MockNFW80ellip0.5loga-2.08PA50center0.0_0.0With_background1num62.dat L-BFGS-B     1.0e-04 0 1 1 0     NFW      359.9996  -0.0005     -0.973 0.041  13   0.57  127.7       -574.4215       -1126.347    28 359.9996  -0.0005     -0.963 0.083  13   0.55    0.015
2018-05-16-13:49:24 1.15  Mocks_Mamon/MockNFW80ellip0.5loga-2.08PA50center0.0_0.0With_background1num63.dat L-BFGS-B     1.0e-04 0 1 1 0     NFW        0.0012  -0.0000     -0.975 0.013 166   0.57  127.9       -590.0739       -1157.695    56   0.0012  -0.0000     -0.995 0.089 166   0.55    0.030
2018-05-16-13:49:24 1.15  Mocks_Mamon/MockNFW80ellip0.5loga-2.08PA50center0.0_0.0With_background1num64.dat L-BFGS-B     1.0e-04 0 1 1 0     NFW      359.9978   0.0001     -1.474 0.058   5   0.57   42.9       -647.6692       -1272.842    35 359.9978   0.0001     -0.996 0.085   5   0.57    0.019
2018-05-16-13:49:24 1.15  Mocks_Mamon/MockNFW80ellip0.5loga-2.08PA50center0.0_0.0With_background1num65.dat L-BFGS-B     1.0e-04 0 1 1 0     NFW        0.0001  -0.0005     -1.089 0.097  27   0.54   90.6       -571.0848       -1119.659    35   0.0001  -0.0005     -0.993 0.105  27   0.54    0.019
2018-05-16-13:49:24 1.15  Mocks_Mamon/MockNFW80ellip0.5loga-2.08PA50center0.0_0.0With_background1num66.dat L-BFGS-B     1.0e-04 0 1 1 0     NFW      359.9999   0.0007     -1.161 0.094  39   0.58   82.5       -627.6035        -1232.74    35 359.9999   0.0007     -1.019 0.025  39   0.58    0.018
2018-05-16-13:49:24 1.15  Mocks_Mamon/MockNFW80ellip0.5loga-2.08PA50center0.0_0.0With_background1num67.dat L-BFGS-B     1.0e-04 0 1 1 0     NFW      359.9998   0.0016     -1.268 0.033   1   0.56   63.2       -620.0279       -1217.545    70 359.9998   0.0016     -0.974 0.050   1   0.56    0.036
2018-05-16-13:49:24 1.15  Mocks_Mamon/MockNFW80ellip0.5loga-2.08PA50center0.0_0.0With_background1num68.dat L-BFGS-B     1.0e-04 0 1 1 0     NFW      360.0000  -0.0000     -1.227 0.010 154   0.53   64.0       -566.5181       -1110.526    84 360.0000  -0.0000     -0.976 0.093 154   0.53    0.045
2018-05-16-13:49:24 1.15  Mocks_Mamon/MockNFW80ellip0.5loga-2.08PA50center0.0_0.0With_background1num69.dat L-BFGS-B     1.0e-04 0 1 1 0     NFW      359.9998   0.0002     -0.974 0.020 160   0.61  137.3       -625.2954       -1228.124    49 359.9998   0.0002     -0.996 0.191 160   0.58    0.027
2018-05-16-13:49:24 1.15  Mocks_Mamon/MockNFW80ellip0.5loga-2.08PA50center0.0_0.0With_background1num70.dat L-BFGS-B     1.0e-04 0 1 1 0     NFW        0.0003   0.0008     -0.972 0.000 135   0.59  131.4       -598.5086       -1174.536   105   0.0003   0.0008     -0.965 0.099 135   0.56    0.056
2018-05-16-13:49:24 1.15  Mocks_Mamon/MockNFW80ellip0.5loga-2.08PA50center0.0_0.0With_background1num71.dat L-BFGS-B     1.0e-04 0 1 1 0     NFW        0.0001   0.0001     -0.973 0.013 177   0.54  122.8       -559.4607       -1096.411    35   0.0001   0.0001     -0.976 0.052 177   0.53    0.019
2018-05-16-13:49:24 1.15  Mocks_Mamon/MockNFW80ellip0.5loga-2.08PA50center0.0_0.0With_background1num72.dat L-BFGS-B     1.0e-04 0 1 1 0     NFW      359.9999   0.0007     -0.973 0.065  26   0.55  127.7       -583.7343       -1144.958    28 359.9999   0.0007     -0.951 0.060  26   0.55    0.015
2018-05-16-13:49:24 1.15  Mocks_Mamon/MockNFW80ellip0.5loga-2.08PA50center0.0_0.0With_background1num73.dat L-BFGS-B     1.0e-04 0 1 1 0     NFW        0.0004  -0.0004     -0.973 0.024 161   0.57  130.7       -592.0348       -1161.574    21   0.0004  -0.0004     -0.953 0.043 161   0.56    0.012
2018-05-16-13:49:24 1.15  Mocks_Mamon/MockNFW80ellip0.5loga-2.08PA50center0.0_0.0With_background1num74.dat L-BFGS-B     1.0e-04 0 1 1 0     NFW        0.0001  -0.0000     -0.973 0.262 179   0.54  122.4       -552.9403       -1083.385    49   0.0001  -0.0000     -0.961 0.110 179   0.53    0.027
2018-05-16-13:49:24 1.15  Mocks_Mamon/MockNFW80ellip0.5loga-2.08PA50center0.0_0.0With_background1num75.dat L-BFGS-B     1.0e-04 0 1 1 0     NFW        0.0005  -0.0014     -1.425 0.043 158   0.57   47.0       -643.7222       -1264.977    35   0.0005  -0.0014     -0.973 0.062 158   0.57    0.019
2018-05-16-13:49:24 1.15  Mocks_Mamon/MockNFW80ellip0.5loga-2.08PA50center0.0_0.0With_background1num76.dat L-BFGS-B     1.0e-04 0 1 1 0     NFW        0.0003   0.0000     -1.036 0.079 137   0.58  115.4       -629.4348       -1236.359    35   0.0003   0.0000     -0.975 0.087 137   0.58    0.019
2018-05-16-13:49:24 1.15  Mocks_Mamon/MockNFW80ellip0.5loga-2.08PA50center0.0_0.0With_background1num77.dat L-BFGS-B     1.0e-04 0 1 1 0     NFW      359.9989   0.0000     -1.249 0.222  29   0.55   64.5       -609.5103        -1196.51    28 359.9989   0.0000     -0.996 0.113  29   0.55    0.015
2018-05-16-13:49:24 1.15  Mocks_Mamon/MockNFW80ellip0.5loga-2.08PA50center0.0_0.0With_background1num78.dat L-BFGS-B     1.0e-04 0 1 1 0     NFW      359.9995  -0.0027     -1.538 0.087 164   0.58   40.0       -683.6909       -1344.857    35 359.9995  -0.0027     -1.016 0.132 164   0.59    0.019
2018-05-16-13:49:24 1.15  Mocks_Mamon/MockNFW80ellip0.5loga-2.08PA50center0.0_0.0With_background1num79.dat L-BFGS-B     1.0e-04 0 1 1 0     NFW        0.0003   0.0023     -1.477 0.069  25   0.59   44.6       -679.2352       -1335.974    35   0.0003   0.0023     -1.003 0.101  25   0.59    0.019
2018-05-16-13:49:24 1.15  Mocks_Mamon/MockNFW80ellip0.5loga-2.08PA50center0.0_0.0With_background1num80.dat L-BFGS-B     1.0e-04 0 1 1 0     NFW      359.9996   0.0006     -1.039 0.050   4   0.55  107.2       -593.1044       -1163.756    42 359.9996   0.0006     -0.974 0.022   4   0.55    0.022
2018-05-16-13:49:24 1.15  Mocks_Mamon/MockNFW80ellip0.5loga-2.08PA50center0.0_0.0With_background1num81.dat L-BFGS-B     1.0e-04 0 1 1 0     NFW        0.0003  -0.0000     -1.247 0.093 161   0.55   64.9       -604.6901        -1186.87    35   0.0003  -0.0000     -1.009 0.114 161   0.55    0.019
2018-05-16-13:49:24 1.15  Mocks_Mamon/MockNFW80ellip0.5loga-2.08PA50center0.0_0.0With_background1num82.dat L-BFGS-B     1.0e-04 0 1 1 0     NFW      359.9999  -0.0000     -1.274 0.107 175   0.56   61.9       -612.1945       -1201.937    35 359.9999  -0.0000     -1.003 0.134 175   0.56    0.021
2018-05-16-13:49:24 1.15  Mocks_Mamon/MockNFW80ellip0.5loga-2.08PA50center0.0_0.0With_background1num83.dat L-BFGS-B     1.0e-04 0 1 1 0     NFW        0.0005  -0.0001     -0.976 0.252  34   0.54  121.6       -558.6524       -1094.838    35   0.0005  -0.0001     -0.961 0.061  34   0.54    0.018
2018-05-16-13:49:24 1.15  Mocks_Mamon/MockNFW80ellip0.5loga-2.08PA50center0.0_0.0With_background1num84.dat L-BFGS-B     1.0e-04 0 1 1 0     NFW        0.0000   0.0003     -0.973 0.042 139   0.58  133.7       -608.3836       -1194.286    28   0.0000   0.0003     -0.980 0.097 139   0.57    0.016
2018-05-16-13:49:24 1.15  Mocks_Mamon/MockNFW80ellip0.5loga-2.08PA50center0.0_0.0With_background1num85.dat L-BFGS-B     1.0e-04 0 1 1 0     NFW        0.0002  -0.0003     -0.972 0.249  32   0.53  120.1        -546.132       -1069.782    49   0.0002  -0.0003     -0.948 0.142  32   0.52    0.025
2018-05-16-13:49:24 1.15  Mocks_Mamon/MockNFW80ellip0.5loga-2.08PA50center0.0_0.0With_background1num86.dat L-BFGS-B     1.0e-04 0 1 1 0     NFW      360.0000  -0.0007     -0.970 0.018   1   0.54  124.6       -561.5751       -1100.654    21 360.0000  -0.0007     -0.966 0.030   1   0.54    0.011
2018-05-16-13:49:24 1.15  Mocks_Mamon/MockNFW80ellip0.5loga-2.08PA50center0.0_0.0With_background1num87.dat L-BFGS-B     1.0e-04 0 1 1 0     NFW        0.0000   0.0001     -0.973 0.066 177   0.54  122.4       -551.6364       -1080.806    21   0.0000   0.0001     -0.944 0.105 177   0.53    0.012
2018-05-16-13:49:24 1.15  Mocks_Mamon/MockNFW80ellip0.5loga-2.08PA50center0.0_0.0With_background1num88.dat L-BFGS-B     1.0e-04 0 1 1 0     NFW      359.9999  -0.0006     -1.075 0.000 138   0.54   93.9       -568.1741       -1113.896   133 359.9999  -0.0006     -0.938 0.089 138   0.54    0.071
2018-05-16-13:49:24 1.15  Mocks_Mamon/MockNFW80ellip0.5loga-2.08PA50center0.0_0.0With_background1num89.dat L-BFGS-B     1.0e-04 0 1 1 0     NFW        0.0007  -0.0008     -0.970 0.006 174   0.59  136.0       -614.6803        -1206.85    28   0.0007  -0.0008     -0.972 0.103 174   0.57    0.015
2018-05-16-13:49:24 1.15  Mocks_Mamon/MockNFW80ellip0.5loga-2.08PA50center0.0_0.0With_background1num90.dat L-BFGS-B     1.0e-04 0 1 1 0     NFW      359.9999   0.0007     -0.979 0.000 138   0.58  128.5       -597.0831        -1171.67   140 359.9999   0.0007     -0.963 0.104 138   0.56    0.074
2018-05-16-13:49:24 1.15  Mocks_Mamon/MockNFW80ellip0.5loga-2.08PA50center0.0_0.0With_background1num91.dat L-BFGS-B     1.0e-04 0 1 1 0     NFW        0.0002   0.0004     -0.972 0.000 140   0.57  126.1       -573.7629       -1125.059   126   0.0002   0.0004     -0.995 0.192 140   0.55    0.067
2018-05-16-13:49:24 1.15  Mocks_Mamon/MockNFW80ellip0.5loga-2.08PA50center0.0_0.0With_background1num92.dat L-BFGS-B     1.0e-04 0 1 1 0     NFW        0.0001   0.0002     -1.232 0.062 169   0.60   74.3       -666.8717       -1311.204    35   0.0001   0.0002     -0.980 0.075 169   0.60    0.019
2018-05-16-13:49:24 1.15  Mocks_Mamon/MockNFW80ellip0.5loga-2.08PA50center0.0_0.0With_background1num93.dat L-BFGS-B     1.0e-04 0 1 1 0     NFW      359.9998   0.0000     -1.129 0.074  27   0.54   81.7       -569.6585       -1116.778    35 359.9998   0.0000     -0.975 0.090  27   0.53    0.019
2018-05-16-13:49:24 1.15  Mocks_Mamon/MockNFW80ellip0.5loga-2.08PA50center0.0_0.0With_background1num94.dat L-BFGS-B     1.0e-04 0 1 1 0     NFW        0.0001   0.0001     -0.975 0.013 153   0.56  124.7       -567.1155       -1111.735    35   0.0001   0.0001     -0.979 0.039 153   0.54    0.019
2018-05-16-13:49:24 1.15  Mocks_Mamon/MockNFW80ellip0.5loga-2.08PA50center0.0_0.0With_background1num95.dat L-BFGS-B     1.0e-04 0 1 1 0     NFW      359.9989   0.0000     -0.972 0.054  22   0.56  131.4       -598.9449       -1175.408    28 359.9989   0.0000     -0.950 0.050  22   0.56    0.015
2018-05-16-13:49:24 1.15  Mocks_Mamon/MockNFW80ellip0.5loga-2.08PA50center0.0_0.0With_background1num96.dat L-BFGS-B     1.0e-04 0 1 1 0     NFW      360.0000   0.0001     -0.983 0.023 175   0.53  117.2       -550.7715       -1079.047    21 360.0000   0.0001     -0.991 0.040 175   0.53    0.011
2018-05-16-13:49:24 1.15  Mocks_Mamon/MockNFW80ellip0.5loga-2.08PA50center0.0_0.0With_background1num97.dat L-BFGS-B     1.0e-04 0 1 1 0     NFW      359.9997  -0.0001     -1.117 0.116  31   0.56   88.6       -601.5163       -1180.624    35 359.9997  -0.0001     -0.981 0.051  31   0.56    0.018
2018-05-16-13:49:24 1.15  Mocks_Mamon/MockNFW80ellip0.5loga-2.08PA50center0.0_0.0With_background1num98.dat L-BFGS-B     1.0e-04 0 1 1 0     NFW      359.9996   0.0002     -0.974 0.047  35   0.60  137.4       -618.3975       -1214.357    21 359.9996   0.0002     -0.975 0.079  35   0.58    0.012
2018-05-16-13:49:24 1.15  Mocks_Mamon/MockNFW80ellip0.5loga-2.08PA50center0.0_0.0With_background1num99.dat L-BFGS-B     1.0e-04 0 1 1 0     NFW        0.0004   0.0000     -1.332 0.243 166   0.54   52.0       -592.7204       -1162.916    28   0.0004   0.0000     -0.984 0.088 166   0.54    0.014
