2018-05-16-13:51:05 1.15  Mocks_Mamon/MockNFW80ellip0.5loga-2.08PA50center0.0_0.0With_background1num0.dat median-sep   0.0e+00 0 0 0 x     none      -0.0000   0.0003     -1.004 0.000   0 -99.00    0.0               0               0     0   0.0000   0.0000      0.000 0.000   0   0.00    0.019
2018-05-16-13:51:05 1.15  Mocks_Mamon/MockNFW80ellip0.5loga-2.08PA50center0.0_0.0With_background1num1.dat median-sep   0.0e+00 0 0 0 x     none      -0.0001  -0.0004     -0.973 0.000   0 -99.00    0.0               0               0     0   0.0000   0.0000      0.000 0.000   0   0.00    0.018
2018-05-16-13:51:05 1.15  Mocks_Mamon/MockNFW80ellip0.5loga-2.08PA50center0.0_0.0With_background1num2.dat median-sep   0.0e+00 0 0 0 x     none       0.0003   0.0002     -0.999 0.000   0 -99.00    0.0               0               0     0   0.0000   0.0000      0.000 0.000   0   0.00    0.018
2018-05-16-13:51:05 1.15  Mocks_Mamon/MockNFW80ellip0.5loga-2.08PA50center0.0_0.0With_background1num3.dat median-sep   0.0e+00 0 0 0 x     none      -0.0013  -0.0001     -1.001 0.000   0 -99.00    0.0               0               0     0   0.0000   0.0000      0.000 0.000   0   0.00    0.018
2018-05-16-13:51:05 1.15  Mocks_Mamon/MockNFW80ellip0.5loga-2.08PA50center0.0_0.0With_background1num4.dat median-sep   0.0e+00 0 0 0 x     none      -0.0004   0.0001     -0.996 0.000   0 -99.00    0.0               0               0     0   0.0000   0.0000      0.000 0.000   0   0.00    0.018
2018-05-16-13:51:05 1.15  Mocks_Mamon/MockNFW80ellip0.5loga-2.08PA50center0.0_0.0With_background1num5.dat median-sep   0.0e+00 0 0 0 x     none       0.0001   0.0001     -0.981 0.000   0 -99.00    0.0               0               0     0   0.0000   0.0000      0.000 0.000   0   0.00    0.018
2018-05-16-13:51:05 1.15  Mocks_Mamon/MockNFW80ellip0.5loga-2.08PA50center0.0_0.0With_background1num6.dat median-sep   0.0e+00 0 0 0 x     none       0.0003   0.0002     -0.990 0.000   0 -99.00    0.0               0               0     0   0.0000   0.0000      0.000 0.000   0   0.00    0.018
2018-05-16-13:51:05 1.15  Mocks_Mamon/MockNFW80ellip0.5loga-2.08PA50center0.0_0.0With_background1num7.dat median-sep   0.0e+00 0 0 0 x     none       0.0000  -0.0000     -0.976 0.000   0 -99.00    0.0               0               0     0   0.0000   0.0000      0.000 0.000   0   0.00    0.018
2018-05-16-13:51:05 1.15  Mocks_Mamon/MockNFW80ellip0.5loga-2.08PA50center0.0_0.0With_background1num8.dat median-sep   0.0e+00 0 0 0 x     none      -0.0005   0.0001     -0.992 0.000   0 -99.00    0.0               0               0     0   0.0000   0.0000      0.000 0.000   0   0.00    0.018
2018-05-16-13:51:05 1.15  Mocks_Mamon/MockNFW80ellip0.5loga-2.08PA50center0.0_0.0With_background1num9.dat median-sep   0.0e+00 0 0 0 x     none       0.0001   0.0002     -0.986 0.000   0 -99.00    0.0               0               0     0   0.0000   0.0000      0.000 0.000   0   0.00    0.018
2018-05-16-13:51:05 1.15  Mocks_Mamon/MockNFW80ellip0.5loga-2.08PA50center0.0_0.0With_background1num10.dat median-sep   0.0e+00 0 0 0 x     none      -0.0001   0.0010     -1.001 0.000   0 -99.00    0.0               0               0     0   0.0000   0.0000      0.000 0.000   0   0.00    0.019
2018-05-16-13:51:05 1.15  Mocks_Mamon/MockNFW80ellip0.5loga-2.08PA50center0.0_0.0With_background1num11.dat median-sep   0.0e+00 0 0 0 x     none      -0.0000  -0.0004     -0.988 0.000   0 -99.00    0.0               0               0     0   0.0000   0.0000      0.000 0.000   0   0.00    0.019
2018-05-16-13:51:05 1.15  Mocks_Mamon/MockNFW80ellip0.5loga-2.08PA50center0.0_0.0With_background1num12.dat median-sep   0.0e+00 0 0 0 x     none       0.0003   0.0001     -0.980 0.000   0 -99.00    0.0               0               0     0   0.0000   0.0000      0.000 0.000   0   0.00    0.018
2018-05-16-13:51:05 1.15  Mocks_Mamon/MockNFW80ellip0.5loga-2.08PA50center0.0_0.0With_background1num13.dat median-sep   0.0e+00 0 0 0 x     none       0.0000   0.0000     -0.986 0.000   0 -99.00    0.0               0               0     0   0.0000   0.0000      0.000 0.000   0   0.00    0.017
2018-05-16-13:51:05 1.15  Mocks_Mamon/MockNFW80ellip0.5loga-2.08PA50center0.0_0.0With_background1num14.dat median-sep   0.0e+00 0 0 0 x     none       0.0002   0.0000     -0.982 0.000   0 -99.00    0.0               0               0     0   0.0000   0.0000      0.000 0.000   0   0.00    0.019
2018-05-16-13:51:05 1.15  Mocks_Mamon/MockNFW80ellip0.5loga-2.08PA50center0.0_0.0With_background1num15.dat median-sep   0.0e+00 0 0 0 x     none      -0.0000  -0.0030     -0.991 0.000   0 -99.00    0.0               0               0     0   0.0000   0.0000      0.000 0.000   0   0.00    0.018
2018-05-16-13:51:05 1.15  Mocks_Mamon/MockNFW80ellip0.5loga-2.08PA50center0.0_0.0With_background1num16.dat median-sep   0.0e+00 0 0 0 x     none       0.0000   0.0000     -1.004 0.000   0 -99.00    0.0               0               0     0   0.0000   0.0000      0.000 0.000   0   0.00    0.018
2018-05-16-13:51:05 1.15  Mocks_Mamon/MockNFW80ellip0.5loga-2.08PA50center0.0_0.0With_background1num17.dat median-sep   0.0e+00 0 0 0 x     none       0.0004   0.0000     -0.980 0.000   0 -99.00    0.0               0               0     0   0.0000   0.0000      0.000 0.000   0   0.00    0.018
2018-05-16-13:51:05 1.15  Mocks_Mamon/MockNFW80ellip0.5loga-2.08PA50center0.0_0.0With_background1num18.dat median-sep   0.0e+00 0 0 0 x     none       0.0002  -0.0003     -1.004 0.000   0 -99.00    0.0               0               0     0   0.0000   0.0000      0.000 0.000   0   0.00    0.018
2018-05-16-13:51:05 1.15  Mocks_Mamon/MockNFW80ellip0.5loga-2.08PA50center0.0_0.0With_background1num19.dat median-sep   0.0e+00 0 0 0 x     none       0.0001  -0.0002     -0.988 0.000   0 -99.00    0.0               0               0     0   0.0000   0.0000      0.000 0.000   0   0.00    0.018
2018-05-16-13:51:05 1.15  Mocks_Mamon/MockNFW80ellip0.5loga-2.08PA50center0.0_0.0With_background1num20.dat median-sep   0.0e+00 0 0 0 x     none       0.0003  -0.0007     -1.019 0.000   0 -99.00    0.0               0               0     0   0.0000   0.0000      0.000 0.000   0   0.00    0.018
2018-05-16-13:51:05 1.15  Mocks_Mamon/MockNFW80ellip0.5loga-2.08PA50center0.0_0.0With_background1num21.dat median-sep   0.0e+00 0 0 0 x     none       0.0010   0.0002     -0.997 0.000   0 -99.00    0.0               0               0     0   0.0000   0.0000      0.000 0.000   0   0.00    0.019
2018-05-16-13:51:05 1.15  Mocks_Mamon/MockNFW80ellip0.5loga-2.08PA50center0.0_0.0With_background1num22.dat median-sep   0.0e+00 0 0 0 x     none       0.0001   0.0003     -1.004 0.000   0 -99.00    0.0               0               0     0   0.0000   0.0000      0.000 0.000   0   0.00    0.019
2018-05-16-13:51:05 1.15  Mocks_Mamon/MockNFW80ellip0.5loga-2.08PA50center0.0_0.0With_background1num23.dat median-sep   0.0e+00 0 0 0 x     none       0.0039  -0.0000     -0.999 0.000   0 -99.00    0.0               0               0     0   0.0000   0.0000      0.000 0.000   0   0.00    0.018
2018-05-16-13:51:05 1.15  Mocks_Mamon/MockNFW80ellip0.5loga-2.08PA50center0.0_0.0With_background1num24.dat median-sep   0.0e+00 0 0 0 x     none       0.0000  -0.0000     -1.009 0.000   0 -99.00    0.0               0               0     0   0.0000   0.0000      0.000 0.000   0   0.00    0.018
2018-05-16-13:51:05 1.15  Mocks_Mamon/MockNFW80ellip0.5loga-2.08PA50center0.0_0.0With_background1num25.dat median-sep   0.0e+00 0 0 0 x     none      -0.0002  -0.0004     -0.988 0.000   0 -99.00    0.0               0               0     0   0.0000   0.0000      0.000 0.000   0   0.00    0.018
2018-05-16-13:51:05 1.15  Mocks_Mamon/MockNFW80ellip0.5loga-2.08PA50center0.0_0.0With_background1num26.dat median-sep   0.0e+00 0 0 0 x     none       0.0000   0.0001     -0.989 0.000   0 -99.00    0.0               0               0     0   0.0000   0.0000      0.000 0.000   0   0.00    0.018
2018-05-16-13:51:05 1.15  Mocks_Mamon/MockNFW80ellip0.5loga-2.08PA50center0.0_0.0With_background1num27.dat median-sep   0.0e+00 0 0 0 x     none      -0.0000   0.0001     -0.988 0.000   0 -99.00    0.0               0               0     0   0.0000   0.0000      0.000 0.000   0   0.00    0.018
2018-05-16-13:51:05 1.15  Mocks_Mamon/MockNFW80ellip0.5loga-2.08PA50center0.0_0.0With_background1num28.dat median-sep   0.0e+00 0 0 0 x     none       0.0004  -0.0000     -0.994 0.000   0 -99.00    0.0               0               0     0   0.0000   0.0000      0.000 0.000   0   0.00    0.018
2018-05-16-13:51:05 1.15  Mocks_Mamon/MockNFW80ellip0.5loga-2.08PA50center0.0_0.0With_background1num29.dat median-sep   0.0e+00 0 0 0 x     none       0.0003  -0.0002     -0.998 0.000   0 -99.00    0.0               0               0     0   0.0000   0.0000      0.000 0.000   0   0.00    0.019
2018-05-16-13:51:05 1.15  Mocks_Mamon/MockNFW80ellip0.5loga-2.08PA50center0.0_0.0With_background1num30.dat median-sep   0.0e+00 0 0 0 x     none       0.0000   0.0005     -0.981 0.000   0 -99.00    0.0               0               0     0   0.0000   0.0000      0.000 0.000   0   0.00    0.018
2018-05-16-13:51:05 1.15  Mocks_Mamon/MockNFW80ellip0.5loga-2.08PA50center0.0_0.0With_background1num31.dat median-sep   0.0e+00 0 0 0 x     none       0.0001   0.0003     -0.979 0.000   0 -99.00    0.0               0               0     0   0.0000   0.0000      0.000 0.000   0   0.00    0.018
2018-05-16-13:51:05 1.15  Mocks_Mamon/MockNFW80ellip0.5loga-2.08PA50center0.0_0.0With_background1num32.dat median-sep   0.0e+00 0 0 0 x     none       0.0000  -0.0001     -0.988 0.000   0 -99.00    0.0               0               0     0   0.0000   0.0000      0.000 0.000   0   0.00    0.018
2018-05-16-13:51:05 1.15  Mocks_Mamon/MockNFW80ellip0.5loga-2.08PA50center0.0_0.0With_background1num33.dat median-sep   0.0e+00 0 0 0 x     none      -0.0003  -0.0001     -0.990 0.000   0 -99.00    0.0               0               0     0   0.0000   0.0000      0.000 0.000   0   0.00    0.018
2018-05-16-13:51:05 1.15  Mocks_Mamon/MockNFW80ellip0.5loga-2.08PA50center0.0_0.0With_background1num34.dat median-sep   0.0e+00 0 0 0 x     none       0.0009  -0.0001     -0.998 0.000   0 -99.00    0.0               0               0     0   0.0000   0.0000      0.000 0.000   0   0.00    0.019
2018-05-16-13:51:05 1.15  Mocks_Mamon/MockNFW80ellip0.5loga-2.08PA50center0.0_0.0With_background1num35.dat median-sep   0.0e+00 0 0 0 x     none       0.0005  -0.0006     -0.979 0.000   0 -99.00    0.0               0               0     0   0.0000   0.0000      0.000 0.000   0   0.00    0.018
2018-05-16-13:51:05 1.15  Mocks_Mamon/MockNFW80ellip0.5loga-2.08PA50center0.0_0.0With_background1num36.dat median-sep   0.0e+00 0 0 0 x     none       0.0001   0.0002     -0.982 0.000   0 -99.00    0.0               0               0     0   0.0000   0.0000      0.000 0.000   0   0.00    0.018
2018-05-16-13:51:05 1.15  Mocks_Mamon/MockNFW80ellip0.5loga-2.08PA50center0.0_0.0With_background1num37.dat median-sep   0.0e+00 0 0 0 x     none      -0.0008  -0.0012     -1.003 0.000   0 -99.00    0.0               0               0     0   0.0000   0.0000      0.000 0.000   0   0.00    0.018
2018-05-16-13:51:05 1.15  Mocks_Mamon/MockNFW80ellip0.5loga-2.08PA50center0.0_0.0With_background1num38.dat median-sep   0.0e+00 0 0 0 x     none      -0.0001   0.0001     -0.981 0.000   0 -99.00    0.0               0               0     0   0.0000   0.0000      0.000 0.000   0   0.00    0.018
2018-05-16-13:51:05 1.15  Mocks_Mamon/MockNFW80ellip0.5loga-2.08PA50center0.0_0.0With_background1num39.dat median-sep   0.0e+00 0 0 0 x     none      -0.0001   0.0005     -0.999 0.000   0 -99.00    0.0               0               0     0   0.0000   0.0000      0.000 0.000   0   0.00    0.019
2018-05-16-13:51:05 1.15  Mocks_Mamon/MockNFW80ellip0.5loga-2.08PA50center0.0_0.0With_background1num40.dat median-sep   0.0e+00 0 0 0 x     none      -0.0001  -0.0007     -0.989 0.000   0 -99.00    0.0               0               0     0   0.0000   0.0000      0.000 0.000   0   0.00    0.018
2018-05-16-13:51:05 1.15  Mocks_Mamon/MockNFW80ellip0.5loga-2.08PA50center0.0_0.0With_background1num41.dat median-sep   0.0e+00 0 0 0 x     none      -0.0001  -0.0003     -0.985 0.000   0 -99.00    0.0               0               0     0   0.0000   0.0000      0.000 0.000   0   0.00    0.018
2018-05-16-13:51:05 1.15  Mocks_Mamon/MockNFW80ellip0.5loga-2.08PA50center0.0_0.0With_background1num42.dat median-sep   0.0e+00 0 0 0 x     none      -0.0007  -0.0001     -0.988 0.000   0 -99.00    0.0               0               0     0   0.0000   0.0000      0.000 0.000   0   0.00    0.018
2018-05-16-13:51:05 1.15  Mocks_Mamon/MockNFW80ellip0.5loga-2.08PA50center0.0_0.0With_background1num43.dat median-sep   0.0e+00 0 0 0 x     none       0.0002  -0.0001     -0.990 0.000   0 -99.00    0.0               0               0     0   0.0000   0.0000      0.000 0.000   0   0.00    0.018
2018-05-16-13:51:05 1.15  Mocks_Mamon/MockNFW80ellip0.5loga-2.08PA50center0.0_0.0With_background1num44.dat median-sep   0.0e+00 0 0 0 x     none      -0.0001   0.0002     -1.012 0.000   0 -99.00    0.0               0               0     0   0.0000   0.0000      0.000 0.000   0   0.00    0.019
2018-05-16-13:51:05 1.15  Mocks_Mamon/MockNFW80ellip0.5loga-2.08PA50center0.0_0.0With_background1num45.dat median-sep   0.0e+00 0 0 0 x     none      -0.0001   0.0000     -0.973 0.000   0 -99.00    0.0               0               0     0   0.0000   0.0000      0.000 0.000   0   0.00    0.019
2018-05-16-13:51:05 1.15  Mocks_Mamon/MockNFW80ellip0.5loga-2.08PA50center0.0_0.0With_background1num46.dat median-sep   0.0e+00 0 0 0 x     none       0.0001   0.0001     -0.983 0.000   0 -99.00    0.0               0               0     0   0.0000   0.0000      0.000 0.000   0   0.00    0.018
2018-05-16-13:51:05 1.15  Mocks_Mamon/MockNFW80ellip0.5loga-2.08PA50center0.0_0.0With_background1num47.dat median-sep   0.0e+00 0 0 0 x     none      -0.0002   0.0001     -0.992 0.000   0 -99.00    0.0               0               0     0   0.0000   0.0000      0.000 0.000   0   0.00    0.018
2018-05-16-13:51:05 1.15  Mocks_Mamon/MockNFW80ellip0.5loga-2.08PA50center0.0_0.0With_background1num48.dat median-sep   0.0e+00 0 0 0 x     none       0.0000   0.0004     -1.004 0.000   0 -99.00    0.0               0               0     0   0.0000   0.0000      0.000 0.000   0   0.00    0.018
2018-05-16-13:51:05 1.15  Mocks_Mamon/MockNFW80ellip0.5loga-2.08PA50center0.0_0.0With_background1num49.dat median-sep   0.0e+00 0 0 0 x     none       0.0002   0.0000     -0.986 0.000   0 -99.00    0.0               0               0     0   0.0000   0.0000      0.000 0.000   0   0.00    0.018
2018-05-16-13:51:05 1.15  Mocks_Mamon/MockNFW80ellip0.5loga-2.08PA50center0.0_0.0With_background1num50.dat median-sep   0.0e+00 0 0 0 x     none       0.0003  -0.0001     -0.991 0.000   0 -99.00    0.0               0               0     0   0.0000   0.0000      0.000 0.000   0   0.00    0.018
2018-05-16-13:51:05 1.15  Mocks_Mamon/MockNFW80ellip0.5loga-2.08PA50center0.0_0.0With_background1num51.dat median-sep   0.0e+00 0 0 0 x     none       0.0002   0.0004     -0.982 0.000   0 -99.00    0.0               0               0     0   0.0000   0.0000      0.000 0.000   0   0.00    0.018
2018-05-16-13:51:05 1.15  Mocks_Mamon/MockNFW80ellip0.5loga-2.08PA50center0.0_0.0With_background1num52.dat median-sep   0.0e+00 0 0 0 x     none      -0.0006   0.0003     -1.004 0.000   0 -99.00    0.0               0               0     0   0.0000   0.0000      0.000 0.000   0   0.00    0.018
2018-05-16-13:51:05 1.15  Mocks_Mamon/MockNFW80ellip0.5loga-2.08PA50center0.0_0.0With_background1num53.dat median-sep   0.0e+00 0 0 0 x     none      -0.0006   0.0001     -1.007 0.000   0 -99.00    0.0               0               0     0   0.0000   0.0000      0.000 0.000   0   0.00    0.018
2018-05-16-13:51:05 1.15  Mocks_Mamon/MockNFW80ellip0.5loga-2.08PA50center0.0_0.0With_background1num54.dat median-sep   0.0e+00 0 0 0 x     none      -0.0017  -0.0000     -0.981 0.000   0 -99.00    0.0               0               0     0   0.0000   0.0000      0.000 0.000   0   0.00    0.018
2018-05-16-13:51:05 1.15  Mocks_Mamon/MockNFW80ellip0.5loga-2.08PA50center0.0_0.0With_background1num55.dat median-sep   0.0e+00 0 0 0 x     none       0.0002   0.0002     -1.008 0.000   0 -99.00    0.0               0               0     0   0.0000   0.0000      0.000 0.000   0   0.00    0.018
2018-05-16-13:51:05 1.15  Mocks_Mamon/MockNFW80ellip0.5loga-2.08PA50center0.0_0.0With_background1num56.dat median-sep   0.0e+00 0 0 0 x     none      -0.0000  -0.0033     -0.986 0.000   0 -99.00    0.0               0               0     0   0.0000   0.0000      0.000 0.000   0   0.00    0.018
2018-05-16-13:51:05 1.15  Mocks_Mamon/MockNFW80ellip0.5loga-2.08PA50center0.0_0.0With_background1num57.dat median-sep   0.0e+00 0 0 0 x     none      -0.0001  -0.0001     -0.967 0.000   0 -99.00    0.0               0               0     0   0.0000   0.0000      0.000 0.000   0   0.00    0.018
2018-05-16-13:51:05 1.15  Mocks_Mamon/MockNFW80ellip0.5loga-2.08PA50center0.0_0.0With_background1num58.dat median-sep   0.0e+00 0 0 0 x     none       0.0000   0.0000     -0.993 0.000   0 -99.00    0.0               0               0     0   0.0000   0.0000      0.000 0.000   0   0.00    0.018
2018-05-16-13:51:05 1.15  Mocks_Mamon/MockNFW80ellip0.5loga-2.08PA50center0.0_0.0With_background1num59.dat median-sep   0.0e+00 0 0 0 x     none       0.0007  -0.0002     -1.004 0.000   0 -99.00    0.0               0               0     0   0.0000   0.0000      0.000 0.000   0   0.00    0.018
2018-05-16-13:51:05 1.15  Mocks_Mamon/MockNFW80ellip0.5loga-2.08PA50center0.0_0.0With_background1num60.dat median-sep   0.0e+00 0 0 0 x     none       0.0005   0.0001     -0.993 0.000   0 -99.00    0.0               0               0     0   0.0000   0.0000      0.000 0.000   0   0.00    0.019
2018-05-16-13:51:05 1.15  Mocks_Mamon/MockNFW80ellip0.5loga-2.08PA50center0.0_0.0With_background1num61.dat median-sep   0.0e+00 0 0 0 x     none      -0.0001  -0.0003     -0.995 0.000   0 -99.00    0.0               0               0     0   0.0000   0.0000      0.000 0.000   0   0.00    0.018
2018-05-16-13:51:05 1.15  Mocks_Mamon/MockNFW80ellip0.5loga-2.08PA50center0.0_0.0With_background1num62.dat median-sep   0.0e+00 0 0 0 x     none      -0.0004  -0.0005     -0.992 0.000   0 -99.00    0.0               0               0     0   0.0000   0.0000      0.000 0.000   0   0.00    0.018
2018-05-16-13:51:05 1.15  Mocks_Mamon/MockNFW80ellip0.5loga-2.08PA50center0.0_0.0With_background1num63.dat median-sep   0.0e+00 0 0 0 x     none       0.0012  -0.0000     -0.999 0.000   0 -99.00    0.0               0               0     0   0.0000   0.0000      0.000 0.000   0   0.00    0.018
2018-05-16-13:51:05 1.15  Mocks_Mamon/MockNFW80ellip0.5loga-2.08PA50center0.0_0.0With_background1num64.dat median-sep   0.0e+00 0 0 0 x     none      -0.0022   0.0001     -0.992 0.000   0 -99.00    0.0               0               0     0   0.0000   0.0000      0.000 0.000   0   0.00    0.019
2018-05-16-13:51:05 1.15  Mocks_Mamon/MockNFW80ellip0.5loga-2.08PA50center0.0_0.0With_background1num65.dat median-sep   0.0e+00 0 0 0 x     none       0.0001  -0.0005     -0.992 0.000   0 -99.00    0.0               0               0     0   0.0000   0.0000      0.000 0.000   0   0.00    0.019
2018-05-16-13:51:05 1.15  Mocks_Mamon/MockNFW80ellip0.5loga-2.08PA50center0.0_0.0With_background1num66.dat median-sep   0.0e+00 0 0 0 x     none      -0.0001   0.0007     -1.005 0.000   0 -99.00    0.0               0               0     0   0.0000   0.0000      0.000 0.000   0   0.00    0.018
2018-05-16-13:51:05 1.15  Mocks_Mamon/MockNFW80ellip0.5loga-2.08PA50center0.0_0.0With_background1num67.dat median-sep   0.0e+00 0 0 0 x     none      -0.0002   0.0016     -0.993 0.000   0 -99.00    0.0               0               0     0   0.0000   0.0000      0.000 0.000   0   0.00    0.018
2018-05-16-13:51:05 1.15  Mocks_Mamon/MockNFW80ellip0.5loga-2.08PA50center0.0_0.0With_background1num68.dat median-sep   0.0e+00 0 0 0 x     none      -0.0000  -0.0000     -0.982 0.000   0 -99.00    0.0               0               0     0   0.0000   0.0000      0.000 0.000   0   0.00    0.018
2018-05-16-13:51:05 1.15  Mocks_Mamon/MockNFW80ellip0.5loga-2.08PA50center0.0_0.0With_background1num69.dat median-sep   0.0e+00 0 0 0 x     none      -0.0002   0.0002     -1.010 0.000   0 -99.00    0.0               0               0     0   0.0000   0.0000      0.000 0.000   0   0.00    0.018
2018-05-16-13:51:05 1.15  Mocks_Mamon/MockNFW80ellip0.5loga-2.08PA50center0.0_0.0With_background1num70.dat median-sep   0.0e+00 0 0 0 x     none       0.0003   0.0008     -0.986 0.000   0 -99.00    0.0               0               0     0   0.0000   0.0000      0.000 0.000   0   0.00    0.018
2018-05-16-13:51:05 1.15  Mocks_Mamon/MockNFW80ellip0.5loga-2.08PA50center0.0_0.0With_background1num71.dat median-sep   0.0e+00 0 0 0 x     none       0.0001   0.0001     -0.987 0.000   0 -99.00    0.0               0               0     0   0.0000   0.0000      0.000 0.000   0   0.00    0.018
2018-05-16-13:51:05 1.15  Mocks_Mamon/MockNFW80ellip0.5loga-2.08PA50center0.0_0.0With_background1num72.dat median-sep   0.0e+00 0 0 0 x     none      -0.0001   0.0007     -0.980 0.000   0 -99.00    0.0               0               0     0   0.0000   0.0000      0.000 0.000   0   0.00    0.018
2018-05-16-13:51:05 1.15  Mocks_Mamon/MockNFW80ellip0.5loga-2.08PA50center0.0_0.0With_background1num73.dat median-sep   0.0e+00 0 0 0 x     none       0.0004  -0.0004     -0.987 0.000   0 -99.00    0.0               0               0     0   0.0000   0.0000      0.000 0.000   0   0.00    0.018
2018-05-16-13:51:05 1.15  Mocks_Mamon/MockNFW80ellip0.5loga-2.08PA50center0.0_0.0With_background1num74.dat median-sep   0.0e+00 0 0 0 x     none       0.0001  -0.0000     -0.987 0.000   0 -99.00    0.0               0               0     0   0.0000   0.0000      0.000 0.000   0   0.00    0.018
2018-05-16-13:51:05 1.15  Mocks_Mamon/MockNFW80ellip0.5loga-2.08PA50center0.0_0.0With_background1num75.dat median-sep   0.0e+00 0 0 0 x     none       0.0005  -0.0014     -0.984 0.000   0 -99.00    0.0               0               0     0   0.0000   0.0000      0.000 0.000   0   0.00    0.018
2018-05-16-13:51:05 1.15  Mocks_Mamon/MockNFW80ellip0.5loga-2.08PA50center0.0_0.0With_background1num76.dat median-sep   0.0e+00 0 0 0 x     none       0.0003   0.0000     -0.993 0.000   0 -99.00    0.0               0               0     0   0.0000   0.0000      0.000 0.000   0   0.00    0.018
2018-05-16-13:51:05 1.15  Mocks_Mamon/MockNFW80ellip0.5loga-2.08PA50center0.0_0.0With_background1num77.dat median-sep   0.0e+00 0 0 0 x     none      -0.0011   0.0000     -0.996 0.000   0 -99.00    0.0               0               0     0   0.0000   0.0000      0.000 0.000   0   0.00    0.018
2018-05-16-13:51:05 1.15  Mocks_Mamon/MockNFW80ellip0.5loga-2.08PA50center0.0_0.0With_background1num78.dat median-sep   0.0e+00 0 0 0 x     none      -0.0005  -0.0027     -1.004 0.000   0 -99.00    0.0               0               0     0   0.0000   0.0000      0.000 0.000   0   0.00    0.018
2018-05-16-13:51:05 1.15  Mocks_Mamon/MockNFW80ellip0.5loga-2.08PA50center0.0_0.0With_background1num79.dat median-sep   0.0e+00 0 0 0 x     none       0.0003   0.0023     -1.011 0.000   0 -99.00    0.0               0               0     0   0.0000   0.0000      0.000 0.000   0   0.00    0.018
2018-05-16-13:51:05 1.15  Mocks_Mamon/MockNFW80ellip0.5loga-2.08PA50center0.0_0.0With_background1num80.dat median-sep   0.0e+00 0 0 0 x     none      -0.0004   0.0006     -0.987 0.000   0 -99.00    0.0               0               0     0   0.0000   0.0000      0.000 0.000   0   0.00    0.018
2018-05-16-13:51:05 1.15  Mocks_Mamon/MockNFW80ellip0.5loga-2.08PA50center0.0_0.0With_background1num81.dat median-sep   0.0e+00 0 0 0 x     none       0.0003  -0.0000     -1.001 0.000   0 -99.00    0.0               0               0     0   0.0000   0.0000      0.000 0.000   0   0.00    0.018
2018-05-16-13:51:05 1.15  Mocks_Mamon/MockNFW80ellip0.5loga-2.08PA50center0.0_0.0With_background1num82.dat median-sep   0.0e+00 0 0 0 x     none      -0.0001  -0.0000     -0.999 0.000   0 -99.00    0.0               0               0     0   0.0000   0.0000      0.000 0.000   0   0.00    0.018
2018-05-16-13:51:05 1.15  Mocks_Mamon/MockNFW80ellip0.5loga-2.08PA50center0.0_0.0With_background1num83.dat median-sep   0.0e+00 0 0 0 x     none       0.0005  -0.0001     -0.982 0.000   0 -99.00    0.0               0               0     0   0.0000   0.0000      0.000 0.000   0   0.00    0.018
2018-05-16-13:51:05 1.15  Mocks_Mamon/MockNFW80ellip0.5loga-2.08PA50center0.0_0.0With_background1num84.dat median-sep   0.0e+00 0 0 0 x     none       0.0000   0.0003     -1.005 0.000   0 -99.00    0.0               0               0     0   0.0000   0.0000      0.000 0.000   0   0.00    0.018
2018-05-16-13:51:05 1.15  Mocks_Mamon/MockNFW80ellip0.5loga-2.08PA50center0.0_0.0With_background1num85.dat median-sep   0.0e+00 0 0 0 x     none       0.0002  -0.0003     -0.972 0.000   0 -99.00    0.0               0               0     0   0.0000   0.0000      0.000 0.000   0   0.00    0.018
2018-05-16-13:51:05 1.15  Mocks_Mamon/MockNFW80ellip0.5loga-2.08PA50center0.0_0.0With_background1num86.dat median-sep   0.0e+00 0 0 0 x     none      -0.0000  -0.0007     -0.981 0.000   0 -99.00    0.0               0               0     0   0.0000   0.0000      0.000 0.000   0   0.00    0.018
2018-05-16-13:51:05 1.15  Mocks_Mamon/MockNFW80ellip0.5loga-2.08PA50center0.0_0.0With_background1num87.dat median-sep   0.0e+00 0 0 0 x     none       0.0000   0.0001     -0.979 0.000   0 -99.00    0.0               0               0     0   0.0000   0.0000      0.000 0.000   0   0.00    0.018
2018-05-16-13:51:05 1.15  Mocks_Mamon/MockNFW80ellip0.5loga-2.08PA50center0.0_0.0With_background1num88.dat median-sep   0.0e+00 0 0 0 x     none      -0.0001  -0.0006     -0.971 0.000   0 -99.00    0.0               0               0     0   0.0000   0.0000      0.000 0.000   0   0.00    0.018
2018-05-16-13:51:05 1.15  Mocks_Mamon/MockNFW80ellip0.5loga-2.08PA50center0.0_0.0With_background1num89.dat median-sep   0.0e+00 0 0 0 x     none       0.0007  -0.0008     -1.008 0.000   0 -99.00    0.0               0               0     0   0.0000   0.0000      0.000 0.000   0   0.00    0.018
2018-05-16-13:51:05 1.15  Mocks_Mamon/MockNFW80ellip0.5loga-2.08PA50center0.0_0.0With_background1num90.dat median-sep   0.0e+00 0 0 0 x     none      -0.0001   0.0007     -0.987 0.000   0 -99.00    0.0               0               0     0   0.0000   0.0000      0.000 0.000   0   0.00    0.018
2018-05-16-13:51:05 1.15  Mocks_Mamon/MockNFW80ellip0.5loga-2.08PA50center0.0_0.0With_background1num91.dat median-sep   0.0e+00 0 0 0 x     none       0.0002   0.0004     -0.990 0.000   0 -99.00    0.0               0               0     0   0.0000   0.0000      0.000 0.000   0   0.00    0.018
2018-05-16-13:51:05 1.15  Mocks_Mamon/MockNFW80ellip0.5loga-2.08PA50center0.0_0.0With_background1num92.dat median-sep   0.0e+00 0 0 0 x     none       0.0001   0.0002     -0.999 0.000   0 -99.00    0.0               0               0     0   0.0000   0.0000      0.000 0.000   0   0.00    0.019
2018-05-16-13:51:05 1.15  Mocks_Mamon/MockNFW80ellip0.5loga-2.08PA50center0.0_0.0With_background1num93.dat median-sep   0.0e+00 0 0 0 x     none      -0.0002   0.0000     -0.989 0.000   0 -99.00    0.0               0               0     0   0.0000   0.0000      0.000 0.000   0   0.00    0.019
2018-05-16-13:51:05 1.15  Mocks_Mamon/MockNFW80ellip0.5loga-2.08PA50center0.0_0.0With_background1num94.dat median-sep   0.0e+00 0 0 0 x     none       0.0001   0.0001     -0.989 0.000   0 -99.00    0.0               0               0     0   0.0000   0.0000      0.000 0.000   0   0.00    0.018
2018-05-16-13:51:05 1.15  Mocks_Mamon/MockNFW80ellip0.5loga-2.08PA50center0.0_0.0With_background1num95.dat median-sep   0.0e+00 0 0 0 x     none      -0.0011   0.0000     -0.975 0.000   0 -99.00    0.0               0               0     0   0.0000   0.0000      0.000 0.000   0   0.00    0.018
2018-05-16-13:51:05 1.15  Mocks_Mamon/MockNFW80ellip0.5loga-2.08PA50center0.0_0.0With_background1num96.dat median-sep   0.0e+00 0 0 0 x     none      -0.0000   0.0001     -0.987 0.000   0 -99.00    0.0               0               0     0   0.0000   0.0000      0.000 0.000   0   0.00    0.018
2018-05-16-13:51:05 1.15  Mocks_Mamon/MockNFW80ellip0.5loga-2.08PA50center0.0_0.0With_background1num97.dat median-sep   0.0e+00 0 0 0 x     none      -0.0003  -0.0001     -0.994 0.000   0 -99.00    0.0               0               0     0   0.0000   0.0000      0.000 0.000   0   0.00    0.018
2018-05-16-13:51:05 1.15  Mocks_Mamon/MockNFW80ellip0.5loga-2.08PA50center0.0_0.0With_background1num98.dat median-sep   0.0e+00 0 0 0 x     none      -0.0004   0.0002     -0.996 0.000   0 -99.00    0.0               0               0     0   0.0000   0.0000      0.000 0.000   0   0.00    0.018
2018-05-16-13:51:05 1.15  Mocks_Mamon/MockNFW80ellip0.5loga-2.08PA50center0.0_0.0With_background1num99.dat median-sep   0.0e+00 0 0 0 x     none       0.0004   0.0000     -0.986 0.000   0 -99.00    0.0               0               0     0   0.0000   0.0000      0.000 0.000   0   0.00    0.018
