2018-05-16-13:50:35 1.15  Mocks_Mamon/MockNFW80ellip0.5loga-2.08PA50center0.0_0.0With_background1num0.dat Nelder-Mead  1.0e-04 0 1 1 0     NFW      360.0000   0.0003     -1.007 0.109 165   0.60  120.7       -605.5396       -1188.612   241 360.0000   0.0003     -1.007 0.109 165   0.57    0.079
2018-05-16-13:50:35 1.15  Mocks_Mamon/MockNFW80ellip0.5loga-2.08PA50center0.0_0.0With_background1num1.dat Nelder-Mead  1.0e-04 0 1 1 0     NFW      359.9999  -0.0004     -0.974 0.116 143   0.55  126.1       -564.4855       -1106.504   241 359.9999  -0.0004     -0.950 0.116 139   0.55    0.075
2018-05-16-13:50:35 1.15  Mocks_Mamon/MockNFW80ellip0.5loga-2.08PA50center0.0_0.0With_background1num2.dat Nelder-Mead  1.0e-04 0 1 1 0     NFW        0.0003   0.0002     -0.991 0.062   9   0.58  130.0        -621.595       -1220.694   241   0.0003   0.0002     -0.991 0.062   9   0.58    0.078
2018-05-16-13:50:35 1.15  Mocks_Mamon/MockNFW80ellip0.5loga-2.08PA50center0.0_0.0With_background1num3.dat Nelder-Mead  1.0e-04 0 1 1 0     NFW      359.9987  -0.0001     -0.974 0.098 167   0.58  137.6        -633.289       -1244.082   241 359.9987  -0.0001     -0.974 0.098 159   0.58    0.078
2018-05-16-13:50:35 1.15  Mocks_Mamon/MockNFW80ellip0.5loga-2.08PA50center0.0_0.0With_background1num4.dat Nelder-Mead  1.0e-04 0 1 1 0     NFW      359.9996   0.0001     -0.987 0.077  38   0.58  131.6       -627.2261       -1231.942   241 359.9996   0.0001     -0.987 0.073  38   0.58    0.078
2018-05-16-13:50:35 1.15  Mocks_Mamon/MockNFW80ellip0.5loga-2.08PA50center0.0_0.0With_background1num5.dat Nelder-Mead  1.0e-04 0 1 1 0     NFW        0.0001   0.0001     -0.979 0.094 169   0.54  121.6       -569.2188       -1115.956   241   0.0001   0.0001     -0.943 0.094 167   0.54    0.073
2018-05-16-13:50:35 1.15  Mocks_Mamon/MockNFW80ellip0.5loga-2.08PA50center0.0_0.0With_background1num6.dat Nelder-Mead  1.0e-04 0 1 1 0     NFW        0.0003   0.0002     -0.987 0.046  23   0.57  121.7       -580.4464       -1138.411   241   0.0003   0.0002     -0.987 0.046  23   0.55    0.077
2018-05-16-13:50:35 1.15  Mocks_Mamon/MockNFW80ellip0.5loga-2.08PA50center0.0_0.0With_background1num7.dat Nelder-Mead  1.0e-04 0 1 1 0     NFW        0.0000  -0.0000     -1.011 0.046  20   0.53  110.0       -564.7192       -1106.957   241   0.0000  -0.0000     -0.963 0.046  20   0.53    0.077
2018-05-16-13:50:35 1.15  Mocks_Mamon/MockNFW80ellip0.5loga-2.08PA50center0.0_0.0With_background1num8.dat Nelder-Mead  1.0e-04 0 1 1 0     NFW      359.9995   0.0001     -1.043 0.015 153   0.53   99.7       -555.7684       -1089.055   241 359.9995   0.0001     -0.998 0.015 153   0.53    0.077
2018-05-16-13:50:35 1.15  Mocks_Mamon/MockNFW80ellip0.5loga-2.08PA50center0.0_0.0With_background1num9.dat Nelder-Mead  1.0e-04 0 1 1 0     NFW        0.0001   0.0002     -0.982 0.152  41   0.56  125.4        -587.547       -1152.598   241   0.0001   0.0002     -0.946 0.150  41   0.56    0.073
2018-05-16-13:50:35 1.15  Mocks_Mamon/MockNFW80ellip0.5loga-2.08PA50center0.0_0.0With_background1num10.dat Nelder-Mead  1.0e-04 0 1 1 0     NFW      359.9999   0.0010     -1.053 0.062   2   0.59  113.6       -663.9695       -1305.414   241 359.9999   0.0010     -1.003 0.062   2   0.59    0.076
2018-05-16-13:50:35 1.15  Mocks_Mamon/MockNFW80ellip0.5loga-2.08PA50center0.0_0.0With_background1num11.dat Nelder-Mead  1.0e-04 0 1 1 0     NFW      360.0000  -0.0004     -0.977 0.048  25   0.59  129.9       -595.8613       -1169.212   241 360.0000  -0.0004     -0.977 0.048  25   0.57    0.082
2018-05-16-13:50:35 1.15  Mocks_Mamon/MockNFW80ellip0.5loga-2.08PA50center0.0_0.0With_background1num12.dat Nelder-Mead  1.0e-04 0 1 1 0     NFW        0.0003   0.0001     -0.981 0.025 176   0.53  119.7       -549.1122       -1075.757   241   0.0003   0.0001     -0.957 0.025 172   0.53    0.075
2018-05-16-13:50:35 1.15  Mocks_Mamon/MockNFW80ellip0.5loga-2.08PA50center0.0_0.0With_background1num13.dat Nelder-Mead  1.0e-04 0 1 1 0     NFW        0.0000   0.0000     -0.982 0.106   5   0.53  117.6       -549.0973       -1075.801   241   0.0000   0.0000     -0.982 0.101   5   0.53    0.079
2018-05-16-13:50:35 1.15  Mocks_Mamon/MockNFW80ellip0.5loga-2.08PA50center0.0_0.0With_background1num14.dat Nelder-Mead  1.0e-04 0 1 1 0     NFW        0.0002   0.0000     -0.977 0.078   5   0.56  120.1       -543.0912       -1063.686   241   0.0002   0.0000     -0.977 0.078   5   0.53    0.080
2018-05-16-13:50:35 1.15  Mocks_Mamon/MockNFW80ellip0.5loga-2.08PA50center0.0_0.0With_background1num15.dat Nelder-Mead  1.0e-04 0 1 1 0     NFW      360.0000  -0.0030     -1.007 0.038  12   0.62  136.3       -719.7785       -1417.047   241 360.0000  -0.0030     -0.959 0.038  12   0.62    0.074
2018-05-16-13:50:35 1.15  Mocks_Mamon/MockNFW80ellip0.5loga-2.08PA50center0.0_0.0With_background1num16.dat Nelder-Mead  1.0e-04 0 1 1 0     NFW        0.0000   0.0000     -0.996 0.068  18   0.57  124.5       -609.5252       -1196.583   241   0.0000   0.0000     -0.991 0.068  17   0.57    0.079
2018-05-16-13:50:35 1.15  Mocks_Mamon/MockNFW80ellip0.5loga-2.08PA50center0.0_0.0With_background1num17.dat Nelder-Mead  1.0e-04 0 1 1 0     NFW        0.0004   0.0000     -1.014 0.111  18   0.53  108.3       -564.6159       -1106.765   241   0.0004   0.0000     -0.966 0.111  18   0.53    0.079
2018-05-16-13:50:35 1.15  Mocks_Mamon/MockNFW80ellip0.5loga-2.08PA50center0.0_0.0With_background1num18.dat Nelder-Mead  1.0e-04 0 1 1 0     NFW        0.0002  -0.0003     -1.035 0.034  12   0.56  108.9       -604.7156       -1186.935   241   0.0002  -0.0003     -0.986 0.034  12   0.56    0.077
2018-05-16-13:50:35 1.15  Mocks_Mamon/MockNFW80ellip0.5loga-2.08PA50center0.0_0.0With_background1num19.dat Nelder-Mead  1.0e-04 0 1 1 0     NFW        0.0001  -0.0002     -0.994 0.117  37   0.57  118.5       -572.1615       -1121.856   241   0.0001  -0.0002     -0.994 0.117  37   0.54    0.076
2018-05-16-13:50:35 1.15  Mocks_Mamon/MockNFW80ellip0.5loga-2.08PA50center0.0_0.0With_background1num20.dat Nelder-Mead  1.0e-04 0 1 1 0     NFW        0.0003  -0.0007     -1.093 0.084  25   0.59  102.6       -660.6897       -1298.883   241   0.0003  -0.0007     -1.041 0.084  25   0.59    0.077
2018-05-16-13:50:35 1.15  Mocks_Mamon/MockNFW80ellip0.5loga-2.08PA50center0.0_0.0With_background1num21.dat Nelder-Mead  1.0e-04 0 1 1 0     NFW        0.0010   0.0002     -1.017 0.035 140   0.58  120.2        -629.793       -1237.033   241   0.0010   0.0002     -0.969 0.035 140   0.58    0.075
2018-05-16-13:50:35 1.15  Mocks_Mamon/MockNFW80ellip0.5loga-2.08PA50center0.0_0.0With_background1num22.dat Nelder-Mead  1.0e-04 0 1 1 0     NFW        0.0001   0.0003     -1.046 0.047  23   0.59  114.2       -646.1913       -1269.829   241   0.0001   0.0003     -0.996 0.047  23   0.59    0.077
2018-05-16-13:50:35 1.15  Mocks_Mamon/MockNFW80ellip0.5loga-2.08PA50center0.0_0.0With_background1num23.dat Nelder-Mead  1.0e-04 0 1 1 0     NFW        0.0039  -0.0000     -1.045 0.091 178   0.61  123.5       -740.4413       -1458.372   241   0.0039  -0.0000     -0.995 0.091 178   0.61    0.079
2018-05-16-13:50:35 1.15  Mocks_Mamon/MockNFW80ellip0.5loga-2.08PA50center0.0_0.0With_background1num24.dat Nelder-Mead  1.0e-04 0 1 1 0     NFW        0.0000  -0.0000     -1.062 0.079 154   0.58  107.3       -634.8693       -1247.242   241   0.0000  -0.0000     -1.012 0.079 154   0.58    0.080
2018-05-16-13:50:35 1.15  Mocks_Mamon/MockNFW80ellip0.5loga-2.08PA50center0.0_0.0With_background1num25.dat Nelder-Mead  1.0e-04 0 1 1 0     NFW      359.9998  -0.0004     -0.992 0.109 141   0.57  127.6       -609.4694       -1196.486   241 359.9998  -0.0004     -0.968 0.109 138   0.57    0.075
2018-05-16-13:50:35 1.15  Mocks_Mamon/MockNFW80ellip0.5loga-2.08PA50center0.0_0.0With_background1num26.dat Nelder-Mead  1.0e-04 0 1 1 0     NFW        0.0000   0.0001     -0.998 0.156   3   0.54  115.6       -568.6846       -1114.917   241   0.0000   0.0001     -0.980 0.156   3   0.54    0.077
2018-05-16-13:50:35 1.15  Mocks_Mamon/MockNFW80ellip0.5loga-2.08PA50center0.0_0.0With_background1num27.dat Nelder-Mead  1.0e-04 0 1 1 0     NFW      360.0000   0.0001     -1.063 0.076   1   0.54   98.2       -589.6343       -1156.802   241 360.0000   0.0001     -1.012 0.076   1   0.54    0.077
2018-05-16-13:50:35 1.15  Mocks_Mamon/MockNFW80ellip0.5loga-2.08PA50center0.0_0.0With_background1num28.dat Nelder-Mead  1.0e-04 0 1 1 0     NFW        0.0004  -0.0000     -0.999 0.138  16   0.57  122.9       -604.0067       -1185.546   241   0.0004  -0.0000     -0.999 0.138  15   0.57    0.080
2018-05-16-13:50:35 1.15  Mocks_Mamon/MockNFW80ellip0.5loga-2.08PA50center0.0_0.0With_background1num29.dat Nelder-Mead  1.0e-04 0 1 1 0     NFW        0.0003  -0.0002     -1.025 0.036  44   0.57  114.6       -613.8071       -1205.104   241   0.0003  -0.0002     -0.976 0.036  44   0.57    0.077
2018-05-16-13:50:35 1.15  Mocks_Mamon/MockNFW80ellip0.5loga-2.08PA50center0.0_0.0With_background1num30.dat Nelder-Mead  1.0e-04 0 1 1 0     NFW        0.0000   0.0005     -0.991 0.047   4   0.56  122.9       -588.5088       -1154.522   241   0.0000   0.0005     -0.967 0.047   3   0.56    0.074
2018-05-16-13:50:35 1.15  Mocks_Mamon/MockNFW80ellip0.5loga-2.08PA50center0.0_0.0With_background1num31.dat Nelder-Mead  1.0e-04 0 1 1 0     NFW        0.0001   0.0003     -1.000 0.129  33   0.56  119.3       -591.1427       -1159.818   241   0.0001   0.0003     -0.966 0.129  33   0.56    0.075
2018-05-16-13:50:35 1.15  Mocks_Mamon/MockNFW80ellip0.5loga-2.08PA50center0.0_0.0With_background1num32.dat Nelder-Mead  1.0e-04 0 1 1 0     NFW        0.0000  -0.0001     -0.989 0.065  38   0.55  121.8       -561.5153       -1100.535   241   0.0000  -0.0001     -0.964 0.065  37   0.55    0.076
2018-05-16-13:50:35 1.15  Mocks_Mamon/MockNFW80ellip0.5loga-2.08PA50center0.0_0.0With_background1num33.dat Nelder-Mead  1.0e-04 0 1 1 0     NFW      359.9997  -0.0001     -0.994 0.031 146   0.57  122.3       -590.4336       -1158.386   241 359.9997  -0.0001     -0.970 0.031 146   0.56    0.075
2018-05-16-13:50:35 1.15  Mocks_Mamon/MockNFW80ellip0.5loga-2.08PA50center0.0_0.0With_background1num34.dat Nelder-Mead  1.0e-04 0 1 1 0     NFW        0.0009  -0.0001     -0.990 0.124  36   0.58  121.3       -573.0826        -1123.64   241   0.0009  -0.0001     -0.990 0.124  36   0.55    0.077
2018-05-16-13:50:35 1.15  Mocks_Mamon/MockNFW80ellip0.5loga-2.08PA50center0.0_0.0With_background1num35.dat Nelder-Mead  1.0e-04 0 1 1 0     NFW        0.0005  -0.0006     -0.978 0.046 164   0.53  120.9       -562.4379       -1102.453   241   0.0005  -0.0006     -0.954 0.046 160   0.53    0.074
2018-05-16-13:50:35 1.15  Mocks_Mamon/MockNFW80ellip0.5loga-2.08PA50center0.0_0.0With_background1num36.dat Nelder-Mead  1.0e-04 0 1 1 0     NFW        0.0001   0.0002     -1.007 0.043 179   0.54  114.4       -581.6183       -1140.755   241   0.0001   0.0002     -0.959 0.043 179   0.54    0.074
2018-05-16-13:50:35 1.15  Mocks_Mamon/MockNFW80ellip0.5loga-2.08PA50center0.0_0.0With_background1num37.dat Nelder-Mead  1.0e-04 0 1 1 0     NFW      359.9992  -0.0012     -0.991 0.112  30   0.56  123.7       -589.9966       -1157.497   241 359.9992  -0.0012     -0.991 0.112  28   0.56    0.076
2018-05-16-13:50:35 1.15  Mocks_Mamon/MockNFW80ellip0.5loga-2.08PA50center0.0_0.0With_background1num38.dat Nelder-Mead  1.0e-04 0 1 1 0     NFW      359.9999   0.0001     -0.987 0.112 163   0.54  119.0       -568.1144       -1113.747   241 359.9999   0.0001     -0.963 0.112 159   0.54    0.075
2018-05-16-13:50:35 1.15  Mocks_Mamon/MockNFW80ellip0.5loga-2.08PA50center0.0_0.0With_background1num39.dat Nelder-Mead  1.0e-04 0 1 1 0     NFW      359.9999   0.0005     -1.060 0.086 178   0.54   98.8       -580.9229       -1139.321   241 359.9999   0.0005     -1.010 0.086 178   0.54    0.075
2018-05-16-13:50:35 1.15  Mocks_Mamon/MockNFW80ellip0.5loga-2.08PA50center0.0_0.0With_background1num40.dat Nelder-Mead  1.0e-04 0 1 1 0     NFW      359.9999  -0.0007     -0.987 0.107 154   0.57  128.1       -613.1511       -1203.835   241 359.9999  -0.0007     -0.963 0.107 150   0.57    0.074
2018-05-16-13:50:35 1.15  Mocks_Mamon/MockNFW80ellip0.5loga-2.08PA50center0.0_0.0With_background1num41.dat Nelder-Mead  1.0e-04 0 1 1 0     NFW      359.9999  -0.0003     -0.985 0.045 141   0.57  128.2       -600.1625       -1177.843   241 359.9999  -0.0003     -0.961 0.045 138   0.57    0.075
2018-05-16-13:50:35 1.15  Mocks_Mamon/MockNFW80ellip0.5loga-2.08PA50center0.0_0.0With_background1num42.dat Nelder-Mead  1.0e-04 0 1 1 0     NFW      359.9993  -0.0001     -1.042 0.035   7   0.56  106.9       -605.1591       -1187.837   241 359.9993  -0.0001     -0.992 0.035   7   0.56    0.078
2018-05-16-13:50:35 1.15  Mocks_Mamon/MockNFW80ellip0.5loga-2.08PA50center0.0_0.0With_background1num43.dat Nelder-Mead  1.0e-04 0 1 1 0     NFW        0.0002  -0.0001     -0.978 0.078 179   0.56  123.8       -569.8258       -1117.185   241   0.0002  -0.0001     -0.978 0.078 175   0.55    0.077
2018-05-16-13:50:35 1.15  Mocks_Mamon/MockNFW80ellip0.5loga-2.08PA50center0.0_0.0With_background1num44.dat Nelder-Mead  1.0e-04 0 1 1 0     NFW      359.9999   0.0002     -1.005 0.007 180   0.60  129.5       -646.7155        -1270.92   241 359.9999   0.0002     -1.005 0.007 171   0.60    0.078
2018-05-16-13:50:35 1.15  Mocks_Mamon/MockNFW80ellip0.5loga-2.08PA50center0.0_0.0With_background1num45.dat Nelder-Mead  1.0e-04 0 1 1 0     NFW      359.9999   0.0000     -0.977 0.174  13   0.53  119.3       -553.1896       -1083.898   241 359.9999   0.0000     -0.953 0.174  13   0.53    0.077
2018-05-16-13:50:35 1.15  Mocks_Mamon/MockNFW80ellip0.5loga-2.08PA50center0.0_0.0With_background1num46.dat Nelder-Mead  1.0e-04 0 1 1 0     NFW        0.0001   0.0001     -0.973 0.162 143   0.56  128.8       -567.9908       -1113.558   241   0.0001   0.0001     -0.950 0.162 139   0.56    0.076
2018-05-16-13:50:35 1.15  Mocks_Mamon/MockNFW80ellip0.5loga-2.08PA50center0.0_0.0With_background1num47.dat Nelder-Mead  1.0e-04 0 1 1 0     NFW      359.9998   0.0001     -1.036 0.098 177   0.55  108.0       -592.3665       -1162.266   241 359.9998   0.0001     -0.986 0.098 177   0.55    0.076
2018-05-16-13:50:35 1.15  Mocks_Mamon/MockNFW80ellip0.5loga-2.08PA50center0.0_0.0With_background1num48.dat Nelder-Mead  1.0e-04 0 1 1 0     NFW        0.0000   0.0004     -1.047 0.044 180   0.54  102.3       -576.6503       -1130.804   241   0.0000   0.0004     -1.002 0.044 180   0.54    0.076
2018-05-16-13:50:35 1.15  Mocks_Mamon/MockNFW80ellip0.5loga-2.08PA50center0.0_0.0With_background1num49.dat Nelder-Mead  1.0e-04 0 1 1 0     NFW        0.0002   0.0000     -1.017 0.036  21   0.56  114.2       -593.5867       -1164.706   241   0.0002   0.0000     -0.969 0.036  21   0.56    0.077
2018-05-16-13:50:35 1.15  Mocks_Mamon/MockNFW80ellip0.5loga-2.08PA50center0.0_0.0With_background1num50.dat Nelder-Mead  1.0e-04 0 1 1 0     NFW        0.0003  -0.0001     -0.972 0.062  37   0.57  135.1       -604.2173       -1185.997   241   0.0003  -0.0001     -0.972 0.062  35   0.57    0.077
2018-05-16-13:50:35 1.15  Mocks_Mamon/MockNFW80ellip0.5loga-2.08PA50center0.0_0.0With_background1num51.dat Nelder-Mead  1.0e-04 0 1 1 0     NFW        0.0002   0.0004     -1.024 0.112   6   0.53  106.4       -566.8786       -1111.334   241   0.0002   0.0004     -0.975 0.112   6   0.53    0.076
2018-05-16-13:50:35 1.15  Mocks_Mamon/MockNFW80ellip0.5loga-2.08PA50center0.0_0.0With_background1num52.dat Nelder-Mead  1.0e-04 0 1 1 0     NFW      359.9994   0.0003     -1.047 0.061 138   0.59  114.1       -650.7369       -1279.021   241 359.9994   0.0003     -0.997 0.061 138   0.59    0.077
2018-05-16-13:50:35 1.15  Mocks_Mamon/MockNFW80ellip0.5loga-2.08PA50center0.0_0.0With_background1num53.dat Nelder-Mead  1.0e-04 0 1 1 0     NFW      359.9994   0.0001     -1.013 0.099   3   0.58  122.7       -631.1891       -1239.853   241 359.9994   0.0001     -0.992 0.099   3   0.58    0.078
2018-05-16-13:50:35 1.15  Mocks_Mamon/MockNFW80ellip0.5loga-2.08PA50center0.0_0.0With_background1num54.dat Nelder-Mead  1.0e-04 0 1 1 0     NFW      359.9983  -0.0000     -0.978 0.105  24   0.56  126.4         -578.29       -1134.142   241 359.9983  -0.0000     -0.954 0.105  24   0.55    0.077
2018-05-16-13:50:35 1.15  Mocks_Mamon/MockNFW80ellip0.5loga-2.08PA50center0.0_0.0With_background1num55.dat Nelder-Mead  1.0e-04 0 1 1 0     NFW        0.0002   0.0002     -1.026 0.140  41   0.56  111.9       -596.6938        -1170.95   241   0.0002   0.0002     -1.026 0.133  41   0.56    0.077
2018-05-16-13:50:35 1.15  Mocks_Mamon/MockNFW80ellip0.5loga-2.08PA50center0.0_0.0With_background1num56.dat Nelder-Mead  1.0e-04 0 1 1 0     NFW      360.0000  -0.0033     -1.009 0.142  22   0.62  136.8       -716.7286       -1410.961   241 360.0000  -0.0033     -0.961 0.142  22   0.62    0.074
2018-05-16-13:50:35 1.15  Mocks_Mamon/MockNFW80ellip0.5loga-2.08PA50center0.0_0.0With_background1num57.dat Nelder-Mead  1.0e-04 0 1 1 0     NFW      359.9999  -0.0001     -0.976 0.044 172   0.51  114.4        -515.306       -1008.087   241 359.9999  -0.0001     -0.935 0.044 171   0.51    0.071
2018-05-16-13:50:35 1.15  Mocks_Mamon/MockNFW80ellip0.5loga-2.08PA50center0.0_0.0With_background1num58.dat Nelder-Mead  1.0e-04 0 1 1 0     NFW        0.0000   0.0000     -0.997 0.040 176   0.55  118.1       -571.0174       -1119.539   241   0.0000   0.0000     -0.972 0.040 172   0.55    0.077
2018-05-16-13:50:35 1.15  Mocks_Mamon/MockNFW80ellip0.5loga-2.08PA50center0.0_0.0With_background1num59.dat Nelder-Mead  1.0e-04 0 1 1 0     NFW        0.0007  -0.0002     -1.049 0.183   9   0.57  107.4        -616.696       -1210.925   241   0.0007  -0.0002     -0.999 0.183   9   0.57    0.077
2018-05-16-13:50:35 1.15  Mocks_Mamon/MockNFW80ellip0.5loga-2.08PA50center0.0_0.0With_background1num60.dat Nelder-Mead  1.0e-04 0 1 1 0     NFW        0.0005   0.0001     -1.012 0.107 179   0.56  116.8        -599.517       -1176.509   241   0.0005   0.0001     -0.988 0.107 175   0.56    0.077
2018-05-16-13:50:35 1.15  Mocks_Mamon/MockNFW80ellip0.5loga-2.08PA50center0.0_0.0With_background1num61.dat Nelder-Mead  1.0e-04 0 1 1 0     NFW      359.9999  -0.0003     -0.996 0.088 147   0.57  124.0       -598.9427       -1175.462   241 359.9999  -0.0003     -0.972 0.088 144   0.57    0.075
2018-05-16-13:50:35 1.15  Mocks_Mamon/MockNFW80ellip0.5loga-2.08PA50center0.0_0.0With_background1num62.dat Nelder-Mead  1.0e-04 0 1 1 0     NFW      359.9996  -0.0005     -0.987 0.083  13   0.57  122.5       -574.2158       -1125.936   241 359.9996  -0.0005     -0.963 0.083  13   0.55    0.075
2018-05-16-13:50:35 1.15  Mocks_Mamon/MockNFW80ellip0.5loga-2.08PA50center0.0_0.0With_background1num63.dat Nelder-Mead  1.0e-04 0 1 1 0     NFW        0.0012  -0.0000     -0.995 0.089 166   0.58  121.1       -589.5088       -1156.565   241   0.0012  -0.0000     -0.995 0.089 166   0.55    0.078
2018-05-16-13:50:35 1.15  Mocks_Mamon/MockNFW80ellip0.5loga-2.08PA50center0.0_0.0With_background1num64.dat Nelder-Mead  1.0e-04 0 1 1 0     NFW      359.9978   0.0001     -1.045 0.085   5   0.57  110.8       -643.3768       -1264.258   241 359.9978   0.0001     -0.996 0.085   5   0.57    0.078
2018-05-16-13:50:35 1.15  Mocks_Mamon/MockNFW80ellip0.5loga-2.08PA50center0.0_0.0With_background1num65.dat Nelder-Mead  1.0e-04 0 1 1 0     NFW        0.0001  -0.0005     -1.043 0.105  27   0.54  102.1       -571.0099       -1119.509   241   0.0001  -0.0005     -0.993 0.105  27   0.54    0.076
2018-05-16-13:50:35 1.15  Mocks_Mamon/MockNFW80ellip0.5loga-2.08PA50center0.0_0.0With_background1num66.dat Nelder-Mead  1.0e-04 0 1 1 0     NFW      359.9999   0.0007     -1.070 0.025  39   0.58  103.6       -627.2803       -1232.094   241 359.9999   0.0007     -1.019 0.025  39   0.58    0.076
2018-05-16-13:50:35 1.15  Mocks_Mamon/MockNFW80ellip0.5loga-2.08PA50center0.0_0.0With_background1num67.dat Nelder-Mead  1.0e-04 0 1 1 0     NFW      359.9998   0.0016     -1.023 0.050   1   0.56  114.6       -618.6435       -1214.777   241 359.9998   0.0016     -0.974 0.050   1   0.56    0.076
2018-05-16-13:50:35 1.15  Mocks_Mamon/MockNFW80ellip0.5loga-2.08PA50center0.0_0.0With_background1num68.dat Nelder-Mead  1.0e-04 0 1 1 0     NFW      360.0000  -0.0000     -1.025 0.093 154   0.53  105.4       -565.4888       -1108.467   241 360.0000  -0.0000     -0.976 0.093 154   0.53    0.078
2018-05-16-13:50:35 1.15  Mocks_Mamon/MockNFW80ellip0.5loga-2.08PA50center0.0_0.0With_background1num69.dat Nelder-Mead  1.0e-04 0 1 1 0     NFW      359.9998   0.0002     -0.996 0.191 168   0.58  129.4       -625.3724       -1228.278   241 359.9998   0.0002     -0.996 0.191 160   0.58    0.078
2018-05-16-13:50:35 1.15  Mocks_Mamon/MockNFW80ellip0.5loga-2.08PA50center0.0_0.0With_background1num70.dat Nelder-Mead  1.0e-04 0 1 1 0     NFW        0.0003   0.0008     -0.989 0.099 138   0.56  125.4       -596.7873       -1171.093   241   0.0003   0.0008     -0.965 0.099 135   0.56    0.074
2018-05-16-13:50:35 1.15  Mocks_Mamon/MockNFW80ellip0.5loga-2.08PA50center0.0_0.0With_background1num71.dat Nelder-Mead  1.0e-04 0 1 1 0     NFW        0.0001   0.0001     -0.976 0.052 179   0.55  121.8        -559.251       -1095.992   241   0.0001   0.0001     -0.976 0.052 177   0.53    0.076
2018-05-16-13:50:35 1.15  Mocks_Mamon/MockNFW80ellip0.5loga-2.08PA50center0.0_0.0With_background1num72.dat Nelder-Mead  1.0e-04 0 1 1 0     NFW      359.9999   0.0007     -0.975 0.060  27   0.55  126.8       -583.7427       -1144.975   241 359.9999   0.0007     -0.951 0.060  26   0.55    0.074
2018-05-16-13:50:35 1.15  Mocks_Mamon/MockNFW80ellip0.5loga-2.08PA50center0.0_0.0With_background1num73.dat Nelder-Mead  1.0e-04 0 1 1 0     NFW        0.0004  -0.0004     -0.977 0.043 165   0.56  129.1       -591.9707       -1161.445   241   0.0004  -0.0004     -0.953 0.043 161   0.56    0.074
2018-05-16-13:50:35 1.15  Mocks_Mamon/MockNFW80ellip0.5loga-2.08PA50center0.0_0.0With_background1num74.dat Nelder-Mead  1.0e-04 0 1 1 0     NFW        0.0001  -0.0000     -0.985 0.112 180   0.53  118.2       -552.5597       -1082.623   241   0.0001  -0.0000     -0.961 0.110 179   0.53    0.076
2018-05-16-13:50:35 1.15  Mocks_Mamon/MockNFW80ellip0.5loga-2.08PA50center0.0_0.0With_background1num75.dat Nelder-Mead  1.0e-04 0 1 1 0     NFW        0.0005  -0.0014     -1.022 0.062 158   0.57  117.5       -639.9775       -1257.488   241   0.0005  -0.0014     -0.973 0.062 158   0.57    0.076
2018-05-16-13:50:35 1.15  Mocks_Mamon/MockNFW80ellip0.5loga-2.08PA50center0.0_0.0With_background1num76.dat Nelder-Mead  1.0e-04 0 1 1 0     NFW        0.0003   0.0000     -1.024 0.087 137   0.58  119.3       -629.4036       -1236.297   241   0.0003   0.0000     -0.975 0.087 137   0.58    0.079
2018-05-16-13:50:35 1.15  Mocks_Mamon/MockNFW80ellip0.5loga-2.08PA50center0.0_0.0With_background1num77.dat Nelder-Mead  1.0e-04 0 1 1 0     NFW      359.9989   0.0000     -1.046 0.113  29   0.55  105.4        -607.703       -1192.895   241 359.9989   0.0000     -0.996 0.113  29   0.55    0.079
2018-05-16-13:50:35 1.15  Mocks_Mamon/MockNFW80ellip0.5loga-2.08PA50center0.0_0.0With_background1num78.dat Nelder-Mead  1.0e-04 0 1 1 0     NFW      359.9995  -0.0027     -1.067 0.132 164   0.59  108.8       -678.0104       -1333.496   241 359.9995  -0.0027     -1.016 0.132 164   0.59    0.076
2018-05-16-13:50:35 1.15  Mocks_Mamon/MockNFW80ellip0.5loga-2.08PA50center0.0_0.0With_background1num79.dat Nelder-Mead  1.0e-04 0 1 1 0     NFW        0.0003   0.0023     -1.054 0.101  25   0.59  113.1       -674.7414       -1326.987   241   0.0003   0.0023     -1.003 0.101  25   0.59    0.076
2018-05-16-13:50:35 1.15  Mocks_Mamon/MockNFW80ellip0.5loga-2.08PA50center0.0_0.0With_background1num80.dat Nelder-Mead  1.0e-04 0 1 1 0     NFW      359.9996   0.0006     -1.022 0.022   4   0.55  112.1       -593.0902       -1163.728   241 359.9996   0.0006     -0.974 0.022   4   0.55    0.076
2018-05-16-13:50:35 1.15  Mocks_Mamon/MockNFW80ellip0.5loga-2.08PA50center0.0_0.0With_background1num81.dat Nelder-Mead  1.0e-04 0 1 1 0     NFW        0.0003  -0.0000     -1.059 0.114 161   0.55  102.1       -603.7947       -1185.079   241   0.0003  -0.0000     -1.009 0.114 161   0.55    0.080
2018-05-16-13:50:35 1.15  Mocks_Mamon/MockNFW80ellip0.5loga-2.08PA50center0.0_0.0With_background1num82.dat Nelder-Mead  1.0e-04 0 1 1 0     NFW      359.9999  -0.0000     -1.054 0.134 175   0.56  105.0       -611.0548       -1199.657   241 359.9999  -0.0000     -1.003 0.134 175   0.56    0.079
2018-05-16-13:50:35 1.15  Mocks_Mamon/MockNFW80ellip0.5loga-2.08PA50center0.0_0.0With_background1num83.dat Nelder-Mead  1.0e-04 0 1 1 0     NFW        0.0005  -0.0001     -0.985 0.061  35   0.54  118.7       -558.4392       -1094.411   241   0.0005  -0.0001     -0.961 0.061  34   0.54    0.075
2018-05-16-13:50:35 1.15  Mocks_Mamon/MockNFW80ellip0.5loga-2.08PA50center0.0_0.0With_background1num84.dat Nelder-Mead  1.0e-04 0 1 1 0     NFW        0.0000   0.0003     -0.980 0.097 146   0.57  130.9       -608.3498       -1194.218   241   0.0000   0.0003     -0.980 0.097 139   0.57    0.077
2018-05-16-13:50:35 1.15  Mocks_Mamon/MockNFW80ellip0.5loga-2.08PA50center0.0_0.0With_background1num85.dat Nelder-Mead  1.0e-04 0 1 1 0     NFW        0.0002  -0.0003     -0.972 0.142  32   0.52  119.9       -546.0238       -1069.566   241   0.0002  -0.0003     -0.948 0.142  32   0.52    0.074
2018-05-16-13:50:35 1.15  Mocks_Mamon/MockNFW80ellip0.5loga-2.08PA50center0.0_0.0With_background1num86.dat Nelder-Mead  1.0e-04 0 1 1 0     NFW      360.0000  -0.0007     -0.990 0.030   1   0.55  117.9       -561.4165       -1100.337   241 360.0000  -0.0007     -0.966 0.030   1   0.54    0.074
2018-05-16-13:50:35 1.15  Mocks_Mamon/MockNFW80ellip0.5loga-2.08PA50center0.0_0.0With_background1num87.dat Nelder-Mead  1.0e-04 0 1 1 0     NFW        0.0000   0.0001     -0.979 0.105 179   0.53  120.3       -551.6071       -1080.747   241   0.0000   0.0001     -0.944 0.105 177   0.53    0.074
2018-05-16-13:50:35 1.15  Mocks_Mamon/MockNFW80ellip0.5loga-2.08PA50center0.0_0.0With_background1num88.dat Nelder-Mead  1.0e-04 0 1 1 0     NFW      359.9999  -0.0006     -0.984 0.089 138   0.54  119.7       -567.0035       -1111.554   241 359.9999  -0.0006     -0.938 0.089 138   0.54    0.070
2018-05-16-13:50:35 1.15  Mocks_Mamon/MockNFW80ellip0.5loga-2.08PA50center0.0_0.0With_background1num89.dat Nelder-Mead  1.0e-04 0 1 1 0     NFW        0.0007  -0.0008     -0.972 0.103 178   0.59  135.3       -614.5793       -1206.648   241   0.0007  -0.0008     -0.972 0.103 174   0.57    0.076
2018-05-16-13:50:35 1.15  Mocks_Mamon/MockNFW80ellip0.5loga-2.08PA50center0.0_0.0With_background1num90.dat Nelder-Mead  1.0e-04 0 1 1 0     NFW      359.9999   0.0007     -0.988 0.104 142   0.56  125.4       -595.9891       -1169.482   241 359.9999   0.0007     -0.963 0.104 138   0.56    0.074
2018-05-16-13:50:35 1.15  Mocks_Mamon/MockNFW80ellip0.5loga-2.08PA50center0.0_0.0With_background1num91.dat Nelder-Mead  1.0e-04 0 1 1 0     NFW        0.0002   0.0004     -0.995 0.192 147   0.55  118.4       -570.0021       -1117.537   241   0.0002   0.0004     -0.995 0.192 140   0.55    0.076
2018-05-16-13:50:35 1.15  Mocks_Mamon/MockNFW80ellip0.5loga-2.08PA50center0.0_0.0With_background1num92.dat Nelder-Mead  1.0e-04 0 1 1 0     NFW        0.0001   0.0002     -1.029 0.075 169   0.60  122.5       -665.8717       -1309.204   241   0.0001   0.0002     -0.980 0.075 169   0.60    0.078
2018-05-16-13:50:35 1.15  Mocks_Mamon/MockNFW80ellip0.5loga-2.08PA50center0.0_0.0With_background1num93.dat Nelder-Mead  1.0e-04 0 1 1 0     NFW      359.9998   0.0000     -1.024 0.090  27   0.53  106.9       -569.4019       -1116.265   241 359.9998   0.0000     -0.975 0.090  27   0.53    0.078
2018-05-16-13:50:35 1.15  Mocks_Mamon/MockNFW80ellip0.5loga-2.08PA50center0.0_0.0With_background1num94.dat Nelder-Mead  1.0e-04 0 1 1 0     NFW        0.0001   0.0001     -0.979 0.039 153   0.57  123.3       -567.0004       -1111.505   241   0.0001   0.0001     -0.979 0.039 153   0.54    0.078
2018-05-16-13:50:35 1.15  Mocks_Mamon/MockNFW80ellip0.5loga-2.08PA50center0.0_0.0With_background1num95.dat Nelder-Mead  1.0e-04 0 1 1 0     NFW      359.9989   0.0000     -0.974 0.050  23   0.56  130.6       -598.9429       -1175.404   241 359.9989   0.0000     -0.950 0.050  22   0.56    0.076
2018-05-16-13:50:35 1.15  Mocks_Mamon/MockNFW80ellip0.5loga-2.08PA50center0.0_0.0With_background1num96.dat Nelder-Mead  1.0e-04 0 1 1 0     NFW      360.0000   0.0001     -0.991 0.040 179   0.54  114.7        -550.741       -1078.986   241 360.0000   0.0001     -0.991 0.040 175   0.53    0.076
2018-05-16-13:50:35 1.15  Mocks_Mamon/MockNFW80ellip0.5loga-2.08PA50center0.0_0.0With_background1num97.dat Nelder-Mead  1.0e-04 0 1 1 0     NFW      359.9997  -0.0001     -1.030 0.051  31   0.56  110.8       -601.2364       -1180.064   241 359.9997  -0.0001     -0.981 0.051  31   0.56    0.078
2018-05-16-13:50:35 1.15  Mocks_Mamon/MockNFW80ellip0.5loga-2.08PA50center0.0_0.0With_background1num98.dat Nelder-Mead  1.0e-04 0 1 1 0     NFW      359.9996   0.0002     -0.975 0.079  37   0.58  136.8       -618.4013       -1214.365   241 359.9996   0.0002     -0.975 0.079  35   0.58    0.078
2018-05-16-13:50:35 1.15  Mocks_Mamon/MockNFW80ellip0.5loga-2.08PA50center0.0_0.0With_background1num99.dat Nelder-Mead  1.0e-04 0 1 1 0     NFW        0.0004   0.0000     -1.033 0.088 166   0.54  105.5       -589.1462       -1155.768   241   0.0004   0.0000     -0.984 0.088 166   0.54    0.078
