2018-05-01-19:57:48 1.11  Mocks_Em/MockNFW1280ellip5loga2.08PA50center0With_background20num0.dat median-sep   0.0e+00 0 0 0 x     none       0.0000   0.0000     -2.008 0.000   0 -99.00    0.0               0               0     0   0.0000   0.0000      0.000 0.000   0   0.00    1.945
2018-05-01-19:57:48 1.11  Mocks_Em/MockNFW1280ellip5loga2.08PA50center0With_background20num1.dat median-sep   0.0e+00 0 0 0 x     none       0.0000   0.0000     -1.991 0.000   0 -99.00    0.0               0               0     0   0.0000   0.0000      0.000 0.000   0   0.00    0.665
2018-05-01-19:57:48 1.11  Mocks_Em/MockNFW1280ellip5loga2.08PA50center0With_background20num2.dat median-sep   0.0e+00 0 0 0 x     none       0.0000   0.0000     -1.999 0.000   0 -99.00    0.0               0               0     0   0.0000   0.0000      0.000 0.000   0   0.00    0.655
2018-05-01-19:57:48 1.11  Mocks_Em/MockNFW1280ellip5loga2.08PA50center0With_background20num3.dat median-sep   0.0e+00 0 0 0 x     none       0.0000   0.0000     -1.994 0.000   0 -99.00    0.0               0               0     0   0.0000   0.0000      0.000 0.000   0   0.00    0.673
2018-05-01-19:57:48 1.11  Mocks_Em/MockNFW1280ellip5loga2.08PA50center0With_background20num4.dat median-sep   0.0e+00 0 0 0 x     none       0.0000   0.0000     -1.989 0.000   0 -99.00    0.0               0               0     0   0.0000   0.0000      0.000 0.000   0   0.00    0.637
2018-05-01-19:57:48 1.11  Mocks_Em/MockNFW1280ellip5loga2.08PA50center0With_background20num5.dat median-sep   0.0e+00 0 0 0 x     none       0.0000   0.0000     -1.984 0.000   0 -99.00    0.0               0               0     0   0.0000   0.0000      0.000 0.000   0   0.00    0.620
2018-05-01-19:57:48 1.11  Mocks_Em/MockNFW1280ellip5loga2.08PA50center0With_background20num6.dat median-sep   0.0e+00 0 0 0 x     none       0.0000   0.0000     -1.995 0.000   0 -99.00    0.0               0               0     0   0.0000   0.0000      0.000 0.000   0   0.00    0.682
2018-05-01-19:57:48 1.11  Mocks_Em/MockNFW1280ellip5loga2.08PA50center0With_background20num7.dat median-sep   0.0e+00 0 0 0 x     none       0.0000   0.0000     -1.991 0.000   0 -99.00    0.0               0               0     0   0.0000   0.0000      0.000 0.000   0   0.00    0.688
2018-05-01-19:57:48 1.11  Mocks_Em/MockNFW1280ellip5loga2.08PA50center0With_background20num8.dat median-sep   0.0e+00 0 0 0 x     none       0.0000   0.0000     -2.003 0.000   0 -99.00    0.0               0               0     0   0.0000   0.0000      0.000 0.000   0   0.00    0.613
2018-05-01-19:57:48 1.11  Mocks_Em/MockNFW1280ellip5loga2.08PA50center0With_background20num9.dat median-sep   0.0e+00 0 0 0 x     none       0.0000   0.0000     -1.991 0.000   0 -99.00    0.0               0               0     0   0.0000   0.0000      0.000 0.000   0   0.00    0.681
2018-05-01-19:57:48 1.11  Mocks_Em/MockNFW1280ellip5loga2.08PA50center0With_background20num10.dat median-sep   0.0e+00 0 0 0 x     none       0.0000   0.0000     -1.991 0.000   0 -99.00    0.0               0               0     0   0.0000   0.0000      0.000 0.000   0   0.00    0.681
2018-05-01-19:57:48 1.11  Mocks_Em/MockNFW1280ellip5loga2.08PA50center0With_background20num11.dat median-sep   0.0e+00 0 0 0 x     none       0.0000   0.0000     -2.002 0.000   0 -99.00    0.0               0               0     0   0.0000   0.0000      0.000 0.000   0   0.00    0.670
2018-05-01-19:57:48 1.11  Mocks_Em/MockNFW1280ellip5loga2.08PA50center0With_background20num12.dat median-sep   0.0e+00 0 0 0 x     none       0.0000   0.0000     -1.994 0.000   0 -99.00    0.0               0               0     0   0.0000   0.0000      0.000 0.000   0   0.00    0.653
2018-05-01-19:57:48 1.11  Mocks_Em/MockNFW1280ellip5loga2.08PA50center0With_background20num13.dat median-sep   0.0e+00 0 0 0 x     none       0.0000   0.0000     -1.998 0.000   0 -99.00    0.0               0               0     0   0.0000   0.0000      0.000 0.000   0   0.00    0.701
2018-05-01-19:57:48 1.11  Mocks_Em/MockNFW1280ellip5loga2.08PA50center0With_background20num14.dat median-sep   0.0e+00 0 0 0 x     none       0.0000   0.0000     -2.006 0.000   0 -99.00    0.0               0               0     0   0.0000   0.0000      0.000 0.000   0   0.00    0.655
2018-05-01-19:57:48 1.11  Mocks_Em/MockNFW1280ellip5loga2.08PA50center0With_background20num15.dat median-sep   0.0e+00 0 0 0 x     none       0.0000   0.0000     -1.994 0.000   0 -99.00    0.0               0               0     0   0.0000   0.0000      0.000 0.000   0   0.00    0.684
2018-05-01-19:57:48 1.11  Mocks_Em/MockNFW1280ellip5loga2.08PA50center0With_background20num16.dat median-sep   0.0e+00 0 0 0 x     none       0.0000   0.0000     -1.993 0.000   0 -99.00    0.0               0               0     0   0.0000   0.0000      0.000 0.000   0   0.00    0.650
2018-05-01-19:57:48 1.11  Mocks_Em/MockNFW1280ellip5loga2.08PA50center0With_background20num17.dat median-sep   0.0e+00 0 0 0 x     none       0.0000   0.0000     -1.996 0.000   0 -99.00    0.0               0               0     0   0.0000   0.0000      0.000 0.000   0   0.00    0.673
2018-05-01-19:57:48 1.11  Mocks_Em/MockNFW1280ellip5loga2.08PA50center0With_background20num18.dat median-sep   0.0e+00 0 0 0 x     none       0.0000   0.0000     -1.995 0.000   0 -99.00    0.0               0               0     0   0.0000   0.0000      0.000 0.000   0   0.00    0.645
2018-05-01-19:57:48 1.11  Mocks_Em/MockNFW1280ellip5loga2.08PA50center0With_background20num19.dat median-sep   0.0e+00 0 0 0 x     none       0.0000   0.0000     -1.992 0.000   0 -99.00    0.0               0               0     0   0.0000   0.0000      0.000 0.000   0   0.00    0.637
2018-05-01-19:57:48 1.11  Mocks_Em/MockNFW1280ellip5loga2.08PA50center0With_background20num20.dat median-sep   0.0e+00 0 0 0 x     none       0.0000   0.0000     -1.998 0.000   0 -99.00    0.0               0               0     0   0.0000   0.0000      0.000 0.000   0   0.00    0.671
2018-05-01-19:57:48 1.11  Mocks_Em/MockNFW1280ellip5loga2.08PA50center0With_background20num21.dat median-sep   0.0e+00 0 0 0 x     none       0.0000   0.0000     -1.986 0.000   0 -99.00    0.0               0               0     0   0.0000   0.0000      0.000 0.000   0   0.00    0.613
2018-05-01-19:57:48 1.11  Mocks_Em/MockNFW1280ellip5loga2.08PA50center0With_background20num22.dat median-sep   0.0e+00 0 0 0 x     none       0.0000   0.0000     -1.993 0.000   0 -99.00    0.0               0               0     0   0.0000   0.0000      0.000 0.000   0   0.00    0.626
2018-05-01-19:57:48 1.11  Mocks_Em/MockNFW1280ellip5loga2.08PA50center0With_background20num23.dat median-sep   0.0e+00 0 0 0 x     none       0.0000   0.0000     -2.018 0.000   0 -99.00    0.0               0               0     0   0.0000   0.0000      0.000 0.000   0   0.00    0.623
2018-05-01-19:57:48 1.11  Mocks_Em/MockNFW1280ellip5loga2.08PA50center0With_background20num24.dat median-sep   0.0e+00 0 0 0 x     none       0.0000   0.0000     -1.999 0.000   0 -99.00    0.0               0               0     0   0.0000   0.0000      0.000 0.000   0   0.00    0.699
2018-05-01-19:57:48 1.11  Mocks_Em/MockNFW1280ellip5loga2.08PA50center0With_background20num25.dat median-sep   0.0e+00 0 0 0 x     none       0.0000   0.0000     -1.989 0.000   0 -99.00    0.0               0               0     0   0.0000   0.0000      0.000 0.000   0   0.00    0.662
2018-05-01-19:57:48 1.11  Mocks_Em/MockNFW1280ellip5loga2.08PA50center0With_background20num26.dat median-sep   0.0e+00 0 0 0 x     none       0.0000   0.0000     -2.008 0.000   0 -99.00    0.0               0               0     0   0.0000   0.0000      0.000 0.000   0   0.00    0.626
2018-05-01-19:57:48 1.11  Mocks_Em/MockNFW1280ellip5loga2.08PA50center0With_background20num27.dat median-sep   0.0e+00 0 0 0 x     none       0.0000   0.0000     -1.987 0.000   0 -99.00    0.0               0               0     0   0.0000   0.0000      0.000 0.000   0   0.00    0.673
2018-05-01-19:57:48 1.11  Mocks_Em/MockNFW1280ellip5loga2.08PA50center0With_background20num28.dat median-sep   0.0e+00 0 0 0 x     none       0.0000   0.0000     -1.999 0.000   0 -99.00    0.0               0               0     0   0.0000   0.0000      0.000 0.000   0   0.00    0.621
2018-05-01-19:57:48 1.11  Mocks_Em/MockNFW1280ellip5loga2.08PA50center0With_background20num29.dat median-sep   0.0e+00 0 0 0 x     none       0.0000   0.0000     -2.000 0.000   0 -99.00    0.0               0               0     0   0.0000   0.0000      0.000 0.000   0   0.00    0.746
2018-05-01-19:57:48 1.11  Mocks_Em/MockNFW1280ellip5loga2.08PA50center0With_background20num30.dat median-sep   0.0e+00 0 0 0 x     none       0.0000   0.0000     -1.995 0.000   0 -99.00    0.0               0               0     0   0.0000   0.0000      0.000 0.000   0   0.00    0.640
2018-05-01-19:57:48 1.11  Mocks_Em/MockNFW1280ellip5loga2.08PA50center0With_background20num31.dat median-sep   0.0e+00 0 0 0 x     none       0.0000   0.0000     -1.989 0.000   0 -99.00    0.0               0               0     0   0.0000   0.0000      0.000 0.000   0   0.00    0.680
2018-05-01-19:57:48 1.11  Mocks_Em/MockNFW1280ellip5loga2.08PA50center0With_background20num32.dat median-sep   0.0e+00 0 0 0 x     none       0.0000   0.0000     -1.996 0.000   0 -99.00    0.0               0               0     0   0.0000   0.0000      0.000 0.000   0   0.00    0.674
2018-05-01-19:57:48 1.11  Mocks_Em/MockNFW1280ellip5loga2.08PA50center0With_background20num33.dat median-sep   0.0e+00 0 0 0 x     none       0.0000   0.0000     -1.990 0.000   0 -99.00    0.0               0               0     0   0.0000   0.0000      0.000 0.000   0   0.00    0.742
2018-05-01-19:57:48 1.11  Mocks_Em/MockNFW1280ellip5loga2.08PA50center0With_background20num34.dat median-sep   0.0e+00 0 0 0 x     none       0.0000   0.0000     -1.994 0.000   0 -99.00    0.0               0               0     0   0.0000   0.0000      0.000 0.000   0   0.00    0.622
2018-05-01-19:57:48 1.11  Mocks_Em/MockNFW1280ellip5loga2.08PA50center0With_background20num35.dat median-sep   0.0e+00 0 0 0 x     none       0.0000   0.0000     -1.991 0.000   0 -99.00    0.0               0               0     0   0.0000   0.0000      0.000 0.000   0   0.00    0.745
2018-05-01-19:57:48 1.11  Mocks_Em/MockNFW1280ellip5loga2.08PA50center0With_background20num36.dat median-sep   0.0e+00 0 0 0 x     none       0.0000   0.0000     -1.994 0.000   0 -99.00    0.0               0               0     0   0.0000   0.0000      0.000 0.000   0   0.00    0.620
2018-05-01-19:57:48 1.11  Mocks_Em/MockNFW1280ellip5loga2.08PA50center0With_background20num37.dat median-sep   0.0e+00 0 0 0 x     none       0.0000   0.0000     -1.999 0.000   0 -99.00    0.0               0               0     0   0.0000   0.0000      0.000 0.000   0   0.00    0.740
2018-05-01-19:57:48 1.11  Mocks_Em/MockNFW1280ellip5loga2.08PA50center0With_background20num38.dat median-sep   0.0e+00 0 0 0 x     none       0.0000   0.0000     -1.994 0.000   0 -99.00    0.0               0               0     0   0.0000   0.0000      0.000 0.000   0   0.00    0.644
2018-05-01-19:57:48 1.11  Mocks_Em/MockNFW1280ellip5loga2.08PA50center0With_background20num39.dat median-sep   0.0e+00 0 0 0 x     none       0.0000   0.0000     -1.991 0.000   0 -99.00    0.0               0               0     0   0.0000   0.0000      0.000 0.000   0   0.00    0.738
2018-05-01-19:57:48 1.11  Mocks_Em/MockNFW1280ellip5loga2.08PA50center0With_background20num40.dat median-sep   0.0e+00 0 0 0 x     none       0.0000   0.0000     -2.004 0.000   0 -99.00    0.0               0               0     0   0.0000   0.0000      0.000 0.000   0   0.00    0.607
2018-05-01-19:57:48 1.11  Mocks_Em/MockNFW1280ellip5loga2.08PA50center0With_background20num41.dat median-sep   0.0e+00 0 0 0 x     none       0.0000   0.0000     -1.994 0.000   0 -99.00    0.0               0               0     0   0.0000   0.0000      0.000 0.000   0   0.00    0.640
2018-05-01-19:57:48 1.11  Mocks_Em/MockNFW1280ellip5loga2.08PA50center0With_background20num42.dat median-sep   0.0e+00 0 0 0 x     none       0.0000   0.0000     -1.993 0.000   0 -99.00    0.0               0               0     0   0.0000   0.0000      0.000 0.000   0   0.00    0.647
2018-05-01-19:57:48 1.11  Mocks_Em/MockNFW1280ellip5loga2.08PA50center0With_background20num43.dat median-sep   0.0e+00 0 0 0 x     none       0.0000   0.0000     -1.988 0.000   0 -99.00    0.0               0               0     0   0.0000   0.0000      0.000 0.000   0   0.00    0.659
2018-05-01-19:57:48 1.11  Mocks_Em/MockNFW1280ellip5loga2.08PA50center0With_background20num44.dat median-sep   0.0e+00 0 0 0 x     none       0.0000   0.0000     -2.005 0.000   0 -99.00    0.0               0               0     0   0.0000   0.0000      0.000 0.000   0   0.00    0.744
2018-05-01-19:57:48 1.11  Mocks_Em/MockNFW1280ellip5loga2.08PA50center0With_background20num45.dat median-sep   0.0e+00 0 0 0 x     none       0.0000   0.0000     -1.998 0.000   0 -99.00    0.0               0               0     0   0.0000   0.0000      0.000 0.000   0   0.00    0.608
2018-05-01-19:57:48 1.11  Mocks_Em/MockNFW1280ellip5loga2.08PA50center0With_background20num46.dat median-sep   0.0e+00 0 0 0 x     none       0.0000   0.0000     -2.004 0.000   0 -99.00    0.0               0               0     0   0.0000   0.0000      0.000 0.000   0   0.00    0.644
2018-05-01-19:57:48 1.11  Mocks_Em/MockNFW1280ellip5loga2.08PA50center0With_background20num47.dat median-sep   0.0e+00 0 0 0 x     none       0.0000   0.0000     -2.001 0.000   0 -99.00    0.0               0               0     0   0.0000   0.0000      0.000 0.000   0   0.00    0.676
2018-05-01-19:57:48 1.11  Mocks_Em/MockNFW1280ellip5loga2.08PA50center0With_background20num48.dat median-sep   0.0e+00 0 0 0 x     none       0.0000   0.0000     -1.998 0.000   0 -99.00    0.0               0               0     0   0.0000   0.0000      0.000 0.000   0   0.00    0.652
2018-05-01-19:57:48 1.11  Mocks_Em/MockNFW1280ellip5loga2.08PA50center0With_background20num49.dat median-sep   0.0e+00 0 0 0 x     none       0.0000   0.0000     -1.998 0.000   0 -99.00    0.0               0               0     0   0.0000   0.0000      0.000 0.000   0   0.00    0.636
2018-05-01-19:57:48 1.11  Mocks_Em/MockNFW1280ellip5loga2.08PA50center0With_background20num50.dat median-sep   0.0e+00 0 0 0 x     none       0.0000   0.0000     -1.989 0.000   0 -99.00    0.0               0               0     0   0.0000   0.0000      0.000 0.000   0   0.00    0.633
2018-05-01-19:57:48 1.11  Mocks_Em/MockNFW1280ellip5loga2.08PA50center0With_background20num51.dat median-sep   0.0e+00 0 0 0 x     none       0.0000   0.0000     -1.991 0.000   0 -99.00    0.0               0               0     0   0.0000   0.0000      0.000 0.000   0   0.00    0.647
2018-05-01-19:57:48 1.11  Mocks_Em/MockNFW1280ellip5loga2.08PA50center0With_background20num52.dat median-sep   0.0e+00 0 0 0 x     none       0.0000   0.0000     -1.991 0.000   0 -99.00    0.0               0               0     0   0.0000   0.0000      0.000 0.000   0   0.00    0.673
2018-05-01-19:57:48 1.11  Mocks_Em/MockNFW1280ellip5loga2.08PA50center0With_background20num53.dat median-sep   0.0e+00 0 0 0 x     none       0.0000   0.0000     -1.999 0.000   0 -99.00    0.0               0               0     0   0.0000   0.0000      0.000 0.000   0   0.00    0.777
2018-05-01-19:57:48 1.11  Mocks_Em/MockNFW1280ellip5loga2.08PA50center0With_background20num54.dat median-sep   0.0e+00 0 0 0 x     none       0.0000   0.0000     -1.993 0.000   0 -99.00    0.0               0               0     0   0.0000   0.0000      0.000 0.000   0   0.00    0.608
2018-05-01-19:57:48 1.11  Mocks_Em/MockNFW1280ellip5loga2.08PA50center0With_background20num55.dat median-sep   0.0e+00 0 0 0 x     none       0.0000   0.0000     -1.996 0.000   0 -99.00    0.0               0               0     0   0.0000   0.0000      0.000 0.000   0   0.00    0.652
2018-05-01-19:57:48 1.11  Mocks_Em/MockNFW1280ellip5loga2.08PA50center0With_background20num56.dat median-sep   0.0e+00 0 0 0 x     none       0.0000   0.0000     -1.991 0.000   0 -99.00    0.0               0               0     0   0.0000   0.0000      0.000 0.000   0   0.00    0.651
2018-05-01-19:57:48 1.11  Mocks_Em/MockNFW1280ellip5loga2.08PA50center0With_background20num57.dat median-sep   0.0e+00 0 0 0 x     none       0.0000   0.0000     -1.996 0.000   0 -99.00    0.0               0               0     0   0.0000   0.0000      0.000 0.000   0   0.00    0.779
2018-05-01-19:57:48 1.11  Mocks_Em/MockNFW1280ellip5loga2.08PA50center0With_background20num58.dat median-sep   0.0e+00 0 0 0 x     none       0.0000   0.0000     -1.996 0.000   0 -99.00    0.0               0               0     0   0.0000   0.0000      0.000 0.000   0   0.00    0.613
2018-05-01-19:57:48 1.11  Mocks_Em/MockNFW1280ellip5loga2.08PA50center0With_background20num59.dat median-sep   0.0e+00 0 0 0 x     none       0.0000   0.0000     -1.988 0.000   0 -99.00    0.0               0               0     0   0.0000   0.0000      0.000 0.000   0   0.00    0.673
2018-05-01-19:57:48 1.11  Mocks_Em/MockNFW1280ellip5loga2.08PA50center0With_background20num60.dat median-sep   0.0e+00 0 0 0 x     none       0.0000   0.0000     -2.002 0.000   0 -99.00    0.0               0               0     0   0.0000   0.0000      0.000 0.000   0   0.00    0.750
2018-05-01-19:57:48 1.11  Mocks_Em/MockNFW1280ellip5loga2.08PA50center0With_background20num61.dat median-sep   0.0e+00 0 0 0 x     none       0.0000   0.0000     -2.008 0.000   0 -99.00    0.0               0               0     0   0.0000   0.0000      0.000 0.000   0   0.00    0.630
2018-05-01-19:57:48 1.11  Mocks_Em/MockNFW1280ellip5loga2.08PA50center0With_background20num62.dat median-sep   0.0e+00 0 0 0 x     none       0.0000   0.0000     -1.998 0.000   0 -99.00    0.0               0               0     0   0.0000   0.0000      0.000 0.000   0   0.00    0.661
2018-05-01-19:57:48 1.11  Mocks_Em/MockNFW1280ellip5loga2.08PA50center0With_background20num63.dat median-sep   0.0e+00 0 0 0 x     none       0.0000   0.0000     -1.991 0.000   0 -99.00    0.0               0               0     0   0.0000   0.0000      0.000 0.000   0   0.00    0.629
2018-05-01-19:57:48 1.11  Mocks_Em/MockNFW1280ellip5loga2.08PA50center0With_background20num64.dat median-sep   0.0e+00 0 0 0 x     none       0.0000   0.0000     -1.991 0.000   0 -99.00    0.0               0               0     0   0.0000   0.0000      0.000 0.000   0   0.00    0.645
2018-05-01-19:57:48 1.11  Mocks_Em/MockNFW1280ellip5loga2.08PA50center0With_background20num65.dat median-sep   0.0e+00 0 0 0 x     none       0.0000   0.0000     -1.988 0.000   0 -99.00    0.0               0               0     0   0.0000   0.0000      0.000 0.000   0   0.00    0.651
2018-05-01-19:57:48 1.11  Mocks_Em/MockNFW1280ellip5loga2.08PA50center0With_background20num66.dat median-sep   0.0e+00 0 0 0 x     none       0.0000   0.0000     -1.995 0.000   0 -99.00    0.0               0               0     0   0.0000   0.0000      0.000 0.000   0   0.00    0.767
2018-05-01-19:57:48 1.11  Mocks_Em/MockNFW1280ellip5loga2.08PA50center0With_background20num67.dat median-sep   0.0e+00 0 0 0 x     none       0.0000   0.0000     -1.991 0.000   0 -99.00    0.0               0               0     0   0.0000   0.0000      0.000 0.000   0   0.00    0.613
2018-05-01-19:57:48 1.11  Mocks_Em/MockNFW1280ellip5loga2.08PA50center0With_background20num68.dat median-sep   0.0e+00 0 0 0 x     none       0.0000   0.0000     -1.996 0.000   0 -99.00    0.0               0               0     0   0.0000   0.0000      0.000 0.000   0   0.00    0.648
2018-05-01-19:57:48 1.11  Mocks_Em/MockNFW1280ellip5loga2.08PA50center0With_background20num69.dat median-sep   0.0e+00 0 0 0 x     none       0.0000   0.0000     -1.998 0.000   0 -99.00    0.0               0               0     0   0.0000   0.0000      0.000 0.000   0   0.00    0.673
2018-05-01-19:57:48 1.11  Mocks_Em/MockNFW1280ellip5loga2.08PA50center0With_background20num70.dat median-sep   0.0e+00 0 0 0 x     none       0.0000   0.0000     -1.996 0.000   0 -99.00    0.0               0               0     0   0.0000   0.0000      0.000 0.000   0   0.00    0.743
2018-05-01-19:57:48 1.11  Mocks_Em/MockNFW1280ellip5loga2.08PA50center0With_background20num71.dat median-sep   0.0e+00 0 0 0 x     none       0.0000   0.0000     -2.000 0.000   0 -99.00    0.0               0               0     0   0.0000   0.0000      0.000 0.000   0   0.00    0.614
2018-05-01-19:57:48 1.11  Mocks_Em/MockNFW1280ellip5loga2.08PA50center0With_background20num72.dat median-sep   0.0e+00 0 0 0 x     none       0.0000   0.0000     -2.009 0.000   0 -99.00    0.0               0               0     0   0.0000   0.0000      0.000 0.000   0   0.00    0.651
2018-05-01-19:57:48 1.11  Mocks_Em/MockNFW1280ellip5loga2.08PA50center0With_background20num73.dat median-sep   0.0e+00 0 0 0 x     none       0.0000   0.0000     -1.984 0.000   0 -99.00    0.0               0               0     0   0.0000   0.0000      0.000 0.000   0   0.00    0.672
2018-05-01-19:57:48 1.11  Mocks_Em/MockNFW1280ellip5loga2.08PA50center0With_background20num74.dat median-sep   0.0e+00 0 0 0 x     none       0.0000   0.0000     -1.989 0.000   0 -99.00    0.0               0               0     0   0.0000   0.0000      0.000 0.000   0   0.00    0.652
2018-05-01-19:57:48 1.11  Mocks_Em/MockNFW1280ellip5loga2.08PA50center0With_background20num75.dat median-sep   0.0e+00 0 0 0 x     none       0.0000   0.0000     -1.997 0.000   0 -99.00    0.0               0               0     0   0.0000   0.0000      0.000 0.000   0   0.00    0.676
2018-05-01-19:57:48 1.11  Mocks_Em/MockNFW1280ellip5loga2.08PA50center0With_background20num76.dat median-sep   0.0e+00 0 0 0 x     none       0.0000   0.0000     -1.990 0.000   0 -99.00    0.0               0               0     0   0.0000   0.0000      0.000 0.000   0   0.00    0.643
2018-05-01-19:57:48 1.11  Mocks_Em/MockNFW1280ellip5loga2.08PA50center0With_background20num77.dat median-sep   0.0e+00 0 0 0 x     none       0.0000   0.0000     -2.003 0.000   0 -99.00    0.0               0               0     0   0.0000   0.0000      0.000 0.000   0   0.00    0.616
2018-05-01-19:57:48 1.11  Mocks_Em/MockNFW1280ellip5loga2.08PA50center0With_background20num78.dat median-sep   0.0e+00 0 0 0 x     none       0.0000   0.0000     -1.998 0.000   0 -99.00    0.0               0               0     0   0.0000   0.0000      0.000 0.000   0   0.00    0.753
2018-05-01-19:57:48 1.11  Mocks_Em/MockNFW1280ellip5loga2.08PA50center0With_background20num79.dat median-sep   0.0e+00 0 0 0 x     none       0.0000   0.0000     -1.998 0.000   0 -99.00    0.0               0               0     0   0.0000   0.0000      0.000 0.000   0   0.00    0.620
2018-05-01-19:57:48 1.11  Mocks_Em/MockNFW1280ellip5loga2.08PA50center0With_background20num80.dat median-sep   0.0e+00 0 0 0 x     none       0.0000   0.0000     -1.999 0.000   0 -99.00    0.0               0               0     0   0.0000   0.0000      0.000 0.000   0   0.00    0.648
2018-05-01-19:57:48 1.11  Mocks_Em/MockNFW1280ellip5loga2.08PA50center0With_background20num81.dat median-sep   0.0e+00 0 0 0 x     none       0.0000   0.0000     -2.000 0.000   0 -99.00    0.0               0               0     0   0.0000   0.0000      0.000 0.000   0   0.00    0.630
2018-05-01-19:57:48 1.11  Mocks_Em/MockNFW1280ellip5loga2.08PA50center0With_background20num82.dat median-sep   0.0e+00 0 0 0 x     none       0.0000   0.0000     -1.993 0.000   0 -99.00    0.0               0               0     0   0.0000   0.0000      0.000 0.000   0   0.00    0.668
2018-05-01-19:57:48 1.11  Mocks_Em/MockNFW1280ellip5loga2.08PA50center0With_background20num83.dat median-sep   0.0e+00 0 0 0 x     none       0.0000   0.0000     -1.996 0.000   0 -99.00    0.0               0               0     0   0.0000   0.0000      0.000 0.000   0   0.00    0.611
2018-05-01-19:57:48 1.11  Mocks_Em/MockNFW1280ellip5loga2.08PA50center0With_background20num84.dat median-sep   0.0e+00 0 0 0 x     none       0.0000   0.0000     -2.001 0.000   0 -99.00    0.0               0               0     0   0.0000   0.0000      0.000 0.000   0   0.00    0.677
2018-05-01-19:57:48 1.11  Mocks_Em/MockNFW1280ellip5loga2.08PA50center0With_background20num85.dat median-sep   0.0e+00 0 0 0 x     none       0.0000   0.0000     -2.005 0.000   0 -99.00    0.0               0               0     0   0.0000   0.0000      0.000 0.000   0   0.00    0.648
2018-05-01-19:57:48 1.11  Mocks_Em/MockNFW1280ellip5loga2.08PA50center0With_background20num86.dat median-sep   0.0e+00 0 0 0 x     none       0.0000   0.0000     -1.999 0.000   0 -99.00    0.0               0               0     0   0.0000   0.0000      0.000 0.000   0   0.00    0.750
2018-05-01-19:57:48 1.11  Mocks_Em/MockNFW1280ellip5loga2.08PA50center0With_background20num87.dat median-sep   0.0e+00 0 0 0 x     none       0.0000   0.0000     -2.005 0.000   0 -99.00    0.0               0               0     0   0.0000   0.0000      0.000 0.000   0   0.00    0.620
2018-05-01-19:57:48 1.11  Mocks_Em/MockNFW1280ellip5loga2.08PA50center0With_background20num88.dat median-sep   0.0e+00 0 0 0 x     none       0.0000   0.0000     -1.999 0.000   0 -99.00    0.0               0               0     0   0.0000   0.0000      0.000 0.000   0   0.00    0.689
2018-05-01-19:57:48 1.11  Mocks_Em/MockNFW1280ellip5loga2.08PA50center0With_background20num89.dat median-sep   0.0e+00 0 0 0 x     none       0.0000   0.0000     -1.998 0.000   0 -99.00    0.0               0               0     0   0.0000   0.0000      0.000 0.000   0   0.00    0.656
2018-05-01-19:57:48 1.11  Mocks_Em/MockNFW1280ellip5loga2.08PA50center0With_background20num90.dat median-sep   0.0e+00 0 0 0 x     none       0.0000   0.0000     -2.002 0.000   0 -99.00    0.0               0               0     0   0.0000   0.0000      0.000 0.000   0   0.00    0.630
2018-05-01-19:57:48 1.11  Mocks_Em/MockNFW1280ellip5loga2.08PA50center0With_background20num91.dat median-sep   0.0e+00 0 0 0 x     none       0.0000   0.0000     -2.000 0.000   0 -99.00    0.0               0               0     0   0.0000   0.0000      0.000 0.000   0   0.00    0.648
2018-05-01-19:57:48 1.11  Mocks_Em/MockNFW1280ellip5loga2.08PA50center0With_background20num92.dat median-sep   0.0e+00 0 0 0 x     none       0.0000   0.0000     -1.993 0.000   0 -99.00    0.0               0               0     0   0.0000   0.0000      0.000 0.000   0   0.00    0.628
2018-05-01-19:57:48 1.11  Mocks_Em/MockNFW1280ellip5loga2.08PA50center0With_background20num93.dat median-sep   0.0e+00 0 0 0 x     none       0.0000   0.0000     -1.998 0.000   0 -99.00    0.0               0               0     0   0.0000   0.0000      0.000 0.000   0   0.00    0.649
2018-05-01-19:57:48 1.11  Mocks_Em/MockNFW1280ellip5loga2.08PA50center0With_background20num94.dat median-sep   0.0e+00 0 0 0 x     none       0.0000   0.0000     -1.990 0.000   0 -99.00    0.0               0               0     0   0.0000   0.0000      0.000 0.000   0   0.00    0.659
2018-05-01-19:57:48 1.11  Mocks_Em/MockNFW1280ellip5loga2.08PA50center0With_background20num95.dat median-sep   0.0e+00 0 0 0 x     none       0.0000   0.0000     -1.991 0.000   0 -99.00    0.0               0               0     0   0.0000   0.0000      0.000 0.000   0   0.00    0.676
2018-05-01-19:57:48 1.11  Mocks_Em/MockNFW1280ellip5loga2.08PA50center0With_background20num96.dat median-sep   0.0e+00 0 0 0 x     none       0.0000   0.0000     -1.992 0.000   0 -99.00    0.0               0               0     0   0.0000   0.0000      0.000 0.000   0   0.00    0.645
2018-05-01-19:57:48 1.11  Mocks_Em/MockNFW1280ellip5loga2.08PA50center0With_background20num97.dat median-sep   0.0e+00 0 0 0 x     none       0.0000   0.0000     -1.989 0.000   0 -99.00    0.0               0               0     0   0.0000   0.0000      0.000 0.000   0   0.00    0.651
2018-05-01-19:57:48 1.11  Mocks_Em/MockNFW1280ellip5loga2.08PA50center0With_background20num98.dat median-sep   0.0e+00 0 0 0 x     none       0.0000   0.0000     -1.995 0.000   0 -99.00    0.0               0               0     0   0.0000   0.0000      0.000 0.000   0   0.00    0.645
2018-05-01-19:57:48 1.11  Mocks_Em/MockNFW1280ellip5loga2.08PA50center0With_background20num99.dat median-sep   0.0e+00 0 0 0 x     none       0.0000   0.0000     -1.993 0.000   0 -99.00    0.0               0               0     0   0.0000   0.0000      0.000 0.000   0   0.00    0.649
