2018-05-01-19:50:32 1.11  Mocks_Em/MockNFW80ellip5loga2.08PA50center0With_background20num0.dat median-sep   0.0e+00 0 0 0 x     none       0.0000   0.0000     -1.953 0.000   0 -99.00    0.0               0               0     0   0.0000   0.0000      0.000 0.000   0   0.00    0.003
2018-05-01-19:50:32 1.11  Mocks_Em/MockNFW80ellip5loga2.08PA50center0With_background20num1.dat median-sep   0.0e+00 0 0 0 x     none       0.0000   0.0000     -1.933 0.000   0 -99.00    0.0               0               0     0   0.0000   0.0000      0.000 0.000   0   0.00    0.002
2018-05-01-19:50:32 1.11  Mocks_Em/MockNFW80ellip5loga2.08PA50center0With_background20num2.dat median-sep   0.0e+00 0 0 0 x     none       0.0000   0.0000     -1.934 0.000   0 -99.00    0.0               0               0     0   0.0000   0.0000      0.000 0.000   0   0.00    0.002
2018-05-01-19:50:32 1.11  Mocks_Em/MockNFW80ellip5loga2.08PA50center0With_background20num3.dat median-sep   0.0e+00 0 0 0 x     none       0.0000   0.0000     -1.913 0.000   0 -99.00    0.0               0               0     0   0.0000   0.0000      0.000 0.000   0   0.00    0.002
2018-05-01-19:50:32 1.11  Mocks_Em/MockNFW80ellip5loga2.08PA50center0With_background20num4.dat median-sep   0.0e+00 0 0 0 x     none       0.0000   0.0000     -1.952 0.000   0 -99.00    0.0               0               0     0   0.0000   0.0000      0.000 0.000   0   0.00    0.002
2018-05-01-19:50:32 1.11  Mocks_Em/MockNFW80ellip5loga2.08PA50center0With_background20num5.dat median-sep   0.0e+00 0 0 0 x     none       0.0000   0.0000     -1.987 0.000   0 -99.00    0.0               0               0     0   0.0000   0.0000      0.000 0.000   0   0.00    0.003
2018-05-01-19:50:32 1.11  Mocks_Em/MockNFW80ellip5loga2.08PA50center0With_background20num6.dat median-sep   0.0e+00 0 0 0 x     none       0.0000   0.0000     -1.930 0.000   0 -99.00    0.0               0               0     0   0.0000   0.0000      0.000 0.000   0   0.00    0.002
2018-05-01-19:50:32 1.11  Mocks_Em/MockNFW80ellip5loga2.08PA50center0With_background20num7.dat median-sep   0.0e+00 0 0 0 x     none       0.0000   0.0000     -1.944 0.000   0 -99.00    0.0               0               0     0   0.0000   0.0000      0.000 0.000   0   0.00    0.002
2018-05-01-19:50:32 1.11  Mocks_Em/MockNFW80ellip5loga2.08PA50center0With_background20num8.dat median-sep   0.0e+00 0 0 0 x     none       0.0000   0.0000     -1.962 0.000   0 -99.00    0.0               0               0     0   0.0000   0.0000      0.000 0.000   0   0.00    0.002
2018-05-01-19:50:32 1.11  Mocks_Em/MockNFW80ellip5loga2.08PA50center0With_background20num9.dat median-sep   0.0e+00 0 0 0 x     none       0.0000   0.0000     -1.938 0.000   0 -99.00    0.0               0               0     0   0.0000   0.0000      0.000 0.000   0   0.00    0.002
2018-05-01-19:50:32 1.11  Mocks_Em/MockNFW80ellip5loga2.08PA50center0With_background20num10.dat median-sep   0.0e+00 0 0 0 x     none       0.0000   0.0000     -1.960 0.000   0 -99.00    0.0               0               0     0   0.0000   0.0000      0.000 0.000   0   0.00    0.002
2018-05-01-19:50:32 1.11  Mocks_Em/MockNFW80ellip5loga2.08PA50center0With_background20num11.dat median-sep   0.0e+00 0 0 0 x     none       0.0000   0.0000     -1.948 0.000   0 -99.00    0.0               0               0     0   0.0000   0.0000      0.000 0.000   0   0.00    0.002
2018-05-01-19:50:32 1.11  Mocks_Em/MockNFW80ellip5loga2.08PA50center0With_background20num12.dat median-sep   0.0e+00 0 0 0 x     none       0.0000   0.0000     -1.969 0.000   0 -99.00    0.0               0               0     0   0.0000   0.0000      0.000 0.000   0   0.00    0.002
2018-05-01-19:50:32 1.11  Mocks_Em/MockNFW80ellip5loga2.08PA50center0With_background20num13.dat median-sep   0.0e+00 0 0 0 x     none       0.0000   0.0000     -1.944 0.000   0 -99.00    0.0               0               0     0   0.0000   0.0000      0.000 0.000   0   0.00    0.002
2018-05-01-19:50:32 1.11  Mocks_Em/MockNFW80ellip5loga2.08PA50center0With_background20num14.dat median-sep   0.0e+00 0 0 0 x     none       0.0000   0.0000     -1.952 0.000   0 -99.00    0.0               0               0     0   0.0000   0.0000      0.000 0.000   0   0.00    0.002
2018-05-01-19:50:32 1.11  Mocks_Em/MockNFW80ellip5loga2.08PA50center0With_background20num15.dat median-sep   0.0e+00 0 0 0 x     none       0.0000   0.0000     -1.954 0.000   0 -99.00    0.0               0               0     0   0.0000   0.0000      0.000 0.000   0   0.00    0.002
2018-05-01-19:50:32 1.11  Mocks_Em/MockNFW80ellip5loga2.08PA50center0With_background20num16.dat median-sep   0.0e+00 0 0 0 x     none       0.0000   0.0000     -1.920 0.000   0 -99.00    0.0               0               0     0   0.0000   0.0000      0.000 0.000   0   0.00    0.002
2018-05-01-19:50:32 1.11  Mocks_Em/MockNFW80ellip5loga2.08PA50center0With_background20num17.dat median-sep   0.0e+00 0 0 0 x     none       0.0000   0.0000     -1.932 0.000   0 -99.00    0.0               0               0     0   0.0000   0.0000      0.000 0.000   0   0.00    0.002
2018-05-01-19:50:32 1.11  Mocks_Em/MockNFW80ellip5loga2.08PA50center0With_background20num18.dat median-sep   0.0e+00 0 0 0 x     none       0.0000   0.0000     -1.946 0.000   0 -99.00    0.0               0               0     0   0.0000   0.0000      0.000 0.000   0   0.00    0.002
2018-05-01-19:50:32 1.11  Mocks_Em/MockNFW80ellip5loga2.08PA50center0With_background20num19.dat median-sep   0.0e+00 0 0 0 x     none       0.0000   0.0000     -1.973 0.000   0 -99.00    0.0               0               0     0   0.0000   0.0000      0.000 0.000   0   0.00    0.002
2018-05-01-19:50:32 1.11  Mocks_Em/MockNFW80ellip5loga2.08PA50center0With_background20num20.dat median-sep   0.0e+00 0 0 0 x     none       0.0000   0.0000     -1.933 0.000   0 -99.00    0.0               0               0     0   0.0000   0.0000      0.000 0.000   0   0.00    0.002
2018-05-01-19:50:32 1.11  Mocks_Em/MockNFW80ellip5loga2.08PA50center0With_background20num21.dat median-sep   0.0e+00 0 0 0 x     none       0.0000   0.0000     -1.987 0.000   0 -99.00    0.0               0               0     0   0.0000   0.0000      0.000 0.000   0   0.00    0.002
2018-05-01-19:50:32 1.11  Mocks_Em/MockNFW80ellip5loga2.08PA50center0With_background20num22.dat median-sep   0.0e+00 0 0 0 x     none       0.0000   0.0000     -1.950 0.000   0 -99.00    0.0               0               0     0   0.0000   0.0000      0.000 0.000   0   0.00    0.002
2018-05-01-19:50:32 1.11  Mocks_Em/MockNFW80ellip5loga2.08PA50center0With_background20num23.dat median-sep   0.0e+00 0 0 0 x     none       0.0000   0.0000     -1.940 0.000   0 -99.00    0.0               0               0     0   0.0000   0.0000      0.000 0.000   0   0.00    0.002
2018-05-01-19:50:32 1.11  Mocks_Em/MockNFW80ellip5loga2.08PA50center0With_background20num24.dat median-sep   0.0e+00 0 0 0 x     none       0.0000   0.0000     -1.930 0.000   0 -99.00    0.0               0               0     0   0.0000   0.0000      0.000 0.000   0   0.00    0.002
2018-05-01-19:50:32 1.11  Mocks_Em/MockNFW80ellip5loga2.08PA50center0With_background20num25.dat median-sep   0.0e+00 0 0 0 x     none       0.0000   0.0000     -1.939 0.000   0 -99.00    0.0               0               0     0   0.0000   0.0000      0.000 0.000   0   0.00    0.002
2018-05-01-19:50:32 1.11  Mocks_Em/MockNFW80ellip5loga2.08PA50center0With_background20num26.dat median-sep   0.0e+00 0 0 0 x     none       0.0000   0.0000     -1.958 0.000   0 -99.00    0.0               0               0     0   0.0000   0.0000      0.000 0.000   0   0.00    0.002
2018-05-01-19:50:32 1.11  Mocks_Em/MockNFW80ellip5loga2.08PA50center0With_background20num27.dat median-sep   0.0e+00 0 0 0 x     none       0.0000   0.0000     -1.948 0.000   0 -99.00    0.0               0               0     0   0.0000   0.0000      0.000 0.000   0   0.00    0.002
2018-05-01-19:50:32 1.11  Mocks_Em/MockNFW80ellip5loga2.08PA50center0With_background20num28.dat median-sep   0.0e+00 0 0 0 x     none       0.0000   0.0000     -1.917 0.000   0 -99.00    0.0               0               0     0   0.0000   0.0000      0.000 0.000   0   0.00    0.002
2018-05-01-19:50:32 1.11  Mocks_Em/MockNFW80ellip5loga2.08PA50center0With_background20num29.dat median-sep   0.0e+00 0 0 0 x     none       0.0000   0.0000     -1.934 0.000   0 -99.00    0.0               0               0     0   0.0000   0.0000      0.000 0.000   0   0.00    0.002
2018-05-01-19:50:32 1.11  Mocks_Em/MockNFW80ellip5loga2.08PA50center0With_background20num30.dat median-sep   0.0e+00 0 0 0 x     none       0.0000   0.0000     -1.974 0.000   0 -99.00    0.0               0               0     0   0.0000   0.0000      0.000 0.000   0   0.00    0.002
2018-05-01-19:50:32 1.11  Mocks_Em/MockNFW80ellip5loga2.08PA50center0With_background20num31.dat median-sep   0.0e+00 0 0 0 x     none       0.0000   0.0000     -1.927 0.000   0 -99.00    0.0               0               0     0   0.0000   0.0000      0.000 0.000   0   0.00    0.002
2018-05-01-19:50:32 1.11  Mocks_Em/MockNFW80ellip5loga2.08PA50center0With_background20num32.dat median-sep   0.0e+00 0 0 0 x     none       0.0000   0.0000     -1.933 0.000   0 -99.00    0.0               0               0     0   0.0000   0.0000      0.000 0.000   0   0.00    0.002
2018-05-01-19:50:32 1.11  Mocks_Em/MockNFW80ellip5loga2.08PA50center0With_background20num33.dat median-sep   0.0e+00 0 0 0 x     none       0.0000   0.0000     -1.921 0.000   0 -99.00    0.0               0               0     0   0.0000   0.0000      0.000 0.000   0   0.00    0.002
2018-05-01-19:50:32 1.11  Mocks_Em/MockNFW80ellip5loga2.08PA50center0With_background20num34.dat median-sep   0.0e+00 0 0 0 x     none       0.0000   0.0000     -1.949 0.000   0 -99.00    0.0               0               0     0   0.0000   0.0000      0.000 0.000   0   0.00    0.002
2018-05-01-19:50:32 1.11  Mocks_Em/MockNFW80ellip5loga2.08PA50center0With_background20num35.dat median-sep   0.0e+00 0 0 0 x     none       0.0000   0.0000     -1.979 0.000   0 -99.00    0.0               0               0     0   0.0000   0.0000      0.000 0.000   0   0.00    0.002
2018-05-01-19:50:32 1.11  Mocks_Em/MockNFW80ellip5loga2.08PA50center0With_background20num36.dat median-sep   0.0e+00 0 0 0 x     none       0.0000   0.0000     -1.909 0.000   0 -99.00    0.0               0               0     0   0.0000   0.0000      0.000 0.000   0   0.00    0.002
2018-05-01-19:50:32 1.11  Mocks_Em/MockNFW80ellip5loga2.08PA50center0With_background20num37.dat median-sep   0.0e+00 0 0 0 x     none       0.0000   0.0000     -1.960 0.000   0 -99.00    0.0               0               0     0   0.0000   0.0000      0.000 0.000   0   0.00    0.002
2018-05-01-19:50:32 1.11  Mocks_Em/MockNFW80ellip5loga2.08PA50center0With_background20num38.dat median-sep   0.0e+00 0 0 0 x     none       0.0000   0.0000     -1.963 0.000   0 -99.00    0.0               0               0     0   0.0000   0.0000      0.000 0.000   0   0.00    0.002
2018-05-01-19:50:32 1.11  Mocks_Em/MockNFW80ellip5loga2.08PA50center0With_background20num39.dat median-sep   0.0e+00 0 0 0 x     none       0.0000   0.0000     -1.961 0.000   0 -99.00    0.0               0               0     0   0.0000   0.0000      0.000 0.000   0   0.00    0.002
2018-05-01-19:50:32 1.11  Mocks_Em/MockNFW80ellip5loga2.08PA50center0With_background20num40.dat median-sep   0.0e+00 0 0 0 x     none       0.0000   0.0000     -1.950 0.000   0 -99.00    0.0               0               0     0   0.0000   0.0000      0.000 0.000   0   0.00    0.002
2018-05-01-19:50:32 1.11  Mocks_Em/MockNFW80ellip5loga2.08PA50center0With_background20num41.dat median-sep   0.0e+00 0 0 0 x     none       0.0000   0.0000     -1.928 0.000   0 -99.00    0.0               0               0     0   0.0000   0.0000      0.000 0.000   0   0.00    0.002
2018-05-01-19:50:32 1.11  Mocks_Em/MockNFW80ellip5loga2.08PA50center0With_background20num42.dat median-sep   0.0e+00 0 0 0 x     none       0.0000   0.0000     -1.935 0.000   0 -99.00    0.0               0               0     0   0.0000   0.0000      0.000 0.000   0   0.00    0.002
2018-05-01-19:50:32 1.11  Mocks_Em/MockNFW80ellip5loga2.08PA50center0With_background20num43.dat median-sep   0.0e+00 0 0 0 x     none       0.0000   0.0000     -1.935 0.000   0 -99.00    0.0               0               0     0   0.0000   0.0000      0.000 0.000   0   0.00    0.002
2018-05-01-19:50:32 1.11  Mocks_Em/MockNFW80ellip5loga2.08PA50center0With_background20num44.dat median-sep   0.0e+00 0 0 0 x     none       0.0000   0.0000     -1.926 0.000   0 -99.00    0.0               0               0     0   0.0000   0.0000      0.000 0.000   0   0.00    0.002
2018-05-01-19:50:32 1.11  Mocks_Em/MockNFW80ellip5loga2.08PA50center0With_background20num45.dat median-sep   0.0e+00 0 0 0 x     none       0.0000   0.0000     -1.953 0.000   0 -99.00    0.0               0               0     0   0.0000   0.0000      0.000 0.000   0   0.00    0.002
2018-05-01-19:50:32 1.11  Mocks_Em/MockNFW80ellip5loga2.08PA50center0With_background20num46.dat median-sep   0.0e+00 0 0 0 x     none       0.0000   0.0000     -1.962 0.000   0 -99.00    0.0               0               0     0   0.0000   0.0000      0.000 0.000   0   0.00    0.002
2018-05-01-19:50:32 1.11  Mocks_Em/MockNFW80ellip5loga2.08PA50center0With_background20num47.dat median-sep   0.0e+00 0 0 0 x     none       0.0000   0.0000     -1.943 0.000   0 -99.00    0.0               0               0     0   0.0000   0.0000      0.000 0.000   0   0.00    0.002
2018-05-01-19:50:32 1.11  Mocks_Em/MockNFW80ellip5loga2.08PA50center0With_background20num48.dat median-sep   0.0e+00 0 0 0 x     none       0.0000   0.0000     -1.934 0.000   0 -99.00    0.0               0               0     0   0.0000   0.0000      0.000 0.000   0   0.00    0.002
2018-05-01-19:50:32 1.11  Mocks_Em/MockNFW80ellip5loga2.08PA50center0With_background20num49.dat median-sep   0.0e+00 0 0 0 x     none       0.0000   0.0000     -1.933 0.000   0 -99.00    0.0               0               0     0   0.0000   0.0000      0.000 0.000   0   0.00    0.002
2018-05-01-19:50:32 1.11  Mocks_Em/MockNFW80ellip5loga2.08PA50center0With_background20num50.dat median-sep   0.0e+00 0 0 0 x     none       0.0000   0.0000     -1.973 0.000   0 -99.00    0.0               0               0     0   0.0000   0.0000      0.000 0.000   0   0.00    0.002
2018-05-01-19:50:32 1.11  Mocks_Em/MockNFW80ellip5loga2.08PA50center0With_background20num51.dat median-sep   0.0e+00 0 0 0 x     none       0.0000   0.0000     -1.953 0.000   0 -99.00    0.0               0               0     0   0.0000   0.0000      0.000 0.000   0   0.00    0.002
2018-05-01-19:50:32 1.11  Mocks_Em/MockNFW80ellip5loga2.08PA50center0With_background20num52.dat median-sep   0.0e+00 0 0 0 x     none       0.0000   0.0000     -1.951 0.000   0 -99.00    0.0               0               0     0   0.0000   0.0000      0.000 0.000   0   0.00    0.002
2018-05-01-19:50:32 1.11  Mocks_Em/MockNFW80ellip5loga2.08PA50center0With_background20num53.dat median-sep   0.0e+00 0 0 0 x     none       0.0000   0.0000     -1.889 0.000   0 -99.00    0.0               0               0     0   0.0000   0.0000      0.000 0.000   0   0.00    0.002
2018-05-01-19:50:32 1.11  Mocks_Em/MockNFW80ellip5loga2.08PA50center0With_background20num54.dat median-sep   0.0e+00 0 0 0 x     none       0.0000   0.0000     -1.930 0.000   0 -99.00    0.0               0               0     0   0.0000   0.0000      0.000 0.000   0   0.00    0.002
2018-05-01-19:50:32 1.11  Mocks_Em/MockNFW80ellip5loga2.08PA50center0With_background20num55.dat median-sep   0.0e+00 0 0 0 x     none       0.0000   0.0000     -1.937 0.000   0 -99.00    0.0               0               0     0   0.0000   0.0000      0.000 0.000   0   0.00    0.002
2018-05-01-19:50:32 1.11  Mocks_Em/MockNFW80ellip5loga2.08PA50center0With_background20num56.dat median-sep   0.0e+00 0 0 0 x     none       0.0000   0.0000     -1.921 0.000   0 -99.00    0.0               0               0     0   0.0000   0.0000      0.000 0.000   0   0.00    0.002
2018-05-01-19:50:32 1.11  Mocks_Em/MockNFW80ellip5loga2.08PA50center0With_background20num57.dat median-sep   0.0e+00 0 0 0 x     none       0.0000   0.0000     -1.945 0.000   0 -99.00    0.0               0               0     0   0.0000   0.0000      0.000 0.000   0   0.00    0.002
2018-05-01-19:50:32 1.11  Mocks_Em/MockNFW80ellip5loga2.08PA50center0With_background20num58.dat median-sep   0.0e+00 0 0 0 x     none       0.0000   0.0000     -1.959 0.000   0 -99.00    0.0               0               0     0   0.0000   0.0000      0.000 0.000   0   0.00    0.002
2018-05-01-19:50:32 1.11  Mocks_Em/MockNFW80ellip5loga2.08PA50center0With_background20num59.dat median-sep   0.0e+00 0 0 0 x     none       0.0000   0.0000     -1.931 0.000   0 -99.00    0.0               0               0     0   0.0000   0.0000      0.000 0.000   0   0.00    0.002
2018-05-01-19:50:32 1.11  Mocks_Em/MockNFW80ellip5loga2.08PA50center0With_background20num60.dat median-sep   0.0e+00 0 0 0 x     none       0.0000   0.0000     -1.956 0.000   0 -99.00    0.0               0               0     0   0.0000   0.0000      0.000 0.000   0   0.00    0.002
2018-05-01-19:50:32 1.11  Mocks_Em/MockNFW80ellip5loga2.08PA50center0With_background20num61.dat median-sep   0.0e+00 0 0 0 x     none       0.0000   0.0000     -1.937 0.000   0 -99.00    0.0               0               0     0   0.0000   0.0000      0.000 0.000   0   0.00    0.002
2018-05-01-19:50:32 1.11  Mocks_Em/MockNFW80ellip5loga2.08PA50center0With_background20num62.dat median-sep   0.0e+00 0 0 0 x     none       0.0000   0.0000     -1.960 0.000   0 -99.00    0.0               0               0     0   0.0000   0.0000      0.000 0.000   0   0.00    0.002
2018-05-01-19:50:32 1.11  Mocks_Em/MockNFW80ellip5loga2.08PA50center0With_background20num63.dat median-sep   0.0e+00 0 0 0 x     none       0.0000   0.0000     -1.928 0.000   0 -99.00    0.0               0               0     0   0.0000   0.0000      0.000 0.000   0   0.00    0.002
2018-05-01-19:50:32 1.11  Mocks_Em/MockNFW80ellip5loga2.08PA50center0With_background20num64.dat median-sep   0.0e+00 0 0 0 x     none       0.0000   0.0000     -1.945 0.000   0 -99.00    0.0               0               0     0   0.0000   0.0000      0.000 0.000   0   0.00    0.002
2018-05-01-19:50:32 1.11  Mocks_Em/MockNFW80ellip5loga2.08PA50center0With_background20num65.dat median-sep   0.0e+00 0 0 0 x     none       0.0000   0.0000     -1.943 0.000   0 -99.00    0.0               0               0     0   0.0000   0.0000      0.000 0.000   0   0.00    0.002
2018-05-01-19:50:32 1.11  Mocks_Em/MockNFW80ellip5loga2.08PA50center0With_background20num66.dat median-sep   0.0e+00 0 0 0 x     none       0.0000   0.0000     -1.967 0.000   0 -99.00    0.0               0               0     0   0.0000   0.0000      0.000 0.000   0   0.00    0.002
2018-05-01-19:50:32 1.11  Mocks_Em/MockNFW80ellip5loga2.08PA50center0With_background20num67.dat median-sep   0.0e+00 0 0 0 x     none       0.0000   0.0000     -1.951 0.000   0 -99.00    0.0               0               0     0   0.0000   0.0000      0.000 0.000   0   0.00    0.002
2018-05-01-19:50:32 1.11  Mocks_Em/MockNFW80ellip5loga2.08PA50center0With_background20num68.dat median-sep   0.0e+00 0 0 0 x     none       0.0000   0.0000     -1.933 0.000   0 -99.00    0.0               0               0     0   0.0000   0.0000      0.000 0.000   0   0.00    0.002
2018-05-01-19:50:32 1.11  Mocks_Em/MockNFW80ellip5loga2.08PA50center0With_background20num69.dat median-sep   0.0e+00 0 0 0 x     none       0.0000   0.0000     -1.945 0.000   0 -99.00    0.0               0               0     0   0.0000   0.0000      0.000 0.000   0   0.00    0.002
2018-05-01-19:50:32 1.11  Mocks_Em/MockNFW80ellip5loga2.08PA50center0With_background20num70.dat median-sep   0.0e+00 0 0 0 x     none       0.0000   0.0000     -1.925 0.000   0 -99.00    0.0               0               0     0   0.0000   0.0000      0.000 0.000   0   0.00    0.002
2018-05-01-19:50:32 1.11  Mocks_Em/MockNFW80ellip5loga2.08PA50center0With_background20num71.dat median-sep   0.0e+00 0 0 0 x     none       0.0000   0.0000     -1.969 0.000   0 -99.00    0.0               0               0     0   0.0000   0.0000      0.000 0.000   0   0.00    0.002
2018-05-01-19:50:32 1.11  Mocks_Em/MockNFW80ellip5loga2.08PA50center0With_background20num72.dat median-sep   0.0e+00 0 0 0 x     none       0.0000   0.0000     -1.952 0.000   0 -99.00    0.0               0               0     0   0.0000   0.0000      0.000 0.000   0   0.00    0.002
2018-05-01-19:50:32 1.11  Mocks_Em/MockNFW80ellip5loga2.08PA50center0With_background20num73.dat median-sep   0.0e+00 0 0 0 x     none       0.0000   0.0000     -1.946 0.000   0 -99.00    0.0               0               0     0   0.0000   0.0000      0.000 0.000   0   0.00    0.002
2018-05-01-19:50:32 1.11  Mocks_Em/MockNFW80ellip5loga2.08PA50center0With_background20num74.dat median-sep   0.0e+00 0 0 0 x     none       0.0000   0.0000     -1.953 0.000   0 -99.00    0.0               0               0     0   0.0000   0.0000      0.000 0.000   0   0.00    0.002
2018-05-01-19:50:32 1.11  Mocks_Em/MockNFW80ellip5loga2.08PA50center0With_background20num75.dat median-sep   0.0e+00 0 0 0 x     none       0.0000   0.0000     -1.946 0.000   0 -99.00    0.0               0               0     0   0.0000   0.0000      0.000 0.000   0   0.00    0.002
2018-05-01-19:50:32 1.11  Mocks_Em/MockNFW80ellip5loga2.08PA50center0With_background20num76.dat median-sep   0.0e+00 0 0 0 x     none       0.0000   0.0000     -1.951 0.000   0 -99.00    0.0               0               0     0   0.0000   0.0000      0.000 0.000   0   0.00    0.002
2018-05-01-19:50:32 1.11  Mocks_Em/MockNFW80ellip5loga2.08PA50center0With_background20num77.dat median-sep   0.0e+00 0 0 0 x     none       0.0000   0.0000     -1.951 0.000   0 -99.00    0.0               0               0     0   0.0000   0.0000      0.000 0.000   0   0.00    0.002
2018-05-01-19:50:32 1.11  Mocks_Em/MockNFW80ellip5loga2.08PA50center0With_background20num78.dat median-sep   0.0e+00 0 0 0 x     none       0.0000   0.0000     -1.944 0.000   0 -99.00    0.0               0               0     0   0.0000   0.0000      0.000 0.000   0   0.00    0.002
2018-05-01-19:50:32 1.11  Mocks_Em/MockNFW80ellip5loga2.08PA50center0With_background20num79.dat median-sep   0.0e+00 0 0 0 x     none       0.0000   0.0000     -1.938 0.000   0 -99.00    0.0               0               0     0   0.0000   0.0000      0.000 0.000   0   0.00    0.002
2018-05-01-19:50:32 1.11  Mocks_Em/MockNFW80ellip5loga2.08PA50center0With_background20num80.dat median-sep   0.0e+00 0 0 0 x     none       0.0000   0.0000     -1.945 0.000   0 -99.00    0.0               0               0     0   0.0000   0.0000      0.000 0.000   0   0.00    0.002
2018-05-01-19:50:32 1.11  Mocks_Em/MockNFW80ellip5loga2.08PA50center0With_background20num81.dat median-sep   0.0e+00 0 0 0 x     none       0.0000   0.0000     -1.943 0.000   0 -99.00    0.0               0               0     0   0.0000   0.0000      0.000 0.000   0   0.00    0.003
2018-05-01-19:50:32 1.11  Mocks_Em/MockNFW80ellip5loga2.08PA50center0With_background20num82.dat median-sep   0.0e+00 0 0 0 x     none       0.0000   0.0000     -1.962 0.000   0 -99.00    0.0               0               0     0   0.0000   0.0000      0.000 0.000   0   0.00    0.002
2018-05-01-19:50:32 1.11  Mocks_Em/MockNFW80ellip5loga2.08PA50center0With_background20num83.dat median-sep   0.0e+00 0 0 0 x     none       0.0000   0.0000     -1.939 0.000   0 -99.00    0.0               0               0     0   0.0000   0.0000      0.000 0.000   0   0.00    0.002
2018-05-01-19:50:32 1.11  Mocks_Em/MockNFW80ellip5loga2.08PA50center0With_background20num84.dat median-sep   0.0e+00 0 0 0 x     none       0.0000   0.0000     -1.934 0.000   0 -99.00    0.0               0               0     0   0.0000   0.0000      0.000 0.000   0   0.00    0.002
2018-05-01-19:50:32 1.11  Mocks_Em/MockNFW80ellip5loga2.08PA50center0With_background20num85.dat median-sep   0.0e+00 0 0 0 x     none       0.0000   0.0000     -1.942 0.000   0 -99.00    0.0               0               0     0   0.0000   0.0000      0.000 0.000   0   0.00    0.003
2018-05-01-19:50:32 1.11  Mocks_Em/MockNFW80ellip5loga2.08PA50center0With_background20num86.dat median-sep   0.0e+00 0 0 0 x     none       0.0000   0.0000     -1.972 0.000   0 -99.00    0.0               0               0     0   0.0000   0.0000      0.000 0.000   0   0.00    0.002
2018-05-01-19:50:32 1.11  Mocks_Em/MockNFW80ellip5loga2.08PA50center0With_background20num87.dat median-sep   0.0e+00 0 0 0 x     none       0.0000   0.0000     -1.938 0.000   0 -99.00    0.0               0               0     0   0.0000   0.0000      0.000 0.000   0   0.00    0.003
2018-05-01-19:50:32 1.11  Mocks_Em/MockNFW80ellip5loga2.08PA50center0With_background20num88.dat median-sep   0.0e+00 0 0 0 x     none       0.0000   0.0000     -1.960 0.000   0 -99.00    0.0               0               0     0   0.0000   0.0000      0.000 0.000   0   0.00    0.003
2018-05-01-19:50:32 1.11  Mocks_Em/MockNFW80ellip5loga2.08PA50center0With_background20num89.dat median-sep   0.0e+00 0 0 0 x     none       0.0000   0.0000     -1.939 0.000   0 -99.00    0.0               0               0     0   0.0000   0.0000      0.000 0.000   0   0.00    0.002
2018-05-01-19:50:32 1.11  Mocks_Em/MockNFW80ellip5loga2.08PA50center0With_background20num90.dat median-sep   0.0e+00 0 0 0 x     none       0.0000   0.0000     -1.931 0.000   0 -99.00    0.0               0               0     0   0.0000   0.0000      0.000 0.000   0   0.00    0.002
2018-05-01-19:50:32 1.11  Mocks_Em/MockNFW80ellip5loga2.08PA50center0With_background20num91.dat median-sep   0.0e+00 0 0 0 x     none       0.0000   0.0000     -1.933 0.000   0 -99.00    0.0               0               0     0   0.0000   0.0000      0.000 0.000   0   0.00    0.002
2018-05-01-19:50:32 1.11  Mocks_Em/MockNFW80ellip5loga2.08PA50center0With_background20num92.dat median-sep   0.0e+00 0 0 0 x     none       0.0000   0.0000     -1.927 0.000   0 -99.00    0.0               0               0     0   0.0000   0.0000      0.000 0.000   0   0.00    0.002
2018-05-01-19:50:32 1.11  Mocks_Em/MockNFW80ellip5loga2.08PA50center0With_background20num93.dat median-sep   0.0e+00 0 0 0 x     none       0.0000   0.0000     -1.939 0.000   0 -99.00    0.0               0               0     0   0.0000   0.0000      0.000 0.000   0   0.00    0.002
2018-05-01-19:50:32 1.11  Mocks_Em/MockNFW80ellip5loga2.08PA50center0With_background20num94.dat median-sep   0.0e+00 0 0 0 x     none       0.0000   0.0000     -1.962 0.000   0 -99.00    0.0               0               0     0   0.0000   0.0000      0.000 0.000   0   0.00    0.002
2018-05-01-19:50:32 1.11  Mocks_Em/MockNFW80ellip5loga2.08PA50center0With_background20num95.dat median-sep   0.0e+00 0 0 0 x     none       0.0000   0.0000     -1.919 0.000   0 -99.00    0.0               0               0     0   0.0000   0.0000      0.000 0.000   0   0.00    0.002
2018-05-01-19:50:32 1.11  Mocks_Em/MockNFW80ellip5loga2.08PA50center0With_background20num96.dat median-sep   0.0e+00 0 0 0 x     none       0.0000   0.0000     -1.938 0.000   0 -99.00    0.0               0               0     0   0.0000   0.0000      0.000 0.000   0   0.00    0.002
2018-05-01-19:50:32 1.11  Mocks_Em/MockNFW80ellip5loga2.08PA50center0With_background20num97.dat median-sep   0.0e+00 0 0 0 x     none       0.0000   0.0000     -1.953 0.000   0 -99.00    0.0               0               0     0   0.0000   0.0000      0.000 0.000   0   0.00    0.002
2018-05-01-19:50:32 1.11  Mocks_Em/MockNFW80ellip5loga2.08PA50center0With_background20num98.dat median-sep   0.0e+00 0 0 0 x     none       0.0000   0.0000     -1.957 0.000   0 -99.00    0.0               0               0     0   0.0000   0.0000      0.000 0.000   0   0.00    0.002
2018-05-01-19:50:32 1.11  Mocks_Em/MockNFW80ellip5loga2.08PA50center0With_background20num99.dat median-sep   0.0e+00 0 0 0 x     none       0.0000   0.0000     -1.946 0.000   0 -99.00    0.0               0               0     0   0.0000   0.0000      0.000 0.000   0   0.00    0.002
