2018-05-05-17:02:40 1.11  Mocks_Em/MockNFW160ellip5loga2.08PA50center0With_background20num0.dat Nelder-Mead  1.0e-04 0 1 1 0     NFW        0.0007  -0.0002     -2.079 0.240  42   2.41   79.2       -1277.819       -2534.231   241   0.0007  -0.0002     -1.980 0.240  42   2.41    0.095
2018-05-05-17:02:40 1.11  Mocks_Em/MockNFW160ellip5loga2.08PA50center0With_background20num1.dat Nelder-Mead  1.0e-04 0 1 1 0     NFW        0.0002  -0.0004     -1.946 0.140  24   2.44  117.2       -1308.976       -2596.545   241   0.0002  -0.0004     -1.946 0.140  23   2.44    0.071
2018-05-05-17:02:40 1.11  Mocks_Em/MockNFW160ellip5loga2.08PA50center0With_background20num2.dat Nelder-Mead  1.0e-04 0 1 1 0     NFW      360.0000   0.0003     -2.017 0.232  37   2.42   94.6       -1290.033       -2558.659   241 360.0000   0.0003     -1.960 0.232  37   2.42    0.061
2018-05-05-17:02:40 1.11  Mocks_Em/MockNFW160ellip5loga2.08PA50center0With_background20num3.dat Nelder-Mead  1.0e-04 0 1 1 0     NFW        0.0000   0.0001     -1.951 0.257 156   2.44  114.0       -1285.009       -2548.611   241   0.0000   0.0001     -1.951 0.257 148   2.44    0.055
2018-05-05-17:02:40 1.11  Mocks_Em/MockNFW160ellip5loga2.08PA50center0With_background20num4.dat Nelder-Mead  1.0e-04 0 1 1 0     NFW        0.0005  -0.0007     -1.965 0.163 149   2.45  117.4       -1418.853       -2816.299   241   0.0005  -0.0007     -1.965 0.163 142   2.45    0.056
2018-05-05-17:02:40 1.11  Mocks_Em/MockNFW160ellip5loga2.08PA50center0With_background20num5.dat Nelder-Mead  1.0e-04 0 1 1 0     NFW      359.9997  -0.0008     -2.080 0.105 135   2.43   82.6       -1349.287       -2677.167   241 359.9997  -0.0008     -1.981 0.105 135   2.43    0.055
2018-05-05-17:02:40 1.11  Mocks_Em/MockNFW160ellip5loga2.08PA50center0With_background20num6.dat Nelder-Mead  1.0e-04 0 1 1 0     NFW        0.0003   0.0001     -1.947 0.189  34   2.42  113.5       -1277.037       -2532.666   241   0.0003   0.0001     -1.942 0.189  32   2.42    0.057
2018-05-05-17:02:40 1.11  Mocks_Em/MockNFW160ellip5loga2.08PA50center0With_background20num7.dat Nelder-Mead  1.0e-04 0 1 1 0     NFW      359.9994   0.0002     -1.942 0.255  44   2.41  114.8       -1309.127       -2596.847   241 359.9994   0.0002     -1.942 0.242  44   2.41    0.056
2018-05-05-17:02:40 1.11  Mocks_Em/MockNFW160ellip5loga2.08PA50center0With_background20num8.dat Nelder-Mead  1.0e-04 0 1 1 0     NFW        0.0008  -0.0002     -2.103 0.139  19   2.44   80.7       -1382.065       -2742.722   241   0.0008  -0.0002     -2.003 0.139  19   2.44    0.055
2018-05-05-17:02:40 1.11  Mocks_Em/MockNFW160ellip5loga2.08PA50center0With_background20num9.dat Nelder-Mead  1.0e-04 0 1 1 0     NFW      359.9998   0.0002     -2.095 0.166  29   2.43   78.1       -1284.543       -2547.679   241 359.9998   0.0002     -1.995 0.166  29   2.43    0.055
2018-05-05-17:02:40 1.11  Mocks_Em/MockNFW160ellip5loga2.08PA50center0With_background20num10.dat Nelder-Mead  1.0e-04 0 1 1 0     NFW      359.9999   0.0007     -2.002 0.186 148   2.45  103.9       -1353.916       -2686.425   241 359.9999   0.0007     -2.002 0.186 141   2.45    0.054
2018-05-05-17:02:40 1.11  Mocks_Em/MockNFW160ellip5loga2.08PA50center0With_background20num11.dat Nelder-Mead  1.0e-04 0 1 1 0     NFW        0.0001  -0.0001     -2.013 0.182  39   2.45   98.4       -1300.995       -2580.582   241   0.0001  -0.0001     -1.956 0.179  39   2.45    0.056
2018-05-05-17:02:40 1.11  Mocks_Em/MockNFW160ellip5loga2.08PA50center0With_background20num12.dat Nelder-Mead  1.0e-04 0 1 1 0     NFW      359.9997   0.0004     -2.115 0.135 135   2.46   79.4       -1364.398       -2707.389   241 359.9997   0.0004     -2.014 0.135 135   2.46    0.055
2018-05-05-17:02:40 1.11  Mocks_Em/MockNFW160ellip5loga2.08PA50center0With_background20num13.dat Nelder-Mead  1.0e-04 0 1 1 0     NFW        0.0002   0.0009     -1.979 0.183 164   2.43  106.6        -1320.05       -2618.693   241   0.0002   0.0009     -1.979 0.183 156   2.43    0.054
2018-05-05-17:02:40 1.11  Mocks_Em/MockNFW160ellip5loga2.08PA50center0With_background20num14.dat Nelder-Mead  1.0e-04 0 1 1 0     NFW      359.9998  -0.0004     -2.078 0.141  42   2.44   84.6       -1353.171       -2684.935   241 359.9998  -0.0004     -1.979 0.141  42   2.44    0.055
2018-05-05-17:02:40 1.11  Mocks_Em/MockNFW160ellip5loga2.08PA50center0With_background20num15.dat Nelder-Mead  1.0e-04 0 1 1 0     NFW        0.0010   0.0004     -1.983 0.214 155   2.42  105.2       -1337.188       -2652.969   241   0.0010   0.0004     -1.983 0.214 148   2.42    0.056
2018-05-05-17:02:40 1.11  Mocks_Em/MockNFW160ellip5loga2.08PA50center0With_background20num16.dat Nelder-Mead  1.0e-04 0 1 1 0     NFW        0.0005   0.0002     -1.959 0.176  36   2.43  113.1       -1328.656       -2635.904   241   0.0005   0.0002     -1.959 0.170  36   2.43    0.055
2018-05-05-17:02:40 1.11  Mocks_Em/MockNFW160ellip5loga2.08PA50center0With_background20num17.dat Nelder-Mead  1.0e-04 0 1 1 0     NFW        0.0001   0.0005     -2.061 0.086 176   2.40   80.1       -1248.484        -2475.56   241   0.0001   0.0005     -1.963 0.086 176   2.40    0.053
2018-05-05-17:02:40 1.11  Mocks_Em/MockNFW160ellip5loga2.08PA50center0With_background20num18.dat Nelder-Mead  1.0e-04 0 1 1 0     NFW      359.9997  -0.0002     -1.982 0.228 143   2.45  109.5       -1333.635       -2645.863   241 359.9997  -0.0002     -1.982 0.228 136   2.45    0.056
2018-05-05-17:02:40 1.11  Mocks_Em/MockNFW160ellip5loga2.08PA50center0With_background20num19.dat Nelder-Mead  1.0e-04 0 1 1 0     NFW      359.9996   0.0003     -1.955 0.164 166   2.42  110.0        -1260.21       -2499.013   241 359.9996   0.0003     -1.955 0.164 158   2.42    0.055
2018-05-05-17:02:40 1.11  Mocks_Em/MockNFW160ellip5loga2.08PA50center0With_background20num20.dat Nelder-Mead  1.0e-04 0 1 1 0     NFW        0.0004  -0.0001     -1.918 0.097  41   2.44  127.6       -1309.096       -2596.784   241   0.0004  -0.0001     -1.918 0.097  39   2.44    0.057
2018-05-05-17:02:40 1.11  Mocks_Em/MockNFW160ellip5loga2.08PA50center0With_background20num21.dat Nelder-Mead  1.0e-04 0 1 1 0     NFW      359.9995  -0.0006     -1.967 0.150  37   2.42  110.4       -1353.152       -2684.896   241 359.9995  -0.0006     -1.967 0.148  36   2.42    0.056
2018-05-05-17:02:40 1.11  Mocks_Em/MockNFW160ellip5loga2.08PA50center0With_background20num22.dat Nelder-Mead  1.0e-04 0 1 1 0     NFW        0.0003   0.0000     -1.968 0.151  40   2.43  106.7        -1261.48       -2501.553   241   0.0003   0.0000     -1.968 0.144  40   2.43    0.057
2018-05-05-17:02:40 1.11  Mocks_Em/MockNFW160ellip5loga2.08PA50center0With_background20num23.dat Nelder-Mead  1.0e-04 0 1 1 0     NFW      359.9998   0.0006     -2.030 0.268  39   2.45   96.4       -1370.324       -2719.241   241 359.9998   0.0006     -2.001 0.259  39   2.45    0.055
2018-05-05-17:02:40 1.11  Mocks_Em/MockNFW160ellip5loga2.08PA50center0With_background20num24.dat Nelder-Mead  1.0e-04 0 1 1 0     NFW      359.9996  -0.0004     -2.040 0.200 141   2.44   93.0       -1369.384        -2717.36   241 359.9996  -0.0004     -2.023 0.200 135   2.44    0.056
2018-05-05-17:02:40 1.11  Mocks_Em/MockNFW160ellip5loga2.08PA50center0With_background20num25.dat Nelder-Mead  1.0e-04 0 1 1 0     NFW      359.9998  -0.0002     -1.966 0.206  33   2.42  106.2       -1248.416       -2475.425   241 359.9998  -0.0002     -1.918 0.206  32   2.42    0.054
2018-05-05-17:02:40 1.11  Mocks_Em/MockNFW160ellip5loga2.08PA50center0With_background20num26.dat Nelder-Mead  1.0e-04 0 1 1 0     NFW        0.0001  -0.0001     -2.010 0.243  40   2.44   98.1       -1289.218       -2557.029   241   0.0001  -0.0001     -1.961 0.237  40   2.44    0.055
2018-05-05-17:02:40 1.11  Mocks_Em/MockNFW160ellip5loga2.08PA50center0With_background20num27.dat Nelder-Mead  1.0e-04 0 1 1 0     NFW        0.0009  -0.0000     -1.958 0.192  40   2.42  112.3       -1357.329        -2693.25   241   0.0009  -0.0000     -1.946 0.184  40   2.42    0.058
2018-05-05-17:02:40 1.11  Mocks_Em/MockNFW160ellip5loga2.08PA50center0With_background20num28.dat Nelder-Mead  1.0e-04 0 1 1 0     NFW      359.9998  -0.0001     -1.986 0.189 159   2.45  107.6       -1338.243       -2655.078   241 359.9998  -0.0001     -1.986 0.189 151   2.45    0.055
2018-05-05-17:02:40 1.11  Mocks_Em/MockNFW160ellip5loga2.08PA50center0With_background20num29.dat Nelder-Mead  1.0e-04 0 1 1 0     NFW        0.0003  -0.0001     -2.030 0.191 143   2.42   90.2       -1262.456       -2503.505   241   0.0003  -0.0001     -1.980 0.191 140   2.42    0.055
2018-05-05-17:02:40 1.11  Mocks_Em/MockNFW160ellip5loga2.08PA50center0With_background20num30.dat Nelder-Mead  1.0e-04 0 1 1 0     NFW        0.0001   0.0004     -2.084 0.080  40   2.46   85.5       -1370.776       -2720.144   241   0.0001   0.0004     -1.998 0.080  39   2.46    0.054
2018-05-05-17:02:40 1.11  Mocks_Em/MockNFW160ellip5loga2.08PA50center0With_background20num31.dat Nelder-Mead  1.0e-04 0 1 1 0     NFW        0.0000  -0.0001     -1.932 0.228  35   2.44  120.4       -1283.716       -2546.025   241   0.0000  -0.0001     -1.932 0.228  33   2.44    0.056
2018-05-05-17:02:40 1.11  Mocks_Em/MockNFW160ellip5loga2.08PA50center0With_background20num32.dat Nelder-Mead  1.0e-04 0 1 1 0     NFW      359.9997   0.0003     -2.072 0.107 150   2.47   91.2       -1420.307       -2819.206   241 359.9997   0.0003     -2.011 0.107 147   2.47    0.056
2018-05-05-17:02:40 1.11  Mocks_Em/MockNFW160ellip5loga2.08PA50center0With_background20num33.dat Nelder-Mead  1.0e-04 0 1 1 0     NFW        0.0000   0.0003     -1.945 0.098  24   2.44  118.6       -1335.769        -2650.13   241   0.0000   0.0003     -1.945 0.098  23   2.44    0.056
2018-05-05-17:02:40 1.11  Mocks_Em/MockNFW160ellip5loga2.08PA50center0With_background20num34.dat Nelder-Mead  1.0e-04 0 1 1 0     NFW      359.9993   0.0004     -1.999 0.086 145   2.44  104.0       -1351.254       -2681.101   241 359.9993   0.0004     -1.999 0.086 138   2.44    0.056
2018-05-05-17:02:40 1.11  Mocks_Em/MockNFW160ellip5loga2.08PA50center0With_background20num35.dat Nelder-Mead  1.0e-04 0 1 1 0     NFW      360.0000  -0.0006     -2.049 0.193  39   2.40   83.9       -1262.065       -2502.722   241 360.0000  -0.0006     -1.972 0.193  38   2.40    0.055
2018-05-05-17:02:40 1.11  Mocks_Em/MockNFW160ellip5loga2.08PA50center0With_background20num36.dat Nelder-Mead  1.0e-04 0 1 1 0     NFW        0.0001  -0.0005     -1.961 0.279  44   2.42  109.9       -1314.627       -2607.846   241   0.0001  -0.0005     -1.961 0.266  44   2.42    0.055
2018-05-05-17:02:40 1.11  Mocks_Em/MockNFW160ellip5loga2.08PA50center0With_background20num37.dat Nelder-Mead  1.0e-04 0 1 1 0     NFW        0.0001   0.0011     -1.956 0.233 150   2.42  114.6       -1382.638       -2743.868   241   0.0001   0.0011     -1.956 0.233 143   2.42    0.054
2018-05-05-17:02:40 1.11  Mocks_Em/MockNFW160ellip5loga2.08PA50center0With_background20num38.dat Nelder-Mead  1.0e-04 0 1 1 0     NFW      359.9998   0.0006     -1.930 0.117  28   2.42  119.2       -1293.337       -2565.266   241 359.9998   0.0006     -1.924 0.117  27   2.42    0.054
2018-05-05-17:02:40 1.11  Mocks_Em/MockNFW160ellip5loga2.08PA50center0With_background20num39.dat Nelder-Mead  1.0e-04 0 1 1 0     NFW      359.9987  -0.0003     -2.087 0.219  43   2.41   81.8       -1407.957       -2794.506   241 359.9987  -0.0003     -1.987 0.219  43   2.41    0.056
2018-05-05-17:02:40 1.11  Mocks_Em/MockNFW160ellip5loga2.08PA50center0With_background20num40.dat Nelder-Mead  1.0e-04 0 1 1 0     NFW      359.9997  -0.0000     -2.068 0.151  30   2.43   83.2       -1291.526       -2561.645   241 359.9997  -0.0000     -1.969 0.151  30   2.43    0.056
2018-05-05-17:02:40 1.11  Mocks_Em/MockNFW160ellip5loga2.08PA50center0With_background20num41.dat Nelder-Mead  1.0e-04 0 1 1 0     NFW        0.0006   0.0002     -1.978 0.273  38   2.44  108.2       -1334.107       -2646.806   241   0.0006   0.0002     -1.978 0.273  36   2.44    0.056
2018-05-05-17:02:40 1.11  Mocks_Em/MockNFW160ellip5loga2.08PA50center0With_background20num42.dat Nelder-Mead  1.0e-04 0 1 1 0     NFW      360.0000  -0.0005     -2.117 0.180  24   2.46   78.6       -1367.925       -2714.443   241 360.0000  -0.0005     -2.016 0.180  24   2.46    0.054
2018-05-05-17:02:40 1.11  Mocks_Em/MockNFW160ellip5loga2.08PA50center0With_background20num43.dat Nelder-Mead  1.0e-04 0 1 1 0     NFW        0.0005   0.0006     -1.939 0.187 165   2.44  120.9       -1335.269       -2649.131   241   0.0005   0.0006     -1.939 0.187 158   2.44    0.056
2018-05-05-17:02:40 1.11  Mocks_Em/MockNFW160ellip5loga2.08PA50center0With_background20num44.dat Nelder-Mead  1.0e-04 0 1 1 0     NFW        0.0001  -0.0004     -1.979 0.175  37   2.44  107.0       -1310.611       -2599.815   241   0.0001  -0.0004     -1.979 0.175  35   2.44    0.055
2018-05-05-17:02:40 1.11  Mocks_Em/MockNFW160ellip5loga2.08PA50center0With_background20num45.dat Nelder-Mead  1.0e-04 0 1 1 0     NFW        0.0009   0.0004     -2.003 0.133 146   2.40   97.4       -1332.501       -2643.595   241   0.0009   0.0004     -1.967 0.133 142   2.40    0.056
2018-05-05-17:02:40 1.11  Mocks_Em/MockNFW160ellip5loga2.08PA50center0With_background20num46.dat Nelder-Mead  1.0e-04 0 1 1 0     NFW        0.0009   0.0000     -1.943 0.195  34   2.44  121.7       -1397.563        -2773.72   241   0.0009   0.0000     -1.943 0.195  33   2.44    0.056
2018-05-05-17:02:40 1.11  Mocks_Em/MockNFW160ellip5loga2.08PA50center0With_background20num47.dat Nelder-Mead  1.0e-04 0 1 1 0     NFW        0.0001  -0.0003     -1.987 0.249  35   2.45  106.1       -1304.683       -2587.959   241   0.0001  -0.0003     -1.987 0.239  34   2.45    0.055
2018-05-05-17:02:40 1.11  Mocks_Em/MockNFW160ellip5loga2.08PA50center0With_background20num48.dat Nelder-Mead  1.0e-04 0 1 1 0     NFW        0.0010   0.0005     -1.983 0.154  37   2.39  100.1        -1301.51       -2581.612   241   0.0010   0.0005     -1.940 0.154  36   2.39    0.054
2018-05-05-17:02:40 1.11  Mocks_Em/MockNFW160ellip5loga2.08PA50center0With_background20num49.dat Nelder-Mead  1.0e-04 0 1 1 0     NFW        0.0008  -0.0003     -2.074 0.102  25   2.44   87.7       -1419.436       -2817.464   241   0.0008  -0.0003     -1.975 0.102  25   2.44    0.055
2018-05-05-17:02:40 1.11  Mocks_Em/MockNFW160ellip5loga2.08PA50center0With_background20num50.dat Nelder-Mead  1.0e-04 0 1 1 0     NFW      359.9997  -0.0007     -1.946 0.154  30   2.43  116.7        -1343.14       -2664.872   241 359.9997  -0.0007     -1.946 0.154  29   2.43    0.056
2018-05-05-17:02:40 1.11  Mocks_Em/MockNFW160ellip5loga2.08PA50center0With_background20num51.dat Nelder-Mead  1.0e-04 0 1 1 0     NFW      359.9992   0.0001     -2.006 0.114  17   2.41   97.1       -1309.098       -2596.788   241 359.9992   0.0001     -1.975 0.114  16   2.41    0.055
2018-05-05-17:02:40 1.11  Mocks_Em/MockNFW160ellip5loga2.08PA50center0With_background20num52.dat Nelder-Mead  1.0e-04 0 1 1 0     NFW        0.0000  -0.0010     -2.001 0.096  31   2.42  100.0       -1331.028       -2640.648   241   0.0000  -0.0010     -1.952 0.096  31   2.42    0.055
2018-05-05-17:02:40 1.11  Mocks_Em/MockNFW160ellip5loga2.08PA50center0With_background20num53.dat Nelder-Mead  1.0e-04 0 1 1 0     NFW        0.0002   0.0007     -1.951 0.197  35   2.42  113.7       -1313.344       -2605.281   241   0.0002   0.0007     -1.951 0.188  35   2.42    0.054
2018-05-05-17:02:40 1.11  Mocks_Em/MockNFW160ellip5loga2.08PA50center0With_background20num54.dat Nelder-Mead  1.0e-04 0 1 1 0     NFW        0.0007   0.0010     -1.935 0.141  34   2.40  114.0       -1291.872       -2562.337   241   0.0007   0.0010     -1.935 0.141  33   2.40    0.054
2018-05-05-17:02:40 1.11  Mocks_Em/MockNFW160ellip5loga2.08PA50center0With_background20num55.dat Nelder-Mead  1.0e-04 0 1 1 0     NFW      359.9995   0.0003     -1.958 0.162 159   2.45  117.2       -1354.738       -2688.069   241 359.9995   0.0003     -1.958 0.162 152   2.45    0.055
2018-05-05-17:02:40 1.11  Mocks_Em/MockNFW160ellip5loga2.08PA50center0With_background20num56.dat Nelder-Mead  1.0e-04 0 1 1 0     NFW      359.9999  -0.0002     -2.073 0.147  42   2.42   82.0       -1295.071       -2568.734   241 359.9999  -0.0002     -1.974 0.147  42   2.42    0.056
2018-05-05-17:02:40 1.11  Mocks_Em/MockNFW160ellip5loga2.08PA50center0With_background20num57.dat Nelder-Mead  1.0e-04 0 1 1 0     NFW      359.9993  -0.0006     -1.987 0.215  41   2.44  107.6       -1392.934        -2764.46   241 359.9993  -0.0006     -1.987 0.205  41   2.44    0.054
2018-05-05-17:02:40 1.11  Mocks_Em/MockNFW160ellip5loga2.08PA50center0With_background20num58.dat Nelder-Mead  1.0e-04 0 1 1 0     NFW      359.9998  -0.0000     -2.014 0.156 144   2.39   88.7       -1203.109       -2384.811   241 359.9998  -0.0000     -1.938 0.156 142   2.39    0.056
2018-05-05-17:02:40 1.11  Mocks_Em/MockNFW160ellip5loga2.08PA50center0With_background20num59.dat Nelder-Mead  1.0e-04 0 1 1 0     NFW        0.0006  -0.0007     -1.946 0.149 150   2.41  114.3       -1342.456       -2663.504   241   0.0006  -0.0007     -1.946 0.149 143   2.41    0.056
2018-05-05-17:02:40 1.11  Mocks_Em/MockNFW160ellip5loga2.08PA50center0With_background20num60.dat Nelder-Mead  1.0e-04 0 1 1 0     NFW        0.0005   0.0001     -2.044 0.207 135   2.42   88.9       -1314.507       -2607.606   241   0.0005   0.0001     -1.947 0.207 135   2.42    0.055
2018-05-05-17:02:40 1.11  Mocks_Em/MockNFW160ellip5loga2.08PA50center0With_background20num61.dat Nelder-Mead  1.0e-04 0 1 1 0     NFW        0.0004   0.0006     -1.956 0.181 142   2.42  111.6       -1310.474        -2599.54   241   0.0004   0.0006     -1.956 0.181 135   2.42    0.054
2018-05-05-17:02:40 1.11  Mocks_Em/MockNFW160ellip5loga2.08PA50center0With_background20num62.dat Nelder-Mead  1.0e-04 0 1 1 0     NFW      359.9993  -0.0004     -2.010 0.124 173   2.43  101.4        -1395.88       -2770.353   241 359.9993  -0.0004     -2.005 0.124 165   2.43    0.055
2018-05-05-17:02:40 1.11  Mocks_Em/MockNFW160ellip5loga2.08PA50center0With_background20num63.dat Nelder-Mead  1.0e-04 0 1 1 0     NFW      359.9993  -0.0008     -1.974 0.163  41   2.41  105.4       -1327.392       -2633.376   241 359.9993  -0.0008     -1.961 0.163  39   2.41    0.057
2018-05-05-17:02:40 1.11  Mocks_Em/MockNFW160ellip5loga2.08PA50center0With_background20num64.dat Nelder-Mead  1.0e-04 0 1 1 0     NFW        0.0002  -0.0000     -2.028 0.215  42   2.41   89.3       -1258.145       -2494.882   241   0.0002  -0.0000     -1.964 0.211  42   2.41    0.055
2018-05-05-17:02:40 1.11  Mocks_Em/MockNFW160ellip5loga2.08PA50center0With_background20num65.dat Nelder-Mead  1.0e-04 0 1 1 0     NFW        0.0000   0.0003     -2.103 0.253  45   2.44   76.4        -1278.48       -2535.552   241   0.0000   0.0003     -2.003 0.253  45   2.44    0.054
2018-05-05-17:02:40 1.11  Mocks_Em/MockNFW160ellip5loga2.08PA50center0With_background20num66.dat Nelder-Mead  1.0e-04 0 1 1 0     NFW        0.0007  -0.0006     -2.105 0.179  22   2.45   80.1        -1380.26       -2739.112   241   0.0007  -0.0006     -2.005 0.179  22   2.45    0.054
2018-05-05-17:02:40 1.11  Mocks_Em/MockNFW160ellip5loga2.08PA50center0With_background20num67.dat Nelder-Mead  1.0e-04 0 1 1 0     NFW        0.0005  -0.0001     -1.990 0.181 152   2.45  108.7       -1388.699        -2755.99   241   0.0005  -0.0001     -1.990 0.181 145   2.45    0.055
2018-05-05-17:02:40 1.11  Mocks_Em/MockNFW160ellip5loga2.08PA50center0With_background20num68.dat Nelder-Mead  1.0e-04 0 1 1 0     NFW        0.0001  -0.0000     -1.948 0.188  36   2.42  109.6       -1191.048       -2360.688   241   0.0001  -0.0000     -1.948 0.188  35   2.42    0.055
2018-05-05-17:02:40 1.11  Mocks_Em/MockNFW160ellip5loga2.08PA50center0With_background20num69.dat Nelder-Mead  1.0e-04 0 1 1 0     NFW      359.9997   0.0001     -2.032 0.105  41   2.43   89.8       -1251.716       -2482.024   241 359.9997   0.0001     -1.957 0.104  41   2.43    0.055
2018-05-05-17:02:40 1.11  Mocks_Em/MockNFW160ellip5loga2.08PA50center0With_background20num70.dat Nelder-Mead  1.0e-04 0 1 1 0     NFW      359.9995   0.0002     -2.087 0.143  18   2.44   83.5       -1379.843       -2738.278   241 359.9995   0.0002     -1.988 0.143  18   2.44    0.055
2018-05-05-17:02:40 1.11  Mocks_Em/MockNFW160ellip5loga2.08PA50center0With_background20num71.dat Nelder-Mead  1.0e-04 0 1 1 0     NFW      359.9993  -0.0004     -2.037 0.096 152   2.40   84.3       -1226.009        -2430.61   241 359.9993  -0.0004     -1.940 0.096 152   2.40    0.054
2018-05-05-17:02:40 1.11  Mocks_Em/MockNFW160ellip5loga2.08PA50center0With_background20num72.dat Nelder-Mead  1.0e-04 0 1 1 0     NFW        0.0001  -0.0004     -1.961 0.185 146   2.46  117.9       -1346.677       -2671.947   241   0.0001  -0.0004     -1.961 0.185 140   2.46    0.055
2018-05-05-17:02:40 1.11  Mocks_Em/MockNFW160ellip5loga2.08PA50center0With_background20num73.dat Nelder-Mead  1.0e-04 0 1 1 0     NFW      359.9996  -0.0006     -1.940 0.272  28   2.42  117.2        -1312.37       -2603.333   241 359.9996  -0.0006     -1.940 0.272  27   2.42    0.054
2018-05-05-17:02:40 1.11  Mocks_Em/MockNFW160ellip5loga2.08PA50center0With_background20num74.dat Nelder-Mead  1.0e-04 0 1 1 0     NFW      359.9993   0.0006     -1.957 0.208  40   2.43  115.6        -1375.17       -2728.932   241 359.9993   0.0006     -1.957 0.199  40   2.43    0.057
2018-05-05-17:02:40 1.11  Mocks_Em/MockNFW160ellip5loga2.08PA50center0With_background20num75.dat Nelder-Mead  1.0e-04 0 1 1 0     NFW      359.9999   0.0009     -2.019 0.167  33   2.45   99.8        -1385.09       -2748.772   241 359.9999   0.0009     -1.981 0.167  32   2.45    0.059
2018-05-05-17:02:40 1.11  Mocks_Em/MockNFW160ellip5loga2.08PA50center0With_background20num76.dat Nelder-Mead  1.0e-04 0 1 1 0     NFW        0.0004   0.0001     -2.065 0.131 169   2.41   81.8       -1277.306       -2533.205   241   0.0004   0.0001     -1.967 0.131 169   2.41    0.059
2018-05-05-17:02:40 1.11  Mocks_Em/MockNFW160ellip5loga2.08PA50center0With_background20num77.dat Nelder-Mead  1.0e-04 0 1 1 0     NFW        0.0004   0.0003     -1.973 0.218  38   2.44  109.2       -1323.038       -2624.668   241   0.0004   0.0003     -1.973 0.207  38   2.44    0.055
2018-05-05-17:02:40 1.11  Mocks_Em/MockNFW160ellip5loga2.08PA50center0With_background20num78.dat Nelder-Mead  1.0e-04 0 1 1 0     NFW        0.0007   0.0000     -1.953 0.196  38   2.41  111.1       -1300.254         -2579.1   241   0.0007   0.0000     -1.953 0.192  37   2.41    0.056
2018-05-05-17:02:40 1.11  Mocks_Em/MockNFW160ellip5loga2.08PA50center0With_background20num79.dat Nelder-Mead  1.0e-04 0 1 1 0     NFW      359.9997   0.0003     -2.089 0.190 143   2.41   76.8       -1265.173       -2508.939   241 359.9997   0.0003     -1.989 0.190 143   2.41    0.054
2018-05-05-17:02:40 1.11  Mocks_Em/MockNFW160ellip5loga2.08PA50center0With_background20num80.dat Nelder-Mead  1.0e-04 0 1 1 0     NFW        0.0003   0.0005     -2.065 0.222  32   2.41   81.3       -1273.817       -2526.227   241   0.0003   0.0005     -1.967 0.222  32   2.41    0.054
2018-05-05-17:02:40 1.11  Mocks_Em/MockNFW160ellip5loga2.08PA50center0With_background20num81.dat Nelder-Mead  1.0e-04 0 1 1 0     NFW        0.0003  -0.0006     -2.084 0.162  42   2.43   81.3       -1324.456       -2627.504   241   0.0003  -0.0006     -1.985 0.162  42   2.43    0.054
2018-05-05-17:02:40 1.11  Mocks_Em/MockNFW160ellip5loga2.08PA50center0With_background20num82.dat Nelder-Mead  1.0e-04 0 1 1 0     NFW        0.0005  -0.0006     -1.941 0.225  40   2.39  110.2       -1261.639       -2501.871   241   0.0005  -0.0006     -1.941 0.215  40   2.39    0.054
2018-05-05-17:02:40 1.11  Mocks_Em/MockNFW160ellip5loga2.08PA50center0With_background20num83.dat Nelder-Mead  1.0e-04 0 1 1 0     NFW      359.9994   0.0001     -2.044 0.249  33   2.42   87.2       -1271.179       -2520.951   241 359.9994   0.0001     -1.954 0.249  33   2.42    0.055
2018-05-05-17:02:40 1.11  Mocks_Em/MockNFW160ellip5loga2.08PA50center0With_background20num84.dat Nelder-Mead  1.0e-04 0 1 1 0     NFW        0.0002  -0.0004     -1.978 0.161   6   2.46  112.7       -1384.692       -2747.977   241   0.0002  -0.0004     -1.976 0.161   6   2.46    0.054
2018-05-05-17:02:40 1.11  Mocks_Em/MockNFW160ellip5loga2.08PA50center0With_background20num85.dat Nelder-Mead  1.0e-04 0 1 1 0     NFW      360.0000   0.0019     -1.949 0.117 144   2.42  117.5       -1390.782       -2760.157   241 360.0000   0.0019     -1.949 0.117 137   2.42    0.055
2018-05-05-17:02:40 1.11  Mocks_Em/MockNFW160ellip5loga2.08PA50center0With_background20num86.dat Nelder-Mead  1.0e-04 0 1 1 0     NFW      359.9989  -0.0001     -2.072 0.117   2   2.42   84.5        -1363.32       -2705.233   241 359.9989  -0.0001     -1.984 0.117   2   2.42    0.057
2018-05-05-17:02:40 1.11  Mocks_Em/MockNFW160ellip5loga2.08PA50center0With_background20num87.dat Nelder-Mead  1.0e-04 0 1 1 0     NFW      359.9997   0.0006     -1.938 0.042 151   2.41  114.3       -1284.809        -2548.21   241 359.9997   0.0006     -1.938 0.042 144   2.41    0.056
2018-05-05-17:02:40 1.11  Mocks_Em/MockNFW160ellip5loga2.08PA50center0With_background20num88.dat Nelder-Mead  1.0e-04 0 1 1 0     NFW        0.0003   0.0003     -1.964 0.250 143   2.45  114.1       -1320.674       -2619.941   241   0.0003   0.0003     -1.964 0.250 136   2.45    0.055
2018-05-05-17:02:40 1.11  Mocks_Em/MockNFW160ellip5loga2.08PA50center0With_background20num89.dat Nelder-Mead  1.0e-04 0 1 1 0     NFW      359.9990  -0.0003     -1.950 0.073 165   2.40  110.5       -1320.624       -2619.842   241 359.9990  -0.0003     -1.950 0.073 157   2.40    0.055
2018-05-05-17:02:40 1.11  Mocks_Em/MockNFW160ellip5loga2.08PA50center0With_background20num90.dat Nelder-Mead  1.0e-04 0 1 1 0     NFW      359.9998   0.0003     -1.979 0.149  38   2.45  109.9       -1351.183       -2680.958   241 359.9998   0.0003     -1.979 0.149  36   2.45    0.055
2018-05-05-17:02:40 1.11  Mocks_Em/MockNFW160ellip5loga2.08PA50center0With_background20num91.dat Nelder-Mead  1.0e-04 0 1 1 0     NFW      359.9992  -0.0004     -2.063 0.218  24   2.40   81.5        -1278.99       -2536.572   241 359.9992  -0.0004     -1.964 0.218  24   2.40    0.054
2018-05-05-17:02:40 1.11  Mocks_Em/MockNFW160ellip5loga2.08PA50center0With_background20num92.dat Nelder-Mead  1.0e-04 0 1 1 0     NFW        0.0005   0.0002     -2.096 0.155  36   2.45   80.6       -1335.842       -2650.276   241   0.0005   0.0002     -1.997 0.155  36   2.45    0.056
2018-05-05-17:02:40 1.11  Mocks_Em/MockNFW160ellip5loga2.08PA50center0With_background20num93.dat Nelder-Mead  1.0e-04 0 1 1 0     NFW        0.0005   0.0006     -1.956 0.194  31   2.41  108.5       -1272.636       -2523.864   241   0.0005   0.0006     -1.941 0.194  30   2.41    0.054
2018-05-05-17:02:40 1.11  Mocks_Em/MockNFW160ellip5loga2.08PA50center0With_background20num94.dat Nelder-Mead  1.0e-04 0 1 1 0     NFW      359.9999   0.0005     -2.045 0.216  41   2.42   88.8       -1322.164        -2622.92   241 359.9999   0.0005     -1.948 0.216  41   2.42    0.054
2018-05-05-17:02:40 1.11  Mocks_Em/MockNFW160ellip5loga2.08PA50center0With_background20num95.dat Nelder-Mead  1.0e-04 0 1 1 0     NFW        0.0003  -0.0006     -2.043 0.120  37   2.44   92.2       -1343.192       -2664.977   241   0.0003  -0.0006     -1.992 0.120  36   2.44    0.054
2018-05-05-17:02:40 1.11  Mocks_Em/MockNFW160ellip5loga2.08PA50center0With_background20num96.dat Nelder-Mead  1.0e-04 0 1 1 0     NFW        0.0011   0.0002     -2.033 0.135  42   2.43   95.6       -1418.238       -2815.068   241   0.0011   0.0002     -1.981 0.135  41   2.43    0.055
2018-05-05-17:02:40 1.11  Mocks_Em/MockNFW160ellip5loga2.08PA50center0With_background20num97.dat Nelder-Mead  1.0e-04 0 1 1 0     NFW      359.9996  -0.0000     -1.942 0.216  34   2.41  111.4       -1233.595       -2445.783   241 359.9996  -0.0000     -1.942 0.216  33   2.41    0.056
2018-05-05-17:02:40 1.11  Mocks_Em/MockNFW160ellip5loga2.08PA50center0With_background20num98.dat Nelder-Mead  1.0e-04 0 1 1 0     NFW        0.0000   0.0001     -2.019 0.189  30   2.46  100.9       -1365.924       -2710.441   241   0.0000   0.0001     -2.019 0.189  29   2.46    0.055
2018-05-05-17:02:40 1.11  Mocks_Em/MockNFW160ellip5loga2.08PA50center0With_background20num99.dat Nelder-Mead  1.0e-04 0 1 1 0     NFW      359.9996  -0.0003     -2.075 0.264  31   2.41   80.7       -1303.013        -2584.62   241 359.9996  -0.0003     -1.976 0.264  31   2.41    0.056
