2018-05-05-17:02:14 1.11  Mocks_Em/MockNFW160ellip5loga2.08PA50center0With_background20num0.dat L-BFGS-B     1.0e-04 0 1 1 0     NFW        0.0007  -0.0002     -2.185 0.314  42   2.41   61.9       -1279.111       -2536.815    28   0.0007  -0.0002     -1.980 0.240  42   2.41    0.021
2018-05-05-17:02:14 1.11  Mocks_Em/MockNFW160ellip5loga2.08PA50center0With_background20num1.dat L-BFGS-B     1.0e-04 0 1 1 0     NFW        0.0002  -0.0004     -1.927 0.051  23   2.44  123.2       -1309.072       -2596.736    49   0.0002  -0.0004     -1.946 0.140  23   2.44    0.032
2018-05-05-17:02:14 1.11  Mocks_Em/MockNFW160ellip5loga2.08PA50center0With_background20num2.dat L-BFGS-B     1.0e-04 0 1 1 0     NFW      360.0000   0.0003     -2.101 0.285  37   2.42   76.6       -1290.624        -2559.84    28 360.0000   0.0003     -1.960 0.232  37   2.42    0.016
2018-05-05-17:02:14 1.11  Mocks_Em/MockNFW160ellip5loga2.08PA50center0With_background20num3.dat L-BFGS-B     1.0e-04 0 1 1 0     NFW        0.0000   0.0001     -1.922 0.008 150   2.62  123.5       -1287.692       -2553.976    98   0.0000   0.0001     -1.951 0.257 148   2.44    0.052
2018-05-05-17:02:14 1.11  Mocks_Em/MockNFW160ellip5loga2.08PA50center0With_background20num4.dat L-BFGS-B     1.0e-04 0 1 1 0     NFW        0.0005  -0.0007     -1.903 0.001 145   3.36  137.7       -1421.867       -2822.326   119   0.0005  -0.0007     -1.965 0.163 142   2.45    0.054
2018-05-05-17:02:14 1.11  Mocks_Em/MockNFW160ellip5loga2.08PA50center0With_background20num5.dat L-BFGS-B     1.0e-04 0 1 1 0     NFW      359.9997  -0.0008     -2.152 0.093 135   2.43   69.8       -1349.532       -2677.656    35 359.9997  -0.0008     -1.981 0.105 135   2.43    0.014
2018-05-05-17:02:14 1.11  Mocks_Em/MockNFW160ellip5loga2.08PA50center0With_background20num6.dat L-BFGS-B     1.0e-04 0 1 1 0     NFW        0.0003   0.0001     -2.023 0.222  32   2.42   92.8       -1277.008       -2532.609    21   0.0003   0.0001     -1.942 0.189  32   2.42    0.008
2018-05-05-17:02:14 1.11  Mocks_Em/MockNFW160ellip5loga2.08PA50center0With_background20num7.dat L-BFGS-B     1.0e-04 0 1 1 0     NFW      359.9994   0.0002     -2.069 0.288  44   2.41   82.8       -1309.533       -2597.658    28 359.9994   0.0002     -1.942 0.242  44   2.41    0.011
2018-05-05-17:02:14 1.11  Mocks_Em/MockNFW160ellip5loga2.08PA50center0With_background20num8.dat L-BFGS-B     1.0e-04 0 1 1 0     NFW        0.0008  -0.0002     -2.133 0.127  19   2.44   75.3       -1382.167       -2742.926    35   0.0008  -0.0002     -2.003 0.139  19   2.44    0.013
2018-05-05-17:02:14 1.11  Mocks_Em/MockNFW160ellip5loga2.08PA50center0With_background20num9.dat L-BFGS-B     1.0e-04 0 1 1 0     NFW      359.9998   0.0002     -2.138 0.225  29   2.43   70.5       -1284.768       -2548.129    28 359.9998   0.0002     -1.995 0.166  29   2.43    0.010
2018-05-05-17:02:14 1.11  Mocks_Em/MockNFW160ellip5loga2.08PA50center0With_background20num10.dat L-BFGS-B     1.0e-04 0 1 1 0     NFW      359.9999   0.0007     -1.917 0.001 142   2.57  130.5       -1357.754         -2694.1   119 359.9999   0.0007     -2.002 0.186 141   2.45    0.044
2018-05-05-17:02:14 1.11  Mocks_Em/MockNFW160ellip5loga2.08PA50center0With_background20num11.dat L-BFGS-B     1.0e-04 0 1 1 0     NFW        0.0001  -0.0001     -2.082 0.229  39   2.45   82.5       -1301.433       -2581.458    28   0.0001  -0.0001     -1.956 0.179  39   2.45    0.010
2018-05-05-17:02:14 1.11  Mocks_Em/MockNFW160ellip5loga2.08PA50center0With_background20num12.dat L-BFGS-B     1.0e-04 0 1 1 0     NFW      359.9997   0.0004     -2.223 0.116 135   2.46   61.9       -1364.934       -2708.461    35 359.9997   0.0004     -2.014 0.135 135   2.46    0.013
2018-05-05-17:02:14 1.11  Mocks_Em/MockNFW160ellip5loga2.08PA50center0With_background20num13.dat L-BFGS-B     1.0e-04 0 1 1 0     NFW        0.0002   0.0009     -1.922 0.025 157   2.43  124.5       -1320.431       -2619.454    63   0.0002   0.0009     -1.979 0.183 156   2.43    0.024
2018-05-05-17:02:14 1.11  Mocks_Em/MockNFW160ellip5loga2.08PA50center0With_background20num14.dat L-BFGS-B     1.0e-04 0 1 1 0     NFW      359.9998  -0.0004     -2.145 0.212  42   2.44   72.2        -1353.87       -2686.332    28 359.9998  -0.0004     -1.979 0.141  42   2.44    0.010
2018-05-05-17:02:14 1.11  Mocks_Em/MockNFW160ellip5loga2.08PA50center0With_background20num15.dat L-BFGS-B     1.0e-04 0 1 1 0     NFW        0.0010   0.0004     -1.906 0.002 150   2.59  129.6       -1340.783       -2660.159   105   0.0010   0.0004     -1.983 0.214 148   2.42    0.039
2018-05-05-17:02:14 1.11  Mocks_Em/MockNFW160ellip5loga2.08PA50center0With_background20num16.dat L-BFGS-B     1.0e-04 0 1 1 0     NFW        0.0005   0.0002     -1.946 0.331  36   2.43  117.1       -1329.763       -2638.118    28   0.0005   0.0002     -1.959 0.170  36   2.43    0.010
2018-05-05-17:02:14 1.11  Mocks_Em/MockNFW160ellip5loga2.08PA50center0With_background20num17.dat L-BFGS-B     1.0e-04 0 1 1 0     NFW        0.0001   0.0005     -2.279 0.069 176   2.39   49.0       -1249.825       -2478.242    35   0.0001   0.0005     -1.963 0.086 176   2.40    0.013
2018-05-05-17:02:14 1.11  Mocks_Em/MockNFW160ellip5loga2.08PA50center0With_background20num18.dat L-BFGS-B     1.0e-04 0 1 1 0     NFW      359.9997  -0.0002     -1.921 0.000 136   2.86  128.8       -1339.953       -2658.499   133 359.9997  -0.0002     -1.982 0.228 136   2.45    0.051
2018-05-05-17:02:14 1.11  Mocks_Em/MockNFW160ellip5loga2.08PA50center0With_background20num19.dat L-BFGS-B     1.0e-04 0 1 1 0     NFW      359.9996   0.0003     -1.920 0.015 159   2.43  121.2       -1261.322       -2501.236    49 359.9996   0.0003     -1.955 0.164 158   2.42    0.019
2018-05-05-17:02:14 1.11  Mocks_Em/MockNFW160ellip5loga2.08PA50center0With_background20num20.dat L-BFGS-B     1.0e-04 0 1 1 0     NFW        0.0004  -0.0001     -1.918 0.300  39   2.45  127.6       -1310.014       -2598.621    35   0.0004  -0.0001     -1.918 0.097  39   2.44    0.013
2018-05-05-17:02:14 1.11  Mocks_Em/MockNFW160ellip5loga2.08PA50center0With_background20num21.dat L-BFGS-B     1.0e-04 0 1 1 0     NFW      359.9995  -0.0006     -1.950 0.314  36   2.42  115.5       -1354.109        -2686.81    35 359.9995  -0.0006     -1.967 0.148  36   2.42    0.013
2018-05-05-17:02:14 1.11  Mocks_Em/MockNFW160ellip5loga2.08PA50center0With_background20num22.dat L-BFGS-B     1.0e-04 0 1 1 0     NFW        0.0003   0.0000     -1.952 0.360  40   2.43  111.4       -1262.774        -2504.14    28   0.0003   0.0000     -1.968 0.144  40   2.43    0.011
2018-05-05-17:02:14 1.11  Mocks_Em/MockNFW160ellip5loga2.08PA50center0With_background20num23.dat L-BFGS-B     1.0e-04 0 1 1 0     NFW      359.9998   0.0006     -2.127 0.305  39   2.44   76.0       -1370.853       -2720.299    28 359.9998   0.0006     -2.001 0.259  39   2.45    0.011
2018-05-05-17:02:14 1.11  Mocks_Em/MockNFW160ellip5loga2.08PA50center0With_background20num24.dat L-BFGS-B     1.0e-04 0 1 1 0     NFW      359.9996  -0.0004     -2.171 0.001 135   2.44   68.2       -1374.534        -2727.66   147 359.9996  -0.0004     -2.023 0.200 135   2.44    0.055
2018-05-05-17:02:14 1.11  Mocks_Em/MockNFW160ellip5loga2.08PA50center0With_background20num25.dat L-BFGS-B     1.0e-04 0 1 1 0     NFW      359.9998  -0.0002     -1.919 0.311  32   2.42  120.9       -1249.026       -2476.644    35 359.9998  -0.0002     -1.918 0.206  32   2.42    0.013
2018-05-05-17:02:14 1.11  Mocks_Em/MockNFW160ellip5loga2.08PA50center0With_background20num26.dat L-BFGS-B     1.0e-04 0 1 1 0     NFW        0.0001  -0.0001     -2.130 0.301  40   2.44   72.6       -1290.196       -2558.986    28   0.0001  -0.0001     -1.961 0.237  40   2.44    0.011
2018-05-05-17:02:14 1.11  Mocks_Em/MockNFW160ellip5loga2.08PA50center0With_background20num27.dat L-BFGS-B     1.0e-04 0 1 1 0     NFW        0.0009  -0.0000     -2.054 0.226  40   2.42   87.9       -1357.662       -2693.918    28   0.0009  -0.0000     -1.946 0.184  40   2.42    0.011
2018-05-05-17:02:14 1.11  Mocks_Em/MockNFW160ellip5loga2.08PA50center0With_background20num28.dat L-BFGS-B     1.0e-04 0 1 1 0     NFW      359.9998  -0.0001     -2.065 0.179 151   2.45   87.8       -1337.599       -2653.791    35 359.9998  -0.0001     -1.986 0.189 151   2.45    0.014
2018-05-05-17:02:14 1.11  Mocks_Em/MockNFW160ellip5loga2.08PA50center0With_background20num29.dat L-BFGS-B     1.0e-04 0 1 1 0     NFW        0.0003  -0.0001     -2.182 0.166 140   2.42   62.5       -1262.986       -2504.565    35   0.0003  -0.0001     -1.980 0.191 140   2.42    0.013
2018-05-05-17:02:14 1.11  Mocks_Em/MockNFW160ellip5loga2.08PA50center0With_background20num30.dat L-BFGS-B     1.0e-04 0 1 1 0     NFW        0.0001   0.0004     -2.109 0.133  39   2.46   80.3       -1370.945       -2720.482    35   0.0001   0.0004     -1.998 0.080  39   2.46    0.013
2018-05-05-17:02:14 1.11  Mocks_Em/MockNFW160ellip5loga2.08PA50center0With_background20num31.dat L-BFGS-B     1.0e-04 0 1 1 0     NFW        0.0000  -0.0001     -1.930 0.334  33   2.44  121.0       -1284.037       -2546.666    28   0.0000  -0.0001     -1.932 0.228  33   2.44    0.010
2018-05-05-17:02:14 1.11  Mocks_Em/MockNFW160ellip5loga2.08PA50center0With_background20num32.dat L-BFGS-B     1.0e-04 0 1 1 0     NFW      359.9997   0.0003     -2.138 0.097 147   2.47   77.9       -1420.405       -2819.402    35 359.9997   0.0003     -2.011 0.107 147   2.47    0.013
2018-05-05-17:02:14 1.11  Mocks_Em/MockNFW160ellip5loga2.08PA50center0With_background20num33.dat L-BFGS-B     1.0e-04 0 1 1 0     NFW        0.0000   0.0003     -1.921 0.026  23   2.45  126.8       -1336.151       -2650.895    42   0.0000   0.0003     -1.945 0.098  23   2.44    0.016
2018-05-05-17:02:14 1.11  Mocks_Em/MockNFW160ellip5loga2.08PA50center0With_background20num34.dat L-BFGS-B     1.0e-04 0 1 1 0     NFW      359.9993   0.0004     -1.925 0.012 138   2.45  126.6       -1352.222       -2683.037    63 359.9993   0.0004     -1.999 0.086 138   2.44    0.024
2018-05-05-17:02:14 1.11  Mocks_Em/MockNFW160ellip5loga2.08PA50center0With_background20num35.dat L-BFGS-B     1.0e-04 0 1 1 0     NFW      360.0000  -0.0006     -2.102 0.244  38   2.40   73.7       -1262.517       -2503.627    28 360.0000  -0.0006     -1.972 0.193  38   2.40    0.010
2018-05-05-17:02:14 1.11  Mocks_Em/MockNFW160ellip5loga2.08PA50center0With_background20num36.dat L-BFGS-B     1.0e-04 0 1 1 0     NFW        0.0001  -0.0005     -1.936 0.510  44   2.42  117.6       -1316.633       -2611.858    35   0.0001  -0.0005     -1.961 0.266  44   2.42    0.013
2018-05-05-17:02:14 1.11  Mocks_Em/MockNFW160ellip5loga2.08PA50center0With_background20num37.dat L-BFGS-B     1.0e-04 0 1 1 0     NFW        0.0001   0.0011     -1.894 0.001 144   3.07  134.9       -1388.644       -2755.881   133   0.0001   0.0011     -1.956 0.233 143   2.42    0.050
2018-05-05-17:02:14 1.11  Mocks_Em/MockNFW160ellip5loga2.08PA50center0With_background20num38.dat L-BFGS-B     1.0e-04 0 1 1 0     NFW      359.9998   0.0006     -1.940 0.114  27   2.42  116.0       -1293.294        -2565.18    35 359.9998   0.0006     -1.924 0.117  27   2.42    0.013
2018-05-05-17:02:14 1.11  Mocks_Em/MockNFW160ellip5loga2.08PA50center0With_background20num39.dat L-BFGS-B     1.0e-04 0 1 1 0     NFW      359.9987  -0.0003     -2.258 0.325  43   2.41   55.9        -1410.67       -2799.933    28 359.9987  -0.0003     -1.987 0.219  43   2.41    0.010
2018-05-05-17:02:14 1.11  Mocks_Em/MockNFW160ellip5loga2.08PA50center0With_background20num40.dat L-BFGS-B     1.0e-04 0 1 1 0     NFW      359.9997  -0.0000     -2.126 0.217  30   2.42   72.3       -1292.036       -2562.665    28 359.9997  -0.0000     -1.969 0.151  30   2.43    0.010
2018-05-05-17:02:14 1.11  Mocks_Em/MockNFW160ellip5loga2.08PA50center0With_background20num41.dat L-BFGS-B     1.0e-04 0 1 1 0     NFW        0.0006   0.0002     -2.059 0.393  36   2.44   87.8       -1334.848       -2648.288    28   0.0006   0.0002     -1.978 0.273  36   2.44    0.011
2018-05-05-17:02:14 1.11  Mocks_Em/MockNFW160ellip5loga2.08PA50center0With_background20num42.dat L-BFGS-B     1.0e-04 0 1 1 0     NFW      360.0000  -0.0005     -2.186 0.250  24   2.46   67.0       -1368.533       -2715.659    28 360.0000  -0.0005     -2.016 0.180  24   2.46    0.011
2018-05-05-17:02:14 1.11  Mocks_Em/MockNFW160ellip5loga2.08PA50center0With_background20num43.dat L-BFGS-B     1.0e-04 0 1 1 0     NFW        0.0005   0.0006     -1.915 0.016 158   2.46  129.1       -1336.478       -2651.548    49   0.0005   0.0006     -1.939 0.187 158   2.44    0.019
2018-05-05-17:02:14 1.11  Mocks_Em/MockNFW160ellip5loga2.08PA50center0With_background20num44.dat L-BFGS-B     1.0e-04 0 1 1 0     NFW        0.0001  -0.0004     -2.075 0.262  35   2.44   83.6       -1310.923       -2600.438    35   0.0001  -0.0004     -1.979 0.175  35   2.44    0.013
2018-05-05-17:02:14 1.11  Mocks_Em/MockNFW160ellip5loga2.08PA50center0With_background20num45.dat L-BFGS-B     1.0e-04 0 1 1 0     NFW        0.0009   0.0004     -2.053 0.124 142   2.40   85.8       -1332.623       -2643.838    35   0.0009   0.0004     -1.967 0.133 142   2.40    0.014
2018-05-05-17:02:14 1.11  Mocks_Em/MockNFW160ellip5loga2.08PA50center0With_background20num46.dat L-BFGS-B     1.0e-04 0 1 1 0     NFW        0.0009   0.0000     -1.936 0.286  33   2.44  123.8       -1397.952       -2774.496    28   0.0009   0.0000     -1.943 0.195  33   2.44    0.011
2018-05-05-17:02:14 1.11  Mocks_Em/MockNFW160ellip5loga2.08PA50center0With_background20num47.dat L-BFGS-B     1.0e-04 0 1 1 0     NFW        0.0001  -0.0003     -1.957 0.511  34   2.45  114.9       -1307.122       -2592.836    35   0.0001  -0.0003     -1.987 0.239  34   2.45    0.013
2018-05-05-17:02:14 1.11  Mocks_Em/MockNFW160ellip5loga2.08PA50center0With_background20num48.dat L-BFGS-B     1.0e-04 0 1 1 0     NFW        0.0010   0.0005     -2.055 0.202  36   2.39   83.4       -1301.859       -2582.311    28   0.0010   0.0005     -1.940 0.154  36   2.39    0.010
2018-05-05-17:02:14 1.11  Mocks_Em/MockNFW160ellip5loga2.08PA50center0With_background20num49.dat L-BFGS-B     1.0e-04 0 1 1 0     NFW        0.0008  -0.0003     -2.085 0.152  25   2.44   85.3       -1419.513       -2817.619    28   0.0008  -0.0003     -1.975 0.102  25   2.44    0.011
2018-05-05-17:02:14 1.11  Mocks_Em/MockNFW160ellip5loga2.08PA50center0With_background20num50.dat L-BFGS-B     1.0e-04 0 1 1 0     NFW      359.9997  -0.0007     -1.940 0.257  29   2.43  118.8       -1343.278       -2665.148    42 359.9997  -0.0007     -1.946 0.154  29   2.43    0.016
2018-05-05-17:02:14 1.11  Mocks_Em/MockNFW160ellip5loga2.08PA50center0With_background20num51.dat L-BFGS-B     1.0e-04 0 1 1 0     NFW      359.9992   0.0001     -2.014 0.111  16   2.41   95.0       -1309.079        -2596.75    28 359.9992   0.0001     -1.975 0.114  16   2.41    0.011
2018-05-05-17:02:14 1.11  Mocks_Em/MockNFW160ellip5loga2.08PA50center0With_background20num52.dat L-BFGS-B     1.0e-04 0 1 1 0     NFW        0.0000  -0.0010     -2.033 0.132  31   2.42   92.1       -1331.121       -2640.834    35   0.0000  -0.0010     -1.952 0.096  31   2.42    0.013
2018-05-05-17:02:14 1.11  Mocks_Em/MockNFW160ellip5loga2.08PA50center0With_background20num53.dat L-BFGS-B     1.0e-04 0 1 1 0     NFW        0.0002   0.0007     -1.933 0.427  35   2.43  119.2       -1315.326       -2609.244    28   0.0002   0.0007     -1.951 0.188  35   2.42    0.011
2018-05-05-17:02:14 1.11  Mocks_Em/MockNFW160ellip5loga2.08PA50center0With_background20num54.dat L-BFGS-B     1.0e-04 0 1 1 0     NFW        0.0007   0.0010     -1.926 0.302  33   2.40  117.0       -1292.582       -2563.757    35   0.0007   0.0010     -1.935 0.141  33   2.40    0.013
2018-05-05-17:02:14 1.11  Mocks_Em/MockNFW160ellip5loga2.08PA50center0With_background20num55.dat L-BFGS-B     1.0e-04 0 1 1 0     NFW      359.9995   0.0003     -1.922 0.015 152   2.46  129.4       -1355.833       -2690.258    49 359.9995   0.0003     -1.958 0.162 152   2.45    0.019
2018-05-05-17:02:14 1.11  Mocks_Em/MockNFW160ellip5loga2.08PA50center0With_background20num56.dat L-BFGS-B     1.0e-04 0 1 1 0     NFW      359.9999  -0.0002     -2.217 0.250  42   2.42   58.8       -1296.868       -2572.328    28 359.9999  -0.0002     -1.974 0.147  42   2.42    0.011
2018-05-05-17:02:14 1.11  Mocks_Em/MockNFW160ellip5loga2.08PA50center0With_background20num57.dat L-BFGS-B     1.0e-04 0 1 1 0     NFW      359.9993  -0.0006     -1.981 0.420  41   2.44  109.5       -1394.778       -2768.149    28 359.9993  -0.0006     -1.987 0.205  41   2.44    0.011
2018-05-05-17:02:14 1.11  Mocks_Em/MockNFW160ellip5loga2.08PA50center0With_background20num58.dat L-BFGS-B     1.0e-04 0 1 1 0     NFW      359.9998  -0.0000     -2.130 0.137 142   2.39   66.7        -1203.43       -2385.453    35 359.9998  -0.0000     -1.938 0.156 142   2.39    0.013
2018-05-05-17:02:14 1.11  Mocks_Em/MockNFW160ellip5loga2.08PA50center0With_background20num59.dat L-BFGS-B     1.0e-04 0 1 1 0     NFW        0.0006  -0.0007     -1.898 0.010 144   2.46  130.2        -1344.22       -2667.033    84   0.0006  -0.0007     -1.946 0.149 143   2.41    0.032
2018-05-05-17:02:14 1.11  Mocks_Em/MockNFW160ellip5loga2.08PA50center0With_background20num60.dat L-BFGS-B     1.0e-04 0 1 1 0     NFW        0.0005   0.0001     -2.155 0.179 135   2.42   68.2       -1315.155       -2608.902    35   0.0005   0.0001     -1.947 0.207 135   2.42    0.013
2018-05-05-17:02:14 1.11  Mocks_Em/MockNFW160ellip5loga2.08PA50center0With_background20num61.dat L-BFGS-B     1.0e-04 0 1 1 0     NFW        0.0004   0.0006     -1.904 0.000 135   2.57  128.3       -1314.639       -2607.872   133   0.0004   0.0006     -1.956 0.181 135   2.42    0.049
2018-05-05-17:02:14 1.11  Mocks_Em/MockNFW160ellip5loga2.08PA50center0With_background20num62.dat L-BFGS-B     1.0e-04 0 1 1 0     NFW      359.9993  -0.0004     -2.055 0.120 165   2.43   90.5       -1395.658        -2769.91    28 359.9993  -0.0004     -2.005 0.124 165   2.43    0.011
2018-05-05-17:02:14 1.11  Mocks_Em/MockNFW160ellip5loga2.08PA50center0With_background20num63.dat L-BFGS-B     1.0e-04 0 1 1 0     NFW      359.9993  -0.0008     -2.044 0.197  39   2.41   88.3       -1327.528        -2633.65    28 359.9993  -0.0008     -1.961 0.163  39   2.41    0.010
2018-05-05-17:02:14 1.11  Mocks_Em/MockNFW160ellip5loga2.08PA50center0With_background20num64.dat L-BFGS-B     1.0e-04 0 1 1 0     NFW        0.0002  -0.0000     -2.132 0.275  42   2.41   69.2       -1259.038       -2496.669    28   0.0002  -0.0000     -1.964 0.211  42   2.41    0.010
2018-05-05-17:02:14 1.11  Mocks_Em/MockNFW160ellip5loga2.08PA50center0With_background20num65.dat L-BFGS-B     1.0e-04 0 1 1 0     NFW        0.0000   0.0003     -1.996 0.657  45   2.43  100.4       -1288.444       -2555.481    77   0.0000   0.0003     -2.003 0.253  45   2.44    0.028
2018-05-05-17:02:14 1.11  Mocks_Em/MockNFW160ellip5loga2.08PA50center0With_background20num66.dat L-BFGS-B     1.0e-04 0 1 1 0     NFW        0.0007  -0.0006     -2.192 0.256  22   2.44   65.5       -1380.772       -2740.137    28   0.0007  -0.0006     -2.005 0.179  22   2.45    0.010
2018-05-05-17:02:14 1.11  Mocks_Em/MockNFW160ellip5loga2.08PA50center0With_background20num67.dat L-BFGS-B     1.0e-04 0 1 1 0     NFW        0.0005  -0.0001     -1.917 0.012 145   2.49  132.5       -1390.924        -2760.44    84   0.0005  -0.0001     -1.990 0.181 145   2.45    0.032
2018-05-05-17:02:14 1.11  Mocks_Em/MockNFW160ellip5loga2.08PA50center0With_background20num68.dat L-BFGS-B     1.0e-04 0 1 1 0     NFW        0.0001  -0.0000     -1.945 0.296  35   2.42  110.4       -1191.544        -2361.68    28   0.0001  -0.0000     -1.948 0.188  35   2.42    0.010
2018-05-05-17:02:14 1.11  Mocks_Em/MockNFW160ellip5loga2.08PA50center0With_background20num69.dat L-BFGS-B     1.0e-04 0 1 1 0     NFW      359.9997   0.0001     -2.083 0.162  41   2.43   79.0       -1252.045       -2482.682    28 359.9997   0.0001     -1.957 0.104  41   2.43    0.010
2018-05-05-17:02:14 1.11  Mocks_Em/MockNFW160ellip5loga2.08PA50center0With_background20num70.dat L-BFGS-B     1.0e-04 0 1 1 0     NFW      359.9995   0.0002     -2.115 0.131  18   2.44   78.0       -1379.883       -2738.358    35 359.9995   0.0002     -1.988 0.143  18   2.44    0.013
2018-05-05-17:02:14 1.11  Mocks_Em/MockNFW160ellip5loga2.08PA50center0With_background20num71.dat L-BFGS-B     1.0e-04 0 1 1 0     NFW      359.9993  -0.0004     -2.270 0.076 152   2.39   49.3       -1227.458       -2433.508    35 359.9993  -0.0004     -1.940 0.096 152   2.40    0.014
2018-05-05-17:02:14 1.11  Mocks_Em/MockNFW160ellip5loga2.08PA50center0With_background20num72.dat L-BFGS-B     1.0e-04 0 1 1 0     NFW        0.0001  -0.0004     -1.921 0.000 140   2.61  131.4       -1351.024        -2680.64   133   0.0001  -0.0004     -1.961 0.185 140   2.46    0.051
2018-05-05-17:02:14 1.11  Mocks_Em/MockNFW160ellip5loga2.08PA50center0With_background20num73.dat L-BFGS-B     1.0e-04 0 1 1 0     NFW      359.9996  -0.0006     -1.909 0.334  27   2.42  127.7       -1312.439        -2603.47    49 359.9996  -0.0006     -1.940 0.272  27   2.42    0.018
2018-05-05-17:02:14 1.11  Mocks_Em/MockNFW160ellip5loga2.08PA50center0With_background20num74.dat L-BFGS-B     1.0e-04 0 1 1 0     NFW      359.9993   0.0006     -1.936 0.431  40   2.43  122.2       -1377.003       -2732.598    28 359.9993   0.0006     -1.957 0.199  40   2.43    0.011
2018-05-05-17:02:14 1.11  Mocks_Em/MockNFW160ellip5loga2.08PA50center0With_background20num75.dat L-BFGS-B     1.0e-04 0 1 1 0     NFW      359.9999   0.0009     -2.092 0.213  32   2.45   83.3       -1385.458       -2749.509    28 359.9999   0.0009     -1.981 0.167  32   2.45    0.011
2018-05-05-17:02:14 1.11  Mocks_Em/MockNFW160ellip5loga2.08PA50center0With_background20num76.dat L-BFGS-B     1.0e-04 0 1 1 0     NFW        0.0004   0.0001     -2.199 0.111 169   2.41   59.8       -1277.795       -2534.182    35   0.0004   0.0001     -1.967 0.131 169   2.41    0.014
2018-05-05-17:02:14 1.11  Mocks_Em/MockNFW160ellip5loga2.08PA50center0With_background20num77.dat L-BFGS-B     1.0e-04 0 1 1 0     NFW        0.0004   0.0003     -1.941 0.533  38   2.44  118.9       -1326.682       -2631.956    49   0.0004   0.0003     -1.973 0.207  38   2.44    0.018
2018-05-05-17:02:14 1.11  Mocks_Em/MockNFW160ellip5loga2.08PA50center0With_background20num78.dat L-BFGS-B     1.0e-04 0 1 1 0     NFW        0.0007   0.0000     -1.949 0.385  37   2.41  112.2       -1301.638       -2581.868    28   0.0007   0.0000     -1.953 0.192  37   2.41    0.010
2018-05-05-17:02:14 1.11  Mocks_Em/MockNFW160ellip5loga2.08PA50center0With_background20num79.dat L-BFGS-B     1.0e-04 0 1 1 0     NFW      359.9997   0.0003     -2.252 0.157 143   2.41   53.1       -1266.126       -2510.845    35 359.9997   0.0003     -1.989 0.190 143   2.41    0.013
2018-05-05-17:02:14 1.11  Mocks_Em/MockNFW160ellip5loga2.08PA50center0With_background20num80.dat L-BFGS-B     1.0e-04 0 1 1 0     NFW        0.0003   0.0005     -2.145 0.289  32   2.40   67.2       -1274.726       -2528.045    28   0.0003   0.0005     -1.967 0.222  32   2.41    0.011
2018-05-05-17:02:14 1.11  Mocks_Em/MockNFW160ellip5loga2.08PA50center0With_background20num81.dat L-BFGS-B     1.0e-04 0 1 1 0     NFW        0.0003  -0.0006     -2.181 0.244  42   2.43   64.9       -1325.553       -2629.698    28   0.0003  -0.0006     -1.985 0.162  42   2.43    0.011
2018-05-05-17:02:14 1.11  Mocks_Em/MockNFW160ellip5loga2.08PA50center0With_background20num82.dat L-BFGS-B     1.0e-04 0 1 1 0     NFW        0.0005  -0.0006     -1.928 0.404  40   2.39  114.2       -1262.888       -2504.368    28   0.0005  -0.0006     -1.941 0.215  40   2.39    0.010
2018-05-05-17:02:14 1.11  Mocks_Em/MockNFW160ellip5loga2.08PA50center0With_background20num83.dat L-BFGS-B     1.0e-04 0 1 1 0     NFW      359.9994   0.0001     -2.109 0.305  33   2.42   74.3       -1271.705       -2522.002    28 359.9994   0.0001     -1.954 0.249  33   2.42    0.010
2018-05-05-17:02:14 1.11  Mocks_Em/MockNFW160ellip5loga2.08PA50center0With_background20num84.dat L-BFGS-B     1.0e-04 0 1 1 0     NFW        0.0002  -0.0004     -2.178 0.044   6   2.46   69.1       -1385.816       -2750.225    49   0.0002  -0.0004     -1.976 0.161   6   2.46    0.019
2018-05-05-17:02:14 1.11  Mocks_Em/MockNFW160ellip5loga2.08PA50center0With_background20num85.dat L-BFGS-B     1.0e-04 0 1 1 0     NFW      360.0000   0.0019     -1.889 0.000 137   2.45  138.2       -1393.709       -2766.011   140 360.0000   0.0019     -1.949 0.117 137   2.42    0.052
2018-05-05-17:02:14 1.11  Mocks_Em/MockNFW160ellip5loga2.08PA50center0With_background20num86.dat L-BFGS-B     1.0e-04 0 1 1 0     NFW      359.9989  -0.0001     -2.098 0.108   2   2.42   79.3       -1363.454         -2705.5    35 359.9989  -0.0001     -1.984 0.117   2   2.42    0.013
2018-05-05-17:02:14 1.11  Mocks_Em/MockNFW160ellip5loga2.08PA50center0With_background20num87.dat L-BFGS-B     1.0e-04 0 1 1 0     NFW      359.9997   0.0006     -1.913 0.011 144   2.41  122.2       -1284.963       -2548.519    35 359.9997   0.0006     -1.938 0.042 144   2.41    0.014
2018-05-05-17:02:14 1.11  Mocks_Em/MockNFW160ellip5loga2.08PA50center0With_background20num88.dat L-BFGS-B     1.0e-04 0 1 1 0     NFW        0.0003   0.0003     -1.924 0.000 137   3.01  127.0       -1327.077       -2632.746   140   0.0003   0.0003     -1.964 0.250 136   2.45    0.053
2018-05-05-17:02:14 1.11  Mocks_Em/MockNFW160ellip5loga2.08PA50center0With_background20num89.dat L-BFGS-B     1.0e-04 0 1 1 0     NFW      359.9990  -0.0003     -1.989 0.071 157   2.40   99.7       -1320.488       -2619.568    28 359.9990  -0.0003     -1.950 0.073 157   2.40    0.011
2018-05-05-17:02:14 1.11  Mocks_Em/MockNFW160ellip5loga2.08PA50center0With_background20num90.dat L-BFGS-B     1.0e-04 0 1 1 0     NFW      359.9998   0.0003     -1.964 0.301  36   2.45  114.4       -1351.836       -2682.264    35 359.9998   0.0003     -1.979 0.149  36   2.45    0.013
2018-05-05-17:02:14 1.11  Mocks_Em/MockNFW160ellip5loga2.08PA50center0With_background20num91.dat L-BFGS-B     1.0e-04 0 1 1 0     NFW      359.9992  -0.0004     -2.149 0.287  24   2.40   66.3       -1279.475       -2537.543    28 359.9992  -0.0004     -1.964 0.218  24   2.40    0.011
2018-05-05-17:02:14 1.11  Mocks_Em/MockNFW160ellip5loga2.08PA50center0With_background20num92.dat L-BFGS-B     1.0e-04 0 1 1 0     NFW        0.0005   0.0002     -2.163 0.225  36   2.44   68.8       -1336.521       -2651.634    28   0.0005   0.0002     -1.997 0.155  36   2.45    0.011
2018-05-05-17:02:14 1.11  Mocks_Em/MockNFW160ellip5loga2.08PA50center0With_background20num93.dat L-BFGS-B     1.0e-04 0 1 1 0     NFW        0.0005   0.0006     -2.032 0.229  30   2.41   88.9       -1272.785       -2524.163    28   0.0005   0.0006     -1.941 0.194  30   2.41    0.011
2018-05-05-17:02:14 1.11  Mocks_Em/MockNFW160ellip5loga2.08PA50center0With_background20num94.dat L-BFGS-B     1.0e-04 0 1 1 0     NFW      359.9999   0.0005     -2.172 0.300  41   2.42   65.7       -1323.596       -2625.785    28 359.9999   0.0005     -1.948 0.216  41   2.42    0.010
2018-05-05-17:02:14 1.11  Mocks_Em/MockNFW160ellip5loga2.08PA50center0With_background20num95.dat L-BFGS-B     1.0e-04 0 1 1 0     NFW        0.0003  -0.0006     -2.052 0.115  36   2.44   90.3       -1343.173       -2664.938    28   0.0003  -0.0006     -1.992 0.120  36   2.44    0.011
2018-05-05-17:02:14 1.11  Mocks_Em/MockNFW160ellip5loga2.08PA50center0With_background20num96.dat L-BFGS-B     1.0e-04 0 1 1 0     NFW        0.0011   0.0002     -2.072 0.176  41   2.43   86.8       -1418.465       -2815.522    28   0.0011   0.0002     -1.981 0.135  41   2.43    0.011
2018-05-05-17:02:14 1.11  Mocks_Em/MockNFW160ellip5loga2.08PA50center0With_background20num97.dat L-BFGS-B     1.0e-04 0 1 1 0     NFW      359.9996  -0.0000     -1.938 0.309  33   2.41  112.7       -1233.749        -2446.09    35 359.9996  -0.0000     -1.942 0.216  33   2.41    0.013
2018-05-05-17:02:14 1.11  Mocks_Em/MockNFW160ellip5loga2.08PA50center0With_background20num98.dat L-BFGS-B     1.0e-04 0 1 1 0     NFW        0.0000   0.0001     -2.003 0.289  29   2.46  105.3       -1366.357       -2711.306    28   0.0000   0.0001     -2.019 0.189  29   2.46    0.010
2018-05-05-17:02:14 1.11  Mocks_Em/MockNFW160ellip5loga2.08PA50center0With_background20num99.dat L-BFGS-B     1.0e-04 0 1 1 0     NFW      359.9996  -0.0003     -2.199 0.343  31   2.41   60.6       -1304.335       -2587.263    28 359.9996  -0.0003     -1.976 0.264  31   2.41    0.011
