2018-05-05-17:01:41 1.11  Mocks_Em/MockNFW160ellip5loga2.08PA50center0With_background20num0.dat TNC          1.0e-04 0 1 1 0     NFW        0.0007  -0.0002     -1.956 0.570  43   2.43  108.6       -1281.479       -2541.551    82   0.0007  -0.0002     -1.980 0.240  42   2.41    0.297
2018-05-05-17:01:41 1.11  Mocks_Em/MockNFW160ellip5loga2.08PA50center0With_background20num1.dat TNC          1.0e-04 0 1 1 0     NFW        0.0002  -0.0004     -2.075 0.154  60   4.92   53.9       -1310.655       -2599.902    68   0.0002  -0.0004     -1.946 0.140  23   2.44    0.199
2018-05-05-17:01:41 1.11  Mocks_Em/MockNFW160ellip5loga2.08PA50center0With_background20num2.dat TNC          1.0e-04 0 1 1 0     NFW      360.0000   0.0003     -1.916 0.577  58   4.28  113.5       -1296.133       -2570.858   104 360.0000   0.0003     -1.960 0.232  37   2.42    0.309
2018-05-05-17:01:41 1.11  Mocks_Em/MockNFW160ellip5loga2.08PA50center0With_background20num3.dat TNC          1.0e-04 0 1 1 0     NFW        0.0000   0.0001     -2.512 0.378 180   5.21   10.2       -1291.272       -2561.137   128   0.0000   0.0001     -1.951 0.257 148   2.44    0.367
2018-05-05-17:01:41 1.11  Mocks_Em/MockNFW160ellip5loga2.08PA50center0With_background20num4.dat TNC          1.0e-04 0 1 1 0     NFW        0.0005  -0.0007     -1.903 0.000 156   2.45  139.0       -1421.868       -2822.328    31   0.0005  -0.0007     -1.965 0.163 142   2.45    0.094
2018-05-05-17:01:41 1.11  Mocks_Em/MockNFW160ellip5loga2.08PA50center0With_background20num5.dat TNC          1.0e-04 0 1 1 0     NFW      359.9997  -0.0008     -2.211 0.000 133   2.42   61.2       -1350.564        -2679.72    50 359.9997  -0.0008     -1.981 0.105 135   2.43    0.145
2018-05-05-17:01:41 1.11  Mocks_Em/MockNFW160ellip5loga2.08PA50center0With_background20num6.dat TNC          1.0e-04 0 1 1 0     NFW        0.0003   0.0001     -1.917 0.431  61   2.56  123.1       -1280.159       -2538.911   140   0.0003   0.0001     -1.942 0.189  32   2.42    0.397
2018-05-05-17:01:41 1.11  Mocks_Em/MockNFW160ellip5loga2.08PA50center0With_background20num7.dat TNC          1.0e-04 0 1 1 0     NFW      359.9994   0.0002     -1.951 0.620  52   4.79   80.8       -1314.127       -2606.846   129 359.9994   0.0002     -1.942 0.242  44   2.41    0.372
2018-05-05-17:01:41 1.11  Mocks_Em/MockNFW160ellip5loga2.08PA50center0With_background20num8.dat TNC          1.0e-04 0 1 1 0     NFW        0.0008  -0.0002     -2.087 0.386  69   4.19   78.5       -1386.976       -2752.544   146   0.0008  -0.0002     -2.003 0.139  19   2.44    0.426
2018-05-05-17:01:41 1.11  Mocks_Em/MockNFW160ellip5loga2.08PA50center0With_background20num9.dat TNC          1.0e-04 0 1 1 0     NFW      359.9998   0.0002     -2.097 0.434  64   2.35   77.8       -1289.364        -2557.32    49 359.9998   0.0002     -1.995 0.166  29   2.43    0.144
2018-05-05-17:01:41 1.11  Mocks_Em/MockNFW160ellip5loga2.08PA50center0With_background20num10.dat TNC          1.0e-04 0 1 1 0     NFW      359.9999   0.0007     -1.980 0.000 141   1.93  110.1       -1358.136       -2694.865    93 359.9999   0.0007     -2.002 0.186 141   2.45    0.276
2018-05-05-17:01:41 1.11  Mocks_Em/MockNFW160ellip5loga2.08PA50center0With_background20num11.dat TNC          1.0e-04 0 1 1 0     NFW        0.0001  -0.0001     -2.434 0.489  59   5.18   14.5       -1304.611       -2587.815   239   0.0001  -0.0001     -1.956 0.179  39   2.45    0.692
2018-05-05-17:01:41 1.11  Mocks_Em/MockNFW160ellip5loga2.08PA50center0With_background20num12.dat TNC          1.0e-04 0 1 1 0     NFW      359.9997   0.0004     -2.264 0.000 130   2.46   56.8        -1367.55       -2713.693    31 359.9997   0.0004     -2.014 0.135 135   2.46    0.093
2018-05-05-17:01:41 1.11  Mocks_Em/MockNFW160ellip5loga2.08PA50center0With_background20num13.dat TNC          1.0e-04 0 1 1 0     NFW        0.0002   0.0009     -1.928 0.319 180   1.08  122.5       -1322.441       -2623.474    67   0.0002   0.0009     -1.979 0.183 156   2.43    0.195
2018-05-05-17:01:41 1.11  Mocks_Em/MockNFW160ellip5loga2.08PA50center0With_background20num14.dat TNC          1.0e-04 0 1 1 0     NFW      359.9998  -0.0004     -2.026 0.390  57   2.29   96.4       -1355.503       -2689.598    92 359.9998  -0.0004     -1.979 0.141  42   2.44    0.268
2018-05-05-17:01:41 1.11  Mocks_Em/MockNFW160ellip5loga2.08PA50center0With_background20num15.dat TNC          1.0e-04 0 1 1 0     NFW        0.0010   0.0004     -1.905 0.000 146   2.42  129.9       -1340.808       -2660.208    49   0.0010   0.0004     -1.983 0.214 148   2.42    0.146
2018-05-05-17:01:41 1.11  Mocks_Em/MockNFW160ellip5loga2.08PA50center0With_background20num16.dat TNC          1.0e-04 0 1 1 0     NFW        0.0005   0.0002     -1.910 0.487  39   4.83   91.5        -1330.91       -2640.412   119   0.0005   0.0002     -1.959 0.170  36   2.43    0.337
2018-05-05-17:01:41 1.11  Mocks_Em/MockNFW160ellip5loga2.08PA50center0With_background20num17.dat TNC          1.0e-04 0 1 1 0     NFW        0.0001   0.0005     -2.325 0.000 180   2.35   44.6       -1250.211       -2479.015    47   0.0001   0.0005     -1.963 0.086 176   2.40    0.136
2018-05-05-17:01:41 1.11  Mocks_Em/MockNFW160ellip5loga2.08PA50center0With_background20num18.dat TNC          1.0e-04 0 1 1 0     NFW      359.9997  -0.0002     -1.921 0.000 136   2.47  129.2        -1339.96       -2658.512    46 359.9997  -0.0002     -1.982 0.228 136   2.45    0.134
2018-05-05-17:01:41 1.11  Mocks_Em/MockNFW160ellip5loga2.08PA50center0With_background20num19.dat TNC          1.0e-04 0 1 1 0     NFW      359.9996   0.0003     -1.917 0.000 159   2.55  122.3       -1261.385       -2501.362    58 359.9996   0.0003     -1.955 0.164 158   2.42    0.171
2018-05-05-17:01:41 1.11  Mocks_Em/MockNFW160ellip5loga2.08PA50center0With_background20num20.dat TNC          1.0e-04 0 1 1 0     NFW        0.0004  -0.0001     -1.918 0.299  39   2.13  127.7       -1310.006       -2598.605    42   0.0004  -0.0001     -1.918 0.097  39   2.44    0.125
2018-05-05-17:01:41 1.11  Mocks_Em/MockNFW160ellip5loga2.08PA50center0With_background20num21.dat TNC          1.0e-04 0 1 1 0     NFW      359.9995  -0.0006     -1.901 0.338  50   2.56  132.1       -1354.911       -2688.414    50 359.9995  -0.0006     -1.967 0.148  36   2.42    0.146
2018-05-05-17:01:41 1.11  Mocks_Em/MockNFW160ellip5loga2.08PA50center0With_background20num22.dat TNC          1.0e-04 0 1 1 0     NFW        0.0003   0.0000     -1.920 0.369  40   2.43  121.6       -1262.904         -2504.4    42   0.0003   0.0000     -1.968 0.144  40   2.43    0.121
2018-05-05-17:01:41 1.11  Mocks_Em/MockNFW160ellip5loga2.08PA50center0With_background20num23.dat TNC          1.0e-04 0 1 1 0     NFW      359.9998   0.0006     -1.914 0.589  50   2.45  131.4       -1375.379       -2729.351    64 359.9998   0.0006     -2.001 0.259  39   2.45    0.195
2018-05-05-17:01:41 1.11  Mocks_Em/MockNFW160ellip5loga2.08PA50center0With_background20num24.dat TNC          1.0e-04 0 1 1 0     NFW      359.9996  -0.0004     -2.149 0.000 135  -0.56   71.8        -1374.54       -2727.672    60 359.9996  -0.0004     -2.023 0.200 135   2.44    0.183
2018-05-05-17:01:41 1.11  Mocks_Em/MockNFW160ellip5loga2.08PA50center0With_background20num25.dat TNC          1.0e-04 0 1 1 0     NFW      359.9998  -0.0002     -1.919 0.600  60   4.93   74.8       -1252.546       -2483.684   143 359.9998  -0.0002     -1.918 0.206  32   2.42    0.416
2018-05-05-17:01:41 1.11  Mocks_Em/MockNFW160ellip5loga2.08PA50center0With_background20num26.dat TNC          1.0e-04 0 1 1 0     NFW        0.0001  -0.0001     -2.145 0.626  45   4.99   41.1       -1294.159       -2566.911   189   0.0001  -0.0001     -1.961 0.237  40   2.44    0.534
2018-05-05-17:01:41 1.11  Mocks_Em/MockNFW160ellip5loga2.08PA50center0With_background20num27.dat TNC          1.0e-04 0 1 1 0     NFW        0.0009  -0.0000     -1.918 0.619  52   4.80   90.1       -1361.985       -2702.562   174   0.0009  -0.0000     -1.946 0.184  40   2.42    0.497
2018-05-05-17:01:41 1.11  Mocks_Em/MockNFW160ellip5loga2.08PA50center0With_background20num28.dat TNC          1.0e-04 0 1 1 0     NFW      359.9998  -0.0001     -2.175 0.000 152   2.49   67.6       -1339.587       -2657.768    52 359.9998  -0.0001     -1.986 0.189 151   2.45    0.153
2018-05-05-17:01:41 1.11  Mocks_Em/MockNFW160ellip5loga2.08PA50center0With_background20num29.dat TNC          1.0e-04 0 1 1 0     NFW        0.0003  -0.0001     -2.209 0.000 153   2.42   59.0       -1267.162       -2512.916    48   0.0003  -0.0001     -1.980 0.191 140   2.42    0.143
2018-05-05-17:01:41 1.11  Mocks_Em/MockNFW160ellip5loga2.08PA50center0With_background20num30.dat TNC          1.0e-04 0 1 1 0     NFW        0.0001   0.0004     -2.046 0.280  42   2.46   94.1       -1371.654       -2721.901    53   0.0001   0.0004     -1.998 0.080  39   2.46    0.156
2018-05-05-17:01:41 1.11  Mocks_Em/MockNFW160ellip5loga2.08PA50center0With_background20num31.dat TNC          1.0e-04 0 1 1 0     NFW        0.0000  -0.0001     -2.279 0.499  39   5.19   17.3       -1285.941       -2550.475   169   0.0000  -0.0001     -1.932 0.228  33   2.44    0.482
2018-05-05-17:01:41 1.11  Mocks_Em/MockNFW160ellip5loga2.08PA50center0With_background20num32.dat TNC          1.0e-04 0 1 1 0     NFW      359.9997   0.0003     -2.163 0.000 157   2.47   73.5       -1421.789        -2822.17    40 359.9997   0.0003     -2.011 0.107 147   2.47    0.120
2018-05-05-17:01:41 1.11  Mocks_Em/MockNFW160ellip5loga2.08PA50center0With_background20num33.dat TNC          1.0e-04 0 1 1 0     NFW        0.0000   0.0003     -2.510 0.064  23   5.27    7.2       -1337.316       -2653.224   138   0.0000   0.0003     -1.945 0.098  23   2.44    0.415
2018-05-05-17:01:41 1.11  Mocks_Em/MockNFW160ellip5loga2.08PA50center0With_background20num34.dat TNC          1.0e-04 0 1 1 0     NFW      359.9993   0.0004     -1.962 0.000 141   2.44  114.6       -1352.451       -2683.495    36 359.9993   0.0004     -1.999 0.086 138   2.44    0.108
2018-05-05-17:01:41 1.11  Mocks_Em/MockNFW160ellip5loga2.08PA50center0With_background20num35.dat TNC          1.0e-04 0 1 1 0     NFW      360.0000  -0.0006     -1.909 0.533  53   2.30  121.7       -1264.884        -2508.36   107 360.0000  -0.0006     -1.972 0.193  38   2.40    0.311
2018-05-05-17:01:41 1.11  Mocks_Em/MockNFW160ellip5loga2.08PA50center0With_background20num36.dat TNC          1.0e-04 0 1 1 0     NFW        0.0001  -0.0005     -1.906 0.562  52   4.59  105.4       -1317.716       -2614.024    78   0.0001  -0.0005     -1.961 0.266  44   2.42    0.228
2018-05-05-17:01:41 1.11  Mocks_Em/MockNFW160ellip5loga2.08PA50center0With_background20num37.dat TNC          1.0e-04 0 1 1 0     NFW        0.0001   0.0011     -1.893 0.000 143   2.43  136.0       -1388.653       -2755.898    50   0.0001   0.0011     -1.956 0.233 143   2.42    0.148
2018-05-05-17:01:41 1.11  Mocks_Em/MockNFW160ellip5loga2.08PA50center0With_background20num38.dat TNC          1.0e-04 0 1 1 0     NFW      359.9998   0.0006     -2.444 0.535  54   5.24    8.7       -1297.319       -2573.231   155 359.9998   0.0006     -1.924 0.117  27   2.42    0.449
2018-05-05-17:01:41 1.11  Mocks_Em/MockNFW160ellip5loga2.08PA50center0With_background20num39.dat TNC          1.0e-04 0 1 1 0     NFW      359.9987  -0.0003     -2.050 0.572  49   2.41   89.3       -1413.863        -2806.32    49 359.9987  -0.0003     -1.987 0.219  43   2.41    0.142
2018-05-05-17:01:41 1.11  Mocks_Em/MockNFW160ellip5loga2.08PA50center0With_background20num40.dat TNC          1.0e-04 0 1 1 0     NFW      359.9997  -0.0000     -1.971 0.517  53   1.62  106.9       -1296.332       -2571.257    97 359.9997  -0.0000     -1.969 0.151  30   2.43    0.277
2018-05-05-17:01:41 1.11  Mocks_Em/MockNFW160ellip5loga2.08PA50center0With_background20num41.dat TNC          1.0e-04 0 1 1 0     NFW        0.0006   0.0002     -1.915 0.598  53   2.43  128.4        -1340.68       -2659.953    80   0.0006   0.0002     -1.978 0.273  36   2.44    0.234
2018-05-05-17:01:41 1.11  Mocks_Em/MockNFW160ellip5loga2.08PA50center0With_background20num42.dat TNC          1.0e-04 0 1 1 0     NFW      360.0000  -0.0005     -2.090 0.495  54   2.05   83.9        -1373.16       -2724.913   103 360.0000  -0.0005     -2.016 0.180  24   2.46    0.302
2018-05-05-17:01:41 1.11  Mocks_Em/MockNFW160ellip5loga2.08PA50center0With_background20num43.dat TNC          1.0e-04 0 1 1 0     NFW        0.0005   0.0006     -2.045 0.046 180   4.88   62.2       -1336.888       -2652.368   147   0.0005   0.0006     -1.939 0.187 158   2.44    0.422
2018-05-05-17:01:41 1.11  Mocks_Em/MockNFW160ellip5loga2.08PA50center0With_background20num44.dat TNC          1.0e-04 0 1 1 0     NFW        0.0001  -0.0004     -1.918 0.481  56   3.38  125.0       -1313.778       -2606.149    84   0.0001  -0.0004     -1.979 0.175  35   2.44    0.240
2018-05-05-17:01:41 1.11  Mocks_Em/MockNFW160ellip5loga2.08PA50center0With_background20num45.dat TNC          1.0e-04 0 1 1 0     NFW        0.0009   0.0004     -2.043 0.000 142   2.40   87.9       -1334.811       -2648.215    36   0.0009   0.0004     -1.967 0.133 142   2.40    0.106
2018-05-05-17:01:41 1.11  Mocks_Em/MockNFW160ellip5loga2.08PA50center0With_background20num46.dat TNC          1.0e-04 0 1 1 0     NFW        0.0009   0.0000     -1.905 0.556  55   4.97   81.7       -1401.186       -2780.964    96   0.0009   0.0000     -1.943 0.195  33   2.44    0.275
2018-05-05-17:01:41 1.11  Mocks_Em/MockNFW160ellip5loga2.08PA50center0With_background20num47.dat TNC          1.0e-04 0 1 1 0     NFW        0.0001  -0.0003     -1.925 0.582  52   2.47  125.4       -1310.576       -2599.745    28   0.0001  -0.0003     -1.987 0.239  34   2.45    0.082
2018-05-05-17:01:41 1.11  Mocks_Em/MockNFW160ellip5loga2.08PA50center0With_background20num48.dat TNC          1.0e-04 0 1 1 0     NFW        0.0010   0.0005     -1.950 0.443  53   2.39  109.2       -1304.782       -2588.157    62   0.0010   0.0005     -1.940 0.154  36   2.39    0.177
2018-05-05-17:01:41 1.11  Mocks_Em/MockNFW160ellip5loga2.08PA50center0With_background20num49.dat TNC          1.0e-04 0 1 1 0     NFW        0.0008  -0.0003     -2.064 0.252  29   3.39   89.0       -1419.972       -2818.536    67   0.0008  -0.0003     -1.975 0.102  25   2.44    0.193
2018-05-05-17:01:41 1.11  Mocks_Em/MockNFW160ellip5loga2.08PA50center0With_background20num50.dat TNC          1.0e-04 0 1 1 0     NFW      359.9997  -0.0007     -1.905 0.336  54   3.56  128.7       -1344.922       -2668.436   109 359.9997  -0.0007     -1.946 0.154  29   2.43    0.317
2018-05-05-17:01:41 1.11  Mocks_Em/MockNFW160ellip5loga2.08PA50center0With_background20num51.dat TNC          1.0e-04 0 1 1 0     NFW      359.9992   0.0001     -1.986 0.392  62   2.58  102.1       -1313.188       -2604.968    79 359.9992   0.0001     -1.975 0.114  16   2.41    0.232
2018-05-05-17:01:41 1.11  Mocks_Em/MockNFW160ellip5loga2.08PA50center0With_background20num52.dat TNC          1.0e-04 0 1 1 0     NFW        0.0000  -0.0010     -2.258 0.373  36   5.04   28.4       -1333.171       -2644.934   102   0.0000  -0.0010     -1.952 0.096  31   2.42    0.298
2018-05-05-17:01:41 1.11  Mocks_Em/MockNFW160ellip5loga2.08PA50center0With_background20num53.dat TNC          1.0e-04 0 1 1 0     NFW        0.0002   0.0007     -1.906 0.631  39   5.06   63.1       -1318.775       -2616.143    67   0.0002   0.0007     -1.951 0.188  35   2.42    0.197
2018-05-05-17:01:41 1.11  Mocks_Em/MockNFW160ellip5loga2.08PA50center0With_background20num54.dat TNC          1.0e-04 0 1 1 0     NFW        0.0007   0.0010     -1.936 0.759  57   5.13   40.6       -1299.982       -2578.557   149   0.0007   0.0010     -1.935 0.141  33   2.40    0.435
2018-05-05-17:01:41 1.11  Mocks_Em/MockNFW160ellip5loga2.08PA50center0With_background20num55.dat TNC          1.0e-04 0 1 1 0     NFW      359.9995   0.0003     -2.667 0.197 180   5.27    6.2       -1358.423       -2695.438   128 359.9995   0.0003     -1.958 0.162 152   2.45    0.370
2018-05-05-17:01:41 1.11  Mocks_Em/MockNFW160ellip5loga2.08PA50center0With_background20num56.dat TNC          1.0e-04 0 1 1 0     NFW      359.9999  -0.0002     -2.359 0.592  43   5.06   21.8       -1299.565       -2577.724    59 359.9999  -0.0002     -1.974 0.147  42   2.42    0.171
2018-05-05-17:01:41 1.11  Mocks_Em/MockNFW160ellip5loga2.08PA50center0With_background20num57.dat TNC          1.0e-04 0 1 1 0     NFW      359.9993  -0.0006     -1.903 0.525  52   4.36  122.0       -1395.857       -2770.307   179 359.9993  -0.0006     -1.987 0.205  41   2.44    0.524
2018-05-05-17:01:41 1.11  Mocks_Em/MockNFW160ellip5loga2.08PA50center0With_background20num58.dat TNC          1.0e-04 0 1 1 0     NFW      359.9998  -0.0000     -2.466 0.320 180   5.04   16.3       -1207.027       -2392.647   115 359.9998  -0.0000     -1.938 0.156 142   2.39    0.335
2018-05-05-17:01:41 1.11  Mocks_Em/MockNFW160ellip5loga2.08PA50center0With_background20num59.dat TNC          1.0e-04 0 1 1 0     NFW        0.0006  -0.0007     -1.895 0.000 164  -0.59  131.6       -1344.303       -2667.198    47   0.0006  -0.0007     -1.946 0.149 143   2.41    0.139
2018-05-05-17:01:41 1.11  Mocks_Em/MockNFW160ellip5loga2.08PA50center0With_background20num60.dat TNC          1.0e-04 0 1 1 0     NFW        0.0005   0.0001     -2.111 0.000 134   2.43   75.5       -1320.072       -2618.736    32   0.0005   0.0001     -1.947 0.207 135   2.42    0.094
2018-05-05-17:01:41 1.11  Mocks_Em/MockNFW160ellip5loga2.08PA50center0With_background20num61.dat TNC          1.0e-04 0 1 1 0     NFW        0.0004   0.0006     -1.904 0.000 134   2.42  128.4       -1314.644        -2607.88    61   0.0004   0.0006     -1.956 0.181 135   2.42    0.185
2018-05-05-17:01:41 1.11  Mocks_Em/MockNFW160ellip5loga2.08PA50center0With_background20num62.dat TNC          1.0e-04 0 1 1 0     NFW      359.9993  -0.0004     -2.073 0.034 167   1.94   86.6       -1396.017       -2770.627    61 359.9993  -0.0004     -2.005 0.124 165   2.43    0.183
2018-05-05-17:01:41 1.11  Mocks_Em/MockNFW160ellip5loga2.08PA50center0With_background20num63.dat TNC          1.0e-04 0 1 1 0     NFW      359.9993  -0.0008     -2.014 0.536  58   4.80   67.5       -1330.827       -2640.246   134 359.9993  -0.0008     -1.961 0.163  39   2.41    0.382
2018-05-05-17:01:41 1.11  Mocks_Em/MockNFW160ellip5loga2.08PA50center0With_background20num64.dat TNC          1.0e-04 0 1 1 0     NFW        0.0002  -0.0000     -1.915 0.562  49   2.35  120.9       -1261.997       -2502.587    72   0.0002  -0.0000     -1.964 0.211  42   2.41    0.205
2018-05-05-17:01:41 1.11  Mocks_Em/MockNFW160ellip5loga2.08PA50center0With_background20num65.dat TNC          1.0e-04 0 1 1 0     NFW        0.0000   0.0003     -1.993 0.666  46   2.43  101.1       -1288.765       -2556.123    62   0.0000   0.0003     -2.003 0.253  45   2.44    0.179
2018-05-05-17:01:41 1.11  Mocks_Em/MockNFW160ellip5loga2.08PA50center0With_background20num66.dat TNC          1.0e-04 0 1 1 0     NFW        0.0007  -0.0006     -2.310 0.102  45   2.20   51.0       -1382.799        -2744.19    68   0.0007  -0.0006     -2.005 0.179  22   2.45    0.196
2018-05-05-17:01:41 1.11  Mocks_Em/MockNFW160ellip5loga2.08PA50center0With_background20num67.dat TNC          1.0e-04 0 1 1 0     NFW        0.0005  -0.0001     -2.035 0.016 145  -0.55   97.1       -1391.235       -2761.062    54   0.0005  -0.0001     -1.990 0.181 145   2.45    0.161
2018-05-05-17:01:41 1.11  Mocks_Em/MockNFW160ellip5loga2.08PA50center0With_background20num68.dat TNC          1.0e-04 0 1 1 0     NFW        0.0001  -0.0000     -1.933 0.318  35   2.41  114.1       -1191.599       -2361.791    41   0.0001  -0.0000     -1.948 0.188  35   2.42    0.118
2018-05-05-17:01:41 1.11  Mocks_Em/MockNFW160ellip5loga2.08PA50center0With_background20num69.dat TNC          1.0e-04 0 1 1 0     NFW      359.9997   0.0001     -1.971 0.342  48   2.64  105.3       -1253.274       -2485.141    31 359.9997   0.0001     -1.957 0.104  41   2.43    0.092
2018-05-05-17:01:41 1.11  Mocks_Em/MockNFW160ellip5loga2.08PA50center0With_background20num70.dat TNC          1.0e-04 0 1 1 0     NFW      359.9995   0.0002     -2.052 0.384  52   4.30   83.4       -1383.811       -2746.214   167 359.9995   0.0002     -1.988 0.143  18   2.44    0.473
2018-05-05-17:01:41 1.11  Mocks_Em/MockNFW160ellip5loga2.08PA50center0With_background20num71.dat TNC          1.0e-04 0 1 1 0     NFW      359.9993  -0.0004     -2.307 0.000 155   2.39   45.7        -1227.87       -2434.333    50 359.9993  -0.0004     -1.940 0.096 152   2.40    0.145
2018-05-05-17:01:41 1.11  Mocks_Em/MockNFW160ellip5loga2.08PA50center0With_background20num72.dat TNC          1.0e-04 0 1 1 0     NFW        0.0001  -0.0004     -1.921 0.000 140   2.68  131.3        -1351.03       -2680.652    41   0.0001  -0.0004     -1.961 0.185 140   2.46    0.120
2018-05-05-17:01:41 1.11  Mocks_Em/MockNFW160ellip5loga2.08PA50center0With_background20num73.dat TNC          1.0e-04 0 1 1 0     NFW      359.9996  -0.0006     -1.909 0.576  55   4.75   95.9       -1318.245       -2615.082    77 359.9996  -0.0006     -1.940 0.272  27   2.42    0.225
2018-05-05-17:01:41 1.11  Mocks_Em/MockNFW160ellip5loga2.08PA50center0With_background20num74.dat TNC          1.0e-04 0 1 1 0     NFW      359.9993   0.0006     -2.190 0.604  58   5.11   28.9       -1380.618       -2739.829   259 359.9993   0.0006     -1.957 0.199  40   2.43    0.742
2018-05-05-17:01:41 1.11  Mocks_Em/MockNFW160ellip5loga2.08PA50center0With_background20num75.dat TNC          1.0e-04 0 1 1 0     NFW      359.9999   0.0009     -2.186 0.564  49   5.03   37.3        -1389.49       -2757.573   241 359.9999   0.0009     -1.981 0.167  32   2.45    0.691
2018-05-05-17:01:41 1.11  Mocks_Em/MockNFW160ellip5loga2.08PA50center0With_background20num76.dat TNC          1.0e-04 0 1 1 0     NFW        0.0004   0.0001     -2.239 0.258 180   4.51   46.8       -1278.611       -2535.815   182   0.0004   0.0001     -1.967 0.131 169   2.41    0.522
2018-05-05-17:01:41 1.11  Mocks_Em/MockNFW160ellip5loga2.08PA50center0With_background20num77.dat TNC          1.0e-04 0 1 1 0     NFW        0.0004   0.0003     -1.952 0.613  38   4.89   77.2       -1327.692       -2633.976   128   0.0004   0.0003     -1.973 0.207  38   2.44    0.364
2018-05-05-17:01:41 1.11  Mocks_Em/MockNFW160ellip5loga2.08PA50center0With_background20num78.dat TNC          1.0e-04 0 1 1 0     NFW        0.0007   0.0000     -1.906 0.480  53   2.41  126.2       -1303.319       -2585.231    79   0.0007   0.0000     -1.953 0.192  37   2.41    0.227
2018-05-05-17:01:41 1.11  Mocks_Em/MockNFW160ellip5loga2.08PA50center0With_background20num79.dat TNC          1.0e-04 0 1 1 0     NFW      359.9997   0.0003     -2.287 0.000 160   2.41   49.3       -1269.424       -2517.441    24 359.9997   0.0003     -1.989 0.190 143   2.41    0.086
2018-05-05-17:01:41 1.11  Mocks_Em/MockNFW160ellip5loga2.08PA50center0With_background20num80.dat TNC          1.0e-04 0 1 1 0     NFW        0.0003   0.0005     -1.917 0.612  51   2.38  119.6       -1280.613       -2539.818    90   0.0003   0.0005     -1.967 0.222  32   2.41    0.258
2018-05-05-17:01:41 1.11  Mocks_Em/MockNFW160ellip5loga2.08PA50center0With_background20num81.dat TNC          1.0e-04 0 1 1 0     NFW        0.0003  -0.0006     -2.477 0.535  55   5.13   15.0       -1328.088       -2634.768   238   0.0003  -0.0006     -1.985 0.162  42   2.43    0.683
2018-05-05-17:01:41 1.11  Mocks_Em/MockNFW160ellip5loga2.08PA50center0With_background20num82.dat TNC          1.0e-04 0 1 1 0     NFW        0.0005  -0.0006     -1.901 0.606  52   4.84   82.4       -1264.895       -2508.383   104   0.0005  -0.0006     -1.941 0.215  40   2.39    0.329
2018-05-05-17:01:41 1.11  Mocks_Em/MockNFW160ellip5loga2.08PA50center0With_background20num83.dat TNC          1.0e-04 0 1 1 0     NFW      359.9994   0.0001     -1.957 0.649  59   4.63   88.8       -1279.863       -2538.319   141 359.9994   0.0001     -1.954 0.249  33   2.42    0.447
2018-05-05-17:01:41 1.11  Mocks_Em/MockNFW160ellip5loga2.08PA50center0With_background20num84.dat TNC          1.0e-04 0 1 1 0     NFW        0.0002  -0.0004     -2.201 0.592  66   5.08   33.2       -1393.333       -2765.259   202   0.0002  -0.0004     -1.976 0.161   6   2.46    0.642
2018-05-05-17:01:41 1.11  Mocks_Em/MockNFW160ellip5loga2.08PA50center0With_background20num85.dat TNC          1.0e-04 0 1 1 0     NFW      360.0000   0.0019     -1.889 0.000 137   2.79  138.0        -1393.72       -2766.032    61 360.0000   0.0019     -1.949 0.117 137   2.42    0.198
2018-05-05-17:01:41 1.11  Mocks_Em/MockNFW160ellip5loga2.08PA50center0With_background20num86.dat TNC          1.0e-04 0 1 1 0     NFW      359.9989  -0.0001     -2.145 0.000   5   2.42   71.1       -1364.899        -2708.39    36 359.9989  -0.0001     -1.984 0.117   2   2.42    0.118
2018-05-05-17:01:41 1.11  Mocks_Em/MockNFW160ellip5loga2.08PA50center0With_background20num87.dat TNC          1.0e-04 0 1 1 0     NFW      359.9997   0.0006     -1.904 0.000 145   2.41  125.4       -1285.005       -2548.602    46 359.9997   0.0006     -1.938 0.042 144   2.41    0.149
2018-05-05-17:01:41 1.11  Mocks_Em/MockNFW160ellip5loga2.08PA50center0With_background20num88.dat TNC          1.0e-04 0 1 1 0     NFW        0.0003   0.0003     -1.923 0.000 138   2.45  127.7       -1327.085       -2632.763    80   0.0003   0.0003     -1.964 0.250 136   2.45    0.262
2018-05-05-17:01:41 1.11  Mocks_Em/MockNFW160ellip5loga2.08PA50center0With_background20num89.dat TNC          1.0e-04 0 1 1 0     NFW      359.9990  -0.0003     -2.000 0.000 165   2.40   96.9       -1321.034        -2620.66    56 359.9990  -0.0003     -1.950 0.073 157   2.40    0.182
2018-05-05-17:01:41 1.11  Mocks_Em/MockNFW160ellip5loga2.08PA50center0With_background20num90.dat TNC          1.0e-04 0 1 1 0     NFW      359.9998   0.0003     -2.433 0.590  60   5.28    8.4       -1355.709        -2690.01   144 359.9998   0.0003     -1.979 0.149  36   2.45    0.460
2018-05-05-17:01:41 1.11  Mocks_Em/MockNFW160ellip5loga2.08PA50center0With_background20num91.dat TNC          1.0e-04 0 1 1 0     NFW      359.9992  -0.0004     -2.140 0.596  63   4.47   58.4       -1289.396       -2557.385   128 359.9992  -0.0004     -1.964 0.218  24   2.40    0.405
2018-05-05-17:01:41 1.11  Mocks_Em/MockNFW160ellip5loga2.08PA50center0With_background20num92.dat TNC          1.0e-04 0 1 1 0     NFW        0.0005   0.0002     -2.214 0.364  38   4.72   47.8       -1337.551       -2653.695   139   0.0005   0.0002     -1.997 0.155  36   2.45    0.440
2018-05-05-17:01:41 1.11  Mocks_Em/MockNFW160ellip5loga2.08PA50center0With_background20num93.dat TNC          1.0e-04 0 1 1 0     NFW        0.0005   0.0006     -1.910 0.584  54   2.42  123.1       -1279.116       -2536.824    54   0.0005   0.0006     -1.941 0.194  30   2.41    0.173
2018-05-05-17:01:41 1.11  Mocks_Em/MockNFW160ellip5loga2.08PA50center0With_background20num94.dat TNC          1.0e-04 0 1 1 0     NFW      359.9999   0.0005     -1.946 0.560  43   2.63  114.8       -1325.269       -2629.131    68 359.9999   0.0005     -1.948 0.216  41   2.42    0.204
2018-05-05-17:01:41 1.11  Mocks_Em/MockNFW160ellip5loga2.08PA50center0With_background20num95.dat TNC          1.0e-04 0 1 1 0     NFW        0.0003  -0.0006     -2.016 0.290  55   1.90   98.9       -1344.495       -2667.584   102   0.0003  -0.0006     -1.992 0.120  36   2.44    0.303
2018-05-05-17:01:41 1.11  Mocks_Em/MockNFW160ellip5loga2.08PA50center0With_background20num96.dat TNC          1.0e-04 0 1 1 0     NFW        0.0011   0.0002     -2.378 0.350  66   5.09   20.7       -1420.221       -2819.034   150   0.0011   0.0002     -1.981 0.135  41   2.43    0.431
2018-05-05-17:01:41 1.11  Mocks_Em/MockNFW160ellip5loga2.08PA50center0With_background20num97.dat TNC          1.0e-04 0 1 1 0     NFW      359.9996  -0.0000     -1.917 0.549  58   4.66   94.4       -1237.537       -2453.667   133 359.9996  -0.0000     -1.942 0.216  33   2.41    0.384
2018-05-05-17:01:41 1.11  Mocks_Em/MockNFW160ellip5loga2.08PA50center0With_background20num98.dat TNC          1.0e-04 0 1 1 0     NFW        0.0000   0.0001     -1.920 0.451  54  -0.54  131.6       -1369.595       -2717.783    88   0.0000   0.0001     -2.019 0.189  29   2.46    0.258
2018-05-05-17:01:41 1.11  Mocks_Em/MockNFW160ellip5loga2.08PA50center0With_background20num99.dat TNC          1.0e-04 0 1 1 0     NFW      359.9996  -0.0003     -2.090 0.502  31   4.55   65.3       -1305.094       -2588.781    89 359.9996  -0.0003     -1.976 0.264  31   2.41    0.261
