2018-05-05-17:00:53 1.11  Mocks_Em/MockNFW20ellip5loga2.08PA50center0With_background20num0.dat Diff-Evol    1.0e-04 0 1 1 0     NFW        0.0023  -0.0013     -1.881 0.327  60   4.49   24.9       -447.3471       -877.6435   583   0.0023  -0.0013     -1.923 0.126  12   1.91    0.277
2018-05-05-17:00:53 1.11  Mocks_Em/MockNFW20ellip5loga2.08PA50center0With_background20num1.dat Diff-Evol    1.0e-04 0 1 1 0     NFW      359.9984  -0.0019     -1.870 0.428  60   4.90   -7.8       -447.4552       -877.8597   840 359.9984  -0.0019     -1.861 0.086   4   1.90    0.302
2018-05-05-17:00:53 1.11  Mocks_Em/MockNFW20ellip5loga2.08PA50center0With_background20num2.dat Diff-Evol    1.0e-04 0 1 1 0     NFW      359.9994  -0.0010     -1.897 0.793  77   4.91   -7.2       -417.7298       -818.4089   797 359.9994  -0.0010     -1.843 0.133 154   1.91    0.288
2018-05-05-17:00:53 1.11  Mocks_Em/MockNFW20ellip5loga2.08PA50center0With_background20num3.dat Diff-Evol    1.0e-04 0 1 1 0     NFW      359.9976   0.0007     -1.874 0.755  36   4.90   -7.7        -442.394       -867.7373   707 359.9976   0.0007     -1.857 0.265 151   1.90    0.255
2018-05-05-17:00:53 1.11  Mocks_Em/MockNFW20ellip5loga2.08PA50center0With_background20num4.dat Diff-Evol    1.0e-04 0 1 1 0     NFW      359.9996  -0.0027     -1.874 0.800 173   4.91   -5.3       -489.5034        -961.956   576 359.9996  -0.0027     -1.885 0.119  18   1.94    0.206
2018-05-05-17:00:53 1.11  Mocks_Em/MockNFW20ellip5loga2.08PA50center0With_background20num5.dat Diff-Evol    1.0e-04 0 1 1 0     NFW        0.0001  -0.0009     -2.833 0.277  60   4.72    1.8       -417.7918       -818.5328   410   0.0001  -0.0009     -1.986 0.105 149   1.92    0.146
2018-05-05-17:00:53 1.11  Mocks_Em/MockNFW20ellip5loga2.08PA50center0With_background20num6.dat Diff-Evol    1.0e-04 0 1 1 0     NFW        0.0002  -0.0011     -1.925 0.352  72   4.49   25.5       -429.0902       -841.1296   577   0.0002  -0.0011     -1.960 0.124  29   1.97    0.206
2018-05-05-17:00:53 1.11  Mocks_Em/MockNFW20ellip5loga2.08PA50center0With_background20num7.dat Diff-Evol    1.0e-04 0 1 1 0     NFW        0.0012   0.0007     -3.203 0.000  53   4.91   -0.8        -434.994       -852.9372   592   0.0012   0.0007     -1.906 0.107  35   1.91    0.205
2018-05-05-17:00:53 1.11  Mocks_Em/MockNFW20ellip5loga2.08PA50center0With_background20num8.dat Diff-Evol    1.0e-04 0 1 1 0     NFW        0.0025  -0.0013     -1.877 0.800  71   4.92   -8.1       -465.8441       -914.6376   617   0.0025  -0.0013     -1.847 0.233  37   1.92    0.222
2018-05-05-17:00:53 1.11  Mocks_Em/MockNFW20ellip5loga2.08PA50center0With_background20num9.dat Diff-Evol    1.0e-04 0 1 1 0     NFW      359.9991  -0.0005     -1.902 0.800  28   4.88   -2.2       -421.5601       -826.0696   486 359.9991  -0.0005     -1.923 0.202 151   1.92    0.174
2018-05-05-17:00:53 1.11  Mocks_Em/MockNFW20ellip5loga2.08PA50center0With_background20num10.dat Diff-Evol    1.0e-04 0 1 1 0     NFW        0.0001   0.0003     -3.531 0.180   8   4.92   -0.4       -404.5652       -792.0798   674   0.0001   0.0003     -1.910 0.110  43   1.94    0.251
2018-05-05-17:00:53 1.11  Mocks_Em/MockNFW20ellip5loga2.08PA50center0With_background20num11.dat Diff-Evol    1.0e-04 0 1 1 0     NFW        0.0004  -0.0010     -2.064 0.800  30   4.86    0.3       -391.7072       -766.3637   661   0.0004  -0.0010     -1.864 0.168 162   1.94    0.227
2018-05-05-17:00:53 1.11  Mocks_Em/MockNFW20ellip5loga2.08PA50center0With_background20num12.dat Diff-Evol    1.0e-04 0 1 1 0     NFW        0.0013   0.0009     -1.894 0.303  34   4.70   11.8         -426.57       -836.0893   576   0.0013   0.0009     -1.917 0.109 159   1.92    0.205
2018-05-05-17:00:53 1.11  Mocks_Em/MockNFW20ellip5loga2.08PA50center0With_background20num13.dat Diff-Evol    1.0e-04 0 1 1 0     NFW        0.0020   0.0012     -1.888 0.564  75   4.58   21.6       -459.0999        -901.149   535   0.0020   0.0012     -1.913 0.156  11   1.93    0.187
2018-05-05-17:00:53 1.11  Mocks_Em/MockNFW20ellip5loga2.08PA50center0With_background20num14.dat Diff-Evol    1.0e-04 0 1 1 0     NFW      359.9978  -0.0018     -1.849 0.318  21   4.65   12.3       -444.8951       -872.7394   605 359.9978  -0.0018     -1.882 0.088 176   1.85    0.210
2018-05-05-17:00:53 1.11  Mocks_Em/MockNFW20ellip5loga2.08PA50center0With_background20num15.dat Diff-Evol    1.0e-04 0 1 1 0     NFW      359.9999   0.0011     -2.401 0.421   9   4.70    3.4       -404.2222       -791.3937   500 359.9999   0.0011     -1.879 0.242 140   1.91    0.175
2018-05-05-17:00:53 1.11  Mocks_Em/MockNFW20ellip5loga2.08PA50center0With_background20num16.dat Diff-Evol    1.0e-04 0 1 1 0     NFW        0.0008  -0.0008     -1.925 0.800   0   4.86    0.4       -430.2187       -843.3866   646   0.0008  -0.0008     -1.901 0.080  29   1.93    0.227
2018-05-05-17:00:53 1.11  Mocks_Em/MockNFW20ellip5loga2.08PA50center0With_background20num17.dat Diff-Evol    1.0e-04 0 1 1 0     NFW        0.0009  -0.0006     -1.931 0.635   4   4.92   -6.5       -399.5141       -781.9775   604   0.0009  -0.0006     -1.864 0.091 178   1.92    0.214
2018-05-05-17:00:53 1.11  Mocks_Em/MockNFW20ellip5loga2.08PA50center0With_background20num18.dat Diff-Evol    1.0e-04 0 1 1 0     NFW      359.9982  -0.0012     -1.862 0.800  87   4.87   -7.6       -432.7627       -848.4747   926 359.9982  -0.0012     -1.870 0.095  35   1.87    0.318
2018-05-05-17:00:53 1.11  Mocks_Em/MockNFW20ellip5loga2.08PA50center0With_background20num19.dat Diff-Evol    1.0e-04 0 1 1 0     NFW        0.0012  -0.0000     -1.908 0.066   5   1.51   38.6       -395.3404       -773.6301   368   0.0012  -0.0000     -1.935 0.030 173   1.90    0.128
2018-05-05-17:00:53 1.11  Mocks_Em/MockNFW20ellip5loga2.08PA50center0With_background20num20.dat Diff-Evol    1.0e-04 0 1 1 0     NFW      359.9993  -0.0010     -1.891 0.301 131   4.65   13.4       -411.2993        -805.548   549 359.9993  -0.0010     -1.867 0.143 146   1.89    0.194
2018-05-05-17:00:53 1.11  Mocks_Em/MockNFW20ellip5loga2.08PA50center0With_background20num21.dat Diff-Evol    1.0e-04 0 1 1 0     NFW      359.9995  -0.0013     -2.058 0.362  90   4.87   -4.2       -367.2147       -717.3786   631 359.9995  -0.0013     -1.830 0.126  11   1.87    0.232
2018-05-05-17:00:53 1.11  Mocks_Em/MockNFW20ellip5loga2.08PA50center0With_background20num22.dat Diff-Evol    1.0e-04 0 1 1 0     NFW        0.0007   0.0001     -1.904 0.614  63   4.89   -6.7       -388.7848       -760.5189   576   0.0007   0.0001     -1.867 0.065 165   1.89    0.215
2018-05-05-17:00:53 1.11  Mocks_Em/MockNFW20ellip5loga2.08PA50center0With_background20num23.dat Diff-Evol    1.0e-04 0 1 1 0     NFW      359.9979   0.0005     -1.892 0.381  75   4.63   20.2       -464.6796       -912.3084   486 359.9979   0.0005     -1.942 0.135   5   1.95    0.175
2018-05-05-17:00:53 1.11  Mocks_Em/MockNFW20ellip5loga2.08PA50center0With_background20num24.dat Diff-Evol    1.0e-04 0 1 1 0     NFW      359.9995  -0.0010     -1.937 0.433  59  -0.78   39.3       -407.5913       -798.1319   527 359.9995  -0.0010     -1.966 0.305  42   1.97    0.211
2018-05-05-17:00:53 1.11  Mocks_Em/MockNFW20ellip5loga2.08PA50center0With_background20num25.dat Diff-Evol    1.0e-04 0 1 1 0     NFW        0.0001  -0.0013     -2.193 0.800  31   4.91   -3.3       -399.7555       -782.4603   528   0.0001  -0.0013     -1.877 0.094  31   1.91    0.196
2018-05-05-17:00:53 1.11  Mocks_Em/MockNFW20ellip5loga2.08PA50center0With_background20num26.dat Diff-Evol    1.0e-04 0 1 1 0     NFW        0.0009   0.0001     -2.489 0.800  57   4.86    0.3       -416.0808        -815.111   410   0.0009   0.0001     -1.943 0.091 157   1.94    0.142
2018-05-05-17:00:53 1.11  Mocks_Em/MockNFW20ellip5loga2.08PA50center0With_background20num27.dat Diff-Evol    1.0e-04 0 1 1 0     NFW      359.9987   0.0026     -1.847 0.000  98   1.52   46.9       -459.7336       -902.4164   618 359.9987   0.0026     -1.921 0.125  25   1.86    0.220
2018-05-05-17:00:53 1.11  Mocks_Em/MockNFW20ellip5loga2.08PA50center0With_background20num28.dat Diff-Evol    1.0e-04 0 1 1 0     NFW      359.9993  -0.0015     -2.000 0.800  55   4.89   -5.2       -410.2389        -803.427   603 359.9993  -0.0015     -1.856 0.077  31   1.89    0.216
2018-05-05-17:00:53 1.11  Mocks_Em/MockNFW20ellip5loga2.08PA50center0With_background20num29.dat Diff-Evol    1.0e-04 0 1 1 0     NFW        0.0006  -0.0006     -1.903 0.630  81   4.68   13.0       -415.6509        -814.251   549   0.0006  -0.0006     -1.886 0.219   3   1.92    0.191
2018-05-05-17:00:53 1.11  Mocks_Em/MockNFW20ellip5loga2.08PA50center0With_background20num30.dat Diff-Evol    1.0e-04 0 1 1 0     NFW      359.9989  -0.0001     -1.899 0.587  64   4.77    5.3       -405.4486       -793.8465   577 359.9989  -0.0001     -1.879 0.179  29   1.90    0.199
2018-05-05-17:00:53 1.11  Mocks_Em/MockNFW20ellip5loga2.08PA50center0With_background20num31.dat Diff-Evol    1.0e-04 0 1 1 0     NFW      359.9999   0.0015     -1.926 0.039  46   4.83    5.4       -418.4314       -819.8121   659 359.9999   0.0015     -1.927 0.113  28   1.96    0.235
2018-05-05-17:00:53 1.11  Mocks_Em/MockNFW20ellip5loga2.08PA50center0With_background20num32.dat Diff-Evol    1.0e-04 0 1 1 0     NFW        0.0009   0.0003     -1.964 0.800  25   4.85   -2.0       -364.4333       -711.8159   500   0.0009   0.0003     -1.882 0.082 156   1.89    0.174
2018-05-05-17:00:53 1.11  Mocks_Em/MockNFW20ellip5loga2.08PA50center0With_background20num33.dat Diff-Evol    1.0e-04 0 1 1 0     NFW      359.9992   0.0008     -1.894 0.603  30   4.85    1.0       -441.5764        -866.102   723 359.9992   0.0008     -1.894 0.173 154   1.93    0.259
2018-05-05-17:00:53 1.11  Mocks_Em/MockNFW20ellip5loga2.08PA50center0With_background20num34.dat Diff-Evol    1.0e-04 0 1 1 0     NFW        0.0009  -0.0014     -1.920 0.274  91   4.79    4.2       -378.6002       -740.1497   632   0.0009  -0.0014     -1.893 0.109  10   1.91    0.231
2018-05-05-17:00:53 1.11  Mocks_Em/MockNFW20ellip5loga2.08PA50center0With_background20num35.dat Diff-Evol    1.0e-04 0 1 1 0     NFW      359.9999  -0.0016     -1.897 0.744  67   4.90   -7.1       -423.8384        -830.626   569 359.9999  -0.0016     -1.848 0.163 149   1.90    0.211
2018-05-05-17:00:53 1.11  Mocks_Em/MockNFW20ellip5loga2.08PA50center0With_background20num36.dat Diff-Evol    1.0e-04 0 1 1 0     NFW      359.9999  -0.0007     -3.171 0.000  33   4.94   -0.7       -428.6529        -840.255   409 359.9999  -0.0007     -1.924 0.073 159   1.95    0.149
2018-05-05-17:00:53 1.11  Mocks_Em/MockNFW20ellip5loga2.08PA50center0With_background20num37.dat Diff-Evol    1.0e-04 0 1 1 0     NFW        0.0006  -0.0010     -1.932 0.323   9   4.70   15.5        -420.593       -824.1352   542   0.0006  -0.0010     -1.946 0.158 152   1.97    0.188
2018-05-05-17:00:53 1.11  Mocks_Em/MockNFW20ellip5loga2.08PA50center0With_background20num38.dat Diff-Evol    1.0e-04 0 1 1 0     NFW      359.9991  -0.0017     -2.387 0.490  11   4.89   -2.3       -416.4126       -815.7745   583 359.9991  -0.0017     -1.847 0.118 150   1.89    0.206
2018-05-05-17:00:53 1.11  Mocks_Em/MockNFW20ellip5loga2.08PA50center0With_background20num39.dat Diff-Evol    1.0e-04 0 1 1 0     NFW      359.9996   0.0003     -1.913 0.000 175   4.87   -4.5       -368.4058       -719.7609   680 359.9996   0.0003     -1.869 0.040  32   1.88    0.240
2018-05-05-17:00:53 1.11  Mocks_Em/MockNFW20ellip5loga2.08PA50center0With_background20num40.dat Diff-Evol    1.0e-04 0 1 1 0     NFW      359.9984  -0.0004     -1.884 0.617  49   4.78    2.8       -409.1073       -801.1639   549 359.9984  -0.0004     -1.864 0.089 136   1.88    0.194
2018-05-05-17:00:53 1.11  Mocks_Em/MockNFW20ellip5loga2.08PA50center0With_background20num41.dat Diff-Evol    1.0e-04 0 1 1 0     NFW        0.0003  -0.0002     -1.912 0.356 146   4.88   -6.3       -368.3127       -719.5746   596   0.0003  -0.0002     -1.860 0.153  21   1.88    0.213
2018-05-05-17:00:53 1.11  Mocks_Em/MockNFW20ellip5loga2.08PA50center0With_background20num42.dat Diff-Evol    1.0e-04 0 1 1 0     NFW      359.9985   0.0008     -1.894 0.066 143   3.62   34.5       -376.3327       -735.6147   430 359.9985   0.0008     -1.912 0.132  33   1.86    0.152
2018-05-05-17:00:53 1.11  Mocks_Em/MockNFW20ellip5loga2.08PA50center0With_background20num43.dat Diff-Evol    1.0e-04 0 1 1 0     NFW        0.0000   0.0007     -2.197 0.629  77   4.88   -2.0       -398.7309       -780.4112   494   0.0000   0.0007     -1.865 0.076 136   1.90    0.169
2018-05-05-17:00:53 1.11  Mocks_Em/MockNFW20ellip5loga2.08PA50center0With_background20num44.dat Diff-Evol    1.0e-04 0 1 1 0     NFW        0.0026  -0.0006     -1.869 0.308  49   4.46   25.8       -452.0663        -887.082   604   0.0026  -0.0006     -1.956 0.084 139   1.89    0.216
2018-05-05-17:00:53 1.11  Mocks_Em/MockNFW20ellip5loga2.08PA50center0With_background20num45.dat Diff-Evol    1.0e-04 0 1 1 0     NFW        0.0006   0.0007     -2.148 0.549  49   4.73    5.6       -391.2872       -765.5237   409   0.0006   0.0007     -1.934 0.074   1   1.93    0.145
2018-05-05-17:00:53 1.11  Mocks_Em/MockNFW20ellip5loga2.08PA50center0With_background20num46.dat Diff-Evol    1.0e-04 0 1 1 0     NFW        0.0001  -0.0004     -2.098 0.800  49   4.73    3.8       -374.7927       -732.5347   590   0.0001  -0.0004     -1.875 0.156  21   1.88    0.207
2018-05-05-17:00:53 1.11  Mocks_Em/MockNFW20ellip5loga2.08PA50center0With_background20num47.dat Diff-Evol    1.0e-04 0 1 1 0     NFW        0.0001   0.0012     -2.181 0.003  98   4.54   11.8       -436.0555       -855.0604   312   0.0001   0.0012     -1.920 0.098 167   1.95    0.110
2018-05-05-17:00:53 1.11  Mocks_Em/MockNFW20ellip5loga2.08PA50center0With_background20num48.dat Diff-Evol    1.0e-04 0 1 1 0     NFW      359.9996   0.0007     -1.903 0.713  82   4.90   -6.8        -397.158       -777.2652   821 359.9996   0.0007     -1.865 0.235 175   1.90    0.283
2018-05-05-17:00:53 1.11  Mocks_Em/MockNFW20ellip5loga2.08PA50center0With_background20num49.dat Diff-Evol    1.0e-04 0 1 1 0     NFW      360.0000  -0.0011     -1.900 0.350  22   4.92   -7.2       -417.9215       -818.7922   880 360.0000  -0.0011     -1.844 0.092  43   1.92    0.319
2018-05-05-17:00:53 1.11  Mocks_Em/MockNFW20ellip5loga2.08PA50center0With_background20num50.dat Diff-Evol    1.0e-04 0 1 1 0     NFW        0.0021  -0.0011     -1.890 0.800  72   4.90   -7.2       -417.3572       -817.6637   786   0.0021  -0.0011     -1.857 0.122 179   1.90    0.273
2018-05-05-17:00:53 1.11  Mocks_Em/MockNFW20ellip5loga2.08PA50center0With_background20num51.dat Diff-Evol    1.0e-04 0 1 1 0     NFW        0.0005   0.0004     -1.952 0.800  21   4.80    2.8       -381.6252       -746.1997   666   0.0005   0.0004     -1.860 0.198 172   1.91    0.236
2018-05-05-17:00:53 1.11  Mocks_Em/MockNFW20ellip5loga2.08PA50center0With_background20num52.dat Diff-Evol    1.0e-04 0 1 1 0     NFW      359.9997   0.0003     -1.915 0.300  64   4.73    7.3       -377.7853       -738.5199   563 359.9997   0.0003     -1.889 0.137 157   1.90    0.197
2018-05-05-17:00:53 1.11  Mocks_Em/MockNFW20ellip5loga2.08PA50center0With_background20num53.dat Diff-Evol    1.0e-04 0 1 1 0     NFW      359.9999   0.0006     -2.197 0.800  45   4.87   -2.9       -348.2094       -679.3681   506 359.9999   0.0006     -1.864 0.091  10   1.87    0.180
2018-05-05-17:00:53 1.11  Mocks_Em/MockNFW20ellip5loga2.08PA50center0With_background20num54.dat Diff-Evol    1.0e-04 0 1 1 0     NFW      359.9996   0.0004     -1.919 0.700  41   4.63   17.2       -415.0252       -812.9996   570 359.9996   0.0004     -1.904 0.241 136   1.94    0.202
2018-05-05-17:00:53 1.11  Mocks_Em/MockNFW20ellip5loga2.08PA50center0With_background20num55.dat Diff-Evol    1.0e-04 0 1 1 0     NFW      359.9986  -0.0004     -2.378 0.800  66   4.94   -2.5       -443.2703         -869.49   867 359.9986  -0.0004     -1.881 0.110  44   1.94    0.311
2018-05-05-17:00:53 1.11  Mocks_Em/MockNFW20ellip5loga2.08PA50center0With_background20num56.dat Diff-Evol    1.0e-04 0 1 1 0     NFW        0.0001   0.0010     -1.894 0.048  47   4.71    9.7       -410.4542       -803.8577   528   0.0001   0.0010     -1.908 0.078  38   1.90    0.184
2018-05-05-17:00:53 1.11  Mocks_Em/MockNFW20ellip5loga2.08PA50center0With_background20num57.dat Diff-Evol    1.0e-04 0 1 1 0     NFW        0.0008  -0.0010     -1.909 0.315  92  -0.57   43.9       -451.8728       -886.6949   465   0.0008  -0.0010     -2.007 0.099 172   1.96    0.168
2018-05-05-17:00:53 1.11  Mocks_Em/MockNFW20ellip5loga2.08PA50center0With_background20num58.dat Diff-Evol    1.0e-04 0 1 1 0     NFW      359.9988  -0.0001     -1.892 0.677  24   4.79    4.5       -426.4971       -835.9435   660 359.9988  -0.0001     -1.910 0.189 150   1.91    0.237
2018-05-05-17:00:53 1.11  Mocks_Em/MockNFW20ellip5loga2.08PA50center0With_background20num59.dat Diff-Evol    1.0e-04 0 1 1 0     NFW      359.9993  -0.0006     -1.914 0.334 163   4.69   14.9       -424.9144        -832.778   465 359.9993  -0.0006     -1.960 0.085 161   1.95    0.174
2018-05-05-17:00:53 1.11  Mocks_Em/MockNFW20ellip5loga2.08PA50center0With_background20num60.dat Diff-Evol    1.0e-04 0 1 1 0     NFW        0.0023  -0.0018     -1.867 0.000  92   4.89   -7.8        -447.522       -877.9933   639   0.0023  -0.0018     -1.898 0.229 149   1.89    0.229
2018-05-05-17:00:53 1.11  Mocks_Em/MockNFW20ellip5loga2.08PA50center0With_background20num61.dat Diff-Evol    1.0e-04 0 1 1 0     NFW        0.0010   0.0003     -2.206 0.233  14   4.36    9.5       -335.6007       -654.1507   319   0.0010   0.0003     -1.849 0.056 140   1.83    0.111
2018-05-05-17:00:53 1.11  Mocks_Em/MockNFW20ellip5loga2.08PA50center0With_background20num62.dat Diff-Evol    1.0e-04 0 1 1 0     NFW        0.0011   0.0011     -2.316 0.800  46   4.88   -2.4       -376.7791       -736.5076   575   0.0011   0.0011     -1.861 0.220  26   1.88    0.212
2018-05-05-17:00:53 1.11  Mocks_Em/MockNFW20ellip5loga2.08PA50center0With_background20num63.dat Diff-Evol    1.0e-04 0 1 1 0     NFW      359.9992  -0.0002     -2.203 0.787  43   4.96   -2.7       -442.0838       -867.1168   563 359.9992  -0.0002     -1.952 0.062  13   1.97    0.201
2018-05-05-17:00:53 1.11  Mocks_Em/MockNFW20ellip5loga2.08PA50center0With_background20num64.dat Diff-Evol    1.0e-04 0 1 1 0     NFW        0.0011   0.0009     -1.900 0.789  60   4.88   -1.6       -436.3482       -855.6457   548   0.0011   0.0009     -1.908 0.161  33   1.93    0.195
2018-05-05-17:00:53 1.11  Mocks_Em/MockNFW20ellip5loga2.08PA50center0With_background20num65.dat Diff-Evol    1.0e-04 0 1 1 0     NFW      359.9984  -0.0004     -1.892 0.607 122   4.70   14.7       -458.6116       -900.1725   528 359.9984  -0.0004     -1.947 0.208  39   1.94    0.184
2018-05-05-17:00:53 1.11  Mocks_Em/MockNFW20ellip5loga2.08PA50center0With_background20num66.dat Diff-Evol    1.0e-04 0 1 1 0     NFW        0.0009   0.0011     -3.156 0.790 172   4.89   -0.7       -334.0602       -651.0696   493   0.0009   0.0011     -1.856 0.083 155   1.89    0.171
2018-05-05-17:00:53 1.11  Mocks_Em/MockNFW20ellip5loga2.08PA50center0With_background20num67.dat Diff-Evol    1.0e-04 0 1 1 0     NFW      359.9999   0.0001     -3.153 0.800  27   4.83   -0.6       -320.1225       -623.1944   901 359.9999   0.0001     -1.829 0.150 157   1.83    0.330
2018-05-05-17:00:53 1.11  Mocks_Em/MockNFW20ellip5loga2.08PA50center0With_background20num68.dat Diff-Evol    1.0e-04 0 1 1 0     NFW      359.9997  -0.0006     -1.919 0.639  69   4.67   10.9       -372.8425       -728.6344   673 359.9997  -0.0006     -1.857 0.156  20   1.90    0.238
2018-05-05-17:00:53 1.11  Mocks_Em/MockNFW20ellip5loga2.08PA50center0With_background20num69.dat Diff-Evol    1.0e-04 0 1 1 0     NFW        0.0011   0.0013     -1.894 0.603  71   4.49   22.4         -416.13       -815.2093   591   0.0011   0.0013     -1.931 0.229  25   1.90    0.209
2018-05-05-17:00:53 1.11  Mocks_Em/MockNFW20ellip5loga2.08PA50center0With_background20num70.dat Diff-Evol    1.0e-04 0 1 1 0     NFW      359.9989   0.0015     -1.872 0.291  64   4.80    5.5       -472.5183       -927.9859   590 359.9989   0.0015     -1.900 0.137  36   1.92    0.210
2018-05-05-17:00:53 1.11  Mocks_Em/MockNFW20ellip5loga2.08PA50center0With_background20num71.dat Diff-Evol    1.0e-04 0 1 1 0     NFW      359.9996  -0.0009     -1.905 0.800  53   4.85   -6.0       -351.7457       -686.4406   799 359.9996  -0.0009     -1.817 0.200  41   1.85    0.278
2018-05-05-17:00:53 1.11  Mocks_Em/MockNFW20ellip5loga2.08PA50center0With_background20num72.dat Diff-Evol    1.0e-04 0 1 1 0     NFW      359.9996   0.0008     -1.908 0.470 139  -1.05   38.6       -395.3916       -773.7325   465 359.9996   0.0008     -1.871 0.231 140   1.90    0.163
2018-05-05-17:00:53 1.11  Mocks_Em/MockNFW20ellip5loga2.08PA50center0With_background20num73.dat Diff-Evol    1.0e-04 0 1 1 0     NFW      359.9996  -0.0015     -2.669 0.760  25   4.91   -1.5       -422.3754          -827.7   604 359.9996  -0.0015     -1.859 0.196   1   1.91    0.213
2018-05-05-17:00:53 1.11  Mocks_Em/MockNFW20ellip5loga2.08PA50center0With_background20num74.dat Diff-Evol    1.0e-04 0 1 1 0     NFW        0.0005  -0.0001     -2.347 0.800  25   4.87   -1.6       -371.9329       -726.8151   583   0.0005  -0.0001     -1.847 0.098 166   1.88    0.206
2018-05-05-17:00:53 1.11  Mocks_Em/MockNFW20ellip5loga2.08PA50center0With_background20num75.dat Diff-Evol    1.0e-04 0 1 1 0     NFW        0.0012  -0.0002     -2.093 0.800  83   4.93   -4.4       -415.0357       -813.0207   681   0.0012  -0.0002     -1.902 0.139  45   1.93    0.238
2018-05-05-17:00:53 1.11  Mocks_Em/MockNFW20ellip5loga2.08PA50center0With_background20num76.dat Diff-Evol    1.0e-04 0 1 1 0     NFW        0.0024  -0.0001     -1.873 0.000 164   4.90   -7.8       -448.3552       -879.6597   674   0.0024  -0.0001     -1.874 0.076 160   1.90    0.244
2018-05-05-17:00:53 1.11  Mocks_Em/MockNFW20ellip5loga2.08PA50center0With_background20num77.dat Diff-Evol    1.0e-04 0 1 1 0     NFW      359.9994   0.0007     -1.899 0.634  42   4.63   12.8       -384.7264       -752.4021   702 359.9994   0.0007     -1.903 0.171 141   1.87    0.243
2018-05-05-17:00:53 1.11  Mocks_Em/MockNFW20ellip5loga2.08PA50center0With_background20num78.dat Diff-Evol    1.0e-04 0 1 1 0     NFW      359.9989   0.0016     -2.640 0.000 153   4.89   -1.6       -443.3186       -869.5865   556 359.9989   0.0016     -1.868 0.089 172   1.89    0.196
2018-05-05-17:00:53 1.11  Mocks_Em/MockNFW20ellip5loga2.08PA50center0With_background20num79.dat Diff-Evol    1.0e-04 0 1 1 0     NFW        0.0023   0.0006     -1.869 0.397  22  -1.10   46.1       -464.9267       -912.8028   739   0.0023   0.0006     -1.949 0.160 172   1.90    0.258
2018-05-05-17:00:53 1.11  Mocks_Em/MockNFW20ellip5loga2.08PA50center0With_background20num80.dat Diff-Evol    1.0e-04 0 1 1 0     NFW        0.0021  -0.0021     -1.854 0.624  66   4.82   -0.8       -467.8289       -918.6072   659   0.0021  -0.0021     -1.852 0.247  36   1.89    0.236
2018-05-05-17:00:53 1.11  Mocks_Em/MockNFW20ellip5loga2.08PA50center0With_background20num81.dat Diff-Evol    1.0e-04 0 1 1 0     NFW      359.9986   0.0019     -2.128 0.784  14   4.89   -4.1       -456.6753       -896.2999   513 359.9986   0.0019     -1.896 0.094 140   1.89    0.184
2018-05-05-17:00:53 1.11  Mocks_Em/MockNFW20ellip5loga2.08PA50center0With_background20num82.dat Diff-Evol    1.0e-04 0 1 1 0     NFW        0.0004  -0.0004     -1.918 0.291  25   4.95   -7.0       -415.0184       -812.9861   513   0.0004  -0.0004     -1.900 0.143  28   1.95    0.182
2018-05-05-17:00:53 1.11  Mocks_Em/MockNFW20ellip5loga2.08PA50center0With_background20num83.dat Diff-Evol    1.0e-04 0 1 1 0     NFW        0.0007  -0.0002     -2.000 0.355  29   4.44   16.8       -380.2301       -743.4095   661   0.0007  -0.0002     -1.905 0.048 157   1.89    0.239
2018-05-05-17:00:53 1.11  Mocks_Em/MockNFW20ellip5loga2.08PA50center0With_background20num84.dat Diff-Evol    1.0e-04 0 1 1 0     NFW      359.9999  -0.0002     -1.918 0.800  56   4.83    2.2       -396.0851       -775.1196   792 359.9999  -0.0002     -1.897 0.066  33   1.92    0.277
2018-05-05-17:00:53 1.11  Mocks_Em/MockNFW20ellip5loga2.08PA50center0With_background20num85.dat Diff-Evol    1.0e-04 0 1 1 0     NFW      359.9982  -0.0001     -2.223 0.800  58   4.93   -3.3       -416.4498       -815.8489   645 359.9982  -0.0001     -1.842 0.130 175   1.93    0.229
2018-05-05-17:00:53 1.11  Mocks_Em/MockNFW20ellip5loga2.08PA50center0With_background20num86.dat Diff-Evol    1.0e-04 0 1 1 0     NFW        0.0018  -0.0019     -1.862 0.777  25   4.81    1.0       -456.1975       -895.3443   666   0.0018  -0.0019     -1.870 0.226 161   1.89    0.239
2018-05-05-17:00:53 1.11  Mocks_Em/MockNFW20ellip5loga2.08PA50center0With_background20num87.dat Diff-Evol    1.0e-04 0 1 1 0     NFW      359.9995  -0.0005     -1.939 0.667  32   4.74    8.2       -415.7704         -814.49   493 359.9995  -0.0005     -1.930 0.079  40   1.92    0.172
2018-05-05-17:00:53 1.11  Mocks_Em/MockNFW20ellip5loga2.08PA50center0With_background20num88.dat Diff-Evol    1.0e-04 0 1 1 0     NFW        0.0016   0.0017     -1.865 0.589 179   4.65   14.7       -451.3883       -885.7259   479   0.0016   0.0017     -1.883 0.215  21   1.89    0.168
2018-05-05-17:00:53 1.11  Mocks_Em/MockNFW20ellip5loga2.08PA50center0With_background20num89.dat Diff-Evol    1.0e-04 0 1 1 0     NFW      359.9994  -0.0007     -2.051 0.705  63   4.86    1.5       -446.3387       -875.6267   499 359.9994  -0.0007     -1.906 0.189  43   1.95    0.183
2018-05-05-17:00:53 1.11  Mocks_Em/MockNFW20ellip5loga2.08PA50center0With_background20num90.dat Diff-Evol    1.0e-04 0 1 1 0     NFW      359.9999   0.0011     -1.898 0.743  30   4.76    6.3       -414.5719        -812.093   793 359.9999   0.0011     -1.895 0.175  37   1.91    0.275
2018-05-05-17:00:53 1.11  Mocks_Em/MockNFW20ellip5loga2.08PA50center0With_background20num91.dat Diff-Evol    1.0e-04 0 1 1 0     NFW        0.0002   0.0017     -1.980 0.763   4   4.77    2.8       -404.9494       -792.8481   500   0.0002   0.0017     -1.890 0.067 175   1.88    0.175
2018-05-05-17:00:53 1.11  Mocks_Em/MockNFW20ellip5loga2.08PA50center0With_background20num92.dat Diff-Evol    1.0e-04 0 1 1 0     NFW        0.0004  -0.0012     -1.897 0.800  32   4.90   -4.4       -435.0986       -853.1464   583   0.0004  -0.0012     -1.920 0.092 159   1.93    0.207
2018-05-05-17:00:53 1.11  Mocks_Em/MockNFW20ellip5loga2.08PA50center0With_background20num93.dat Diff-Evol    1.0e-04 0 1 1 0     NFW      359.9982   0.0020     -1.890 0.800   6   4.83   -0.8       -431.3115       -845.5724   534 359.9982   0.0020     -1.894 0.076 148   1.89    0.190
2018-05-05-17:00:53 1.11  Mocks_Em/MockNFW20ellip5loga2.08PA50center0With_background20num94.dat Diff-Evol    1.0e-04 0 1 1 0     NFW      359.9996  -0.0001     -1.959 0.742  61   4.97   -6.1       -420.6073       -824.1638   659 359.9996  -0.0001     -1.906 0.181 141   1.98    0.233
2018-05-05-17:00:53 1.11  Mocks_Em/MockNFW20ellip5loga2.08PA50center0With_background20num95.dat Diff-Evol    1.0e-04 0 1 1 0     NFW      359.9984  -0.0010     -1.891 0.269  20   4.62   19.8       -457.1615       -897.2723   653 359.9984  -0.0010     -1.929 0.055 152   1.94    0.235
2018-05-05-17:00:53 1.11  Mocks_Em/MockNFW20ellip5loga2.08PA50center0With_background20num96.dat Diff-Evol    1.0e-04 0 1 1 0     NFW        0.0020   0.0014     -2.659 0.800  46   4.91   -1.5       -435.0104         -852.97   598   0.0020   0.0014     -1.884 0.101  14   1.91    0.207
2018-05-05-17:00:53 1.11  Mocks_Em/MockNFW20ellip5loga2.08PA50center0With_background20num97.dat Diff-Evol    1.0e-04 0 1 1 0     NFW        0.0001  -0.0007     -2.806 0.575  23   4.97   -1.2       -472.3443       -927.6379   500   0.0001  -0.0007     -1.934 0.158  30   1.98    0.175
2018-05-05-17:00:53 1.11  Mocks_Em/MockNFW20ellip5loga2.08PA50center0With_background20num98.dat Diff-Evol    1.0e-04 0 1 1 0     NFW        0.0007  -0.0003     -2.477 0.789  10   4.90   -1.8       -387.1108       -757.1709   805   0.0007  -0.0003     -1.860 0.134 171   1.90    0.283
2018-05-05-17:00:53 1.11  Mocks_Em/MockNFW20ellip5loga2.08PA50center0With_background20num99.dat Diff-Evol    1.0e-04 0 1 1 0     NFW        0.0026  -0.0006     -1.863 0.598  46   4.81    1.7        -463.126       -909.2013   611   0.0026  -0.0006     -1.894 0.101  19   1.90    0.215
