2018-05-05-17:00:47 1.11  Mocks_Em/MockNFW20ellip5loga2.08PA50center0With_background20num0.dat L-BFGS-B     1.0e-04 0 1 1 0     NFW        0.0023  -0.0013     -1.882 0.003  12   1.98   44.4       -446.5692       -876.0878    84   0.0023  -0.0013     -1.923 0.126  12   1.91    0.055
2018-05-05-17:00:47 1.11  Mocks_Em/MockNFW20ellip5loga2.08PA50center0With_background20num1.dat L-BFGS-B     1.0e-04 0 1 1 0     NFW      359.9984  -0.0019     -1.870 0.000   4   1.95   45.3       -441.2911       -865.5316   105 359.9984  -0.0019     -1.861 0.086   4   1.90    0.054
2018-05-05-17:00:47 1.11  Mocks_Em/MockNFW20ellip5loga2.08PA50center0With_background20num2.dat L-BFGS-B     1.0e-04 0 1 1 0     NFW      359.9994  -0.0010     -1.897 0.012 154   1.95   41.5       -410.7419        -804.433    49 359.9994  -0.0010     -1.843 0.133 154   1.91    0.022
2018-05-05-17:00:47 1.11  Mocks_Em/MockNFW20ellip5loga2.08PA50center0With_background20num3.dat L-BFGS-B     1.0e-04 0 1 1 0     NFW      359.9976   0.0007     -1.874 0.000 151   1.95   44.6       -436.4772       -855.9037   133 359.9976   0.0007     -1.857 0.265 151   1.90    0.054
2018-05-05-17:00:47 1.11  Mocks_Em/MockNFW20ellip5loga2.08PA50center0With_background20num4.dat L-BFGS-B     1.0e-04 0 1 1 0     NFW      359.9996  -0.0027     -1.877 0.033  18   1.96   48.7       -485.1759       -953.3012    42 359.9996  -0.0027     -1.885 0.119  18   1.94    0.016
2018-05-05-17:00:47 1.11  Mocks_Em/MockNFW20ellip5loga2.08PA50center0With_background20num5.dat L-BFGS-B     1.0e-04 0 1 1 0     NFW        0.0001  -0.0009     -2.200 0.090 149   1.92   19.4       -417.1052       -817.1597    35   0.0001  -0.0009     -1.986 0.105 149   1.92    0.013
2018-05-05-17:00:47 1.11  Mocks_Em/MockNFW20ellip5loga2.08PA50center0With_background20num6.dat L-BFGS-B     1.0e-04 0 1 1 0     NFW        0.0002  -0.0011     -1.932 0.277  29   1.97   40.8       -428.5604       -840.0702    42   0.0002  -0.0011     -1.960 0.124  29   1.97    0.014
2018-05-05-17:00:47 1.11  Mocks_Em/MockNFW20ellip5loga2.08PA50center0With_background20num7.dat L-BFGS-B     1.0e-04 0 1 1 0     NFW        0.0012   0.0007     -1.891 0.029  35   1.91   42.4       -432.7032       -848.3557    42   0.0012   0.0007     -1.906 0.107  35   1.91    0.015
2018-05-05-17:00:47 1.11  Mocks_Em/MockNFW20ellip5loga2.08PA50center0With_background20num8.dat L-BFGS-B     1.0e-04 0 1 1 0     NFW        0.0025  -0.0013     -1.877 0.284  37   1.93   46.8       -457.7995       -898.5482    35   0.0025  -0.0013     -1.847 0.233  37   1.92    0.012
2018-05-05-17:00:47 1.11  Mocks_Em/MockNFW20ellip5loga2.08PA50center0With_background20num9.dat L-BFGS-B     1.0e-04 0 1 1 0     NFW      359.9991  -0.0005     -1.902 0.000 151   2.12   41.5       -417.4407       -817.8307    98 359.9991  -0.0005     -1.923 0.202 151   1.92    0.033
2018-05-05-17:00:47 1.11  Mocks_Em/MockNFW20ellip5loga2.08PA50center0With_background20num10.dat L-BFGS-B     1.0e-04 0 1 1 0     NFW        0.0001   0.0003     -1.992 0.224  43   1.94   32.5       -401.4181       -785.7855    49   0.0001   0.0003     -1.910 0.110  43   1.94    0.016
2018-05-05-17:00:47 1.11  Mocks_Em/MockNFW20ellip5loga2.08PA50center0With_background20num11.dat L-BFGS-B     1.0e-04 0 1 1 0     NFW        0.0004  -0.0010     -1.931 0.017 162   1.95   37.8       -385.5907       -754.1307    49   0.0004  -0.0010     -1.864 0.168 162   1.94    0.017
2018-05-05-17:00:47 1.11  Mocks_Em/MockNFW20ellip5loga2.08PA50center0With_background20num12.dat L-BFGS-B     1.0e-04 0 1 1 0     NFW        0.0013   0.0009     -1.897 0.014 159   1.94   42.0       -425.5388       -834.0268    63   0.0013   0.0009     -1.917 0.109 159   1.92    0.022
2018-05-05-17:00:47 1.11  Mocks_Em/MockNFW20ellip5loga2.08PA50center0With_background20num13.dat L-BFGS-B     1.0e-04 0 1 1 0     NFW        0.0020   0.0012     -1.888 0.001  11   1.99   45.3       -457.7879       -898.5251    84   0.0020   0.0012     -1.913 0.156  11   1.93    0.029
2018-05-05-17:00:47 1.11  Mocks_Em/MockNFW20ellip5loga2.08PA50center0With_background20num14.dat L-BFGS-B     1.0e-04 0 1 1 0     NFW      359.9978  -0.0018     -1.854 0.012 176   1.87   44.7       -443.5744        -870.098    56 359.9978  -0.0018     -1.882 0.088 176   1.85    0.020
2018-05-05-17:00:47 1.11  Mocks_Em/MockNFW20ellip5loga2.08PA50center0With_background20num15.dat L-BFGS-B     1.0e-04 0 1 1 0     NFW      359.9999   0.0011     -1.906 0.000 140   1.94   39.3       -402.6529        -788.255   161 359.9999   0.0011     -1.879 0.242 140   1.91    0.055
2018-05-05-17:00:47 1.11  Mocks_Em/MockNFW20ellip5loga2.08PA50center0With_background20num16.dat L-BFGS-B     1.0e-04 0 1 1 0     NFW        0.0008  -0.0008     -1.901 0.022  29   1.94   42.3       -426.9033       -836.7559    42   0.0008  -0.0008     -1.901 0.080  29   1.93    0.015
2018-05-05-17:00:47 1.11  Mocks_Em/MockNFW20ellip5loga2.08PA50center0With_background20num17.dat L-BFGS-B     1.0e-04 0 1 1 0     NFW        0.0009  -0.0006     -1.913 0.049 178   1.93   39.3       -395.8642       -774.6776    21   0.0009  -0.0006     -1.864 0.091 178   1.92    0.007
2018-05-05-17:00:47 1.11  Mocks_Em/MockNFW20ellip5loga2.08PA50center0With_background20num18.dat L-BFGS-B     1.0e-04 0 1 1 0     NFW      359.9982  -0.0012     -1.864 0.025  35   1.88   43.6       -429.9293       -842.8079    42 359.9982  -0.0012     -1.870 0.095  35   1.87    0.015
2018-05-05-17:00:47 1.11  Mocks_Em/MockNFW20ellip5loga2.08PA50center0With_background20num19.dat L-BFGS-B     1.0e-04 0 1 1 0     NFW        0.0012  -0.0000     -1.934 0.053 173   1.90   35.8       -395.2978       -773.5448    28   0.0012  -0.0000     -1.935 0.030 173   1.90    0.009
2018-05-05-17:00:47 1.11  Mocks_Em/MockNFW20ellip5loga2.08PA50center0With_background20num20.dat L-BFGS-B     1.0e-04 0 1 1 0     NFW      359.9993  -0.0010     -1.891 0.035 146   1.90   40.8       -410.1371       -803.2235    42 359.9993  -0.0010     -1.867 0.143 146   1.89    0.014
2018-05-05-17:00:47 1.11  Mocks_Em/MockNFW20ellip5loga2.08PA50center0With_background20num21.dat L-BFGS-B     1.0e-04 0 1 1 0     NFW      359.9995  -0.0013     -1.907 0.000  11   1.95   36.3       -363.7903       -710.5299   140 359.9995  -0.0013     -1.830 0.126  11   1.87    0.047
2018-05-05-17:00:47 1.11  Mocks_Em/MockNFW20ellip5loga2.08PA50center0With_background20num22.dat L-BFGS-B     1.0e-04 0 1 1 0     NFW        0.0007   0.0001     -1.904 0.000 165   1.93   38.5       -384.8266       -752.6024   119   0.0007   0.0001     -1.867 0.065 165   1.89    0.040
2018-05-05-17:00:47 1.11  Mocks_Em/MockNFW20ellip5loga2.08PA50center0With_background20num23.dat L-BFGS-B     1.0e-04 0 1 1 0     NFW      359.9979   0.0005     -1.892 0.000   5   2.39   46.0       -463.5648       -910.0789   140 359.9979   0.0005     -1.942 0.135   5   1.95    0.047
2018-05-05-17:00:47 1.11  Mocks_Em/MockNFW20ellip5loga2.08PA50center0With_background20num24.dat L-BFGS-B     1.0e-04 0 1 1 0     NFW      359.9995  -0.0010     -1.959 0.417  42   1.97   37.0       -407.2516       -797.4524    28 359.9995  -0.0010     -1.966 0.305  42   1.97    0.009
2018-05-05-17:00:47 1.11  Mocks_Em/MockNFW20ellip5loga2.08PA50center0With_background20num25.dat L-BFGS-B     1.0e-04 0 1 1 0     NFW        0.0001  -0.0013     -1.906 0.006  31   1.92   39.3       -396.4439       -775.8371    28   0.0001  -0.0013     -1.877 0.094  31   1.91    0.010
2018-05-05-17:00:47 1.11  Mocks_Em/MockNFW20ellip5loga2.08PA50center0With_background20num26.dat L-BFGS-B     1.0e-04 0 1 1 0     NFW        0.0009   0.0001     -1.920 0.012 157   1.94   39.6       -413.2833        -809.516    63   0.0009   0.0001     -1.943 0.091 157   1.94    0.022
2018-05-05-17:00:47 1.11  Mocks_Em/MockNFW20ellip5loga2.08PA50center0With_background20num27.dat L-BFGS-B     1.0e-04 0 1 1 0     NFW      359.9987   0.0026     -1.856 0.015  25   1.88   45.7        -459.701       -902.3513    63 359.9987   0.0026     -1.921 0.125  25   1.86    0.022
2018-05-05-17:00:47 1.11  Mocks_Em/MockNFW20ellip5loga2.08PA50center0With_background20num28.dat L-BFGS-B     1.0e-04 0 1 1 0     NFW      359.9993  -0.0015     -1.890 0.020  31   1.90   40.8        -406.272       -795.4933    42 359.9993  -0.0015     -1.856 0.077  31   1.89    0.015
2018-05-05-17:00:47 1.11  Mocks_Em/MockNFW20ellip5loga2.08PA50center0With_background20num29.dat L-BFGS-B     1.0e-04 0 1 1 0     NFW        0.0006  -0.0006     -1.903 0.000   3   1.98   40.8        -412.305       -807.5594   140   0.0006  -0.0006     -1.886 0.219   3   1.92    0.047
2018-05-05-17:00:47 1.11  Mocks_Em/MockNFW20ellip5loga2.08PA50center0With_background20num30.dat L-BFGS-B     1.0e-04 0 1 1 0     NFW      359.9989  -0.0001     -1.899 0.026  29   1.91   40.0       -403.0881       -789.1254    49 359.9989  -0.0001     -1.879 0.179  29   1.90    0.017
2018-05-05-17:00:47 1.11  Mocks_Em/MockNFW20ellip5loga2.08PA50center0With_background20num31.dat L-BFGS-B     1.0e-04 0 1 1 0     NFW      359.9999   0.0015     -1.926 0.016  28   1.98   40.8       -417.0384       -817.0261    56 359.9999   0.0015     -1.927 0.113  28   1.96    0.020
2018-05-05-17:00:47 1.11  Mocks_Em/MockNFW20ellip5loga2.08PA50center0With_background20num32.dat L-BFGS-B     1.0e-04 0 1 1 0     NFW        0.0009   0.0003     -1.919 0.004 156   1.90   35.5       -362.0297       -707.0087    70   0.0009   0.0003     -1.882 0.082 156   1.89    0.024
2018-05-05-17:00:47 1.11  Mocks_Em/MockNFW20ellip5loga2.08PA50center0With_background20num33.dat L-BFGS-B     1.0e-04 0 1 1 0     NFW      359.9992   0.0008     -1.894 0.000 154   1.96   43.8       -438.9663       -860.8819   126 359.9992   0.0008     -1.894 0.173 154   1.93    0.043
2018-05-05-17:00:47 1.11  Mocks_Em/MockNFW20ellip5loga2.08PA50center0With_background20num34.dat L-BFGS-B     1.0e-04 0 1 1 0     NFW        0.0009  -0.0014     -1.920 0.001  10   1.94   37.0       -377.0372       -737.0236    98   0.0009  -0.0014     -1.893 0.109  10   1.91    0.033
2018-05-05-17:00:47 1.11  Mocks_Em/MockNFW20ellip5loga2.08PA50center0With_background20num35.dat L-BFGS-B     1.0e-04 0 1 1 0     NFW      359.9999  -0.0016     -1.888 0.000 150   1.98   42.3       -417.6234       -818.1962    98 359.9999  -0.0016     -1.848 0.163 149   1.90    0.033
2018-05-05-17:00:47 1.11  Mocks_Em/MockNFW20ellip5loga2.08PA50center0With_background20num36.dat L-BFGS-B     1.0e-04 0 1 1 0     NFW      359.9999  -0.0007     -1.919 0.020 159   1.96   41.3       -426.7975       -836.5443    35 359.9999  -0.0007     -1.924 0.073 159   1.95    0.012
2018-05-05-17:00:47 1.11  Mocks_Em/MockNFW20ellip5loga2.08PA50center0With_background20num37.dat L-BFGS-B     1.0e-04 0 1 1 0     NFW        0.0006  -0.0010     -1.933 0.014 152   1.98   40.6       -419.7332       -822.4157    49   0.0006  -0.0010     -1.946 0.158 152   1.97    0.017
2018-05-05-17:00:47 1.11  Mocks_Em/MockNFW20ellip5loga2.08PA50center0With_background20num38.dat L-BFGS-B     1.0e-04 0 1 1 0     NFW      359.9991  -0.0017     -1.886 0.001 150   1.95   41.5       -413.2534        -809.456    98 359.9991  -0.0017     -1.847 0.118 150   1.89    0.033
2018-05-05-17:00:47 1.11  Mocks_Em/MockNFW20ellip5loga2.08PA50center0With_background20num39.dat L-BFGS-B     1.0e-04 0 1 1 0     NFW      359.9996   0.0003     -1.913 0.003  32   1.91   36.3       -366.0631       -715.0756    42 359.9996   0.0003     -1.869 0.040  32   1.88    0.014
2018-05-05-17:00:47 1.11  Mocks_Em/MockNFW20ellip5loga2.08PA50center0With_background20num40.dat L-BFGS-B     1.0e-04 0 1 1 0     NFW      359.9984  -0.0004     -1.884 0.000 136   1.89   40.8       -407.0831       -797.1155   105 359.9984  -0.0004     -1.864 0.089 136   1.88    0.036
2018-05-05-17:00:47 1.11  Mocks_Em/MockNFW20ellip5loga2.08PA50center0With_background20num41.dat L-BFGS-B     1.0e-04 0 1 1 0     NFW        0.0003  -0.0002     -1.912 0.014  21   1.90   36.3       -365.3258        -713.601    49   0.0003  -0.0002     -1.860 0.153  21   1.88    0.017
2018-05-05-17:00:47 1.11  Mocks_Em/MockNFW20ellip5loga2.08PA50center0With_background20num42.dat L-BFGS-B     1.0e-04 0 1 1 0     NFW      359.9985   0.0008     -1.897 0.017  33   1.86   36.8        -376.281       -735.5113    56 359.9985   0.0008     -1.912 0.132  33   1.86    0.019
2018-05-05-17:00:47 1.11  Mocks_Em/MockNFW20ellip5loga2.08PA50center0With_background20num43.dat L-BFGS-B     1.0e-04 0 1 1 0     NFW        0.0000   0.0007     -1.904 0.011 136   1.92   39.3       -396.4762       -775.9018    56   0.0000   0.0007     -1.865 0.076 136   1.90    0.019
2018-05-05-17:00:47 1.11  Mocks_Em/MockNFW20ellip5loga2.08PA50center0With_background20num44.dat L-BFGS-B     1.0e-04 0 1 1 0     NFW        0.0026  -0.0006     -1.870 0.000 139   1.90   45.3       -451.5478       -886.0448   112   0.0026  -0.0006     -1.956 0.084 139   1.89    0.038
2018-05-05-17:00:47 1.11  Mocks_Em/MockNFW20ellip5loga2.08PA50center0With_background20num45.dat L-BFGS-B     1.0e-04 0 1 1 0     NFW        0.0006   0.0007     -1.928 0.018   1   1.93   37.6       -390.8583        -764.666    42   0.0006   0.0007     -1.934 0.074   1   1.93    0.014
2018-05-05-17:00:47 1.11  Mocks_Em/MockNFW20ellip5loga2.08PA50center0With_background20num46.dat L-BFGS-B     1.0e-04 0 1 1 0     NFW        0.0001  -0.0004     -1.912 0.085  21   1.89   36.3       -370.9199        -724.789    14   0.0001  -0.0004     -1.875 0.156  21   1.88    0.005
2018-05-05-17:00:47 1.11  Mocks_Em/MockNFW20ellip5loga2.08PA50center0With_background20num47.dat L-BFGS-B     1.0e-04 0 1 1 0     NFW        0.0001   0.0012     -1.916 0.027 167   1.96   42.1       -435.8217       -854.5926    42   0.0001   0.0012     -1.920 0.098 167   1.95    0.015
2018-05-05-17:00:47 1.11  Mocks_Em/MockNFW20ellip5loga2.08PA50center0With_background20num48.dat L-BFGS-B     1.0e-04 0 1 1 0     NFW      359.9996   0.0007     -1.903 0.000 175   1.92   39.3       -394.5752       -772.0997   126 359.9996   0.0007     -1.865 0.235 175   1.90    0.042
2018-05-05-17:00:47 1.11  Mocks_Em/MockNFW20ellip5loga2.08PA50center0With_background20num49.dat L-BFGS-B     1.0e-04 0 1 1 0     NFW      360.0000  -0.0011     -1.900 0.000  43   1.98   41.5       -411.9152       -806.7797   105 360.0000  -0.0011     -1.844 0.092  43   1.92    0.035
2018-05-05-17:00:47 1.11  Mocks_Em/MockNFW20ellip5loga2.08PA50center0With_background20num50.dat L-BFGS-B     1.0e-04 0 1 1 0     NFW        0.0021  -0.0011     -1.890 0.000 179   1.97   41.5       -414.1362       -811.2217   140   0.0021  -0.0011     -1.857 0.122 179   1.90    0.047
2018-05-05-17:00:47 1.11  Mocks_Em/MockNFW20ellip5loga2.08PA50center0With_background20num51.dat L-BFGS-B     1.0e-04 0 1 1 0     NFW        0.0005   0.0004     -1.920 0.242 172   1.91   37.0       -374.7994       -732.5481    28   0.0005   0.0004     -1.860 0.198 172   1.91    0.009
2018-05-05-17:00:47 1.11  Mocks_Em/MockNFW20ellip5loga2.08PA50center0With_background20num52.dat L-BFGS-B     1.0e-04 0 1 1 0     NFW      359.9997   0.0003     -1.915 0.012 157   1.91   37.0       -376.8051       -736.5596    49 359.9997   0.0003     -1.889 0.137 157   1.90    0.017
2018-05-05-17:00:47 1.11  Mocks_Em/MockNFW20ellip5loga2.08PA50center0With_background20num53.dat L-BFGS-B     1.0e-04 0 1 1 0     NFW      359.9999   0.0006     -1.921 0.012  10   1.89   34.0       -344.9306       -672.8105    63 359.9999   0.0006     -1.864 0.091  10   1.87    0.022
2018-05-05-17:00:47 1.11  Mocks_Em/MockNFW20ellip5loga2.08PA50center0With_background20num54.dat L-BFGS-B     1.0e-04 0 1 1 0     NFW      359.9996   0.0004     -1.919 0.000 136   1.95   40.0       -411.3456       -805.6404   133 359.9996   0.0004     -1.904 0.241 136   1.94    0.045
2018-05-05-17:00:47 1.11  Mocks_Em/MockNFW20ellip5loga2.08PA50center0With_background20num55.dat L-BFGS-B     1.0e-04 0 1 1 0     NFW      359.9986  -0.0004     -1.899 0.031  44   1.96   43.8       -436.7744       -856.4982    42 359.9986  -0.0004     -1.881 0.110  44   1.94    0.015
2018-05-05-17:00:47 1.11  Mocks_Em/MockNFW20ellip5loga2.08PA50center0With_background20num56.dat L-BFGS-B     1.0e-04 0 1 1 0     NFW        0.0001   0.0010     -1.898 0.019  38   1.91   40.4       -409.5447       -802.0387    42   0.0001   0.0010     -1.908 0.078  38   1.90    0.015
2018-05-05-17:00:47 1.11  Mocks_Em/MockNFW20ellip5loga2.08PA50center0With_background20num57.dat L-BFGS-B     1.0e-04 0 1 1 0     NFW        0.0008  -0.0010     -1.921 0.012 172   1.96   42.4       -451.2083       -885.3658    63   0.0008  -0.0010     -2.007 0.099 172   1.96    0.022
2018-05-05-17:00:47 1.11  Mocks_Em/MockNFW20ellip5loga2.08PA50center0With_background20num58.dat L-BFGS-B     1.0e-04 0 1 1 0     NFW      359.9988  -0.0001     -1.892 0.000 150   2.08   42.3       -422.4665       -827.8823   112 359.9988  -0.0001     -1.910 0.189 150   1.91    0.038
2018-05-05-17:00:47 1.11  Mocks_Em/MockNFW20ellip5loga2.08PA50center0With_background20num59.dat L-BFGS-B     1.0e-04 0 1 1 0     NFW      359.9993  -0.0006     -1.920 0.010 161   1.96   40.9        -424.157       -831.2633    56 359.9993  -0.0006     -1.960 0.085 161   1.95    0.020
2018-05-05-17:00:47 1.11  Mocks_Em/MockNFW20ellip5loga2.08PA50center0With_background20num60.dat L-BFGS-B     1.0e-04 0 1 1 0     NFW        0.0023  -0.0018     -1.867 0.001  47   4.89   -7.8       -447.5221       -877.9934   238   0.0023  -0.0018     -1.898 0.229 149   1.89    0.080
2018-05-05-17:00:47 1.11  Mocks_Em/MockNFW20ellip5loga2.08PA50center0With_background20num61.dat L-BFGS-B     1.0e-04 0 1 1 0     NFW        0.0010   0.0003     -1.992 0.050 140   1.83   26.1       -335.3649        -653.679    42   0.0010   0.0003     -1.849 0.056 140   1.83    0.014
2018-05-05-17:00:47 1.11  Mocks_Em/MockNFW20ellip5loga2.08PA50center0With_background20num62.dat L-BFGS-B     1.0e-04 0 1 1 0     NFW        0.0011   0.0011     -1.907 0.021  26   1.90   37.0       -372.7599       -728.4691    49   0.0011   0.0011     -1.861 0.220  26   1.88    0.016
2018-05-05-17:00:47 1.11  Mocks_Em/MockNFW20ellip5loga2.08PA50center0With_background20num63.dat L-BFGS-B     1.0e-04 0 1 1 0     NFW      359.9992  -0.0002     -1.919 0.000  13   2.53   42.9       -440.2926       -863.5345   119 359.9992  -0.0002     -1.952 0.062  13   1.97    0.040
2018-05-05-17:00:47 1.11  Mocks_Em/MockNFW20ellip5loga2.08PA50center0With_background20num64.dat L-BFGS-B     1.0e-04 0 1 1 0     NFW        0.0011   0.0009     -1.906 0.316  33   1.94   42.4       -433.1105       -849.1703    42   0.0011   0.0009     -1.908 0.161  33   1.93    0.014
2018-05-05-17:00:47 1.11  Mocks_Em/MockNFW20ellip5loga2.08PA50center0With_background20num65.dat L-BFGS-B     1.0e-04 0 1 1 0     NFW      359.9984  -0.0004     -1.892 0.000  37   4.67   16.6       -457.1422       -897.2337   154 359.9984  -0.0004     -1.947 0.208  39   1.94    0.052
2018-05-05-17:00:47 1.11  Mocks_Em/MockNFW20ellip5loga2.08PA50center0With_background20num66.dat L-BFGS-B     1.0e-04 0 1 1 0     NFW        0.0009   0.0011     -1.944 0.261 155   1.89   31.7       -332.3769        -647.703    42   0.0009   0.0011     -1.856 0.083 155   1.89    0.014
2018-05-05-17:00:47 1.11  Mocks_Em/MockNFW20ellip5loga2.08PA50center0With_background20num67.dat L-BFGS-B     1.0e-04 0 1 1 0     NFW      359.9999   0.0001     -1.921 0.001 157   1.87   31.0       -312.8802       -608.7096    84 359.9999   0.0001     -1.829 0.150 157   1.83    0.028
2018-05-05-17:00:47 1.11  Mocks_Em/MockNFW20ellip5loga2.08PA50center0With_background20num68.dat L-BFGS-B     1.0e-04 0 1 1 0     NFW      359.9997  -0.0006     -1.919 0.014  20   1.91   36.3        -370.994       -724.9373    49 359.9997  -0.0006     -1.857 0.156  20   1.90    0.017
2018-05-05-17:00:47 1.11  Mocks_Em/MockNFW20ellip5loga2.08PA50center0With_background20num69.dat L-BFGS-B     1.0e-04 0 1 1 0     NFW        0.0011   0.0013     -1.927 0.256  25   1.90   37.3       -413.5358       -810.0208    21   0.0011   0.0013     -1.931 0.229  25   1.90    0.007
2018-05-05-17:00:47 1.11  Mocks_Em/MockNFW20ellip5loga2.08PA50center0With_background20num70.dat L-BFGS-B     1.0e-04 0 1 1 0     NFW      359.9989   0.0015     -1.875 0.014  36   1.93   47.2       -470.7034        -924.356    49 359.9989   0.0015     -1.900 0.137  36   1.92    0.017
2018-05-05-17:00:47 1.11  Mocks_Em/MockNFW20ellip5loga2.08PA50center0With_background20num71.dat L-BFGS-B     1.0e-04 0 1 1 0     NFW      359.9996  -0.0009     -1.905 0.290  41   1.85   34.8       -347.7624        -678.474    42 359.9996  -0.0009     -1.817 0.200  41   1.85    0.014
2018-05-05-17:00:47 1.11  Mocks_Em/MockNFW20ellip5loga2.08PA50center0With_background20num72.dat L-BFGS-B     1.0e-04 0 1 1 0     NFW      359.9996   0.0008     -1.908 0.456 140   1.90   38.5       -395.3698       -773.6889    28 359.9996   0.0008     -1.871 0.231 140   1.90    0.009
2018-05-05-17:00:47 1.11  Mocks_Em/MockNFW20ellip5loga2.08PA50center0With_background20num73.dat L-BFGS-B     1.0e-04 0 1 1 0     NFW      359.9996  -0.0015     -1.897 0.312   1   1.91   41.5       -419.2956       -821.5405    28 359.9996  -0.0015     -1.859 0.196   1   1.91    0.009
2018-05-05-17:00:47 1.11  Mocks_Em/MockNFW20ellip5loga2.08PA50center0With_background20num74.dat L-BFGS-B     1.0e-04 0 1 1 0     NFW        0.0005  -0.0001     -1.913 0.025 166   1.89   36.3       -367.4981       -717.9456    28   0.0005  -0.0001     -1.847 0.098 166   1.88    0.010
2018-05-05-17:00:47 1.11  Mocks_Em/MockNFW20ellip5loga2.08PA50center0With_background20num75.dat L-BFGS-B     1.0e-04 0 1 1 0     NFW        0.0012  -0.0002     -1.909 0.037  45   1.94   40.8       -413.2755       -809.5002    35   0.0012  -0.0002     -1.902 0.139  45   1.93    0.012
2018-05-05-17:00:47 1.11  Mocks_Em/MockNFW20ellip5loga2.08PA50center0With_background20num76.dat L-BFGS-B     1.0e-04 0 1 1 0     NFW        0.0024  -0.0001     -1.873 0.000 160   1.98   45.3       -443.6712       -870.2916   105   0.0024  -0.0001     -1.874 0.076 160   1.90    0.035
2018-05-05-17:00:47 1.11  Mocks_Em/MockNFW20ellip5loga2.08PA50center0With_background20num77.dat L-BFGS-B     1.0e-04 0 1 1 0     NFW      359.9994   0.0007     -1.899 0.000 141   1.88   37.8        -382.881       -748.7114    98 359.9994   0.0007     -1.903 0.171 141   1.87    0.032
2018-05-05-17:00:47 1.11  Mocks_Em/MockNFW20ellip5loga2.08PA50center0With_background20num78.dat L-BFGS-B     1.0e-04 0 1 1 0     NFW      359.9989   0.0016     -1.873 0.013 172   1.92   44.6       -440.7144        -864.378    56 359.9989   0.0016     -1.868 0.089 172   1.89    0.019
2018-05-05-17:00:47 1.11  Mocks_Em/MockNFW20ellip5loga2.08PA50center0With_background20num79.dat L-BFGS-B     1.0e-04 0 1 1 0     NFW        0.0023   0.0006     -1.937 0.256 172   1.90   38.3       -463.9912       -910.9317    42   0.0023   0.0006     -1.949 0.160 172   1.90    0.014
2018-05-05-17:00:47 1.11  Mocks_Em/MockNFW20ellip5loga2.08PA50center0With_background20num80.dat L-BFGS-B     1.0e-04 0 1 1 0     NFW        0.0021  -0.0021     -1.854 0.308  36   1.89   47.6       -465.0166       -912.9826    35   0.0021  -0.0021     -1.852 0.247  36   1.89    0.012
2018-05-05-17:00:47 1.11  Mocks_Em/MockNFW20ellip5loga2.08PA50center0With_background20num81.dat L-BFGS-B     1.0e-04 0 1 1 0     NFW      359.9986   0.0019     -1.864 0.000 140   2.21   46.0       -454.6185       -892.1863   140 359.9986   0.0019     -1.896 0.094 140   1.89    0.047
2018-05-05-17:00:47 1.11  Mocks_Em/MockNFW20ellip5loga2.08PA50center0With_background20num82.dat L-BFGS-B     1.0e-04 0 1 1 0     NFW        0.0004  -0.0004     -1.918 0.015  28   1.96   40.8       -411.2071       -805.3636    49   0.0004  -0.0004     -1.900 0.143  28   1.95    0.017
2018-05-05-17:00:47 1.11  Mocks_Em/MockNFW20ellip5loga2.08PA50center0With_background20num83.dat L-BFGS-B     1.0e-04 0 1 1 0     NFW        0.0007  -0.0002     -1.910 0.014 157   1.89   37.0       -379.7898       -742.5288    35   0.0007  -0.0002     -1.905 0.048 157   1.89    0.012
2018-05-05-17:00:47 1.11  Mocks_Em/MockNFW20ellip5loga2.08PA50center0With_background20num84.dat L-BFGS-B     1.0e-04 0 1 1 0     NFW      359.9999  -0.0002     -1.918 0.263  33   1.93   38.5       -391.2864       -765.5222    49 359.9999  -0.0002     -1.897 0.066  33   1.92    0.016
2018-05-05-17:00:47 1.11  Mocks_Em/MockNFW20ellip5loga2.08PA50center0With_background20num85.dat L-BFGS-B     1.0e-04 0 1 1 0     NFW      359.9982  -0.0001     -1.912 0.000 175   2.04   40.8       -409.2827       -801.5146   112 359.9982  -0.0001     -1.842 0.130 175   1.93    0.037
2018-05-05-17:00:47 1.11  Mocks_Em/MockNFW20ellip5loga2.08PA50center0With_background20num86.dat L-BFGS-B     1.0e-04 0 1 1 0     NFW        0.0018  -0.0019     -1.863 0.015 162   1.98   46.0       -450.8931       -884.7355    84   0.0018  -0.0019     -1.870 0.226 161   1.89    0.029
2018-05-05-17:00:47 1.11  Mocks_Em/MockNFW20ellip5loga2.08PA50center0With_background20num87.dat L-BFGS-B     1.0e-04 0 1 1 0     NFW      359.9995  -0.0005     -1.922 0.300  40   1.92   38.7       -414.5372       -812.0237    42 359.9995  -0.0005     -1.930 0.079  40   1.92    0.014
2018-05-05-17:00:47 1.11  Mocks_Em/MockNFW20ellip5loga2.08PA50center0With_background20num88.dat L-BFGS-B     1.0e-04 0 1 1 0     NFW        0.0016   0.0017     -1.868 0.049  20   1.89   44.9        -449.281       -881.5113    42   0.0016   0.0017     -1.883 0.215  21   1.89    0.014
2018-05-05-17:00:47 1.11  Mocks_Em/MockNFW20ellip5loga2.08PA50center0With_background20num89.dat L-BFGS-B     1.0e-04 0 1 1 0     NFW      359.9994  -0.0007     -1.905 0.366  43   1.95   43.8       -444.5071       -871.9635    28 359.9994  -0.0007     -1.906 0.189  43   1.95    0.009
2018-05-05-17:00:47 1.11  Mocks_Em/MockNFW20ellip5loga2.08PA50center0With_background20num90.dat L-BFGS-B     1.0e-04 0 1 1 0     NFW      359.9999   0.0011     -1.898 0.375  37   1.91   40.8       -412.7766       -808.5024    28 359.9999   0.0011     -1.895 0.175  37   1.91    0.009
2018-05-05-17:00:47 1.11  Mocks_Em/MockNFW20ellip5loga2.08PA50center0With_background20num91.dat L-BFGS-B     1.0e-04 0 1 1 0     NFW        0.0002   0.0017     -1.889 0.342 175   1.88   40.0       -403.5239        -789.997    35   0.0002   0.0017     -1.890 0.067 175   1.88    0.012
2018-05-05-17:00:47 1.11  Mocks_Em/MockNFW20ellip5loga2.08PA50center0With_background20num92.dat L-BFGS-B     1.0e-04 0 1 1 0     NFW        0.0004  -0.0012     -1.897 0.000 160   2.29   43.0       -431.2918       -845.5329   105   0.0004  -0.0012     -1.920 0.092 159   1.93    0.036
2018-05-05-17:00:47 1.11  Mocks_Em/MockNFW20ellip5loga2.08PA50center0With_background20num93.dat L-BFGS-B     1.0e-04 0 1 1 0     NFW      359.9982   0.0020     -1.878 0.000 148   2.06   43.0       -429.1693        -841.288   105 359.9982   0.0020     -1.894 0.076 148   1.89    0.036
2018-05-05-17:00:47 1.11  Mocks_Em/MockNFW20ellip5loga2.08PA50center0With_background20num94.dat L-BFGS-B     1.0e-04 0 1 1 0     NFW      359.9996  -0.0001     -1.933 0.000 141   2.04   40.8       -416.1401       -815.2295    98 359.9996  -0.0001     -1.906 0.181 141   1.98    0.033
2018-05-05-17:00:47 1.11  Mocks_Em/MockNFW20ellip5loga2.08PA50center0With_background20num95.dat L-BFGS-B     1.0e-04 0 1 1 0     NFW      359.9984  -0.0010     -1.891 0.001 152   1.98   45.3       -456.5786       -896.1064    77 359.9984  -0.0010     -1.929 0.055 152   1.94    0.026
2018-05-05-17:00:47 1.11  Mocks_Em/MockNFW20ellip5loga2.08PA50center0With_background20num96.dat L-BFGS-B     1.0e-04 0 1 1 0     NFW        0.0020   0.0014     -1.888 0.027  14   1.92   43.1       -431.4051       -845.7596    42   0.0020   0.0014     -1.884 0.101  14   1.91    0.014
2018-05-05-17:00:47 1.11  Mocks_Em/MockNFW20ellip5loga2.08PA50center0With_background20num97.dat L-BFGS-B     1.0e-04 0 1 1 0     NFW        0.0001  -0.0007     -1.930 0.268  30   1.98   43.6       -470.7772       -924.5038    42   0.0001  -0.0007     -1.934 0.158  30   1.98    0.014
2018-05-05-17:00:47 1.11  Mocks_Em/MockNFW20ellip5loga2.08PA50center0With_background20num98.dat L-BFGS-B     1.0e-04 0 1 1 0     NFW        0.0007  -0.0003     -1.912 0.271 171   1.90   37.8        -384.896       -752.7413    49   0.0007  -0.0003     -1.860 0.134 171   1.90    0.016
2018-05-05-17:00:47 1.11  Mocks_Em/MockNFW20ellip5loga2.08PA50center0With_background20num99.dat L-BFGS-B     1.0e-04 0 1 1 0     NFW        0.0026  -0.0006     -1.863 0.001  19   2.06   46.8       -461.1365       -905.2222    98   0.0026  -0.0006     -1.894 0.101  19   1.90    0.032
