2018-05-05-17:01:18 1.11  Mocks_Em/MockNFW20ellip5loga2.08PA50center0With_background20num0.dat Nelder-Mead  1.0e-04 0 1 1 0     NFW        0.0023  -0.0013     -1.923 0.126  13   1.91   39.7       -446.0658       -875.0808   241   0.0023  -0.0013     -1.923 0.126  12   1.91    0.086
2018-05-05-17:01:18 1.11  Mocks_Em/MockNFW20ellip5loga2.08PA50center0With_background20num1.dat Nelder-Mead  1.0e-04 0 1 1 0     NFW      359.9984  -0.0019     -1.907 0.086   4   1.94   40.9       -440.2766       -863.5024   241 359.9984  -0.0019     -1.861 0.086   4   1.90    0.064
2018-05-05-17:01:18 1.11  Mocks_Em/MockNFW20ellip5loga2.08PA50center0With_background20num2.dat Nelder-Mead  1.0e-04 0 1 1 0     NFW      359.9994  -0.0010     -1.912 0.133 154   1.94   39.9       -410.0882       -803.1257   241 359.9994  -0.0010     -1.843 0.133 154   1.91    0.053
2018-05-05-17:01:18 1.11  Mocks_Em/MockNFW20ellip5loga2.08PA50center0With_background20num3.dat Nelder-Mead  1.0e-04 0 1 1 0     NFW      359.9976   0.0007     -1.903 0.265 155   1.90   41.2       -433.3673       -849.6838   241 359.9976   0.0007     -1.857 0.265 151   1.90    0.050
2018-05-05-17:01:18 1.11  Mocks_Em/MockNFW20ellip5loga2.08PA50center0With_background20num4.dat Nelder-Mead  1.0e-04 0 1 1 0     NFW      359.9996  -0.0027     -1.885 0.119  18   2.04   47.6       -485.0469        -953.043   241 359.9996  -0.0027     -1.885 0.119  18   1.94    0.049
2018-05-05-17:01:18 1.11  Mocks_Em/MockNFW20ellip5loga2.08PA50center0With_background20num5.dat Nelder-Mead  1.0e-04 0 1 1 0     NFW        0.0001  -0.0009     -2.085 0.105 149   1.92   25.2       -416.9835       -816.9163   241   0.0001  -0.0009     -1.986 0.105 149   1.92    0.049
2018-05-05-17:01:18 1.11  Mocks_Em/MockNFW20ellip5loga2.08PA50center0With_background20num6.dat Nelder-Mead  1.0e-04 0 1 1 0     NFW        0.0002  -0.0011     -1.960 0.124  31   1.97   37.8       -428.4106       -839.7704   241   0.0002  -0.0011     -1.960 0.124  29   1.97    0.048
2018-05-05-17:01:18 1.11  Mocks_Em/MockNFW20ellip5loga2.08PA50center0With_background20num7.dat Nelder-Mead  1.0e-04 0 1 1 0     NFW        0.0012   0.0007     -1.906 0.107  36   1.91   40.7       -432.5881       -848.1254   241   0.0012   0.0007     -1.906 0.107  35   1.91    0.049
2018-05-05-17:01:18 1.11  Mocks_Em/MockNFW20ellip5loga2.08PA50center0With_background20num8.dat Nelder-Mead  1.0e-04 0 1 1 0     NFW        0.0025  -0.0013     -1.893 0.233  38   1.92   44.8       -457.5549        -898.059   241   0.0025  -0.0013     -1.847 0.233  37   1.92    0.048
2018-05-05-17:01:18 1.11  Mocks_Em/MockNFW20ellip5loga2.08PA50center0With_background20num9.dat Nelder-Mead  1.0e-04 0 1 1 0     NFW      359.9991  -0.0005     -1.923 0.202 158   1.92   39.3       -415.9631       -814.8755   241 359.9991  -0.0005     -1.923 0.202 151   1.92    0.048
2018-05-05-17:01:18 1.11  Mocks_Em/MockNFW20ellip5loga2.08PA50center0With_background20num10.dat Nelder-Mead  1.0e-04 0 1 1 0     NFW        0.0001   0.0003     -1.958 0.113  43   1.94   35.6       -401.3681       -785.6854   241   0.0001   0.0003     -1.910 0.110  43   1.94    0.047
2018-05-05-17:01:18 1.11  Mocks_Em/MockNFW20ellip5loga2.08PA50center0With_background20num11.dat Nelder-Mead  1.0e-04 0 1 1 0     NFW        0.0004  -0.0010     -1.934 0.168 164   1.94   37.4       -385.3478       -753.6449   241   0.0004  -0.0010     -1.864 0.168 162   1.94    0.047
2018-05-05-17:01:18 1.11  Mocks_Em/MockNFW20ellip5loga2.08PA50center0With_background20num12.dat Nelder-Mead  1.0e-04 0 1 1 0     NFW        0.0013   0.0009     -1.917 0.109 167   1.92   39.7       -425.2744       -833.4981   241   0.0013   0.0009     -1.917 0.109 159   1.92    0.049
2018-05-05-17:01:18 1.11  Mocks_Em/MockNFW20ellip5loga2.08PA50center0With_background20num13.dat Nelder-Mead  1.0e-04 0 1 1 0     NFW        0.0020   0.0012     -1.913 0.156  11   1.93   42.3       -456.8967       -896.7426   241   0.0020   0.0012     -1.913 0.156  11   1.93    0.049
2018-05-05-17:01:18 1.11  Mocks_Em/MockNFW20ellip5loga2.08PA50center0With_background20num14.dat Nelder-Mead  1.0e-04 0 1 1 0     NFW      359.9978  -0.0018     -1.882 0.088 178   1.92   41.4       -443.3778       -869.7049   241 359.9978  -0.0018     -1.882 0.088 176   1.85    0.047
2018-05-05-17:01:18 1.11  Mocks_Em/MockNFW20ellip5loga2.08PA50center0With_background20num15.dat Nelder-Mead  1.0e-04 0 1 1 0     NFW      359.9999   0.0011     -1.926 0.242 143   1.91   37.1       -401.3471       -785.6435   241 359.9999   0.0011     -1.879 0.242 140   1.91    0.047
2018-05-05-17:01:18 1.11  Mocks_Em/MockNFW20ellip5loga2.08PA50center0With_background20num16.dat Nelder-Mead  1.0e-04 0 1 1 0     NFW        0.0008  -0.0008     -1.948 0.080  29   1.98   37.2       -426.4887       -835.9267   241   0.0008  -0.0008     -1.901 0.080  29   1.93    0.048
2018-05-05-17:01:18 1.11  Mocks_Em/MockNFW20ellip5loga2.08PA50center0With_background20num17.dat Nelder-Mead  1.0e-04 0 1 1 0     NFW        0.0009  -0.0006     -1.934 0.091 180   1.93   37.1        -395.653       -774.2553   241   0.0009  -0.0006     -1.864 0.091 178   1.92    0.048
2018-05-05-17:01:18 1.11  Mocks_Em/MockNFW20ellip5loga2.08PA50center0With_background20num18.dat Nelder-Mead  1.0e-04 0 1 1 0     NFW      359.9982  -0.0012     -1.870 0.095  37   1.87   42.9       -429.7995       -842.5483   241 359.9982  -0.0012     -1.870 0.095  35   1.87    0.048
2018-05-05-17:01:18 1.11  Mocks_Em/MockNFW20ellip5loga2.08PA50center0With_background20num19.dat Nelder-Mead  1.0e-04 0 1 1 0     NFW        0.0012  -0.0000     -1.935 0.031 177   1.90   35.7        -395.295       -773.5393   241   0.0012  -0.0000     -1.935 0.030 173   1.90    0.050
2018-05-05-17:01:18 1.11  Mocks_Em/MockNFW20ellip5loga2.08PA50center0With_background20num20.dat Nelder-Mead  1.0e-04 0 1 1 0     NFW      359.9993  -0.0010     -1.914 0.143 146   1.94   38.3       -409.9299       -802.8092   241 359.9993  -0.0010     -1.867 0.143 146   1.89    0.047
2018-05-05-17:01:18 1.11  Mocks_Em/MockNFW20ellip5loga2.08PA50center0With_background20num21.dat Nelder-Mead  1.0e-04 0 1 1 0     NFW      359.9995  -0.0013     -1.910 0.126  11   1.87   36.0       -363.2012       -709.3517   241 359.9995  -0.0013     -1.830 0.126  11   1.87    0.044
2018-05-05-17:01:18 1.11  Mocks_Em/MockNFW20ellip5loga2.08PA50center0With_background20num22.dat Nelder-Mead  1.0e-04 0 1 1 0     NFW        0.0007   0.0001     -1.914 0.065 165   1.94   37.4       -384.4692       -751.8877   241   0.0007   0.0001     -1.867 0.065 165   1.89    0.049
2018-05-05-17:01:18 1.11  Mocks_Em/MockNFW20ellip5loga2.08PA50center0With_background20num23.dat Nelder-Mead  1.0e-04 0 1 1 0     NFW      359.9979   0.0005     -1.942 0.135   5   1.95   40.2       -462.3499        -907.649   241 359.9979   0.0005     -1.942 0.135   5   1.95    0.051
2018-05-05-17:01:18 1.11  Mocks_Em/MockNFW20ellip5loga2.08PA50center0With_background20num24.dat Nelder-Mead  1.0e-04 0 1 1 0     NFW      359.9995  -0.0010     -1.966 0.305  44   1.97   36.3       -407.1355       -797.2203   241 359.9995  -0.0010     -1.966 0.305  42   1.97    0.049
2018-05-05-17:01:18 1.11  Mocks_Em/MockNFW20ellip5loga2.08PA50center0With_background20num25.dat Nelder-Mead  1.0e-04 0 1 1 0     NFW        0.0001  -0.0013     -1.924 0.094  31   1.95   37.4       -396.2563        -775.462   241   0.0001  -0.0013     -1.877 0.094  31   1.91    0.046
2018-05-05-17:01:18 1.11  Mocks_Em/MockNFW20ellip5loga2.08PA50center0With_background20num26.dat Nelder-Mead  1.0e-04 0 1 1 0     NFW        0.0009   0.0001     -1.943 0.091 165   1.94   37.2       -413.0162       -808.9818   241   0.0009   0.0001     -1.943 0.091 157   1.94    0.050
2018-05-05-17:01:18 1.11  Mocks_Em/MockNFW20ellip5loga2.08PA50center0With_background20num27.dat Nelder-Mead  1.0e-04 0 1 1 0     NFW      359.9987   0.0026     -1.921 0.125  26   1.86   38.3       -459.2063       -901.3619   241 359.9987   0.0026     -1.921 0.125  25   1.86    0.049
2018-05-05-17:01:18 1.11  Mocks_Em/MockNFW20ellip5loga2.08PA50center0With_background20num28.dat Nelder-Mead  1.0e-04 0 1 1 0     NFW      359.9993  -0.0015     -1.903 0.077  32   1.89   39.4       -406.0504       -795.0502   241 359.9993  -0.0015     -1.856 0.077  31   1.89    0.048
2018-05-05-17:01:18 1.11  Mocks_Em/MockNFW20ellip5loga2.08PA50center0With_background20num29.dat Nelder-Mead  1.0e-04 0 1 1 0     NFW        0.0006  -0.0006     -1.934 0.219   3   1.92   37.5       -409.8892       -802.7277   241   0.0006  -0.0006     -1.886 0.219   3   1.92    0.047
2018-05-05-17:01:18 1.11  Mocks_Em/MockNFW20ellip5loga2.08PA50center0With_background20num30.dat Nelder-Mead  1.0e-04 0 1 1 0     NFW      359.9989  -0.0001     -1.926 0.179  30   1.90   37.1       -402.7608       -788.4709   241 359.9989  -0.0001     -1.879 0.179  29   1.90    0.048
2018-05-05-17:01:18 1.11  Mocks_Em/MockNFW20ellip5loga2.08PA50center0With_background20num31.dat Nelder-Mead  1.0e-04 0 1 1 0     NFW      359.9999   0.0015     -1.927 0.113  29   1.96   40.7       -416.8475       -816.6442   241 359.9999   0.0015     -1.927 0.113  28   1.96    0.048
2018-05-05-17:01:18 1.11  Mocks_Em/MockNFW20ellip5loga2.08PA50center0With_background20num32.dat Nelder-Mead  1.0e-04 0 1 1 0     NFW        0.0009   0.0003     -1.929 0.082 160   1.89   34.5       -361.7933        -706.536   241   0.0009   0.0003     -1.882 0.082 156   1.89    0.047
2018-05-05-17:01:18 1.11  Mocks_Em/MockNFW20ellip5loga2.08PA50center0With_background20num33.dat Nelder-Mead  1.0e-04 0 1 1 0     NFW      359.9992   0.0008     -1.894 0.173 162   1.93   43.8        -438.146       -859.2413   241 359.9992   0.0008     -1.894 0.173 154   1.93    0.048
2018-05-05-17:01:18 1.11  Mocks_Em/MockNFW20ellip5loga2.08PA50center0With_background20num34.dat Nelder-Mead  1.0e-04 0 1 1 0     NFW        0.0009  -0.0014     -1.940 0.109  10   1.91   35.0       -376.4893       -735.9279   241   0.0009  -0.0014     -1.893 0.109  10   1.91    0.046
2018-05-05-17:01:18 1.11  Mocks_Em/MockNFW20ellip5loga2.08PA50center0With_background20num35.dat Nelder-Mead  1.0e-04 0 1 1 0     NFW      359.9999  -0.0016     -1.895 0.163 153   1.90   41.6       -416.2352       -815.4198   241 359.9999  -0.0016     -1.848 0.163 149   1.90    0.047
2018-05-05-17:01:18 1.11  Mocks_Em/MockNFW20ellip5loga2.08PA50center0With_background20num36.dat Nelder-Mead  1.0e-04 0 1 1 0     NFW      359.9999  -0.0007     -1.924 0.073 167   1.95   40.7        -426.777       -836.5033   241 359.9999  -0.0007     -1.924 0.073 159   1.95    0.049
2018-05-05-17:01:18 1.11  Mocks_Em/MockNFW20ellip5loga2.08PA50center0With_background20num37.dat Nelder-Mead  1.0e-04 0 1 1 0     NFW        0.0006  -0.0010     -1.946 0.158 159   1.97   39.2       -419.3806       -821.7106   241   0.0006  -0.0010     -1.946 0.158 152   1.97    0.049
2018-05-05-17:01:18 1.11  Mocks_Em/MockNFW20ellip5loga2.08PA50center0With_background20num38.dat Nelder-Mead  1.0e-04 0 1 1 0     NFW      359.9991  -0.0017     -1.893 0.118 154   1.89   40.7       -412.6903       -808.3299   241 359.9991  -0.0017     -1.847 0.118 150   1.89    0.047
2018-05-05-17:01:18 1.11  Mocks_Em/MockNFW20ellip5loga2.08PA50center0With_background20num39.dat Nelder-Mead  1.0e-04 0 1 1 0     NFW      359.9996   0.0003     -1.915 0.040  32   1.93   36.0       -365.9674        -714.884   241 359.9996   0.0003     -1.869 0.040  32   1.88    0.047
2018-05-05-17:01:18 1.11  Mocks_Em/MockNFW20ellip5loga2.08PA50center0With_background20num40.dat Nelder-Mead  1.0e-04 0 1 1 0     NFW      359.9984  -0.0004     -1.910 0.089 136   1.93   38.0       -406.4905       -795.9303   241 359.9984  -0.0004     -1.864 0.089 136   1.88    0.047
2018-05-05-17:01:18 1.11  Mocks_Em/MockNFW20ellip5loga2.08PA50center0With_background20num41.dat Nelder-Mead  1.0e-04 0 1 1 0     NFW        0.0003  -0.0002     -1.930 0.153  21   1.91   34.5        -364.782       -712.5134   241   0.0003  -0.0002     -1.860 0.153  21   1.88    0.047
2018-05-05-17:01:18 1.11  Mocks_Em/MockNFW20ellip5loga2.08PA50center0With_background20num42.dat Nelder-Mead  1.0e-04 0 1 1 0     NFW      359.9985   0.0008     -1.912 0.132  33   1.95   35.3       -376.0438       -735.0369   241 359.9985   0.0008     -1.912 0.132  33   1.86    0.049
2018-05-05-17:01:18 1.11  Mocks_Em/MockNFW20ellip5loga2.08PA50center0With_background20num43.dat Nelder-Mead  1.0e-04 0 1 1 0     NFW        0.0000   0.0007     -1.912 0.076 136   1.95   38.4        -396.258       -775.4652   241   0.0000   0.0007     -1.865 0.076 136   1.90    0.049
2018-05-05-17:01:18 1.11  Mocks_Em/MockNFW20ellip5loga2.08PA50center0With_background20num44.dat Nelder-Mead  1.0e-04 0 1 1 0     NFW        0.0026  -0.0006     -1.956 0.084 146   1.89   35.9       -450.8362       -884.6216   241   0.0026  -0.0006     -1.956 0.084 139   1.89    0.048
2018-05-05-17:01:18 1.11  Mocks_Em/MockNFW20ellip5loga2.08PA50center0With_background20num45.dat Nelder-Mead  1.0e-04 0 1 1 0     NFW        0.0006   0.0007     -1.934 0.074   1   1.93   37.0       -390.7277       -764.4048   241   0.0006   0.0007     -1.934 0.074   1   1.93    0.049
2018-05-05-17:01:18 1.11  Mocks_Em/MockNFW20ellip5loga2.08PA50center0With_background20num46.dat Nelder-Mead  1.0e-04 0 1 1 0     NFW        0.0001  -0.0004     -1.922 0.156  21   1.88   35.2       -370.8829        -724.715   241   0.0001  -0.0004     -1.875 0.156  21   1.88    0.048
2018-05-05-17:01:18 1.11  Mocks_Em/MockNFW20ellip5loga2.08PA50center0With_background20num47.dat Nelder-Mead  1.0e-04 0 1 1 0     NFW        0.0001   0.0012     -1.920 0.098 167   2.05   41.6       -435.7074        -854.364   241   0.0001   0.0012     -1.920 0.098 167   1.95    0.050
2018-05-05-17:01:18 1.11  Mocks_Em/MockNFW20ellip5loga2.08PA50center0With_background20num48.dat Nelder-Mead  1.0e-04 0 1 1 0     NFW      359.9996   0.0007     -1.911 0.235 179   1.90   38.4       -393.0983        -769.146   241 359.9996   0.0007     -1.865 0.235 175   1.90    0.049
2018-05-05-17:01:18 1.11  Mocks_Em/MockNFW20ellip5loga2.08PA50center0With_background20num49.dat Nelder-Mead  1.0e-04 0 1 1 0     NFW      360.0000  -0.0011     -1.913 0.092  43   1.94   40.1       -411.3212       -805.5917   241 360.0000  -0.0011     -1.844 0.092  43   1.92    0.046
2018-05-05-17:01:18 1.11  Mocks_Em/MockNFW20ellip5loga2.08PA50center0With_background20num50.dat Nelder-Mead  1.0e-04 0 1 1 0     NFW        0.0021  -0.0011     -1.903 0.122 180   1.94   40.0       -413.3347       -809.6187   241   0.0021  -0.0011     -1.857 0.122 179   1.90    0.047
2018-05-05-17:01:18 1.11  Mocks_Em/MockNFW20ellip5loga2.08PA50center0With_background20num51.dat Nelder-Mead  1.0e-04 0 1 1 0     NFW        0.0005   0.0004     -1.930 0.198 174   1.91   36.1       -374.8072       -732.5638   241   0.0005   0.0004     -1.860 0.198 172   1.91    0.046
2018-05-05-17:01:18 1.11  Mocks_Em/MockNFW20ellip5loga2.08PA50center0With_background20num52.dat Nelder-Mead  1.0e-04 0 1 1 0     NFW      359.9997   0.0003     -1.936 0.137 161   1.90   34.9       -376.3232       -735.5957   241 359.9997   0.0003     -1.889 0.137 157   1.90    0.048
2018-05-05-17:01:18 1.11  Mocks_Em/MockNFW20ellip5loga2.08PA50center0With_background20num53.dat Nelder-Mead  1.0e-04 0 1 1 0     NFW      359.9999   0.0006     -1.934 0.091  10   1.87   32.8       -344.5842       -672.1176   241 359.9999   0.0006     -1.864 0.091  10   1.87    0.046
2018-05-05-17:01:18 1.11  Mocks_Em/MockNFW20ellip5loga2.08PA50center0With_background20num54.dat Nelder-Mead  1.0e-04 0 1 1 0     NFW      359.9996   0.0004     -1.951 0.241 139   1.94   36.7       -408.8506       -800.6504   241 359.9996   0.0004     -1.904 0.241 136   1.94    0.047
2018-05-05-17:01:18 1.11  Mocks_Em/MockNFW20ellip5loga2.08PA50center0With_background20num55.dat Nelder-Mead  1.0e-04 0 1 1 0     NFW      359.9986  -0.0004     -1.928 0.110  45   1.94   40.4       -436.3514       -855.6522   241 359.9986  -0.0004     -1.881 0.110  44   1.94    0.049
2018-05-05-17:01:18 1.11  Mocks_Em/MockNFW20ellip5loga2.08PA50center0With_background20num56.dat Nelder-Mead  1.0e-04 0 1 1 0     NFW        0.0001   0.0010     -1.908 0.078  39   1.90   39.3       -409.4081       -801.7654   241   0.0001   0.0010     -1.908 0.078  38   1.90    0.049
2018-05-05-17:01:18 1.11  Mocks_Em/MockNFW20ellip5loga2.08PA50center0With_background20num57.dat Nelder-Mead  1.0e-04 0 1 1 0     NFW        0.0008  -0.0010     -2.007 0.099 177   2.01   33.7       -450.7179       -884.3851   241   0.0008  -0.0010     -2.007 0.099 172   1.96    0.047
2018-05-05-17:01:18 1.11  Mocks_Em/MockNFW20ellip5loga2.08PA50center0With_background20num58.dat Nelder-Mead  1.0e-04 0 1 1 0     NFW      359.9988  -0.0001     -1.910 0.189 157   1.91   40.2       -421.5191       -825.9874   241 359.9988  -0.0001     -1.910 0.189 150   1.91    0.049
2018-05-05-17:01:18 1.11  Mocks_Em/MockNFW20ellip5loga2.08PA50center0With_background20num59.dat Nelder-Mead  1.0e-04 0 1 1 0     NFW      359.9993  -0.0006     -1.960 0.085 161   2.04   36.6       -423.9035       -830.7563   241 359.9993  -0.0006     -1.960 0.085 161   1.95    0.048
2018-05-05-17:01:18 1.11  Mocks_Em/MockNFW20ellip5loga2.08PA50center0With_background20num60.dat Nelder-Mead  1.0e-04 0 1 1 0     NFW        0.0023  -0.0018     -1.898 0.229 157   1.89   41.7       -442.5829       -868.1151   241   0.0023  -0.0018     -1.898 0.229 149   1.89    0.048
2018-05-05-17:01:18 1.11  Mocks_Em/MockNFW20ellip5loga2.08PA50center0With_background20num61.dat Nelder-Mead  1.0e-04 0 1 1 0     NFW        0.0010   0.0003     -1.942 0.056 140   1.83   29.8       -335.3457       -653.6406   241   0.0010   0.0003     -1.849 0.056 140   1.83    0.047
2018-05-05-17:01:18 1.11  Mocks_Em/MockNFW20ellip5loga2.08PA50center0With_background20num62.dat Nelder-Mead  1.0e-04 0 1 1 0     NFW        0.0011   0.0011     -1.908 0.220  27   1.88   36.9       -372.3535       -727.6562   241   0.0011   0.0011     -1.861 0.220  26   1.88    0.047
2018-05-05-17:01:18 1.11  Mocks_Em/MockNFW20ellip5loga2.08PA50center0With_background20num63.dat Nelder-Mead  1.0e-04 0 1 1 0     NFW      359.9992  -0.0002     -1.952 0.062  14   1.97   39.3       -439.9602       -862.8697   241 359.9992  -0.0002     -1.952 0.062  13   1.97    0.051
2018-05-05-17:01:18 1.11  Mocks_Em/MockNFW20ellip5loga2.08PA50center0With_background20num64.dat Nelder-Mead  1.0e-04 0 1 1 0     NFW        0.0011   0.0009     -1.908 0.161  34   1.93   42.2       -432.9929        -848.935   241   0.0011   0.0009     -1.908 0.161  33   1.93    0.049
2018-05-05-17:01:18 1.11  Mocks_Em/MockNFW20ellip5loga2.08PA50center0With_background20num65.dat Nelder-Mead  1.0e-04 0 1 1 0     NFW      359.9984  -0.0004     -1.947 0.208  39   2.04   39.1       -454.1058       -891.1609   241 359.9984  -0.0004     -1.947 0.208  39   1.94    0.051
2018-05-05-17:01:18 1.11  Mocks_Em/MockNFW20ellip5loga2.08PA50center0With_background20num66.dat Nelder-Mead  1.0e-04 0 1 1 0     NFW        0.0009   0.0011     -1.946 0.083 156   1.89   31.6       -332.2835       -647.5163   241   0.0009   0.0011     -1.856 0.083 155   1.89    0.044
2018-05-05-17:01:18 1.11  Mocks_Em/MockNFW20ellip5loga2.08PA50center0With_background20num67.dat Nelder-Mead  1.0e-04 0 1 1 0     NFW      359.9999   0.0001     -1.829 0.150 157   1.83   40.4           1E+30           2E+30   143 359.9999   0.0001     -1.829 0.150 157   1.83    0.003
2018-05-05-17:01:18 1.11  Mocks_Em/MockNFW20ellip5loga2.08PA50center0With_background20num68.dat Nelder-Mead  1.0e-04 0 1 1 0     NFW      359.9997  -0.0006     -1.926 0.156  20   1.90   35.5       -370.5392       -724.0277   241 359.9997  -0.0006     -1.857 0.156  20   1.90    0.049
2018-05-05-17:01:18 1.11  Mocks_Em/MockNFW20ellip5loga2.08PA50center0With_background20num69.dat Nelder-Mead  1.0e-04 0 1 1 0     NFW        0.0011   0.0013     -1.931 0.229  27   1.90   36.9       -413.5924       -810.1341   241   0.0011   0.0013     -1.931 0.229  25   1.90    0.050
2018-05-05-17:01:18 1.11  Mocks_Em/MockNFW20ellip5loga2.08PA50center0With_background20num70.dat Nelder-Mead  1.0e-04 0 1 1 0     NFW      359.9989   0.0015     -1.900 0.137  38   1.92   44.1       -470.4389        -923.827   241 359.9989   0.0015     -1.900 0.137  36   1.92    0.049
2018-05-05-17:01:18 1.11  Mocks_Em/MockNFW20ellip5loga2.08PA50center0With_background20num71.dat Nelder-Mead  1.0e-04 0 1 1 0     NFW      359.9996  -0.0009     -1.906 0.201  41   1.85   34.6       -347.6659       -678.2811   241 359.9996  -0.0009     -1.817 0.200  41   1.85    0.040
2018-05-05-17:01:18 1.11  Mocks_Em/MockNFW20ellip5loga2.08PA50center0With_background20num72.dat Nelder-Mead  1.0e-04 0 1 1 0     NFW      359.9996   0.0008     -1.918 0.237 140   1.90   37.5       -394.8808       -772.7108   241 359.9996   0.0008     -1.871 0.231 140   1.90    0.048
2018-05-05-17:01:18 1.11  Mocks_Em/MockNFW20ellip5loga2.08PA50center0With_background20num73.dat Nelder-Mead  1.0e-04 0 1 1 0     NFW      359.9996  -0.0015     -1.906 0.201   1   1.91   40.6       -419.0078        -820.965   241 359.9996  -0.0015     -1.859 0.196   1   1.91    0.047
2018-05-05-17:01:18 1.11  Mocks_Em/MockNFW20ellip5loga2.08PA50center0With_background20num74.dat Nelder-Mead  1.0e-04 0 1 1 0     NFW        0.0005  -0.0001     -1.917 0.098 168   1.88   35.9       -367.4508       -717.8509   241   0.0005  -0.0001     -1.847 0.098 166   1.88    0.047
2018-05-05-17:01:18 1.11  Mocks_Em/MockNFW20ellip5loga2.08PA50center0With_background20num75.dat Nelder-Mead  1.0e-04 0 1 1 0     NFW        0.0012  -0.0002     -1.950 0.139  46   1.93   36.5       -412.9093       -808.7679   241   0.0012  -0.0002     -1.902 0.139  45   1.93    0.048
2018-05-05-17:01:18 1.11  Mocks_Em/MockNFW20ellip5loga2.08PA50center0With_background20num76.dat Nelder-Mead  1.0e-04 0 1 1 0     NFW        0.0024  -0.0001     -1.874 0.076 168   1.90   45.1         -443.39       -869.7294   241   0.0024  -0.0001     -1.874 0.076 160   1.90    0.049
2018-05-05-17:01:18 1.11  Mocks_Em/MockNFW20ellip5loga2.08PA50center0With_background20num77.dat Nelder-Mead  1.0e-04 0 1 1 0     NFW      359.9994   0.0007     -1.903 0.171 148   1.87   37.4       -381.9912       -746.9318   241 359.9994   0.0007     -1.903 0.171 141   1.87    0.049
2018-05-05-17:01:18 1.11  Mocks_Em/MockNFW20ellip5loga2.08PA50center0With_background20num78.dat Nelder-Mead  1.0e-04 0 1 1 0     NFW      359.9989   0.0016     -1.915 0.089 177   1.89   39.7       -440.1747       -863.2988   241 359.9989   0.0016     -1.868 0.089 172   1.89    0.047
2018-05-05-17:01:18 1.11  Mocks_Em/MockNFW20ellip5loga2.08PA50center0With_background20num79.dat Nelder-Mead  1.0e-04 0 1 1 0     NFW        0.0023   0.0006     -1.949 0.164 176   1.90   37.1        -464.008       -910.9654   241   0.0023   0.0006     -1.949 0.160 172   1.90    0.048
2018-05-05-17:01:18 1.11  Mocks_Em/MockNFW20ellip5loga2.08PA50center0With_background20num80.dat Nelder-Mead  1.0e-04 0 1 1 0     NFW        0.0021  -0.0021     -1.898 0.247  37   1.89   42.2       -464.5572       -912.0638   241   0.0021  -0.0021     -1.852 0.247  36   1.89    0.047
2018-05-05-17:01:18 1.11  Mocks_Em/MockNFW20ellip5loga2.08PA50center0With_background20num81.dat Nelder-Mead  1.0e-04 0 1 1 0     NFW      359.9986   0.0019     -1.896 0.094 147   1.89   42.2       -454.0603       -891.0698   241 359.9986   0.0019     -1.896 0.094 140   1.89    0.048
2018-05-05-17:01:18 1.11  Mocks_Em/MockNFW20ellip5loga2.08PA50center0With_background20num82.dat Nelder-Mead  1.0e-04 0 1 1 0     NFW        0.0004  -0.0004     -1.947 0.143  29   1.95   37.6       -410.6189       -804.1871   241   0.0004  -0.0004     -1.900 0.143  28   1.95    0.047
2018-05-05-17:01:18 1.11  Mocks_Em/MockNFW20ellip5loga2.08PA50center0With_background20num83.dat Nelder-Mead  1.0e-04 0 1 1 0     NFW        0.0007  -0.0002     -1.953 0.048 161   1.89   32.9       -379.6926       -742.3345   241   0.0007  -0.0002     -1.905 0.048 157   1.89    0.048
2018-05-05-17:01:18 1.11  Mocks_Em/MockNFW20ellip5loga2.08PA50center0With_background20num84.dat Nelder-Mead  1.0e-04 0 1 1 0     NFW      359.9999  -0.0002     -1.945 0.066  34   1.92   35.8       -390.9649        -764.879   241 359.9999  -0.0002     -1.897 0.066  33   1.92    0.049
2018-05-05-17:01:18 1.11  Mocks_Em/MockNFW20ellip5loga2.08PA50center0With_background20num85.dat Nelder-Mead  1.0e-04 0 1 1 0     NFW      359.9982  -0.0001     -1.922 0.130 176   1.93   39.6       -408.1919        -799.333   241 359.9982  -0.0001     -1.842 0.130 175   1.93    0.045
2018-05-05-17:01:18 1.11  Mocks_Em/MockNFW20ellip5loga2.08PA50center0With_background20num86.dat Nelder-Mead  1.0e-04 0 1 1 0     NFW        0.0018  -0.0019     -1.870 0.226 169   1.89   45.0        -450.493       -883.9354   241   0.0018  -0.0019     -1.870 0.226 161   1.89    0.048
2018-05-05-17:01:18 1.11  Mocks_Em/MockNFW20ellip5loga2.08PA50center0With_background20num87.dat Nelder-Mead  1.0e-04 0 1 1 0     NFW      359.9995  -0.0005     -1.930 0.083  40   1.92   37.9        -414.249       -811.4472   241 359.9995  -0.0005     -1.930 0.079  40   1.92    0.048
2018-05-05-17:01:18 1.11  Mocks_Em/MockNFW20ellip5loga2.08PA50center0With_background20num88.dat Nelder-Mead  1.0e-04 0 1 1 0     NFW        0.0016   0.0017     -1.883 0.215  21   1.98   43.1        -449.133       -881.2152   241   0.0016   0.0017     -1.883 0.215  21   1.89    0.048
2018-05-05-17:01:18 1.11  Mocks_Em/MockNFW20ellip5loga2.08PA50center0With_background20num89.dat Nelder-Mead  1.0e-04 0 1 1 0     NFW      359.9994  -0.0007     -1.906 0.199  43   1.95   43.7       -444.0427       -871.0346   241 359.9994  -0.0007     -1.906 0.189  43   1.95    0.049
2018-05-05-17:01:18 1.11  Mocks_Em/MockNFW20ellip5loga2.08PA50center0With_background20num90.dat Nelder-Mead  1.0e-04 0 1 1 0     NFW      359.9999   0.0011     -1.942 0.179  37   1.91   36.1       -412.0388       -807.0268   241 359.9999   0.0011     -1.895 0.175  37   1.91    0.046
2018-05-05-17:01:18 1.11  Mocks_Em/MockNFW20ellip5loga2.08PA50center0With_background20num91.dat Nelder-Mead  1.0e-04 0 1 1 0     NFW        0.0002   0.0017     -1.890 0.069 178   1.88   39.9       -403.0683       -789.0859   241   0.0002   0.0017     -1.890 0.067 175   1.88    0.047
2018-05-05-17:01:18 1.11  Mocks_Em/MockNFW20ellip5loga2.08PA50center0With_background20num92.dat Nelder-Mead  1.0e-04 0 1 1 0     NFW        0.0004  -0.0012     -1.920 0.092 167   1.93   40.4        -430.814       -844.5773   241   0.0004  -0.0012     -1.920 0.092 159   1.93    0.049
2018-05-05-17:01:18 1.11  Mocks_Em/MockNFW20ellip5loga2.08PA50center0With_background20num93.dat Nelder-Mead  1.0e-04 0 1 1 0     NFW      359.9982   0.0020     -1.894 0.076 155   1.89   41.2       -428.9174       -840.7841   241 359.9982   0.0020     -1.894 0.076 148   1.89    0.049
2018-05-05-17:01:18 1.11  Mocks_Em/MockNFW20ellip5loga2.08PA50center0With_background20num94.dat Nelder-Mead  1.0e-04 0 1 1 0     NFW      359.9996  -0.0001     -1.954 0.181 144   1.98   38.5       -414.2499       -811.4491   241 359.9996  -0.0001     -1.906 0.181 141   1.98    0.049
2018-05-05-17:01:18 1.11  Mocks_Em/MockNFW20ellip5loga2.08PA50center0With_background20num95.dat Nelder-Mead  1.0e-04 0 1 1 0     NFW      359.9984  -0.0010     -1.929 0.055 160   1.94   40.9       -456.3313       -895.6119   241 359.9984  -0.0010     -1.929 0.055 152   1.94    0.049
2018-05-05-17:01:18 1.11  Mocks_Em/MockNFW20ellip5loga2.08PA50center0With_background20num96.dat Nelder-Mead  1.0e-04 0 1 1 0     NFW        0.0020   0.0014     -1.931 0.101  14   1.91   38.2       -431.0055       -844.9603   241   0.0020   0.0014     -1.884 0.101  14   1.91    0.048
2018-05-05-17:01:18 1.11  Mocks_Em/MockNFW20ellip5loga2.08PA50center0With_background20num97.dat Nelder-Mead  1.0e-04 0 1 1 0     NFW        0.0001  -0.0007     -1.934 0.158  31   1.98   43.1       -470.6862       -924.3218   241   0.0001  -0.0007     -1.934 0.158  30   1.98    0.049
2018-05-05-17:01:18 1.11  Mocks_Em/MockNFW20ellip5loga2.08PA50center0With_background20num98.dat Nelder-Mead  1.0e-04 0 1 1 0     NFW        0.0007  -0.0003     -1.930 0.134 173   1.90   35.9       -384.7035       -752.3562   241   0.0007  -0.0003     -1.860 0.134 171   1.90    0.046
2018-05-05-17:01:18 1.11  Mocks_Em/MockNFW20ellip5loga2.08PA50center0With_background20num99.dat Nelder-Mead  1.0e-04 0 1 1 0     NFW        0.0026  -0.0006     -1.894 0.101  20   1.90   43.0       -460.6631       -904.2755   241   0.0026  -0.0006     -1.894 0.101  19   1.90    0.050
