2018-05-05-17:00:25 1.11  Mocks_Em/MockNFW20ellip5loga2.08PA50center0With_background20num0.dat TNC          1.0e-04 0 1 1 0     NFW        0.0023  -0.0013     -1.881 0.000  14   3.41   43.0       -446.6289       -876.2071    53   0.0023  -0.0013     -1.923 0.126  12   1.91    0.217
2018-05-05-17:00:25 1.11  Mocks_Em/MockNFW20ellip5loga2.08PA50center0With_background20num1.dat TNC          1.0e-04 0 1 1 0     NFW      359.9984  -0.0019     -1.870 0.000   4  -0.95   45.4       -441.2821       -865.5135    59 359.9984  -0.0019     -1.861 0.086   4   1.90    0.159
2018-05-05-17:00:25 1.11  Mocks_Em/MockNFW20ellip5loga2.08PA50center0With_background20num2.dat TNC          1.0e-04 0 1 1 0     NFW      359.9994  -0.0010     -2.125 0.800  92   4.91   -4.0       -418.3153       -819.5798   168 359.9994  -0.0010     -1.843 0.133 154   1.91    0.431
2018-05-05-17:00:25 1.11  Mocks_Em/MockNFW20ellip5loga2.08PA50center0With_background20num3.dat TNC          1.0e-04 0 1 1 0     NFW      359.9976   0.0007     -1.874 0.000 179   1.98   44.6       -436.4805       -855.9104    43 359.9976   0.0007     -1.857 0.265 151   1.90    0.115
2018-05-05-17:00:25 1.11  Mocks_Em/MockNFW20ellip5loga2.08PA50center0With_background20num4.dat TNC          1.0e-04 0 1 1 0     NFW      359.9996  -0.0027     -1.874 0.057  17   4.86    0.7       -488.0473       -959.0439    53 359.9996  -0.0027     -1.885 0.119  18   1.94    0.139
2018-05-05-17:00:25 1.11  Mocks_Em/MockNFW20ellip5loga2.08PA50center0With_background20num5.dat TNC          1.0e-04 0 1 1 0     NFW        0.0001  -0.0009     -2.151 0.249 112  -1.08   21.6       -417.3514        -817.652    76   0.0001  -0.0009     -1.986 0.105 149   1.92    0.196
2018-05-05-17:00:25 1.11  Mocks_Em/MockNFW20ellip5loga2.08PA50center0With_background20num6.dat TNC          1.0e-04 0 1 1 0     NFW        0.0002  -0.0011     -1.925 0.332  55   4.39   28.7       -429.2378       -841.4249    88   0.0002  -0.0011     -1.960 0.124  29   1.97    0.226
2018-05-05-17:00:25 1.11  Mocks_Em/MockNFW20ellip5loga2.08PA50center0With_background20num7.dat TNC          1.0e-04 0 1 1 0     NFW        0.0012   0.0007     -3.124 0.253   0   4.91   -0.9       -435.0706       -853.0906   134   0.0012   0.0007     -1.906 0.107  35   1.91    0.347
2018-05-05-17:00:25 1.11  Mocks_Em/MockNFW20ellip5loga2.08PA50center0With_background20num8.dat TNC          1.0e-04 0 1 1 0     NFW        0.0025  -0.0013     -1.877 0.800  71   4.92   -8.1       -465.8441       -914.6376    77   0.0025  -0.0013     -1.847 0.233  37   1.92    0.202
2018-05-05-17:00:25 1.11  Mocks_Em/MockNFW20ellip5loga2.08PA50center0With_background20num9.dat TNC          1.0e-04 0 1 1 0     NFW      359.9991  -0.0005     -1.902 0.000 151   2.09   41.5       -417.4426       -817.8345    49 359.9991  -0.0005     -1.923 0.202 151   1.92    0.129
2018-05-05-17:00:25 1.11  Mocks_Em/MockNFW20ellip5loga2.08PA50center0With_background20num10.dat TNC          1.0e-04 0 1 1 0     NFW        0.0001   0.0003     -1.929 0.282  35   2.20   38.5       -401.5048       -785.9589    64   0.0001   0.0003     -1.910 0.110  43   1.94    0.170
2018-05-05-17:00:25 1.11  Mocks_Em/MockNFW20ellip5loga2.08PA50center0With_background20num11.dat TNC          1.0e-04 0 1 1 0     NFW        0.0004  -0.0010     -1.931 0.278 180  -1.06   37.8       -385.9997       -754.9486    38   0.0004  -0.0010     -1.864 0.168 162   1.94    0.102
2018-05-05-17:00:25 1.11  Mocks_Em/MockNFW20ellip5loga2.08PA50center0With_background20num12.dat TNC          1.0e-04 0 1 1 0     NFW        0.0013   0.0009     -1.894 0.001 160   4.67   14.1       -426.4606       -835.8705    34   0.0013   0.0009     -1.917 0.109 159   1.92    0.092
2018-05-05-17:00:25 1.11  Mocks_Em/MockNFW20ellip5loga2.08PA50center0With_background20num13.dat TNC          1.0e-04 0 1 1 0     NFW        0.0020   0.0012     -1.888 0.000  27   1.95   45.3       -457.7905       -898.5302    54   0.0020   0.0012     -1.913 0.156  11   1.93    0.145
2018-05-05-17:00:25 1.11  Mocks_Em/MockNFW20ellip5loga2.08PA50center0With_background20num14.dat TNC          1.0e-04 0 1 1 0     NFW      359.9978  -0.0018     -1.849 0.314 180   4.65   12.4       -444.8491       -872.6475   161 359.9978  -0.0018     -1.882 0.088 176   1.85    0.414
2018-05-05-17:00:25 1.11  Mocks_Em/MockNFW20ellip5loga2.08PA50center0With_background20num15.dat TNC          1.0e-04 0 1 1 0     NFW      359.9999   0.0011     -2.353 0.402 180   4.70    3.7       -403.9455       -790.8402   165 359.9999   0.0011     -1.879 0.242 140   1.91    0.423
2018-05-05-17:00:25 1.11  Mocks_Em/MockNFW20ellip5loga2.08PA50center0With_background20num16.dat TNC          1.0e-04 0 1 1 0     NFW        0.0008  -0.0008     -1.901 0.041  29   4.75    9.4       -428.4085       -839.7664    26   0.0008  -0.0008     -1.901 0.080  29   1.93    0.071
2018-05-05-17:00:25 1.11  Mocks_Em/MockNFW20ellip5loga2.08PA50center0With_background20num17.dat TNC          1.0e-04 0 1 1 0     NFW        0.0009  -0.0006     -1.913 0.571 179   4.92   -6.8       -399.4067       -781.7626    49   0.0009  -0.0006     -1.864 0.091 178   1.92    0.127
2018-05-05-17:00:25 1.11  Mocks_Em/MockNFW20ellip5loga2.08PA50center0With_background20num18.dat TNC          1.0e-04 0 1 1 0     NFW      359.9982  -0.0012     -1.862 0.289  33   4.81   -1.1       -432.0464       -847.0421   165 359.9982  -0.0012     -1.870 0.095  35   1.87    0.423
2018-05-05-17:00:25 1.11  Mocks_Em/MockNFW20ellip5loga2.08PA50center0With_background20num19.dat TNC          1.0e-04 0 1 1 0     NFW        0.0012  -0.0000     -1.908 0.053 173  -0.42   38.6       -395.3252       -773.5997    19   0.0012  -0.0000     -1.935 0.030 173   1.90    0.051
2018-05-05-17:00:25 1.11  Mocks_Em/MockNFW20ellip5loga2.08PA50center0With_background20num20.dat TNC          1.0e-04 0 1 1 0     NFW      359.9993  -0.0010     -1.891 0.303 132   4.65   13.4       -411.2992       -805.5476   155 359.9993  -0.0010     -1.867 0.143 146   1.89    0.396
2018-05-05-17:00:25 1.11  Mocks_Em/MockNFW20ellip5loga2.08PA50center0With_background20num21.dat TNC          1.0e-04 0 1 1 0     NFW      359.9995  -0.0013     -1.907 0.000  21   1.90   36.3       -363.7897       -710.5287    34 359.9995  -0.0013     -1.830 0.126  11   1.87    0.089
2018-05-05-17:00:25 1.11  Mocks_Em/MockNFW20ellip5loga2.08PA50center0With_background20num22.dat TNC          1.0e-04 0 1 1 0     NFW        0.0007   0.0001     -1.904 0.000 165   4.89   -6.7       -388.6898       -760.3289    57   0.0007   0.0001     -1.867 0.065 165   1.89    0.149
2018-05-05-17:00:25 1.11  Mocks_Em/MockNFW20ellip5loga2.08PA50center0With_background20num23.dat TNC          1.0e-04 0 1 1 0     NFW      359.9979   0.0005     -1.892 0.000   5   2.03   46.1       -463.5609       -910.0711    47 359.9979   0.0005     -1.942 0.135   5   1.95    0.135
2018-05-05-17:00:25 1.11  Mocks_Em/MockNFW20ellip5loga2.08PA50center0With_background20num24.dat TNC          1.0e-04 0 1 1 0     NFW      359.9995  -0.0010     -1.937 0.411  42   1.97   39.3       -407.3922       -797.7337    27 359.9995  -0.0010     -1.966 0.305  42   1.97    0.074
2018-05-05-17:00:25 1.11  Mocks_Em/MockNFW20ellip5loga2.08PA50center0With_background20num25.dat TNC          1.0e-04 0 1 1 0     NFW        0.0001  -0.0013     -2.196 0.800  31   4.91   -3.3       -399.7557       -782.4606   139   0.0001  -0.0013     -1.877 0.094  31   1.91    0.356
2018-05-05-17:00:25 1.11  Mocks_Em/MockNFW20ellip5loga2.08PA50center0With_background20num26.dat TNC          1.0e-04 0 1 1 0     NFW        0.0009   0.0001     -1.917 0.000 157   1.94   40.0        -413.308       -809.5652    49   0.0009   0.0001     -1.943 0.091 157   1.94    0.128
2018-05-05-17:00:25 1.11  Mocks_Em/MockNFW20ellip5loga2.08PA50center0With_background20num27.dat TNC          1.0e-04 0 1 1 0     NFW      359.9987   0.0026     -1.847 0.082  47   4.25   33.5       -459.8776       -902.7045    47 359.9987   0.0026     -1.921 0.125  25   1.86    0.127
2018-05-05-17:00:25 1.11  Mocks_Em/MockNFW20ellip5loga2.08PA50center0With_background20num28.dat TNC          1.0e-04 0 1 1 0     NFW      359.9993  -0.0015     -1.890 0.000  31   2.84   40.4       -406.3385       -795.6262    54 359.9993  -0.0015     -1.856 0.077  31   1.89    0.147
2018-05-05-17:00:25 1.11  Mocks_Em/MockNFW20ellip5loga2.08PA50center0With_background20num29.dat TNC          1.0e-04 0 1 1 0     NFW        0.0006  -0.0006     -1.903 0.000   3   2.10   40.8       -412.3073       -807.5638    43   0.0006  -0.0006     -1.886 0.219   3   1.92    0.118
2018-05-05-17:00:25 1.11  Mocks_Em/MockNFW20ellip5loga2.08PA50center0With_background20num30.dat TNC          1.0e-04 0 1 1 0     NFW      359.9989  -0.0001     -2.231 0.800  35   4.90   -3.1       -405.2677       -793.4846   101 359.9989  -0.0001     -1.879 0.179  29   1.90    0.260
2018-05-05-17:00:25 1.11  Mocks_Em/MockNFW20ellip5loga2.08PA50center0With_background20num31.dat TNC          1.0e-04 0 1 1 0     NFW      359.9999   0.0015     -1.926 0.000  28   3.25   39.9       -417.1152       -817.1797    51 359.9999   0.0015     -1.927 0.113  28   1.96    0.133
2018-05-05-17:00:25 1.11  Mocks_Em/MockNFW20ellip5loga2.08PA50center0With_background20num32.dat TNC          1.0e-04 0 1 1 0     NFW        0.0009   0.0003     -1.919 0.000 162   1.92   35.5       -362.0369       -707.0231    47   0.0009   0.0003     -1.882 0.082 156   1.89    0.126
2018-05-05-17:00:25 1.11  Mocks_Em/MockNFW20ellip5loga2.08PA50center0With_background20num33.dat TNC          1.0e-04 0 1 1 0     NFW      359.9992   0.0008     -1.894 0.000 180   2.53   43.7       -438.9802       -860.9097    52 359.9992   0.0008     -1.894 0.173 154   1.93    0.137
2018-05-05-17:00:25 1.11  Mocks_Em/MockNFW20ellip5loga2.08PA50center0With_background20num34.dat TNC          1.0e-04 0 1 1 0     NFW        0.0009  -0.0014     -1.920 0.000  10   1.92   37.0       -377.0391       -737.0275    51   0.0009  -0.0014     -1.893 0.109  10   1.91    0.137
2018-05-05-17:00:25 1.11  Mocks_Em/MockNFW20ellip5loga2.08PA50center0With_background20num35.dat TNC          1.0e-04 0 1 1 0     NFW      359.9999  -0.0016     -1.888 0.000 149   2.29   42.2        -417.636       -818.2214    50 359.9999  -0.0016     -1.848 0.163 149   1.90    0.134
2018-05-05-17:00:25 1.11  Mocks_Em/MockNFW20ellip5loga2.08PA50center0With_background20num36.dat TNC          1.0e-04 0 1 1 0     NFW      359.9999  -0.0007     -2.020 0.448 180   4.73    9.4       -427.6735       -838.2963    66 359.9999  -0.0007     -1.924 0.073 159   1.95    0.175
2018-05-05-17:00:25 1.11  Mocks_Em/MockNFW20ellip5loga2.08PA50center0With_background20num37.dat TNC          1.0e-04 0 1 1 0     NFW        0.0006  -0.0010     -1.932 0.068 180   4.67   16.9       -420.3596       -823.6686    37   0.0006  -0.0010     -1.946 0.158 152   1.97    0.097
2018-05-05-17:00:25 1.11  Mocks_Em/MockNFW20ellip5loga2.08PA50center0With_background20num38.dat TNC          1.0e-04 0 1 1 0     NFW      359.9991  -0.0017     -1.886 0.000 150   1.91   41.5       -413.2554         -809.46    48 359.9991  -0.0017     -1.847 0.118 150   1.89    0.125
2018-05-05-17:00:25 1.11  Mocks_Em/MockNFW20ellip5loga2.08PA50center0With_background20num39.dat TNC          1.0e-04 0 1 1 0     NFW      359.9996   0.0003     -1.913 0.000  32   0.51   36.3        -366.064       -715.0774    41 359.9996   0.0003     -1.869 0.040  32   1.88    0.107
2018-05-05-17:00:25 1.11  Mocks_Em/MockNFW20ellip5loga2.08PA50center0With_background20num40.dat TNC          1.0e-04 0 1 1 0     NFW      359.9984  -0.0004     -1.884 0.000 137   1.89   40.8        -407.084       -797.1173    38 359.9984  -0.0004     -1.864 0.089 136   1.88    0.102
2018-05-05-17:00:25 1.11  Mocks_Em/MockNFW20ellip5loga2.08PA50center0With_background20num41.dat TNC          1.0e-04 0 1 1 0     NFW        0.0003  -0.0002     -1.912 0.528   0   4.88   -6.3         -368.29       -719.5293    57   0.0003  -0.0002     -1.860 0.153  21   1.88    0.150
2018-05-05-17:00:25 1.11  Mocks_Em/MockNFW20ellip5loga2.08PA50center0With_background20num42.dat TNC          1.0e-04 0 1 1 0     NFW      359.9985   0.0008     -1.894 0.054   0   3.27   35.9       -376.3307       -735.6107    82 359.9985   0.0008     -1.912 0.132  33   1.86    0.215
2018-05-05-17:00:25 1.11  Mocks_Em/MockNFW20ellip5loga2.08PA50center0With_background20num43.dat TNC          1.0e-04 0 1 1 0     NFW        0.0000   0.0007     -1.904 0.000 136   1.90   39.3        -396.492       -775.9333    36   0.0000   0.0007     -1.865 0.076 136   1.90    0.097
2018-05-05-17:00:25 1.11  Mocks_Em/MockNFW20ellip5loga2.08PA50center0With_background20num44.dat TNC          1.0e-04 0 1 1 0     NFW        0.0026  -0.0006     -1.869 0.000 139   2.08   45.3       -451.5502       -886.0497    49   0.0026  -0.0006     -1.956 0.084 139   1.89    0.132
2018-05-05-17:00:25 1.11  Mocks_Em/MockNFW20ellip5loga2.08PA50center0With_background20num45.dat TNC          1.0e-04 0 1 1 0     NFW        0.0006   0.0007     -1.926 0.000   1   1.93   37.8       -390.8835       -764.7163    53   0.0006   0.0007     -1.934 0.074   1   1.93    0.138
2018-05-05-17:00:25 1.11  Mocks_Em/MockNFW20ellip5loga2.08PA50center0With_background20num46.dat TNC          1.0e-04 0 1 1 0     NFW        0.0001  -0.0004     -1.912 0.543  55   2.22   36.2       -372.7212       -728.3918    99   0.0001  -0.0004     -1.875 0.156  21   1.88    0.258
2018-05-05-17:00:25 1.11  Mocks_Em/MockNFW20ellip5loga2.08PA50center0With_background20num47.dat TNC          1.0e-04 0 1 1 0     NFW        0.0001   0.0012     -1.914 0.000 167   1.96   42.3         -435.83       -854.6093    55   0.0001   0.0012     -1.920 0.098 167   1.95    0.150
2018-05-05-17:00:25 1.11  Mocks_Em/MockNFW20ellip5loga2.08PA50center0With_background20num48.dat TNC          1.0e-04 0 1 1 0     NFW      359.9996   0.0007     -1.903 0.000 175   1.82   39.3       -394.5744        -772.098    45 359.9996   0.0007     -1.865 0.235 175   1.90    0.119
2018-05-05-17:00:25 1.11  Mocks_Em/MockNFW20ellip5loga2.08PA50center0With_background20num49.dat TNC          1.0e-04 0 1 1 0     NFW      360.0000  -0.0011     -1.900 0.019  38   4.92   -7.2       -417.8901       -818.7295    23 360.0000  -0.0011     -1.844 0.092  43   1.92    0.063
2018-05-05-17:00:25 1.11  Mocks_Em/MockNFW20ellip5loga2.08PA50center0With_background20num50.dat TNC          1.0e-04 0 1 1 0     NFW        0.0021  -0.0011     -1.890 0.000 179   1.92   41.5       -414.1359        -811.221    50   0.0021  -0.0011     -1.857 0.122 179   1.90    0.134
2018-05-05-17:00:25 1.11  Mocks_Em/MockNFW20ellip5loga2.08PA50center0With_background20num51.dat TNC          1.0e-04 0 1 1 0     NFW        0.0005   0.0004     -1.920 0.349 180   4.85   -0.9       -378.3218       -739.5928    30   0.0005   0.0004     -1.860 0.198 172   1.91    0.081
2018-05-05-17:00:25 1.11  Mocks_Em/MockNFW20ellip5loga2.08PA50center0With_background20num52.dat TNC          1.0e-04 0 1 1 0     NFW      359.9997   0.0003     -1.915 0.000 174   2.14   37.0       -376.8292       -736.6077    49 359.9997   0.0003     -1.889 0.137 157   1.90    0.129
2018-05-05-17:00:25 1.11  Mocks_Em/MockNFW20ellip5loga2.08PA50center0With_background20num53.dat TNC          1.0e-04 0 1 1 0     NFW      359.9999   0.0006     -1.921 0.000  18   1.89   34.0       -344.9556       -672.8605    52 359.9999   0.0006     -1.864 0.091  10   1.87    0.139
2018-05-05-17:00:25 1.11  Mocks_Em/MockNFW20ellip5loga2.08PA50center0With_background20num54.dat TNC          1.0e-04 0 1 1 0     NFW      359.9996   0.0004     -1.919 0.000 137   1.95   40.0       -411.3479        -805.645    40 359.9996   0.0004     -1.904 0.241 136   1.94    0.106
2018-05-05-17:00:25 1.11  Mocks_Em/MockNFW20ellip5loga2.08PA50center0With_background20num55.dat TNC          1.0e-04 0 1 1 0     NFW      359.9986  -0.0004     -1.899 0.564  44   4.94   -7.6       -441.3536       -865.6565    61 359.9986  -0.0004     -1.881 0.110  44   1.94    0.162
2018-05-05-17:00:25 1.11  Mocks_Em/MockNFW20ellip5loga2.08PA50center0With_background20num56.dat TNC          1.0e-04 0 1 1 0     NFW        0.0001   0.0010     -1.894 0.000  38   1.92   40.8       -409.5706       -802.0905    50   0.0001   0.0010     -1.908 0.078  38   1.90    0.131
2018-05-05-17:00:25 1.11  Mocks_Em/MockNFW20ellip5loga2.08PA50center0With_background20num57.dat TNC          1.0e-04 0 1 1 0     NFW        0.0008  -0.0010     -1.909 0.000 172   1.96   43.8       -451.2388        -885.427    56   0.0008  -0.0010     -2.007 0.099 172   1.96    0.149
2018-05-05-17:00:25 1.11  Mocks_Em/MockNFW20ellip5loga2.08PA50center0With_background20num58.dat TNC          1.0e-04 0 1 1 0     NFW      359.9988  -0.0001     -1.892 0.643 180   4.85   -1.0       -425.4478       -833.8449    79 359.9988  -0.0001     -1.910 0.189 150   1.91    0.222
2018-05-05-17:00:25 1.11  Mocks_Em/MockNFW20ellip5loga2.08PA50center0With_background20num59.dat TNC          1.0e-04 0 1 1 0     NFW      359.9993  -0.0006     -1.914 0.065 161   4.59   20.0       -424.7797       -832.5087    39 359.9993  -0.0006     -1.960 0.085 161   1.95    0.106
2018-05-05-17:00:25 1.11  Mocks_Em/MockNFW20ellip5loga2.08PA50center0With_background20num60.dat TNC          1.0e-04 0 1 1 0     NFW        0.0023  -0.0018     -1.867 0.000 180   1.93   45.3        -444.232       -871.4133    41   0.0023  -0.0018     -1.898 0.229 149   1.89    0.113
2018-05-05-17:00:25 1.11  Mocks_Em/MockNFW20ellip5loga2.08PA50center0With_background20num61.dat TNC          1.0e-04 0 1 1 0     NFW        0.0010   0.0003     -1.997 0.000 140   1.83   25.7       -335.4434       -653.8361    37   0.0010   0.0003     -1.849 0.056 140   1.83    0.100
2018-05-05-17:00:25 1.11  Mocks_Em/MockNFW20ellip5loga2.08PA50center0With_background20num62.dat TNC          1.0e-04 0 1 1 0     NFW        0.0011   0.0011     -2.292 0.800  51   4.88   -2.5       -376.9614       -736.8721   109   0.0011   0.0011     -1.861 0.220  26   1.88    0.279
2018-05-05-17:00:25 1.11  Mocks_Em/MockNFW20ellip5loga2.08PA50center0With_background20num63.dat TNC          1.0e-04 0 1 1 0     NFW      359.9992  -0.0002     -1.919 0.000  13   2.14   43.0       -440.2848       -863.5188    55 359.9992  -0.0002     -1.952 0.062  13   1.97    0.146
2018-05-05-17:00:25 1.11  Mocks_Em/MockNFW20ellip5loga2.08PA50center0With_background20num64.dat TNC          1.0e-04 0 1 1 0     NFW        0.0011   0.0009     -1.900 0.800  50   4.88   -1.1       -436.8889        -856.727    97   0.0011   0.0009     -1.908 0.161  33   1.93    0.250
2018-05-05-17:00:25 1.11  Mocks_Em/MockNFW20ellip5loga2.08PA50center0With_background20num65.dat TNC          1.0e-04 0 1 1 0     NFW      359.9984  -0.0004     -1.892 0.000  28   1.95   45.3       -456.4354       -895.8202    37 359.9984  -0.0004     -1.947 0.208  39   1.94    0.098
2018-05-05-17:00:25 1.11  Mocks_Em/MockNFW20ellip5loga2.08PA50center0With_background20num66.dat TNC          1.0e-04 0 1 1 0     NFW        0.0009   0.0011     -2.563 0.363 175   4.75    1.2       -333.1453       -649.2399   107   0.0009   0.0011     -1.856 0.083 155   1.89    0.272
2018-05-05-17:00:25 1.11  Mocks_Em/MockNFW20ellip5loga2.08PA50center0With_background20num67.dat TNC          1.0e-04 0 1 1 0     NFW      359.9999   0.0001     -1.921 0.000 157   2.05   30.9       -312.8855       -608.7203    44 359.9999   0.0001     -1.829 0.150 157   1.83    0.114
2018-05-05-17:00:25 1.11  Mocks_Em/MockNFW20ellip5loga2.08PA50center0With_background20num68.dat TNC          1.0e-04 0 1 1 0     NFW      359.9997  -0.0006     -1.919 0.617  59   4.69   10.0       -372.5601       -728.0694    99 359.9997  -0.0006     -1.857 0.156  20   1.90    0.252
2018-05-05-17:00:25 1.11  Mocks_Em/MockNFW20ellip5loga2.08PA50center0With_background20num69.dat TNC          1.0e-04 0 1 1 0     NFW        0.0011   0.0013     -1.894 0.451  62   4.33   28.0       -415.8904         -814.73    69   0.0011   0.0013     -1.931 0.229  25   1.90    0.181
2018-05-05-17:00:25 1.11  Mocks_Em/MockNFW20ellip5loga2.08PA50center0With_background20num70.dat TNC          1.0e-04 0 1 1 0     NFW      359.9989   0.0015     -1.872 0.088  63   4.79    6.4       -472.4521       -927.8535    35 359.9989   0.0015     -1.900 0.137  36   1.92    0.095
2018-05-05-17:00:25 1.11  Mocks_Em/MockNFW20ellip5loga2.08PA50center0With_background20num71.dat TNC          1.0e-04 0 1 1 0     NFW      359.9996  -0.0009     -1.905 0.800  53   4.85   -6.0       -351.7457       -686.4406    85 359.9996  -0.0009     -1.817 0.200  41   1.85    0.218
2018-05-05-17:00:25 1.11  Mocks_Em/MockNFW20ellip5loga2.08PA50center0With_background20num72.dat TNC          1.0e-04 0 1 1 0     NFW      359.9996   0.0008     -1.908 0.442 132   4.23   29.0       -395.7758       -774.5008   111 359.9996   0.0008     -1.871 0.231 140   1.90    0.305
2018-05-05-17:00:25 1.11  Mocks_Em/MockNFW20ellip5loga2.08PA50center0With_background20num73.dat TNC          1.0e-04 0 1 1 0     NFW      359.9996  -0.0015     -1.953 0.599   1   4.78    4.8       -421.4168       -825.7829   176 359.9996  -0.0015     -1.859 0.196   1   1.91    0.449
2018-05-05-17:00:25 1.11  Mocks_Em/MockNFW20ellip5loga2.08PA50center0With_background20num74.dat TNC          1.0e-04 0 1 1 0     NFW        0.0005  -0.0001     -1.913 0.266 180   2.33   36.2       -367.6406       -718.2305    39   0.0005  -0.0001     -1.847 0.098 166   1.88    0.104
2018-05-05-17:00:25 1.11  Mocks_Em/MockNFW20ellip5loga2.08PA50center0With_background20num75.dat TNC          1.0e-04 0 1 1 0     NFW        0.0012  -0.0002     -1.909 0.049  45   4.75    9.1       -414.4506       -811.8505    78   0.0012  -0.0002     -1.902 0.139  45   1.93    0.205
2018-05-05-17:00:25 1.11  Mocks_Em/MockNFW20ellip5loga2.08PA50center0With_background20num76.dat TNC          1.0e-04 0 1 1 0     NFW        0.0024  -0.0001     -1.873 0.000 160   4.90   -7.8       -448.3552       -879.6597    43   0.0024  -0.0001     -1.874 0.076 160   1.90    0.114
2018-05-05-17:00:25 1.11  Mocks_Em/MockNFW20ellip5loga2.08PA50center0With_background20num77.dat TNC          1.0e-04 0 1 1 0     NFW      359.9994   0.0007     -1.899 0.000 141   2.37   37.7       -382.8877       -748.7247    52 359.9994   0.0007     -1.903 0.171 141   1.87    0.135
2018-05-05-17:00:25 1.11  Mocks_Em/MockNFW20ellip5loga2.08PA50center0With_background20num78.dat TNC          1.0e-04 0 1 1 0     NFW      359.9989   0.0016     -1.873 0.014 172   4.79    3.1       -442.9674       -868.8841    39 359.9989   0.0016     -1.868 0.089 172   1.89    0.105
2018-05-05-17:00:25 1.11  Mocks_Em/MockNFW20ellip5loga2.08PA50center0With_background20num79.dat TNC          1.0e-04 0 1 1 0     NFW        0.0023   0.0006     -1.869 0.311 180  -0.74   46.1       -464.3808       -911.7108   106   0.0023   0.0006     -1.949 0.160 172   1.90    0.283
2018-05-05-17:00:25 1.11  Mocks_Em/MockNFW20ellip5loga2.08PA50center0With_background20num80.dat TNC          1.0e-04 0 1 1 0     NFW        0.0021  -0.0021     -1.854 0.688  38   4.83   -1.6       -468.0096       -918.9685    91   0.0021  -0.0021     -1.852 0.247  36   1.89    0.249
2018-05-05-17:00:25 1.11  Mocks_Em/MockNFW20ellip5loga2.08PA50center0With_background20num81.dat TNC          1.0e-04 0 1 1 0     NFW      359.9986   0.0019     -1.864 0.000 140   1.90   46.1       -454.6145       -892.1784    49 359.9986   0.0019     -1.896 0.094 140   1.89    0.133
2018-05-05-17:00:25 1.11  Mocks_Em/MockNFW20ellip5loga2.08PA50center0With_background20num82.dat TNC          1.0e-04 0 1 1 0     NFW        0.0004  -0.0004     -1.918 0.000  29   2.00   40.8       -411.2177       -805.3847    51   0.0004  -0.0004     -1.900 0.143  28   1.95    0.136
2018-05-05-17:00:25 1.11  Mocks_Em/MockNFW20ellip5loga2.08PA50center0With_background20num83.dat TNC          1.0e-04 0 1 1 0     NFW        0.0007  -0.0002     -1.910 0.000 160   1.89   37.0        -379.801       -742.5513    33   0.0007  -0.0002     -1.905 0.048 157   1.89    0.090
2018-05-05-17:00:25 1.11  Mocks_Em/MockNFW20ellip5loga2.08PA50center0With_background20num84.dat TNC          1.0e-04 0 1 1 0     NFW      359.9999  -0.0002     -1.918 0.623  33   4.86   -0.7        -393.838       -770.6254   103 359.9999  -0.0002     -1.897 0.066  33   1.92    0.264
2018-05-05-17:00:25 1.11  Mocks_Em/MockNFW20ellip5loga2.08PA50center0With_background20num85.dat TNC          1.0e-04 0 1 1 0     NFW      359.9982  -0.0001     -1.912 0.000 175   4.93   -7.0       -413.7652       -810.4797    43 359.9982  -0.0001     -1.842 0.130 175   1.93    0.116
2018-05-05-17:00:25 1.11  Mocks_Em/MockNFW20ellip5loga2.08PA50center0With_background20num86.dat TNC          1.0e-04 0 1 1 0     NFW        0.0018  -0.0019     -1.862 0.000 161   1.90   46.1       -450.9166       -884.7825    46   0.0018  -0.0019     -1.870 0.226 161   1.89    0.132
2018-05-05-17:00:25 1.11  Mocks_Em/MockNFW20ellip5loga2.08PA50center0With_background20num87.dat TNC          1.0e-04 0 1 1 0     NFW      359.9995  -0.0005     -1.903 0.662  29   4.72   10.4       -415.8068       -814.5629   170 359.9995  -0.0005     -1.930 0.079  40   1.92    0.441
2018-05-05-17:00:25 1.11  Mocks_Em/MockNFW20ellip5loga2.08PA50center0With_background20num88.dat TNC          1.0e-04 0 1 1 0     NFW        0.0016   0.0017     -1.865 0.593   0   4.66   13.9       -451.3633       -885.6758   122   0.0016   0.0017     -1.883 0.215  21   1.89    0.322
2018-05-05-17:00:25 1.11  Mocks_Em/MockNFW20ellip5loga2.08PA50center0With_background20num89.dat TNC          1.0e-04 0 1 1 0     NFW      359.9994  -0.0007     -1.905 0.668  55   4.80    8.0       -446.4505       -875.8503   199 359.9994  -0.0007     -1.906 0.189  43   1.95    0.523
2018-05-05-17:00:25 1.11  Mocks_Em/MockNFW20ellip5loga2.08PA50center0With_background20num90.dat TNC          1.0e-04 0 1 1 0     NFW      359.9999   0.0011     -1.898 0.742  30   4.76    6.3       -414.5718        -812.093    89 359.9999   0.0011     -1.895 0.175  37   1.91    0.228
2018-05-05-17:00:25 1.11  Mocks_Em/MockNFW20ellip5loga2.08PA50center0With_background20num91.dat TNC          1.0e-04 0 1 1 0     NFW        0.0002   0.0017     -2.008 0.772 179   4.78    1.9       -404.9986       -792.9464   166   0.0002   0.0017     -1.890 0.067 175   1.88    0.431
2018-05-05-17:00:25 1.11  Mocks_Em/MockNFW20ellip5loga2.08PA50center0With_background20num92.dat TNC          1.0e-04 0 1 1 0     NFW        0.0004  -0.0012     -1.897 0.000 160   0.98   43.1       -431.2831       -845.5155    40   0.0004  -0.0012     -1.920 0.092 159   1.93    0.105
2018-05-05-17:00:25 1.11  Mocks_Em/MockNFW20ellip5loga2.08PA50center0With_background20num93.dat TNC          1.0e-04 0 1 1 0     NFW      359.9982   0.0020     -1.878 0.000 148   1.95   43.1       -429.1691       -841.2874    48 359.9982   0.0020     -1.894 0.076 148   1.89    0.126
2018-05-05-17:00:25 1.11  Mocks_Em/MockNFW20ellip5loga2.08PA50center0With_background20num94.dat TNC          1.0e-04 0 1 1 0     NFW      359.9996  -0.0001     -1.933 0.000 141   2.57   40.7       -416.1606       -815.2705    50 359.9996  -0.0001     -1.906 0.181 141   1.98    0.135
2018-05-05-17:00:25 1.11  Mocks_Em/MockNFW20ellip5loga2.08PA50center0With_background20num95.dat TNC          1.0e-04 0 1 1 0     NFW      359.9984  -0.0010     -1.891 0.039 180   4.57   22.8       -457.1533       -897.2558   157 359.9984  -0.0010     -1.929 0.055 152   1.94    0.416
2018-05-05-17:00:25 1.11  Mocks_Em/MockNFW20ellip5loga2.08PA50center0With_background20num96.dat TNC          1.0e-04 0 1 1 0     NFW        0.0020   0.0014     -1.888 0.000  20   2.34   43.0       -431.4266       -845.8024    58   0.0020   0.0014     -1.884 0.101  14   1.91    0.153
2018-05-05-17:00:25 1.11  Mocks_Em/MockNFW20ellip5loga2.08PA50center0With_background20num97.dat TNC          1.0e-04 0 1 1 0     NFW        0.0001  -0.0007     -1.910 0.307  51   2.51   46.0       -471.2091       -925.3675   125   0.0001  -0.0007     -1.934 0.158  30   1.98    0.332
2018-05-05-17:00:25 1.11  Mocks_Em/MockNFW20ellip5loga2.08PA50center0With_background20num98.dat TNC          1.0e-04 0 1 1 0     NFW        0.0007  -0.0003     -1.997 0.671 180   4.80    2.1       -386.6134       -756.1762    77   0.0007  -0.0003     -1.860 0.134 171   1.90    0.203
2018-05-05-17:00:25 1.11  Mocks_Em/MockNFW20ellip5loga2.08PA50center0With_background20num99.dat TNC          1.0e-04 0 1 1 0     NFW        0.0026  -0.0006     -1.863 0.000  19   1.91   46.8       -461.1373       -905.2239    48   0.0026  -0.0006     -1.894 0.101  19   1.90    0.126
