2018-05-05-16:59:56 1.11  Mocks_Em/MockNFW320ellip5loga2.08PA50center0With_background20num0.dat BFGS         1.0e-04 0 1 1 0     NFW        0.0002   0.0002     -2.004 0.133  34   2.69  179.9       -2357.241       -4690.817   820   0.0002   0.0002     -2.004 0.133  34   2.69    0.270
2018-05-05-16:59:56 1.11  Mocks_Em/MockNFW320ellip5loga2.08PA50center0With_background20num1.dat BFGS         1.0e-04 0 1 1 0     NFW      359.9996  -0.0007     -2.005 0.165 137   2.67  179.0       -2453.207       -4882.749   820 359.9996  -0.0007     -2.005 0.165 137   2.67    0.209
2018-05-05-16:59:56 1.11  Mocks_Em/MockNFW320ellip5loga2.08PA50center0With_background20num2.dat BFGS         1.0e-04 0 1 1 0     NFW        0.0002   0.0004     -1.963 0.138  41   2.68  198.2       -2348.876       -4674.086   820   0.0002   0.0004     -1.963 0.138  41   2.68    0.213
2018-05-05-16:59:56 1.11  Mocks_Em/MockNFW320ellip5loga2.08PA50center0With_background20num3.dat BFGS         1.0e-04 0 1 1 0     NFW      360.0000  -0.0001     -1.992 0.157  29   2.69  182.6       -2309.628       -4595.591   820 360.0000  -0.0001     -1.992 0.157  29   2.69    0.208
2018-05-05-16:59:56 1.11  Mocks_Em/MockNFW320ellip5loga2.08PA50center0With_background20num4.dat BFGS         1.0e-04 0 1 1 0     NFW      359.9993  -0.0004     -2.021 0.228  44   2.68  171.7       -2432.382       -4841.099   820 359.9993  -0.0004     -2.021 0.228  44   2.68    0.207
2018-05-05-16:59:56 1.11  Mocks_Em/MockNFW320ellip5loga2.08PA50center0With_background20num5.dat BFGS         1.0e-04 0 1 1 0     NFW        0.0005   0.0007     -1.994 0.162  43   2.67  179.3       -2341.169       -4658.674   820   0.0005   0.0007     -1.994 0.162  43   2.67    0.207
2018-05-05-16:59:56 1.11  Mocks_Em/MockNFW320ellip5loga2.08PA50center0With_background20num6.dat BFGS         1.0e-04 0 1 1 0     NFW      359.9998  -0.0009     -1.990 0.215  38   2.67  184.0       -2423.585       -4823.505   820 359.9998  -0.0009     -1.990 0.215  38   2.67    0.207
2018-05-05-16:59:56 1.11  Mocks_Em/MockNFW320ellip5loga2.08PA50center0With_background20num7.dat BFGS         1.0e-04 0 1 1 0     NFW      360.0000  -0.0006     -1.959 0.158  31   2.69  200.3       -2316.577       -4609.489   820 360.0000  -0.0006     -1.959 0.158  31   2.69    0.206
2018-05-05-16:59:56 1.11  Mocks_Em/MockNFW320ellip5loga2.08PA50center0With_background20num8.dat BFGS         1.0e-04 0 1 1 0     NFW      360.0000   0.0003     -1.993 0.222  40   2.70  186.7       -2366.234       -4708.804   820 360.0000   0.0003     -1.993 0.222  40   2.70    0.206
2018-05-05-16:59:56 1.11  Mocks_Em/MockNFW320ellip5loga2.08PA50center0With_background20num9.dat BFGS         1.0e-04 0 1 1 0     NFW        0.0001  -0.0002     -1.967 0.143 136   2.68  193.9        -2303.61       -4583.556   820   0.0001  -0.0002     -1.967 0.143 136   2.68    0.216
2018-05-05-16:59:56 1.11  Mocks_Em/MockNFW320ellip5loga2.08PA50center0With_background20num10.dat BFGS         1.0e-04 0 1 1 0     NFW      359.9996  -0.0002     -1.962 0.112  37   2.69  201.8       -2413.761       -4803.858   820 359.9996  -0.0002     -1.962 0.112  37   2.69    0.211
2018-05-05-16:59:56 1.11  Mocks_Em/MockNFW320ellip5loga2.08PA50center0With_background20num11.dat BFGS         1.0e-04 0 1 1 0     NFW        0.0005  -0.0000     -1.968 0.194  42   2.68  198.5       -2409.237        -4794.81   820   0.0005  -0.0000     -1.968 0.194  42   2.68    0.207
2018-05-05-16:59:56 1.11  Mocks_Em/MockNFW320ellip5loga2.08PA50center0With_background20num12.dat BFGS         1.0e-04 0 1 1 0     NFW      359.9995  -0.0002     -1.989 0.154 142   2.70  189.8       -2363.716       -4703.768   820 359.9995  -0.0002     -1.989 0.154 142   2.70    0.206
2018-05-05-16:59:56 1.11  Mocks_Em/MockNFW320ellip5loga2.08PA50center0With_background20num13.dat BFGS         1.0e-04 0 1 1 0     NFW        0.0002   0.0003     -1.962 0.122  33   2.68  196.9       -2350.279       -4676.894   820   0.0002   0.0003     -1.962 0.122  33   2.68    0.207
2018-05-05-16:59:56 1.11  Mocks_Em/MockNFW320ellip5loga2.08PA50center0With_background20num14.dat BFGS         1.0e-04 0 1 1 0     NFW        0.0002   0.0003     -1.970 0.215  31   2.68  191.4       -2326.149       -4628.633   820   0.0002   0.0003     -1.970 0.215  31   2.68    0.211
2018-05-05-16:59:56 1.11  Mocks_Em/MockNFW320ellip5loga2.08PA50center0With_background20num15.dat BFGS         1.0e-04 0 1 1 0     NFW      359.9997   0.0003     -1.998 0.189  41   2.69  183.1       -2383.615       -4743.565   820 359.9997   0.0003     -1.998 0.189  41   2.69    0.206
2018-05-05-16:59:56 1.11  Mocks_Em/MockNFW320ellip5loga2.08PA50center0With_background20num16.dat BFGS         1.0e-04 0 1 1 0     NFW        0.0004  -0.0005     -1.987 0.133 140   2.68  185.4       -2342.341       -4661.018   820   0.0004  -0.0005     -1.987 0.133 140   2.68    0.207
2018-05-05-16:59:56 1.11  Mocks_Em/MockNFW320ellip5loga2.08PA50center0With_background20num17.dat BFGS         1.0e-04 0 1 1 0     NFW        0.0001   0.0003     -1.985 0.211  38   2.68  186.8       -2341.964       -4660.264   820   0.0001   0.0003     -1.985 0.211  38   2.68    0.205
2018-05-05-16:59:56 1.11  Mocks_Em/MockNFW320ellip5loga2.08PA50center0With_background20num18.dat BFGS         1.0e-04 0 1 1 0     NFW      359.9994   0.0000     -1.980 0.212 147   2.70  198.2       -2456.423       -4889.182   820 359.9994   0.0000     -1.980 0.212 147   2.70    0.207
2018-05-05-16:59:56 1.11  Mocks_Em/MockNFW320ellip5loga2.08PA50center0With_background20num19.dat BFGS         1.0e-04 0 1 1 0     NFW        0.0003  -0.0005     -1.985 0.193 136   2.68  188.4       -2406.429       -4789.192   820   0.0003  -0.0005     -1.985 0.193 136   2.68    0.207
2018-05-05-16:59:56 1.11  Mocks_Em/MockNFW320ellip5loga2.08PA50center0With_background20num20.dat BFGS         1.0e-04 0 1 1 0     NFW        0.0004   0.0001     -1.988 0.166 136   2.69  188.0       -2400.305       -4776.945   820   0.0004   0.0001     -1.988 0.166 136   2.69    0.212
2018-05-05-16:59:56 1.11  Mocks_Em/MockNFW320ellip5loga2.08PA50center0With_background20num21.dat BFGS         1.0e-04 0 1 1 0     NFW        0.0000  -0.0002     -2.002 0.217  26   2.71  185.1        -2402.15       -4780.635   820   0.0000  -0.0002     -2.002 0.217  26   2.71    0.207
2018-05-05-16:59:56 1.11  Mocks_Em/MockNFW320ellip5loga2.08PA50center0With_background20num22.dat BFGS         1.0e-04 0 1 1 0     NFW      359.9995  -0.0007     -2.011 0.168  40   2.68  178.6       -2468.254       -4912.844   820 359.9995  -0.0007     -2.011 0.168  40   2.68    0.207
2018-05-05-16:59:56 1.11  Mocks_Em/MockNFW320ellip5loga2.08PA50center0With_background20num23.dat BFGS         1.0e-04 0 1 1 0     NFW        0.0000   0.0005     -1.969 0.180  30   2.68  194.9       -2370.561       -4717.456   820   0.0000   0.0005     -1.969 0.180  30   2.68    0.206
2018-05-05-16:59:56 1.11  Mocks_Em/MockNFW320ellip5loga2.08PA50center0With_background20num24.dat BFGS         1.0e-04 0 1 1 0     NFW        0.0004  -0.0005     -2.005 0.201  38   2.70  184.4       -2434.701       -4845.737   820   0.0004  -0.0005     -2.005 0.201  38   2.70    0.206
2018-05-05-16:59:56 1.11  Mocks_Em/MockNFW320ellip5loga2.08PA50center0With_background20num25.dat BFGS         1.0e-04 0 1 1 0     NFW        0.0005   0.0004     -2.000 0.214  43   2.68  181.2       -2436.408       -4849.152   820   0.0005   0.0004     -2.000 0.214  43   2.68    0.207
2018-05-05-16:59:56 1.11  Mocks_Em/MockNFW320ellip5loga2.08PA50center0With_background20num26.dat BFGS         1.0e-04 0 1 1 0     NFW      359.9999   0.0002     -1.994 0.188  40   2.68  180.0       -2307.821       -4591.977   820 359.9999   0.0002     -1.994 0.188  40   2.68    0.208
2018-05-05-16:59:56 1.11  Mocks_Em/MockNFW320ellip5loga2.08PA50center0With_background20num27.dat BFGS         1.0e-04 0 1 1 0     NFW        0.0002  -0.0003     -2.007 0.251  40   2.68  173.2       -2310.481       -4597.297   820   0.0002  -0.0003     -2.007 0.251  40   2.68    0.207
2018-05-05-16:59:56 1.11  Mocks_Em/MockNFW320ellip5loga2.08PA50center0With_background20num28.dat BFGS         1.0e-04 0 1 1 0     NFW        0.0005  -0.0002     -1.986 0.264 139   2.67  184.5        -2339.16       -4654.656   820   0.0005  -0.0002     -1.986 0.264 139   2.67    0.206
2018-05-05-16:59:56 1.11  Mocks_Em/MockNFW320ellip5loga2.08PA50center0With_background20num29.dat BFGS         1.0e-04 0 1 1 0     NFW        0.0007   0.0002     -2.008 0.253  34   2.69  183.3       -2501.361       -4979.058   820   0.0007   0.0002     -2.008 0.253  34   2.69    0.207
2018-05-05-16:59:56 1.11  Mocks_Em/MockNFW320ellip5loga2.08PA50center0With_background20num30.dat BFGS         1.0e-04 0 1 1 0     NFW      359.9995  -0.0009     -2.018 0.165  38   2.68  174.4       -2439.987       -4856.309   820 359.9995  -0.0009     -2.018 0.165  38   2.68    0.206
2018-05-05-16:59:56 1.11  Mocks_Em/MockNFW320ellip5loga2.08PA50center0With_background20num31.dat BFGS         1.0e-04 0 1 1 0     NFW        0.0002   0.0002     -2.018 0.216 137   2.68  169.1       -2324.548       -4625.431   820   0.0002   0.0002     -2.018 0.216 137   2.68    0.206
2018-05-05-16:59:56 1.11  Mocks_Em/MockNFW320ellip5loga2.08PA50center0With_background20num32.dat BFGS         1.0e-04 0 1 1 0     NFW        0.0006  -0.0001     -1.969 0.261  43   2.69  199.0       -2435.847        -4848.03   820   0.0006  -0.0001     -1.969 0.261  43   2.69    0.207
2018-05-05-16:59:56 1.11  Mocks_Em/MockNFW320ellip5loga2.08PA50center0With_background20num33.dat BFGS         1.0e-04 0 1 1 0     NFW        0.0004  -0.0004     -1.982 0.235  37   2.69  193.3       -2467.325       -4910.986   820   0.0004  -0.0004     -1.982 0.235  37   2.69    0.212
2018-05-05-16:59:56 1.11  Mocks_Em/MockNFW320ellip5loga2.08PA50center0With_background20num34.dat BFGS         1.0e-04 0 1 1 0     NFW        0.0000  -0.0001     -2.006 0.235  29   2.68  175.1       -2318.944       -4614.224   820   0.0000  -0.0001     -2.006 0.235  29   2.68    0.210
2018-05-05-16:59:56 1.11  Mocks_Em/MockNFW320ellip5loga2.08PA50center0With_background20num35.dat BFGS         1.0e-04 0 1 1 0     NFW      359.9997  -0.0002     -1.965 0.208  39   2.67  192.6       -2292.005       -4560.344   820 359.9997  -0.0002     -1.965 0.208  39   2.67    0.206
2018-05-05-16:59:56 1.11  Mocks_Em/MockNFW320ellip5loga2.08PA50center0With_background20num36.dat BFGS         1.0e-04 0 1 1 0     NFW      359.9999   0.0003     -1.976 0.214  35   2.69  194.0       -2385.777        -4747.89   820 359.9999   0.0003     -1.976 0.214  35   2.69    0.207
2018-05-05-16:59:56 1.11  Mocks_Em/MockNFW320ellip5loga2.08PA50center0With_background20num37.dat BFGS         1.0e-04 0 1 1 0     NFW        0.0002  -0.0002     -1.998 0.232  36   2.70  186.4       -2436.066       -4848.467   820   0.0002  -0.0002     -1.998 0.232  36   2.70    0.217
2018-05-05-16:59:56 1.11  Mocks_Em/MockNFW320ellip5loga2.08PA50center0With_background20num38.dat BFGS         1.0e-04 0 1 1 0     NFW        0.0007  -0.0001     -1.985 0.213 146   2.69  193.1       -2440.977       -4858.289   820   0.0007  -0.0001     -1.985 0.213 146   2.69    0.207
2018-05-05-16:59:56 1.11  Mocks_Em/MockNFW320ellip5loga2.08PA50center0With_background20num39.dat BFGS         1.0e-04 0 1 1 0     NFW      360.0000   0.0005     -1.956 0.188 138   2.69  204.3       -2335.678       -4647.691   820 360.0000   0.0005     -1.956 0.188 138   2.69    0.211
2018-05-05-16:59:56 1.11  Mocks_Em/MockNFW320ellip5loga2.08PA50center0With_background20num40.dat BFGS         1.0e-04 0 1 1 0     NFW        0.0005   0.0002     -1.961 0.176  41   2.67  194.5       -2327.372       -4631.078   820   0.0005   0.0002     -1.961 0.176  41   2.67    0.210
2018-05-05-16:59:56 1.11  Mocks_Em/MockNFW320ellip5loga2.08PA50center0With_background20num41.dat BFGS         1.0e-04 0 1 1 0     NFW      359.9997  -0.0002     -1.966 0.132 136   2.70  202.1       -2389.524       -4755.384   820 359.9997  -0.0002     -1.966 0.132 136   2.70    0.206
2018-05-05-16:59:56 1.11  Mocks_Em/MockNFW320ellip5loga2.08PA50center0With_background20num42.dat BFGS         1.0e-04 0 1 1 0     NFW        0.0002   0.0006     -2.003 0.235  42   2.68  179.6       -2427.729       -4831.793   820   0.0002   0.0006     -2.003 0.235  42   2.68    0.206
2018-05-05-16:59:56 1.11  Mocks_Em/MockNFW320ellip5loga2.08PA50center0With_background20num43.dat BFGS         1.0e-04 0 1 1 0     NFW        0.0000  -0.0007     -1.984 0.233  39   2.67  186.7       -2401.333       -4779.001   820   0.0000  -0.0007     -1.984 0.233  39   2.67    0.206
2018-05-05-16:59:56 1.11  Mocks_Em/MockNFW320ellip5loga2.08PA50center0With_background20num44.dat BFGS         1.0e-04 0 1 1 0     NFW      360.0000  -0.0003     -2.002 0.189  36   2.69  179.9        -2369.54       -4715.415   820 360.0000  -0.0003     -2.002 0.189  36   2.69    0.211
2018-05-05-16:59:56 1.11  Mocks_Em/MockNFW320ellip5loga2.08PA50center0With_background20num45.dat BFGS         1.0e-04 0 1 1 0     NFW        0.0001   0.0002     -1.955 0.176  30   2.67  194.9       -2239.592       -4455.519   820   0.0001   0.0002     -1.955 0.176  30   2.67    0.204
2018-05-05-16:59:56 1.11  Mocks_Em/MockNFW320ellip5loga2.08PA50center0With_background20num46.dat BFGS         1.0e-04 0 1 1 0     NFW        0.0000  -0.0003     -1.979 0.189  38   2.67  183.2       -2270.756       -4517.846   820   0.0000  -0.0003     -1.979 0.189  38   2.67    0.204
2018-05-05-16:59:56 1.11  Mocks_Em/MockNFW320ellip5loga2.08PA50center0With_background20num47.dat BFGS         1.0e-04 0 1 1 0     NFW      359.9999  -0.0000     -2.003 0.161  25   2.71  189.4       -2464.705       -4905.745   820 359.9999  -0.0000     -2.003 0.161  25   2.71    0.206
2018-05-05-16:59:56 1.11  Mocks_Em/MockNFW320ellip5loga2.08PA50center0With_background20num48.dat BFGS         1.0e-04 0 1 1 0     NFW      359.9997  -0.0002     -1.980 0.218  33   2.67  186.1       -2336.868       -4650.071   820 359.9997  -0.0002     -1.980 0.218  33   2.67    0.206
2018-05-05-16:59:56 1.11  Mocks_Em/MockNFW320ellip5loga2.08PA50center0With_background20num49.dat BFGS         1.0e-04 0 1 1 0     NFW      360.0000   0.0002     -1.999 0.167  41   2.72  191.4        -2457.42       -4891.175   820 360.0000   0.0002     -1.999 0.167  41   2.72    0.212
2018-05-05-16:59:56 1.11  Mocks_Em/MockNFW320ellip5loga2.08PA50center0With_background20num50.dat BFGS         1.0e-04 0 1 1 0     NFW      359.9997  -0.0001     -1.981 0.260  33   2.68  186.9       -2319.443       -4615.221   820 359.9997  -0.0001     -1.981 0.260  33   2.68    0.205
2018-05-05-16:59:56 1.11  Mocks_Em/MockNFW320ellip5loga2.08PA50center0With_background20num51.dat BFGS         1.0e-04 0 1 1 0     NFW        0.0001   0.0006     -1.987 0.145 138   2.68  182.4       -2304.018       -4584.371   820   0.0001   0.0006     -1.987 0.145 138   2.68    0.208
2018-05-05-16:59:56 1.11  Mocks_Em/MockNFW320ellip5loga2.08PA50center0With_background20num52.dat BFGS         1.0e-04 0 1 1 0     NFW      359.9999   0.0003     -2.011 0.127 146   2.69  176.3       -2393.998       -4764.331   820 359.9999   0.0003     -2.011 0.127 146   2.69    0.207
2018-05-05-16:59:56 1.11  Mocks_Em/MockNFW320ellip5loga2.08PA50center0With_background20num53.dat BFGS         1.0e-04 0 1 1 0     NFW      359.9999   0.0002     -1.954 0.184  40   2.68  199.4       -2283.967        -4544.27   820 359.9999   0.0002     -1.954 0.184  40   2.68    0.205
2018-05-05-16:59:56 1.11  Mocks_Em/MockNFW320ellip5loga2.08PA50center0With_background20num54.dat BFGS         1.0e-04 0 1 1 0     NFW      359.9994   0.0001     -2.009 0.087 137   2.69  179.6       -2458.683         -4893.7   820 359.9994   0.0001     -2.009 0.087 137   2.69    0.208
2018-05-05-16:59:56 1.11  Mocks_Em/MockNFW320ellip5loga2.08PA50center0With_background20num55.dat BFGS         1.0e-04 0 1 1 0     NFW      359.9999   0.0001     -2.003 0.174  27   2.71  188.1       -2455.378       -4887.091   820 359.9999   0.0001     -2.003 0.174  27   2.71    0.212
2018-05-05-16:59:56 1.11  Mocks_Em/MockNFW320ellip5loga2.08PA50center0With_background20num56.dat BFGS         1.0e-04 0 1 1 0     NFW        0.0002  -0.0001     -1.968 0.143  40   2.67  190.9       -2293.404       -4563.144   820   0.0002  -0.0001     -1.968 0.143  40   2.67    0.210
2018-05-05-16:59:56 1.11  Mocks_Em/MockNFW320ellip5loga2.08PA50center0With_background20num57.dat BFGS         1.0e-04 0 1 1 0     NFW        0.0003   0.0002     -2.020 0.172  42   2.71  176.0       -2380.044       -4736.424   820   0.0003   0.0002     -2.020 0.172  42   2.71    0.206
2018-05-05-16:59:56 1.11  Mocks_Em/MockNFW320ellip5loga2.08PA50center0With_background20num58.dat BFGS         1.0e-04 0 1 1 0     NFW        0.0001   0.0004     -1.984 0.190 135   2.69  190.3       -2356.255       -4688.846   820   0.0001   0.0004     -1.984 0.190 135   2.69    0.209
2018-05-05-16:59:56 1.11  Mocks_Em/MockNFW320ellip5loga2.08PA50center0With_background20num59.dat BFGS         1.0e-04 0 1 1 0     NFW        0.0002  -0.0001     -1.992 0.200  32   2.68  180.7       -2301.206       -4578.747   820   0.0002  -0.0001     -1.992 0.200  32   2.68    0.207
2018-05-05-16:59:56 1.11  Mocks_Em/MockNFW320ellip5loga2.08PA50center0With_background20num60.dat BFGS         1.0e-04 0 1 1 0     NFW      359.9999  -0.0003     -2.009 0.226 138   2.70  180.3       -2381.599       -4739.532   820 359.9999  -0.0003     -2.009 0.226 138   2.70    0.206
2018-05-05-16:59:56 1.11  Mocks_Em/MockNFW320ellip5loga2.08PA50center0With_background20num61.dat BFGS         1.0e-04 0 1 1 0     NFW      359.9998   0.0008     -2.012 0.239  44   2.68  177.4       -2494.934       -4966.202   820 359.9998   0.0008     -2.012 0.239  44   2.68    0.222
2018-05-05-16:59:56 1.11  Mocks_Em/MockNFW320ellip5loga2.08PA50center0With_background20num62.dat BFGS         1.0e-04 0 1 1 0     NFW      359.9996   0.0004     -1.954 0.191  34   2.68  202.1       -2347.615       -4671.565   820 359.9996   0.0004     -1.954 0.191  34   2.68    0.206
2018-05-05-16:59:56 1.11  Mocks_Em/MockNFW320ellip5loga2.08PA50center0With_background20num63.dat BFGS         1.0e-04 0 1 1 0     NFW      360.0000  -0.0003     -1.986 0.146 136   2.69  186.9       -2341.248       -4658.831   820 360.0000  -0.0003     -1.986 0.146 136   2.69    0.206
2018-05-05-16:59:56 1.11  Mocks_Em/MockNFW320ellip5loga2.08PA50center0With_background20num64.dat BFGS         1.0e-04 0 1 1 0     NFW        0.0001   0.0002     -2.007 0.181  25   2.69  175.9       -2334.903       -4646.141   820   0.0001   0.0002     -2.007 0.181  25   2.69    0.206
2018-05-05-16:59:56 1.11  Mocks_Em/MockNFW320ellip5loga2.08PA50center0With_background20num65.dat BFGS         1.0e-04 0 1 1 0     NFW        0.0008   0.0005     -1.988 0.135 136   2.66  182.3         -2381.7       -4739.736   820   0.0008   0.0005     -1.988 0.135 136   2.66    0.207
2018-05-05-16:59:56 1.11  Mocks_Em/MockNFW320ellip5loga2.08PA50center0With_background20num66.dat BFGS         1.0e-04 0 1 1 0     NFW        0.0002   0.0000     -1.994 0.225 137   2.68  178.7       -2290.995       -4558.324   820   0.0002   0.0000     -1.994 0.225 137   2.68    0.205
2018-05-05-16:59:56 1.11  Mocks_Em/MockNFW320ellip5loga2.08PA50center0With_background20num67.dat BFGS         1.0e-04 0 1 1 0     NFW        0.0002  -0.0000     -2.009 0.158  29   2.69  177.4       -2377.118        -4730.57   820   0.0002  -0.0000     -2.009 0.158  29   2.69    0.212
2018-05-05-16:59:56 1.11  Mocks_Em/MockNFW320ellip5loga2.08PA50center0With_background20num68.dat BFGS         1.0e-04 0 1 1 0     NFW      359.9997  -0.0001     -1.985 0.148  32   2.66  175.9       -2215.856       -4408.047   820 359.9997  -0.0001     -1.985 0.148  32   2.66    0.204
2018-05-05-16:59:56 1.11  Mocks_Em/MockNFW320ellip5loga2.08PA50center0With_background20num69.dat BFGS         1.0e-04 0 1 1 0     NFW      359.9998   0.0003     -1.978 0.131  32   2.68  189.1       -2321.456       -4619.247   820 359.9998   0.0003     -1.978 0.131  32   2.68    0.206
2018-05-05-16:59:56 1.11  Mocks_Em/MockNFW320ellip5loga2.08PA50center0With_background20num70.dat BFGS         1.0e-04 0 1 1 0     NFW      359.9994  -0.0005     -1.988 0.147  31   2.68  187.5       -2429.676       -4835.686   820 359.9994  -0.0005     -1.988 0.147  31   2.68    0.207
2018-05-05-16:59:56 1.11  Mocks_Em/MockNFW320ellip5loga2.08PA50center0With_background20num71.dat BFGS         1.0e-04 0 1 1 0     NFW        0.0002  -0.0001     -1.991 0.186 139   2.68  179.3       -2271.515       -4519.364   820   0.0002  -0.0001     -1.991 0.186 139   2.68    0.205
2018-05-05-16:59:56 1.11  Mocks_Em/MockNFW320ellip5loga2.08PA50center0With_background20num72.dat BFGS         1.0e-04 0 1 1 0     NFW      359.9998  -0.0004     -2.001 0.139  34   2.68  178.8       -2381.454       -4739.243   820 359.9998  -0.0004     -2.001 0.139  34   2.68    0.207
2018-05-05-16:59:56 1.11  Mocks_Em/MockNFW320ellip5loga2.08PA50center0With_background20num73.dat BFGS         1.0e-04 0 1 1 0     NFW        0.0004  -0.0009     -1.967 0.160 138   2.68  194.4       -2344.827        -4665.99   820   0.0004  -0.0009     -1.967 0.160 138   2.68    0.212
2018-05-05-16:59:56 1.11  Mocks_Em/MockNFW320ellip5loga2.08PA50center0With_background20num74.dat BFGS         1.0e-04 0 1 1 0     NFW        0.0000   0.0000     -1.982 0.256  25   2.69  189.9       -2317.638       -4611.612   820   0.0000   0.0000     -1.982 0.256  25   2.69    0.205
2018-05-05-16:59:56 1.11  Mocks_Em/MockNFW320ellip5loga2.08PA50center0With_background20num75.dat BFGS         1.0e-04 0 1 1 0     NFW        0.0004   0.0006     -2.015 0.193  42   2.70  177.2       -2409.453       -4795.242   820   0.0004   0.0006     -2.015 0.193  42   2.70    0.206
2018-05-05-16:59:56 1.11  Mocks_Em/MockNFW320ellip5loga2.08PA50center0With_background20num76.dat BFGS         1.0e-04 0 1 1 0     NFW        0.0001  -0.0003     -1.986 0.253 135   2.69  186.1       -2332.481       -4641.296   820   0.0001  -0.0003     -1.986 0.253 135   2.69    0.206
2018-05-05-16:59:56 1.11  Mocks_Em/MockNFW320ellip5loga2.08PA50center0With_background20num77.dat BFGS         1.0e-04 0 1 1 0     NFW      359.9998   0.0001     -1.992 0.158  41   2.70  188.0       -2396.228       -4768.791   820 359.9998   0.0001     -1.992 0.158  41   2.70    0.207
2018-05-05-16:59:56 1.11  Mocks_Em/MockNFW320ellip5loga2.08PA50center0With_background20num78.dat BFGS         1.0e-04 0 1 1 0     NFW        0.0006   0.0001     -2.018 0.190 147   2.68  173.6       -2423.716       -4823.767   820   0.0006   0.0001     -2.018 0.190 147   2.68    0.209
2018-05-05-16:59:56 1.11  Mocks_Em/MockNFW320ellip5loga2.08PA50center0With_background20num79.dat BFGS         1.0e-04 0 1 1 0     NFW        0.0000  -0.0002     -2.029 0.134  30   2.70  170.6       -2402.752       -4781.838   820   0.0000  -0.0002     -2.029 0.134  30   2.70    0.206
2018-05-05-16:59:56 1.11  Mocks_Em/MockNFW320ellip5loga2.08PA50center0With_background20num80.dat BFGS         1.0e-04 0 1 1 0     NFW      359.9999   0.0003     -1.993 0.194 143   2.69  184.4       -2396.402        -4769.14   820 359.9999   0.0003     -1.993 0.194 143   2.69    0.207
2018-05-05-16:59:56 1.11  Mocks_Em/MockNFW320ellip5loga2.08PA50center0With_background20num81.dat BFGS         1.0e-04 0 1 1 0     NFW      360.0000   0.0002     -2.006 0.178  35   2.69  179.8        -2388.65       -4753.635   820 360.0000   0.0002     -2.006 0.178  35   2.69    0.206
2018-05-05-16:59:56 1.11  Mocks_Em/MockNFW320ellip5loga2.08PA50center0With_background20num82.dat BFGS         1.0e-04 0 1 1 0     NFW        0.0001   0.0005     -2.007 0.234  40   2.69  179.0       -2417.318       -4810.971   820   0.0001   0.0005     -2.007 0.234  40   2.69    0.206
2018-05-05-16:59:56 1.11  Mocks_Em/MockNFW320ellip5loga2.08PA50center0With_background20num83.dat BFGS         1.0e-04 0 1 1 0     NFW        0.0002   0.0006     -2.017 0.213  31   2.69  177.7       -2493.996       -4964.328   820   0.0002   0.0006     -2.017 0.213  31   2.69    0.207
2018-05-05-16:59:56 1.11  Mocks_Em/MockNFW320ellip5loga2.08PA50center0With_background20num84.dat BFGS         1.0e-04 0 1 1 0     NFW      359.9998  -0.0004     -2.007 0.162  39   2.70  185.2         -2516.8       -5009.935   820 359.9998  -0.0004     -2.007 0.162  39   2.70    0.207
2018-05-05-16:59:56 1.11  Mocks_Em/MockNFW320ellip5loga2.08PA50center0With_background20num85.dat BFGS         1.0e-04 0 1 1 0     NFW      359.9995  -0.0000     -1.963 0.189 138   2.69  199.7       -2360.398       -4697.132   820 359.9995  -0.0000     -1.963 0.189 138   2.69    0.221
2018-05-05-16:59:56 1.11  Mocks_Em/MockNFW320ellip5loga2.08PA50center0With_background20num86.dat BFGS         1.0e-04 0 1 1 0     NFW        0.0000   0.0000     -1.980 0.116 141   2.67  180.9       -2212.127       -4400.589   820   0.0000   0.0000     -1.980 0.116 141   2.67    0.205
2018-05-05-16:59:56 1.11  Mocks_Em/MockNFW320ellip5loga2.08PA50center0With_background20num87.dat BFGS         1.0e-04 0 1 1 0     NFW        0.0001   0.0002     -2.006 0.259  38   2.69  178.2       -2381.167       -4738.669   820   0.0001   0.0002     -2.006 0.259  38   2.69    0.206
2018-05-05-16:59:56 1.11  Mocks_Em/MockNFW320ellip5loga2.08PA50center0With_background20num88.dat BFGS         1.0e-04 0 1 1 0     NFW        0.0003   0.0001     -2.021 0.178  38   2.71  178.1       -2406.063       -4788.461   820   0.0003   0.0001     -2.021 0.178  38   2.71    0.206
2018-05-05-16:59:56 1.11  Mocks_Em/MockNFW320ellip5loga2.08PA50center0With_background20num89.dat BFGS         1.0e-04 0 1 1 0     NFW      359.9993   0.0005     -1.949 0.137  41   2.66  198.0       -2322.099       -4620.533   820 359.9993   0.0005     -1.949 0.137  41   2.66    0.205
2018-05-05-16:59:56 1.11  Mocks_Em/MockNFW320ellip5loga2.08PA50center0With_background20num90.dat BFGS         1.0e-04 0 1 1 0     NFW        0.0001   0.0002     -2.006 0.218  40   2.68  175.4        -2348.94       -4674.215   820   0.0001   0.0002     -2.006 0.218  40   2.68    0.207
2018-05-05-16:59:56 1.11  Mocks_Em/MockNFW320ellip5loga2.08PA50center0With_background20num91.dat BFGS         1.0e-04 0 1 1 0     NFW      359.9997  -0.0006     -1.997 0.125  33   2.69  187.0       -2454.668       -4885.672   820 359.9997  -0.0006     -1.997 0.125  33   2.69    0.210
2018-05-05-16:59:56 1.11  Mocks_Em/MockNFW320ellip5loga2.08PA50center0With_background20num92.dat BFGS         1.0e-04 0 1 1 0     NFW        0.0002   0.0003     -2.009 0.212  32   2.66  168.4       -2293.002       -4562.339   820   0.0002   0.0003     -2.009 0.212  32   2.66    0.268
2018-05-05-16:59:56 1.11  Mocks_Em/MockNFW320ellip5loga2.08PA50center0With_background20num93.dat BFGS         1.0e-04 0 1 1 0     NFW      359.9997   0.0003     -1.981 0.189  38   2.69  192.2       -2389.337       -4755.009   820 359.9997   0.0003     -1.981 0.189  38   2.69    0.205
2018-05-05-16:59:56 1.11  Mocks_Em/MockNFW320ellip5loga2.08PA50center0With_background20num94.dat BFGS         1.0e-04 0 1 1 0     NFW        0.0002  -0.0000     -2.002 0.172  29   2.68  176.5       -2310.629       -4597.593   820   0.0002  -0.0000     -2.002 0.172  29   2.68    0.204
2018-05-05-16:59:56 1.11  Mocks_Em/MockNFW320ellip5loga2.08PA50center0With_background20num95.dat BFGS         1.0e-04 0 1 1 0     NFW      360.0000  -0.0001     -1.983 0.145  37   2.69  186.6       -2297.334       -4571.003   820 360.0000  -0.0001     -1.983 0.145  37   2.69    0.204
2018-05-05-16:59:56 1.11  Mocks_Em/MockNFW320ellip5loga2.08PA50center0With_background20num96.dat BFGS         1.0e-04 0 1 1 0     NFW      359.9998  -0.0003     -1.970 0.184 143   2.68  192.7       -2318.554       -4613.443   820 359.9998  -0.0003     -1.970 0.184 143   2.68    0.205
2018-05-05-16:59:56 1.11  Mocks_Em/MockNFW320ellip5loga2.08PA50center0With_background20num97.dat BFGS         1.0e-04 0 1 1 0     NFW        0.0003  -0.0000     -1.967 0.186  40   2.68  195.5       -2353.753       -4683.841   820   0.0003  -0.0000     -1.967 0.186  40   2.68    0.205
2018-05-05-16:59:56 1.11  Mocks_Em/MockNFW320ellip5loga2.08PA50center0With_background20num98.dat BFGS         1.0e-04 0 1 1 0     NFW        0.0001  -0.0002     -1.999 0.143  45   2.70  185.2        -2390.91       -4758.156   820   0.0001  -0.0002     -1.999 0.143  45   2.70    0.206
2018-05-05-16:59:56 1.11  Mocks_Em/MockNFW320ellip5loga2.08PA50center0With_background20num99.dat BFGS         1.0e-04 0 1 1 0     NFW      359.9995  -0.0001     -2.018 0.230  43   2.69  177.1       -2484.267       -4944.869   820 359.9995  -0.0001     -2.018 0.230  43   2.69    0.206
