2018-05-05-16:58:49 1.11  Mocks_Em/MockNFW320ellip5loga2.08PA50center0With_background20num0.dat TNC          1.0e-04 0 1 1 0     NFW        0.0002   0.0002     -2.089 0.344  63   2.55  144.9       -2362.503       -4701.341    71   0.0002   0.0002     -2.004 0.133  34   2.69    0.286
2018-05-05-16:58:49 1.11  Mocks_Em/MockNFW320ellip5loga2.08PA50center0With_background20num1.dat TNC          1.0e-04 0 1 1 0     NFW      359.9996  -0.0007     -2.131 0.000 138   2.67  131.9       -2459.015       -4894.365    40 359.9996  -0.0007     -2.005 0.165 137   2.67    0.130
2018-05-05-16:58:49 1.11  Mocks_Em/MockNFW320ellip5loga2.08PA50center0With_background20num2.dat TNC          1.0e-04 0 1 1 0     NFW        0.0002   0.0004     -1.919 0.594  54   5.19  139.7       -2354.572        -4685.48   140   0.0002   0.0004     -1.963 0.138  41   2.68    0.435
2018-05-05-16:58:49 1.11  Mocks_Em/MockNFW320ellip5loga2.08PA50center0With_background20num3.dat TNC          1.0e-04 0 1 1 0     NFW      360.0000  -0.0001     -2.035 0.281  29   2.69  163.3       -2310.693        -4597.72    33 360.0000  -0.0001     -1.992 0.157  29   2.69    0.105
2018-05-05-16:58:49 1.11  Mocks_Em/MockNFW320ellip5loga2.08PA50center0With_background20num4.dat TNC          1.0e-04 0 1 1 0     NFW      359.9993  -0.0004     -2.009 0.564  42   2.50  177.3       -2440.162        -4856.66    54 359.9993  -0.0004     -2.021 0.228  44   2.68    0.171
2018-05-05-16:58:49 1.11  Mocks_Em/MockNFW320ellip5loga2.08PA50center0With_background20num5.dat TNC          1.0e-04 0 1 1 0     NFW        0.0005   0.0007     -1.907 0.541  43   2.71  226.6       -2348.157       -4672.649    54   0.0005   0.0007     -1.994 0.162  43   2.67    0.170
2018-05-05-16:58:49 1.11  Mocks_Em/MockNFW320ellip5loga2.08PA50center0With_background20num6.dat TNC          1.0e-04 0 1 1 0     NFW      359.9998  -0.0009     -1.918 0.562  51   1.33  222.8       -2431.297       -4838.929   177 359.9998  -0.0009     -1.990 0.215  38   2.67    0.551
2018-05-05-16:58:49 1.11  Mocks_Em/MockNFW320ellip5loga2.08PA50center0With_background20num7.dat TNC          1.0e-04 0 1 1 0     NFW      360.0000  -0.0006     -1.936 0.602  54   5.13  143.4       -2325.728       -4627.791   184 360.0000  -0.0006     -1.959 0.158  31   2.69    0.580
2018-05-05-16:58:49 1.11  Mocks_Em/MockNFW320ellip5loga2.08PA50center0With_background20num8.dat TNC          1.0e-04 0 1 1 0     NFW      360.0000   0.0003     -1.923 0.583  49   2.74  225.9       -2375.133       -4726.601    85 360.0000   0.0003     -1.993 0.222  40   2.70    0.267
2018-05-05-16:58:49 1.11  Mocks_Em/MockNFW320ellip5loga2.08PA50center0With_background20num9.dat TNC          1.0e-04 0 1 1 0     NFW        0.0001  -0.0002     -2.012 0.000 131   2.68  172.4       -2307.797        -4591.93    54   0.0001  -0.0002     -1.967 0.143 136   2.68    0.176
2018-05-05-16:58:49 1.11  Mocks_Em/MockNFW320ellip5loga2.08PA50center0With_background20num10.dat TNC          1.0e-04 0 1 1 0     NFW      359.9996  -0.0002     -1.908 0.370  55   2.69  234.2       -2417.729       -4811.794    70 359.9996  -0.0002     -1.962 0.112  37   2.69    0.221
2018-05-05-16:58:49 1.11  Mocks_Em/MockNFW320ellip5loga2.08PA50center0With_background20num11.dat TNC          1.0e-04 0 1 1 0     NFW        0.0005  -0.0000     -1.907 0.669  52   5.21  141.5       -2420.321       -4816.977    82   0.0005  -0.0000     -1.968 0.194  42   2.68    0.257
2018-05-05-16:58:49 1.11  Mocks_Em/MockNFW320ellip5loga2.08PA50center0With_background20num12.dat TNC          1.0e-04 0 1 1 0     NFW      359.9995  -0.0002     -2.060 0.000 143   2.70  158.2       -2369.464       -4715.264    44 359.9995  -0.0002     -1.989 0.154 142   2.70    0.140
2018-05-05-16:58:49 1.11  Mocks_Em/MockNFW320ellip5loga2.08PA50center0With_background20num13.dat TNC          1.0e-04 0 1 1 0     NFW        0.0002   0.0003     -2.056 0.334  44   4.80  130.2       -2354.225       -4684.785   142   0.0002   0.0003     -1.962 0.122  33   2.68    0.449
2018-05-05-16:58:49 1.11  Mocks_Em/MockNFW320ellip5loga2.08PA50center0With_background20num14.dat TNC          1.0e-04 0 1 1 0     NFW        0.0002   0.0003     -1.979 0.585  57   2.89  186.8       -2340.198        -4656.73   146   0.0002   0.0003     -1.970 0.215  31   2.68    0.457
2018-05-05-16:58:49 1.11  Mocks_Em/MockNFW320ellip5loga2.08PA50center0With_background20num15.dat TNC          1.0e-04 0 1 1 0     NFW      359.9997   0.0003     -1.917 0.413  52   2.68  227.9       -2387.444       -4751.224    45 359.9997   0.0003     -1.998 0.189  41   2.69    0.150
2018-05-05-16:58:49 1.11  Mocks_Em/MockNFW320ellip5loga2.08PA50center0With_background20num16.dat TNC          1.0e-04 0 1 1 0     NFW        0.0004  -0.0005     -2.249 0.000 144   2.68   99.3       -2348.027        -4672.39    36   0.0004  -0.0005     -1.987 0.133 140   2.68    0.122
2018-05-05-16:58:49 1.11  Mocks_Em/MockNFW320ellip5loga2.08PA50center0With_background20num17.dat TNC          1.0e-04 0 1 1 0     NFW        0.0001   0.0003     -1.913 0.658  54   5.12  154.7       -2354.609       -4685.553    98   0.0001   0.0003     -1.985 0.211  38   2.68    0.322
2018-05-05-16:58:49 1.11  Mocks_Em/MockNFW320ellip5loga2.08PA50center0With_background20num18.dat TNC          1.0e-04 0 1 1 0     NFW      359.9994   0.0000     -2.665 0.060 180   5.43   18.6       -2467.097        -4910.53   168 359.9994   0.0000     -1.980 0.212 147   2.70    0.543
2018-05-05-16:58:49 1.11  Mocks_Em/MockNFW320ellip5loga2.08PA50center0With_background20num19.dat TNC          1.0e-04 0 1 1 0     NFW        0.0003  -0.0005     -2.203 0.000 133   2.74  111.3       -2415.358        -4807.05    60   0.0003  -0.0005     -1.985 0.193 136   2.68    0.206
2018-05-05-16:58:49 1.11  Mocks_Em/MockNFW320ellip5loga2.08PA50center0With_background20num20.dat TNC          1.0e-04 0 1 1 0     NFW        0.0004   0.0001     -2.031 0.000 134   2.69  168.7       -2406.016       -4788.367    55   0.0004   0.0001     -1.988 0.166 136   2.69    0.177
2018-05-05-16:58:49 1.11  Mocks_Em/MockNFW320ellip5loga2.08PA50center0With_background20num21.dat TNC          1.0e-04 0 1 1 0     NFW        0.0000  -0.0002     -2.104 0.394  62   4.62  129.8       -2410.247       -4796.828   131   0.0000  -0.0002     -2.002 0.217  26   2.71    0.407
2018-05-05-16:58:49 1.11  Mocks_Em/MockNFW320ellip5loga2.08PA50center0With_background20num22.dat TNC          1.0e-04 0 1 1 0     NFW      359.9995  -0.0007     -2.230 0.442  49   4.95   83.5       -2474.629       -4925.593   164 359.9995  -0.0007     -2.011 0.168  40   2.68    0.514
2018-05-05-16:58:49 1.11  Mocks_Em/MockNFW320ellip5loga2.08PA50center0With_background20num23.dat TNC          1.0e-04 0 1 1 0     NFW        0.0000   0.0005     -1.953 0.453  55   2.70  203.1       -2377.741       -4731.818   107   0.0000   0.0005     -1.969 0.180  30   2.68    0.333
2018-05-05-16:58:49 1.11  Mocks_Em/MockNFW320ellip5loga2.08PA50center0With_background20num24.dat TNC          1.0e-04 0 1 1 0     NFW        0.0004  -0.0005     -2.010 0.498  58   2.74  181.7       -2441.684       -4859.703   130   0.0004  -0.0005     -2.005 0.201  38   2.70    0.417
2018-05-05-16:58:49 1.11  Mocks_Em/MockNFW320ellip5loga2.08PA50center0With_background20num25.dat TNC          1.0e-04 0 1 1 0     NFW        0.0005   0.0004     -2.038 0.548  48   3.52  163.5       -2445.797       -4867.928   126   0.0005   0.0004     -2.000 0.214  43   2.68    0.394
2018-05-05-16:58:49 1.11  Mocks_Em/MockNFW320ellip5loga2.08PA50center0With_background20num26.dat TNC          1.0e-04 0 1 1 0     NFW      359.9999   0.0002     -1.918 0.548  53   2.77  221.3       -2314.384       -4605.104   106 359.9999   0.0002     -1.994 0.188  40   2.68    0.338
2018-05-05-16:58:49 1.11  Mocks_Em/MockNFW320ellip5loga2.08PA50center0With_background20num27.dat TNC          1.0e-04 0 1 1 0     NFW        0.0002  -0.0003     -1.959 0.556  47   2.66  196.5       -2316.935       -4610.206    91   0.0002  -0.0003     -2.007 0.251  40   2.68    0.306
2018-05-05-16:58:49 1.11  Mocks_Em/MockNFW320ellip5loga2.08PA50center0With_background20num28.dat TNC          1.0e-04 0 1 1 0     NFW        0.0005  -0.0002     -1.909 0.000 140   2.44  227.5       -2350.198       -4676.731    53   0.0005  -0.0002     -1.986 0.264 139   2.67    0.172
2018-05-05-16:58:49 1.11  Mocks_Em/MockNFW320ellip5loga2.08PA50center0With_background20num29.dat TNC          1.0e-04 0 1 1 0     NFW        0.0007   0.0002     -1.994 0.418  34   2.68  190.2       -2503.487       -4983.309   107   0.0007   0.0002     -2.008 0.253  34   2.69    0.345
2018-05-05-16:58:49 1.11  Mocks_Em/MockNFW320ellip5loga2.08PA50center0With_background20num30.dat TNC          1.0e-04 0 1 1 0     NFW      359.9995  -0.0009     -2.093 0.428  70   2.69  144.5       -2447.336       -4871.008   105 359.9995  -0.0009     -2.018 0.165  38   2.68    0.332
2018-05-05-16:58:49 1.11  Mocks_Em/MockNFW320ellip5loga2.08PA50center0With_background20num31.dat TNC          1.0e-04 0 1 1 0     NFW        0.0002   0.0002     -2.220 0.000 140   2.67  104.7       -2335.441       -4647.218    57   0.0002   0.0002     -2.018 0.216 137   2.68    0.179
2018-05-05-16:58:49 1.11  Mocks_Em/MockNFW320ellip5loga2.08PA50center0With_background20num32.dat TNC          1.0e-04 0 1 1 0     NFW        0.0006  -0.0001     -1.908 0.584  47   4.39  221.4       -2442.851       -4862.038   131   0.0006  -0.0001     -1.969 0.261  43   2.69    0.410
2018-05-05-16:58:49 1.11  Mocks_Em/MockNFW320ellip5loga2.08PA50center0With_background20num33.dat TNC          1.0e-04 0 1 1 0     NFW        0.0004  -0.0004     -2.070 0.511  51   2.68  154.6       -2475.486       -4927.307    46   0.0004  -0.0004     -1.982 0.235  37   2.69    0.146
2018-05-05-16:58:49 1.11  Mocks_Em/MockNFW320ellip5loga2.08PA50center0With_background20num34.dat TNC          1.0e-04 0 1 1 0     NFW        0.0000  -0.0001     -1.918 0.599  53   2.73  222.1       -2332.182       -4640.699    90   0.0000  -0.0001     -2.006 0.235  29   2.68    0.281
2018-05-05-16:58:49 1.11  Mocks_Em/MockNFW320ellip5loga2.08PA50center0With_background20num35.dat TNC          1.0e-04 0 1 1 0     NFW      359.9997  -0.0002     -1.915 0.548  50   4.80  187.2       -2297.199       -4570.734   197 359.9997  -0.0002     -1.965 0.208  39   2.67    0.610
2018-05-05-16:58:49 1.11  Mocks_Em/MockNFW320ellip5loga2.08PA50center0With_background20num36.dat TNC          1.0e-04 0 1 1 0     NFW      359.9999   0.0003     -1.949 0.514  55   2.84  208.5       -2392.949       -4762.232   126 359.9999   0.0003     -1.976 0.214  35   2.69    0.393
2018-05-05-16:58:49 1.11  Mocks_Em/MockNFW320ellip5loga2.08PA50center0With_background20num37.dat TNC          1.0e-04 0 1 1 0     NFW        0.0002  -0.0002     -2.071 0.346  36   3.16  154.4       -2438.116       -4852.567    44   0.0002  -0.0002     -1.998 0.232  36   2.70    0.139
2018-05-05-16:58:49 1.11  Mocks_Em/MockNFW320ellip5loga2.08PA50center0With_background20num38.dat TNC          1.0e-04 0 1 1 0     NFW        0.0007  -0.0001     -1.908 0.000 162   2.69  237.2       -2448.866       -4874.068    52   0.0007  -0.0001     -1.985 0.213 146   2.69    0.166
2018-05-05-16:58:49 1.11  Mocks_Em/MockNFW320ellip5loga2.08PA50center0With_background20num39.dat TNC          1.0e-04 0 1 1 0     NFW      360.0000   0.0005     -1.916 0.000 141   2.70  228.1        -2343.56       -4663.455    49 360.0000   0.0005     -1.956 0.188 138   2.69    0.155
2018-05-05-16:58:49 1.11  Mocks_Em/MockNFW320ellip5loga2.08PA50center0With_background20num40.dat TNC          1.0e-04 0 1 1 0     NFW        0.0005   0.0002     -2.331 0.592  41   5.33   38.7       -2335.663       -4647.661    97   0.0005   0.0002     -1.961 0.176  41   2.67    0.303
2018-05-05-16:58:49 1.11  Mocks_Em/MockNFW320ellip5loga2.08PA50center0With_background20num41.dat TNC          1.0e-04 0 1 1 0     NFW      359.9997  -0.0002     -1.916 0.000 136   2.74  231.9       -2393.001       -4762.338    40 359.9997  -0.0002     -1.966 0.132 136   2.70    0.129
2018-05-05-16:58:49 1.11  Mocks_Em/MockNFW320ellip5loga2.08PA50center0With_background20num42.dat TNC          1.0e-04 0 1 1 0     NFW        0.0002   0.0006     -1.904 0.572  51  -0.32  234.5       -2435.606       -4847.548   134   0.0002   0.0006     -2.003 0.235  42   2.68    0.432
2018-05-05-16:58:49 1.11  Mocks_Em/MockNFW320ellip5loga2.08PA50center0With_background20num43.dat TNC          1.0e-04 0 1 1 0     NFW        0.0000  -0.0007     -1.904 0.595  51   2.68  231.9       -2411.348       -4799.031    49   0.0000  -0.0007     -1.984 0.233  39   2.67    0.156
2018-05-05-16:58:49 1.11  Mocks_Em/MockNFW320ellip5loga2.08PA50center0With_background20num44.dat TNC          1.0e-04 0 1 1 0     NFW      360.0000  -0.0003     -2.045 0.431  51  -0.31  161.2       -2375.134       -4726.603   179 360.0000  -0.0003     -2.002 0.189  36   2.69    0.554
2018-05-05-16:58:49 1.11  Mocks_Em/MockNFW320ellip5loga2.08PA50center0With_background20num45.dat TNC          1.0e-04 0 1 1 0     NFW        0.0001   0.0002     -1.977 0.518  57   2.70  183.8       -2249.057        -4474.45    76   0.0001   0.0002     -1.955 0.176  30   2.67    0.236
2018-05-05-16:58:49 1.11  Mocks_Em/MockNFW320ellip5loga2.08PA50center0With_background20num46.dat TNC          1.0e-04 0 1 1 0     NFW        0.0000  -0.0003     -2.049 0.494  51   2.68  153.0       -2277.866       -4532.068    66   0.0000  -0.0003     -1.979 0.189  38   2.67    0.206
2018-05-05-16:58:49 1.11  Mocks_Em/MockNFW320ellip5loga2.08PA50center0With_background20num47.dat TNC          1.0e-04 0 1 1 0     NFW      359.9999  -0.0000     -1.943 0.374  62   2.71  222.0           -2471       -4918.336   163 359.9999  -0.0000     -2.003 0.161  25   2.71    0.509
2018-05-05-16:58:49 1.11  Mocks_Em/MockNFW320ellip5loga2.08PA50center0With_background20num48.dat TNC          1.0e-04 0 1 1 0     NFW      359.9997  -0.0002     -2.101 0.588  51   4.97  105.3       -2347.572       -4671.479   224 359.9997  -0.0002     -1.980 0.218  33   2.67    0.694
2018-05-05-16:58:49 1.11  Mocks_Em/MockNFW320ellip5loga2.08PA50center0With_background20num49.dat TNC          1.0e-04 0 1 1 0     NFW      360.0000   0.0002     -2.021 0.374  41   2.84  180.5       -2460.974       -4898.283    78 360.0000   0.0002     -1.999 0.167  41   2.72    0.246
2018-05-05-16:58:49 1.11  Mocks_Em/MockNFW320ellip5loga2.08PA50center0With_background20num50.dat TNC          1.0e-04 0 1 1 0     NFW      359.9997  -0.0001     -2.061 0.570  61   2.74  152.1       -2332.631       -4641.598    80 359.9997  -0.0001     -1.981 0.260  33   2.68    0.256
2018-05-05-16:58:49 1.11  Mocks_Em/MockNFW320ellip5loga2.08PA50center0With_background20num51.dat TNC          1.0e-04 0 1 1 0     NFW        0.0001   0.0006     -2.203 0.000 142   2.67  108.1       -2308.687        -4593.71    26   0.0001   0.0006     -1.987 0.145 138   2.68    0.084
2018-05-05-16:58:49 1.11  Mocks_Em/MockNFW320ellip5loga2.08PA50center0With_background20num52.dat TNC          1.0e-04 0 1 1 0     NFW      359.9999   0.0003     -2.252 0.000 145   2.73  100.3       -2399.311       -4774.957    57 359.9999   0.0003     -2.011 0.127 146   2.69    0.181
2018-05-05-16:58:49 1.11  Mocks_Em/MockNFW320ellip5loga2.08PA50center0With_background20num53.dat TNC          1.0e-04 0 1 1 0     NFW      359.9999   0.0002     -2.003 0.591  55   5.14  116.4       -2292.704       -4561.743   136 359.9999   0.0002     -1.954 0.184  40   2.68    0.433
2018-05-05-16:58:49 1.11  Mocks_Em/MockNFW320ellip5loga2.08PA50center0With_background20num54.dat TNC          1.0e-04 0 1 1 0     NFW      359.9994   0.0001     -2.319 0.000 136   2.86   88.7       -2464.468       -4905.271    50 359.9994   0.0001     -2.009 0.087 137   2.69    0.163
2018-05-05-16:58:49 1.11  Mocks_Em/MockNFW320ellip5loga2.08PA50center0With_background20num55.dat TNC          1.0e-04 0 1 1 0     NFW      359.9999   0.0001     -2.464 0.500  27   5.41   28.5       -2460.174       -4896.682   130 359.9999   0.0001     -2.003 0.174  27   2.71    0.419
2018-05-05-16:58:49 1.11  Mocks_Em/MockNFW320ellip5loga2.08PA50center0With_background20num56.dat TNC          1.0e-04 0 1 1 0     NFW        0.0002  -0.0001     -1.915 0.521  44   2.76  220.5       -2299.498       -4575.331   137   0.0002  -0.0001     -1.968 0.143  40   2.67    0.423
2018-05-05-16:58:49 1.11  Mocks_Em/MockNFW320ellip5loga2.08PA50center0With_background20num57.dat TNC          1.0e-04 0 1 1 0     NFW        0.0003   0.0002     -2.169 0.379  43   2.70  122.1       -2386.108       -4748.551    68   0.0003   0.0002     -2.020 0.172  42   2.71    0.225
2018-05-05-16:58:49 1.11  Mocks_Em/MockNFW320ellip5loga2.08PA50center0With_background20num58.dat TNC          1.0e-04 0 1 1 0     NFW        0.0001   0.0004     -1.919 0.000 135   1.21  227.6       -2362.657        -4701.65    52   0.0001   0.0004     -1.984 0.190 135   2.69    0.170
2018-05-05-16:58:49 1.11  Mocks_Em/MockNFW320ellip5loga2.08PA50center0With_background20num59.dat TNC          1.0e-04 0 1 1 0     NFW        0.0002  -0.0001     -2.047 0.510  60   2.66  157.1       -2310.373       -4597.082   121   0.0002  -0.0001     -1.992 0.200  32   2.68    0.374
2018-05-05-16:58:49 1.11  Mocks_Em/MockNFW320ellip5loga2.08PA50center0With_background20num60.dat TNC          1.0e-04 0 1 1 0     NFW      359.9999  -0.0003     -1.919 0.000 138   2.69  229.7       -2390.294       -4756.923    55 359.9999  -0.0003     -2.009 0.226 138   2.70    0.176
2018-05-05-16:58:49 1.11  Mocks_Em/MockNFW320ellip5loga2.08PA50center0With_background20num61.dat TNC          1.0e-04 0 1 1 0     NFW      359.9998   0.0008     -2.016 0.526  44   2.61  175.5       -2501.214       -4978.764    46 359.9998   0.0008     -2.012 0.239  44   2.68    0.147
2018-05-05-16:58:49 1.11  Mocks_Em/MockNFW320ellip5loga2.08PA50center0With_background20num62.dat TNC          1.0e-04 0 1 1 0     NFW      359.9996   0.0004     -1.911 0.553  49   5.00  172.2       -2353.176       -4682.688   103 359.9996   0.0004     -1.954 0.191  34   2.68    0.321
2018-05-05-16:58:49 1.11  Mocks_Em/MockNFW320ellip5loga2.08PA50center0With_background20num63.dat TNC          1.0e-04 0 1 1 0     NFW      360.0000  -0.0003     -2.308 0.000 135   2.72   88.2       -2349.262        -4674.86    64 360.0000  -0.0003     -1.986 0.146 136   2.69    0.202
2018-05-05-16:58:49 1.11  Mocks_Em/MockNFW320ellip5loga2.08PA50center0With_background20num64.dat TNC          1.0e-04 0 1 1 0     NFW        0.0001   0.0002     -2.092 0.443  57   2.69  141.9       -2344.239       -4664.812   120   0.0001   0.0002     -2.007 0.181  25   2.69    0.384
2018-05-05-16:58:49 1.11  Mocks_Em/MockNFW320ellip5loga2.08PA50center0With_background20num65.dat TNC          1.0e-04 0 1 1 0     NFW        0.0008   0.0005     -2.092 0.000 130   2.66  140.7       -2386.104       -4748.544    32   0.0008   0.0005     -1.988 0.135 136   2.66    0.104
2018-05-05-16:58:49 1.11  Mocks_Em/MockNFW320ellip5loga2.08PA50center0With_background20num66.dat TNC          1.0e-04 0 1 1 0     NFW        0.0002   0.0000     -2.195 0.000 139   2.67  109.8       -2301.784       -4579.904    66   0.0002   0.0000     -1.994 0.225 137   2.68    0.213
2018-05-05-16:58:49 1.11  Mocks_Em/MockNFW320ellip5loga2.08PA50center0With_background20num67.dat TNC          1.0e-04 0 1 1 0     NFW        0.0002  -0.0000     -2.154 0.349  61   2.81  124.1       -2385.015       -4746.366    68   0.0002  -0.0000     -2.009 0.158  29   2.69    0.214
2018-05-05-16:58:49 1.11  Mocks_Em/MockNFW320ellip5loga2.08PA50center0With_background20num68.dat TNC          1.0e-04 0 1 1 0     NFW      359.9997  -0.0001     -2.199 0.340  55   2.65  104.6       -2223.622       -4423.579    93 359.9997  -0.0001     -1.985 0.148  32   2.66    0.298
2018-05-05-16:58:49 1.11  Mocks_Em/MockNFW320ellip5loga2.08PA50center0With_background20num69.dat TNC          1.0e-04 0 1 1 0     NFW      359.9998   0.0003     -2.038 0.324  53   3.97  158.1       -2324.917        -4626.17   109 359.9998   0.0003     -1.978 0.131  32   2.68    0.346
2018-05-05-16:58:49 1.11  Mocks_Em/MockNFW320ellip5loga2.08PA50center0With_background20num70.dat TNC          1.0e-04 0 1 1 0     NFW      359.9994  -0.0005     -1.924 0.438  56   2.68  222.4       -2435.614       -4847.563   125 359.9994  -0.0005     -1.988 0.147  31   2.68    0.391
2018-05-05-16:58:49 1.11  Mocks_Em/MockNFW320ellip5loga2.08PA50center0With_background20num71.dat TNC          1.0e-04 0 1 1 0     NFW        0.0002  -0.0001     -2.237 0.000 151   2.67   99.4       -2278.439       -4533.213    31   0.0002  -0.0001     -1.991 0.186 139   2.68    0.101
2018-05-05-16:58:49 1.11  Mocks_Em/MockNFW320ellip5loga2.08PA50center0With_background20num72.dat TNC          1.0e-04 0 1 1 0     NFW      359.9998  -0.0004     -2.089 0.294  34   2.68  143.6       -2383.863       -4744.061    72 359.9998  -0.0004     -2.001 0.139  34   2.68    0.227
2018-05-05-16:58:49 1.11  Mocks_Em/MockNFW320ellip5loga2.08PA50center0With_background20num73.dat TNC          1.0e-04 0 1 1 0     NFW        0.0004  -0.0009     -1.931 0.000 137   2.68  214.8       -2350.025       -4676.385    44   0.0004  -0.0009     -1.967 0.160 138   2.68    0.142
2018-05-05-16:58:49 1.11  Mocks_Em/MockNFW320ellip5loga2.08PA50center0With_background20num74.dat TNC          1.0e-04 0 1 1 0     NFW        0.0000   0.0000     -1.923 0.601  61   2.65  222.9       -2337.375       -4651.085    94   0.0000   0.0000     -1.982 0.256  25   2.69    0.296
2018-05-05-16:58:49 1.11  Mocks_Em/MockNFW320ellip5loga2.08PA50center0With_background20num75.dat TNC          1.0e-04 0 1 1 0     NFW        0.0004   0.0006     -1.956 0.546  44   2.68  207.4       -2416.339       -4809.012    40   0.0004   0.0006     -2.015 0.193  42   2.70    0.127
2018-05-05-16:58:49 1.11  Mocks_Em/MockNFW320ellip5loga2.08PA50center0With_background20num76.dat TNC          1.0e-04 0 1 1 0     NFW        0.0001  -0.0003     -2.183 0.000 136   2.58  115.2       -2345.814       -4667.962    60   0.0001  -0.0003     -1.986 0.253 135   2.69    0.191
2018-05-05-16:58:49 1.11  Mocks_Em/MockNFW320ellip5loga2.08PA50center0With_background20num77.dat TNC          1.0e-04 0 1 1 0     NFW      359.9998   0.0001     -2.206 0.551  45   5.05   82.4        -2405.08       -4786.496   115 359.9998   0.0001     -1.992 0.158  41   2.70    0.359
2018-05-05-16:58:49 1.11  Mocks_Em/MockNFW320ellip5loga2.08PA50center0With_background20num78.dat TNC          1.0e-04 0 1 1 0     NFW        0.0006   0.0001     -2.247 0.202 180   1.58  101.7       -2433.315       -4842.965   141   0.0006   0.0001     -2.018 0.190 147   2.68    0.457
2018-05-05-16:58:49 1.11  Mocks_Em/MockNFW320ellip5loga2.08PA50center0With_background20num79.dat TNC          1.0e-04 0 1 1 0     NFW        0.0000  -0.0002     -2.093 0.357  47   2.69  145.4       -2407.972       -4792.279    74   0.0000  -0.0002     -2.029 0.134  30   2.70    0.237
2018-05-05-16:58:49 1.11  Mocks_Em/MockNFW320ellip5loga2.08PA50center0With_background20num80.dat TNC          1.0e-04 0 1 1 0     NFW      359.9999   0.0003     -2.376 0.000 170   2.71   78.2        -2404.71       -4785.756    18 359.9999   0.0003     -1.993 0.194 143   2.69    0.066
2018-05-05-16:58:49 1.11  Mocks_Em/MockNFW320ellip5loga2.08PA50center0With_background20num81.dat TNC          1.0e-04 0 1 1 0     NFW      360.0000   0.0002     -2.043 0.497  55   2.76  163.3       -2396.691       -4769.718    75 360.0000   0.0002     -2.006 0.178  35   2.69    0.241
2018-05-05-16:58:49 1.11  Mocks_Em/MockNFW320ellip5loga2.08PA50center0With_background20num82.dat TNC          1.0e-04 0 1 1 0     NFW        0.0001   0.0005     -1.985 0.549  46   2.59  189.2       -2424.408       -4825.151    39   0.0001   0.0005     -2.007 0.234  40   2.69    0.127
2018-05-05-16:58:49 1.11  Mocks_Em/MockNFW320ellip5loga2.08PA50center0With_background20num83.dat TNC          1.0e-04 0 1 1 0     NFW        0.0002   0.0006     -2.097 0.422  58   2.68  146.0       -2502.083       -4980.501    87   0.0002   0.0006     -2.017 0.213  31   2.69    0.279
2018-05-05-16:58:49 1.11  Mocks_Em/MockNFW320ellip5loga2.08PA50center0With_background20num84.dat TNC          1.0e-04 0 1 1 0     NFW      359.9998  -0.0004     -2.143 0.396  55   2.66  132.9       -2523.786       -5023.907    68 359.9998  -0.0004     -2.007 0.162  39   2.70    0.222
2018-05-05-16:58:49 1.11  Mocks_Em/MockNFW320ellip5loga2.08PA50center0With_background20num85.dat TNC          1.0e-04 0 1 1 0     NFW      359.9995  -0.0000     -1.913 0.000 138   2.49  229.0       -2367.283       -4710.902    44 359.9995  -0.0000     -1.963 0.189 138   2.69    0.146
2018-05-05-16:58:49 1.11  Mocks_Em/MockNFW320ellip5loga2.08PA50center0With_background20num86.dat TNC          1.0e-04 0 1 1 0     NFW        0.0000   0.0000     -2.344 0.000 151   4.87   63.6       -2216.717       -4409.768    22   0.0000   0.0000     -1.980 0.116 141   2.67    0.079
2018-05-05-16:58:49 1.11  Mocks_Em/MockNFW320ellip5loga2.08PA50center0With_background20num87.dat TNC          1.0e-04 0 1 1 0     NFW        0.0001   0.0002     -1.998 0.575  57   2.69  181.9       -2391.657        -4759.65   197   0.0001   0.0002     -2.006 0.259  38   2.69    0.620
2018-05-05-16:58:49 1.11  Mocks_Em/MockNFW320ellip5loga2.08PA50center0With_background20num88.dat TNC          1.0e-04 0 1 1 0     NFW        0.0003   0.0001     -1.977 0.518  48   2.71  199.9       -2412.174       -4800.683    32   0.0003   0.0001     -2.021 0.178  38   2.71    0.105
2018-05-05-16:58:49 1.11  Mocks_Em/MockNFW320ellip5loga2.08PA50center0With_background20num89.dat TNC          1.0e-04 0 1 1 0     NFW      359.9993   0.0005     -1.901 0.396  46   2.66  225.9       -2325.758       -4627.852    31 359.9993   0.0005     -1.949 0.137  41   2.66    0.100
2018-05-05-16:58:49 1.11  Mocks_Em/MockNFW320ellip5loga2.08PA50center0With_background20num90.dat TNC          1.0e-04 0 1 1 0     NFW        0.0001   0.0002     -2.130 0.513  44   0.42  129.5       -2358.344       -4693.024    74   0.0001   0.0002     -2.006 0.218  40   2.68    0.232
2018-05-05-16:58:49 1.11  Mocks_Em/MockNFW320ellip5loga2.08PA50center0With_background20num91.dat TNC          1.0e-04 0 1 1 0     NFW      359.9997  -0.0006     -2.080 0.329  60   2.90  151.5       -2459.562       -4895.459    37 359.9997  -0.0006     -1.997 0.125  33   2.69    0.118
2018-05-05-16:58:49 1.11  Mocks_Em/MockNFW320ellip5loga2.08PA50center0With_background20num92.dat TNC          1.0e-04 0 1 1 0     NFW        0.0002   0.0003     -2.137 0.507  60   1.61  123.2       -2304.981       -4586.297   119   0.0002   0.0003     -2.009 0.212  32   2.66    0.369
2018-05-05-16:58:49 1.11  Mocks_Em/MockNFW320ellip5loga2.08PA50center0With_background20num93.dat TNC          1.0e-04 0 1 1 0     NFW      359.9997   0.0003     -1.958 0.429  48   2.78  204.5         -2393.2       -4762.735    43 359.9997   0.0003     -1.981 0.189  38   2.69    0.139
2018-05-05-16:58:49 1.11  Mocks_Em/MockNFW320ellip5loga2.08PA50center0With_background20num94.dat TNC          1.0e-04 0 1 1 0     NFW        0.0002  -0.0000     -2.047 0.298  56   3.88  154.6       -2314.906       -4606.147    45   0.0002  -0.0000     -2.002 0.172  29   2.68    0.145
2018-05-05-16:58:49 1.11  Mocks_Em/MockNFW320ellip5loga2.08PA50center0With_background20num95.dat TNC          1.0e-04 0 1 1 0     NFW      360.0000  -0.0001     -2.082 0.314  53   2.67  145.1       -2300.705       -4577.745    83 360.0000  -0.0001     -1.983 0.145  37   2.69    0.264
2018-05-05-16:58:49 1.11  Mocks_Em/MockNFW320ellip5loga2.08PA50center0With_background20num96.dat TNC          1.0e-04 0 1 1 0     NFW      359.9998  -0.0003     -1.915 0.000 168   2.67  224.4       -2324.309       -4624.952    39 359.9998  -0.0003     -1.970 0.184 143   2.68    0.129
2018-05-05-16:58:49 1.11  Mocks_Em/MockNFW320ellip5loga2.08PA50center0With_background20num97.dat TNC          1.0e-04 0 1 1 0     NFW        0.0003  -0.0000     -2.101 0.355  40   4.57  126.8       -2357.714       -4691.762   132   0.0003  -0.0000     -1.967 0.186  40   2.68    0.418
2018-05-05-16:58:49 1.11  Mocks_Em/MockNFW320ellip5loga2.08PA50center0With_background20num98.dat TNC          1.0e-04 0 1 1 0     NFW        0.0001  -0.0002     -2.101 0.309  49   2.86  143.0        -2393.92       -4764.176    64   0.0001  -0.0002     -1.999 0.143  45   2.70    0.201
2018-05-05-16:58:49 1.11  Mocks_Em/MockNFW320ellip5loga2.08PA50center0With_background20num99.dat TNC          1.0e-04 0 1 1 0     NFW      359.9995  -0.0001     -2.177 0.407  49   2.68  120.9       -2491.266       -4958.866    80 359.9995  -0.0001     -2.018 0.230  43   2.69    0.251
