2018-05-05-16:59:20 1.11  Mocks_Em/MockNFW320ellip5loga2.08PA50center0With_background20num0.dat L-BFGS-B     1.0e-04 0 1 1 0     NFW        0.0002   0.0002     -2.146 0.196  34   2.69  126.5       -2358.832       -4693.999    28   0.0002   0.0002     -2.004 0.133  34   2.69    0.023
2018-05-05-16:59:20 1.11  Mocks_Em/MockNFW320ellip5loga2.08PA50center0With_background20num1.dat L-BFGS-B     1.0e-04 0 1 1 0     NFW      359.9996  -0.0007     -2.099 0.155 137   2.67  142.1       -2453.651       -4883.636    35 359.9996  -0.0007     -2.005 0.165 137   2.67    0.026
2018-05-05-16:59:20 1.11  Mocks_Em/MockNFW320ellip5loga2.08PA50center0With_background20num2.dat L-BFGS-B     1.0e-04 0 1 1 0     NFW        0.0002   0.0004     -1.935 0.387  41   2.68  213.4       -2352.131       -4680.597    28   0.0002   0.0004     -1.963 0.138  41   2.68    0.018
2018-05-05-16:59:20 1.11  Mocks_Em/MockNFW320ellip5loga2.08PA50center0With_background20num3.dat L-BFGS-B     1.0e-04 0 1 1 0     NFW      360.0000  -0.0001     -2.088 0.198  29   2.69  142.9       -2310.269       -4596.873    28 360.0000  -0.0001     -1.992 0.157  29   2.69    0.016
2018-05-05-16:59:20 1.11  Mocks_Em/MockNFW320ellip5loga2.08PA50center0With_background20num4.dat L-BFGS-B     1.0e-04 0 1 1 0     NFW      359.9993  -0.0004     -2.230 0.309  44   2.67  105.3       -2436.627       -4849.589    28 359.9993  -0.0004     -2.021 0.228  44   2.68    0.015
2018-05-05-16:59:20 1.11  Mocks_Em/MockNFW320ellip5loga2.08PA50center0With_background20num5.dat L-BFGS-B     1.0e-04 0 1 1 0     NFW        0.0005   0.0007     -2.106 0.209  43   2.67  135.6       -2342.087       -4660.508    28   0.0005   0.0007     -1.994 0.162  43   2.67    0.014
2018-05-05-16:59:20 1.11  Mocks_Em/MockNFW320ellip5loga2.08PA50center0With_background20num6.dat L-BFGS-B     1.0e-04 0 1 1 0     NFW      359.9998  -0.0009     -2.143 0.274  38   2.67  126.4       -2425.723        -4827.78    28 359.9998  -0.0009     -1.990 0.215  38   2.67    0.014
2018-05-05-16:59:20 1.11  Mocks_Em/MockNFW320ellip5loga2.08PA50center0With_background20num7.dat L-BFGS-B     1.0e-04 0 1 1 0     NFW      360.0000  -0.0006     -1.948 0.339  31   2.69  206.6       -2318.759       -4613.854    35 360.0000  -0.0006     -1.959 0.158  31   2.69    0.016
2018-05-05-16:59:20 1.11  Mocks_Em/MockNFW320ellip5loga2.08PA50center0With_background20num8.dat L-BFGS-B     1.0e-04 0 1 1 0     NFW      360.0000   0.0003     -2.162 0.286  40   2.70  123.1       -2368.589       -4713.514    28 360.0000   0.0003     -1.993 0.222  40   2.70    0.012
2018-05-05-16:59:20 1.11  Mocks_Em/MockNFW320ellip5loga2.08PA50center0With_background20num9.dat L-BFGS-B     1.0e-04 0 1 1 0     NFW        0.0001  -0.0002     -2.025 0.138 136   2.68  166.5       -2303.789       -4583.914    28   0.0001  -0.0002     -1.967 0.143 136   2.68    0.012
2018-05-05-16:59:20 1.11  Mocks_Em/MockNFW320ellip5loga2.08PA50center0With_background20num10.dat L-BFGS-B     1.0e-04 0 1 1 0     NFW      359.9996  -0.0002     -2.043 0.214  37   2.69  164.0       -2414.582       -4805.498    42 359.9996  -0.0002     -1.962 0.112  37   2.69    0.017
2018-05-05-16:59:20 1.11  Mocks_Em/MockNFW320ellip5loga2.08PA50center0With_background20num11.dat L-BFGS-B     1.0e-04 0 1 1 0     NFW        0.0005  -0.0000     -1.934 0.529  42   2.69  217.3       -2416.032         -4808.4    49   0.0005  -0.0000     -1.968 0.194  42   2.68    0.020
2018-05-05-16:59:20 1.11  Mocks_Em/MockNFW320ellip5loga2.08PA50center0With_background20num12.dat L-BFGS-B     1.0e-04 0 1 1 0     NFW      359.9995  -0.0002     -2.085 0.144 142   2.70  148.6       -2364.125       -4704.585    35 359.9995  -0.0002     -1.989 0.154 142   2.70    0.015
2018-05-05-16:59:20 1.11  Mocks_Em/MockNFW320ellip5loga2.08PA50center0With_background20num13.dat L-BFGS-B     1.0e-04 0 1 1 0     NFW        0.0002   0.0003     -2.087 0.177  33   2.68  143.3       -2351.307       -4678.948    28   0.0002   0.0003     -1.962 0.122  33   2.68    0.012
2018-05-05-16:59:20 1.11  Mocks_Em/MockNFW320ellip5loga2.08PA50center0With_background20num14.dat L-BFGS-B     1.0e-04 0 1 1 0     NFW        0.0002   0.0003     -2.146 0.281  31   2.68  123.7       -2328.675       -4633.685    28   0.0002   0.0003     -1.970 0.215  31   2.68    0.011
2018-05-05-16:59:20 1.11  Mocks_Em/MockNFW320ellip5loga2.08PA50center0With_background20num15.dat L-BFGS-B     1.0e-04 0 1 1 0     NFW      359.9997   0.0003     -2.088 0.225  41   2.69  145.9       -2384.236       -4744.808    28 359.9997   0.0003     -1.998 0.189  41   2.69    0.011
2018-05-05-16:59:20 1.11  Mocks_Em/MockNFW320ellip5loga2.08PA50center0With_background20num16.dat L-BFGS-B     1.0e-04 0 1 1 0     NFW        0.0004  -0.0005     -2.201 0.114 140   2.68  110.3       -2344.404       -4665.144    35   0.0004  -0.0005     -1.987 0.133 140   2.68    0.015
2018-05-05-16:59:20 1.11  Mocks_Em/MockNFW320ellip5loga2.08PA50center0With_background20num17.dat L-BFGS-B     1.0e-04 0 1 1 0     NFW        0.0001   0.0003     -1.949 0.505  38   2.69  205.5       -2347.146       -4670.626    35   0.0001   0.0003     -1.985 0.211  38   2.68    0.014
2018-05-05-16:59:20 1.11  Mocks_Em/MockNFW320ellip5loga2.08PA50center0With_background20num18.dat L-BFGS-B     1.0e-04 0 1 1 0     NFW      359.9994   0.0000     -2.116 0.193 147   2.70  140.9       -2457.195       -4890.725    35 359.9994   0.0000     -1.980 0.212 147   2.70    0.015
2018-05-05-16:59:20 1.11  Mocks_Em/MockNFW320ellip5loga2.08PA50center0With_background20num19.dat L-BFGS-B     1.0e-04 0 1 1 0     NFW        0.0003  -0.0005     -2.184 0.167 136   2.68  116.2       -2408.187       -4792.709    35   0.0003  -0.0005     -1.985 0.193 136   2.68    0.015
2018-05-05-16:59:20 1.11  Mocks_Em/MockNFW320ellip5loga2.08PA50center0With_background20num20.dat L-BFGS-B     1.0e-04 0 1 1 0     NFW        0.0004   0.0001     -2.054 0.159 136   2.69  159.2        -2400.54       -4777.416    28   0.0004   0.0001     -1.988 0.166 136   2.69    0.012
2018-05-05-16:59:20 1.11  Mocks_Em/MockNFW320ellip5loga2.08PA50center0With_background20num21.dat L-BFGS-B     1.0e-04 0 1 1 0     NFW        0.0000  -0.0002     -2.028 0.227  26   2.71  173.2       -2402.185       -4780.705    21   0.0000  -0.0002     -2.002 0.217  26   2.71    0.009
2018-05-05-16:59:20 1.11  Mocks_Em/MockNFW320ellip5loga2.08PA50center0With_background20num22.dat L-BFGS-B     1.0e-04 0 1 1 0     NFW      359.9995  -0.0007     -2.190 0.272  40   2.68  116.3       -2472.664       -4921.664    35 359.9995  -0.0007     -2.011 0.168  40   2.68    0.014
2018-05-05-16:59:20 1.11  Mocks_Em/MockNFW320ellip5loga2.08PA50center0With_background20num23.dat L-BFGS-B     1.0e-04 0 1 1 0     NFW        0.0000   0.0005     -2.069 0.220  30   2.68  150.7        -2371.31       -4718.955    28   0.0000   0.0005     -1.969 0.180  30   2.68    0.012
2018-05-05-16:59:20 1.11  Mocks_Em/MockNFW320ellip5loga2.08PA50center0With_background20num24.dat L-BFGS-B     1.0e-04 0 1 1 0     NFW        0.0004  -0.0005     -2.153 0.260  38   2.70  128.2        -2436.67       -4849.675    28   0.0004  -0.0005     -2.005 0.201  38   2.70    0.012
2018-05-05-16:59:20 1.11  Mocks_Em/MockNFW320ellip5loga2.08PA50center0With_background20num25.dat L-BFGS-B     1.0e-04 0 1 1 0     NFW        0.0005   0.0004     -2.249 0.311  43   2.67  101.2       -2442.087        -4860.51    28   0.0005   0.0004     -2.000 0.214  43   2.68    0.012
2018-05-05-16:59:20 1.11  Mocks_Em/MockNFW320ellip5loga2.08PA50center0With_background20num26.dat L-BFGS-B     1.0e-04 0 1 1 0     NFW      359.9999   0.0002     -2.128 0.242  40   2.68  129.1       -2309.256       -4594.848    28 359.9999   0.0002     -1.994 0.188  40   2.68    0.011
2018-05-05-16:59:20 1.11  Mocks_Em/MockNFW320ellip5loga2.08PA50center0With_background20num27.dat L-BFGS-B     1.0e-04 0 1 1 0     NFW        0.0002  -0.0003     -2.170 0.310  40   2.67  116.4       -2312.812        -4601.96    28   0.0002  -0.0003     -2.007 0.251  40   2.68    0.012
2018-05-05-16:59:20 1.11  Mocks_Em/MockNFW320ellip5loga2.08PA50center0With_background20num28.dat L-BFGS-B     1.0e-04 0 1 1 0     NFW        0.0005  -0.0002     -1.911 0.000 140   3.14  225.7       -2350.193       -4676.721   147   0.0005  -0.0002     -1.986 0.264 139   2.67    0.062
2018-05-05-16:59:20 1.11  Mocks_Em/MockNFW320ellip5loga2.08PA50center0With_background20num29.dat L-BFGS-B     1.0e-04 0 1 1 0     NFW        0.0007   0.0002     -2.111 0.291  34   2.69  142.3       -2502.351       -4981.038    28   0.0007   0.0002     -2.008 0.253  34   2.69    0.012
2018-05-05-16:59:20 1.11  Mocks_Em/MockNFW320ellip5loga2.08PA50center0With_background20num30.dat L-BFGS-B     1.0e-04 0 1 1 0     NFW      359.9995  -0.0009     -2.189 0.238  38   2.68  115.8       -2442.683       -4861.702    28 359.9995  -0.0009     -2.018 0.165  38   2.68    0.012
2018-05-05-16:59:20 1.11  Mocks_Em/MockNFW320ellip5loga2.08PA50center0With_background20num31.dat L-BFGS-B     1.0e-04 0 1 1 0     NFW        0.0002   0.0002     -2.216 0.187 137   2.68  105.6       -2326.318       -4628.971    35   0.0002   0.0002     -2.018 0.216 137   2.68    0.015
2018-05-05-16:59:20 1.11  Mocks_Em/MockNFW320ellip5loga2.08PA50center0With_background20num32.dat L-BFGS-B     1.0e-04 0 1 1 0     NFW        0.0006  -0.0001     -2.102 0.307  43   2.69  142.3       -2437.306       -4850.946    28   0.0006  -0.0001     -1.969 0.261  43   2.69    0.011
2018-05-05-16:59:20 1.11  Mocks_Em/MockNFW320ellip5loga2.08PA50center0With_background20num33.dat L-BFGS-B     1.0e-04 0 1 1 0     NFW        0.0004  -0.0004     -2.156 0.299  37   2.69  126.2       -2470.034       -4916.403    28   0.0004  -0.0004     -1.982 0.235  37   2.69    0.012
2018-05-05-16:59:20 1.11  Mocks_Em/MockNFW320ellip5loga2.08PA50center0With_background20num34.dat L-BFGS-B     1.0e-04 0 1 1 0     NFW        0.0000  -0.0001     -2.105 0.272  29   2.68  136.7       -2319.766       -4615.867    28   0.0000  -0.0001     -2.006 0.235  29   2.68    0.011
2018-05-05-16:59:20 1.11  Mocks_Em/MockNFW320ellip5loga2.08PA50center0With_background20num35.dat L-BFGS-B     1.0e-04 0 1 1 0     NFW      359.9997  -0.0002     -1.947 0.420  39   2.67  202.3       -2295.102        -4566.54    28 359.9997  -0.0002     -1.965 0.208  39   2.67    0.012
2018-05-05-16:59:20 1.11  Mocks_Em/MockNFW320ellip5loga2.08PA50center0With_background20num36.dat L-BFGS-B     1.0e-04 0 1 1 0     NFW      359.9999   0.0003     -2.130 0.273  35   2.69  132.1       -2387.719       -4751.772    28 359.9999   0.0003     -1.976 0.214  35   2.69    0.012
2018-05-05-16:59:20 1.11  Mocks_Em/MockNFW320ellip5loga2.08PA50center0With_background20num37.dat L-BFGS-B     1.0e-04 0 1 1 0     NFW        0.0002  -0.0002     -2.128 0.281  36   2.69  134.7        -2437.62       -4851.575    28   0.0002  -0.0002     -1.998 0.232  36   2.70    0.012
2018-05-05-16:59:20 1.11  Mocks_Em/MockNFW320ellip5loga2.08PA50center0With_background20num38.dat L-BFGS-B     1.0e-04 0 1 1 0     NFW        0.0007  -0.0001     -1.909 0.002 148   3.02  236.4       -2448.819       -4873.973   105   0.0007  -0.0001     -1.985 0.213 146   2.69    0.045
2018-05-05-16:59:20 1.11  Mocks_Em/MockNFW320ellip5loga2.08PA50center0With_background20num39.dat L-BFGS-B     1.0e-04 0 1 1 0     NFW      360.0000   0.0005     -1.916 0.000 138   2.81  228.0       -2343.561       -4663.456   126 360.0000   0.0005     -1.956 0.188 138   2.69    0.054
2018-05-05-16:59:20 1.11  Mocks_Em/MockNFW320ellip5loga2.08PA50center0With_background20num40.dat L-BFGS-B     1.0e-04 0 1 1 0     NFW        0.0005   0.0002     -2.147 0.251  41   2.67  122.6       -2330.053       -4636.442    28   0.0005   0.0002     -1.961 0.176  41   2.67    0.012
2018-05-05-16:59:20 1.11  Mocks_Em/MockNFW320ellip5loga2.08PA50center0With_background20num41.dat L-BFGS-B     1.0e-04 0 1 1 0     NFW      359.9997  -0.0002     -1.916 0.001 136   2.90  231.5       -2392.988       -4762.312    91 359.9997  -0.0002     -1.966 0.132 136   2.70    0.040
2018-05-05-16:59:20 1.11  Mocks_Em/MockNFW320ellip5loga2.08PA50center0With_background20num42.dat L-BFGS-B     1.0e-04 0 1 1 0     NFW        0.0002   0.0006     -2.143 0.288  42   2.68  127.7       -2429.536       -4835.408    28   0.0002   0.0006     -2.003 0.235  42   2.68    0.012
2018-05-05-16:59:20 1.11  Mocks_Em/MockNFW320ellip5loga2.08PA50center0With_background20num43.dat L-BFGS-B     1.0e-04 0 1 1 0     NFW        0.0000  -0.0007     -2.123 0.285  39   2.67  132.6       -2402.979       -4782.294    28   0.0000  -0.0007     -1.984 0.233  39   2.67    0.012
2018-05-05-16:59:20 1.11  Mocks_Em/MockNFW320ellip5loga2.08PA50center0With_background20num44.dat L-BFGS-B     1.0e-04 0 1 1 0     NFW      360.0000  -0.0003     -2.165 0.260  36   2.68  120.6       -2372.026       -4720.388    28 360.0000  -0.0003     -2.002 0.189  36   2.69    0.012
2018-05-05-16:59:20 1.11  Mocks_Em/MockNFW320ellip5loga2.08PA50center0With_background20num45.dat L-BFGS-B     1.0e-04 0 1 1 0     NFW        0.0001   0.0002     -2.123 0.243  30   2.67  127.1       -2241.596       -4459.527    28   0.0001   0.0002     -1.955 0.176  30   2.67    0.011
2018-05-05-16:59:20 1.11  Mocks_Em/MockNFW320ellip5loga2.08PA50center0With_background20num46.dat L-BFGS-B     1.0e-04 0 1 1 0     NFW        0.0000  -0.0003     -2.178 0.268  38   2.67  112.5       -2273.836       -4524.007    28   0.0000  -0.0003     -1.979 0.189  38   2.67    0.011
2018-05-05-16:59:20 1.11  Mocks_Em/MockNFW320ellip5loga2.08PA50center0With_background20num47.dat L-BFGS-B     1.0e-04 0 1 1 0     NFW      359.9999  -0.0000     -1.970 0.098  25   2.72  206.4       -2464.818       -4905.971    21 359.9999  -0.0000     -2.003 0.161  25   2.71    0.009
2018-05-05-16:59:20 1.11  Mocks_Em/MockNFW320ellip5loga2.08PA50center0With_background20num48.dat L-BFGS-B     1.0e-04 0 1 1 0     NFW      359.9997  -0.0002     -2.145 0.281  33   2.67  123.6       -2339.126       -4654.586    28 359.9997  -0.0002     -1.980 0.218  33   2.67    0.012
2018-05-05-16:59:20 1.11  Mocks_Em/MockNFW320ellip5loga2.08PA50center0With_background20num49.dat L-BFGS-B     1.0e-04 0 1 1 0     NFW      360.0000   0.0002     -2.145 0.228  41   2.72  133.2        -2459.14       -4894.616    28 360.0000   0.0002     -1.999 0.167  41   2.72    0.012
2018-05-05-16:59:20 1.11  Mocks_Em/MockNFW320ellip5loga2.08PA50center0With_background20num50.dat L-BFGS-B     1.0e-04 0 1 1 0     NFW      359.9997  -0.0001     -2.186 0.334  33   2.68  113.0       -2322.972       -4622.279    28 359.9997  -0.0001     -1.981 0.260  33   2.68    0.012
2018-05-05-16:59:20 1.11  Mocks_Em/MockNFW320ellip5loga2.08PA50center0With_background20num51.dat L-BFGS-B     1.0e-04 0 1 1 0     NFW        0.0001   0.0006     -2.131 0.130 138   2.68  127.3        -2304.97       -4586.274    35   0.0001   0.0006     -1.987 0.145 138   2.68    0.015
2018-05-05-16:59:20 1.11  Mocks_Em/MockNFW320ellip5loga2.08PA50center0With_background20num52.dat L-BFGS-B     1.0e-04 0 1 1 0     NFW      359.9999   0.0003     -2.243 0.107 146   2.68  102.1       -2396.735       -4769.805    35 359.9999   0.0003     -2.011 0.127 146   2.69    0.015
2018-05-05-16:59:20 1.11  Mocks_Em/MockNFW320ellip5loga2.08PA50center0With_background20num53.dat L-BFGS-B     1.0e-04 0 1 1 0     NFW      359.9999   0.0002     -2.074 0.237  40   2.68  146.2       -2285.056       -4546.447    28 359.9999   0.0002     -1.954 0.184  40   2.68    0.012
2018-05-05-16:59:20 1.11  Mocks_Em/MockNFW320ellip5loga2.08PA50center0With_background20num54.dat L-BFGS-B     1.0e-04 0 1 1 0     NFW      359.9994   0.0001     -2.280 0.071 137   2.68   96.1       -2462.517        -4901.37    35 359.9994   0.0001     -2.009 0.087 137   2.69    0.015
2018-05-05-16:59:20 1.11  Mocks_Em/MockNFW320ellip5loga2.08PA50center0With_background20num55.dat L-BFGS-B     1.0e-04 0 1 1 0     NFW      359.9999   0.0001     -2.140 0.230  27   2.71  134.1       -2456.899       -4890.133    28 359.9999   0.0001     -2.003 0.174  27   2.71    0.012
2018-05-05-16:59:20 1.11  Mocks_Em/MockNFW320ellip5loga2.08PA50center0With_background20num56.dat L-BFGS-B     1.0e-04 0 1 1 0     NFW        0.0002  -0.0001     -1.930 0.510  40   2.67  211.7       -2299.165       -4574.666    63   0.0002  -0.0001     -1.968 0.143  40   2.67    0.025
2018-05-05-16:59:20 1.11  Mocks_Em/MockNFW320ellip5loga2.08PA50center0With_background20num57.dat L-BFGS-B     1.0e-04 0 1 1 0     NFW        0.0003   0.0002     -2.257 0.271  42   2.70  100.7       -2385.106       -4746.548    28   0.0003   0.0002     -2.020 0.172  42   2.71    0.011
2018-05-05-16:59:20 1.11  Mocks_Em/MockNFW320ellip5loga2.08PA50center0With_background20num58.dat L-BFGS-B     1.0e-04 0 1 1 0     NFW        0.0001   0.0004     -1.920 0.002 135   3.48  225.6       -2362.591       -4701.516   105   0.0001   0.0004     -1.984 0.190 135   2.69    0.046
2018-05-05-16:59:20 1.11  Mocks_Em/MockNFW320ellip5loga2.08PA50center0With_background20num59.dat L-BFGS-B     1.0e-04 0 1 1 0     NFW        0.0002  -0.0001     -2.158 0.265  32   2.68  120.1       -2303.562       -4583.458    28   0.0002  -0.0001     -1.992 0.200  32   2.68    0.011
2018-05-05-16:59:20 1.11  Mocks_Em/MockNFW320ellip5loga2.08PA50center0With_background20num60.dat L-BFGS-B     1.0e-04 0 1 1 0     NFW      359.9999  -0.0003     -1.920 0.003 139   2.92  228.8       -2390.236       -4756.808   112 359.9999  -0.0003     -2.009 0.226 138   2.70    0.047
2018-05-05-16:59:20 1.11  Mocks_Em/MockNFW320ellip5loga2.08PA50center0With_background20num61.dat L-BFGS-B     1.0e-04 0 1 1 0     NFW      359.9998   0.0008     -2.199 0.309  44   2.67  114.0       -2498.403        -4973.14    28 359.9998   0.0008     -2.012 0.239  44   2.68    0.011
2018-05-05-16:59:20 1.11  Mocks_Em/MockNFW320ellip5loga2.08PA50center0With_background20num62.dat L-BFGS-B     1.0e-04 0 1 1 0     NFW      359.9996   0.0004     -1.942 0.368  35   2.68  209.1        -2349.89       -4676.116    28 359.9996   0.0004     -1.954 0.191  34   2.68    0.011
2018-05-05-16:59:20 1.11  Mocks_Em/MockNFW320ellip5loga2.08PA50center0With_background20num63.dat L-BFGS-B     1.0e-04 0 1 1 0     NFW      360.0000  -0.0003     -2.284 0.118 136   2.69   92.8       -2345.322        -4666.98    35 360.0000  -0.0003     -1.986 0.146 136   2.69    0.015
2018-05-05-16:59:20 1.11  Mocks_Em/MockNFW320ellip5loga2.08PA50center0With_background20num64.dat L-BFGS-B     1.0e-04 0 1 1 0     NFW        0.0001   0.0002     -2.143 0.236  25   2.68  125.8       -2336.464       -4649.263    28   0.0001   0.0002     -2.007 0.181  25   2.69    0.012
2018-05-05-16:59:20 1.11  Mocks_Em/MockNFW320ellip5loga2.08PA50center0With_background20num65.dat L-BFGS-B     1.0e-04 0 1 1 0     NFW        0.0008   0.0005     -2.111 0.002 136   2.66  134.5       -2386.074       -4748.483   119   0.0008   0.0005     -1.988 0.135 136   2.66    0.050
2018-05-05-16:59:20 1.11  Mocks_Em/MockNFW320ellip5loga2.08PA50center0With_background20num66.dat L-BFGS-B     1.0e-04 0 1 1 0     NFW        0.0002   0.0000     -2.162 0.199 137   2.68  118.1       -2292.219       -4560.773    35   0.0002   0.0000     -1.994 0.225 137   2.68    0.014
2018-05-05-16:59:20 1.11  Mocks_Em/MockNFW320ellip5loga2.08PA50center0With_background20num67.dat L-BFGS-B     1.0e-04 0 1 1 0     NFW        0.0002  -0.0000     -2.183 0.232  29   2.69  116.2       -2379.765       -4735.866    28   0.0002  -0.0000     -2.009 0.158  29   2.69    0.012
2018-05-05-16:59:20 1.11  Mocks_Em/MockNFW320ellip5loga2.08PA50center0With_background20num68.dat L-BFGS-B     1.0e-04 0 1 1 0     NFW      359.9997  -0.0001     -2.228 0.251  32   2.65   98.1       -2220.687        -4417.71    28 359.9997  -0.0001     -1.985 0.148  32   2.66    0.011
2018-05-05-16:59:20 1.11  Mocks_Em/MockNFW320ellip5loga2.08PA50center0With_background20num69.dat L-BFGS-B     1.0e-04 0 1 1 0     NFW      359.9998   0.0003     -2.099 0.184  32   2.68  139.1       -2322.429       -4621.193    28 359.9998   0.0003     -1.978 0.131  32   2.68    0.012
2018-05-05-16:59:20 1.11  Mocks_Em/MockNFW320ellip5loga2.08PA50center0With_background20num70.dat L-BFGS-B     1.0e-04 0 1 1 0     NFW      359.9994  -0.0005     -2.101 0.195  31   2.68  141.4       -2429.876       -4836.088    21 359.9994  -0.0005     -1.988 0.147  31   2.68    0.009
2018-05-05-16:59:20 1.11  Mocks_Em/MockNFW320ellip5loga2.08PA50center0With_background20num71.dat L-BFGS-B     1.0e-04 0 1 1 0     NFW        0.0002  -0.0001     -2.164 0.164 139   2.68  117.0       -2272.795       -4521.926    35   0.0002  -0.0001     -1.991 0.186 139   2.68    0.015
2018-05-05-16:59:20 1.11  Mocks_Em/MockNFW320ellip5loga2.08PA50center0With_background20num72.dat L-BFGS-B     1.0e-04 0 1 1 0     NFW      359.9998  -0.0004     -2.148 0.203  34   2.68  124.9       -2383.202       -4742.739    28 359.9998  -0.0004     -2.001 0.139  34   2.68    0.012
2018-05-05-16:59:20 1.11  Mocks_Em/MockNFW320ellip5loga2.08PA50center0With_background20num73.dat L-BFGS-B     1.0e-04 0 1 1 0     NFW        0.0004  -0.0009     -1.914 0.010 138   2.75  225.1       -2349.648       -4675.631    84   0.0004  -0.0009     -1.967 0.160 138   2.68    0.036
2018-05-05-16:59:20 1.11  Mocks_Em/MockNFW320ellip5loga2.08PA50center0With_background20num74.dat L-BFGS-B     1.0e-04 0 1 1 0     NFW        0.0000   0.0000     -1.978 0.239  25   2.69  191.9        -2317.66       -4611.655    28   0.0000   0.0000     -1.982 0.256  25   2.69    0.012
2018-05-05-16:59:20 1.11  Mocks_Em/MockNFW320ellip5loga2.08PA50center0With_background20num75.dat L-BFGS-B     1.0e-04 0 1 1 0     NFW        0.0004   0.0006     -2.185 0.261  42   2.69  117.7        -2412.03       -4800.396    28   0.0004   0.0006     -2.015 0.193  42   2.70    0.011
2018-05-05-16:59:20 1.11  Mocks_Em/MockNFW320ellip5loga2.08PA50center0With_background20num76.dat L-BFGS-B     1.0e-04 0 1 1 0     NFW        0.0001  -0.0003     -2.338 0.000 135   2.69   83.0       -2344.557       -4665.449   140   0.0001  -0.0003     -1.986 0.253 135   2.69    0.056
2018-05-05-16:59:20 1.11  Mocks_Em/MockNFW320ellip5loga2.08PA50center0With_background20num77.dat L-BFGS-B     1.0e-04 0 1 1 0     NFW      359.9998   0.0001     -2.244 0.266  41   2.69  103.0       -2401.757        -4779.85    28 359.9998   0.0001     -1.992 0.158  41   2.70    0.011
2018-05-05-16:59:20 1.11  Mocks_Em/MockNFW320ellip5loga2.08PA50center0With_background20num78.dat L-BFGS-B     1.0e-04 0 1 1 0     NFW        0.0006   0.0001     -2.274 0.158 147   2.68   96.2       -2427.021       -4830.377    35   0.0006   0.0001     -2.018 0.190 147   2.68    0.015
2018-05-05-16:59:20 1.11  Mocks_Em/MockNFW320ellip5loga2.08PA50center0With_background20num79.dat L-BFGS-B     1.0e-04 0 1 1 0     NFW        0.0000  -0.0002     -2.178 0.200  30   2.69  119.1       -2404.543       -4785.421    28   0.0000  -0.0002     -2.029 0.134  30   2.70    0.012
2018-05-05-16:59:20 1.11  Mocks_Em/MockNFW320ellip5loga2.08PA50center0With_background20num80.dat L-BFGS-B     1.0e-04 0 1 1 0     NFW      359.9999   0.0003     -2.239 0.162 143   2.68  102.9       -2399.197        -4774.73    35 359.9999   0.0003     -1.993 0.194 143   2.69    0.014
2018-05-05-16:59:20 1.11  Mocks_Em/MockNFW320ellip5loga2.08PA50center0With_background20num81.dat L-BFGS-B     1.0e-04 0 1 1 0     NFW      360.0000   0.0002     -2.181 0.250  35   2.69  117.5       -2391.324       -4758.983    28 360.0000   0.0002     -2.006 0.178  35   2.69    0.012
2018-05-05-16:59:20 1.11  Mocks_Em/MockNFW320ellip5loga2.08PA50center0With_background20num82.dat L-BFGS-B     1.0e-04 0 1 1 0     NFW        0.0001   0.0005     -2.168 0.295  40   2.68  121.0       -2419.703       -4815.742    28   0.0001   0.0005     -2.007 0.234  40   2.69    0.012
2018-05-05-16:59:20 1.11  Mocks_Em/MockNFW320ellip5loga2.08PA50center0With_background20num83.dat L-BFGS-B     1.0e-04 0 1 1 0     NFW        0.0002   0.0006     -2.153 0.266  31   2.69  128.0       -2495.811       -4967.957    28   0.0002   0.0006     -2.017 0.213  31   2.69    0.011
2018-05-05-16:59:20 1.11  Mocks_Em/MockNFW320ellip5loga2.08PA50center0With_background20num84.dat L-BFGS-B     1.0e-04 0 1 1 0     NFW      359.9998  -0.0004     -2.238 0.260  39   2.70  107.6       -2521.737        -5019.81    28 359.9998  -0.0004     -2.007 0.162  39   2.70    0.011
2018-05-05-16:59:20 1.11  Mocks_Em/MockNFW320ellip5loga2.08PA50center0With_background20num85.dat L-BFGS-B     1.0e-04 0 1 1 0     NFW      359.9995  -0.0000     -1.914 0.006 137   3.53  226.3       -2367.129       -4710.592    98 359.9995  -0.0000     -1.963 0.189 138   2.69    0.041
2018-05-05-16:59:20 1.11  Mocks_Em/MockNFW320ellip5loga2.08PA50center0With_background20num86.dat L-BFGS-B     1.0e-04 0 1 1 0     NFW        0.0000   0.0000     -2.214 0.098 141   2.67  102.3       -2214.559       -4405.453    35   0.0000   0.0000     -1.980 0.116 141   2.67    0.014
2018-05-05-16:59:20 1.11  Mocks_Em/MockNFW320ellip5loga2.08PA50center0With_background20num87.dat L-BFGS-B     1.0e-04 0 1 1 0     NFW        0.0001   0.0002     -2.172 0.321  38   2.69  119.1       -2383.633       -4743.602    28   0.0001   0.0002     -2.006 0.259  38   2.69    0.012
2018-05-05-16:59:20 1.11  Mocks_Em/MockNFW320ellip5loga2.08PA50center0With_background20num88.dat L-BFGS-B     1.0e-04 0 1 1 0     NFW        0.0003   0.0001     -2.181 0.244  38   2.71  120.8       -2408.264       -4792.863    28   0.0003   0.0001     -2.021 0.178  38   2.71    0.012
2018-05-05-16:59:20 1.11  Mocks_Em/MockNFW320ellip5loga2.08PA50center0With_background20num89.dat L-BFGS-B     1.0e-04 0 1 1 0     NFW      359.9993   0.0005     -2.052 0.181  41   2.66  151.9       -2322.766       -4621.867    28 359.9993   0.0005     -1.949 0.137  41   2.66    0.012
2018-05-05-16:59:20 1.11  Mocks_Em/MockNFW320ellip5loga2.08PA50center0With_background20num90.dat L-BFGS-B     1.0e-04 0 1 1 0     NFW        0.0001   0.0002     -2.283 0.325  40   2.67   92.2       -2355.982       -4688.299    28   0.0001   0.0002     -2.006 0.218  40   2.68    0.012
2018-05-05-16:59:20 1.11  Mocks_Em/MockNFW320ellip5loga2.08PA50center0With_background20num91.dat L-BFGS-B     1.0e-04 0 1 1 0     NFW      359.9997  -0.0006     -2.107 0.174  33   2.69  142.2       -2455.522        -4887.38    28 359.9997  -0.0006     -1.997 0.125  33   2.69    0.012
2018-05-05-16:59:20 1.11  Mocks_Em/MockNFW320ellip5loga2.08PA50center0With_background20num92.dat L-BFGS-B     1.0e-04 0 1 1 0     NFW        0.0002   0.0003     -2.222 0.295  32   2.66  101.7       -2297.253        -4570.84    28   0.0002   0.0003     -2.009 0.212  32   2.66    0.011
2018-05-05-16:59:20 1.11  Mocks_Em/MockNFW320ellip5loga2.08PA50center0With_background20num93.dat L-BFGS-B     1.0e-04 0 1 1 0     NFW      359.9997   0.0003     -2.108 0.240  38   2.69  139.8       -2390.625       -4757.586    28 359.9997   0.0003     -1.981 0.189  38   2.69    0.012
2018-05-05-16:59:20 1.11  Mocks_Em/MockNFW320ellip5loga2.08PA50center0With_background20num94.dat L-BFGS-B     1.0e-04 0 1 1 0     NFW        0.0002  -0.0000     -2.105 0.215  29   2.68  136.5       -2311.471       -4599.278    28   0.0002  -0.0000     -2.002 0.172  29   2.68    0.011
2018-05-05-16:59:20 1.11  Mocks_Em/MockNFW320ellip5loga2.08PA50center0With_background20num95.dat L-BFGS-B     1.0e-04 0 1 1 0     NFW      360.0000  -0.0001     -2.147 0.214  37   2.69  123.9       -2299.333       -4575.002    28 360.0000  -0.0001     -1.983 0.145  37   2.69    0.011
2018-05-05-16:59:20 1.11  Mocks_Em/MockNFW320ellip5loga2.08PA50center0With_background20num96.dat L-BFGS-B     1.0e-04 0 1 1 0     NFW      359.9998  -0.0003     -1.917 0.006 145   3.12  222.7       -2324.199       -4624.734    98 359.9998  -0.0003     -1.970 0.184 143   2.68    0.042
2018-05-05-16:59:20 1.11  Mocks_Em/MockNFW320ellip5loga2.08PA50center0With_background20num97.dat L-BFGS-B     1.0e-04 0 1 1 0     NFW        0.0003  -0.0000     -2.147 0.257  40   2.68  124.8       -2356.323        -4688.98    28   0.0003  -0.0000     -1.967 0.186  40   2.68    0.012
2018-05-05-16:59:20 1.11  Mocks_Em/MockNFW320ellip5loga2.08PA50center0With_background20num98.dat L-BFGS-B     1.0e-04 0 1 1 0     NFW        0.0001  -0.0002     -2.169 0.217  45   2.70  121.9       -2393.155       -4762.646    28   0.0001  -0.0002     -1.999 0.143  45   2.70    0.012
2018-05-05-16:59:20 1.11  Mocks_Em/MockNFW320ellip5loga2.08PA50center0With_background20num99.dat L-BFGS-B     1.0e-04 0 1 1 0     NFW      359.9995  -0.0001     -2.248 0.319  43   2.69  103.6       -2489.471       -4955.277    28 359.9995  -0.0001     -2.018 0.230  43   2.69    0.012
