2018-05-05-16:59:47 1.11  Mocks_Em/MockNFW320ellip5loga2.08PA50center0With_background20num0.dat Nelder-Mead  1.0e-04 0 1 1 0     NFW        0.0002   0.0002     -2.104 0.133  34   2.69  139.9       -2358.253       -4692.842   241   0.0002   0.0002     -2.004 0.133  34   2.69    0.095
2018-05-05-16:59:47 1.11  Mocks_Em/MockNFW320ellip5loga2.08PA50center0With_background20num1.dat Nelder-Mead  1.0e-04 0 1 1 0     NFW      359.9996  -0.0007     -2.043 0.165 142   2.67  162.8       -2453.379       -4883.093   241 359.9996  -0.0007     -2.005 0.165 137   2.67    0.072
2018-05-05-16:59:47 1.11  Mocks_Em/MockNFW320ellip5loga2.08PA50center0With_background20num2.dat Nelder-Mead  1.0e-04 0 1 1 0     NFW        0.0002   0.0004     -1.963 0.145  41   2.68  198.2        -2348.99       -4674.315   241   0.0002   0.0004     -1.963 0.138  41   2.68    0.062
2018-05-05-16:59:47 1.11  Mocks_Em/MockNFW320ellip5loga2.08PA50center0With_background20num3.dat Nelder-Mead  1.0e-04 0 1 1 0     NFW      360.0000  -0.0001     -2.060 0.157  29   2.69  153.2       -2310.046       -4596.428   241 360.0000  -0.0001     -1.992 0.157  29   2.69    0.059
2018-05-05-16:59:47 1.11  Mocks_Em/MockNFW320ellip5loga2.08PA50center0With_background20num4.dat Nelder-Mead  1.0e-04 0 1 1 0     NFW      359.9993  -0.0004     -2.122 0.228  44   2.68  134.1       -2433.842       -4844.019   241 359.9993  -0.0004     -2.021 0.228  44   2.68    0.057
2018-05-05-16:59:47 1.11  Mocks_Em/MockNFW320ellip5loga2.08PA50center0With_background20num5.dat Nelder-Mead  1.0e-04 0 1 1 0     NFW        0.0005   0.0007     -1.994 0.170  43   2.67  179.3       -2341.402       -4659.139   241   0.0005   0.0007     -1.994 0.162  43   2.67    0.057
2018-05-05-16:59:47 1.11  Mocks_Em/MockNFW320ellip5loga2.08PA50center0With_background20num6.dat Nelder-Mead  1.0e-04 0 1 1 0     NFW      359.9998  -0.0009     -2.074 0.216  38   2.67  148.7       -2424.306       -4824.947   241 359.9998  -0.0009     -1.990 0.215  38   2.67    0.057
2018-05-05-16:59:47 1.11  Mocks_Em/MockNFW320ellip5loga2.08PA50center0With_background20num7.dat Nelder-Mead  1.0e-04 0 1 1 0     NFW      360.0000  -0.0006     -1.959 0.158  33   2.69  200.3        -2316.77       -4609.874   241 360.0000  -0.0006     -1.959 0.158  31   2.69    0.058
2018-05-05-16:59:47 1.11  Mocks_Em/MockNFW320ellip5loga2.08PA50center0With_background20num8.dat Nelder-Mead  1.0e-04 0 1 1 0     NFW      360.0000   0.0003     -2.063 0.226  40   2.70  156.2       -2366.884       -4710.103   241 360.0000   0.0003     -1.993 0.222  40   2.70    0.058
2018-05-05-16:59:47 1.11  Mocks_Em/MockNFW320ellip5loga2.08PA50center0With_background20num9.dat Nelder-Mead  1.0e-04 0 1 1 0     NFW        0.0001  -0.0002     -1.995 0.143 136   2.78  179.9       -2303.647       -4583.629   241   0.0001  -0.0002     -1.967 0.143 136   2.68    0.058
2018-05-05-16:59:47 1.11  Mocks_Em/MockNFW320ellip5loga2.08PA50center0With_background20num10.dat Nelder-Mead  1.0e-04 0 1 1 0     NFW      359.9996  -0.0002     -1.962 0.112  39   2.69  201.8       -2413.849       -4804.034   241 359.9996  -0.0002     -1.962 0.112  37   2.69    0.059
2018-05-05-16:59:47 1.11  Mocks_Em/MockNFW320ellip5loga2.08PA50center0With_background20num11.dat Nelder-Mead  1.0e-04 0 1 1 0     NFW        0.0005  -0.0000     -1.968 0.203  42   2.68  198.5       -2409.571       -4795.477   241   0.0005  -0.0000     -1.968 0.194  42   2.68    0.060
2018-05-05-16:59:47 1.11  Mocks_Em/MockNFW320ellip5loga2.08PA50center0With_background20num12.dat Nelder-Mead  1.0e-04 0 1 1 0     NFW      359.9995  -0.0002     -2.011 0.154 148   2.70  179.1       -2363.885       -4704.104   241 359.9995  -0.0002     -1.989 0.154 142   2.70    0.059
2018-05-05-16:59:47 1.11  Mocks_Em/MockNFW320ellip5loga2.08PA50center0With_background20num13.dat Nelder-Mead  1.0e-04 0 1 1 0     NFW        0.0002   0.0003     -2.060 0.122  33   2.68  152.9       -2350.946       -4678.227   241   0.0002   0.0003     -1.962 0.122  33   2.68    0.058
2018-05-05-16:59:47 1.11  Mocks_Em/MockNFW320ellip5loga2.08PA50center0With_background20num14.dat Nelder-Mead  1.0e-04 0 1 1 0     NFW        0.0002   0.0003     -2.069 0.215  31   2.68  148.6       -2327.321       -4630.977   241   0.0002   0.0003     -1.970 0.215  31   2.68    0.058
2018-05-05-16:59:47 1.11  Mocks_Em/MockNFW320ellip5loga2.08PA50center0With_background20num15.dat Nelder-Mead  1.0e-04 0 1 1 0     NFW      359.9997   0.0003     -1.998 0.198  41   2.69  183.1       -2383.858       -4744.051   241 359.9997   0.0003     -1.998 0.189  41   2.69    0.058
2018-05-05-16:59:47 1.11  Mocks_Em/MockNFW320ellip5loga2.08PA50center0With_background20num16.dat Nelder-Mead  1.0e-04 0 1 1 0     NFW        0.0004  -0.0005     -2.086 0.133 140   2.68  144.1       -2343.502       -4663.339   241   0.0004  -0.0005     -1.987 0.133 140   2.68    0.058
2018-05-05-16:59:47 1.11  Mocks_Em/MockNFW320ellip5loga2.08PA50center0With_background20num17.dat Nelder-Mead  1.0e-04 0 1 1 0     NFW        0.0001   0.0003     -1.985 0.221  38   2.68  186.8       -2342.305       -4660.945   241   0.0001   0.0003     -1.985 0.211  38   2.68    0.061
2018-05-05-16:59:47 1.11  Mocks_Em/MockNFW320ellip5loga2.08PA50center0With_background20num18.dat Nelder-Mead  1.0e-04 0 1 1 0     NFW      359.9994   0.0000     -1.980 0.212 154   2.70  198.2       -2457.535       -4891.404   241 359.9994   0.0000     -1.980 0.212 147   2.70    0.064
2018-05-05-16:59:47 1.11  Mocks_Em/MockNFW320ellip5loga2.08PA50center0With_background20num19.dat Nelder-Mead  1.0e-04 0 1 1 0     NFW        0.0003  -0.0005     -2.084 0.193 136   2.68  146.6       -2407.172        -4790.68   241   0.0003  -0.0005     -1.985 0.193 136   2.68    0.058
2018-05-05-16:59:47 1.11  Mocks_Em/MockNFW320ellip5loga2.08PA50center0With_background20num20.dat Nelder-Mead  1.0e-04 0 1 1 0     NFW        0.0004   0.0001     -1.990 0.166 142   2.69  187.1       -2400.399       -4777.133   241   0.0004   0.0001     -1.988 0.166 136   2.69    0.058
2018-05-05-16:59:47 1.11  Mocks_Em/MockNFW320ellip5loga2.08PA50center0With_background20num21.dat Nelder-Mead  1.0e-04 0 1 1 0     NFW        0.0000  -0.0002     -2.002 0.217  27   2.71  185.1        -2402.45       -4781.235   241   0.0000  -0.0002     -2.002 0.217  26   2.71    0.057
2018-05-05-16:59:47 1.11  Mocks_Em/MockNFW320ellip5loga2.08PA50center0With_background20num22.dat Nelder-Mead  1.0e-04 0 1 1 0     NFW      359.9995  -0.0007     -2.111 0.168  40   2.68  139.4       -2469.732         -4915.8   241 359.9995  -0.0007     -2.011 0.168  40   2.68    0.057
2018-05-05-16:59:47 1.11  Mocks_Em/MockNFW320ellip5loga2.08PA50center0With_background20num23.dat Nelder-Mead  1.0e-04 0 1 1 0     NFW        0.0000   0.0005     -2.016 0.180  31   2.68  172.5       -2370.893       -4718.121   241   0.0000   0.0005     -1.969 0.180  30   2.68    0.058
2018-05-05-16:59:47 1.11  Mocks_Em/MockNFW320ellip5loga2.08PA50center0With_background20num24.dat Nelder-Mead  1.0e-04 0 1 1 0     NFW        0.0004  -0.0005     -2.105 0.201  38   2.70  143.5       -2435.621       -4847.577   241   0.0004  -0.0005     -2.005 0.201  38   2.70    0.057
2018-05-05-16:59:47 1.11  Mocks_Em/MockNFW320ellip5loga2.08PA50center0With_background20num25.dat Nelder-Mead  1.0e-04 0 1 1 0     NFW        0.0005   0.0004     -2.100 0.214  43   2.68  141.3       -2438.267        -4852.87   241   0.0005   0.0004     -2.000 0.214  43   2.68    0.057
2018-05-05-16:59:47 1.11  Mocks_Em/MockNFW320ellip5loga2.08PA50center0With_background20num26.dat Nelder-Mead  1.0e-04 0 1 1 0     NFW      359.9999   0.0002     -2.035 0.194  40   2.68  161.9       -2308.182       -4592.698   241 359.9999   0.0002     -1.994 0.188  40   2.68    0.059
2018-05-05-16:59:47 1.11  Mocks_Em/MockNFW320ellip5loga2.08PA50center0With_background20num27.dat Nelder-Mead  1.0e-04 0 1 1 0     NFW        0.0002  -0.0003     -2.095 0.252  40   2.68  139.0       -2311.313        -4598.96   241   0.0002  -0.0003     -2.007 0.251  40   2.68    0.058
2018-05-05-16:59:47 1.11  Mocks_Em/MockNFW320ellip5loga2.08PA50center0With_background20num28.dat Nelder-Mead  1.0e-04 0 1 1 0     NFW        0.0005  -0.0002     -1.986 0.264 146   2.67  184.5       -2339.888        -4656.11   241   0.0005  -0.0002     -1.986 0.264 139   2.67    0.059
2018-05-05-16:59:47 1.11  Mocks_Em/MockNFW320ellip5loga2.08PA50center0With_background20num29.dat Nelder-Mead  1.0e-04 0 1 1 0     NFW        0.0007   0.0002     -2.029 0.253  35   2.69  173.8       -2501.941       -4980.218   241   0.0007   0.0002     -2.008 0.253  34   2.69    0.059
2018-05-05-16:59:47 1.11  Mocks_Em/MockNFW320ellip5loga2.08PA50center0With_background20num30.dat Nelder-Mead  1.0e-04 0 1 1 0     NFW      359.9995  -0.0009     -2.118 0.165  38   2.68  136.1       -2441.304       -4858.943   241 359.9995  -0.0009     -2.018 0.165  38   2.68    0.059
2018-05-05-16:59:47 1.11  Mocks_Em/MockNFW320ellip5loga2.08PA50center0With_background20num31.dat Nelder-Mead  1.0e-04 0 1 1 0     NFW        0.0002   0.0002     -2.109 0.216 138   2.68  134.9       -2325.107       -4626.549   241   0.0002   0.0002     -2.018 0.216 137   2.68    0.060
2018-05-05-16:59:47 1.11  Mocks_Em/MockNFW320ellip5loga2.08PA50center0With_background20num32.dat Nelder-Mead  1.0e-04 0 1 1 0     NFW        0.0006  -0.0001     -1.989 0.271  43   2.69  188.9       -2436.354       -4849.044   241   0.0006  -0.0001     -1.969 0.261  43   2.69    0.061
2018-05-05-16:59:47 1.11  Mocks_Em/MockNFW320ellip5loga2.08PA50center0With_background20num33.dat Nelder-Mead  1.0e-04 0 1 1 0     NFW        0.0004  -0.0004     -2.081 0.235  37   2.69  150.5       -2468.421       -4913.177   241   0.0004  -0.0004     -1.982 0.235  37   2.69    0.060
2018-05-05-16:59:47 1.11  Mocks_Em/MockNFW320ellip5loga2.08PA50center0With_background20num34.dat Nelder-Mead  1.0e-04 0 1 1 0     NFW        0.0000  -0.0001     -2.043 0.235  30   2.68  159.2       -2319.432         -4615.2   241   0.0000  -0.0001     -2.006 0.235  29   2.68    0.060
2018-05-05-16:59:47 1.11  Mocks_Em/MockNFW320ellip5loga2.08PA50center0With_background20num35.dat Nelder-Mead  1.0e-04 0 1 1 0     NFW      359.9997  -0.0002     -1.965 0.218  39   2.67  192.6       -2292.277       -4560.889   241 359.9997  -0.0002     -1.965 0.208  39   2.67    0.058
2018-05-05-16:59:47 1.11  Mocks_Em/MockNFW320ellip5loga2.08PA50center0With_background20num36.dat Nelder-Mead  1.0e-04 0 1 1 0     NFW      359.9999   0.0003     -2.064 0.214  35   2.69  154.8       -2386.461       -4749.257   241 359.9999   0.0003     -1.976 0.214  35   2.69    0.058
2018-05-05-16:59:47 1.11  Mocks_Em/MockNFW320ellip5loga2.08PA50center0With_background20num37.dat Nelder-Mead  1.0e-04 0 1 1 0     NFW        0.0002  -0.0002     -2.088 0.232  36   2.70  148.5       -2436.848        -4850.03   241   0.0002  -0.0002     -1.998 0.232  36   2.70    0.057
2018-05-05-16:59:47 1.11  Mocks_Em/MockNFW320ellip5loga2.08PA50center0With_background20num38.dat Nelder-Mead  1.0e-04 0 1 1 0     NFW        0.0007  -0.0001     -1.985 0.213 153   2.69  193.1       -2442.247        -4860.83   241   0.0007  -0.0001     -1.985 0.213 146   2.69    0.059
2018-05-05-16:59:47 1.11  Mocks_Em/MockNFW320ellip5loga2.08PA50center0With_background20num39.dat Nelder-Mead  1.0e-04 0 1 1 0     NFW      360.0000   0.0005     -1.956 0.188 145   2.69  204.3        -2335.96       -4648.255   241 360.0000   0.0005     -1.956 0.188 138   2.69    0.058
2018-05-05-16:59:47 1.11  Mocks_Em/MockNFW320ellip5loga2.08PA50center0With_background20num40.dat Nelder-Mead  1.0e-04 0 1 1 0     NFW        0.0005   0.0002     -2.058 0.176  41   2.67  151.8       -2328.068       -4632.471   241   0.0005   0.0002     -1.961 0.176  41   2.67    0.058
2018-05-05-16:59:47 1.11  Mocks_Em/MockNFW320ellip5loga2.08PA50center0With_background20num41.dat Nelder-Mead  1.0e-04 0 1 1 0     NFW      359.9997  -0.0002     -1.966 0.132 136   2.83  202.0       -2389.528        -4755.39   241 359.9997  -0.0002     -1.966 0.132 136   2.70    0.058
2018-05-05-16:59:47 1.11  Mocks_Em/MockNFW320ellip5loga2.08PA50center0With_background20num42.dat Nelder-Mead  1.0e-04 0 1 1 0     NFW        0.0002   0.0006     -2.040 0.242  42   2.68  163.4       -2428.251       -4832.837   241   0.0002   0.0006     -2.003 0.235  42   2.68    0.058
2018-05-05-16:59:47 1.11  Mocks_Em/MockNFW320ellip5loga2.08PA50center0With_background20num43.dat Nelder-Mead  1.0e-04 0 1 1 0     NFW        0.0000  -0.0007     -2.023 0.240  39   2.67  168.9        -2401.82       -4779.975   241   0.0000  -0.0007     -1.984 0.233  39   2.67    0.058
2018-05-05-16:59:47 1.11  Mocks_Em/MockNFW320ellip5loga2.08PA50center0With_background20num44.dat Nelder-Mead  1.0e-04 0 1 1 0     NFW      360.0000  -0.0003     -2.102 0.189  36   2.69  140.0       -2370.493       -4717.321   241 360.0000  -0.0003     -2.002 0.189  36   2.69    0.058
2018-05-05-16:59:47 1.11  Mocks_Em/MockNFW320ellip5loga2.08PA50center0With_background20num45.dat Nelder-Mead  1.0e-04 0 1 1 0     NFW        0.0001   0.0002     -2.052 0.176  30   2.67  151.0       -2240.513       -4457.361   241   0.0001   0.0002     -1.955 0.176  30   2.67    0.058
2018-05-05-16:59:47 1.11  Mocks_Em/MockNFW320ellip5loga2.08PA50center0With_background20num46.dat Nelder-Mead  1.0e-04 0 1 1 0     NFW        0.0000  -0.0003     -2.078 0.189  38   2.67  142.3       -2271.788        -4519.91   241   0.0000  -0.0003     -1.979 0.189  38   2.67    0.058
2018-05-05-16:59:47 1.11  Mocks_Em/MockNFW320ellip5loga2.08PA50center0With_background20num47.dat Nelder-Mead  1.0e-04 0 1 1 0     NFW      359.9999  -0.0000     -2.003 0.161  26   2.71  189.4       -2464.886       -4906.107   241 359.9999  -0.0000     -2.003 0.161  25   2.71    0.060
2018-05-05-16:59:47 1.11  Mocks_Em/MockNFW320ellip5loga2.08PA50center0With_background20num48.dat Nelder-Mead  1.0e-04 0 1 1 0     NFW      359.9997  -0.0002     -2.079 0.218  33   2.67  144.7        -2337.84       -4652.014   241 359.9997  -0.0002     -1.980 0.218  33   2.67    0.058
2018-05-05-16:59:47 1.11  Mocks_Em/MockNFW320ellip5loga2.08PA50center0With_background20num49.dat Nelder-Mead  1.0e-04 0 1 1 0     NFW      360.0000   0.0002     -2.082 0.168  41   2.72  154.9       -2457.971       -4892.278   241 360.0000   0.0002     -1.999 0.167  41   2.72    0.059
2018-05-05-16:59:47 1.11  Mocks_Em/MockNFW320ellip5loga2.08PA50center0With_background20num50.dat Nelder-Mead  1.0e-04 0 1 1 0     NFW      359.9997  -0.0001     -2.080 0.260  33   2.68  145.1       -2321.239       -4618.813   241 359.9997  -0.0001     -1.981 0.260  33   2.68    0.060
2018-05-05-16:59:47 1.11  Mocks_Em/MockNFW320ellip5loga2.08PA50center0With_background20num51.dat Nelder-Mead  1.0e-04 0 1 1 0     NFW        0.0001   0.0006     -2.046 0.145 141   2.68  156.8       -2304.626       -4585.588   241   0.0001   0.0006     -1.987 0.145 138   2.68    0.057
2018-05-05-16:59:47 1.11  Mocks_Em/MockNFW320ellip5loga2.08PA50center0With_background20num52.dat Nelder-Mead  1.0e-04 0 1 1 0     NFW      359.9999   0.0003     -2.112 0.127 146   2.69  137.4        -2395.61       -4767.556   241 359.9999   0.0003     -2.011 0.127 146   2.69    0.057
2018-05-05-16:59:47 1.11  Mocks_Em/MockNFW320ellip5loga2.08PA50center0With_background20num53.dat Nelder-Mead  1.0e-04 0 1 1 0     NFW      359.9999   0.0002     -1.968 0.192  40   2.68  192.0        -2284.22       -4544.775   241 359.9999   0.0002     -1.954 0.184  40   2.68    0.057
2018-05-05-16:59:47 1.11  Mocks_Em/MockNFW320ellip5loga2.08PA50center0With_background20num54.dat Nelder-Mead  1.0e-04 0 1 1 0     NFW      359.9994   0.0001     -2.109 0.087 137   2.69  140.1        -2460.77       -4897.875   241 359.9994   0.0001     -2.009 0.087 137   2.69    0.059
2018-05-05-16:59:47 1.11  Mocks_Em/MockNFW320ellip5loga2.08PA50center0With_background20num55.dat Nelder-Mead  1.0e-04 0 1 1 0     NFW      359.9999   0.0001     -2.086 0.174  27   2.71  152.8        -2455.94       -4888.216   241 359.9999   0.0001     -2.003 0.174  27   2.71    0.059
2018-05-05-16:59:47 1.11  Mocks_Em/MockNFW320ellip5loga2.08PA50center0With_background20num56.dat Nelder-Mead  1.0e-04 0 1 1 0     NFW        0.0002  -0.0001     -2.046 0.144  40   2.67  156.0       -2293.848       -4564.031   241   0.0002  -0.0001     -1.968 0.143  40   2.67    0.058
2018-05-05-16:59:47 1.11  Mocks_Em/MockNFW320ellip5loga2.08PA50center0With_background20num57.dat Nelder-Mead  1.0e-04 0 1 1 0     NFW        0.0003   0.0002     -2.121 0.172  42   2.71  136.9        -2381.98       -4740.295   241   0.0003   0.0002     -2.020 0.172  42   2.71    0.057
2018-05-05-16:59:47 1.11  Mocks_Em/MockNFW320ellip5loga2.08PA50center0With_background20num58.dat Nelder-Mead  1.0e-04 0 1 1 0     NFW        0.0001   0.0004     -1.984 0.190 142   2.69  190.3       -2356.377       -4689.089   241   0.0001   0.0004     -1.984 0.190 135   2.69    0.058
2018-05-05-16:59:47 1.11  Mocks_Em/MockNFW320ellip5loga2.08PA50center0With_background20num59.dat Nelder-Mead  1.0e-04 0 1 1 0     NFW        0.0002  -0.0001     -2.092 0.200  32   2.68  140.3       -2302.643       -4581.621   241   0.0002  -0.0001     -1.992 0.200  32   2.68    0.059
2018-05-05-16:59:47 1.11  Mocks_Em/MockNFW320ellip5loga2.08PA50center0With_background20num60.dat Nelder-Mead  1.0e-04 0 1 1 0     NFW      359.9999  -0.0003     -2.009 0.226 145   2.70  180.3       -2382.016       -4740.368   241 359.9999  -0.0003     -2.009 0.226 138   2.70    0.058
2018-05-05-16:59:47 1.11  Mocks_Em/MockNFW320ellip5loga2.08PA50center0With_background20num61.dat Nelder-Mead  1.0e-04 0 1 1 0     NFW      359.9998   0.0008     -2.112 0.239  44   2.68  138.7       -2496.228       -4968.791   241 359.9998   0.0008     -2.012 0.239  44   2.68    0.060
2018-05-05-16:59:47 1.11  Mocks_Em/MockNFW320ellip5loga2.08PA50center0With_background20num62.dat Nelder-Mead  1.0e-04 0 1 1 0     NFW      359.9996   0.0004     -1.954 0.191  36   2.68  202.1       -2347.828       -4671.992   241 359.9996   0.0004     -1.954 0.191  34   2.68    0.057
2018-05-05-16:59:47 1.11  Mocks_Em/MockNFW320ellip5loga2.08PA50center0With_background20num63.dat Nelder-Mead  1.0e-04 0 1 1 0     NFW      360.0000  -0.0003     -2.086 0.146 136   2.69  145.1       -2343.157       -4662.649   241 360.0000  -0.0003     -1.986 0.146 136   2.69    0.057
2018-05-05-16:59:47 1.11  Mocks_Em/MockNFW320ellip5loga2.08PA50center0With_background20num64.dat Nelder-Mead  1.0e-04 0 1 1 0     NFW        0.0001   0.0002     -2.107 0.181  25   2.69  136.9        -2336.11       -4648.554   241   0.0001   0.0002     -2.007 0.181  25   2.69    0.057
2018-05-05-16:59:47 1.11  Mocks_Em/MockNFW320ellip5loga2.08PA50center0With_background20num65.dat Nelder-Mead  1.0e-04 0 1 1 0     NFW        0.0008   0.0005     -2.050 0.135 136   2.72  156.0        -2381.89       -4740.116   241   0.0008   0.0005     -1.988 0.135 136   2.66    0.057
2018-05-05-16:59:47 1.11  Mocks_Em/MockNFW320ellip5loga2.08PA50center0With_background20num66.dat Nelder-Mead  1.0e-04 0 1 1 0     NFW        0.0002   0.0000     -2.028 0.225 141   2.68  163.5       -2291.307       -4558.949   241   0.0002   0.0000     -1.994 0.225 137   2.68    0.058
2018-05-05-16:59:47 1.11  Mocks_Em/MockNFW320ellip5loga2.08PA50center0With_background20num67.dat Nelder-Mead  1.0e-04 0 1 1 0     NFW        0.0002  -0.0000     -2.109 0.158  29   2.69  138.1       -2378.792        -4733.92   241   0.0002  -0.0000     -2.009 0.158  29   2.69    0.060
2018-05-05-16:59:47 1.11  Mocks_Em/MockNFW320ellip5loga2.08PA50center0With_background20num68.dat Nelder-Mead  1.0e-04 0 1 1 0     NFW      359.9997  -0.0001     -2.084 0.148  32   2.66  136.6       -2218.031       -4412.397   241 359.9997  -0.0001     -1.985 0.148  32   2.66    0.057
2018-05-05-16:59:47 1.11  Mocks_Em/MockNFW320ellip5loga2.08PA50center0With_background20num69.dat Nelder-Mead  1.0e-04 0 1 1 0     NFW      359.9998   0.0003     -2.077 0.131  32   2.68  146.8       -2322.054       -4620.442   241 359.9998   0.0003     -1.978 0.131  32   2.68    0.057
2018-05-05-16:59:47 1.11  Mocks_Em/MockNFW320ellip5loga2.08PA50center0With_background20num70.dat Nelder-Mead  1.0e-04 0 1 1 0     NFW      359.9994  -0.0005     -2.002 0.147  33   2.68  180.6       -2429.853        -4836.04   241 359.9994  -0.0005     -1.988 0.147  31   2.68    0.058
2018-05-05-16:59:47 1.11  Mocks_Em/MockNFW320ellip5loga2.08PA50center0With_background20num71.dat Nelder-Mead  1.0e-04 0 1 1 0     NFW        0.0002  -0.0001     -2.064 0.186 141   2.68  148.4        -2272.12       -4520.576   241   0.0002  -0.0001     -1.991 0.186 139   2.68    0.058
2018-05-05-16:59:47 1.11  Mocks_Em/MockNFW320ellip5loga2.08PA50center0With_background20num72.dat Nelder-Mead  1.0e-04 0 1 1 0     NFW      359.9998  -0.0004     -2.101 0.139  34   2.68  139.3       -2382.398       -4741.132   241 359.9998  -0.0004     -2.001 0.139  34   2.68    0.057
2018-05-05-16:59:47 1.11  Mocks_Em/MockNFW320ellip5loga2.08PA50center0With_background20num73.dat Nelder-Mead  1.0e-04 0 1 1 0     NFW        0.0004  -0.0009     -1.967 0.160 144   2.68  194.4       -2345.289       -4666.913   241   0.0004  -0.0009     -1.967 0.160 138   2.68    0.057
2018-05-05-16:59:47 1.11  Mocks_Em/MockNFW320ellip5loga2.08PA50center0With_background20num74.dat Nelder-Mead  1.0e-04 0 1 1 0     NFW        0.0000   0.0000     -1.982 0.256  26   2.69  189.9       -2318.183       -4612.702   241   0.0000   0.0000     -1.982 0.256  25   2.69    0.059
2018-05-05-16:59:47 1.11  Mocks_Em/MockNFW320ellip5loga2.08PA50center0With_background20num75.dat Nelder-Mead  1.0e-04 0 1 1 0     NFW        0.0004   0.0006     -2.098 0.195  42   2.70  144.1       -2410.165       -4796.665   241   0.0004   0.0006     -2.015 0.193  42   2.70    0.056
2018-05-05-16:59:47 1.11  Mocks_Em/MockNFW320ellip5loga2.08PA50center0With_background20num76.dat Nelder-Mead  1.0e-04 0 1 1 0     NFW        0.0001  -0.0003     -1.986 0.253 142   2.69  186.1       -2332.625       -4641.586   241   0.0001  -0.0003     -1.986 0.253 135   2.69    0.059
2018-05-05-16:59:47 1.11  Mocks_Em/MockNFW320ellip5loga2.08PA50center0With_background20num77.dat Nelder-Mead  1.0e-04 0 1 1 0     NFW      359.9998   0.0001     -2.092 0.158  41   2.70  146.1       -2398.057       -4772.449   241 359.9998   0.0001     -1.992 0.158  41   2.70    0.059
2018-05-05-16:59:47 1.11  Mocks_Em/MockNFW320ellip5loga2.08PA50center0With_background20num78.dat Nelder-Mead  1.0e-04 0 1 1 0     NFW        0.0006   0.0001     -2.116 0.190 147   2.68  136.2       -2425.329       -4826.993   241   0.0006   0.0001     -2.018 0.190 147   2.68    0.059
2018-05-05-16:59:47 1.11  Mocks_Em/MockNFW320ellip5loga2.08PA50center0With_background20num79.dat Nelder-Mead  1.0e-04 0 1 1 0     NFW        0.0000  -0.0002     -2.131 0.134  30   2.70  133.0       -2403.653       -4783.642   241   0.0000  -0.0002     -2.029 0.134  30   2.70    0.059
2018-05-05-16:59:47 1.11  Mocks_Em/MockNFW320ellip5loga2.08PA50center0With_background20num80.dat Nelder-Mead  1.0e-04 0 1 1 0     NFW      359.9999   0.0003     -2.091 0.194 143   2.69  144.2       -2397.691       -4771.718   241 359.9999   0.0003     -1.993 0.194 143   2.69    0.060
2018-05-05-16:59:47 1.11  Mocks_Em/MockNFW320ellip5loga2.08PA50center0With_background20num81.dat Nelder-Mead  1.0e-04 0 1 1 0     NFW      360.0000   0.0002     -2.106 0.178  35   2.69  139.9       -2389.906       -4756.148   241 360.0000   0.0002     -2.006 0.178  35   2.69    0.060
2018-05-05-16:59:47 1.11  Mocks_Em/MockNFW320ellip5loga2.08PA50center0With_background20num82.dat Nelder-Mead  1.0e-04 0 1 1 0     NFW        0.0001   0.0005     -2.085 0.236  40   2.69  147.2       -2418.077        -4812.49   241   0.0001   0.0005     -2.007 0.234  40   2.69    0.060
2018-05-05-16:59:47 1.11  Mocks_Em/MockNFW320ellip5loga2.08PA50center0With_background20num83.dat Nelder-Mead  1.0e-04 0 1 1 0     NFW        0.0002   0.0006     -2.118 0.213  31   2.69  138.8       -2495.212       -4966.759   241   0.0002   0.0006     -2.017 0.213  31   2.69    0.058
2018-05-05-16:59:47 1.11  Mocks_Em/MockNFW320ellip5loga2.08PA50center0With_background20num84.dat Nelder-Mead  1.0e-04 0 1 1 0     NFW      359.9998  -0.0004     -2.108 0.162  39   2.70  144.4       -2518.689       -5013.714   241 359.9998  -0.0004     -2.007 0.162  39   2.70    0.058
2018-05-05-16:59:47 1.11  Mocks_Em/MockNFW320ellip5loga2.08PA50center0With_background20num85.dat Nelder-Mead  1.0e-04 0 1 1 0     NFW      359.9995  -0.0000     -1.963 0.189 144   2.69  199.7       -2360.532         -4697.4   241 359.9995  -0.0000     -1.963 0.189 138   2.69    0.060
2018-05-05-16:59:47 1.11  Mocks_Em/MockNFW320ellip5loga2.08PA50center0With_background20num86.dat Nelder-Mead  1.0e-04 0 1 1 0     NFW        0.0000   0.0000     -2.079 0.116 141   2.67  140.3       -2213.561       -4403.458   241   0.0000   0.0000     -1.980 0.116 141   2.67    0.059
2018-05-05-16:59:47 1.11  Mocks_Em/MockNFW320ellip5loga2.08PA50center0With_background20num87.dat Nelder-Mead  1.0e-04 0 1 1 0     NFW        0.0001   0.0002     -2.106 0.259  38   2.69  138.8       -2382.297       -4740.929   241   0.0001   0.0002     -2.006 0.259  38   2.69    0.058
2018-05-05-16:59:47 1.11  Mocks_Em/MockNFW320ellip5loga2.08PA50center0With_background20num88.dat Nelder-Mead  1.0e-04 0 1 1 0     NFW        0.0003   0.0001     -2.112 0.179  38   2.71  141.6       -2406.749       -4789.834   241   0.0003   0.0001     -2.021 0.178  38   2.71    0.059
2018-05-05-16:59:47 1.11  Mocks_Em/MockNFW320ellip5loga2.08PA50center0With_background20num89.dat Nelder-Mead  1.0e-04 0 1 1 0     NFW      359.9993   0.0005     -1.978 0.142  41   2.66  183.4       -2322.253       -4620.841   241 359.9993   0.0005     -1.949 0.137  41   2.66    0.058
2018-05-05-16:59:47 1.11  Mocks_Em/MockNFW320ellip5loga2.08PA50center0With_background20num90.dat Nelder-Mead  1.0e-04 0 1 1 0     NFW        0.0001   0.0002     -2.107 0.218  40   2.68  136.5       -2351.333           -4679   241   0.0001   0.0002     -2.006 0.218  40   2.68    0.058
2018-05-05-16:59:47 1.11  Mocks_Em/MockNFW320ellip5loga2.08PA50center0With_background20num91.dat Nelder-Mead  1.0e-04 0 1 1 0     NFW      359.9997  -0.0006     -2.090 0.125  33   2.69  148.3       -2455.244       -4886.823   241 359.9997  -0.0006     -1.997 0.125  33   2.69    0.058
2018-05-05-16:59:47 1.11  Mocks_Em/MockNFW320ellip5loga2.08PA50center0With_background20num92.dat Nelder-Mead  1.0e-04 0 1 1 0     NFW        0.0002   0.0003     -2.110 0.212  32   2.66  131.2       -2295.176       -4566.687   241   0.0002   0.0003     -2.009 0.212  32   2.66    0.058
2018-05-05-16:59:47 1.11  Mocks_Em/MockNFW320ellip5loga2.08PA50center0With_background20num93.dat Nelder-Mead  1.0e-04 0 1 1 0     NFW      359.9997   0.0003     -2.035 0.194  38   2.69  167.2       -2389.709       -4755.753   241 359.9997   0.0003     -1.981 0.189  38   2.69    0.058
2018-05-05-16:59:47 1.11  Mocks_Em/MockNFW320ellip5loga2.08PA50center0With_background20num94.dat Nelder-Mead  1.0e-04 0 1 1 0     NFW        0.0002  -0.0000     -2.077 0.172  29   2.68  145.8       -2311.092       -4598.519   241   0.0002  -0.0000     -2.002 0.172  29   2.68    0.059
2018-05-05-16:59:47 1.11  Mocks_Em/MockNFW320ellip5loga2.08PA50center0With_background20num95.dat Nelder-Mead  1.0e-04 0 1 1 0     NFW      360.0000  -0.0001     -2.083 0.145  37   2.69  144.7        -2298.38       -4573.096   241 360.0000  -0.0001     -1.983 0.145  37   2.69    0.057
2018-05-05-16:59:47 1.11  Mocks_Em/MockNFW320ellip5loga2.08PA50center0With_background20num96.dat Nelder-Mead  1.0e-04 0 1 1 0     NFW      359.9998  -0.0003     -1.970 0.184 150   2.68  192.7       -2319.445       -4615.226   241 359.9998  -0.0003     -1.970 0.184 143   2.68    0.058
2018-05-05-16:59:47 1.11  Mocks_Em/MockNFW320ellip5loga2.08PA50center0With_background20num97.dat Nelder-Mead  1.0e-04 0 1 1 0     NFW        0.0003  -0.0000     -2.065 0.186  40   2.68  151.8       -2354.689       -4685.712   241   0.0003  -0.0000     -1.967 0.186  40   2.68    0.059
2018-05-05-16:59:47 1.11  Mocks_Em/MockNFW320ellip5loga2.08PA50center0With_background20num98.dat Nelder-Mead  1.0e-04 0 1 1 0     NFW        0.0001  -0.0002     -2.099 0.143  45   2.70  143.9       -2392.046       -4760.428   241   0.0001  -0.0002     -1.999 0.143  45   2.70    0.057
2018-05-05-16:59:47 1.11  Mocks_Em/MockNFW320ellip5loga2.08PA50center0With_background20num99.dat Nelder-Mead  1.0e-04 0 1 1 0     NFW      359.9995  -0.0001     -2.119 0.230  43   2.69  138.2       -2486.225       -4948.786   241 359.9995  -0.0001     -2.018 0.230  43   2.69    0.062
