2018-05-05-16:59:25 1.11  Mocks_Em/MockNFW320ellip5loga2.08PA50center0With_background20num0.dat Diff-Evol    1.0e-04 0 1 1 0     NFW        0.0002   0.0002     -2.091 0.336  55   1.88  144.4       -2362.248       -4700.832   285   0.0002   0.0002     -2.004 0.133  34   2.69    0.165
2018-05-05-16:59:25 1.11  Mocks_Em/MockNFW320ellip5loga2.08PA50center0With_background20num1.dat Diff-Evol    1.0e-04 0 1 1 0     NFW      359.9996  -0.0007     -2.038 0.378  47   3.01  164.7         -2465.7       -4907.736   389 359.9996  -0.0007     -2.005 0.165 137   2.67    0.159
2018-05-05-16:59:25 1.11  Mocks_Em/MockNFW320ellip5loga2.08PA50center0With_background20num2.dat Diff-Evol    1.0e-04 0 1 1 0     NFW        0.0002   0.0004     -2.242 0.616  53   5.43   34.7       -2355.503       -4687.341   556   0.0002   0.0004     -1.963 0.138  41   2.68    0.223
2018-05-05-16:59:25 1.11  Mocks_Em/MockNFW320ellip5loga2.08PA50center0With_background20num3.dat Diff-Evol    1.0e-04 0 1 1 0     NFW      360.0000  -0.0001     -2.020 0.378  59   3.00  169.3       -2315.765       -4607.864   382 360.0000  -0.0001     -1.992 0.157  29   2.69    0.153
2018-05-05-16:59:25 1.11  Mocks_Em/MockNFW320ellip5loga2.08PA50center0With_background20num4.dat Diff-Evol    1.0e-04 0 1 1 0     NFW      359.9993  -0.0004     -2.016 0.561  47  -0.32  174.1       -2440.932       -4858.198   606 359.9993  -0.0004     -2.021 0.228  44   2.68    0.232
2018-05-05-16:59:25 1.11  Mocks_Em/MockNFW320ellip5loga2.08PA50center0With_background20num5.dat Diff-Evol    1.0e-04 0 1 1 0     NFW        0.0005   0.0007     -1.970 0.607  39   5.06  135.9       -2348.525       -4673.385   605   0.0005   0.0007     -1.994 0.162  43   2.67    0.235
2018-05-05-16:59:25 1.11  Mocks_Em/MockNFW320ellip5loga2.08PA50center0With_background20num6.dat Diff-Evol    1.0e-04 0 1 1 0     NFW      359.9998  -0.0009     -1.925 0.562  51   3.44  217.1       -2431.294       -4838.923   368 359.9998  -0.0009     -1.990 0.215  38   2.67    0.144
2018-05-05-16:59:25 1.11  Mocks_Em/MockNFW320ellip5loga2.08PA50center0With_background20num7.dat Diff-Evol    1.0e-04 0 1 1 0     NFW      360.0000  -0.0006     -1.954 0.600  50   5.16  132.1       -2325.499       -4627.332   584 360.0000  -0.0006     -1.959 0.158  31   2.69    0.232
2018-05-05-16:59:25 1.11  Mocks_Em/MockNFW320ellip5loga2.08PA50center0With_background20num8.dat Diff-Evol    1.0e-04 0 1 1 0     NFW      360.0000   0.0003     -1.923 0.589  51   4.13  219.0       -2375.081       -4726.496   403 360.0000   0.0003     -1.993 0.222  40   2.70    0.157
2018-05-05-16:59:25 1.11  Mocks_Em/MockNFW320ellip5loga2.08PA50center0With_background20num9.dat Diff-Evol    1.0e-04 0 1 1 0     NFW        0.0001  -0.0002     -2.347 0.519  65   5.38   33.3       -2314.435       -4605.204   466   0.0001  -0.0002     -1.967 0.143 136   2.68    0.187
2018-05-05-16:59:25 1.11  Mocks_Em/MockNFW320ellip5loga2.08PA50center0With_background20num10.dat Diff-Evol    1.0e-04 0 1 1 0     NFW      359.9996  -0.0002     -2.016 0.551  55   5.21  106.9       -2418.511       -4813.357   472 359.9996  -0.0002     -1.962 0.112  37   2.69    0.187
2018-05-05-16:59:25 1.11  Mocks_Em/MockNFW320ellip5loga2.08PA50center0With_background20num11.dat Diff-Evol    1.0e-04 0 1 1 0     NFW        0.0005  -0.0000     -1.907 0.671  50   5.21  141.3       -2420.447       -4817.228   668   0.0005  -0.0000     -1.968 0.194  42   2.68    0.272
2018-05-05-16:59:25 1.11  Mocks_Em/MockNFW320ellip5loga2.08PA50center0With_background20num12.dat Diff-Evol    1.0e-04 0 1 1 0     NFW      359.9995  -0.0002     -1.999 0.462  52   2.66  184.6       -2378.453       -4733.241   493 359.9995  -0.0002     -1.989 0.154 142   2.70    0.194
2018-05-05-16:59:25 1.11  Mocks_Em/MockNFW320ellip5loga2.08PA50center0With_background20num13.dat Diff-Evol    1.0e-04 0 1 1 0     NFW        0.0002   0.0003     -2.387 0.368  61   5.31   37.5        -2356.97       -4690.275   641   0.0002   0.0003     -1.962 0.122  33   2.68    0.247
2018-05-05-16:59:25 1.11  Mocks_Em/MockNFW320ellip5loga2.08PA50center0With_background20num14.dat Diff-Evol    1.0e-04 0 1 1 0     NFW        0.0002   0.0003     -1.977 0.583  54   0.41  188.1        -2340.01       -4656.355   354   0.0002   0.0003     -1.970 0.215  31   2.68    0.138
2018-05-05-16:59:25 1.11  Mocks_Em/MockNFW320ellip5loga2.08PA50center0With_background20num15.dat Diff-Evol    1.0e-04 0 1 1 0     NFW      359.9997   0.0003     -1.915 0.545  48   4.76  197.4        -2387.99       -4752.315   506 359.9997   0.0003     -1.998 0.189  41   2.69    0.202
2018-05-05-16:59:25 1.11  Mocks_Em/MockNFW320ellip5loga2.08PA50center0With_background20num16.dat Diff-Evol    1.0e-04 0 1 1 0     NFW        0.0004  -0.0005     -2.130 0.374  42   2.44  129.8       -2354.668        -4685.67   382   0.0004  -0.0005     -1.987 0.133 140   2.68    0.149
2018-05-05-16:59:25 1.11  Mocks_Em/MockNFW320ellip5loga2.08PA50center0With_background20num17.dat Diff-Evol    1.0e-04 0 1 1 0     NFW        0.0001   0.0003     -1.913 0.566  47   3.45  225.3       -2351.696       -4679.727   361   0.0001   0.0003     -1.985 0.211  38   2.68    0.141
2018-05-05-16:59:25 1.11  Mocks_Em/MockNFW320ellip5loga2.08PA50center0With_background20num18.dat Diff-Evol    1.0e-04 0 1 1 0     NFW      359.9994   0.0000     -2.323 0.557  42   5.29   49.2       -2477.673       -4931.682   452 359.9994   0.0000     -1.980 0.212 147   2.70    0.176
2018-05-05-16:59:25 1.11  Mocks_Em/MockNFW320ellip5loga2.08PA50center0With_background20num19.dat Diff-Evol    1.0e-04 0 1 1 0     NFW        0.0003  -0.0005     -2.097 0.434  44   0.85  142.3       -2424.491       -4825.317   403   0.0003  -0.0005     -1.985 0.193 136   2.68    0.159
2018-05-05-16:59:25 1.11  Mocks_Em/MockNFW320ellip5loga2.08PA50center0With_background20num20.dat Diff-Evol    1.0e-04 0 1 1 0     NFW        0.0004   0.0001     -2.037 0.377  45   4.46  154.6       -2412.679       -4801.692   312   0.0004   0.0001     -1.988 0.166 136   2.69    0.124
2018-05-05-16:59:25 1.11  Mocks_Em/MockNFW320ellip5loga2.08PA50center0With_background20num21.dat Diff-Evol    1.0e-04 0 1 1 0     NFW        0.0000  -0.0002     -1.921 0.505  64   2.83  230.3       -2411.163       -4798.661   368   0.0000  -0.0002     -2.002 0.217  26   2.71    0.144
2018-05-05-16:59:25 1.11  Mocks_Em/MockNFW320ellip5loga2.08PA50center0With_background20num22.dat Diff-Evol    1.0e-04 0 1 1 0     NFW      359.9995  -0.0007     -2.112 0.388  44   2.45  139.0       -2474.068        -4924.47   368 359.9995  -0.0007     -2.011 0.168  40   2.68    0.147
2018-05-05-16:59:25 1.11  Mocks_Em/MockNFW320ellip5loga2.08PA50center0With_background20num23.dat Diff-Evol    1.0e-04 0 1 1 0     NFW        0.0000   0.0005     -2.203 0.548  59   5.26   61.5        -2378.69       -4733.715   605   0.0000   0.0005     -1.969 0.180  30   2.68    0.237
2018-05-05-16:59:25 1.11  Mocks_Em/MockNFW320ellip5loga2.08PA50center0With_background20num24.dat Diff-Evol    1.0e-04 0 1 1 0     NFW        0.0004  -0.0005     -2.011 0.494  56  -0.07  181.6       -2441.585       -4859.506   396   0.0004  -0.0005     -2.005 0.201  38   2.70    0.156
2018-05-05-16:59:25 1.11  Mocks_Em/MockNFW320ellip5loga2.08PA50center0With_background20num25.dat Diff-Evol    1.0e-04 0 1 1 0     NFW        0.0005   0.0004     -2.053 0.543  48   1.05  158.5       -2445.782       -4867.899   465   0.0005   0.0004     -2.000 0.214  43   2.68    0.191
2018-05-05-16:59:25 1.11  Mocks_Em/MockNFW320ellip5loga2.08PA50center0With_background20num26.dat Diff-Evol    1.0e-04 0 1 1 0     NFW      359.9999   0.0002     -1.918 0.536  58   0.46  221.6        -2313.33       -4602.996   479 359.9999   0.0002     -1.994 0.188  40   2.68    0.190
2018-05-05-16:59:25 1.11  Mocks_Em/MockNFW320ellip5loga2.08PA50center0With_background20num27.dat Diff-Evol    1.0e-04 0 1 1 0     NFW        0.0002  -0.0003     -1.956 0.562  50   3.05  198.3       -2316.835       -4610.006   368   0.0002  -0.0003     -2.007 0.251  40   2.68    0.144
2018-05-05-16:59:25 1.11  Mocks_Em/MockNFW320ellip5loga2.08PA50center0With_background20num28.dat Diff-Evol    1.0e-04 0 1 1 0     NFW        0.0005  -0.0002     -1.909 0.544  45  -0.33  227.7       -2363.631       -4703.597   620   0.0005  -0.0002     -1.986 0.264 139   2.67    0.239
2018-05-05-16:59:25 1.11  Mocks_Em/MockNFW320ellip5loga2.08PA50center0With_background20num29.dat Diff-Evol    1.0e-04 0 1 1 0     NFW        0.0007   0.0002     -1.906 0.636  58   1.15  241.3       -2518.526       -5013.388   570   0.0007   0.0002     -2.008 0.253  34   2.69    0.225
2018-05-05-16:59:25 1.11  Mocks_Em/MockNFW320ellip5loga2.08PA50center0With_background20num30.dat Diff-Evol    1.0e-04 0 1 1 0     NFW      359.9995  -0.0009     -2.082 0.450  55   1.36  148.8       -2447.917        -4872.17   396 359.9995  -0.0009     -2.018 0.165  38   2.68    0.156
2018-05-05-16:59:25 1.11  Mocks_Em/MockNFW320ellip5loga2.08PA50center0With_background20num31.dat Diff-Evol    1.0e-04 0 1 1 0     NFW        0.0002   0.0002     -2.071 0.545  53   3.25  147.1       -2349.067       -4674.469   472   0.0002   0.0002     -2.018 0.216 137   2.68    0.186
2018-05-05-16:59:25 1.11  Mocks_Em/MockNFW320ellip5loga2.08PA50center0With_background20num32.dat Diff-Evol    1.0e-04 0 1 1 0     NFW        0.0006  -0.0001     -1.908 0.571  48   0.26  235.2       -2442.735       -4861.805   479   0.0006  -0.0001     -1.969 0.261  43   2.69    0.192
2018-05-05-16:59:25 1.11  Mocks_Em/MockNFW320ellip5loga2.08PA50center0With_background20num33.dat Diff-Evol    1.0e-04 0 1 1 0     NFW        0.0004  -0.0004     -1.974 0.543  48   1.25  197.7       -2475.468       -4927.271   368   0.0004  -0.0004     -1.982 0.235  37   2.69    0.150
2018-05-05-16:59:25 1.11  Mocks_Em/MockNFW320ellip5loga2.08PA50center0With_background20num34.dat Diff-Evol    1.0e-04 0 1 1 0     NFW        0.0000  -0.0001     -1.918 0.599  55  -0.32  222.4       -2332.239       -4640.813   536   0.0000  -0.0001     -2.006 0.235  29   2.68    0.212
2018-05-05-16:59:25 1.11  Mocks_Em/MockNFW320ellip5loga2.08PA50center0With_background20num35.dat Diff-Evol    1.0e-04 0 1 1 0     NFW      359.9997  -0.0002     -1.915 0.493  49   0.61  221.6       -2296.834       -4570.003   368 359.9997  -0.0002     -1.965 0.208  39   2.67    0.148
2018-05-05-16:59:25 1.11  Mocks_Em/MockNFW320ellip5loga2.08PA50center0With_background20num36.dat Diff-Evol    1.0e-04 0 1 1 0     NFW      359.9999   0.0003     -1.983 0.513  56   4.27  182.3       -2392.998       -4762.332   403 359.9999   0.0003     -1.976 0.214  35   2.69    0.162
2018-05-05-16:59:25 1.11  Mocks_Em/MockNFW320ellip5loga2.08PA50center0With_background20num37.dat Diff-Evol    1.0e-04 0 1 1 0     NFW        0.0002  -0.0002     -1.961 0.538  55   1.16  205.4       -2443.215       -4862.766   403   0.0002  -0.0002     -1.998 0.232  36   2.70    0.162
2018-05-05-16:59:25 1.11  Mocks_Em/MockNFW320ellip5loga2.08PA50center0With_background20num38.dat Diff-Evol    1.0e-04 0 1 1 0     NFW        0.0007  -0.0001     -1.908 0.564  41   4.04  231.3       -2463.732         -4903.8   569   0.0007  -0.0001     -1.985 0.213 146   2.69    0.231
2018-05-05-16:59:25 1.11  Mocks_Em/MockNFW320ellip5loga2.08PA50center0With_background20num39.dat Diff-Evol    1.0e-04 0 1 1 0     NFW      360.0000   0.0005     -1.916 0.618  50   5.34  109.5       -2353.416       -4683.167   500 360.0000   0.0005     -1.956 0.188 138   2.69    0.211
2018-05-05-16:59:25 1.11  Mocks_Em/MockNFW320ellip5loga2.08PA50center0With_background20num40.dat Diff-Evol    1.0e-04 0 1 1 0     NFW        0.0005   0.0002     -2.317 0.616  49   5.34   38.1       -2337.649       -4651.633   508   0.0005   0.0002     -1.961 0.176  41   2.67    0.197
2018-05-05-16:59:25 1.11  Mocks_Em/MockNFW320ellip5loga2.08PA50center0With_background20num41.dat Diff-Evol    1.0e-04 0 1 1 0     NFW      359.9997  -0.0002     -1.916 0.292  36   1.94  232.1       -2395.144       -4766.624   458 359.9997  -0.0002     -1.966 0.132 136   2.70    0.186
2018-05-05-16:59:25 1.11  Mocks_Em/MockNFW320ellip5loga2.08PA50center0With_background20num42.dat Diff-Evol    1.0e-04 0 1 1 0     NFW        0.0002   0.0006     -1.904 0.570  48   2.18  234.4       -2435.474       -4847.283   465   0.0002   0.0006     -2.003 0.235  42   2.68    0.189
2018-05-05-16:59:25 1.11  Mocks_Em/MockNFW320ellip5loga2.08PA50center0With_background20num43.dat Diff-Evol    1.0e-04 0 1 1 0     NFW        0.0000  -0.0007     -1.904 0.596  51   2.55  232.0       -2411.369       -4799.073   479   0.0000  -0.0007     -1.984 0.233  39   2.67    0.189
2018-05-05-16:59:25 1.11  Mocks_Em/MockNFW320ellip5loga2.08PA50center0With_background20num44.dat Diff-Evol    1.0e-04 0 1 1 0     NFW      360.0000  -0.0003     -2.051 0.420  45   1.13  159.0       -2374.827       -4725.989   368 360.0000  -0.0003     -2.002 0.189  36   2.69    0.144
2018-05-05-16:59:25 1.11  Mocks_Em/MockNFW320ellip5loga2.08PA50center0With_background20num45.dat Diff-Evol    1.0e-04 0 1 1 0     NFW        0.0001   0.0002     -2.350 0.568  57   5.31   38.6       -2251.702       -4479.739   564   0.0001   0.0002     -1.955 0.176  30   2.67    0.215
2018-05-05-16:59:25 1.11  Mocks_Em/MockNFW320ellip5loga2.08PA50center0With_background20num46.dat Diff-Evol    1.0e-04 0 1 1 0     NFW        0.0000  -0.0003     -1.975 0.530  46   1.74  185.4       -2277.774       -4531.884   389   0.0000  -0.0003     -1.979 0.189  38   2.67    0.155
2018-05-05-16:59:25 1.11  Mocks_Em/MockNFW320ellip5loga2.08PA50center0With_background20num47.dat Diff-Evol    1.0e-04 0 1 1 0     NFW      359.9999  -0.0000     -2.005 0.380  62   4.71  166.3       -2470.948       -4918.232   375 359.9999  -0.0000     -2.003 0.161  25   2.71    0.147
2018-05-05-16:59:25 1.11  Mocks_Em/MockNFW320ellip5loga2.08PA50center0With_background20num48.dat Diff-Evol    1.0e-04 0 1 1 0     NFW      359.9997  -0.0002     -2.063 0.578  48   4.84  124.9       -2346.984       -4670.303   465 359.9997  -0.0002     -1.980 0.218  33   2.67    0.184
2018-05-05-16:59:25 1.11  Mocks_Em/MockNFW320ellip5loga2.08PA50center0With_background20num49.dat Diff-Evol    1.0e-04 0 1 1 0     NFW      360.0000   0.0002     -2.014 0.394  49   1.64  183.8       -2461.625       -4899.586   465 360.0000   0.0002     -1.999 0.167  41   2.72    0.184
2018-05-05-16:59:25 1.11  Mocks_Em/MockNFW320ellip5loga2.08PA50center0With_background20num50.dat Diff-Evol    1.0e-04 0 1 1 0     NFW      359.9997  -0.0001     -2.245 0.590  57   5.04   72.9       -2333.792       -4643.918   669 359.9997  -0.0001     -1.981 0.260  33   2.68    0.261
2018-05-05-16:59:25 1.11  Mocks_Em/MockNFW320ellip5loga2.08PA50center0With_background20num51.dat Diff-Evol    1.0e-04 0 1 1 0     NFW        0.0001   0.0006     -2.066 0.370  38   1.61  149.0       -2315.016       -4606.368   368   0.0001   0.0006     -1.987 0.145 138   2.68    0.145
2018-05-05-16:59:25 1.11  Mocks_Em/MockNFW320ellip5loga2.08PA50center0With_background20num52.dat Diff-Evol    1.0e-04 0 1 1 0     NFW      359.9999   0.0003     -2.191 0.319  35   3.50  113.6       -2404.502        -4785.34   375 359.9999   0.0003     -2.011 0.127 146   2.69    0.147
2018-05-05-16:59:25 1.11  Mocks_Em/MockNFW320ellip5loga2.08PA50center0With_background20num53.dat Diff-Evol    1.0e-04 0 1 1 0     NFW      359.9999   0.0002     -1.919 0.526  54   3.79  216.7       -2291.383       -4559.102   451 359.9999   0.0002     -1.954 0.184  40   2.68    0.182
2018-05-05-16:59:25 1.11  Mocks_Em/MockNFW320ellip5loga2.08PA50center0With_background20num54.dat Diff-Evol    1.0e-04 0 1 1 0     NFW      359.9994   0.0001     -2.497 0.376  54   5.22   38.3       -2471.878       -4920.091   452 359.9994   0.0001     -2.009 0.087 137   2.69    0.176
2018-05-05-16:59:25 1.11  Mocks_Em/MockNFW320ellip5loga2.08PA50center0With_background20num55.dat Diff-Evol    1.0e-04 0 1 1 0     NFW      359.9999   0.0001     -2.225 0.581  48   5.26   64.8       -2465.464       -4907.263   535 359.9999   0.0001     -2.003 0.174  27   2.71    0.210
2018-05-05-16:59:25 1.11  Mocks_Em/MockNFW320ellip5loga2.08PA50center0With_background20num56.dat Diff-Evol    1.0e-04 0 1 1 0     NFW        0.0002  -0.0001     -2.170 0.579  50   5.24   65.8       -2300.154       -4576.643   501   0.0002  -0.0001     -1.968 0.143  40   2.67    0.197
2018-05-05-16:59:25 1.11  Mocks_Em/MockNFW320ellip5loga2.08PA50center0With_background20num57.dat Diff-Evol    1.0e-04 0 1 1 0     NFW        0.0003   0.0002     -2.170 0.377  45   2.83  121.8       -2386.078        -4748.49   368   0.0003   0.0002     -2.020 0.172  42   2.71    0.144
2018-05-05-16:59:25 1.11  Mocks_Em/MockNFW320ellip5loga2.08PA50center0With_background20num58.dat Diff-Evol    1.0e-04 0 1 1 0     NFW        0.0001   0.0004     -1.919 0.505  46   3.24  226.7        -2372.83       -4721.995   403   0.0001   0.0004     -1.984 0.190 135   2.69    0.157
2018-05-05-16:59:25 1.11  Mocks_Em/MockNFW320ellip5loga2.08PA50center0With_background20num59.dat Diff-Evol    1.0e-04 0 1 1 0     NFW        0.0002  -0.0001     -2.066 0.513  58   4.15  144.8       -2310.245       -4596.824   368   0.0002  -0.0001     -1.992 0.200  32   2.68    0.145
2018-05-05-16:59:25 1.11  Mocks_Em/MockNFW320ellip5loga2.08PA50center0With_background20num60.dat Diff-Evol    1.0e-04 0 1 1 0     NFW      359.9999  -0.0003     -1.919 0.544  49   3.68  227.4       -2403.619       -4783.574   472 359.9999  -0.0003     -2.009 0.226 138   2.70    0.186
2018-05-05-16:59:25 1.11  Mocks_Em/MockNFW320ellip5loga2.08PA50center0With_background20num61.dat Diff-Evol    1.0e-04 0 1 1 0     NFW      359.9998   0.0008     -2.039 0.491  56   3.58  164.1       -2499.115       -4974.565   389 359.9998   0.0008     -2.012 0.239  44   2.68    0.152
2018-05-05-16:59:25 1.11  Mocks_Em/MockNFW320ellip5loga2.08PA50center0With_background20num62.dat Diff-Evol    1.0e-04 0 1 1 0     NFW      359.9996   0.0004     -1.945 0.451  59   4.80  175.5       -2352.334       -4681.002   319 359.9996   0.0004     -1.954 0.191  34   2.68    0.130
2018-05-05-16:59:25 1.11  Mocks_Em/MockNFW320ellip5loga2.08PA50center0With_background20num63.dat Diff-Evol    1.0e-04 0 1 1 0     NFW      360.0000  -0.0003     -2.216 0.340  46   1.45  107.4       -2355.202        -4686.74   396 360.0000  -0.0003     -1.986 0.146 136   2.69    0.155
2018-05-05-16:59:25 1.11  Mocks_Em/MockNFW320ellip5loga2.08PA50center0With_background20num64.dat Diff-Evol    1.0e-04 0 1 1 0     NFW        0.0001   0.0002     -2.094 0.441  52   3.94  138.4       -2343.649       -4663.633   305   0.0001   0.0002     -2.007 0.181  25   2.69    0.124
2018-05-05-16:59:25 1.11  Mocks_Em/MockNFW320ellip5loga2.08PA50center0With_background20num65.dat Diff-Evol    1.0e-04 0 1 1 0     NFW        0.0008   0.0005     -2.020 0.377  56   2.09  168.3       -2392.361       -4761.057   354   0.0008   0.0005     -1.988 0.135 136   2.66    0.138
2018-05-05-16:59:25 1.11  Mocks_Em/MockNFW320ellip5loga2.08PA50center0With_background20num66.dat Diff-Evol    1.0e-04 0 1 1 0     NFW        0.0002   0.0000     -2.018 0.558  40   1.10  168.2       -2315.682         -4607.7   382   0.0002   0.0000     -1.994 0.225 137   2.68    0.149
2018-05-05-16:59:25 1.11  Mocks_Em/MockNFW320ellip5loga2.08PA50center0With_background20num67.dat Diff-Evol    1.0e-04 0 1 1 0     NFW        0.0002  -0.0000     -2.170 0.332  72   2.38  119.9       -2384.349       -4745.033   278   0.0002  -0.0000     -2.009 0.158  29   2.69    0.107
2018-05-05-16:59:25 1.11  Mocks_Em/MockNFW320ellip5loga2.08PA50center0With_background20num68.dat Diff-Evol    1.0e-04 0 1 1 0     NFW      359.9997  -0.0001     -2.186 0.346  52   0.97  107.8       -2223.554       -4423.444   382 359.9997  -0.0001     -1.985 0.148  32   2.66    0.153
2018-05-05-16:59:25 1.11  Mocks_Em/MockNFW320ellip5loga2.08PA50center0With_background20num69.dat Diff-Evol    1.0e-04 0 1 1 0     NFW      359.9998   0.0003     -2.030 0.319  61   0.38  165.4       -2324.817        -4625.97   472 359.9998   0.0003     -1.978 0.131  32   2.68    0.192
2018-05-05-16:59:25 1.11  Mocks_Em/MockNFW320ellip5loga2.08PA50center0With_background20num70.dat Diff-Evol    1.0e-04 0 1 1 0     NFW      359.9994  -0.0005     -1.928 0.417  62   1.94  220.4       -2435.208       -4846.752   458 359.9994  -0.0005     -1.988 0.147  31   2.68    0.184
2018-05-05-16:59:25 1.11  Mocks_Em/MockNFW320ellip5loga2.08PA50center0With_background20num71.dat Diff-Evol    1.0e-04 0 1 1 0     NFW        0.0002  -0.0001     -2.076 0.424  44   1.70  144.5       -2286.108       -4548.552   382   0.0002  -0.0001     -1.991 0.186 139   2.68    0.147
2018-05-05-16:59:25 1.11  Mocks_Em/MockNFW320ellip5loga2.08PA50center0With_background20num72.dat Diff-Evol    1.0e-04 0 1 1 0     NFW      359.9998  -0.0004     -2.074 0.345  51   0.02  148.9       -2385.911       -4748.158   361 359.9998  -0.0004     -2.001 0.139  34   2.68    0.142
2018-05-05-16:59:25 1.11  Mocks_Em/MockNFW320ellip5loga2.08PA50center0With_background20num73.dat Diff-Evol    1.0e-04 0 1 1 0     NFW        0.0004  -0.0009     -1.910 0.484  34   0.66  227.7       -2359.281       -4694.898   486   0.0004  -0.0009     -1.967 0.160 138   2.68    0.196
2018-05-05-16:59:25 1.11  Mocks_Em/MockNFW320ellip5loga2.08PA50center0With_background20num74.dat Diff-Evol    1.0e-04 0 1 1 0     NFW        0.0000   0.0000     -1.923 0.595  66   0.28  223.1       -2336.666       -4649.667   465   0.0000   0.0000     -1.982 0.256  25   2.69    0.188
2018-05-05-16:59:25 1.11  Mocks_Em/MockNFW320ellip5loga2.08PA50center0With_background20num75.dat Diff-Evol    1.0e-04 0 1 1 0     NFW        0.0004   0.0006     -1.968 0.531  50   3.70  198.7       -2415.598        -4807.53   410   0.0004   0.0006     -2.015 0.193  42   2.70    0.164
2018-05-05-16:59:25 1.11  Mocks_Em/MockNFW320ellip5loga2.08PA50center0With_background20num76.dat Diff-Evol    1.0e-04 0 1 1 0     NFW        0.0001  -0.0003     -2.003 0.579  46   2.82  178.0       -2363.469       -4703.273   382   0.0001  -0.0003     -1.986 0.253 135   2.69    0.149
2018-05-05-16:59:25 1.11  Mocks_Em/MockNFW320ellip5loga2.08PA50center0With_background20num77.dat Diff-Evol    1.0e-04 0 1 1 0     NFW      359.9998   0.0001     -2.078 0.489  44   2.55  151.1       -2404.288       -4784.912   465 359.9998   0.0001     -1.992 0.158  41   2.70    0.188
2018-05-05-16:59:25 1.11  Mocks_Em/MockNFW320ellip5loga2.08PA50center0With_background20num78.dat Diff-Evol    1.0e-04 0 1 1 0     NFW        0.0006   0.0001     -2.184 0.471  37   3.88  114.7       -2443.278       -4862.891   312   0.0006   0.0001     -2.018 0.190 147   2.68    0.124
2018-05-05-16:59:25 1.11  Mocks_Em/MockNFW320ellip5loga2.08PA50center0With_background20num79.dat Diff-Evol    1.0e-04 0 1 1 0     NFW        0.0000  -0.0002     -2.104 0.359  48   3.96  138.8       -2407.982       -4792.299   347   0.0000  -0.0002     -2.029 0.134  30   2.70    0.140
2018-05-05-16:59:25 1.11  Mocks_Em/MockNFW320ellip5loga2.08PA50center0With_background20num80.dat Diff-Evol    1.0e-04 0 1 1 0     NFW      359.9999   0.0003     -2.151 0.425  36   0.18  125.3        -2414.98       -4806.296   382 359.9999   0.0003     -1.993 0.194 143   2.69    0.153
2018-05-05-16:59:25 1.11  Mocks_Em/MockNFW320ellip5loga2.08PA50center0With_background20num81.dat Diff-Evol    1.0e-04 0 1 1 0     NFW      360.0000   0.0002     -2.173 0.545  54   5.02   90.2       -2397.098       -4770.531   431 360.0000   0.0002     -2.006 0.178  35   2.69    0.167
2018-05-05-16:59:25 1.11  Mocks_Em/MockNFW320ellip5loga2.08PA50center0With_background20num82.dat Diff-Evol    1.0e-04 0 1 1 0     NFW        0.0001   0.0005     -1.941 0.564  46  -0.06  213.5       -2424.471       -4825.277   486   0.0001   0.0005     -2.007 0.234  40   2.69    0.196
2018-05-05-16:59:25 1.11  Mocks_Em/MockNFW320ellip5loga2.08PA50center0With_background20num83.dat Diff-Evol    1.0e-04 0 1 1 0     NFW        0.0002   0.0006     -2.100 0.418  60   2.52  144.9        -2502.13       -4980.596   382   0.0002   0.0006     -2.017 0.213  31   2.69    0.150
2018-05-05-16:59:25 1.11  Mocks_Em/MockNFW320ellip5loga2.08PA50center0With_background20num84.dat Diff-Evol    1.0e-04 0 1 1 0     NFW      359.9998  -0.0004     -2.163 0.403  54   4.14  122.9       -2524.023        -5024.38   382 359.9998  -0.0004     -2.007 0.162  39   2.70    0.154
2018-05-05-16:59:25 1.11  Mocks_Em/MockNFW320ellip5loga2.08PA50center0With_background20num85.dat Diff-Evol    1.0e-04 0 1 1 0     NFW      359.9995  -0.0000     -2.054 0.565  56   5.16  103.0       -2378.156       -4732.648   347 359.9995  -0.0000     -1.963 0.189 138   2.69    0.138
2018-05-05-16:59:25 1.11  Mocks_Em/MockNFW320ellip5loga2.08PA50center0With_background20num86.dat Diff-Evol    1.0e-04 0 1 1 0     NFW        0.0000   0.0000     -2.140 0.310  41   2.41  121.3       -2219.646       -4415.628   319   0.0000   0.0000     -1.980 0.116 141   2.67    0.126
2018-05-05-16:59:25 1.11  Mocks_Em/MockNFW320ellip5loga2.08PA50center0With_background20num87.dat Diff-Evol    1.0e-04 0 1 1 0     NFW        0.0001   0.0002     -2.111 0.585  57   4.87  113.0       -2391.928       -4760.192   703   0.0001   0.0002     -2.006 0.259  38   2.69    0.273
2018-05-05-16:59:25 1.11  Mocks_Em/MockNFW320ellip5loga2.08PA50center0With_background20num88.dat Diff-Evol    1.0e-04 0 1 1 0     NFW        0.0003   0.0001     -1.980 0.513  50   0.14  198.6       -2412.101       -4800.538   389   0.0003   0.0001     -2.021 0.178  38   2.71    0.158
2018-05-05-16:59:25 1.11  Mocks_Em/MockNFW320ellip5loga2.08PA50center0With_background20num89.dat Diff-Evol    1.0e-04 0 1 1 0     NFW      359.9993   0.0005     -1.906 0.386  42   2.20  223.2       -2325.591       -4627.516   417 359.9993   0.0005     -1.949 0.137  41   2.66    0.168
2018-05-05-16:59:25 1.11  Mocks_Em/MockNFW320ellip5loga2.08PA50center0With_background20num90.dat Diff-Evol    1.0e-04 0 1 1 0     NFW        0.0001   0.0002     -2.132 0.510  42   0.41  128.8       -2358.214       -4692.764   396   0.0001   0.0002     -2.006 0.218  40   2.68    0.156
2018-05-05-16:59:25 1.11  Mocks_Em/MockNFW320ellip5loga2.08PA50center0With_background20num91.dat Diff-Evol    1.0e-04 0 1 1 0     NFW      359.9997  -0.0006     -2.271 0.368  53   5.17   64.2       -2460.104       -4896.542   396 359.9997  -0.0006     -1.997 0.125  33   2.69    0.157
2018-05-05-16:59:25 1.11  Mocks_Em/MockNFW320ellip5loga2.08PA50center0With_background20num92.dat Diff-Evol    1.0e-04 0 1 1 0     NFW        0.0002   0.0003     -2.135 0.510  62   1.98  123.9       -2304.881       -4586.097   515   0.0002   0.0003     -2.009 0.212  32   2.66    0.199
2018-05-05-16:59:25 1.11  Mocks_Em/MockNFW320ellip5loga2.08PA50center0With_background20num93.dat Diff-Evol    1.0e-04 0 1 1 0     NFW      359.9997   0.0003     -1.954 0.425  55   2.49  206.8       -2392.655       -4761.645   347 359.9997   0.0003     -1.981 0.189  38   2.69    0.137
2018-05-05-16:59:25 1.11  Mocks_Em/MockNFW320ellip5loga2.08PA50center0With_background20num94.dat Diff-Evol    1.0e-04 0 1 1 0     NFW        0.0002  -0.0000     -2.023 0.380  56   1.51  167.3       -2315.497       -4607.329   430   0.0002  -0.0000     -2.002 0.172  29   2.68    0.171
2018-05-05-16:59:25 1.11  Mocks_Em/MockNFW320ellip5loga2.08PA50center0With_background20num95.dat Diff-Evol    1.0e-04 0 1 1 0     NFW      360.0000  -0.0001     -2.082 0.314  54   2.92  144.8       -2300.693       -4577.721   361 360.0000  -0.0001     -1.983 0.145  37   2.69    0.145
2018-05-05-16:59:25 1.11  Mocks_Em/MockNFW320ellip5loga2.08PA50center0With_background20num96.dat Diff-Evol    1.0e-04 0 1 1 0     NFW      359.9998  -0.0003     -2.112 0.582  32   5.21   81.4       -2336.733       -4649.801   480 359.9998  -0.0003     -1.970 0.184 143   2.68    0.187
2018-05-05-16:59:25 1.11  Mocks_Em/MockNFW320ellip5loga2.08PA50center0With_background20num97.dat Diff-Evol    1.0e-04 0 1 1 0     NFW        0.0003  -0.0000     -1.959 0.504  47   1.26  200.3       -2359.526       -4695.388   486   0.0003  -0.0000     -1.967 0.186  40   2.68    0.198
2018-05-05-16:59:25 1.11  Mocks_Em/MockNFW320ellip5loga2.08PA50center0With_background20num98.dat Diff-Evol    1.0e-04 0 1 1 0     NFW        0.0001  -0.0002     -2.128 0.310  47   4.30  128.1       -2393.926       -4764.187   354   0.0001  -0.0002     -1.999 0.143  45   2.70    0.143
2018-05-05-16:59:25 1.11  Mocks_Em/MockNFW320ellip5loga2.08PA50center0With_background20num99.dat Diff-Evol    1.0e-04 0 1 1 0     NFW      359.9995  -0.0001     -2.098 0.505  48   2.30  145.5       -2491.849       -4960.032   550 359.9995  -0.0001     -2.018 0.230  43   2.69    0.222
