2018-05-05-16:58:23 1.11  Mocks_Em/MockNFW40ellip5loga2.08PA50center0With_background20num0.dat Nelder-Mead  1.0e-04 0 1 1 0     NFW      359.9996  -0.0022     -1.987 0.153  35   2.04   45.7       -617.0392       -1216.035   241 359.9996  -0.0022     -1.987 0.146  35   2.04    0.084
2018-05-05-16:58:23 1.11  Mocks_Em/MockNFW40ellip5loga2.08PA50center0With_background20num1.dat Nelder-Mead  1.0e-04 0 1 1 0     NFW        0.0005   0.0012     -1.920 0.200  17   2.02   51.3       -563.1277       -1108.212   241   0.0005   0.0012     -1.920 0.200  16   2.02    0.065
2018-05-05-16:58:23 1.11  Mocks_Em/MockNFW40ellip5loga2.08PA50center0With_background20num2.dat Nelder-Mead  1.0e-04 0 1 1 0     NFW        0.0004  -0.0005     -1.950 0.100  44   2.11   48.8       -542.9107       -1067.778   241   0.0004  -0.0005     -1.903 0.100  44   2.06    0.056
2018-05-05-16:58:23 1.11  Mocks_Em/MockNFW40ellip5loga2.08PA50center0With_background20num3.dat Nelder-Mead  1.0e-04 0 1 1 0     NFW        0.0010  -0.0005     -1.921 0.088 155   2.02   50.0       -528.7047       -1039.366   241   0.0010  -0.0005     -1.874 0.088 151   2.02    0.049
2018-05-05-16:58:23 1.11  Mocks_Em/MockNFW40ellip5loga2.08PA50center0With_background20num4.dat Nelder-Mead  1.0e-04 0 1 1 0     NFW        0.0020  -0.0004     -1.942 0.236 164   2.01   45.7       -526.6203       -1035.197   241   0.0020  -0.0004     -1.895 0.236 160   2.01    0.048
2018-05-05-16:58:23 1.11  Mocks_Em/MockNFW40ellip5loga2.08PA50center0With_background20num5.dat Nelder-Mead  1.0e-04 0 1 1 0     NFW        0.0006  -0.0001     -1.907 0.137  36   2.06   55.8       -570.7607       -1123.478   241   0.0006  -0.0001     -1.907 0.137  34   2.06    0.050
2018-05-05-16:58:23 1.11  Mocks_Em/MockNFW40ellip5loga2.08PA50center0With_background20num6.dat Nelder-Mead  1.0e-04 0 1 1 0     NFW      359.9994   0.0007     -1.980 0.082  31   2.10   48.8       -579.8014       -1141.559   241 359.9994   0.0007     -1.980 0.082  30   2.10    0.049
2018-05-05-16:58:23 1.11  Mocks_Em/MockNFW40ellip5loga2.08PA50center0With_background20num7.dat Nelder-Mead  1.0e-04 0 1 1 0     NFW      359.9991   0.0007     -1.910 0.020 166   2.00   48.4       -505.9276       -993.8119   241 359.9991   0.0007     -1.910 0.020 158   2.00    0.049
2018-05-05-16:58:23 1.11  Mocks_Em/MockNFW40ellip5loga2.08PA50center0With_background20num8.dat Nelder-Mead  1.0e-04 0 1 1 0     NFW        0.0005   0.0005     -2.022 0.099  43   2.02   36.5       -503.0657       -988.0881   241   0.0005   0.0005     -1.926 0.099  43   2.02    0.050
2018-05-05-16:58:23 1.11  Mocks_Em/MockNFW40ellip5loga2.08PA50center0With_background20num9.dat Nelder-Mead  1.0e-04 0 1 1 0     NFW        0.0016   0.0003     -1.944 0.148 162   2.03   47.0         -531.85       -1045.657   241   0.0016   0.0003     -1.896 0.148 158   2.03    0.049
2018-05-05-16:58:23 1.11  Mocks_Em/MockNFW40ellip5loga2.08PA50center0With_background20num10.dat Nelder-Mead  1.0e-04 0 1 1 0     NFW      359.9986  -0.0013     -1.982 0.090   4   2.03   45.5        -608.396       -1198.749   241 359.9986  -0.0013     -1.982 0.090   4   2.03    0.049
2018-05-05-16:58:23 1.11  Mocks_Em/MockNFW40ellip5loga2.08PA50center0With_background20num11.dat Nelder-Mead  1.0e-04 0 1 1 0     NFW        0.0002   0.0003     -1.925 0.188   3   2.04   50.4       -531.6586       -1045.274   241   0.0002   0.0003     -1.925 0.188   3   2.04    0.050
2018-05-05-16:58:23 1.11  Mocks_Em/MockNFW40ellip5loga2.08PA50center0With_background20num12.dat Nelder-Mead  1.0e-04 0 1 1 0     NFW        0.0006  -0.0001     -1.945 0.079 143   2.02   45.3       -509.7864       -1001.529   241   0.0006  -0.0001     -1.897 0.079 140   2.02    0.048
2018-05-05-16:58:23 1.11  Mocks_Em/MockNFW40ellip5loga2.08PA50center0With_background20num13.dat Nelder-Mead  1.0e-04 0 1 1 0     NFW        0.0008   0.0003     -1.929 0.173 164   2.02   47.9       -518.2037       -1018.364   241   0.0008   0.0003     -1.882 0.173 160   2.02    0.048
2018-05-05-16:58:23 1.11  Mocks_Em/MockNFW40ellip5loga2.08PA50center0With_background20num14.dat Nelder-Mead  1.0e-04 0 1 1 0     NFW      359.9997  -0.0007     -1.915 0.169  38   2.04   51.9        -530.993       -1043.943   241 359.9997  -0.0007     -1.868 0.169  37   2.04    0.047
2018-05-05-16:58:23 1.11  Mocks_Em/MockNFW40ellip5loga2.08PA50center0With_background20num15.dat Nelder-Mead  1.0e-04 0 1 1 0     NFW        0.0002  -0.0008     -2.014 0.083 162   2.05   41.3        -574.815       -1131.586   241   0.0002  -0.0008     -1.949 0.083 159   2.05    0.049
2018-05-05-16:58:23 1.11  Mocks_Em/MockNFW40ellip5loga2.08PA50center0With_background20num16.dat Nelder-Mead  1.0e-04 0 1 1 0     NFW        0.0010   0.0010     -1.905 0.107 148   2.04   54.1       -555.0275       -1092.011   241   0.0010   0.0010     -1.905 0.107 141   2.04    0.049
2018-05-05-16:58:23 1.11  Mocks_Em/MockNFW40ellip5loga2.08PA50center0With_background20num17.dat Nelder-Mead  1.0e-04 0 1 1 0     NFW        0.0010   0.0011     -1.931 0.122  13   2.09   51.0       -575.6768        -1133.31   241   0.0010   0.0011     -1.884 0.122  13   2.04    0.047
2018-05-05-16:58:23 1.11  Mocks_Em/MockNFW40ellip5loga2.08PA50center0With_background20num18.dat Nelder-Mead  1.0e-04 0 1 1 0     NFW        0.0002   0.0000     -1.940 0.024  23   2.17   50.6       -549.3357       -1080.628   241   0.0002   0.0000     -1.940 0.024  23   2.07    0.048
2018-05-05-16:58:23 1.11  Mocks_Em/MockNFW40ellip5loga2.08PA50center0With_background20num19.dat Nelder-Mead  1.0e-04 0 1 1 0     NFW        0.0011  -0.0005     -1.897 0.161  17   2.03   55.0       -553.6096       -1089.176   241   0.0011  -0.0005     -1.897 0.161  16   2.03    0.049
2018-05-05-16:58:23 1.11  Mocks_Em/MockNFW40ellip5loga2.08PA50center0With_background20num20.dat Nelder-Mead  1.0e-04 0 1 1 0     NFW        0.0004   0.0005     -1.933 0.103  41   2.00   44.0       -474.9808       -931.9181   241   0.0004   0.0005     -1.886 0.103  40   2.00    0.047
2018-05-05-16:58:23 1.11  Mocks_Em/MockNFW40ellip5loga2.08PA50center0With_background20num21.dat Nelder-Mead  1.0e-04 0 1 1 0     NFW      359.9983  -0.0008     -1.904 0.163 162   2.01   53.3       -574.2665       -1130.489   241 359.9983  -0.0008     -1.904 0.163 154   2.01    0.049
2018-05-05-16:58:23 1.11  Mocks_Em/MockNFW40ellip5loga2.08PA50center0With_background20num22.dat Nelder-Mead  1.0e-04 0 1 1 0     NFW      359.9989  -0.0011     -1.906 0.116  20   2.12   53.3       -563.6983       -1109.353   241 359.9989  -0.0011     -1.906 0.116  20   2.02    0.050
2018-05-05-16:58:23 1.11  Mocks_Em/MockNFW40ellip5loga2.08PA50center0With_background20num23.dat Nelder-Mead  1.0e-04 0 1 1 0     NFW      360.0000  -0.0008     -1.963 0.103  31   2.05   45.4       -523.2488       -1028.454   241 360.0000  -0.0008     -1.915 0.103  30   2.05    0.047
2018-05-05-16:58:23 1.11  Mocks_Em/MockNFW40ellip5loga2.08PA50center0With_background20num24.dat Nelder-Mead  1.0e-04 0 1 1 0     NFW        0.0014   0.0013     -1.885 0.064  34   2.03   57.9       -585.5214       -1152.999   241   0.0014   0.0013     -1.885 0.064  32   2.03    0.049
2018-05-05-16:58:23 1.11  Mocks_Em/MockNFW40ellip5loga2.08PA50center0With_background20num25.dat Nelder-Mead  1.0e-04 0 1 1 0     NFW      359.9991  -0.0007     -1.946 0.092  31   2.03   47.6       -550.5805       -1083.117   241 359.9991  -0.0007     -1.919 0.092  30   2.03    0.049
2018-05-05-16:58:23 1.11  Mocks_Em/MockNFW40ellip5loga2.08PA50center0With_background20num26.dat Nelder-Mead  1.0e-04 0 1 1 0     NFW        0.0003   0.0010     -1.925 0.056  21   2.01   47.5       -516.8254       -1015.607   241   0.0003   0.0010     -1.925 0.056  20   2.01    0.048
2018-05-05-16:58:23 1.11  Mocks_Em/MockNFW40ellip5loga2.08PA50center0With_background20num27.dat Nelder-Mead  1.0e-04 0 1 1 0     NFW      359.9994   0.0008     -1.921 0.197 178   2.04   50.1       -513.3785       -1008.714   241 359.9994   0.0008     -1.874 0.197 174   2.04    0.048
2018-05-05-16:58:23 1.11  Mocks_Em/MockNFW40ellip5loga2.08PA50center0With_background20num28.dat Nelder-Mead  1.0e-04 0 1 1 0     NFW      359.9982  -0.0006     -1.905 0.070 173   2.02   54.7       -593.8254       -1169.607   241 359.9982  -0.0006     -1.905 0.070 165   2.02    0.051
2018-05-05-16:58:23 1.11  Mocks_Em/MockNFW40ellip5loga2.08PA50center0With_background20num29.dat Nelder-Mead  1.0e-04 0 1 1 0     NFW      359.9996   0.0010     -1.927 0.240  12   2.05   51.4       -553.8781       -1089.713   241 359.9996   0.0010     -1.927 0.240  11   2.05    0.050
2018-05-05-16:58:23 1.11  Mocks_Em/MockNFW40ellip5loga2.08PA50center0With_background20num30.dat Nelder-Mead  1.0e-04 0 1 1 0     NFW        0.0005   0.0015     -1.940 0.036 159   2.07   46.7       -519.3136       -1020.584   241   0.0005   0.0015     -1.892 0.036 159   2.02    0.047
2018-05-05-16:58:23 1.11  Mocks_Em/MockNFW40ellip5loga2.08PA50center0With_background20num31.dat Nelder-Mead  1.0e-04 0 1 1 0     NFW        0.0009   0.0014     -1.955 0.123   5   2.17   49.9       -586.8561       -1155.669   241   0.0009   0.0014     -1.955 0.123   5   2.07    0.049
2018-05-05-16:58:23 1.11  Mocks_Em/MockNFW40ellip5loga2.08PA50center0With_background20num32.dat Nelder-Mead  1.0e-04 0 1 1 0     NFW        0.0004  -0.0005     -1.953 0.068  42   2.08   45.3       -512.3708       -1006.698   241   0.0004  -0.0005     -1.905 0.068  42   2.03    0.047
2018-05-05-16:58:23 1.11  Mocks_Em/MockNFW40ellip5loga2.08PA50center0With_background20num33.dat Nelder-Mead  1.0e-04 0 1 1 0     NFW        0.0022   0.0007     -1.921 0.074 180   2.10   53.1       -600.1904       -1182.337   241   0.0022   0.0007     -1.921 0.074 178   2.03    0.049
2018-05-05-16:58:23 1.11  Mocks_Em/MockNFW40ellip5loga2.08PA50center0With_background20num34.dat Nelder-Mead  1.0e-04 0 1 1 0     NFW      359.9993   0.0008     -1.928 0.137 170   2.17   54.1       -594.6805       -1171.317   241 359.9993   0.0008     -1.928 0.137 170   2.07    0.049
2018-05-05-16:58:23 1.11  Mocks_Em/MockNFW40ellip5loga2.08PA50center0With_background20num35.dat Nelder-Mead  1.0e-04 0 1 1 0     NFW      359.9994   0.0004     -1.928 0.170  33   2.00   45.9       -489.3231       -960.6027   241 359.9994   0.0004     -1.858 0.170  32   2.00    0.046
2018-05-05-16:58:23 1.11  Mocks_Em/MockNFW40ellip5loga2.08PA50center0With_background20num36.dat Nelder-Mead  1.0e-04 0 1 1 0     NFW      359.9992  -0.0001     -1.950 0.040 159   2.13   45.6       -522.3628       -1026.682   241 359.9992  -0.0001     -1.950 0.040 159   2.03    0.050
2018-05-05-16:58:23 1.11  Mocks_Em/MockNFW40ellip5loga2.08PA50center0With_background20num37.dat Nelder-Mead  1.0e-04 0 1 1 0     NFW      359.9989  -0.0012     -1.936 0.146 165   2.09   50.6       -577.0473       -1136.051   241 359.9989  -0.0012     -1.888 0.146 165   2.04    0.047
2018-05-05-16:58:23 1.11  Mocks_Em/MockNFW40ellip5loga2.08PA50center0With_background20num38.dat Nelder-Mead  1.0e-04 0 1 1 0     NFW      359.9997   0.0004     -2.016 0.118 149   2.07   41.5       -564.0988       -1110.154   241 359.9997   0.0004     -1.924 0.118 149   2.07    0.049
2018-05-05-16:58:23 1.11  Mocks_Em/MockNFW40ellip5loga2.08PA50center0With_background20num39.dat Nelder-Mead  1.0e-04 0 1 1 0     NFW      359.9999   0.0002     -1.939 0.068  18   2.10   53.8        -573.304       -1128.565   241 359.9999   0.0002     -1.939 0.068  17   2.10    0.050
2018-05-05-16:58:23 1.11  Mocks_Em/MockNFW40ellip5loga2.08PA50center0With_background20num40.dat Nelder-Mead  1.0e-04 0 1 1 0     NFW        0.0004  -0.0001     -1.973 0.185 156   2.19   47.1       -544.1574       -1070.271   241   0.0004  -0.0001     -1.973 0.185 156   2.08    0.050
2018-05-05-16:58:23 1.11  Mocks_Em/MockNFW40ellip5loga2.08PA50center0With_background20num41.dat Nelder-Mead  1.0e-04 0 1 1 0     NFW      360.0000  -0.0006     -1.996 0.083 161   2.19   46.4       -597.8812       -1177.719   241 360.0000  -0.0006     -1.996 0.083 161   2.09    0.049
2018-05-05-16:58:23 1.11  Mocks_Em/MockNFW40ellip5loga2.08PA50center0With_background20num42.dat Nelder-Mead  1.0e-04 0 1 1 0     NFW      359.9988   0.0017     -1.922 0.032 152   2.05   52.6       -563.5313       -1109.019   241 359.9988   0.0017     -1.922 0.032 145   2.05    0.048
2018-05-05-16:58:23 1.11  Mocks_Em/MockNFW40ellip5loga2.08PA50center0With_background20num43.dat Nelder-Mead  1.0e-04 0 1 1 0     NFW        0.0011  -0.0002     -2.041 0.118 136   2.05   37.3       -542.4609       -1066.878   241   0.0011  -0.0002     -1.944 0.118 136   2.05    0.050
2018-05-05-16:58:23 1.11  Mocks_Em/MockNFW40ellip5loga2.08PA50center0With_background20num44.dat Nelder-Mead  1.0e-04 0 1 1 0     NFW      359.9994   0.0007     -1.934 0.219  14   2.07   52.8       -577.0126       -1135.982   241 359.9994   0.0007     -1.934 0.219  14   2.07    0.052
2018-05-05-16:58:23 1.11  Mocks_Em/MockNFW40ellip5loga2.08PA50center0With_background20num45.dat Nelder-Mead  1.0e-04 0 1 1 0     NFW      359.9997   0.0004     -1.927 0.168  42   2.08   54.1       -563.7177       -1109.392   241 359.9997   0.0004     -1.927 0.160  42   2.08    0.053
2018-05-05-16:58:23 1.11  Mocks_Em/MockNFW40ellip5loga2.08PA50center0With_background20num46.dat Nelder-Mead  1.0e-04 0 1 1 0     NFW      359.9979   0.0002     -2.033 0.215  25   2.01   37.5       -575.8613       -1133.679   241 359.9979   0.0002     -1.944 0.215  25   2.00    0.052
2018-05-05-16:58:23 1.11  Mocks_Em/MockNFW40ellip5loga2.08PA50center0With_background20num47.dat Nelder-Mead  1.0e-04 0 1 1 0     NFW      359.9993   0.0001     -1.974 0.088 176   2.07   46.0       -536.4421       -1054.841   241 359.9993   0.0001     -1.926 0.088 172   2.07    0.048
2018-05-05-16:58:23 1.11  Mocks_Em/MockNFW40ellip5loga2.08PA50center0With_background20num48.dat Nelder-Mead  1.0e-04 0 1 1 0     NFW        0.0005  -0.0001     -1.922 0.089  24   2.07   54.3       -567.2743       -1116.505   241   0.0005  -0.0001     -1.922 0.089  23   2.07    0.050
2018-05-05-16:58:23 1.11  Mocks_Em/MockNFW40ellip5loga2.08PA50center0With_background20num49.dat Nelder-Mead  1.0e-04 0 1 1 0     NFW        0.0022  -0.0010     -1.930 0.159 146   1.99   49.0       -587.4087       -1156.774   241   0.0022  -0.0010     -1.930 0.159 139   1.99    0.049
2018-05-05-16:58:23 1.11  Mocks_Em/MockNFW40ellip5loga2.08PA50center0With_background20num50.dat Nelder-Mead  1.0e-04 0 1 1 0     NFW        0.0012   0.0018     -1.866 0.204  44   2.00   58.9       -585.0291       -1152.015   241   0.0012   0.0018     -1.866 0.194  44   2.00    0.049
2018-05-05-16:58:23 1.11  Mocks_Em/MockNFW40ellip5loga2.08PA50center0With_background20num51.dat Nelder-Mead  1.0e-04 0 1 1 0     NFW      359.9995  -0.0003     -1.937 0.234  28   2.05   50.5       -560.2276       -1102.412   241 359.9995  -0.0003     -1.890 0.234  28   2.05    0.048
2018-05-05-16:58:23 1.11  Mocks_Em/MockNFW40ellip5loga2.08PA50center0With_background20num52.dat Nelder-Mead  1.0e-04 0 1 1 0     NFW      359.9985   0.0001     -1.918 0.324 143   2.01   49.3       -529.0955       -1040.148   241 359.9985   0.0001     -1.872 0.324 139   2.01    0.048
2018-05-05-16:58:23 1.11  Mocks_Em/MockNFW40ellip5loga2.08PA50center0With_background20num53.dat Nelder-Mead  1.0e-04 0 1 1 0     NFW      359.9991   0.0003     -1.924 0.071 179   2.06   48.9       -520.4083       -1022.773   241 359.9991   0.0003     -1.877 0.071 178   2.02    0.047
2018-05-05-16:58:23 1.11  Mocks_Em/MockNFW40ellip5loga2.08PA50center0With_background20num54.dat Nelder-Mead  1.0e-04 0 1 1 0     NFW        0.0001  -0.0002     -1.964 0.050  12   2.12   47.4       -545.7055       -1073.367   241   0.0001  -0.0002     -1.916 0.050  12   2.07    0.048
2018-05-05-16:58:23 1.11  Mocks_Em/MockNFW40ellip5loga2.08PA50center0With_background20num55.dat Nelder-Mead  1.0e-04 0 1 1 0     NFW        0.0004   0.0001     -1.944 0.133  33   2.01   43.6       -474.0642       -930.0849   241   0.0004   0.0001     -1.873 0.133  32   2.01    0.047
2018-05-05-16:58:23 1.11  Mocks_Em/MockNFW40ellip5loga2.08PA50center0With_background20num56.dat Nelder-Mead  1.0e-04 0 1 1 0     NFW      359.9994   0.0001     -1.949 0.096  25   2.04   46.0       -503.9167         -989.79   241 359.9994   0.0001     -1.901 0.096  24   2.04    0.048
2018-05-05-16:58:23 1.11  Mocks_Em/MockNFW40ellip5loga2.08PA50center0With_background20num57.dat Nelder-Mead  1.0e-04 0 1 1 0     NFW      359.9983   0.0001     -1.909 0.176  41   2.01   50.4       -532.6158       -1047.188   241 359.9983   0.0001     -1.909 0.176  39   2.01    0.050
2018-05-05-16:58:23 1.11  Mocks_Em/MockNFW40ellip5loga2.08PA50center0With_background20num58.dat Nelder-Mead  1.0e-04 0 1 1 0     NFW        0.0009  -0.0011     -1.907 0.175   1   2.08   52.6       -540.7446       -1063.446   241   0.0009  -0.0011     -1.860 0.175   1   2.03    0.047
2018-05-05-16:58:23 1.11  Mocks_Em/MockNFW40ellip5loga2.08PA50center0With_background20num59.dat Nelder-Mead  1.0e-04 0 1 1 0     NFW        0.0008   0.0003     -1.927 0.162 157   2.08   47.8       -503.1292       -988.2149   241   0.0008   0.0003     -1.880 0.162 157   2.03    0.048
2018-05-05-16:58:23 1.11  Mocks_Em/MockNFW40ellip5loga2.08PA50center0With_background20num60.dat Nelder-Mead  1.0e-04 0 1 1 0     NFW        0.0007   0.0001     -1.921 0.143   4   2.00   46.3       -481.5139       -944.9844   241   0.0007   0.0001     -1.874 0.140   4   2.00    0.048
2018-05-05-16:58:23 1.11  Mocks_Em/MockNFW40ellip5loga2.08PA50center0With_background20num61.dat Nelder-Mead  1.0e-04 0 1 1 0     NFW      359.9993  -0.0012     -1.929 0.135  17   2.01   49.0        -547.906       -1077.769   241 359.9993  -0.0012     -1.882 0.135  16   2.01    0.047
2018-05-05-16:58:23 1.11  Mocks_Em/MockNFW40ellip5loga2.08PA50center0With_background20num62.dat Nelder-Mead  1.0e-04 0 1 1 0     NFW      359.9984   0.0012     -1.920 0.108 136   2.13   53.5       -607.4133       -1196.783   241 359.9984   0.0012     -1.920 0.108 136   2.03    0.049
2018-05-05-16:58:23 1.11  Mocks_Em/MockNFW40ellip5loga2.08PA50center0With_background20num63.dat Nelder-Mead  1.0e-04 0 1 1 0     NFW      359.9993  -0.0008     -1.916 0.206 142   2.03   51.3       -538.1759       -1058.308   241 359.9993  -0.0008     -1.916 0.206 135   2.03    0.048
2018-05-05-16:58:23 1.11  Mocks_Em/MockNFW40ellip5loga2.08PA50center0With_background20num64.dat Nelder-Mead  1.0e-04 0 1 1 0     NFW      359.9988  -0.0001     -1.905 0.198 148   2.07   57.4       -588.0662       -1158.089   241 359.9988  -0.0001     -1.905 0.198 141   2.07    0.050
2018-05-05-16:58:23 1.11  Mocks_Em/MockNFW40ellip5loga2.08PA50center0With_background20num65.dat Nelder-Mead  1.0e-04 0 1 1 0     NFW        0.0006  -0.0000     -2.000 0.123  32   2.05   41.9       -547.7016        -1077.36   241   0.0006  -0.0000     -1.958 0.123  31   2.05    0.050
2018-05-05-16:58:23 1.11  Mocks_Em/MockNFW40ellip5loga2.08PA50center0With_background20num66.dat Nelder-Mead  1.0e-04 0 1 1 0     NFW      359.9997  -0.0008     -1.910 0.148   4   2.02   50.8       -527.6122       -1037.181   241 359.9997  -0.0008     -1.863 0.148   4   2.02    0.047
2018-05-05-16:58:23 1.11  Mocks_Em/MockNFW40ellip5loga2.08PA50center0With_background20num67.dat Nelder-Mead  1.0e-04 0 1 1 0     NFW      359.9991   0.0008     -1.893 0.010 143   2.13   55.7       -563.5361       -1109.029   241 359.9991   0.0008     -1.893 0.010 143   2.03    0.049
2018-05-05-16:58:23 1.11  Mocks_Em/MockNFW40ellip5loga2.08PA50center0With_background20num68.dat Nelder-Mead  1.0e-04 0 1 1 0     NFW      359.9998  -0.0004     -1.909 0.164  38   2.07   50.6       -514.4353       -1010.827   241 359.9998  -0.0004     -1.862 0.164  38   2.02    0.047
2018-05-05-16:58:23 1.11  Mocks_Em/MockNFW40ellip5loga2.08PA50center0With_background20num69.dat Nelder-Mead  1.0e-04 0 1 1 0     NFW      359.9988  -0.0019     -2.025 0.023  26   2.05   40.8       -588.8753       -1159.707   241 359.9988  -0.0019     -1.974 0.023  25   2.05    0.048
2018-05-05-16:58:23 1.11  Mocks_Em/MockNFW40ellip5loga2.08PA50center0With_background20num70.dat Nelder-Mead  1.0e-04 0 1 1 0     NFW        0.0019  -0.0005     -1.912 0.107  43   2.04   52.9       -557.5707       -1097.098   241   0.0019  -0.0005     -1.865 0.107  42   2.04    0.048
2018-05-05-16:58:23 1.11  Mocks_Em/MockNFW40ellip5loga2.08PA50center0With_background20num71.dat Nelder-Mead  1.0e-04 0 1 1 0     NFW        0.0015   0.0004     -1.923 0.068  20   2.13   51.4       -573.3992       -1128.755   241   0.0015   0.0004     -1.923 0.068  20   2.03    0.049
2018-05-05-16:58:23 1.11  Mocks_Em/MockNFW40ellip5loga2.08PA50center0With_background20num72.dat Nelder-Mead  1.0e-04 0 1 1 0     NFW        0.0000   0.0002     -1.946 0.083 173   2.01   40.6       -426.5688       -835.0941   241   0.0000   0.0002     -1.865 0.083 173   1.99    0.045
2018-05-05-16:58:23 1.11  Mocks_Em/MockNFW40ellip5loga2.08PA50center0With_background20num73.dat Nelder-Mead  1.0e-04 0 1 1 0     NFW      359.9999   0.0002     -1.948 0.313  31   2.06   48.8       -549.0046       -1079.966   241 359.9999   0.0002     -1.900 0.313  30   2.06    0.048
2018-05-05-16:58:23 1.11  Mocks_Em/MockNFW40ellip5loga2.08PA50center0With_background20num74.dat Nelder-Mead  1.0e-04 0 1 1 0     NFW      359.9989   0.0001     -2.016 0.071 178   2.07   43.4       -611.5701       -1205.097   241 359.9989   0.0001     -2.016 0.071 169   2.07    0.050
2018-05-05-16:58:23 1.11  Mocks_Em/MockNFW40ellip5loga2.08PA50center0With_background20num75.dat Nelder-Mead  1.0e-04 0 1 1 0     NFW      359.9996   0.0004     -1.944 0.186  27   2.03   45.6       -495.3392        -972.635   241 359.9996   0.0004     -1.897 0.186  27   2.03    0.047
2018-05-05-16:58:23 1.11  Mocks_Em/MockNFW40ellip5loga2.08PA50center0With_background20num76.dat Nelder-Mead  1.0e-04 0 1 1 0     NFW      359.9993   0.0005     -1.962 0.120 144   2.07   47.6       -536.5798       -1055.116   241 359.9993   0.0005     -1.962 0.115 144   2.07    0.049
2018-05-05-16:58:23 1.11  Mocks_Em/MockNFW40ellip5loga2.08PA50center0With_background20num77.dat Nelder-Mead  1.0e-04 0 1 1 0     NFW      359.9998  -0.0002     -1.935 0.110 174   2.00   43.3       -457.4349       -896.8263   241 359.9998  -0.0002     -1.888 0.110 169   2.00    0.047
2018-05-05-16:58:23 1.11  Mocks_Em/MockNFW40ellip5loga2.08PA50center0With_background20num78.dat Nelder-Mead  1.0e-04 0 1 1 0     NFW      359.9995   0.0018     -1.889 0.050  43   2.15   59.2       -602.1883       -1186.333   241 359.9995   0.0018     -1.889 0.050  43   2.04    0.049
2018-05-05-16:58:23 1.11  Mocks_Em/MockNFW40ellip5loga2.08PA50center0With_background20num79.dat Nelder-Mead  1.0e-04 0 1 1 0     NFW      359.9993   0.0005     -1.973 0.231  33   2.03   44.3       -556.0391       -1094.035   241 359.9993   0.0005     -1.973 0.231  32   2.03    0.049
2018-05-05-16:58:23 1.11  Mocks_Em/MockNFW40ellip5loga2.08PA50center0With_background20num80.dat Nelder-Mead  1.0e-04 0 1 1 0     NFW      359.9997   0.0007     -1.921 0.061 156   2.05   52.4       -547.6353       -1077.227   241 359.9997   0.0007     -1.921 0.061 149   2.05    0.049
2018-05-05-16:58:23 1.11  Mocks_Em/MockNFW40ellip5loga2.08PA50center0With_background20num81.dat Nelder-Mead  1.0e-04 0 1 1 0     NFW        0.0001   0.0002     -1.950 0.227 177   2.08   50.4       -562.5878       -1107.132   241   0.0001   0.0002     -1.950 0.227 169   2.08    0.049
2018-05-05-16:58:23 1.11  Mocks_Em/MockNFW40ellip5loga2.08PA50center0With_background20num82.dat Nelder-Mead  1.0e-04 0 1 1 0     NFW        0.0002   0.0005     -1.931 0.090 161   2.07   51.3       -536.8821       -1055.721   241   0.0002   0.0005     -1.931 0.090 154   2.07    0.049
2018-05-05-16:58:23 1.11  Mocks_Em/MockNFW40ellip5loga2.08PA50center0With_background20num83.dat Nelder-Mead  1.0e-04 0 1 1 0     NFW        0.0008   0.0006     -1.916 0.218  26   2.00   47.4        -497.285       -976.5265   241   0.0008   0.0006     -1.869 0.218  25   2.00    0.047
2018-05-05-16:58:23 1.11  Mocks_Em/MockNFW40ellip5loga2.08PA50center0With_background20num84.dat Nelder-Mead  1.0e-04 0 1 1 0     NFW        0.0002  -0.0004     -1.958 0.136  38   2.05   46.7       -529.5752       -1041.107   241   0.0002  -0.0004     -1.910 0.132  38   2.05    0.048
2018-05-05-16:58:23 1.11  Mocks_Em/MockNFW40ellip5loga2.08PA50center0With_background20num85.dat Nelder-Mead  1.0e-04 0 1 1 0     NFW      359.9987   0.0004     -1.916 0.140 139   2.04   51.9        -539.694       -1061.345   241 359.9987   0.0004     -1.869 0.140 135   2.04    0.048
2018-05-05-16:58:23 1.11  Mocks_Em/MockNFW40ellip5loga2.08PA50center0With_background20num86.dat Nelder-Mead  1.0e-04 0 1 1 0     NFW      359.9999   0.0011     -1.906 0.137  21   2.01   50.4       -521.2776       -1024.512   241 359.9999   0.0011     -1.906 0.137  20   2.01    0.048
2018-05-05-16:58:23 1.11  Mocks_Em/MockNFW40ellip5loga2.08PA50center0With_background20num87.dat Nelder-Mead  1.0e-04 0 1 1 0     NFW        0.0001   0.0003     -1.942 0.071  25   2.03   45.4       -493.9952        -969.947   241   0.0001   0.0003     -1.942 0.068  25   2.03    0.049
2018-05-05-16:58:23 1.11  Mocks_Em/MockNFW40ellip5loga2.08PA50center0With_background20num88.dat Nelder-Mead  1.0e-04 0 1 1 0     NFW        0.0012   0.0006     -1.922 0.147  41   2.02   50.1       -550.3949       -1082.746   241   0.0012   0.0006     -1.875 0.147  40   2.02    0.048
2018-05-05-16:58:23 1.11  Mocks_Em/MockNFW40ellip5loga2.08PA50center0With_background20num89.dat Nelder-Mead  1.0e-04 0 1 1 0     NFW      359.9998  -0.0003     -1.961 0.106 152   2.09   48.2       -533.8471       -1049.651   241 359.9998  -0.0003     -1.961 0.106 145   2.09    0.050
2018-05-05-16:58:23 1.11  Mocks_Em/MockNFW40ellip5loga2.08PA50center0With_background20num90.dat Nelder-Mead  1.0e-04 0 1 1 0     NFW      359.9987   0.0001     -1.933 0.059 162   2.01   47.5       -532.0309       -1046.018   241 359.9987   0.0001     -1.886 0.059 158   2.01    0.048
2018-05-05-16:58:23 1.11  Mocks_Em/MockNFW40ellip5loga2.08PA50center0With_background20num91.dat Nelder-Mead  1.0e-04 0 1 1 0     NFW        0.0002  -0.0014     -1.899 0.140  21   2.02   53.7       -561.0079       -1103.972   241   0.0002  -0.0014     -1.899 0.140  20   2.02    0.049
2018-05-05-16:58:23 1.11  Mocks_Em/MockNFW40ellip5loga2.08PA50center0With_background20num92.dat Nelder-Mead  1.0e-04 0 1 1 0     NFW      359.9990   0.0010     -1.918 0.269  36   2.05   54.0        -582.625       -1147.207   241 359.9990   0.0010     -1.918 0.269  34   2.05    0.049
2018-05-05-16:58:23 1.11  Mocks_Em/MockNFW40ellip5loga2.08PA50center0With_background20num93.dat Nelder-Mead  1.0e-04 0 1 1 0     NFW        0.0001  -0.0015     -1.925 0.086   8   2.08   50.5       -546.9321       -1075.821   241   0.0001  -0.0015     -1.878 0.086   8   2.03    0.047
2018-05-05-16:58:23 1.11  Mocks_Em/MockNFW40ellip5loga2.08PA50center0With_background20num94.dat Nelder-Mead  1.0e-04 0 1 1 0     NFW        0.0002  -0.0002     -1.930 0.134 170   2.00   44.8       -475.7346       -933.4258   241   0.0002  -0.0002     -1.883 0.134 166   2.00    0.048
2018-05-05-16:58:23 1.11  Mocks_Em/MockNFW40ellip5loga2.08PA50center0With_background20num95.dat Nelder-Mead  1.0e-04 0 1 1 0     NFW      359.9986   0.0004     -1.926 0.094 153   2.01   49.3        -552.493       -1086.943   241 359.9986   0.0004     -1.926 0.094 146   2.01    0.049
2018-05-05-16:58:23 1.11  Mocks_Em/MockNFW40ellip5loga2.08PA50center0With_background20num96.dat Nelder-Mead  1.0e-04 0 1 1 0     NFW        0.0007  -0.0001     -1.949 0.114 180   2.14   47.1       -535.5398       -1053.036   241   0.0007  -0.0001     -1.949 0.114 179   2.04    0.048
2018-05-05-16:58:23 1.11  Mocks_Em/MockNFW40ellip5loga2.08PA50center0With_background20num97.dat Nelder-Mead  1.0e-04 0 1 1 0     NFW      359.9997  -0.0003     -1.936 0.266 150   2.04   48.4       -520.5482       -1023.053   241 359.9997  -0.0003     -1.889 0.266 146   2.04    0.048
2018-05-05-16:58:23 1.11  Mocks_Em/MockNFW40ellip5loga2.08PA50center0With_background20num98.dat Nelder-Mead  1.0e-04 0 1 1 0     NFW      359.9992   0.0002     -1.917 0.089  13   1.98   45.8        -479.681       -941.3185   241 359.9992   0.0002     -1.848 0.089  13   1.98    0.046
2018-05-05-16:58:23 1.11  Mocks_Em/MockNFW40ellip5loga2.08PA50center0With_background20num99.dat Nelder-Mead  1.0e-04 0 1 1 0     NFW      359.9993   0.0005     -1.918 0.132  28   2.01   48.2       -502.4506       -986.8578   241 359.9993   0.0005     -1.918 0.132  27   2.01    0.049
