2018-05-05-16:56:47 1.11  Mocks_Em/MockNFW640ellip5loga2.08PA50center0With_background20num0.dat Nelder-Mead  1.0e-04 0 1 1 0     NFW        0.0003   0.0001     -2.127 0.139  32   2.95  243.7       -4434.726       -8843.299   241   0.0003   0.0001     -2.025 0.139  32   2.95    0.108
2018-05-05-16:56:47 1.11  Mocks_Em/MockNFW640ellip5loga2.08PA50center0With_background20num1.dat Nelder-Mead  1.0e-04 0 1 1 0     NFW        0.0000   0.0003     -2.129 0.184  37   2.97  249.5       -4520.912       -9015.671   241   0.0000   0.0003     -2.027 0.184  37   2.97    0.080
2018-05-05-16:56:47 1.11  Mocks_Em/MockNFW640ellip5loga2.08PA50center0With_background20num2.dat Nelder-Mead  1.0e-04 0 1 1 0     NFW      359.9998  -0.0001     -1.983 0.229  37   2.97  362.6       -4474.329       -8922.505   241 359.9998  -0.0001     -1.983 0.218  37   2.97    0.077
2018-05-05-16:56:47 1.11  Mocks_Em/MockNFW640ellip5loga2.08PA50center0With_background20num3.dat Nelder-Mead  1.0e-04 0 1 1 0     NFW        0.0001  -0.0001     -2.127 0.214  37   2.97  250.5       -4490.223       -8954.294   241   0.0001  -0.0001     -2.026 0.214  37   2.97    0.073
2018-05-05-16:56:47 1.11  Mocks_Em/MockNFW640ellip5loga2.08PA50center0With_background20num4.dat Nelder-Mead  1.0e-04 0 1 1 0     NFW        0.0002  -0.0002     -2.105 0.206  34   2.97  267.5       -4589.905       -9153.658   241   0.0002  -0.0002     -2.005 0.206  34   2.97    0.070
2018-05-05-16:56:47 1.11  Mocks_Em/MockNFW640ellip5loga2.08PA50center0With_background20num5.dat Nelder-Mead  1.0e-04 0 1 1 0     NFW        0.0000   0.0000     -2.107 0.168  31   2.95  252.3       -4311.344       -8596.536   241   0.0000   0.0000     -2.007 0.168  31   2.95    0.070
2018-05-05-16:56:47 1.11  Mocks_Em/MockNFW640ellip5loga2.08PA50center0With_background20num6.dat Nelder-Mead  1.0e-04 0 1 1 0     NFW        0.0000  -0.0001     -2.098 0.179  37   2.98  270.7       -4481.608       -8937.064   241   0.0000  -0.0001     -1.999 0.179  37   2.98    0.071
2018-05-05-16:56:47 1.11  Mocks_Em/MockNFW640ellip5loga2.08PA50center0With_background20num7.dat Nelder-Mead  1.0e-04 0 1 1 0     NFW        0.0001  -0.0001     -2.125 0.214  43   2.97  252.5       -4511.279       -8996.406   241   0.0001  -0.0001     -2.024 0.214  43   2.97    0.071
2018-05-05-16:56:47 1.11  Mocks_Em/MockNFW640ellip5loga2.08PA50center0With_background20num8.dat Nelder-Mead  1.0e-04 0 1 1 0     NFW        0.0001   0.0001     -2.068 0.156  39   2.96  280.9       -4360.999       -8695.846   241   0.0001   0.0001     -1.970 0.156  39   2.96    0.071
2018-05-05-16:56:47 1.11  Mocks_Em/MockNFW640ellip5loga2.08PA50center0With_background20num9.dat Nelder-Mead  1.0e-04 0 1 1 0     NFW        0.0001   0.0001     -2.097 0.266  37   2.97  268.9       -4491.269       -8956.385   241   0.0001   0.0001     -1.998 0.266  37   2.97    0.070
2018-05-05-16:56:47 1.11  Mocks_Em/MockNFW640ellip5loga2.08PA50center0With_background20num10.dat Nelder-Mead  1.0e-04 0 1 1 0     NFW      359.9999  -0.0000     -2.094 0.209  40   2.96  264.9        -4358.91       -8691.668   241 359.9999  -0.0000     -1.994 0.209  40   2.96    0.070
2018-05-05-16:56:47 1.11  Mocks_Em/MockNFW640ellip5loga2.08PA50center0With_background20num11.dat Nelder-Mead  1.0e-04 0 1 1 0     NFW      359.9997   0.0001     -2.079 0.160 136   2.96  275.8       -4400.537       -8774.922   241 359.9997   0.0001     -1.980 0.160 136   2.96    0.070
2018-05-05-16:56:47 1.11  Mocks_Em/MockNFW640ellip5loga2.08PA50center0With_background20num12.dat Nelder-Mead  1.0e-04 0 1 1 0     NFW        0.0001   0.0001     -2.081 0.177 135   2.96  273.9       -4391.197       -8756.241   241   0.0001   0.0001     -1.982 0.177 135   2.96    0.070
2018-05-05-16:56:47 1.11  Mocks_Em/MockNFW640ellip5loga2.08PA50center0With_background20num13.dat Nelder-Mead  1.0e-04 0 1 1 0     NFW      359.9998  -0.0002     -2.083 0.137  33   2.96  270.9       -4370.462       -8714.771   241 359.9998  -0.0002     -1.984 0.137  33   2.96    0.070
2018-05-05-16:56:47 1.11  Mocks_Em/MockNFW640ellip5loga2.08PA50center0With_background20num14.dat Nelder-Mead  1.0e-04 0 1 1 0     NFW      359.9999  -0.0001     -2.121 0.200  39   2.97  254.1       -4539.634       -9053.116   241 359.9999  -0.0001     -2.020 0.200  39   2.97    0.071
2018-05-05-16:56:47 1.11  Mocks_Em/MockNFW640ellip5loga2.08PA50center0With_background20num15.dat Nelder-Mead  1.0e-04 0 1 1 0     NFW        0.0001   0.0001     -2.116 0.233  43   2.97  257.2       -4519.269       -9012.386   241   0.0001   0.0001     -2.015 0.233  43   2.97    0.070
2018-05-05-16:56:47 1.11  Mocks_Em/MockNFW640ellip5loga2.08PA50center0With_background20num16.dat Nelder-Mead  1.0e-04 0 1 1 0     NFW      360.0000  -0.0002     -2.029 0.167 150   2.96  310.0       -4359.608       -8693.063   241 360.0000  -0.0002     -1.991 0.167 146   2.96    0.070
2018-05-05-16:56:47 1.11  Mocks_Em/MockNFW640ellip5loga2.08PA50center0With_background20num17.dat Nelder-Mead  1.0e-04 0 1 1 0     NFW        0.0001  -0.0004     -2.112 0.215  40   2.97  257.4       -4450.749       -8875.346   241   0.0001  -0.0004     -2.012 0.215  40   2.97    0.069
2018-05-05-16:56:47 1.11  Mocks_Em/MockNFW640ellip5loga2.08PA50center0With_background20num18.dat Nelder-Mead  1.0e-04 0 1 1 0     NFW        0.0002   0.0002     -2.102 0.187  42   2.96  263.3       -4471.463       -8916.774   241   0.0002   0.0002     -2.002 0.187  42   2.96    0.072
2018-05-05-16:56:47 1.11  Mocks_Em/MockNFW640ellip5loga2.08PA50center0With_background20num19.dat Nelder-Mead  1.0e-04 0 1 1 0     NFW      359.9999   0.0002     -2.116 0.159  33   2.98  259.2       -4501.211        -8976.27   241 359.9999   0.0002     -2.015 0.159  33   2.98    0.070
2018-05-05-16:56:47 1.11  Mocks_Em/MockNFW640ellip5loga2.08PA50center0With_background20num20.dat Nelder-Mead  1.0e-04 0 1 1 0     NFW        0.0006  -0.0001     -2.077 0.120  39   2.95  273.3       -4396.792       -8767.432   241   0.0006  -0.0001     -1.979 0.120  39   2.95    0.070
2018-05-05-16:56:47 1.11  Mocks_Em/MockNFW640ellip5loga2.08PA50center0With_background20num21.dat Nelder-Mead  1.0e-04 0 1 1 0     NFW        0.0003  -0.0004     -2.045 0.225  33   2.96  306.2        -4554.22       -9082.287   241   0.0003  -0.0004     -2.006 0.225  32   2.96    0.070
2018-05-05-16:56:47 1.11  Mocks_Em/MockNFW640ellip5loga2.08PA50center0With_background20num22.dat Nelder-Mead  1.0e-04 0 1 1 0     NFW      360.0000  -0.0001     -2.105 0.226  40   2.98  269.1       -4575.597       -9125.042   241 360.0000  -0.0001     -2.005 0.226  40   2.98    0.071
2018-05-05-16:56:47 1.11  Mocks_Em/MockNFW640ellip5loga2.08PA50center0With_background20num23.dat Nelder-Mead  1.0e-04 0 1 1 0     NFW      359.9999  -0.0001     -2.092 0.212  39   2.97  271.2       -4458.652       -8891.152   241 359.9999  -0.0001     -1.994 0.211  39   2.97    0.072
2018-05-05-16:56:47 1.11  Mocks_Em/MockNFW640ellip5loga2.08PA50center0With_background20num24.dat Nelder-Mead  1.0e-04 0 1 1 0     NFW      359.9997   0.0004     -2.124 0.141  44   2.96  252.9       -4578.242       -9130.331   241 359.9997   0.0004     -2.023 0.141  44   2.96    0.071
2018-05-05-16:56:47 1.11  Mocks_Em/MockNFW640ellip5loga2.08PA50center0With_background20num25.dat Nelder-Mead  1.0e-04 0 1 1 0     NFW        0.0004  -0.0000     -2.123 0.197  34   2.96  252.5       -4569.073       -9111.994   241   0.0004  -0.0000     -2.022 0.197  34   2.96    0.071
2018-05-05-16:56:47 1.11  Mocks_Em/MockNFW640ellip5loga2.08PA50center0With_background20num26.dat Nelder-Mead  1.0e-04 0 1 1 0     NFW      359.9999  -0.0003     -2.110 0.211  37   2.97  263.7       -4562.751        -9099.35   241 359.9999  -0.0003     -2.010 0.211  37   2.97    0.070
2018-05-05-16:56:47 1.11  Mocks_Em/MockNFW640ellip5loga2.08PA50center0With_background20num27.dat Nelder-Mead  1.0e-04 0 1 1 0     NFW        0.0004  -0.0002     -2.074 0.172  35   2.97  284.8       -4482.766       -8939.379   241   0.0004  -0.0002     -2.002 0.172  34   2.97    0.070
2018-05-05-16:56:47 1.11  Mocks_Em/MockNFW640ellip5loga2.08PA50center0With_background20num28.dat Nelder-Mead  1.0e-04 0 1 1 0     NFW        0.0001   0.0001     -2.018 0.206  37   2.98  333.8       -4523.318       -9020.484   241   0.0001   0.0001     -2.013 0.200  37   2.98    0.070
2018-05-05-16:56:47 1.11  Mocks_Em/MockNFW640ellip5loga2.08PA50center0With_background20num29.dat Nelder-Mead  1.0e-04 0 1 1 0     NFW      359.9998   0.0002     -2.097 0.131  36   2.96  266.7       -4476.775       -8927.397   241 359.9998   0.0002     -1.997 0.131  36   2.96    0.070
2018-05-05-16:56:47 1.11  Mocks_Em/MockNFW640ellip5loga2.08PA50center0With_background20num30.dat Nelder-Mead  1.0e-04 0 1 1 0     NFW        0.0002   0.0004     -2.104 0.177  40   2.96  262.2       -4514.459       -9002.766   241   0.0002   0.0004     -2.004 0.177  40   2.96    0.070
2018-05-05-16:56:47 1.11  Mocks_Em/MockNFW640ellip5loga2.08PA50center0With_background20num31.dat Nelder-Mead  1.0e-04 0 1 1 0     NFW      359.9998   0.0003     -2.110 0.166  41   2.97  260.7       -4471.992       -8917.831   241 359.9998   0.0003     -2.013 0.165  41   2.97    0.071
2018-05-05-16:56:47 1.11  Mocks_Em/MockNFW640ellip5loga2.08PA50center0With_background20num32.dat Nelder-Mead  1.0e-04 0 1 1 0     NFW        0.0004  -0.0000     -2.112 0.194  36   2.98  266.1       -4621.927       -9217.702   241   0.0004  -0.0000     -2.012 0.194  36   2.98    0.072
2018-05-05-16:56:47 1.11  Mocks_Em/MockNFW640ellip5loga2.08PA50center0With_background20num33.dat Nelder-Mead  1.0e-04 0 1 1 0     NFW        0.0002   0.0002     -2.082 0.160  39   2.95  270.5       -4416.174       -8806.196   241   0.0002   0.0002     -1.983 0.160  39   2.95    0.070
2018-05-05-16:56:47 1.11  Mocks_Em/MockNFW640ellip5loga2.08PA50center0With_background20num34.dat Nelder-Mead  1.0e-04 0 1 1 0     NFW      359.9998  -0.0001     -2.106 0.186  40   2.95  255.3       -4393.403       -8760.654   241 359.9998  -0.0001     -2.006 0.186  40   2.95    0.070
2018-05-05-16:56:47 1.11  Mocks_Em/MockNFW640ellip5loga2.08PA50center0With_background20num35.dat Nelder-Mead  1.0e-04 0 1 1 0     NFW      360.0000  -0.0002     -2.084 0.190  34   2.96  272.3       -4396.703       -8767.253   241 360.0000  -0.0002     -1.985 0.190  34   2.96    0.070
2018-05-05-16:56:47 1.11  Mocks_Em/MockNFW640ellip5loga2.08PA50center0With_background20num36.dat Nelder-Mead  1.0e-04 0 1 1 0     NFW        0.0003   0.0005     -2.156 0.149  41   2.97  238.0       -4676.349       -9326.546   241   0.0003   0.0005     -2.053 0.149  41   2.97    0.069
2018-05-05-16:56:47 1.11  Mocks_Em/MockNFW640ellip5loga2.08PA50center0With_background20num37.dat Nelder-Mead  1.0e-04 0 1 1 0     NFW        0.0003  -0.0001     -2.109 0.157  38   2.95  254.7       -4413.148       -8800.144   241   0.0003  -0.0001     -2.009 0.157  38   2.95    0.070
2018-05-05-16:56:47 1.11  Mocks_Em/MockNFW640ellip5loga2.08PA50center0With_background20num38.dat Nelder-Mead  1.0e-04 0 1 1 0     NFW        0.0005  -0.0003     -2.112 0.173  32   2.96  256.4        -4443.19       -8860.228   241   0.0005  -0.0003     -2.011 0.173  32   2.96    0.070
2018-05-05-16:56:47 1.11  Mocks_Em/MockNFW640ellip5loga2.08PA50center0With_background20num39.dat Nelder-Mead  1.0e-04 0 1 1 0     NFW        0.0006   0.0000     -2.100 0.157  37   2.95  262.7        -4528.09       -9030.028   241   0.0006   0.0000     -2.000 0.157  37   2.95    0.072
2018-05-05-16:56:47 1.11  Mocks_Em/MockNFW640ellip5loga2.08PA50center0With_background20num40.dat Nelder-Mead  1.0e-04 0 1 1 0     NFW        0.0002   0.0002     -2.104 0.192  39   2.97  266.9       -4544.919       -9063.685   241   0.0002   0.0002     -2.009 0.192  39   2.97    0.069
2018-05-05-16:56:47 1.11  Mocks_Em/MockNFW640ellip5loga2.08PA50center0With_background20num41.dat Nelder-Mead  1.0e-04 0 1 1 0     NFW      359.9999   0.0001     -2.137 0.250  39   2.98  250.3       -4600.107       -9174.061   241 359.9999   0.0001     -2.035 0.250  39   2.98    0.071
2018-05-05-16:56:47 1.11  Mocks_Em/MockNFW640ellip5loga2.08PA50center0With_background20num42.dat Nelder-Mead  1.0e-04 0 1 1 0     NFW        0.0000   0.0003     -2.104 0.235  32   2.96  259.6       -4446.071        -8865.99   241   0.0000   0.0003     -2.004 0.235  32   2.96    0.070
2018-05-05-16:56:47 1.11  Mocks_Em/MockNFW640ellip5loga2.08PA50center0With_background20num43.dat Nelder-Mead  1.0e-04 0 1 1 0     NFW        0.0001   0.0000     -2.099 0.218  36   2.97  265.9       -4422.694       -8819.236   241   0.0001   0.0000     -1.999 0.218  36   2.97    0.072
2018-05-05-16:56:47 1.11  Mocks_Em/MockNFW640ellip5loga2.08PA50center0With_background20num44.dat Nelder-Mead  1.0e-04 0 1 1 0     NFW        0.0002   0.0001     -2.114 0.226  42   2.95  251.4        -4423.21       -8820.267   241   0.0002   0.0001     -2.014 0.226  42   2.95    0.070
2018-05-05-16:56:47 1.11  Mocks_Em/MockNFW640ellip5loga2.08PA50center0With_background20num45.dat Nelder-Mead  1.0e-04 0 1 1 0     NFW        0.0002   0.0003     -2.063 0.228  38   2.97  296.3       -4525.054       -9023.956   241   0.0002   0.0003     -1.997 0.224  38   2.97    0.070
2018-05-05-16:56:47 1.11  Mocks_Em/MockNFW640ellip5loga2.08PA50center0With_background20num46.dat Nelder-Mead  1.0e-04 0 1 1 0     NFW      359.9996  -0.0000     -2.101 0.168  33   2.96  267.0       -4532.559       -9038.965   241 359.9996  -0.0000     -2.013 0.168  33   2.96    0.073
2018-05-05-16:56:47 1.11  Mocks_Em/MockNFW640ellip5loga2.08PA50center0With_background20num47.dat Nelder-Mead  1.0e-04 0 1 1 0     NFW      359.9998  -0.0005     -2.103 0.208  38   2.94  258.2        -4472.09       -8918.028   241 359.9998  -0.0005     -2.003 0.208  38   2.94    0.070
2018-05-05-16:56:47 1.11  Mocks_Em/MockNFW640ellip5loga2.08PA50center0With_background20num48.dat Nelder-Mead  1.0e-04 0 1 1 0     NFW      359.9993  -0.0001     -2.127 0.154 136   2.95  243.4       -4423.572       -8820.991   241 359.9993  -0.0001     -2.029 0.154 136   2.95    0.072
2018-05-05-16:56:47 1.11  Mocks_Em/MockNFW640ellip5loga2.08PA50center0With_background20num49.dat Nelder-Mead  1.0e-04 0 1 1 0     NFW      360.0000  -0.0003     -2.106 0.175  39   2.97  264.1       -4508.355       -8990.557   241 360.0000  -0.0003     -2.006 0.175  39   2.97    0.070
2018-05-05-16:56:47 1.11  Mocks_Em/MockNFW640ellip5loga2.08PA50center0With_background20num50.dat Nelder-Mead  1.0e-04 0 1 1 0     NFW        0.0002  -0.0000     -2.124 0.150  39   2.97  253.1       -4507.911        -8989.67   241   0.0002  -0.0000     -2.023 0.150  39   2.97    0.073
2018-05-05-16:56:47 1.11  Mocks_Em/MockNFW640ellip5loga2.08PA50center0With_background20num51.dat Nelder-Mead  1.0e-04 0 1 1 0     NFW      360.0000  -0.0001     -2.066 0.224  39   2.94  271.6       -4182.941        -8339.73   241 360.0000  -0.0001     -1.968 0.224  39   2.94    0.070
2018-05-05-16:56:47 1.11  Mocks_Em/MockNFW640ellip5loga2.08PA50center0With_background20num52.dat Nelder-Mead  1.0e-04 0 1 1 0     NFW        0.0004  -0.0001     -2.060 0.205  35   2.96  295.0       -4530.073       -9033.993   241   0.0004  -0.0001     -2.013 0.205  34   2.96    0.073
2018-05-05-16:56:47 1.11  Mocks_Em/MockNFW640ellip5loga2.08PA50center0With_background20num53.dat Nelder-Mead  1.0e-04 0 1 1 0     NFW        0.0001  -0.0002     -2.122 0.188  40   2.96  245.8       -4355.436        -8684.72   241   0.0001  -0.0002     -2.020 0.188  40   2.96    0.070
2018-05-05-16:56:47 1.11  Mocks_Em/MockNFW640ellip5loga2.08PA50center0With_background20num54.dat Nelder-Mead  1.0e-04 0 1 1 0     NFW      360.0000   0.0000     -2.106 0.229  38   2.99  272.2       -4614.451        -9202.75   241 360.0000   0.0000     -2.005 0.229  38   2.99    0.071
2018-05-05-16:56:47 1.11  Mocks_Em/MockNFW640ellip5loga2.08PA50center0With_background20num55.dat Nelder-Mead  1.0e-04 0 1 1 0     NFW        0.0002   0.0002     -1.983 0.244  45   2.95  344.8       -4318.278       -8610.403   241   0.0002   0.0002     -1.964 0.234  45   2.95    0.074
2018-05-05-16:56:47 1.11  Mocks_Em/MockNFW640ellip5loga2.08PA50center0With_background20num56.dat Nelder-Mead  1.0e-04 0 1 1 0     NFW        0.0002   0.0003     -2.099 0.250  39   2.97  270.8       -4594.709       -9163.266   241   0.0002   0.0003     -2.018 0.248  39   2.97    0.073
2018-05-05-16:56:47 1.11  Mocks_Em/MockNFW640ellip5loga2.08PA50center0With_background20num57.dat Nelder-Mead  1.0e-04 0 1 1 0     NFW        0.0000   0.0001     -2.117 0.148  39   2.97  259.2       -4539.933       -9053.714   241   0.0000   0.0001     -2.016 0.148  39   2.97    0.075
2018-05-05-16:56:47 1.11  Mocks_Em/MockNFW640ellip5loga2.08PA50center0With_background20num58.dat Nelder-Mead  1.0e-04 0 1 1 0     NFW        0.0000  -0.0003     -2.128 0.184  44   2.98  257.5       -4667.894       -9309.635   241   0.0000  -0.0003     -2.026 0.184  44   2.98    0.074
2018-05-05-16:56:47 1.11  Mocks_Em/MockNFW640ellip5loga2.08PA50center0With_background20num59.dat Nelder-Mead  1.0e-04 0 1 1 0     NFW        0.0001  -0.0000     -2.102 0.195  35   2.97  265.6       -4475.724       -8925.296   241   0.0001  -0.0000     -2.002 0.195  35   2.97    0.072
2018-05-05-16:56:47 1.11  Mocks_Em/MockNFW640ellip5loga2.08PA50center0With_background20num60.dat Nelder-Mead  1.0e-04 0 1 1 0     NFW        0.0000  -0.0004     -2.137 0.128  41   2.97  246.6       -4542.442       -9058.732   241   0.0000  -0.0004     -2.036 0.128  41   2.97    0.070
2018-05-05-16:56:47 1.11  Mocks_Em/MockNFW640ellip5loga2.08PA50center0With_background20num61.dat Nelder-Mead  1.0e-04 0 1 1 0     NFW      359.9995  -0.0001     -2.127 0.231  42   2.96  252.5       -4650.615       -9275.078   241 359.9995  -0.0001     -2.026 0.231  42   2.96    0.070
2018-05-05-16:56:47 1.11  Mocks_Em/MockNFW640ellip5loga2.08PA50center0With_background20num62.dat Nelder-Mead  1.0e-04 0 1 1 0     NFW      359.9998   0.0001     -2.097 0.212  35   2.96  264.6       -4402.298       -8778.443   241 359.9998   0.0001     -1.997 0.212  35   2.96    0.072
2018-05-05-16:56:47 1.11  Mocks_Em/MockNFW640ellip5loga2.08PA50center0With_background20num63.dat Nelder-Mead  1.0e-04 0 1 1 0     NFW      359.9999   0.0002     -2.099 0.233  37   2.96  261.7       -4394.992       -8763.831   241 359.9999   0.0002     -1.999 0.233  37   2.96    0.072
2018-05-05-16:56:47 1.11  Mocks_Em/MockNFW640ellip5loga2.08PA50center0With_background20num64.dat Nelder-Mead  1.0e-04 0 1 1 0     NFW        0.0000  -0.0000     -2.110 0.196  41   2.96  257.3       -4438.617       -8851.081   241   0.0000  -0.0000     -2.009 0.196  41   2.96    0.074
2018-05-05-16:56:47 1.11  Mocks_Em/MockNFW640ellip5loga2.08PA50center0With_background20num65.dat Nelder-Mead  1.0e-04 0 1 1 0     NFW        0.0003  -0.0003     -2.109 0.212  35   2.97  266.7        -4628.15       -9230.148   241   0.0003  -0.0003     -2.015 0.211  35   2.97    0.073
2018-05-05-16:56:47 1.11  Mocks_Em/MockNFW640ellip5loga2.08PA50center0With_background20num66.dat Nelder-Mead  1.0e-04 0 1 1 0     NFW      359.9999  -0.0002     -2.151 0.186  40   2.98  242.9        -4645.44       -9264.727   241 359.9999  -0.0002     -2.048 0.186  40   2.98    0.072
2018-05-05-16:56:47 1.11  Mocks_Em/MockNFW640ellip5loga2.08PA50center0With_background20num67.dat Nelder-Mead  1.0e-04 0 1 1 0     NFW      359.9999   0.0002     -2.128 0.185  31   2.97  249.5       -4503.394       -8980.635   241 359.9999   0.0002     -2.026 0.185  31   2.97    0.075
2018-05-05-16:56:47 1.11  Mocks_Em/MockNFW640ellip5loga2.08PA50center0With_background20num68.dat Nelder-Mead  1.0e-04 0 1 1 0     NFW        0.0001   0.0000     -2.088 0.169  44   2.95  264.7       -4314.297       -8602.441   241   0.0001   0.0000     -1.988 0.169  44   2.95    0.077
2018-05-05-16:56:47 1.11  Mocks_Em/MockNFW640ellip5loga2.08PA50center0With_background20num69.dat Nelder-Mead  1.0e-04 0 1 1 0     NFW        0.0005  -0.0001     -2.126 0.177  40   2.97  254.8        -4572.73       -9119.307   241   0.0005  -0.0001     -2.024 0.177  40   2.97    0.071
2018-05-05-16:56:47 1.11  Mocks_Em/MockNFW640ellip5loga2.08PA50center0With_background20num70.dat Nelder-Mead  1.0e-04 0 1 1 0     NFW        0.0003   0.0000     -1.984 0.220  43   2.96  354.0       -4440.332       -8854.511   241   0.0003   0.0000     -1.984 0.210  43   2.96    0.074
2018-05-05-16:56:47 1.11  Mocks_Em/MockNFW640ellip5loga2.08PA50center0With_background20num71.dat Nelder-Mead  1.0e-04 0 1 1 0     NFW        0.0002   0.0000     -2.038 0.207  33   2.96  305.8       -4395.251       -8764.349   241   0.0002   0.0000     -1.991 0.207  32   2.96    0.072
2018-05-05-16:56:47 1.11  Mocks_Em/MockNFW640ellip5loga2.08PA50center0With_background20num72.dat Nelder-Mead  1.0e-04 0 1 1 0     NFW        0.0000  -0.0000     -2.114 0.218  37   2.96  253.7        -4374.85       -8723.548   241   0.0000  -0.0000     -2.013 0.218  37   2.96    0.073
2018-05-05-16:56:47 1.11  Mocks_Em/MockNFW640ellip5loga2.08PA50center0With_background20num73.dat Nelder-Mead  1.0e-04 0 1 1 0     NFW        0.0002  -0.0001     -2.146 0.225  36   2.98  244.0       -4602.109       -9178.066   241   0.0002  -0.0001     -2.044 0.225  36   2.98    0.071
2018-05-05-16:56:47 1.11  Mocks_Em/MockNFW640ellip5loga2.08PA50center0With_background20num74.dat Nelder-Mead  1.0e-04 0 1 1 0     NFW      359.9998   0.0000     -2.002 0.231 142   2.98  346.6       -4500.949       -8975.745   241 359.9998   0.0000     -2.002 0.231 135   2.98    0.074
2018-05-05-16:56:47 1.11  Mocks_Em/MockNFW640ellip5loga2.08PA50center0With_background20num75.dat Nelder-Mead  1.0e-04 0 1 1 0     NFW      359.9998  -0.0005     -2.008 0.245 142   2.94  323.3       -4377.815       -8729.477   241 359.9998  -0.0005     -2.008 0.245 135   2.94    0.071
2018-05-05-16:56:47 1.11  Mocks_Em/MockNFW640ellip5loga2.08PA50center0With_background20num76.dat Nelder-Mead  1.0e-04 0 1 1 0     NFW        0.0001  -0.0000     -2.114 0.175  44   2.97  259.5       -4505.729       -8985.306   241   0.0001  -0.0000     -2.014 0.175  44   2.97    0.072
2018-05-05-16:56:47 1.11  Mocks_Em/MockNFW640ellip5loga2.08PA50center0With_background20num77.dat Nelder-Mead  1.0e-04 0 1 1 0     NFW      359.9997   0.0002     -2.123 0.182  33   2.96  254.5       -4588.572       -9150.991   241 359.9997   0.0002     -2.022 0.182  33   2.96    0.072
2018-05-05-16:56:47 1.11  Mocks_Em/MockNFW640ellip5loga2.08PA50center0With_background20num78.dat Nelder-Mead  1.0e-04 0 1 1 0     NFW        0.0001  -0.0001     -2.093 0.234  40   2.96  268.8       -4458.041        -8889.93   241   0.0001  -0.0001     -1.993 0.234  40   2.96    0.073
2018-05-05-16:56:47 1.11  Mocks_Em/MockNFW640ellip5loga2.08PA50center0With_background20num79.dat Nelder-Mead  1.0e-04 0 1 1 0     NFW        0.0000   0.0003     -2.092 0.182  37   2.95  265.2       -4399.441       -8772.729   241   0.0000   0.0003     -1.992 0.182  37   2.95    0.071
2018-05-05-16:56:47 1.11  Mocks_Em/MockNFW640ellip5loga2.08PA50center0With_background20num80.dat Nelder-Mead  1.0e-04 0 1 1 0     NFW        0.0005   0.0000     -2.134 0.206  40   2.97  249.9       -4652.674       -9279.196   241   0.0005   0.0000     -2.033 0.206  40   2.97    0.073
2018-05-05-16:56:47 1.11  Mocks_Em/MockNFW640ellip5loga2.08PA50center0With_background20num81.dat Nelder-Mead  1.0e-04 0 1 1 0     NFW        0.0007  -0.0001     -2.049 0.248  37   2.96  306.6       -4648.923       -9271.693   241   0.0007  -0.0001     -1.994 0.243  37   2.96    0.071
2018-05-05-16:56:47 1.11  Mocks_Em/MockNFW640ellip5loga2.08PA50center0With_background20num82.dat Nelder-Mead  1.0e-04 0 1 1 0     NFW      359.9996   0.0003     -2.060 0.188  44   2.97  294.3       -4481.454       -8936.756   241 359.9996   0.0003     -1.989 0.186  44   2.97    0.071
2018-05-05-16:56:47 1.11  Mocks_Em/MockNFW640ellip5loga2.08PA50center0With_background20num83.dat Nelder-Mead  1.0e-04 0 1 1 0     NFW        0.0000   0.0002     -2.116 0.178 140   2.97  254.5       -4415.425       -8804.698   241   0.0000   0.0002     -2.015 0.178 140   2.97    0.070
2018-05-05-16:56:47 1.11  Mocks_Em/MockNFW640ellip5loga2.08PA50center0With_background20num84.dat Nelder-Mead  1.0e-04 0 1 1 0     NFW      359.9999   0.0001     -1.982 0.200  38   2.96  356.6       -4407.389       -8788.625   241 359.9999   0.0001     -1.977 0.191  38   2.96    0.071
2018-05-05-16:56:47 1.11  Mocks_Em/MockNFW640ellip5loga2.08PA50center0With_background20num85.dat Nelder-Mead  1.0e-04 0 1 1 0     NFW      359.9999  -0.0002     -2.002 0.189  40   2.95  327.1       -4272.955       -8519.757   241 359.9999  -0.0002     -1.960 0.183  40   2.95    0.069
2018-05-05-16:56:47 1.11  Mocks_Em/MockNFW640ellip5loga2.08PA50center0With_background20num86.dat Nelder-Mead  1.0e-04 0 1 1 0     NFW        0.0005   0.0000     -2.102 0.195  37   2.95  261.1       -4513.056       -8999.959   241   0.0005   0.0000     -2.002 0.195  37   2.95    0.072
2018-05-05-16:56:47 1.11  Mocks_Em/MockNFW640ellip5loga2.08PA50center0With_background20num87.dat Nelder-Mead  1.0e-04 0 1 1 0     NFW      359.9999   0.0003     -2.109 0.187  44   2.95  250.7       -4357.583       -8689.013   241 359.9999   0.0003     -2.008 0.187  44   2.95    0.071
2018-05-05-16:56:47 1.11  Mocks_Em/MockNFW640ellip5loga2.08PA50center0With_background20num88.dat Nelder-Mead  1.0e-04 0 1 1 0     NFW        0.0000   0.0002     -2.130 0.169  41   2.97  250.3       -4544.233       -9062.313   241   0.0000   0.0002     -2.029 0.169  41   2.97    0.070
2018-05-05-16:56:47 1.11  Mocks_Em/MockNFW640ellip5loga2.08PA50center0With_background20num89.dat Nelder-Mead  1.0e-04 0 1 1 0     NFW      359.9997   0.0000     -2.115 0.202  34   2.97  261.8       -4573.727       -9121.301   241 359.9997   0.0000     -2.015 0.202  34   2.97    0.070
2018-05-05-16:56:47 1.11  Mocks_Em/MockNFW640ellip5loga2.08PA50center0With_background20num90.dat Nelder-Mead  1.0e-04 0 1 1 0     NFW        0.0005  -0.0003     -2.116 0.203  37   2.96  260.2       -4626.959       -9227.765   241   0.0005  -0.0003     -2.027 0.202  37   2.96    0.072
2018-05-05-16:56:47 1.11  Mocks_Em/MockNFW640ellip5loga2.08PA50center0With_background20num91.dat Nelder-Mead  1.0e-04 0 1 1 0     NFW      359.9995   0.0001     -2.095 0.125  35   2.96  266.4       -4474.162       -8922.171   241 359.9995   0.0001     -1.995 0.125  35   2.96    0.072
2018-05-05-16:56:47 1.11  Mocks_Em/MockNFW640ellip5loga2.08PA50center0With_background20num92.dat Nelder-Mead  1.0e-04 0 1 1 0     NFW      359.9998   0.0001     -2.131 0.219  39   2.98  256.4        -4701.24       -9376.328   241 359.9998   0.0001     -2.030 0.219  39   2.98    0.074
2018-05-05-16:56:47 1.11  Mocks_Em/MockNFW640ellip5loga2.08PA50center0With_background20num93.dat Nelder-Mead  1.0e-04 0 1 1 0     NFW      359.9998   0.0000     -2.107 0.151  43   2.96  259.9       -4439.869       -8853.585   241 359.9998   0.0000     -2.006 0.151  43   2.96    0.075
2018-05-05-16:56:47 1.11  Mocks_Em/MockNFW640ellip5loga2.08PA50center0With_background20num94.dat Nelder-Mead  1.0e-04 0 1 1 0     NFW        0.0001   0.0002     -2.119 0.152  42   2.97  256.4       -4539.057       -9051.962   241   0.0001   0.0002     -2.018 0.152  42   2.97    0.074
2018-05-05-16:56:47 1.11  Mocks_Em/MockNFW640ellip5loga2.08PA50center0With_background20num95.dat Nelder-Mead  1.0e-04 0 1 1 0     NFW      359.9999   0.0003     -2.117 0.139  37   2.95  248.0       -4384.599       -8743.045   241 359.9999   0.0003     -2.016 0.139  37   2.95    0.073
2018-05-05-16:56:47 1.11  Mocks_Em/MockNFW640ellip5loga2.08PA50center0With_background20num96.dat Nelder-Mead  1.0e-04 0 1 1 0     NFW      359.9998   0.0000     -2.021 0.206 142   2.98  332.5       -4550.558       -9074.963   241 359.9998   0.0000     -2.011 0.206 136   2.98    0.076
2018-05-05-16:56:47 1.11  Mocks_Em/MockNFW640ellip5loga2.08PA50center0With_background20num97.dat Nelder-Mead  1.0e-04 0 1 1 0     NFW        0.0003   0.0002     -2.142 0.179  37   2.96  241.8       -4548.114       -9070.075   241   0.0003   0.0002     -2.040 0.179  37   2.96    0.074
2018-05-05-16:56:47 1.11  Mocks_Em/MockNFW640ellip5loga2.08PA50center0With_background20num98.dat Nelder-Mead  1.0e-04 0 1 1 0     NFW        0.0005   0.0001     -2.110 0.223  43   2.96  258.5       -4510.401       -8994.649   241   0.0005   0.0001     -2.010 0.223  43   2.96    0.074
2018-05-05-16:56:47 1.11  Mocks_Em/MockNFW640ellip5loga2.08PA50center0With_background20num99.dat Nelder-Mead  1.0e-04 0 1 1 0     NFW        0.0003   0.0001     -2.013 0.242 147   2.96  331.5       -4494.467       -8962.782   241   0.0003   0.0001     -2.013 0.242 140   2.96    0.074
