2018-05-05-16:56:25 1.11  Mocks_Em/MockNFW640ellip5loga2.08PA50center0With_background20num0.dat Diff-Evol    1.0e-04 0 1 1 0     NFW        0.0003   0.0001     -2.239 0.337  61   1.24  189.6       -4445.919       -8865.685   292   0.0003   0.0001     -2.025 0.139  32   2.95    0.199
2018-05-05-16:56:25 1.11  Mocks_Em/MockNFW640ellip5loga2.08PA50center0With_background20num1.dat Diff-Evol    1.0e-04 0 1 1 0     NFW        0.0000   0.0003     -2.115 0.483  49   0.13  258.4       -4533.154       -9040.155   361   0.0000   0.0003     -2.027 0.184  37   2.97    0.163
2018-05-05-16:56:25 1.11  Mocks_Em/MockNFW640ellip5loga2.08PA50center0With_background20num2.dat Diff-Evol    1.0e-04 0 1 1 0     NFW      359.9998  -0.0001     -1.919 0.509  46   1.06  431.1       -4483.538       -8940.923   626 359.9998  -0.0001     -1.983 0.218  37   2.97    0.282
2018-05-05-16:56:25 1.11  Mocks_Em/MockNFW640ellip5loga2.08PA50center0With_background20num3.dat Diff-Evol    1.0e-04 0 1 1 0     NFW        0.0001  -0.0001     -2.122 0.509  46   3.28  253.2       -4501.827       -8977.502   466   0.0001  -0.0001     -2.026 0.214  37   2.97    0.206
2018-05-05-16:56:25 1.11  Mocks_Em/MockNFW640ellip5loga2.08PA50center0With_background20num4.dat Diff-Evol    1.0e-04 0 1 1 0     NFW        0.0002  -0.0002     -2.149 0.595  55   5.29  182.2       -4611.034       -9195.916   431   0.0002  -0.0002     -2.005 0.206  34   2.97    0.192
2018-05-05-16:56:25 1.11  Mocks_Em/MockNFW640ellip5loga2.08PA50center0With_background20num5.dat Diff-Evol    1.0e-04 0 1 1 0     NFW        0.0000   0.0000     -2.232 0.543  55   5.30  140.7       -4326.336        -8626.52   473   0.0000   0.0000     -2.007 0.168  31   2.95    0.212
2018-05-05-16:56:25 1.11  Mocks_Em/MockNFW640ellip5loga2.08PA50center0With_background20num6.dat Diff-Evol    1.0e-04 0 1 1 0     NFW        0.0000  -0.0001     -1.969 0.533  55   1.38  377.2       -4494.109       -8962.066   465   0.0000  -0.0001     -1.999 0.179  37   2.98    0.209
2018-05-05-16:56:25 1.11  Mocks_Em/MockNFW640ellip5loga2.08PA50center0With_background20num7.dat Diff-Evol    1.0e-04 0 1 1 0     NFW        0.0001  -0.0001     -2.148 0.498  49   2.02  239.1         -4523.4       -9020.648   508   0.0001  -0.0001     -2.024 0.214  43   2.97    0.228
2018-05-05-16:56:25 1.11  Mocks_Em/MockNFW640ellip5loga2.08PA50center0With_background20num8.dat Diff-Evol    1.0e-04 0 1 1 0     NFW        0.0001   0.0001     -2.075 0.456  43   0.71  277.0       -4371.824       -8717.495   389   0.0001   0.0001     -1.970 0.156  39   2.96    0.174
2018-05-05-16:56:25 1.11  Mocks_Em/MockNFW640ellip5loga2.08PA50center0With_background20num9.dat Diff-Evol    1.0e-04 0 1 1 0     NFW        0.0001   0.0001     -1.938 0.618  54   2.02  406.0       -4512.154       -8998.155   354   0.0001   0.0001     -1.998 0.266  37   2.97    0.162
2018-05-05-16:56:25 1.11  Mocks_Em/MockNFW640ellip5loga2.08PA50center0With_background20num10.dat Diff-Evol    1.0e-04 0 1 1 0     NFW      359.9999  -0.0000     -1.973 0.513  41   2.61  360.7       -4366.453       -8706.753   347 359.9999  -0.0000     -1.994 0.209  40   2.96    0.159
2018-05-05-16:56:25 1.11  Mocks_Em/MockNFW640ellip5loga2.08PA50center0With_background20num11.dat Diff-Evol    1.0e-04 0 1 1 0     NFW      359.9997   0.0001     -2.550 0.512  53   5.66   44.6       -4429.679       -8833.206   382 359.9997   0.0001     -1.980 0.160 136   2.96    0.182
2018-05-05-16:56:25 1.11  Mocks_Em/MockNFW640ellip5loga2.08PA50center0With_background20num12.dat Diff-Evol    1.0e-04 0 1 1 0     NFW        0.0001   0.0001     -2.418 0.572  44   5.58   67.5        -4433.49       -8840.827   571   0.0001   0.0001     -1.982 0.177 135   2.96    0.249
2018-05-05-16:56:25 1.11  Mocks_Em/MockNFW640ellip5loga2.08PA50center0With_background20num13.dat Diff-Evol    1.0e-04 0 1 1 0     NFW      359.9998  -0.0002     -2.383 0.537  48   5.57   73.3       -4384.492       -8742.832   508 359.9998  -0.0002     -1.984 0.137  33   2.96    0.227
2018-05-05-16:56:25 1.11  Mocks_Em/MockNFW640ellip5loga2.08PA50center0With_background20num14.dat Diff-Evol    1.0e-04 0 1 1 0     NFW      359.9999  -0.0001     -2.386 0.580  57   5.40   98.7       -4562.339       -9098.526   459 359.9999  -0.0001     -2.020 0.200  39   2.97    0.214
2018-05-05-16:56:25 1.11  Mocks_Em/MockNFW640ellip5loga2.08PA50center0With_background20num15.dat Diff-Evol    1.0e-04 0 1 1 0     NFW        0.0001   0.0001     -2.071 0.559  44   0.35  287.5       -4534.487       -9042.821   389   0.0001   0.0001     -2.015 0.233  43   2.97    0.173
2018-05-05-16:56:25 1.11  Mocks_Em/MockNFW640ellip5loga2.08PA50center0With_background20num16.dat Diff-Evol    1.0e-04 0 1 1 0     NFW      360.0000  -0.0002     -2.064 0.459  42   2.30  284.6        -4386.27       -8746.387   382 360.0000  -0.0002     -1.991 0.167 146   2.96    0.170
2018-05-05-16:56:25 1.11  Mocks_Em/MockNFW640ellip5loga2.08PA50center0With_background20num17.dat Diff-Evol    1.0e-04 0 1 1 0     NFW        0.0001  -0.0004     -2.032 0.551  54   2.31  314.1       -4463.974       -8901.795   382   0.0001  -0.0004     -2.012 0.215  40   2.97    0.169
2018-05-05-16:56:25 1.11  Mocks_Em/MockNFW640ellip5loga2.08PA50center0With_background20num18.dat Diff-Evol    1.0e-04 0 1 1 0     NFW        0.0002   0.0002     -1.985 0.506  48   3.71  351.6       -4480.256       -8934.359   571   0.0002   0.0002     -2.002 0.187  42   2.96    0.249
2018-05-05-16:56:25 1.11  Mocks_Em/MockNFW640ellip5loga2.08PA50center0With_background20num19.dat Diff-Evol    1.0e-04 0 1 1 0     NFW      359.9999   0.0002     -2.183 0.347  56   2.96  221.7       -4510.533       -8994.914   361 359.9999   0.0002     -2.015 0.159  33   2.98    0.160
2018-05-05-16:56:25 1.11  Mocks_Em/MockNFW640ellip5loga2.08PA50center0With_background20num20.dat Diff-Evol    1.0e-04 0 1 1 0     NFW        0.0006  -0.0001     -2.011 0.373  48   2.45  323.2       -4404.434       -8782.716   375   0.0006  -0.0001     -1.979 0.120  39   2.95    0.171
2018-05-05-16:56:25 1.11  Mocks_Em/MockNFW640ellip5loga2.08PA50center0With_background20num21.dat Diff-Evol    1.0e-04 0 1 1 0     NFW        0.0003  -0.0004     -1.999 0.511  66   4.64  325.1       -4568.666        -9111.18   389   0.0003  -0.0004     -2.006 0.225  32   2.96    0.173
2018-05-05-16:56:25 1.11  Mocks_Em/MockNFW640ellip5loga2.08PA50center0With_background20num22.dat Diff-Evol    1.0e-04 0 1 1 0     NFW      360.0000  -0.0001     -2.222 0.593  47   5.31  154.0        -4595.53       -9164.908   536 360.0000  -0.0001     -2.005 0.226  40   2.98    0.235
2018-05-05-16:56:25 1.11  Mocks_Em/MockNFW640ellip5loga2.08PA50center0With_background20num23.dat Diff-Evol    1.0e-04 0 1 1 0     NFW      359.9999  -0.0001     -1.934 0.593  58   0.87  409.1        -4476.99       -8927.827   347 359.9999  -0.0001     -1.994 0.211  39   2.97    0.158
2018-05-05-16:56:25 1.11  Mocks_Em/MockNFW640ellip5loga2.08PA50center0With_background20num24.dat Diff-Evol    1.0e-04 0 1 1 0     NFW      359.9997   0.0004     -2.166 0.360  46   4.69  215.7       -4584.867       -9143.582   472 359.9997   0.0004     -2.023 0.141  44   2.96    0.217
2018-05-05-16:56:25 1.11  Mocks_Em/MockNFW640ellip5loga2.08PA50center0With_background20num25.dat Diff-Evol    1.0e-04 0 1 1 0     NFW        0.0004  -0.0000     -2.285 0.563  57   5.33  128.8       -4589.869       -9153.586   368   0.0004  -0.0000     -2.022 0.197  34   2.96    0.169
2018-05-05-16:56:25 1.11  Mocks_Em/MockNFW640ellip5loga2.08PA50center0With_background20num26.dat Diff-Evol    1.0e-04 0 1 1 0     NFW      359.9999  -0.0003     -2.011 0.529  51   0.24  337.8       -4575.809       -9125.465   375 359.9999  -0.0003     -2.010 0.211  37   2.97    0.169
2018-05-05-16:56:25 1.11  Mocks_Em/MockNFW640ellip5loga2.08PA50center0With_background20num27.dat Diff-Evol    1.0e-04 0 1 1 0     NFW        0.0004  -0.0002     -1.938 0.525  56   1.63  406.2       -4495.565       -8964.978   382   0.0004  -0.0002     -2.002 0.172  34   2.97    0.174
2018-05-05-16:56:25 1.11  Mocks_Em/MockNFW640ellip5loga2.08PA50center0With_background20num28.dat Diff-Evol    1.0e-04 0 1 1 0     NFW        0.0001   0.0001     -1.920 0.536  49   3.18  433.3       -4536.181        -9046.21   382   0.0001   0.0001     -2.013 0.200  37   2.98    0.172
2018-05-05-16:56:25 1.11  Mocks_Em/MockNFW640ellip5loga2.08PA50center0With_background20num29.dat Diff-Evol    1.0e-04 0 1 1 0     NFW      359.9998   0.0002     -2.043 0.381  54   2.85  304.4       -4485.578       -8945.004   480 359.9998   0.0002     -1.997 0.131  36   2.96    0.211
2018-05-05-16:56:25 1.11  Mocks_Em/MockNFW640ellip5loga2.08PA50center0With_background20num30.dat Diff-Evol    1.0e-04 0 1 1 0     NFW        0.0002   0.0004     -2.089 0.496  50   1.44  272.0       -4526.969       -9027.785   375   0.0002   0.0004     -2.004 0.177  40   2.96    0.172
2018-05-05-16:56:25 1.11  Mocks_Em/MockNFW640ellip5loga2.08PA50center0With_background20num31.dat Diff-Evol    1.0e-04 0 1 1 0     NFW      359.9998   0.0003     -2.044 0.395  53   2.43  306.7       -4479.229       -8932.306   409 359.9998   0.0003     -2.013 0.165  41   2.97    0.190
2018-05-05-16:56:25 1.11  Mocks_Em/MockNFW640ellip5loga2.08PA50center0With_background20num32.dat Diff-Evol    1.0e-04 0 1 1 0     NFW        0.0004  -0.0000     -2.043 0.514  54   0.03  315.8       -4636.057       -9245.962   354   0.0004  -0.0000     -2.012 0.194  36   2.98    0.159
2018-05-05-16:56:25 1.11  Mocks_Em/MockNFW640ellip5loga2.08PA50center0With_background20num33.dat Diff-Evol    1.0e-04 0 1 1 0     NFW        0.0002   0.0002     -2.575 0.436  45   5.56   52.6       -4430.991        -8835.83   501   0.0002   0.0002     -1.983 0.160  39   2.95    0.219
2018-05-05-16:56:25 1.11  Mocks_Em/MockNFW640ellip5loga2.08PA50center0With_background20num34.dat Diff-Evol    1.0e-04 0 1 1 0     NFW      359.9998  -0.0001     -2.086 0.466  42   1.68  268.5        -4401.99       -8777.828   382 359.9998  -0.0001     -2.006 0.186  40   2.95    0.170
2018-05-05-16:56:25 1.11  Mocks_Em/MockNFW640ellip5loga2.08PA50center0With_background20num35.dat Diff-Evol    1.0e-04 0 1 1 0     NFW      360.0000  -0.0002     -2.021 0.451  62   1.87  318.9         -4407.1       -8788.047   375 360.0000  -0.0002     -1.985 0.190  34   2.96    0.166
2018-05-05-16:56:25 1.11  Mocks_Em/MockNFW640ellip5loga2.08PA50center0With_background20num36.dat Diff-Evol    1.0e-04 0 1 1 0     NFW        0.0003   0.0005     -2.271 0.321  58   3.65  184.3        -4684.37       -9342.588   271   0.0003   0.0005     -2.053 0.149  41   2.97    0.120
2018-05-05-16:56:25 1.11  Mocks_Em/MockNFW640ellip5loga2.08PA50center0With_background20num37.dat Diff-Evol    1.0e-04 0 1 1 0     NFW        0.0003  -0.0001     -2.023 0.474  59   4.01  311.6       -4423.591       -8821.029   403   0.0003  -0.0001     -2.009 0.157  38   2.95    0.185
2018-05-05-16:56:25 1.11  Mocks_Em/MockNFW640ellip5loga2.08PA50center0With_background20num38.dat Diff-Evol    1.0e-04 0 1 1 0     NFW        0.0005  -0.0003     -2.031 0.449  48   2.83  312.8       -4453.681        -8881.21   389   0.0005  -0.0003     -2.011 0.173  32   2.96    0.182
2018-05-05-16:56:25 1.11  Mocks_Em/MockNFW640ellip5loga2.08PA50center0With_background20num39.dat Diff-Evol    1.0e-04 0 1 1 0     NFW        0.0006   0.0000     -2.090 0.407  54   2.56  269.4       -4537.687       -9049.221   319   0.0006   0.0000     -2.000 0.157  37   2.95    0.145
2018-05-05-16:56:25 1.11  Mocks_Em/MockNFW640ellip5loga2.08PA50center0With_background20num40.dat Diff-Evol    1.0e-04 0 1 1 0     NFW        0.0002   0.0002     -1.985 0.498  48   0.14  360.9       -4553.966        -9081.78   451   0.0002   0.0002     -2.009 0.192  39   2.97    0.204
2018-05-05-16:56:25 1.11  Mocks_Em/MockNFW640ellip5loga2.08PA50center0With_background20num41.dat Diff-Evol    1.0e-04 0 1 1 0     NFW      359.9999   0.0001     -2.063 0.569  47   4.40  290.4        -4614.41       -9202.668   382 359.9999   0.0001     -2.035 0.250  39   2.98    0.170
2018-05-05-16:56:25 1.11  Mocks_Em/MockNFW640ellip5loga2.08PA50center0With_background20num42.dat Diff-Evol    1.0e-04 0 1 1 0     NFW        0.0000   0.0003     -2.075 0.530  64   0.21  279.3       -4464.499       -8902.845   403   0.0000   0.0003     -2.004 0.235  32   2.96    0.178
2018-05-05-16:56:25 1.11  Mocks_Em/MockNFW640ellip5loga2.08PA50center0With_background20num43.dat Diff-Evol    1.0e-04 0 1 1 0     NFW        0.0001   0.0000     -2.014 0.487  61   2.18  329.1       -4432.171       -8838.189   375   0.0001   0.0000     -1.999 0.218  36   2.97    0.167
2018-05-05-16:56:25 1.11  Mocks_Em/MockNFW640ellip5loga2.08PA50center0With_background20num44.dat Diff-Evol    1.0e-04 0 1 1 0     NFW        0.0002   0.0001     -2.045 0.545  46   1.09  298.6       -4436.332       -8846.511   459   0.0002   0.0001     -2.014 0.226  42   2.95    0.202
2018-05-05-16:56:25 1.11  Mocks_Em/MockNFW640ellip5loga2.08PA50center0With_background20num45.dat Diff-Evol    1.0e-04 0 1 1 0     NFW        0.0002   0.0003     -1.954 0.557  55   4.71  368.7       -4536.202       -9046.251   368   0.0002   0.0003     -1.997 0.224  38   2.97    0.164
2018-05-05-16:56:25 1.11  Mocks_Em/MockNFW640ellip5loga2.08PA50center0With_background20num46.dat Diff-Evol    1.0e-04 0 1 1 0     NFW      359.9996  -0.0000     -1.996 0.494  54   3.18  346.8       -4546.058       -9065.964   410 359.9996  -0.0000     -2.013 0.168  33   2.96    0.187
2018-05-05-16:56:25 1.11  Mocks_Em/MockNFW640ellip5loga2.08PA50center0With_background20num47.dat Diff-Evol    1.0e-04 0 1 1 0     NFW      359.9998  -0.0005     -1.959 0.566  52   2.27  371.9       -4486.735       -8947.318   500 359.9998  -0.0005     -2.003 0.208  38   2.94    0.231
2018-05-05-16:56:25 1.11  Mocks_Em/MockNFW640ellip5loga2.08PA50center0With_background20num48.dat Diff-Evol    1.0e-04 0 1 1 0     NFW      359.9993  -0.0001     -2.101 0.396  48   1.66  258.9       -4448.192       -8870.231   375 359.9993  -0.0001     -2.029 0.154 136   2.95    0.168
2018-05-05-16:56:25 1.11  Mocks_Em/MockNFW640ellip5loga2.08PA50center0With_background20num49.dat Diff-Evol    1.0e-04 0 1 1 0     NFW      360.0000  -0.0003     -2.021 0.510  46   2.87  326.3       -4519.691       -9013.229   389 360.0000  -0.0003     -2.006 0.175  39   2.97    0.173
2018-05-05-16:56:25 1.11  Mocks_Em/MockNFW640ellip5loga2.08PA50center0With_background20num50.dat Diff-Evol    1.0e-04 0 1 1 0     NFW        0.0002  -0.0000     -2.064 0.475  50   3.14  292.5       -4519.187       -9012.221   444   0.0002  -0.0000     -2.023 0.150  39   2.97    0.200
2018-05-05-16:56:25 1.11  Mocks_Em/MockNFW640ellip5loga2.08PA50center0With_background20num51.dat Diff-Evol    1.0e-04 0 1 1 0     NFW      360.0000  -0.0001     -1.986 0.558  54   3.86  330.5       -4196.389       -8366.625   612 360.0000  -0.0001     -1.968 0.224  39   2.94    0.266
2018-05-05-16:56:25 1.11  Mocks_Em/MockNFW640ellip5loga2.08PA50center0With_background20num52.dat Diff-Evol    1.0e-04 0 1 1 0     NFW        0.0004  -0.0001     -1.950 0.551  60   4.50  377.0       -4545.179       -9064.206   354   0.0004  -0.0001     -2.013 0.205  34   2.96    0.158
2018-05-05-16:56:25 1.11  Mocks_Em/MockNFW640ellip5loga2.08PA50center0With_background20num53.dat Diff-Evol    1.0e-04 0 1 1 0     NFW        0.0001  -0.0002     -2.090 0.480  52   0.71  265.2        -4365.27       -8704.388   403   0.0001  -0.0002     -2.020 0.188  40   2.96    0.179
2018-05-05-16:56:25 1.11  Mocks_Em/MockNFW640ellip5loga2.08PA50center0With_background20num54.dat Diff-Evol    1.0e-04 0 1 1 0     NFW      360.0000   0.0000     -2.265 0.623  52   5.44  127.3       -4641.669       -9257.185   711 360.0000   0.0000     -2.005 0.229  38   2.99    0.314
2018-05-05-16:56:25 1.11  Mocks_Em/MockNFW640ellip5loga2.08PA50center0With_background20num55.dat Diff-Evol    1.0e-04 0 1 1 0     NFW        0.0002   0.0002     -1.915 0.552  52   3.62  413.7       -4328.477       -8630.802   486   0.0002   0.0002     -1.964 0.234  45   2.95    0.218
2018-05-05-16:56:25 1.11  Mocks_Em/MockNFW640ellip5loga2.08PA50center0With_background20num56.dat Diff-Evol    1.0e-04 0 1 1 0     NFW        0.0002   0.0003     -1.970 0.554  60   2.87  376.0       -4605.952       -9185.751   375   0.0002   0.0003     -2.018 0.248  39   2.97    0.169
2018-05-05-16:56:25 1.11  Mocks_Em/MockNFW640ellip5loga2.08PA50center0With_background20num57.dat Diff-Evol    1.0e-04 0 1 1 0     NFW        0.0000   0.0001     -2.222 0.332  55   3.54  203.4       -4548.353       -9070.553   375   0.0000   0.0001     -2.016 0.148  39   2.97    0.169
2018-05-05-16:56:25 1.11  Mocks_Em/MockNFW640ellip5loga2.08PA50center0With_background20num58.dat Diff-Evol    1.0e-04 0 1 1 0     NFW        0.0000  -0.0003     -2.137 0.398  57   3.87  250.3       -4674.494       -9322.835   354   0.0000  -0.0003     -2.026 0.184  44   2.98    0.161
2018-05-05-16:56:25 1.11  Mocks_Em/MockNFW640ellip5loga2.08PA50center0With_background20num59.dat Diff-Evol    1.0e-04 0 1 1 0     NFW        0.0001  -0.0000     -2.013 0.520  53   0.03  331.9       -4488.446        -8950.74   578   0.0001  -0.0000     -2.002 0.195  35   2.97    0.266
2018-05-05-16:56:25 1.11  Mocks_Em/MockNFW640ellip5loga2.08PA50center0With_background20num60.dat Diff-Evol    1.0e-04 0 1 1 0     NFW        0.0000  -0.0004     -2.123 0.326  47   0.55  255.6       -4547.602        -9069.05   347   0.0000  -0.0004     -2.036 0.128  41   2.97    0.165
2018-05-05-16:56:25 1.11  Mocks_Em/MockNFW640ellip5loga2.08PA50center0With_background20num61.dat Diff-Evol    1.0e-04 0 1 1 0     NFW      359.9995  -0.0001     -2.078 0.536  53   2.68  284.7       -4663.032       -9299.912   375 359.9995  -0.0001     -2.026 0.231  42   2.96    0.181
2018-05-05-16:56:25 1.11  Mocks_Em/MockNFW640ellip5loga2.08PA50center0With_background20num62.dat Diff-Evol    1.0e-04 0 1 1 0     NFW      359.9998   0.0001     -2.129 0.460  64   3.10  245.3        -4413.77       -8801.388   382 359.9998   0.0001     -1.997 0.212  35   2.96    0.179
2018-05-05-16:56:25 1.11  Mocks_Em/MockNFW640ellip5loga2.08PA50center0With_background20num63.dat Diff-Evol    1.0e-04 0 1 1 0     NFW      359.9999   0.0002     -1.974 0.542  57   0.06  360.0       -4407.103       -8788.053   458 359.9999   0.0002     -1.999 0.233  37   2.96    0.216
2018-05-05-16:56:25 1.11  Mocks_Em/MockNFW640ellip5loga2.08PA50center0With_background20num64.dat Diff-Evol    1.0e-04 0 1 1 0     NFW        0.0000  -0.0000     -2.123 0.508  50   1.87  249.5       -4451.973       -8877.793   368   0.0000  -0.0000     -2.009 0.196  41   2.96    0.170
2018-05-05-16:56:25 1.11  Mocks_Em/MockNFW640ellip5loga2.08PA50center0With_background20num65.dat Diff-Evol    1.0e-04 0 1 1 0     NFW        0.0003  -0.0003     -1.978 0.549  51   3.92  367.9       -4642.455       -9258.757   361   0.0003  -0.0003     -2.015 0.211  35   2.97    0.164
2018-05-05-16:56:25 1.11  Mocks_Em/MockNFW640ellip5loga2.08PA50center0With_background20num66.dat Diff-Evol    1.0e-04 0 1 1 0     NFW      359.9999  -0.0002     -2.210 0.382  59   3.91  210.7       -4653.053       -9279.953   368 359.9999  -0.0002     -2.048 0.186  40   2.98    0.169
2018-05-05-16:56:25 1.11  Mocks_Em/MockNFW640ellip5loga2.08PA50center0With_background20num67.dat Diff-Evol    1.0e-04 0 1 1 0     NFW      359.9999   0.0002     -2.191 0.391  65   1.98  216.0       -4516.418       -9006.683   278 359.9999   0.0002     -2.026 0.185  31   2.97    0.123
2018-05-05-16:56:25 1.11  Mocks_Em/MockNFW640ellip5loga2.08PA50center0With_background20num68.dat Diff-Evol    1.0e-04 0 1 1 0     NFW        0.0001   0.0000     -2.315 0.597  51   5.50   94.0       -4332.449       -8638.745   424   0.0001   0.0000     -1.988 0.169  44   2.95    0.187
2018-05-05-16:56:25 1.11  Mocks_Em/MockNFW640ellip5loga2.08PA50center0With_background20num69.dat Diff-Evol    1.0e-04 0 1 1 0     NFW        0.0005  -0.0001     -2.125 0.434  53   1.38  255.7       -4582.813       -9139.473   389   0.0005  -0.0001     -2.024 0.177  40   2.97    0.175
2018-05-05-16:56:25 1.11  Mocks_Em/MockNFW640ellip5loga2.08PA50center0With_background20num70.dat Diff-Evol    1.0e-04 0 1 1 0     NFW        0.0003   0.0000     -1.922 0.604  53   5.20  333.7       -4453.609       -8881.066   438   0.0003   0.0000     -1.984 0.210  43   2.96    0.199
2018-05-05-16:56:25 1.11  Mocks_Em/MockNFW640ellip5loga2.08PA50center0With_background20num71.dat Diff-Evol    1.0e-04 0 1 1 0     NFW        0.0002   0.0000     -1.917 0.556  62   3.14  421.3       -4412.574       -8798.996   368   0.0002   0.0000     -1.991 0.207  32   2.96    0.164
2018-05-05-16:56:25 1.11  Mocks_Em/MockNFW640ellip5loga2.08PA50center0With_background20num72.dat Diff-Evol    1.0e-04 0 1 1 0     NFW        0.0000  -0.0000     -1.999 0.550  52   3.21  338.6       -4389.872       -8753.591   458   0.0000  -0.0000     -2.013 0.218  37   2.96    0.210
2018-05-05-16:56:25 1.11  Mocks_Em/MockNFW640ellip5loga2.08PA50center0With_background20num73.dat Diff-Evol    1.0e-04 0 1 1 0     NFW        0.0002  -0.0001     -2.103 0.494  57   4.04  267.0        -4613.74       -9201.327   326   0.0002  -0.0001     -2.044 0.225  36   2.98    0.151
2018-05-05-16:56:25 1.11  Mocks_Em/MockNFW640ellip5loga2.08PA50center0With_background20num74.dat Diff-Evol    1.0e-04 0 1 1 0     NFW      359.9998   0.0000     -1.987 0.533  41   1.49  360.7       -4544.489       -9062.825   382 359.9998   0.0000     -2.002 0.231 135   2.98    0.171
2018-05-05-16:56:25 1.11  Mocks_Em/MockNFW640ellip5loga2.08PA50center0With_background20num75.dat Diff-Evol    1.0e-04 0 1 1 0     NFW      359.9998  -0.0005     -2.022 0.558  47   0.16  312.2       -4429.662       -8833.172   548 359.9998  -0.0005     -2.008 0.245 135   2.94    0.249
2018-05-05-16:56:25 1.11  Mocks_Em/MockNFW640ellip5loga2.08PA50center0With_background20num76.dat Diff-Evol    1.0e-04 0 1 1 0     NFW        0.0001  -0.0000     -2.069 0.365  44   2.68  289.9       -4510.943       -8995.734   375   0.0001  -0.0000     -2.014 0.175  44   2.97    0.173
2018-05-05-16:56:25 1.11  Mocks_Em/MockNFW640ellip5loga2.08PA50center0With_background20num77.dat Diff-Evol    1.0e-04 0 1 1 0     NFW      359.9997   0.0002     -2.134 0.399  51   0.83  248.6       -4599.388       -9172.624   375 359.9997   0.0002     -2.022 0.182  33   2.96    0.168
2018-05-05-16:56:25 1.11  Mocks_Em/MockNFW640ellip5loga2.08PA50center0With_background20num78.dat Diff-Evol    1.0e-04 0 1 1 0     NFW        0.0001  -0.0001     -2.147 0.446  49   3.28  235.6       -4466.471        -8906.79   312   0.0001  -0.0001     -1.993 0.234  40   2.96    0.144
2018-05-05-16:56:25 1.11  Mocks_Em/MockNFW640ellip5loga2.08PA50center0With_background20num79.dat Diff-Evol    1.0e-04 0 1 1 0     NFW        0.0000   0.0003     -2.091 0.420  49  -0.05  265.8       -4407.601        -8789.05   599   0.0000   0.0003     -1.992 0.182  37   2.95    0.263
2018-05-05-16:56:25 1.11  Mocks_Em/MockNFW640ellip5loga2.08PA50center0With_background20num80.dat Diff-Evol    1.0e-04 0 1 1 0     NFW        0.0005   0.0000     -2.067 0.506  46   0.54  293.8       -4664.064       -9301.976   312   0.0005   0.0000     -2.033 0.206  40   2.97    0.146
2018-05-05-16:56:25 1.11  Mocks_Em/MockNFW640ellip5loga2.08PA50center0With_background20num81.dat Diff-Evol    1.0e-04 0 1 1 0     NFW        0.0007  -0.0001     -1.905 0.604  50  -0.03  448.5       -4670.222       -9314.291   486   0.0007  -0.0001     -1.994 0.243  37   2.96    0.227
2018-05-05-16:56:25 1.11  Mocks_Em/MockNFW640ellip5loga2.08PA50center0With_background20num82.dat Diff-Evol    1.0e-04 0 1 1 0     NFW      359.9996   0.0003     -2.013 0.551  46   5.12  275.8       -4492.463       -8958.773   486 359.9996   0.0003     -1.989 0.186  44   2.97    0.226
2018-05-05-16:56:25 1.11  Mocks_Em/MockNFW640ellip5loga2.08PA50center0With_background20num83.dat Diff-Evol    1.0e-04 0 1 1 0     NFW        0.0000   0.0002     -2.240 0.513  43   5.20  153.6       -4448.212       -8870.272   543   0.0000   0.0002     -2.015 0.178 140   2.97    0.239
2018-05-05-16:56:25 1.11  Mocks_Em/MockNFW640ellip5loga2.08PA50center0With_background20num84.dat Diff-Evol    1.0e-04 0 1 1 0     NFW      359.9999   0.0001     -2.042 0.602  52   5.43  200.9       -4423.646       -8821.139   486 359.9999   0.0001     -1.977 0.191  38   2.96    0.219
2018-05-05-16:56:25 1.11  Mocks_Em/MockNFW640ellip5loga2.08PA50center0With_background20num85.dat Diff-Evol    1.0e-04 0 1 1 0     NFW      359.9999  -0.0002     -1.917 0.479  49   3.11  410.7       -4280.661       -8535.169   396 359.9999  -0.0002     -1.960 0.183  40   2.95    0.175
2018-05-05-16:56:25 1.11  Mocks_Em/MockNFW640ellip5loga2.08PA50center0With_background20num86.dat Diff-Evol    1.0e-04 0 1 1 0     NFW        0.0005   0.0000     -2.155 0.465  50   0.69  231.0        -4526.99       -9027.828   382   0.0005   0.0000     -2.002 0.195  37   2.95    0.175
2018-05-05-16:56:25 1.11  Mocks_Em/MockNFW640ellip5loga2.08PA50center0With_background20num87.dat Diff-Evol    1.0e-04 0 1 1 0     NFW      359.9999   0.0003     -2.154 0.505  55   4.93  199.8       -4368.311        -8710.47   355 359.9999   0.0003     -2.008 0.187  44   2.95    0.158
2018-05-05-16:56:25 1.11  Mocks_Em/MockNFW640ellip5loga2.08PA50center0With_background20num88.dat Diff-Evol    1.0e-04 0 1 1 0     NFW        0.0000   0.0002     -2.162 0.356  53  -0.03  232.6       -4551.052       -9075.951   564   0.0000   0.0002     -2.029 0.169  41   2.97    0.251
2018-05-05-16:56:25 1.11  Mocks_Em/MockNFW640ellip5loga2.08PA50center0With_background20num89.dat Diff-Evol    1.0e-04 0 1 1 0     NFW      359.9997   0.0000     -1.992 0.525  58   2.19  356.3       -4587.124       -9148.095   354 359.9997   0.0000     -2.015 0.202  34   2.97    0.159
2018-05-05-16:56:25 1.11  Mocks_Em/MockNFW640ellip5loga2.08PA50center0With_background20num90.dat Diff-Evol    1.0e-04 0 1 1 0     NFW        0.0005  -0.0003     -2.008 0.491  52  -0.04  340.1       -4637.499       -9248.845   676   0.0005  -0.0003     -2.027 0.202  37   2.96    0.310
2018-05-05-16:56:25 1.11  Mocks_Em/MockNFW640ellip5loga2.08PA50center0With_background20num91.dat Diff-Evol    1.0e-04 0 1 1 0     NFW      359.9995   0.0001     -2.089 0.342  52   3.80  268.6       -4481.497       -8936.841   312 359.9995   0.0001     -1.995 0.125  35   2.96    0.145
2018-05-05-16:56:25 1.11  Mocks_Em/MockNFW640ellip5loga2.08PA50center0With_background20num92.dat Diff-Evol    1.0e-04 0 1 1 0     NFW      359.9998   0.0001     -2.200 0.459  50   3.96  216.9       -4713.383       -9400.613   361 359.9998   0.0001     -2.030 0.219  39   2.98    0.165
2018-05-05-16:56:25 1.11  Mocks_Em/MockNFW640ellip5loga2.08PA50center0With_background20num93.dat Diff-Evol    1.0e-04 0 1 1 0     NFW      359.9998   0.0000     -2.213 0.520  52   5.40  138.4       -4449.026         -8871.9   522 359.9998   0.0000     -2.006 0.151  43   2.96    0.230
2018-05-05-16:56:25 1.11  Mocks_Em/MockNFW640ellip5loga2.08PA50center0With_background20num94.dat Diff-Evol    1.0e-04 0 1 1 0     NFW        0.0001   0.0002     -2.196 0.350  56   2.14  214.8       -4547.079       -9068.006   292   0.0001   0.0002     -2.018 0.152  42   2.97    0.129
2018-05-05-16:56:25 1.11  Mocks_Em/MockNFW640ellip5loga2.08PA50center0With_background20num95.dat Diff-Evol    1.0e-04 0 1 1 0     NFW      359.9999   0.0003     -2.149 0.336  53   0.46  230.3       -4392.068       -8757.984   368 359.9999   0.0003     -2.016 0.139  37   2.95    0.164
2018-05-05-16:56:25 1.11  Mocks_Em/MockNFW640ellip5loga2.08PA50center0With_background20num96.dat Diff-Evol    1.0e-04 0 1 1 0     NFW      359.9998   0.0000     -2.044 0.553  42   4.82  289.1       -4595.344       -9164.536   416 359.9998   0.0000     -2.011 0.206 136   2.98    0.190
2018-05-05-16:56:25 1.11  Mocks_Em/MockNFW640ellip5loga2.08PA50center0With_background20num97.dat Diff-Evol    1.0e-04 0 1 1 0     NFW        0.0003   0.0002     -2.064 0.502  50   1.88  291.8       -4561.346        -9096.54   403   0.0003   0.0002     -2.040 0.179  37   2.96    0.180
2018-05-05-16:56:25 1.11  Mocks_Em/MockNFW640ellip5loga2.08PA50center0With_background20num98.dat Diff-Evol    1.0e-04 0 1 1 0     NFW        0.0005   0.0001     -1.997 0.548  51   1.93  343.2       -4522.031       -9017.909   396   0.0005   0.0001     -2.010 0.223  43   2.96    0.183
2018-05-05-16:56:25 1.11  Mocks_Em/MockNFW640ellip5loga2.08PA50center0With_background20num99.dat Diff-Evol    1.0e-04 0 1 1 0     NFW        0.0003   0.0001     -2.050 0.528  44   3.04  301.9       -4538.592       -9051.032   382   0.0003   0.0001     -2.013 0.242 140   2.96    0.171
