2018-05-05-16:55:20 1.11  Mocks_Em/MockNFW80ellip5loga2.08PA50center0With_background20num0.dat BFGS         1.0e-04 0 1 1 0     NFW      359.9992  -0.0007     -1.963 0.149 146   2.19   65.5       -801.8046       -1584.108   820 359.9992  -0.0007     -1.963 0.149 146   2.19    0.187
2018-05-05-16:55:20 1.11  Mocks_Em/MockNFW80ellip5loga2.08PA50center0With_background20num1.dat BFGS         1.0e-04 0 1 1 0     NFW        0.0011   0.0004     -1.927 0.088 159   2.17   68.6       -749.4834       -1479.466   820   0.0011   0.0004     -1.927 0.088 159   2.17    0.173
2018-05-05-16:55:20 1.11  Mocks_Em/MockNFW80ellip5loga2.08PA50center0With_background20num2.dat BFGS         1.0e-04 0 1 1 0     NFW      359.9988   0.0001     -1.909 0.182 139   2.21   77.7           1E+30           2E+30     8 359.9988   0.0001     -1.909 0.182 139   2.21    0.000
2018-05-05-16:55:20 1.11  Mocks_Em/MockNFW80ellip5loga2.08PA50center0With_background20num3.dat BFGS         1.0e-04 0 1 1 0     NFW        0.0004  -0.0005     -1.884 0.115 154   2.17   76.2           1E+30           2E+30     8   0.0004  -0.0005     -1.884 0.115 154   2.17    0.000
2018-05-05-16:55:20 1.11  Mocks_Em/MockNFW80ellip5loga2.08PA50center0With_background20num4.dat BFGS         1.0e-04 0 1 1 0     NFW        0.0011   0.0005     -1.978 0.069  18   2.20   64.6       -823.8328       -1628.165   820   0.0011   0.0005     -1.978 0.069  18   2.20    0.178
2018-05-05-16:55:20 1.11  Mocks_Em/MockNFW80ellip5loga2.08PA50center0With_background20num5.dat BFGS         1.0e-04 0 1 1 0     NFW        0.0005   0.0001     -2.001 0.216 140   2.24   65.5       -861.1898       -1702.879   820   0.0005   0.0001     -2.001 0.216 140   2.24    0.174
2018-05-05-16:55:20 1.11  Mocks_Em/MockNFW80ellip5loga2.08PA50center0With_background20num6.dat BFGS         1.0e-04 0 1 1 0     NFW      359.9995   0.0001     -1.908 0.128  23   2.19   73.8           1E+30           2E+30     8 359.9995   0.0001     -1.908 0.128  23   2.19    0.000
2018-05-05-16:55:20 1.11  Mocks_Em/MockNFW80ellip5loga2.08PA50center0With_background20num7.dat BFGS         1.0e-04 0 1 1 0     NFW        0.0002   0.0007     -1.913 0.181 141   2.20   76.0       -793.1985       -1566.896   820   0.0002   0.0007     -1.913 0.181 141   2.20    0.178
2018-05-05-16:55:20 1.11  Mocks_Em/MockNFW80ellip5loga2.08PA50center0With_background20num8.dat BFGS         1.0e-04 0 1 1 0     NFW        0.0004   0.0004     -1.965 0.095 162   2.20   65.1       -773.7527       -1528.005   820   0.0004   0.0004     -1.965 0.095 162   2.20    0.173
2018-05-05-16:55:20 1.11  Mocks_Em/MockNFW80ellip5loga2.08PA50center0With_background20num9.dat BFGS         1.0e-04 0 1 1 0     NFW      359.9995  -0.0001     -1.893 0.178  30   2.22   83.1           1E+30           2E+30     8 359.9995  -0.0001     -1.893 0.178  30   2.22    0.000
2018-05-05-16:55:20 1.11  Mocks_Em/MockNFW80ellip5loga2.08PA50center0With_background20num10.dat BFGS         1.0e-04 0 1 1 0     NFW      359.9993  -0.0003     -1.968 0.227  44   2.23   69.1       -839.5736       -1659.646   820 359.9993  -0.0003     -1.968 0.227  44   2.23    0.173
2018-05-05-16:55:20 1.11  Mocks_Em/MockNFW80ellip5loga2.08PA50center0With_background20num11.dat BFGS         1.0e-04 0 1 1 0     NFW        0.0006   0.0000     -1.957 0.242 146   2.21   68.5       -804.4909       -1589.481   820   0.0006   0.0000     -1.957 0.242 146   2.21    0.177
2018-05-05-16:55:20 1.11  Mocks_Em/MockNFW80ellip5loga2.08PA50center0With_background20num12.dat BFGS         1.0e-04 0 1 1 0     NFW      359.9989  -0.0008     -1.971 0.069 154   2.19   65.8       -841.6529       -1663.805   820 359.9989  -0.0008     -1.971 0.069 154   2.19    0.174
2018-05-05-16:55:20 1.11  Mocks_Em/MockNFW80ellip5loga2.08PA50center0With_background20num13.dat BFGS         1.0e-04 0 1 1 0     NFW        0.0000  -0.0009     -1.936 0.140  36   2.20   70.8       -783.2399       -1546.979   820   0.0000  -0.0009     -1.936 0.140  36   2.20    0.172
2018-05-05-16:55:20 1.11  Mocks_Em/MockNFW80ellip5loga2.08PA50center0With_background20num14.dat BFGS         1.0e-04 0 1 1 0     NFW        0.0004   0.0006     -1.949 0.192 179   2.19   67.5       -776.2188       -1532.937   820   0.0004   0.0006     -1.949 0.192 179   2.19    0.173
2018-05-05-16:55:20 1.11  Mocks_Em/MockNFW80ellip5loga2.08PA50center0With_background20num15.dat BFGS         1.0e-04 0 1 1 0     NFW      359.9997   0.0006     -1.957 0.062  29   2.21   69.3        -816.676       -1613.851   820 359.9997   0.0006     -1.957 0.062  29   2.21    0.174
2018-05-05-16:55:20 1.11  Mocks_Em/MockNFW80ellip5loga2.08PA50center0With_background20num16.dat BFGS         1.0e-04 0 1 1 0     NFW        0.0008  -0.0007     -1.900 0.120 159   2.19   78.5       -797.4484       -1575.396   820   0.0008  -0.0007     -1.900 0.120 159   2.19    0.174
2018-05-05-16:55:20 1.11  Mocks_Em/MockNFW80ellip5loga2.08PA50center0With_background20num17.dat BFGS         1.0e-04 0 1 1 0     NFW      359.9987  -0.0004     -1.895 0.155 149   2.20   83.5       -863.5525       -1707.604   820 359.9987  -0.0004     -1.895 0.155 149   2.20    0.175
2018-05-05-16:55:20 1.11  Mocks_Em/MockNFW80ellip5loga2.08PA50center0With_background20num18.dat BFGS         1.0e-04 0 1 1 0     NFW      359.9992   0.0010     -1.926 0.221  42   2.21   77.2       -852.6013       -1685.702   820 359.9992   0.0010     -1.926 0.221  42   2.21    0.174
2018-05-05-16:55:20 1.11  Mocks_Em/MockNFW80ellip5loga2.08PA50center0With_background20num19.dat BFGS         1.0e-04 0 1 1 0     NFW        0.0010   0.0013     -1.987 0.175 164   2.20   65.3       -887.5704        -1755.64   820   0.0010   0.0013     -1.987 0.175 164   2.20    0.175
2018-05-05-16:55:20 1.11  Mocks_Em/MockNFW80ellip5loga2.08PA50center0With_background20num20.dat BFGS         1.0e-04 0 1 1 0     NFW      359.9998   0.0004     -1.909 0.192 135   2.19   74.7           1E+30           2E+30     8 359.9998   0.0004     -1.909 0.192 135   2.19    0.000
2018-05-05-16:55:20 1.11  Mocks_Em/MockNFW80ellip5loga2.08PA50center0With_background20num21.dat BFGS         1.0e-04 0 1 1 0     NFW        0.0010   0.0007     -1.971 0.230  41   2.23   72.0       -918.4939       -1817.487   820   0.0010   0.0007     -1.971 0.230  41   2.23    0.175
2018-05-05-16:55:20 1.11  Mocks_Em/MockNFW80ellip5loga2.08PA50center0With_background20num22.dat BFGS         1.0e-04 0 1 1 0     NFW      359.9994   0.0004     -1.930 0.163   6   2.22   73.3        -789.321       -1559.141   820 359.9994   0.0004     -1.930 0.163   6   2.22    0.173
2018-05-05-16:55:20 1.11  Mocks_Em/MockNFW80ellip5loga2.08PA50center0With_background20num23.dat BFGS         1.0e-04 0 1 1 0     NFW      359.9992  -0.0012     -1.933 0.208  32   2.20   73.0       -825.3027       -1631.105   820 359.9992  -0.0012     -1.933 0.208  32   2.20    0.174
2018-05-05-16:55:20 1.11  Mocks_Em/MockNFW80ellip5loga2.08PA50center0With_background20num24.dat BFGS         1.0e-04 0 1 1 0     NFW      359.9991   0.0006     -1.930 0.124  39   2.20   72.2        -783.972       -1548.443   820 359.9991   0.0006     -1.930 0.124  39   2.20    0.173
2018-05-05-16:55:20 1.11  Mocks_Em/MockNFW80ellip5loga2.08PA50center0With_background20num25.dat BFGS         1.0e-04 0 1 1 0     NFW      359.9995   0.0010     -1.930 0.121 159   2.20   73.0       -810.9959       -1602.491   820 359.9995   0.0010     -1.930 0.121 159   2.20    0.174
2018-05-05-16:55:20 1.11  Mocks_Em/MockNFW80ellip5loga2.08PA50center0With_background20num26.dat BFGS         1.0e-04 0 1 1 0     NFW        0.0004  -0.0013     -1.978 0.194  43   2.20   64.3        -814.059       -1608.617   820   0.0004  -0.0013     -1.978 0.194  43   2.20    0.173
2018-05-05-16:55:20 1.11  Mocks_Em/MockNFW80ellip5loga2.08PA50center0With_background20num27.dat BFGS         1.0e-04 0 1 1 0     NFW        0.0005   0.0002     -1.962 0.031  10   2.20   65.3       -767.8645       -1516.228   820   0.0005   0.0002     -1.962 0.031  10   2.20    0.172
2018-05-05-16:55:20 1.11  Mocks_Em/MockNFW80ellip5loga2.08PA50center0With_background20num28.dat BFGS         1.0e-04 0 1 1 0     NFW        0.0001  -0.0007     -1.894 0.152  30   2.15   69.8           1E+30           2E+30     8   0.0001  -0.0007     -1.894 0.152  30   2.15    0.000
2018-05-05-16:55:20 1.11  Mocks_Em/MockNFW80ellip5loga2.08PA50center0With_background20num29.dat BFGS         1.0e-04 0 1 1 0     NFW      360.0000   0.0000     -1.912 0.154  33   2.22   76.6           1E+30           2E+30     8 360.0000   0.0000     -1.912 0.154  33   2.22    0.000
2018-05-05-16:55:20 1.11  Mocks_Em/MockNFW80ellip5loga2.08PA50center0With_background20num30.dat BFGS         1.0e-04 0 1 1 0     NFW      360.0000  -0.0005     -1.970 0.183  42   2.24   71.1        -864.471       -1709.441   820 360.0000  -0.0005     -1.970 0.183  42   2.24    0.177
2018-05-05-16:55:20 1.11  Mocks_Em/MockNFW80ellip5loga2.08PA50center0With_background20num31.dat BFGS         1.0e-04 0 1 1 0     NFW      359.9999   0.0003     -1.909 0.147  12   2.21   75.6           1E+30           2E+30     8 359.9999   0.0003     -1.909 0.147  12   2.21    0.000
2018-05-05-16:55:20 1.11  Mocks_Em/MockNFW80ellip5loga2.08PA50center0With_background20num32.dat BFGS         1.0e-04 0 1 1 0     NFW        0.0010   0.0008     -1.939 0.120  13   2.19   69.2       -792.6466       -1565.792   820   0.0010   0.0008     -1.939 0.120  13   2.19    0.176
2018-05-05-16:55:20 1.11  Mocks_Em/MockNFW80ellip5loga2.08PA50center0With_background20num33.dat BFGS         1.0e-04 0 1 1 0     NFW      359.9995  -0.0001     -1.917 0.144 153   2.16   67.5       -705.3099       -1391.119   820 359.9995  -0.0001     -1.917 0.144 153   2.16    0.172
2018-05-05-16:55:20 1.11  Mocks_Em/MockNFW80ellip5loga2.08PA50center0With_background20num34.dat BFGS         1.0e-04 0 1 1 0     NFW      359.9975  -0.0006     -1.950 0.084   2   2.19   71.0       -878.6064       -1737.712   820 359.9975  -0.0006     -1.950 0.084   2   2.19    0.174
2018-05-05-16:55:20 1.11  Mocks_Em/MockNFW80ellip5loga2.08PA50center0With_background20num35.dat BFGS         1.0e-04 0 1 1 0     NFW      359.9997  -0.0001     -2.000 0.128 147   2.26   67.0       -852.2576       -1685.014   820 359.9997  -0.0001     -2.000 0.128 147   2.26    0.173
2018-05-05-16:55:20 1.11  Mocks_Em/MockNFW80ellip5loga2.08PA50center0With_background20num36.dat BFGS         1.0e-04 0 1 1 0     NFW      359.9998   0.0008     -1.885 0.164  24   2.17   77.8           1E+30           2E+30     8 359.9998   0.0008     -1.885 0.164  24   2.17    0.000
2018-05-05-16:55:20 1.11  Mocks_Em/MockNFW80ellip5loga2.08PA50center0With_background20num37.dat BFGS         1.0e-04 0 1 1 0     NFW        0.0004  -0.0005     -1.950 0.139  10   2.22   70.9       -818.7591       -1618.017   820   0.0004  -0.0005     -1.950 0.139  10   2.22    0.184
2018-05-05-16:55:20 1.11  Mocks_Em/MockNFW80ellip5loga2.08PA50center0With_background20num38.dat BFGS         1.0e-04 0 1 1 0     NFW      359.9999   0.0003     -1.941 0.250 143   2.24   75.2       -818.0856        -1616.67   820 359.9999   0.0003     -1.941 0.250 143   2.24    0.174
2018-05-05-16:55:20 1.11  Mocks_Em/MockNFW80ellip5loga2.08PA50center0With_background20num39.dat BFGS         1.0e-04 0 1 1 0     NFW        0.0007  -0.0005     -1.962 0.062  13   2.24   71.7       -849.0659       -1678.631   820   0.0007  -0.0005     -1.962 0.062  13   2.24    0.175
2018-05-05-16:55:20 1.11  Mocks_Em/MockNFW80ellip5loga2.08PA50center0With_background20num40.dat BFGS         1.0e-04 0 1 1 0     NFW        0.0010   0.0005     -1.933 0.145  45   2.22   75.4        -834.221       -1648.941   820   0.0010   0.0005     -1.933 0.145  45   2.22    0.173
2018-05-05-16:55:20 1.11  Mocks_Em/MockNFW80ellip5loga2.08PA50center0With_background20num41.dat BFGS         1.0e-04 0 1 1 0     NFW        0.0002   0.0000     -1.925 0.208 150   2.20   71.5        -741.526       -1463.551   820   0.0002   0.0000     -1.925 0.208 150   2.20    0.172
2018-05-05-16:55:20 1.11  Mocks_Em/MockNFW80ellip5loga2.08PA50center0With_background20num42.dat BFGS         1.0e-04 0 1 1 0     NFW        0.0004   0.0003     -1.935 0.157 144   2.20   70.2       -768.6101       -1517.719   820   0.0004   0.0003     -1.935 0.157 144   2.20    0.174
2018-05-05-16:55:20 1.11  Mocks_Em/MockNFW80ellip5loga2.08PA50center0With_background20num43.dat BFGS         1.0e-04 0 1 1 0     NFW      360.0000  -0.0005     -1.935 0.272  31   2.20   69.5       -748.8862       -1478.272   820 360.0000  -0.0005     -1.935 0.272  31   2.20    0.171
2018-05-05-16:55:20 1.11  Mocks_Em/MockNFW80ellip5loga2.08PA50center0With_background20num44.dat BFGS         1.0e-04 0 1 1 0     NFW      359.9999  -0.0006     -1.908 0.106 141   2.20   75.9           1E+30           2E+30     8 359.9999  -0.0006     -1.908 0.106 141   2.20    0.000
2018-05-05-16:55:20 1.11  Mocks_Em/MockNFW80ellip5loga2.08PA50center0With_background20num45.dat BFGS         1.0e-04 0 1 1 0     NFW        0.0005   0.0013     -1.926 0.243  36   2.21   75.1       -816.1451       -1612.789   820   0.0005   0.0013     -1.926 0.243  36   2.21    0.173
2018-05-05-16:55:20 1.11  Mocks_Em/MockNFW80ellip5loga2.08PA50center0With_background20num46.dat BFGS         1.0e-04 0 1 1 0     NFW        0.0012   0.0001     -1.959 0.197 137   2.21   68.9       -832.0049       -1644.509   820   0.0012   0.0001     -1.959 0.197 137   2.21    0.174
2018-05-05-16:55:20 1.11  Mocks_Em/MockNFW80ellip5loga2.08PA50center0With_background20num47.dat BFGS         1.0e-04 0 1 1 0     NFW      359.9998   0.0001     -1.925 0.270 136   2.21   73.8       -768.5512       -1517.602   820 359.9998   0.0001     -1.925 0.270 136   2.21    0.172
2018-05-05-16:55:20 1.11  Mocks_Em/MockNFW80ellip5loga2.08PA50center0With_background20num48.dat BFGS         1.0e-04 0 1 1 0     NFW        0.0002  -0.0002     -1.903 0.185  24   2.20   77.7           1E+30           2E+30     8   0.0002  -0.0002     -1.903 0.185  24   2.20    0.000
2018-05-05-16:55:20 1.11  Mocks_Em/MockNFW80ellip5loga2.08PA50center0With_background20num49.dat BFGS         1.0e-04 0 1 1 0     NFW      359.9993  -0.0003     -1.918 0.030 156   2.22   75.7           1E+30           2E+30     8 359.9993  -0.0003     -1.918 0.030 156   2.22    0.000
2018-05-05-16:55:20 1.11  Mocks_Em/MockNFW80ellip5loga2.08PA50center0With_background20num50.dat BFGS         1.0e-04 0 1 1 0     NFW      359.9998  -0.0002     -1.986 0.192 153   2.24   66.4       -830.0863       -1640.672   820 359.9998  -0.0002     -1.986 0.192 153   2.24    0.173
2018-05-05-16:55:20 1.11  Mocks_Em/MockNFW80ellip5loga2.08PA50center0With_background20num51.dat BFGS         1.0e-04 0 1 1 0     NFW      359.9991  -0.0010     -1.933 0.163  18   2.22   75.4       -838.8411       -1658.181   820 359.9991  -0.0010     -1.933 0.163  18   2.22    0.173
2018-05-05-16:55:20 1.11  Mocks_Em/MockNFW80ellip5loga2.08PA50center0With_background20num52.dat BFGS         1.0e-04 0 1 1 0     NFW        0.0004   0.0007     -1.925 0.024 145   2.23   78.4        -850.269       -1681.037   820   0.0004   0.0007     -1.925 0.024 145   2.23    0.173
2018-05-05-16:55:20 1.11  Mocks_Em/MockNFW80ellip5loga2.08PA50center0With_background20num53.dat BFGS         1.0e-04 0 1 1 0     NFW        0.0001  -0.0005     -1.850 0.199  45   2.14   76.0           1E+30           2E+30     8   0.0001  -0.0005     -1.850 0.199  45   2.14    0.000
2018-05-05-16:55:20 1.11  Mocks_Em/MockNFW80ellip5loga2.08PA50center0With_background20num54.dat BFGS         1.0e-04 0 1 1 0     NFW        0.0000   0.0004     -1.903 0.056  22   2.19   74.0           1E+30           2E+30     8   0.0000   0.0004     -1.903 0.056  22   2.19    0.000
2018-05-05-16:55:20 1.11  Mocks_Em/MockNFW80ellip5loga2.08PA50center0With_background20num55.dat BFGS         1.0e-04 0 1 1 0     NFW      360.0000   0.0004     -1.915 0.043  37   2.21   74.9           1E+30           2E+30     8 360.0000   0.0004     -1.915 0.043  37   2.21    0.000
2018-05-05-16:55:20 1.11  Mocks_Em/MockNFW80ellip5loga2.08PA50center0With_background20num56.dat BFGS         1.0e-04 0 1 1 0     NFW      359.9996  -0.0003     -1.898 0.297  34   2.19   76.4           1E+30           2E+30     8 359.9996  -0.0003     -1.898 0.297  34   2.19    0.000
2018-05-05-16:55:20 1.11  Mocks_Em/MockNFW80ellip5loga2.08PA50center0With_background20num57.dat BFGS         1.0e-04 0 1 1 0     NFW      360.0000  -0.0008     -1.921 0.134  28   2.21   76.2       -806.6171       -1593.733   820 360.0000  -0.0008     -1.921 0.134  28   2.21    0.177
2018-05-05-16:55:20 1.11  Mocks_Em/MockNFW80ellip5loga2.08PA50center0With_background20num58.dat BFGS         1.0e-04 0 1 1 0     NFW        0.0015   0.0001     -1.958 0.127  29   2.19   68.4       -846.8628       -1674.225   820   0.0015   0.0001     -1.958 0.127  29   2.19    0.178
2018-05-05-16:55:20 1.11  Mocks_Em/MockNFW80ellip5loga2.08PA50center0With_background20num59.dat BFGS         1.0e-04 0 1 1 0     NFW      359.9989  -0.0001     -1.905 0.052  17   2.22   80.9           1E+30           2E+30     8 359.9989  -0.0001     -1.905 0.052  17   2.22    0.000
2018-05-05-16:55:20 1.11  Mocks_Em/MockNFW80ellip5loga2.08PA50center0With_background20num60.dat BFGS         1.0e-04 0 1 1 0     NFW        0.0009   0.0003     -1.987 0.129  44   2.21   64.4       -845.8652        -1672.23   820   0.0009   0.0003     -1.987 0.129  44   2.21    0.178
2018-05-05-16:55:20 1.11  Mocks_Em/MockNFW80ellip5loga2.08PA50center0With_background20num61.dat BFGS         1.0e-04 0 1 1 0     NFW        0.0011   0.0004     -1.958 0.177 159   2.18   64.8       -781.5212       -1543.542   820   0.0011   0.0004     -1.958 0.177 159   2.18    0.173
2018-05-05-16:55:20 1.11  Mocks_Em/MockNFW80ellip5loga2.08PA50center0With_background20num62.dat BFGS         1.0e-04 0 1 1 0     NFW      359.9997   0.0015     -1.929 0.093  32   2.21   76.7       -858.7309       -1697.961   820 359.9997   0.0015     -1.929 0.093  32   2.21    0.174
2018-05-05-16:55:20 1.11  Mocks_Em/MockNFW80ellip5loga2.08PA50center0With_background20num63.dat BFGS         1.0e-04 0 1 1 0     NFW      359.9992   0.0001     -1.899 0.083 135   2.20   78.7           1E+30           2E+30     8 359.9992   0.0001     -1.899 0.083 135   2.20    0.000
2018-05-05-16:55:20 1.11  Mocks_Em/MockNFW80ellip5loga2.08PA50center0With_background20num64.dat BFGS         1.0e-04 0 1 1 0     NFW      359.9993  -0.0001     -1.915 0.179 141   2.21   76.7       -794.7163       -1569.932   820 359.9993  -0.0001     -1.915 0.179 141   2.21    0.173
2018-05-05-16:55:20 1.11  Mocks_Em/MockNFW80ellip5loga2.08PA50center0With_background20num65.dat BFGS         1.0e-04 0 1 1 0     NFW      359.9996  -0.0008     -1.961 0.204  45   2.18   65.0       -790.8042       -1562.108   820 359.9996  -0.0008     -1.961 0.204  45   2.18    0.173
2018-05-05-16:55:20 1.11  Mocks_Em/MockNFW80ellip5loga2.08PA50center0With_background20num66.dat BFGS         1.0e-04 0 1 1 0     NFW        0.0013  -0.0001     -1.989 0.235  29   2.21   64.0       -839.4963       -1659.492   820   0.0013  -0.0001     -1.989 0.235  29   2.21    0.173
2018-05-05-16:55:20 1.11  Mocks_Em/MockNFW80ellip5loga2.08PA50center0With_background20num67.dat BFGS         1.0e-04 0 1 1 0     NFW      359.9998   0.0013     -1.958 0.215 155   2.20   68.4       -821.8906        -1624.28   820 359.9998   0.0013     -1.958 0.215 155   2.20    0.173
2018-05-05-16:55:20 1.11  Mocks_Em/MockNFW80ellip5loga2.08PA50center0With_background20num68.dat BFGS         1.0e-04 0 1 1 0     NFW      359.9996   0.0003     -1.898 0.155 142   2.20   77.8           1E+30           2E+30     8 359.9996   0.0003     -1.898 0.155 142   2.20    0.000
2018-05-05-16:55:20 1.11  Mocks_Em/MockNFW80ellip5loga2.08PA50center0With_background20num69.dat BFGS         1.0e-04 0 1 1 0     NFW      359.9998   0.0003     -1.993 0.126  42   2.21   60.0        -753.257       -1487.013   820 359.9998   0.0003     -1.993 0.126  42   2.21    0.172
2018-05-05-16:55:20 1.11  Mocks_Em/MockNFW80ellip5loga2.08PA50center0With_background20num70.dat BFGS         1.0e-04 0 1 1 0     NFW        0.0003  -0.0002     -1.905 0.218  31   2.17   71.9           1E+30           2E+30     8   0.0003  -0.0002     -1.905 0.218  31   2.17    0.000
2018-05-05-16:55:20 1.11  Mocks_Em/MockNFW80ellip5loga2.08PA50center0With_background20num71.dat BFGS         1.0e-04 0 1 1 0     NFW      359.9993  -0.0001     -1.965 0.082  23   2.24   71.1       -848.6067       -1677.713   820 359.9993  -0.0001     -1.965 0.082  23   2.24    0.173
2018-05-05-16:55:20 1.11  Mocks_Em/MockNFW80ellip5loga2.08PA50center0With_background20num72.dat BFGS         1.0e-04 0 1 1 0     NFW      359.9998  -0.0004     -1.921 0.227  38   2.23   77.5           1E+30           2E+30     8 359.9998  -0.0004     -1.921 0.227  38   2.23    0.000
2018-05-05-16:55:20 1.11  Mocks_Em/MockNFW80ellip5loga2.08PA50center0With_background20num73.dat BFGS         1.0e-04 0 1 1 0     NFW      359.9988  -0.0004     -1.930 0.146 159   2.21   75.8       -841.3616       -1663.222   820 359.9988  -0.0004     -1.930 0.146 159   2.21    0.174
2018-05-05-16:55:20 1.11  Mocks_Em/MockNFW80ellip5loga2.08PA50center0With_background20num74.dat BFGS         1.0e-04 0 1 1 0     NFW      359.9991   0.0001     -1.963 0.055 165   2.20   66.0       -804.7561       -1590.011   820 359.9991   0.0001     -1.963 0.055 165   2.20    0.172
2018-05-05-16:55:20 1.11  Mocks_Em/MockNFW80ellip5loga2.08PA50center0With_background20num75.dat BFGS         1.0e-04 0 1 1 0     NFW      359.9996   0.0011     -1.941 0.087  26   2.24   75.2       -814.5323       -1609.564   820 359.9996   0.0011     -1.941 0.087  26   2.24    0.173
2018-05-05-16:55:20 1.11  Mocks_Em/MockNFW80ellip5loga2.08PA50center0With_background20num76.dat BFGS         1.0e-04 0 1 1 0     NFW      359.9996  -0.0005     -1.947 0.057 140   2.21   69.9       -795.1149       -1570.729   820 359.9996  -0.0005     -1.947 0.057 140   2.21    0.172
2018-05-05-16:55:20 1.11  Mocks_Em/MockNFW80ellip5loga2.08PA50center0With_background20num77.dat BFGS         1.0e-04 0 1 1 0     NFW      359.9996  -0.0005     -1.953 0.156 159   2.23   71.7       -817.0861       -1614.671   820 359.9996  -0.0005     -1.953 0.156 159   2.23    0.173
2018-05-05-16:55:20 1.11  Mocks_Em/MockNFW80ellip5loga2.08PA50center0With_background20num78.dat BFGS         1.0e-04 0 1 1 0     NFW      359.9999   0.0001     -1.936 0.055 149   2.23   72.4       -761.9773       -1504.454   820 359.9999   0.0001     -1.936 0.055 149   2.23    0.183
2018-05-05-16:55:20 1.11  Mocks_Em/MockNFW80ellip5loga2.08PA50center0With_background20num79.dat BFGS         1.0e-04 0 1 1 0     NFW        0.0003   0.0008     -1.946 0.117 140   2.18   66.8       -776.8554        -1534.21   820   0.0003   0.0008     -1.946 0.117 140   2.18    0.173
2018-05-05-16:55:20 1.11  Mocks_Em/MockNFW80ellip5loga2.08PA50center0With_background20num80.dat BFGS         1.0e-04 0 1 1 0     NFW        0.0004   0.0005     -1.966 0.057  22   2.21   65.1       -766.0025       -1512.504   820   0.0004   0.0005     -1.966 0.057  22   2.21    0.173
2018-05-05-16:55:20 1.11  Mocks_Em/MockNFW80ellip5loga2.08PA50center0With_background20num81.dat BFGS         1.0e-04 0 1 1 0     NFW      359.9997  -0.0003     -1.930 0.094 156   2.23   74.9       -792.0715       -1564.642   820 359.9997  -0.0003     -1.930 0.094 156   2.23    0.173
2018-05-05-16:55:20 1.11  Mocks_Em/MockNFW80ellip5loga2.08PA50center0With_background20num82.dat BFGS         1.0e-04 0 1 1 0     NFW      359.9993  -0.0002     -1.981 0.147  20   2.21   63.7       -799.0907       -1578.681   820 359.9993  -0.0002     -1.981 0.147  20   2.21    0.173
2018-05-05-16:55:20 1.11  Mocks_Em/MockNFW80ellip5loga2.08PA50center0With_background20num83.dat BFGS         1.0e-04 0 1 1 0     NFW      359.9999   0.0006     -1.935 0.168  33   2.22   72.3       -772.3721       -1525.244   820 359.9999   0.0006     -1.935 0.168  33   2.22    0.172
2018-05-05-16:55:20 1.11  Mocks_Em/MockNFW80ellip5loga2.08PA50center0With_background20num84.dat BFGS         1.0e-04 0 1 1 0     NFW        0.0007  -0.0005     -1.924 0.091 172   2.19   71.8       -768.0558       -1516.611   820   0.0007  -0.0005     -1.924 0.091 172   2.19    0.173
2018-05-05-16:55:20 1.11  Mocks_Em/MockNFW80ellip5loga2.08PA50center0With_background20num85.dat BFGS         1.0e-04 0 1 1 0     NFW        0.0006  -0.0005     -1.903 0.055   3   2.21   79.8           1E+30           2E+30     8   0.0006  -0.0005     -1.903 0.055   3   2.21    0.000
2018-05-05-16:55:20 1.11  Mocks_Em/MockNFW80ellip5loga2.08PA50center0With_background20num86.dat BFGS         1.0e-04 0 1 1 0     NFW        0.0004  -0.0017     -1.964 0.105  10   2.24   72.1       -854.0477       -1688.595   820   0.0004  -0.0017     -1.964 0.105  10   2.24    0.179
2018-05-05-16:55:20 1.11  Mocks_Em/MockNFW80ellip5loga2.08PA50center0With_background20num87.dat BFGS         1.0e-04 0 1 1 0     NFW        0.0006  -0.0003     -1.930 0.039  40   2.19   70.8       -779.9616       -1540.422   820   0.0006  -0.0003     -1.930 0.039  40   2.19    0.173
2018-05-05-16:55:20 1.11  Mocks_Em/MockNFW80ellip5loga2.08PA50center0With_background20num88.dat BFGS         1.0e-04 0 1 1 0     NFW        0.0005   0.0004     -1.958 0.021  17   2.22   68.6       -808.5339       -1597.567   820   0.0005   0.0004     -1.958 0.021  17   2.22    0.173
2018-05-05-16:55:20 1.11  Mocks_Em/MockNFW80ellip5loga2.08PA50center0With_background20num89.dat BFGS         1.0e-04 0 1 1 0     NFW      360.0000  -0.0000     -1.932 0.124 150   2.19   68.7       -731.1571       -1442.813   820 360.0000  -0.0000     -1.932 0.124 150   2.19    0.172
2018-05-05-16:55:20 1.11  Mocks_Em/MockNFW80ellip5loga2.08PA50center0With_background20num90.dat BFGS         1.0e-04 0 1 1 0     NFW        0.0013   0.0009     -1.908 0.129  41   2.19   79.2       -855.6788       -1691.857   820   0.0013   0.0009     -1.908 0.129  41   2.19    0.175
2018-05-05-16:55:20 1.11  Mocks_Em/MockNFW80ellip5loga2.08PA50center0With_background20num91.dat BFGS         1.0e-04 0 1 1 0     NFW        0.0002  -0.0004     -1.938 0.179  16   2.21   71.3        -778.534       -1537.567   820   0.0002  -0.0004     -1.938 0.179  16   2.21    0.171
2018-05-05-16:55:20 1.11  Mocks_Em/MockNFW80ellip5loga2.08PA50center0With_background20num92.dat BFGS         1.0e-04 0 1 1 0     NFW      359.9988   0.0002     -1.902 0.116  30   2.19   76.8       -792.5149       -1565.529   820 359.9988   0.0002     -1.902 0.116  30   2.19    0.173
2018-05-05-16:55:20 1.11  Mocks_Em/MockNFW80ellip5loga2.08PA50center0With_background20num93.dat BFGS         1.0e-04 0 1 1 0     NFW      359.9998  -0.0003     -1.962 0.197 148   2.21   65.5       -744.2174       -1468.934   820 359.9998  -0.0003     -1.962 0.197 148   2.21    0.175
2018-05-05-16:55:20 1.11  Mocks_Em/MockNFW80ellip5loga2.08PA50center0With_background20num94.dat BFGS         1.0e-04 0 1 1 0     NFW        0.0004   0.0001     -1.964 0.180  15   2.21   66.2       -781.4389       -1543.377   820   0.0004   0.0001     -1.964 0.180  15   2.21    0.172
2018-05-05-16:55:20 1.11  Mocks_Em/MockNFW80ellip5loga2.08PA50center0With_background20num95.dat BFGS         1.0e-04 0 1 1 0     NFW        0.0001  -0.0009     -1.890 0.141  23   2.17   76.0           1E+30           2E+30     8   0.0001  -0.0009     -1.890 0.141  23   2.17    0.000
2018-05-05-16:55:20 1.11  Mocks_Em/MockNFW80ellip5loga2.08PA50center0With_background20num96.dat BFGS         1.0e-04 0 1 1 0     NFW        0.0007   0.0006     -1.942 0.160 143   2.20   70.7        -815.521       -1611.541   820   0.0007   0.0006     -1.942 0.160 143   2.20    0.177
2018-05-05-16:55:20 1.11  Mocks_Em/MockNFW80ellip5loga2.08PA50center0With_background20num97.dat BFGS         1.0e-04 0 1 1 0     NFW        0.0006  -0.0003     -1.946 0.058 146   2.23   73.7       -839.2633       -1659.026   820   0.0006  -0.0003     -1.946 0.058 146   2.23    0.178
2018-05-05-16:55:20 1.11  Mocks_Em/MockNFW80ellip5loga2.08PA50center0With_background20num98.dat BFGS         1.0e-04 0 1 1 0     NFW        0.0007   0.0007     -1.935 0.160  38   2.23   73.5       -788.4398       -1557.379   820   0.0007   0.0007     -1.935 0.160  38   2.23    0.172
2018-05-05-16:55:20 1.11  Mocks_Em/MockNFW80ellip5loga2.08PA50center0With_background20num99.dat BFGS         1.0e-04 0 1 1 0     NFW      359.9999   0.0000     -1.926 0.165 138   2.22   74.9       -788.2245       -1556.948   820 359.9999   0.0000     -1.926 0.165 138   2.22    0.173
