2018-05-05-16:54:44 1.11  Mocks_Em/MockNFW80ellip5loga2.08PA50center0With_background20num0.dat L-BFGS-B     1.0e-04 0 1 1 0     NFW      359.9992  -0.0007     -2.089 0.136 146   2.19   47.6       -802.0513       -1584.602    35 359.9992  -0.0007     -1.963 0.149 146   2.19    0.025
2018-05-05-16:54:44 1.11  Mocks_Em/MockNFW80ellip5loga2.08PA50center0With_background20num1.dat L-BFGS-B     1.0e-04 0 1 1 0     NFW        0.0011   0.0004     -1.910 0.025 159   2.18   71.9       -749.6696       -1479.838    42   0.0011   0.0004     -1.927 0.088 159   2.17    0.027
2018-05-05-16:54:44 1.11  Mocks_Em/MockNFW80ellip5loga2.08PA50center0With_background20num2.dat L-BFGS-B     1.0e-04 0 1 1 0     NFW      359.9988   0.0001     -1.912 0.000 139   2.26   77.0       -788.7327       -1557.965    98 359.9988   0.0001     -1.909 0.182 139   2.21    0.052
2018-05-05-16:54:44 1.11  Mocks_Em/MockNFW80ellip5loga2.08PA50center0With_background20num3.dat L-BFGS-B     1.0e-04 0 1 1 0     NFW        0.0004  -0.0005     -1.906 0.016 154   2.18   71.8       -736.1724       -1452.844    63   0.0004  -0.0005     -1.884 0.115 154   2.17    0.030
2018-05-05-16:54:44 1.11  Mocks_Em/MockNFW80ellip5loga2.08PA50center0With_background20num4.dat L-BFGS-B     1.0e-04 0 1 1 0     NFW        0.0011   0.0005     -1.914 0.016  18   2.20   76.7       -824.0148       -1628.529    28   0.0011   0.0005     -1.978 0.069  18   2.20    0.012
2018-05-05-16:54:44 1.11  Mocks_Em/MockNFW80ellip5loga2.08PA50center0With_background20num5.dat L-BFGS-B     1.0e-04 0 1 1 0     NFW        0.0005   0.0001     -1.910 0.000 140   2.44   83.7       -864.5206        -1709.54   161   0.0005   0.0001     -2.001 0.216 140   2.24    0.063
2018-05-05-16:54:44 1.11  Mocks_Em/MockNFW80ellip5loga2.08PA50center0With_background20num6.dat L-BFGS-B     1.0e-04 0 1 1 0     NFW      359.9995   0.0001     -2.000 0.121  23   2.19   57.5       -750.7192       -1481.938    35 359.9995   0.0001     -1.908 0.128  23   2.19    0.013
2018-05-05-16:54:44 1.11  Mocks_Em/MockNFW80ellip5loga2.08PA50center0With_background20num7.dat L-BFGS-B     1.0e-04 0 1 1 0     NFW        0.0002   0.0007     -1.905 0.000 141   2.21   77.8       -795.4236       -1571.346   126   0.0002   0.0007     -1.913 0.181 141   2.20    0.044
2018-05-05-16:54:44 1.11  Mocks_Em/MockNFW80ellip5loga2.08PA50center0With_background20num8.dat L-BFGS-B     1.0e-04 0 1 1 0     NFW        0.0004   0.0004     -2.163 0.083 162   2.20   39.8       -774.4006         -1529.3    35   0.0004   0.0004     -1.965 0.095 162   2.20    0.012
2018-05-05-16:54:44 1.11  Mocks_Em/MockNFW80ellip5loga2.08PA50center0With_background20num9.dat L-BFGS-B     1.0e-04 0 1 1 0     NFW      359.9995  -0.0001     -1.910 0.275  30   2.22   79.3       -815.4044       -1611.308    28 359.9995  -0.0001     -1.893 0.178  30   2.22    0.010
2018-05-05-16:54:44 1.11  Mocks_Em/MockNFW80ellip5loga2.08PA50center0With_background20num10.dat L-BFGS-B     1.0e-04 0 1 1 0     NFW      359.9993  -0.0003     -1.935 0.542  44   2.23   75.6       -842.0449       -1664.589    49 359.9993  -0.0003     -1.968 0.227  44   2.23    0.017
2018-05-05-16:54:44 1.11  Mocks_Em/MockNFW80ellip5loga2.08PA50center0With_background20num11.dat L-BFGS-B     1.0e-04 0 1 1 0     NFW        0.0006   0.0000     -1.909 0.000 146   2.24   77.9       -807.4544       -1595.408   161   0.0006   0.0000     -1.957 0.242 146   2.21    0.057
2018-05-05-16:54:44 1.11  Mocks_Em/MockNFW80ellip5loga2.08PA50center0With_background20num12.dat L-BFGS-B     1.0e-04 0 1 1 0     NFW      359.9989  -0.0008     -2.026 0.067 154   2.19   57.2       -841.7232       -1663.946    28 359.9989  -0.0008     -1.971 0.069 154   2.19    0.010
2018-05-05-16:54:44 1.11  Mocks_Em/MockNFW80ellip5loga2.08PA50center0With_background20num13.dat L-BFGS-B     1.0e-04 0 1 1 0     NFW        0.0000  -0.0009     -1.929 0.301  36   2.20   72.1       -783.7281       -1547.955    35   0.0000  -0.0009     -1.936 0.140  36   2.20    0.012
2018-05-05-16:54:44 1.11  Mocks_Em/MockNFW80ellip5loga2.08PA50center0With_background20num14.dat L-BFGS-B     1.0e-04 0 1 1 0     NFW        0.0004   0.0006     -1.943 0.284 179   2.20   68.7       -776.4048       -1533.309    42   0.0004   0.0006     -1.949 0.192 179   2.19    0.014
2018-05-05-16:54:44 1.11  Mocks_Em/MockNFW80ellip5loga2.08PA50center0With_background20num15.dat L-BFGS-B     1.0e-04 0 1 1 0     NFW      359.9997   0.0006     -1.949 0.034  29   2.21   70.8       -816.7216       -1613.942    21 359.9997   0.0006     -1.957 0.062  29   2.21    0.008
2018-05-05-16:54:44 1.11  Mocks_Em/MockNFW80ellip5loga2.08PA50center0With_background20num16.dat L-BFGS-B     1.0e-04 0 1 1 0     NFW        0.0008  -0.0007     -1.896 0.001 159   2.25   79.3       -798.4091       -1577.317    98   0.0008  -0.0007     -1.900 0.120 159   2.19    0.035
2018-05-05-16:54:44 1.11  Mocks_Em/MockNFW80ellip5loga2.08PA50center0With_background20num17.dat L-BFGS-B     1.0e-04 0 1 1 0     NFW      359.9987  -0.0004     -1.884 0.001 149   2.37   86.1        -865.223       -1710.945    84 359.9987  -0.0004     -1.895 0.155 149   2.20    0.030
2018-05-05-16:54:44 1.11  Mocks_Em/MockNFW80ellip5loga2.08PA50center0With_background20num18.dat L-BFGS-B     1.0e-04 0 1 1 0     NFW      359.9992   0.0010     -1.909 0.538  42   2.22   80.8       -854.7265       -1689.952    49 359.9992   0.0010     -1.926 0.221  42   2.21    0.017
2018-05-05-16:54:44 1.11  Mocks_Em/MockNFW80ellip5loga2.08PA50center0With_background20num19.dat L-BFGS-B     1.0e-04 0 1 1 0     NFW        0.0010   0.0013     -2.104 0.224 164   2.20   49.0       -887.9961       -1756.491    28   0.0010   0.0013     -1.987 0.175 164   2.20    0.010
2018-05-05-16:54:44 1.11  Mocks_Em/MockNFW80ellip5loga2.08PA50center0With_background20num20.dat L-BFGS-B     1.0e-04 0 1 1 0     NFW      359.9998   0.0004     -1.913 0.000 135   2.23   74.0       -761.5505         -1503.6   126 359.9998   0.0004     -1.909 0.192 135   2.19    0.044
2018-05-05-16:54:44 1.11  Mocks_Em/MockNFW80ellip5loga2.08PA50center0With_background20num21.dat L-BFGS-B     1.0e-04 0 1 1 0     NFW        0.0010   0.0007     -1.943 0.421  41   2.23   77.5       -919.5473       -1819.594    28   0.0010   0.0007     -1.971 0.230  41   2.23    0.010
2018-05-05-16:54:44 1.11  Mocks_Em/MockNFW80ellip5loga2.08PA50center0With_background20num22.dat L-BFGS-B     1.0e-04 0 1 1 0     NFW      359.9994   0.0004     -2.210 0.134   6   2.22   36.6       -790.4079       -1561.315    35 359.9994   0.0004     -1.930 0.163   6   2.22    0.012
2018-05-05-16:54:44 1.11  Mocks_Em/MockNFW80ellip5loga2.08PA50center0With_background20num23.dat L-BFGS-B     1.0e-04 0 1 1 0     NFW      359.9992  -0.0012     -1.926 0.316  32   2.20   74.4       -825.7325       -1631.964    28 359.9992  -0.0012     -1.933 0.208  32   2.20    0.010
2018-05-05-16:54:44 1.11  Mocks_Em/MockNFW80ellip5loga2.08PA50center0With_background20num24.dat L-BFGS-B     1.0e-04 0 1 1 0     NFW      359.9991   0.0006     -1.913 0.036  39   2.21   75.6       -784.1108       -1548.721    35 359.9991   0.0006     -1.930 0.124  39   2.20    0.013
2018-05-05-16:54:44 1.11  Mocks_Em/MockNFW80ellip5loga2.08PA50center0With_background20num25.dat L-BFGS-B     1.0e-04 0 1 1 0     NFW      359.9995   0.0010     -1.900 0.015 159   2.22   79.2       -811.5465       -1603.592    56 359.9995   0.0010     -1.930 0.121 159   2.20    0.021
2018-05-05-16:54:44 1.11  Mocks_Em/MockNFW80ellip5loga2.08PA50center0With_background20num26.dat L-BFGS-B     1.0e-04 0 1 1 0     NFW        0.0004  -0.0013     -1.945 0.449  43   2.20   70.1       -815.5886       -1611.676    28   0.0004  -0.0013     -1.978 0.194  43   2.20    0.010
2018-05-05-16:54:44 1.11  Mocks_Em/MockNFW80ellip5loga2.08PA50center0With_background20num27.dat L-BFGS-B     1.0e-04 0 1 1 0     NFW        0.0005   0.0002     -2.010 0.030  10   2.20   57.6       -767.9092       -1516.318    28   0.0005   0.0002     -1.962 0.031  10   2.20    0.010
2018-05-05-16:54:44 1.11  Mocks_Em/MockNFW80ellip5loga2.08PA50center0With_background20num28.dat L-BFGS-B     1.0e-04 0 1 1 0     NFW        0.0001  -0.0007     -1.923 0.325  30   2.15   64.2       -666.9037       -1314.307    35   0.0001  -0.0007     -1.894 0.152  30   2.15    0.012
2018-05-05-16:54:44 1.11  Mocks_Em/MockNFW80ellip5loga2.08PA50center0With_background20num29.dat L-BFGS-B     1.0e-04 0 1 1 0     NFW      360.0000   0.0000     -1.925 0.288  33   2.22   74.0       -763.5179       -1507.535    35 360.0000   0.0000     -1.912 0.154  33   2.22    0.012
2018-05-05-16:54:44 1.11  Mocks_Em/MockNFW80ellip5loga2.08PA50center0With_background20num30.dat L-BFGS-B     1.0e-04 0 1 1 0     NFW      360.0000  -0.0005     -1.936 0.531  42   2.24   77.9       -866.7019       -1713.903    49 360.0000  -0.0005     -1.970 0.183  42   2.24    0.017
2018-05-05-16:54:44 1.11  Mocks_Em/MockNFW80ellip5loga2.08PA50center0With_background20num31.dat L-BFGS-B     1.0e-04 0 1 1 0     NFW      359.9999   0.0003     -1.923 0.014  12   2.22   72.5       -749.9762       -1480.452    49 359.9999   0.0003     -1.909 0.147  12   2.21    0.017
2018-05-05-16:54:44 1.11  Mocks_Em/MockNFW80ellip5loga2.08PA50center0With_background20num32.dat L-BFGS-B     1.0e-04 0 1 1 0     NFW        0.0010   0.0008     -2.058 0.111  13   2.19   50.9       -792.8527       -1566.205    35   0.0010   0.0008     -1.939 0.120  13   2.19    0.012
2018-05-05-16:54:44 1.11  Mocks_Em/MockNFW80ellip5loga2.08PA50center0With_background20num33.dat L-BFGS-B     1.0e-04 0 1 1 0     NFW      359.9995  -0.0001     -2.072 0.130 153   2.16   44.9       -705.6182       -1391.736    35 359.9995  -0.0001     -1.917 0.144 153   2.16    0.012
2018-05-05-16:54:44 1.11  Mocks_Em/MockNFW80ellip5loga2.08PA50center0With_background20num34.dat L-BFGS-B     1.0e-04 0 1 1 0     NFW      359.9975  -0.0006     -1.882 0.010   2   2.20   85.3       -879.4302        -1739.36    63 359.9975  -0.0006     -1.950 0.084   2   2.19    0.023
2018-05-05-16:54:44 1.11  Mocks_Em/MockNFW80ellip5loga2.08PA50center0With_background20num35.dat L-BFGS-B     1.0e-04 0 1 1 0     NFW      359.9997  -0.0001     -1.924 0.000 147   2.32   82.3         -853.78       -1688.059   126 359.9997  -0.0001     -2.000 0.128 147   2.26    0.044
2018-05-05-16:54:44 1.11  Mocks_Em/MockNFW80ellip5loga2.08PA50center0With_background20num36.dat L-BFGS-B     1.0e-04 0 1 1 0     NFW      359.9998   0.0008     -1.902 0.017  24   2.19   74.0       -750.3299       -1481.159    49 359.9998   0.0008     -1.885 0.164  24   2.17    0.017
2018-05-05-16:54:44 1.11  Mocks_Em/MockNFW80ellip5loga2.08PA50center0With_background20num37.dat L-BFGS-B     1.0e-04 0 1 1 0     NFW        0.0004  -0.0005     -2.014 0.129  10   2.22   60.0       -818.8301       -1618.159    35   0.0004  -0.0005     -1.950 0.139  10   2.22    0.012
2018-05-05-16:54:44 1.11  Mocks_Em/MockNFW80ellip5loga2.08PA50center0With_background20num38.dat L-BFGS-B     1.0e-04 0 1 1 0     NFW      359.9999   0.0003     -1.921 0.000 143   2.46   79.3       -821.4907       -1623.481   161 359.9999   0.0003     -1.941 0.250 143   2.24    0.055
2018-05-05-16:54:44 1.11  Mocks_Em/MockNFW80ellip5loga2.08PA50center0With_background20num39.dat L-BFGS-B     1.0e-04 0 1 1 0     NFW        0.0007  -0.0005     -1.908 0.000  13   2.36   83.0       -849.6339       -1679.767   105   0.0007  -0.0005     -1.962 0.062  13   2.24    0.037
2018-05-05-16:54:44 1.11  Mocks_Em/MockNFW80ellip5loga2.08PA50center0With_background20num40.dat L-BFGS-B     1.0e-04 0 1 1 0     NFW        0.0010   0.0005     -1.917 0.461  45   2.22   78.6       -835.6852        -1651.87    28   0.0010   0.0005     -1.933 0.145  45   2.22    0.010
2018-05-05-16:54:44 1.11  Mocks_Em/MockNFW80ellip5loga2.08PA50center0With_background20num41.dat L-BFGS-B     1.0e-04 0 1 1 0     NFW        0.0002   0.0000     -1.920 0.000 150   2.24   72.5       -743.6424       -1467.784   126   0.0002   0.0000     -1.925 0.208 150   2.20    0.043
2018-05-05-16:54:44 1.11  Mocks_Em/MockNFW80ellip5loga2.08PA50center0With_background20num42.dat L-BFGS-B     1.0e-04 0 1 1 0     NFW        0.0004   0.0003     -1.931 0.273 144   2.20   71.0       -768.8395       -1518.178    49   0.0004   0.0003     -1.935 0.157 144   2.20    0.016
2018-05-05-16:54:44 1.11  Mocks_Em/MockNFW80ellip5loga2.08PA50center0With_background20num43.dat L-BFGS-B     1.0e-04 0 1 1 0     NFW      360.0000  -0.0005     -1.931 0.379  31   2.20   70.1       -749.1629       -1478.825    28 360.0000  -0.0005     -1.935 0.272  31   2.20    0.010
2018-05-05-16:54:44 1.11  Mocks_Em/MockNFW80ellip5loga2.08PA50center0With_background20num44.dat L-BFGS-B     1.0e-04 0 1 1 0     NFW      359.9999  -0.0006     -1.909 0.001 141   2.22   75.5       -776.9547       -1534.409    98 359.9999  -0.0006     -1.908 0.106 141   2.20    0.034
2018-05-05-16:54:44 1.11  Mocks_Em/MockNFW80ellip5loga2.08PA50center0With_background20num45.dat L-BFGS-B     1.0e-04 0 1 1 0     NFW        0.0005   0.0013     -1.916 0.532  36   2.21   77.3       -818.0157       -1616.531    49   0.0005   0.0013     -1.926 0.243  36   2.21    0.017
2018-05-05-16:54:44 1.11  Mocks_Em/MockNFW80ellip5loga2.08PA50center0With_background20num46.dat L-BFGS-B     1.0e-04 0 1 1 0     NFW        0.0012   0.0001     -1.898 0.001 137   2.58   81.4       -834.5517       -1649.603   119   0.0012   0.0001     -1.959 0.197 137   2.21    0.041
2018-05-05-16:54:44 1.11  Mocks_Em/MockNFW80ellip5loga2.08PA50center0With_background20num47.dat L-BFGS-B     1.0e-04 0 1 1 0     NFW      359.9998   0.0001     -1.920 0.000 136   2.25   74.8       -773.0093       -1526.518   133 359.9998   0.0001     -1.925 0.270 136   2.21    0.046
2018-05-05-16:54:44 1.11  Mocks_Em/MockNFW80ellip5loga2.08PA50center0With_background20num48.dat L-BFGS-B     1.0e-04 0 1 1 0     NFW        0.0002  -0.0002     -1.913 0.019  24   2.23   75.5       -770.8354        -1522.17    49   0.0002  -0.0002     -1.903 0.185  24   2.20    0.017
2018-05-05-16:54:44 1.11  Mocks_Em/MockNFW80ellip5loga2.08PA50center0With_background20num49.dat L-BFGS-B     1.0e-04 0 1 1 0     NFW      359.9993  -0.0003     -1.918 0.015 156   2.22   75.5       -778.6309       -1537.761    21 359.9993  -0.0003     -1.918 0.030 156   2.22    0.008
2018-05-05-16:54:44 1.11  Mocks_Em/MockNFW80ellip5loga2.08PA50center0With_background20num50.dat L-BFGS-B     1.0e-04 0 1 1 0     NFW      359.9998  -0.0002     -2.194 0.166 153   2.24   39.9       -830.7766       -1642.052    35 359.9998  -0.0002     -1.986 0.192 153   2.24    0.012
2018-05-05-16:54:44 1.11  Mocks_Em/MockNFW80ellip5loga2.08PA50center0With_background20num51.dat L-BFGS-B     1.0e-04 0 1 1 0     NFW      359.9991  -0.0010     -1.904 0.015  18   2.23   81.7       -839.7969       -1660.093    49 359.9991  -0.0010     -1.933 0.163  18   2.22    0.017
2018-05-05-16:54:44 1.11  Mocks_Em/MockNFW80ellip5loga2.08PA50center0With_background20num52.dat L-BFGS-B     1.0e-04 0 1 1 0     NFW        0.0004   0.0007     -1.915 0.012 145   2.23   80.6       -850.3311       -1681.161    21   0.0004   0.0007     -1.925 0.024 145   2.23    0.008
2018-05-05-16:54:44 1.11  Mocks_Em/MockNFW80ellip5loga2.08PA50center0With_background20num53.dat L-BFGS-B     1.0e-04 0 1 1 0     NFW        0.0001  -0.0005     -1.922 0.303  45   2.14   61.9       -637.7551       -1256.009    28   0.0001  -0.0005     -1.850 0.199  45   2.14    0.009
2018-05-05-16:54:44 1.11  Mocks_Em/MockNFW80ellip5loga2.08PA50center0With_background20num54.dat L-BFGS-B     1.0e-04 0 1 1 0     NFW        0.0000   0.0004     -1.917 0.047  22   2.19   71.0       -730.6371       -1441.773    28   0.0000   0.0004     -1.903 0.056  22   2.19    0.010
2018-05-05-16:54:44 1.11  Mocks_Em/MockNFW80ellip5loga2.08PA50center0With_background20num55.dat L-BFGS-B     1.0e-04 0 1 1 0     NFW      360.0000   0.0004     -1.923 0.240  37   2.21   73.3        -757.653       -1495.805    21 360.0000   0.0004     -1.915 0.043  37   2.21    0.007
2018-05-05-16:54:44 1.11  Mocks_Em/MockNFW80ellip5loga2.08PA50center0With_background20num56.dat L-BFGS-B     1.0e-04 0 1 1 0     NFW      359.9996  -0.0003     -1.909 0.385  34   2.19   74.0       -752.9697       -1486.439    28 359.9996  -0.0003     -1.898 0.297  34   2.19    0.010
2018-05-05-16:54:44 1.11  Mocks_Em/MockNFW80ellip5loga2.08PA50center0With_background20num57.dat L-BFGS-B     1.0e-04 0 1 1 0     NFW      360.0000  -0.0008     -1.918 0.283  28   2.22   76.8       -806.9091       -1594.317    49 360.0000  -0.0008     -1.921 0.134  28   2.21    0.017
2018-05-05-16:54:44 1.11  Mocks_Em/MockNFW80ellip5loga2.08PA50center0With_background20num58.dat L-BFGS-B     1.0e-04 0 1 1 0     NFW        0.0015   0.0001     -2.001 0.107  29   2.19   61.3       -846.8875       -1674.274    28   0.0015   0.0001     -1.958 0.127  29   2.19    0.010
2018-05-05-16:54:44 1.11  Mocks_Em/MockNFW80ellip5loga2.08PA50center0With_background20num59.dat L-BFGS-B     1.0e-04 0 1 1 0     NFW      359.9989  -0.0001     -1.905 0.013  17   2.23   80.8       -819.9811       -1620.461    35 359.9989  -0.0001     -1.905 0.052  17   2.22    0.013
2018-05-05-16:54:44 1.11  Mocks_Em/MockNFW80ellip5loga2.08PA50center0With_background20num60.dat L-BFGS-B     1.0e-04 0 1 1 0     NFW        0.0009   0.0003     -2.097 0.177  44   2.21   49.1       -846.1606        -1672.82    28   0.0009   0.0003     -1.987 0.129  44   2.21    0.010
2018-05-05-16:54:44 1.11  Mocks_Em/MockNFW80ellip5loga2.08PA50center0With_background20num61.dat L-BFGS-B     1.0e-04 0 1 1 0     NFW        0.0011   0.0004     -1.900 0.006 160   2.19   75.8       -782.1348       -1544.769    49   0.0011   0.0004     -1.958 0.177 159   2.18    0.017
2018-05-05-16:54:44 1.11  Mocks_Em/MockNFW80ellip5loga2.08PA50center0With_background20num62.dat L-BFGS-B     1.0e-04 0 1 1 0     NFW      359.9997   0.0015     -1.901 0.022  32   2.22   82.6       -858.8514       -1698.202    28 359.9997   0.0015     -1.929 0.093  32   2.21    0.010
2018-05-05-16:54:44 1.11  Mocks_Em/MockNFW80ellip5loga2.08PA50center0With_background20num63.dat L-BFGS-B     1.0e-04 0 1 1 0     NFW      359.9992   0.0001     -1.903 0.000 135   2.22   77.8       -793.6432       -1567.786   105 359.9992   0.0001     -1.899 0.083 135   2.20    0.037
2018-05-05-16:54:44 1.11  Mocks_Em/MockNFW80ellip5loga2.08PA50center0With_background20num64.dat L-BFGS-B     1.0e-04 0 1 1 0     NFW      359.9993  -0.0001     -1.914 0.000 142   2.22   76.8       -796.9808       -1574.461    98 359.9993  -0.0001     -1.915 0.179 141   2.21    0.035
2018-05-05-16:54:44 1.11  Mocks_Em/MockNFW80ellip5loga2.08PA50center0With_background20num65.dat L-BFGS-B     1.0e-04 0 1 1 0     NFW      359.9996  -0.0008     -1.940 0.403  45   2.18   68.8       -791.8379       -1564.175    28 359.9996  -0.0008     -1.961 0.204  45   2.18    0.010
2018-05-05-16:54:44 1.11  Mocks_Em/MockNFW80ellip5loga2.08PA50center0With_background20num66.dat L-BFGS-B     1.0e-04 0 1 1 0     NFW        0.0013  -0.0001     -2.011 0.286  29   2.21   60.5       -839.6084       -1659.716    35   0.0013  -0.0001     -1.989 0.235  29   2.21    0.012
2018-05-05-16:54:44 1.11  Mocks_Em/MockNFW80ellip5loga2.08PA50center0With_background20num67.dat L-BFGS-B     1.0e-04 0 1 1 0     NFW      359.9998   0.0013     -1.904 0.013 155   2.23   79.3       -823.2764       -1627.052    77 359.9998   0.0013     -1.958 0.215 155   2.20    0.028
2018-05-05-16:54:44 1.11  Mocks_Em/MockNFW80ellip5loga2.08PA50center0With_background20num68.dat L-BFGS-B     1.0e-04 0 1 1 0     NFW      359.9996   0.0003     -1.909 0.000 142   2.20   75.5       -777.4101       -1535.319    98 359.9996   0.0003     -1.898 0.155 142   2.20    0.034
2018-05-05-16:54:44 1.11  Mocks_Em/MockNFW80ellip5loga2.08PA50center0With_background20num69.dat L-BFGS-B     1.0e-04 0 1 1 0     NFW      359.9998   0.0003     -2.200 0.217  42   2.21   36.2       -754.2544       -1489.008    28 359.9998   0.0003     -1.993 0.126  42   2.21    0.010
2018-05-05-16:54:44 1.11  Mocks_Em/MockNFW80ellip5loga2.08PA50center0With_background20num70.dat L-BFGS-B     1.0e-04 0 1 1 0     NFW        0.0003  -0.0002     -1.914 0.308  31   2.17   70.3       -725.1365       -1430.772    35   0.0003  -0.0002     -1.905 0.218  31   2.17    0.012
2018-05-05-16:54:44 1.11  Mocks_Em/MockNFW80ellip5loga2.08PA50center0With_background20num71.dat L-BFGS-B     1.0e-04 0 1 1 0     NFW      359.9993  -0.0001     -2.121 0.074  23   2.24   48.0       -848.9821       -1678.463    35 359.9993  -0.0001     -1.965 0.082  23   2.24    0.013
2018-05-05-16:54:44 1.11  Mocks_Em/MockNFW80ellip5loga2.08PA50center0With_background20num72.dat L-BFGS-B     1.0e-04 0 1 1 0     NFW      359.9998  -0.0004     -1.923 0.429  38   2.23   77.1        -799.132       -1578.763    28 359.9998  -0.0004     -1.921 0.227  38   2.23    0.010
2018-05-05-16:54:44 1.11  Mocks_Em/MockNFW80ellip5loga2.08PA50center0With_background20num73.dat L-BFGS-B     1.0e-04 0 1 1 0     NFW      359.9988  -0.0004     -1.901 0.018 159   2.28   82.1       -842.2287       -1664.957    63 359.9988  -0.0004     -1.930 0.146 159   2.21    0.023
2018-05-05-16:54:44 1.11  Mocks_Em/MockNFW80ellip5loga2.08PA50center0With_background20num74.dat L-BFGS-B     1.0e-04 0 1 1 0     NFW      359.9991   0.0001     -2.129 0.049 165   2.20   43.6        -805.203       -1590.905    35 359.9991   0.0001     -1.963 0.055 165   2.20    0.013
2018-05-05-16:54:44 1.11  Mocks_Em/MockNFW80ellip5loga2.08PA50center0With_background20num75.dat L-BFGS-B     1.0e-04 0 1 1 0     NFW      359.9996   0.0011     -1.927 0.022  26   2.26   78.3       -814.8257       -1610.151    42 359.9996   0.0011     -1.941 0.087  26   2.24    0.016
2018-05-05-16:54:44 1.11  Mocks_Em/MockNFW80ellip5loga2.08PA50center0With_background20num76.dat L-BFGS-B     1.0e-04 0 1 1 0     NFW      359.9996  -0.0005     -1.974 0.033 140   2.21   65.1       -795.1446       -1570.788    21 359.9996  -0.0005     -1.947 0.057 140   2.21    0.008
2018-05-05-16:54:44 1.11  Mocks_Em/MockNFW80ellip5loga2.08PA50center0With_background20num77.dat L-BFGS-B     1.0e-04 0 1 1 0     NFW      359.9996  -0.0005     -1.921 0.020 159   2.26   78.3       -817.8575       -1616.214    63 359.9996  -0.0005     -1.953 0.156 159   2.23    0.023
2018-05-05-16:54:44 1.11  Mocks_Em/MockNFW80ellip5loga2.08PA50center0With_background20num78.dat L-BFGS-B     1.0e-04 0 1 1 0     NFW      359.9999   0.0001     -1.930 0.014 149   2.24   73.6       -762.2059       -1504.911    42 359.9999   0.0001     -1.936 0.055 149   2.23    0.015
2018-05-05-16:54:44 1.11  Mocks_Em/MockNFW80ellip5loga2.08PA50center0With_background20num79.dat L-BFGS-B     1.0e-04 0 1 1 0     NFW        0.0003   0.0008     -2.075 0.003 140   2.18   48.0       -777.8885       -1536.276   105   0.0003   0.0008     -1.946 0.117 140   2.18    0.037
2018-05-05-16:54:44 1.11  Mocks_Em/MockNFW80ellip5loga2.08PA50center0With_background20num80.dat L-BFGS-B     1.0e-04 0 1 1 0     NFW        0.0004   0.0005     -2.127 0.051  22   2.21   43.4       -766.3764       -1513.252    35   0.0004   0.0005     -1.966 0.057  22   2.21    0.012
2018-05-05-16:54:44 1.11  Mocks_Em/MockNFW80ellip5loga2.08PA50center0With_background20num81.dat L-BFGS-B     1.0e-04 0 1 1 0     NFW      359.9997  -0.0003     -1.921 0.013 156   2.24   76.8        -792.443       -1565.385    56 359.9997  -0.0003     -1.930 0.094 156   2.23    0.020
2018-05-05-16:54:44 1.11  Mocks_Em/MockNFW80ellip5loga2.08PA50center0With_background20num82.dat L-BFGS-B     1.0e-04 0 1 1 0     NFW      359.9993  -0.0002     -2.254 0.121  20   2.21   33.3       -800.2686       -1581.036    35 359.9993  -0.0002     -1.981 0.147  20   2.21    0.012
2018-05-05-16:54:44 1.11  Mocks_Em/MockNFW80ellip5loga2.08PA50center0With_background20num83.dat L-BFGS-B     1.0e-04 0 1 1 0     NFW      359.9999   0.0006     -1.932 0.285  33   2.22   72.8       -772.6693       -1525.838    42 359.9999   0.0006     -1.935 0.168  33   2.22    0.014
2018-05-05-16:54:44 1.11  Mocks_Em/MockNFW80ellip5loga2.08PA50center0With_background20num84.dat L-BFGS-B     1.0e-04 0 1 1 0     NFW        0.0007  -0.0005     -1.911 0.012 172   2.20   74.4        -768.612       -1517.723    63   0.0007  -0.0005     -1.924 0.091 172   2.19    0.023
2018-05-05-16:54:44 1.11  Mocks_Em/MockNFW80ellip5loga2.08PA50center0With_background20num85.dat L-BFGS-B     1.0e-04 0 1 1 0     NFW        0.0006  -0.0005     -1.908 0.014   3   2.23   78.6       -801.6942       -1583.888    42   0.0006  -0.0005     -1.903 0.055   3   2.21    0.015
2018-05-05-16:54:44 1.11  Mocks_Em/MockNFW80ellip5loga2.08PA50center0With_background20num86.dat L-BFGS-B     1.0e-04 0 1 1 0     NFW        0.0004  -0.0017     -1.918 0.013  10   2.25   81.6       -854.5987       -1689.697    56   0.0004  -0.0017     -1.964 0.105  10   2.24    0.022
2018-05-05-16:54:44 1.11  Mocks_Em/MockNFW80ellip5loga2.08PA50center0With_background20num87.dat L-BFGS-B     1.0e-04 0 1 1 0     NFW        0.0006  -0.0003     -1.923 0.237  40   2.19   72.2       -780.0118       -1540.523    21   0.0006  -0.0003     -1.930 0.039  40   2.19    0.007
2018-05-05-16:54:44 1.11  Mocks_Em/MockNFW80ellip5loga2.08PA50center0With_background20num88.dat L-BFGS-B     1.0e-04 0 1 1 0     NFW        0.0005   0.0004     -2.105 0.054  17   2.21   47.3       -808.9218       -1598.343    28   0.0005   0.0004     -1.958 0.021  17   2.22    0.009
2018-05-05-16:54:44 1.11  Mocks_Em/MockNFW80ellip5loga2.08PA50center0With_background20num89.dat L-BFGS-B     1.0e-04 0 1 1 0     NFW      360.0000  -0.0000     -1.920 0.000 150   2.20   71.0       -732.2863       -1445.072   140 360.0000  -0.0000     -1.932 0.124 150   2.19    0.048
2018-05-05-16:54:44 1.11  Mocks_Em/MockNFW80ellip5loga2.08PA50center0With_background20num90.dat L-BFGS-B     1.0e-04 0 1 1 0     NFW        0.0013   0.0009     -1.902 0.281  41   2.20   80.6       -856.0256        -1692.55    42   0.0013   0.0009     -1.908 0.129  41   2.19    0.014
2018-05-05-16:54:44 1.11  Mocks_Em/MockNFW80ellip5loga2.08PA50center0With_background20num91.dat L-BFGS-B     1.0e-04 0 1 1 0     NFW        0.0002  -0.0004     -1.918 0.015  17   2.23   75.2       -779.7276       -1539.954    49   0.0002  -0.0004     -1.938 0.179  16   2.21    0.017
2018-05-05-16:54:44 1.11  Mocks_Em/MockNFW80ellip5loga2.08PA50center0With_background20num92.dat L-BFGS-B     1.0e-04 0 1 1 0     NFW      359.9988   0.0002     -1.900 0.074  30   2.19   77.2       -792.5312       -1565.562    21 359.9988   0.0002     -1.902 0.116  30   2.19    0.008
2018-05-05-16:54:44 1.11  Mocks_Em/MockNFW80ellip5loga2.08PA50center0With_background20num93.dat L-BFGS-B     1.0e-04 0 1 1 0     NFW      359.9998  -0.0003     -1.925 0.000 150   2.98   72.1       -747.1168       -1474.733   133 359.9998  -0.0003     -1.962 0.197 148   2.21    0.046
2018-05-05-16:54:44 1.11  Mocks_Em/MockNFW80ellip5loga2.08PA50center0With_background20num94.dat L-BFGS-B     1.0e-04 0 1 1 0     NFW        0.0004   0.0001     -1.921 0.022  15   2.20   74.3       -782.3503         -1545.2    63   0.0004   0.0001     -1.964 0.180  15   2.21    0.022
2018-05-05-16:54:44 1.11  Mocks_Em/MockNFW80ellip5loga2.08PA50center0With_background20num95.dat L-BFGS-B     1.0e-04 0 1 1 0     NFW        0.0001  -0.0009     -1.904 0.014  23   2.19   73.3       -745.2561       -1471.011    49   0.0001  -0.0009     -1.890 0.141  23   2.17    0.017
2018-05-05-16:54:44 1.11  Mocks_Em/MockNFW80ellip5loga2.08PA50center0With_background20num96.dat L-BFGS-B     1.0e-04 0 1 1 0     NFW        0.0007   0.0006     -1.899 0.010 144   2.33   79.4       -817.2871       -1615.073    84   0.0007   0.0006     -1.942 0.160 143   2.20    0.029
2018-05-05-16:54:44 1.11  Mocks_Em/MockNFW80ellip5loga2.08PA50center0With_background20num97.dat L-BFGS-B     1.0e-04 0 1 1 0     NFW        0.0006  -0.0003     -1.905 0.000 146   2.24   82.3       -839.9386       -1660.376   119   0.0006  -0.0003     -1.946 0.058 146   2.23    0.041
2018-05-05-16:54:44 1.11  Mocks_Em/MockNFW80ellip5loga2.08PA50center0With_background20num98.dat L-BFGS-B     1.0e-04 0 1 1 0     NFW        0.0007   0.0007     -2.072 0.215  38   2.23   51.3       -788.8433       -1558.186    28   0.0007   0.0007     -1.935 0.160  38   2.23    0.010
2018-05-05-16:54:44 1.11  Mocks_Em/MockNFW80ellip5loga2.08PA50center0With_background20num99.dat L-BFGS-B     1.0e-04 0 1 1 0     NFW      359.9999   0.0000     -1.920 0.000 138   2.23   76.2       -790.2102        -1560.92    98 359.9999   0.0000     -1.926 0.165 138   2.22    0.034
