2018-05-16-15:25:46 1.15  Mocks_Mamon/MockNFW1280ellip0.5loga-2.08PA50center0.0_0.0With_background1num0.dat Diff-Evol    1.0e-04 0 0 0 0     NFW      360.0000  -0.0000     -2.575 0.000   0 -99.00   53.8       -3754.032       -7500.819   464 360.0000  -0.0000     -1.910 0.208  39 -99.00    0.379
2018-05-16-15:25:46 1.15  Mocks_Mamon/MockNFW1280ellip0.5loga-2.08PA50center0.0_0.0With_background1num1.dat Diff-Evol    1.0e-04 0 0 0 0     NFW      360.0000  -0.0000     -2.574 0.000   0 -99.00   52.4       -3666.613       -7325.977   464 360.0000  -0.0000     -1.949 0.237  38 -99.00    0.378
2018-05-16-15:25:46 1.15  Mocks_Mamon/MockNFW1280ellip0.5loga-2.08PA50center0.0_0.0With_background1num2.dat Diff-Evol    1.0e-04 0 0 0 0     NFW        0.0000   0.0000     -2.574 0.000   0 -99.00   54.6        -3865.58       -7723.915   464   0.0000   0.0000     -1.901 0.123  23 -99.00    0.381
2018-05-16-15:25:46 1.15  Mocks_Mamon/MockNFW1280ellip0.5loga-2.08PA50center0.0_0.0With_background1num3.dat Diff-Evol    1.0e-04 0 0 0 0     NFW        0.0000   0.0000     -2.574 0.000   0 -99.00   53.5        -3817.33       -7627.414   734   0.0000   0.0000     -1.943 0.211  40 -99.00    0.605
2018-05-16-15:25:46 1.15  Mocks_Mamon/MockNFW1280ellip0.5loga-2.08PA50center0.0_0.0With_background1num4.dat Diff-Evol    1.0e-04 0 0 0 0     NFW      360.0000   0.0000     -2.575 0.000   0 -99.00   53.1       -3724.875       -7442.495   464 360.0000   0.0000     -1.892 0.182  37 -99.00    0.378
2018-05-16-15:25:46 1.15  Mocks_Mamon/MockNFW1280ellip0.5loga-2.08PA50center0.0_0.0With_background1num5.dat Diff-Evol    1.0e-04 0 0 0 0     NFW        0.0000   0.0000     -2.574 0.000   0 -99.00   51.8       -3628.207       -7249.171   644   0.0000   0.0000     -1.927 0.171  38 -99.00    0.524
2018-05-16-15:25:46 1.15  Mocks_Mamon/MockNFW1280ellip0.5loga-2.08PA50center0.0_0.0With_background1num6.dat Diff-Evol    1.0e-04 0 0 0 0     NFW        0.0000   0.0000     -2.574 0.000   0 -99.00   54.9       -3931.307       -7855.366   554   0.0000   0.0000     -1.925 0.213  36 -99.00    0.457
2018-05-16-15:25:46 1.15  Mocks_Mamon/MockNFW1280ellip0.5loga-2.08PA50center0.0_0.0With_background1num7.dat Diff-Evol    1.0e-04 0 0 0 0     NFW        0.0000   0.0000     -2.574 0.000   0 -99.00   51.5       -3561.465       -7115.692   464   0.0000   0.0000     -1.919 0.195  35 -99.00    0.375
2018-05-16-15:25:46 1.15  Mocks_Mamon/MockNFW1280ellip0.5loga-2.08PA50center0.0_0.0With_background1num8.dat Diff-Evol    1.0e-04 0 0 0 0     NFW      360.0000  -0.0000     -2.577 0.000   0 -99.00   52.6       -3770.726       -7534.204   554 360.0000  -0.0000     -1.969 0.217 141 -99.00    0.454
2018-05-16-15:25:46 1.15  Mocks_Mamon/MockNFW1280ellip0.5loga-2.08PA50center0.0_0.0With_background1num9.dat Diff-Evol    1.0e-04 0 0 0 0     NFW        0.0000   0.0000     -2.576 0.000   0 -99.00   53.2        -3780.28       -7553.316   464   0.0000   0.0000     -1.972 0.195  35 -99.00    0.380
2018-05-16-15:25:46 1.15  Mocks_Mamon/MockNFW1280ellip0.5loga-2.08PA50center0.0_0.0With_background1num10.dat Diff-Evol    1.0e-04 0 0 0 0     NFW      360.0000  -0.0000     -2.574 0.000   0 -99.00   52.6       -3700.434       -7393.622   734 360.0000  -0.0000     -1.941 0.180  36 -99.00    0.600
2018-05-16-15:25:46 1.15  Mocks_Mamon/MockNFW1280ellip0.5loga-2.08PA50center0.0_0.0With_background1num11.dat Diff-Evol    1.0e-04 0 0 0 0     NFW        0.0000  -0.0000     -2.575 0.000   0 -99.00   52.5         -3644.8       -7282.355   554   0.0000  -0.0000     -1.922 0.142 141 -99.00    0.452
2018-05-16-15:25:46 1.15  Mocks_Mamon/MockNFW1280ellip0.5loga-2.08PA50center0.0_0.0With_background1num12.dat Diff-Evol    1.0e-04 0 0 0 0     NFW      360.0000   0.0000     -2.575 0.000   0 -99.00   55.5       -3894.495        -7781.74   464 360.0000   0.0000     -1.850 0.169  39 -99.00    0.383
2018-05-16-15:25:46 1.15  Mocks_Mamon/MockNFW1280ellip0.5loga-2.08PA50center0.0_0.0With_background1num13.dat Diff-Evol    1.0e-04 0 0 0 0     NFW      360.0000   0.0000     -2.575 0.000   0 -99.00   51.4       -3491.944        -6976.63   554 360.0000   0.0000     -1.879 0.205  44 -99.00    0.447
2018-05-16-15:25:46 1.15  Mocks_Mamon/MockNFW1280ellip0.5loga-2.08PA50center0.0_0.0With_background1num14.dat Diff-Evol    1.0e-04 0 0 0 0     NFW      360.0000   0.0000     -2.575 0.000   0 -99.00   53.1       -3674.885       -7342.524   464 360.0000   0.0000     -1.956 0.193  38 -99.00    0.379
2018-05-16-15:25:46 1.15  Mocks_Mamon/MockNFW1280ellip0.5loga-2.08PA50center0.0_0.0With_background1num15.dat Diff-Evol    1.0e-04 0 0 0 0     NFW      360.0000  -0.0000     -2.575 0.000   0 -99.00   52.7       -3728.417       -7449.586   644 360.0000  -0.0000     -1.947 0.155  45 -99.00    0.528
2018-05-16-15:25:46 1.15  Mocks_Mamon/MockNFW1280ellip0.5loga-2.08PA50center0.0_0.0With_background1num16.dat Diff-Evol    1.0e-04 0 0 0 0     NFW        0.0000  -0.0000     -2.575 0.000   0 -99.00   53.0       -3694.309       -7381.376   464   0.0000  -0.0000     -1.890 0.267 135 -99.00    0.378
2018-05-16-15:25:46 1.15  Mocks_Mamon/MockNFW1280ellip0.5loga-2.08PA50center0.0_0.0With_background1num17.dat Diff-Evol    1.0e-04 0 0 0 0     NFW      360.0000  -0.0000     -2.575 0.000   0 -99.00   53.4       -3797.466       -7587.676   554 360.0000  -0.0000     -1.952 0.117  45 -99.00    0.456
2018-05-16-15:25:46 1.15  Mocks_Mamon/MockNFW1280ellip0.5loga-2.08PA50center0.0_0.0With_background1num18.dat Diff-Evol    1.0e-04 0 0 0 0     NFW        0.0000   0.0000     -2.574 0.000   0 -99.00   52.9       -3757.302       -7507.358   644   0.0000   0.0000     -1.943 0.205  31 -99.00    0.527
2018-05-16-15:25:46 1.15  Mocks_Mamon/MockNFW1280ellip0.5loga-2.08PA50center0.0_0.0With_background1num19.dat Diff-Evol    1.0e-04 0 0 0 0     NFW        0.0000   0.0000     -2.574 0.000   0 -99.00   50.8       -3475.299       -6943.357   464   0.0000   0.0000     -1.938 0.152 143 -99.00    0.373
2018-05-16-15:25:46 1.15  Mocks_Mamon/MockNFW1280ellip0.5loga-2.08PA50center0.0_0.0With_background1num20.dat Diff-Evol    1.0e-04 0 0 0 0     NFW        0.0000  -0.0000     -2.575 0.000   0 -99.00   53.5       -3726.857       -7446.459   464   0.0000  -0.0000     -1.897 0.236  44 -99.00    0.380
2018-05-16-15:25:46 1.15  Mocks_Mamon/MockNFW1280ellip0.5loga-2.08PA50center0.0_0.0With_background1num21.dat Diff-Evol    1.0e-04 0 0 0 0     NFW        0.0000   0.0000     -2.574 0.000   0 -99.00   53.7        -3762.89       -7518.529   457   0.0000   0.0000     -1.927 0.144  35 -99.00    0.375
2018-05-16-15:25:46 1.15  Mocks_Mamon/MockNFW1280ellip0.5loga-2.08PA50center0.0_0.0With_background1num22.dat Diff-Evol    1.0e-04 0 0 0 0     NFW      360.0000  -0.0000     -2.574 0.000   0 -99.00   51.6       -3647.142       -7287.036   644 360.0000  -0.0000     -1.957 0.192  37 -99.00    0.522
2018-05-16-15:25:46 1.15  Mocks_Mamon/MockNFW1280ellip0.5loga-2.08PA50center0.0_0.0With_background1num23.dat Diff-Evol    1.0e-04 0 0 0 0     NFW      359.9999  -0.0000     -2.576 0.000   0 -99.00   52.2       -3561.128       -7115.008   554 359.9999  -0.0000     -1.853 0.279  42 -99.00    0.452
2018-05-16-15:25:46 1.15  Mocks_Mamon/MockNFW1280ellip0.5loga-2.08PA50center0.0_0.0With_background1num24.dat Diff-Evol    1.0e-04 0 0 0 0     NFW      360.0000   0.0000     -2.575 0.000   0 -99.00   54.7       -3806.845       -7606.431   464 360.0000   0.0000     -1.881 0.222  39 -99.00    0.381
2018-05-16-15:25:46 1.15  Mocks_Mamon/MockNFW1280ellip0.5loga-2.08PA50center0.0_0.0With_background1num25.dat Diff-Evol    1.0e-04 0 0 0 0     NFW        0.0000  -0.0000     -2.574 0.000   0 -99.00   50.9       -3485.851       -6964.454   464   0.0000  -0.0000     -1.895 0.186  36 -99.00    0.372
2018-05-16-15:25:46 1.15  Mocks_Mamon/MockNFW1280ellip0.5loga-2.08PA50center0.0_0.0With_background1num26.dat Diff-Evol    1.0e-04 0 0 0 0     NFW        0.0000   0.0000     -2.574 0.000   0 -99.00   53.1       -3777.839       -7548.432   464   0.0000   0.0000     -1.966 0.221 136 -99.00    0.379
2018-05-16-15:25:46 1.15  Mocks_Mamon/MockNFW1280ellip0.5loga-2.08PA50center0.0_0.0With_background1num27.dat Diff-Evol    1.0e-04 0 0 0 0     NFW      360.0000   0.0000     -2.574 0.000   0 -99.00   54.4       -3768.244       -7529.248   464 360.0000   0.0000     -1.842 0.212  40 -99.00    0.381
2018-05-16-15:25:46 1.15  Mocks_Mamon/MockNFW1280ellip0.5loga-2.08PA50center0.0_0.0With_background1num28.dat Diff-Evol    1.0e-04 0 0 0 0     NFW      360.0000   0.0000     -2.574 0.000   0 -99.00   54.6       -3827.629       -7648.002   374 360.0000   0.0000     -1.859 0.241  35 -99.00    0.305
2018-05-16-15:25:46 1.15  Mocks_Mamon/MockNFW1280ellip0.5loga-2.08PA50center0.0_0.0With_background1num29.dat Diff-Evol    1.0e-04 0 0 0 0     NFW      360.0000   0.0000     -2.575 0.000   0 -99.00   52.8       -3661.793       -7316.336   644 360.0000   0.0000     -1.899 0.201  43 -99.00    0.528
2018-05-16-15:25:46 1.15  Mocks_Mamon/MockNFW1280ellip0.5loga-2.08PA50center0.0_0.0With_background1num30.dat Diff-Evol    1.0e-04 0 0 0 0     NFW        0.0000  -0.0000     -2.575 0.000   0 -99.00   53.5       -3753.177       -7499.098   554   0.0000  -0.0000     -1.934 0.154  41 -99.00    0.455
2018-05-16-15:25:46 1.15  Mocks_Mamon/MockNFW1280ellip0.5loga-2.08PA50center0.0_0.0With_background1num31.dat Diff-Evol    1.0e-04 0 0 0 0     NFW      359.9999  -0.0000     -2.574 0.000   0 -99.00   52.5       -3661.652       -7316.065   554 359.9999  -0.0000     -1.926 0.231  34 -99.00    0.451
2018-05-16-15:25:46 1.15  Mocks_Mamon/MockNFW1280ellip0.5loga-2.08PA50center0.0_0.0With_background1num32.dat Diff-Evol    1.0e-04 0 0 0 0     NFW        0.0000   0.0000     -2.574 0.000   0 -99.00   50.9       -3563.464       -7119.678   644   0.0000   0.0000     -1.997 0.201  32 -99.00    0.521
2018-05-16-15:25:46 1.15  Mocks_Mamon/MockNFW1280ellip0.5loga-2.08PA50center0.0_0.0With_background1num33.dat Diff-Evol    1.0e-04 0 0 0 0     NFW        0.0000  -0.0000     -2.576 0.000   0 -99.00   52.9       -3688.829       -7370.405   554   0.0000  -0.0000     -1.910 0.134  22 -99.00    0.453
2018-05-16-15:25:46 1.15  Mocks_Mamon/MockNFW1280ellip0.5loga-2.08PA50center0.0_0.0With_background1num34.dat Diff-Evol    1.0e-04 0 0 0 0     NFW        0.0000  -0.0000     -2.574 0.000   0 -99.00   50.8       -3621.638       -7236.041   554   0.0000  -0.0000     -1.972 0.165  44 -99.00    0.447
2018-05-16-15:25:46 1.15  Mocks_Mamon/MockNFW1280ellip0.5loga-2.08PA50center0.0_0.0With_background1num35.dat Diff-Evol    1.0e-04 0 0 0 0     NFW        0.0000   0.0000     -2.575 0.000   0 -99.00   53.4       -3702.328       -7397.404   824   0.0000   0.0000     -1.881 0.202  44 -99.00    0.677
2018-05-16-15:25:46 1.15  Mocks_Mamon/MockNFW1280ellip0.5loga-2.08PA50center0.0_0.0With_background1num36.dat Diff-Evol    1.0e-04 0 0 0 0     NFW        0.0000  -0.0000     -2.574 0.000   0 -99.00   51.7       -3581.984       -7156.712   464   0.0000  -0.0000     -1.932 0.177 136 -99.00    0.376
2018-05-16-15:25:46 1.15  Mocks_Mamon/MockNFW1280ellip0.5loga-2.08PA50center0.0_0.0With_background1num37.dat Diff-Evol    1.0e-04 0 0 0 0     NFW      360.0000   0.0000     -2.574 0.000   0 -99.00   51.4       -3498.782       -6990.312   464 360.0000   0.0000     -1.936 0.187  44 -99.00    0.376
2018-05-16-15:25:46 1.15  Mocks_Mamon/MockNFW1280ellip0.5loga-2.08PA50center0.0_0.0With_background1num38.dat Diff-Evol    1.0e-04 0 0 0 0     NFW        0.0000   0.0000     -2.574 0.000   0 -99.00   51.8       -3608.743       -7210.231   464   0.0000   0.0000     -1.959 0.185  38 -99.00    0.378
2018-05-16-15:25:46 1.15  Mocks_Mamon/MockNFW1280ellip0.5loga-2.08PA50center0.0_0.0With_background1num39.dat Diff-Evol    1.0e-04 0 0 0 0     NFW        0.0000   0.0000     -2.574 0.000   0 -99.00   53.9       -3872.716       -7738.176   644   0.0000   0.0000     -1.931 0.194  43 -99.00    0.530
2018-05-16-15:25:46 1.15  Mocks_Mamon/MockNFW1280ellip0.5loga-2.08PA50center0.0_0.0With_background1num40.dat Diff-Evol    1.0e-04 0 0 0 0     NFW        0.0000  -0.0000     -2.576 0.000   0 -99.00   53.7       -3706.825       -7406.397   554   0.0000  -0.0000     -1.857 0.141  36 -99.00    0.456
2018-05-16-15:25:46 1.15  Mocks_Mamon/MockNFW1280ellip0.5loga-2.08PA50center0.0_0.0With_background1num41.dat Diff-Evol    1.0e-04 0 0 0 0     NFW      360.0000  -0.0000     -2.575 0.000   0 -99.00   53.9       -3828.938       -7650.623   554 360.0000  -0.0000     -1.946 0.243  35 -99.00    0.454
2018-05-16-15:25:46 1.15  Mocks_Mamon/MockNFW1280ellip0.5loga-2.08PA50center0.0_0.0With_background1num42.dat Diff-Evol    1.0e-04 0 0 0 0     NFW      360.0000  -0.0000     -2.575 0.000   0 -99.00   53.2       -3661.431       -7315.624   464 360.0000  -0.0000     -1.918 0.169  40 -99.00    0.380
2018-05-16-15:25:46 1.15  Mocks_Mamon/MockNFW1280ellip0.5loga-2.08PA50center0.0_0.0With_background1num43.dat Diff-Evol    1.0e-04 0 0 0 0     NFW      360.0000  -0.0000     -2.574 0.000   0 -99.00   52.5       -3664.787       -7322.324   464 360.0000  -0.0000     -1.922 0.175  42 -99.00    0.376
2018-05-16-15:25:46 1.15  Mocks_Mamon/MockNFW1280ellip0.5loga-2.08PA50center0.0_0.0With_background1num44.dat Diff-Evol    1.0e-04 0 0 0 0     NFW      360.0000  -0.0000     -2.575 0.000   0 -99.00   53.8       -3774.178       -7541.112   464 360.0000  -0.0000     -1.890 0.115 139 -99.00    0.381
2018-05-16-15:25:46 1.15  Mocks_Mamon/MockNFW1280ellip0.5loga-2.08PA50center0.0_0.0With_background1num45.dat Diff-Evol    1.0e-04 0 0 0 0     NFW        0.0000  -0.0000     -2.574 0.000   0 -99.00   55.3        -3970.45       -7933.642   464   0.0000  -0.0000     -1.922 0.175  40 -99.00    0.384
2018-05-16-15:25:46 1.15  Mocks_Mamon/MockNFW1280ellip0.5loga-2.08PA50center0.0_0.0With_background1num46.dat Diff-Evol    1.0e-04 0 0 0 0     NFW        0.0000   0.0000     -2.574 0.000   0 -99.00   51.3       -3598.923       -7190.596   464   0.0000   0.0000     -1.985 0.101  36 -99.00    0.373
2018-05-16-15:25:46 1.15  Mocks_Mamon/MockNFW1280ellip0.5loga-2.08PA50center0.0_0.0With_background1num47.dat Diff-Evol    1.0e-04 0 0 0 0     NFW      360.0000  -0.0000     -2.574 0.000   0 -99.00   51.7       -3747.561       -7487.874   464 360.0000  -0.0000     -1.975 0.121 139 -99.00    0.376
2018-05-16-15:25:46 1.15  Mocks_Mamon/MockNFW1280ellip0.5loga-2.08PA50center0.0_0.0With_background1num48.dat Diff-Evol    1.0e-04 0 0 0 0     NFW        0.0000  -0.0001     -2.575 0.000   0 -99.00   54.5       -3793.668       -7580.086   374   0.0000  -0.0001     -1.850 0.135 137 -99.00    0.307
2018-05-16-15:25:46 1.15  Mocks_Mamon/MockNFW1280ellip0.5loga-2.08PA50center0.0_0.0With_background1num49.dat Diff-Evol    1.0e-04 0 0 0 0     NFW        0.0000   0.0000     -2.574 0.000   0 -99.00   53.7       -3875.593       -7743.926   464   0.0000   0.0000     -1.993 0.143  45 -99.00    0.377
2018-05-16-15:25:46 1.15  Mocks_Mamon/MockNFW1280ellip0.5loga-2.08PA50center0.0_0.0With_background1num50.dat Diff-Evol    1.0e-04 0 0 0 0     NFW      360.0000  -0.0000     -2.576 0.000   0 -99.00   53.9       -3795.232       -7583.219   554 360.0000  -0.0000     -1.897 0.234  37 -99.00    0.455
2018-05-16-15:25:46 1.15  Mocks_Mamon/MockNFW1280ellip0.5loga-2.08PA50center0.0_0.0With_background1num51.dat Diff-Evol    1.0e-04 0 0 0 0     NFW      360.0000  -0.0000     -2.574 0.000   0 -99.00   51.2       -3636.266       -7265.285   644 360.0000  -0.0000     -2.028 0.157  42 -99.00    0.523
2018-05-16-15:25:46 1.15  Mocks_Mamon/MockNFW1280ellip0.5loga-2.08PA50center0.0_0.0With_background1num52.dat Diff-Evol    1.0e-04 0 0 0 0     NFW        0.0000   0.0000     -2.574 0.000   0 -99.00   54.1       -3788.781       -7570.316   374   0.0000   0.0000     -1.892 0.096  40 -99.00    0.305
2018-05-16-15:25:46 1.15  Mocks_Mamon/MockNFW1280ellip0.5loga-2.08PA50center0.0_0.0With_background1num53.dat Diff-Evol    1.0e-04 0 0 0 0     NFW        0.0000  -0.0000     -2.574 0.000   0 -99.00   51.2        -3549.61       -7091.979   374   0.0000  -0.0000     -1.900 0.203  39 -99.00    0.303
2018-05-16-15:25:46 1.15  Mocks_Mamon/MockNFW1280ellip0.5loga-2.08PA50center0.0_0.0With_background1num54.dat Diff-Evol    1.0e-04 0 0 0 0     NFW      360.0000   0.0000     -2.574 0.000   0 -99.00   52.3       -3666.181       -7325.116   464 360.0000   0.0000     -1.938 0.160  37 -99.00    0.378
2018-05-16-15:25:46 1.15  Mocks_Mamon/MockNFW1280ellip0.5loga-2.08PA50center0.0_0.0With_background1num55.dat Diff-Evol    1.0e-04 0 0 0 0     NFW        0.0000   0.0001     -2.575 0.000   0 -99.00   52.3       -3625.028       -7242.805   554   0.0000   0.0001     -1.933 0.219  41 -99.00    0.450
2018-05-16-15:25:46 1.15  Mocks_Mamon/MockNFW1280ellip0.5loga-2.08PA50center0.0_0.0With_background1num56.dat Diff-Evol    1.0e-04 0 0 0 0     NFW        0.0000   0.0000     -2.575 0.000   0 -99.00   52.7       -3610.618       -7213.989   644   0.0000   0.0000     -1.922 0.141 135 -99.00    0.527
2018-05-16-15:25:46 1.15  Mocks_Mamon/MockNFW1280ellip0.5loga-2.08PA50center0.0_0.0With_background1num57.dat Diff-Evol    1.0e-04 0 0 0 0     NFW        0.0000   0.0000     -2.576 0.000   0 -99.00   52.9       -3686.155       -7365.058   554   0.0000   0.0000     -1.915 0.155  36 -99.00    0.453
2018-05-16-15:25:46 1.15  Mocks_Mamon/MockNFW1280ellip0.5loga-2.08PA50center0.0_0.0With_background1num58.dat Diff-Evol    1.0e-04 0 0 0 0     NFW        0.0000  -0.0000     -2.575 0.000   0 -99.00   50.9        -3554.74       -7102.245   464   0.0000  -0.0000     -1.912 0.209 141 -99.00    0.373
2018-05-16-15:25:46 1.15  Mocks_Mamon/MockNFW1280ellip0.5loga-2.08PA50center0.0_0.0With_background1num59.dat Diff-Evol    1.0e-04 0 0 0 0     NFW      360.0000  -0.0000     -2.574 0.000   0 -99.00   52.2       -3666.812       -7326.369   464 360.0000  -0.0000     -1.964 0.147  36 -99.00    0.376
2018-05-16-15:25:46 1.15  Mocks_Mamon/MockNFW1280ellip0.5loga-2.08PA50center0.0_0.0With_background1num60.dat Diff-Evol    1.0e-04 0 0 0 0     NFW      360.0000  -0.0000     -2.575 0.000   0 -99.00   52.7       -3619.231        -7231.21   554 360.0000  -0.0000     -1.918 0.202  37 -99.00    0.453
2018-05-16-15:25:46 1.15  Mocks_Mamon/MockNFW1280ellip0.5loga-2.08PA50center0.0_0.0With_background1num61.dat Diff-Evol    1.0e-04 0 0 0 0     NFW      360.0000  -0.0000     -2.575 0.000   0 -99.00   54.0       -3827.269       -7647.283   464 360.0000  -0.0000     -1.910 0.170 140 -99.00    0.378
2018-05-16-15:25:46 1.15  Mocks_Mamon/MockNFW1280ellip0.5loga-2.08PA50center0.0_0.0With_background1num62.dat Diff-Evol    1.0e-04 0 0 0 0     NFW        0.0000   0.0000     -2.574 0.000   0 -99.00   51.0       -3661.804       -7316.364   554   0.0000   0.0000     -1.981 0.223  42 -99.00    0.449
2018-05-16-15:25:46 1.15  Mocks_Mamon/MockNFW1280ellip0.5loga-2.08PA50center0.0_0.0With_background1num63.dat Diff-Evol    1.0e-04 0 0 0 0     NFW      360.0000  -0.0001     -2.574 0.000   0 -99.00   53.1       -3754.086       -7500.919   464 360.0000  -0.0001     -1.941 0.096  35 -99.00    0.379
2018-05-16-15:25:46 1.15  Mocks_Mamon/MockNFW1280ellip0.5loga-2.08PA50center0.0_0.0With_background1num64.dat Diff-Evol    1.0e-04 0 0 0 0     NFW        0.0000   0.0000     -2.575 0.000   0 -99.00   52.4       -3730.441       -7453.627   554   0.0000   0.0000     -1.989 0.196  41 -99.00    0.452
2018-05-16-15:25:46 1.15  Mocks_Mamon/MockNFW1280ellip0.5loga-2.08PA50center0.0_0.0With_background1num65.dat Diff-Evol    1.0e-04 0 0 0 0     NFW      360.0000  -0.0000     -2.574 0.000   0 -99.00   54.6        -3794.01       -7580.771   554 360.0000  -0.0000     -1.904 0.155  31 -99.00    0.458
2018-05-16-15:25:46 1.15  Mocks_Mamon/MockNFW1280ellip0.5loga-2.08PA50center0.0_0.0With_background1num66.dat Diff-Evol    1.0e-04 0 0 0 0     NFW        0.0001   0.0001     -2.574 0.000   0 -99.00   51.5       -3566.641       -7126.037   554   0.0001   0.0001     -1.935 0.194 135 -99.00    0.451
2018-05-16-15:25:46 1.15  Mocks_Mamon/MockNFW1280ellip0.5loga-2.08PA50center0.0_0.0With_background1num67.dat Diff-Evol    1.0e-04 0 0 0 0     NFW        0.0001   0.0000     -2.575 0.000   0 -99.00   54.1       -3847.036       -7686.813   554   0.0001   0.0000     -1.935 0.169  38 -99.00    0.455
2018-05-16-15:25:46 1.15  Mocks_Mamon/MockNFW1280ellip0.5loga-2.08PA50center0.0_0.0With_background1num68.dat Diff-Evol    1.0e-04 0 0 0 0     NFW        0.0000   0.0000     -2.575 0.000   0 -99.00   52.8       -3612.836       -7218.423   464   0.0000   0.0000     -1.842 0.234  33 -99.00    0.380
2018-05-16-15:25:46 1.15  Mocks_Mamon/MockNFW1280ellip0.5loga-2.08PA50center0.0_0.0With_background1num69.dat Diff-Evol    1.0e-04 0 0 0 0     NFW        0.0000  -0.0000     -2.577 0.000   0 -99.00   51.5       -3578.364       -7149.489   554   0.0000  -0.0000     -1.933 0.161  36 -99.00    0.451
2018-05-16-15:25:46 1.15  Mocks_Mamon/MockNFW1280ellip0.5loga-2.08PA50center0.0_0.0With_background1num70.dat Diff-Evol    1.0e-04 0 0 0 0     NFW      360.0000   0.0000     -2.575 0.000   0 -99.00   52.6       -3677.187        -7347.13   554 360.0000   0.0000     -1.942 0.179 137 -99.00    0.453
2018-05-16-15:25:46 1.15  Mocks_Mamon/MockNFW1280ellip0.5loga-2.08PA50center0.0_0.0With_background1num71.dat Diff-Evol    1.0e-04 0 0 0 0     NFW      360.0000  -0.0000     -2.575 0.000   0 -99.00   49.8       -3491.228       -6975.212   374 360.0000  -0.0000     -1.972 0.190  31 -99.00    0.301
2018-05-16-15:25:46 1.15  Mocks_Mamon/MockNFW1280ellip0.5loga-2.08PA50center0.0_0.0With_background1num72.dat Diff-Evol    1.0e-04 0 0 0 0     NFW      360.0000  -0.0001     -2.574 0.000   0 -99.00   54.1       -3876.588       -7745.929   554 360.0000  -0.0001     -1.955 0.267  32 -99.00    0.457
2018-05-16-15:25:46 1.15  Mocks_Mamon/MockNFW1280ellip0.5loga-2.08PA50center0.0_0.0With_background1num73.dat Diff-Evol    1.0e-04 0 0 0 0     NFW      360.0000  -0.0000     -2.576 0.000   0 -99.00   51.9       -3633.273       -7259.289   464 360.0000  -0.0000     -2.003 0.156  42 -99.00    0.378
2018-05-16-15:25:46 1.15  Mocks_Mamon/MockNFW1280ellip0.5loga-2.08PA50center0.0_0.0With_background1num74.dat Diff-Evol    1.0e-04 0 0 0 0     NFW      360.0000  -0.0000     -2.574 0.000   0 -99.00   52.7        -3719.05       -7430.845   554 360.0000  -0.0000     -1.973 0.133  37 -99.00    0.454
2018-05-16-15:25:46 1.15  Mocks_Mamon/MockNFW1280ellip0.5loga-2.08PA50center0.0_0.0With_background1num75.dat Diff-Evol    1.0e-04 0 0 0 0     NFW      360.0000   0.0000     -2.575 0.000   0 -99.00   52.1       -3627.024       -7246.801   374 360.0000   0.0000     -1.880 0.192  36 -99.00    0.301
2018-05-16-15:25:46 1.15  Mocks_Mamon/MockNFW1280ellip0.5loga-2.08PA50center0.0_0.0With_background1num76.dat Diff-Evol    1.0e-04 0 0 0 0     NFW        0.0000  -0.0000     -2.575 0.000   0 -99.00   53.5       -3735.914        -7464.58   374   0.0000  -0.0000     -1.886 0.227  37 -99.00    0.305
2018-05-16-15:25:46 1.15  Mocks_Mamon/MockNFW1280ellip0.5loga-2.08PA50center0.0_0.0With_background1num77.dat Diff-Evol    1.0e-04 0 0 0 0     NFW        0.0000  -0.0000     -2.575 0.000   0 -99.00   52.9       -3674.978        -7342.72   554   0.0000  -0.0000     -1.897 0.188  37 -99.00    0.453
2018-05-16-15:25:46 1.15  Mocks_Mamon/MockNFW1280ellip0.5loga-2.08PA50center0.0_0.0With_background1num78.dat Diff-Evol    1.0e-04 0 0 0 0     NFW      360.0000  -0.0001     -2.576 0.000   0 -99.00   52.4       -3587.063       -7166.886   374 360.0000  -0.0001     -1.885 0.215  43 -99.00    0.303
2018-05-16-15:25:46 1.15  Mocks_Mamon/MockNFW1280ellip0.5loga-2.08PA50center0.0_0.0With_background1num79.dat Diff-Evol    1.0e-04 0 0 0 0     NFW      359.9999  -0.0000     -2.574 0.000   0 -99.00   53.1       -3637.548       -7267.842   457 359.9999  -0.0000     -1.886 0.257 140 -99.00    0.375
2018-05-16-15:25:46 1.15  Mocks_Mamon/MockNFW1280ellip0.5loga-2.08PA50center0.0_0.0With_background1num80.dat Diff-Evol    1.0e-04 0 0 0 0     NFW        0.0000   0.0000     -2.576 0.000   0 -99.00   53.9       -3837.244       -7667.235   464   0.0000   0.0000     -1.910 0.225  35 -99.00    0.382
2018-05-16-15:25:46 1.15  Mocks_Mamon/MockNFW1280ellip0.5loga-2.08PA50center0.0_0.0With_background1num81.dat Diff-Evol    1.0e-04 0 0 0 0     NFW        0.0000   0.0000     -2.574 0.000   0 -99.00   53.1       -3750.909       -7494.572   464   0.0000   0.0000     -1.894 0.248  43 -99.00    0.378
2018-05-16-15:25:46 1.15  Mocks_Mamon/MockNFW1280ellip0.5loga-2.08PA50center0.0_0.0With_background1num82.dat Diff-Evol    1.0e-04 0 0 0 0     NFW        0.0000   0.0000     -2.575 0.000   0 -99.00   52.8       -3745.486       -7483.727   644   0.0000   0.0000     -1.947 0.156  37 -99.00    0.530
2018-05-16-15:25:46 1.15  Mocks_Mamon/MockNFW1280ellip0.5loga-2.08PA50center0.0_0.0With_background1num83.dat Diff-Evol    1.0e-04 0 0 0 0     NFW        0.0000  -0.0000     -2.575 0.000   0 -99.00   53.1       -3668.364       -7329.479   554   0.0000  -0.0000     -1.875 0.211  33 -99.00    0.454
2018-05-16-15:25:46 1.15  Mocks_Mamon/MockNFW1280ellip0.5loga-2.08PA50center0.0_0.0With_background1num84.dat Diff-Evol    1.0e-04 0 0 0 0     NFW        0.0000  -0.0000     -2.574 0.000   0 -99.00   51.4       -3590.297       -7173.355   464   0.0000  -0.0000     -1.960 0.206 139 -99.00    0.374
2018-05-16-15:25:46 1.15  Mocks_Mamon/MockNFW1280ellip0.5loga-2.08PA50center0.0_0.0With_background1num85.dat Diff-Evol    1.0e-04 0 0 0 0     NFW        0.0000   0.0000     -2.574 0.000   0 -99.00   50.7       -3547.312       -7087.382   554   0.0000   0.0000     -2.005 0.194  37 -99.00    0.449
2018-05-16-15:25:46 1.15  Mocks_Mamon/MockNFW1280ellip0.5loga-2.08PA50center0.0_0.0With_background1num86.dat Diff-Evol    1.0e-04 0 0 0 0     NFW        0.0000  -0.0000     -2.575 0.000   0 -99.00   49.7       -3444.641       -6882.023   464   0.0000  -0.0000     -1.970 0.197 139 -99.00    0.372
2018-05-16-15:25:46 1.15  Mocks_Mamon/MockNFW1280ellip0.5loga-2.08PA50center0.0_0.0With_background1num87.dat Diff-Evol    1.0e-04 0 0 0 0     NFW      360.0000  -0.0000     -2.574 0.000   0 -99.00   53.7       -3735.404       -7463.561   554 360.0000  -0.0000     -1.908 0.185  40 -99.00    0.455
2018-05-16-15:25:46 1.15  Mocks_Mamon/MockNFW1280ellip0.5loga-2.08PA50center0.0_0.0With_background1num88.dat Diff-Evol    1.0e-04 0 0 0 0     NFW      360.0000  -0.0000     -2.574 0.000   0 -99.00   53.1       -3711.463       -7415.668   644 360.0000  -0.0000     -1.918 0.227  35 -99.00    0.528
2018-05-16-15:25:46 1.15  Mocks_Mamon/MockNFW1280ellip0.5loga-2.08PA50center0.0_0.0With_background1num89.dat Diff-Evol    1.0e-04 0 0 0 0     NFW      360.0000  -0.0000     -2.576 0.000   0 -99.00   54.2       -3748.856       -7490.458   374 360.0000  -0.0000     -1.861 0.185  35 -99.00    0.306
2018-05-16-15:25:46 1.15  Mocks_Mamon/MockNFW1280ellip0.5loga-2.08PA50center0.0_0.0With_background1num90.dat Diff-Evol    1.0e-04 0 0 0 0     NFW      360.0000   0.0000     -2.574 0.000   0 -99.00   50.8       -3564.965       -7122.675   554 360.0000   0.0000     -1.990 0.189  30 -99.00    0.447
2018-05-16-15:25:46 1.15  Mocks_Mamon/MockNFW1280ellip0.5loga-2.08PA50center0.0_0.0With_background1num91.dat Diff-Evol    1.0e-04 0 0 0 0     NFW      359.9999  -0.0000     -2.574 0.000   0 -99.00   56.6       -3931.126       -7854.998   374 359.9999  -0.0000     -1.871 0.160  40 -99.00    0.310
2018-05-16-15:25:46 1.15  Mocks_Mamon/MockNFW1280ellip0.5loga-2.08PA50center0.0_0.0With_background1num92.dat Diff-Evol    1.0e-04 0 0 0 0     NFW        0.0000  -0.0000     -2.575 0.000   0 -99.00   51.3       -3631.548       -7255.843   374   0.0000  -0.0000     -1.998 0.183  37 -99.00    0.302
2018-05-16-15:25:46 1.15  Mocks_Mamon/MockNFW1280ellip0.5loga-2.08PA50center0.0_0.0With_background1num93.dat Diff-Evol    1.0e-04 0 0 0 0     NFW      360.0000   0.0000     -2.574 0.000   0 -99.00   52.6       -3753.938       -7500.631   374 360.0000   0.0000     -1.924 0.183 149 -99.00    0.303
2018-05-16-15:25:46 1.15  Mocks_Mamon/MockNFW1280ellip0.5loga-2.08PA50center0.0_0.0With_background1num94.dat Diff-Evol    1.0e-04 0 0 0 0     NFW      360.0000  -0.0000     -2.575 0.000   0 -99.00   51.4        -3620.28       -7233.329   464 360.0000  -0.0000     -1.952 0.220  43 -99.00    0.377
2018-05-16-15:25:46 1.15  Mocks_Mamon/MockNFW1280ellip0.5loga-2.08PA50center0.0_0.0With_background1num95.dat Diff-Evol    1.0e-04 0 0 0 0     NFW      359.9999  -0.0000     -2.574 0.000   0 -99.00   51.5       -3642.772       -7278.299   554 359.9999  -0.0000     -1.940 0.277  42 -99.00    0.452
2018-05-16-15:25:46 1.15  Mocks_Mamon/MockNFW1280ellip0.5loga-2.08PA50center0.0_0.0With_background1num96.dat Diff-Evol    1.0e-04 0 0 0 0     NFW        0.0000   0.0000     -2.575 0.000   0 -99.00   54.1       -3704.207       -7401.159   464   0.0000   0.0000     -1.937 0.173  41 -99.00    0.378
2018-05-16-15:25:46 1.15  Mocks_Mamon/MockNFW1280ellip0.5loga-2.08PA50center0.0_0.0With_background1num97.dat Diff-Evol    1.0e-04 0 0 0 0     NFW        0.0000  -0.0000     -2.575 0.000   0 -99.00   52.4       -3645.491       -7283.727   464   0.0000  -0.0000     -1.893 0.207  42 -99.00    0.377
2018-05-16-15:25:46 1.15  Mocks_Mamon/MockNFW1280ellip0.5loga-2.08PA50center0.0_0.0With_background1num98.dat Diff-Evol    1.0e-04 0 0 0 0     NFW      360.0000  -0.0000     -2.575 0.000   0 -99.00   54.2       -3775.287       -7543.321   644 360.0000  -0.0000     -1.891 0.180  42 -99.00    0.532
2018-05-16-15:25:46 1.15  Mocks_Mamon/MockNFW1280ellip0.5loga-2.08PA50center0.0_0.0With_background1num99.dat Diff-Evol    1.0e-04 0 0 0 0     NFW      360.0000  -0.0000     -2.574 0.000   0 -99.00   50.3       -3502.123       -6997.013   464 360.0000  -0.0000     -1.955 0.069 136 -99.00    0.377
