2018-05-16-15:24:59 1.15  Mocks_Mamon/MockNFW160ellip0.5loga-2.08PA50center0.0_0.0With_background1num0.dat Diff-Evol    1.0e-04 0 0 0 0     NFW        0.0000   0.0000     -1.611 0.000   0 -99.00   37.4       -727.0725        -1448.29   215   0.0000   0.0000     -1.085 0.109   6 -99.00    0.135
2018-05-16-15:24:59 1.15  Mocks_Mamon/MockNFW160ellip0.5loga-2.08PA50center0.0_0.0With_background1num1.dat Diff-Evol    1.0e-04 0 0 0 0     NFW      360.0000  -0.0001     -1.403 0.000   0 -99.00   59.4       -773.8625       -1541.867   215 360.0000  -0.0001     -1.030 0.030 178 -99.00    0.135
2018-05-16-15:24:59 1.15  Mocks_Mamon/MockNFW160ellip0.5loga-2.08PA50center0.0_0.0With_background1num2.dat Diff-Evol    1.0e-04 0 0 0 0     NFW        0.0001  -0.0001     -1.709 0.000   0 -99.00   34.4       -788.6874       -1571.514   264   0.0001  -0.0001     -1.130 0.054 149 -99.00    0.165
2018-05-16-15:24:59 1.15  Mocks_Mamon/MockNFW160ellip0.5loga-2.08PA50center0.0_0.0With_background1num3.dat Diff-Evol    1.0e-04 0 0 0 0     NFW        0.0002   0.0004     -1.455 0.000   0 -99.00   53.8       -779.0845         -1552.3   215   0.0002   0.0004     -1.037 0.037 171 -99.00    0.136
2018-05-16-15:24:59 1.15  Mocks_Mamon/MockNFW160ellip0.5loga-2.08PA50center0.0_0.0With_background1num4.dat Diff-Evol    1.0e-04 0 0 0 0     NFW      360.0000   0.0001     -1.502 0.000   0 -99.00   51.0        -809.387        -1612.91   215 360.0000   0.0001     -1.089 0.035  16 -99.00    0.137
2018-05-16-15:24:59 1.15  Mocks_Mamon/MockNFW160ellip0.5loga-2.08PA50center0.0_0.0With_background1num5.dat Diff-Evol    1.0e-04 0 0 0 0     NFW      360.0000   0.0000     -1.704 0.000   0 -99.00   35.0       -791.0097       -1576.161   215 360.0000   0.0000     -1.136 0.072  40 -99.00    0.135
2018-05-16-15:24:59 1.15  Mocks_Mamon/MockNFW160ellip0.5loga-2.08PA50center0.0_0.0With_background1num6.dat Diff-Evol    1.0e-04 0 0 0 0     NFW        0.0003   0.0002     -1.537 0.000   0 -99.00   44.1       -745.6422       -1485.418   208   0.0003   0.0002     -1.103 0.071  14 -99.00    0.131
2018-05-16-15:24:59 1.15  Mocks_Mamon/MockNFW160ellip0.5loga-2.08PA50center0.0_0.0With_background1num7.dat Diff-Evol    1.0e-04 0 0 0 0     NFW      359.9999  -0.0002     -1.341 0.000   0 -99.00   61.5       -704.8651       -1403.869   305 359.9999  -0.0002     -1.080 0.079   1 -99.00    0.194
2018-05-16-15:24:59 1.15  Mocks_Mamon/MockNFW160ellip0.5loga-2.08PA50center0.0_0.0With_background1num8.dat Diff-Evol    1.0e-04 0 0 0 0     NFW        0.0000   0.0001     -1.503 0.000   0 -99.00   50.4       -799.5433       -1593.217   215   0.0000   0.0001     -1.062 0.037 143 -99.00    0.136
2018-05-16-15:24:59 1.15  Mocks_Mamon/MockNFW160ellip0.5loga-2.08PA50center0.0_0.0With_background1num9.dat Diff-Evol    1.0e-04 0 0 0 0     NFW      360.0000   0.0000     -1.301 0.000   0 -99.00   69.9       -730.1897       -1454.507   305 360.0000   0.0000     -1.038 0.056 166 -99.00    0.195
2018-05-16-15:24:59 1.15  Mocks_Mamon/MockNFW160ellip0.5loga-2.08PA50center0.0_0.0With_background1num10.dat Diff-Evol    1.0e-04 0 0 0 0     NFW      359.9998   0.0002     -1.435 0.000   0 -99.00   53.9       -749.9093       -1493.961   215 359.9998   0.0002     -1.023 0.037 157 -99.00    0.135
2018-05-16-15:24:59 1.15  Mocks_Mamon/MockNFW160ellip0.5loga-2.08PA50center0.0_0.0With_background1num11.dat Diff-Evol    1.0e-04 0 0 0 0     NFW        0.0001  -0.0000     -1.704 0.000   0 -99.00   37.4       -843.4117       -1680.951   222   0.0001  -0.0000     -1.120 0.055 152 -99.00    0.141
2018-05-16-15:24:59 1.15  Mocks_Mamon/MockNFW160ellip0.5loga-2.08PA50center0.0_0.0With_background1num12.dat Diff-Evol    1.0e-04 0 0 0 0     NFW      359.9999   0.0000     -1.522 0.000   0 -99.00   49.3       -811.7956       -1617.722   229 359.9999   0.0000     -1.072 0.101 146 -99.00    0.144
2018-05-16-15:24:59 1.15  Mocks_Mamon/MockNFW160ellip0.5loga-2.08PA50center0.0_0.0With_background1num13.dat Diff-Evol    1.0e-04 0 0 0 0     NFW      360.0000  -0.0001     -1.481 0.000   0 -99.00   50.7       -772.6498       -1539.445   215 360.0000  -0.0001     -1.076 0.111 141 -99.00    0.136
2018-05-16-15:24:59 1.15  Mocks_Mamon/MockNFW160ellip0.5loga-2.08PA50center0.0_0.0With_background1num14.dat Diff-Evol    1.0e-04 0 0 0 0     NFW        0.0000   0.0000     -1.533 0.000   0 -99.00   47.0       -788.2343       -1570.611   222   0.0000   0.0000     -1.053 0.006 146 -99.00    0.141
2018-05-16-15:24:59 1.15  Mocks_Mamon/MockNFW160ellip0.5loga-2.08PA50center0.0_0.0With_background1num15.dat Diff-Evol    1.0e-04 0 0 0 0     NFW        0.0000   0.0002     -1.607 0.000   0 -99.00   42.8       -819.8398        -1633.81   215   0.0000   0.0002     -1.076 0.069 138 -99.00    0.136
2018-05-16-15:24:59 1.15  Mocks_Mamon/MockNFW160ellip0.5loga-2.08PA50center0.0_0.0With_background1num16.dat Diff-Evol    1.0e-04 0 0 0 0     NFW      359.9999   0.0001     -1.552 0.000   0 -99.00   45.9       -801.5135       -1597.166   215 359.9999   0.0001     -1.117 0.084 177 -99.00    0.136
2018-05-16-15:24:59 1.15  Mocks_Mamon/MockNFW160ellip0.5loga-2.08PA50center0.0_0.0With_background1num17.dat Diff-Evol    1.0e-04 0 0 0 0     NFW        0.0000  -0.0000     -1.793 0.000   0 -99.00   30.8       -802.2258       -1598.582   208   0.0000  -0.0000     -1.184 0.141 140 -99.00    0.131
2018-05-16-15:24:59 1.15  Mocks_Mamon/MockNFW160ellip0.5loga-2.08PA50center0.0_0.0With_background1num18.dat Diff-Evol    1.0e-04 0 0 0 0     NFW        0.0006   0.0000     -1.488 0.000   0 -99.00   48.4       -751.5189       -1497.171   215   0.0006   0.0000     -1.083 0.090   8 -99.00    0.135
2018-05-16-15:24:59 1.15  Mocks_Mamon/MockNFW160ellip0.5loga-2.08PA50center0.0_0.0With_background1num19.dat Diff-Evol    1.0e-04 0 0 0 0     NFW      360.0000   0.0000     -1.207 0.000   0 -99.00   89.6       -756.4053        -1506.95   395 360.0000   0.0000     -1.058 0.100   8 -99.00    0.254
2018-05-16-15:24:59 1.15  Mocks_Mamon/MockNFW160ellip0.5loga-2.08PA50center0.0_0.0With_background1num20.dat Diff-Evol    1.0e-04 0 0 0 0     NFW        0.0001   0.0000     -1.738 0.000   0 -99.00   32.4       -774.1846       -1542.523   215   0.0001   0.0000     -1.073 0.075 154 -99.00    0.135
2018-05-16-15:24:59 1.15  Mocks_Mamon/MockNFW160ellip0.5loga-2.08PA50center0.0_0.0With_background1num21.dat Diff-Evol    1.0e-04 0 0 0 0     NFW      359.9998  -0.0001     -1.698 0.000   0 -99.00   35.3       -789.8237       -1573.787   481 359.9998  -0.0001     -1.077 0.069  14 -99.00    0.293
2018-05-16-15:24:59 1.15  Mocks_Mamon/MockNFW160ellip0.5loga-2.08PA50center0.0_0.0With_background1num22.dat Diff-Evol    1.0e-04 0 0 0 0     NFW      359.9998  -0.0000     -1.246 0.000   0 -99.00   77.3       -713.6836       -1421.498   312 359.9998  -0.0000     -0.999 0.059  11 -99.00    0.198
2018-05-16-15:24:59 1.15  Mocks_Mamon/MockNFW160ellip0.5loga-2.08PA50center0.0_0.0With_background1num23.dat Diff-Evol    1.0e-04 0 0 0 0     NFW        0.0001  -0.0000     -1.376 0.000   0 -99.00   63.0       -778.5473        -1551.22   305   0.0001  -0.0000     -1.061 0.141  36 -99.00    0.195
2018-05-16-15:24:59 1.15  Mocks_Mamon/MockNFW160ellip0.5loga-2.08PA50center0.0_0.0With_background1num24.dat Diff-Evol    1.0e-04 0 0 0 0     NFW      360.0000   0.0000     -1.670 0.000   0 -99.00   36.3       -778.2986       -1550.742   201 360.0000   0.0000     -1.127 0.114  38 -99.00    0.128
2018-05-16-15:24:59 1.15  Mocks_Mamon/MockNFW160ellip0.5loga-2.08PA50center0.0_0.0With_background1num25.dat Diff-Evol    1.0e-04 0 0 0 0     NFW      360.0000   0.0002     -1.427 0.000   0 -99.00   51.8       -710.6207       -1415.378   312 360.0000   0.0002     -1.075 0.097  27 -99.00    0.198
2018-05-16-15:24:59 1.15  Mocks_Mamon/MockNFW160ellip0.5loga-2.08PA50center0.0_0.0With_background1num26.dat Diff-Evol    1.0e-04 0 0 0 0     NFW      360.0000  -0.0000     -1.534 0.000   0 -99.00   46.0       -773.5772       -1541.299   390 360.0000  -0.0000     -1.087 0.021  33 -99.00    0.239
2018-05-16-15:24:59 1.15  Mocks_Mamon/MockNFW160ellip0.5loga-2.08PA50center0.0_0.0With_background1num27.dat Diff-Evol    1.0e-04 0 0 0 0     NFW      360.0000  -0.0002     -1.721 0.000   0 -99.00   38.3       -887.9674       -1770.077   222 360.0000  -0.0002     -1.080 0.071  35 -99.00    0.140
2018-05-16-15:24:59 1.15  Mocks_Mamon/MockNFW160ellip0.5loga-2.08PA50center0.0_0.0With_background1num28.dat Diff-Evol    1.0e-04 0 0 0 0     NFW        0.0001   0.0005     -1.745 0.000   0 -99.00   32.4       -781.0671       -1556.271   208   0.0001   0.0005     -1.093 0.105 150 -99.00    0.131
2018-05-16-15:24:59 1.15  Mocks_Mamon/MockNFW160ellip0.5loga-2.08PA50center0.0_0.0With_background1num29.dat Diff-Evol    1.0e-04 0 0 0 0     NFW        0.0000  -0.0000     -1.756 0.000   0 -99.00   30.9       -752.0357       -1498.205   215   0.0000  -0.0000     -1.037 0.087 180 -99.00    0.134
2018-05-16-15:24:59 1.15  Mocks_Mamon/MockNFW160ellip0.5loga-2.08PA50center0.0_0.0With_background1num30.dat Diff-Evol    1.0e-04 0 0 0 0     NFW      359.9998  -0.0000     -1.469 0.000   0 -99.00   50.6        -755.064       -1504.285   215 359.9998  -0.0000     -1.083 0.059  37 -99.00    0.135
2018-05-16-15:24:59 1.15  Mocks_Mamon/MockNFW160ellip0.5loga-2.08PA50center0.0_0.0With_background1num31.dat Diff-Evol    1.0e-04 0 0 0 0     NFW        0.0001  -0.0001     -1.310 0.000   0 -99.00   71.5       -764.6563       -1523.435   305   0.0001  -0.0001     -1.038 0.028 171 -99.00    0.195
2018-05-16-15:24:59 1.15  Mocks_Mamon/MockNFW160ellip0.5loga-2.08PA50center0.0_0.0With_background1num32.dat Diff-Evol    1.0e-04 0 0 0 0     NFW      360.0000  -0.0000     -1.550 0.000   0 -99.00   42.8       -741.7318       -1477.594   215 360.0000  -0.0000     -1.054 0.171  24 -99.00    0.134
2018-05-16-15:24:59 1.15  Mocks_Mamon/MockNFW160ellip0.5loga-2.08PA50center0.0_0.0With_background1num33.dat Diff-Evol    1.0e-04 0 0 0 0     NFW      360.0000  -0.0000     -1.565 0.000   0 -99.00   45.1       -807.7216       -1609.585   201 360.0000  -0.0000     -1.111 0.059 155 -99.00    0.127
2018-05-16-15:24:59 1.15  Mocks_Mamon/MockNFW160ellip0.5loga-2.08PA50center0.0_0.0With_background1num34.dat Diff-Evol    1.0e-04 0 0 0 0     NFW        0.0005   0.0001     -1.535 0.000   0 -99.00   43.5       -736.0607       -1466.264   208   0.0005   0.0001     -1.105 0.094  37 -99.00    0.131
2018-05-16-15:24:59 1.15  Mocks_Mamon/MockNFW160ellip0.5loga-2.08PA50center0.0_0.0With_background1num35.dat Diff-Evol    1.0e-04 0 0 0 0     NFW        0.0001   0.0001     -1.470 0.000   0 -99.00   52.4       -780.2435       -1554.632   215   0.0001   0.0001     -1.078 0.129  30 -99.00    0.135
2018-05-16-15:24:59 1.15  Mocks_Mamon/MockNFW160ellip0.5loga-2.08PA50center0.0_0.0With_background1num36.dat Diff-Evol    1.0e-04 0 0 0 0     NFW      360.0000  -0.0001     -1.509 0.000   0 -99.00   46.7       -749.1509       -1492.438   229 360.0000  -0.0001     -1.050 0.197  30 -99.00    0.144
2018-05-16-15:24:59 1.15  Mocks_Mamon/MockNFW160ellip0.5loga-2.08PA50center0.0_0.0With_background1num37.dat Diff-Evol    1.0e-04 0 0 0 0     NFW        0.0001  -0.0000     -1.337 0.000   0 -99.00   69.0       -781.3512       -1556.836   291   0.0001  -0.0000     -1.024 0.054  41 -99.00    0.187
2018-05-16-15:24:59 1.15  Mocks_Mamon/MockNFW160ellip0.5loga-2.08PA50center0.0_0.0With_background1num38.dat Diff-Evol    1.0e-04 0 0 0 0     NFW      359.9998   0.0000     -1.606 0.000   0 -99.00   40.2       -771.7952       -1537.735   222 359.9998   0.0000     -1.091 0.056  43 -99.00    0.139
2018-05-16-15:24:59 1.15  Mocks_Mamon/MockNFW160ellip0.5loga-2.08PA50center0.0_0.0With_background1num39.dat Diff-Evol    1.0e-04 0 0 0 0     NFW      359.9996   0.0000     -1.506 0.000   0 -99.00   47.0       -748.3787       -1490.888   201 359.9996   0.0000     -1.032 0.115  32 -99.00    0.127
2018-05-16-15:24:59 1.15  Mocks_Mamon/MockNFW160ellip0.5loga-2.08PA50center0.0_0.0With_background1num40.dat Diff-Evol    1.0e-04 0 0 0 0     NFW        0.0000  -0.0001     -1.424 0.000   0 -99.00   53.6       -730.9873       -1456.125   215   0.0000  -0.0001     -1.092 0.162  32 -99.00    0.135
2018-05-16-15:24:59 1.15  Mocks_Mamon/MockNFW160ellip0.5loga-2.08PA50center0.0_0.0With_background1num41.dat Diff-Evol    1.0e-04 0 0 0 0     NFW        0.0000  -0.0001     -1.385 0.000   0 -99.00   59.5       -747.6536       -1489.446   215   0.0000  -0.0001     -1.058 0.093 144 -99.00    0.135
2018-05-16-15:24:59 1.15  Mocks_Mamon/MockNFW160ellip0.5loga-2.08PA50center0.0_0.0With_background1num42.dat Diff-Evol    1.0e-04 0 0 0 0     NFW      359.9999   0.0001     -1.556 0.000   0 -99.00   42.0       -736.1783       -1466.496   243 359.9999   0.0001     -1.049 0.050   3 -99.00    0.151
2018-05-16-15:24:59 1.15  Mocks_Mamon/MockNFW160ellip0.5loga-2.08PA50center0.0_0.0With_background1num43.dat Diff-Evol    1.0e-04 0 0 0 0     NFW      360.0000  -0.0004     -1.313 0.000   0 -99.00   65.9       -711.1861       -1416.506   340 360.0000  -0.0004     -1.095 0.137 174 -99.00    0.215
2018-05-16-15:24:59 1.15  Mocks_Mamon/MockNFW160ellip0.5loga-2.08PA50center0.0_0.0With_background1num44.dat Diff-Evol    1.0e-04 0 0 0 0     NFW      360.0000   0.0001     -1.619 0.000   0 -99.00   37.9       -745.8396       -1485.813   222 360.0000   0.0001     -1.102 0.092   9 -99.00    0.139
2018-05-16-15:24:59 1.15  Mocks_Mamon/MockNFW160ellip0.5loga-2.08PA50center0.0_0.0With_background1num45.dat Diff-Evol    1.0e-04 0 0 0 0     NFW        0.0000  -0.0000     -1.555 0.000   0 -99.00   43.8       -763.5757       -1521.282   215   0.0000  -0.0000     -1.083 0.154  27 -99.00    0.135
2018-05-16-15:24:59 1.15  Mocks_Mamon/MockNFW160ellip0.5loga-2.08PA50center0.0_0.0With_background1num46.dat Diff-Evol    1.0e-04 0 0 0 0     NFW      359.9999   0.0002     -1.363 0.000   0 -99.00   56.2       -674.6648       -1343.466   305 359.9999   0.0002     -1.030 0.112 155 -99.00    0.194
2018-05-16-15:24:59 1.15  Mocks_Mamon/MockNFW160ellip0.5loga-2.08PA50center0.0_0.0With_background1num47.dat Diff-Evol    1.0e-04 0 0 0 0     NFW        0.0001   0.0001     -1.393 0.000   0 -99.00   59.7       -762.5411       -1519.224   215   0.0001   0.0001     -1.063 0.087 141 -99.00    0.136
2018-05-16-15:24:59 1.15  Mocks_Mamon/MockNFW160ellip0.5loga-2.08PA50center0.0_0.0With_background1num48.dat Diff-Evol    1.0e-04 0 0 0 0     NFW        0.0000  -0.0002     -1.574 0.000   0 -99.00   42.6        -774.668       -1543.472   215   0.0000  -0.0002     -1.074 0.182   7 -99.00    0.135
2018-05-16-15:24:59 1.15  Mocks_Mamon/MockNFW160ellip0.5loga-2.08PA50center0.0_0.0With_background1num49.dat Diff-Evol    1.0e-04 0 0 0 0     NFW        0.0000  -0.0001     -1.613 0.000   0 -99.00   41.8       -808.7551       -1611.652   215   0.0000  -0.0001     -1.086 0.084 148 -99.00    0.136
2018-05-16-15:24:59 1.15  Mocks_Mamon/MockNFW160ellip0.5loga-2.08PA50center0.0_0.0With_background1num50.dat Diff-Evol    1.0e-04 0 0 0 0     NFW      360.0000   0.0002     -1.735 0.000   0 -99.00   33.6       -796.7784        -1587.69   222 360.0000   0.0002     -1.098 0.164  30 -99.00    0.140
2018-05-16-15:24:59 1.15  Mocks_Mamon/MockNFW160ellip0.5loga-2.08PA50center0.0_0.0With_background1num51.dat Diff-Evol    1.0e-04 0 0 0 0     NFW      360.0000   0.0000     -1.479 0.000   0 -99.00   49.2       -751.3706        -1496.88   201 360.0000   0.0000     -1.093 0.167  36 -99.00    0.127
2018-05-16-15:24:59 1.15  Mocks_Mamon/MockNFW160ellip0.5loga-2.08PA50center0.0_0.0With_background1num52.dat Diff-Evol    1.0e-04 0 0 0 0     NFW        0.0002   0.0001     -1.284 0.000   0 -99.00   74.3       -750.4383       -1494.999   319   0.0002   0.0001     -1.071 0.119 138 -99.00    0.203
2018-05-16-15:24:59 1.15  Mocks_Mamon/MockNFW160ellip0.5loga-2.08PA50center0.0_0.0With_background1num53.dat Diff-Evol    1.0e-04 0 0 0 0     NFW      359.9997  -0.0001     -1.373 0.000   0 -99.00   61.3       -751.0242       -1496.179   305 359.9997  -0.0001     -1.073 0.096 147 -99.00    0.195
2018-05-16-15:24:59 1.15  Mocks_Mamon/MockNFW160ellip0.5loga-2.08PA50center0.0_0.0With_background1num54.dat Diff-Evol    1.0e-04 0 0 0 0     NFW        0.0001  -0.0001     -1.373 0.000   0 -99.00   59.7       -731.5547       -1457.237   333   0.0001  -0.0001     -1.067 0.148  25 -99.00    0.210
2018-05-16-15:24:59 1.15  Mocks_Mamon/MockNFW160ellip0.5loga-2.08PA50center0.0_0.0With_background1num55.dat Diff-Evol    1.0e-04 0 0 0 0     NFW        0.0000  -0.0001     -1.616 0.000   0 -99.00   38.8       -752.5853       -1499.307   208   0.0000  -0.0001     -1.020 0.105  21 -99.00    0.131
2018-05-16-15:24:59 1.15  Mocks_Mamon/MockNFW160ellip0.5loga-2.08PA50center0.0_0.0With_background1num56.dat Diff-Evol    1.0e-04 0 0 0 0     NFW      359.9999  -0.0001     -1.775 0.000   0 -99.00   35.3       -898.1061       -1790.337   215 359.9999  -0.0001     -1.170 0.060  26 -99.00    0.136
2018-05-16-15:24:59 1.15  Mocks_Mamon/MockNFW160ellip0.5loga-2.08PA50center0.0_0.0With_background1num57.dat Diff-Evol    1.0e-04 0 0 0 0     NFW        0.0001   0.0000     -1.495 0.000   0 -99.00   50.2       -785.3674       -1564.863   215   0.0001   0.0000     -1.095 0.080 166 -99.00    0.134
2018-05-16-15:24:59 1.15  Mocks_Mamon/MockNFW160ellip0.5loga-2.08PA50center0.0_0.0With_background1num58.dat Diff-Evol    1.0e-04 0 0 0 0     NFW        0.0001   0.0001     -1.620 0.000   0 -99.00   40.0       -784.8177       -1563.758   222   0.0001   0.0001     -1.090 0.103 153 -99.00    0.140
2018-05-16-15:24:59 1.15  Mocks_Mamon/MockNFW160ellip0.5loga-2.08PA50center0.0_0.0With_background1num59.dat Diff-Evol    1.0e-04 0 0 0 0     NFW      360.0000   0.0003     -1.609 0.000   0 -99.00   45.7       -882.3659        -1758.86   222 360.0000   0.0003     -1.097 0.096 163 -99.00    0.140
2018-05-16-15:24:59 1.15  Mocks_Mamon/MockNFW160ellip0.5loga-2.08PA50center0.0_0.0With_background1num60.dat Diff-Evol    1.0e-04 0 0 0 0     NFW        0.0003  -0.0001     -1.520 0.000   0 -99.00   44.1       -727.1395       -1448.424   236   0.0003  -0.0001     -1.078 0.041  39 -99.00    0.148
2018-05-16-15:24:59 1.15  Mocks_Mamon/MockNFW160ellip0.5loga-2.08PA50center0.0_0.0With_background1num61.dat Diff-Evol    1.0e-04 0 0 0 0     NFW        0.0001   0.0000     -1.564 0.000   0 -99.00   43.6       -776.0704       -1546.283   215   0.0001   0.0000     -1.075 0.035 170 -99.00    0.135
2018-05-16-15:24:59 1.15  Mocks_Mamon/MockNFW160ellip0.5loga-2.08PA50center0.0_0.0With_background1num62.dat Diff-Evol    1.0e-04 0 0 0 0     NFW      359.9999  -0.0007     -1.624 0.000   0 -99.00   40.9       -810.5942       -1615.328   222 359.9999  -0.0007     -1.098 0.070  39 -99.00    0.144
2018-05-16-15:24:59 1.15  Mocks_Mamon/MockNFW160ellip0.5loga-2.08PA50center0.0_0.0With_background1num63.dat Diff-Evol    1.0e-04 0 0 0 0     NFW        0.0001   0.0002     -1.624 0.000   0 -99.00   41.1       -816.6382        -1627.41   222   0.0001   0.0002     -1.114 0.066 159 -99.00    0.140
2018-05-16-15:24:59 1.15  Mocks_Mamon/MockNFW160ellip0.5loga-2.08PA50center0.0_0.0With_background1num64.dat Diff-Evol    1.0e-04 0 0 0 0     NFW        0.0001   0.0000     -1.812 0.000   0 -99.00   29.3       -788.1856       -1570.505   208   0.0001   0.0000     -1.105 0.130 137 -99.00    0.131
2018-05-16-15:24:59 1.15  Mocks_Mamon/MockNFW160ellip0.5loga-2.08PA50center0.0_0.0With_background1num65.dat Diff-Evol    1.0e-04 0 0 0 0     NFW      359.9998   0.0000     -1.564 0.000   0 -99.00   42.8       -756.2679       -1506.681   222 359.9998   0.0000     -1.046 0.045 138 -99.00    0.139
2018-05-16-15:24:59 1.15  Mocks_Mamon/MockNFW160ellip0.5loga-2.08PA50center0.0_0.0With_background1num66.dat Diff-Evol    1.0e-04 0 0 0 0     NFW        0.0000   0.0001     -1.577 0.000   0 -99.00   42.9       -781.1263       -1556.372   222   0.0000   0.0001     -1.112 0.059 153 -99.00    0.139
2018-05-16-15:24:59 1.15  Mocks_Mamon/MockNFW160ellip0.5loga-2.08PA50center0.0_0.0With_background1num67.dat Diff-Evol    1.0e-04 0 0 0 0     NFW        0.0001   0.0001     -1.864 0.000   0 -99.00   30.6       -878.5458        -1751.22   208   0.0001   0.0001     -1.127 0.060  35 -99.00    0.131
2018-05-16-15:24:59 1.15  Mocks_Mamon/MockNFW160ellip0.5loga-2.08PA50center0.0_0.0With_background1num68.dat Diff-Evol    1.0e-04 0 0 0 0     NFW      359.9997  -0.0001     -1.691 0.000   0 -99.00   39.0       -863.4899        -1721.11   264 359.9997  -0.0001     -1.112 0.078 149 -99.00    0.165
2018-05-16-15:24:59 1.15  Mocks_Mamon/MockNFW160ellip0.5loga-2.08PA50center0.0_0.0With_background1num69.dat Diff-Evol    1.0e-04 0 0 0 0     NFW        0.0002  -0.0004     -1.496 0.000   0 -99.00   50.8        -798.597       -1591.325   326   0.0002  -0.0004     -1.135 0.040 144 -99.00    0.208
2018-05-16-15:24:59 1.15  Mocks_Mamon/MockNFW160ellip0.5loga-2.08PA50center0.0_0.0With_background1num70.dat Diff-Evol    1.0e-04 0 0 0 0     NFW        0.0001  -0.0002     -1.535 0.000   0 -99.00   47.7       -807.1794       -1608.495   229   0.0001  -0.0002     -1.086 0.134   2 -99.00    0.144
2018-05-16-15:24:59 1.15  Mocks_Mamon/MockNFW160ellip0.5loga-2.08PA50center0.0_0.0With_background1num71.dat Diff-Evol    1.0e-04 0 0 0 0     NFW      359.9999  -0.0000     -1.692 0.000   0 -99.00   36.4        -804.073       -1602.285   208 359.9999  -0.0000     -1.079 0.016  11 -99.00    0.132
2018-05-16-15:24:59 1.15  Mocks_Mamon/MockNFW160ellip0.5loga-2.08PA50center0.0_0.0With_background1num72.dat Diff-Evol    1.0e-04 0 0 0 0     NFW      359.9998   0.0001     -1.377 0.000   0 -99.00   59.9       -741.0927        -1476.31   305 359.9998   0.0001     -1.074 0.108 149 -99.00    0.195
2018-05-16-15:24:59 1.15  Mocks_Mamon/MockNFW160ellip0.5loga-2.08PA50center0.0_0.0With_background1num73.dat Diff-Evol    1.0e-04 0 0 0 0     NFW      360.0000  -0.0003     -1.969 0.000   0 -99.00   26.5       -872.4545       -1739.037   208 360.0000  -0.0003     -1.091 0.063   7 -99.00    0.132
2018-05-16-15:24:59 1.15  Mocks_Mamon/MockNFW160ellip0.5loga-2.08PA50center0.0_0.0With_background1num74.dat Diff-Evol    1.0e-04 0 0 0 0     NFW      359.9998  -0.0000     -1.549 0.000   0 -99.00   44.4        -768.871       -1531.884   222 359.9998  -0.0000     -1.093 0.050  28 -99.00    0.140
2018-05-16-15:24:59 1.15  Mocks_Mamon/MockNFW160ellip0.5loga-2.08PA50center0.0_0.0With_background1num75.dat Diff-Evol    1.0e-04 0 0 0 0     NFW      360.0000   0.0002     -1.634 0.000   0 -99.00   42.2       -849.9489       -1694.023   222 360.0000   0.0002     -1.102 0.018 156 -99.00    0.140
2018-05-16-15:24:59 1.15  Mocks_Mamon/MockNFW160ellip0.5loga-2.08PA50center0.0_0.0With_background1num76.dat Diff-Evol    1.0e-04 0 0 0 0     NFW      359.9998  -0.0001     -1.440 0.000   0 -99.00   51.1        -718.055       -1430.246   215 359.9998  -0.0001     -1.038 0.232  36 -99.00    0.135
2018-05-16-15:24:59 1.15  Mocks_Mamon/MockNFW160ellip0.5loga-2.08PA50center0.0_0.0With_background1num77.dat Diff-Evol    1.0e-04 0 0 0 0     NFW        0.0000   0.0002     -1.475 0.000   0 -99.00   53.7       -808.5042       -1611.148   257   0.0000   0.0002     -1.110 0.070 156 -99.00    0.161
2018-05-16-15:24:59 1.15  Mocks_Mamon/MockNFW160ellip0.5loga-2.08PA50center0.0_0.0With_background1num78.dat Diff-Evol    1.0e-04 0 0 0 0     NFW      360.0000   0.0000     -1.323 0.000   0 -99.00   72.2       -795.0472       -1584.234   305 360.0000   0.0000     -1.075 0.074  16 -99.00    0.195
2018-05-16-15:24:59 1.15  Mocks_Mamon/MockNFW160ellip0.5loga-2.08PA50center0.0_0.0With_background1num79.dat Diff-Evol    1.0e-04 0 0 0 0     NFW        0.0000  -0.0001     -1.721 0.000   0 -99.00   31.7       -735.0503        -1464.24   215   0.0000  -0.0001     -1.063 0.055 144 -99.00    0.135
2018-05-16-15:24:59 1.15  Mocks_Mamon/MockNFW160ellip0.5loga-2.08PA50center0.0_0.0With_background1num80.dat Diff-Evol    1.0e-04 0 0 0 0     NFW      359.9999   0.0001     -1.394 0.000   0 -99.00   59.4       -759.2954        -1512.73   305 359.9999   0.0001     -1.061 0.062 136 -99.00    0.194
2018-05-16-15:24:59 1.15  Mocks_Mamon/MockNFW160ellip0.5loga-2.08PA50center0.0_0.0With_background1num81.dat Diff-Evol    1.0e-04 0 0 0 0     NFW      359.9999   0.0001     -1.775 0.000   0 -99.00   32.8       -830.7456       -1655.622   222 359.9999   0.0001     -1.129 0.148  32 -99.00    0.140
2018-05-16-15:24:59 1.15  Mocks_Mamon/MockNFW160ellip0.5loga-2.08PA50center0.0_0.0With_background1num82.dat Diff-Evol    1.0e-04 0 0 0 0     NFW        0.0000   0.0001     -1.365 0.000   0 -99.00   57.1       -687.8095       -1369.775   291   0.0000   0.0001     -1.070 0.127 145 -99.00    0.186
2018-05-16-15:24:59 1.15  Mocks_Mamon/MockNFW160ellip0.5loga-2.08PA50center0.0_0.0With_background1num83.dat Diff-Evol    1.0e-04 0 0 0 0     NFW        0.0000   0.0001     -1.343 0.000   0 -99.00   64.7       -744.2793       -1482.686   312   0.0000   0.0001     -1.093 0.041 176 -99.00    0.198
2018-05-16-15:24:59 1.15  Mocks_Mamon/MockNFW160ellip0.5loga-2.08PA50center0.0_0.0With_background1num84.dat Diff-Evol    1.0e-04 0 0 0 0     NFW      360.0000   0.0000     -1.586 0.000   0 -99.00   42.5       -788.9659       -1572.088   208 360.0000   0.0000     -1.079 0.146 137 -99.00    0.131
2018-05-16-15:24:59 1.15  Mocks_Mamon/MockNFW160ellip0.5loga-2.08PA50center0.0_0.0With_background1num85.dat Diff-Evol    1.0e-04 0 0 0 0     NFW      359.9999  -0.0000     -1.523 0.000   0 -99.00   47.8       -788.5853       -1571.321   201 359.9999  -0.0000     -1.051 0.045  21 -99.00    0.127
2018-05-16-15:24:59 1.15  Mocks_Mamon/MockNFW160ellip0.5loga-2.08PA50center0.0_0.0With_background1num86.dat Diff-Evol    1.0e-04 0 0 0 0     NFW        0.0001   0.0000     -1.532 0.000   0 -99.00   47.3       -791.8203       -1577.769   215   0.0001   0.0000     -1.072 0.140  27 -99.00    0.136
2018-05-16-15:24:59 1.15  Mocks_Mamon/MockNFW160ellip0.5loga-2.08PA50center0.0_0.0With_background1num87.dat Diff-Evol    1.0e-04 0 0 0 0     NFW      360.0000   0.0001     -1.682 0.000   0 -99.00   35.1       -768.5944       -1531.331   215 360.0000   0.0001     -1.060 0.161 147 -99.00    0.135
2018-05-16-15:24:59 1.15  Mocks_Mamon/MockNFW160ellip0.5loga-2.08PA50center0.0_0.0With_background1num88.dat Diff-Evol    1.0e-04 0 0 0 0     NFW        0.0001   0.0001     -1.430 0.000   0 -99.00   54.9       -755.4127       -1504.976   305   0.0001   0.0001     -1.018 0.063 174 -99.00    0.195
2018-05-16-15:24:59 1.15  Mocks_Mamon/MockNFW160ellip0.5loga-2.08PA50center0.0_0.0With_background1num89.dat Diff-Evol    1.0e-04 0 0 0 0     NFW      359.9999  -0.0001     -1.387 0.000   0 -99.00   63.5       -801.4653       -1597.075   291 359.9999  -0.0001     -1.063 0.143  44 -99.00    0.187
2018-05-16-15:24:59 1.15  Mocks_Mamon/MockNFW160ellip0.5loga-2.08PA50center0.0_0.0With_background1num90.dat Diff-Evol    1.0e-04 0 0 0 0     NFW        0.0000  -0.0000     -2.005 0.000   0 -99.00   22.5       -781.9864       -1558.129   215   0.0000  -0.0000     -1.091 0.110  22 -99.00    0.135
2018-05-16-15:24:59 1.15  Mocks_Mamon/MockNFW160ellip0.5loga-2.08PA50center0.0_0.0With_background1num91.dat Diff-Evol    1.0e-04 0 0 0 0     NFW        0.0000   0.0000     -1.462 0.000   0 -99.00   53.9       -792.0992       -1578.335   305   0.0000   0.0000     -1.084 0.221  26 -99.00    0.196
2018-05-16-15:24:59 1.15  Mocks_Mamon/MockNFW160ellip0.5loga-2.08PA50center0.0_0.0With_background1num92.dat Diff-Evol    1.0e-04 0 0 0 0     NFW        0.0000   0.0000     -1.697 0.000   0 -99.00   35.9       -800.4361       -1595.006   208   0.0000   0.0000     -1.093 0.021  29 -99.00    0.131
2018-05-16-15:24:59 1.15  Mocks_Mamon/MockNFW160ellip0.5loga-2.08PA50center0.0_0.0With_background1num93.dat Diff-Evol    1.0e-04 0 0 0 0     NFW      360.0000  -0.0001     -1.562 0.000   0 -99.00   42.2       -750.7787       -1495.699   215 360.0000  -0.0001     -1.100 0.031  24 -99.00    0.136
2018-05-16-15:24:59 1.15  Mocks_Mamon/MockNFW160ellip0.5loga-2.08PA50center0.0_0.0With_background1num94.dat Diff-Evol    1.0e-04 0 0 0 0     NFW        0.0000   0.0000     -1.506 0.000   0 -99.00   49.3       -788.4875       -1571.117   215   0.0000   0.0000     -1.077 0.084 155 -99.00    0.136
2018-05-16-15:24:59 1.15  Mocks_Mamon/MockNFW160ellip0.5loga-2.08PA50center0.0_0.0With_background1num95.dat Diff-Evol    1.0e-04 0 0 0 0     NFW        0.0000  -0.0001     -1.612 0.000   0 -99.00   35.4       -686.3733       -1366.906   208   0.0000  -0.0001     -1.062 0.147  36 -99.00    0.130
2018-05-16-15:24:59 1.15  Mocks_Mamon/MockNFW160ellip0.5loga-2.08PA50center0.0_0.0With_background1num96.dat Diff-Evol    1.0e-04 0 0 0 0     NFW      359.9999  -0.0000     -1.682 0.000   0 -99.00   36.4       -793.0091       -1580.155   222 359.9999  -0.0000     -1.065 0.141 147 -99.00    0.140
2018-05-16-15:24:59 1.15  Mocks_Mamon/MockNFW160ellip0.5loga-2.08PA50center0.0_0.0With_background1num97.dat Diff-Evol    1.0e-04 0 0 0 0     NFW      359.9999   0.0001     -1.289 0.000   0 -99.00   75.5       -772.1592       -1538.466   305 359.9999   0.0001     -1.083 0.028 155 -99.00    0.195
2018-05-16-15:24:59 1.15  Mocks_Mamon/MockNFW160ellip0.5loga-2.08PA50center0.0_0.0With_background1num98.dat Diff-Evol    1.0e-04 0 0 0 0     NFW        0.0000  -0.0001     -1.571 0.000   0 -99.00   44.5       -798.5696       -1591.281   215   0.0000  -0.0001     -1.063 0.048 137 -99.00    0.135
2018-05-16-15:24:59 1.15  Mocks_Mamon/MockNFW160ellip0.5loga-2.08PA50center0.0_0.0With_background1num99.dat Diff-Evol    1.0e-04 0 0 0 0     NFW        0.0000   0.0003     -1.439 0.000   0 -99.00   48.7       -682.3811       -1358.913   215   0.0000   0.0003     -1.040 0.073 146 -99.00    0.134
