2018-05-16-15:24:27 1.15  Mocks_Mamon/MockNFW20ellip0.5loga-2.08PA50center0.0_0.0With_background1num0.dat BFGS         1.0e-04 0 0 0 0     NFW      359.9920  -0.0076     -0.935 0.000   0 -99.00  139.7           1E+30           2E+30     8 359.9920  -0.0076     -0.935 0.064  10 -99.00    0.001
2018-05-16-15:24:27 1.15  Mocks_Mamon/MockNFW20ellip0.5loga-2.08PA50center0.0_0.0With_background1num1.dat BFGS         1.0e-04 0 0 0 0     NFW      359.9904  -0.0028     -0.918 0.000   0 -99.00  136.5           1E+30           2E+30     8 359.9904  -0.0028     -0.918 0.096 147 -99.00    0.000
2018-05-16-15:24:27 1.15  Mocks_Mamon/MockNFW20ellip0.5loga-2.08PA50center0.0_0.0With_background1num2.dat BFGS         1.0e-04 0 0 0 0     NFW        0.0022   0.0001     -0.908 0.000   0 -99.00  132.2           1E+30           2E+30     8   0.0022   0.0001     -0.908 0.151 162 -99.00    0.000
2018-05-16-15:24:27 1.15  Mocks_Mamon/MockNFW20ellip0.5loga-2.08PA50center0.0_0.0With_background1num3.dat BFGS         1.0e-04 0 0 0 0     NFW      359.9962  -0.0003     -0.903 0.000   0 -99.00  131.6           1E+30           2E+30     8 359.9962  -0.0003     -0.903 0.105 136 -99.00    0.000
2018-05-16-15:24:27 1.15  Mocks_Mamon/MockNFW20ellip0.5loga-2.08PA50center0.0_0.0With_background1num4.dat BFGS         1.0e-04 0 0 0 0     NFW        0.0004   0.0051     -0.899 0.000   0 -99.00  131.1           1E+30           2E+30     8   0.0004   0.0051     -0.899 0.026  38 -99.00    0.000
2018-05-16-15:24:27 1.15  Mocks_Mamon/MockNFW20ellip0.5loga-2.08PA50center0.0_0.0With_background1num5.dat BFGS         1.0e-04 0 0 0 0     NFW        0.0053  -0.0043     -0.919 0.000   0 -99.00  131.5           1E+30           2E+30     8   0.0053  -0.0043     -0.919 0.037 152 -99.00    0.000
2018-05-16-15:24:27 1.15  Mocks_Mamon/MockNFW20ellip0.5loga-2.08PA50center0.0_0.0With_background1num6.dat BFGS         1.0e-04 0 0 0 0     NFW      359.9995   0.0001     -0.935 0.000   0 -99.00  124.9           1E+30           2E+30     8 359.9995   0.0001     -0.935 0.064 180 -99.00    0.000
2018-05-16-15:24:27 1.15  Mocks_Mamon/MockNFW20ellip0.5loga-2.08PA50center0.0_0.0With_background1num7.dat BFGS         1.0e-04 0 0 0 0     NFW        0.0002  -0.0000     -0.918 0.000   0 -99.00  122.6           1E+30           2E+30     8   0.0002  -0.0000     -0.918 0.047 176 -99.00    0.000
2018-05-16-15:24:27 1.15  Mocks_Mamon/MockNFW20ellip0.5loga-2.08PA50center0.0_0.0With_background1num8.dat BFGS         1.0e-04 0 0 0 0     NFW      359.9979  -0.0001     -0.919 0.000   0 -99.00  130.6           1E+30           2E+30     8 359.9979  -0.0001     -0.919 0.110 170 -99.00    0.000
2018-05-16-15:24:27 1.15  Mocks_Mamon/MockNFW20ellip0.5loga-2.08PA50center0.0_0.0With_background1num9.dat BFGS         1.0e-04 0 0 0 0     NFW      359.9983  -0.0001     -0.907 0.000   0 -99.00  125.6           1E+30           2E+30     8 359.9983  -0.0001     -0.907 0.051  20 -99.00    0.000
2018-05-16-15:24:27 1.15  Mocks_Mamon/MockNFW20ellip0.5loga-2.08PA50center0.0_0.0With_background1num10.dat BFGS         1.0e-04 0 0 0 0     NFW      360.0000  -0.0023     -0.951 0.000   0 -99.00  118.2           1E+30           2E+30     8 360.0000  -0.0023     -0.951 0.086 151 -99.00    0.000
2018-05-16-15:24:27 1.15  Mocks_Mamon/MockNFW20ellip0.5loga-2.08PA50center0.0_0.0With_background1num11.dat BFGS         1.0e-04 0 0 0 0     NFW        0.0045  -0.0013     -0.895 0.000   0 -99.00  131.7           1E+30           2E+30     8   0.0045  -0.0013     -0.895 0.127  11 -99.00    0.000
2018-05-16-15:24:27 1.15  Mocks_Mamon/MockNFW20ellip0.5loga-2.08PA50center0.0_0.0With_background1num12.dat BFGS         1.0e-04 0 0 0 0     NFW      359.9998  -0.0031     -0.898 0.000   0 -99.00  129.4           1E+30           2E+30     8 359.9998  -0.0031     -0.898 0.137  10 -99.00    0.000
2018-05-16-15:24:27 1.15  Mocks_Mamon/MockNFW20ellip0.5loga-2.08PA50center0.0_0.0With_background1num13.dat BFGS         1.0e-04 0 0 0 0     NFW        0.0025  -0.0000     -0.900 0.000   0 -99.00  127.1           1E+30           2E+30     8   0.0025  -0.0000     -0.900 0.022  38 -99.00    0.000
2018-05-16-15:24:27 1.15  Mocks_Mamon/MockNFW20ellip0.5loga-2.08PA50center0.0_0.0With_background1num14.dat BFGS         1.0e-04 0 0 0 0     NFW        0.0054  -0.0007     -0.913 0.000   0 -99.00  137.6           1E+30           2E+30     8   0.0054  -0.0007     -0.913 0.129 142 -99.00    0.000
2018-05-16-15:24:27 1.15  Mocks_Mamon/MockNFW20ellip0.5loga-2.08PA50center0.0_0.0With_background1num15.dat BFGS         1.0e-04 0 0 0 0     NFW      359.9980   0.0007     -0.896 0.000   0 -99.00  129.6           1E+30           2E+30     8 359.9980   0.0007     -0.896 0.102 141 -99.00    0.000
2018-05-16-15:24:27 1.15  Mocks_Mamon/MockNFW20ellip0.5loga-2.08PA50center0.0_0.0With_background1num16.dat BFGS         1.0e-04 0 0 0 0     NFW        0.0003  -0.0000     -0.928 0.000   0 -99.00  114.5           1E+30           2E+30     8   0.0003  -0.0000     -0.928 0.102  26 -99.00    0.000
2018-05-16-15:24:27 1.15  Mocks_Mamon/MockNFW20ellip0.5loga-2.08PA50center0.0_0.0With_background1num17.dat BFGS         1.0e-04 0 0 0 0     NFW        0.0017   0.0041     -0.906 0.000   0 -99.00  132.3           1E+30           2E+30     8   0.0017   0.0041     -0.906 0.072   4 -99.00    0.000
2018-05-16-15:24:27 1.15  Mocks_Mamon/MockNFW20ellip0.5loga-2.08PA50center0.0_0.0With_background1num18.dat BFGS         1.0e-04 0 0 0 0     NFW      359.9959  -0.0037     -0.910 0.000   0 -99.00  144.9           1E+30           2E+30     8 359.9959  -0.0037     -0.910 0.045 137 -99.00    0.000
2018-05-16-15:24:27 1.15  Mocks_Mamon/MockNFW20ellip0.5loga-2.08PA50center0.0_0.0With_background1num19.dat BFGS         1.0e-04 0 0 0 0     NFW      359.9985   0.0012     -0.903 0.000   0 -99.00  122.3           1E+30           2E+30     8 359.9985   0.0012     -0.903 0.088  35 -99.00    0.000
2018-05-16-15:24:27 1.15  Mocks_Mamon/MockNFW20ellip0.5loga-2.08PA50center0.0_0.0With_background1num20.dat BFGS         1.0e-04 0 0 0 0     NFW        0.0012   0.0007     -0.901 0.000   0 -99.00  117.2           1E+30           2E+30     8   0.0012   0.0007     -0.901 0.054   7 -99.00    0.000
2018-05-16-15:24:27 1.15  Mocks_Mamon/MockNFW20ellip0.5loga-2.08PA50center0.0_0.0With_background1num21.dat BFGS         1.0e-04 0 0 0 0     NFW        0.0100   0.0003     -0.911 0.000   0 -99.00  138.3           1E+30           2E+30     8   0.0100   0.0003     -0.911 0.125 147 -99.00    0.000
2018-05-16-15:24:27 1.15  Mocks_Mamon/MockNFW20ellip0.5loga-2.08PA50center0.0_0.0With_background1num22.dat BFGS         1.0e-04 0 0 0 0     NFW        0.0001  -0.0010     -0.892 0.000   0 -99.00  119.8           1E+30           2E+30     8   0.0001  -0.0010     -0.892 0.102  37 -99.00    0.000
2018-05-16-15:24:27 1.15  Mocks_Mamon/MockNFW20ellip0.5loga-2.08PA50center0.0_0.0With_background1num23.dat BFGS         1.0e-04 0 0 0 0     NFW        0.0006   0.0010     -0.909 0.000   0 -99.00  121.5           1E+30           2E+30     8   0.0006   0.0010     -0.909 0.058  13 -99.00    0.000
2018-05-16-15:24:27 1.15  Mocks_Mamon/MockNFW20ellip0.5loga-2.08PA50center0.0_0.0With_background1num24.dat BFGS         1.0e-04 0 0 0 0     NFW      359.9970   0.0009     -0.909 0.000   0 -99.00  130.6           1E+30           2E+30     8 359.9970   0.0009     -0.909 0.013 171 -99.00    0.000
2018-05-16-15:24:27 1.15  Mocks_Mamon/MockNFW20ellip0.5loga-2.08PA50center0.0_0.0With_background1num25.dat BFGS         1.0e-04 0 0 0 0     NFW        0.0001  -0.0052     -0.927 0.000   0 -99.00  124.1           1E+30           2E+30     8   0.0001  -0.0052     -0.927 0.161 145 -99.00    0.000
2018-05-16-15:24:27 1.15  Mocks_Mamon/MockNFW20ellip0.5loga-2.08PA50center0.0_0.0With_background1num26.dat BFGS         1.0e-04 0 0 0 0     NFW      359.9979   0.0011     -0.918 0.000   0 -99.00  135.0           1E+30           2E+30     8 359.9979   0.0011     -0.918 0.065 137 -99.00    0.000
2018-05-16-15:24:27 1.15  Mocks_Mamon/MockNFW20ellip0.5loga-2.08PA50center0.0_0.0With_background1num27.dat BFGS         1.0e-04 0 0 0 0     NFW      359.9977  -0.0005     -0.911 0.000   0 -99.00  122.3           1E+30           2E+30     8 359.9977  -0.0005     -0.911 0.049 160 -99.00    0.000
2018-05-16-15:24:27 1.15  Mocks_Mamon/MockNFW20ellip0.5loga-2.08PA50center0.0_0.0With_background1num28.dat BFGS         1.0e-04 0 0 0 0     NFW        0.0038  -0.0066     -0.929 0.000   0 -99.00  130.2           1E+30           2E+30     8   0.0038  -0.0066     -0.929 0.003  17 -99.00    0.000
2018-05-16-15:24:27 1.15  Mocks_Mamon/MockNFW20ellip0.5loga-2.08PA50center0.0_0.0With_background1num29.dat BFGS         1.0e-04 0 0 0 0     NFW      359.9997   0.0017     -0.912 0.000   0 -99.00  130.6           1E+30           2E+30     8 359.9997   0.0017     -0.912 0.145  31 -99.00    0.000
2018-05-16-15:24:27 1.15  Mocks_Mamon/MockNFW20ellip0.5loga-2.08PA50center0.0_0.0With_background1num30.dat BFGS         1.0e-04 0 0 0 0     NFW      359.9923  -0.0073     -0.915 0.000   0 -99.00  136.6           1E+30           2E+30     8 359.9923  -0.0073     -0.915 0.039   5 -99.00    0.000
2018-05-16-15:24:27 1.15  Mocks_Mamon/MockNFW20ellip0.5loga-2.08PA50center0.0_0.0With_background1num31.dat BFGS         1.0e-04 0 0 0 0     NFW        0.0013   0.0001     -0.907 0.000   0 -99.00  121.0           1E+30           2E+30     8   0.0013   0.0001     -0.907 0.155 144 -99.00    0.000
2018-05-16-15:24:27 1.15  Mocks_Mamon/MockNFW20ellip0.5loga-2.08PA50center0.0_0.0With_background1num32.dat BFGS         1.0e-04 0 0 0 0     NFW        0.0032  -0.0038     -0.891 0.000   0 -99.00  128.2           1E+30           2E+30     8   0.0032  -0.0038     -0.891 0.233 170 -99.00    0.000
2018-05-16-15:24:27 1.15  Mocks_Mamon/MockNFW20ellip0.5loga-2.08PA50center0.0_0.0With_background1num33.dat BFGS         1.0e-04 0 0 0 0     NFW      359.9985  -0.0000     -0.935 0.000   0 -99.00  123.1           1E+30           2E+30     8 359.9985  -0.0000     -0.935 0.181  32 -99.00    0.000
