2018-05-16-15:24:22 1.15  Mocks_Mamon/MockNFW20ellip0.5loga-2.08PA50center0.0_0.0With_background1num0.dat Nelder-Mead  1.0e-04 0 0 0 0     NFW      359.9920  -0.0076     -0.959 0.000   0 -99.00  131.0       -577.0027       -1148.612   243 359.9920  -0.0076     -0.935 0.064  10 -99.00    0.048
2018-05-16-15:24:22 1.15  Mocks_Mamon/MockNFW20ellip0.5loga-2.08PA50center0.0_0.0With_background1num1.dat Nelder-Mead  1.0e-04 0 0 0 0     NFW      359.9904  -0.0028     -0.952 0.000   0 -99.00  123.9       -535.8579       -1066.318   243 359.9904  -0.0028     -0.918 0.096 147 -99.00    0.048
2018-05-16-15:24:22 1.15  Mocks_Mamon/MockNFW20ellip0.5loga-2.08PA50center0.0_0.0With_background1num2.dat Nelder-Mead  1.0e-04 0 0 0 0     NFW        0.0022   0.0001     -0.908 0.000   0 -99.00  132.2           1E+30           2E+30   143   0.0022   0.0001     -0.908 0.151 162 -99.00    0.004
2018-05-16-15:24:22 1.15  Mocks_Mamon/MockNFW20ellip0.5loga-2.08PA50center0.0_0.0With_background1num3.dat Nelder-Mead  1.0e-04 0 0 0 0     NFW      359.9962  -0.0003     -0.903 0.000   0 -99.00  131.6           1E+30           2E+30   143 359.9962  -0.0003     -0.903 0.105 136 -99.00    0.004
2018-05-16-15:24:22 1.15  Mocks_Mamon/MockNFW20ellip0.5loga-2.08PA50center0.0_0.0With_background1num4.dat Nelder-Mead  1.0e-04 0 0 0 0     NFW        0.0004   0.0051     -0.899 0.000   0 -99.00  131.1           1E+30           2E+30   143   0.0004   0.0051     -0.899 0.026  38 -99.00    0.004
2018-05-16-15:24:22 1.15  Mocks_Mamon/MockNFW20ellip0.5loga-2.08PA50center0.0_0.0With_background1num5.dat Nelder-Mead  1.0e-04 0 0 0 0     NFW        0.0053  -0.0043     -0.953 0.000   0 -99.00  119.3       -509.7264       -1014.055   243   0.0053  -0.0043     -0.919 0.037 152 -99.00    0.047
2018-05-16-15:24:22 1.15  Mocks_Mamon/MockNFW20ellip0.5loga-2.08PA50center0.0_0.0With_background1num6.dat Nelder-Mead  1.0e-04 0 0 0 0     NFW      359.9995   0.0001     -0.976 0.000   0 -99.00  111.3       -495.6572       -985.9253   243 359.9995   0.0001     -0.935 0.064 180 -99.00    0.050
2018-05-16-15:24:22 1.15  Mocks_Mamon/MockNFW20ellip0.5loga-2.08PA50center0.0_0.0With_background1num7.dat Nelder-Mead  1.0e-04 0 0 0 0     NFW        0.0002  -0.0000     -0.918 0.000   0 -99.00  122.6           1E+30           2E+30   143   0.0002  -0.0000     -0.918 0.047 176 -99.00    0.004
2018-05-16-15:24:22 1.15  Mocks_Mamon/MockNFW20ellip0.5loga-2.08PA50center0.0_0.0With_background1num8.dat Nelder-Mead  1.0e-04 0 0 0 0     NFW      359.9979  -0.0001     -0.919 0.000   0 -99.00  130.6           1E+30           2E+30   143 359.9979  -0.0001     -0.919 0.110 170 -99.00    0.004
2018-05-16-15:24:22 1.15  Mocks_Mamon/MockNFW20ellip0.5loga-2.08PA50center0.0_0.0With_background1num9.dat Nelder-Mead  1.0e-04 0 0 0 0     NFW      359.9983  -0.0001     -0.907 0.000   0 -99.00  125.6           1E+30           2E+30   143 359.9983  -0.0001     -0.907 0.051  20 -99.00    0.004
2018-05-16-15:24:22 1.15  Mocks_Mamon/MockNFW20ellip0.5loga-2.08PA50center0.0_0.0With_background1num10.dat Nelder-Mead  1.0e-04 0 0 0 0     NFW      360.0000  -0.0023     -0.975 0.000   0 -99.00  110.6       -498.5235       -991.6579   243 360.0000  -0.0023     -0.951 0.086 151 -99.00    0.048
2018-05-16-15:24:22 1.15  Mocks_Mamon/MockNFW20ellip0.5loga-2.08PA50center0.0_0.0With_background1num11.dat Nelder-Mead  1.0e-04 0 0 0 0     NFW        0.0045  -0.0013     -0.895 0.000   0 -99.00  131.7           1E+30           2E+30   143   0.0045  -0.0013     -0.895 0.127  11 -99.00    0.004
2018-05-16-15:24:22 1.15  Mocks_Mamon/MockNFW20ellip0.5loga-2.08PA50center0.0_0.0With_background1num12.dat Nelder-Mead  1.0e-04 0 0 0 0     NFW      359.9998  -0.0031     -0.898 0.000   0 -99.00  129.4           1E+30           2E+30   143 359.9998  -0.0031     -0.898 0.137  10 -99.00    0.004
2018-05-16-15:24:22 1.15  Mocks_Mamon/MockNFW20ellip0.5loga-2.08PA50center0.0_0.0With_background1num13.dat Nelder-Mead  1.0e-04 0 0 0 0     NFW        0.0025  -0.0000     -0.900 0.000   0 -99.00  127.1           1E+30           2E+30   143   0.0025  -0.0000     -0.900 0.022  38 -99.00    0.004
2018-05-16-15:24:22 1.15  Mocks_Mamon/MockNFW20ellip0.5loga-2.08PA50center0.0_0.0With_background1num14.dat Nelder-Mead  1.0e-04 0 0 0 0     NFW        0.0054  -0.0007     -0.958 0.000   0 -99.00  121.0       -521.7071       -1038.025   243   0.0054  -0.0007     -0.913 0.129 142 -99.00    0.045
2018-05-16-15:24:22 1.15  Mocks_Mamon/MockNFW20ellip0.5loga-2.08PA50center0.0_0.0With_background1num15.dat Nelder-Mead  1.0e-04 0 0 0 0     NFW      359.9980   0.0007     -0.896 0.000   0 -99.00  129.6           1E+30           2E+30   143 359.9980   0.0007     -0.896 0.102 141 -99.00    0.004
2018-05-16-15:24:22 1.15  Mocks_Mamon/MockNFW20ellip0.5loga-2.08PA50center0.0_0.0With_background1num16.dat Nelder-Mead  1.0e-04 0 0 0 0     NFW        0.0003  -0.0000     -0.928 0.000   0 -99.00  114.5           1E+30           2E+30   143   0.0003  -0.0000     -0.928 0.102  26 -99.00    0.004
2018-05-16-15:24:22 1.15  Mocks_Mamon/MockNFW20ellip0.5loga-2.08PA50center0.0_0.0With_background1num17.dat Nelder-Mead  1.0e-04 0 0 0 0     NFW        0.0017   0.0041     -0.906 0.000   0 -99.00  132.3           1E+30           2E+30   143   0.0017   0.0041     -0.906 0.072   4 -99.00    0.004
2018-05-16-15:24:22 1.15  Mocks_Mamon/MockNFW20ellip0.5loga-2.08PA50center0.0_0.0With_background1num18.dat Nelder-Mead  1.0e-04 0 0 0 0     NFW      359.9959  -0.0037     -0.955 0.000   0 -99.00  127.7       -538.5599       -1071.735   243 359.9959  -0.0037     -0.910 0.045 137 -99.00    0.045
2018-05-16-15:24:22 1.15  Mocks_Mamon/MockNFW20ellip0.5loga-2.08PA50center0.0_0.0With_background1num19.dat Nelder-Mead  1.0e-04 0 0 0 0     NFW      359.9985   0.0012     -0.903 0.000   0 -99.00  122.3           1E+30           2E+30   143 359.9985   0.0012     -0.903 0.088  35 -99.00    0.004
2018-05-16-15:24:22 1.15  Mocks_Mamon/MockNFW20ellip0.5loga-2.08PA50center0.0_0.0With_background1num20.dat Nelder-Mead  1.0e-04 0 0 0 0     NFW        0.0012   0.0007     -0.901 0.000   0 -99.00  117.2           1E+30           2E+30   143   0.0012   0.0007     -0.901 0.054   7 -99.00    0.004
2018-05-16-15:24:22 1.15  Mocks_Mamon/MockNFW20ellip0.5loga-2.08PA50center0.0_0.0With_background1num21.dat Nelder-Mead  1.0e-04 0 0 0 0     NFW        0.0100   0.0003     -0.951 0.000   0 -99.00  123.6       -521.1116        -1036.83   243   0.0100   0.0003     -0.911 0.125 147 -99.00    0.049
2018-05-16-15:24:22 1.15  Mocks_Mamon/MockNFW20ellip0.5loga-2.08PA50center0.0_0.0With_background1num22.dat Nelder-Mead  1.0e-04 0 0 0 0     NFW        0.0001  -0.0010     -0.892 0.000   0 -99.00  119.8           1E+30           2E+30   143   0.0001  -0.0010     -0.892 0.102  37 -99.00    0.004
2018-05-16-15:24:22 1.15  Mocks_Mamon/MockNFW20ellip0.5loga-2.08PA50center0.0_0.0With_background1num23.dat Nelder-Mead  1.0e-04 0 0 0 0     NFW        0.0006   0.0010     -0.909 0.000   0 -99.00  121.5           1E+30           2E+30   143   0.0006   0.0010     -0.909 0.058  13 -99.00    0.004
2018-05-16-15:24:22 1.15  Mocks_Mamon/MockNFW20ellip0.5loga-2.08PA50center0.0_0.0With_background1num24.dat Nelder-Mead  1.0e-04 0 0 0 0     NFW      359.9970   0.0009     -0.909 0.000   0 -99.00  130.6           1E+30           2E+30   143 359.9970   0.0009     -0.909 0.013 171 -99.00    0.004
2018-05-16-15:24:22 1.15  Mocks_Mamon/MockNFW20ellip0.5loga-2.08PA50center0.0_0.0With_background1num25.dat Nelder-Mead  1.0e-04 0 0 0 0     NFW        0.0001  -0.0052     -0.962 0.000   0 -99.00  112.6       -494.2646       -983.1356   243   0.0001  -0.0052     -0.927 0.161 145 -99.00    0.047
2018-05-16-15:24:22 1.15  Mocks_Mamon/MockNFW20ellip0.5loga-2.08PA50center0.0_0.0With_background1num26.dat Nelder-Mead  1.0e-04 0 0 0 0     NFW      359.9979   0.0011     -0.918 0.000   0 -99.00  135.0           1E+30           2E+30   143 359.9979   0.0011     -0.918 0.065 137 -99.00    0.004
2018-05-16-15:24:22 1.15  Mocks_Mamon/MockNFW20ellip0.5loga-2.08PA50center0.0_0.0With_background1num27.dat Nelder-Mead  1.0e-04 0 0 0 0     NFW      359.9977  -0.0005     -0.911 0.000   0 -99.00  122.3           1E+30           2E+30   143 359.9977  -0.0005     -0.911 0.049 160 -99.00    0.005
2018-05-16-15:24:22 1.15  Mocks_Mamon/MockNFW20ellip0.5loga-2.08PA50center0.0_0.0With_background1num28.dat Nelder-Mead  1.0e-04 0 0 0 0     NFW        0.0038  -0.0066     -0.964 0.000   0 -99.00  118.1       -527.4885       -1049.588   243   0.0038  -0.0066     -0.929 0.003  17 -99.00    0.047
2018-05-16-15:24:22 1.15  Mocks_Mamon/MockNFW20ellip0.5loga-2.08PA50center0.0_0.0With_background1num29.dat Nelder-Mead  1.0e-04 0 0 0 0     NFW      359.9997   0.0017     -0.912 0.000   0 -99.00  130.6           1E+30           2E+30   143 359.9997   0.0017     -0.912 0.145  31 -99.00    0.004
2018-05-16-15:24:22 1.15  Mocks_Mamon/MockNFW20ellip0.5loga-2.08PA50center0.0_0.0With_background1num30.dat Nelder-Mead  1.0e-04 0 0 0 0     NFW      359.9923  -0.0073     -0.949 0.000   0 -99.00  124.1       -535.7434       -1066.093   243 359.9923  -0.0073     -0.915 0.039   5 -99.00    0.047
2018-05-16-15:24:22 1.15  Mocks_Mamon/MockNFW20ellip0.5loga-2.08PA50center0.0_0.0With_background1num31.dat Nelder-Mead  1.0e-04 0 0 0 0     NFW        0.0013   0.0001     -0.907 0.000   0 -99.00  121.0           1E+30           2E+30   143   0.0013   0.0001     -0.907 0.155 144 -99.00    0.004
2018-05-16-15:24:22 1.15  Mocks_Mamon/MockNFW20ellip0.5loga-2.08PA50center0.0_0.0With_background1num32.dat Nelder-Mead  1.0e-04 0 0 0 0     NFW        0.0032  -0.0038     -0.891 0.000   0 -99.00  128.2           1E+30           2E+30   143   0.0032  -0.0038     -0.891 0.233 170 -99.00    0.004
2018-05-16-15:24:22 1.15  Mocks_Mamon/MockNFW20ellip0.5loga-2.08PA50center0.0_0.0With_background1num33.dat Nelder-Mead  1.0e-04 0 0 0 0     NFW      359.9985  -0.0000     -0.976 0.000   0 -99.00  109.7       -480.5542       -955.7147   243 359.9985  -0.0000     -0.935 0.181  32 -99.00    0.051
2018-05-16-15:24:22 1.15  Mocks_Mamon/MockNFW20ellip0.5loga-2.08PA50center0.0_0.0With_background1num34.dat Nelder-Mead  1.0e-04 0 0 0 0     NFW        0.0075  -0.0002     -0.972 0.000   0 -99.00  122.1       -565.3357       -1125.287   243   0.0075  -0.0002     -0.972 0.023 164 -99.00    0.051
2018-05-16-15:24:22 1.15  Mocks_Mamon/MockNFW20ellip0.5loga-2.08PA50center0.0_0.0With_background1num35.dat Nelder-Mead  1.0e-04 0 0 0 0     NFW        0.0064   0.0059     -0.947 0.000   0 -99.00  130.4       -556.3198       -1107.241   243   0.0064   0.0059     -0.924 0.091  12 -99.00    0.048
2018-05-16-15:24:22 1.15  Mocks_Mamon/MockNFW20ellip0.5loga-2.08PA50center0.0_0.0With_background1num36.dat Nelder-Mead  1.0e-04 0 0 0 0     NFW        0.0017  -0.0020     -0.891 0.000   0 -99.00  131.1           1E+30           2E+30   143   0.0017  -0.0020     -0.891 0.106  35 -99.00    0.004
2018-05-16-15:24:22 1.15  Mocks_Mamon/MockNFW20ellip0.5loga-2.08PA50center0.0_0.0With_background1num37.dat Nelder-Mead  1.0e-04 0 0 0 0     NFW        0.0025  -0.0011     -0.925 0.000   0 -99.00  130.4           1E+30           2E+30   143   0.0025  -0.0011     -0.925 0.126 149 -99.00    0.004
2018-05-16-15:24:22 1.15  Mocks_Mamon/MockNFW20ellip0.5loga-2.08PA50center0.0_0.0With_background1num38.dat Nelder-Mead  1.0e-04 0 0 0 0     NFW        0.0005   0.0028     -0.912 0.000   0 -99.00  129.6           1E+30           2E+30   143   0.0005   0.0028     -0.912 0.043  39 -99.00    0.004
2018-05-16-15:24:22 1.15  Mocks_Mamon/MockNFW20ellip0.5loga-2.08PA50center0.0_0.0With_background1num39.dat Nelder-Mead  1.0e-04 0 0 0 0     NFW        0.0000  -0.0002     -0.909 0.000   0 -99.00  120.0           1E+30           2E+30   143   0.0000  -0.0002     -0.909 0.115   1 -99.00    0.004
2018-05-16-15:24:22 1.15  Mocks_Mamon/MockNFW20ellip0.5loga-2.08PA50center0.0_0.0With_background1num40.dat Nelder-Mead  1.0e-04 0 0 0 0     NFW      359.9968  -0.0005     -0.915 0.000   0 -99.00  134.0           1E+30           2E+30   143 359.9968  -0.0005     -0.915 0.120 145 -99.00    0.004
2018-05-16-15:24:22 1.15  Mocks_Mamon/MockNFW20ellip0.5loga-2.08PA50center0.0_0.0With_background1num41.dat Nelder-Mead  1.0e-04 0 0 0 0     NFW        0.0071   0.0022     -0.960 0.000   0 -99.00  114.3       -498.7819       -992.1793   243   0.0071   0.0022     -0.920 0.060  41 -99.00    0.047
2018-05-16-15:24:22 1.15  Mocks_Mamon/MockNFW20ellip0.5loga-2.08PA50center0.0_0.0With_background1num42.dat Nelder-Mead  1.0e-04 0 0 0 0     NFW      359.9943   0.0019     -0.897 0.000   0 -99.00  130.9           1E+30           2E+30   143 359.9943   0.0019     -0.897 0.057 146 -99.00    0.004
2018-05-16-15:24:22 1.15  Mocks_Mamon/MockNFW20ellip0.5loga-2.08PA50center0.0_0.0With_background1num43.dat Nelder-Mead  1.0e-04 0 0 0 0     NFW        0.0007   0.0004     -0.921 0.000   0 -99.00  120.7           1E+30           2E+30   143   0.0007   0.0004     -0.921 0.110 145 -99.00    0.004
2018-05-16-15:24:22 1.15  Mocks_Mamon/MockNFW20ellip0.5loga-2.08PA50center0.0_0.0With_background1num44.dat Nelder-Mead  1.0e-04 0 0 0 0     NFW      359.9993   0.0009     -0.895 0.000   0 -99.00  125.6           1E+30           2E+30   143 359.9993   0.0009     -0.895 0.097   1 -99.00    0.004
2018-05-16-15:24:22 1.15  Mocks_Mamon/MockNFW20ellip0.5loga-2.08PA50center0.0_0.0With_background1num45.dat Nelder-Mead  1.0e-04 0 0 0 0     NFW      359.9998   0.0019     -0.903 0.000   0 -99.00  124.9           1E+30           2E+30   143 359.9998   0.0019     -0.903 0.048  36 -99.00    0.004
2018-05-16-15:24:22 1.15  Mocks_Mamon/MockNFW20ellip0.5loga-2.08PA50center0.0_0.0With_background1num46.dat Nelder-Mead  1.0e-04 0 0 0 0     NFW      359.9948   0.0032     -0.900 0.000   0 -99.00  139.6           1E+30           2E+30   143 359.9948   0.0032     -0.900 0.092 164 -99.00    0.004
2018-05-16-15:24:22 1.15  Mocks_Mamon/MockNFW20ellip0.5loga-2.08PA50center0.0_0.0With_background1num47.dat Nelder-Mead  1.0e-04 0 0 0 0     NFW      359.9997   0.0099     -0.957 0.000   0 -99.00  119.9       -524.9096       -1044.426   243 359.9997   0.0099     -0.917 0.075 157 -99.00    0.046
2018-05-16-15:24:22 1.15  Mocks_Mamon/MockNFW20ellip0.5loga-2.08PA50center0.0_0.0With_background1num48.dat Nelder-Mead  1.0e-04 0 0 0 0     NFW      359.9981   0.0022     -0.972 0.000   0 -99.00  112.6       -505.1887       -1004.984   243 359.9981   0.0022     -0.931 0.104  23 -99.00    0.047
2018-05-16-15:24:22 1.15  Mocks_Mamon/MockNFW20ellip0.5loga-2.08PA50center0.0_0.0With_background1num49.dat Nelder-Mead  1.0e-04 0 0 0 0     NFW        0.0024  -0.0005     -0.917 0.000   0 -99.00  125.6           1E+30           2E+30   143   0.0024  -0.0005     -0.917 0.118 169 -99.00    0.004
2018-05-16-15:24:22 1.15  Mocks_Mamon/MockNFW20ellip0.5loga-2.08PA50center0.0_0.0With_background1num50.dat Nelder-Mead  1.0e-04 0 0 0 0     NFW        0.0002  -0.0028     -0.968 0.000   0 -99.00  106.9       -474.6335       -943.8689   243   0.0002  -0.0028     -0.927 0.154 160 -99.00    0.047
2018-05-16-15:24:22 1.15  Mocks_Mamon/MockNFW20ellip0.5loga-2.08PA50center0.0_0.0With_background1num51.dat Nelder-Mead  1.0e-04 0 0 0 0     NFW      360.0000  -0.0053     -0.969 0.000   0 -99.00  112.2       -502.8758       -1000.372   243 360.0000  -0.0053     -0.926 0.050 147 -99.00    0.074
2018-05-16-15:24:22 1.15  Mocks_Mamon/MockNFW20ellip0.5loga-2.08PA50center0.0_0.0With_background1num52.dat Nelder-Mead  1.0e-04 0 0 0 0     NFW      359.9991   0.0005     -0.971 0.000   0 -99.00  105.6        -456.063       -906.7278   243 359.9991   0.0005     -0.928 0.082   6 -99.00    0.047
2018-05-16-15:24:22 1.15  Mocks_Mamon/MockNFW20ellip0.5loga-2.08PA50center0.0_0.0With_background1num53.dat Nelder-Mead  1.0e-04 0 0 0 0     NFW      359.9971  -0.0010     -0.964 0.000   0 -99.00  119.4       -523.9257       -1042.453   243 359.9971  -0.0010     -0.918 0.089 145 -99.00    0.046
2018-05-16-15:24:22 1.15  Mocks_Mamon/MockNFW20ellip0.5loga-2.08PA50center0.0_0.0With_background1num54.dat Nelder-Mead  1.0e-04 0 0 0 0     NFW      360.0000   0.0038     -0.911 0.000   0 -99.00  134.5           1E+30           2E+30   143 360.0000   0.0038     -0.911 0.145  10 -99.00    0.004
2018-05-16-15:24:22 1.15  Mocks_Mamon/MockNFW20ellip0.5loga-2.08PA50center0.0_0.0With_background1num55.dat Nelder-Mead  1.0e-04 0 0 0 0     NFW        0.0004  -0.0049     -0.975 0.000   0 -99.00  115.8       -521.2756       -1037.153   243   0.0004  -0.0049     -0.934 0.042  11 -99.00    0.046
2018-05-16-15:24:22 1.15  Mocks_Mamon/MockNFW20ellip0.5loga-2.08PA50center0.0_0.0With_background1num56.dat Nelder-Mead  1.0e-04 0 0 0 0     NFW      359.9963   0.0082     -0.949 0.000   0 -99.00  124.4       -532.2738       -1059.154   243 359.9963   0.0082     -0.906 0.105   9 -99.00    0.046
2018-05-16-15:24:22 1.15  Mocks_Mamon/MockNFW20ellip0.5loga-2.08PA50center0.0_0.0With_background1num57.dat Nelder-Mead  1.0e-04 0 0 0 0     NFW      359.9997   0.0027     -0.897 0.000   0 -99.00  131.3           1E+30           2E+30   143 359.9997   0.0027     -0.897 0.153 161 -99.00    0.004
2018-05-16-15:24:22 1.15  Mocks_Mamon/MockNFW20ellip0.5loga-2.08PA50center0.0_0.0With_background1num58.dat Nelder-Mead  1.0e-04 0 0 0 0     NFW      359.9937  -0.0055     -0.898 0.000   0 -99.00  140.8           1E+30           2E+30   143 359.9937  -0.0055     -0.898 0.083 166 -99.00    0.004
2018-05-16-15:24:22 1.15  Mocks_Mamon/MockNFW20ellip0.5loga-2.08PA50center0.0_0.0With_background1num59.dat Nelder-Mead  1.0e-04 0 0 0 0     NFW      359.9969  -0.0007     -0.897 0.000   0 -99.00  123.8           1E+30           2E+30   143 359.9969  -0.0007     -0.897 0.089 166 -99.00    0.004
2018-05-16-15:24:22 1.15  Mocks_Mamon/MockNFW20ellip0.5loga-2.08PA50center0.0_0.0With_background1num60.dat Nelder-Mead  1.0e-04 0 0 0 0     NFW      359.9988   0.0006     -0.906 0.000   0 -99.00  122.7           1E+30           2E+30   143 359.9988   0.0006     -0.906 0.138 158 -99.00    0.004
2018-05-16-15:24:22 1.15  Mocks_Mamon/MockNFW20ellip0.5loga-2.08PA50center0.0_0.0With_background1num61.dat Nelder-Mead  1.0e-04 0 0 0 0     NFW      359.9994   0.0013     -0.903 0.000   0 -99.00  124.0           1E+30           2E+30   143 359.9994   0.0013     -0.903 0.089   6 -99.00    0.004
2018-05-16-15:24:22 1.15  Mocks_Mamon/MockNFW20ellip0.5loga-2.08PA50center0.0_0.0With_background1num62.dat Nelder-Mead  1.0e-04 0 0 0 0     NFW      359.9916  -0.0076     -0.958 0.000   0 -99.00  122.4       -535.3993       -1065.405   243 359.9916  -0.0076     -0.934 0.079  26 -99.00    0.048
2018-05-16-15:24:22 1.15  Mocks_Mamon/MockNFW20ellip0.5loga-2.08PA50center0.0_0.0With_background1num63.dat Nelder-Mead  1.0e-04 0 0 0 0     NFW      359.9956  -0.0038     -0.960 0.000   0 -99.00  122.7       -530.9695        -1056.55   243 359.9956  -0.0038     -0.936 0.051 162 -99.00    0.048
2018-05-16-15:24:22 1.15  Mocks_Mamon/MockNFW20ellip0.5loga-2.08PA50center0.0_0.0With_background1num64.dat Nelder-Mead  1.0e-04 0 0 0 0     NFW      359.9984  -0.0031     -0.892 0.000   0 -99.00  131.6           1E+30           2E+30   143 359.9984  -0.0031     -0.892 0.050  30 -99.00    0.004
2018-05-16-15:24:22 1.15  Mocks_Mamon/MockNFW20ellip0.5loga-2.08PA50center0.0_0.0With_background1num65.dat Nelder-Mead  1.0e-04 0 0 0 0     NFW      359.9999  -0.0126     -0.948 0.000   0 -99.00  124.7       -527.4471       -1049.496   243 359.9999  -0.0126     -0.913 0.019 168 -99.00    0.047
2018-05-16-15:24:22 1.15  Mocks_Mamon/MockNFW20ellip0.5loga-2.08PA50center0.0_0.0With_background1num66.dat Nelder-Mead  1.0e-04 0 0 0 0     NFW        0.0015   0.0005     -0.970 0.000   0 -99.00  113.0        -486.369       -967.3444   243   0.0015   0.0005     -0.930 0.134  17 -99.00    0.048
2018-05-16-15:24:22 1.15  Mocks_Mamon/MockNFW20ellip0.5loga-2.08PA50center0.0_0.0With_background1num67.dat Nelder-Mead  1.0e-04 0 0 0 0     NFW      359.9995   0.0002     -0.907 0.000   0 -99.00  121.6           1E+30           2E+30   143 359.9995   0.0002     -0.907 0.035 169 -99.00    0.004
2018-05-16-15:24:22 1.15  Mocks_Mamon/MockNFW20ellip0.5loga-2.08PA50center0.0_0.0With_background1num68.dat Nelder-Mead  1.0e-04 0 0 0 0     NFW        0.0000   0.0047     -0.895 0.000   0 -99.00  135.5           1E+30           2E+30   143   0.0000   0.0047     -0.895 0.110  28 -99.00    0.005
2018-05-16-15:24:22 1.15  Mocks_Mamon/MockNFW20ellip0.5loga-2.08PA50center0.0_0.0With_background1num69.dat Nelder-Mead  1.0e-04 0 0 0 0     NFW        0.0011  -0.0000     -0.919 0.000   0 -99.00  124.0           1E+30           2E+30   143   0.0011  -0.0000     -0.919 0.028 178 -99.00    0.004
2018-05-16-15:24:22 1.15  Mocks_Mamon/MockNFW20ellip0.5loga-2.08PA50center0.0_0.0With_background1num70.dat Nelder-Mead  1.0e-04 0 0 0 0     NFW        0.0001   0.0003     -0.915 0.000   0 -99.00  119.4           1E+30           2E+30   143   0.0001   0.0003     -0.915 0.059 140 -99.00    0.004
2018-05-16-15:24:22 1.15  Mocks_Mamon/MockNFW20ellip0.5loga-2.08PA50center0.0_0.0With_background1num71.dat Nelder-Mead  1.0e-04 0 0 0 0     NFW      359.9987  -0.0053     -0.964 0.000   0 -99.00  115.6       -508.5453       -1011.692   243 359.9987  -0.0053     -0.923 0.022   4 -99.00    0.047
2018-05-16-15:24:22 1.15  Mocks_Mamon/MockNFW20ellip0.5loga-2.08PA50center0.0_0.0With_background1num72.dat Nelder-Mead  1.0e-04 0 0 0 0     NFW      359.9977  -0.0001     -0.913 0.000   0 -99.00  133.2           1E+30           2E+30   143 359.9977  -0.0001     -0.913 0.050   8 -99.00    0.004
2018-05-16-15:24:22 1.15  Mocks_Mamon/MockNFW20ellip0.5loga-2.08PA50center0.0_0.0With_background1num73.dat Nelder-Mead  1.0e-04 0 0 0 0     NFW        0.0000   0.0007     -0.973 0.000   0 -99.00  110.1       -481.3322       -957.2753   243   0.0000   0.0007     -0.929 0.029 137 -99.00    0.047
2018-05-16-15:24:22 1.15  Mocks_Mamon/MockNFW20ellip0.5loga-2.08PA50center0.0_0.0With_background1num74.dat Nelder-Mead  1.0e-04 0 0 0 0     NFW        0.0006   0.0025     -0.970 0.000   0 -99.00  109.0       -492.7897       -980.1858   243   0.0006   0.0025     -0.927 0.119 149 -99.00    0.047
2018-05-16-15:24:22 1.15  Mocks_Mamon/MockNFW20ellip0.5loga-2.08PA50center0.0_0.0With_background1num75.dat Nelder-Mead  1.0e-04 0 0 0 0     NFW        0.0047  -0.0023     -0.965 0.000   0 -99.00  119.4       -524.9271       -1044.456   243   0.0047  -0.0023     -0.922 0.070  38 -99.00    0.047
2018-05-16-15:24:22 1.15  Mocks_Mamon/MockNFW20ellip0.5loga-2.08PA50center0.0_0.0With_background1num76.dat Nelder-Mead  1.0e-04 0 0 0 0     NFW      359.9978  -0.0089     -0.893 0.000   0 -99.00  133.5           1E+30           2E+30   143 359.9978  -0.0089     -0.893 0.124 135 -99.00    0.004
2018-05-16-15:24:22 1.15  Mocks_Mamon/MockNFW20ellip0.5loga-2.08PA50center0.0_0.0With_background1num77.dat Nelder-Mead  1.0e-04 0 0 0 0     NFW        0.0007   0.0065     -0.898 0.000   0 -99.00  148.2           1E+30           2E+30   143   0.0007   0.0065     -0.898 0.044 159 -99.00    0.005
2018-05-16-15:24:22 1.15  Mocks_Mamon/MockNFW20ellip0.5loga-2.08PA50center0.0_0.0With_background1num78.dat Nelder-Mead  1.0e-04 0 0 0 0     NFW        0.0020  -0.0029     -0.974 0.000   0 -99.00  109.2       -504.9861       -1004.579   243   0.0020  -0.0029     -0.939 0.068  12 -99.00    0.048
2018-05-16-15:24:22 1.15  Mocks_Mamon/MockNFW20ellip0.5loga-2.08PA50center0.0_0.0With_background1num79.dat Nelder-Mead  1.0e-04 0 0 0 0     NFW      359.9999   0.0012     -0.891 0.000   0 -99.00  134.7           1E+30           2E+30   143 359.9999   0.0012     -0.891 0.133  45 -99.00    0.004
2018-05-16-15:24:22 1.15  Mocks_Mamon/MockNFW20ellip0.5loga-2.08PA50center0.0_0.0With_background1num80.dat Nelder-Mead  1.0e-04 0 0 0 0     NFW      359.9996   0.0000     -0.975 0.000   0 -99.00  110.2       -480.1838       -954.9741   243 359.9996   0.0000     -0.940 0.042  29 -99.00    0.051
2018-05-16-15:24:22 1.15  Mocks_Mamon/MockNFW20ellip0.5loga-2.08PA50center0.0_0.0With_background1num81.dat Nelder-Mead  1.0e-04 0 0 0 0     NFW        0.0018   0.0009     -0.969 0.000   0 -99.00  114.1       -495.1091       -984.8201   243   0.0018   0.0009     -0.926 0.097 140 -99.00    0.047
2018-05-16-15:24:22 1.15  Mocks_Mamon/MockNFW20ellip0.5loga-2.08PA50center0.0_0.0With_background1num82.dat Nelder-Mead  1.0e-04 0 0 0 0     NFW        0.0032   0.0005     -0.968 0.000   0 -99.00  116.3       -517.4387       -1029.479   243   0.0032   0.0005     -0.928 0.089   8 -99.00    0.049
2018-05-16-15:24:22 1.15  Mocks_Mamon/MockNFW20ellip0.5loga-2.08PA50center0.0_0.0With_background1num83.dat Nelder-Mead  1.0e-04 0 0 0 0     NFW        0.0001   0.0008     -0.898 0.000   0 -99.00  126.2           1E+30           2E+30   143   0.0001   0.0008     -0.898 0.051  12 -99.00    0.005
2018-05-16-15:24:22 1.15  Mocks_Mamon/MockNFW20ellip0.5loga-2.08PA50center0.0_0.0With_background1num84.dat Nelder-Mead  1.0e-04 0 0 0 0     NFW        0.0023   0.0001     -0.970 0.000   0 -99.00  105.3       -460.2353       -915.0771   243   0.0023   0.0001     -0.926 0.138  21 -99.00    0.049
2018-05-16-15:24:22 1.15  Mocks_Mamon/MockNFW20ellip0.5loga-2.08PA50center0.0_0.0With_background1num85.dat Nelder-Mead  1.0e-04 0 0 0 0     NFW        0.0004   0.0062     -0.960 0.000   0 -99.00  122.2       -538.0342       -1070.675   243   0.0004   0.0062     -0.916 0.053  25 -99.00    0.046
2018-05-16-15:24:22 1.15  Mocks_Mamon/MockNFW20ellip0.5loga-2.08PA50center0.0_0.0With_background1num86.dat Nelder-Mead  1.0e-04 0 0 0 0     NFW        0.0002   0.0004     -0.905 0.000   0 -99.00  124.5           1E+30           2E+30   143   0.0002   0.0004     -0.905 0.094 178 -99.00    0.004
2018-05-16-15:24:22 1.15  Mocks_Mamon/MockNFW20ellip0.5loga-2.08PA50center0.0_0.0With_background1num87.dat Nelder-Mead  1.0e-04 0 0 0 0     NFW      359.9998   0.0013     -0.976 0.000   0 -99.00  113.0       -496.7004       -988.0025   243 359.9998   0.0013     -0.940 0.068  23 -99.00    0.049
2018-05-16-15:24:22 1.15  Mocks_Mamon/MockNFW20ellip0.5loga-2.08PA50center0.0_0.0With_background1num88.dat Nelder-Mead  1.0e-04 0 0 0 0     NFW      360.0000  -0.0000     -0.914 0.000   0 -99.00  128.8           1E+30           2E+30   143 360.0000  -0.0000     -0.914 0.082 176 -99.00    0.004
2018-05-16-15:24:22 1.15  Mocks_Mamon/MockNFW20ellip0.5loga-2.08PA50center0.0_0.0With_background1num89.dat Nelder-Mead  1.0e-04 0 0 0 0     NFW      359.9997   0.0000     -0.912 0.000   0 -99.00  120.5           1E+30           2E+30   143 359.9997   0.0000     -0.912 0.063  25 -99.00    0.004
2018-05-16-15:24:22 1.15  Mocks_Mamon/MockNFW20ellip0.5loga-2.08PA50center0.0_0.0With_background1num90.dat Nelder-Mead  1.0e-04 0 0 0 0     NFW        0.0032  -0.0000     -0.970 0.000   0 -99.00  119.5       -527.3579       -1049.327   243   0.0032  -0.0000     -0.935 0.131  34 -99.00    0.052
2018-05-16-15:24:22 1.15  Mocks_Mamon/MockNFW20ellip0.5loga-2.08PA50center0.0_0.0With_background1num91.dat Nelder-Mead  1.0e-04 0 0 0 0     NFW      359.9990  -0.0002     -0.925 0.000   0 -99.00  126.7           1E+30           2E+30   143 359.9990  -0.0002     -0.925 0.073  40 -99.00    0.005
2018-05-16-15:24:22 1.15  Mocks_Mamon/MockNFW20ellip0.5loga-2.08PA50center0.0_0.0With_background1num92.dat Nelder-Mead  1.0e-04 0 0 0 0     NFW      359.9984   0.0001     -0.909 0.000   0 -99.00  123.4           1E+30           2E+30   143 359.9984   0.0001     -0.909 0.153 167 -99.00    0.004
2018-05-16-15:24:22 1.15  Mocks_Mamon/MockNFW20ellip0.5loga-2.08PA50center0.0_0.0With_background1num93.dat Nelder-Mead  1.0e-04 0 0 0 0     NFW      359.9999   0.0093     -0.952 0.000   0 -99.00  118.2        -522.756       -1040.118   243 359.9999   0.0093     -0.928 0.038 155 -99.00    0.047
2018-05-16-15:24:22 1.15  Mocks_Mamon/MockNFW20ellip0.5loga-2.08PA50center0.0_0.0With_background1num94.dat Nelder-Mead  1.0e-04 0 0 0 0     NFW        0.0020  -0.0064     -0.952 0.000   0 -99.00  123.1       -531.4057       -1057.413   243   0.0020  -0.0064     -0.912 0.048 153 -99.00    0.047
2018-05-16-15:24:22 1.15  Mocks_Mamon/MockNFW20ellip0.5loga-2.08PA50center0.0_0.0With_background1num95.dat Nelder-Mead  1.0e-04 0 0 0 0     NFW        0.0029   0.0001     -0.921 0.000   0 -99.00  130.9           1E+30           2E+30   143   0.0029   0.0001     -0.921 0.018 142 -99.00    0.004
2018-05-16-15:24:22 1.15  Mocks_Mamon/MockNFW20ellip0.5loga-2.08PA50center0.0_0.0With_background1num96.dat Nelder-Mead  1.0e-04 0 0 0 0     NFW        0.0012  -0.0027     -0.918 0.000   0 -99.00  125.6           1E+30           2E+30   143   0.0012  -0.0027     -0.918 0.068  44 -99.00    0.004
2018-05-16-15:24:22 1.15  Mocks_Mamon/MockNFW20ellip0.5loga-2.08PA50center0.0_0.0With_background1num97.dat Nelder-Mead  1.0e-04 0 0 0 0     NFW      359.9980  -0.0018     -0.966 0.000   0 -99.00  116.1        -513.051       -1020.704   243 359.9980  -0.0018     -0.931 0.083  29 -99.00    0.047
2018-05-16-15:24:22 1.15  Mocks_Mamon/MockNFW20ellip0.5loga-2.08PA50center0.0_0.0With_background1num98.dat Nelder-Mead  1.0e-04 0 0 0 0     NFW      359.9993  -0.0010     -0.974 0.000   0 -99.00  117.1       -517.2172       -1029.036   243 359.9993  -0.0010     -0.950 0.036 167 -99.00    0.049
2018-05-16-15:24:22 1.15  Mocks_Mamon/MockNFW20ellip0.5loga-2.08PA50center0.0_0.0With_background1num99.dat Nelder-Mead  1.0e-04 0 0 0 0     NFW      359.9998   0.0038     -0.970 0.000   0 -99.00  115.1       -514.0678       -1022.737   243 359.9998   0.0038     -0.930 0.136  28 -99.00    0.047
