2018-05-16-15:23:32 1.15  Mocks_Mamon/MockNFW20ellip0.5loga-2.08PA50center0.0_0.0With_background1num0.dat TNC          1.0e-04 0 0 0 0     NFW      359.9920  -0.0076     -0.941 0.000   0 -99.00  137.7       -577.0711       -1148.749     2 359.9920  -0.0076     -0.935 0.064  10 -99.00    0.014
2018-05-16-15:23:32 1.15  Mocks_Mamon/MockNFW20ellip0.5loga-2.08PA50center0.0_0.0With_background1num1.dat TNC          1.0e-04 0 0 0 0     NFW      359.9904  -0.0028     -0.945 0.000   0 -99.00  126.3       -535.6673       -1065.936     2 359.9904  -0.0028     -0.918 0.096 147 -99.00    0.014
2018-05-16-15:23:32 1.15  Mocks_Mamon/MockNFW20ellip0.5loga-2.08PA50center0.0_0.0With_background1num2.dat TNC          1.0e-04 0 0 0 0     NFW        0.0022   0.0001     -0.969 0.000   0 -99.00  111.2       -481.2883       -957.1785     2   0.0022   0.0001     -0.908 0.151 162 -99.00    0.014
2018-05-16-15:23:32 1.15  Mocks_Mamon/MockNFW20ellip0.5loga-2.08PA50center0.0_0.0With_background1num3.dat TNC          1.0e-04 0 0 0 0     NFW      359.9962  -0.0003     -0.962 0.000   0 -99.00  111.2       -490.1465       -974.9084     2 359.9962  -0.0003     -0.903 0.105 136 -99.00    0.014
2018-05-16-15:23:32 1.15  Mocks_Mamon/MockNFW20ellip0.5loga-2.08PA50center0.0_0.0With_background1num4.dat TNC          1.0e-04 0 0 0 0     NFW        0.0004   0.0051     -0.959 0.000   0 -99.00  110.4       -484.2349       -963.0762     2   0.0004   0.0051     -0.899 0.026  38 -99.00    0.014
2018-05-16-15:23:32 1.15  Mocks_Mamon/MockNFW20ellip0.5loga-2.08PA50center0.0_0.0With_background1num5.dat TNC          1.0e-04 0 0 0 0     NFW        0.0053  -0.0043     -0.952 0.000   0 -99.00  119.5       -509.4367       -1013.475     2   0.0053  -0.0043     -0.919 0.037 152 -99.00    0.014
2018-05-16-15:23:32 1.15  Mocks_Mamon/MockNFW20ellip0.5loga-2.08PA50center0.0_0.0With_background1num6.dat TNC          1.0e-04 0 0 0 0     NFW      359.9995   0.0001     -0.971 0.000   0 -99.00  112.7       -495.4476       -985.5062     2 359.9995   0.0001     -0.935 0.064 180 -99.00    0.014
2018-05-16-15:23:32 1.15  Mocks_Mamon/MockNFW20ellip0.5loga-2.08PA50center0.0_0.0With_background1num7.dat TNC          1.0e-04 0 0 0 0     NFW        0.0002  -0.0000     -0.973 0.000   0 -99.00  105.1       -460.4308       -915.4634     2   0.0002  -0.0000     -0.918 0.047 176 -99.00    0.014
2018-05-16-15:23:32 1.15  Mocks_Mamon/MockNFW20ellip0.5loga-2.08PA50center0.0_0.0With_background1num8.dat TNC          1.0e-04 0 0 0 0     NFW      359.9979  -0.0001     -0.971 0.000   0 -99.00  112.7       -489.6657       -973.9332     2 359.9979  -0.0001     -0.919 0.110 170 -99.00    0.014
2018-05-16-15:23:32 1.15  Mocks_Mamon/MockNFW20ellip0.5loga-2.08PA50center0.0_0.0With_background1num9.dat TNC          1.0e-04 0 0 0 0     NFW      359.9983  -0.0001     -0.967 0.000   0 -99.00  105.9       -460.0294       -914.6651     2 359.9983  -0.0001     -0.907 0.051  20 -99.00    0.014
2018-05-16-15:23:32 1.15  Mocks_Mamon/MockNFW20ellip0.5loga-2.08PA50center0.0_0.0With_background1num10.dat TNC          1.0e-04 0 0 0 0     NFW      360.0000  -0.0023     -0.968 0.000   0 -99.00  112.7       -498.3226       -991.2561     2 360.0000  -0.0023     -0.951 0.086 151 -99.00    0.014
2018-05-16-15:23:32 1.15  Mocks_Mamon/MockNFW20ellip0.5loga-2.08PA50center0.0_0.0With_background1num11.dat TNC          1.0e-04 0 0 0 0     NFW        0.0045  -0.0013     -0.962 0.000   0 -99.00  108.9       -471.5149       -937.6408     2   0.0045  -0.0013     -0.895 0.127  11 -99.00    0.014
2018-05-16-15:23:32 1.15  Mocks_Mamon/MockNFW20ellip0.5loga-2.08PA50center0.0_0.0With_background1num12.dat TNC          1.0e-04 0 0 0 0     NFW      359.9998  -0.0031     -0.973 0.000   0 -99.00  104.4       -466.4842       -927.5748     2 359.9998  -0.0031     -0.898 0.137  10 -99.00    0.014
2018-05-16-15:23:32 1.15  Mocks_Mamon/MockNFW20ellip0.5loga-2.08PA50center0.0_0.0With_background1num13.dat TNC          1.0e-04 0 0 0 0     NFW        0.0025  -0.0000     -0.971 0.000   0 -99.00  103.6       -448.4655       -891.5373     2   0.0025  -0.0000     -0.900 0.022  38 -99.00    0.014
2018-05-16-15:23:32 1.15  Mocks_Mamon/MockNFW20ellip0.5loga-2.08PA50center0.0_0.0With_background1num14.dat TNC          1.0e-04 0 0 0 0     NFW        0.0054  -0.0007     -0.958 0.000   0 -99.00  121.0       -521.4016       -1037.414     2   0.0054  -0.0007     -0.913 0.129 142 -99.00    0.014
2018-05-16-15:23:32 1.15  Mocks_Mamon/MockNFW20ellip0.5loga-2.08PA50center0.0_0.0With_background1num15.dat TNC          1.0e-04 0 0 0 0     NFW      359.9980   0.0007     -0.967 0.000   0 -99.00  105.9       -462.3839       -919.3742     2 359.9980   0.0007     -0.896 0.102 141 -99.00    0.014
2018-05-16-15:23:32 1.15  Mocks_Mamon/MockNFW20ellip0.5loga-2.08PA50center0.0_0.0With_background1num16.dat TNC          1.0e-04 0 0 0 0     NFW        0.0003  -0.0000     -0.976 0.000   0 -99.00   99.8       -431.8149       -858.2361     2   0.0003  -0.0000     -0.928 0.102  26 -99.00    0.014
2018-05-16-15:23:32 1.15  Mocks_Mamon/MockNFW20ellip0.5loga-2.08PA50center0.0_0.0With_background1num17.dat TNC          1.0e-04 0 0 0 0     NFW        0.0017   0.0041     -0.963 0.000   0 -99.00  112.7       -487.3753       -969.3616     2   0.0017   0.0041     -0.906 0.072   4 -99.00    0.014
2018-05-16-15:23:32 1.15  Mocks_Mamon/MockNFW20ellip0.5loga-2.08PA50center0.0_0.0With_background1num18.dat TNC          1.0e-04 0 0 0 0     NFW      359.9959  -0.0037     -0.955 0.000   0 -99.00  127.8       -538.2478       -1071.111     2 359.9959  -0.0037     -0.910 0.045 137 -99.00    0.014
2018-05-16-15:23:32 1.15  Mocks_Mamon/MockNFW20ellip0.5loga-2.08PA50center0.0_0.0With_background1num19.dat TNC          1.0e-04 0 0 0 0     NFW      359.9985   0.0012     -0.969 0.000   0 -99.00  101.3       -439.5964       -873.7992     2 359.9985   0.0012     -0.903 0.088  35 -99.00    0.014
2018-05-16-15:23:32 1.15  Mocks_Mamon/MockNFW20ellip0.5loga-2.08PA50center0.0_0.0With_background1num20.dat TNC          1.0e-04 0 0 0 0     NFW        0.0012   0.0007     -0.974 0.000   0 -99.00   95.3        -421.261        -837.133     2   0.0012   0.0007     -0.901 0.054   7 -99.00    0.013
2018-05-16-15:23:32 1.15  Mocks_Mamon/MockNFW20ellip0.5loga-2.08PA50center0.0_0.0With_background1num21.dat TNC          1.0e-04 0 0 0 0     NFW        0.0100   0.0003     -0.945 0.000   0 -99.00  125.6       -520.9561       -1036.519     2   0.0100   0.0003     -0.911 0.125 147 -99.00    0.014
2018-05-16-15:23:32 1.15  Mocks_Mamon/MockNFW20ellip0.5loga-2.08PA50center0.0_0.0With_background1num22.dat TNC          1.0e-04 0 0 0 0     NFW        0.0001  -0.0010     -0.972 0.000   0 -99.00   95.3       -414.1228       -822.8564     2   0.0001  -0.0010     -0.892 0.102  37 -99.00    0.013
2018-05-16-15:23:32 1.15  Mocks_Mamon/MockNFW20ellip0.5loga-2.08PA50center0.0_0.0With_background1num23.dat TNC          1.0e-04 0 0 0 0     NFW        0.0006   0.0010     -0.970 0.000   0 -99.00  102.1       -448.3799       -891.3661     2   0.0006   0.0010     -0.909 0.058  13 -99.00    0.014
2018-05-16-15:23:32 1.15  Mocks_Mamon/MockNFW20ellip0.5loga-2.08PA50center0.0_0.0With_background1num24.dat TNC          1.0e-04 0 0 0 0     NFW      359.9970   0.0009     -0.965 0.000   0 -99.00  111.2        -492.472       -979.5503     2 359.9970   0.0009     -0.909 0.013 171 -99.00    0.014
2018-05-16-15:23:32 1.15  Mocks_Mamon/MockNFW20ellip0.5loga-2.08PA50center0.0_0.0With_background1num25.dat TNC          1.0e-04 0 0 0 0     NFW        0.0001  -0.0052     -0.962 0.000   0 -99.00  112.7       -493.9855       -982.5774     2   0.0001  -0.0052     -0.927 0.161 145 -99.00    0.014
2018-05-16-15:23:32 1.15  Mocks_Mamon/MockNFW20ellip0.5loga-2.08PA50center0.0_0.0With_background1num26.dat TNC          1.0e-04 0 0 0 0     NFW      359.9979   0.0011     -0.967 0.000   0 -99.00  117.2       -510.8896        -1016.39     2 359.9979   0.0011     -0.918 0.065 137 -99.00    0.014
2018-05-16-15:23:32 1.15  Mocks_Mamon/MockNFW20ellip0.5loga-2.08PA50center0.0_0.0With_background1num27.dat TNC          1.0e-04 0 0 0 0     NFW      359.9977  -0.0005     -0.971 0.000   0 -99.00  102.9       -454.2291       -903.0645     2 359.9977  -0.0005     -0.911 0.049 160 -99.00    0.014
2018-05-16-15:23:32 1.15  Mocks_Mamon/MockNFW20ellip0.5loga-2.08PA50center0.0_0.0With_background1num28.dat TNC          1.0e-04 0 0 0 0     NFW        0.0038  -0.0066     -0.962 0.000   0 -99.00  118.7        -527.201       -1049.013     2   0.0038  -0.0066     -0.929 0.003  17 -99.00    0.014
2018-05-16-15:23:32 1.15  Mocks_Mamon/MockNFW20ellip0.5loga-2.08PA50center0.0_0.0With_background1num29.dat TNC          1.0e-04 0 0 0 0     NFW      359.9997   0.0017     -0.976 0.000   0 -99.00  108.9        -473.601       -941.8085     2 359.9997   0.0017     -0.912 0.145  31 -99.00    0.014
2018-05-16-15:23:32 1.15  Mocks_Mamon/MockNFW20ellip0.5loga-2.08PA50center0.0_0.0With_background1num30.dat TNC          1.0e-04 0 0 0 0     NFW      359.9923  -0.0073     -0.945 0.000   0 -99.00  125.6       -535.4912       -1065.589     2 359.9923  -0.0073     -0.915 0.039   5 -99.00    0.014
2018-05-16-15:23:32 1.15  Mocks_Mamon/MockNFW20ellip0.5loga-2.08PA50center0.0_0.0With_background1num31.dat TNC          1.0e-04 0 0 0 0     NFW        0.0013   0.0001     -0.971 0.000   0 -99.00  100.6       -446.0233        -886.653     2   0.0013   0.0001     -0.907 0.155 144 -99.00    0.014
2018-05-16-15:23:32 1.15  Mocks_Mamon/MockNFW20ellip0.5loga-2.08PA50center0.0_0.0With_background1num32.dat TNC          1.0e-04 0 0 0 0     NFW        0.0032  -0.0038     -0.958 0.000   0 -99.00  105.9       -464.5877       -923.7773     2   0.0032  -0.0038     -0.891 0.233 170 -99.00    0.015
2018-05-16-15:23:32 1.15  Mocks_Mamon/MockNFW20ellip0.5loga-2.08PA50center0.0_0.0With_background1num33.dat TNC          1.0e-04 0 0 0 0     NFW      359.9985  -0.0000     -0.973 0.000   0 -99.00  110.4       -480.3295       -955.2653     2 359.9985  -0.0000     -0.935 0.181  32 -99.00    0.014
2018-05-16-15:23:32 1.15  Mocks_Mamon/MockNFW20ellip0.5loga-2.08PA50center0.0_0.0With_background1num34.dat TNC          1.0e-04 0 0 0 0     NFW        0.0075  -0.0002     -0.949 0.000   0 -99.00  130.1       -565.2465       -1125.108     5   0.0075  -0.0002     -0.972 0.023 164 -99.00    0.028
2018-05-16-15:23:32 1.15  Mocks_Mamon/MockNFW20ellip0.5loga-2.08PA50center0.0_0.0With_background1num35.dat TNC          1.0e-04 0 0 0 0     NFW        0.0064   0.0059     -0.946 0.000   0 -99.00  130.8         -556.01       -1106.622     2   0.0064   0.0059     -0.924 0.091  12 -99.00    0.014
2018-05-16-15:23:32 1.15  Mocks_Mamon/MockNFW20ellip0.5loga-2.08PA50center0.0_0.0With_background1num36.dat TNC          1.0e-04 0 0 0 0     NFW        0.0017  -0.0020     -0.971 0.000   0 -99.00  104.4        -459.359       -913.3243     2   0.0017  -0.0020     -0.891 0.106  35 -99.00    0.014
2018-05-16-15:23:32 1.15  Mocks_Mamon/MockNFW20ellip0.5loga-2.08PA50center0.0_0.0With_background1num37.dat TNC          1.0e-04 0 0 0 0     NFW        0.0025  -0.0011     -0.977 0.000   0 -99.00  112.7       -503.1011       -1000.813     2   0.0025  -0.0011     -0.925 0.126 149 -99.00    0.014
2018-05-16-15:23:32 1.15  Mocks_Mamon/MockNFW20ellip0.5loga-2.08PA50center0.0_0.0With_background1num38.dat TNC          1.0e-04 0 0 0 0     NFW        0.0005   0.0028     -0.971 0.000   0 -99.00  109.7       -485.7148        -966.036     2   0.0005   0.0028     -0.912 0.043  39 -99.00    0.014
2018-05-16-15:23:32 1.15  Mocks_Mamon/MockNFW20ellip0.5loga-2.08PA50center0.0_0.0With_background1num39.dat TNC          1.0e-04 0 0 0 0     NFW        0.0000  -0.0002     -0.974 0.000   0 -99.00   99.8       -437.5539       -869.7142     2   0.0000  -0.0002     -0.909 0.115   1 -99.00    0.014
2018-05-16-15:23:32 1.15  Mocks_Mamon/MockNFW20ellip0.5loga-2.08PA50center0.0_0.0With_background1num40.dat TNC          1.0e-04 0 0 0 0     NFW      359.9968  -0.0005     -0.964 0.000   0 -99.00  116.5       -507.5228       -1009.657     2 359.9968  -0.0005     -0.915 0.120 145 -99.00    0.014
2018-05-16-15:23:32 1.15  Mocks_Mamon/MockNFW20ellip0.5loga-2.08PA50center0.0_0.0With_background1num41.dat TNC          1.0e-04 0 0 0 0     NFW        0.0071   0.0022     -0.958 0.000   0 -99.00  115.0        -498.524       -991.6634     2   0.0071   0.0022     -0.920 0.060  41 -99.00    0.014
2018-05-16-15:23:32 1.15  Mocks_Mamon/MockNFW20ellip0.5loga-2.08PA50center0.0_0.0With_background1num42.dat TNC          1.0e-04 0 0 0 0     NFW      359.9943   0.0019     -0.957 0.000   0 -99.00  110.4       -484.8952       -964.4059     2 359.9943   0.0019     -0.897 0.057 146 -99.00    0.014
2018-05-16-15:23:32 1.15  Mocks_Mamon/MockNFW20ellip0.5loga-2.08PA50center0.0_0.0With_background1num43.dat TNC          1.0e-04 0 0 0 0     NFW        0.0007   0.0004     -0.970 0.000   0 -99.00  105.1       -465.8851       -926.3766     2   0.0007   0.0004     -0.921 0.110 145 -99.00    0.014
2018-05-16-15:23:32 1.15  Mocks_Mamon/MockNFW20ellip0.5loga-2.08PA50center0.0_0.0With_background1num44.dat TNC          1.0e-04 0 0 0 0     NFW      359.9993   0.0009     -0.969 0.000   0 -99.00  101.3       -439.9907       -874.5924     2 359.9993   0.0009     -0.895 0.097   1 -99.00    0.014
2018-05-16-15:23:32 1.15  Mocks_Mamon/MockNFW20ellip0.5loga-2.08PA50center0.0_0.0With_background1num45.dat TNC          1.0e-04 0 0 0 0     NFW      359.9998   0.0019     -0.971 0.000   0 -99.00  102.9       -444.9665        -884.544     2 359.9998   0.0019     -0.903 0.048  36 -99.00    0.014
2018-05-16-15:23:32 1.15  Mocks_Mamon/MockNFW20ellip0.5loga-2.08PA50center0.0_0.0With_background1num46.dat TNC          1.0e-04 0 0 0 0     NFW      359.9948   0.0032     -0.957 0.000   0 -99.00  118.7       -518.4977       -1031.597     2 359.9948   0.0032     -0.900 0.092 164 -99.00    0.014
2018-05-16-15:23:32 1.15  Mocks_Mamon/MockNFW20ellip0.5loga-2.08PA50center0.0_0.0With_background1num47.dat TNC          1.0e-04 0 0 0 0     NFW      359.9997   0.0099     -0.952 0.000   0 -99.00  121.8       -524.6821       -1043.971     2 359.9997   0.0099     -0.917 0.075 157 -99.00    0.014
2018-05-16-15:23:32 1.15  Mocks_Mamon/MockNFW20ellip0.5loga-2.08PA50center0.0_0.0With_background1num48.dat TNC          1.0e-04 0 0 0 0     NFW      359.9981   0.0022     -0.969 0.000   0 -99.00  113.4       -504.9305       -1004.467     2 359.9981   0.0022     -0.931 0.104  23 -99.00    0.014
2018-05-16-15:23:32 1.15  Mocks_Mamon/MockNFW20ellip0.5loga-2.08PA50center0.0_0.0With_background1num49.dat TNC          1.0e-04 0 0 0 0     NFW        0.0024  -0.0005     -0.969 0.000   0 -99.00  108.2       -471.8547       -938.3203     2   0.0024  -0.0005     -0.917 0.118 169 -99.00    0.014
2018-05-16-15:23:32 1.15  Mocks_Mamon/MockNFW20ellip0.5loga-2.08PA50center0.0_0.0With_background1num50.dat TNC          1.0e-04 0 0 0 0     NFW        0.0002  -0.0028     -0.964 0.000   0 -99.00  108.2       -474.4158       -943.4334     2   0.0002  -0.0028     -0.927 0.154 160 -99.00    0.014
2018-05-16-15:23:32 1.15  Mocks_Mamon/MockNFW20ellip0.5loga-2.08PA50center0.0_0.0With_background1num51.dat TNC          1.0e-04 0 0 0 0     NFW      360.0000  -0.0053     -0.967 0.000   0 -99.00  112.7       -502.6025        -999.825     2 360.0000  -0.0053     -0.926 0.050 147 -99.00    0.014
2018-05-16-15:23:32 1.15  Mocks_Mamon/MockNFW20ellip0.5loga-2.08PA50center0.0_0.0With_background1num52.dat TNC          1.0e-04 0 0 0 0     NFW      359.9991   0.0005     -0.970 0.000   0 -99.00  105.9       -455.8154       -906.2326     2 359.9991   0.0005     -0.928 0.082   6 -99.00    0.014
2018-05-16-15:23:32 1.15  Mocks_Mamon/MockNFW20ellip0.5loga-2.08PA50center0.0_0.0With_background1num53.dat TNC          1.0e-04 0 0 0 0     NFW      359.9971  -0.0010     -0.963 0.000   0 -99.00  119.5       -523.6275       -1041.857     2 359.9971  -0.0010     -0.918 0.089 145 -99.00    0.014
2018-05-16-15:23:32 1.15  Mocks_Mamon/MockNFW20ellip0.5loga-2.08PA50center0.0_0.0With_background1num54.dat TNC          1.0e-04 0 0 0 0     NFW      360.0000   0.0038     -0.966 0.000   0 -99.00  115.0       -514.3325       -1023.267     2 360.0000   0.0038     -0.911 0.145  10 -99.00    0.014
2018-05-16-15:23:32 1.15  Mocks_Mamon/MockNFW20ellip0.5loga-2.08PA50center0.0_0.0With_background1num55.dat TNC          1.0e-04 0 0 0 0     NFW        0.0004  -0.0049     -0.973 0.000   0 -99.00  116.5       -521.0019       -1036.606     2   0.0004  -0.0049     -0.934 0.042  11 -99.00    0.014
2018-05-16-15:23:32 1.15  Mocks_Mamon/MockNFW20ellip0.5loga-2.08PA50center0.0_0.0With_background1num56.dat TNC          1.0e-04 0 0 0 0     NFW      359.9963   0.0082     -0.947 0.000   0 -99.00  124.8       -531.9793       -1058.565     2 359.9963   0.0082     -0.906 0.105   9 -99.00    0.014
2018-05-16-15:23:32 1.15  Mocks_Mamon/MockNFW20ellip0.5loga-2.08PA50center0.0_0.0With_background1num57.dat TNC          1.0e-04 0 0 0 0     NFW      359.9997   0.0027     -0.972 0.000   0 -99.00  105.9       -464.7734       -924.1485     2 359.9997   0.0027     -0.897 0.153 161 -99.00    0.014
2018-05-16-15:23:32 1.15  Mocks_Mamon/MockNFW20ellip0.5loga-2.08PA50center0.0_0.0With_background1num58.dat TNC          1.0e-04 0 0 0 0     NFW      359.9937  -0.0055     -0.947 0.000   0 -99.00  122.5       -520.3232       -1035.253     2 359.9937  -0.0055     -0.898 0.083 166 -99.00    0.014
2018-05-16-15:23:32 1.15  Mocks_Mamon/MockNFW20ellip0.5loga-2.08PA50center0.0_0.0With_background1num59.dat TNC          1.0e-04 0 0 0 0     NFW      359.9969  -0.0007     -0.970 0.000   0 -99.00  100.6       -439.5975       -873.8151     2 359.9969  -0.0007     -0.897 0.089 166 -99.00    0.014
2018-05-16-15:23:32 1.15  Mocks_Mamon/MockNFW20ellip0.5loga-2.08PA50center0.0_0.0With_background1num60.dat TNC          1.0e-04 0 0 0 0     NFW      359.9988   0.0006     -0.971 0.000   0 -99.00  102.1       -445.7031       -886.0125     2 359.9988   0.0006     -0.906 0.138 158 -99.00    0.014
2018-05-16-15:23:32 1.15  Mocks_Mamon/MockNFW20ellip0.5loga-2.08PA50center0.0_0.0With_background1num61.dat TNC          1.0e-04 0 0 0 0     NFW      359.9994   0.0013     -0.971 0.000   0 -99.00  102.1       -454.1159       -902.8428     2 359.9994   0.0013     -0.903 0.089   6 -99.00    0.014
2018-05-16-15:23:32 1.15  Mocks_Mamon/MockNFW20ellip0.5loga-2.08PA50center0.0_0.0With_background1num62.dat TNC          1.0e-04 0 0 0 0     NFW      359.9916  -0.0076     -0.944 0.000   0 -99.00  127.1       -535.3685       -1065.343     2 359.9916  -0.0076     -0.934 0.079  26 -99.00    0.014
2018-05-16-15:23:32 1.15  Mocks_Mamon/MockNFW20ellip0.5loga-2.08PA50center0.0_0.0With_background1num63.dat TNC          1.0e-04 0 0 0 0     NFW      359.9956  -0.0038     -0.958 0.000   0 -99.00  123.3       -530.6913       -1055.993     2 359.9956  -0.0038     -0.936 0.051 162 -99.00    0.014
2018-05-16-15:23:32 1.15  Mocks_Mamon/MockNFW20ellip0.5loga-2.08PA50center0.0_0.0With_background1num64.dat TNC          1.0e-04 0 0 0 0     NFW      359.9984  -0.0031     -0.963 0.000   0 -99.00  107.4       -471.1823        -936.971     2 359.9984  -0.0031     -0.892 0.050  30 -99.00    0.014
2018-05-16-15:23:32 1.15  Mocks_Mamon/MockNFW20ellip0.5loga-2.08PA50center0.0_0.0With_background1num65.dat TNC          1.0e-04 0 0 0 0     NFW      359.9999  -0.0126     -0.945 0.000   0 -99.00  125.6       -527.1844       -1048.971     2 359.9999  -0.0126     -0.913 0.019 168 -99.00    0.014
2018-05-16-15:23:32 1.15  Mocks_Mamon/MockNFW20ellip0.5loga-2.08PA50center0.0_0.0With_background1num66.dat TNC          1.0e-04 0 0 0 0     NFW        0.0015   0.0005     -0.969 0.000   0 -99.00  113.4       -486.1208        -966.848     2   0.0015   0.0005     -0.930 0.134  17 -99.00    0.014
2018-05-16-15:23:32 1.15  Mocks_Mamon/MockNFW20ellip0.5loga-2.08PA50center0.0_0.0With_background1num67.dat TNC          1.0e-04 0 0 0 0     NFW      359.9995   0.0002     -0.971 0.000   0 -99.00  101.3       -440.3659       -875.3337     2 359.9995   0.0002     -0.907 0.035 169 -99.00    0.014
2018-05-16-15:23:32 1.15  Mocks_Mamon/MockNFW20ellip0.5loga-2.08PA50center0.0_0.0With_background1num68.dat TNC          1.0e-04 0 0 0 0     NFW        0.0000   0.0047     -0.962 0.000   0 -99.00  111.9       -485.3687       -965.3438     2   0.0000   0.0047     -0.895 0.110  28 -99.00    0.014
2018-05-16-15:23:32 1.15  Mocks_Mamon/MockNFW20ellip0.5loga-2.08PA50center0.0_0.0With_background1num69.dat TNC          1.0e-04 0 0 0 0     NFW        0.0011  -0.0000     -0.969 0.000   0 -99.00  107.4       -463.4253       -921.4615     2   0.0011  -0.0000     -0.919 0.028 178 -99.00    0.014
2018-05-16-15:23:32 1.15  Mocks_Mamon/MockNFW20ellip0.5loga-2.08PA50center0.0_0.0With_background1num70.dat TNC          1.0e-04 0 0 0 0     NFW        0.0001   0.0003     -0.973 0.000   0 -99.00  101.3       -440.5847       -875.7804     2   0.0001   0.0003     -0.915 0.059 140 -99.00    0.014
2018-05-16-15:23:32 1.15  Mocks_Mamon/MockNFW20ellip0.5loga-2.08PA50center0.0_0.0With_background1num71.dat TNC          1.0e-04 0 0 0 0     NFW      359.9987  -0.0053     -0.959 0.000   0 -99.00  117.2       -508.3297       -1011.261     2 359.9987  -0.0053     -0.923 0.022   4 -99.00    0.014
2018-05-16-15:23:32 1.15  Mocks_Mamon/MockNFW20ellip0.5loga-2.08PA50center0.0_0.0With_background1num72.dat TNC          1.0e-04 0 0 0 0     NFW      359.9977  -0.0001     -0.967 0.000   0 -99.00  114.2       -488.3742       -971.3549     2 359.9977  -0.0001     -0.913 0.050   8 -99.00    0.014
2018-05-16-15:23:32 1.15  Mocks_Mamon/MockNFW20ellip0.5loga-2.08PA50center0.0_0.0With_background1num73.dat TNC          1.0e-04 0 0 0 0     NFW        0.0000   0.0007     -0.972 0.000   0 -99.00  110.4        -481.072        -956.755     2   0.0000   0.0007     -0.929 0.029 137 -99.00    0.014
2018-05-16-15:23:32 1.15  Mocks_Mamon/MockNFW20ellip0.5loga-2.08PA50center0.0_0.0With_background1num74.dat TNC          1.0e-04 0 0 0 0     NFW        0.0006   0.0025     -0.968 0.000   0 -99.00  109.7       -492.5231       -979.6526     2   0.0006   0.0025     -0.927 0.119 149 -99.00    0.014
2018-05-16-15:23:32 1.15  Mocks_Mamon/MockNFW20ellip0.5loga-2.08PA50center0.0_0.0With_background1num75.dat TNC          1.0e-04 0 0 0 0     NFW        0.0047  -0.0023     -0.963 0.000   0 -99.00  120.3       -524.6634       -1043.929     2   0.0047  -0.0023     -0.922 0.070  38 -99.00    0.014
2018-05-16-15:23:32 1.15  Mocks_Mamon/MockNFW20ellip0.5loga-2.08PA50center0.0_0.0With_background1num76.dat TNC          1.0e-04 0 0 0 0     NFW      359.9978  -0.0089     -0.950 0.000   0 -99.00  113.4       -478.3109       -951.2282     2 359.9978  -0.0089     -0.893 0.124 135 -99.00    0.014
2018-05-16-15:23:32 1.15  Mocks_Mamon/MockNFW20ellip0.5loga-2.08PA50center0.0_0.0With_background1num77.dat TNC          1.0e-04 0 0 0 0     NFW        0.0007   0.0065     -0.958 0.000   0 -99.00  124.8       -531.4837       -1057.569     2   0.0007   0.0065     -0.898 0.044 159 -99.00    0.014
2018-05-16-15:23:32 1.15  Mocks_Mamon/MockNFW20ellip0.5loga-2.08PA50center0.0_0.0With_background1num78.dat TNC          1.0e-04 0 0 0 0     NFW        0.0020  -0.0029     -0.965 0.000   0 -99.00  111.9       -504.7183       -1004.043     2   0.0020  -0.0029     -0.939 0.068  12 -99.00    0.014
2018-05-16-15:23:32 1.15  Mocks_Mamon/MockNFW20ellip0.5loga-2.08PA50center0.0_0.0With_background1num79.dat TNC          1.0e-04 0 0 0 0     NFW      359.9999   0.0012     -0.970 0.000   0 -99.00  107.4       -466.8412       -928.2887     2 359.9999   0.0012     -0.891 0.133  45 -99.00    0.014
2018-05-16-15:23:32 1.15  Mocks_Mamon/MockNFW20ellip0.5loga-2.08PA50center0.0_0.0With_background1num80.dat TNC          1.0e-04 0 0 0 0     NFW      359.9996   0.0000     -0.974 0.000   0 -99.00  110.4       -479.9232       -954.4528     2 359.9996   0.0000     -0.940 0.042  29 -99.00    0.014
2018-05-16-15:23:32 1.15  Mocks_Mamon/MockNFW20ellip0.5loga-2.08PA50center0.0_0.0With_background1num81.dat TNC          1.0e-04 0 0 0 0     NFW        0.0018   0.0009     -0.969 0.000   0 -99.00  114.2       -494.8274       -984.2566     2   0.0018   0.0009     -0.926 0.097 140 -99.00    0.014
2018-05-16-15:23:32 1.15  Mocks_Mamon/MockNFW20ellip0.5loga-2.08PA50center0.0_0.0With_background1num82.dat TNC          1.0e-04 0 0 0 0     NFW        0.0032   0.0005     -0.963 0.000   0 -99.00  118.0       -517.2137       -1029.029     2   0.0032   0.0005     -0.928 0.089   8 -99.00    0.014
2018-05-16-15:23:32 1.15  Mocks_Mamon/MockNFW20ellip0.5loga-2.08PA50center0.0_0.0With_background1num83.dat TNC          1.0e-04 0 0 0 0     NFW        0.0001   0.0008     -0.972 0.000   0 -99.00  102.1       -439.8145       -874.2354     2   0.0001   0.0008     -0.898 0.051  12 -99.00    0.014
2018-05-16-15:23:32 1.15  Mocks_Mamon/MockNFW20ellip0.5loga-2.08PA50center0.0_0.0With_background1num84.dat TNC          1.0e-04 0 0 0 0     NFW        0.0023   0.0001     -0.967 0.000   0 -99.00  105.9       -460.0078       -914.6219     2   0.0023   0.0001     -0.926 0.138  21 -99.00    0.014
2018-05-16-15:23:32 1.15  Mocks_Mamon/MockNFW20ellip0.5loga-2.08PA50center0.0_0.0With_background1num85.dat TNC          1.0e-04 0 0 0 0     NFW        0.0004   0.0062     -0.959 0.000   0 -99.00  122.5       -537.7357       -1070.078     2   0.0004   0.0062     -0.916 0.053  25 -99.00    0.014
2018-05-16-15:23:32 1.15  Mocks_Mamon/MockNFW20ellip0.5loga-2.08PA50center0.0_0.0With_background1num86.dat TNC          1.0e-04 0 0 0 0     NFW        0.0002   0.0004     -0.972 0.000   0 -99.00  102.9        -454.552       -903.7058     2   0.0002   0.0004     -0.905 0.094 178 -99.00    0.014
2018-05-16-15:23:32 1.15  Mocks_Mamon/MockNFW20ellip0.5loga-2.08PA50center0.0_0.0With_background1num87.dat TNC          1.0e-04 0 0 0 0     NFW      359.9998   0.0013     -0.969 0.000   0 -99.00  115.0       -496.5645       -987.7309     2 359.9998   0.0013     -0.940 0.068  23 -99.00    0.014
2018-05-16-15:23:32 1.15  Mocks_Mamon/MockNFW20ellip0.5loga-2.08PA50center0.0_0.0With_background1num88.dat TNC          1.0e-04 0 0 0 0     NFW      360.0000  -0.0000     -0.975 0.000   0 -99.00  108.2       -480.8532       -956.3127     2 360.0000  -0.0000     -0.914 0.082 176 -99.00    0.014
2018-05-16-15:23:32 1.15  Mocks_Mamon/MockNFW20ellip0.5loga-2.08PA50center0.0_0.0With_background1num89.dat TNC          1.0e-04 0 0 0 0     NFW      359.9997   0.0000     -0.973 0.000   0 -99.00  101.3       -441.5533       -877.7084     2 359.9997   0.0000     -0.912 0.063  25 -99.00    0.014
2018-05-16-15:23:32 1.15  Mocks_Mamon/MockNFW20ellip0.5loga-2.08PA50center0.0_0.0With_background1num90.dat TNC          1.0e-04 0 0 0 0     NFW        0.0032  -0.0000     -0.968 0.000   0 -99.00  120.3        -527.092       -1048.795     2   0.0032  -0.0000     -0.935 0.131  34 -99.00    0.015
2018-05-16-15:23:32 1.15  Mocks_Mamon/MockNFW20ellip0.5loga-2.08PA50center0.0_0.0With_background1num91.dat TNC          1.0e-04 0 0 0 0     NFW      359.9990  -0.0002     -0.976 0.000   0 -99.00  109.7        -477.697       -950.0003     2 359.9990  -0.0002     -0.925 0.073  40 -99.00    0.014
2018-05-16-15:23:32 1.15  Mocks_Mamon/MockNFW20ellip0.5loga-2.08PA50center0.0_0.0With_background1num92.dat TNC          1.0e-04 0 0 0 0     NFW      359.9984   0.0001     -0.968 0.000   0 -99.00  104.4       -464.8218       -924.2546     2 359.9984   0.0001     -0.909 0.153 167 -99.00    0.014
2018-05-16-15:23:32 1.15  Mocks_Mamon/MockNFW20ellip0.5loga-2.08PA50center0.0_0.0With_background1num93.dat TNC          1.0e-04 0 0 0 0     NFW      359.9999   0.0093     -0.950 0.000   0 -99.00  118.7       -522.4608       -1039.528     2 359.9999   0.0093     -0.928 0.038 155 -99.00    0.014
2018-05-16-15:23:32 1.15  Mocks_Mamon/MockNFW20ellip0.5loga-2.08PA50center0.0_0.0With_background1num94.dat TNC          1.0e-04 0 0 0 0     NFW        0.0020  -0.0064     -0.952 0.000   0 -99.00  123.3       -531.1033       -1056.808     2   0.0020  -0.0064     -0.912 0.048 153 -99.00    0.014
2018-05-16-15:23:32 1.15  Mocks_Mamon/MockNFW20ellip0.5loga-2.08PA50center0.0_0.0With_background1num95.dat TNC          1.0e-04 0 0 0 0     NFW        0.0029   0.0001     -0.971 0.000   0 -99.00  113.4       -512.3501       -1019.307     2   0.0029   0.0001     -0.921 0.018 142 -99.00    0.014
2018-05-16-15:23:32 1.15  Mocks_Mamon/MockNFW20ellip0.5loga-2.08PA50center0.0_0.0With_background1num96.dat TNC          1.0e-04 0 0 0 0     NFW        0.0012  -0.0027     -0.966 0.000   0 -99.00  109.7       -488.8506        -972.303     2   0.0012  -0.0027     -0.918 0.068  44 -99.00    0.014
2018-05-16-15:23:32 1.15  Mocks_Mamon/MockNFW20ellip0.5loga-2.08PA50center0.0_0.0With_background1num97.dat TNC          1.0e-04 0 0 0 0     NFW      359.9980  -0.0018     -0.964 0.000   0 -99.00  116.5       -512.7716       -1020.145     2 359.9980  -0.0018     -0.931 0.083  29 -99.00    0.014
2018-05-16-15:23:32 1.15  Mocks_Mamon/MockNFW20ellip0.5loga-2.08PA50center0.0_0.0With_background1num98.dat TNC          1.0e-04 0 0 0 0     NFW      359.9993  -0.0010     -0.971 0.000   0 -99.00  118.0       -516.9729       -1028.548     2 359.9993  -0.0010     -0.950 0.036 167 -99.00    0.014
2018-05-16-15:23:32 1.15  Mocks_Mamon/MockNFW20ellip0.5loga-2.08PA50center0.0_0.0With_background1num99.dat TNC          1.0e-04 0 0 0 0     NFW      359.9998   0.0038     -0.966 0.000   0 -99.00  116.5        -513.828       -1022.258     2 359.9998   0.0038     -0.930 0.136  28 -99.00    0.014
