2018-05-16-15:21:36 1.15  Mocks_Mamon/MockNFW40ellip0.5loga-2.08PA50center0.0_0.0With_background1num0.dat L-BFGS-B     1.0e-04 0 0 0 0     NFW        0.0000  -0.0002     -0.972 0.000   0 -99.00  104.4       -452.9784       -900.4804     7   0.0000  -0.0002     -0.905 0.121 180 -99.00    0.004
2018-05-16-15:21:36 1.15  Mocks_Mamon/MockNFW40ellip0.5loga-2.08PA50center0.0_0.0With_background1num1.dat L-BFGS-B     1.0e-04 0 0 0 0     NFW      359.9999   0.0009     -0.970 0.000   0 -99.00  103.6       -464.0881       -922.7082     7 359.9999   0.0009     -0.935 0.089 180 -99.00    0.004
2018-05-16-15:21:36 1.15  Mocks_Mamon/MockNFW40ellip0.5loga-2.08PA50center0.0_0.0With_background1num2.dat L-BFGS-B     1.0e-04 0 0 0 0     NFW      360.0000   0.0002     -0.972 0.000   0 -99.00  108.2        -479.705       -953.9335     7 360.0000   0.0002     -0.922 0.118  25 -99.00    0.004
2018-05-16-15:21:36 1.15  Mocks_Mamon/MockNFW40ellip0.5loga-2.08PA50center0.0_0.0With_background1num3.dat L-BFGS-B     1.0e-04 0 0 0 0     NFW        0.0001   0.0000     -0.972 0.000   0 -99.00  109.7       -490.9619         -976.46     7   0.0001   0.0000     -0.925 0.158 171 -99.00    0.004
2018-05-16-15:21:36 1.15  Mocks_Mamon/MockNFW40ellip0.5loga-2.08PA50center0.0_0.0With_background1num4.dat L-BFGS-B     1.0e-04 0 0 0 0     NFW        0.0003  -0.0007     -0.973 0.000   0 -99.00  111.2       -499.4957       -993.5108     7   0.0003  -0.0007     -0.933 0.024   7 -99.00    0.004
2018-05-16-15:21:36 1.15  Mocks_Mamon/MockNFW40ellip0.5loga-2.08PA50center0.0_0.0With_background1num5.dat L-BFGS-B     1.0e-04 0 0 0 0     NFW      359.9979  -0.0007     -0.968 0.000   0 -99.00  108.9       -491.7463        -978.012     7 359.9979  -0.0007     -0.932 0.111 170 -99.00    0.004
2018-05-16-15:21:36 1.15  Mocks_Mamon/MockNFW40ellip0.5loga-2.08PA50center0.0_0.0With_background1num6.dat L-BFGS-B     1.0e-04 0 0 0 0     NFW        0.0000   0.0002     -0.973 0.000   0 -99.00   99.8       -452.4858       -899.4951     7   0.0000   0.0002     -0.917 0.111  18 -99.00    0.004
2018-05-16-15:21:36 1.15  Mocks_Mamon/MockNFW40ellip0.5loga-2.08PA50center0.0_0.0With_background1num7.dat L-BFGS-B     1.0e-04 0 0 0 0     NFW      359.9999  -0.0003     -0.973 0.000   0 -99.00  111.9       -491.9283       -978.3761     7 359.9999  -0.0003     -0.936 0.091 142 -99.00    0.004
2018-05-16-15:21:36 1.15  Mocks_Mamon/MockNFW40ellip0.5loga-2.08PA50center0.0_0.0With_background1num8.dat L-BFGS-B     1.0e-04 0 0 0 0     NFW      359.9972  -0.0002     -0.969 0.000   0 -99.00  118.7       -536.6452       -1067.818     7 359.9972  -0.0002     -0.908 0.143   3 -99.00    0.004
2018-05-16-15:21:36 1.15  Mocks_Mamon/MockNFW40ellip0.5loga-2.08PA50center0.0_0.0With_background1num9.dat L-BFGS-B     1.0e-04 0 0 0 0     NFW      359.9993  -0.0001     -0.972 0.000   0 -99.00  108.9       -478.6373       -951.8022     7 359.9993  -0.0001     -0.915 0.097  43 -99.00    0.004
2018-05-16-15:21:36 1.15  Mocks_Mamon/MockNFW40ellip0.5loga-2.08PA50center0.0_0.0With_background1num10.dat L-BFGS-B     1.0e-04 0 0 0 0     NFW      359.9986  -0.0059     -1.093 0.000   0 -99.00   91.6       -590.5598       -1175.639    28 359.9986  -0.0059     -0.924 0.076 145 -99.00    0.017
2018-05-16-15:21:36 1.15  Mocks_Mamon/MockNFW40ellip0.5loga-2.08PA50center0.0_0.0With_background1num11.dat L-BFGS-B     1.0e-04 0 0 0 0     NFW      359.9958  -0.0036     -1.142 0.000   0 -99.00   81.9       -600.9654       -1196.459    35 359.9958  -0.0036     -0.970 0.085   1 -99.00    0.021
2018-05-16-15:21:36 1.15  Mocks_Mamon/MockNFW40ellip0.5loga-2.08PA50center0.0_0.0With_background1num12.dat L-BFGS-B     1.0e-04 0 0 0 0     NFW        0.0014   0.0014     -0.972 0.000   0 -99.00  126.3       -559.9408       -1114.409     7   0.0014   0.0014     -0.955 0.088 179 -99.00    0.004
2018-05-16-15:21:36 1.15  Mocks_Mamon/MockNFW40ellip0.5loga-2.08PA50center0.0_0.0With_background1num13.dat L-BFGS-B     1.0e-04 0 0 0 0     NFW        0.0004   0.0015     -0.972 0.000   0 -99.00  106.6       -474.2089       -942.9455     7   0.0004   0.0015     -0.908 0.010 141 -99.00    0.004
2018-05-16-15:21:36 1.15  Mocks_Mamon/MockNFW40ellip0.5loga-2.08PA50center0.0_0.0With_background1num14.dat L-BFGS-B     1.0e-04 0 0 0 0     NFW      359.9998   0.0004     -0.972 0.000   0 -99.00  115.7       -514.1941       -1022.908     7 359.9998   0.0004     -0.949 0.054   7 -99.00    0.004
2018-05-16-15:21:36 1.15  Mocks_Mamon/MockNFW40ellip0.5loga-2.08PA50center0.0_0.0With_background1num15.dat L-BFGS-B     1.0e-04 0 0 0 0     NFW        0.0015  -0.0004     -0.977 0.000   0 -99.00  121.8       -549.3687       -1093.261     7   0.0015  -0.0004     -0.964 0.045 142 -99.00    0.004
2018-05-16-15:21:36 1.15  Mocks_Mamon/MockNFW40ellip0.5loga-2.08PA50center0.0_0.0With_background1num16.dat L-BFGS-B     1.0e-04 0 0 0 0     NFW        0.0020   0.0005     -0.970 0.000   0 -99.00  123.3       -540.7696       -1076.059     7   0.0020   0.0005     -0.934 0.160 175 -99.00    0.004
2018-05-16-15:21:36 1.15  Mocks_Mamon/MockNFW40ellip0.5loga-2.08PA50center0.0_0.0With_background1num17.dat L-BFGS-B     1.0e-04 0 0 0 0     NFW      359.9999   0.0003     -0.972 0.000   0 -99.00  115.0       -513.7407       -1022.001     7 359.9999   0.0003     -0.924 0.127 138 -99.00    0.004
2018-05-16-15:21:36 1.15  Mocks_Mamon/MockNFW40ellip0.5loga-2.08PA50center0.0_0.0With_background1num18.dat L-BFGS-B     1.0e-04 0 0 0 0     NFW      359.9989   0.0002     -0.969 0.000   0 -99.00  115.0       -513.4638       -1021.443     7 359.9989   0.0002     -0.945 0.128 152 -99.00    0.004
2018-05-16-15:21:36 1.15  Mocks_Mamon/MockNFW40ellip0.5loga-2.08PA50center0.0_0.0With_background1num19.dat L-BFGS-B     1.0e-04 0 0 0 0     NFW        0.0006  -0.0003     -0.974 0.000   0 -99.00  107.4       -474.3353       -943.1983     7   0.0006  -0.0003     -0.928 0.095  35 -99.00    0.004
2018-05-16-15:21:36 1.15  Mocks_Mamon/MockNFW40ellip0.5loga-2.08PA50center0.0_0.0With_background1num20.dat L-BFGS-B     1.0e-04 0 0 0 0     NFW      360.0000   0.0003     -0.972 0.000   0 -99.00  115.0       -517.6497       -1029.819     7 360.0000   0.0003     -0.937 0.073 157 -99.00    0.004
2018-05-16-15:21:36 1.15  Mocks_Mamon/MockNFW40ellip0.5loga-2.08PA50center0.0_0.0With_background1num21.dat L-BFGS-B     1.0e-04 0 0 0 0     NFW      359.9996   0.0002     -0.974 0.000   0 -99.00  107.4       -481.4307       -957.3892     7 359.9996   0.0002     -0.917 0.007 154 -99.00    0.004
2018-05-16-15:21:36 1.15  Mocks_Mamon/MockNFW40ellip0.5loga-2.08PA50center0.0_0.0With_background1num22.dat L-BFGS-B     1.0e-04 0 0 0 0     NFW        0.0009  -0.0012     -0.970 0.000   0 -99.00  119.5       -537.5855       -1069.695     7   0.0009  -0.0012     -0.962 0.105 159 -99.00    0.004
2018-05-16-15:21:36 1.15  Mocks_Mamon/MockNFW40ellip0.5loga-2.08PA50center0.0_0.0With_background1num23.dat L-BFGS-B     1.0e-04 0 0 0 0     NFW        0.0008   0.0001     -0.972 0.000   0 -99.00  106.6       -475.3764       -945.2721     7   0.0008   0.0001     -0.919 0.056 166 -99.00    0.004
2018-05-16-15:21:36 1.15  Mocks_Mamon/MockNFW40ellip0.5loga-2.08PA50center0.0_0.0With_background1num24.dat L-BFGS-B     1.0e-04 0 0 0 0     NFW      359.9998   0.0031     -0.968 0.000   0 -99.00  130.1       -590.2708       -1175.057     7 359.9998   0.0031     -0.932 0.083  28 -99.00    0.004
2018-05-16-15:21:36 1.15  Mocks_Mamon/MockNFW40ellip0.5loga-2.08PA50center0.0_0.0With_background1num25.dat L-BFGS-B     1.0e-04 0 0 0 0     NFW        0.0001   0.0000     -0.972 0.000   0 -99.00  118.7       -527.5096       -1049.534     7   0.0001   0.0000     -0.948 0.096  35 -99.00    0.004
2018-05-16-15:21:36 1.15  Mocks_Mamon/MockNFW40ellip0.5loga-2.08PA50center0.0_0.0With_background1num26.dat L-BFGS-B     1.0e-04 0 0 0 0     NFW      359.9992   0.0005     -0.976 0.000   0 -99.00  113.4       -499.3673       -993.2623     7 359.9992   0.0005     -0.937 0.109 137 -99.00    0.004
2018-05-16-15:21:36 1.15  Mocks_Mamon/MockNFW40ellip0.5loga-2.08PA50center0.0_0.0With_background1num27.dat L-BFGS-B     1.0e-04 0 0 0 0     NFW      359.9972  -0.0008     -0.966 0.000   0 -99.00  121.8       -547.9686       -1090.461     7 359.9972  -0.0008     -0.942 0.065 158 -99.00    0.004
2018-05-16-15:21:36 1.15  Mocks_Mamon/MockNFW40ellip0.5loga-2.08PA50center0.0_0.0With_background1num28.dat L-BFGS-B     1.0e-04 0 0 0 0     NFW      359.9991  -0.0011     -0.968 0.000   0 -99.00  118.7       -521.2569       -1037.037     7 359.9991  -0.0011     -0.945 0.130 157 -99.00    0.004
2018-05-16-15:21:36 1.15  Mocks_Mamon/MockNFW40ellip0.5loga-2.08PA50center0.0_0.0With_background1num29.dat L-BFGS-B     1.0e-04 0 0 0 0     NFW      359.9999  -0.0008     -0.973 0.000   0 -99.00  107.4       -466.0243       -926.5805     7 359.9999  -0.0008     -0.908 0.101   1 -99.00    0.004
2018-05-16-15:21:36 1.15  Mocks_Mamon/MockNFW40ellip0.5loga-2.08PA50center0.0_0.0With_background1num30.dat L-BFGS-B     1.0e-04 0 0 0 0     NFW      359.9996   0.0003     -0.972 0.000   0 -99.00  117.2       -523.4636       -1041.451     7 359.9996   0.0003     -0.931 0.039  12 -99.00    0.004
2018-05-16-15:21:36 1.15  Mocks_Mamon/MockNFW40ellip0.5loga-2.08PA50center0.0_0.0With_background1num31.dat L-BFGS-B     1.0e-04 0 0 0 0     NFW        0.0002   0.0002     -0.972 0.000   0 -99.00   99.1       -438.5765       -871.6849     7   0.0002   0.0002     -0.922 0.120  44 -99.00    0.005
2018-05-16-15:21:36 1.15  Mocks_Mamon/MockNFW40ellip0.5loga-2.08PA50center0.0_0.0With_background1num32.dat L-BFGS-B     1.0e-04 0 0 0 0     NFW        0.0000   0.0043     -1.103 0.000   0 -99.00   95.2       -631.2646       -1257.044    35   0.0000   0.0043     -0.954 0.130  33 -99.00    0.021
2018-05-16-15:21:36 1.15  Mocks_Mamon/MockNFW40ellip0.5loga-2.08PA50center0.0_0.0With_background1num33.dat L-BFGS-B     1.0e-04 0 0 0 0     NFW        0.0001  -0.0001     -0.972 0.000   0 -99.00  121.0       -538.6978       -1071.923     7   0.0001  -0.0001     -0.970 0.084 166 -99.00    0.004
2018-05-16-15:21:36 1.15  Mocks_Mamon/MockNFW40ellip0.5loga-2.08PA50center0.0_0.0With_background1num34.dat L-BFGS-B     1.0e-04 0 0 0 0     NFW        0.0022  -0.0002     -0.972 0.000   0 -99.00  108.9       -494.3103         -983.14     7   0.0022  -0.0002     -0.918 0.046 164 -99.00    0.004
2018-05-16-15:21:36 1.15  Mocks_Mamon/MockNFW40ellip0.5loga-2.08PA50center0.0_0.0With_background1num35.dat L-BFGS-B     1.0e-04 0 0 0 0     NFW        0.0000   0.0021     -0.970 0.000   0 -99.00  112.7       -502.3999       -999.3234     7   0.0000   0.0021     -0.946 0.094  16 -99.00    0.004
2018-05-16-15:21:36 1.15  Mocks_Mamon/MockNFW40ellip0.5loga-2.08PA50center0.0_0.0With_background1num36.dat L-BFGS-B     1.0e-04 0 0 0 0     NFW      359.9997  -0.0019     -0.969 0.000   0 -99.00  120.3       -521.6927       -1037.909     7 359.9997  -0.0019     -0.914 0.116  13 -99.00    0.004
2018-05-16-15:21:36 1.15  Mocks_Mamon/MockNFW40ellip0.5loga-2.08PA50center0.0_0.0With_background1num37.dat L-BFGS-B     1.0e-04 0 0 0 0     NFW        0.0023  -0.0003     -0.970 0.000   0 -99.00  113.4       -505.2863       -1005.113     7   0.0023  -0.0003     -0.928 0.077 159 -99.00    0.004
2018-05-16-15:21:36 1.15  Mocks_Mamon/MockNFW40ellip0.5loga-2.08PA50center0.0_0.0With_background1num38.dat L-BFGS-B     1.0e-04 0 0 0 0     NFW        0.0007   0.0002     -0.974 0.000   0 -99.00  105.9       -480.9739       -956.4713     7   0.0007   0.0002     -0.926 0.055 175 -99.00    0.004
2018-05-16-15:21:36 1.15  Mocks_Mamon/MockNFW40ellip0.5loga-2.08PA50center0.0_0.0With_background1num39.dat L-BFGS-B     1.0e-04 0 0 0 0     NFW      359.9999  -0.0032     -0.989 0.000   0 -99.00  118.2       -572.3105       -1139.145    21 359.9999  -0.0032     -0.921 0.036 151 -99.00    0.013
2018-05-16-15:21:36 1.15  Mocks_Mamon/MockNFW40ellip0.5loga-2.08PA50center0.0_0.0With_background1num40.dat L-BFGS-B     1.0e-04 0 0 0 0     NFW      359.9999   0.0001     -0.972 0.000   0 -99.00  108.2       -485.6404       -965.8044     7 359.9999   0.0001     -0.928 0.095  33 -99.00    0.004
2018-05-16-15:21:36 1.15  Mocks_Mamon/MockNFW40ellip0.5loga-2.08PA50center0.0_0.0With_background1num41.dat L-BFGS-B     1.0e-04 0 0 0 0     NFW      359.9995  -0.0001     -0.973 0.000   0 -99.00  105.9       -472.0856       -938.7032     7 359.9995  -0.0001     -0.918 0.183 157 -99.00    0.004
2018-05-16-15:21:36 1.15  Mocks_Mamon/MockNFW40ellip0.5loga-2.08PA50center0.0_0.0With_background1num42.dat L-BFGS-B     1.0e-04 0 0 0 0     NFW        0.0000   0.0021     -0.970 0.000   0 -99.00  124.0       -561.2735       -1117.079    14   0.0000   0.0021     -0.988 0.029  17 -99.00    0.009
2018-05-16-15:21:36 1.15  Mocks_Mamon/MockNFW40ellip0.5loga-2.08PA50center0.0_0.0With_background1num43.dat L-BFGS-B     1.0e-04 0 0 0 0     NFW      359.9998  -0.0028     -0.970 0.000   0 -99.00  120.3        -541.927       -1078.394     7 359.9998  -0.0028     -0.942 0.088  23 -99.00    0.004
2018-05-16-15:21:36 1.15  Mocks_Mamon/MockNFW40ellip0.5loga-2.08PA50center0.0_0.0With_background1num44.dat L-BFGS-B     1.0e-04 0 0 0 0     NFW      359.9970  -0.0010     -0.965 0.000   0 -99.00  126.3       -569.2359       -1133.004     7 359.9970  -0.0010     -0.941 0.050 172 -99.00    0.004
2018-05-16-15:21:36 1.15  Mocks_Mamon/MockNFW40ellip0.5loga-2.08PA50center0.0_0.0With_background1num45.dat L-BFGS-B     1.0e-04 0 0 0 0     NFW        0.0003   0.0013     -0.979 0.000   0 -99.00  117.2       -530.4743       -1055.472     7   0.0003   0.0013     -0.975 0.023  32 -99.00    0.004
2018-05-16-15:21:36 1.15  Mocks_Mamon/MockNFW40ellip0.5loga-2.08PA50center0.0_0.0With_background1num46.dat L-BFGS-B     1.0e-04 0 0 0 0     NFW        0.0002  -0.0007     -0.975 0.000   0 -99.00  121.0       -539.3132       -1073.146     7   0.0002  -0.0007     -0.969 0.069 173 -99.00    0.004
2018-05-16-15:21:36 1.15  Mocks_Mamon/MockNFW40ellip0.5loga-2.08PA50center0.0_0.0With_background1num47.dat L-BFGS-B     1.0e-04 0 0 0 0     NFW        0.0002  -0.0017     -0.984 0.000   0 -99.00  114.3       -539.4831        -1073.49    21   0.0002  -0.0017     -0.964 0.066 139 -99.00    0.013
2018-05-16-15:21:36 1.15  Mocks_Mamon/MockNFW40ellip0.5loga-2.08PA50center0.0_0.0With_background1num48.dat L-BFGS-B     1.0e-04 0 0 0 0     NFW      359.9999  -0.0001     -0.972 0.000   0 -99.00  121.8        -543.037       -1080.606     7 359.9999  -0.0001     -0.964 0.070   4 -99.00    0.004
2018-05-16-15:21:36 1.15  Mocks_Mamon/MockNFW40ellip0.5loga-2.08PA50center0.0_0.0With_background1num49.dat L-BFGS-B     1.0e-04 0 0 0 0     NFW      359.9997  -0.0007     -0.972 0.000   0 -99.00  112.7       -506.3108       -1007.145     7 359.9997  -0.0007     -0.929 0.086  32 -99.00    0.004
2018-05-16-15:21:36 1.15  Mocks_Mamon/MockNFW40ellip0.5loga-2.08PA50center0.0_0.0With_background1num50.dat L-BFGS-B     1.0e-04 0 0 0 0     NFW      359.9987  -0.0000     -0.969 0.000   0 -99.00  107.4       -488.2389       -971.0098     7 359.9987  -0.0000     -0.946 0.060 141 -99.00    0.005
2018-05-16-15:21:36 1.15  Mocks_Mamon/MockNFW40ellip0.5loga-2.08PA50center0.0_0.0With_background1num51.dat L-BFGS-B     1.0e-04 0 0 0 0     NFW        0.0003   0.0002     -0.972 0.000   0 -99.00  122.5        -552.691       -1099.914     7   0.0003   0.0002     -0.949 0.123  18 -99.00    0.004
2018-05-16-15:21:36 1.15  Mocks_Mamon/MockNFW40ellip0.5loga-2.08PA50center0.0_0.0With_background1num52.dat L-BFGS-B     1.0e-04 0 0 0 0     NFW        0.0021   0.0001     -0.995 0.000   0 -99.00  108.9       -534.3685       -1063.256    21   0.0021   0.0001     -0.964 0.162  30 -99.00    0.013
2018-05-16-15:21:36 1.15  Mocks_Mamon/MockNFW40ellip0.5loga-2.08PA50center0.0_0.0With_background1num53.dat L-BFGS-B     1.0e-04 0 0 0 0     NFW      359.9932   0.0002     -1.037 0.000   0 -99.00  111.6       -622.6782        -1239.88    28 359.9932   0.0002     -0.939 0.094  10 -99.00    0.017
2018-05-16-15:21:36 1.15  Mocks_Mamon/MockNFW40ellip0.5loga-2.08PA50center0.0_0.0With_background1num54.dat L-BFGS-B     1.0e-04 0 0 0 0     NFW      359.9998  -0.0057     -1.083 0.000   0 -99.00   97.7       -614.2245       -1222.968    28 359.9998  -0.0057     -0.936 0.111 177 -99.00    0.017
2018-05-16-15:21:36 1.15  Mocks_Mamon/MockNFW40ellip0.5loga-2.08PA50center0.0_0.0With_background1num55.dat L-BFGS-B     1.0e-04 0 0 0 0     NFW      359.9997  -0.0000     -0.977 0.000   0 -99.00  118.7        -533.101       -1060.734     7 359.9997  -0.0000     -0.973 0.081 153 -99.00    0.004
2018-05-16-15:21:36 1.15  Mocks_Mamon/MockNFW40ellip0.5loga-2.08PA50center0.0_0.0With_background1num56.dat L-BFGS-B     1.0e-04 0 0 0 0     NFW      359.9963   0.0000     -0.967 0.000   0 -99.00  128.6       -579.2654       -1153.059     7 359.9963   0.0000     -0.931 0.065 165 -99.00    0.005
2018-05-16-15:21:36 1.15  Mocks_Mamon/MockNFW40ellip0.5loga-2.08PA50center0.0_0.0With_background1num57.dat L-BFGS-B     1.0e-04 0 0 0 0     NFW        0.0003   0.0001     -0.972 0.000   0 -99.00  116.5       -506.2397       -1007.003     7   0.0003   0.0001     -0.922 0.057  15 -99.00    0.004
2018-05-16-15:21:36 1.15  Mocks_Mamon/MockNFW40ellip0.5loga-2.08PA50center0.0_0.0With_background1num58.dat L-BFGS-B     1.0e-04 0 0 0 0     NFW        0.0002  -0.0006     -0.975 0.000   0 -99.00  109.7       -499.4122       -993.3521     7   0.0002  -0.0006     -0.920 0.063  10 -99.00    0.004
2018-05-16-15:21:36 1.15  Mocks_Mamon/MockNFW40ellip0.5loga-2.08PA50center0.0_0.0With_background1num59.dat L-BFGS-B     1.0e-04 0 0 0 0     NFW        0.0000  -0.0071     -0.956 0.000   0 -99.00  129.3       -575.2875       -1145.099     7   0.0000  -0.0071     -0.922 0.110 150 -99.00    0.004
2018-05-16-15:21:36 1.15  Mocks_Mamon/MockNFW40ellip0.5loga-2.08PA50center0.0_0.0With_background1num60.dat L-BFGS-B     1.0e-04 0 0 0 0     NFW      359.9996  -0.0015     -0.970 0.000   0 -99.00  118.7       -527.0881         -1048.7     7 359.9996  -0.0015     -0.927 0.158 169 -99.00    0.004
2018-05-16-15:21:36 1.15  Mocks_Mamon/MockNFW40ellip0.5loga-2.08PA50center0.0_0.0With_background1num61.dat L-BFGS-B     1.0e-04 0 0 0 0     NFW        0.0000  -0.0002     -0.973 0.000   0 -99.00  107.4       -476.2286       -946.9766     7   0.0000  -0.0002     -0.925 0.133   3 -99.00    0.004
2018-05-16-15:21:36 1.15  Mocks_Mamon/MockNFW40ellip0.5loga-2.08PA50center0.0_0.0With_background1num62.dat L-BFGS-B     1.0e-04 0 0 0 0     NFW      359.9998   0.0000     -0.972 0.000   0 -99.00  101.3       -444.6599       -883.8518     7 359.9998   0.0000     -0.901 0.107 164 -99.00    0.004
2018-05-16-15:21:36 1.15  Mocks_Mamon/MockNFW40ellip0.5loga-2.08PA50center0.0_0.0With_background1num63.dat L-BFGS-B     1.0e-04 0 0 0 0     NFW        0.0000   0.0003     -0.973 0.000   0 -99.00  116.5       -513.5882         -1021.7     7   0.0000   0.0003     -0.957 0.105 151 -99.00    0.004
2018-05-16-15:21:36 1.15  Mocks_Mamon/MockNFW40ellip0.5loga-2.08PA50center0.0_0.0With_background1num64.dat L-BFGS-B     1.0e-04 0 0 0 0     NFW        0.0004  -0.0003     -0.972 0.000   0 -99.00  115.7       -517.9863       -1030.496     7   0.0004  -0.0003     -0.921 0.014  37 -99.00    0.004
2018-05-16-15:21:36 1.15  Mocks_Mamon/MockNFW40ellip0.5loga-2.08PA50center0.0_0.0With_background1num65.dat L-BFGS-B     1.0e-04 0 0 0 0     NFW      360.0000  -0.0007     -0.974 0.000   0 -99.00  123.3        -553.397       -1101.326    14 360.0000  -0.0007     -0.991 0.074 139 -99.00    0.008
2018-05-16-15:21:36 1.15  Mocks_Mamon/MockNFW40ellip0.5loga-2.08PA50center0.0_0.0With_background1num66.dat L-BFGS-B     1.0e-04 0 0 0 0     NFW      359.9994  -0.0038     -0.990 0.000   0 -99.00  117.3       -565.0928       -1124.718    21 359.9994  -0.0038     -0.936 0.148 162 -99.00    0.013
2018-05-16-15:21:36 1.15  Mocks_Mamon/MockNFW40ellip0.5loga-2.08PA50center0.0_0.0With_background1num67.dat L-BFGS-B     1.0e-04 0 0 0 0     NFW      359.9983  -0.0018     -0.967 0.000   0 -99.00  112.7       -489.1575       -972.8555     7 359.9983  -0.0018     -0.906 0.084 136 -99.00    0.004
2018-05-16-15:21:36 1.15  Mocks_Mamon/MockNFW40ellip0.5loga-2.08PA50center0.0_0.0With_background1num68.dat L-BFGS-B     1.0e-04 0 0 0 0     NFW        0.0003  -0.0002     -0.974 0.000   0 -99.00  108.9       -490.3347       -975.1929     7   0.0003  -0.0002     -0.940 0.074   5 -99.00    0.004
2018-05-16-15:21:36 1.15  Mocks_Mamon/MockNFW40ellip0.5loga-2.08PA50center0.0_0.0With_background1num69.dat L-BFGS-B     1.0e-04 0 0 0 0     NFW        0.0009   0.0012     -0.968 0.000   0 -99.00  121.8       -537.1736       -1068.875     7   0.0009   0.0012     -0.926 0.032  15 -99.00    0.004
2018-05-16-15:21:36 1.15  Mocks_Mamon/MockNFW40ellip0.5loga-2.08PA50center0.0_0.0With_background1num70.dat L-BFGS-B     1.0e-04 0 0 0 0     NFW        0.0006  -0.0011     -0.971 0.000   0 -99.00  120.3       -531.7095       -1057.934     7   0.0006  -0.0011     -0.929 0.016 145 -99.00    0.004
2018-05-16-15:21:36 1.15  Mocks_Mamon/MockNFW40ellip0.5loga-2.08PA50center0.0_0.0With_background1num71.dat L-BFGS-B     1.0e-04 0 0 0 0     NFW        0.0002   0.0001     -0.976 0.000   0 -99.00  113.4       -510.9906       -1016.496     7   0.0002   0.0001     -0.917 0.033 171 -99.00    0.004
2018-05-16-15:21:36 1.15  Mocks_Mamon/MockNFW40ellip0.5loga-2.08PA50center0.0_0.0With_background1num72.dat L-BFGS-B     1.0e-04 0 0 0 0     NFW      359.9997   0.0003     -0.973 0.000   0 -99.00  115.0       -504.9484       -1004.433     7 359.9997   0.0003     -0.913 0.123  41 -99.00    0.004
2018-05-16-15:21:36 1.15  Mocks_Mamon/MockNFW40ellip0.5loga-2.08PA50center0.0_0.0With_background1num73.dat L-BFGS-B     1.0e-04 0 0 0 0     NFW      359.9997  -0.0003     -0.974 0.000   0 -99.00  108.9       -488.4248       -971.3689     7 359.9997  -0.0003     -0.939 0.063 142 -99.00    0.004
2018-05-16-15:21:36 1.15  Mocks_Mamon/MockNFW40ellip0.5loga-2.08PA50center0.0_0.0With_background1num74.dat L-BFGS-B     1.0e-04 0 0 0 0     NFW        0.0002  -0.0007     -0.971 0.000   0 -99.00  121.0       -533.1389       -1060.797     7   0.0002  -0.0007     -0.933 0.065   7 -99.00    0.004
2018-05-16-15:21:36 1.15  Mocks_Mamon/MockNFW40ellip0.5loga-2.08PA50center0.0_0.0With_background1num75.dat L-BFGS-B     1.0e-04 0 0 0 0     NFW        0.0000  -0.0019     -0.977 0.000   0 -99.00  113.4       -515.7622       -1026.052     7   0.0000  -0.0019     -0.920 0.088 171 -99.00    0.004
2018-05-16-15:21:36 1.15  Mocks_Mamon/MockNFW40ellip0.5loga-2.08PA50center0.0_0.0With_background1num76.dat L-BFGS-B     1.0e-04 0 0 0 0     NFW      359.9991  -0.0002     -0.971 0.000   0 -99.00  105.1       -453.7627       -902.0573     7 359.9991  -0.0002     -0.887 0.070 149 -99.00    0.004
2018-05-16-15:21:36 1.15  Mocks_Mamon/MockNFW40ellip0.5loga-2.08PA50center0.0_0.0With_background1num77.dat L-BFGS-B     1.0e-04 0 0 0 0     NFW      359.9997  -0.0004     -0.972 0.000   0 -99.00   99.1       -439.6279       -873.7751     7 359.9997  -0.0004     -0.901 0.102  33 -99.00    0.004
2018-05-16-15:21:36 1.15  Mocks_Mamon/MockNFW40ellip0.5loga-2.08PA50center0.0_0.0With_background1num78.dat L-BFGS-B     1.0e-04 0 0 0 0     NFW        0.0072  -0.0010     -0.953 0.000   0 -99.00  136.9       -604.4553        -1203.43     7   0.0072  -0.0010     -0.946 0.054 140 -99.00    0.004
2018-05-16-15:21:36 1.15  Mocks_Mamon/MockNFW40ellip0.5loga-2.08PA50center0.0_0.0With_background1num79.dat L-BFGS-B     1.0e-04 0 0 0 0     NFW      359.9994  -0.0005     -0.972 0.000   0 -99.00  109.7        -483.871       -962.2697     7 359.9994  -0.0005     -0.949 0.086 156 -99.00    0.004
2018-05-16-15:21:36 1.15  Mocks_Mamon/MockNFW40ellip0.5loga-2.08PA50center0.0_0.0With_background1num80.dat L-BFGS-B     1.0e-04 0 0 0 0     NFW      360.0000  -0.0000     -0.972 0.000   0 -99.00  118.0       -529.6005        -1053.72     7 360.0000  -0.0000     -0.942 0.115  14 -99.00    0.004
2018-05-16-15:21:36 1.15  Mocks_Mamon/MockNFW40ellip0.5loga-2.08PA50center0.0_0.0With_background1num81.dat L-BFGS-B     1.0e-04 0 0 0 0     NFW        0.0000  -0.0003     -0.971 0.000   0 -99.00  111.9       -489.8527       -974.2331     7   0.0000  -0.0003     -0.925 0.094  33 -99.00    0.004
2018-05-16-15:21:36 1.15  Mocks_Mamon/MockNFW40ellip0.5loga-2.08PA50center0.0_0.0With_background1num82.dat L-BFGS-B     1.0e-04 0 0 0 0     NFW        0.0001   0.0002     -0.972 0.000   0 -99.00  115.0       -523.3305        -1041.18     7   0.0001   0.0002     -0.929 0.059  33 -99.00    0.004
2018-05-16-15:21:36 1.15  Mocks_Mamon/MockNFW40ellip0.5loga-2.08PA50center0.0_0.0With_background1num83.dat L-BFGS-B     1.0e-04 0 0 0 0     NFW        0.0014  -0.0001     -0.968 0.000   0 -99.00  109.7       -481.3376       -957.2072     7   0.0014  -0.0001     -0.931 0.049 150 -99.00    0.004
2018-05-16-15:21:36 1.15  Mocks_Mamon/MockNFW40ellip0.5loga-2.08PA50center0.0_0.0With_background1num84.dat L-BFGS-B     1.0e-04 0 0 0 0     NFW      359.9999   0.0001     -0.973 0.000   0 -99.00  107.4       -488.1635       -970.8505     7 359.9999   0.0001     -0.953 0.085  28 -99.00    0.004
2018-05-16-15:21:36 1.15  Mocks_Mamon/MockNFW40ellip0.5loga-2.08PA50center0.0_0.0With_background1num85.dat L-BFGS-B     1.0e-04 0 0 0 0     NFW        0.0004  -0.0020     -0.970 0.000   0 -99.00  104.4       -456.3839       -907.2913     7   0.0004  -0.0020     -0.913 0.069 142 -99.00    0.004
2018-05-16-15:21:36 1.15  Mocks_Mamon/MockNFW40ellip0.5loga-2.08PA50center0.0_0.0With_background1num86.dat L-BFGS-B     1.0e-04 0 0 0 0     NFW      359.9943   0.0000     -0.989 0.000   0 -99.00  118.3       -579.7922       -1154.108    21 359.9943   0.0000     -0.930 0.074  14 -99.00    0.013
2018-05-16-15:21:36 1.15  Mocks_Mamon/MockNFW40ellip0.5loga-2.08PA50center0.0_0.0With_background1num87.dat L-BFGS-B     1.0e-04 0 0 0 0     NFW        0.0004  -0.0027     -1.255 0.000   0 -99.00   58.3       -550.2963       -1095.112    35   0.0004  -0.0027     -0.920 0.065  20 -99.00    0.021
2018-05-16-15:21:36 1.15  Mocks_Mamon/MockNFW40ellip0.5loga-2.08PA50center0.0_0.0With_background1num88.dat L-BFGS-B     1.0e-04 0 0 0 0     NFW      359.9980  -0.0002     -0.967 0.000   0 -99.00  115.7       -513.8595       -1022.247     7 359.9980  -0.0002     -0.960 0.127 157 -99.00    0.004
2018-05-16-15:21:36 1.15  Mocks_Mamon/MockNFW40ellip0.5loga-2.08PA50center0.0_0.0With_background1num89.dat L-BFGS-B     1.0e-04 0 0 0 0     NFW        0.0000   0.0040     -1.036 0.000   0 -99.00  103.5       -570.1305       -1134.776    28   0.0000   0.0040     -0.931 0.039 137 -99.00    0.017
2018-05-16-15:21:36 1.15  Mocks_Mamon/MockNFW40ellip0.5loga-2.08PA50center0.0_0.0With_background1num90.dat L-BFGS-B     1.0e-04 0 0 0 0     NFW        0.0001  -0.0041     -1.138 0.000   0 -99.00   83.5       -602.1988       -1198.925    35   0.0001  -0.0041     -0.933 0.079 156 -99.00    0.021
2018-05-16-15:21:36 1.15  Mocks_Mamon/MockNFW40ellip0.5loga-2.08PA50center0.0_0.0With_background1num91.dat L-BFGS-B     1.0e-04 0 0 0 0     NFW        0.0007  -0.0024     -0.972 0.000   0 -99.00  115.7       -526.8204       -1048.164     7   0.0007  -0.0024     -0.949 0.140 164 -99.00    0.004
2018-05-16-15:21:36 1.15  Mocks_Mamon/MockNFW40ellip0.5loga-2.08PA50center0.0_0.0With_background1num92.dat L-BFGS-B     1.0e-04 0 0 0 0     NFW      359.9988  -0.0002     -0.970 0.000   0 -99.00  115.7        -507.606       -1009.748     7 359.9988  -0.0002     -0.926 0.043  29 -99.00    0.004
2018-05-16-15:21:36 1.15  Mocks_Mamon/MockNFW40ellip0.5loga-2.08PA50center0.0_0.0With_background1num93.dat L-BFGS-B     1.0e-04 0 0 0 0     NFW      359.9930  -0.0028     -0.949 0.000   0 -99.00  142.2       -625.9872       -1246.494    14 359.9930  -0.0028     -0.955 0.021   8 -99.00    0.009
2018-05-16-15:21:36 1.15  Mocks_Mamon/MockNFW40ellip0.5loga-2.08PA50center0.0_0.0With_background1num94.dat L-BFGS-B     1.0e-04 0 0 0 0     NFW      359.9989   0.0006     -0.969 0.000   0 -99.00  111.9       -501.8216        -998.171     7 359.9989   0.0006     -0.953 0.068 169 -99.00    0.004
2018-05-16-15:21:36 1.15  Mocks_Mamon/MockNFW40ellip0.5loga-2.08PA50center0.0_0.0With_background1num95.dat L-BFGS-B     1.0e-04 0 0 0 0     NFW        0.0044   0.0000     -1.128 0.000   0 -99.00   84.7       -596.9652        -1188.45    35   0.0044   0.0000     -0.975 0.142  26 -99.00    0.021
2018-05-16-15:21:36 1.15  Mocks_Mamon/MockNFW40ellip0.5loga-2.08PA50center0.0_0.0With_background1num96.dat L-BFGS-B     1.0e-04 0 0 0 0     NFW        0.0017   0.0002     -0.967 0.000   0 -99.00  120.3       -535.1479       -1064.815     7   0.0017   0.0002     -0.962 0.068  42 -99.00    0.004
2018-05-16-15:21:36 1.15  Mocks_Mamon/MockNFW40ellip0.5loga-2.08PA50center0.0_0.0With_background1num97.dat L-BFGS-B     1.0e-04 0 0 0 0     NFW        0.0037  -0.0003     -1.247 0.000   0 -99.00   61.2        -570.197       -1134.918    35   0.0037  -0.0003     -0.941 0.105  12 -99.00    0.021
2018-05-16-15:21:36 1.15  Mocks_Mamon/MockNFW40ellip0.5loga-2.08PA50center0.0_0.0With_background1num98.dat L-BFGS-B     1.0e-04 0 0 0 0     NFW      359.9991  -0.0003     -0.973 0.000   0 -99.00  112.7       -506.9832       -1008.482     7 359.9991  -0.0003     -0.938 0.075  14 -99.00    0.004
2018-05-16-15:21:36 1.15  Mocks_Mamon/MockNFW40ellip0.5loga-2.08PA50center0.0_0.0With_background1num99.dat L-BFGS-B     1.0e-04 0 0 0 0     NFW        0.0001   0.0005     -0.974 0.000   0 -99.00  115.0       -524.1436       -1042.815     7   0.0001   0.0005     -0.963 0.183 162 -99.00    0.004
