2018-05-16-15:22:17 1.15  Mocks_Mamon/MockNFW40ellip0.5loga-2.08PA50center0.0_0.0With_background1num0.dat Nelder-Mead  1.0e-04 0 0 0 0     NFW        0.0000  -0.0002     -0.905 0.000   0 -99.00  126.4           1E+30           2E+30   143   0.0000  -0.0002     -0.905 0.121 180 -99.00    0.005
2018-05-16-15:22:17 1.15  Mocks_Mamon/MockNFW40ellip0.5loga-2.08PA50center0.0_0.0With_background1num1.dat Nelder-Mead  1.0e-04 0 0 0 0     NFW      359.9999   0.0009     -0.971 0.000   0 -99.00  103.5       -464.3465        -923.225   243 359.9999   0.0009     -0.935 0.089 180 -99.00    0.048
2018-05-16-15:22:17 1.15  Mocks_Mamon/MockNFW40ellip0.5loga-2.08PA50center0.0_0.0With_background1num2.dat Nelder-Mead  1.0e-04 0 0 0 0     NFW      360.0000   0.0002     -0.922 0.000   0 -99.00  124.7           1E+30           2E+30   143 360.0000   0.0002     -0.922 0.118  25 -99.00    0.005
2018-05-16-15:22:17 1.15  Mocks_Mamon/MockNFW40ellip0.5loga-2.08PA50center0.0_0.0With_background1num3.dat Nelder-Mead  1.0e-04 0 0 0 0     NFW        0.0001   0.0000     -0.925 0.000   0 -99.00  125.6           1E+30           2E+30   143   0.0001   0.0000     -0.925 0.158 171 -99.00    0.005
2018-05-16-15:22:17 1.15  Mocks_Mamon/MockNFW40ellip0.5loga-2.08PA50center0.0_0.0With_background1num4.dat Nelder-Mead  1.0e-04 0 0 0 0     NFW        0.0003  -0.0007     -0.974 0.000   0 -99.00  110.9       -499.7709       -994.0611   243   0.0003  -0.0007     -0.933 0.024   7 -99.00    0.049
2018-05-16-15:22:17 1.15  Mocks_Mamon/MockNFW40ellip0.5loga-2.08PA50center0.0_0.0With_background1num5.dat Nelder-Mead  1.0e-04 0 0 0 0     NFW      359.9979  -0.0007     -0.972 0.000   0 -99.00  107.5       -492.0109       -978.5411   243 359.9979  -0.0007     -0.932 0.111 170 -99.00    0.048
2018-05-16-15:22:17 1.15  Mocks_Mamon/MockNFW40ellip0.5loga-2.08PA50center0.0_0.0With_background1num6.dat Nelder-Mead  1.0e-04 0 0 0 0     NFW        0.0000   0.0002     -0.917 0.000   0 -99.00  117.1           1E+30           2E+30   143   0.0000   0.0002     -0.917 0.111  18 -99.00    0.005
2018-05-16-15:22:17 1.15  Mocks_Mamon/MockNFW40ellip0.5loga-2.08PA50center0.0_0.0With_background1num7.dat Nelder-Mead  1.0e-04 0 0 0 0     NFW      359.9999  -0.0003     -0.977 0.000   0 -99.00  110.7       -492.1385       -978.7963   243 359.9999  -0.0003     -0.936 0.091 142 -99.00    0.049
2018-05-16-15:22:17 1.15  Mocks_Mamon/MockNFW40ellip0.5loga-2.08PA50center0.0_0.0With_background1num8.dat Nelder-Mead  1.0e-04 0 0 0 0     NFW      359.9972  -0.0002     -0.908 0.000   0 -99.00  141.2           1E+30           2E+30   143 359.9972  -0.0002     -0.908 0.143   3 -99.00    0.005
2018-05-16-15:22:17 1.15  Mocks_Mamon/MockNFW40ellip0.5loga-2.08PA50center0.0_0.0With_background1num9.dat Nelder-Mead  1.0e-04 0 0 0 0     NFW      359.9993  -0.0001     -0.915 0.000   0 -99.00  127.9           1E+30           2E+30   143 359.9993  -0.0001     -0.915 0.097  43 -99.00    0.005
2018-05-16-15:22:17 1.15  Mocks_Mamon/MockNFW40ellip0.5loga-2.08PA50center0.0_0.0With_background1num10.dat Nelder-Mead  1.0e-04 0 0 0 0     NFW      359.9986  -0.0059     -0.971 0.000   0 -99.00  126.3       -590.6716       -1175.863   243 359.9986  -0.0059     -0.924 0.076 145 -99.00    0.048
2018-05-16-15:22:17 1.15  Mocks_Mamon/MockNFW40ellip0.5loga-2.08PA50center0.0_0.0With_background1num11.dat Nelder-Mead  1.0e-04 0 0 0 0     NFW      359.9958  -0.0036     -1.019 0.000   0 -99.00  111.8       -600.9834       -1196.494   243 359.9958  -0.0036     -0.970 0.085   1 -99.00    0.049
2018-05-16-15:22:17 1.15  Mocks_Mamon/MockNFW40ellip0.5loga-2.08PA50center0.0_0.0With_background1num12.dat Nelder-Mead  1.0e-04 0 0 0 0     NFW        0.0014   0.0014     -0.978 0.000   0 -99.00  124.0       -560.1594       -1114.847   243   0.0014   0.0014     -0.955 0.088 179 -99.00    0.050
2018-05-16-15:22:17 1.15  Mocks_Mamon/MockNFW40ellip0.5loga-2.08PA50center0.0_0.0With_background1num13.dat Nelder-Mead  1.0e-04 0 0 0 0     NFW        0.0004   0.0015     -0.908 0.000   0 -99.00  128.1           1E+30           2E+30   143   0.0004   0.0015     -0.908 0.010 141 -99.00    0.005
2018-05-16-15:22:17 1.15  Mocks_Mamon/MockNFW40ellip0.5loga-2.08PA50center0.0_0.0With_background1num14.dat Nelder-Mead  1.0e-04 0 0 0 0     NFW      359.9998   0.0004     -0.973 0.000   0 -99.00  115.5       -514.4771       -1023.473   243 359.9998   0.0004     -0.949 0.054   7 -99.00    0.051
2018-05-16-15:22:17 1.15  Mocks_Mamon/MockNFW40ellip0.5loga-2.08PA50center0.0_0.0With_background1num15.dat Nelder-Mead  1.0e-04 0 0 0 0     NFW        0.0015  -0.0004     -0.988 0.000   0 -99.00  118.1       -549.5768       -1093.677   243   0.0015  -0.0004     -0.964 0.045 142 -99.00    0.050
2018-05-16-15:22:17 1.15  Mocks_Mamon/MockNFW40ellip0.5loga-2.08PA50center0.0_0.0With_background1num16.dat Nelder-Mead  1.0e-04 0 0 0 0     NFW        0.0020   0.0005     -0.975 0.000   0 -99.00  121.6       -540.9897       -1076.499   243   0.0020   0.0005     -0.934 0.160 175 -99.00    0.049
2018-05-16-15:22:17 1.15  Mocks_Mamon/MockNFW40ellip0.5loga-2.08PA50center0.0_0.0With_background1num17.dat Nelder-Mead  1.0e-04 0 0 0 0     NFW      359.9999   0.0003     -0.924 0.000   0 -99.00  131.8           1E+30           2E+30   143 359.9999   0.0003     -0.924 0.127 138 -99.00    0.005
2018-05-16-15:22:17 1.15  Mocks_Mamon/MockNFW40ellip0.5loga-2.08PA50center0.0_0.0With_background1num18.dat Nelder-Mead  1.0e-04 0 0 0 0     NFW      359.9989   0.0002     -0.981 0.000   0 -99.00  111.4       -513.6556       -1021.826   243 359.9989   0.0002     -0.945 0.128 152 -99.00    0.050
2018-05-16-15:22:17 1.15  Mocks_Mamon/MockNFW40ellip0.5loga-2.08PA50center0.0_0.0With_background1num19.dat Nelder-Mead  1.0e-04 0 0 0 0     NFW        0.0006  -0.0003     -0.974 0.000   0 -99.00  107.3       -474.5995       -943.7266   243   0.0006  -0.0003     -0.928 0.095  35 -99.00    0.047
2018-05-16-15:22:17 1.15  Mocks_Mamon/MockNFW40ellip0.5loga-2.08PA50center0.0_0.0With_background1num20.dat Nelder-Mead  1.0e-04 0 0 0 0     NFW      360.0000   0.0003     -0.978 0.000   0 -99.00  113.2       -517.9028       -1030.325   243 360.0000   0.0003     -0.937 0.073 157 -99.00    0.050
2018-05-16-15:22:17 1.15  Mocks_Mamon/MockNFW40ellip0.5loga-2.08PA50center0.0_0.0With_background1num21.dat Nelder-Mead  1.0e-04 0 0 0 0     NFW      359.9996   0.0002     -0.917 0.000   0 -99.00  126.0           1E+30           2E+30   143 359.9996   0.0002     -0.917 0.007 154 -99.00    0.005
2018-05-16-15:22:17 1.15  Mocks_Mamon/MockNFW40ellip0.5loga-2.08PA50center0.0_0.0With_background1num22.dat Nelder-Mead  1.0e-04 0 0 0 0     NFW        0.0009  -0.0012     -0.986 0.000   0 -99.00  114.2       -537.7888       -1070.101   243   0.0009  -0.0012     -0.962 0.105 159 -99.00    0.049
2018-05-16-15:22:17 1.15  Mocks_Mamon/MockNFW40ellip0.5loga-2.08PA50center0.0_0.0With_background1num23.dat Nelder-Mead  1.0e-04 0 0 0 0     NFW        0.0008   0.0001     -0.919 0.000   0 -99.00  124.0           1E+30           2E+30   143   0.0008   0.0001     -0.919 0.056 166 -99.00    0.005
2018-05-16-15:22:17 1.15  Mocks_Mamon/MockNFW40ellip0.5loga-2.08PA50center0.0_0.0With_background1num24.dat Nelder-Mead  1.0e-04 0 0 0 0     NFW      359.9998   0.0031     -0.973 0.000   0 -99.00  128.3        -590.598       -1175.711   243 359.9998   0.0031     -0.932 0.083  28 -99.00    0.048
2018-05-16-15:22:17 1.15  Mocks_Mamon/MockNFW40ellip0.5loga-2.08PA50center0.0_0.0With_background1num25.dat Nelder-Mead  1.0e-04 0 0 0 0     NFW        0.0001   0.0000     -0.972 0.000   0 -99.00  118.7       -527.8076        -1050.13   243   0.0001   0.0000     -0.948 0.096  35 -99.00    0.053
2018-05-16-15:22:17 1.15  Mocks_Mamon/MockNFW40ellip0.5loga-2.08PA50center0.0_0.0With_background1num26.dat Nelder-Mead  1.0e-04 0 0 0 0     NFW      359.9992   0.0005     -0.978 0.000   0 -99.00  112.7       -499.6072       -993.7422   243 359.9992   0.0005     -0.937 0.109 137 -99.00    0.049
2018-05-16-15:22:17 1.15  Mocks_Mamon/MockNFW40ellip0.5loga-2.08PA50center0.0_0.0With_background1num27.dat Nelder-Mead  1.0e-04 0 0 0 0     NFW      359.9972  -0.0008     -0.966 0.000   0 -99.00  121.7       -548.2751       -1091.074   243 359.9972  -0.0008     -0.942 0.065 158 -99.00    0.050
2018-05-16-15:22:17 1.15  Mocks_Mamon/MockNFW40ellip0.5loga-2.08PA50center0.0_0.0With_background1num28.dat Nelder-Mead  1.0e-04 0 0 0 0     NFW      359.9991  -0.0011     -0.969 0.000   0 -99.00  118.5       -521.5451       -1037.614   243 359.9991  -0.0011     -0.945 0.130 157 -99.00    0.049
2018-05-16-15:22:17 1.15  Mocks_Mamon/MockNFW40ellip0.5loga-2.08PA50center0.0_0.0With_background1num29.dat Nelder-Mead  1.0e-04 0 0 0 0     NFW      359.9999  -0.0008     -0.908 0.000   0 -99.00  129.3           1E+30           2E+30   143 359.9999  -0.0008     -0.908 0.101   1 -99.00    0.005
2018-05-16-15:22:17 1.15  Mocks_Mamon/MockNFW40ellip0.5loga-2.08PA50center0.0_0.0With_background1num30.dat Nelder-Mead  1.0e-04 0 0 0 0     NFW      359.9996   0.0003     -0.975 0.000   0 -99.00  116.4       -523.7309       -1041.985   243 359.9996   0.0003     -0.931 0.039  12 -99.00    0.049
2018-05-16-15:22:17 1.15  Mocks_Mamon/MockNFW40ellip0.5loga-2.08PA50center0.0_0.0With_background1num31.dat Nelder-Mead  1.0e-04 0 0 0 0     NFW        0.0002   0.0002     -0.922 0.000   0 -99.00  114.2           1E+30           2E+30   143   0.0002   0.0002     -0.922 0.120  44 -99.00    0.005
2018-05-16-15:22:17 1.15  Mocks_Mamon/MockNFW40ellip0.5loga-2.08PA50center0.0_0.0With_background1num32.dat Nelder-Mead  1.0e-04 0 0 0 0     NFW        0.0000   0.0043     -1.002 0.000   0 -99.00  123.8       -631.4229       -1257.361   243   0.0000   0.0043     -0.954 0.130  33 -99.00    0.049
2018-05-16-15:22:17 1.15  Mocks_Mamon/MockNFW40ellip0.5loga-2.08PA50center0.0_0.0With_background1num33.dat Nelder-Mead  1.0e-04 0 0 0 0     NFW        0.0001  -0.0001     -0.994 0.000   0 -99.00  113.9       -538.7148       -1071.957   243   0.0001  -0.0001     -0.970 0.084 166 -99.00    0.051
2018-05-16-15:22:17 1.15  Mocks_Mamon/MockNFW40ellip0.5loga-2.08PA50center0.0_0.0With_background1num34.dat Nelder-Mead  1.0e-04 0 0 0 0     NFW        0.0022  -0.0002     -0.918 0.000   0 -99.00  126.8           1E+30           2E+30   143   0.0022  -0.0002     -0.918 0.046 164 -99.00    0.005
2018-05-16-15:22:17 1.15  Mocks_Mamon/MockNFW40ellip0.5loga-2.08PA50center0.0_0.0With_background1num35.dat Nelder-Mead  1.0e-04 0 0 0 0     NFW        0.0000   0.0021     -0.982 0.000   0 -99.00  109.1       -502.5682       -999.6599   243   0.0000   0.0021     -0.946 0.094  16 -99.00    0.048
2018-05-16-15:22:17 1.15  Mocks_Mamon/MockNFW40ellip0.5loga-2.08PA50center0.0_0.0With_background1num36.dat Nelder-Mead  1.0e-04 0 0 0 0     NFW      359.9997  -0.0019     -0.914 0.000   0 -99.00  140.5           1E+30           2E+30   143 359.9997  -0.0019     -0.914 0.116  13 -99.00    0.005
2018-05-16-15:22:17 1.15  Mocks_Mamon/MockNFW40ellip0.5loga-2.08PA50center0.0_0.0With_background1num37.dat Nelder-Mead  1.0e-04 0 0 0 0     NFW        0.0023  -0.0003     -0.972 0.000   0 -99.00  112.8       -505.5521       -1005.645   243   0.0023  -0.0003     -0.928 0.077 159 -99.00    0.049
2018-05-16-15:22:17 1.15  Mocks_Mamon/MockNFW40ellip0.5loga-2.08PA50center0.0_0.0With_background1num38.dat Nelder-Mead  1.0e-04 0 0 0 0     NFW        0.0007   0.0002     -0.926 0.000   0 -99.00  121.2           1E+30           2E+30   143   0.0007   0.0002     -0.926 0.055 175 -99.00    0.005
2018-05-16-15:22:17 1.15  Mocks_Mamon/MockNFW40ellip0.5loga-2.08PA50center0.0_0.0With_background1num39.dat Nelder-Mead  1.0e-04 0 0 0 0     NFW      359.9999  -0.0032     -0.967 0.000   0 -99.00  125.6       -572.6163       -1139.756   243 359.9999  -0.0032     -0.921 0.036 151 -99.00    0.047
2018-05-16-15:22:17 1.15  Mocks_Mamon/MockNFW40ellip0.5loga-2.08PA50center0.0_0.0With_background1num40.dat Nelder-Mead  1.0e-04 0 0 0 0     NFW      359.9999   0.0001     -0.973 0.000   0 -99.00  107.8       -485.9043        -966.332   243 359.9999   0.0001     -0.928 0.095  33 -99.00    0.049
2018-05-16-15:22:17 1.15  Mocks_Mamon/MockNFW40ellip0.5loga-2.08PA50center0.0_0.0With_background1num41.dat Nelder-Mead  1.0e-04 0 0 0 0     NFW      359.9995  -0.0001     -0.918 0.000   0 -99.00  123.9           1E+30           2E+30   143 359.9995  -0.0001     -0.918 0.183 157 -99.00    0.005
2018-05-16-15:22:17 1.15  Mocks_Mamon/MockNFW40ellip0.5loga-2.08PA50center0.0_0.0With_background1num42.dat Nelder-Mead  1.0e-04 0 0 0 0     NFW        0.0000   0.0021     -0.988 0.000   0 -99.00  118.0        -561.525       -1117.582   243   0.0000   0.0021     -0.988 0.029  17 -99.00    0.050
2018-05-16-15:22:17 1.15  Mocks_Mamon/MockNFW40ellip0.5loga-2.08PA50center0.0_0.0With_background1num43.dat Nelder-Mead  1.0e-04 0 0 0 0     NFW      359.9998  -0.0028     -0.977 0.000   0 -99.00  118.1       -542.1954       -1078.931   243 359.9998  -0.0028     -0.942 0.088  23 -99.00    0.048
2018-05-16-15:22:17 1.15  Mocks_Mamon/MockNFW40ellip0.5loga-2.08PA50center0.0_0.0With_background1num44.dat Nelder-Mead  1.0e-04 0 0 0 0     NFW      359.9970  -0.0010     -0.977 0.000   0 -99.00  122.4        -569.534         -1133.6   243 359.9970  -0.0010     -0.941 0.050 172 -99.00    0.049
2018-05-16-15:22:17 1.15  Mocks_Mamon/MockNFW40ellip0.5loga-2.08PA50center0.0_0.0With_background1num45.dat Nelder-Mead  1.0e-04 0 0 0 0     NFW        0.0003   0.0013     -0.999 0.000   0 -99.00  110.7       -530.5872       -1055.698   243   0.0003   0.0013     -0.975 0.023  32 -99.00    0.050
2018-05-16-15:22:17 1.15  Mocks_Mamon/MockNFW40ellip0.5loga-2.08PA50center0.0_0.0With_background1num46.dat Nelder-Mead  1.0e-04 0 0 0 0     NFW        0.0002  -0.0007     -0.994 0.000   0 -99.00  114.9       -539.3523       -1073.224   243   0.0002  -0.0007     -0.969 0.069 173 -99.00    0.050
2018-05-16-15:22:17 1.15  Mocks_Mamon/MockNFW40ellip0.5loga-2.08PA50center0.0_0.0With_background1num47.dat Nelder-Mead  1.0e-04 0 0 0 0     NFW        0.0002  -0.0017     -0.988 0.000   0 -99.00  113.0       -539.7879       -1074.099   243   0.0002  -0.0017     -0.964 0.066 139 -99.00    0.049
2018-05-16-15:22:17 1.15  Mocks_Mamon/MockNFW40ellip0.5loga-2.08PA50center0.0_0.0With_background1num48.dat Nelder-Mead  1.0e-04 0 0 0 0     NFW      359.9999  -0.0001     -0.989 0.000   0 -99.00  116.4       -543.1468       -1080.826   243 359.9999  -0.0001     -0.964 0.070   4 -99.00    0.052
2018-05-16-15:22:17 1.15  Mocks_Mamon/MockNFW40ellip0.5loga-2.08PA50center0.0_0.0With_background1num49.dat Nelder-Mead  1.0e-04 0 0 0 0     NFW      359.9997  -0.0007     -0.974 0.000   0 -99.00  112.3       -506.5868       -1007.697   243 359.9997  -0.0007     -0.929 0.086  32 -99.00    0.047
2018-05-16-15:22:17 1.15  Mocks_Mamon/MockNFW40ellip0.5loga-2.08PA50center0.0_0.0With_background1num50.dat Nelder-Mead  1.0e-04 0 0 0 0     NFW      359.9987  -0.0000     -0.969 0.000   0 -99.00  107.3       -488.5102       -971.5523   243 359.9987  -0.0000     -0.946 0.060 141 -99.00    0.052
2018-05-16-15:22:17 1.15  Mocks_Mamon/MockNFW40ellip0.5loga-2.08PA50center0.0_0.0With_background1num51.dat Nelder-Mead  1.0e-04 0 0 0 0     NFW        0.0003   0.0002     -0.973 0.000   0 -99.00  122.4       -552.9982       -1100.528   243   0.0003   0.0002     -0.949 0.123  18 -99.00    0.051
2018-05-16-15:22:17 1.15  Mocks_Mamon/MockNFW40ellip0.5loga-2.08PA50center0.0_0.0With_background1num52.dat Nelder-Mead  1.0e-04 0 0 0 0     NFW        0.0021   0.0001     -1.012 0.000   0 -99.00  103.9       -534.6904         -1063.9   243   0.0021   0.0001     -0.964 0.162  30 -99.00    0.052
2018-05-16-15:22:17 1.15  Mocks_Mamon/MockNFW40ellip0.5loga-2.08PA50center0.0_0.0With_background1num53.dat Nelder-Mead  1.0e-04 0 0 0 0     NFW      359.9932   0.0002     -0.986 0.000   0 -99.00  128.0        -622.996       -1240.515   243 359.9932   0.0002     -0.939 0.094  10 -99.00    0.052
2018-05-16-15:22:17 1.15  Mocks_Mamon/MockNFW40ellip0.5loga-2.08PA50center0.0_0.0With_background1num54.dat Nelder-Mead  1.0e-04 0 0 0 0     NFW      359.9998  -0.0057     -0.983 0.000   0 -99.00  127.3       -614.4284       -1223.376   243 359.9998  -0.0057     -0.936 0.111 177 -99.00    0.049
2018-05-16-15:22:17 1.15  Mocks_Mamon/MockNFW40ellip0.5loga-2.08PA50center0.0_0.0With_background1num55.dat Nelder-Mead  1.0e-04 0 0 0 0     NFW      359.9997  -0.0000     -0.997 0.000   0 -99.00  112.4       -533.1603       -1060.853   243 359.9997  -0.0000     -0.973 0.081 153 -99.00    0.052
2018-05-16-15:22:17 1.15  Mocks_Mamon/MockNFW40ellip0.5loga-2.08PA50center0.0_0.0With_background1num56.dat Nelder-Mead  1.0e-04 0 0 0 0     NFW      359.9963   0.0000     -0.972 0.000   0 -99.00  126.6       -579.5738       -1153.675   243 359.9963   0.0000     -0.931 0.065 165 -99.00    0.051
2018-05-16-15:22:17 1.15  Mocks_Mamon/MockNFW40ellip0.5loga-2.08PA50center0.0_0.0With_background1num57.dat Nelder-Mead  1.0e-04 0 0 0 0     NFW        0.0003   0.0001     -0.922 0.000   0 -99.00  134.4           1E+30           2E+30   143   0.0003   0.0001     -0.922 0.057  15 -99.00    0.005
2018-05-16-15:22:17 1.15  Mocks_Mamon/MockNFW40ellip0.5loga-2.08PA50center0.0_0.0With_background1num58.dat Nelder-Mead  1.0e-04 0 0 0 0     NFW        0.0002  -0.0006     -0.920 0.000   0 -99.00  128.4           1E+30           2E+30   143   0.0002  -0.0006     -0.920 0.063  10 -99.00    0.004
2018-05-16-15:22:17 1.15  Mocks_Mamon/MockNFW40ellip0.5loga-2.08PA50center0.0_0.0With_background1num59.dat Nelder-Mead  1.0e-04 0 0 0 0     NFW        0.0000  -0.0071     -0.962 0.000   0 -99.00  127.3       -575.6035       -1145.731   243   0.0000  -0.0071     -0.922 0.110 150 -99.00    0.047
2018-05-16-15:22:17 1.15  Mocks_Mamon/MockNFW40ellip0.5loga-2.08PA50center0.0_0.0With_background1num60.dat Nelder-Mead  1.0e-04 0 0 0 0     NFW      359.9996  -0.0015     -0.971 0.000   0 -99.00  118.4       -527.3748       -1049.273   243 359.9996  -0.0015     -0.927 0.158 169 -99.00    0.048
2018-05-16-15:22:17 1.15  Mocks_Mamon/MockNFW40ellip0.5loga-2.08PA50center0.0_0.0With_background1num61.dat Nelder-Mead  1.0e-04 0 0 0 0     NFW        0.0000  -0.0002     -0.925 0.000   0 -99.00  122.9           1E+30           2E+30   143   0.0000  -0.0002     -0.925 0.133   3 -99.00    0.005
2018-05-16-15:22:17 1.15  Mocks_Mamon/MockNFW40ellip0.5loga-2.08PA50center0.0_0.0With_background1num62.dat Nelder-Mead  1.0e-04 0 0 0 0     NFW      359.9998   0.0000     -0.901 0.000   0 -99.00  124.1           1E+30           2E+30   143 359.9998   0.0000     -0.901 0.107 164 -99.00    0.005
2018-05-16-15:22:17 1.15  Mocks_Mamon/MockNFW40ellip0.5loga-2.08PA50center0.0_0.0With_background1num63.dat Nelder-Mead  1.0e-04 0 0 0 0     NFW        0.0000   0.0003     -0.981 0.000   0 -99.00  114.1       -513.7515       -1022.026   243   0.0000   0.0003     -0.957 0.105 151 -99.00    0.050
2018-05-16-15:22:17 1.15  Mocks_Mamon/MockNFW40ellip0.5loga-2.08PA50center0.0_0.0With_background1num64.dat Nelder-Mead  1.0e-04 0 0 0 0     NFW        0.0004  -0.0003     -0.921 0.000   0 -99.00  133.8           1E+30           2E+30   143   0.0004  -0.0003     -0.921 0.014  37 -99.00    0.005
2018-05-16-15:22:17 1.15  Mocks_Mamon/MockNFW40ellip0.5loga-2.08PA50center0.0_0.0With_background1num65.dat Nelder-Mead  1.0e-04 0 0 0 0     NFW      360.0000  -0.0007     -0.991 0.000   0 -99.00  117.5       -553.5283       -1101.588   243 360.0000  -0.0007     -0.991 0.074 139 -99.00    0.051
2018-05-16-15:22:17 1.15  Mocks_Mamon/MockNFW40ellip0.5loga-2.08PA50center0.0_0.0With_background1num66.dat Nelder-Mead  1.0e-04 0 0 0 0     NFW      359.9994  -0.0038     -0.983 0.000   0 -99.00  119.5       -565.4105       -1125.353   243 359.9994  -0.0038     -0.936 0.148 162 -99.00    0.048
2018-05-16-15:22:17 1.15  Mocks_Mamon/MockNFW40ellip0.5loga-2.08PA50center0.0_0.0With_background1num67.dat Nelder-Mead  1.0e-04 0 0 0 0     NFW      359.9983  -0.0018     -0.906 0.000   0 -99.00  134.0           1E+30           2E+30   143 359.9983  -0.0018     -0.906 0.084 136 -99.00    0.005
2018-05-16-15:22:17 1.15  Mocks_Mamon/MockNFW40ellip0.5loga-2.08PA50center0.0_0.0With_background1num68.dat Nelder-Mead  1.0e-04 0 0 0 0     NFW        0.0003  -0.0002     -0.975 0.000   0 -99.00  108.6       -490.6024       -975.7283   243   0.0003  -0.0002     -0.940 0.074   5 -99.00    0.050
2018-05-16-15:22:17 1.15  Mocks_Mamon/MockNFW40ellip0.5loga-2.08PA50center0.0_0.0With_background1num69.dat Nelder-Mead  1.0e-04 0 0 0 0     NFW        0.0009   0.0012     -0.969 0.000   0 -99.00  121.5       -537.4699       -1069.468   243   0.0009   0.0012     -0.926 0.032  15 -99.00    0.048
2018-05-16-15:22:17 1.15  Mocks_Mamon/MockNFW40ellip0.5loga-2.08PA50center0.0_0.0With_background1num70.dat Nelder-Mead  1.0e-04 0 0 0 0     NFW        0.0006  -0.0011     -0.973 0.000   0 -99.00  119.7         -531.99       -1058.495   243   0.0006  -0.0011     -0.929 0.016 145 -99.00    0.048
2018-05-16-15:22:17 1.15  Mocks_Mamon/MockNFW40ellip0.5loga-2.08PA50center0.0_0.0With_background1num71.dat Nelder-Mead  1.0e-04 0 0 0 0     NFW        0.0002   0.0001     -0.917 0.000   0 -99.00  134.1           1E+30           2E+30   143   0.0002   0.0001     -0.917 0.033 171 -99.00    0.005
2018-05-16-15:22:17 1.15  Mocks_Mamon/MockNFW40ellip0.5loga-2.08PA50center0.0_0.0With_background1num72.dat Nelder-Mead  1.0e-04 0 0 0 0     NFW      359.9997   0.0003     -0.913 0.000   0 -99.00  136.1           1E+30           2E+30   143 359.9997   0.0003     -0.913 0.123  41 -99.00    0.005
2018-05-16-15:22:17 1.15  Mocks_Mamon/MockNFW40ellip0.5loga-2.08PA50center0.0_0.0With_background1num73.dat Nelder-Mead  1.0e-04 0 0 0 0     NFW      359.9997  -0.0003     -0.975 0.000   0 -99.00  108.6       -488.6896       -971.8986   243 359.9997  -0.0003     -0.939 0.063 142 -99.00    0.049
2018-05-16-15:22:17 1.15  Mocks_Mamon/MockNFW40ellip0.5loga-2.08PA50center0.0_0.0With_background1num74.dat Nelder-Mead  1.0e-04 0 0 0 0     NFW        0.0002  -0.0007     -0.973 0.000   0 -99.00  120.1       -533.3978       -1061.315   243   0.0002  -0.0007     -0.933 0.065   7 -99.00    0.049
2018-05-16-15:22:17 1.15  Mocks_Mamon/MockNFW40ellip0.5loga-2.08PA50center0.0_0.0With_background1num75.dat Nelder-Mead  1.0e-04 0 0 0 0     NFW        0.0000  -0.0019     -0.920 0.000   0 -99.00  133.5           1E+30           2E+30   143   0.0000  -0.0019     -0.920 0.088 171 -99.00    0.005
2018-05-16-15:22:17 1.15  Mocks_Mamon/MockNFW40ellip0.5loga-2.08PA50center0.0_0.0With_background1num76.dat Nelder-Mead  1.0e-04 0 0 0 0     NFW      359.9991  -0.0002     -0.887 0.000   0 -99.00  133.8           1E+30           2E+30   143 359.9991  -0.0002     -0.887 0.070 149 -99.00    0.005
2018-05-16-15:22:17 1.15  Mocks_Mamon/MockNFW40ellip0.5loga-2.08PA50center0.0_0.0With_background1num77.dat Nelder-Mead  1.0e-04 0 0 0 0     NFW      359.9997  -0.0004     -0.901 0.000   0 -99.00  121.5           1E+30           2E+30   143 359.9997  -0.0004     -0.901 0.102  33 -99.00    0.005
2018-05-16-15:22:17 1.15  Mocks_Mamon/MockNFW40ellip0.5loga-2.08PA50center0.0_0.0With_background1num78.dat Nelder-Mead  1.0e-04 0 0 0 0     NFW        0.0072  -0.0010     -0.970 0.000   0 -99.00  130.8        -604.727       -1203.973   243   0.0072  -0.0010     -0.946 0.054 140 -99.00    0.050
2018-05-16-15:22:17 1.15  Mocks_Mamon/MockNFW40ellip0.5loga-2.08PA50center0.0_0.0With_background1num79.dat Nelder-Mead  1.0e-04 0 0 0 0     NFW      359.9994  -0.0005     -0.984 0.000   0 -99.00  106.2       -483.9594       -962.4465   243 359.9994  -0.0005     -0.949 0.086 156 -99.00    0.049
2018-05-16-15:22:17 1.15  Mocks_Mamon/MockNFW40ellip0.5loga-2.08PA50center0.0_0.0With_background1num80.dat Nelder-Mead  1.0e-04 0 0 0 0     NFW      360.0000  -0.0000     -0.977 0.000   0 -99.00  116.6       -529.8614       -1054.242   243 360.0000  -0.0000     -0.942 0.115  14 -99.00    0.052
2018-05-16-15:22:17 1.15  Mocks_Mamon/MockNFW40ellip0.5loga-2.08PA50center0.0_0.0With_background1num81.dat Nelder-Mead  1.0e-04 0 0 0 0     NFW        0.0000  -0.0003     -0.971 0.000   0 -99.00  111.9       -490.1327       -974.7932   243   0.0000  -0.0003     -0.925 0.094  33 -99.00    0.046
2018-05-16-15:22:17 1.15  Mocks_Mamon/MockNFW40ellip0.5loga-2.08PA50center0.0_0.0With_background1num82.dat Nelder-Mead  1.0e-04 0 0 0 0     NFW        0.0001   0.0002     -0.972 0.000   0 -99.00  114.7       -523.6203        -1041.76   243   0.0001   0.0002     -0.929 0.059  33 -99.00    0.049
2018-05-16-15:22:17 1.15  Mocks_Mamon/MockNFW40ellip0.5loga-2.08PA50center0.0_0.0With_background1num83.dat Nelder-Mead  1.0e-04 0 0 0 0     NFW        0.0014  -0.0001     -0.972 0.000   0 -99.00  108.6       -481.5582       -957.6483   243   0.0014  -0.0001     -0.931 0.049 150 -99.00    0.050
2018-05-16-15:22:17 1.15  Mocks_Mamon/MockNFW40ellip0.5loga-2.08PA50center0.0_0.0With_background1num84.dat Nelder-Mead  1.0e-04 0 0 0 0     NFW      359.9999   0.0001     -0.976 0.000   0 -99.00  106.4       -488.4264       -971.3764   243 359.9999   0.0001     -0.953 0.085  28 -99.00    0.051
2018-05-16-15:22:17 1.15  Mocks_Mamon/MockNFW40ellip0.5loga-2.08PA50center0.0_0.0With_background1num85.dat Nelder-Mead  1.0e-04 0 0 0 0     NFW        0.0004  -0.0020     -0.913 0.000   0 -99.00  122.4           1E+30           2E+30   143   0.0004  -0.0020     -0.913 0.069 142 -99.00    0.005
2018-05-16-15:22:17 1.15  Mocks_Mamon/MockNFW40ellip0.5loga-2.08PA50center0.0_0.0With_background1num86.dat Nelder-Mead  1.0e-04 0 0 0 0     NFW      359.9943   0.0000     -0.976 0.000   0 -99.00  122.3       -580.1146       -1154.753   243 359.9943   0.0000     -0.930 0.074  14 -99.00    0.052
2018-05-16-15:22:17 1.15  Mocks_Mamon/MockNFW40ellip0.5loga-2.08PA50center0.0_0.0With_background1num87.dat Nelder-Mead  1.0e-04 0 0 0 0     NFW        0.0004  -0.0027     -0.920 0.000   0 -99.00  137.1           1E+30           2E+30   143   0.0004  -0.0027     -0.920 0.065  20 -99.00    0.005
2018-05-16-15:22:17 1.15  Mocks_Mamon/MockNFW40ellip0.5loga-2.08PA50center0.0_0.0With_background1num88.dat Nelder-Mead  1.0e-04 0 0 0 0     NFW      359.9980  -0.0002     -0.984 0.000   0 -99.00  110.2       -513.9786       -1022.485   243 359.9980  -0.0002     -0.960 0.127 157 -99.00    0.051
2018-05-16-15:22:17 1.15  Mocks_Mamon/MockNFW40ellip0.5loga-2.08PA50center0.0_0.0With_background1num89.dat Nelder-Mead  1.0e-04 0 0 0 0     NFW        0.0000   0.0040     -0.977 0.000   0 -99.00  121.2       -570.3995       -1135.314   243   0.0000   0.0040     -0.931 0.039 137 -99.00    0.052
2018-05-16-15:22:17 1.15  Mocks_Mamon/MockNFW40ellip0.5loga-2.08PA50center0.0_0.0With_background1num90.dat Nelder-Mead  1.0e-04 0 0 0 0     NFW        0.0001  -0.0041     -0.980 0.000   0 -99.00  125.5       -602.0773       -1198.682   243   0.0001  -0.0041     -0.933 0.079 156 -99.00    0.048
2018-05-16-15:22:17 1.15  Mocks_Mamon/MockNFW40ellip0.5loga-2.08PA50center0.0_0.0With_background1num91.dat Nelder-Mead  1.0e-04 0 0 0 0     NFW        0.0007  -0.0024     -0.973 0.000   0 -99.00  115.5        -527.112       -1048.748   243   0.0007  -0.0024     -0.949 0.140 164 -99.00    0.049
2018-05-16-15:22:17 1.15  Mocks_Mamon/MockNFW40ellip0.5loga-2.08PA50center0.0_0.0With_background1num92.dat Nelder-Mead  1.0e-04 0 0 0 0     NFW      359.9988  -0.0002     -0.971 0.000   0 -99.00  115.5       -507.8881       -1010.312   243 359.9988  -0.0002     -0.926 0.043  29 -99.00    0.048
2018-05-16-15:22:17 1.15  Mocks_Mamon/MockNFW40ellip0.5loga-2.08PA50center0.0_0.0With_background1num93.dat Nelder-Mead  1.0e-04 0 0 0 0     NFW      359.9930  -0.0028     -0.955 0.000   0 -99.00  140.0       -626.3317       -1247.183   243 359.9930  -0.0028     -0.955 0.021   8 -99.00    0.050
2018-05-16-15:22:17 1.15  Mocks_Mamon/MockNFW40ellip0.5loga-2.08PA50center0.0_0.0With_background1num94.dat Nelder-Mead  1.0e-04 0 0 0 0     NFW      359.9989   0.0006     -0.976 0.000   0 -99.00  109.7       -502.0546       -998.6369   243 359.9989   0.0006     -0.953 0.068 169 -99.00    0.050
2018-05-16-15:22:17 1.15  Mocks_Mamon/MockNFW40ellip0.5loga-2.08PA50center0.0_0.0With_background1num95.dat Nelder-Mead  1.0e-04 0 0 0 0     NFW        0.0044   0.0000     -1.024 0.000   0 -99.00  110.4       -597.0915       -1188.702   243   0.0044   0.0000     -0.975 0.142  26 -99.00    0.053
2018-05-16-15:22:17 1.15  Mocks_Mamon/MockNFW40ellip0.5loga-2.08PA50center0.0_0.0With_background1num96.dat Nelder-Mead  1.0e-04 0 0 0 0     NFW        0.0017   0.0002     -0.986 0.000   0 -99.00  114.2       -535.2688       -1065.057   243   0.0017   0.0002     -0.962 0.068  42 -99.00    0.051
2018-05-16-15:22:17 1.15  Mocks_Mamon/MockNFW40ellip0.5loga-2.08PA50center0.0_0.0With_background1num97.dat Nelder-Mead  1.0e-04 0 0 0 0     NFW        0.0037  -0.0003     -0.988 0.000   0 -99.00  116.2       -569.3496       -1133.223   243   0.0037  -0.0003     -0.941 0.105  12 -99.00    0.050
2018-05-16-15:22:17 1.15  Mocks_Mamon/MockNFW40ellip0.5loga-2.08PA50center0.0_0.0With_background1num98.dat Nelder-Mead  1.0e-04 0 0 0 0     NFW      359.9991  -0.0003     -0.979 0.000   0 -99.00  111.0       -507.2273        -1008.97   243 359.9991  -0.0003     -0.938 0.075  14 -99.00    0.049
2018-05-16-15:22:17 1.15  Mocks_Mamon/MockNFW40ellip0.5loga-2.08PA50center0.0_0.0With_background1num99.dat Nelder-Mead  1.0e-04 0 0 0 0     NFW        0.0001   0.0005     -0.987 0.000   0 -99.00  110.8       -524.4088       -1043.345   243   0.0001   0.0005     -0.963 0.183 162 -99.00    0.050
