2018-05-16-15:20:05 1.15  Mocks_Mamon/MockNFW640ellip0.5loga-2.08PA50center0.0_0.0With_background1num0.dat Diff-Evol    1.0e-04 0 0 0 0     NFW        0.0000   0.0000     -2.502 0.000   0 -99.00   31.1       -1958.638       -3910.597   478   0.0000   0.0000     -1.639 0.094  40 -99.00    0.339
2018-05-16-15:20:05 1.15  Mocks_Mamon/MockNFW640ellip0.5loga-2.08PA50center0.0_0.0With_background1num1.dat Diff-Evol    1.0e-04 0 0 0 0     NFW        0.0001  -0.0000     -2.519 0.000   0 -99.00   33.5       -2109.904       -4213.115   478   0.0001  -0.0000     -1.671 0.169  43 -99.00    0.345
2018-05-16-15:20:05 1.15  Mocks_Mamon/MockNFW640ellip0.5loga-2.08PA50center0.0_0.0With_background1num2.dat Diff-Evol    1.0e-04 0 0 0 0     NFW        0.0000   0.0000     -2.527 0.000   0 -99.00   32.2       -2015.253       -4023.819   402   0.0000   0.0000     -1.667 0.141  42 -99.00    0.289
2018-05-16-15:20:05 1.15  Mocks_Mamon/MockNFW640ellip0.5loga-2.08PA50center0.0_0.0With_background1num3.dat Diff-Evol    1.0e-04 0 0 0 0     NFW        0.0000  -0.0000     -2.574 0.000   0 -99.00   28.7       -1918.426       -3830.171   464   0.0000  -0.0000     -1.792 0.080  23 -99.00    0.330
2018-05-16-15:20:05 1.15  Mocks_Mamon/MockNFW640ellip0.5loga-2.08PA50center0.0_0.0With_background1num4.dat Diff-Evol    1.0e-04 0 0 0 0     NFW        0.0001   0.0001     -2.477 0.000   0 -99.00   33.2       -2029.776       -4052.858   388   0.0001   0.0001     -1.690 0.154  38 -99.00    0.278
2018-05-16-15:20:05 1.15  Mocks_Mamon/MockNFW640ellip0.5loga-2.08PA50center0.0_0.0With_background1num5.dat Diff-Evol    1.0e-04 0 0 0 0     NFW      360.0000   0.0000     -2.529 0.000   0 -99.00   31.8       -1996.036       -3985.374   388 360.0000   0.0000     -1.688 0.154  36 -99.00    0.276
2018-05-16-15:20:05 1.15  Mocks_Mamon/MockNFW640ellip0.5loga-2.08PA50center0.0_0.0With_background1num6.dat Diff-Evol    1.0e-04 0 0 0 0     NFW        0.0000   0.0000     -2.401 0.000   0 -99.00   34.8       -1958.118       -3909.544   298   0.0000   0.0000     -1.684 0.154  33 -99.00    0.211
2018-05-16-15:20:05 1.15  Mocks_Mamon/MockNFW640ellip0.5loga-2.08PA50center0.0_0.0With_background1num7.dat Diff-Evol    1.0e-04 0 0 0 0     NFW        0.0000   0.0000     -2.574 0.000   0 -99.00   30.3       -2049.862       -4093.034   554   0.0000   0.0000     -1.722 0.090  43 -99.00    0.402
2018-05-16-15:20:05 1.15  Mocks_Mamon/MockNFW640ellip0.5loga-2.08PA50center0.0_0.0With_background1num8.dat Diff-Evol    1.0e-04 0 0 0 0     NFW      360.0000   0.0001     -2.485 0.000   0 -99.00   33.5       -2052.428        -4098.17   388 360.0000   0.0001     -1.619 0.188 140 -99.00    0.279
2018-05-16-15:20:05 1.15  Mocks_Mamon/MockNFW640ellip0.5loga-2.08PA50center0.0_0.0With_background1num9.dat Diff-Evol    1.0e-04 0 0 0 0     NFW      360.0000  -0.0001     -2.502 0.000   0 -99.00   35.6       -2213.727       -4420.757   478 360.0000  -0.0001     -1.645 0.128  44 -99.00    0.368
2018-05-16-15:20:05 1.15  Mocks_Mamon/MockNFW640ellip0.5loga-2.08PA50center0.0_0.0With_background1num10.dat Diff-Evol    1.0e-04 0 0 0 0     NFW        0.0001  -0.0000     -2.554 0.000   0 -99.00   30.7       -1997.883       -3989.078   388   0.0001  -0.0000     -1.695 0.110 142 -99.00    0.277
2018-05-16-15:20:05 1.15  Mocks_Mamon/MockNFW640ellip0.5loga-2.08PA50center0.0_0.0With_background1num11.dat Diff-Evol    1.0e-04 0 0 0 0     NFW      360.0000   0.0000     -2.553 0.000   0 -99.00   30.7       -1994.433       -3982.177   381 360.0000   0.0000     -1.782 0.131  42 -99.00    0.272
2018-05-16-15:20:05 1.15  Mocks_Mamon/MockNFW640ellip0.5loga-2.08PA50center0.0_0.0With_background1num12.dat Diff-Evol    1.0e-04 0 0 0 0     NFW      360.0000  -0.0000     -2.575 0.000   0 -99.00   29.6       -2025.112       -4043.528   464 360.0000  -0.0000     -1.709 0.032 157 -99.00    0.332
2018-05-16-15:20:05 1.15  Mocks_Mamon/MockNFW640ellip0.5loga-2.08PA50center0.0_0.0With_background1num13.dat Diff-Evol    1.0e-04 0 0 0 0     NFW        0.0001   0.0000     -2.575 0.000   0 -99.00   30.0       -1997.363       -3988.033   374   0.0001   0.0000     -1.757 0.069 148 -99.00    0.268
2018-05-16-15:20:05 1.15  Mocks_Mamon/MockNFW640ellip0.5loga-2.08PA50center0.0_0.0With_background1num14.dat Diff-Evol    1.0e-04 0 0 0 0     NFW        0.0001   0.0001     -2.575 0.000   0 -99.00   30.0       -2038.225       -4069.767   464   0.0001   0.0001     -1.781 0.090  43 -99.00    0.333
2018-05-16-15:20:05 1.15  Mocks_Mamon/MockNFW640ellip0.5loga-2.08PA50center0.0_0.0With_background1num15.dat Diff-Evol    1.0e-04 0 0 0 0     NFW      359.9999   0.0001     -2.502 0.000   0 -99.00   34.1       -2133.282       -4259.875   381 359.9999   0.0001     -1.697 0.020 161 -99.00    0.275
2018-05-16-15:20:05 1.15  Mocks_Mamon/MockNFW640ellip0.5loga-2.08PA50center0.0_0.0With_background1num16.dat Diff-Evol    1.0e-04 0 0 0 0     NFW        0.0000  -0.0001     -2.486 0.000   0 -99.00   34.4       -2108.012       -4209.343   402   0.0000  -0.0001     -1.672 0.120  24 -99.00    0.289
2018-05-16-15:20:05 1.15  Mocks_Mamon/MockNFW640ellip0.5loga-2.08PA50center0.0_0.0With_background1num17.dat Diff-Evol    1.0e-04 0 0 0 0     NFW        0.0000  -0.0001     -2.566 0.000   0 -99.00   30.7       -2018.297       -4029.909   388   0.0000  -0.0001     -1.706 0.108 160 -99.00    0.277
2018-05-16-15:20:05 1.15  Mocks_Mamon/MockNFW640ellip0.5loga-2.08PA50center0.0_0.0With_background1num18.dat Diff-Evol    1.0e-04 0 0 0 0     NFW      360.0000  -0.0000     -2.575 0.000   0 -99.00   30.3       -2002.306       -3997.919   374 360.0000  -0.0000     -1.743 0.185  29 -99.00    0.268
2018-05-16-15:20:05 1.15  Mocks_Mamon/MockNFW640ellip0.5loga-2.08PA50center0.0_0.0With_background1num19.dat Diff-Evol    1.0e-04 0 0 0 0     NFW      360.0000  -0.0000     -2.390 0.000   0 -99.00   34.5        -1927.68       -3848.675   305 360.0000  -0.0000     -1.637 0.069  37 -99.00    0.216
2018-05-16-15:20:05 1.15  Mocks_Mamon/MockNFW640ellip0.5loga-2.08PA50center0.0_0.0With_background1num20.dat Diff-Evol    1.0e-04 0 0 0 0     NFW        0.0000   0.0000     -2.467 0.000   0 -99.00   31.9       -1925.229       -3843.775   381   0.0000   0.0000     -1.761 0.094  28 -99.00    0.269
2018-05-16-15:20:05 1.15  Mocks_Mamon/MockNFW640ellip0.5loga-2.08PA50center0.0_0.0With_background1num21.dat Diff-Evol    1.0e-04 0 0 0 0     NFW      359.9999  -0.0001     -2.462 0.000   0 -99.00   34.3        -2037.13       -4067.574   395 359.9999  -0.0001     -1.657 0.117 141 -99.00    0.283
2018-05-16-15:20:05 1.15  Mocks_Mamon/MockNFW640ellip0.5loga-2.08PA50center0.0_0.0With_background1num22.dat Diff-Evol    1.0e-04 0 0 0 0     NFW        0.0001   0.0001     -2.485 0.000   0 -99.00   31.5       -1920.665       -3834.638   478   0.0001   0.0001     -1.714 0.147  31 -99.00    0.343
2018-05-16-15:20:05 1.15  Mocks_Mamon/MockNFW640ellip0.5loga-2.08PA50center0.0_0.0With_background1num23.dat Diff-Evol    1.0e-04 0 0 0 0     NFW      359.9999  -0.0002     -2.575 0.000   0 -99.00   31.7       -2167.188       -4327.693   644 359.9999  -0.0002     -1.716 0.161  39 -99.00    0.469
2018-05-16-15:20:05 1.15  Mocks_Mamon/MockNFW640ellip0.5loga-2.08PA50center0.0_0.0With_background1num24.dat Diff-Evol    1.0e-04 0 0 0 0     NFW      359.9999   0.0000     -2.502 0.000   0 -99.00   30.9       -1931.035       -3855.384   388 359.9999   0.0000     -1.756 0.148  34 -99.00    0.276
2018-05-16-15:20:05 1.15  Mocks_Mamon/MockNFW640ellip0.5loga-2.08PA50center0.0_0.0With_background1num25.dat Diff-Evol    1.0e-04 0 0 0 0     NFW        0.0000  -0.0001     -2.418 0.000   0 -99.00   34.0       -1929.201       -3851.725   395   0.0000  -0.0001     -1.718 0.139  43 -99.00    0.282
2018-05-16-15:20:05 1.15  Mocks_Mamon/MockNFW640ellip0.5loga-2.08PA50center0.0_0.0With_background1num26.dat Diff-Evol    1.0e-04 0 0 0 0     NFW        0.0000   0.0000     -2.574 0.000   0 -99.00   29.6       -1978.028       -3949.363   374   0.0000   0.0000     -1.797 0.078 139 -99.00    0.268
2018-05-16-15:20:05 1.15  Mocks_Mamon/MockNFW640ellip0.5loga-2.08PA50center0.0_0.0With_background1num27.dat Diff-Evol    1.0e-04 0 0 0 0     NFW        0.0000  -0.0000     -2.574 0.000   0 -99.00   32.1       -2125.738       -4244.786   374   0.0000  -0.0000     -1.738 0.093 135 -99.00    0.271
2018-05-16-15:20:05 1.15  Mocks_Mamon/MockNFW640ellip0.5loga-2.08PA50center0.0_0.0With_background1num28.dat Diff-Evol    1.0e-04 0 0 0 0     NFW      360.0000  -0.0000     -2.547 0.000   0 -99.00   30.3       -1955.947       -3905.207   381 360.0000  -0.0000     -1.653 0.169  32 -99.00    0.271
2018-05-16-15:20:05 1.15  Mocks_Mamon/MockNFW640ellip0.5loga-2.08PA50center0.0_0.0With_background1num29.dat Diff-Evol    1.0e-04 0 0 0 0     NFW      360.0000  -0.0000     -2.575 0.000   0 -99.00   31.0       -2075.737       -4144.771   464 360.0000  -0.0000     -1.671 0.154  27 -99.00    0.336
2018-05-16-15:20:05 1.15  Mocks_Mamon/MockNFW640ellip0.5loga-2.08PA50center0.0_0.0With_background1num30.dat Diff-Evol    1.0e-04 0 0 0 0     NFW      360.0000  -0.0000     -2.549 0.000   0 -99.00   31.0       -2016.906       -4027.121   568 360.0000  -0.0000     -1.719 0.026 137 -99.00    0.409
2018-05-16-15:20:05 1.15  Mocks_Mamon/MockNFW640ellip0.5loga-2.08PA50center0.0_0.0With_background1num31.dat Diff-Evol    1.0e-04 0 0 0 0     NFW        0.0000   0.0000     -2.527 0.000   0 -99.00   31.5        -1994.42       -3982.149   388   0.0000   0.0000     -1.708 0.071 158 -99.00    0.277
2018-05-16-15:20:05 1.15  Mocks_Mamon/MockNFW640ellip0.5loga-2.08PA50center0.0_0.0With_background1num32.dat Diff-Evol    1.0e-04 0 0 0 0     NFW        0.0000   0.0000     -2.552 0.000   0 -99.00   31.8       -2094.347       -4181.998   388   0.0000   0.0000     -1.739 0.190  44 -99.00    0.279
2018-05-16-15:20:05 1.15  Mocks_Mamon/MockNFW640ellip0.5loga-2.08PA50center0.0_0.0With_background1num33.dat Diff-Evol    1.0e-04 0 0 0 0     NFW      360.0000  -0.0000     -2.564 0.000   0 -99.00   29.4        -1932.36       -3858.025   409 360.0000  -0.0000     -1.801 0.201 141 -99.00    0.289
2018-05-16-15:20:05 1.15  Mocks_Mamon/MockNFW640ellip0.5loga-2.08PA50center0.0_0.0With_background1num34.dat Diff-Evol    1.0e-04 0 0 0 0     NFW        0.0001   0.0001     -2.488 0.000   0 -99.00   33.6       -2049.652       -4092.616   492   0.0001   0.0001     -1.699 0.151 146 -99.00    0.354
2018-05-16-15:20:05 1.15  Mocks_Mamon/MockNFW640ellip0.5loga-2.08PA50center0.0_0.0With_background1num35.dat Diff-Evol    1.0e-04 0 0 0 0     NFW        0.0000   0.0001     -2.293 0.000   0 -99.00   37.8       -1891.603       -3776.524   347   0.0000   0.0001     -1.664 0.227  25 -99.00    0.244
2018-05-16-15:20:05 1.15  Mocks_Mamon/MockNFW640ellip0.5loga-2.08PA50center0.0_0.0With_background1num36.dat Diff-Evol    1.0e-04 0 0 0 0     NFW        0.0000  -0.0000     -2.540 0.000   0 -99.00   31.0       -2001.643       -3996.607   388   0.0000  -0.0000     -1.731 0.068  45 -99.00    0.276
2018-05-16-15:20:05 1.15  Mocks_Mamon/MockNFW640ellip0.5loga-2.08PA50center0.0_0.0With_background1num37.dat Diff-Evol    1.0e-04 0 0 0 0     NFW      359.9999   0.0000     -2.497 0.000   0 -99.00   32.1       -1970.137       -3933.586   437 359.9999   0.0000     -1.754 0.141  43 -99.00    0.318
2018-05-16-15:20:05 1.15  Mocks_Mamon/MockNFW640ellip0.5loga-2.08PA50center0.0_0.0With_background1num38.dat Diff-Evol    1.0e-04 0 0 0 0     NFW        0.0001  -0.0000     -2.438 0.000   0 -99.00   33.4       -1970.165       -3933.636   395   0.0001  -0.0000     -1.699 0.208  35 -99.00    0.283
2018-05-16-15:20:05 1.15  Mocks_Mamon/MockNFW640ellip0.5loga-2.08PA50center0.0_0.0With_background1num39.dat Diff-Evol    1.0e-04 0 0 0 0     NFW      360.0000   0.0000     -2.434 0.000   0 -99.00   35.7         -2079.4        -4152.11   409 360.0000   0.0000     -1.631 0.170  26 -99.00    0.293
2018-05-16-15:20:05 1.15  Mocks_Mamon/MockNFW640ellip0.5loga-2.08PA50center0.0_0.0With_background1num40.dat Diff-Evol    1.0e-04 0 0 0 0     NFW        0.0000  -0.0001     -2.550 0.000   0 -99.00   33.0       -2164.511       -4322.338   423   0.0000  -0.0001     -1.646 0.172  32 -99.00    0.304
2018-05-16-15:20:05 1.15  Mocks_Mamon/MockNFW640ellip0.5loga-2.08PA50center0.0_0.0With_background1num41.dat Diff-Evol    1.0e-04 0 0 0 0     NFW      360.0000  -0.0000     -2.547 0.000   0 -99.00   31.6       -2085.082       -4163.476   381 360.0000  -0.0000     -1.745 0.141  41 -99.00    0.273
2018-05-16-15:20:05 1.15  Mocks_Mamon/MockNFW640ellip0.5loga-2.08PA50center0.0_0.0With_background1num42.dat Diff-Evol    1.0e-04 0 0 0 0     NFW      360.0000  -0.0002     -2.570 0.000   0 -99.00   32.1       -2122.066       -4237.447   485 360.0000  -0.0002     -1.749 0.116 135 -99.00    0.350
2018-05-16-15:20:05 1.15  Mocks_Mamon/MockNFW640ellip0.5loga-2.08PA50center0.0_0.0With_background1num43.dat Diff-Evol    1.0e-04 0 0 0 0     NFW      360.0000   0.0000     -2.497 0.000   0 -99.00   32.9       -2036.423       -4066.163   478 360.0000   0.0000     -1.671 0.192  42 -99.00    0.342
2018-05-16-15:20:05 1.15  Mocks_Mamon/MockNFW640ellip0.5loga-2.08PA50center0.0_0.0With_background1num44.dat Diff-Evol    1.0e-04 0 0 0 0     NFW        0.0001  -0.0000     -2.539 0.000   0 -99.00   29.7        -1923.24       -3839.799   388   0.0001  -0.0000     -1.737 0.143  40 -99.00    0.275
2018-05-16-15:20:05 1.15  Mocks_Mamon/MockNFW640ellip0.5loga-2.08PA50center0.0_0.0With_background1num45.dat Diff-Evol    1.0e-04 0 0 0 0     NFW        0.0000   0.0000     -2.558 0.000   0 -99.00   31.4       -2042.519       -4078.351   520   0.0000   0.0000     -1.727 0.200 148 -99.00    0.372
2018-05-16-15:20:05 1.15  Mocks_Mamon/MockNFW640ellip0.5loga-2.08PA50center0.0_0.0With_background1num46.dat Diff-Evol    1.0e-04 0 0 0 0     NFW      359.9999  -0.0000     -2.445 0.000   0 -99.00   34.6       -2053.476       -4100.255   561 359.9999  -0.0000     -1.697 0.185  28 -99.00    0.406
2018-05-16-15:20:05 1.15  Mocks_Mamon/MockNFW640ellip0.5loga-2.08PA50center0.0_0.0With_background1num47.dat Diff-Evol    1.0e-04 0 0 0 0     NFW      360.0000   0.0000     -2.574 0.000   0 -99.00   30.0       -2026.214       -4045.748   464 360.0000   0.0000     -1.814 0.127 144 -99.00    0.334
2018-05-16-15:20:05 1.15  Mocks_Mamon/MockNFW640ellip0.5loga-2.08PA50center0.0_0.0With_background1num48.dat Diff-Evol    1.0e-04 0 0 0 0     NFW      360.0000   0.0000     -2.370 0.000   0 -99.00   36.0       -1952.846        -3899.01   485 360.0000   0.0000     -1.754 0.192  37 -99.00    0.346
2018-05-16-15:20:05 1.15  Mocks_Mamon/MockNFW640ellip0.5loga-2.08PA50center0.0_0.0With_background1num49.dat Diff-Evol    1.0e-04 0 0 0 0     NFW        0.0000  -0.0000     -2.577 0.000   0 -99.00   29.3       -1955.329       -3903.981   464   0.0000  -0.0000     -1.805 0.201  22 -99.00    0.333
2018-05-16-15:20:05 1.15  Mocks_Mamon/MockNFW640ellip0.5loga-2.08PA50center0.0_0.0With_background1num50.dat Diff-Evol    1.0e-04 0 0 0 0     NFW      360.0000   0.0000     -2.575 0.000   0 -99.00   30.4       -2016.222       -4025.763   374 360.0000   0.0000     -1.769 0.155 138 -99.00    0.269
2018-05-16-15:20:05 1.15  Mocks_Mamon/MockNFW640ellip0.5loga-2.08PA50center0.0_0.0With_background1num51.dat Diff-Evol    1.0e-04 0 0 0 0     NFW        0.0001   0.0001     -2.575 0.000   0 -99.00   28.3       -1905.437        -3804.18   464   0.0001   0.0001     -1.786 0.101 144 -99.00    0.332
2018-05-16-15:20:05 1.15  Mocks_Mamon/MockNFW640ellip0.5loga-2.08PA50center0.0_0.0With_background1num52.dat Diff-Evol    1.0e-04 0 0 0 0     NFW        0.0000   0.0000     -2.488 0.000   0 -99.00   32.5       -1974.356        -3942.02   471   0.0000   0.0000     -1.714 0.011  40 -99.00    0.339
2018-05-16-15:20:05 1.15  Mocks_Mamon/MockNFW640ellip0.5loga-2.08PA50center0.0_0.0With_background1num53.dat Diff-Evol    1.0e-04 0 0 0 0     NFW        0.0000   0.0000     -2.575 0.000   0 -99.00   31.8       -2135.599       -4264.499   464   0.0000   0.0000     -1.691 0.171  25 -99.00    0.337
2018-05-16-15:20:05 1.15  Mocks_Mamon/MockNFW640ellip0.5loga-2.08PA50center0.0_0.0With_background1num54.dat Diff-Evol    1.0e-04 0 0 0 0     NFW      360.0000  -0.0001     -2.375 0.000   0 -99.00   36.6        -2001.48       -3996.272   305 360.0000  -0.0001     -1.634 0.126 139 -99.00    0.218
2018-05-16-15:20:05 1.15  Mocks_Mamon/MockNFW640ellip0.5loga-2.08PA50center0.0_0.0With_background1num55.dat Diff-Evol    1.0e-04 0 0 0 0     NFW        0.0000  -0.0000     -2.472 0.000   0 -99.00   32.2       -1954.219       -3901.748   388   0.0000  -0.0000     -1.687 0.161  28 -99.00    0.276
2018-05-16-15:20:05 1.15  Mocks_Mamon/MockNFW640ellip0.5loga-2.08PA50center0.0_0.0With_background1num56.dat Diff-Evol    1.0e-04 0 0 0 0     NFW        0.0000  -0.0000     -2.379 0.000   0 -99.00   35.0       -1938.446       -3870.214   305   0.0000  -0.0000     -1.625 0.144  32 -99.00    0.223
2018-05-16-15:20:05 1.15  Mocks_Mamon/MockNFW640ellip0.5loga-2.08PA50center0.0_0.0With_background1num57.dat Diff-Evol    1.0e-04 0 0 0 0     NFW        0.0001  -0.0000     -2.575 0.000   0 -99.00   30.0        -1996.73       -3986.778   464   0.0001  -0.0000     -1.763 0.211  43 -99.00    0.332
2018-05-16-15:20:05 1.15  Mocks_Mamon/MockNFW640ellip0.5loga-2.08PA50center0.0_0.0With_background1num58.dat Diff-Evol    1.0e-04 0 0 0 0     NFW      360.0000  -0.0000     -2.575 0.000   0 -99.00   30.2       -2002.584       -3998.482   464 360.0000  -0.0000     -1.701 0.141  42 -99.00    0.334
2018-05-16-15:20:05 1.15  Mocks_Mamon/MockNFW640ellip0.5loga-2.08PA50center0.0_0.0With_background1num59.dat Diff-Evol    1.0e-04 0 0 0 0     NFW      359.9999   0.0000     -2.329 0.000   0 -99.00   38.1       -1969.842       -3933.018   409 359.9999   0.0000     -1.634 0.147 144 -99.00    0.292
2018-05-16-15:20:05 1.15  Mocks_Mamon/MockNFW640ellip0.5loga-2.08PA50center0.0_0.0With_background1num60.dat Diff-Evol    1.0e-04 0 0 0 0     NFW        0.0000   0.0000     -2.574 0.000   0 -99.00   29.0       -1950.216        -3893.75   464   0.0000   0.0000     -1.796 0.091  34 -99.00    0.332
2018-05-16-15:20:05 1.15  Mocks_Mamon/MockNFW640ellip0.5loga-2.08PA50center0.0_0.0With_background1num61.dat Diff-Evol    1.0e-04 0 0 0 0     NFW        0.0001   0.0000     -2.576 0.000   0 -99.00   29.4       -1967.505       -3928.326   374   0.0001   0.0000     -1.759 0.105  38 -99.00    0.268
2018-05-16-15:20:05 1.15  Mocks_Mamon/MockNFW640ellip0.5loga-2.08PA50center0.0_0.0With_background1num62.dat Diff-Evol    1.0e-04 0 0 0 0     NFW        0.0000  -0.0000     -2.574 0.000   0 -99.00   31.0       -2067.071        -4127.45   374   0.0000  -0.0000     -1.664 0.082  42 -99.00    0.269
2018-05-16-15:20:05 1.15  Mocks_Mamon/MockNFW640ellip0.5loga-2.08PA50center0.0_0.0With_background1num63.dat Diff-Evol    1.0e-04 0 0 0 0     NFW        0.0000   0.0000     -2.568 0.000   0 -99.00   31.5       -2084.177       -4161.661   471   0.0000   0.0000     -1.722 0.134  44 -99.00    0.338
2018-05-16-15:20:05 1.15  Mocks_Mamon/MockNFW640ellip0.5loga-2.08PA50center0.0_0.0With_background1num64.dat Diff-Evol    1.0e-04 0 0 0 0     NFW        0.0000   0.0000     -2.576 0.000   0 -99.00   30.6       -2044.891       -4083.084   374   0.0000   0.0000     -1.736 0.153  27 -99.00    0.269
2018-05-16-15:20:05 1.15  Mocks_Mamon/MockNFW640ellip0.5loga-2.08PA50center0.0_0.0With_background1num65.dat Diff-Evol    1.0e-04 0 0 0 0     NFW      360.0000  -0.0000     -2.575 0.000   0 -99.00   31.5       -2087.071       -4167.462   464 360.0000  -0.0000     -1.708 0.098  11 -99.00    0.335
2018-05-16-15:20:05 1.15  Mocks_Mamon/MockNFW640ellip0.5loga-2.08PA50center0.0_0.0With_background1num66.dat Diff-Evol    1.0e-04 0 0 0 0     NFW      360.0000  -0.0000     -2.467 0.000   0 -99.00   33.9       -2022.942       -4039.204   499 360.0000  -0.0000     -1.615 0.179  40 -99.00    0.357
2018-05-16-15:20:05 1.15  Mocks_Mamon/MockNFW640ellip0.5loga-2.08PA50center0.0_0.0With_background1num67.dat Diff-Evol    1.0e-04 0 0 0 0     NFW      360.0000  -0.0000     -2.576 0.000   0 -99.00   27.2       -1812.414       -3618.139   464 360.0000  -0.0000     -1.856 0.159  23 -99.00    0.330
2018-05-16-15:20:05 1.15  Mocks_Mamon/MockNFW640ellip0.5loga-2.08PA50center0.0_0.0With_background1num68.dat Diff-Evol    1.0e-04 0 0 0 0     NFW      360.0000  -0.0000     -2.323 0.000   0 -99.00   38.0       -1964.553       -3922.418   305 360.0000  -0.0000     -1.695 0.162 138 -99.00    0.218
2018-05-16-15:20:05 1.15  Mocks_Mamon/MockNFW640ellip0.5loga-2.08PA50center0.0_0.0With_background1num69.dat Diff-Evol    1.0e-04 0 0 0 0     NFW        0.0000   0.0001     -2.500 0.000   0 -99.00   30.9       -1910.702       -3814.721   381   0.0000   0.0001     -1.749 0.147  25 -99.00    0.271
2018-05-16-15:20:05 1.15  Mocks_Mamon/MockNFW640ellip0.5loga-2.08PA50center0.0_0.0With_background1num70.dat Diff-Evol    1.0e-04 0 0 0 0     NFW      360.0000   0.0000     -2.575 0.000   0 -99.00   30.8       -2045.429       -4084.182   464 360.0000   0.0000     -1.704 0.139 140 -99.00    0.335
2018-05-16-15:20:05 1.15  Mocks_Mamon/MockNFW640ellip0.5loga-2.08PA50center0.0_0.0With_background1num71.dat Diff-Evol    1.0e-04 0 0 0 0     NFW        0.0000   0.0000     -2.575 0.000   0 -99.00   31.1        -2070.41       -4134.135   374   0.0000   0.0000     -1.660 0.121 139 -99.00    0.269
2018-05-16-15:20:05 1.15  Mocks_Mamon/MockNFW640ellip0.5loga-2.08PA50center0.0_0.0With_background1num72.dat Diff-Evol    1.0e-04 0 0 0 0     NFW        0.0001   0.0000     -2.575 0.000   0 -99.00   30.4        -2055.85       -4105.005   464   0.0001   0.0000     -1.816 0.127 136 -99.00    0.332
2018-05-16-15:20:05 1.15  Mocks_Mamon/MockNFW640ellip0.5loga-2.08PA50center0.0_0.0With_background1num73.dat Diff-Evol    1.0e-04 0 0 0 0     NFW      360.0000   0.0000     -2.340 0.000   0 -99.00   37.0       -1968.821       -3930.963   291 360.0000   0.0000     -1.636 0.032  31 -99.00    0.207
2018-05-16-15:20:05 1.15  Mocks_Mamon/MockNFW640ellip0.5loga-2.08PA50center0.0_0.0With_background1num74.dat Diff-Evol    1.0e-04 0 0 0 0     NFW        0.0000  -0.0000     -2.521 0.000   0 -99.00   31.6       -2002.474       -3998.256   471   0.0000  -0.0000     -1.728 0.162  35 -99.00    0.338
2018-05-16-15:20:05 1.15  Mocks_Mamon/MockNFW640ellip0.5loga-2.08PA50center0.0_0.0With_background1num75.dat Diff-Evol    1.0e-04 0 0 0 0     NFW      360.0000  -0.0000     -2.511 0.000   0 -99.00   33.3       -2095.432       -4184.173   381 360.0000  -0.0000     -1.651 0.108  38 -99.00    0.280
2018-05-16-15:20:05 1.15  Mocks_Mamon/MockNFW640ellip0.5loga-2.08PA50center0.0_0.0With_background1num76.dat Diff-Evol    1.0e-04 0 0 0 0     NFW      360.0000  -0.0001     -2.515 0.000   0 -99.00   32.0       -2011.763       -4016.837   381 360.0000  -0.0001     -1.742 0.047  39 -99.00    0.273
2018-05-16-15:20:05 1.15  Mocks_Mamon/MockNFW640ellip0.5loga-2.08PA50center0.0_0.0With_background1num77.dat Diff-Evol    1.0e-04 0 0 0 0     NFW        0.0000  -0.0000     -2.574 0.000   0 -99.00   30.8       -2090.881       -4175.088   464   0.0000  -0.0000     -1.757 0.211  29 -99.00    0.333
2018-05-16-15:20:05 1.15  Mocks_Mamon/MockNFW640ellip0.5loga-2.08PA50center0.0_0.0With_background1num78.dat Diff-Evol    1.0e-04 0 0 0 0     NFW      359.9999  -0.0001     -2.261 0.000   0 -99.00   39.8       -1939.132       -3871.579   381 359.9999  -0.0001     -1.603 0.121  43 -99.00    0.273
2018-05-16-15:20:05 1.15  Mocks_Mamon/MockNFW640ellip0.5loga-2.08PA50center0.0_0.0With_background1num79.dat Diff-Evol    1.0e-04 0 0 0 0     NFW      360.0000  -0.0000     -2.455 0.000   0 -99.00   32.0       -1909.315       -3811.936   402 360.0000  -0.0000     -1.691 0.206 140 -99.00    0.286
2018-05-16-15:20:05 1.15  Mocks_Mamon/MockNFW640ellip0.5loga-2.08PA50center0.0_0.0With_background1num80.dat Diff-Evol    1.0e-04 0 0 0 0     NFW      360.0000   0.0000     -2.502 0.000   0 -99.00   32.4       -2011.947       -4017.203   471 360.0000   0.0000     -1.693 0.100 135 -99.00    0.337
2018-05-16-15:20:05 1.15  Mocks_Mamon/MockNFW640ellip0.5loga-2.08PA50center0.0_0.0With_background1num81.dat Diff-Evol    1.0e-04 0 0 0 0     NFW      359.9999   0.0000     -2.575 0.000   0 -99.00   30.4       -2070.433       -4134.177   464 359.9999   0.0000     -1.712 0.172  38 -99.00    0.335
2018-05-16-15:20:05 1.15  Mocks_Mamon/MockNFW640ellip0.5loga-2.08PA50center0.0_0.0With_background1num82.dat Diff-Evol    1.0e-04 0 0 0 0     NFW      360.0000   0.0000     -2.510 0.000   0 -99.00   31.7        -1976.64       -3946.592   478 360.0000   0.0000     -1.702 0.163  42 -99.00    0.342
2018-05-16-15:20:05 1.15  Mocks_Mamon/MockNFW640ellip0.5loga-2.08PA50center0.0_0.0With_background1num83.dat Diff-Evol    1.0e-04 0 0 0 0     NFW      360.0000  -0.0000     -2.543 0.000   0 -99.00   29.7       -1916.535       -3826.387   520 360.0000  -0.0000     -1.717 0.143  28 -99.00    0.369
2018-05-16-15:20:05 1.15  Mocks_Mamon/MockNFW640ellip0.5loga-2.08PA50center0.0_0.0With_background1num84.dat Diff-Evol    1.0e-04 0 0 0 0     NFW      360.0000   0.0000     -2.575 0.000   0 -99.00   28.4       -1896.547       -3786.406   464 360.0000   0.0000     -1.742 0.118  31 -99.00    0.331
2018-05-16-15:20:05 1.15  Mocks_Mamon/MockNFW640ellip0.5loga-2.08PA50center0.0_0.0With_background1num85.dat Diff-Evol    1.0e-04 0 0 0 0     NFW      360.0000   0.0000     -2.497 0.000   0 -99.00   32.4       -2006.768       -4006.833   478 360.0000   0.0000     -1.701 0.051  22 -99.00    0.343
2018-05-16-15:20:05 1.15  Mocks_Mamon/MockNFW640ellip0.5loga-2.08PA50center0.0_0.0With_background1num86.dat Diff-Evol    1.0e-04 0 0 0 0     NFW      359.9999  -0.0001     -2.462 0.000   0 -99.00   33.7       -2014.099       -4021.512   319 359.9999  -0.0001     -1.674 0.148 141 -99.00    0.226
2018-05-16-15:20:05 1.15  Mocks_Mamon/MockNFW640ellip0.5loga-2.08PA50center0.0_0.0With_background1num87.dat Diff-Evol    1.0e-04 0 0 0 0     NFW      360.0000  -0.0000     -2.574 0.000   0 -99.00   31.3       -2114.315       -4221.938   464 360.0000  -0.0000     -1.705 0.134  44 -99.00    0.338
2018-05-16-15:20:05 1.15  Mocks_Mamon/MockNFW640ellip0.5loga-2.08PA50center0.0_0.0With_background1num88.dat Diff-Evol    1.0e-04 0 0 0 0     NFW        0.0000   0.0000     -2.402 0.000   0 -99.00   36.8        -2073.12       -4139.542   305   0.0000   0.0000     -1.648 0.116 137 -99.00    0.219
2018-05-16-15:20:05 1.15  Mocks_Mamon/MockNFW640ellip0.5loga-2.08PA50center0.0_0.0With_background1num89.dat Diff-Evol    1.0e-04 0 0 0 0     NFW      360.0000  -0.0000     -2.494 0.000   0 -99.00   32.5       -2001.627       -3996.574   388 360.0000  -0.0000     -1.698 0.120 147 -99.00    0.278
2018-05-16-15:20:05 1.15  Mocks_Mamon/MockNFW640ellip0.5loga-2.08PA50center0.0_0.0With_background1num90.dat Diff-Evol    1.0e-04 0 0 0 0     NFW        0.0000   0.0000     -2.458 0.000   0 -99.00   33.1       -1997.643        -3988.61   381   0.0000   0.0000     -1.730 0.107  26 -99.00    0.272
2018-05-16-15:20:05 1.15  Mocks_Mamon/MockNFW640ellip0.5loga-2.08PA50center0.0_0.0With_background1num91.dat Diff-Evol    1.0e-04 0 0 0 0     NFW      360.0000  -0.0000     -2.574 0.000   0 -99.00   31.4       -2101.572       -4196.447   464 360.0000  -0.0000     -1.698 0.146  33 -99.00    0.336
2018-05-16-15:20:05 1.15  Mocks_Mamon/MockNFW640ellip0.5loga-2.08PA50center0.0_0.0With_background1num92.dat Diff-Evol    1.0e-04 0 0 0 0     NFW        0.0001   0.0000     -2.532 0.000   0 -99.00   30.2       -1926.829        -3846.98   471   0.0001   0.0000     -1.781 0.169  38 -99.00    0.337
2018-05-16-15:20:05 1.15  Mocks_Mamon/MockNFW640ellip0.5loga-2.08PA50center0.0_0.0With_background1num93.dat Diff-Evol    1.0e-04 0 0 0 0     NFW      359.9999  -0.0001     -2.574 0.000   0 -99.00   31.3       -2104.399       -4202.116   374 359.9999  -0.0001     -1.723 0.171 140 -99.00    0.269
2018-05-16-15:20:05 1.15  Mocks_Mamon/MockNFW640ellip0.5loga-2.08PA50center0.0_0.0With_background1num94.dat Diff-Evol    1.0e-04 0 0 0 0     NFW      360.0000   0.0001     -2.513 0.000   0 -99.00   32.0       -1994.972       -3983.245   388 360.0000   0.0001     -1.783 0.152  24 -99.00    0.278
2018-05-16-15:20:05 1.15  Mocks_Mamon/MockNFW640ellip0.5loga-2.08PA50center0.0_0.0With_background1num95.dat Diff-Evol    1.0e-04 0 0 0 0     NFW      360.0000   0.0000     -2.530 0.000   0 -99.00   32.8       -2103.347       -4200.007   471 360.0000   0.0000     -1.628 0.191  40 -99.00    0.340
2018-05-16-15:20:05 1.15  Mocks_Mamon/MockNFW640ellip0.5loga-2.08PA50center0.0_0.0With_background1num96.dat Diff-Evol    1.0e-04 0 0 0 0     NFW      360.0000  -0.0000     -2.458 0.000   0 -99.00   31.3       -1879.548       -3752.413   485 360.0000  -0.0000     -1.703 0.114  18 -99.00    0.345
2018-05-16-15:20:05 1.15  Mocks_Mamon/MockNFW640ellip0.5loga-2.08PA50center0.0_0.0With_background1num97.dat Diff-Evol    1.0e-04 0 0 0 0     NFW      360.0000  -0.0000     -2.575 0.000   0 -99.00   31.5       -2090.624       -4174.558   374 360.0000  -0.0000     -1.606 0.140 141 -99.00    0.270
2018-05-16-15:20:05 1.15  Mocks_Mamon/MockNFW640ellip0.5loga-2.08PA50center0.0_0.0With_background1num98.dat Diff-Evol    1.0e-04 0 0 0 0     NFW        0.0001   0.0000     -2.575 0.000   0 -99.00   31.0       -2072.293       -4137.909   464   0.0001   0.0000     -1.658 0.129  14 -99.00    0.334
2018-05-16-15:20:05 1.15  Mocks_Mamon/MockNFW640ellip0.5loga-2.08PA50center0.0_0.0With_background1num99.dat Diff-Evol    1.0e-04 0 0 0 0     NFW      360.0000   0.0000     -2.574 0.000   0 -99.00   31.5       -2131.408        -4256.12   374 360.0000   0.0000     -1.641 0.142  28 -99.00    0.271
