2018-05-16-15:19:44 1.15  Mocks_Mamon/MockNFW640ellip0.5loga-2.08PA50center0.0_0.0With_background1num0.dat TNC          1.0e-04 0 0 0 0     NFW        0.0000   0.0000     -2.503 0.000   0 -99.00   31.1       -1958.638       -3910.597    21   0.0000   0.0000     -1.639 0.094  40 -99.00    0.113
2018-05-16-15:19:44 1.15  Mocks_Mamon/MockNFW640ellip0.5loga-2.08PA50center0.0_0.0With_background1num1.dat TNC          1.0e-04 0 0 0 0     NFW        0.0001  -0.0000     -2.519 0.000   0 -99.00   33.5       -2109.904       -4213.115    18   0.0001  -0.0000     -1.671 0.169  43 -99.00    0.099
2018-05-16-15:19:44 1.15  Mocks_Mamon/MockNFW640ellip0.5loga-2.08PA50center0.0_0.0With_background1num2.dat TNC          1.0e-04 0 0 0 0     NFW        0.0000   0.0000     -2.527 0.000   0 -99.00   32.2       -2015.253       -4023.819    51   0.0000   0.0000     -1.667 0.141  42 -99.00    0.270
2018-05-16-15:19:44 1.15  Mocks_Mamon/MockNFW640ellip0.5loga-2.08PA50center0.0_0.0With_background1num3.dat TNC          1.0e-04 0 0 0 0     NFW        0.0000  -0.0000     -2.574 0.000   0 -99.00   28.7       -1918.426       -3830.171     3   0.0000  -0.0000     -1.792 0.080  23 -99.00    0.021
2018-05-16-15:19:44 1.15  Mocks_Mamon/MockNFW640ellip0.5loga-2.08PA50center0.0_0.0With_background1num4.dat TNC          1.0e-04 0 0 0 0     NFW        0.0001   0.0001     -2.477 0.000   0 -99.00   33.2       -2029.776       -4052.858    28   0.0001   0.0001     -1.690 0.154  38 -99.00    0.151
2018-05-16-15:19:44 1.15  Mocks_Mamon/MockNFW640ellip0.5loga-2.08PA50center0.0_0.0With_background1num5.dat TNC          1.0e-04 0 0 0 0     NFW      360.0000   0.0000     -2.529 0.000   0 -99.00   31.8       -1996.036       -3985.374    22 360.0000   0.0000     -1.688 0.154  36 -99.00    0.120
2018-05-16-15:19:44 1.15  Mocks_Mamon/MockNFW640ellip0.5loga-2.08PA50center0.0_0.0With_background1num6.dat TNC          1.0e-04 0 0 0 0     NFW        0.0000   0.0000     -2.401 0.000   0 -99.00   34.8       -1958.118       -3909.544    19   0.0000   0.0000     -1.684 0.154  33 -99.00    0.104
2018-05-16-15:19:44 1.15  Mocks_Mamon/MockNFW640ellip0.5loga-2.08PA50center0.0_0.0With_background1num7.dat TNC          1.0e-04 0 0 0 0     NFW        0.0000   0.0000     -2.574 0.000   0 -99.00   30.3       -2049.862       -4093.034     3   0.0000   0.0000     -1.722 0.090  43 -99.00    0.021
2018-05-16-15:19:44 1.15  Mocks_Mamon/MockNFW640ellip0.5loga-2.08PA50center0.0_0.0With_background1num8.dat TNC          1.0e-04 0 0 0 0     NFW      360.0000   0.0001     -2.484 0.000   0 -99.00   33.5       -2052.428       -4098.169    76 360.0000   0.0001     -1.619 0.188 140 -99.00    0.403
2018-05-16-15:19:44 1.15  Mocks_Mamon/MockNFW640ellip0.5loga-2.08PA50center0.0_0.0With_background1num9.dat TNC          1.0e-04 0 0 0 0     NFW      360.0000  -0.0001     -2.502 0.000   0 -99.00   35.6       -2213.727       -4420.757    30 360.0000  -0.0001     -1.645 0.128  44 -99.00    0.172
2018-05-16-15:19:44 1.15  Mocks_Mamon/MockNFW640ellip0.5loga-2.08PA50center0.0_0.0With_background1num10.dat TNC          1.0e-04 0 0 0 0     NFW        0.0001  -0.0000     -2.554 0.000   0 -99.00   30.7       -1997.883       -3989.078    20   0.0001  -0.0000     -1.695 0.110 142 -99.00    0.109
2018-05-16-15:19:44 1.15  Mocks_Mamon/MockNFW640ellip0.5loga-2.08PA50center0.0_0.0With_background1num11.dat TNC          1.0e-04 0 0 0 0     NFW      360.0000   0.0000     -2.553 0.000   0 -99.00   30.7       -1994.433       -3982.177    21 360.0000   0.0000     -1.782 0.131  42 -99.00    0.114
2018-05-16-15:19:44 1.15  Mocks_Mamon/MockNFW640ellip0.5loga-2.08PA50center0.0_0.0With_background1num12.dat TNC          1.0e-04 0 0 0 0     NFW      360.0000  -0.0000     -2.575 0.000   0 -99.00   29.6       -2025.112       -4043.528     3 360.0000  -0.0000     -1.709 0.032 157 -99.00    0.021
2018-05-16-15:19:44 1.15  Mocks_Mamon/MockNFW640ellip0.5loga-2.08PA50center0.0_0.0With_background1num13.dat TNC          1.0e-04 0 0 0 0     NFW        0.0001   0.0000     -2.575 0.000   0 -99.00   30.0       -1997.363       -3988.033     5   0.0001   0.0000     -1.757 0.069 148 -99.00    0.031
2018-05-16-15:19:44 1.15  Mocks_Mamon/MockNFW640ellip0.5loga-2.08PA50center0.0_0.0With_background1num14.dat TNC          1.0e-04 0 0 0 0     NFW        0.0001   0.0001     -2.575 0.000   0 -99.00   30.0       -2038.225       -4069.767     3   0.0001   0.0001     -1.781 0.090  43 -99.00    0.021
2018-05-16-15:19:44 1.15  Mocks_Mamon/MockNFW640ellip0.5loga-2.08PA50center0.0_0.0With_background1num15.dat TNC          1.0e-04 0 0 0 0     NFW      359.9999   0.0001     -2.502 0.000   0 -99.00   34.1       -2133.282       -4259.875    34 359.9999   0.0001     -1.697 0.020 161 -99.00    0.184
2018-05-16-15:19:44 1.15  Mocks_Mamon/MockNFW640ellip0.5loga-2.08PA50center0.0_0.0With_background1num16.dat TNC          1.0e-04 0 0 0 0     NFW        0.0000  -0.0001     -2.486 0.000   0 -99.00   34.4       -2108.012       -4209.343    19   0.0000  -0.0001     -1.672 0.120  24 -99.00    0.105
2018-05-16-15:19:44 1.15  Mocks_Mamon/MockNFW640ellip0.5loga-2.08PA50center0.0_0.0With_background1num17.dat TNC          1.0e-04 0 0 0 0     NFW        0.0000  -0.0001     -2.566 0.000   0 -99.00   30.7       -2018.297       -4029.909    20   0.0000  -0.0001     -1.706 0.108 160 -99.00    0.109
2018-05-16-15:19:44 1.15  Mocks_Mamon/MockNFW640ellip0.5loga-2.08PA50center0.0_0.0With_background1num18.dat TNC          1.0e-04 0 0 0 0     NFW      360.0000  -0.0000     -2.575 0.000   0 -99.00   30.3       -2002.306       -3997.919     8 360.0000  -0.0000     -1.743 0.185  29 -99.00    0.047
2018-05-16-15:19:44 1.15  Mocks_Mamon/MockNFW640ellip0.5loga-2.08PA50center0.0_0.0With_background1num19.dat TNC          1.0e-04 0 0 0 0     NFW      360.0000  -0.0000     -2.390 0.000   0 -99.00   34.5        -1927.68       -3848.675    32 360.0000  -0.0000     -1.637 0.069  37 -99.00    0.170
2018-05-16-15:19:44 1.15  Mocks_Mamon/MockNFW640ellip0.5loga-2.08PA50center0.0_0.0With_background1num20.dat TNC          1.0e-04 0 0 0 0     NFW        0.0000   0.0000     -2.467 0.000   0 -99.00   31.9       -1925.229       -3843.775    32   0.0000   0.0000     -1.761 0.094  28 -99.00    0.171
2018-05-16-15:19:44 1.15  Mocks_Mamon/MockNFW640ellip0.5loga-2.08PA50center0.0_0.0With_background1num21.dat TNC          1.0e-04 0 0 0 0     NFW      359.9999  -0.0001     -2.462 0.000   0 -99.00   34.3        -2037.13       -4067.574    23 359.9999  -0.0001     -1.657 0.117 141 -99.00    0.125
2018-05-16-15:19:44 1.15  Mocks_Mamon/MockNFW640ellip0.5loga-2.08PA50center0.0_0.0With_background1num22.dat TNC          1.0e-04 0 0 0 0     NFW        0.0001   0.0001     -2.486 0.000   0 -99.00   31.5       -1920.665       -3834.638    17   0.0001   0.0001     -1.714 0.147  31 -99.00    0.093
2018-05-16-15:19:44 1.15  Mocks_Mamon/MockNFW640ellip0.5loga-2.08PA50center0.0_0.0With_background1num23.dat TNC          1.0e-04 0 0 0 0     NFW      359.9999  -0.0002     -2.575 0.000   0 -99.00   31.7       -2167.188       -4327.693     3 359.9999  -0.0002     -1.716 0.161  39 -99.00    0.021
2018-05-16-15:19:44 1.15  Mocks_Mamon/MockNFW640ellip0.5loga-2.08PA50center0.0_0.0With_background1num24.dat TNC          1.0e-04 0 0 0 0     NFW      359.9999   0.0000     -2.502 0.000   0 -99.00   30.9       -1931.035       -3855.384    35 359.9999   0.0000     -1.756 0.148  34 -99.00    0.185
2018-05-16-15:19:44 1.15  Mocks_Mamon/MockNFW640ellip0.5loga-2.08PA50center0.0_0.0With_background1num25.dat TNC          1.0e-04 0 0 0 0     NFW        0.0000  -0.0001     -2.418 0.000   0 -99.00   34.0       -1929.201       -3851.725    27   0.0000  -0.0001     -1.718 0.139  43 -99.00    0.145
2018-05-16-15:19:44 1.15  Mocks_Mamon/MockNFW640ellip0.5loga-2.08PA50center0.0_0.0With_background1num26.dat TNC          1.0e-04 0 0 0 0     NFW        0.0000   0.0000     -2.574 0.000   0 -99.00   29.6       -1978.028       -3949.363     6   0.0000   0.0000     -1.797 0.078 139 -99.00    0.037
2018-05-16-15:19:44 1.15  Mocks_Mamon/MockNFW640ellip0.5loga-2.08PA50center0.0_0.0With_background1num27.dat TNC          1.0e-04 0 0 0 0     NFW        0.0000  -0.0000     -2.574 0.000   0 -99.00   32.1       -2125.738       -4244.786    10   0.0000  -0.0000     -1.738 0.093 135 -99.00    0.058
2018-05-16-15:19:44 1.15  Mocks_Mamon/MockNFW640ellip0.5loga-2.08PA50center0.0_0.0With_background1num28.dat TNC          1.0e-04 0 0 0 0     NFW      360.0000  -0.0000     -2.547 0.000   0 -99.00   30.3       -1955.947       -3905.207    19 360.0000  -0.0000     -1.653 0.169  32 -99.00    0.104
2018-05-16-15:19:44 1.15  Mocks_Mamon/MockNFW640ellip0.5loga-2.08PA50center0.0_0.0With_background1num29.dat TNC          1.0e-04 0 0 0 0     NFW      360.0000  -0.0000     -2.575 0.000   0 -99.00   31.0       -2075.737       -4144.771     5 360.0000  -0.0000     -1.671 0.154  27 -99.00    0.031
2018-05-16-15:19:44 1.15  Mocks_Mamon/MockNFW640ellip0.5loga-2.08PA50center0.0_0.0With_background1num30.dat TNC          1.0e-04 0 0 0 0     NFW      360.0000  -0.0000     -2.549 0.000   0 -99.00   31.0       -2016.906       -4027.121    16 360.0000  -0.0000     -1.719 0.026 137 -99.00    0.088
2018-05-16-15:19:44 1.15  Mocks_Mamon/MockNFW640ellip0.5loga-2.08PA50center0.0_0.0With_background1num31.dat TNC          1.0e-04 0 0 0 0     NFW        0.0000   0.0000     -2.527 0.000   0 -99.00   31.5        -1994.42       -3982.149    28   0.0000   0.0000     -1.708 0.071 158 -99.00    0.150
2018-05-16-15:19:44 1.15  Mocks_Mamon/MockNFW640ellip0.5loga-2.08PA50center0.0_0.0With_background1num32.dat TNC          1.0e-04 0 0 0 0     NFW        0.0000   0.0000     -2.552 0.000   0 -99.00   31.8       -2094.347       -4181.998    24   0.0000   0.0000     -1.739 0.190  44 -99.00    0.130
2018-05-16-15:19:44 1.15  Mocks_Mamon/MockNFW640ellip0.5loga-2.08PA50center0.0_0.0With_background1num33.dat TNC          1.0e-04 0 0 0 0     NFW      360.0000  -0.0000     -2.564 0.000   0 -99.00   29.4        -1932.36       -3858.025    73 360.0000  -0.0000     -1.801 0.201 141 -99.00    0.380
2018-05-16-15:19:44 1.15  Mocks_Mamon/MockNFW640ellip0.5loga-2.08PA50center0.0_0.0With_background1num34.dat TNC          1.0e-04 0 0 0 0     NFW        0.0001   0.0001     -2.488 0.000   0 -99.00   33.6       -2049.652       -4092.616    34   0.0001   0.0001     -1.699 0.151 146 -99.00    0.183
2018-05-16-15:19:44 1.15  Mocks_Mamon/MockNFW640ellip0.5loga-2.08PA50center0.0_0.0With_background1num35.dat TNC          1.0e-04 0 0 0 0     NFW        0.0000   0.0001     -2.292 0.000   0 -99.00   37.8       -1891.603       -3776.524    30   0.0000   0.0001     -1.664 0.227  25 -99.00    0.160
2018-05-16-15:19:44 1.15  Mocks_Mamon/MockNFW640ellip0.5loga-2.08PA50center0.0_0.0With_background1num36.dat TNC          1.0e-04 0 0 0 0     NFW        0.0000  -0.0000     -2.540 0.000   0 -99.00   31.0       -2001.643       -3996.607    43   0.0000  -0.0000     -1.731 0.068  45 -99.00    0.227
2018-05-16-15:19:44 1.15  Mocks_Mamon/MockNFW640ellip0.5loga-2.08PA50center0.0_0.0With_background1num37.dat TNC          1.0e-04 0 0 0 0     NFW      359.9999   0.0000     -2.498 0.000   0 -99.00   32.1       -1970.137       -3933.586    28 359.9999   0.0000     -1.754 0.141  43 -99.00    0.150
2018-05-16-15:19:44 1.15  Mocks_Mamon/MockNFW640ellip0.5loga-2.08PA50center0.0_0.0With_background1num38.dat TNC          1.0e-04 0 0 0 0     NFW        0.0001  -0.0000     -2.438 0.000   0 -99.00   33.4       -1970.165       -3933.636    28   0.0001  -0.0000     -1.699 0.208  35 -99.00    0.151
2018-05-16-15:19:44 1.15  Mocks_Mamon/MockNFW640ellip0.5loga-2.08PA50center0.0_0.0With_background1num39.dat TNC          1.0e-04 0 0 0 0     NFW      360.0000   0.0000     -2.434 0.000   0 -99.00   35.7         -2079.4        -4152.11    33 360.0000   0.0000     -1.631 0.170  26 -99.00    0.177
2018-05-16-15:19:44 1.15  Mocks_Mamon/MockNFW640ellip0.5loga-2.08PA50center0.0_0.0With_background1num40.dat TNC          1.0e-04 0 0 0 0     NFW        0.0000  -0.0001     -2.550 0.000   0 -99.00   33.0       -2164.511       -4322.338    24   0.0000  -0.0001     -1.646 0.172  32 -99.00    0.132
2018-05-16-15:19:44 1.15  Mocks_Mamon/MockNFW640ellip0.5loga-2.08PA50center0.0_0.0With_background1num41.dat TNC          1.0e-04 0 0 0 0     NFW      360.0000  -0.0000     -2.547 0.000   0 -99.00   31.6       -2085.082       -4163.476    31 360.0000  -0.0000     -1.745 0.141  41 -99.00    0.167
2018-05-16-15:19:44 1.15  Mocks_Mamon/MockNFW640ellip0.5loga-2.08PA50center0.0_0.0With_background1num42.dat TNC          1.0e-04 0 0 0 0     NFW      360.0000  -0.0002     -2.570 0.000   0 -99.00   32.1       -2122.066       -4237.447    24 360.0000  -0.0002     -1.749 0.116 135 -99.00    0.131
2018-05-16-15:19:44 1.15  Mocks_Mamon/MockNFW640ellip0.5loga-2.08PA50center0.0_0.0With_background1num43.dat TNC          1.0e-04 0 0 0 0     NFW      360.0000   0.0000     -2.496 0.000   0 -99.00   32.9       -2036.423       -4066.163    34 360.0000   0.0000     -1.671 0.192  42 -99.00    0.182
2018-05-16-15:19:44 1.15  Mocks_Mamon/MockNFW640ellip0.5loga-2.08PA50center0.0_0.0With_background1num44.dat TNC          1.0e-04 0 0 0 0     NFW        0.0001  -0.0000     -2.539 0.000   0 -99.00   29.7        -1923.24       -3839.799    31   0.0001  -0.0000     -1.737 0.143  40 -99.00    0.165
2018-05-16-15:19:44 1.15  Mocks_Mamon/MockNFW640ellip0.5loga-2.08PA50center0.0_0.0With_background1num45.dat TNC          1.0e-04 0 0 0 0     NFW        0.0000   0.0000     -2.558 0.000   0 -99.00   31.4       -2042.519       -4078.351    24   0.0000   0.0000     -1.727 0.200 148 -99.00    0.130
2018-05-16-15:19:44 1.15  Mocks_Mamon/MockNFW640ellip0.5loga-2.08PA50center0.0_0.0With_background1num46.dat TNC          1.0e-04 0 0 0 0     NFW      359.9999  -0.0000     -2.445 0.000   0 -99.00   34.6       -2053.476       -4100.255    48 359.9999  -0.0000     -1.697 0.185  28 -99.00    0.256
2018-05-16-15:19:44 1.15  Mocks_Mamon/MockNFW640ellip0.5loga-2.08PA50center0.0_0.0With_background1num47.dat TNC          1.0e-04 0 0 0 0     NFW      360.0000   0.0000     -2.574 0.000   0 -99.00   30.0       -2026.214       -4045.748     6 360.0000   0.0000     -1.814 0.127 144 -99.00    0.036
2018-05-16-15:19:44 1.15  Mocks_Mamon/MockNFW640ellip0.5loga-2.08PA50center0.0_0.0With_background1num48.dat TNC          1.0e-04 0 0 0 0     NFW      360.0000   0.0000     -2.370 0.000   0 -99.00   36.0       -1952.846        -3899.01    49 360.0000   0.0000     -1.754 0.192  37 -99.00    0.258
2018-05-16-15:19:44 1.15  Mocks_Mamon/MockNFW640ellip0.5loga-2.08PA50center0.0_0.0With_background1num49.dat TNC          1.0e-04 0 0 0 0     NFW        0.0000  -0.0000     -2.577 0.000   0 -99.00   29.3       -1955.329       -3903.981    11   0.0000  -0.0000     -1.805 0.201  22 -99.00    0.062
2018-05-16-15:19:44 1.15  Mocks_Mamon/MockNFW640ellip0.5loga-2.08PA50center0.0_0.0With_background1num50.dat TNC          1.0e-04 0 0 0 0     NFW      360.0000   0.0000     -2.575 0.000   0 -99.00   30.4       -2016.222       -4025.763     9 360.0000   0.0000     -1.769 0.155 138 -99.00    0.052
2018-05-16-15:19:44 1.15  Mocks_Mamon/MockNFW640ellip0.5loga-2.08PA50center0.0_0.0With_background1num51.dat TNC          1.0e-04 0 0 0 0     NFW        0.0001   0.0001     -2.575 0.000   0 -99.00   28.3       -1905.437        -3804.18     6   0.0001   0.0001     -1.786 0.101 144 -99.00    0.036
2018-05-16-15:19:44 1.15  Mocks_Mamon/MockNFW640ellip0.5loga-2.08PA50center0.0_0.0With_background1num52.dat TNC          1.0e-04 0 0 0 0     NFW        0.0000   0.0000     -2.488 0.000   0 -99.00   32.5       -1974.356        -3942.02    27   0.0000   0.0000     -1.714 0.011  40 -99.00    0.145
2018-05-16-15:19:44 1.15  Mocks_Mamon/MockNFW640ellip0.5loga-2.08PA50center0.0_0.0With_background1num53.dat TNC          1.0e-04 0 0 0 0     NFW        0.0000   0.0000     -2.575 0.000   0 -99.00   31.8       -2135.599       -4264.499     3   0.0000   0.0000     -1.691 0.171  25 -99.00    0.021
2018-05-16-15:19:44 1.15  Mocks_Mamon/MockNFW640ellip0.5loga-2.08PA50center0.0_0.0With_background1num54.dat TNC          1.0e-04 0 0 0 0     NFW      360.0000  -0.0001     -2.375 0.000   0 -99.00   36.6        -2001.48       -3996.272    29 360.0000  -0.0001     -1.634 0.126 139 -99.00    0.156
2018-05-16-15:19:44 1.15  Mocks_Mamon/MockNFW640ellip0.5loga-2.08PA50center0.0_0.0With_background1num55.dat TNC          1.0e-04 0 0 0 0     NFW        0.0000  -0.0000     -2.472 0.000   0 -99.00   32.2       -1954.219       -3901.748    27   0.0000  -0.0000     -1.687 0.161  28 -99.00    0.145
2018-05-16-15:19:44 1.15  Mocks_Mamon/MockNFW640ellip0.5loga-2.08PA50center0.0_0.0With_background1num56.dat TNC          1.0e-04 0 0 0 0     NFW        0.0000  -0.0000     -2.379 0.000   0 -99.00   35.0       -1938.446       -3870.214    27   0.0000  -0.0000     -1.625 0.144  32 -99.00    0.146
2018-05-16-15:19:44 1.15  Mocks_Mamon/MockNFW640ellip0.5loga-2.08PA50center0.0_0.0With_background1num57.dat TNC          1.0e-04 0 0 0 0     NFW        0.0001  -0.0000     -2.575 0.000   0 -99.00   30.0        -1996.73       -3986.778    12   0.0001  -0.0000     -1.763 0.211  43 -99.00    0.068
2018-05-16-15:19:44 1.15  Mocks_Mamon/MockNFW640ellip0.5loga-2.08PA50center0.0_0.0With_background1num58.dat TNC          1.0e-04 0 0 0 0     NFW      360.0000  -0.0000     -2.575 0.000   0 -99.00   30.2       -2002.584       -3998.482     3 360.0000  -0.0000     -1.701 0.141  42 -99.00    0.021
2018-05-16-15:19:44 1.15  Mocks_Mamon/MockNFW640ellip0.5loga-2.08PA50center0.0_0.0With_background1num59.dat TNC          1.0e-04 0 0 0 0     NFW      359.9999   0.0000     -2.329 0.000   0 -99.00   38.1       -1969.842       -3933.018    52 359.9999   0.0000     -1.634 0.147 144 -99.00    0.276
2018-05-16-15:19:44 1.15  Mocks_Mamon/MockNFW640ellip0.5loga-2.08PA50center0.0_0.0With_background1num60.dat TNC          1.0e-04 0 0 0 0     NFW        0.0000   0.0000     -2.574 0.000   0 -99.00   29.0       -1950.216        -3893.75     3   0.0000   0.0000     -1.796 0.091  34 -99.00    0.021
2018-05-16-15:19:44 1.15  Mocks_Mamon/MockNFW640ellip0.5loga-2.08PA50center0.0_0.0With_background1num61.dat TNC          1.0e-04 0 0 0 0     NFW        0.0001   0.0000     -2.576 0.000   0 -99.00   29.4       -1967.505       -3928.326     3   0.0001   0.0000     -1.759 0.105  38 -99.00    0.021
2018-05-16-15:19:44 1.15  Mocks_Mamon/MockNFW640ellip0.5loga-2.08PA50center0.0_0.0With_background1num62.dat TNC          1.0e-04 0 0 0 0     NFW        0.0000  -0.0000     -2.574 0.000   0 -99.00   31.0       -2067.071        -4127.45     4   0.0000  -0.0000     -1.664 0.082  42 -99.00    0.026
2018-05-16-15:19:44 1.15  Mocks_Mamon/MockNFW640ellip0.5loga-2.08PA50center0.0_0.0With_background1num63.dat TNC          1.0e-04 0 0 0 0     NFW        0.0000   0.0000     -2.568 0.000   0 -99.00   31.5       -2084.177       -4161.661    45   0.0000   0.0000     -1.722 0.134  44 -99.00    0.238
2018-05-16-15:19:44 1.15  Mocks_Mamon/MockNFW640ellip0.5loga-2.08PA50center0.0_0.0With_background1num64.dat TNC          1.0e-04 0 0 0 0     NFW        0.0000   0.0000     -2.576 0.000   0 -99.00   30.6       -2044.891       -4083.084     8   0.0000   0.0000     -1.736 0.153  27 -99.00    0.047
2018-05-16-15:19:44 1.15  Mocks_Mamon/MockNFW640ellip0.5loga-2.08PA50center0.0_0.0With_background1num65.dat TNC          1.0e-04 0 0 0 0     NFW      360.0000  -0.0000     -2.575 0.000   0 -99.00   31.5       -2087.071       -4167.462     8 360.0000  -0.0000     -1.708 0.098  11 -99.00    0.047
2018-05-16-15:19:44 1.15  Mocks_Mamon/MockNFW640ellip0.5loga-2.08PA50center0.0_0.0With_background1num66.dat TNC          1.0e-04 0 0 0 0     NFW      360.0000  -0.0000     -2.467 0.000   0 -99.00   33.9       -2022.942       -4039.204    43 360.0000  -0.0000     -1.615 0.179  40 -99.00    0.230
2018-05-16-15:19:44 1.15  Mocks_Mamon/MockNFW640ellip0.5loga-2.08PA50center0.0_0.0With_background1num67.dat TNC          1.0e-04 0 0 0 0     NFW      360.0000  -0.0000     -2.576 0.000   0 -99.00   27.2       -1812.414       -3618.139     8 360.0000  -0.0000     -1.856 0.159  23 -99.00    0.046
2018-05-16-15:19:44 1.15  Mocks_Mamon/MockNFW640ellip0.5loga-2.08PA50center0.0_0.0With_background1num68.dat TNC          1.0e-04 0 0 0 0     NFW      360.0000  -0.0000     -2.323 0.000   0 -99.00   38.0       -1964.553       -3922.418    30 360.0000  -0.0000     -1.695 0.162 138 -99.00    0.162
2018-05-16-15:19:44 1.15  Mocks_Mamon/MockNFW640ellip0.5loga-2.08PA50center0.0_0.0With_background1num69.dat TNC          1.0e-04 0 0 0 0     NFW        0.0000   0.0001     -2.500 0.000   0 -99.00   30.9       -1910.702       -3814.721    24   0.0000   0.0001     -1.749 0.147  25 -99.00    0.129
2018-05-16-15:19:44 1.15  Mocks_Mamon/MockNFW640ellip0.5loga-2.08PA50center0.0_0.0With_background1num70.dat TNC          1.0e-04 0 0 0 0     NFW      360.0000   0.0000     -2.575 0.000   0 -99.00   30.8       -2045.429       -4084.182     3 360.0000   0.0000     -1.704 0.139 140 -99.00    0.021
2018-05-16-15:19:44 1.15  Mocks_Mamon/MockNFW640ellip0.5loga-2.08PA50center0.0_0.0With_background1num71.dat TNC          1.0e-04 0 0 0 0     NFW        0.0000   0.0000     -2.575 0.000   0 -99.00   31.1        -2070.41       -4134.135    11   0.0000   0.0000     -1.660 0.121 139 -99.00    0.063
2018-05-16-15:19:44 1.15  Mocks_Mamon/MockNFW640ellip0.5loga-2.08PA50center0.0_0.0With_background1num72.dat TNC          1.0e-04 0 0 0 0     NFW        0.0001   0.0000     -2.575 0.000   0 -99.00   30.4        -2055.85       -4105.005     3   0.0001   0.0000     -1.816 0.127 136 -99.00    0.021
2018-05-16-15:19:44 1.15  Mocks_Mamon/MockNFW640ellip0.5loga-2.08PA50center0.0_0.0With_background1num73.dat TNC          1.0e-04 0 0 0 0     NFW      360.0000   0.0000     -2.340 0.000   0 -99.00   37.0       -1968.821       -3930.963    27 360.0000   0.0000     -1.636 0.032  31 -99.00    0.147
2018-05-16-15:19:44 1.15  Mocks_Mamon/MockNFW640ellip0.5loga-2.08PA50center0.0_0.0With_background1num74.dat TNC          1.0e-04 0 0 0 0     NFW        0.0000  -0.0000     -2.521 0.000   0 -99.00   31.6       -2002.474       -3998.256    23   0.0000  -0.0000     -1.728 0.162  35 -99.00    0.124
2018-05-16-15:19:44 1.15  Mocks_Mamon/MockNFW640ellip0.5loga-2.08PA50center0.0_0.0With_background1num75.dat TNC          1.0e-04 0 0 0 0     NFW      360.0000  -0.0000     -2.511 0.000   0 -99.00   33.3       -2095.432       -4184.173    34 360.0000  -0.0000     -1.651 0.108  38 -99.00    0.183
2018-05-16-15:19:44 1.15  Mocks_Mamon/MockNFW640ellip0.5loga-2.08PA50center0.0_0.0With_background1num76.dat TNC          1.0e-04 0 0 0 0     NFW      360.0000  -0.0001     -2.514 0.000   0 -99.00   32.0       -2011.763       -4016.837    32 360.0000  -0.0001     -1.742 0.047  39 -99.00    0.172
2018-05-16-15:19:44 1.15  Mocks_Mamon/MockNFW640ellip0.5loga-2.08PA50center0.0_0.0With_background1num77.dat TNC          1.0e-04 0 0 0 0     NFW        0.0000  -0.0000     -2.574 0.000   0 -99.00   30.8       -2090.881       -4175.088     4   0.0000  -0.0000     -1.757 0.211  29 -99.00    0.026
2018-05-16-15:19:44 1.15  Mocks_Mamon/MockNFW640ellip0.5loga-2.08PA50center0.0_0.0With_background1num78.dat TNC          1.0e-04 0 0 0 0     NFW      359.9999  -0.0001     -2.261 0.000   0 -99.00   39.8       -1939.132       -3871.579    29 359.9999  -0.0001     -1.603 0.121  43 -99.00    0.157
2018-05-16-15:19:44 1.15  Mocks_Mamon/MockNFW640ellip0.5loga-2.08PA50center0.0_0.0With_background1num79.dat TNC          1.0e-04 0 0 0 0     NFW      360.0000  -0.0000     -2.455 0.000   0 -99.00   32.0       -1909.315       -3811.936    43 360.0000  -0.0000     -1.691 0.206 140 -99.00    0.225
2018-05-16-15:19:44 1.15  Mocks_Mamon/MockNFW640ellip0.5loga-2.08PA50center0.0_0.0With_background1num80.dat TNC          1.0e-04 0 0 0 0     NFW      360.0000   0.0000     -2.502 0.000   0 -99.00   32.4       -2011.947       -4017.203    61 360.0000   0.0000     -1.693 0.100 135 -99.00    0.321
2018-05-16-15:19:44 1.15  Mocks_Mamon/MockNFW640ellip0.5loga-2.08PA50center0.0_0.0With_background1num81.dat TNC          1.0e-04 0 0 0 0     NFW      359.9999   0.0000     -2.575 0.000   0 -99.00   30.4       -2070.433       -4134.177    10 359.9999   0.0000     -1.712 0.172  38 -99.00    0.058
2018-05-16-15:19:44 1.15  Mocks_Mamon/MockNFW640ellip0.5loga-2.08PA50center0.0_0.0With_background1num82.dat TNC          1.0e-04 0 0 0 0     NFW      360.0000   0.0000     -2.510 0.000   0 -99.00   31.7        -1976.64       -3946.592    22 360.0000   0.0000     -1.702 0.163  42 -99.00    0.119
2018-05-16-15:19:44 1.15  Mocks_Mamon/MockNFW640ellip0.5loga-2.08PA50center0.0_0.0With_background1num83.dat TNC          1.0e-04 0 0 0 0     NFW      360.0000  -0.0000     -2.543 0.000   0 -99.00   29.7       -1916.535       -3826.387    31 360.0000  -0.0000     -1.717 0.143  28 -99.00    0.165
2018-05-16-15:19:44 1.15  Mocks_Mamon/MockNFW640ellip0.5loga-2.08PA50center0.0_0.0With_background1num84.dat TNC          1.0e-04 0 0 0 0     NFW      360.0000   0.0000     -2.575 0.000   0 -99.00   28.4       -1896.547       -3786.406     4 360.0000   0.0000     -1.742 0.118  31 -99.00    0.026
2018-05-16-15:19:44 1.15  Mocks_Mamon/MockNFW640ellip0.5loga-2.08PA50center0.0_0.0With_background1num85.dat TNC          1.0e-04 0 0 0 0     NFW      360.0000   0.0000     -2.497 0.000   0 -99.00   32.4       -2006.768       -4006.833    24 360.0000   0.0000     -1.701 0.051  22 -99.00    0.130
2018-05-16-15:19:44 1.15  Mocks_Mamon/MockNFW640ellip0.5loga-2.08PA50center0.0_0.0With_background1num86.dat TNC          1.0e-04 0 0 0 0     NFW      359.9999  -0.0001     -2.462 0.000   0 -99.00   33.7       -2014.099       -4021.512    34 359.9999  -0.0001     -1.674 0.148 141 -99.00    0.182
2018-05-16-15:19:44 1.15  Mocks_Mamon/MockNFW640ellip0.5loga-2.08PA50center0.0_0.0With_background1num87.dat TNC          1.0e-04 0 0 0 0     NFW      360.0000  -0.0000     -2.574 0.000   0 -99.00   31.3       -2114.315       -4221.938     3 360.0000  -0.0000     -1.705 0.134  44 -99.00    0.021
2018-05-16-15:19:44 1.15  Mocks_Mamon/MockNFW640ellip0.5loga-2.08PA50center0.0_0.0With_background1num88.dat TNC          1.0e-04 0 0 0 0     NFW        0.0000   0.0000     -2.402 0.000   0 -99.00   36.8        -2073.12       -4139.542    26   0.0000   0.0000     -1.648 0.116 137 -99.00    0.142
2018-05-16-15:19:44 1.15  Mocks_Mamon/MockNFW640ellip0.5loga-2.08PA50center0.0_0.0With_background1num89.dat TNC          1.0e-04 0 0 0 0     NFW      360.0000  -0.0000     -2.494 0.000   0 -99.00   32.5       -2001.627       -3996.574    24 360.0000  -0.0000     -1.698 0.120 147 -99.00    0.130
2018-05-16-15:19:44 1.15  Mocks_Mamon/MockNFW640ellip0.5loga-2.08PA50center0.0_0.0With_background1num90.dat TNC          1.0e-04 0 0 0 0     NFW        0.0000   0.0000     -2.458 0.000   0 -99.00   33.1       -1997.643        -3988.61    31   0.0000   0.0000     -1.730 0.107  26 -99.00    0.165
2018-05-16-15:19:44 1.15  Mocks_Mamon/MockNFW640ellip0.5loga-2.08PA50center0.0_0.0With_background1num91.dat TNC          1.0e-04 0 0 0 0     NFW      360.0000  -0.0000     -2.574 0.000   0 -99.00   31.4       -2101.572       -4196.447     3 360.0000  -0.0000     -1.698 0.146  33 -99.00    0.021
2018-05-16-15:19:44 1.15  Mocks_Mamon/MockNFW640ellip0.5loga-2.08PA50center0.0_0.0With_background1num92.dat TNC          1.0e-04 0 0 0 0     NFW        0.0001   0.0000     -2.532 0.000   0 -99.00   30.2       -1926.829        -3846.98    21   0.0001   0.0000     -1.781 0.169  38 -99.00    0.114
2018-05-16-15:19:44 1.15  Mocks_Mamon/MockNFW640ellip0.5loga-2.08PA50center0.0_0.0With_background1num93.dat TNC          1.0e-04 0 0 0 0     NFW      359.9999  -0.0001     -2.574 0.000   0 -99.00   31.3       -2104.399       -4202.116    10 359.9999  -0.0001     -1.723 0.171 140 -99.00    0.058
2018-05-16-15:19:44 1.15  Mocks_Mamon/MockNFW640ellip0.5loga-2.08PA50center0.0_0.0With_background1num94.dat TNC          1.0e-04 0 0 0 0     NFW      360.0000   0.0001     -2.513 0.000   0 -99.00   32.0       -1994.972       -3983.245    24 360.0000   0.0001     -1.783 0.152  24 -99.00    0.130
2018-05-16-15:19:44 1.15  Mocks_Mamon/MockNFW640ellip0.5loga-2.08PA50center0.0_0.0With_background1num95.dat TNC          1.0e-04 0 0 0 0     NFW      360.0000   0.0000     -2.530 0.000   0 -99.00   32.8       -2103.347       -4200.007    27 360.0000   0.0000     -1.628 0.191  40 -99.00    0.146
2018-05-16-15:19:44 1.15  Mocks_Mamon/MockNFW640ellip0.5loga-2.08PA50center0.0_0.0With_background1num96.dat TNC          1.0e-04 0 0 0 0     NFW      360.0000  -0.0000     -2.458 0.000   0 -99.00   31.3       -1879.548       -3752.413    54 360.0000  -0.0000     -1.703 0.114  18 -99.00    0.282
2018-05-16-15:19:44 1.15  Mocks_Mamon/MockNFW640ellip0.5loga-2.08PA50center0.0_0.0With_background1num97.dat TNC          1.0e-04 0 0 0 0     NFW      360.0000  -0.0000     -2.575 0.000   0 -99.00   31.5       -2090.624       -4174.558     6 360.0000  -0.0000     -1.606 0.140 141 -99.00    0.038
2018-05-16-15:19:44 1.15  Mocks_Mamon/MockNFW640ellip0.5loga-2.08PA50center0.0_0.0With_background1num98.dat TNC          1.0e-04 0 0 0 0     NFW        0.0001   0.0000     -2.575 0.000   0 -99.00   31.0       -2072.293       -4137.909     3   0.0001   0.0000     -1.658 0.129  14 -99.00    0.021
2018-05-16-15:19:44 1.15  Mocks_Mamon/MockNFW640ellip0.5loga-2.08PA50center0.0_0.0With_background1num99.dat TNC          1.0e-04 0 0 0 0     NFW      360.0000   0.0000     -2.574 0.000   0 -99.00   31.5       -2131.408        -4256.12     3 360.0000   0.0000     -1.641 0.142  28 -99.00    0.021
