2018-05-16-15:20:00 1.15  Mocks_Mamon/MockNFW640ellip0.5loga-2.08PA50center0.0_0.0With_background1num0.dat L-BFGS-B     1.0e-04 0 0 0 0     NFW        0.0000   0.0000     -2.540 0.000   0 -99.00   30.2       -1958.574       -3910.469    21   0.0000   0.0000     -1.639 0.094  40 -99.00    0.014
2018-05-16-15:20:00 1.15  Mocks_Mamon/MockNFW640ellip0.5loga-2.08PA50center0.0_0.0With_background1num1.dat L-BFGS-B     1.0e-04 0 0 0 0     NFW        0.0001  -0.0000     -2.549 0.000   0 -99.00   32.7       -2109.865       -4213.037    21   0.0001  -0.0000     -1.671 0.169  43 -99.00    0.014
2018-05-16-15:20:00 1.15  Mocks_Mamon/MockNFW640ellip0.5loga-2.08PA50center0.0_0.0With_background1num2.dat L-BFGS-B     1.0e-04 0 0 0 0     NFW        0.0000   0.0000     -2.551 0.000   0 -99.00   31.6       -2015.229       -4023.769    21   0.0000   0.0000     -1.667 0.141  42 -99.00    0.014
2018-05-16-15:20:00 1.15  Mocks_Mamon/MockNFW640ellip0.5loga-2.08PA50center0.0_0.0With_background1num3.dat L-BFGS-B     1.0e-04 0 0 0 0     NFW        0.0000  -0.0000     -2.574 0.000   0 -99.00   28.7       -1918.426       -3830.171    14   0.0000  -0.0000     -1.792 0.080  23 -99.00    0.009
2018-05-16-15:20:00 1.15  Mocks_Mamon/MockNFW640ellip0.5loga-2.08PA50center0.0_0.0With_background1num4.dat L-BFGS-B     1.0e-04 0 0 0 0     NFW        0.0001   0.0001     -2.468 0.000   0 -99.00   33.5       -2029.772        -4052.85    28   0.0001   0.0001     -1.690 0.154  38 -99.00    0.019
2018-05-16-15:20:00 1.15  Mocks_Mamon/MockNFW640ellip0.5loga-2.08PA50center0.0_0.0With_background1num5.dat L-BFGS-B     1.0e-04 0 0 0 0     NFW      360.0000   0.0000     -2.553 0.000   0 -99.00   31.2       -1996.013       -3985.329    21 360.0000   0.0000     -1.688 0.154  36 -99.00    0.014
2018-05-16-15:20:00 1.15  Mocks_Mamon/MockNFW640ellip0.5loga-2.08PA50center0.0_0.0With_background1num6.dat L-BFGS-B     1.0e-04 0 0 0 0     NFW        0.0000   0.0000     -2.405 0.000   0 -99.00   34.7       -1958.117       -3909.543    35   0.0000   0.0000     -1.684 0.154  33 -99.00    0.023
2018-05-16-15:20:00 1.15  Mocks_Mamon/MockNFW640ellip0.5loga-2.08PA50center0.0_0.0With_background1num7.dat L-BFGS-B     1.0e-04 0 0 0 0     NFW        0.0000   0.0000     -2.574 0.000   0 -99.00   30.3       -2049.862       -4093.034    14   0.0000   0.0000     -1.722 0.090  43 -99.00    0.009
2018-05-16-15:20:00 1.15  Mocks_Mamon/MockNFW640ellip0.5loga-2.08PA50center0.0_0.0With_background1num8.dat L-BFGS-B     1.0e-04 0 0 0 0     NFW      360.0000   0.0001     -2.477 0.000   0 -99.00   33.7       -2052.425       -4098.164    28 360.0000   0.0001     -1.619 0.188 140 -99.00    0.019
2018-05-16-15:20:00 1.15  Mocks_Mamon/MockNFW640ellip0.5loga-2.08PA50center0.0_0.0With_background1num9.dat L-BFGS-B     1.0e-04 0 0 0 0     NFW      360.0000  -0.0001     -2.540 0.000   0 -99.00   34.6       -2213.656       -4420.615    21 360.0000  -0.0001     -1.645 0.128  44 -99.00    0.015
2018-05-16-15:20:00 1.15  Mocks_Mamon/MockNFW640ellip0.5loga-2.08PA50center0.0_0.0With_background1num10.dat L-BFGS-B     1.0e-04 0 0 0 0     NFW        0.0001  -0.0000     -2.565 0.000   0 -99.00   30.4       -1997.878       -3989.069    21   0.0001  -0.0000     -1.695 0.110 142 -99.00    0.014
2018-05-16-15:20:00 1.15  Mocks_Mamon/MockNFW640ellip0.5loga-2.08PA50center0.0_0.0With_background1num11.dat L-BFGS-B     1.0e-04 0 0 0 0     NFW      360.0000   0.0000     -2.564 0.000   0 -99.00   30.5       -1994.428       -3982.167    21 360.0000   0.0000     -1.782 0.131  42 -99.00    0.014
2018-05-16-15:20:00 1.15  Mocks_Mamon/MockNFW640ellip0.5loga-2.08PA50center0.0_0.0With_background1num12.dat L-BFGS-B     1.0e-04 0 0 0 0     NFW      360.0000  -0.0000     -2.575 0.000   0 -99.00   29.6       -2025.112       -4043.528    14 360.0000  -0.0000     -1.709 0.032 157 -99.00    0.009
2018-05-16-15:20:00 1.15  Mocks_Mamon/MockNFW640ellip0.5loga-2.08PA50center0.0_0.0With_background1num13.dat L-BFGS-B     1.0e-04 0 0 0 0     NFW        0.0001   0.0000     -2.575 0.000   0 -99.00   30.0       -1997.363       -3988.033    14   0.0001   0.0000     -1.757 0.069 148 -99.00    0.010
2018-05-16-15:20:00 1.15  Mocks_Mamon/MockNFW640ellip0.5loga-2.08PA50center0.0_0.0With_background1num14.dat L-BFGS-B     1.0e-04 0 0 0 0     NFW        0.0001   0.0001     -2.575 0.000   0 -99.00   30.0       -2038.225       -4069.767    14   0.0001   0.0001     -1.781 0.090  43 -99.00    0.009
2018-05-16-15:20:00 1.15  Mocks_Mamon/MockNFW640ellip0.5loga-2.08PA50center0.0_0.0With_background1num15.dat L-BFGS-B     1.0e-04 0 0 0 0     NFW      359.9999   0.0001     -2.540 0.000   0 -99.00   33.1       -2133.211       -4259.734    21 359.9999   0.0001     -1.697 0.020 161 -99.00    0.014
2018-05-16-15:20:00 1.15  Mocks_Mamon/MockNFW640ellip0.5loga-2.08PA50center0.0_0.0With_background1num16.dat L-BFGS-B     1.0e-04 0 0 0 0     NFW        0.0000  -0.0001     -2.479 0.000   0 -99.00   34.6        -2108.01       -4209.337    28   0.0000  -0.0001     -1.672 0.120  24 -99.00    0.019
2018-05-16-15:20:00 1.15  Mocks_Mamon/MockNFW640ellip0.5loga-2.08PA50center0.0_0.0With_background1num17.dat L-BFGS-B     1.0e-04 0 0 0 0     NFW        0.0000  -0.0001     -2.571 0.000   0 -99.00   30.5       -2018.296       -4029.907    21   0.0000  -0.0001     -1.706 0.108 160 -99.00    0.014
2018-05-16-15:20:00 1.15  Mocks_Mamon/MockNFW640ellip0.5loga-2.08PA50center0.0_0.0With_background1num18.dat L-BFGS-B     1.0e-04 0 0 0 0     NFW      360.0000  -0.0000     -2.575 0.000   0 -99.00   30.3       -2002.306       -3997.919    14 360.0000  -0.0000     -1.743 0.185  29 -99.00    0.010
2018-05-16-15:20:00 1.15  Mocks_Mamon/MockNFW640ellip0.5loga-2.08PA50center0.0_0.0With_background1num19.dat L-BFGS-B     1.0e-04 0 0 0 0     NFW      360.0000  -0.0000     -2.394 0.000   0 -99.00   34.4       -1927.679       -3848.673    35 360.0000  -0.0000     -1.637 0.069  37 -99.00    0.023
2018-05-16-15:20:00 1.15  Mocks_Mamon/MockNFW640ellip0.5loga-2.08PA50center0.0_0.0With_background1num20.dat L-BFGS-B     1.0e-04 0 0 0 0     NFW        0.0000   0.0000     -2.457 0.000   0 -99.00   32.2       -1925.224       -3843.764    28   0.0000   0.0000     -1.761 0.094  28 -99.00    0.018
2018-05-16-15:20:00 1.15  Mocks_Mamon/MockNFW640ellip0.5loga-2.08PA50center0.0_0.0With_background1num21.dat L-BFGS-B     1.0e-04 0 0 0 0     NFW      359.9999  -0.0001     -2.450 0.000   0 -99.00   34.6       -2037.123       -4067.559    28 359.9999  -0.0001     -1.657 0.117 141 -99.00    0.019
2018-05-16-15:20:00 1.15  Mocks_Mamon/MockNFW640ellip0.5loga-2.08PA50center0.0_0.0With_background1num22.dat L-BFGS-B     1.0e-04 0 0 0 0     NFW        0.0001   0.0001     -2.478 0.000   0 -99.00   31.7       -1920.662       -3834.633    28   0.0001   0.0001     -1.714 0.147  31 -99.00    0.019
2018-05-16-15:20:00 1.15  Mocks_Mamon/MockNFW640ellip0.5loga-2.08PA50center0.0_0.0With_background1num23.dat L-BFGS-B     1.0e-04 0 0 0 0     NFW      359.9999  -0.0002     -2.575 0.000   0 -99.00   31.7       -2167.188       -4327.693    14 359.9999  -0.0002     -1.716 0.161  39 -99.00    0.010
2018-05-16-15:20:00 1.15  Mocks_Mamon/MockNFW640ellip0.5loga-2.08PA50center0.0_0.0With_background1num24.dat L-BFGS-B     1.0e-04 0 0 0 0     NFW      359.9999   0.0000     -2.541 0.000   0 -99.00   30.0       -1930.973       -3855.259    21 359.9999   0.0000     -1.756 0.148  34 -99.00    0.014
2018-05-16-15:20:00 1.15  Mocks_Mamon/MockNFW640ellip0.5loga-2.08PA50center0.0_0.0With_background1num25.dat L-BFGS-B     1.0e-04 0 0 0 0     NFW        0.0000  -0.0001     -2.420 0.000   0 -99.00   33.9       -1929.201       -3851.724    35   0.0000  -0.0001     -1.718 0.139  43 -99.00    0.023
2018-05-16-15:20:00 1.15  Mocks_Mamon/MockNFW640ellip0.5loga-2.08PA50center0.0_0.0With_background1num26.dat L-BFGS-B     1.0e-04 0 0 0 0     NFW        0.0000   0.0000     -2.574 0.000   0 -99.00   29.6       -1978.028       -3949.363    14   0.0000   0.0000     -1.797 0.078 139 -99.00    0.009
2018-05-16-15:20:00 1.15  Mocks_Mamon/MockNFW640ellip0.5loga-2.08PA50center0.0_0.0With_background1num27.dat L-BFGS-B     1.0e-04 0 0 0 0     NFW        0.0000  -0.0000     -2.574 0.000   0 -99.00   32.1       -2125.738       -4244.786    14   0.0000  -0.0000     -1.738 0.093 135 -99.00    0.010
2018-05-16-15:20:00 1.15  Mocks_Mamon/MockNFW640ellip0.5loga-2.08PA50center0.0_0.0With_background1num28.dat L-BFGS-B     1.0e-04 0 0 0 0     NFW      360.0000  -0.0000     -2.562 0.000   0 -99.00   30.0       -1955.939       -3905.191    21 360.0000  -0.0000     -1.653 0.169  32 -99.00    0.014
2018-05-16-15:20:00 1.15  Mocks_Mamon/MockNFW640ellip0.5loga-2.08PA50center0.0_0.0With_background1num29.dat L-BFGS-B     1.0e-04 0 0 0 0     NFW      360.0000  -0.0000     -2.575 0.000   0 -99.00   31.0       -2075.737       -4144.771    14 360.0000  -0.0000     -1.671 0.154  27 -99.00    0.010
2018-05-16-15:20:00 1.15  Mocks_Mamon/MockNFW640ellip0.5loga-2.08PA50center0.0_0.0With_background1num30.dat L-BFGS-B     1.0e-04 0 0 0 0     NFW      360.0000  -0.0000     -2.563 0.000   0 -99.00   30.7       -2016.897       -4027.103    21 360.0000  -0.0000     -1.719 0.026 137 -99.00    0.014
2018-05-16-15:20:00 1.15  Mocks_Mamon/MockNFW640ellip0.5loga-2.08PA50center0.0_0.0With_background1num31.dat L-BFGS-B     1.0e-04 0 0 0 0     NFW        0.0000   0.0000     -2.552 0.000   0 -99.00   30.9       -1994.394       -3982.097    21   0.0000   0.0000     -1.708 0.071 158 -99.00    0.015
2018-05-16-15:20:00 1.15  Mocks_Mamon/MockNFW640ellip0.5loga-2.08PA50center0.0_0.0With_background1num32.dat L-BFGS-B     1.0e-04 0 0 0 0     NFW        0.0000   0.0000     -2.564 0.000   0 -99.00   31.5       -2094.341       -4181.986    21   0.0000   0.0000     -1.739 0.190  44 -99.00    0.015
2018-05-16-15:20:00 1.15  Mocks_Mamon/MockNFW640ellip0.5loga-2.08PA50center0.0_0.0With_background1num33.dat L-BFGS-B     1.0e-04 0 0 0 0     NFW      360.0000  -0.0000     -2.570 0.000   0 -99.00   29.2       -1932.359       -3858.022    21 360.0000  -0.0000     -1.801 0.201 141 -99.00    0.014
2018-05-16-15:20:00 1.15  Mocks_Mamon/MockNFW640ellip0.5loga-2.08PA50center0.0_0.0With_background1num34.dat L-BFGS-B     1.0e-04 0 0 0 0     NFW        0.0001   0.0001     -2.480 0.000   0 -99.00   33.8        -2049.65       -4092.611    28   0.0001   0.0001     -1.699 0.151 146 -99.00    0.019
2018-05-16-15:20:00 1.15  Mocks_Mamon/MockNFW640ellip0.5loga-2.08PA50center0.0_0.0With_background1num35.dat L-BFGS-B     1.0e-04 0 0 0 0     NFW        0.0000   0.0001     -2.293 0.000   0 -99.00   37.8       -1891.603       -3776.524    42   0.0000   0.0001     -1.664 0.227  25 -99.00    0.028
2018-05-16-15:20:00 1.15  Mocks_Mamon/MockNFW640ellip0.5loga-2.08PA50center0.0_0.0With_background1num36.dat L-BFGS-B     1.0e-04 0 0 0 0     NFW        0.0000  -0.0000     -2.558 0.000   0 -99.00   30.6       -2001.629       -3996.579    21   0.0000  -0.0000     -1.731 0.068  45 -99.00    0.014
2018-05-16-15:20:00 1.15  Mocks_Mamon/MockNFW640ellip0.5loga-2.08PA50center0.0_0.0With_background1num37.dat L-BFGS-B     1.0e-04 0 0 0 0     NFW      359.9999   0.0000     -2.536 0.000   0 -99.00   31.1       -1970.071       -3933.455    21 359.9999   0.0000     -1.754 0.141  43 -99.00    0.014
2018-05-16-15:20:00 1.15  Mocks_Mamon/MockNFW640ellip0.5loga-2.08PA50center0.0_0.0With_background1num38.dat L-BFGS-B     1.0e-04 0 0 0 0     NFW        0.0001  -0.0000     -2.439 0.000   0 -99.00   33.4       -1970.165       -3933.636    35   0.0001  -0.0000     -1.699 0.208  35 -99.00    0.023
2018-05-16-15:20:00 1.15  Mocks_Mamon/MockNFW640ellip0.5loga-2.08PA50center0.0_0.0With_background1num39.dat L-BFGS-B     1.0e-04 0 0 0 0     NFW      360.0000   0.0000     -2.436 0.000   0 -99.00   35.6         -2079.4        -4152.11    35 360.0000   0.0000     -1.631 0.170  26 -99.00    0.024
2018-05-16-15:20:00 1.15  Mocks_Mamon/MockNFW640ellip0.5loga-2.08PA50center0.0_0.0With_background1num40.dat L-BFGS-B     1.0e-04 0 0 0 0     NFW        0.0000  -0.0001     -2.563 0.000   0 -99.00   32.7       -2164.504       -4322.323    21   0.0000  -0.0001     -1.646 0.172  32 -99.00    0.014
2018-05-16-15:20:00 1.15  Mocks_Mamon/MockNFW640ellip0.5loga-2.08PA50center0.0_0.0With_background1num41.dat L-BFGS-B     1.0e-04 0 0 0 0     NFW      360.0000  -0.0000     -2.562 0.000   0 -99.00   31.3       -2085.072       -4163.455    21 360.0000  -0.0000     -1.745 0.141  41 -99.00    0.014
2018-05-16-15:20:00 1.15  Mocks_Mamon/MockNFW640ellip0.5loga-2.08PA50center0.0_0.0With_background1num42.dat L-BFGS-B     1.0e-04 0 0 0 0     NFW      360.0000  -0.0002     -2.573 0.000   0 -99.00   32.1       -2122.066       -4237.447    21 360.0000  -0.0002     -1.749 0.116 135 -99.00    0.014
2018-05-16-15:20:00 1.15  Mocks_Mamon/MockNFW640ellip0.5loga-2.08PA50center0.0_0.0With_background1num43.dat L-BFGS-B     1.0e-04 0 0 0 0     NFW      360.0000   0.0000     -2.537 0.000   0 -99.00   31.9       -2036.348       -4066.015    21 360.0000   0.0000     -1.671 0.192  42 -99.00    0.015
2018-05-16-15:20:00 1.15  Mocks_Mamon/MockNFW640ellip0.5loga-2.08PA50center0.0_0.0With_background1num44.dat L-BFGS-B     1.0e-04 0 0 0 0     NFW        0.0001  -0.0000     -2.560 0.000   0 -99.00   29.3       -1923.222       -3839.764    21   0.0001  -0.0000     -1.737 0.143  40 -99.00    0.014
2018-05-16-15:20:00 1.15  Mocks_Mamon/MockNFW640ellip0.5loga-2.08PA50center0.0_0.0With_background1num45.dat L-BFGS-B     1.0e-04 0 0 0 0     NFW        0.0000   0.0000     -2.567 0.000   0 -99.00   31.2       -2042.516       -4078.345    21   0.0000   0.0000     -1.727 0.200 148 -99.00    0.014
2018-05-16-15:20:00 1.15  Mocks_Mamon/MockNFW640ellip0.5loga-2.08PA50center0.0_0.0With_background1num46.dat L-BFGS-B     1.0e-04 0 0 0 0     NFW      359.9999  -0.0000     -2.428 0.000   0 -99.00   35.1       -2053.462       -4100.226    28 359.9999  -0.0000     -1.697 0.185  28 -99.00    0.019
2018-05-16-15:20:00 1.15  Mocks_Mamon/MockNFW640ellip0.5loga-2.08PA50center0.0_0.0With_background1num47.dat L-BFGS-B     1.0e-04 0 0 0 0     NFW      360.0000   0.0000     -2.574 0.000   0 -99.00   30.0       -2026.214       -4045.748    14 360.0000   0.0000     -1.814 0.127 144 -99.00    0.009
2018-05-16-15:20:00 1.15  Mocks_Mamon/MockNFW640ellip0.5loga-2.08PA50center0.0_0.0With_background1num48.dat L-BFGS-B     1.0e-04 0 0 0 0     NFW      360.0000   0.0000     -2.375 0.000   0 -99.00   35.8       -1952.844       -3899.008    35 360.0000   0.0000     -1.754 0.192  37 -99.00    0.023
2018-05-16-15:20:00 1.15  Mocks_Mamon/MockNFW640ellip0.5loga-2.08PA50center0.0_0.0With_background1num49.dat L-BFGS-B     1.0e-04 0 0 0 0     NFW        0.0000  -0.0000     -2.577 0.000   0 -99.00   29.3       -1955.329       -3903.981    14   0.0000  -0.0000     -1.805 0.201  22 -99.00    0.009
2018-05-16-15:20:00 1.15  Mocks_Mamon/MockNFW640ellip0.5loga-2.08PA50center0.0_0.0With_background1num50.dat L-BFGS-B     1.0e-04 0 0 0 0     NFW      360.0000   0.0000     -2.575 0.000   0 -99.00   30.4       -2016.222       -4025.763    14 360.0000   0.0000     -1.769 0.155 138 -99.00    0.010
2018-05-16-15:20:00 1.15  Mocks_Mamon/MockNFW640ellip0.5loga-2.08PA50center0.0_0.0With_background1num51.dat L-BFGS-B     1.0e-04 0 0 0 0     NFW        0.0001   0.0001     -2.575 0.000   0 -99.00   28.3       -1905.437        -3804.18    14   0.0001   0.0001     -1.786 0.101 144 -99.00    0.009
2018-05-16-15:20:00 1.15  Mocks_Mamon/MockNFW640ellip0.5loga-2.08PA50center0.0_0.0With_background1num52.dat L-BFGS-B     1.0e-04 0 0 0 0     NFW        0.0000   0.0000     -2.481 0.000   0 -99.00   32.6       -1974.354       -3942.015    28   0.0000   0.0000     -1.714 0.011  40 -99.00    0.019
2018-05-16-15:20:00 1.15  Mocks_Mamon/MockNFW640ellip0.5loga-2.08PA50center0.0_0.0With_background1num53.dat L-BFGS-B     1.0e-04 0 0 0 0     NFW        0.0000   0.0000     -2.575 0.000   0 -99.00   31.8       -2135.599       -4264.499    14   0.0000   0.0000     -1.691 0.171  25 -99.00    0.010
2018-05-16-15:20:00 1.15  Mocks_Mamon/MockNFW640ellip0.5loga-2.08PA50center0.0_0.0With_background1num54.dat L-BFGS-B     1.0e-04 0 0 0 0     NFW      360.0000  -0.0001     -2.380 0.000   0 -99.00   36.5       -2001.478       -3996.268    35 360.0000  -0.0001     -1.634 0.126 139 -99.00    0.024
2018-05-16-15:20:00 1.15  Mocks_Mamon/MockNFW640ellip0.5loga-2.08PA50center0.0_0.0With_background1num55.dat L-BFGS-B     1.0e-04 0 0 0 0     NFW        0.0000  -0.0000     -2.462 0.000   0 -99.00   32.4       -1954.215       -3901.738    28   0.0000  -0.0000     -1.687 0.161  28 -99.00    0.019
2018-05-16-15:20:00 1.15  Mocks_Mamon/MockNFW640ellip0.5loga-2.08PA50center0.0_0.0With_background1num56.dat L-BFGS-B     1.0e-04 0 0 0 0     NFW        0.0000  -0.0000     -2.384 0.000   0 -99.00   34.8       -1938.444       -3870.211    35   0.0000  -0.0000     -1.625 0.144  32 -99.00    0.023
2018-05-16-15:20:00 1.15  Mocks_Mamon/MockNFW640ellip0.5loga-2.08PA50center0.0_0.0With_background1num57.dat L-BFGS-B     1.0e-04 0 0 0 0     NFW        0.0001  -0.0000     -2.575 0.000   0 -99.00   30.0        -1996.73       -3986.778    14   0.0001  -0.0000     -1.763 0.211  43 -99.00    0.009
2018-05-16-15:20:00 1.15  Mocks_Mamon/MockNFW640ellip0.5loga-2.08PA50center0.0_0.0With_background1num58.dat L-BFGS-B     1.0e-04 0 0 0 0     NFW      360.0000  -0.0000     -2.575 0.000   0 -99.00   30.2       -2002.584       -3998.482    14 360.0000  -0.0000     -1.701 0.141  42 -99.00    0.010
2018-05-16-15:20:00 1.15  Mocks_Mamon/MockNFW640ellip0.5loga-2.08PA50center0.0_0.0With_background1num59.dat L-BFGS-B     1.0e-04 0 0 0 0     NFW      359.9999   0.0000     -2.336 0.000   0 -99.00   37.8       -1969.839       -3933.012    35 359.9999   0.0000     -1.634 0.147 144 -99.00    0.023
2018-05-16-15:20:00 1.15  Mocks_Mamon/MockNFW640ellip0.5loga-2.08PA50center0.0_0.0With_background1num60.dat L-BFGS-B     1.0e-04 0 0 0 0     NFW        0.0000   0.0000     -2.574 0.000   0 -99.00   29.0       -1950.216        -3893.75    14   0.0000   0.0000     -1.796 0.091  34 -99.00    0.009
2018-05-16-15:20:00 1.15  Mocks_Mamon/MockNFW640ellip0.5loga-2.08PA50center0.0_0.0With_background1num61.dat L-BFGS-B     1.0e-04 0 0 0 0     NFW        0.0001   0.0000     -2.576 0.000   0 -99.00   29.4       -1967.505       -3928.326    14   0.0001   0.0000     -1.759 0.105  38 -99.00    0.009
2018-05-16-15:20:00 1.15  Mocks_Mamon/MockNFW640ellip0.5loga-2.08PA50center0.0_0.0With_background1num62.dat L-BFGS-B     1.0e-04 0 0 0 0     NFW        0.0000  -0.0000     -2.574 0.000   0 -99.00   31.0       -2067.071        -4127.45    14   0.0000  -0.0000     -1.664 0.082  42 -99.00    0.013
2018-05-16-15:20:00 1.15  Mocks_Mamon/MockNFW640ellip0.5loga-2.08PA50center0.0_0.0With_background1num63.dat L-BFGS-B     1.0e-04 0 0 0 0     NFW        0.0000   0.0000     -2.572 0.000   0 -99.00   31.4       -2084.177        -4161.66    21   0.0000   0.0000     -1.722 0.134  44 -99.00    0.014
2018-05-16-15:20:00 1.15  Mocks_Mamon/MockNFW640ellip0.5loga-2.08PA50center0.0_0.0With_background1num64.dat L-BFGS-B     1.0e-04 0 0 0 0     NFW        0.0000   0.0000     -2.576 0.000   0 -99.00   30.6       -2044.891       -4083.084    14   0.0000   0.0000     -1.736 0.153  27 -99.00    0.009
2018-05-16-15:20:00 1.15  Mocks_Mamon/MockNFW640ellip0.5loga-2.08PA50center0.0_0.0With_background1num65.dat L-BFGS-B     1.0e-04 0 0 0 0     NFW      360.0000  -0.0000     -2.575 0.000   0 -99.00   31.5       -2087.071       -4167.462    14 360.0000  -0.0000     -1.708 0.098  11 -99.00    0.009
2018-05-16-15:20:00 1.15  Mocks_Mamon/MockNFW640ellip0.5loga-2.08PA50center0.0_0.0With_background1num66.dat L-BFGS-B     1.0e-04 0 0 0 0     NFW      360.0000  -0.0000     -2.456 0.000   0 -99.00   34.2       -2022.936       -4039.192    28 360.0000  -0.0000     -1.615 0.179  40 -99.00    0.019
2018-05-16-15:20:00 1.15  Mocks_Mamon/MockNFW640ellip0.5loga-2.08PA50center0.0_0.0With_background1num67.dat L-BFGS-B     1.0e-04 0 0 0 0     NFW      360.0000  -0.0000     -2.576 0.000   0 -99.00   27.2       -1812.414       -3618.139    14 360.0000  -0.0000     -1.856 0.159  23 -99.00    0.009
2018-05-16-15:20:00 1.15  Mocks_Mamon/MockNFW640ellip0.5loga-2.08PA50center0.0_0.0With_background1num68.dat L-BFGS-B     1.0e-04 0 0 0 0     NFW      360.0000  -0.0000     -2.323 0.000   0 -99.00   38.0       -1964.553       -3922.418    42 360.0000  -0.0000     -1.695 0.162 138 -99.00    0.028
2018-05-16-15:20:00 1.15  Mocks_Mamon/MockNFW640ellip0.5loga-2.08PA50center0.0_0.0With_background1num69.dat L-BFGS-B     1.0e-04 0 0 0 0     NFW        0.0000   0.0001     -2.538 0.000   0 -99.00   30.0       -1910.637        -3814.59    21   0.0000   0.0001     -1.749 0.147  25 -99.00    0.014
2018-05-16-15:20:00 1.15  Mocks_Mamon/MockNFW640ellip0.5loga-2.08PA50center0.0_0.0With_background1num70.dat L-BFGS-B     1.0e-04 0 0 0 0     NFW      360.0000   0.0000     -2.575 0.000   0 -99.00   30.8       -2045.429       -4084.182    14 360.0000   0.0000     -1.704 0.139 140 -99.00    0.009
2018-05-16-15:20:00 1.15  Mocks_Mamon/MockNFW640ellip0.5loga-2.08PA50center0.0_0.0With_background1num71.dat L-BFGS-B     1.0e-04 0 0 0 0     NFW        0.0000   0.0000     -2.575 0.000   0 -99.00   31.1        -2070.41       -4134.135    14   0.0000   0.0000     -1.660 0.121 139 -99.00    0.010
2018-05-16-15:20:00 1.15  Mocks_Mamon/MockNFW640ellip0.5loga-2.08PA50center0.0_0.0With_background1num72.dat L-BFGS-B     1.0e-04 0 0 0 0     NFW        0.0001   0.0000     -2.575 0.000   0 -99.00   30.4        -2055.85       -4105.005    14   0.0001   0.0000     -1.816 0.127 136 -99.00    0.010
2018-05-16-15:20:00 1.15  Mocks_Mamon/MockNFW640ellip0.5loga-2.08PA50center0.0_0.0With_background1num73.dat L-BFGS-B     1.0e-04 0 0 0 0     NFW      360.0000   0.0000     -2.348 0.000   0 -99.00   36.7       -1968.816       -3930.954    35 360.0000   0.0000     -1.636 0.032  31 -99.00    0.023
2018-05-16-15:20:00 1.15  Mocks_Mamon/MockNFW640ellip0.5loga-2.08PA50center0.0_0.0With_background1num74.dat L-BFGS-B     1.0e-04 0 0 0 0     NFW        0.0000  -0.0000     -2.549 0.000   0 -99.00   30.9       -2002.439       -3998.185    21   0.0000  -0.0000     -1.728 0.162  35 -99.00    0.014
2018-05-16-15:20:00 1.15  Mocks_Mamon/MockNFW640ellip0.5loga-2.08PA50center0.0_0.0With_background1num75.dat L-BFGS-B     1.0e-04 0 0 0 0     NFW      360.0000  -0.0000     -2.545 0.000   0 -99.00   32.5       -2095.379       -4184.066    21 360.0000  -0.0000     -1.651 0.108  38 -99.00    0.014
2018-05-16-15:20:00 1.15  Mocks_Mamon/MockNFW640ellip0.5loga-2.08PA50center0.0_0.0With_background1num76.dat L-BFGS-B     1.0e-04 0 0 0 0     NFW      360.0000  -0.0001     -2.547 0.000   0 -99.00   31.2       -2011.719       -4016.749    21 360.0000  -0.0001     -1.742 0.047  39 -99.00    0.014
2018-05-16-15:20:00 1.15  Mocks_Mamon/MockNFW640ellip0.5loga-2.08PA50center0.0_0.0With_background1num77.dat L-BFGS-B     1.0e-04 0 0 0 0     NFW        0.0000  -0.0000     -2.574 0.000   0 -99.00   30.8       -2090.881       -4175.088    14   0.0000  -0.0000     -1.757 0.211  29 -99.00    0.009
2018-05-16-15:20:00 1.15  Mocks_Mamon/MockNFW640ellip0.5loga-2.08PA50center0.0_0.0With_background1num78.dat L-BFGS-B     1.0e-04 0 0 0 0     NFW      359.9999  -0.0001     -2.263 0.000   0 -99.00   39.7       -1939.132       -3871.579    42 359.9999  -0.0001     -1.603 0.121  43 -99.00    0.028
2018-05-16-15:20:00 1.15  Mocks_Mamon/MockNFW640ellip0.5loga-2.08PA50center0.0_0.0With_background1num79.dat L-BFGS-B     1.0e-04 0 0 0 0     NFW      360.0000  -0.0000     -2.441 0.000   0 -99.00   32.3       -1909.305       -3811.917    28 360.0000  -0.0000     -1.691 0.206 140 -99.00    0.019
2018-05-16-15:20:00 1.15  Mocks_Mamon/MockNFW640ellip0.5loga-2.08PA50center0.0_0.0With_background1num80.dat L-BFGS-B     1.0e-04 0 0 0 0     NFW      360.0000   0.0000     -2.541 0.000   0 -99.00   31.5       -2011.883       -4017.075    21 360.0000   0.0000     -1.693 0.100 135 -99.00    0.014
2018-05-16-15:20:00 1.15  Mocks_Mamon/MockNFW640ellip0.5loga-2.08PA50center0.0_0.0With_background1num81.dat L-BFGS-B     1.0e-04 0 0 0 0     NFW      359.9999   0.0000     -2.575 0.000   0 -99.00   30.4       -2070.433       -4134.177    14 359.9999   0.0000     -1.712 0.172  38 -99.00    0.010
2018-05-16-15:20:00 1.15  Mocks_Mamon/MockNFW640ellip0.5loga-2.08PA50center0.0_0.0With_background1num82.dat L-BFGS-B     1.0e-04 0 0 0 0     NFW      360.0000   0.0000     -2.544 0.000   0 -99.00   30.8        -1976.59       -3946.492    21 360.0000   0.0000     -1.702 0.163  42 -99.00    0.014
2018-05-16-15:20:00 1.15  Mocks_Mamon/MockNFW640ellip0.5loga-2.08PA50center0.0_0.0With_background1num83.dat L-BFGS-B     1.0e-04 0 0 0 0     NFW      360.0000  -0.0000     -2.560 0.000   0 -99.00   29.3       -1916.522       -3826.362    21 360.0000  -0.0000     -1.717 0.143  28 -99.00    0.014
2018-05-16-15:20:00 1.15  Mocks_Mamon/MockNFW640ellip0.5loga-2.08PA50center0.0_0.0With_background1num84.dat L-BFGS-B     1.0e-04 0 0 0 0     NFW      360.0000   0.0000     -2.575 0.000   0 -99.00   28.4       -1896.547       -3786.406    14 360.0000   0.0000     -1.742 0.118  31 -99.00    0.009
2018-05-16-15:20:00 1.15  Mocks_Mamon/MockNFW640ellip0.5loga-2.08PA50center0.0_0.0With_background1num85.dat L-BFGS-B     1.0e-04 0 0 0 0     NFW      360.0000   0.0000     -2.537 0.000   0 -99.00   31.4       -2006.697       -4006.691    21 360.0000   0.0000     -1.701 0.051  22 -99.00    0.014
2018-05-16-15:20:00 1.15  Mocks_Mamon/MockNFW640ellip0.5loga-2.08PA50center0.0_0.0With_background1num86.dat L-BFGS-B     1.0e-04 0 0 0 0     NFW      359.9999  -0.0001     -2.450 0.000   0 -99.00   34.0       -2014.092       -4021.498    28 359.9999  -0.0001     -1.674 0.148 141 -99.00    0.019
2018-05-16-15:20:00 1.15  Mocks_Mamon/MockNFW640ellip0.5loga-2.08PA50center0.0_0.0With_background1num87.dat L-BFGS-B     1.0e-04 0 0 0 0     NFW      360.0000  -0.0000     -2.574 0.000   0 -99.00   31.3       -2114.315       -4221.938    14 360.0000  -0.0000     -1.705 0.134  44 -99.00    0.010
2018-05-16-15:20:00 1.15  Mocks_Mamon/MockNFW640ellip0.5loga-2.08PA50center0.0_0.0With_background1num88.dat L-BFGS-B     1.0e-04 0 0 0 0     NFW        0.0000   0.0000     -2.406 0.000   0 -99.00   36.7       -2073.119       -4139.541    35   0.0000   0.0000     -1.648 0.116 137 -99.00    0.024
2018-05-16-15:20:00 1.15  Mocks_Mamon/MockNFW640ellip0.5loga-2.08PA50center0.0_0.0With_background1num89.dat L-BFGS-B     1.0e-04 0 0 0 0     NFW      360.0000  -0.0000     -2.488 0.000   0 -99.00   32.7       -2001.625        -3996.57    28 360.0000  -0.0000     -1.698 0.120 147 -99.00    0.019
2018-05-16-15:20:00 1.15  Mocks_Mamon/MockNFW640ellip0.5loga-2.08PA50center0.0_0.0With_background1num90.dat L-BFGS-B     1.0e-04 0 0 0 0     NFW        0.0000   0.0000     -2.444 0.000   0 -99.00   33.5       -1997.634       -3988.592    28   0.0000   0.0000     -1.730 0.107  26 -99.00    0.019
2018-05-16-15:20:00 1.15  Mocks_Mamon/MockNFW640ellip0.5loga-2.08PA50center0.0_0.0With_background1num91.dat L-BFGS-B     1.0e-04 0 0 0 0     NFW      360.0000  -0.0000     -2.574 0.000   0 -99.00   31.4       -2101.572       -4196.447    14 360.0000  -0.0000     -1.698 0.146  33 -99.00    0.010
2018-05-16-15:20:00 1.15  Mocks_Mamon/MockNFW640ellip0.5loga-2.08PA50center0.0_0.0With_background1num92.dat L-BFGS-B     1.0e-04 0 0 0 0     NFW        0.0001   0.0000     -2.554 0.000   0 -99.00   29.7        -1926.81       -3846.941    21   0.0001   0.0000     -1.781 0.169  38 -99.00    0.014
2018-05-16-15:20:00 1.15  Mocks_Mamon/MockNFW640ellip0.5loga-2.08PA50center0.0_0.0With_background1num93.dat L-BFGS-B     1.0e-04 0 0 0 0     NFW      359.9999  -0.0001     -2.574 0.000   0 -99.00   31.3       -2104.399       -4202.116    14 359.9999  -0.0001     -1.723 0.171 140 -99.00    0.010
2018-05-16-15:20:00 1.15  Mocks_Mamon/MockNFW640ellip0.5loga-2.08PA50center0.0_0.0With_background1num94.dat L-BFGS-B     1.0e-04 0 0 0 0     NFW      360.0000   0.0001     -2.544 0.000   0 -99.00   31.2       -1994.931       -3983.163    21 360.0000   0.0001     -1.783 0.152  24 -99.00    0.014
2018-05-16-15:20:00 1.15  Mocks_Mamon/MockNFW640ellip0.5loga-2.08PA50center0.0_0.0With_background1num95.dat L-BFGS-B     1.0e-04 0 0 0 0     NFW      360.0000   0.0000     -2.554 0.000   0 -99.00   32.2        -2103.32       -4199.955    21 360.0000   0.0000     -1.628 0.191  40 -99.00    0.014
2018-05-16-15:20:00 1.15  Mocks_Mamon/MockNFW640ellip0.5loga-2.08PA50center0.0_0.0With_background1num96.dat L-BFGS-B     1.0e-04 0 0 0 0     NFW      360.0000  -0.0000     -2.444 0.000   0 -99.00   31.7       -1879.539       -3752.396    28 360.0000  -0.0000     -1.703 0.114  18 -99.00    0.018
2018-05-16-15:20:00 1.15  Mocks_Mamon/MockNFW640ellip0.5loga-2.08PA50center0.0_0.0With_background1num97.dat L-BFGS-B     1.0e-04 0 0 0 0     NFW      360.0000  -0.0000     -2.575 0.000   0 -99.00   31.5       -2090.624       -4174.558    14 360.0000  -0.0000     -1.606 0.140 141 -99.00    0.010
2018-05-16-15:20:00 1.15  Mocks_Mamon/MockNFW640ellip0.5loga-2.08PA50center0.0_0.0With_background1num98.dat L-BFGS-B     1.0e-04 0 0 0 0     NFW        0.0001   0.0000     -2.575 0.000   0 -99.00   31.0       -2072.293       -4137.909    14   0.0001   0.0000     -1.658 0.129  14 -99.00    0.009
2018-05-16-15:20:00 1.15  Mocks_Mamon/MockNFW640ellip0.5loga-2.08PA50center0.0_0.0With_background1num99.dat L-BFGS-B     1.0e-04 0 0 0 0     NFW      360.0000   0.0000     -2.574 0.000   0 -99.00   31.5       -2131.408        -4256.12    14 360.0000   0.0000     -1.641 0.142  28 -99.00    0.009
