2018-05-16-15:18:59 1.15  Mocks_Mamon/MockNFW80ellip0.5loga-2.08PA50center0.0_0.0With_background1num0.dat Diff-Evol    1.0e-04 0 0 0 0     NFW      360.0000   0.0003     -0.972 0.000   0 -99.00  133.1       -606.4823       -1207.348   464 360.0000   0.0003     -1.007 0.109 165 -99.00    0.299
2018-05-16-15:18:59 1.15  Mocks_Mamon/MockNFW80ellip0.5loga-2.08PA50center0.0_0.0With_background1num1.dat Diff-Evol    1.0e-04 0 0 0 0     NFW      359.9999  -0.0004     -0.971 0.000   0 -99.00  127.1       -566.2593       -1126.902   464 359.9999  -0.0004     -0.950 0.116 139 -99.00    0.298
2018-05-16-15:18:59 1.15  Mocks_Mamon/MockNFW80ellip0.5loga-2.08PA50center0.0_0.0With_background1num2.dat Diff-Evol    1.0e-04 0 0 0 0     NFW        0.0003   0.0002     -0.972 0.000   0 -99.00  136.9       -621.5091       -1237.394   644   0.0003   0.0002     -0.991 0.062   9 -99.00    0.417
2018-05-16-15:18:59 1.15  Mocks_Mamon/MockNFW80ellip0.5loga-2.08PA50center0.0_0.0With_background1num3.dat Diff-Evol    1.0e-04 0 0 0 0     NFW      359.9987  -0.0001     -1.012 0.000   0 -99.00  124.0       -633.3201       -1261.016   416 359.9987  -0.0001     -0.974 0.098 159 -99.00    0.265
2018-05-16-15:18:59 1.15  Mocks_Mamon/MockNFW80ellip0.5loga-2.08PA50center0.0_0.0With_background1num4.dat Diff-Evol    1.0e-04 0 0 0 0     NFW      359.9996   0.0001     -0.982 0.000   0 -99.00  133.7       -626.1964       -1246.765   603 359.9996   0.0001     -0.987 0.073  38 -99.00    0.385
2018-05-16-15:18:59 1.15  Mocks_Mamon/MockNFW80ellip0.5loga-2.08PA50center0.0_0.0With_background1num5.dat Diff-Evol    1.0e-04 0 0 0 0     NFW        0.0001   0.0001     -1.062 0.000   0 -99.00   97.2       -568.8785       -1132.137   388   0.0001   0.0001     -0.943 0.094 167 -99.00    0.244
2018-05-16-15:18:59 1.15  Mocks_Mamon/MockNFW80ellip0.5loga-2.08PA50center0.0_0.0With_background1num6.dat Diff-Evol    1.0e-04 0 0 0 0     NFW        0.0003   0.0002     -0.973 0.000   0 -99.00  126.5       -580.0419       -1154.463   471   0.0003   0.0002     -0.987 0.046  23 -99.00    0.300
2018-05-16-15:18:59 1.15  Mocks_Mamon/MockNFW80ellip0.5loga-2.08PA50center0.0_0.0With_background1num7.dat Diff-Evol    1.0e-04 0 0 0 0     NFW        0.0000  -0.0000     -1.105 0.000   0 -99.00   86.4       -564.4784       -1123.336   485   0.0000  -0.0000     -0.963 0.046  20 -99.00    0.308
2018-05-16-15:18:59 1.15  Mocks_Mamon/MockNFW80ellip0.5loga-2.08PA50center0.0_0.0With_background1num8.dat Diff-Evol    1.0e-04 0 0 0 0     NFW      359.9995   0.0001     -1.044 0.000   0 -99.00   99.5         -555.49        -1105.36   388 359.9995   0.0001     -0.998 0.015 153 -99.00    0.247
2018-05-16-15:18:59 1.15  Mocks_Mamon/MockNFW80ellip0.5loga-2.08PA50center0.0_0.0With_background1num9.dat Diff-Evol    1.0e-04 0 0 0 0     NFW        0.0001   0.0002     -0.973 0.000   0 -99.00  128.6       -585.9121         -1166.2   464   0.0001   0.0002     -0.946 0.150  41 -99.00    0.298
2018-05-16-15:18:59 1.15  Mocks_Mamon/MockNFW80ellip0.5loga-2.08PA50center0.0_0.0With_background1num10.dat Diff-Evol    1.0e-04 0 0 0 0     NFW      359.9999   0.0010     -1.312 0.000   0 -99.00   61.8       -665.4404        -1325.25   305 359.9999   0.0010     -1.003 0.062   2 -99.00    0.193
2018-05-16-15:18:59 1.15  Mocks_Mamon/MockNFW80ellip0.5loga-2.08PA50center0.0_0.0With_background1num11.dat Diff-Evol    1.0e-04 0 0 0 0     NFW      360.0000  -0.0004     -0.973 0.000   0 -99.00  131.6       -595.6061       -1185.585   464 360.0000  -0.0004     -0.977 0.048  25 -99.00    0.298
2018-05-16-15:18:59 1.15  Mocks_Mamon/MockNFW80ellip0.5loga-2.08PA50center0.0_0.0With_background1num12.dat Diff-Evol    1.0e-04 0 0 0 0     NFW        0.0003   0.0001     -0.972 0.000   0 -99.00  122.5       -549.0887       -1092.561   554   0.0003   0.0001     -0.957 0.025 172 -99.00    0.354
2018-05-16-15:18:59 1.15  Mocks_Mamon/MockNFW80ellip0.5loga-2.08PA50center0.0_0.0With_background1num13.dat Diff-Evol    1.0e-04 0 0 0 0     NFW        0.0000   0.0000     -0.972 0.000   0 -99.00  121.0       -548.4102       -1091.222   464   0.0000   0.0000     -0.982 0.101   5 -99.00    0.295
2018-05-16-15:18:59 1.15  Mocks_Mamon/MockNFW80ellip0.5loga-2.08PA50center0.0_0.0With_background1num14.dat Diff-Evol    1.0e-04 0 0 0 0     NFW        0.0002   0.0000     -0.972 0.000   0 -99.00  121.8       -543.0636       -1080.503   554   0.0002   0.0000     -0.977 0.078   5 -99.00    0.357
2018-05-16-15:18:59 1.15  Mocks_Mamon/MockNFW80ellip0.5loga-2.08PA50center0.0_0.0With_background1num15.dat Diff-Evol    1.0e-04 0 0 0 0     NFW      360.0000  -0.0030     -1.578 0.000   0 -99.00   40.1       -726.6537        -1447.68   215 360.0000  -0.0030     -0.959 0.038  12 -99.00    0.135
2018-05-16-15:18:59 1.15  Mocks_Mamon/MockNFW80ellip0.5loga-2.08PA50center0.0_0.0With_background1num16.dat Diff-Evol    1.0e-04 0 0 0 0     NFW        0.0000   0.0000     -1.002 0.000   0 -99.00  122.7       -609.0578       -1212.499   486   0.0000   0.0000     -0.991 0.068  17 -99.00    0.304
2018-05-16-15:18:59 1.15  Mocks_Mamon/MockNFW80ellip0.5loga-2.08PA50center0.0_0.0With_background1num17.dat Diff-Evol    1.0e-04 0 0 0 0     NFW        0.0004   0.0000     -1.202 0.000   0 -99.00   67.7       -565.1836        -1124.75   354   0.0004   0.0000     -0.966 0.111  18 -99.00    0.219
2018-05-16-15:18:59 1.15  Mocks_Mamon/MockNFW80ellip0.5loga-2.08PA50center0.0_0.0With_background1num18.dat Diff-Evol    1.0e-04 0 0 0 0     NFW        0.0002  -0.0003     -1.276 0.000   0 -99.00   61.0       -605.5827       -1205.541   291   0.0002  -0.0003     -0.986 0.034  12 -99.00    0.184
2018-05-16-15:18:59 1.15  Mocks_Mamon/MockNFW80ellip0.5loga-2.08PA50center0.0_0.0With_background1num19.dat Diff-Evol    1.0e-04 0 0 0 0     NFW        0.0001  -0.0002     -0.973 0.000   0 -99.00  125.6       -572.9611       -1140.305   464   0.0001  -0.0002     -0.994 0.117  37 -99.00    0.297
2018-05-16-15:18:59 1.15  Mocks_Mamon/MockNFW80ellip0.5loga-2.08PA50center0.0_0.0With_background1num20.dat Diff-Evol    1.0e-04 0 0 0 0     NFW        0.0003  -0.0007     -1.200 0.000   0 -99.00   79.3       -660.6684       -1315.713   368   0.0003  -0.0007     -1.041 0.084  25 -99.00    0.231
2018-05-16-15:18:59 1.15  Mocks_Mamon/MockNFW80ellip0.5loga-2.08PA50center0.0_0.0With_background1num21.dat Diff-Evol    1.0e-04 0 0 0 0     NFW        0.0010   0.0002     -1.156 0.000   0 -99.00   84.5       -630.1302       -1254.622   381   0.0010   0.0002     -0.969 0.035 140 -99.00    0.244
2018-05-16-15:18:59 1.15  Mocks_Mamon/MockNFW80ellip0.5loga-2.08PA50center0.0_0.0With_background1num22.dat Diff-Evol    1.0e-04 0 0 0 0     NFW        0.0001   0.0003     -1.137 0.000   0 -99.00   90.8       -645.9331       -1286.228   298   0.0001   0.0003     -0.996 0.047  23 -99.00    0.190
2018-05-16-15:18:59 1.15  Mocks_Mamon/MockNFW80ellip0.5loga-2.08PA50center0.0_0.0With_background1num23.dat Diff-Evol    1.0e-04 0 0 0 0     NFW        0.0039  -0.0000     -1.788 0.000   0 -99.00   29.3        -755.164         -1504.7   208   0.0039  -0.0000     -0.995 0.091 178 -99.00    0.132
2018-05-16-15:18:59 1.15  Mocks_Mamon/MockNFW80ellip0.5loga-2.08PA50center0.0_0.0With_background1num24.dat Diff-Evol    1.0e-04 0 0 0 0     NFW        0.0000  -0.0000     -1.183 0.000   0 -99.00   79.6       -635.1121         -1264.6   485   0.0000  -0.0000     -1.012 0.079 154 -99.00    0.310
2018-05-16-15:18:59 1.15  Mocks_Mamon/MockNFW80ellip0.5loga-2.08PA50center0.0_0.0With_background1num25.dat Diff-Evol    1.0e-04 0 0 0 0     NFW      359.9998  -0.0004     -0.971 0.000   0 -99.00  135.4       -611.1478       -1216.682   464 359.9998  -0.0004     -0.968 0.109 138 -99.00    0.299
2018-05-16-15:18:59 1.15  Mocks_Mamon/MockNFW80ellip0.5loga-2.08PA50center0.0_0.0With_background1num26.dat Diff-Evol    1.0e-04 0 0 0 0     NFW        0.0000   0.0001     -1.075 0.000   0 -99.00   94.3       -570.5659       -1135.519   478   0.0000   0.0001     -0.980 0.156   3 -99.00    0.305
2018-05-16-15:18:59 1.15  Mocks_Mamon/MockNFW80ellip0.5loga-2.08PA50center0.0_0.0With_background1num27.dat Diff-Evol    1.0e-04 0 0 0 0     NFW      360.0000   0.0001     -1.367 0.000   0 -99.00   48.9       -591.0214       -1176.426   305 360.0000   0.0001     -1.012 0.076   1 -99.00    0.192
2018-05-16-15:18:59 1.15  Mocks_Mamon/MockNFW80ellip0.5loga-2.08PA50center0.0_0.0With_background1num28.dat Diff-Evol    1.0e-04 0 0 0 0     NFW        0.0004  -0.0000     -0.973 0.000   0 -99.00  132.4        -604.354       -1203.091   554   0.0004  -0.0000     -0.999 0.138  15 -99.00    0.358
2018-05-16-15:18:59 1.15  Mocks_Mamon/MockNFW80ellip0.5loga-2.08PA50center0.0_0.0With_background1num29.dat Diff-Evol    1.0e-04 0 0 0 0     NFW        0.0003  -0.0002     -1.199 0.000   0 -99.00   74.3       -613.8257       -1222.024   298   0.0003  -0.0002     -0.976 0.036  44 -99.00    0.189
2018-05-16-15:18:59 1.15  Mocks_Mamon/MockNFW80ellip0.5loga-2.08PA50center0.0_0.0With_background1num30.dat Diff-Evol    1.0e-04 0 0 0 0     NFW        0.0000   0.0005     -0.971 0.000   0 -99.00  130.1       -588.5066       -1171.389   374   0.0000   0.0005     -0.967 0.047   3 -99.00    0.239
2018-05-16-15:18:59 1.15  Mocks_Mamon/MockNFW80ellip0.5loga-2.08PA50center0.0_0.0With_background1num31.dat Diff-Evol    1.0e-04 0 0 0 0     NFW        0.0001   0.0003     -1.025 0.000   0 -99.00  111.7        -589.985       -1174.353   471   0.0001   0.0003     -0.966 0.129  33 -99.00    0.301
2018-05-16-15:18:59 1.15  Mocks_Mamon/MockNFW80ellip0.5loga-2.08PA50center0.0_0.0With_background1num32.dat Diff-Evol    1.0e-04 0 0 0 0     NFW        0.0000  -0.0001     -0.974 0.000   0 -99.00  127.1       -561.4903       -1117.357   644   0.0000  -0.0001     -0.964 0.065  37 -99.00    0.415
2018-05-16-15:18:59 1.15  Mocks_Mamon/MockNFW80ellip0.5loga-2.08PA50center0.0_0.0With_background1num33.dat Diff-Evol    1.0e-04 0 0 0 0     NFW      359.9997  -0.0001     -0.972 0.000   0 -99.00  130.1       -590.1746       -1174.729   464 359.9997  -0.0001     -0.970 0.031 146 -99.00    0.298
2018-05-16-15:18:59 1.15  Mocks_Mamon/MockNFW80ellip0.5loga-2.08PA50center0.0_0.0With_background1num34.dat Diff-Evol    1.0e-04 0 0 0 0     NFW        0.0009  -0.0001     -0.971 0.000   0 -99.00  127.8       -574.3189       -1143.006   464   0.0009  -0.0001     -0.990 0.124  36 -99.00    0.298
2018-05-16-15:18:59 1.15  Mocks_Mamon/MockNFW80ellip0.5loga-2.08PA50center0.0_0.0With_background1num35.dat Diff-Evol    1.0e-04 0 0 0 0     NFW        0.0005  -0.0006     -0.971 0.000   0 -99.00  123.3       -562.1254       -1118.645   374   0.0005  -0.0006     -0.954 0.046 160 -99.00    0.239
2018-05-16-15:18:59 1.15  Mocks_Mamon/MockNFW80ellip0.5loga-2.08PA50center0.0_0.0With_background1num36.dat Diff-Evol    1.0e-04 0 0 0 0     NFW        0.0001   0.0002     -1.121 0.000   0 -99.00   85.3       -581.7637       -1157.907   388   0.0001   0.0002     -0.959 0.043 179 -99.00    0.247
2018-05-16-15:18:59 1.15  Mocks_Mamon/MockNFW80ellip0.5loga-2.08PA50center0.0_0.0With_background1num37.dat Diff-Evol    1.0e-04 0 0 0 0     NFW      359.9992  -0.0012     -0.973 0.000   0 -99.00  130.1       -589.8864       -1174.149   554 359.9992  -0.0012     -0.991 0.112  28 -99.00    0.355
2018-05-16-15:18:59 1.15  Mocks_Mamon/MockNFW80ellip0.5loga-2.08PA50center0.0_0.0With_background1num38.dat Diff-Evol    1.0e-04 0 0 0 0     NFW      359.9999   0.0001     -1.066 0.000   0 -99.00   96.4       -568.3283       -1131.036   381 359.9999   0.0001     -0.963 0.112 159 -99.00    0.242
2018-05-16-15:18:59 1.15  Mocks_Mamon/MockNFW80ellip0.5loga-2.08PA50center0.0_0.0With_background1num39.dat Diff-Evol    1.0e-04 0 0 0 0     NFW      359.9999   0.0005     -1.158 0.000   0 -99.00   77.4       -580.8206        -1156.01   395 359.9999   0.0005     -1.010 0.086 178 -99.00    0.250
2018-05-16-15:18:59 1.15  Mocks_Mamon/MockNFW80ellip0.5loga-2.08PA50center0.0_0.0With_background1num40.dat Diff-Evol    1.0e-04 0 0 0 0     NFW      359.9999  -0.0007     -1.044 0.000   0 -99.00  109.9       -613.4526       -1221.288   298 359.9999  -0.0007     -0.963 0.107 150 -99.00    0.190
2018-05-16-15:18:59 1.15  Mocks_Mamon/MockNFW80ellip0.5loga-2.08PA50center0.0_0.0With_background1num41.dat Diff-Evol    1.0e-04 0 0 0 0     NFW      359.9999  -0.0003     -0.974 0.000   0 -99.00  132.4       -600.1058       -1194.591   554 359.9999  -0.0003     -0.961 0.045 138 -99.00    0.356
2018-05-16-15:18:59 1.15  Mocks_Mamon/MockNFW80ellip0.5loga-2.08PA50center0.0_0.0With_background1num42.dat Diff-Evol    1.0e-04 0 0 0 0     NFW      359.9993  -0.0001     -1.363 0.000   0 -99.00   50.7        -607.033       -1208.446   333 359.9993  -0.0001     -0.992 0.035   7 -99.00    0.208
2018-05-16-15:18:59 1.15  Mocks_Mamon/MockNFW80ellip0.5loga-2.08PA50center0.0_0.0With_background1num43.dat Diff-Evol    1.0e-04 0 0 0 0     NFW        0.0002  -0.0001     -0.975 0.000   0 -99.00  124.8       -570.0318       -1134.447   554   0.0002  -0.0001     -0.978 0.078 175 -99.00    0.354
2018-05-16-15:18:59 1.15  Mocks_Mamon/MockNFW80ellip0.5loga-2.08PA50center0.0_0.0With_background1num44.dat Diff-Evol    1.0e-04 0 0 0 0     NFW      359.9999   0.0002     -0.974 0.000   0 -99.00  141.4       -646.3856       -1287.144   374 359.9999   0.0002     -1.005 0.007 171 -99.00    0.240
2018-05-16-15:18:59 1.15  Mocks_Mamon/MockNFW80ellip0.5loga-2.08PA50center0.0_0.0With_background1num45.dat Diff-Evol    1.0e-04 0 0 0 0     NFW      359.9999   0.0000     -1.022 0.000   0 -99.00  105.6       -554.3066       -1102.993   395 359.9999   0.0000     -0.953 0.174  13 -99.00    0.250
2018-05-16-15:18:59 1.15  Mocks_Mamon/MockNFW80ellip0.5loga-2.08PA50center0.0_0.0With_background1num46.dat Diff-Evol    1.0e-04 0 0 0 0     NFW        0.0001   0.0001     -0.972 0.000   0 -99.00  129.3        -571.294       -1136.982   644   0.0001   0.0001     -0.950 0.162 139 -99.00    0.415
2018-05-16-15:18:59 1.15  Mocks_Mamon/MockNFW80ellip0.5loga-2.08PA50center0.0_0.0With_background1num47.dat Diff-Evol    1.0e-04 0 0 0 0     NFW      359.9998   0.0001     -1.116 0.000   0 -99.00   87.9       -593.1584         -1180.7   395 359.9998   0.0001     -0.986 0.098 177 -99.00    0.251
2018-05-16-15:18:59 1.15  Mocks_Mamon/MockNFW80ellip0.5loga-2.08PA50center0.0_0.0With_background1num48.dat Diff-Evol    1.0e-04 0 0 0 0     NFW        0.0000   0.0004     -1.058 0.000   0 -99.00   99.6       -576.3488       -1147.074   402   0.0000   0.0004     -1.002 0.044 180 -99.00    0.254
2018-05-16-15:18:59 1.15  Mocks_Mamon/MockNFW80ellip0.5loga-2.08PA50center0.0_0.0With_background1num49.dat Diff-Evol    1.0e-04 0 0 0 0     NFW        0.0002   0.0000     -1.047 0.000   0 -99.00  105.7       -593.2779       -1180.939   388   0.0002   0.0000     -0.969 0.036  21 -99.00    0.247
2018-05-16-15:18:59 1.15  Mocks_Mamon/MockNFW80ellip0.5loga-2.08PA50center0.0_0.0With_background1num50.dat Diff-Evol    1.0e-04 0 0 0 0     NFW        0.0003  -0.0001     -0.972 0.000   0 -99.00  135.4        -603.774       -1201.938   644   0.0003  -0.0001     -0.972 0.062  35 -99.00    0.416
2018-05-16-15:18:59 1.15  Mocks_Mamon/MockNFW80ellip0.5loga-2.08PA50center0.0_0.0With_background1num51.dat Diff-Evol    1.0e-04 0 0 0 0     NFW        0.0002   0.0004     -1.123 0.000   0 -99.00   82.3        -566.068        -1126.53   402   0.0002   0.0004     -0.975 0.112   6 -99.00    0.254
2018-05-16-15:18:59 1.15  Mocks_Mamon/MockNFW80ellip0.5loga-2.08PA50center0.0_0.0With_background1num52.dat Diff-Evol    1.0e-04 0 0 0 0     NFW      359.9994   0.0003     -1.256 0.000   0 -99.00   68.8        -651.801       -1297.989   395 359.9994   0.0003     -0.997 0.061 138 -99.00    0.252
2018-05-16-15:18:59 1.15  Mocks_Mamon/MockNFW80ellip0.5loga-2.08PA50center0.0_0.0With_background1num53.dat Diff-Evol    1.0e-04 0 0 0 0     NFW      359.9994   0.0001     -1.029 0.000   0 -99.00  117.8       -630.6853       -1255.739   381 359.9994   0.0001     -0.992 0.099   3 -99.00    0.245
2018-05-16-15:18:59 1.15  Mocks_Mamon/MockNFW80ellip0.5loga-2.08PA50center0.0_0.0With_background1num54.dat Diff-Evol    1.0e-04 0 0 0 0     NFW      359.9983  -0.0000     -0.968 0.000   0 -99.00  130.1       -578.3277       -1151.046   644 359.9983  -0.0000     -0.954 0.105  24 -99.00    0.415
2018-05-16-15:18:59 1.15  Mocks_Mamon/MockNFW80ellip0.5loga-2.08PA50center0.0_0.0With_background1num55.dat Diff-Evol    1.0e-04 0 0 0 0     NFW        0.0002   0.0002     -1.004 0.000   0 -99.00  118.8       -594.8411       -1184.073   471   0.0002   0.0002     -1.026 0.133  41 -99.00    0.300
2018-05-16-15:18:59 1.15  Mocks_Mamon/MockNFW80ellip0.5loga-2.08PA50center0.0_0.0With_background1num56.dat Diff-Evol    1.0e-04 0 0 0 0     NFW      360.0000  -0.0033     -1.371 0.000   0 -99.00   58.9       -718.8211       -1432.018   215 360.0000  -0.0033     -0.961 0.142  22 -99.00    0.136
2018-05-16-15:18:59 1.15  Mocks_Mamon/MockNFW80ellip0.5loga-2.08PA50center0.0_0.0With_background1num57.dat Diff-Evol    1.0e-04 0 0 0 0     NFW      359.9999  -0.0001     -0.975 0.000   0 -99.00  115.0       -515.1878       -1024.744   464 359.9999  -0.0001     -0.935 0.044 171 -99.00    0.294
2018-05-16-15:18:59 1.15  Mocks_Mamon/MockNFW80ellip0.5loga-2.08PA50center0.0_0.0With_background1num58.dat Diff-Evol    1.0e-04 0 0 0 0     NFW        0.0000   0.0000     -0.973 0.000   0 -99.00  126.3       -570.9135       -1136.203   374   0.0000   0.0000     -0.972 0.040 172 -99.00    0.238
2018-05-16-15:18:59 1.15  Mocks_Mamon/MockNFW80ellip0.5loga-2.08PA50center0.0_0.0With_background1num59.dat Diff-Evol    1.0e-04 0 0 0 0     NFW        0.0007  -0.0002     -1.300 0.000   0 -99.00   59.2       -620.5166       -1235.416   305   0.0007  -0.0002     -0.999 0.183   9 -99.00    0.194
2018-05-16-15:18:59 1.15  Mocks_Mamon/MockNFW80ellip0.5loga-2.08PA50center0.0_0.0With_background1num60.dat Diff-Evol    1.0e-04 0 0 0 0     NFW        0.0005   0.0001     -1.123 0.000   0 -99.00   87.9       -598.9367       -1192.242   451   0.0005   0.0001     -0.988 0.107 175 -99.00    0.283
2018-05-16-15:18:59 1.15  Mocks_Mamon/MockNFW80ellip0.5loga-2.08PA50center0.0_0.0With_background1num61.dat Diff-Evol    1.0e-04 0 0 0 0     NFW      359.9999  -0.0003     -0.973 0.000   0 -99.00  132.4       -599.7811       -1193.956   734 359.9999  -0.0003     -0.972 0.088 144 -99.00    0.476
2018-05-16-15:18:59 1.15  Mocks_Mamon/MockNFW80ellip0.5loga-2.08PA50center0.0_0.0With_background1num62.dat Diff-Evol    1.0e-04 0 0 0 0     NFW      359.9996  -0.0005     -0.973 0.000   0 -99.00  127.8       -574.0055       -1142.387   464 359.9996  -0.0005     -0.963 0.083  13 -99.00    0.298
2018-05-16-15:18:59 1.15  Mocks_Mamon/MockNFW80ellip0.5loga-2.08PA50center0.0_0.0With_background1num63.dat Diff-Evol    1.0e-04 0 0 0 0     NFW        0.0012  -0.0000     -0.972 0.000   0 -99.00  129.3        -589.783       -1173.953   374   0.0012  -0.0000     -0.995 0.089 166 -99.00    0.241
2018-05-16-15:18:59 1.15  Mocks_Mamon/MockNFW80ellip0.5loga-2.08PA50center0.0_0.0With_background1num64.dat Diff-Evol    1.0e-04 0 0 0 0     NFW      359.9978   0.0001     -1.499 0.000   0 -99.00   41.1       -648.3372        -1291.05   222 359.9978   0.0001     -0.996 0.085   5 -99.00    0.138
2018-05-16-15:18:59 1.15  Mocks_Mamon/MockNFW80ellip0.5loga-2.08PA50center0.0_0.0With_background1num65.dat Diff-Evol    1.0e-04 0 0 0 0     NFW        0.0001  -0.0005     -1.109 0.000   0 -99.00   86.2       -571.1545       -1136.681   430   0.0001  -0.0005     -0.993 0.105  27 -99.00    0.271
2018-05-16-15:18:59 1.15  Mocks_Mamon/MockNFW80ellip0.5loga-2.08PA50center0.0_0.0With_background1num66.dat Diff-Evol    1.0e-04 0 0 0 0     NFW      359.9999   0.0007     -1.238 0.000   0 -99.00   69.1       -627.5603       -1249.504   388 359.9999   0.0007     -1.019 0.025  39 -99.00    0.247
2018-05-16-15:18:59 1.15  Mocks_Mamon/MockNFW80ellip0.5loga-2.08PA50center0.0_0.0With_background1num67.dat Diff-Evol    1.0e-04 0 0 0 0     NFW      359.9998   0.0016     -1.291 0.000   0 -99.00   60.3        -619.759        -1233.89   347 359.9998   0.0016     -0.974 0.050   1 -99.00    0.217
2018-05-16-15:18:59 1.15  Mocks_Mamon/MockNFW80ellip0.5loga-2.08PA50center0.0_0.0With_background1num68.dat Diff-Evol    1.0e-04 0 0 0 0     NFW      360.0000  -0.0000     -1.220 0.000   0 -99.00   65.1       -566.2837        -1126.94   305 360.0000  -0.0000     -0.976 0.093 154 -99.00    0.192
2018-05-16-15:18:59 1.15  Mocks_Mamon/MockNFW80ellip0.5loga-2.08PA50center0.0_0.0With_background1num69.dat Diff-Evol    1.0e-04 0 0 0 0     NFW      359.9998   0.0002     -0.972 0.000   0 -99.00  138.4       -624.9372       -1244.258   464 359.9998   0.0002     -0.996 0.191 160 -99.00    0.299
2018-05-16-15:18:59 1.15  Mocks_Mamon/MockNFW80ellip0.5loga-2.08PA50center0.0_0.0With_background1num70.dat Diff-Evol    1.0e-04 0 0 0 0     NFW        0.0003   0.0008     -0.972 0.000   0 -99.00  131.6        -598.172       -1190.724   464   0.0003   0.0008     -0.965 0.099 135 -99.00    0.297
2018-05-16-15:18:59 1.15  Mocks_Mamon/MockNFW80ellip0.5loga-2.08PA50center0.0_0.0With_background1num71.dat Diff-Evol    1.0e-04 0 0 0 0     NFW        0.0001   0.0001     -0.972 0.000   0 -99.00  123.3       -559.1938        -1112.76   554   0.0001   0.0001     -0.976 0.052 177 -99.00    0.354
2018-05-16-15:18:59 1.15  Mocks_Mamon/MockNFW80ellip0.5loga-2.08PA50center0.0_0.0With_background1num72.dat Diff-Evol    1.0e-04 0 0 0 0     NFW      359.9999   0.0007     -0.973 0.000   0 -99.00  127.8       -583.2396       -1160.852   457 359.9999   0.0007     -0.951 0.060  26 -99.00    0.293
2018-05-16-15:18:59 1.15  Mocks_Mamon/MockNFW80ellip0.5loga-2.08PA50center0.0_0.0With_background1num73.dat Diff-Evol    1.0e-04 0 0 0 0     NFW        0.0004  -0.0004     -0.973 0.000   0 -99.00  130.8       -591.7184       -1177.813   464   0.0004  -0.0004     -0.953 0.043 161 -99.00    0.298
2018-05-16-15:18:59 1.15  Mocks_Mamon/MockNFW80ellip0.5loga-2.08PA50center0.0_0.0With_background1num74.dat Diff-Evol    1.0e-04 0 0 0 0     NFW        0.0001  -0.0000     -0.973 0.000   0 -99.00  122.5       -552.0287       -1098.433   554   0.0001  -0.0000     -0.961 0.110 179 -99.00    0.354
2018-05-16-15:18:59 1.15  Mocks_Mamon/MockNFW80ellip0.5loga-2.08PA50center0.0_0.0With_background1num75.dat Diff-Evol    1.0e-04 0 0 0 0     NFW        0.0005  -0.0014     -1.455 0.000   0 -99.00   44.4       -643.7308       -1281.845   215   0.0005  -0.0014     -0.973 0.062 158 -99.00    0.134
2018-05-16-15:18:59 1.15  Mocks_Mamon/MockNFW80ellip0.5loga-2.08PA50center0.0_0.0With_background1num76.dat Diff-Evol    1.0e-04 0 0 0 0     NFW        0.0003   0.0000     -1.048 0.000   0 -99.00  112.0       -629.1323       -1252.637   416   0.0003   0.0000     -0.975 0.087 137 -99.00    0.264
2018-05-16-15:18:59 1.15  Mocks_Mamon/MockNFW80ellip0.5loga-2.08PA50center0.0_0.0With_background1num77.dat Diff-Evol    1.0e-04 0 0 0 0     NFW      359.9989   0.0000     -1.345 0.000   0 -99.00   52.6       -609.0857       -1212.544   305 359.9989   0.0000     -0.996 0.113  29 -99.00    0.192
2018-05-16-15:18:59 1.15  Mocks_Mamon/MockNFW80ellip0.5loga-2.08PA50center0.0_0.0With_background1num78.dat Diff-Evol    1.0e-04 0 0 0 0     NFW      359.9995  -0.0027     -1.558 0.000   0 -99.00   38.7       -684.8556        -1364.08   215 359.9995  -0.0027     -1.016 0.132 164 -99.00    0.135
2018-05-16-15:18:59 1.15  Mocks_Mamon/MockNFW80ellip0.5loga-2.08PA50center0.0_0.0With_background1num79.dat Diff-Evol    1.0e-04 0 0 0 0     NFW        0.0003   0.0023     -1.505 0.000   0 -99.00   42.5       -679.5146       -1353.405   222   0.0003   0.0023     -1.003 0.101  25 -99.00    0.139
2018-05-16-15:18:59 1.15  Mocks_Mamon/MockNFW80ellip0.5loga-2.08PA50center0.0_0.0With_background1num80.dat Diff-Evol    1.0e-04 0 0 0 0     NFW      359.9996   0.0006     -1.064 0.000   0 -99.00  100.5       -592.7297       -1179.846   471 359.9996   0.0006     -0.974 0.022   4 -99.00    0.301
2018-05-16-15:18:59 1.15  Mocks_Mamon/MockNFW80ellip0.5loga-2.08PA50center0.0_0.0With_background1num81.dat Diff-Evol    1.0e-04 0 0 0 0     NFW        0.0003  -0.0000     -1.276 0.000   0 -99.00   60.9       -605.2464       -1204.865   305   0.0003  -0.0000     -1.009 0.114 161 -99.00    0.192
2018-05-16-15:18:59 1.15  Mocks_Mamon/MockNFW80ellip0.5loga-2.08PA50center0.0_0.0With_background1num82.dat Diff-Evol    1.0e-04 0 0 0 0     NFW      359.9999  -0.0000     -1.302 0.000   0 -99.00   58.3       -613.0826       -1220.552   305 359.9999  -0.0000     -1.003 0.134 175 -99.00    0.194
2018-05-16-15:18:59 1.15  Mocks_Mamon/MockNFW80ellip0.5loga-2.08PA50center0.0_0.0With_background1num83.dat Diff-Evol    1.0e-04 0 0 0 0     NFW        0.0005  -0.0001     -0.976 0.000   0 -99.00  121.8       -557.9147       -1110.213   464   0.0005  -0.0001     -0.961 0.061  34 -99.00    0.297
2018-05-16-15:18:59 1.15  Mocks_Mamon/MockNFW80ellip0.5loga-2.08PA50center0.0_0.0With_background1num84.dat Diff-Evol    1.0e-04 0 0 0 0     NFW        0.0000   0.0003     -0.973 0.000   0 -99.00  133.9       -607.9338       -1210.247   464   0.0000   0.0003     -0.980 0.097 139 -99.00    0.299
2018-05-16-15:18:59 1.15  Mocks_Mamon/MockNFW80ellip0.5loga-2.08PA50center0.0_0.0With_background1num85.dat Diff-Evol    1.0e-04 0 0 0 0     NFW        0.0002  -0.0003     -0.972 0.000   0 -99.00  120.3       -545.5283       -1085.436   374   0.0002  -0.0003     -0.948 0.142  32 -99.00    0.237
2018-05-16-15:18:59 1.15  Mocks_Mamon/MockNFW80ellip0.5loga-2.08PA50center0.0_0.0With_background1num86.dat Diff-Evol    1.0e-04 0 0 0 0     NFW      360.0000  -0.0007     -0.970 0.000   0 -99.00  124.8        -561.265       -1116.906   554 360.0000  -0.0007     -0.966 0.030   1 -99.00    0.355
2018-05-16-15:18:59 1.15  Mocks_Mamon/MockNFW80ellip0.5loga-2.08PA50center0.0_0.0With_background1num87.dat Diff-Evol    1.0e-04 0 0 0 0     NFW        0.0000   0.0001     -0.973 0.000   0 -99.00  122.5        -551.149       -1096.681   554   0.0000   0.0001     -0.944 0.105 177 -99.00    0.355
2018-05-16-15:18:59 1.15  Mocks_Mamon/MockNFW80ellip0.5loga-2.08PA50center0.0_0.0With_background1num88.dat Diff-Evol    1.0e-04 0 0 0 0     NFW      359.9999  -0.0006     -1.076 0.000   0 -99.00   94.0       -567.8325       -1130.052   388 359.9999  -0.0006     -0.938 0.089 138 -99.00    0.247
2018-05-16-15:18:59 1.15  Mocks_Mamon/MockNFW80ellip0.5loga-2.08PA50center0.0_0.0With_background1num89.dat Diff-Evol    1.0e-04 0 0 0 0     NFW        0.0007  -0.0008     -0.970 0.000   0 -99.00  136.1       -614.3168       -1223.006   374   0.0007  -0.0008     -0.972 0.103 174 -99.00    0.239
2018-05-16-15:18:59 1.15  Mocks_Mamon/MockNFW80ellip0.5loga-2.08PA50center0.0_0.0With_background1num90.dat Diff-Evol    1.0e-04 0 0 0 0     NFW      359.9999   0.0007     -1.003 0.000   0 -99.00  120.2       -596.7553       -1187.887   291 359.9999   0.0007     -0.963 0.104 138 -99.00    0.184
2018-05-16-15:18:59 1.15  Mocks_Mamon/MockNFW80ellip0.5loga-2.08PA50center0.0_0.0With_background1num91.dat Diff-Evol    1.0e-04 0 0 0 0     NFW        0.0002   0.0004     -0.972 0.000   0 -99.00  126.3       -573.4396       -1141.263   464   0.0002   0.0004     -0.995 0.192 140 -99.00    0.296
2018-05-16-15:18:59 1.15  Mocks_Mamon/MockNFW80ellip0.5loga-2.08PA50center0.0_0.0With_background1num92.dat Diff-Evol    1.0e-04 0 0 0 0     NFW        0.0001   0.0002     -1.260 0.000   0 -99.00   69.8       -666.9606       -1328.286   305   0.0001   0.0002     -0.980 0.075 169 -99.00    0.195
2018-05-16-15:18:59 1.15  Mocks_Mamon/MockNFW80ellip0.5loga-2.08PA50center0.0_0.0With_background1num93.dat Diff-Evol    1.0e-04 0 0 0 0     NFW      359.9998   0.0000     -1.146 0.000   0 -99.00   78.4       -569.4952       -1133.356   395 359.9998   0.0000     -0.975 0.090  27 -99.00    0.250
2018-05-16-15:18:59 1.15  Mocks_Mamon/MockNFW80ellip0.5loga-2.08PA50center0.0_0.0With_background1num94.dat Diff-Evol    1.0e-04 0 0 0 0     NFW        0.0001   0.0001     -0.973 0.000   0 -99.00  125.6       -566.8221        -1128.02   464   0.0001   0.0001     -0.979 0.039 153 -99.00    0.298
2018-05-16-15:18:59 1.15  Mocks_Mamon/MockNFW80ellip0.5loga-2.08PA50center0.0_0.0With_background1num95.dat Diff-Evol    1.0e-04 0 0 0 0     NFW      359.9989   0.0000     -0.972 0.000   0 -99.00  131.6        -598.479       -1191.338   374 359.9989   0.0000     -0.950 0.050  22 -99.00    0.238
2018-05-16-15:18:59 1.15  Mocks_Mamon/MockNFW80ellip0.5loga-2.08PA50center0.0_0.0With_background1num96.dat Diff-Evol    1.0e-04 0 0 0 0     NFW      360.0000   0.0001     -0.972 0.000   0 -99.00  121.0       -550.4709       -1095.318   374 360.0000   0.0001     -0.991 0.040 175 -99.00    0.238
2018-05-16-15:18:59 1.15  Mocks_Mamon/MockNFW80ellip0.5loga-2.08PA50center0.0_0.0With_background1num97.dat Diff-Evol    1.0e-04 0 0 0 0     NFW      359.9997  -0.0001     -1.127 0.000   0 -99.00   86.6        -600.792       -1195.982   381 359.9997  -0.0001     -0.981 0.051  31 -99.00    0.243
2018-05-16-15:18:59 1.15  Mocks_Mamon/MockNFW80ellip0.5loga-2.08PA50center0.0_0.0With_background1num98.dat Diff-Evol    1.0e-04 0 0 0 0     NFW      359.9996   0.0002     -0.971 0.000   0 -99.00  138.4       -617.9201       -1230.231   554 359.9996   0.0002     -0.975 0.079  35 -99.00    0.358
2018-05-16-15:18:59 1.15  Mocks_Mamon/MockNFW80ellip0.5loga-2.08PA50center0.0_0.0With_background1num99.dat Diff-Evol    1.0e-04 0 0 0 0     NFW        0.0004   0.0000     -1.435 0.000   0 -99.00   42.5       -592.0432       -1178.455   305   0.0004   0.0000     -0.984 0.088 166 -99.00    0.192
