2018-05-16-15:18:55 1.15  Mocks_Mamon/MockNFW80ellip0.5loga-2.08PA50center0.0_0.0With_background1num0.dat L-BFGS-B     1.0e-04 0 0 0 0     NFW      360.0000   0.0003     -0.972 0.000   0 -99.00  133.1       -606.4823       -1207.348    14 360.0000   0.0003     -1.007 0.109 165 -99.00    0.009
2018-05-16-15:18:55 1.15  Mocks_Mamon/MockNFW80ellip0.5loga-2.08PA50center0.0_0.0With_background1num1.dat L-BFGS-B     1.0e-04 0 0 0 0     NFW      359.9999  -0.0004     -0.971 0.000   0 -99.00  127.1       -566.2593       -1126.902     7 359.9999  -0.0004     -0.950 0.116 139 -99.00    0.004
2018-05-16-15:18:55 1.15  Mocks_Mamon/MockNFW80ellip0.5loga-2.08PA50center0.0_0.0With_background1num2.dat L-BFGS-B     1.0e-04 0 0 0 0     NFW        0.0003   0.0002     -0.972 0.000   0 -99.00  136.9       -621.5091       -1237.394    14   0.0003   0.0002     -0.991 0.062   9 -99.00    0.009
2018-05-16-15:18:55 1.15  Mocks_Mamon/MockNFW80ellip0.5loga-2.08PA50center0.0_0.0With_background1num3.dat L-BFGS-B     1.0e-04 0 0 0 0     NFW      359.9987  -0.0001     -0.995 0.000   0 -99.00  129.8       -633.3149       -1261.006    21 359.9987  -0.0001     -0.974 0.098 159 -99.00    0.013
2018-05-16-15:18:55 1.15  Mocks_Mamon/MockNFW80ellip0.5loga-2.08PA50center0.0_0.0With_background1num4.dat L-BFGS-B     1.0e-04 0 0 0 0     NFW      359.9996   0.0001     -0.982 0.000   0 -99.00  133.7       -626.1964       -1246.765    21 359.9996   0.0001     -0.987 0.073  38 -99.00    0.013
2018-05-16-15:18:55 1.15  Mocks_Mamon/MockNFW80ellip0.5loga-2.08PA50center0.0_0.0With_background1num5.dat L-BFGS-B     1.0e-04 0 0 0 0     NFW        0.0001   0.0001     -1.067 0.000   0 -99.00   96.0       -568.8781       -1132.136    28   0.0001   0.0001     -0.943 0.094 167 -99.00    0.017
2018-05-16-15:18:55 1.15  Mocks_Mamon/MockNFW80ellip0.5loga-2.08PA50center0.0_0.0With_background1num6.dat L-BFGS-B     1.0e-04 0 0 0 0     NFW        0.0003   0.0002     -0.972 0.000   0 -99.00  127.1       -580.0418       -1154.463    14   0.0003   0.0002     -0.987 0.046  23 -99.00    0.009
2018-05-16-15:18:55 1.15  Mocks_Mamon/MockNFW80ellip0.5loga-2.08PA50center0.0_0.0With_background1num7.dat L-BFGS-B     1.0e-04 0 0 0 0     NFW        0.0000  -0.0000     -1.104 0.000   0 -99.00   86.5       -564.4784       -1123.336    35   0.0000  -0.0000     -0.963 0.046  20 -99.00    0.021
2018-05-16-15:18:55 1.15  Mocks_Mamon/MockNFW80ellip0.5loga-2.08PA50center0.0_0.0With_background1num8.dat L-BFGS-B     1.0e-04 0 0 0 0     NFW      359.9995   0.0001     -1.023 0.000   0 -99.00  105.2       -555.4819       -1105.343    21 359.9995   0.0001     -0.998 0.015 153 -99.00    0.013
2018-05-16-15:18:55 1.15  Mocks_Mamon/MockNFW80ellip0.5loga-2.08PA50center0.0_0.0With_background1num9.dat L-BFGS-B     1.0e-04 0 0 0 0     NFW        0.0001   0.0002     -0.973 0.000   0 -99.00  128.6       -585.9121         -1166.2     7   0.0001   0.0002     -0.946 0.150  41 -99.00    0.004
2018-05-16-15:18:55 1.15  Mocks_Mamon/MockNFW80ellip0.5loga-2.08PA50center0.0_0.0With_background1num10.dat L-BFGS-B     1.0e-04 0 0 0 0     NFW      359.9999   0.0010     -1.310 0.000   0 -99.00   62.1       -665.4403       -1325.249    35 359.9999   0.0010     -1.003 0.062   2 -99.00    0.021
2018-05-16-15:18:55 1.15  Mocks_Mamon/MockNFW80ellip0.5loga-2.08PA50center0.0_0.0With_background1num11.dat L-BFGS-B     1.0e-04 0 0 0 0     NFW      360.0000  -0.0004     -0.973 0.000   0 -99.00  131.6       -595.6061       -1185.585    14 360.0000  -0.0004     -0.977 0.048  25 -99.00    0.009
2018-05-16-15:18:55 1.15  Mocks_Mamon/MockNFW80ellip0.5loga-2.08PA50center0.0_0.0With_background1num12.dat L-BFGS-B     1.0e-04 0 0 0 0     NFW        0.0003   0.0001     -0.972 0.000   0 -99.00  122.5       -549.0887       -1092.561     7   0.0003   0.0001     -0.957 0.025 172 -99.00    0.004
2018-05-16-15:18:55 1.15  Mocks_Mamon/MockNFW80ellip0.5loga-2.08PA50center0.0_0.0With_background1num13.dat L-BFGS-B     1.0e-04 0 0 0 0     NFW        0.0000   0.0000     -0.972 0.000   0 -99.00  121.0       -548.4102       -1091.222    14   0.0000   0.0000     -0.982 0.101   5 -99.00    0.008
2018-05-16-15:18:55 1.15  Mocks_Mamon/MockNFW80ellip0.5loga-2.08PA50center0.0_0.0With_background1num14.dat L-BFGS-B     1.0e-04 0 0 0 0     NFW        0.0002   0.0000     -0.972 0.000   0 -99.00  121.8       -543.0636       -1080.503    14   0.0002   0.0000     -0.977 0.078   5 -99.00    0.009
2018-05-16-15:18:55 1.15  Mocks_Mamon/MockNFW80ellip0.5loga-2.08PA50center0.0_0.0With_background1num15.dat L-BFGS-B     1.0e-04 0 0 0 0     NFW      360.0000  -0.0030     -1.578 0.000   0 -99.00   40.1       -726.6537        -1447.68    35 360.0000  -0.0030     -0.959 0.038  12 -99.00    0.021
2018-05-16-15:18:55 1.15  Mocks_Mamon/MockNFW80ellip0.5loga-2.08PA50center0.0_0.0With_background1num16.dat L-BFGS-B     1.0e-04 0 0 0 0     NFW        0.0000   0.0000     -1.000 0.000   0 -99.00  123.2       -609.0578       -1212.499    21   0.0000   0.0000     -0.991 0.068  17 -99.00    0.013
2018-05-16-15:18:55 1.15  Mocks_Mamon/MockNFW80ellip0.5loga-2.08PA50center0.0_0.0With_background1num17.dat L-BFGS-B     1.0e-04 0 0 0 0     NFW        0.0004   0.0000     -1.200 0.000   0 -99.00   68.0       -565.1835        -1124.75    35   0.0004   0.0000     -0.966 0.111  18 -99.00    0.021
2018-05-16-15:18:55 1.15  Mocks_Mamon/MockNFW80ellip0.5loga-2.08PA50center0.0_0.0With_background1num18.dat L-BFGS-B     1.0e-04 0 0 0 0     NFW        0.0002  -0.0003     -1.273 0.000   0 -99.00   61.4       -605.5825       -1205.541    35   0.0002  -0.0003     -0.986 0.034  12 -99.00    0.021
2018-05-16-15:18:55 1.15  Mocks_Mamon/MockNFW80ellip0.5loga-2.08PA50center0.0_0.0With_background1num19.dat L-BFGS-B     1.0e-04 0 0 0 0     NFW        0.0001  -0.0002     -0.973 0.000   0 -99.00  125.6       -572.9611       -1140.305    14   0.0001  -0.0002     -0.994 0.117  37 -99.00    0.009
2018-05-16-15:18:55 1.15  Mocks_Mamon/MockNFW80ellip0.5loga-2.08PA50center0.0_0.0With_background1num20.dat L-BFGS-B     1.0e-04 0 0 0 0     NFW        0.0003  -0.0007     -1.199 0.000   0 -99.00   79.5       -660.6684       -1315.713    35   0.0003  -0.0007     -1.041 0.084  25 -99.00    0.021
2018-05-16-15:18:55 1.15  Mocks_Mamon/MockNFW80ellip0.5loga-2.08PA50center0.0_0.0With_background1num21.dat L-BFGS-B     1.0e-04 0 0 0 0     NFW        0.0010   0.0002     -1.155 0.000   0 -99.00   84.8       -630.1301       -1254.622    35   0.0010   0.0002     -0.969 0.035 140 -99.00    0.021
2018-05-16-15:18:55 1.15  Mocks_Mamon/MockNFW80ellip0.5loga-2.08PA50center0.0_0.0With_background1num22.dat L-BFGS-B     1.0e-04 0 0 0 0     NFW        0.0001   0.0003     -1.136 0.000   0 -99.00   90.9       -645.9331       -1286.228    35   0.0001   0.0003     -0.996 0.047  23 -99.00    0.021
2018-05-16-15:18:55 1.15  Mocks_Mamon/MockNFW80ellip0.5loga-2.08PA50center0.0_0.0With_background1num23.dat L-BFGS-B     1.0e-04 0 0 0 0     NFW        0.0039  -0.0000     -1.788 0.000   0 -99.00   29.3        -755.164         -1504.7    42   0.0039  -0.0000     -0.995 0.091 178 -99.00    0.026
2018-05-16-15:18:55 1.15  Mocks_Mamon/MockNFW80ellip0.5loga-2.08PA50center0.0_0.0With_background1num24.dat L-BFGS-B     1.0e-04 0 0 0 0     NFW        0.0000  -0.0000     -1.182 0.000   0 -99.00   79.8       -635.1121         -1264.6    35   0.0000  -0.0000     -1.012 0.079 154 -99.00    0.021
2018-05-16-15:18:55 1.15  Mocks_Mamon/MockNFW80ellip0.5loga-2.08PA50center0.0_0.0With_background1num25.dat L-BFGS-B     1.0e-04 0 0 0 0     NFW      359.9998  -0.0004     -0.971 0.000   0 -99.00  135.4       -611.1478       -1216.682     7 359.9998  -0.0004     -0.968 0.109 138 -99.00    0.004
2018-05-16-15:18:55 1.15  Mocks_Mamon/MockNFW80ellip0.5loga-2.08PA50center0.0_0.0With_background1num26.dat L-BFGS-B     1.0e-04 0 0 0 0     NFW        0.0000   0.0001     -1.081 0.000   0 -99.00   93.0       -570.5654       -1135.518    28   0.0000   0.0001     -0.980 0.156   3 -99.00    0.017
2018-05-16-15:18:55 1.15  Mocks_Mamon/MockNFW80ellip0.5loga-2.08PA50center0.0_0.0With_background1num27.dat L-BFGS-B     1.0e-04 0 0 0 0     NFW      360.0000   0.0001     -1.365 0.000   0 -99.00   49.1       -591.0213       -1176.426    35 360.0000   0.0001     -1.012 0.076   1 -99.00    0.021
2018-05-16-15:18:55 1.15  Mocks_Mamon/MockNFW80ellip0.5loga-2.08PA50center0.0_0.0With_background1num28.dat L-BFGS-B     1.0e-04 0 0 0 0     NFW        0.0004  -0.0000     -0.973 0.000   0 -99.00  132.4        -604.354       -1203.091    14   0.0004  -0.0000     -0.999 0.138  15 -99.00    0.009
2018-05-16-15:18:55 1.15  Mocks_Mamon/MockNFW80ellip0.5loga-2.08PA50center0.0_0.0With_background1num29.dat L-BFGS-B     1.0e-04 0 0 0 0     NFW        0.0003  -0.0002     -1.197 0.000   0 -99.00   74.7       -613.8257       -1222.024    35   0.0003  -0.0002     -0.976 0.036  44 -99.00    0.021
2018-05-16-15:18:55 1.15  Mocks_Mamon/MockNFW80ellip0.5loga-2.08PA50center0.0_0.0With_background1num30.dat L-BFGS-B     1.0e-04 0 0 0 0     NFW        0.0000   0.0005     -0.971 0.000   0 -99.00  130.1       -588.5066       -1171.389     7   0.0000   0.0005     -0.967 0.047   3 -99.00    0.004
2018-05-16-15:18:55 1.15  Mocks_Mamon/MockNFW80ellip0.5loga-2.08PA50center0.0_0.0With_background1num31.dat L-BFGS-B     1.0e-04 0 0 0 0     NFW        0.0001   0.0003     -1.000 0.000   0 -99.00  119.6       -589.9734        -1174.33    21   0.0001   0.0003     -0.966 0.129  33 -99.00    0.013
2018-05-16-15:18:55 1.15  Mocks_Mamon/MockNFW80ellip0.5loga-2.08PA50center0.0_0.0With_background1num32.dat L-BFGS-B     1.0e-04 0 0 0 0     NFW        0.0000  -0.0001     -0.974 0.000   0 -99.00  127.1       -561.4903       -1117.357     7   0.0000  -0.0001     -0.964 0.065  37 -99.00    0.004
2018-05-16-15:18:55 1.15  Mocks_Mamon/MockNFW80ellip0.5loga-2.08PA50center0.0_0.0With_background1num33.dat L-BFGS-B     1.0e-04 0 0 0 0     NFW      359.9997  -0.0001     -0.972 0.000   0 -99.00  130.1       -590.1746       -1174.729     7 359.9997  -0.0001     -0.970 0.031 146 -99.00    0.004
2018-05-16-15:18:55 1.15  Mocks_Mamon/MockNFW80ellip0.5loga-2.08PA50center0.0_0.0With_background1num34.dat L-BFGS-B     1.0e-04 0 0 0 0     NFW        0.0009  -0.0001     -0.971 0.000   0 -99.00  127.8       -574.3189       -1143.006    14   0.0009  -0.0001     -0.990 0.124  36 -99.00    0.009
2018-05-16-15:18:55 1.15  Mocks_Mamon/MockNFW80ellip0.5loga-2.08PA50center0.0_0.0With_background1num35.dat L-BFGS-B     1.0e-04 0 0 0 0     NFW        0.0005  -0.0006     -0.971 0.000   0 -99.00  123.3       -562.1254       -1118.645     7   0.0005  -0.0006     -0.954 0.046 160 -99.00    0.004
2018-05-16-15:18:55 1.15  Mocks_Mamon/MockNFW80ellip0.5loga-2.08PA50center0.0_0.0With_background1num36.dat L-BFGS-B     1.0e-04 0 0 0 0     NFW        0.0001   0.0002     -1.120 0.000   0 -99.00   85.5       -581.7637       -1157.907    35   0.0001   0.0002     -0.959 0.043 179 -99.00    0.021
2018-05-16-15:18:55 1.15  Mocks_Mamon/MockNFW80ellip0.5loga-2.08PA50center0.0_0.0With_background1num37.dat L-BFGS-B     1.0e-04 0 0 0 0     NFW      359.9992  -0.0012     -0.973 0.000   0 -99.00  130.1       -589.8864       -1174.149    14 359.9992  -0.0012     -0.991 0.112  28 -99.00    0.009
2018-05-16-15:18:55 1.15  Mocks_Mamon/MockNFW80ellip0.5loga-2.08PA50center0.0_0.0With_background1num38.dat L-BFGS-B     1.0e-04 0 0 0 0     NFW      359.9999   0.0001     -1.070 0.000   0 -99.00   95.3       -568.3279       -1131.035    28 359.9999   0.0001     -0.963 0.112 159 -99.00    0.017
2018-05-16-15:18:55 1.15  Mocks_Mamon/MockNFW80ellip0.5loga-2.08PA50center0.0_0.0With_background1num39.dat L-BFGS-B     1.0e-04 0 0 0 0     NFW      359.9999   0.0005     -1.158 0.000   0 -99.00   77.5       -580.8206        -1156.01    35 359.9999   0.0005     -1.010 0.086 178 -99.00    0.021
2018-05-16-15:18:55 1.15  Mocks_Mamon/MockNFW80ellip0.5loga-2.08PA50center0.0_0.0With_background1num40.dat L-BFGS-B     1.0e-04 0 0 0 0     NFW      359.9999  -0.0007     -1.047 0.000   0 -99.00  109.1       -613.4524       -1221.288    28 359.9999  -0.0007     -0.963 0.107 150 -99.00    0.017
2018-05-16-15:18:55 1.15  Mocks_Mamon/MockNFW80ellip0.5loga-2.08PA50center0.0_0.0With_background1num41.dat L-BFGS-B     1.0e-04 0 0 0 0     NFW      359.9999  -0.0003     -0.974 0.000   0 -99.00  132.4       -600.1058       -1194.591     7 359.9999  -0.0003     -0.961 0.045 138 -99.00    0.004
2018-05-16-15:18:55 1.15  Mocks_Mamon/MockNFW80ellip0.5loga-2.08PA50center0.0_0.0With_background1num42.dat L-BFGS-B     1.0e-04 0 0 0 0     NFW      359.9993  -0.0001     -1.361 0.000   0 -99.00   50.9       -607.0329       -1208.445    35 359.9993  -0.0001     -0.992 0.035   7 -99.00    0.021
2018-05-16-15:18:55 1.15  Mocks_Mamon/MockNFW80ellip0.5loga-2.08PA50center0.0_0.0With_background1num43.dat L-BFGS-B     1.0e-04 0 0 0 0     NFW        0.0002  -0.0001     -0.975 0.000   0 -99.00  124.8       -570.0318       -1134.447    14   0.0002  -0.0001     -0.978 0.078 175 -99.00    0.009
2018-05-16-15:18:55 1.15  Mocks_Mamon/MockNFW80ellip0.5loga-2.08PA50center0.0_0.0With_background1num44.dat L-BFGS-B     1.0e-04 0 0 0 0     NFW      359.9999   0.0002     -0.974 0.000   0 -99.00  141.4       -646.3856       -1287.144    14 359.9999   0.0002     -1.005 0.007 171 -99.00    0.009
2018-05-16-15:18:55 1.15  Mocks_Mamon/MockNFW80ellip0.5loga-2.08PA50center0.0_0.0With_background1num45.dat L-BFGS-B     1.0e-04 0 0 0 0     NFW      359.9999   0.0000     -0.999 0.000   0 -99.00  112.5       -554.2979       -1102.975    21 359.9999   0.0000     -0.953 0.174  13 -99.00    0.013
2018-05-16-15:18:55 1.15  Mocks_Mamon/MockNFW80ellip0.5loga-2.08PA50center0.0_0.0With_background1num46.dat L-BFGS-B     1.0e-04 0 0 0 0     NFW        0.0001   0.0001     -0.972 0.000   0 -99.00  129.3        -571.294       -1136.982     7   0.0001   0.0001     -0.950 0.162 139 -99.00    0.004
2018-05-16-15:18:55 1.15  Mocks_Mamon/MockNFW80ellip0.5loga-2.08PA50center0.0_0.0With_background1num47.dat L-BFGS-B     1.0e-04 0 0 0 0     NFW      359.9998   0.0001     -1.116 0.000   0 -99.00   88.0       -593.1584         -1180.7    35 359.9998   0.0001     -0.986 0.098 177 -99.00    0.021
2018-05-16-15:18:55 1.15  Mocks_Mamon/MockNFW80ellip0.5loga-2.08PA50center0.0_0.0With_background1num48.dat L-BFGS-B     1.0e-04 0 0 0 0     NFW        0.0000   0.0004     -1.030 0.000   0 -99.00  107.1       -576.3336       -1147.043    21   0.0000   0.0004     -1.002 0.044 180 -99.00    0.013
2018-05-16-15:18:55 1.15  Mocks_Mamon/MockNFW80ellip0.5loga-2.08PA50center0.0_0.0With_background1num49.dat L-BFGS-B     1.0e-04 0 0 0 0     NFW        0.0002   0.0000     -1.050 0.000   0 -99.00  104.8       -593.2777       -1180.939    28   0.0002   0.0000     -0.969 0.036  21 -99.00    0.017
2018-05-16-15:18:55 1.15  Mocks_Mamon/MockNFW80ellip0.5loga-2.08PA50center0.0_0.0With_background1num50.dat L-BFGS-B     1.0e-04 0 0 0 0     NFW        0.0003  -0.0001     -0.972 0.000   0 -99.00  135.4        -603.774       -1201.938    14   0.0003  -0.0001     -0.972 0.062  35 -99.00    0.009
2018-05-16-15:18:55 1.15  Mocks_Mamon/MockNFW80ellip0.5loga-2.08PA50center0.0_0.0With_background1num51.dat L-BFGS-B     1.0e-04 0 0 0 0     NFW        0.0002   0.0004     -1.123 0.000   0 -99.00   82.5        -566.068        -1126.53    35   0.0002   0.0004     -0.975 0.112   6 -99.00    0.021
2018-05-16-15:18:55 1.15  Mocks_Mamon/MockNFW80ellip0.5loga-2.08PA50center0.0_0.0With_background1num52.dat L-BFGS-B     1.0e-04 0 0 0 0     NFW      359.9994   0.0003     -1.254 0.000   0 -99.00   69.1       -651.8008       -1297.989    35 359.9994   0.0003     -0.997 0.061 138 -99.00    0.021
2018-05-16-15:18:55 1.15  Mocks_Mamon/MockNFW80ellip0.5loga-2.08PA50center0.0_0.0With_background1num53.dat L-BFGS-B     1.0e-04 0 0 0 0     NFW      359.9994   0.0001     -1.012 0.000   0 -99.00  123.4       -630.6792       -1255.727    21 359.9994   0.0001     -0.992 0.099   3 -99.00    0.013
2018-05-16-15:18:55 1.15  Mocks_Mamon/MockNFW80ellip0.5loga-2.08PA50center0.0_0.0With_background1num54.dat L-BFGS-B     1.0e-04 0 0 0 0     NFW      359.9983  -0.0000     -0.968 0.000   0 -99.00  130.1       -578.3277       -1151.046     7 359.9983  -0.0000     -0.954 0.105  24 -99.00    0.004
2018-05-16-15:18:55 1.15  Mocks_Mamon/MockNFW80ellip0.5loga-2.08PA50center0.0_0.0With_background1num55.dat L-BFGS-B     1.0e-04 0 0 0 0     NFW        0.0002   0.0002     -1.004 0.000   0 -99.00  118.8       -594.8411       -1184.073    21   0.0002   0.0002     -1.026 0.133  41 -99.00    0.013
2018-05-16-15:18:55 1.15  Mocks_Mamon/MockNFW80ellip0.5loga-2.08PA50center0.0_0.0With_background1num56.dat L-BFGS-B     1.0e-04 0 0 0 0     NFW      360.0000  -0.0033     -1.370 0.000   0 -99.00   59.0       -718.8211       -1432.018    35 360.0000  -0.0033     -0.961 0.142  22 -99.00    0.021
2018-05-16-15:18:55 1.15  Mocks_Mamon/MockNFW80ellip0.5loga-2.08PA50center0.0_0.0With_background1num57.dat L-BFGS-B     1.0e-04 0 0 0 0     NFW      359.9999  -0.0001     -0.975 0.000   0 -99.00  115.0       -515.1878       -1024.744     7 359.9999  -0.0001     -0.935 0.044 171 -99.00    0.004
2018-05-16-15:18:55 1.15  Mocks_Mamon/MockNFW80ellip0.5loga-2.08PA50center0.0_0.0With_background1num58.dat L-BFGS-B     1.0e-04 0 0 0 0     NFW        0.0000   0.0000     -0.973 0.000   0 -99.00  126.3       -570.9135       -1136.203     7   0.0000   0.0000     -0.972 0.040 172 -99.00    0.004
2018-05-16-15:18:55 1.15  Mocks_Mamon/MockNFW80ellip0.5loga-2.08PA50center0.0_0.0With_background1num59.dat L-BFGS-B     1.0e-04 0 0 0 0     NFW        0.0007  -0.0002     -1.298 0.000   0 -99.00   59.4       -620.5164       -1235.416    35   0.0007  -0.0002     -0.999 0.183   9 -99.00    0.021
2018-05-16-15:18:55 1.15  Mocks_Mamon/MockNFW80ellip0.5loga-2.08PA50center0.0_0.0With_background1num60.dat L-BFGS-B     1.0e-04 0 0 0 0     NFW        0.0005   0.0001     -1.122 0.000   0 -99.00   88.0       -598.9367       -1192.242    35   0.0005   0.0001     -0.988 0.107 175 -99.00    0.021
2018-05-16-15:18:55 1.15  Mocks_Mamon/MockNFW80ellip0.5loga-2.08PA50center0.0_0.0With_background1num61.dat L-BFGS-B     1.0e-04 0 0 0 0     NFW      359.9999  -0.0003     -0.973 0.000   0 -99.00  132.4       -599.7811       -1193.956     7 359.9999  -0.0003     -0.972 0.088 144 -99.00    0.004
2018-05-16-15:18:55 1.15  Mocks_Mamon/MockNFW80ellip0.5loga-2.08PA50center0.0_0.0With_background1num62.dat L-BFGS-B     1.0e-04 0 0 0 0     NFW      359.9996  -0.0005     -0.973 0.000   0 -99.00  127.8       -574.0055       -1142.387     7 359.9996  -0.0005     -0.963 0.083  13 -99.00    0.004
2018-05-16-15:18:55 1.15  Mocks_Mamon/MockNFW80ellip0.5loga-2.08PA50center0.0_0.0With_background1num63.dat L-BFGS-B     1.0e-04 0 0 0 0     NFW        0.0012  -0.0000     -0.972 0.000   0 -99.00  129.3        -589.783       -1173.953    14   0.0012  -0.0000     -0.995 0.089 166 -99.00    0.009
2018-05-16-15:18:55 1.15  Mocks_Mamon/MockNFW80ellip0.5loga-2.08PA50center0.0_0.0With_background1num64.dat L-BFGS-B     1.0e-04 0 0 0 0     NFW      359.9978   0.0001     -1.498 0.000   0 -99.00   41.2       -648.3371        -1291.05    35 359.9978   0.0001     -0.996 0.085   5 -99.00    0.021
2018-05-16-15:18:55 1.15  Mocks_Mamon/MockNFW80ellip0.5loga-2.08PA50center0.0_0.0With_background1num65.dat L-BFGS-B     1.0e-04 0 0 0 0     NFW        0.0001  -0.0005     -1.116 0.000   0 -99.00   84.6       -571.1534       -1136.679    28   0.0001  -0.0005     -0.993 0.105  27 -99.00    0.017
2018-05-16-15:18:55 1.15  Mocks_Mamon/MockNFW80ellip0.5loga-2.08PA50center0.0_0.0With_background1num66.dat L-BFGS-B     1.0e-04 0 0 0 0     NFW      359.9999   0.0007     -1.236 0.000   0 -99.00   69.3       -627.5602       -1249.504    35 359.9999   0.0007     -1.019 0.025  39 -99.00    0.021
2018-05-16-15:18:55 1.15  Mocks_Mamon/MockNFW80ellip0.5loga-2.08PA50center0.0_0.0With_background1num67.dat L-BFGS-B     1.0e-04 0 0 0 0     NFW      359.9998   0.0016     -1.287 0.000   0 -99.00   60.8       -619.7586        -1233.89    35 359.9998   0.0016     -0.974 0.050   1 -99.00    0.021
2018-05-16-15:18:55 1.15  Mocks_Mamon/MockNFW80ellip0.5loga-2.08PA50center0.0_0.0With_background1num68.dat L-BFGS-B     1.0e-04 0 0 0 0     NFW      360.0000  -0.0000     -1.218 0.000   0 -99.00   65.4       -566.2836        -1126.94    35 360.0000  -0.0000     -0.976 0.093 154 -99.00    0.021
2018-05-16-15:18:55 1.15  Mocks_Mamon/MockNFW80ellip0.5loga-2.08PA50center0.0_0.0With_background1num69.dat L-BFGS-B     1.0e-04 0 0 0 0     NFW      359.9998   0.0002     -0.972 0.000   0 -99.00  138.4       -624.9372       -1244.258    14 359.9998   0.0002     -0.996 0.191 160 -99.00    0.009
2018-05-16-15:18:55 1.15  Mocks_Mamon/MockNFW80ellip0.5loga-2.08PA50center0.0_0.0With_background1num70.dat L-BFGS-B     1.0e-04 0 0 0 0     NFW        0.0003   0.0008     -0.972 0.000   0 -99.00  131.6        -598.172       -1190.724     7   0.0003   0.0008     -0.965 0.099 135 -99.00    0.004
2018-05-16-15:18:55 1.15  Mocks_Mamon/MockNFW80ellip0.5loga-2.08PA50center0.0_0.0With_background1num71.dat L-BFGS-B     1.0e-04 0 0 0 0     NFW        0.0001   0.0001     -0.972 0.000   0 -99.00  123.3       -559.1938        -1112.76    14   0.0001   0.0001     -0.976 0.052 177 -99.00    0.009
2018-05-16-15:18:55 1.15  Mocks_Mamon/MockNFW80ellip0.5loga-2.08PA50center0.0_0.0With_background1num72.dat L-BFGS-B     1.0e-04 0 0 0 0     NFW      359.9999   0.0007     -0.973 0.000   0 -99.00  127.8       -583.2396       -1160.852     7 359.9999   0.0007     -0.951 0.060  26 -99.00    0.004
2018-05-16-15:18:55 1.15  Mocks_Mamon/MockNFW80ellip0.5loga-2.08PA50center0.0_0.0With_background1num73.dat L-BFGS-B     1.0e-04 0 0 0 0     NFW        0.0004  -0.0004     -0.973 0.000   0 -99.00  130.8       -591.7184       -1177.813     7   0.0004  -0.0004     -0.953 0.043 161 -99.00    0.004
2018-05-16-15:18:55 1.15  Mocks_Mamon/MockNFW80ellip0.5loga-2.08PA50center0.0_0.0With_background1num74.dat L-BFGS-B     1.0e-04 0 0 0 0     NFW        0.0001  -0.0000     -0.973 0.000   0 -99.00  122.5       -552.0287       -1098.433     7   0.0001  -0.0000     -0.961 0.110 179 -99.00    0.004
2018-05-16-15:18:55 1.15  Mocks_Mamon/MockNFW80ellip0.5loga-2.08PA50center0.0_0.0With_background1num75.dat L-BFGS-B     1.0e-04 0 0 0 0     NFW        0.0005  -0.0014     -1.454 0.000   0 -99.00   44.5       -643.7307       -1281.845    35   0.0005  -0.0014     -0.973 0.062 158 -99.00    0.021
2018-05-16-15:18:55 1.15  Mocks_Mamon/MockNFW80ellip0.5loga-2.08PA50center0.0_0.0With_background1num76.dat L-BFGS-B     1.0e-04 0 0 0 0     NFW        0.0003   0.0000     -1.050 0.000   0 -99.00  111.2       -629.1322       -1252.637    28   0.0003   0.0000     -0.975 0.087 137 -99.00    0.017
2018-05-16-15:18:55 1.15  Mocks_Mamon/MockNFW80ellip0.5loga-2.08PA50center0.0_0.0With_background1num77.dat L-BFGS-B     1.0e-04 0 0 0 0     NFW      359.9989   0.0000     -1.342 0.000   0 -99.00   52.9       -609.0854       -1212.543    35 359.9989   0.0000     -0.996 0.113  29 -99.00    0.021
2018-05-16-15:18:55 1.15  Mocks_Mamon/MockNFW80ellip0.5loga-2.08PA50center0.0_0.0With_background1num78.dat L-BFGS-B     1.0e-04 0 0 0 0     NFW      359.9995  -0.0027     -1.558 0.000   0 -99.00   38.7       -684.8556        -1364.08    35 359.9995  -0.0027     -1.016 0.132 164 -99.00    0.021
2018-05-16-15:18:55 1.15  Mocks_Mamon/MockNFW80ellip0.5loga-2.08PA50center0.0_0.0With_background1num79.dat L-BFGS-B     1.0e-04 0 0 0 0     NFW        0.0003   0.0023     -1.504 0.000   0 -99.00   42.6       -679.5145       -1353.405    35   0.0003   0.0023     -1.003 0.101  25 -99.00    0.021
2018-05-16-15:18:55 1.15  Mocks_Mamon/MockNFW80ellip0.5loga-2.08PA50center0.0_0.0With_background1num80.dat L-BFGS-B     1.0e-04 0 0 0 0     NFW      359.9996   0.0006     -1.068 0.000   0 -99.00   99.4       -592.7293       -1179.845    28 359.9996   0.0006     -0.974 0.022   4 -99.00    0.017
2018-05-16-15:18:55 1.15  Mocks_Mamon/MockNFW80ellip0.5loga-2.08PA50center0.0_0.0With_background1num81.dat L-BFGS-B     1.0e-04 0 0 0 0     NFW        0.0003  -0.0000     -1.274 0.000   0 -99.00   61.2       -605.2463       -1204.865    35   0.0003  -0.0000     -1.009 0.114 161 -99.00    0.021
2018-05-16-15:18:55 1.15  Mocks_Mamon/MockNFW80ellip0.5loga-2.08PA50center0.0_0.0With_background1num82.dat L-BFGS-B     1.0e-04 0 0 0 0     NFW      359.9999  -0.0000     -1.300 0.000   0 -99.00   58.6       -613.0825       -1220.552    35 359.9999  -0.0000     -1.003 0.134 175 -99.00    0.021
2018-05-16-15:18:55 1.15  Mocks_Mamon/MockNFW80ellip0.5loga-2.08PA50center0.0_0.0With_background1num83.dat L-BFGS-B     1.0e-04 0 0 0 0     NFW        0.0005  -0.0001     -0.976 0.000   0 -99.00  121.8       -557.9147       -1110.213     7   0.0005  -0.0001     -0.961 0.061  34 -99.00    0.004
2018-05-16-15:18:55 1.15  Mocks_Mamon/MockNFW80ellip0.5loga-2.08PA50center0.0_0.0With_background1num84.dat L-BFGS-B     1.0e-04 0 0 0 0     NFW        0.0000   0.0003     -0.973 0.000   0 -99.00  133.9       -607.9338       -1210.247    14   0.0000   0.0003     -0.980 0.097 139 -99.00    0.009
2018-05-16-15:18:55 1.15  Mocks_Mamon/MockNFW80ellip0.5loga-2.08PA50center0.0_0.0With_background1num85.dat L-BFGS-B     1.0e-04 0 0 0 0     NFW        0.0002  -0.0003     -0.972 0.000   0 -99.00  120.3       -545.5283       -1085.436     7   0.0002  -0.0003     -0.948 0.142  32 -99.00    0.004
2018-05-16-15:18:55 1.15  Mocks_Mamon/MockNFW80ellip0.5loga-2.08PA50center0.0_0.0With_background1num86.dat L-BFGS-B     1.0e-04 0 0 0 0     NFW      360.0000  -0.0007     -0.970 0.000   0 -99.00  124.8        -561.265       -1116.906     7 360.0000  -0.0007     -0.966 0.030   1 -99.00    0.004
2018-05-16-15:18:55 1.15  Mocks_Mamon/MockNFW80ellip0.5loga-2.08PA50center0.0_0.0With_background1num87.dat L-BFGS-B     1.0e-04 0 0 0 0     NFW        0.0000   0.0001     -0.973 0.000   0 -99.00  122.5        -551.149       -1096.681     7   0.0000   0.0001     -0.944 0.105 177 -99.00    0.004
2018-05-16-15:18:55 1.15  Mocks_Mamon/MockNFW80ellip0.5loga-2.08PA50center0.0_0.0With_background1num88.dat L-BFGS-B     1.0e-04 0 0 0 0     NFW      359.9999  -0.0006     -1.081 0.000   0 -99.00   92.6       -567.8319       -1130.051    28 359.9999  -0.0006     -0.938 0.089 138 -99.00    0.017
2018-05-16-15:18:55 1.15  Mocks_Mamon/MockNFW80ellip0.5loga-2.08PA50center0.0_0.0With_background1num89.dat L-BFGS-B     1.0e-04 0 0 0 0     NFW        0.0007  -0.0008     -0.970 0.000   0 -99.00  136.1       -614.3168       -1223.006    14   0.0007  -0.0008     -0.972 0.103 174 -99.00    0.009
2018-05-16-15:18:55 1.15  Mocks_Mamon/MockNFW80ellip0.5loga-2.08PA50center0.0_0.0With_background1num90.dat L-BFGS-B     1.0e-04 0 0 0 0     NFW      359.9999   0.0007     -0.995 0.000   0 -99.00  122.9       -596.7542       -1187.884    21 359.9999   0.0007     -0.963 0.104 138 -99.00    0.013
2018-05-16-15:18:55 1.15  Mocks_Mamon/MockNFW80ellip0.5loga-2.08PA50center0.0_0.0With_background1num91.dat L-BFGS-B     1.0e-04 0 0 0 0     NFW        0.0002   0.0004     -0.972 0.000   0 -99.00  126.3       -573.4396       -1141.263    14   0.0002   0.0004     -0.995 0.192 140 -99.00    0.009
2018-05-16-15:18:55 1.15  Mocks_Mamon/MockNFW80ellip0.5loga-2.08PA50center0.0_0.0With_background1num92.dat L-BFGS-B     1.0e-04 0 0 0 0     NFW        0.0001   0.0002     -1.257 0.000   0 -99.00   70.3       -666.9604       -1328.286    35   0.0001   0.0002     -0.980 0.075 169 -99.00    0.021
2018-05-16-15:18:55 1.15  Mocks_Mamon/MockNFW80ellip0.5loga-2.08PA50center0.0_0.0With_background1num93.dat L-BFGS-B     1.0e-04 0 0 0 0     NFW      359.9998   0.0000     -1.145 0.000   0 -99.00   78.6       -569.4952       -1133.356    35 359.9998   0.0000     -0.975 0.090  27 -99.00    0.021
2018-05-16-15:18:55 1.15  Mocks_Mamon/MockNFW80ellip0.5loga-2.08PA50center0.0_0.0With_background1num94.dat L-BFGS-B     1.0e-04 0 0 0 0     NFW        0.0001   0.0001     -0.973 0.000   0 -99.00  125.6       -566.8221        -1128.02    14   0.0001   0.0001     -0.979 0.039 153 -99.00    0.009
2018-05-16-15:18:55 1.15  Mocks_Mamon/MockNFW80ellip0.5loga-2.08PA50center0.0_0.0With_background1num95.dat L-BFGS-B     1.0e-04 0 0 0 0     NFW      359.9989   0.0000     -0.972 0.000   0 -99.00  131.6        -598.479       -1191.338     7 359.9989   0.0000     -0.950 0.050  22 -99.00    0.004
2018-05-16-15:18:55 1.15  Mocks_Mamon/MockNFW80ellip0.5loga-2.08PA50center0.0_0.0With_background1num96.dat L-BFGS-B     1.0e-04 0 0 0 0     NFW      360.0000   0.0001     -0.972 0.000   0 -99.00  121.0       -550.4709       -1095.318    14 360.0000   0.0001     -0.991 0.040 175 -99.00    0.009
2018-05-16-15:18:55 1.15  Mocks_Mamon/MockNFW80ellip0.5loga-2.08PA50center0.0_0.0With_background1num97.dat L-BFGS-B     1.0e-04 0 0 0 0     NFW      359.9997  -0.0001     -1.126 0.000   0 -99.00   86.7        -600.792       -1195.982    35 359.9997  -0.0001     -0.981 0.051  31 -99.00    0.021
2018-05-16-15:18:55 1.15  Mocks_Mamon/MockNFW80ellip0.5loga-2.08PA50center0.0_0.0With_background1num98.dat L-BFGS-B     1.0e-04 0 0 0 0     NFW      359.9996   0.0002     -0.971 0.000   0 -99.00  138.4       -617.9201       -1230.231    14 359.9996   0.0002     -0.975 0.079  35 -99.00    0.009
2018-05-16-15:18:55 1.15  Mocks_Mamon/MockNFW80ellip0.5loga-2.08PA50center0.0_0.0With_background1num99.dat L-BFGS-B     1.0e-04 0 0 0 0     NFW        0.0004   0.0000     -1.435 0.000   0 -99.00   42.5       -592.0432       -1178.455    42   0.0004   0.0000     -0.984 0.088 166 -99.00    0.025
