2018-05-16-15:18:43 1.15  Mocks_Mamon/MockNFW80ellip0.5loga-2.08PA50center0.0_0.0With_background1num0.dat TNC          1.0e-04 0 0 0 0     NFW      360.0000   0.0003     -0.972 0.000   0 -99.00  133.1       -606.4823       -1207.348     3 360.0000   0.0003     -1.007 0.109 165 -99.00    0.019
2018-05-16-15:18:43 1.15  Mocks_Mamon/MockNFW80ellip0.5loga-2.08PA50center0.0_0.0With_background1num1.dat TNC          1.0e-04 0 0 0 0     NFW      359.9999  -0.0004     -0.971 0.000   0 -99.00  127.1       -566.2593       -1126.902     2 359.9999  -0.0004     -0.950 0.116 139 -99.00    0.014
2018-05-16-15:18:43 1.15  Mocks_Mamon/MockNFW80ellip0.5loga-2.08PA50center0.0_0.0With_background1num2.dat TNC          1.0e-04 0 0 0 0     NFW        0.0003   0.0002     -0.972 0.000   0 -99.00  136.9       -621.5091       -1237.394     3   0.0003   0.0002     -0.991 0.062   9 -99.00    0.019
2018-05-16-15:18:43 1.15  Mocks_Mamon/MockNFW80ellip0.5loga-2.08PA50center0.0_0.0With_background1num3.dat TNC          1.0e-04 0 0 0 0     NFW      359.9987  -0.0001     -1.012 0.000   0 -99.00  124.0       -633.3201       -1261.016    32 359.9987  -0.0001     -0.974 0.098 159 -99.00    0.157
2018-05-16-15:18:43 1.15  Mocks_Mamon/MockNFW80ellip0.5loga-2.08PA50center0.0_0.0With_background1num4.dat TNC          1.0e-04 0 0 0 0     NFW      359.9996   0.0001     -0.982 0.000   0 -99.00  133.7       -626.1964       -1246.765    32 359.9996   0.0001     -0.987 0.073  38 -99.00    0.157
2018-05-16-15:18:43 1.15  Mocks_Mamon/MockNFW80ellip0.5loga-2.08PA50center0.0_0.0With_background1num5.dat TNC          1.0e-04 0 0 0 0     NFW        0.0001   0.0001     -1.062 0.000   0 -99.00   97.2       -568.8785       -1132.137    15   0.0001   0.0001     -0.943 0.094 167 -99.00    0.076
2018-05-16-15:18:43 1.15  Mocks_Mamon/MockNFW80ellip0.5loga-2.08PA50center0.0_0.0With_background1num6.dat TNC          1.0e-04 0 0 0 0     NFW        0.0003   0.0002     -0.973 0.000   0 -99.00  126.6       -580.0419       -1154.463    12   0.0003   0.0002     -0.987 0.046  23 -99.00    0.062
2018-05-16-15:18:43 1.15  Mocks_Mamon/MockNFW80ellip0.5loga-2.08PA50center0.0_0.0With_background1num7.dat TNC          1.0e-04 0 0 0 0     NFW        0.0000  -0.0000     -1.105 0.000   0 -99.00   86.4       -564.4784       -1123.336    32   0.0000  -0.0000     -0.963 0.046  20 -99.00    0.155
2018-05-16-15:18:43 1.15  Mocks_Mamon/MockNFW80ellip0.5loga-2.08PA50center0.0_0.0With_background1num8.dat TNC          1.0e-04 0 0 0 0     NFW      359.9995   0.0001     -1.044 0.000   0 -99.00   99.5         -555.49        -1105.36    19 359.9995   0.0001     -0.998 0.015 153 -99.00    0.094
2018-05-16-15:18:43 1.15  Mocks_Mamon/MockNFW80ellip0.5loga-2.08PA50center0.0_0.0With_background1num9.dat TNC          1.0e-04 0 0 0 0     NFW        0.0001   0.0002     -0.973 0.000   0 -99.00  128.6       -585.9121         -1166.2     2   0.0001   0.0002     -0.946 0.150  41 -99.00    0.014
2018-05-16-15:18:43 1.15  Mocks_Mamon/MockNFW80ellip0.5loga-2.08PA50center0.0_0.0With_background1num10.dat TNC          1.0e-04 0 0 0 0     NFW      359.9999   0.0010     -1.312 0.000   0 -99.00   61.8       -665.4404        -1325.25    26 359.9999   0.0010     -1.003 0.062   2 -99.00    0.128
2018-05-16-15:18:43 1.15  Mocks_Mamon/MockNFW80ellip0.5loga-2.08PA50center0.0_0.0With_background1num11.dat TNC          1.0e-04 0 0 0 0     NFW      360.0000  -0.0004     -0.973 0.000   0 -99.00  131.6       -595.6061       -1185.585     3 360.0000  -0.0004     -0.977 0.048  25 -99.00    0.019
2018-05-16-15:18:43 1.15  Mocks_Mamon/MockNFW80ellip0.5loga-2.08PA50center0.0_0.0With_background1num12.dat TNC          1.0e-04 0 0 0 0     NFW        0.0003   0.0001     -0.972 0.000   0 -99.00  122.5       -549.0887       -1092.561     2   0.0003   0.0001     -0.957 0.025 172 -99.00    0.015
2018-05-16-15:18:43 1.15  Mocks_Mamon/MockNFW80ellip0.5loga-2.08PA50center0.0_0.0With_background1num13.dat TNC          1.0e-04 0 0 0 0     NFW        0.0000   0.0000     -0.972 0.000   0 -99.00  121.0       -548.4102       -1091.222     3   0.0000   0.0000     -0.982 0.101   5 -99.00    0.019
2018-05-16-15:18:43 1.15  Mocks_Mamon/MockNFW80ellip0.5loga-2.08PA50center0.0_0.0With_background1num14.dat TNC          1.0e-04 0 0 0 0     NFW        0.0002   0.0000     -0.972 0.000   0 -99.00  121.8       -543.0636       -1080.503     5   0.0002   0.0000     -0.977 0.078   5 -99.00    0.028
2018-05-16-15:18:43 1.15  Mocks_Mamon/MockNFW80ellip0.5loga-2.08PA50center0.0_0.0With_background1num15.dat TNC          1.0e-04 0 0 0 0     NFW      360.0000  -0.0030     -1.578 0.000   0 -99.00   40.1       -726.6537        -1447.68    26 360.0000  -0.0030     -0.959 0.038  12 -99.00    0.129
2018-05-16-15:18:43 1.15  Mocks_Mamon/MockNFW80ellip0.5loga-2.08PA50center0.0_0.0With_background1num16.dat TNC          1.0e-04 0 0 0 0     NFW        0.0000   0.0000     -1.002 0.000   0 -99.00  122.7       -609.0578       -1212.499    46   0.0000   0.0000     -0.991 0.068  17 -99.00    0.222
2018-05-16-15:18:43 1.15  Mocks_Mamon/MockNFW80ellip0.5loga-2.08PA50center0.0_0.0With_background1num17.dat TNC          1.0e-04 0 0 0 0     NFW        0.0004   0.0000     -1.202 0.000   0 -99.00   67.7       -565.1836        -1124.75    16   0.0004   0.0000     -0.966 0.111  18 -99.00    0.080
2018-05-16-15:18:43 1.15  Mocks_Mamon/MockNFW80ellip0.5loga-2.08PA50center0.0_0.0With_background1num18.dat TNC          1.0e-04 0 0 0 0     NFW        0.0002  -0.0003     -1.276 0.000   0 -99.00   61.0       -605.5827       -1205.541    28   0.0002  -0.0003     -0.986 0.034  12 -99.00    0.137
2018-05-16-15:18:43 1.15  Mocks_Mamon/MockNFW80ellip0.5loga-2.08PA50center0.0_0.0With_background1num19.dat TNC          1.0e-04 0 0 0 0     NFW        0.0001  -0.0002     -0.973 0.000   0 -99.00  125.6       -572.9611       -1140.305     3   0.0001  -0.0002     -0.994 0.117  37 -99.00    0.019
2018-05-16-15:18:43 1.15  Mocks_Mamon/MockNFW80ellip0.5loga-2.08PA50center0.0_0.0With_background1num20.dat TNC          1.0e-04 0 0 0 0     NFW        0.0003  -0.0007     -1.200 0.000   0 -99.00   79.3       -660.6684       -1315.713    29   0.0003  -0.0007     -1.041 0.084  25 -99.00    0.143
2018-05-16-15:18:43 1.15  Mocks_Mamon/MockNFW80ellip0.5loga-2.08PA50center0.0_0.0With_background1num21.dat TNC          1.0e-04 0 0 0 0     NFW        0.0010   0.0002     -1.157 0.000   0 -99.00   84.2       -630.1301       -1254.622    76   0.0010   0.0002     -0.969 0.035 140 -99.00    0.361
2018-05-16-15:18:43 1.15  Mocks_Mamon/MockNFW80ellip0.5loga-2.08PA50center0.0_0.0With_background1num22.dat TNC          1.0e-04 0 0 0 0     NFW        0.0001   0.0003     -1.137 0.000   0 -99.00   90.8       -645.9331       -1286.228    14   0.0001   0.0003     -0.996 0.047  23 -99.00    0.071
2018-05-16-15:18:43 1.15  Mocks_Mamon/MockNFW80ellip0.5loga-2.08PA50center0.0_0.0With_background1num23.dat TNC          1.0e-04 0 0 0 0     NFW        0.0039  -0.0000     -1.788 0.000   0 -99.00   29.3        -755.164         -1504.7    37   0.0039  -0.0000     -0.995 0.091 178 -99.00    0.181
2018-05-16-15:18:43 1.15  Mocks_Mamon/MockNFW80ellip0.5loga-2.08PA50center0.0_0.0With_background1num24.dat TNC          1.0e-04 0 0 0 0     NFW        0.0000  -0.0000     -1.183 0.000   0 -99.00   79.6       -635.1121         -1264.6    32   0.0000  -0.0000     -1.012 0.079 154 -99.00    0.157
2018-05-16-15:18:43 1.15  Mocks_Mamon/MockNFW80ellip0.5loga-2.08PA50center0.0_0.0With_background1num25.dat TNC          1.0e-04 0 0 0 0     NFW      359.9998  -0.0004     -0.971 0.000   0 -99.00  135.4       -611.1478       -1216.682     2 359.9998  -0.0004     -0.968 0.109 138 -99.00    0.014
2018-05-16-15:18:43 1.15  Mocks_Mamon/MockNFW80ellip0.5loga-2.08PA50center0.0_0.0With_background1num26.dat TNC          1.0e-04 0 0 0 0     NFW        0.0000   0.0001     -1.075 0.000   0 -99.00   94.3       -570.5659       -1135.519    23   0.0000   0.0001     -0.980 0.156   3 -99.00    0.113
2018-05-16-15:18:43 1.15  Mocks_Mamon/MockNFW80ellip0.5loga-2.08PA50center0.0_0.0With_background1num27.dat TNC          1.0e-04 0 0 0 0     NFW      360.0000   0.0001     -1.367 0.000   0 -99.00   48.9       -591.0214       -1176.426    23 360.0000   0.0001     -1.012 0.076   1 -99.00    0.112
2018-05-16-15:18:43 1.15  Mocks_Mamon/MockNFW80ellip0.5loga-2.08PA50center0.0_0.0With_background1num28.dat TNC          1.0e-04 0 0 0 0     NFW        0.0004  -0.0000     -0.973 0.000   0 -99.00  132.4        -604.354       -1203.091     3   0.0004  -0.0000     -0.999 0.138  15 -99.00    0.019
2018-05-16-15:18:43 1.15  Mocks_Mamon/MockNFW80ellip0.5loga-2.08PA50center0.0_0.0With_background1num29.dat TNC          1.0e-04 0 0 0 0     NFW        0.0003  -0.0002     -1.198 0.000   0 -99.00   74.4       -613.8257       -1222.024    28   0.0003  -0.0002     -0.976 0.036  44 -99.00    0.138
2018-05-16-15:18:43 1.15  Mocks_Mamon/MockNFW80ellip0.5loga-2.08PA50center0.0_0.0With_background1num30.dat TNC          1.0e-04 0 0 0 0     NFW        0.0000   0.0005     -0.971 0.000   0 -99.00  130.1       -588.5066       -1171.389     2   0.0000   0.0005     -0.967 0.047   3 -99.00    0.014
2018-05-16-15:18:43 1.15  Mocks_Mamon/MockNFW80ellip0.5loga-2.08PA50center0.0_0.0With_background1num31.dat TNC          1.0e-04 0 0 0 0     NFW        0.0001   0.0003     -1.023 0.000   0 -99.00  112.1        -589.985       -1174.353    12   0.0001   0.0003     -0.966 0.129  33 -99.00    0.062
2018-05-16-15:18:43 1.15  Mocks_Mamon/MockNFW80ellip0.5loga-2.08PA50center0.0_0.0With_background1num32.dat TNC          1.0e-04 0 0 0 0     NFW        0.0000  -0.0001     -0.974 0.000   0 -99.00  127.1       -561.4903       -1117.357     2   0.0000  -0.0001     -0.964 0.065  37 -99.00    0.014
2018-05-16-15:18:43 1.15  Mocks_Mamon/MockNFW80ellip0.5loga-2.08PA50center0.0_0.0With_background1num33.dat TNC          1.0e-04 0 0 0 0     NFW      359.9997  -0.0001     -0.972 0.000   0 -99.00  130.1       -590.1746       -1174.729     2 359.9997  -0.0001     -0.970 0.031 146 -99.00    0.014
2018-05-16-15:18:43 1.15  Mocks_Mamon/MockNFW80ellip0.5loga-2.08PA50center0.0_0.0With_background1num34.dat TNC          1.0e-04 0 0 0 0     NFW        0.0009  -0.0001     -0.971 0.000   0 -99.00  127.8       -574.3189       -1143.006     3   0.0009  -0.0001     -0.990 0.124  36 -99.00    0.019
2018-05-16-15:18:43 1.15  Mocks_Mamon/MockNFW80ellip0.5loga-2.08PA50center0.0_0.0With_background1num35.dat TNC          1.0e-04 0 0 0 0     NFW        0.0005  -0.0006     -0.971 0.000   0 -99.00  123.3       -562.1254       -1118.645     2   0.0005  -0.0006     -0.954 0.046 160 -99.00    0.014
2018-05-16-15:18:43 1.15  Mocks_Mamon/MockNFW80ellip0.5loga-2.08PA50center0.0_0.0With_background1num36.dat TNC          1.0e-04 0 0 0 0     NFW        0.0001   0.0002     -1.121 0.000   0 -99.00   85.3       -581.7637       -1157.907    23   0.0001   0.0002     -0.959 0.043 179 -99.00    0.113
2018-05-16-15:18:43 1.15  Mocks_Mamon/MockNFW80ellip0.5loga-2.08PA50center0.0_0.0With_background1num37.dat TNC          1.0e-04 0 0 0 0     NFW      359.9992  -0.0012     -0.973 0.000   0 -99.00  130.1       -589.8864       -1174.149     3 359.9992  -0.0012     -0.991 0.112  28 -99.00    0.019
2018-05-16-15:18:43 1.15  Mocks_Mamon/MockNFW80ellip0.5loga-2.08PA50center0.0_0.0With_background1num38.dat TNC          1.0e-04 0 0 0 0     NFW      359.9999   0.0001     -1.066 0.000   0 -99.00   96.4       -568.3283       -1131.036    30 359.9999   0.0001     -0.963 0.112 159 -99.00    0.146
2018-05-16-15:18:43 1.15  Mocks_Mamon/MockNFW80ellip0.5loga-2.08PA50center0.0_0.0With_background1num39.dat TNC          1.0e-04 0 0 0 0     NFW      359.9999   0.0005     -1.158 0.000   0 -99.00   77.4       -580.8206        -1156.01    23 359.9999   0.0005     -1.010 0.086 178 -99.00    0.113
2018-05-16-15:18:43 1.15  Mocks_Mamon/MockNFW80ellip0.5loga-2.08PA50center0.0_0.0With_background1num40.dat TNC          1.0e-04 0 0 0 0     NFW      359.9999  -0.0007     -1.044 0.000   0 -99.00  109.9       -613.4526       -1221.288    20 359.9999  -0.0007     -0.963 0.107 150 -99.00    0.100
2018-05-16-15:18:43 1.15  Mocks_Mamon/MockNFW80ellip0.5loga-2.08PA50center0.0_0.0With_background1num41.dat TNC          1.0e-04 0 0 0 0     NFW      359.9999  -0.0003     -0.974 0.000   0 -99.00  132.4       -600.1058       -1194.591     2 359.9999  -0.0003     -0.961 0.045 138 -99.00    0.014
2018-05-16-15:18:43 1.15  Mocks_Mamon/MockNFW80ellip0.5loga-2.08PA50center0.0_0.0With_background1num42.dat TNC          1.0e-04 0 0 0 0     NFW      359.9993  -0.0001     -1.363 0.000   0 -99.00   50.7        -607.033       -1208.446    44 359.9993  -0.0001     -0.992 0.035   7 -99.00    0.212
2018-05-16-15:18:43 1.15  Mocks_Mamon/MockNFW80ellip0.5loga-2.08PA50center0.0_0.0With_background1num43.dat TNC          1.0e-04 0 0 0 0     NFW        0.0002  -0.0001     -0.975 0.000   0 -99.00  124.8       -570.0318       -1134.447     3   0.0002  -0.0001     -0.978 0.078 175 -99.00    0.019
2018-05-16-15:18:43 1.15  Mocks_Mamon/MockNFW80ellip0.5loga-2.08PA50center0.0_0.0With_background1num44.dat TNC          1.0e-04 0 0 0 0     NFW      359.9999   0.0002     -0.974 0.000   0 -99.00  141.4       -646.3856       -1287.144     3 359.9999   0.0002     -1.005 0.007 171 -99.00    0.019
2018-05-16-15:18:43 1.15  Mocks_Mamon/MockNFW80ellip0.5loga-2.08PA50center0.0_0.0With_background1num45.dat TNC          1.0e-04 0 0 0 0     NFW      359.9999   0.0000     -1.022 0.000   0 -99.00  105.6       -554.3066       -1102.993    37 359.9999   0.0000     -0.953 0.174  13 -99.00    0.178
2018-05-16-15:18:43 1.15  Mocks_Mamon/MockNFW80ellip0.5loga-2.08PA50center0.0_0.0With_background1num46.dat TNC          1.0e-04 0 0 0 0     NFW        0.0001   0.0001     -0.972 0.000   0 -99.00  129.3        -571.294       -1136.982     2   0.0001   0.0001     -0.950 0.162 139 -99.00    0.014
2018-05-16-15:18:43 1.15  Mocks_Mamon/MockNFW80ellip0.5loga-2.08PA50center0.0_0.0With_background1num47.dat TNC          1.0e-04 0 0 0 0     NFW      359.9998   0.0001     -1.115 0.000   0 -99.00   88.1       -593.1584         -1180.7    20 359.9998   0.0001     -0.986 0.098 177 -99.00    0.099
2018-05-16-15:18:43 1.15  Mocks_Mamon/MockNFW80ellip0.5loga-2.08PA50center0.0_0.0With_background1num48.dat TNC          1.0e-04 0 0 0 0     NFW        0.0000   0.0004     -1.058 0.000   0 -99.00   99.6       -576.3488       -1147.074    34   0.0000   0.0004     -1.002 0.044 180 -99.00    0.165
2018-05-16-15:18:43 1.15  Mocks_Mamon/MockNFW80ellip0.5loga-2.08PA50center0.0_0.0With_background1num49.dat TNC          1.0e-04 0 0 0 0     NFW        0.0002   0.0000     -1.047 0.000   0 -99.00  105.7       -593.2779       -1180.939    34   0.0002   0.0000     -0.969 0.036  21 -99.00    0.166
2018-05-16-15:18:43 1.15  Mocks_Mamon/MockNFW80ellip0.5loga-2.08PA50center0.0_0.0With_background1num50.dat TNC          1.0e-04 0 0 0 0     NFW        0.0003  -0.0001     -0.972 0.000   0 -99.00  135.4        -603.774       -1201.938     3   0.0003  -0.0001     -0.972 0.062  35 -99.00    0.019
2018-05-16-15:18:43 1.15  Mocks_Mamon/MockNFW80ellip0.5loga-2.08PA50center0.0_0.0With_background1num51.dat TNC          1.0e-04 0 0 0 0     NFW        0.0002   0.0004     -1.124 0.000   0 -99.00   82.3        -566.068        -1126.53    34   0.0002   0.0004     -0.975 0.112   6 -99.00    0.165
2018-05-16-15:18:43 1.15  Mocks_Mamon/MockNFW80ellip0.5loga-2.08PA50center0.0_0.0With_background1num52.dat TNC          1.0e-04 0 0 0 0     NFW      359.9994   0.0003     -1.256 0.000   0 -99.00   68.8        -651.801       -1297.989    26 359.9994   0.0003     -0.997 0.061 138 -99.00    0.127
2018-05-16-15:18:43 1.15  Mocks_Mamon/MockNFW80ellip0.5loga-2.08PA50center0.0_0.0With_background1num53.dat TNC          1.0e-04 0 0 0 0     NFW      359.9994   0.0001     -1.029 0.000   0 -99.00  117.7       -630.6853       -1255.739    29 359.9994   0.0001     -0.992 0.099   3 -99.00    0.142
2018-05-16-15:18:43 1.15  Mocks_Mamon/MockNFW80ellip0.5loga-2.08PA50center0.0_0.0With_background1num54.dat TNC          1.0e-04 0 0 0 0     NFW      359.9983  -0.0000     -0.968 0.000   0 -99.00  130.1       -578.3277       -1151.046     2 359.9983  -0.0000     -0.954 0.105  24 -99.00    0.014
2018-05-16-15:18:43 1.15  Mocks_Mamon/MockNFW80ellip0.5loga-2.08PA50center0.0_0.0With_background1num55.dat TNC          1.0e-04 0 0 0 0     NFW        0.0002   0.0002     -1.004 0.000   0 -99.00  118.8       -594.8411       -1184.073    28   0.0002   0.0002     -1.026 0.133  41 -99.00    0.137
2018-05-16-15:18:43 1.15  Mocks_Mamon/MockNFW80ellip0.5loga-2.08PA50center0.0_0.0With_background1num56.dat TNC          1.0e-04 0 0 0 0     NFW      360.0000  -0.0033     -1.370 0.000   0 -99.00   58.9       -718.8211       -1432.018    19 360.0000  -0.0033     -0.961 0.142  22 -99.00    0.096
2018-05-16-15:18:43 1.15  Mocks_Mamon/MockNFW80ellip0.5loga-2.08PA50center0.0_0.0With_background1num57.dat TNC          1.0e-04 0 0 0 0     NFW      359.9999  -0.0001     -0.975 0.000   0 -99.00  115.0       -515.1878       -1024.744     2 359.9999  -0.0001     -0.935 0.044 171 -99.00    0.014
2018-05-16-15:18:43 1.15  Mocks_Mamon/MockNFW80ellip0.5loga-2.08PA50center0.0_0.0With_background1num58.dat TNC          1.0e-04 0 0 0 0     NFW        0.0000   0.0000     -0.973 0.000   0 -99.00  126.3       -570.9135       -1136.203     2   0.0000   0.0000     -0.972 0.040 172 -99.00    0.014
2018-05-16-15:18:43 1.15  Mocks_Mamon/MockNFW80ellip0.5loga-2.08PA50center0.0_0.0With_background1num59.dat TNC          1.0e-04 0 0 0 0     NFW        0.0007  -0.0002     -1.300 0.000   0 -99.00   59.2       -620.5166       -1235.416    39   0.0007  -0.0002     -0.999 0.183   9 -99.00    0.189
2018-05-16-15:18:43 1.15  Mocks_Mamon/MockNFW80ellip0.5loga-2.08PA50center0.0_0.0With_background1num60.dat TNC          1.0e-04 0 0 0 0     NFW        0.0005   0.0001     -1.123 0.000   0 -99.00   87.9       -598.9367       -1192.242    44   0.0005   0.0001     -0.988 0.107 175 -99.00    0.213
2018-05-16-15:18:43 1.15  Mocks_Mamon/MockNFW80ellip0.5loga-2.08PA50center0.0_0.0With_background1num61.dat TNC          1.0e-04 0 0 0 0     NFW      359.9999  -0.0003     -0.973 0.000   0 -99.00  132.4       -599.7811       -1193.956     2 359.9999  -0.0003     -0.972 0.088 144 -99.00    0.014
2018-05-16-15:18:43 1.15  Mocks_Mamon/MockNFW80ellip0.5loga-2.08PA50center0.0_0.0With_background1num62.dat TNC          1.0e-04 0 0 0 0     NFW      359.9996  -0.0005     -0.973 0.000   0 -99.00  127.8       -574.0055       -1142.387     2 359.9996  -0.0005     -0.963 0.083  13 -99.00    0.014
2018-05-16-15:18:43 1.15  Mocks_Mamon/MockNFW80ellip0.5loga-2.08PA50center0.0_0.0With_background1num63.dat TNC          1.0e-04 0 0 0 0     NFW        0.0012  -0.0000     -0.972 0.000   0 -99.00  129.3        -589.783       -1173.953     3   0.0012  -0.0000     -0.995 0.089 166 -99.00    0.019
2018-05-16-15:18:43 1.15  Mocks_Mamon/MockNFW80ellip0.5loga-2.08PA50center0.0_0.0With_background1num64.dat TNC          1.0e-04 0 0 0 0     NFW      359.9978   0.0001     -1.499 0.000   0 -99.00   41.1       -648.3372        -1291.05    27 359.9978   0.0001     -0.996 0.085   5 -99.00    0.132
2018-05-16-15:18:43 1.15  Mocks_Mamon/MockNFW80ellip0.5loga-2.08PA50center0.0_0.0With_background1num65.dat TNC          1.0e-04 0 0 0 0     NFW        0.0001  -0.0005     -1.108 0.000   0 -99.00   86.4       -571.1545       -1136.681    23   0.0001  -0.0005     -0.993 0.105  27 -99.00    0.113
2018-05-16-15:18:43 1.15  Mocks_Mamon/MockNFW80ellip0.5loga-2.08PA50center0.0_0.0With_background1num66.dat TNC          1.0e-04 0 0 0 0     NFW      359.9999   0.0007     -1.238 0.000   0 -99.00   69.1       -627.5603       -1249.504    27 359.9999   0.0007     -1.019 0.025  39 -99.00    0.133
2018-05-16-15:18:43 1.15  Mocks_Mamon/MockNFW80ellip0.5loga-2.08PA50center0.0_0.0With_background1num67.dat TNC          1.0e-04 0 0 0 0     NFW      359.9998   0.0016     -1.291 0.000   0 -99.00   60.3        -619.759        -1233.89    22 359.9998   0.0016     -0.974 0.050   1 -99.00    0.110
2018-05-16-15:18:43 1.15  Mocks_Mamon/MockNFW80ellip0.5loga-2.08PA50center0.0_0.0With_background1num68.dat TNC          1.0e-04 0 0 0 0     NFW      360.0000  -0.0000     -1.220 0.000   0 -99.00   65.1       -566.2837        -1126.94    31 360.0000  -0.0000     -0.976 0.093 154 -99.00    0.152
2018-05-16-15:18:43 1.15  Mocks_Mamon/MockNFW80ellip0.5loga-2.08PA50center0.0_0.0With_background1num69.dat TNC          1.0e-04 0 0 0 0     NFW      359.9998   0.0002     -0.972 0.000   0 -99.00  138.4       -624.9372       -1244.258     3 359.9998   0.0002     -0.996 0.191 160 -99.00    0.019
2018-05-16-15:18:43 1.15  Mocks_Mamon/MockNFW80ellip0.5loga-2.08PA50center0.0_0.0With_background1num70.dat TNC          1.0e-04 0 0 0 0     NFW        0.0003   0.0008     -0.972 0.000   0 -99.00  131.6        -598.172       -1190.724     2   0.0003   0.0008     -0.965 0.099 135 -99.00    0.014
2018-05-16-15:18:43 1.15  Mocks_Mamon/MockNFW80ellip0.5loga-2.08PA50center0.0_0.0With_background1num71.dat TNC          1.0e-04 0 0 0 0     NFW        0.0001   0.0001     -0.972 0.000   0 -99.00  123.3       -559.1938        -1112.76     3   0.0001   0.0001     -0.976 0.052 177 -99.00    0.019
2018-05-16-15:18:43 1.15  Mocks_Mamon/MockNFW80ellip0.5loga-2.08PA50center0.0_0.0With_background1num72.dat TNC          1.0e-04 0 0 0 0     NFW      359.9999   0.0007     -0.973 0.000   0 -99.00  127.8       -583.2396       -1160.852     2 359.9999   0.0007     -0.951 0.060  26 -99.00    0.014
2018-05-16-15:18:43 1.15  Mocks_Mamon/MockNFW80ellip0.5loga-2.08PA50center0.0_0.0With_background1num73.dat TNC          1.0e-04 0 0 0 0     NFW        0.0004  -0.0004     -0.973 0.000   0 -99.00  130.8       -591.7184       -1177.813     2   0.0004  -0.0004     -0.953 0.043 161 -99.00    0.014
2018-05-16-15:18:43 1.15  Mocks_Mamon/MockNFW80ellip0.5loga-2.08PA50center0.0_0.0With_background1num74.dat TNC          1.0e-04 0 0 0 0     NFW        0.0001  -0.0000     -0.973 0.000   0 -99.00  122.5       -552.0287       -1098.433     2   0.0001  -0.0000     -0.961 0.110 179 -99.00    0.014
2018-05-16-15:18:43 1.15  Mocks_Mamon/MockNFW80ellip0.5loga-2.08PA50center0.0_0.0With_background1num75.dat TNC          1.0e-04 0 0 0 0     NFW        0.0005  -0.0014     -1.455 0.000   0 -99.00   44.4       -643.7308       -1281.845    49   0.0005  -0.0014     -0.973 0.062 158 -99.00    0.237
2018-05-16-15:18:43 1.15  Mocks_Mamon/MockNFW80ellip0.5loga-2.08PA50center0.0_0.0With_background1num76.dat TNC          1.0e-04 0 0 0 0     NFW        0.0003   0.0000     -1.050 0.000   0 -99.00  111.4       -629.1322       -1252.637    74   0.0003   0.0000     -0.975 0.087 137 -99.00    0.354
2018-05-16-15:18:43 1.15  Mocks_Mamon/MockNFW80ellip0.5loga-2.08PA50center0.0_0.0With_background1num77.dat TNC          1.0e-04 0 0 0 0     NFW      359.9989   0.0000     -1.345 0.000   0 -99.00   52.6       -609.0857       -1212.544    39 359.9989   0.0000     -0.996 0.113  29 -99.00    0.189
2018-05-16-15:18:43 1.15  Mocks_Mamon/MockNFW80ellip0.5loga-2.08PA50center0.0_0.0With_background1num78.dat TNC          1.0e-04 0 0 0 0     NFW      359.9995  -0.0027     -1.558 0.000   0 -99.00   38.7       -684.8556        -1364.08    33 359.9995  -0.0027     -1.016 0.132 164 -99.00    0.162
2018-05-16-15:18:43 1.15  Mocks_Mamon/MockNFW80ellip0.5loga-2.08PA50center0.0_0.0With_background1num79.dat TNC          1.0e-04 0 0 0 0     NFW        0.0003   0.0023     -1.505 0.000   0 -99.00   42.5       -679.5146       -1353.405    51   0.0003   0.0023     -1.003 0.101  25 -99.00    0.248
2018-05-16-15:18:43 1.15  Mocks_Mamon/MockNFW80ellip0.5loga-2.08PA50center0.0_0.0With_background1num80.dat TNC          1.0e-04 0 0 0 0     NFW      359.9996   0.0006     -1.064 0.000   0 -99.00  100.5       -592.7297       -1179.846    16 359.9996   0.0006     -0.974 0.022   4 -99.00    0.081
2018-05-16-15:18:43 1.15  Mocks_Mamon/MockNFW80ellip0.5loga-2.08PA50center0.0_0.0With_background1num81.dat TNC          1.0e-04 0 0 0 0     NFW        0.0003  -0.0000     -1.276 0.000   0 -99.00   60.9       -605.2464       -1204.865    31   0.0003  -0.0000     -1.009 0.114 161 -99.00    0.150
2018-05-16-15:18:43 1.15  Mocks_Mamon/MockNFW80ellip0.5loga-2.08PA50center0.0_0.0With_background1num82.dat TNC          1.0e-04 0 0 0 0     NFW      359.9999  -0.0000     -1.302 0.000   0 -99.00   58.3       -613.0826       -1220.552    18 359.9999  -0.0000     -1.003 0.134 175 -99.00    0.090
2018-05-16-15:18:43 1.15  Mocks_Mamon/MockNFW80ellip0.5loga-2.08PA50center0.0_0.0With_background1num83.dat TNC          1.0e-04 0 0 0 0     NFW        0.0005  -0.0001     -0.976 0.000   0 -99.00  121.8       -557.9147       -1110.213     2   0.0005  -0.0001     -0.961 0.061  34 -99.00    0.014
2018-05-16-15:18:43 1.15  Mocks_Mamon/MockNFW80ellip0.5loga-2.08PA50center0.0_0.0With_background1num84.dat TNC          1.0e-04 0 0 0 0     NFW        0.0000   0.0003     -0.973 0.000   0 -99.00  133.9       -607.9338       -1210.247     3   0.0000   0.0003     -0.980 0.097 139 -99.00    0.019
2018-05-16-15:18:43 1.15  Mocks_Mamon/MockNFW80ellip0.5loga-2.08PA50center0.0_0.0With_background1num85.dat TNC          1.0e-04 0 0 0 0     NFW        0.0002  -0.0003     -0.972 0.000   0 -99.00  120.3       -545.5283       -1085.436     2   0.0002  -0.0003     -0.948 0.142  32 -99.00    0.014
2018-05-16-15:18:43 1.15  Mocks_Mamon/MockNFW80ellip0.5loga-2.08PA50center0.0_0.0With_background1num86.dat TNC          1.0e-04 0 0 0 0     NFW      360.0000  -0.0007     -0.970 0.000   0 -99.00  124.8        -561.265       -1116.906     2 360.0000  -0.0007     -0.966 0.030   1 -99.00    0.014
2018-05-16-15:18:43 1.15  Mocks_Mamon/MockNFW80ellip0.5loga-2.08PA50center0.0_0.0With_background1num87.dat TNC          1.0e-04 0 0 0 0     NFW        0.0000   0.0001     -0.973 0.000   0 -99.00  122.5        -551.149       -1096.681     2   0.0000   0.0001     -0.944 0.105 177 -99.00    0.014
2018-05-16-15:18:43 1.15  Mocks_Mamon/MockNFW80ellip0.5loga-2.08PA50center0.0_0.0With_background1num88.dat TNC          1.0e-04 0 0 0 0     NFW      359.9999  -0.0006     -1.079 0.000   0 -99.00   93.1       -567.8323       -1130.051    82 359.9999  -0.0006     -0.938 0.089 138 -99.00    0.388
2018-05-16-15:18:43 1.15  Mocks_Mamon/MockNFW80ellip0.5loga-2.08PA50center0.0_0.0With_background1num89.dat TNC          1.0e-04 0 0 0 0     NFW        0.0007  -0.0008     -0.970 0.000   0 -99.00  136.1       -614.3168       -1223.006     3   0.0007  -0.0008     -0.972 0.103 174 -99.00    0.019
2018-05-16-15:18:43 1.15  Mocks_Mamon/MockNFW80ellip0.5loga-2.08PA50center0.0_0.0With_background1num90.dat TNC          1.0e-04 0 0 0 0     NFW      359.9999   0.0007     -1.003 0.000   0 -99.00  120.2       -596.7553       -1187.887    37 359.9999   0.0007     -0.963 0.104 138 -99.00    0.179
2018-05-16-15:18:43 1.15  Mocks_Mamon/MockNFW80ellip0.5loga-2.08PA50center0.0_0.0With_background1num91.dat TNC          1.0e-04 0 0 0 0     NFW        0.0002   0.0004     -0.972 0.000   0 -99.00  126.3       -573.4396       -1141.263     3   0.0002   0.0004     -0.995 0.192 140 -99.00    0.019
2018-05-16-15:18:43 1.15  Mocks_Mamon/MockNFW80ellip0.5loga-2.08PA50center0.0_0.0With_background1num92.dat TNC          1.0e-04 0 0 0 0     NFW        0.0001   0.0002     -1.260 0.000   0 -99.00   69.8       -666.9606       -1328.286    23   0.0001   0.0002     -0.980 0.075 169 -99.00    0.115
2018-05-16-15:18:43 1.15  Mocks_Mamon/MockNFW80ellip0.5loga-2.08PA50center0.0_0.0With_background1num93.dat TNC          1.0e-04 0 0 0 0     NFW      359.9998   0.0000     -1.146 0.000   0 -99.00   78.4       -569.4952       -1133.356    31 359.9998   0.0000     -0.975 0.090  27 -99.00    0.151
2018-05-16-15:18:43 1.15  Mocks_Mamon/MockNFW80ellip0.5loga-2.08PA50center0.0_0.0With_background1num94.dat TNC          1.0e-04 0 0 0 0     NFW        0.0001   0.0001     -0.973 0.000   0 -99.00  125.6       -566.8221        -1128.02     3   0.0001   0.0001     -0.979 0.039 153 -99.00    0.019
2018-05-16-15:18:43 1.15  Mocks_Mamon/MockNFW80ellip0.5loga-2.08PA50center0.0_0.0With_background1num95.dat TNC          1.0e-04 0 0 0 0     NFW      359.9989   0.0000     -0.972 0.000   0 -99.00  131.6        -598.479       -1191.338     2 359.9989   0.0000     -0.950 0.050  22 -99.00    0.014
2018-05-16-15:18:43 1.15  Mocks_Mamon/MockNFW80ellip0.5loga-2.08PA50center0.0_0.0With_background1num96.dat TNC          1.0e-04 0 0 0 0     NFW      360.0000   0.0001     -0.972 0.000   0 -99.00  121.0       -550.4709       -1095.318     5 360.0000   0.0001     -0.991 0.040 175 -99.00    0.028
2018-05-16-15:18:43 1.15  Mocks_Mamon/MockNFW80ellip0.5loga-2.08PA50center0.0_0.0With_background1num97.dat TNC          1.0e-04 0 0 0 0     NFW      359.9997  -0.0001     -1.128 0.000   0 -99.00   86.4        -600.792       -1195.982    80 359.9997  -0.0001     -0.981 0.051  31 -99.00    0.380
2018-05-16-15:18:43 1.15  Mocks_Mamon/MockNFW80ellip0.5loga-2.08PA50center0.0_0.0With_background1num98.dat TNC          1.0e-04 0 0 0 0     NFW      359.9996   0.0002     -0.971 0.000   0 -99.00  138.4       -617.9201       -1230.231     4 359.9996   0.0002     -0.975 0.079  35 -99.00    0.024
2018-05-16-15:18:43 1.15  Mocks_Mamon/MockNFW80ellip0.5loga-2.08PA50center0.0_0.0With_background1num99.dat TNC          1.0e-04 0 0 0 0     NFW        0.0004   0.0000     -1.434 0.000   0 -99.00   42.5       -592.0432       -1178.455    35   0.0004   0.0000     -0.984 0.088 166 -99.00    0.169
