2018-05-05-19:14:37 1.11  Mocks_Em/MockNFW1280ellip5loga2.08PA50center0With_background20num0.dat Diff-Evol    1.0e-04 0 0 1 0     NFW      359.9999   0.0000     -2.156 0.000   0   1.40  465.5       -8833.562       -17652.74   215 359.9999   0.0000     -2.032 0.000   0   3.27    0.150
2018-05-05-19:14:37 1.11  Mocks_Em/MockNFW1280ellip5loga2.08PA50center0With_background20num1.dat Diff-Evol    1.0e-04 0 0 1 0     NFW        0.0003  -0.0001     -2.412 0.000   0   5.63  191.9       -8693.297       -17372.21   271   0.0003  -0.0001     -2.010 0.000   0   3.25    0.186
2018-05-05-19:14:37 1.11  Mocks_Em/MockNFW1280ellip5loga2.08PA50center0With_background20num2.dat Diff-Evol    1.0e-04 0 0 1 0     NFW      359.9999   0.0001     -2.157 0.000   0   0.69  452.5       -8636.259       -17258.13   222 359.9999   0.0001     -2.015 0.000   0   3.26    0.151
2018-05-05-19:14:37 1.11  Mocks_Em/MockNFW1280ellip5loga2.08PA50center0With_background20num3.dat Diff-Evol    1.0e-04 0 0 1 0     NFW        0.0004  -0.0001     -2.382 0.000   0   5.49  223.3       -8699.585       -17384.78   236   0.0004  -0.0001     -2.008 0.000   0   3.25    0.161
2018-05-05-19:14:37 1.11  Mocks_Em/MockNFW1280ellip5loga2.08PA50center0With_background20num4.dat Diff-Evol    1.0e-04 0 0 1 0     NFW        0.0001   0.0000     -2.675 0.000   0   5.89   83.3       -8592.789       -17171.19   236   0.0001   0.0000     -1.998 0.000   0   3.25    0.161
2018-05-05-19:14:37 1.11  Mocks_Em/MockNFW1280ellip5loga2.08PA50center0With_background20num5.dat Diff-Evol    1.0e-04 0 0 1 0     NFW        0.0002  -0.0002     -2.256 0.000   0   5.32  304.7       -8517.393        -17020.4   229   0.0002  -0.0002     -1.989 0.000   0   3.24    0.159
2018-05-05-19:14:37 1.11  Mocks_Em/MockNFW1280ellip5loga2.08PA50center0With_background20num6.dat Diff-Evol    1.0e-04 0 0 1 0     NFW      360.0000  -0.0001     -2.373 0.000   0   5.45  233.1       -8635.278       -17256.17   390 360.0000  -0.0001     -2.014 0.000   0   3.25    0.263
2018-05-05-19:14:37 1.11  Mocks_Em/MockNFW1280ellip5loga2.08PA50center0With_background20num7.dat Diff-Evol    1.0e-04 0 0 1 0     NFW      359.9997   0.0001     -2.245 0.000   0   1.88  362.3       -8550.592        -17086.8   222 359.9997   0.0001     -2.014 0.000   0   3.24    0.151
2018-05-05-19:14:37 1.11  Mocks_Em/MockNFW1280ellip5loga2.08PA50center0With_background20num8.dat Diff-Evol    1.0e-04 0 0 1 0     NFW      359.9999   0.0001     -2.194 0.000   0   1.92  425.4       -8843.401       -17672.41   271 359.9999   0.0001     -2.031 0.000   0   3.27    0.184
2018-05-05-19:14:37 1.11  Mocks_Em/MockNFW1280ellip5loga2.08PA50center0With_background20num9.dat Diff-Evol    1.0e-04 0 0 1 0     NFW      359.9999   0.0000     -2.240 0.000   0   5.42  311.1       -8604.744        -17195.1   397 359.9999   0.0000     -1.989 0.000   0   3.26    0.269
2018-05-05-19:14:37 1.11  Mocks_Em/MockNFW1280ellip5loga2.08PA50center0With_background20num10.dat Diff-Evol    1.0e-04 0 0 1 0     NFW        0.0002  -0.0000     -2.284 0.000   0   5.43  282.8       -8689.854       -17365.32   215   0.0002  -0.0000     -2.004 0.000   0   3.25    0.147
2018-05-05-19:14:37 1.11  Mocks_Em/MockNFW1280ellip5loga2.08PA50center0With_background20num11.dat Diff-Evol    1.0e-04 0 0 1 0     NFW      359.9999  -0.0000     -2.254 0.000   0   2.43  368.9         -8779.8       -17545.21   215 359.9999  -0.0000     -2.026 0.000   0   3.26    0.150
2018-05-05-19:14:37 1.11  Mocks_Em/MockNFW1280ellip5loga2.08PA50center0With_background20num12.dat Diff-Evol    1.0e-04 0 0 1 0     NFW        0.0003   0.0000     -2.344 0.000   0   5.53  234.0       -8668.263       -17322.14   222   0.0003   0.0000     -2.008 0.000   0   3.25    0.156
2018-05-05-19:14:37 1.11  Mocks_Em/MockNFW1280ellip5loga2.08PA50center0With_background20num13.dat Diff-Evol    1.0e-04 0 0 1 0     NFW      359.9999  -0.0001     -2.175 0.000   0   4.33  431.9         -8746.3       -17478.21   229 359.9999  -0.0001     -2.009 0.000   0   3.26    0.158
2018-05-05-19:14:37 1.11  Mocks_Em/MockNFW1280ellip5loga2.08PA50center0With_background20num14.dat Diff-Evol    1.0e-04 0 0 1 0     NFW      359.9998   0.0000     -2.217 0.000   0   1.86  397.5       -8727.548       -17440.71   215 359.9998   0.0000     -2.025 0.000   0   3.26    0.151
2018-05-05-19:14:37 1.11  Mocks_Em/MockNFW1280ellip5loga2.08PA50center0With_background20num15.dat Diff-Evol    1.0e-04 0 0 1 0     NFW      359.9998   0.0001     -2.322 0.000   0   5.39  264.0       -8641.339       -17268.29   229 359.9998   0.0001     -2.007 0.000   0   3.25    0.160
2018-05-05-19:14:37 1.11  Mocks_Em/MockNFW1280ellip5loga2.08PA50center0With_background20num16.dat Diff-Evol    1.0e-04 0 0 1 0     NFW        0.0002   0.0001     -2.189 0.000   0   1.20  415.0       -8568.707       -17123.03   215   0.0002   0.0001     -2.002 0.000   0   3.25    0.152
2018-05-05-19:14:37 1.11  Mocks_Em/MockNFW1280ellip5loga2.08PA50center0With_background20num17.dat Diff-Evol    1.0e-04 0 0 1 0     NFW      360.0000   0.0003     -2.205 0.000   0   1.46  403.4       -8632.747       -17251.11   215 360.0000   0.0003     -2.020 0.000   0   3.25    0.146
2018-05-05-19:14:37 1.11  Mocks_Em/MockNFW1280ellip5loga2.08PA50center0With_background20num18.dat Diff-Evol    1.0e-04 0 0 1 0     NFW        0.0001   0.0001     -2.233 0.000   0   4.78  363.9       -8612.903       -17211.42   236   0.0001   0.0001     -2.013 0.000   0   3.25    0.160
2018-05-05-19:14:37 1.11  Mocks_Em/MockNFW1280ellip5loga2.08PA50center0With_background20num19.dat Diff-Evol    1.0e-04 0 0 1 0     NFW      360.0000   0.0001     -2.157 0.000   0   3.03  444.6         -8517.7       -17021.01   264 360.0000   0.0001     -1.995 0.000   0   3.25    0.177
2018-05-05-19:14:37 1.11  Mocks_Em/MockNFW1280ellip5loga2.08PA50center0With_background20num20.dat Diff-Evol    1.0e-04 0 0 1 0     NFW        0.0002   0.0003     -2.308 0.000   0   5.34  279.6       -8781.157       -17547.93   250   0.0002   0.0003     -2.009 0.000   0   3.25    0.170
2018-05-05-19:14:37 1.11  Mocks_Em/MockNFW1280ellip5loga2.08PA50center0With_background20num21.dat Diff-Evol    1.0e-04 0 0 1 0     NFW      359.9999  -0.0001     -2.211 0.000   0   4.75  377.5       -8483.139       -16951.89   222 359.9999  -0.0001     -2.001 0.000   0   3.25    0.150
2018-05-05-19:14:37 1.11  Mocks_Em/MockNFW1280ellip5loga2.08PA50center0With_background20num22.dat Diff-Evol    1.0e-04 0 0 1 0     NFW      359.9999  -0.0002     -2.313 0.000   0   5.27  277.5       -8544.911       -17075.43   229 359.9999  -0.0002     -2.003 0.000   0   3.24    0.156
2018-05-05-19:14:37 1.11  Mocks_Em/MockNFW1280ellip5loga2.08PA50center0With_background20num23.dat Diff-Evol    1.0e-04 0 0 1 0     NFW        0.0001   0.0002     -2.296 0.000   0   0.71  341.1       -8936.245        -17858.1   222   0.0001   0.0002     -2.046 0.000   0   3.26    0.154
2018-05-05-19:14:37 1.11  Mocks_Em/MockNFW1280ellip5loga2.08PA50center0With_background20num24.dat Diff-Evol    1.0e-04 0 0 1 0     NFW      359.9999   0.0000     -2.260 0.000   0   1.62  357.1       -8595.864       -17177.34   208 359.9999   0.0000     -2.024 0.000   0   3.25    0.145
2018-05-05-19:14:37 1.11  Mocks_Em/MockNFW1280ellip5loga2.08PA50center0With_background20num25.dat Diff-Evol    1.0e-04 0 0 1 0     NFW        0.0002  -0.0003     -2.257 0.000   0   5.46  291.6       -8660.037       -17305.69   215   0.0002  -0.0003     -1.995 0.000   0   3.25    0.152
2018-05-05-19:14:37 1.11  Mocks_Em/MockNFW1280ellip5loga2.08PA50center0With_background20num26.dat Diff-Evol    1.0e-04 0 0 1 0     NFW        0.0002   0.0002     -2.315 0.000   0   5.23  292.7       -8878.718       -17743.05   271   0.0002   0.0002     -2.017 0.000   0   3.26    0.192
2018-05-05-19:14:37 1.11  Mocks_Em/MockNFW1280ellip5loga2.08PA50center0With_background20num27.dat Diff-Evol    1.0e-04 0 0 1 0     NFW      359.9999  -0.0002     -2.387 0.000   0   5.58  202.8       -8480.714       -16947.04   257 359.9999  -0.0002     -2.003 0.000   0   3.24    0.180
2018-05-05-19:14:37 1.11  Mocks_Em/MockNFW1280ellip5loga2.08PA50center0With_background20num28.dat Diff-Evol    1.0e-04 0 0 1 0     NFW      359.9999  -0.0001     -2.248 0.000   0   4.09  365.7       -8651.951       -17289.51   201 359.9999  -0.0001     -2.022 0.000   0   3.26    0.147
2018-05-05-19:14:37 1.11  Mocks_Em/MockNFW1280ellip5loga2.08PA50center0With_background20num29.dat Diff-Evol    1.0e-04 0 0 1 0     NFW      359.9996  -0.0003     -2.216 0.000   0   2.71  391.2       -8712.055       -17409.72   222 359.9996  -0.0003     -2.017 0.000   0   3.24    0.150
2018-05-05-19:14:37 1.11  Mocks_Em/MockNFW1280ellip5loga2.08PA50center0With_background20num30.dat Diff-Evol    1.0e-04 0 0 1 0     NFW      359.9999  -0.0001     -2.333 0.000   0   5.41  257.0       -8643.572       -17272.76   236 359.9999  -0.0001     -2.007 0.000   0   3.25    0.160
2018-05-05-19:14:37 1.11  Mocks_Em/MockNFW1280ellip5loga2.08PA50center0With_background20num31.dat Diff-Evol    1.0e-04 0 0 1 0     NFW      359.9999   0.0000     -2.437 0.000   0   5.74  162.7       -8599.719       -17185.05   264 359.9999   0.0000     -2.000 0.000   0   3.25    0.178
2018-05-05-19:14:37 1.11  Mocks_Em/MockNFW1280ellip5loga2.08PA50center0With_background20num32.dat Diff-Evol    1.0e-04 0 0 1 0     NFW      359.9997   0.0000     -2.283 0.000   0   1.12  337.8       -8633.202       -17252.02   215 359.9997   0.0000     -2.016 0.000   0   3.24    0.146
2018-05-05-19:14:37 1.11  Mocks_Em/MockNFW1280ellip5loga2.08PA50center0With_background20num33.dat Diff-Evol    1.0e-04 0 0 1 0     NFW      359.9997  -0.0003     -2.170 0.000   0   5.37  374.6       -8815.944        -17617.5   215 359.9997  -0.0003     -1.995 0.000   0   3.25    0.148
2018-05-05-19:14:37 1.11  Mocks_Em/MockNFW1280ellip5loga2.08PA50center0With_background20num34.dat Diff-Evol    1.0e-04 0 0 1 0     NFW        0.0002   0.0001     -2.501 0.000   0   5.68  153.1       -8640.777       -17267.17   250   0.0002   0.0001     -2.011 0.000   0   3.25    0.170
2018-05-05-19:14:37 1.11  Mocks_Em/MockNFW1280ellip5loga2.08PA50center0With_background20num35.dat Diff-Evol    1.0e-04 0 0 1 0     NFW        0.0001   0.0002     -2.262 0.000   0   5.19  317.4       -8536.234       -17058.08   250   0.0001   0.0002     -2.006 0.000   0   3.25    0.168
2018-05-05-19:14:37 1.11  Mocks_Em/MockNFW1280ellip5loga2.08PA50center0With_background20num36.dat Diff-Evol    1.0e-04 0 0 1 0     NFW        0.0001  -0.0001     -2.322 0.000   0   5.15  283.5       -8571.486       -17128.58   222   0.0001  -0.0001     -2.011 0.000   0   3.25    0.152
2018-05-05-19:14:37 1.11  Mocks_Em/MockNFW1280ellip5loga2.08PA50center0With_background20num37.dat Diff-Evol    1.0e-04 0 0 1 0     NFW      360.0000  -0.0001     -2.203 0.000   0   1.93  412.7       -8752.914       -17491.44   222 360.0000  -0.0001     -2.009 0.000   0   3.26    0.156
2018-05-05-19:14:37 1.11  Mocks_Em/MockNFW1280ellip5loga2.08PA50center0With_background20num38.dat Diff-Evol    1.0e-04 0 0 1 0     NFW      359.9999   0.0002     -2.208 0.000   0   4.69  393.7       -8755.345        -17496.3   243 359.9999   0.0002     -2.005 0.000   0   3.26    0.169
2018-05-05-19:14:37 1.11  Mocks_Em/MockNFW1280ellip5loga2.08PA50center0With_background20num39.dat Diff-Evol    1.0e-04 0 0 1 0     NFW      359.9998   0.0001     -2.202 0.000   0   4.47  396.7       -8623.537       -17232.69   222 359.9998   0.0001     -2.006 0.000   0   3.25    0.155
2018-05-05-19:14:37 1.11  Mocks_Em/MockNFW1280ellip5loga2.08PA50center0With_background20num40.dat Diff-Evol    1.0e-04 0 0 1 0     NFW      359.9998  -0.0004     -2.254 0.000   0   3.36  365.9       -8862.387       -17710.39   229 359.9998  -0.0004     -2.027 0.000   0   3.25    0.158
2018-05-05-19:14:37 1.11  Mocks_Em/MockNFW1280ellip5loga2.08PA50center0With_background20num41.dat Diff-Evol    1.0e-04 0 0 1 0     NFW      359.9999   0.0000     -2.311 0.000   0   5.44  265.1        -8634.87       -17255.35   215 359.9999   0.0000     -2.010 0.000   0   3.25    0.147
2018-05-05-19:14:37 1.11  Mocks_Em/MockNFW1280ellip5loga2.08PA50center0With_background20num42.dat Diff-Evol    1.0e-04 0 0 1 0     NFW        0.0001   0.0001     -2.536 0.000   0   5.75  134.5       -8599.358       -17184.33   215   0.0001   0.0001     -2.014 0.000   0   3.25    0.147
2018-05-05-19:14:37 1.11  Mocks_Em/MockNFW1280ellip5loga2.08PA50center0With_background20num43.dat Diff-Evol    1.0e-04 0 0 1 0     NFW        0.0000  -0.0003     -2.143 0.000   0   4.50  453.3       -8631.232       -17248.08   208   0.0000  -0.0003     -1.993 0.000   0   3.25    0.142
2018-05-05-19:14:37 1.11  Mocks_Em/MockNFW1280ellip5loga2.08PA50center0With_background20num44.dat Diff-Evol    1.0e-04 0 0 1 0     NFW      359.9999  -0.0002     -2.239 0.000   0   2.16  378.4       -8784.389       -17554.39   215 359.9999  -0.0002     -2.032 0.000   0   3.25    0.147
2018-05-05-19:14:37 1.11  Mocks_Em/MockNFW1280ellip5loga2.08PA50center0With_background20num45.dat Diff-Evol    1.0e-04 0 0 1 0     NFW      359.9997   0.0002     -2.145 0.000   0   1.07  471.2       -8834.514       -17654.64   215 359.9997   0.0002     -2.002 0.000   0   3.25    0.148
2018-05-05-19:14:37 1.11  Mocks_Em/MockNFW1280ellip5loga2.08PA50center0With_background20num46.dat Diff-Evol    1.0e-04 0 0 1 0     NFW        0.0003  -0.0001     -2.362 0.000   0   5.19  262.1         -8721.3       -17428.21   222   0.0003  -0.0001     -2.016 0.000   0   3.25    0.152
2018-05-05-19:14:37 1.11  Mocks_Em/MockNFW1280ellip5loga2.08PA50center0With_background20num47.dat Diff-Evol    1.0e-04 0 0 1 0     NFW        0.0001  -0.0001     -2.234 0.000   0   3.88  382.6       -8763.369       -17512.35   215   0.0001  -0.0001     -2.030 0.000   0   3.26    0.148
2018-05-05-19:14:37 1.11  Mocks_Em/MockNFW1280ellip5loga2.08PA50center0With_background20num48.dat Diff-Evol    1.0e-04 0 0 1 0     NFW        0.0002  -0.0002     -2.196 0.000   0   3.28  412.4       -8717.468       -17420.55   215   0.0002  -0.0002     -2.018 0.000   0   3.25    0.147
2018-05-05-19:14:37 1.11  Mocks_Em/MockNFW1280ellip5loga2.08PA50center0With_background20num49.dat Diff-Evol    1.0e-04 0 0 1 0     NFW        0.0003   0.0003     -2.206 0.000   0   3.27  404.8       -8817.372       -17620.36   222   0.0003   0.0003     -2.015 0.000   0   3.25    0.155
2018-05-05-19:14:37 1.11  Mocks_Em/MockNFW1280ellip5loga2.08PA50center0With_background20num50.dat Diff-Evol    1.0e-04 0 0 1 0     NFW      359.9999  -0.0001     -2.527 0.000   0   5.87  111.9       -8651.765       -17289.14   236 359.9999  -0.0001     -2.003 0.000   0   3.25    0.165
2018-05-05-19:14:37 1.11  Mocks_Em/MockNFW1280ellip5loga2.08PA50center0With_background20num51.dat Diff-Evol    1.0e-04 0 0 1 0     NFW      360.0000  -0.0001     -2.345 0.000   0   5.69  208.1       -8645.099       -17275.81   411 360.0000  -0.0001     -2.005 0.000   0   3.26    0.279
2018-05-05-19:14:37 1.11  Mocks_Em/MockNFW1280ellip5loga2.08PA50center0With_background20num52.dat Diff-Evol    1.0e-04 0 0 1 0     NFW        0.0003   0.0000     -2.200 0.000   0   4.60  397.6       -8669.551       -17324.72   215   0.0003   0.0000     -2.001 0.000   0   3.25    0.151
2018-05-05-19:14:37 1.11  Mocks_Em/MockNFW1280ellip5loga2.08PA50center0With_background20num53.dat Diff-Evol    1.0e-04 0 0 1 0     NFW        0.0000   0.0000     -2.228 0.000   0   5.11  360.0       -8762.015       -17509.64   222   0.0000   0.0000     -2.012 0.000   0   3.27    0.155
2018-05-05-19:14:37 1.11  Mocks_Em/MockNFW1280ellip5loga2.08PA50center0With_background20num54.dat Diff-Evol    1.0e-04 0 0 1 0     NFW        0.0004   0.0002     -2.142 0.000   0   1.24  470.7       -8847.747       -17681.11   208   0.0004   0.0002     -2.008 0.000   0   3.25    0.147
2018-05-05-19:14:37 1.11  Mocks_Em/MockNFW1280ellip5loga2.08PA50center0With_background20num55.dat Diff-Evol    1.0e-04 0 0 1 0     NFW      359.9999  -0.0000     -2.247 0.000   0   3.21  363.2       -8529.786       -17045.18   215 359.9999  -0.0000     -2.015 0.000   0   3.25    0.148
2018-05-05-19:14:37 1.11  Mocks_Em/MockNFW1280ellip5loga2.08PA50center0With_background20num56.dat Diff-Evol    1.0e-04 0 0 1 0     NFW      360.0000   0.0001     -2.250 0.000   0   2.58  358.2        -8429.16       -16843.93   215 360.0000   0.0001     -2.013 0.000   0   3.24    0.148
2018-05-05-19:14:37 1.11  Mocks_Em/MockNFW1280ellip5loga2.08PA50center0With_background20num57.dat Diff-Evol    1.0e-04 0 0 1 0     NFW      360.0000  -0.0000     -2.235 0.000   0   3.53  374.4       -8542.081       -17069.78   215 360.0000  -0.0000     -2.007 0.000   0   3.25    0.149
2018-05-05-19:14:37 1.11  Mocks_Em/MockNFW1280ellip5loga2.08PA50center0With_background20num58.dat Diff-Evol    1.0e-04 0 0 1 0     NFW      359.9999  -0.0003     -2.424 0.000   0   5.59  192.2       -8706.081       -17397.77   222 359.9999  -0.0003     -2.016 0.000   0   3.24    0.163
2018-05-05-19:14:37 1.11  Mocks_Em/MockNFW1280ellip5loga2.08PA50center0With_background20num59.dat Diff-Evol    1.0e-04 0 0 1 0     NFW      359.9997   0.0001     -2.495 0.000   0   5.78  134.4       -8596.804       -17179.22   222 359.9997   0.0001     -2.001 0.000   0   3.24    0.155
2018-05-05-19:14:37 1.11  Mocks_Em/MockNFW1280ellip5loga2.08PA50center0With_background20num60.dat Diff-Evol    1.0e-04 0 0 1 0     NFW        0.0001   0.0001     -2.251 0.000   0   4.41  362.8       -8716.827       -17419.27   215   0.0001   0.0001     -2.018 0.000   0   3.26    0.151
2018-05-05-19:14:37 1.11  Mocks_Em/MockNFW1280ellip5loga2.08PA50center0With_background20num61.dat Diff-Evol    1.0e-04 0 0 1 0     NFW        0.0002   0.0000     -2.296 0.000   0   1.98  334.9       -8741.985       -17469.58   215   0.0002   0.0000     -2.044 0.000   0   3.25    0.147
2018-05-05-19:14:37 1.11  Mocks_Em/MockNFW1280ellip5loga2.08PA50center0With_background20num62.dat Diff-Evol    1.0e-04 0 0 1 0     NFW        0.0002   0.0003     -2.143 0.000   0   2.52  473.6       -8829.775       -17645.16   236   0.0002   0.0003     -2.006 0.000   0   3.26    0.162
2018-05-05-19:14:37 1.11  Mocks_Em/MockNFW1280ellip5loga2.08PA50center0With_background20num63.dat Diff-Evol    1.0e-04 0 0 1 0     NFW        0.0001  -0.0000     -2.384 0.000   0   5.50  217.4       -8506.941       -16999.49   222   0.0001  -0.0000     -2.011 0.000   0   3.25    0.150
2018-05-05-19:14:37 1.11  Mocks_Em/MockNFW1280ellip5loga2.08PA50center0With_background20num64.dat Diff-Evol    1.0e-04 0 0 1 0     NFW        0.0003  -0.0001     -2.455 0.000   0   5.76  152.2       -8704.882       -17395.38   236   0.0003  -0.0001     -1.997 0.000   0   3.25    0.161
2018-05-05-19:14:37 1.11  Mocks_Em/MockNFW1280ellip5loga2.08PA50center0With_background20num65.dat Diff-Evol    1.0e-04 0 0 1 0     NFW      359.9999   0.0001     -2.373 0.000   0   5.70  194.6        -8667.02       -17319.65   222 359.9999   0.0001     -1.994 0.000   0   3.26    0.152
2018-05-05-19:14:37 1.11  Mocks_Em/MockNFW1280ellip5loga2.08PA50center0With_background20num66.dat Diff-Evol    1.0e-04 0 0 1 0     NFW        0.0002  -0.0001     -2.280 0.000   0   4.73  328.3       -8602.485       -17190.58   215   0.0002  -0.0001     -2.017 0.000   0   3.25    0.147
2018-05-05-19:14:37 1.11  Mocks_Em/MockNFW1280ellip5loga2.08PA50center0With_background20num67.dat Diff-Evol    1.0e-04 0 0 1 0     NFW        0.0002  -0.0001     -2.198 0.000   0   4.63  397.6       -8587.984       -17161.58   222   0.0002  -0.0001     -2.017 0.000   0   3.25    0.152
2018-05-05-19:14:37 1.11  Mocks_Em/MockNFW1280ellip5loga2.08PA50center0With_background20num68.dat Diff-Evol    1.0e-04 0 0 1 0     NFW        0.0000  -0.0001     -2.220 0.000   0   4.28  388.2       -8658.494        -17302.6   215   0.0000  -0.0001     -2.017 0.000   0   3.26    0.148
2018-05-05-19:14:37 1.11  Mocks_Em/MockNFW1280ellip5loga2.08PA50center0With_background20num69.dat Diff-Evol    1.0e-04 0 0 1 0     NFW      359.9998   0.0002     -2.245 0.000   0   2.22  364.6       -8569.296        -17124.2   215 359.9998   0.0002     -2.017 0.000   0   3.24    0.147
2018-05-05-19:14:37 1.11  Mocks_Em/MockNFW1280ellip5loga2.08PA50center0With_background20num70.dat Diff-Evol    1.0e-04 0 0 1 0     NFW      360.0000   0.0000     -2.406 0.000   0   5.63  192.5       -8563.871       -17113.36   222 360.0000   0.0000     -2.015 0.000   0   3.25    0.153
2018-05-05-19:14:37 1.11  Mocks_Em/MockNFW1280ellip5loga2.08PA50center0With_background20num71.dat Diff-Evol    1.0e-04 0 0 1 0     NFW      359.9998  -0.0003     -2.274 0.000   0   4.14  346.9        -8795.78       -17577.17   215 359.9998  -0.0003     -2.025 0.000   0   3.25    0.148
2018-05-05-19:14:37 1.11  Mocks_Em/MockNFW1280ellip5loga2.08PA50center0With_background20num72.dat Diff-Evol    1.0e-04 0 0 1 0     NFW      360.0000  -0.0000     -2.310 0.000   0   2.85  328.4       -8772.063       -17529.74   229 360.0000  -0.0000     -2.031 0.000   0   3.26    0.158
2018-05-05-19:14:37 1.11  Mocks_Em/MockNFW1280ellip5loga2.08PA50center0With_background20num73.dat Diff-Evol    1.0e-04 0 0 1 0     NFW      359.9998  -0.0000     -2.280 0.000   0   5.45  274.7       -8537.055       -17059.72   222 359.9998  -0.0000     -1.992 0.000   0   3.24    0.152
2018-05-05-19:14:37 1.11  Mocks_Em/MockNFW1280ellip5loga2.08PA50center0With_background20num74.dat Diff-Evol    1.0e-04 0 0 1 0     NFW        0.0002  -0.0001     -2.223 0.000   0   5.46  315.0       -8543.607       -17072.83   250   0.0002  -0.0001     -2.005 0.000   0   3.26    0.168
2018-05-05-19:14:37 1.11  Mocks_Em/MockNFW1280ellip5loga2.08PA50center0With_background20num75.dat Diff-Evol    1.0e-04 0 0 1 0     NFW      359.9999  -0.0002     -2.409 0.000   0   5.51  210.1       -8684.349       -17354.31   257 359.9999  -0.0002     -2.016 0.000   0   3.25    0.176
2018-05-05-19:14:37 1.11  Mocks_Em/MockNFW1280ellip5loga2.08PA50center0With_background20num76.dat Diff-Evol    1.0e-04 0 0 1 0     NFW        0.0005   0.0002     -2.316 0.000   0   5.42  260.4         -8635.6       -17256.81   264   0.0005   0.0002     -2.004 0.000   0   3.24    0.180
2018-05-05-19:14:37 1.11  Mocks_Em/MockNFW1280ellip5loga2.08PA50center0With_background20num77.dat Diff-Evol    1.0e-04 0 0 1 0     NFW        0.0001   0.0001     -2.164 0.000   0   1.36  453.5       -8823.922       -17633.46   229   0.0001   0.0001     -2.022 0.000   0   3.26    0.158
2018-05-05-19:14:37 1.11  Mocks_Em/MockNFW1280ellip5loga2.08PA50center0With_background20num78.dat Diff-Evol    1.0e-04 0 0 1 0     NFW      359.9999   0.0002     -2.250 0.000   0   3.09  364.9       -8637.004       -17259.62   215 359.9999   0.0002     -2.015 0.000   0   3.25    0.152
2018-05-05-19:14:37 1.11  Mocks_Em/MockNFW1280ellip5loga2.08PA50center0With_background20num79.dat Diff-Evol    1.0e-04 0 0 1 0     NFW        0.0003  -0.0000     -2.235 0.000   0   4.49  372.6       -8753.206       -17492.03   236   0.0003  -0.0000     -2.012 0.000   0   3.25    0.166
2018-05-05-19:14:37 1.11  Mocks_Em/MockNFW1280ellip5loga2.08PA50center0With_background20num80.dat Diff-Evol    1.0e-04 0 0 1 0     NFW        0.0004   0.0003     -2.399 0.000   0   5.17  243.6       -8759.958       -17505.53   215   0.0004   0.0003     -2.028 0.000   0   3.24    0.153
2018-05-05-19:14:37 1.11  Mocks_Em/MockNFW1280ellip5loga2.08PA50center0With_background20num81.dat Diff-Evol    1.0e-04 0 0 1 0     NFW        0.0000  -0.0003     -2.159 0.000   0   2.93  456.6       -8839.962       -17665.54   222   0.0000  -0.0003     -2.015 0.000   0   3.26    0.158
2018-05-05-19:14:37 1.11  Mocks_Em/MockNFW1280ellip5loga2.08PA50center0With_background20num82.dat Diff-Evol    1.0e-04 0 0 1 0     NFW        0.0005   0.0005     -2.276 0.000   0   5.04  320.6       -8806.191       -17597.99   229   0.0005   0.0005     -1.999 0.000   0   3.24    0.163
2018-05-05-19:14:37 1.11  Mocks_Em/MockNFW1280ellip5loga2.08PA50center0With_background20num83.dat Diff-Evol    1.0e-04 0 0 1 0     NFW      360.0000   0.0001     -2.207 0.000   0   0.39  404.0       -8680.743        -17347.1   481 360.0000   0.0001     -2.009 0.000   0   3.25    0.322
2018-05-05-19:14:37 1.11  Mocks_Em/MockNFW1280ellip5loga2.08PA50center0With_background20num84.dat Diff-Evol    1.0e-04 0 0 1 0     NFW      359.9998   0.0001     -2.270 0.000   0   3.62  353.7       -8779.823       -17545.26   229 359.9998   0.0001     -2.022 0.000   0   3.25    0.161
2018-05-05-19:14:37 1.11  Mocks_Em/MockNFW1280ellip5loga2.08PA50center0With_background20num85.dat Diff-Evol    1.0e-04 0 0 1 0     NFW      359.9999   0.0003     -2.324 0.000   0   4.96  299.7        -8840.49       -17666.59   327 359.9999   0.0003     -2.026 0.000   0   3.25    0.231
2018-05-05-19:14:37 1.11  Mocks_Em/MockNFW1280ellip5loga2.08PA50center0With_background20num86.dat Diff-Evol    1.0e-04 0 0 1 0     NFW        0.0001   0.0001     -2.526 0.000   0   5.74  140.8       -8718.202       -17422.02   222   0.0001   0.0001     -2.027 0.000   0   3.26    0.162
2018-05-05-19:14:37 1.11  Mocks_Em/MockNFW1280ellip5loga2.08PA50center0With_background20num87.dat Diff-Evol    1.0e-04 0 0 1 0     NFW        0.0002   0.0000     -2.214 0.000   0   0.93  405.1        -8885.63       -17756.87   215   0.0002   0.0000     -2.027 0.000   0   3.26    0.159
2018-05-05-19:14:37 1.11  Mocks_Em/MockNFW1280ellip5loga2.08PA50center0With_background20num88.dat Diff-Evol    1.0e-04 0 0 1 0     NFW        0.0000   0.0001     -2.443 0.000   0   5.51  196.9       -8636.502       -17258.62   229   0.0000   0.0001     -2.016 0.000   0   3.25    0.162
2018-05-05-19:14:37 1.11  Mocks_Em/MockNFW1280ellip5loga2.08PA50center0With_background20num89.dat Diff-Evol    1.0e-04 0 0 1 0     NFW        0.0003   0.0000     -2.217 0.000   0   1.59  394.9        -8749.77       -17485.15   215   0.0003   0.0000     -2.019 0.000   0   3.25    0.152
2018-05-05-19:14:37 1.11  Mocks_Em/MockNFW1280ellip5loga2.08PA50center0With_background20num90.dat Diff-Evol    1.0e-04 0 0 1 0     NFW        0.0003   0.0001     -2.294 0.000   0   3.63  333.4       -8767.602       -17520.82   222   0.0003   0.0001     -2.029 0.000   0   3.24    0.157
2018-05-05-19:14:37 1.11  Mocks_Em/MockNFW1280ellip5loga2.08PA50center0With_background20num91.dat Diff-Evol    1.0e-04 0 0 1 0     NFW      359.9998   0.0000     -2.430 0.000   0   5.72  174.4       -8862.881       -17711.37   215 359.9998   0.0000     -2.011 0.000   0   3.26    0.153
2018-05-05-19:14:37 1.11  Mocks_Em/MockNFW1280ellip5loga2.08PA50center0With_background20num92.dat Diff-Evol    1.0e-04 0 0 1 0     NFW        0.0002   0.0002     -2.183 0.000   0   0.60  419.7       -8603.031       -17191.67   215   0.0002   0.0002     -2.000 0.000   0   3.24    0.148
2018-05-05-19:14:37 1.11  Mocks_Em/MockNFW1280ellip5loga2.08PA50center0With_background20num93.dat Diff-Evol    1.0e-04 0 0 1 0     NFW      359.9999   0.0000     -2.395 0.000   0   5.35  233.6       -8640.718       -17267.05   236 359.9999   0.0000     -2.027 0.000   0   3.25    0.165
2018-05-05-19:14:37 1.11  Mocks_Em/MockNFW1280ellip5loga2.08PA50center0With_background20num94.dat Diff-Evol    1.0e-04 0 0 1 0     NFW      359.9999   0.0001     -2.277 0.000   0   5.13  311.5       -8540.072       -17065.76   250 359.9999   0.0001     -2.005 0.000   0   3.25    0.170
2018-05-05-19:14:37 1.11  Mocks_Em/MockNFW1280ellip5loga2.08PA50center0With_background20num95.dat Diff-Evol    1.0e-04 0 0 1 0     NFW      359.9998   0.0000     -2.400 0.000   0   5.67  189.0        -8616.94       -17219.49   222 359.9998   0.0000     -2.006 0.000   0   3.25    0.154
2018-05-05-19:14:37 1.11  Mocks_Em/MockNFW1280ellip5loga2.08PA50center0With_background20num96.dat Diff-Evol    1.0e-04 0 0 1 0     NFW      360.0000   0.0001     -2.164 0.000   0   0.75  441.0       -8547.001       -17079.61   229 360.0000   0.0001     -2.006 0.000   0   3.25    0.161
2018-05-05-19:14:37 1.11  Mocks_Em/MockNFW1280ellip5loga2.08PA50center0With_background20num97.dat Diff-Evol    1.0e-04 0 0 1 0     NFW      360.0000   0.0001     -2.543 0.000   0   5.87  108.8       -8568.909       -17123.43   222 360.0000   0.0001     -1.998 0.000   0   3.25    0.153
2018-05-05-19:14:37 1.11  Mocks_Em/MockNFW1280ellip5loga2.08PA50center0With_background20num98.dat Diff-Evol    1.0e-04 0 0 1 0     NFW      359.9998  -0.0001     -2.169 0.000   0   0.74  441.8       -8708.531       -17402.68   215 359.9998  -0.0001     -2.003 0.000   0   3.26    0.148
2018-05-05-19:14:37 1.11  Mocks_Em/MockNFW1280ellip5loga2.08PA50center0With_background20num99.dat Diff-Evol    1.0e-04 0 0 1 0     NFW      359.9999   0.0000     -2.178 0.000   0   0.81  428.3       -8608.697       -17203.01   215 359.9999   0.0000     -2.016 0.000   0   3.25    0.147
