2018-05-05-19:14:58 1.11  Mocks_Em/MockNFW1280ellip5loga2.08PA50center0With_background20num0.dat Nelder-Mead  1.0e-04 0 0 1 0     NFW      359.9999   0.0000     -2.133 0.000   0   3.27  489.5       -8835.452       -17656.52   241 359.9999   0.0000     -2.032 0.000   0   3.27    0.107
2018-05-05-19:14:58 1.11  Mocks_Em/MockNFW1280ellip5loga2.08PA50center0With_background20num1.dat Nelder-Mead  1.0e-04 0 0 1 0     NFW        0.0003  -0.0001     -2.111 0.000   0   3.25  501.0       -8688.469       -17362.55   241   0.0003  -0.0001     -2.010 0.000   0   3.25    0.079
2018-05-05-19:14:58 1.11  Mocks_Em/MockNFW1280ellip5loga2.08PA50center0With_background20num2.dat Nelder-Mead  1.0e-04 0 0 1 0     NFW      359.9999   0.0001     -2.116 0.000   0   3.26  497.5       -8637.951       -17261.52   241 359.9999   0.0001     -2.015 0.000   0   3.26    0.074
2018-05-05-19:14:58 1.11  Mocks_Em/MockNFW1280ellip5loga2.08PA50center0With_background20num3.dat Nelder-Mead  1.0e-04 0 0 1 0     NFW        0.0004  -0.0001     -2.108 0.000   0   3.25  503.2       -8696.908       -17379.43   241   0.0004  -0.0001     -2.008 0.000   0   3.25    0.073
2018-05-05-19:14:58 1.11  Mocks_Em/MockNFW1280ellip5loga2.08PA50center0With_background20num4.dat Nelder-Mead  1.0e-04 0 0 1 0     NFW        0.0001   0.0000     -2.098 0.000   0   3.25  514.7       -8587.688       -17160.99   241   0.0001   0.0000     -1.998 0.000   0   3.25    0.074
2018-05-05-19:14:58 1.11  Mocks_Em/MockNFW1280ellip5loga2.08PA50center0With_background20num5.dat Nelder-Mead  1.0e-04 0 0 1 0     NFW        0.0002  -0.0002     -2.088 0.000   0   3.24  518.5       -8517.869       -17021.35   241   0.0002  -0.0002     -1.989 0.000   0   3.24    0.072
2018-05-05-19:14:58 1.11  Mocks_Em/MockNFW1280ellip5loga2.08PA50center0With_background20num6.dat Nelder-Mead  1.0e-04 0 0 1 0     NFW      360.0000  -0.0001     -2.114 0.000   0   3.25  497.4        -8632.06       -17249.73   241 360.0000  -0.0001     -2.014 0.000   0   3.25    0.074
2018-05-05-19:14:58 1.11  Mocks_Em/MockNFW1280ellip5loga2.08PA50center0With_background20num7.dat Nelder-Mead  1.0e-04 0 0 1 0     NFW      359.9997   0.0001     -2.114 0.000   0   3.24  485.7       -8549.146        -17083.9   241 359.9997   0.0001     -2.014 0.000   0   3.24    0.073
2018-05-05-19:14:58 1.11  Mocks_Em/MockNFW1280ellip5loga2.08PA50center0With_background20num8.dat Nelder-Mead  1.0e-04 0 0 1 0     NFW      359.9999   0.0001     -2.132 0.000   0   3.27  489.9       -8844.645        -17674.9   241 359.9999   0.0001     -2.031 0.000   0   3.27    0.076
2018-05-05-19:14:58 1.11  Mocks_Em/MockNFW1280ellip5loga2.08PA50center0With_background20num9.dat Nelder-Mead  1.0e-04 0 0 1 0     NFW      359.9999   0.0000     -2.089 0.000   0   3.26  530.4       -8605.591       -17196.79   241 359.9999   0.0000     -1.989 0.000   0   3.26    0.074
2018-05-05-19:14:58 1.11  Mocks_Em/MockNFW1280ellip5loga2.08PA50center0With_background20num10.dat Nelder-Mead  1.0e-04 0 0 1 0     NFW        0.0002  -0.0000     -2.104 0.000   0   3.25  511.3       -8690.259       -17366.13   241   0.0002  -0.0000     -2.004 0.000   0   3.25    0.077
2018-05-05-19:14:58 1.11  Mocks_Em/MockNFW1280ellip5loga2.08PA50center0With_background20num11.dat Nelder-Mead  1.0e-04 0 0 1 0     NFW      359.9999  -0.0000     -2.127 0.000   0   3.26  489.6        -8778.53       -17542.67   241 359.9999  -0.0000     -2.026 0.000   0   3.26    0.076
2018-05-05-19:14:58 1.11  Mocks_Em/MockNFW1280ellip5loga2.08PA50center0With_background20num12.dat Nelder-Mead  1.0e-04 0 0 1 0     NFW        0.0003   0.0000     -2.108 0.000   0   3.25  503.1       -8668.452       -17322.52   241   0.0003   0.0000     -2.008 0.000   0   3.25    0.079
2018-05-05-19:14:58 1.11  Mocks_Em/MockNFW1280ellip5loga2.08PA50center0With_background20num13.dat Nelder-Mead  1.0e-04 0 0 1 0     NFW      359.9999  -0.0001     -2.110 0.000   0   3.26  509.2       -8747.718       -17481.05   241 359.9999  -0.0001     -2.009 0.000   0   3.26    0.074
2018-05-05-19:14:58 1.11  Mocks_Em/MockNFW1280ellip5loga2.08PA50center0With_background20num14.dat Nelder-Mead  1.0e-04 0 0 1 0     NFW      359.9998   0.0000     -2.126 0.000   0   3.26  487.5       -8727.881       -17441.37   241 359.9998   0.0000     -2.025 0.000   0   3.26    0.075
2018-05-05-19:14:58 1.11  Mocks_Em/MockNFW1280ellip5loga2.08PA50center0With_background20num15.dat Nelder-Mead  1.0e-04 0 0 1 0     NFW      359.9998   0.0001     -2.107 0.000   0   3.25  503.8       -8640.114       -17265.84   241 359.9998   0.0001     -2.007 0.000   0   3.25    0.074
2018-05-05-19:14:58 1.11  Mocks_Em/MockNFW1280ellip5loga2.08PA50center0With_background20num16.dat Nelder-Mead  1.0e-04 0 0 1 0     NFW        0.0002   0.0001     -2.102 0.000   0   3.25  507.6       -8569.303       -17124.22   241   0.0002   0.0001     -2.002 0.000   0   3.25    0.071
2018-05-05-19:14:58 1.11  Mocks_Em/MockNFW1280ellip5loga2.08PA50center0With_background20num17.dat Nelder-Mead  1.0e-04 0 0 1 0     NFW      360.0000   0.0003     -2.120 0.000   0   3.25  489.1        -8633.34       -17252.29   241 360.0000   0.0003     -2.020 0.000   0   3.25    0.071
2018-05-05-19:14:58 1.11  Mocks_Em/MockNFW1280ellip5loga2.08PA50center0With_background20num18.dat Nelder-Mead  1.0e-04 0 0 1 0     NFW        0.0001   0.0001     -2.114 0.000   0   3.25  496.2       -8613.035       -17211.68   241   0.0001   0.0001     -2.013 0.000   0   3.25    0.072
2018-05-05-19:14:58 1.11  Mocks_Em/MockNFW1280ellip5loga2.08PA50center0With_background20num19.dat Nelder-Mead  1.0e-04 0 0 1 0     NFW      360.0000   0.0001     -2.094 0.000   0   3.25  515.5       -8519.059       -17023.73   241 360.0000   0.0001     -1.995 0.000   0   3.25    0.073
2018-05-05-19:14:58 1.11  Mocks_Em/MockNFW1280ellip5loga2.08PA50center0With_background20num20.dat Nelder-Mead  1.0e-04 0 0 1 0     NFW        0.0002   0.0003     -2.109 0.000   0   3.25  504.6       -8780.486       -17546.58   241   0.0002   0.0003     -2.009 0.000   0   3.25    0.073
2018-05-05-19:14:58 1.11  Mocks_Em/MockNFW1280ellip5loga2.08PA50center0With_background20num21.dat Nelder-Mead  1.0e-04 0 0 1 0     NFW      359.9999  -0.0001     -2.101 0.000   0   3.25  504.4       -8483.599       -16952.81   241 359.9999  -0.0001     -2.001 0.000   0   3.25    0.073
2018-05-05-19:14:58 1.11  Mocks_Em/MockNFW1280ellip5loga2.08PA50center0With_background20num22.dat Nelder-Mead  1.0e-04 0 0 1 0     NFW      359.9999  -0.0002     -2.103 0.000   0   3.24  502.7        -8543.17       -17071.95   241 359.9999  -0.0002     -2.003 0.000   0   3.24    0.072
2018-05-05-19:14:58 1.11  Mocks_Em/MockNFW1280ellip5loga2.08PA50center0With_background20num23.dat Nelder-Mead  1.0e-04 0 0 1 0     NFW        0.0001   0.0002     -2.148 0.000   0   3.26  470.2       -8933.302       -17852.22   241   0.0001   0.0002     -2.046 0.000   0   3.26    0.073
2018-05-05-19:14:58 1.11  Mocks_Em/MockNFW1280ellip5loga2.08PA50center0With_background20num24.dat Nelder-Mead  1.0e-04 0 0 1 0     NFW      359.9999   0.0000     -2.125 0.000   0   3.25  483.0       -8594.119       -17173.85   241 359.9999   0.0000     -2.024 0.000   0   3.25    0.076
2018-05-05-19:14:58 1.11  Mocks_Em/MockNFW1280ellip5loga2.08PA50center0With_background20num25.dat Nelder-Mead  1.0e-04 0 0 1 0     NFW        0.0002  -0.0003     -2.095 0.000   0   3.25  519.2       -8661.396        -17308.4   241   0.0002  -0.0003     -1.995 0.000   0   3.25    0.071
2018-05-05-19:14:58 1.11  Mocks_Em/MockNFW1280ellip5loga2.08PA50center0With_background20num26.dat Nelder-Mead  1.0e-04 0 0 1 0     NFW        0.0002   0.0002     -2.118 0.000   0   3.26  503.8       -8876.567       -17738.75   241   0.0002   0.0002     -2.017 0.000   0   3.26    0.072
2018-05-05-19:14:58 1.11  Mocks_Em/MockNFW1280ellip5loga2.08PA50center0With_background20num27.dat Nelder-Mead  1.0e-04 0 0 1 0     NFW      359.9999  -0.0002     -2.104 0.000   0   3.24  499.3       -8479.014       -16943.64   241 359.9999  -0.0002     -2.003 0.000   0   3.24    0.071
2018-05-05-19:14:58 1.11  Mocks_Em/MockNFW1280ellip5loga2.08PA50center0With_background20num28.dat Nelder-Mead  1.0e-04 0 0 1 0     NFW      359.9999  -0.0001     -2.123 0.000   0   3.26  488.2       -8651.049       -17287.71   241 359.9999  -0.0001     -2.022 0.000   0   3.26    0.071
2018-05-05-19:14:58 1.11  Mocks_Em/MockNFW1280ellip5loga2.08PA50center0With_background20num29.dat Nelder-Mead  1.0e-04 0 0 1 0     NFW      359.9996  -0.0003     -2.117 0.000   0   3.24  488.9       -8712.043        -17409.7   241 359.9996  -0.0003     -2.017 0.000   0   3.24    0.071
2018-05-05-19:14:58 1.11  Mocks_Em/MockNFW1280ellip5loga2.08PA50center0With_background20num30.dat Nelder-Mead  1.0e-04 0 0 1 0     NFW      359.9999  -0.0001     -2.108 0.000   0   3.25  504.7       -8642.335       -17270.28   241 359.9999  -0.0001     -2.007 0.000   0   3.25    0.071
2018-05-05-19:14:58 1.11  Mocks_Em/MockNFW1280ellip5loga2.08PA50center0With_background20num31.dat Nelder-Mead  1.0e-04 0 0 1 0     NFW      359.9999   0.0000     -2.100 0.000   0   3.25  513.3       -8597.527       -17180.67   241 359.9999   0.0000     -2.000 0.000   0   3.25    0.075
2018-05-05-19:14:58 1.11  Mocks_Em/MockNFW1280ellip5loga2.08PA50center0With_background20num32.dat Nelder-Mead  1.0e-04 0 0 1 0     NFW      359.9997   0.0000     -2.117 0.000   0   3.24  487.3       -8629.573       -17244.76   241 359.9997   0.0000     -2.016 0.000   0   3.24    0.075
2018-05-05-19:14:58 1.11  Mocks_Em/MockNFW1280ellip5loga2.08PA50center0With_background20num33.dat Nelder-Mead  1.0e-04 0 0 1 0     NFW      359.9997  -0.0003     -2.077 0.000   0   3.28  549.7        -8818.01       -17621.63   241 359.9997  -0.0003     -1.995 0.000   0   3.25    0.076
2018-05-05-19:14:58 1.11  Mocks_Em/MockNFW1280ellip5loga2.08PA50center0With_background20num34.dat Nelder-Mead  1.0e-04 0 0 1 0     NFW        0.0002   0.0001     -2.111 0.000   0   3.25  496.8       -8635.174       -17255.96   241   0.0002   0.0001     -2.011 0.000   0   3.25    0.073
2018-05-05-19:14:58 1.11  Mocks_Em/MockNFW1280ellip5loga2.08PA50center0With_background20num35.dat Nelder-Mead  1.0e-04 0 0 1 0     NFW        0.0001   0.0002     -2.106 0.000   0   3.25  501.9       -8536.272       -17058.16   241   0.0001   0.0002     -2.006 0.000   0   3.25    0.074
2018-05-05-19:14:58 1.11  Mocks_Em/MockNFW1280ellip5loga2.08PA50center0With_background20num36.dat Nelder-Mead  1.0e-04 0 0 1 0     NFW        0.0001  -0.0001     -2.112 0.000   0   3.25  495.7       -8568.631       -17122.87   241   0.0001  -0.0001     -2.011 0.000   0   3.25    0.072
2018-05-05-19:14:58 1.11  Mocks_Em/MockNFW1280ellip5loga2.08PA50center0With_background20num37.dat Nelder-Mead  1.0e-04 0 0 1 0     NFW      360.0000  -0.0001     -2.110 0.000   0   3.26  511.7       -8753.319       -17492.25   241 360.0000  -0.0001     -2.009 0.000   0   3.26    0.072
2018-05-05-19:14:58 1.11  Mocks_Em/MockNFW1280ellip5loga2.08PA50center0With_background20num38.dat Nelder-Mead  1.0e-04 0 0 1 0     NFW      359.9999   0.0002     -2.105 0.000   0   3.26  514.3       -8755.656       -17496.92   241 359.9999   0.0002     -2.005 0.000   0   3.26    0.074
2018-05-05-19:14:58 1.11  Mocks_Em/MockNFW1280ellip5loga2.08PA50center0With_background20num39.dat Nelder-Mead  1.0e-04 0 0 1 0     NFW      359.9998   0.0001     -2.107 0.000   0   3.25  503.6       -8624.182       -17233.98   241 359.9998   0.0001     -2.006 0.000   0   3.25    0.074
2018-05-05-19:14:58 1.11  Mocks_Em/MockNFW1280ellip5loga2.08PA50center0With_background20num40.dat Nelder-Mead  1.0e-04 0 0 1 0     NFW      359.9998  -0.0004     -2.129 0.000   0   3.25  483.3       -8861.097       -17707.81   241 359.9998  -0.0004     -2.027 0.000   0   3.25    0.072
2018-05-05-19:14:58 1.11  Mocks_Em/MockNFW1280ellip5loga2.08PA50center0With_background20num41.dat Nelder-Mead  1.0e-04 0 0 1 0     NFW      359.9999   0.0000     -2.111 0.000   0   3.25  502.6       -8634.768       -17255.15   241 359.9999   0.0000     -2.010 0.000   0   3.25    0.074
2018-05-05-19:14:58 1.11  Mocks_Em/MockNFW1280ellip5loga2.08PA50center0With_background20num42.dat Nelder-Mead  1.0e-04 0 0 1 0     NFW        0.0001   0.0001     -2.115 0.000   0   3.25  492.9       -8594.589       -17174.79   241   0.0001   0.0001     -2.014 0.000   0   3.25    0.072
2018-05-05-19:14:58 1.11  Mocks_Em/MockNFW1280ellip5loga2.08PA50center0With_background20num43.dat Nelder-Mead  1.0e-04 0 0 1 0     NFW        0.0000  -0.0003     -2.093 0.000   0   3.25  521.4       -8633.006       -17251.62   241   0.0000  -0.0003     -1.993 0.000   0   3.25    0.096
2018-05-05-19:14:58 1.11  Mocks_Em/MockNFW1280ellip5loga2.08PA50center0With_background20num44.dat Nelder-Mead  1.0e-04 0 0 1 0     NFW      359.9999  -0.0002     -2.134 0.000   0   3.25  477.9       -8784.027       -17553.67   241 359.9999  -0.0002     -2.032 0.000   0   3.25    0.075
2018-05-05-19:14:58 1.11  Mocks_Em/MockNFW1280ellip5loga2.08PA50center0With_background20num45.dat Nelder-Mead  1.0e-04 0 0 1 0     NFW      359.9997   0.0002     -2.103 0.000   0   3.25  519.7        -8836.28       -17658.17   241 359.9997   0.0002     -2.002 0.000   0   3.25    0.072
2018-05-05-19:14:58 1.11  Mocks_Em/MockNFW1280ellip5loga2.08PA50center0With_background20num46.dat Nelder-Mead  1.0e-04 0 0 1 0     NFW        0.0003  -0.0001     -2.117 0.000   0   3.25  492.7       -8716.233       -17418.08   241   0.0003  -0.0001     -2.016 0.000   0   3.25    0.073
2018-05-05-19:14:58 1.11  Mocks_Em/MockNFW1280ellip5loga2.08PA50center0With_background20num47.dat Nelder-Mead  1.0e-04 0 0 1 0     NFW        0.0001  -0.0001     -2.132 0.000   0   3.26  483.4       -8763.352       -17512.32   241   0.0001  -0.0001     -2.030 0.000   0   3.26    0.072
2018-05-05-19:14:58 1.11  Mocks_Em/MockNFW1280ellip5loga2.08PA50center0With_background20num48.dat Nelder-Mead  1.0e-04 0 0 1 0     NFW        0.0002  -0.0002     -2.119 0.000   0   3.25  492.6       -8718.283       -17422.18   241   0.0002  -0.0002     -2.018 0.000   0   3.25    0.071
2018-05-05-19:14:58 1.11  Mocks_Em/MockNFW1280ellip5loga2.08PA50center0With_background20num49.dat Nelder-Mead  1.0e-04 0 0 1 0     NFW        0.0003   0.0003     -2.115 0.000   0   3.25  498.1       -8817.758       -17621.13   241   0.0003   0.0003     -2.015 0.000   0   3.25    0.072
2018-05-05-19:14:58 1.11  Mocks_Em/MockNFW1280ellip5loga2.08PA50center0With_background20num50.dat Nelder-Mead  1.0e-04 0 0 1 0     NFW      359.9999  -0.0001     -2.104 0.000   0   3.25  512.0       -8650.589       -17286.79   241 359.9999  -0.0001     -2.003 0.000   0   3.25    0.071
2018-05-05-19:14:58 1.11  Mocks_Em/MockNFW1280ellip5loga2.08PA50center0With_background20num51.dat Nelder-Mead  1.0e-04 0 0 1 0     NFW      360.0000  -0.0001     -2.105 0.000   0   3.26  512.6        -8645.39       -17276.39   241 360.0000  -0.0001     -2.005 0.000   0   3.26    0.072
2018-05-05-19:14:58 1.11  Mocks_Em/MockNFW1280ellip5loga2.08PA50center0With_background20num52.dat Nelder-Mead  1.0e-04 0 0 1 0     NFW        0.0003   0.0000     -2.101 0.000   0   3.25  511.9       -8670.107       -17325.83   241   0.0003   0.0000     -2.001 0.000   0   3.25    0.074
2018-05-05-19:14:58 1.11  Mocks_Em/MockNFW1280ellip5loga2.08PA50center0With_background20num53.dat Nelder-Mead  1.0e-04 0 0 1 0     NFW        0.0000   0.0000     -2.113 0.000   0   3.27  509.5       -8763.045        -17511.7   241   0.0000   0.0000     -2.012 0.000   0   3.27    0.074
2018-05-05-19:14:58 1.11  Mocks_Em/MockNFW1280ellip5loga2.08PA50center0With_background20num54.dat Nelder-Mead  1.0e-04 0 0 1 0     NFW        0.0004   0.0002     -2.109 0.000   0   3.25  508.0       -8849.597       -17684.81   241   0.0004   0.0002     -2.008 0.000   0   3.25    0.074
2018-05-05-19:14:58 1.11  Mocks_Em/MockNFW1280ellip5loga2.08PA50center0With_background20num55.dat Nelder-Mead  1.0e-04 0 0 1 0     NFW      359.9999  -0.0000     -2.116 0.000   0   3.25  488.5       -8528.409       -17042.43   241 359.9999  -0.0000     -2.015 0.000   0   3.25    0.074
2018-05-05-19:14:58 1.11  Mocks_Em/MockNFW1280ellip5loga2.08PA50center0With_background20num56.dat Nelder-Mead  1.0e-04 0 0 1 0     NFW      360.0000   0.0001     -2.113 0.000   0   3.24  487.1         -8427.5       -16840.61   241 360.0000   0.0001     -2.013 0.000   0   3.24    0.076
2018-05-05-19:14:58 1.11  Mocks_Em/MockNFW1280ellip5loga2.08PA50center0With_background20num57.dat Nelder-Mead  1.0e-04 0 0 1 0     NFW      360.0000  -0.0000     -2.107 0.000   0   3.25  502.1       -8541.035       -17067.68   241 360.0000  -0.0000     -2.007 0.000   0   3.25    0.078
2018-05-05-19:14:58 1.11  Mocks_Em/MockNFW1280ellip5loga2.08PA50center0With_background20num58.dat Nelder-Mead  1.0e-04 0 0 1 0     NFW      359.9999  -0.0003     -2.116 0.000   0   3.24  491.5       -8703.843        -17393.3   241 359.9999  -0.0003     -2.016 0.000   0   3.24    0.071
2018-05-05-19:14:58 1.11  Mocks_Em/MockNFW1280ellip5loga2.08PA50center0With_background20num59.dat Nelder-Mead  1.0e-04 0 0 1 0     NFW      359.9997   0.0001     -2.102 0.000   0   3.24  504.2       -8594.448       -17174.51   241 359.9997   0.0001     -2.001 0.000   0   3.24    0.072
2018-05-05-19:14:58 1.11  Mocks_Em/MockNFW1280ellip5loga2.08PA50center0With_background20num60.dat Nelder-Mead  1.0e-04 0 0 1 0     NFW        0.0001   0.0001     -2.119 0.000   0   3.26  495.2       -8715.864       -17417.34   241   0.0001   0.0001     -2.018 0.000   0   3.26    0.072
2018-05-05-19:14:58 1.11  Mocks_Em/MockNFW1280ellip5loga2.08PA50center0With_background20num61.dat Nelder-Mead  1.0e-04 0 0 1 0     NFW        0.0002   0.0000     -2.146 0.000   0   3.25  463.0       -8739.092        -17463.8   241   0.0002   0.0000     -2.044 0.000   0   3.25    0.077
2018-05-05-19:14:58 1.11  Mocks_Em/MockNFW1280ellip5loga2.08PA50center0With_background20num62.dat Nelder-Mead  1.0e-04 0 0 1 0     NFW        0.0002   0.0003     -2.106 0.000   0   3.26  515.6        -8831.61       -17648.83   241   0.0002   0.0003     -2.006 0.000   0   3.26    0.072
2018-05-05-19:14:58 1.11  Mocks_Em/MockNFW1280ellip5loga2.08PA50center0With_background20num63.dat Nelder-Mead  1.0e-04 0 0 1 0     NFW        0.0001  -0.0000     -2.111 0.000   0   3.25  493.2       -8504.246        -16994.1   241   0.0001  -0.0000     -2.011 0.000   0   3.25    0.072
2018-05-05-19:14:58 1.11  Mocks_Em/MockNFW1280ellip5loga2.08PA50center0With_background20num64.dat Nelder-Mead  1.0e-04 0 0 1 0     NFW        0.0003  -0.0001     -2.097 0.000   0   3.25  517.9       -8704.459       -17394.53   241   0.0003  -0.0001     -1.997 0.000   0   3.25    0.073
2018-05-05-19:14:58 1.11  Mocks_Em/MockNFW1280ellip5loga2.08PA50center0With_background20num65.dat Nelder-Mead  1.0e-04 0 0 1 0     NFW      359.9999   0.0001     -2.094 0.000   0   3.26  527.1       -8666.536       -17318.68   241 359.9999   0.0001     -1.994 0.000   0   3.26    0.073
2018-05-05-19:14:58 1.11  Mocks_Em/MockNFW1280ellip5loga2.08PA50center0With_background20num66.dat Nelder-Mead  1.0e-04 0 0 1 0     NFW        0.0002  -0.0001     -2.118 0.000   0   3.25  486.9       -8600.505       -17186.62   241   0.0002  -0.0001     -2.017 0.000   0   3.25    0.072
2018-05-05-19:14:58 1.11  Mocks_Em/MockNFW1280ellip5loga2.08PA50center0With_background20num67.dat Nelder-Mead  1.0e-04 0 0 1 0     NFW        0.0002  -0.0001     -2.118 0.000   0   3.25  491.5       -8589.173       -17163.96   241   0.0002  -0.0001     -2.017 0.000   0   3.25    0.073
2018-05-05-19:14:58 1.11  Mocks_Em/MockNFW1280ellip5loga2.08PA50center0With_background20num68.dat Nelder-Mead  1.0e-04 0 0 1 0     NFW        0.0000  -0.0001     -2.118 0.000   0   3.26  495.1       -8658.753       -17303.12   241   0.0000  -0.0001     -2.017 0.000   0   3.26    0.072
2018-05-05-19:14:58 1.11  Mocks_Em/MockNFW1280ellip5loga2.08PA50center0With_background20num69.dat Nelder-Mead  1.0e-04 0 0 1 0     NFW      359.9998   0.0002     -2.117 0.000   0   3.24  485.0       -8567.972       -17121.56   241 359.9998   0.0002     -2.017 0.000   0   3.24    0.071
2018-05-05-19:14:58 1.11  Mocks_Em/MockNFW1280ellip5loga2.08PA50center0With_background20num70.dat Nelder-Mead  1.0e-04 0 0 1 0     NFW      360.0000   0.0000     -2.116 0.000   0   3.25  493.4       -8563.754       -17113.12   241 360.0000   0.0000     -2.015 0.000   0   3.25    0.073
2018-05-05-19:14:58 1.11  Mocks_Em/MockNFW1280ellip5loga2.08PA50center0With_background20num71.dat Nelder-Mead  1.0e-04 0 0 1 0     NFW      359.9998  -0.0003     -2.126 0.000   0   3.25  484.3       -8793.541       -17572.69   241 359.9998  -0.0003     -2.025 0.000   0   3.25    0.072
2018-05-05-19:14:58 1.11  Mocks_Em/MockNFW1280ellip5loga2.08PA50center0With_background20num72.dat Nelder-Mead  1.0e-04 0 0 1 0     NFW      360.0000  -0.0000     -2.133 0.000   0   3.26  482.9       -8767.542        -17520.7   241 360.0000  -0.0000     -2.031 0.000   0   3.26    0.075
2018-05-05-19:14:58 1.11  Mocks_Em/MockNFW1280ellip5loga2.08PA50center0With_background20num73.dat Nelder-Mead  1.0e-04 0 0 1 0     NFW      359.9998  -0.0000     -2.091 0.000   0   3.24  517.9       -8536.724       -17059.06   241 359.9998  -0.0000     -1.992 0.000   0   3.24    0.075
2018-05-05-19:14:58 1.11  Mocks_Em/MockNFW1280ellip5loga2.08PA50center0With_background20num74.dat Nelder-Mead  1.0e-04 0 0 1 0     NFW        0.0002  -0.0001     -2.105 0.000   0   3.26  508.4        -8545.43       -17076.47   241   0.0002  -0.0001     -2.005 0.000   0   3.26    0.071
2018-05-05-19:14:58 1.11  Mocks_Em/MockNFW1280ellip5loga2.08PA50center0With_background20num75.dat Nelder-Mead  1.0e-04 0 0 1 0     NFW      359.9999  -0.0002     -2.117 0.000   0   3.25  494.3       -8680.827       -17347.27   241 359.9999  -0.0002     -2.016 0.000   0   3.25    0.074
2018-05-05-19:14:58 1.11  Mocks_Em/MockNFW1280ellip5loga2.08PA50center0With_background20num76.dat Nelder-Mead  1.0e-04 0 0 1 0     NFW        0.0005   0.0002     -2.104 0.000   0   3.24  501.7       -8635.055       -17255.72   241   0.0005   0.0002     -2.004 0.000   0   3.24    0.071
2018-05-05-19:14:58 1.11  Mocks_Em/MockNFW1280ellip5loga2.08PA50center0With_background20num77.dat Nelder-Mead  1.0e-04 0 0 1 0     NFW        0.0001   0.0001     -2.123 0.000   0   3.26  499.0       -8825.609       -17636.83   241   0.0001   0.0001     -2.022 0.000   0   3.26    0.073
2018-05-05-19:14:58 1.11  Mocks_Em/MockNFW1280ellip5loga2.08PA50center0With_background20num78.dat Nelder-Mead  1.0e-04 0 0 1 0     NFW      359.9999   0.0002     -2.116 0.000   0   3.25  492.9       -8635.412       -17256.44   241 359.9999   0.0002     -2.015 0.000   0   3.25    0.072
2018-05-05-19:14:58 1.11  Mocks_Em/MockNFW1280ellip5loga2.08PA50center0With_background20num79.dat Nelder-Mead  1.0e-04 0 0 1 0     NFW        0.0003  -0.0000     -2.112 0.000   0   3.25  501.0       -8752.777       -17491.17   241   0.0003  -0.0000     -2.012 0.000   0   3.25    0.079
2018-05-05-19:14:58 1.11  Mocks_Em/MockNFW1280ellip5loga2.08PA50center0With_background20num80.dat Nelder-Mead  1.0e-04 0 0 1 0     NFW        0.0004   0.0003     -2.129 0.000   0   3.24  474.4       -8752.272       -17490.16   241   0.0004   0.0003     -2.028 0.000   0   3.24    0.071
2018-05-05-19:14:58 1.11  Mocks_Em/MockNFW1280ellip5loga2.08PA50center0With_background20num81.dat Nelder-Mead  1.0e-04 0 0 1 0     NFW        0.0000  -0.0003     -2.115 0.000   0   3.26  505.4       -8841.653       -17668.92   241   0.0000  -0.0003     -2.015 0.000   0   3.26    0.072
2018-05-05-19:14:58 1.11  Mocks_Em/MockNFW1280ellip5loga2.08PA50center0With_background20num82.dat Nelder-Mead  1.0e-04 0 0 1 0     NFW        0.0005   0.0005     -2.099 0.000   0   3.24  512.1       -8804.489       -17594.59   241   0.0005   0.0005     -1.999 0.000   0   3.24    0.071
2018-05-05-19:14:58 1.11  Mocks_Em/MockNFW1280ellip5loga2.08PA50center0With_background20num83.dat Nelder-Mead  1.0e-04 0 0 1 0     NFW      360.0000   0.0001     -2.110 0.000   0   3.25  504.8       -8680.968       -17347.55   241 360.0000   0.0001     -2.009 0.000   0   3.25    0.073
2018-05-05-19:14:58 1.11  Mocks_Em/MockNFW1280ellip5loga2.08PA50center0With_background20num84.dat Nelder-Mead  1.0e-04 0 0 1 0     NFW      359.9998   0.0001     -2.123 0.000   0   3.25  491.4       -8777.493        -17540.6   241 359.9998   0.0001     -2.022 0.000   0   3.25    0.072
2018-05-05-19:14:58 1.11  Mocks_Em/MockNFW1280ellip5loga2.08PA50center0With_background20num85.dat Nelder-Mead  1.0e-04 0 0 1 0     NFW      359.9999   0.0003     -2.127 0.000   0   3.25  487.2       -8836.867       -17659.35   241 359.9999   0.0003     -2.026 0.000   0   3.25    0.072
2018-05-05-19:14:58 1.11  Mocks_Em/MockNFW1280ellip5loga2.08PA50center0With_background20num86.dat Nelder-Mead  1.0e-04 0 0 1 0     NFW        0.0001   0.0001     -2.128 0.000   0   3.26  484.8       -8715.142        -17415.9   241   0.0001   0.0001     -2.027 0.000   0   3.26    0.072
2018-05-05-19:14:58 1.11  Mocks_Em/MockNFW1280ellip5loga2.08PA50center0With_background20num87.dat Nelder-Mead  1.0e-04 0 0 1 0     NFW        0.0002   0.0000     -2.129 0.000   0   3.26  491.2       -8886.133       -17757.88   241   0.0002   0.0000     -2.027 0.000   0   3.26    0.074
2018-05-05-19:14:58 1.11  Mocks_Em/MockNFW1280ellip5loga2.08PA50center0With_background20num88.dat Nelder-Mead  1.0e-04 0 0 1 0     NFW        0.0000   0.0001     -2.116 0.000   0   3.25  492.3       -8629.959       -17245.53   241   0.0000   0.0001     -2.016 0.000   0   3.25    0.073
2018-05-05-19:14:58 1.11  Mocks_Em/MockNFW1280ellip5loga2.08PA50center0With_background20num89.dat Nelder-Mead  1.0e-04 0 0 1 0     NFW        0.0003   0.0000     -2.120 0.000   0   3.25  491.2       -8749.919       -17485.45   241   0.0003   0.0000     -2.019 0.000   0   3.25    0.074
2018-05-05-19:14:58 1.11  Mocks_Em/MockNFW1280ellip5loga2.08PA50center0With_background20num90.dat Nelder-Mead  1.0e-04 0 0 1 0     NFW        0.0003   0.0001     -2.131 0.000   0   3.24  476.7       -8764.048       -17513.71   241   0.0003   0.0001     -2.029 0.000   0   3.24    0.072
2018-05-05-19:14:58 1.11  Mocks_Em/MockNFW1280ellip5loga2.08PA50center0With_background20num91.dat Nelder-Mead  1.0e-04 0 0 1 0     NFW      359.9998   0.0000     -2.111 0.000   0   3.26  512.7       -8860.362       -17706.34   241 359.9998   0.0000     -2.011 0.000   0   3.26    0.074
2018-05-05-19:14:58 1.11  Mocks_Em/MockNFW1280ellip5loga2.08PA50center0With_background20num92.dat Nelder-Mead  1.0e-04 0 0 1 0     NFW        0.0002   0.0002     -2.100 0.000   0   3.24  507.9       -8603.772       -17193.16   241   0.0002   0.0002     -2.000 0.000   0   3.24    0.072
2018-05-05-19:14:58 1.11  Mocks_Em/MockNFW1280ellip5loga2.08PA50center0With_background20num93.dat Nelder-Mead  1.0e-04 0 0 1 0     NFW      359.9999   0.0000     -2.129 0.000   0   3.25  479.3       -8636.234       -17258.08   241 359.9999   0.0000     -2.027 0.000   0   3.25    0.073
2018-05-05-19:14:58 1.11  Mocks_Em/MockNFW1280ellip5loga2.08PA50center0With_background20num94.dat Nelder-Mead  1.0e-04 0 0 1 0     NFW      359.9999   0.0001     -2.105 0.000   0   3.25  501.9       -8539.274       -17064.16   241 359.9999   0.0001     -2.005 0.000   0   3.25    0.072
2018-05-05-19:14:58 1.11  Mocks_Em/MockNFW1280ellip5loga2.08PA50center0With_background20num95.dat Nelder-Mead  1.0e-04 0 0 1 0     NFW      359.9998   0.0000     -2.106 0.000   0   3.25  506.5       -8615.825       -17217.26   241 359.9998   0.0000     -2.006 0.000   0   3.25    0.073
2018-05-05-19:14:58 1.11  Mocks_Em/MockNFW1280ellip5loga2.08PA50center0With_background20num96.dat Nelder-Mead  1.0e-04 0 0 1 0     NFW      360.0000   0.0001     -2.107 0.000   0   3.25  504.5       -8548.419       -17082.45   241 360.0000   0.0001     -2.006 0.000   0   3.25    0.072
2018-05-05-19:14:58 1.11  Mocks_Em/MockNFW1280ellip5loga2.08PA50center0With_background20num97.dat Nelder-Mead  1.0e-04 0 0 1 0     NFW      360.0000   0.0001     -2.098 0.000   0   3.25  514.8       -8565.462       -17116.54   241 360.0000   0.0001     -1.998 0.000   0   3.25    0.075
2018-05-05-19:14:58 1.11  Mocks_Em/MockNFW1280ellip5loga2.08PA50center0With_background20num98.dat Nelder-Mead  1.0e-04 0 0 1 0     NFW      359.9998  -0.0001     -2.103 0.000   0   3.26  515.0        -8709.79       -17405.19   241 359.9998  -0.0001     -2.003 0.000   0   3.26    0.074
2018-05-05-19:14:58 1.11  Mocks_Em/MockNFW1280ellip5loga2.08PA50center0With_background20num99.dat Nelder-Mead  1.0e-04 0 0 1 0     NFW      359.9999   0.0000     -2.116 0.000   0   3.25  493.9       -8609.959       -17205.53   241 359.9999   0.0000     -2.016 0.000   0   3.25    0.074
