2018-05-05-19:12:30 1.11  Mocks_Em/MockNFW160ellip5loga2.08PA50center0With_background20num0.dat TNC          1.0e-04 0 0 1 0     NFW        0.0007  -0.0002     -2.445 0.000   0   4.96   21.5        -1273.53       -2536.356    96   0.0007  -0.0002     -1.980 0.000   0   2.41    0.367
2018-05-05-19:12:30 1.11  Mocks_Em/MockNFW160ellip5loga2.08PA50center0With_background20num1.dat TNC          1.0e-04 0 0 1 0     NFW        0.0002  -0.0004     -2.517 0.000   0   5.26    7.4       -1309.832        -2608.96    99   0.0002  -0.0004     -1.946 0.000   0   2.44    0.326
2018-05-05-19:12:30 1.11  Mocks_Em/MockNFW160ellip5loga2.08PA50center0With_background20num2.dat TNC          1.0e-04 0 0 1 0     NFW      360.0000   0.0003     -2.077 0.000   0   2.77   81.2       -1286.221       -2561.739    65 360.0000   0.0003     -1.960 0.000   0   2.42    0.217
2018-05-05-19:12:30 1.11  Mocks_Em/MockNFW160ellip5loga2.08PA50center0With_background20num3.dat TNC          1.0e-04 0 0 1 0     NFW        0.0000   0.0001     -2.732 0.000   0   5.27    4.9       -1289.208       -2567.713   122   0.0000   0.0001     -1.951 0.000   0   2.44    0.406
2018-05-05-19:12:30 1.11  Mocks_Em/MockNFW160ellip5loga2.08PA50center0With_background20num4.dat TNC          1.0e-04 0 0 1 0     NFW        0.0005  -0.0007     -1.903 0.000   0   4.26  128.5       -1421.556       -2832.409    20   0.0005  -0.0007     -1.965 0.000   0   2.45    0.070
2018-05-05-19:12:30 1.11  Mocks_Em/MockNFW160ellip5loga2.08PA50center0With_background20num5.dat TNC          1.0e-04 0 0 1 0     NFW      359.9997  -0.0008     -2.179 0.000   0   0.51   65.8       -1350.377       -2690.051    45 359.9997  -0.0008     -1.981 0.000   0   2.43    0.152
2018-05-05-19:12:30 1.11  Mocks_Em/MockNFW160ellip5loga2.08PA50center0With_background20num6.dat TNC          1.0e-04 0 0 1 0     NFW        0.0003   0.0001     -2.004 0.000   0   2.46   97.5       -1275.759       -2540.815    30   0.0003   0.0001     -1.942 0.000   0   2.42    0.102
2018-05-05-19:12:30 1.11  Mocks_Em/MockNFW160ellip5loga2.08PA50center0With_background20num7.dat TNC          1.0e-04 0 0 1 0     NFW      359.9994   0.0002     -2.545 0.000   0   5.20    8.8        -1304.99       -2599.277    78 359.9994   0.0002     -1.942 0.000   0   2.41    0.271
2018-05-05-19:12:30 1.11  Mocks_Em/MockNFW160ellip5loga2.08PA50center0With_background20num8.dat TNC          1.0e-04 0 0 1 0     NFW        0.0008  -0.0002     -2.294 0.000   0   4.69   42.2       -1382.879       -2755.055    98   0.0008  -0.0002     -2.003 0.000   0   2.44    0.325
2018-05-05-19:12:30 1.11  Mocks_Em/MockNFW160ellip5loga2.08PA50center0With_background20num9.dat TNC          1.0e-04 0 0 1 0     NFW      359.9998   0.0002     -2.209 0.000   0   2.55   59.9       -1284.084       -2557.464    33 359.9998   0.0002     -1.995 0.000   0   2.43    0.111
2018-05-05-19:12:30 1.11  Mocks_Em/MockNFW160ellip5loga2.08PA50center0With_background20num10.dat TNC          1.0e-04 0 0 1 0     NFW      359.9999   0.0007     -2.061 0.000   0   2.45   89.4       -1357.956       -2705.207    40 359.9999   0.0007     -2.002 0.000   0   2.45    0.136
2018-05-05-19:12:30 1.11  Mocks_Em/MockNFW160ellip5loga2.08PA50center0With_background20num11.dat TNC          1.0e-04 0 0 1 0     NFW        0.0001  -0.0001     -2.789 0.000   0   5.28    4.5       -1301.969       -2593.234    98   0.0001  -0.0001     -1.956 0.000   0   2.45    0.328
2018-05-05-19:12:30 1.11  Mocks_Em/MockNFW160ellip5loga2.08PA50center0With_background20num12.dat TNC          1.0e-04 0 0 1 0     NFW      359.9997   0.0004     -2.512 0.000   0   4.96   22.4       -1367.952         -2725.2   102 359.9997   0.0004     -2.014 0.000   0   2.46    0.340
2018-05-05-19:12:30 1.11  Mocks_Em/MockNFW160ellip5loga2.08PA50center0With_background20num13.dat TNC          1.0e-04 0 0 1 0     NFW        0.0002   0.0009     -2.012 0.000   0  -0.57   97.9       -1320.359       -2630.015   101   0.0002   0.0009     -1.979 0.000   0   2.43    0.342
2018-05-05-19:12:30 1.11  Mocks_Em/MockNFW160ellip5loga2.08PA50center0With_background20num14.dat TNC          1.0e-04 0 0 1 0     NFW      359.9998  -0.0004     -2.657 0.000   0   5.18   10.1       -1353.272       -2695.841   104 359.9998  -0.0004     -1.979 0.000   0   2.44    0.345
2018-05-05-19:12:30 1.11  Mocks_Em/MockNFW160ellip5loga2.08PA50center0With_background20num15.dat TNC          1.0e-04 0 0 1 0     NFW        0.0010   0.0004     -2.248 0.000   0   4.80   40.6       -1341.251       -2671.798   112   0.0010   0.0004     -1.983 0.000   0   2.42    0.363
2018-05-05-19:12:30 1.11  Mocks_Em/MockNFW160ellip5loga2.08PA50center0With_background20num16.dat TNC          1.0e-04 0 0 1 0     NFW        0.0005   0.0002     -2.037 0.000   0   4.82   66.0       -1327.131       -2643.558    94   0.0005   0.0002     -1.959 0.000   0   2.43    0.311
2018-05-05-19:12:30 1.11  Mocks_Em/MockNFW160ellip5loga2.08PA50center0With_background20num17.dat TNC          1.0e-04 0 0 1 0     NFW        0.0001   0.0005     -2.508 0.000   0   4.80   22.5       -1250.468       -2490.232    70   0.0001   0.0005     -1.963 0.000   0   2.40    0.227
2018-05-05-19:12:30 1.11  Mocks_Em/MockNFW160ellip5loga2.08PA50center0With_background20num18.dat TNC          1.0e-04 0 0 1 0     NFW      359.9997  -0.0002     -1.970 0.000   0   2.45  112.9       -1339.685       -2668.666    23 359.9997  -0.0002     -1.982 0.000   0   2.45    0.078
2018-05-05-19:12:30 1.11  Mocks_Em/MockNFW160ellip5loga2.08PA50center0With_background20num19.dat TNC          1.0e-04 0 0 1 0     NFW      359.9996   0.0003     -1.917 0.000   0   4.34  110.5       -1261.135       -2511.566    29 359.9996   0.0003     -1.955 0.000   0   2.42    0.099
2018-05-05-19:12:30 1.11  Mocks_Em/MockNFW160ellip5loga2.08PA50center0With_background20num20.dat TNC          1.0e-04 0 0 1 0     NFW        0.0004  -0.0001     -1.918 0.000   0   5.08   62.4       -1310.144       -2609.585    31   0.0004  -0.0001     -1.918 0.000   0   2.44    0.103
2018-05-05-19:12:30 1.11  Mocks_Em/MockNFW160ellip5loga2.08PA50center0With_background20num21.dat TNC          1.0e-04 0 0 1 0     NFW      359.9995  -0.0006     -1.901 0.000   0  -0.58  132.4        -1351.93       -2693.156     9 359.9995  -0.0006     -1.967 0.000   0   2.42    0.033
2018-05-05-19:12:30 1.11  Mocks_Em/MockNFW160ellip5loga2.08PA50center0With_background20num22.dat TNC          1.0e-04 0 0 1 0     NFW        0.0003   0.0000     -1.950 0.000   0   2.53  111.9       -1260.198       -2509.692    34   0.0003   0.0000     -1.968 0.000   0   2.43    0.116
2018-05-05-19:12:30 1.11  Mocks_Em/MockNFW160ellip5loga2.08PA50center0With_background20num23.dat TNC          1.0e-04 0 0 1 0     NFW      359.9998   0.0006     -2.094 0.000   0   1.82   82.4       -1365.045       -2719.387    43 359.9998   0.0006     -2.001 0.000   0   2.45    0.146
2018-05-05-19:12:30 1.11  Mocks_Em/MockNFW160ellip5loga2.08PA50center0With_background20num24.dat TNC          1.0e-04 0 0 1 0     NFW      359.9996  -0.0004     -2.184 0.000   0   2.45   66.2       -1374.287        -2737.87    50 359.9996  -0.0004     -2.023 0.000   0   2.44    0.170
2018-05-05-19:12:30 1.11  Mocks_Em/MockNFW160ellip5loga2.08PA50center0With_background20num25.dat TNC          1.0e-04 0 0 1 0     NFW      359.9998  -0.0002     -2.156 0.000   0   5.02   35.0       -1247.398       -2484.092    69 359.9998  -0.0002     -1.918 0.000   0   2.42    0.230
2018-05-05-19:12:30 1.11  Mocks_Em/MockNFW160ellip5loga2.08PA50center0With_background20num26.dat TNC          1.0e-04 0 0 1 0     NFW        0.0001  -0.0001     -2.605 0.000   0   5.21    9.3       -1285.228       -2559.752    86   0.0001  -0.0001     -1.961 0.000   0   2.44    0.285
2018-05-05-19:12:30 1.11  Mocks_Em/MockNFW160ellip5loga2.08PA50center0With_background20num27.dat TNC          1.0e-04 0 0 1 0     NFW        0.0009  -0.0000     -1.995 0.000   0   2.42  101.8       -1354.712        -2698.72    30   0.0009  -0.0000     -1.946 0.000   0   2.42    0.103
2018-05-05-19:12:30 1.11  Mocks_Em/MockNFW160ellip5loga2.08PA50center0With_background20num28.dat TNC          1.0e-04 0 0 1 0     NFW      359.9998  -0.0001     -2.401 0.000   0   5.00   24.8       -1339.927        -2669.15   123 359.9998  -0.0001     -1.986 0.000   0   2.45    0.398
2018-05-05-19:12:30 1.11  Mocks_Em/MockNFW160ellip5loga2.08PA50center0With_background20num29.dat TNC          1.0e-04 0 0 1 0     NFW        0.0003  -0.0001     -2.576 0.000   0   5.03   15.5       -1268.016       -2525.328   119   0.0003  -0.0001     -1.980 0.000   0   2.42    0.393
2018-05-05-19:12:30 1.11  Mocks_Em/MockNFW160ellip5loga2.08PA50center0With_background20num30.dat TNC          1.0e-04 0 0 1 0     NFW        0.0001   0.0004     -2.106 0.000   0   2.41   81.0       -1369.921       -2729.138    26   0.0001   0.0004     -1.998 0.000   0   2.46    0.094
2018-05-05-19:12:30 1.11  Mocks_Em/MockNFW160ellip5loga2.08PA50center0With_background20num31.dat TNC          1.0e-04 0 0 1 0     NFW        0.0000  -0.0001     -2.577 0.000   0   5.28    5.6       -1282.946       -2555.188    69   0.0000  -0.0001     -1.932 0.000   0   2.44    0.225
2018-05-05-19:12:30 1.11  Mocks_Em/MockNFW160ellip5loga2.08PA50center0With_background20num32.dat TNC          1.0e-04 0 0 1 0     NFW      359.9997   0.0003     -2.167 0.000   0   2.48   72.7       -1421.493       -2832.282    26 359.9997   0.0003     -2.011 0.000   0   2.47    0.089
2018-05-05-19:12:30 1.11  Mocks_Em/MockNFW160ellip5loga2.08PA50center0With_background20num33.dat TNC          1.0e-04 0 0 1 0     NFW        0.0000   0.0003     -2.139 0.000   0   5.04   38.8       -1336.755       -2662.806    50   0.0000   0.0003     -1.945 0.000   0   2.44    0.165
2018-05-05-19:12:30 1.11  Mocks_Em/MockNFW160ellip5loga2.08PA50center0With_background20num34.dat TNC          1.0e-04 0 0 1 0     NFW      359.9993   0.0004     -2.002 0.000   0   2.45  103.3       -1352.138       -2693.573    31 359.9993   0.0004     -1.999 0.000   0   2.44    0.106
2018-05-05-19:12:30 1.11  Mocks_Em/MockNFW160ellip5loga2.08PA50center0With_background20num35.dat TNC          1.0e-04 0 0 1 0     NFW      360.0000  -0.0006     -2.098 0.000   0   0.97   74.7       -1259.855       -2509.007    73 360.0000  -0.0006     -1.972 0.000   0   2.40    0.243
2018-05-05-19:12:30 1.11  Mocks_Em/MockNFW160ellip5loga2.08PA50center0With_background20num36.dat TNC          1.0e-04 0 0 1 0     NFW        0.0001  -0.0005     -2.161 0.000   0   4.97   39.1        -1309.62       -2608.537    98   0.0001  -0.0005     -1.961 0.000   0   2.42    0.324
2018-05-05-19:12:30 1.11  Mocks_Em/MockNFW160ellip5loga2.08PA50center0With_background20num37.dat TNC          1.0e-04 0 0 1 0     NFW        0.0001   0.0011     -2.275 0.000   0   5.00   30.2       -1388.884       -2767.064   234   0.0001   0.0011     -1.956 0.000   0   2.42    0.759
2018-05-05-19:12:30 1.11  Mocks_Em/MockNFW160ellip5loga2.08PA50center0With_background20num38.dat TNC          1.0e-04 0 0 1 0     NFW      359.9998   0.0006     -2.561 0.000   0   5.22    8.4       -1294.558       -2578.412    87 359.9998   0.0006     -1.924 0.000   0   2.42    0.286
2018-05-05-19:12:30 1.11  Mocks_Em/MockNFW160ellip5loga2.08PA50center0With_background20num39.dat TNC          1.0e-04 0 0 1 0     NFW      359.9987  -0.0003     -2.511 0.000   0   4.93   21.4       -1403.928       -2797.152   113 359.9987  -0.0003     -1.987 0.000   0   2.41    0.375
2018-05-05-19:12:30 1.11  Mocks_Em/MockNFW160ellip5loga2.08PA50center0With_background20num40.dat TNC          1.0e-04 0 0 1 0     NFW      359.9997  -0.0000     -2.454 0.000   0   5.01   20.4       -1290.676       -2570.649    78 359.9997  -0.0000     -1.969 0.000   0   2.43    0.260
2018-05-05-19:12:30 1.11  Mocks_Em/MockNFW160ellip5loga2.08PA50center0With_background20num41.dat TNC          1.0e-04 0 0 1 0     NFW        0.0006   0.0002     -1.998 0.000   0   0.79  102.6        -1328.97       -2647.237    70   0.0006   0.0002     -1.978 0.000   0   2.44    0.240
2018-05-05-19:12:30 1.11  Mocks_Em/MockNFW160ellip5loga2.08PA50center0With_background20num42.dat TNC          1.0e-04 0 0 1 0     NFW      360.0000  -0.0005     -2.248 0.000   0  -0.54   58.5       -1366.907       -2723.111    68 360.0000  -0.0005     -2.016 0.000   0   2.46    0.222
2018-05-05-19:12:30 1.11  Mocks_Em/MockNFW160ellip5loga2.08PA50center0With_background20num43.dat TNC          1.0e-04 0 0 1 0     NFW        0.0005   0.0006     -2.212 0.000   0   5.09   29.7       -1336.622        -2662.54    88   0.0005   0.0006     -1.939 0.000   0   2.44    0.290
2018-05-05-19:12:30 1.11  Mocks_Em/MockNFW160ellip5loga2.08PA50center0With_background20num44.dat TNC          1.0e-04 0 0 1 0     NFW        0.0001  -0.0004     -2.008 0.000   0   2.32   99.0       -1308.747       -2606.791    34   0.0001  -0.0004     -1.979 0.000   0   2.44    0.113
2018-05-05-19:12:30 1.11  Mocks_Em/MockNFW160ellip5loga2.08PA50center0With_background20num45.dat TNC          1.0e-04 0 0 1 0     NFW        0.0009   0.0004     -2.090 0.000   0   2.95   78.2       -1334.524       -2658.343    26   0.0009   0.0004     -1.967 0.000   0   2.40    0.089
2018-05-05-19:12:30 1.11  Mocks_Em/MockNFW160ellip5loga2.08PA50center0With_background20num46.dat TNC          1.0e-04 0 0 1 0     NFW        0.0009   0.0000     -2.122 0.000   0   5.04   40.8       -1396.931       -2783.158    49   0.0009   0.0000     -1.943 0.000   0   2.44    0.161
2018-05-05-19:12:30 1.11  Mocks_Em/MockNFW160ellip5loga2.08PA50center0With_background20num47.dat TNC          1.0e-04 0 0 1 0     NFW        0.0001  -0.0003     -1.925 0.000   0   4.11  118.9       -1300.458       -2590.213    37   0.0001  -0.0003     -1.987 0.000   0   2.45    0.123
2018-05-05-19:12:30 1.11  Mocks_Em/MockNFW160ellip5loga2.08PA50center0With_background20num48.dat TNC          1.0e-04 0 0 1 0     NFW        0.0010   0.0005     -2.014 0.000   0   2.38   92.5       -1299.729       -2588.755    24   0.0010   0.0005     -1.940 0.000   0   2.39    0.081
2018-05-05-19:12:30 1.11  Mocks_Em/MockNFW160ellip5loga2.08PA50center0With_background20num49.dat TNC          1.0e-04 0 0 1 0     NFW        0.0008  -0.0003     -2.417 0.000   0   5.02   23.8       -1419.637       -2828.571    81   0.0008  -0.0003     -1.975 0.000   0   2.44    0.265
2018-05-05-19:12:30 1.11  Mocks_Em/MockNFW160ellip5loga2.08PA50center0With_background20num50.dat TNC          1.0e-04 0 0 1 0     NFW      359.9997  -0.0007     -1.947 0.000   0   2.43  116.6       -1342.472       -2674.241    17 359.9997  -0.0007     -1.946 0.000   0   2.43    0.059
2018-05-05-19:12:30 1.11  Mocks_Em/MockNFW160ellip5loga2.08PA50center0With_background20num51.dat TNC          1.0e-04 0 0 1 0     NFW      359.9992   0.0001     -2.043 0.000   0   2.37   88.3       -1308.958       -2607.211    23 359.9992   0.0001     -1.975 0.000   0   2.41    0.138
2018-05-05-19:12:30 1.11  Mocks_Em/MockNFW160ellip5loga2.08PA50center0With_background20num52.dat TNC          1.0e-04 0 0 1 0     NFW        0.0000  -0.0010     -2.492 0.000   0   5.14   13.5       -1331.344       -2651.985   101   0.0000  -0.0010     -1.952 0.000   0   2.42    0.353
2018-05-05-19:12:30 1.11  Mocks_Em/MockNFW160ellip5loga2.08PA50center0With_background20num53.dat TNC          1.0e-04 0 0 1 0     NFW        0.0002   0.0007     -1.906 0.000   0   4.84   88.6       -1311.601       -2612.499    36   0.0002   0.0007     -1.951 0.000   0   2.42    0.128
2018-05-05-19:12:30 1.11  Mocks_Em/MockNFW160ellip5loga2.08PA50center0With_background20num54.dat TNC          1.0e-04 0 0 1 0     NFW        0.0007   0.0010     -1.896 0.000   0   4.49  108.4       -1290.974       -2571.244    24   0.0007   0.0010     -1.935 0.000   0   2.40    0.081
2018-05-05-19:12:30 1.11  Mocks_Em/MockNFW160ellip5loga2.08PA50center0With_background20num55.dat TNC          1.0e-04 0 0 1 0     NFW      359.9995   0.0003     -2.741 0.000   0   5.28    5.2       -1358.413       -2706.122   100 359.9995   0.0003     -1.958 0.000   0   2.45    0.326
2018-05-05-19:12:30 1.11  Mocks_Em/MockNFW160ellip5loga2.08PA50center0With_background20num56.dat TNC          1.0e-04 0 0 1 0     NFW      359.9999  -0.0002     -2.166 0.000   0  -0.57   65.9       -1292.684       -2574.664    71 359.9999  -0.0002     -1.974 0.000   0   2.42    0.232
2018-05-05-19:12:30 1.11  Mocks_Em/MockNFW160ellip5loga2.08PA50center0With_background20num57.dat TNC          1.0e-04 0 0 1 0     NFW      359.9993  -0.0006     -2.154 0.000   0   4.78   53.0       -1389.448       -2768.193   131 359.9993  -0.0006     -1.987 0.000   0   2.44    0.430
2018-05-05-19:12:30 1.11  Mocks_Em/MockNFW160ellip5loga2.08PA50center0With_background20num58.dat TNC          1.0e-04 0 0 1 0     NFW      359.9998  -0.0000     -2.560 0.000   0   5.04   13.7       -1205.681       -2400.658    77 359.9998  -0.0000     -1.938 0.000   0   2.39    0.288
2018-05-05-19:12:30 1.11  Mocks_Em/MockNFW160ellip5loga2.08PA50center0With_background20num59.dat TNC          1.0e-04 0 0 1 0     NFW        0.0006  -0.0007     -2.316 0.000   0   5.02   25.6       -1344.669       -2678.635   139   0.0006  -0.0007     -1.946 0.000   0   2.41    0.597
2018-05-05-19:12:30 1.11  Mocks_Em/MockNFW160ellip5loga2.08PA50center0With_background20num60.dat TNC          1.0e-04 0 0 1 0     NFW        0.0005   0.0001     -2.862 0.000   0   5.21    5.6        -1323.53       -2636.357    96   0.0005   0.0001     -1.947 0.000   0   2.42    0.314
2018-05-05-19:12:30 1.11  Mocks_Em/MockNFW160ellip5loga2.08PA50center0With_background20num61.dat TNC          1.0e-04 0 0 1 0     NFW        0.0004   0.0006     -1.904 0.000   0   3.74  125.4       -1314.323       -2617.942    26   0.0004   0.0006     -1.956 0.000   0   2.42    0.087
2018-05-05-19:12:30 1.11  Mocks_Em/MockNFW160ellip5loga2.08PA50center0With_background20num62.dat TNC          1.0e-04 0 0 1 0     NFW      359.9993  -0.0004     -2.094 0.000   0   0.92   82.5       -1395.637       -2780.571    54 359.9993  -0.0004     -2.005 0.000   0   2.43    0.178
2018-05-05-19:12:30 1.11  Mocks_Em/MockNFW160ellip5loga2.08PA50center0With_background20num63.dat TNC          1.0e-04 0 0 1 0     NFW      359.9993  -0.0008     -2.264 0.000   0   4.92   33.2       -1325.909       -2641.114   145 359.9993  -0.0008     -1.961 0.000   0   2.41    0.473
2018-05-05-19:12:30 1.11  Mocks_Em/MockNFW160ellip5loga2.08PA50center0With_background20num64.dat TNC          1.0e-04 0 0 1 0     NFW        0.0002  -0.0000     -2.191 0.000   0   4.63   48.8       -1254.351       -2497.998   118   0.0002  -0.0000     -1.964 0.000   0   2.41    0.384
2018-05-05-19:12:30 1.11  Mocks_Em/MockNFW160ellip5loga2.08PA50center0With_background20num65.dat TNC          1.0e-04 0 0 1 0     NFW        0.0000   0.0003     -2.183 0.000   0  -0.18   63.5       -1270.649       -2530.594    82   0.0000   0.0003     -2.003 0.000   0   2.44    0.272
2018-05-05-19:12:30 1.11  Mocks_Em/MockNFW160ellip5loga2.08PA50center0With_background20num66.dat TNC          1.0e-04 0 0 1 0     NFW        0.0007  -0.0006     -2.336 0.000   0   2.44   48.5       -1381.319       -2751.935    30   0.0007  -0.0006     -2.005 0.000   0   2.45    0.103
2018-05-05-19:12:30 1.11  Mocks_Em/MockNFW160ellip5loga2.08PA50center0With_background20num67.dat TNC          1.0e-04 0 0 1 0     NFW        0.0005  -0.0001     -2.041 0.000   0   2.45   95.3       -1391.073       -2771.442    31   0.0005  -0.0001     -1.990 0.000   0   2.45    0.106
2018-05-05-19:12:30 1.11  Mocks_Em/MockNFW160ellip5loga2.08PA50center0With_background20num68.dat TNC          1.0e-04 0 0 1 0     NFW        0.0001  -0.0000     -1.933 0.000   0  -0.58  114.2       -1189.504       -2368.303     5   0.0001  -0.0000     -1.948 0.000   0   2.42    0.019
2018-05-05-19:12:30 1.11  Mocks_Em/MockNFW160ellip5loga2.08PA50center0With_background20num69.dat TNC          1.0e-04 0 0 1 0     NFW      359.9997   0.0001     -2.050 0.000   0   2.43   85.8       -1250.576       -2490.448    37 359.9997   0.0001     -1.957 0.000   0   2.43    0.124
2018-05-05-19:12:30 1.11  Mocks_Em/MockNFW160ellip5loga2.08PA50center0With_background20num70.dat TNC          1.0e-04 0 0 1 0     NFW      359.9995   0.0002     -2.467 0.000   0   5.03   21.0       -1380.153       -2749.603    77 359.9995   0.0002     -1.988 0.000   0   2.44    0.257
2018-05-05-19:12:30 1.11  Mocks_Em/MockNFW160ellip5loga2.08PA50center0With_background20num71.dat TNC          1.0e-04 0 0 1 0     NFW      359.9993  -0.0004     -2.418 0.000   0   4.72   27.9       -1228.394       -2446.085    69 359.9993  -0.0004     -1.940 0.000   0   2.40    0.224
2018-05-05-19:12:30 1.11  Mocks_Em/MockNFW160ellip5loga2.08PA50center0With_background20num72.dat TNC          1.0e-04 0 0 1 0     NFW        0.0001  -0.0004     -1.921 0.000   0   4.98   80.1       -1351.756       -2692.807    32   0.0001  -0.0004     -1.961 0.000   0   2.46    0.106
2018-05-05-19:12:30 1.11  Mocks_Em/MockNFW160ellip5loga2.08PA50center0With_background20num73.dat TNC          1.0e-04 0 0 1 0     NFW      359.9996  -0.0006     -2.776 0.000   0   5.34    0.9       -1311.321       -2611.939    95 359.9996  -0.0006     -1.940 0.000   0   2.42    0.312
2018-05-05-19:12:30 1.11  Mocks_Em/MockNFW160ellip5loga2.08PA50center0With_background20num74.dat TNC          1.0e-04 0 0 1 0     NFW      359.9993   0.0006     -2.620 0.000   0   5.25    6.9       -1374.068       -2737.432    78 359.9993   0.0006     -1.957 0.000   0   2.43    0.270
2018-05-05-19:12:30 1.11  Mocks_Em/MockNFW160ellip5loga2.08PA50center0With_background20num75.dat TNC          1.0e-04 0 0 1 0     NFW      359.9999   0.0009     -2.292 0.000   0   4.94   34.2       -1383.331       -2755.957   117 359.9999   0.0009     -1.981 0.000   0   2.45    0.390
2018-05-05-19:12:30 1.11  Mocks_Em/MockNFW160ellip5loga2.08PA50center0With_background20num76.dat TNC          1.0e-04 0 0 1 0     NFW        0.0004   0.0001     -2.575 0.000   0   5.00   16.0       -1278.447       -2546.191   102   0.0004   0.0001     -1.967 0.000   0   2.41    0.339
2018-05-05-19:12:30 1.11  Mocks_Em/MockNFW160ellip5loga2.08PA50center0With_background20num77.dat TNC          1.0e-04 0 0 1 0     NFW        0.0004   0.0003     -2.347 0.000   0   5.12   20.2       -1319.192       -2627.681   165   0.0004   0.0003     -1.973 0.000   0   2.44    0.541
2018-05-05-19:12:30 1.11  Mocks_Em/MockNFW160ellip5loga2.08PA50center0With_background20num78.dat TNC          1.0e-04 0 0 1 0     NFW        0.0007   0.0000     -1.962 0.000   0   1.83  108.4       -1297.774       -2584.845    40   0.0007   0.0000     -1.953 0.000   0   2.41    0.145
2018-05-05-19:12:30 1.11  Mocks_Em/MockNFW160ellip5loga2.08PA50center0With_background20num79.dat TNC          1.0e-04 0 0 1 0     NFW      359.9997   0.0003     -2.290 0.000   0   2.41   49.0       -1269.296       -2527.887    29 359.9997   0.0003     -1.989 0.000   0   2.41    0.106
2018-05-05-19:12:30 1.11  Mocks_Em/MockNFW160ellip5loga2.08PA50center0With_background20num80.dat TNC          1.0e-04 0 0 1 0     NFW        0.0003   0.0005     -2.137 0.000   0  -0.59   68.5       -1270.444       -2530.185    63   0.0003   0.0005     -1.967 0.000   0   2.41    0.220
2018-05-05-19:12:30 1.11  Mocks_Em/MockNFW160ellip5loga2.08PA50center0With_background20num81.dat TNC          1.0e-04 0 0 1 0     NFW        0.0003  -0.0006     -2.182 0.000   0   2.43   64.8       -1322.469       -2634.234    36   0.0003  -0.0006     -1.985 0.000   0   2.43    0.127
2018-05-05-19:12:30 1.11  Mocks_Em/MockNFW160ellip5loga2.08PA50center0With_background20num82.dat TNC          1.0e-04 0 0 1 0     NFW        0.0005  -0.0006     -2.219 0.000   0   5.03   27.8        -1259.04       -2507.376   107   0.0005  -0.0006     -1.941 0.000   0   2.39    0.370
2018-05-05-19:12:30 1.11  Mocks_Em/MockNFW160ellip5loga2.08PA50center0With_background20num83.dat TNC          1.0e-04 0 0 1 0     NFW      359.9994   0.0001     -2.649 0.000   0   5.15   10.0       -1269.711       -2528.717    74 359.9994   0.0001     -1.954 0.000   0   2.42    0.260
2018-05-05-19:12:30 1.11  Mocks_Em/MockNFW160ellip5loga2.08PA50center0With_background20num84.dat TNC          1.0e-04 0 0 1 0     NFW        0.0002  -0.0004     -2.427 0.000   0   5.10   20.1       -1387.209       -2763.715    74   0.0002  -0.0004     -1.976 0.000   0   2.46    0.260
2018-05-05-19:12:30 1.11  Mocks_Em/MockNFW160ellip5loga2.08PA50center0With_background20num85.dat TNC          1.0e-04 0 0 1 0     NFW      360.0000   0.0019     -2.005 0.000   0   5.10   44.1       -1394.879       -2779.054    60 360.0000   0.0019     -1.949 0.000   0   2.42    0.211
2018-05-05-19:12:30 1.11  Mocks_Em/MockNFW160ellip5loga2.08PA50center0With_background20num86.dat TNC          1.0e-04 0 0 1 0     NFW      359.9989  -0.0001     -2.128 0.000   0   2.42   74.0       -1364.621       -2718.538    35 359.9989  -0.0001     -1.984 0.000   0   2.42    0.119
2018-05-05-19:12:30 1.11  Mocks_Em/MockNFW160ellip5loga2.08PA50center0With_background20num87.dat TNC          1.0e-04 0 0 1 0     NFW      359.9997   0.0006     -2.170 0.000   0   4.97   36.8       -1284.865       -2559.027   206 359.9997   0.0006     -1.938 0.000   0   2.41    0.679
2018-05-05-19:12:30 1.11  Mocks_Em/MockNFW160ellip5loga2.08PA50center0With_background20num88.dat TNC          1.0e-04 0 0 1 0     NFW        0.0003   0.0003     -2.008 0.000   0   4.37   91.9       -1326.965       -2643.227    61   0.0003   0.0003     -1.964 0.000   0   2.45    0.223
2018-05-05-19:12:30 1.11  Mocks_Em/MockNFW160ellip5loga2.08PA50center0With_background20num89.dat TNC          1.0e-04 0 0 1 0     NFW      359.9990  -0.0003     -2.647 0.000   0   5.20    7.0       -1322.137        -2633.57   118 359.9990  -0.0003     -1.950 0.000   0   2.40    0.530
2018-05-05-19:12:30 1.11  Mocks_Em/MockNFW160ellip5loga2.08PA50center0With_background20num90.dat TNC          1.0e-04 0 0 1 0     NFW      359.9998   0.0003     -2.622 0.000   0   5.27    6.2       -1351.382        -2692.06   125 359.9998   0.0003     -1.979 0.000   0   2.45    0.430
2018-05-05-19:12:30 1.11  Mocks_Em/MockNFW160ellip5loga2.08PA50center0With_background20num91.dat TNC          1.0e-04 0 0 1 0     NFW      359.9992  -0.0004     -2.286 0.000   0   2.40   49.3       -1279.255       -2547.807    27 359.9992  -0.0004     -1.964 0.000   0   2.40    0.095
2018-05-05-19:12:30 1.11  Mocks_Em/MockNFW160ellip5loga2.08PA50center0With_background20num92.dat TNC          1.0e-04 0 0 1 0     NFW        0.0005   0.0002     -2.337 0.000   0   4.80   35.1       -1334.533       -2658.362    96   0.0005   0.0002     -1.997 0.000   0   2.45    0.313
2018-05-05-19:12:30 1.11  Mocks_Em/MockNFW160ellip5loga2.08PA50center0With_background20num93.dat TNC          1.0e-04 0 0 1 0     NFW        0.0005   0.0006     -2.496 0.000   0   5.15   12.2       -1271.213       -2531.723   101   0.0005   0.0006     -1.941 0.000   0   2.41    0.337
2018-05-05-19:12:30 1.11  Mocks_Em/MockNFW160ellip5loga2.08PA50center0With_background20num94.dat TNC          1.0e-04 0 0 1 0     NFW      359.9999   0.0005     -2.783 0.000   0   5.20    6.7       -1321.122        -2631.54    83 359.9999   0.0005     -1.948 0.000   0   2.42    0.279
2018-05-05-19:12:30 1.11  Mocks_Em/MockNFW160ellip5loga2.08PA50center0With_background20num95.dat TNC          1.0e-04 0 0 1 0     NFW        0.0003  -0.0006     -2.133 0.000   0   4.26   68.5        -1342.92       -2675.136    91   0.0003  -0.0006     -1.992 0.000   0   2.44    0.325
2018-05-05-19:12:30 1.11  Mocks_Em/MockNFW160ellip5loga2.08PA50center0With_background20num96.dat TNC          1.0e-04 0 0 1 0     NFW        0.0011   0.0002     -2.596 0.000   0   5.18   10.8       -1418.528       -2826.352   131   0.0011   0.0002     -1.981 0.000   0   2.43    0.475
2018-05-05-19:12:30 1.11  Mocks_Em/MockNFW160ellip5loga2.08PA50center0With_background20num97.dat TNC          1.0e-04 0 0 1 0     NFW      359.9996  -0.0000     -1.917 0.000   0   3.83  115.8       -1231.905       -2453.107    25 359.9996  -0.0000     -1.942 0.000   0   2.41    0.091
2018-05-05-19:12:30 1.11  Mocks_Em/MockNFW160ellip5loga2.08PA50center0With_background20num98.dat TNC          1.0e-04 0 0 1 0     NFW        0.0000   0.0001     -1.986 0.000   0  -0.54  110.1       -1364.376       -2718.047    58   0.0000   0.0001     -2.019 0.000   0   2.46    0.195
2018-05-05-19:12:30 1.11  Mocks_Em/MockNFW160ellip5loga2.08PA50center0With_background20num99.dat TNC          1.0e-04 0 0 1 0     NFW      359.9996  -0.0003     -2.564 0.000   0   5.01   16.5       -1299.555       -2588.406   132 359.9996  -0.0003     -1.976 0.000   0   2.41    0.439
