2018-05-05-19:13:05 1.11  Mocks_Em/MockNFW160ellip5loga2.08PA50center0With_background20num0.dat Diff-Evol    1.0e-04 0 0 1 0     NFW        0.0007  -0.0002     -2.434 0.000   0   4.95   22.5       -1273.529       -2536.355   222   0.0007  -0.0002     -1.980 0.000   0   2.41    0.152
2018-05-05-19:13:05 1.11  Mocks_Em/MockNFW160ellip5loga2.08PA50center0With_background20num1.dat Diff-Evol    1.0e-04 0 0 1 0     NFW        0.0002  -0.0004     -2.257 0.000   0   5.11   24.6       -1309.581       -2608.459   312   0.0002  -0.0004     -1.946 0.000   0   2.44    0.150
2018-05-05-19:13:05 1.11  Mocks_Em/MockNFW160ellip5loga2.08PA50center0With_background20num2.dat Diff-Evol    1.0e-04 0 0 1 0     NFW      360.0000   0.0003     -2.443 0.000   0   5.06   18.5       -1287.084       -2563.465   250 360.0000   0.0003     -1.960 0.000   0   2.42    0.108
2018-05-05-19:13:05 1.11  Mocks_Em/MockNFW160ellip5loga2.08PA50center0With_background20num3.dat Diff-Evol    1.0e-04 0 0 1 0     NFW        0.0000   0.0001     -2.834 0.000   0   5.30    2.8       -1289.173       -2567.643   222   0.0000   0.0001     -1.951 0.000   0   2.44    0.098
2018-05-05-19:13:05 1.11  Mocks_Em/MockNFW160ellip5loga2.08PA50center0With_background20num4.dat Diff-Evol    1.0e-04 0 0 1 0     NFW        0.0005  -0.0007     -1.903 0.000   0   4.26  128.5       -1421.556       -2832.409   431   0.0005  -0.0007     -1.965 0.000   0   2.45    0.189
2018-05-05-19:13:05 1.11  Mocks_Em/MockNFW160ellip5loga2.08PA50center0With_background20num5.dat Diff-Evol    1.0e-04 0 0 1 0     NFW      359.9997  -0.0008     -2.180 0.000   0   2.58   65.5       -1350.375       -2690.046   215 359.9997  -0.0008     -1.981 0.000   0   2.43    0.094
2018-05-05-19:13:05 1.11  Mocks_Em/MockNFW160ellip5loga2.08PA50center0With_background20num6.dat Diff-Evol    1.0e-04 0 0 1 0     NFW        0.0003   0.0001     -2.158 0.000   0   4.73   51.2        -1276.01       -2541.316   264   0.0003   0.0001     -1.942 0.000   0   2.42    0.117
2018-05-05-19:13:05 1.11  Mocks_Em/MockNFW160ellip5loga2.08PA50center0With_background20num7.dat Diff-Evol    1.0e-04 0 0 1 0     NFW      359.9994   0.0002     -2.550 0.000   0   5.21    8.6        -1304.99       -2599.276   215 359.9994   0.0002     -1.942 0.000   0   2.41    0.098
2018-05-05-19:13:05 1.11  Mocks_Em/MockNFW160ellip5loga2.08PA50center0With_background20num8.dat Diff-Evol    1.0e-04 0 0 1 0     NFW        0.0008  -0.0002     -2.289 0.000   0   4.67   43.1       -1382.879       -2755.054   215   0.0008  -0.0002     -2.003 0.000   0   2.44    0.096
2018-05-05-19:13:05 1.11  Mocks_Em/MockNFW160ellip5loga2.08PA50center0With_background20num9.dat Diff-Evol    1.0e-04 0 0 1 0     NFW      359.9998   0.0002     -2.264 0.000   0   4.33   48.4       -1284.126       -2557.547   264 359.9998   0.0002     -1.995 0.000   0   2.43    0.115
2018-05-05-19:13:05 1.11  Mocks_Em/MockNFW160ellip5loga2.08PA50center0With_background20num10.dat Diff-Evol    1.0e-04 0 0 1 0     NFW      359.9999   0.0007     -2.063 0.000   0   2.20   89.1       -1357.956       -2705.209   215 359.9999   0.0007     -2.002 0.000   0   2.45    0.099
2018-05-05-19:13:05 1.11  Mocks_Em/MockNFW160ellip5loga2.08PA50center0With_background20num11.dat Diff-Evol    1.0e-04 0 0 1 0     NFW        0.0001  -0.0001     -3.025 0.000   0   5.37    0.4       -1301.464       -2592.225   319   0.0001  -0.0001     -1.956 0.000   0   2.45    0.147
2018-05-05-19:13:05 1.11  Mocks_Em/MockNFW160ellip5loga2.08PA50center0With_background20num12.dat Diff-Evol    1.0e-04 0 0 1 0     NFW      359.9997   0.0004     -2.514 0.000   0   4.96   22.3       -1367.952         -2725.2   229 359.9997   0.0004     -2.014 0.000   0   2.46    0.104
2018-05-05-19:13:05 1.11  Mocks_Em/MockNFW160ellip5loga2.08PA50center0With_background20num13.dat Diff-Evol    1.0e-04 0 0 1 0     NFW        0.0002   0.0009     -2.010 0.000   0   0.89   98.3       -1320.359       -2630.015   361   0.0002   0.0009     -1.979 0.000   0   2.43    0.158
2018-05-05-19:13:05 1.11  Mocks_Em/MockNFW160ellip5loga2.08PA50center0With_background20num14.dat Diff-Evol    1.0e-04 0 0 1 0     NFW      359.9998  -0.0004     -2.600 0.000   0   5.14   12.6       -1353.245       -2695.787   215 359.9998  -0.0004     -1.979 0.000   0   2.44    0.096
2018-05-05-19:13:05 1.11  Mocks_Em/MockNFW160ellip5loga2.08PA50center0With_background20num15.dat Diff-Evol    1.0e-04 0 0 1 0     NFW        0.0010   0.0004     -2.290 0.000   0   4.88   34.4       -1341.244       -2671.784   215   0.0010   0.0004     -1.983 0.000   0   2.42    0.096
2018-05-05-19:13:05 1.11  Mocks_Em/MockNFW160ellip5loga2.08PA50center0With_background20num16.dat Diff-Evol    1.0e-04 0 0 1 0     NFW        0.0005   0.0002     -2.085 0.000   0   4.91   53.2       -1327.129       -2643.555   236   0.0005   0.0002     -1.959 0.000   0   2.43    0.107
2018-05-05-19:13:05 1.11  Mocks_Em/MockNFW160ellip5loga2.08PA50center0With_background20num17.dat Diff-Evol    1.0e-04 0 0 1 0     NFW        0.0001   0.0005     -2.540 0.000   0   4.85   20.2        -1250.46       -2490.217   229   0.0001   0.0005     -1.963 0.000   0   2.40    0.099
2018-05-05-19:13:05 1.11  Mocks_Em/MockNFW160ellip5loga2.08PA50center0With_background20num18.dat Diff-Evol    1.0e-04 0 0 1 0     NFW      359.9997  -0.0002     -2.035 0.000   0   4.43   84.7       -1339.735       -2668.767   215 359.9997  -0.0002     -1.982 0.000   0   2.45    0.094
2018-05-05-19:13:05 1.11  Mocks_Em/MockNFW160ellip5loga2.08PA50center0With_background20num19.dat Diff-Evol    1.0e-04 0 0 1 0     NFW      359.9996   0.0003     -1.917 0.000   0   4.43  107.8       -1261.132        -2511.56   278 359.9996   0.0003     -1.955 0.000   0   2.42    0.119
2018-05-05-19:13:05 1.11  Mocks_Em/MockNFW160ellip5loga2.08PA50center0With_background20num20.dat Diff-Evol    1.0e-04 0 0 1 0     NFW        0.0004  -0.0001     -2.286 0.000   0   5.29    8.9       -1310.507       -2610.309   333   0.0004  -0.0001     -1.918 0.000   0   2.44    0.150
2018-05-05-19:13:05 1.11  Mocks_Em/MockNFW160ellip5loga2.08PA50center0With_background20num21.dat Diff-Evol    1.0e-04 0 0 1 0     NFW      359.9995  -0.0006     -1.901 0.000   0   0.55  132.4        -1351.93       -2693.156   347 359.9995  -0.0006     -1.967 0.000   0   2.42    0.154
2018-05-05-19:13:05 1.11  Mocks_Em/MockNFW160ellip5loga2.08PA50center0With_background20num22.dat Diff-Evol    1.0e-04 0 0 1 0     NFW        0.0003   0.0000     -1.950 0.000   0   2.04  112.2       -1260.198       -2509.692   291   0.0003   0.0000     -1.968 0.000   0   2.43    0.129
2018-05-05-19:13:05 1.11  Mocks_Em/MockNFW160ellip5loga2.08PA50center0With_background20num23.dat Diff-Evol    1.0e-04 0 0 1 0     NFW      359.9998   0.0006     -2.094 0.000   0   2.56   82.1       -1365.045       -2719.385   298 359.9998   0.0006     -2.001 0.000   0   2.45    0.178
2018-05-05-19:13:05 1.11  Mocks_Em/MockNFW160ellip5loga2.08PA50center0With_background20num24.dat Diff-Evol    1.0e-04 0 0 1 0     NFW      359.9996  -0.0004     -2.183 0.000   0   2.14   66.3       -1374.287       -2737.869   215 359.9996  -0.0004     -2.023 0.000   0   2.44    0.128
2018-05-05-19:13:05 1.11  Mocks_Em/MockNFW160ellip5loga2.08PA50center0With_background20num25.dat Diff-Evol    1.0e-04 0 0 1 0     NFW      359.9998  -0.0002     -2.254 0.000   0   5.11   22.3        -1247.45       -2484.195   375 359.9998  -0.0002     -1.918 0.000   0   2.42    0.227
2018-05-05-19:13:05 1.11  Mocks_Em/MockNFW160ellip5loga2.08PA50center0With_background20num26.dat Diff-Evol    1.0e-04 0 0 1 0     NFW        0.0001  -0.0001     -2.436 0.000   0   5.10   18.0       -1285.107        -2559.51   215   0.0001  -0.0001     -1.961 0.000   0   2.44    0.128
2018-05-05-19:13:05 1.11  Mocks_Em/MockNFW160ellip5loga2.08PA50center0With_background20num27.dat Diff-Evol    1.0e-04 0 0 1 0     NFW        0.0009  -0.0000     -2.246 0.000   0   4.94   34.6       -1355.167       -2699.631   250   0.0009  -0.0000     -1.946 0.000   0   2.42    0.116
2018-05-05-19:13:05 1.11  Mocks_Em/MockNFW160ellip5loga2.08PA50center0With_background20num28.dat Diff-Evol    1.0e-04 0 0 1 0     NFW      359.9998  -0.0001     -2.477 0.000   0   5.07   19.1       -1339.885       -2669.066   222 359.9998  -0.0001     -1.986 0.000   0   2.45    0.103
2018-05-05-19:13:05 1.11  Mocks_Em/MockNFW160ellip5loga2.08PA50center0With_background20num29.dat Diff-Evol    1.0e-04 0 0 1 0     NFW        0.0003  -0.0001     -2.570 0.000   0   5.02   15.9       -1268.015       -2525.326   215   0.0003  -0.0001     -1.980 0.000   0   2.42    0.094
2018-05-05-19:13:05 1.11  Mocks_Em/MockNFW160ellip5loga2.08PA50center0With_background20num30.dat Diff-Evol    1.0e-04 0 0 1 0     NFW        0.0001   0.0004     -2.107 0.000   0   2.84   80.7        -1369.92       -2729.137   215   0.0001   0.0004     -1.998 0.000   0   2.46    0.094
2018-05-05-19:13:05 1.11  Mocks_Em/MockNFW160ellip5loga2.08PA50center0With_background20num31.dat Diff-Evol    1.0e-04 0 0 1 0     NFW        0.0000  -0.0001     -2.561 0.000   0   5.27    6.5        -1282.94       -2555.176   250   0.0000  -0.0001     -1.932 0.000   0   2.44    0.111
2018-05-05-19:13:05 1.11  Mocks_Em/MockNFW160ellip5loga2.08PA50center0With_background20num32.dat Diff-Evol    1.0e-04 0 0 1 0     NFW      359.9997   0.0003     -2.420 0.000   0   4.97   27.4       -1421.885       -2833.067   208 359.9997   0.0003     -2.011 0.000   0   2.47    0.092
2018-05-05-19:13:05 1.11  Mocks_Em/MockNFW160ellip5loga2.08PA50center0With_background20num33.dat Diff-Evol    1.0e-04 0 0 1 0     NFW        0.0000   0.0003     -2.562 0.000   0   5.28    5.7       -1337.428       -2664.152   229   0.0000   0.0003     -1.945 0.000   0   2.44    0.099
2018-05-05-19:13:05 1.11  Mocks_Em/MockNFW160ellip5loga2.08PA50center0With_background20num34.dat Diff-Evol    1.0e-04 0 0 1 0     NFW      359.9993   0.0004     -2.001 0.000   0   1.17  103.5       -1352.138       -2693.573   291 359.9993   0.0004     -1.999 0.000   0   2.44    0.129
2018-05-05-19:13:05 1.11  Mocks_Em/MockNFW160ellip5loga2.08PA50center0With_background20num35.dat Diff-Evol    1.0e-04 0 0 1 0     NFW      360.0000  -0.0006     -2.098 0.000   0   0.21   74.6       -1259.856       -2509.007   215 360.0000  -0.0006     -1.972 0.000   0   2.40    0.096
2018-05-05-19:13:05 1.11  Mocks_Em/MockNFW160ellip5loga2.08PA50center0With_background20num36.dat Diff-Evol    1.0e-04 0 0 1 0     NFW        0.0001  -0.0005     -2.208 0.000   0   5.03   31.4       -1309.612        -2608.52   298   0.0001  -0.0005     -1.961 0.000   0   2.42    0.132
2018-05-05-19:13:05 1.11  Mocks_Em/MockNFW160ellip5loga2.08PA50center0With_background20num37.dat Diff-Evol    1.0e-04 0 0 1 0     NFW        0.0001   0.0011     -2.278 0.000   0   5.00   29.8       -1388.884       -2767.064   299   0.0001   0.0011     -1.956 0.000   0   2.42    0.128
2018-05-05-19:13:05 1.11  Mocks_Em/MockNFW160ellip5loga2.08PA50center0With_background20num38.dat Diff-Evol    1.0e-04 0 0 1 0     NFW      359.9998   0.0006     -2.617 0.000   0   5.24    6.3       -1294.534       -2578.364   222 359.9998   0.0006     -1.924 0.000   0   2.42    0.096
2018-05-05-19:13:05 1.11  Mocks_Em/MockNFW160ellip5loga2.08PA50center0With_background20num39.dat Diff-Evol    1.0e-04 0 0 1 0     NFW      359.9987  -0.0003     -2.625 0.000   0   5.06   14.2       -1403.785       -2796.866   264 359.9987  -0.0003     -1.987 0.000   0   2.41    0.114
2018-05-05-19:13:05 1.11  Mocks_Em/MockNFW160ellip5loga2.08PA50center0With_background20num40.dat Diff-Evol    1.0e-04 0 0 1 0     NFW      359.9997  -0.0000     -2.330 0.000   0   4.84   32.5       -1290.608       -2570.512   222 359.9997  -0.0000     -1.969 0.000   0   2.43    0.096
2018-05-05-19:13:05 1.11  Mocks_Em/MockNFW160ellip5loga2.08PA50center0With_background20num41.dat Diff-Evol    1.0e-04 0 0 1 0     NFW        0.0006   0.0002     -1.999 0.000   0   1.71  102.5        -1328.97       -2647.236   298   0.0006   0.0002     -1.978 0.000   0   2.44    0.132
2018-05-05-19:13:05 1.11  Mocks_Em/MockNFW160ellip5loga2.08PA50center0With_background20num42.dat Diff-Evol    1.0e-04 0 0 1 0     NFW      360.0000  -0.0005     -2.249 0.000   0   0.48   58.4       -1366.907       -2723.111   215 360.0000  -0.0005     -2.016 0.000   0   2.46    0.096
2018-05-05-19:13:05 1.11  Mocks_Em/MockNFW160ellip5loga2.08PA50center0With_background20num43.dat Diff-Evol    1.0e-04 0 0 1 0     NFW        0.0005   0.0006     -2.217 0.000   0   5.09   29.1       -1336.622        -2662.54   298   0.0005   0.0006     -1.939 0.000   0   2.44    0.132
2018-05-05-19:13:05 1.11  Mocks_Em/MockNFW160ellip5loga2.08PA50center0With_background20num44.dat Diff-Evol    1.0e-04 0 0 1 0     NFW        0.0001  -0.0004     -2.009 0.000   0   2.47   98.8       -1308.747        -2606.79   208   0.0001  -0.0004     -1.979 0.000   0   2.44    0.091
2018-05-05-19:13:05 1.11  Mocks_Em/MockNFW160ellip5loga2.08PA50center0With_background20num45.dat Diff-Evol    1.0e-04 0 0 1 0     NFW        0.0009   0.0004     -2.342 0.000   0   4.91   28.5       -1334.672        -2658.64   215   0.0009   0.0004     -1.967 0.000   0   2.40    0.094
2018-05-05-19:13:05 1.11  Mocks_Em/MockNFW160ellip5loga2.08PA50center0With_background20num46.dat Diff-Evol    1.0e-04 0 0 1 0     NFW        0.0009   0.0000     -2.597 0.000   0   5.29    5.1       -1398.053       -2785.402   215   0.0009   0.0000     -1.943 0.000   0   2.44    0.095
2018-05-05-19:13:05 1.11  Mocks_Em/MockNFW160ellip5loga2.08PA50center0With_background20num47.dat Diff-Evol    1.0e-04 0 0 1 0     NFW        0.0001  -0.0003     -1.947 0.000   0   4.37  106.8       -1300.453       -2590.201   229   0.0001  -0.0003     -1.987 0.000   0   2.45    0.100
2018-05-05-19:13:05 1.11  Mocks_Em/MockNFW160ellip5loga2.08PA50center0With_background20num48.dat Diff-Evol    1.0e-04 0 0 1 0     NFW        0.0010   0.0005     -2.013 0.000   0   0.92   92.8       -1299.729       -2588.755   208   0.0010   0.0005     -1.940 0.000   0   2.39    0.093
2018-05-05-19:13:05 1.11  Mocks_Em/MockNFW160ellip5loga2.08PA50center0With_background20num49.dat Diff-Evol    1.0e-04 0 0 1 0     NFW        0.0008  -0.0003     -2.413 0.000   0   5.00   24.7        -1419.63       -2828.556   208   0.0008  -0.0003     -1.975 0.000   0   2.44    0.094
2018-05-05-19:13:05 1.11  Mocks_Em/MockNFW160ellip5loga2.08PA50center0With_background20num50.dat Diff-Evol    1.0e-04 0 0 1 0     NFW      359.9997  -0.0007     -1.946 0.000   0   1.22  117.0       -1342.472        -2674.24   291 359.9997  -0.0007     -1.946 0.000   0   2.43    0.132
2018-05-05-19:13:05 1.11  Mocks_Em/MockNFW160ellip5loga2.08PA50center0With_background20num51.dat Diff-Evol    1.0e-04 0 0 1 0     NFW      359.9992   0.0001     -2.043 0.000   0   1.88   88.4       -1308.958       -2607.212   243 359.9992   0.0001     -1.975 0.000   0   2.41    0.104
2018-05-05-19:13:05 1.11  Mocks_Em/MockNFW160ellip5loga2.08PA50center0With_background20num52.dat Diff-Evol    1.0e-04 0 0 1 0     NFW        0.0000  -0.0010     -2.516 0.000   0   5.16   12.4       -1331.341       -2651.978   243   0.0000  -0.0010     -1.952 0.000   0   2.42    0.108
2018-05-05-19:13:05 1.11  Mocks_Em/MockNFW160ellip5loga2.08PA50center0With_background20num53.dat Diff-Evol    1.0e-04 0 0 1 0     NFW        0.0002   0.0007     -2.199 0.000   0   5.17   21.5       -1311.618       -2612.531   298   0.0002   0.0007     -1.951 0.000   0   2.42    0.135
2018-05-05-19:13:05 1.11  Mocks_Em/MockNFW160ellip5loga2.08PA50center0With_background20num54.dat Diff-Evol    1.0e-04 0 0 1 0     NFW        0.0007   0.0010     -1.909 0.000   0   4.55  101.8       -1290.971       -2571.239   402   0.0007   0.0010     -1.935 0.000   0   2.40    0.183
2018-05-05-19:13:05 1.11  Mocks_Em/MockNFW160ellip5loga2.08PA50center0With_background20num55.dat Diff-Evol    1.0e-04 0 0 1 0     NFW      359.9995   0.0003     -2.760 0.000   0   5.29    4.7        -1358.41       -2706.115   215 359.9995   0.0003     -1.958 0.000   0   2.45    0.097
2018-05-05-19:13:05 1.11  Mocks_Em/MockNFW160ellip5loga2.08PA50center0With_background20num56.dat Diff-Evol    1.0e-04 0 0 1 0     NFW      359.9999  -0.0002     -2.169 0.000   0   3.03   65.2       -1292.682        -2574.66   215 359.9999  -0.0002     -1.974 0.000   0   2.42    0.110
2018-05-05-19:13:05 1.11  Mocks_Em/MockNFW160ellip5loga2.08PA50center0With_background20num57.dat Diff-Evol    1.0e-04 0 0 1 0     NFW      359.9993  -0.0006     -2.174 0.000   0   4.83   48.9       -1389.447        -2768.19   312 359.9993  -0.0006     -1.987 0.000   0   2.44    0.188
2018-05-05-19:13:05 1.11  Mocks_Em/MockNFW160ellip5loga2.08PA50center0With_background20num58.dat Diff-Evol    1.0e-04 0 0 1 0     NFW      359.9998  -0.0000     -2.610 0.000   0   5.08   11.4       -1205.668       -2400.632   215 359.9998  -0.0000     -1.938 0.000   0   2.39    0.127
2018-05-05-19:13:05 1.11  Mocks_Em/MockNFW160ellip5loga2.08PA50center0With_background20num59.dat Diff-Evol    1.0e-04 0 0 1 0     NFW        0.0006  -0.0007     -2.269 0.000   0   4.96   31.1       -1344.656       -2678.608   312   0.0006  -0.0007     -1.946 0.000   0   2.41    0.191
2018-05-05-19:13:05 1.11  Mocks_Em/MockNFW160ellip5loga2.08PA50center0With_background20num60.dat Diff-Evol    1.0e-04 0 0 1 0     NFW        0.0005   0.0001     -2.877 0.000   0   5.18    6.6       -1323.407        -2636.11   229   0.0005   0.0001     -1.947 0.000   0   2.42    0.121
2018-05-05-19:13:05 1.11  Mocks_Em/MockNFW160ellip5loga2.08PA50center0With_background20num61.dat Diff-Evol    1.0e-04 0 0 1 0     NFW        0.0004   0.0006     -1.904 0.000   0   3.74  125.4       -1314.323       -2617.942   465   0.0004   0.0006     -1.956 0.000   0   2.42    0.208
2018-05-05-19:13:05 1.11  Mocks_Em/MockNFW160ellip5loga2.08PA50center0With_background20num62.dat Diff-Evol    1.0e-04 0 0 1 0     NFW      359.9993  -0.0004     -2.093 0.000   0   0.63   82.5       -1395.637       -2780.571   305 359.9993  -0.0004     -2.005 0.000   0   2.43    0.139
2018-05-05-19:13:05 1.11  Mocks_Em/MockNFW160ellip5loga2.08PA50center0With_background20num63.dat Diff-Evol    1.0e-04 0 0 1 0     NFW      359.9993  -0.0008     -2.265 0.000   0   4.92   33.0       -1325.909       -2641.114   229 359.9993  -0.0008     -1.961 0.000   0   2.41    0.102
2018-05-05-19:13:05 1.11  Mocks_Em/MockNFW160ellip5loga2.08PA50center0With_background20num64.dat Diff-Evol    1.0e-04 0 0 1 0     NFW        0.0002  -0.0000     -2.244 0.000   0   4.78   39.2        -1254.34       -2497.976   208   0.0002  -0.0000     -1.964 0.000   0   2.41    0.090
2018-05-05-19:13:05 1.11  Mocks_Em/MockNFW160ellip5loga2.08PA50center0With_background20num65.dat Diff-Evol    1.0e-04 0 0 1 0     NFW        0.0000   0.0003     -2.183 0.000   0   0.63   63.5       -1270.649       -2530.594   208   0.0000   0.0003     -2.003 0.000   0   2.44    0.090
2018-05-05-19:13:05 1.11  Mocks_Em/MockNFW160ellip5loga2.08PA50center0With_background20num66.dat Diff-Evol    1.0e-04 0 0 1 0     NFW        0.0007  -0.0006     -2.597 0.000   0   4.85   21.7        -1382.31       -2753.916   285   0.0007  -0.0006     -2.005 0.000   0   2.45    0.122
2018-05-05-19:13:05 1.11  Mocks_Em/MockNFW160ellip5loga2.08PA50center0With_background20num67.dat Diff-Evol    1.0e-04 0 0 1 0     NFW        0.0005  -0.0001     -2.117 0.000   0   4.49   69.0       -1391.141       -2771.577   243   0.0005  -0.0001     -1.990 0.000   0   2.45    0.105
2018-05-05-19:13:05 1.11  Mocks_Em/MockNFW160ellip5loga2.08PA50center0With_background20num68.dat Diff-Evol    1.0e-04 0 0 1 0     NFW        0.0001  -0.0000     -1.933 0.000   0   0.48  114.2       -1189.504       -2368.303   347   0.0001  -0.0000     -1.948 0.000   0   2.42    0.151
2018-05-05-19:13:05 1.11  Mocks_Em/MockNFW160ellip5loga2.08PA50center0With_background20num69.dat Diff-Evol    1.0e-04 0 0 1 0     NFW      359.9997   0.0001     -2.326 0.000   0   4.95   27.9       -1251.018       -2491.332   340 359.9997   0.0001     -1.957 0.000   0   2.43    0.152
2018-05-05-19:13:05 1.11  Mocks_Em/MockNFW160ellip5loga2.08PA50center0With_background20num70.dat Diff-Evol    1.0e-04 0 0 1 0     NFW      359.9995   0.0002     -2.436 0.000   0   4.99   23.8        -1380.15       -2749.597   236 359.9995   0.0002     -1.988 0.000   0   2.44    0.111
2018-05-05-19:13:05 1.11  Mocks_Em/MockNFW160ellip5loga2.08PA50center0With_background20num71.dat Diff-Evol    1.0e-04 0 0 1 0     NFW      359.9993  -0.0004     -2.598 0.000   0   4.94   16.2       -1228.701       -2446.697   215 359.9993  -0.0004     -1.940 0.000   0   2.40    0.095
2018-05-05-19:13:05 1.11  Mocks_Em/MockNFW160ellip5loga2.08PA50center0With_background20num72.dat Diff-Evol    1.0e-04 0 0 1 0     NFW        0.0001  -0.0004     -1.921 0.000   0   4.98   80.0       -1351.756       -2692.807   549   0.0001  -0.0004     -1.961 0.000   0   2.46    0.238
2018-05-05-19:13:05 1.11  Mocks_Em/MockNFW160ellip5loga2.08PA50center0With_background20num73.dat Diff-Evol    1.0e-04 0 0 1 0     NFW      359.9996  -0.0006     -2.893 0.000   0   5.36   -0.3       -1311.292       -2611.879   319 359.9996  -0.0006     -1.940 0.000   0   2.42    0.141
2018-05-05-19:13:05 1.11  Mocks_Em/MockNFW160ellip5loga2.08PA50center0With_background20num74.dat Diff-Evol    1.0e-04 0 0 1 0     NFW      359.9993   0.0006     -2.522 0.000   0   5.22    9.9       -1374.008       -2737.313   222 359.9993   0.0006     -1.957 0.000   0   2.43    0.097
2018-05-05-19:13:05 1.11  Mocks_Em/MockNFW160ellip5loga2.08PA50center0With_background20num75.dat Diff-Evol    1.0e-04 0 0 1 0     NFW      359.9999   0.0009     -2.452 0.000   0   5.10   18.5       -1383.272       -2755.841   215 359.9999   0.0009     -1.981 0.000   0   2.45    0.095
2018-05-05-19:13:05 1.11  Mocks_Em/MockNFW160ellip5loga2.08PA50center0With_background20num76.dat Diff-Evol    1.0e-04 0 0 1 0     NFW        0.0004   0.0001     -2.681 0.000   0   5.10   10.9       -1278.376       -2546.048   215   0.0004   0.0001     -1.967 0.000   0   2.41    0.093
2018-05-05-19:13:05 1.11  Mocks_Em/MockNFW160ellip5loga2.08PA50center0With_background20num77.dat Diff-Evol    1.0e-04 0 0 1 0     NFW        0.0004   0.0003     -2.309 0.000   0   5.09   23.9       -1319.187       -2627.671   222   0.0004   0.0003     -1.973 0.000   0   2.44    0.097
2018-05-05-19:13:05 1.11  Mocks_Em/MockNFW160ellip5loga2.08PA50center0With_background20num78.dat Diff-Evol    1.0e-04 0 0 1 0     NFW        0.0007   0.0000     -1.961 0.000   0   0.92  108.9       -1297.775       -2584.846   298   0.0007   0.0000     -1.953 0.000   0   2.41    0.132
2018-05-05-19:13:05 1.11  Mocks_Em/MockNFW160ellip5loga2.08PA50center0With_background20num79.dat Diff-Evol    1.0e-04 0 0 1 0     NFW      359.9997   0.0003     -2.289 0.000   0   0.49   49.2       -1269.296       -2527.887   208 359.9997   0.0003     -1.989 0.000   0   2.41    0.090
2018-05-05-19:13:05 1.11  Mocks_Em/MockNFW160ellip5loga2.08PA50center0With_background20num80.dat Diff-Evol    1.0e-04 0 0 1 0     NFW        0.0003   0.0005     -2.137 0.000   0   0.55   68.5       -1270.444       -2530.185   222   0.0003   0.0005     -1.967 0.000   0   2.41    0.096
2018-05-05-19:13:05 1.11  Mocks_Em/MockNFW160ellip5loga2.08PA50center0With_background20num81.dat Diff-Evol    1.0e-04 0 0 1 0     NFW        0.0003  -0.0006     -2.692 0.000   0   5.15    9.8       -1324.055       -2637.407   215   0.0003  -0.0006     -1.985 0.000   0   2.43    0.093
2018-05-05-19:13:05 1.11  Mocks_Em/MockNFW160ellip5loga2.08PA50center0With_background20num82.dat Diff-Evol    1.0e-04 0 0 1 0     NFW        0.0005  -0.0006     -1.964 0.000   0   4.50   88.2       -1258.929       -2507.155   298   0.0005  -0.0006     -1.941 0.000   0   2.39    0.132
2018-05-05-19:13:05 1.11  Mocks_Em/MockNFW160ellip5loga2.08PA50center0With_background20num83.dat Diff-Evol    1.0e-04 0 0 1 0     NFW      359.9994   0.0001     -2.601 0.000   0   5.12   11.7       -1269.695       -2528.687   215 359.9994   0.0001     -1.954 0.000   0   2.42    0.096
2018-05-05-19:13:05 1.11  Mocks_Em/MockNFW160ellip5loga2.08PA50center0With_background20num84.dat Diff-Evol    1.0e-04 0 0 1 0     NFW        0.0002  -0.0004     -2.419 0.000   0   5.09   20.8       -1387.209       -2763.715   333   0.0002  -0.0004     -1.976 0.000   0   2.46    0.152
2018-05-05-19:13:05 1.11  Mocks_Em/MockNFW160ellip5loga2.08PA50center0With_background20num85.dat Diff-Evol    1.0e-04 0 0 1 0     NFW      360.0000   0.0019     -1.985 0.000   0   5.09   48.8       -1394.878       -2779.053   333 360.0000   0.0019     -1.949 0.000   0   2.42    0.154
2018-05-05-19:13:05 1.11  Mocks_Em/MockNFW160ellip5loga2.08PA50center0With_background20num86.dat Diff-Evol    1.0e-04 0 0 1 0     NFW      359.9989  -0.0001     -2.142 0.000   0   3.76   69.8       -1364.627       -2718.551   208 359.9989  -0.0001     -1.984 0.000   0   2.42    0.095
2018-05-05-19:13:05 1.11  Mocks_Em/MockNFW160ellip5loga2.08PA50center0With_background20num87.dat Diff-Evol    1.0e-04 0 0 1 0     NFW      359.9997   0.0006     -2.213 0.000   0   5.02   30.4        -1284.86       -2559.016   215 359.9997   0.0006     -1.938 0.000   0   2.41    0.097
2018-05-05-19:13:05 1.11  Mocks_Em/MockNFW160ellip5loga2.08PA50center0With_background20num88.dat Diff-Evol    1.0e-04 0 0 1 0     NFW        0.0003   0.0003     -2.393 0.000   0   5.11   20.0       -1327.637        -2644.57   222   0.0003   0.0003     -1.964 0.000   0   2.45    0.103
2018-05-05-19:13:05 1.11  Mocks_Em/MockNFW160ellip5loga2.08PA50center0With_background20num89.dat Diff-Evol    1.0e-04 0 0 1 0     NFW      359.9990  -0.0003     -2.415 0.000   0   5.07   17.8       -1321.909       -2633.114   215 359.9990  -0.0003     -1.950 0.000   0   2.40    0.100
2018-05-05-19:13:05 1.11  Mocks_Em/MockNFW160ellip5loga2.08PA50center0With_background20num90.dat Diff-Evol    1.0e-04 0 0 1 0     NFW      359.9998   0.0003     -2.560 0.000   0   5.25    8.3       -1351.366       -2692.029   312 359.9998   0.0003     -1.979 0.000   0   2.45    0.143
2018-05-05-19:13:05 1.11  Mocks_Em/MockNFW160ellip5loga2.08PA50center0With_background20num91.dat Diff-Evol    1.0e-04 0 0 1 0     NFW      359.9992  -0.0004     -2.447 0.000   0   4.72   27.6       -1279.426       -2548.149   292 359.9992  -0.0004     -1.964 0.000   0   2.40    0.129
2018-05-05-19:13:05 1.11  Mocks_Em/MockNFW160ellip5loga2.08PA50center0With_background20num92.dat Diff-Evol    1.0e-04 0 0 1 0     NFW        0.0005   0.0002     -2.336 0.000   0   4.80   35.1       -1334.533       -2658.362   383   0.0005   0.0002     -1.997 0.000   0   2.45    0.165
2018-05-05-19:13:05 1.11  Mocks_Em/MockNFW160ellip5loga2.08PA50center0With_background20num93.dat Diff-Evol    1.0e-04 0 0 1 0     NFW        0.0005   0.0006     -2.383 0.000   0   5.07   19.2        -1271.17       -2531.637   222   0.0005   0.0006     -1.941 0.000   0   2.41    0.097
2018-05-05-19:13:05 1.11  Mocks_Em/MockNFW160ellip5loga2.08PA50center0With_background20num94.dat Diff-Evol    1.0e-04 0 0 1 0     NFW      359.9999   0.0005     -2.557 0.000   0   5.08   14.6        -1320.78       -2630.856   229 359.9999   0.0005     -1.948 0.000   0   2.42    0.100
2018-05-05-19:13:05 1.11  Mocks_Em/MockNFW160ellip5loga2.08PA50center0With_background20num95.dat Diff-Evol    1.0e-04 0 0 1 0     NFW        0.0003  -0.0006     -2.090 0.000   0   1.36   82.3       -1342.908       -2675.113   313   0.0003  -0.0006     -1.992 0.000   0   2.44    0.134
2018-05-05-19:13:05 1.11  Mocks_Em/MockNFW160ellip5loga2.08PA50center0With_background20num96.dat Diff-Evol    1.0e-04 0 0 1 0     NFW        0.0011   0.0002     -2.521 0.000   0   5.14   13.9        -1418.49       -2826.276   222   0.0011   0.0002     -1.981 0.000   0   2.43    0.099
2018-05-05-19:13:05 1.11  Mocks_Em/MockNFW160ellip5loga2.08PA50center0With_background20num97.dat Diff-Evol    1.0e-04 0 0 1 0     NFW      359.9996  -0.0000     -1.917 0.000   0   3.83  115.8       -1231.905       -2453.107   368 359.9996  -0.0000     -1.942 0.000   0   2.41    0.160
2018-05-05-19:13:05 1.11  Mocks_Em/MockNFW160ellip5loga2.08PA50center0With_background20num98.dat Diff-Evol    1.0e-04 0 0 1 0     NFW        0.0000   0.0001     -1.986 0.000   0   1.96  110.1       -1364.375       -2718.046   291   0.0000   0.0001     -2.019 0.000   0   2.46    0.133
2018-05-05-19:13:05 1.11  Mocks_Em/MockNFW160ellip5loga2.08PA50center0With_background20num99.dat Diff-Evol    1.0e-04 0 0 1 0     NFW      359.9996  -0.0003     -2.517 0.000   0   4.95   19.6       -1299.534       -2588.364   215 359.9996  -0.0003     -1.976 0.000   0   2.41    0.094
