2018-05-05-19:11:48 1.11  Mocks_Em/MockNFW20ellip5loga2.08PA50center0With_background20num0.dat L-BFGS-B     1.0e-04 0 0 1 0     NFW        0.0023  -0.0013     -1.881 0.000   0   1.92   44.6       -446.4631       -884.4007   140   0.0023  -0.0013     -1.923 0.000   0   1.91    0.091
2018-05-05-19:11:48 1.11  Mocks_Em/MockNFW20ellip5loga2.08PA50center0With_background20num1.dat L-BFGS-B     1.0e-04 0 0 1 0     NFW      359.9984  -0.0019     -1.870 0.000   0   1.92   45.3       -441.1768       -873.8283    14 359.9984  -0.0019     -1.861 0.000   0   1.90    0.008
2018-05-05-19:11:48 1.11  Mocks_Em/MockNFW20ellip5loga2.08PA50center0With_background20num2.dat L-BFGS-B     1.0e-04 0 0 1 0     NFW      359.9994  -0.0010     -1.897 0.000   0   1.94   41.5       -410.6623       -812.7992    14 359.9994  -0.0010     -1.843 0.000   0   1.91    0.008
2018-05-05-19:11:48 1.11  Mocks_Em/MockNFW20ellip5loga2.08PA50center0With_background20num3.dat L-BFGS-B     1.0e-04 0 0 1 0     NFW      359.9976   0.0007     -1.874 0.000   0   1.91   44.6       -436.3666       -864.2079    14 359.9976   0.0007     -1.857 0.000   0   1.90    0.007
2018-05-05-19:11:48 1.11  Mocks_Em/MockNFW20ellip5loga2.08PA50center0With_background20num4.dat L-BFGS-B     1.0e-04 0 0 1 0     NFW      359.9996  -0.0027     -1.874 0.000   0   1.96   49.1       -485.0461       -961.5669   140 359.9996  -0.0027     -1.885 0.000   0   1.94    0.063
2018-05-05-19:11:48 1.11  Mocks_Em/MockNFW20ellip5loga2.08PA50center0With_background20num5.dat L-BFGS-B     1.0e-04 0 0 1 0     NFW        0.0001  -0.0009     -2.232 0.000   0   1.92   18.1       -417.1029       -825.6804    35   0.0001  -0.0009     -1.986 0.000   0   1.92    0.014
2018-05-05-19:11:48 1.11  Mocks_Em/MockNFW20ellip5loga2.08PA50center0With_background20num6.dat L-BFGS-B     1.0e-04 0 0 1 0     NFW        0.0002  -0.0011     -1.925 0.000   0   4.41   28.1         -428.51       -848.4946   245   0.0002  -0.0011     -1.960 0.000   0   1.97    0.091
2018-05-05-19:11:48 1.11  Mocks_Em/MockNFW20ellip5loga2.08PA50center0With_background20num7.dat L-BFGS-B     1.0e-04 0 0 1 0     NFW        0.0012   0.0007     -1.886 0.000   0   1.91   43.1       -432.5975       -856.6696   140   0.0012   0.0007     -1.906 0.000   0   1.91    0.051
2018-05-05-19:11:48 1.11  Mocks_Em/MockNFW20ellip5loga2.08PA50center0With_background20num8.dat L-BFGS-B     1.0e-04 0 0 1 0     NFW        0.0025  -0.0013     -1.877 0.000   0   1.95   46.8       -457.1614       -905.7975    14   0.0025  -0.0013     -1.847 0.000   0   1.92    0.006
2018-05-05-19:11:48 1.11  Mocks_Em/MockNFW20ellip5loga2.08PA50center0With_background20num9.dat L-BFGS-B     1.0e-04 0 0 1 0     NFW      359.9991  -0.0005     -1.902 0.000   0   1.93   41.5       -417.3355       -826.1457   140 359.9991  -0.0005     -1.923 0.000   0   1.92    0.051
2018-05-05-19:11:48 1.11  Mocks_Em/MockNFW20ellip5loga2.08PA50center0With_background20num10.dat L-BFGS-B     1.0e-04 0 0 1 0     NFW        0.0001   0.0003     -1.949 0.000   0   1.94   36.5       -401.1893       -793.8533    21   0.0001   0.0003     -1.910 0.000   0   1.94    0.008
2018-05-05-19:11:48 1.11  Mocks_Em/MockNFW20ellip5loga2.08PA50center0With_background20num11.dat L-BFGS-B     1.0e-04 0 0 1 0     NFW        0.0004  -0.0010     -1.931 0.000   0   1.95   37.8       -385.5014       -762.4775    14   0.0004  -0.0010     -1.864 0.000   0   1.94    0.005
2018-05-05-19:11:48 1.11  Mocks_Em/MockNFW20ellip5loga2.08PA50center0With_background20num12.dat L-BFGS-B     1.0e-04 0 0 1 0     NFW        0.0013   0.0009     -1.894 0.000   0   1.92   42.3       -425.4576       -842.3898   140   0.0013   0.0009     -1.917 0.000   0   1.92    0.051
2018-05-05-19:11:48 1.11  Mocks_Em/MockNFW20ellip5loga2.08PA50center0With_background20num13.dat L-BFGS-B     1.0e-04 0 0 1 0     NFW        0.0020   0.0012     -1.888 0.000   0   1.94   45.3       -457.6759       -906.8265   140   0.0020   0.0012     -1.913 0.000   0   1.93    0.050
2018-05-05-19:11:48 1.11  Mocks_Em/MockNFW20ellip5loga2.08PA50center0With_background20num14.dat L-BFGS-B     1.0e-04 0 0 1 0     NFW      359.9978  -0.0018     -1.849 0.000   0   1.86   45.3       -443.4758       -878.4263   140 359.9978  -0.0018     -1.882 0.000   0   1.85    0.050
2018-05-05-19:11:48 1.11  Mocks_Em/MockNFW20ellip5loga2.08PA50center0With_background20num15.dat L-BFGS-B     1.0e-04 0 0 1 0     NFW      359.9999   0.0011     -1.906 0.000   0   1.91   39.3       -402.5538       -796.5822    14 359.9999   0.0011     -1.879 0.000   0   1.91    0.005
2018-05-05-19:11:48 1.11  Mocks_Em/MockNFW20ellip5loga2.08PA50center0With_background20num16.dat L-BFGS-B     1.0e-04 0 0 1 0     NFW        0.0008  -0.0008     -1.901 0.000   0   1.94   42.3       -426.8122        -845.099    14   0.0008  -0.0008     -1.901 0.000   0   1.93    0.005
2018-05-05-19:11:48 1.11  Mocks_Em/MockNFW20ellip5loga2.08PA50center0With_background20num17.dat L-BFGS-B     1.0e-04 0 0 1 0     NFW        0.0009  -0.0006     -1.913 0.000   0   1.94   39.3       -395.7456       -782.9658    14   0.0009  -0.0006     -1.864 0.000   0   1.92    0.005
2018-05-05-19:11:48 1.11  Mocks_Em/MockNFW20ellip5loga2.08PA50center0With_background20num18.dat L-BFGS-B     1.0e-04 0 0 1 0     NFW      359.9982  -0.0012     -1.862 0.000   0   1.88   43.8       -429.8343       -851.1432   140 359.9982  -0.0012     -1.870 0.000   0   1.87    0.050
2018-05-05-19:11:48 1.11  Mocks_Em/MockNFW20ellip5loga2.08PA50center0With_background20num19.dat L-BFGS-B     1.0e-04 0 0 1 0     NFW        0.0012  -0.0000     -1.908 0.000   0   1.90   38.5       -395.1887        -781.852    14   0.0012  -0.0000     -1.935 0.000   0   1.90    0.005
2018-05-05-19:11:48 1.11  Mocks_Em/MockNFW20ellip5loga2.08PA50center0With_background20num20.dat L-BFGS-B     1.0e-04 0 0 1 0     NFW      359.9993  -0.0010     -1.891 0.000   0   1.90   40.8       -410.0178       -811.5102    14 359.9993  -0.0010     -1.867 0.000   0   1.89    0.005
2018-05-05-19:11:48 1.11  Mocks_Em/MockNFW20ellip5loga2.08PA50center0With_background20num21.dat L-BFGS-B     1.0e-04 0 0 1 0     NFW      359.9995  -0.0013     -1.907 0.000   0   1.89   36.3        -363.698       -718.8706    14 359.9995  -0.0013     -1.830 0.000   0   1.87    0.005
2018-05-05-19:11:48 1.11  Mocks_Em/MockNFW20ellip5loga2.08PA50center0With_background20num22.dat L-BFGS-B     1.0e-04 0 0 1 0     NFW        0.0007   0.0001     -1.904 0.000   0   1.91   38.5       -384.7291       -760.9329    14   0.0007   0.0001     -1.867 0.000   0   1.89    0.005
2018-05-05-19:11:48 1.11  Mocks_Em/MockNFW20ellip5loga2.08PA50center0With_background20num23.dat L-BFGS-B     1.0e-04 0 0 1 0     NFW      359.9979   0.0005     -1.892 0.000   0   1.96   46.1        -463.444       -918.3627   140 359.9979   0.0005     -1.942 0.000   0   1.95    0.051
2018-05-05-19:11:48 1.11  Mocks_Em/MockNFW20ellip5loga2.08PA50center0With_background20num24.dat L-BFGS-B     1.0e-04 0 0 1 0     NFW      359.9995  -0.0010     -1.937 0.000   0   1.97   39.3       -405.7846       -803.0438   140 359.9995  -0.0010     -1.966 0.000   0   1.97    0.050
2018-05-05-19:11:48 1.11  Mocks_Em/MockNFW20ellip5loga2.08PA50center0With_background20num25.dat L-BFGS-B     1.0e-04 0 0 1 0     NFW        0.0001  -0.0013     -1.906 0.000   0   1.92   39.3       -396.3429       -784.1604    14   0.0001  -0.0013     -1.877 0.000   0   1.91    0.005
2018-05-05-19:11:48 1.11  Mocks_Em/MockNFW20ellip5loga2.08PA50center0With_background20num26.dat L-BFGS-B     1.0e-04 0 0 1 0     NFW        0.0009   0.0001     -1.917 0.000   0   1.94   40.0       -413.2068       -817.8883    14   0.0009   0.0001     -1.943 0.000   0   1.94    0.005
2018-05-05-19:11:48 1.11  Mocks_Em/MockNFW20ellip5loga2.08PA50center0With_background20num27.dat L-BFGS-B     1.0e-04 0 0 1 0     NFW      359.9987   0.0026     -1.847 0.000   0   1.87   46.8       -459.6158       -910.7063   154 359.9987   0.0026     -1.921 0.000   0   1.86    0.056
2018-05-05-19:11:48 1.11  Mocks_Em/MockNFW20ellip5loga2.08PA50center0With_background20num28.dat L-BFGS-B     1.0e-04 0 0 1 0     NFW      359.9993  -0.0015     -1.890 0.000   0   1.90   40.8       -406.1892        -803.853    14 359.9993  -0.0015     -1.856 0.000   0   1.89    0.005
2018-05-05-19:11:48 1.11  Mocks_Em/MockNFW20ellip5loga2.08PA50center0With_background20num29.dat L-BFGS-B     1.0e-04 0 0 1 0     NFW        0.0006  -0.0006     -1.903 0.000   0   1.93   40.8       -412.2023       -815.8793    14   0.0006  -0.0006     -1.886 0.000   0   1.92    0.005
2018-05-05-19:11:48 1.11  Mocks_Em/MockNFW20ellip5loga2.08PA50center0With_background20num30.dat L-BFGS-B     1.0e-04 0 0 1 0     NFW      359.9989  -0.0001     -1.899 0.000   0   1.91   40.0       -402.9788       -797.4323    14 359.9989  -0.0001     -1.879 0.000   0   1.90    0.005
2018-05-05-19:11:48 1.11  Mocks_Em/MockNFW20ellip5loga2.08PA50center0With_background20num31.dat L-BFGS-B     1.0e-04 0 0 1 0     NFW      359.9999   0.0015     -1.926 0.000   0   1.97   40.8       -416.9439       -825.3624    14 359.9999   0.0015     -1.927 0.000   0   1.96    0.005
2018-05-05-19:11:48 1.11  Mocks_Em/MockNFW20ellip5loga2.08PA50center0With_background20num32.dat L-BFGS-B     1.0e-04 0 0 1 0     NFW        0.0009   0.0003     -1.919 0.000   0   1.90   35.5        -361.947       -715.3686    14   0.0009   0.0003     -1.882 0.000   0   1.89    0.005
2018-05-05-19:11:48 1.11  Mocks_Em/MockNFW20ellip5loga2.08PA50center0With_background20num33.dat L-BFGS-B     1.0e-04 0 0 1 0     NFW      359.9992   0.0008     -1.894 0.000   0   1.94   43.8       -438.8556       -869.1859    14 359.9992   0.0008     -1.894 0.000   0   1.93    0.005
2018-05-05-19:11:48 1.11  Mocks_Em/MockNFW20ellip5loga2.08PA50center0With_background20num34.dat L-BFGS-B     1.0e-04 0 0 1 0     NFW        0.0009  -0.0014     -1.920 0.000   0   1.92   37.0       -376.9455       -745.3657    14   0.0009  -0.0014     -1.893 0.000   0   1.91    0.005
2018-05-05-19:11:48 1.11  Mocks_Em/MockNFW20ellip5loga2.08PA50center0With_background20num35.dat L-BFGS-B     1.0e-04 0 0 1 0     NFW      359.9999  -0.0016     -1.888 0.000   0   1.92   42.3       -417.5173       -826.5093    14 359.9999  -0.0016     -1.848 0.000   0   1.90    0.005
2018-05-05-19:11:48 1.11  Mocks_Em/MockNFW20ellip5loga2.08PA50center0With_background20num36.dat L-BFGS-B     1.0e-04 0 0 1 0     NFW      359.9999  -0.0007     -1.917 0.000   0   1.96   41.5       -426.6987       -844.8721    14 359.9999  -0.0007     -1.924 0.000   0   1.95    0.005
2018-05-05-19:11:48 1.11  Mocks_Em/MockNFW20ellip5loga2.08PA50center0With_background20num37.dat L-BFGS-B     1.0e-04 0 0 1 0     NFW        0.0006  -0.0010     -1.932 0.000   0   1.98   40.8       -419.6548       -830.7841   154   0.0006  -0.0010     -1.946 0.000   0   1.97    0.056
2018-05-05-19:11:48 1.11  Mocks_Em/MockNFW20ellip5loga2.08PA50center0With_background20num38.dat L-BFGS-B     1.0e-04 0 0 1 0     NFW      359.9991  -0.0017     -1.886 0.000   0   1.91   41.5       -413.1503       -817.7752    14 359.9991  -0.0017     -1.847 0.000   0   1.89    0.005
2018-05-05-19:11:48 1.11  Mocks_Em/MockNFW20ellip5loga2.08PA50center0With_background20num39.dat L-BFGS-B     1.0e-04 0 0 1 0     NFW      359.9996   0.0003     -1.913 0.000   0   1.90   36.3       -365.9771       -723.4289    14 359.9996   0.0003     -1.869 0.000   0   1.88    0.005
2018-05-05-19:11:48 1.11  Mocks_Em/MockNFW20ellip5loga2.08PA50center0With_background20num40.dat L-BFGS-B     1.0e-04 0 0 1 0     NFW      359.9984  -0.0004     -1.884 0.000   0   1.89   40.8       -406.9809       -805.4365    14 359.9984  -0.0004     -1.864 0.000   0   1.88    0.005
2018-05-05-19:11:48 1.11  Mocks_Em/MockNFW20ellip5loga2.08PA50center0With_background20num41.dat L-BFGS-B     1.0e-04 0 0 1 0     NFW        0.0003  -0.0002     -1.912 0.000   0   1.90   36.3       -365.2534       -721.9815    14   0.0003  -0.0002     -1.860 0.000   0   1.88    0.005
2018-05-05-19:11:48 1.11  Mocks_Em/MockNFW20ellip5loga2.08PA50center0With_background20num42.dat L-BFGS-B     1.0e-04 0 0 1 0     NFW      359.9985   0.0008     -1.894 0.000   0   1.86   37.0       -376.1991       -743.8728    14 359.9985   0.0008     -1.912 0.000   0   1.86    0.006
2018-05-05-19:11:48 1.11  Mocks_Em/MockNFW20ellip5loga2.08PA50center0With_background20num43.dat L-BFGS-B     1.0e-04 0 0 1 0     NFW        0.0000   0.0007     -1.904 0.000   0   1.91   39.3       -396.3928       -784.2603    14   0.0000   0.0007     -1.865 0.000   0   1.90    0.005
2018-05-05-19:11:48 1.11  Mocks_Em/MockNFW20ellip5loga2.08PA50center0With_background20num44.dat L-BFGS-B     1.0e-04 0 0 1 0     NFW        0.0026  -0.0006     -1.869 0.000   0   1.90   45.3       -451.4347       -894.3441   147   0.0026  -0.0006     -1.956 0.000   0   1.89    0.055
2018-05-05-19:11:48 1.11  Mocks_Em/MockNFW20ellip5loga2.08PA50center0With_background20num45.dat L-BFGS-B     1.0e-04 0 0 1 0     NFW        0.0006   0.0007     -1.926 0.000   0   1.93   37.8       -390.7881       -773.0508    14   0.0006   0.0007     -1.934 0.000   0   1.93    0.005
2018-05-05-19:11:48 1.11  Mocks_Em/MockNFW20ellip5loga2.08PA50center0With_background20num46.dat L-BFGS-B     1.0e-04 0 0 1 0     NFW        0.0001  -0.0004     -1.912 0.000   0   1.89   36.3       -370.7896       -733.0538    14   0.0001  -0.0004     -1.875 0.000   0   1.88    0.005
2018-05-05-19:11:48 1.11  Mocks_Em/MockNFW20ellip5loga2.08PA50center0With_background20num47.dat L-BFGS-B     1.0e-04 0 0 1 0     NFW        0.0001   0.0012     -1.914 0.000   0   1.96   42.3       -435.7231       -862.9208    14   0.0001   0.0012     -1.920 0.000   0   1.95    0.005
2018-05-05-19:11:48 1.11  Mocks_Em/MockNFW20ellip5loga2.08PA50center0With_background20num48.dat L-BFGS-B     1.0e-04 0 0 1 0     NFW      359.9996   0.0007     -1.903 0.000   0   1.91   39.3       -394.4762       -780.4271    14 359.9996   0.0007     -1.865 0.000   0   1.90    0.005
2018-05-05-19:11:48 1.11  Mocks_Em/MockNFW20ellip5loga2.08PA50center0With_background20num49.dat L-BFGS-B     1.0e-04 0 0 1 0     NFW      360.0000  -0.0011     -1.900 0.000   0   1.94   41.5       -411.8103       -815.0951    14 360.0000  -0.0011     -1.844 0.000   0   1.92    0.005
2018-05-05-19:11:48 1.11  Mocks_Em/MockNFW20ellip5loga2.08PA50center0With_background20num50.dat L-BFGS-B     1.0e-04 0 0 1 0     NFW        0.0021  -0.0011     -1.890 0.000   0   1.91   41.5       -414.0308       -819.5362    14   0.0021  -0.0011     -1.857 0.000   0   1.90    0.005
2018-05-05-19:11:48 1.11  Mocks_Em/MockNFW20ellip5loga2.08PA50center0With_background20num51.dat L-BFGS-B     1.0e-04 0 0 1 0     NFW        0.0005   0.0004     -1.920 0.000   0   1.92   37.0       -374.6158       -740.7062    14   0.0005   0.0004     -1.860 0.000   0   1.91    0.005
2018-05-05-19:11:48 1.11  Mocks_Em/MockNFW20ellip5loga2.08PA50center0With_background20num52.dat L-BFGS-B     1.0e-04 0 0 1 0     NFW      359.9997   0.0003     -1.915 0.000   0   1.91   37.0       -376.7336       -744.9418    14 359.9997   0.0003     -1.889 0.000   0   1.90    0.005
2018-05-05-19:11:48 1.11  Mocks_Em/MockNFW20ellip5loga2.08PA50center0With_background20num53.dat L-BFGS-B     1.0e-04 0 0 1 0     NFW      359.9999   0.0006     -1.921 0.000   0   1.88   34.0       -344.8697       -681.2141    14 359.9999   0.0006     -1.864 0.000   0   1.87    0.006
2018-05-05-19:11:48 1.11  Mocks_Em/MockNFW20ellip5loga2.08PA50center0With_background20num54.dat L-BFGS-B     1.0e-04 0 0 1 0     NFW      359.9996   0.0004     -1.919 0.000   0   1.95   40.0       -411.2467        -813.968    14 359.9996   0.0004     -1.904 0.000   0   1.94    0.005
2018-05-05-19:11:48 1.11  Mocks_Em/MockNFW20ellip5loga2.08PA50center0With_background20num55.dat L-BFGS-B     1.0e-04 0 0 1 0     NFW      359.9986  -0.0004     -1.899 0.000   0   1.96   43.8       -436.6628       -864.8002    14 359.9986  -0.0004     -1.881 0.000   0   1.94    0.005
2018-05-05-19:11:48 1.11  Mocks_Em/MockNFW20ellip5loga2.08PA50center0With_background20num56.dat L-BFGS-B     1.0e-04 0 0 1 0     NFW        0.0001   0.0010     -1.894 0.000   0   1.91   40.8       -409.4675       -810.4097   140   0.0001   0.0010     -1.908 0.000   0   1.90    0.052
2018-05-05-19:11:48 1.11  Mocks_Em/MockNFW20ellip5loga2.08PA50center0With_background20num57.dat L-BFGS-B     1.0e-04 0 0 1 0     NFW        0.0008  -0.0010     -1.909 0.000   0   1.96   43.8       -451.1281       -893.7309    14   0.0008  -0.0010     -2.007 0.000   0   1.96    0.005
2018-05-05-19:11:48 1.11  Mocks_Em/MockNFW20ellip5loga2.08PA50center0With_background20num58.dat L-BFGS-B     1.0e-04 0 0 1 0     NFW      359.9988  -0.0001     -1.892 0.000   0   1.92   42.3       -422.3583       -836.1912   140 359.9988  -0.0001     -1.910 0.000   0   1.91    0.052
2018-05-05-19:11:48 1.11  Mocks_Em/MockNFW20ellip5loga2.08PA50center0With_background20num59.dat L-BFGS-B     1.0e-04 0 0 1 0     NFW      359.9993  -0.0006     -1.914 0.000   0   1.95   41.5       -424.0718       -839.6182   147 359.9993  -0.0006     -1.960 0.000   0   1.95    0.055
2018-05-05-19:11:48 1.11  Mocks_Em/MockNFW20ellip5loga2.08PA50center0With_background20num60.dat L-BFGS-B     1.0e-04 0 0 1 0     NFW        0.0023  -0.0018     -1.867 0.000   0   1.91   45.3       -444.1172       -879.7091   140   0.0023  -0.0018     -1.898 0.000   0   1.89    0.053
2018-05-05-19:11:48 1.11  Mocks_Em/MockNFW20ellip5loga2.08PA50center0With_background20num61.dat L-BFGS-B     1.0e-04 0 0 1 0     NFW        0.0010   0.0003     -1.997 0.000   0   1.83   25.8       -335.3552       -662.1851    28   0.0010   0.0003     -1.849 0.000   0   1.83    0.011
2018-05-05-19:11:48 1.11  Mocks_Em/MockNFW20ellip5loga2.08PA50center0With_background20num62.dat L-BFGS-B     1.0e-04 0 0 1 0     NFW        0.0011   0.0011     -1.907 0.000   0   1.90   37.0       -372.6773       -736.8293    14   0.0011   0.0011     -1.861 0.000   0   1.88    0.005
2018-05-05-19:11:48 1.11  Mocks_Em/MockNFW20ellip5loga2.08PA50center0With_background20num63.dat L-BFGS-B     1.0e-04 0 0 1 0     NFW      359.9992  -0.0002     -1.919 0.000   0   1.98   43.1       -440.1742       -871.8231   140 359.9992  -0.0002     -1.952 0.000   0   1.97    0.055
2018-05-05-19:11:48 1.11  Mocks_Em/MockNFW20ellip5loga2.08PA50center0With_background20num64.dat L-BFGS-B     1.0e-04 0 0 1 0     NFW        0.0011   0.0009     -1.900 0.000   0   1.95   43.1       -432.6828       -856.8401   140   0.0011   0.0009     -1.908 0.000   0   1.93    0.052
2018-05-05-19:11:48 1.11  Mocks_Em/MockNFW20ellip5loga2.08PA50center0With_background20num65.dat L-BFGS-B     1.0e-04 0 0 1 0     NFW      359.9984  -0.0004     -1.892 0.000   0   1.95   45.3       -456.3209       -904.1164   140 359.9984  -0.0004     -1.947 0.000   0   1.94    0.052
2018-05-05-19:11:48 1.11  Mocks_Em/MockNFW20ellip5loga2.08PA50center0With_background20num66.dat L-BFGS-B     1.0e-04 0 0 1 0     NFW        0.0009   0.0011     -1.944 0.000   0   1.89   31.7       -332.1228       -655.7202    14   0.0009   0.0011     -1.856 0.000   0   1.89    0.005
2018-05-05-19:11:48 1.11  Mocks_Em/MockNFW20ellip5loga2.08PA50center0With_background20num67.dat L-BFGS-B     1.0e-04 0 0 1 0     NFW      359.9999   0.0001     -1.921 0.000   0   1.85   31.0       -312.8035       -617.0816    14 359.9999   0.0001     -1.829 0.000   0   1.83    0.005
2018-05-05-19:11:48 1.11  Mocks_Em/MockNFW20ellip5loga2.08PA50center0With_background20num68.dat L-BFGS-B     1.0e-04 0 0 1 0     NFW      359.9997  -0.0006     -1.919 0.000   0   1.90   36.3       -370.9216       -733.3179    14 359.9997  -0.0006     -1.857 0.000   0   1.90    0.005
2018-05-05-19:11:48 1.11  Mocks_Em/MockNFW20ellip5loga2.08PA50center0With_background20num69.dat L-BFGS-B     1.0e-04 0 0 1 0     NFW        0.0011   0.0013     -1.894 0.000   0   1.91   40.8       -413.4269       -818.3284   140   0.0011   0.0013     -1.931 0.000   0   1.90    0.050
2018-05-05-19:11:48 1.11  Mocks_Em/MockNFW20ellip5loga2.08PA50center0With_background20num70.dat L-BFGS-B     1.0e-04 0 0 1 0     NFW      359.9989   0.0015     -1.872 0.000   0   1.93   47.6       -470.5905       -932.6557   140 359.9989   0.0015     -1.900 0.000   0   1.92    0.052
2018-05-05-19:11:48 1.11  Mocks_Em/MockNFW20ellip5loga2.08PA50center0With_background20num71.dat L-BFGS-B     1.0e-04 0 0 1 0     NFW      359.9996  -0.0009     -1.905 0.000   0   1.86   34.7       -347.3601       -686.1948    14 359.9996  -0.0009     -1.817 0.000   0   1.85    0.005
2018-05-05-19:11:48 1.11  Mocks_Em/MockNFW20ellip5loga2.08PA50center0With_background20num72.dat L-BFGS-B     1.0e-04 0 0 1 0     NFW      359.9996   0.0008     -1.908 0.000   0   1.91   38.5         -393.92       -779.3146    14 359.9996   0.0008     -1.871 0.000   0   1.90    0.005
2018-05-05-19:11:48 1.11  Mocks_Em/MockNFW20ellip5loga2.08PA50center0With_background20num73.dat L-BFGS-B     1.0e-04 0 0 1 0     NFW      359.9996  -0.0015     -1.897 0.000   0   1.92   41.5       -418.4119       -828.2984    14 359.9996  -0.0015     -1.859 0.000   0   1.91    0.005
2018-05-05-19:11:48 1.11  Mocks_Em/MockNFW20ellip5loga2.08PA50center0With_background20num74.dat L-BFGS-B     1.0e-04 0 0 1 0     NFW        0.0005  -0.0001     -1.913 0.000   0   1.90   36.3       -367.3914       -726.2575    14   0.0005  -0.0001     -1.847 0.000   0   1.88    0.005
2018-05-05-19:11:48 1.11  Mocks_Em/MockNFW20ellip5loga2.08PA50center0With_background20num75.dat L-BFGS-B     1.0e-04 0 0 1 0     NFW        0.0012  -0.0002     -1.909 0.000   0   1.94   40.8       -413.1557       -817.7861    14   0.0012  -0.0002     -1.902 0.000   0   1.93    0.005
2018-05-05-19:11:48 1.11  Mocks_Em/MockNFW20ellip5loga2.08PA50center0With_background20num76.dat L-BFGS-B     1.0e-04 0 0 1 0     NFW        0.0024  -0.0001     -1.873 0.000   0   1.92   45.3       -443.5562        -878.587    14   0.0024  -0.0001     -1.874 0.000   0   1.90    0.005
2018-05-05-19:11:48 1.11  Mocks_Em/MockNFW20ellip5loga2.08PA50center0With_background20num77.dat L-BFGS-B     1.0e-04 0 0 1 0     NFW      359.9994   0.0007     -1.899 0.000   0   1.88   37.8        -382.787       -757.0486    14 359.9994   0.0007     -1.903 0.000   0   1.87    0.005
2018-05-05-19:11:48 1.11  Mocks_Em/MockNFW20ellip5loga2.08PA50center0With_background20num78.dat L-BFGS-B     1.0e-04 0 0 1 0     NFW      359.9989   0.0016     -1.873 0.000   0   1.91   44.6       -440.6181       -872.7108    14 359.9989   0.0016     -1.868 0.000   0   1.89    0.005
2018-05-05-19:11:48 1.11  Mocks_Em/MockNFW20ellip5loga2.08PA50center0With_background20num79.dat L-BFGS-B     1.0e-04 0 0 1 0     NFW        0.0023   0.0006     -1.928 0.000   0   1.90   39.2       -463.6269       -918.7284    21   0.0023   0.0006     -1.949 0.000   0   1.90    0.008
2018-05-05-19:11:48 1.11  Mocks_Em/MockNFW20ellip5loga2.08PA50center0With_background20num80.dat L-BFGS-B     1.0e-04 0 0 1 0     NFW        0.0021  -0.0021     -1.854 0.000   0   1.90   47.6       -464.2592        -919.993    14   0.0021  -0.0021     -1.852 0.000   0   1.89    0.005
2018-05-05-19:11:48 1.11  Mocks_Em/MockNFW20ellip5loga2.08PA50center0With_background20num81.dat L-BFGS-B     1.0e-04 0 0 1 0     NFW      359.9986   0.0019     -1.864 0.000   0   1.90   46.1       -454.4981       -900.4709   140 359.9986   0.0019     -1.896 0.000   0   1.89    0.053
2018-05-05-19:11:48 1.11  Mocks_Em/MockNFW20ellip5loga2.08PA50center0With_background20num82.dat L-BFGS-B     1.0e-04 0 0 1 0     NFW        0.0004  -0.0004     -1.918 0.000   0   1.96   40.8        -411.114       -813.7027    14   0.0004  -0.0004     -1.900 0.000   0   1.95    0.006
2018-05-05-19:11:48 1.11  Mocks_Em/MockNFW20ellip5loga2.08PA50center0With_background20num83.dat L-BFGS-B     1.0e-04 0 0 1 0     NFW        0.0007  -0.0002     -1.910 0.000   0   1.89   37.0       -379.7075       -750.8896    14   0.0007  -0.0002     -1.905 0.000   0   1.89    0.006
2018-05-05-19:11:48 1.11  Mocks_Em/MockNFW20ellip5loga2.08PA50center0With_background20num84.dat L-BFGS-B     1.0e-04 0 0 1 0     NFW      359.9999  -0.0002     -1.918 0.000   0   1.93   38.5       -390.9539       -773.3824    14 359.9999  -0.0002     -1.897 0.000   0   1.92    0.006
2018-05-05-19:11:48 1.11  Mocks_Em/MockNFW20ellip5loga2.08PA50center0With_background20num85.dat L-BFGS-B     1.0e-04 0 0 1 0     NFW      359.9982  -0.0001     -1.912 0.000   0   1.95   40.8       -409.1799       -809.8345    14 359.9982  -0.0001     -1.842 0.000   0   1.93    0.006
2018-05-05-19:11:48 1.11  Mocks_Em/MockNFW20ellip5loga2.08PA50center0With_background20num86.dat L-BFGS-B     1.0e-04 0 0 1 0     NFW        0.0018  -0.0019     -1.862 0.000   0   1.90   46.1       -450.8003       -893.0752   112   0.0018  -0.0019     -1.870 0.000   0   1.89    0.043
2018-05-05-19:11:48 1.11  Mocks_Em/MockNFW20ellip5loga2.08PA50center0With_background20num87.dat L-BFGS-B     1.0e-04 0 0 1 0     NFW      359.9995  -0.0005     -1.903 0.000   0   1.92   40.8       -414.1213       -819.7173   140 359.9995  -0.0005     -1.930 0.000   0   1.92    0.055
2018-05-05-19:11:48 1.11  Mocks_Em/MockNFW20ellip5loga2.08PA50center0With_background20num88.dat L-BFGS-B     1.0e-04 0 0 1 0     NFW        0.0016   0.0017     -1.865 0.000   0   1.89   45.3       -449.1431       -889.7608   140   0.0016   0.0017     -1.883 0.000   0   1.89    0.053
2018-05-05-19:11:48 1.11  Mocks_Em/MockNFW20ellip5loga2.08PA50center0With_background20num89.dat L-BFGS-B     1.0e-04 0 0 1 0     NFW      359.9994  -0.0007     -1.905 0.000   0   1.96   43.8       -443.1851       -877.8449    14 359.9994  -0.0007     -1.906 0.000   0   1.95    0.005
2018-05-05-19:11:48 1.11  Mocks_Em/MockNFW20ellip5loga2.08PA50center0With_background20num90.dat L-BFGS-B     1.0e-04 0 0 1 0     NFW      359.9999   0.0011     -1.898 0.000   0   1.91   40.8        -411.569       -814.6127    14 359.9999   0.0011     -1.895 0.000   0   1.91    0.005
2018-05-05-19:11:48 1.11  Mocks_Em/MockNFW20ellip5loga2.08PA50center0With_background20num91.dat L-BFGS-B     1.0e-04 0 0 1 0     NFW        0.0002   0.0017     -1.889 0.000   0   1.88   40.0       -402.7926       -797.0599    14   0.0002   0.0017     -1.890 0.000   0   1.88    0.005
2018-05-05-19:11:48 1.11  Mocks_Em/MockNFW20ellip5loga2.08PA50center0With_background20num92.dat L-BFGS-B     1.0e-04 0 0 1 0     NFW        0.0004  -0.0012     -1.897 0.000   0   1.94   43.1       -431.1784       -853.8314   140   0.0004  -0.0012     -1.920 0.000   0   1.93    0.050
2018-05-05-19:11:48 1.11  Mocks_Em/MockNFW20ellip5loga2.08PA50center0With_background20num93.dat L-BFGS-B     1.0e-04 0 0 1 0     NFW      359.9982   0.0020     -1.878 0.000   0   1.90   43.1       -429.0599       -849.5945   140 359.9982   0.0020     -1.894 0.000   0   1.89    0.071
2018-05-05-19:11:48 1.11  Mocks_Em/MockNFW20ellip5loga2.08PA50center0With_background20num94.dat L-BFGS-B     1.0e-04 0 0 1 0     NFW      359.9996  -0.0001     -1.933 0.000   0   1.99   40.8       -416.0387        -823.552    14 359.9996  -0.0001     -1.906 0.000   0   1.98    0.007
2018-05-05-19:11:48 1.11  Mocks_Em/MockNFW20ellip5loga2.08PA50center0With_background20num95.dat L-BFGS-B     1.0e-04 0 0 1 0     NFW      359.9984  -0.0010     -1.891 0.000   0   4.55   23.5       -457.0601       -905.5948   238 359.9984  -0.0010     -1.929 0.000   0   1.94    0.093
2018-05-05-19:11:48 1.11  Mocks_Em/MockNFW20ellip5loga2.08PA50center0With_background20num96.dat L-BFGS-B     1.0e-04 0 0 1 0     NFW        0.0020   0.0014     -1.888 0.000   0   1.92   43.1       -431.3104       -854.0954    14   0.0020   0.0014     -1.884 0.000   0   1.91    0.005
2018-05-05-19:11:48 1.11  Mocks_Em/MockNFW20ellip5loga2.08PA50center0With_background20num97.dat L-BFGS-B     1.0e-04 0 0 1 0     NFW        0.0001  -0.0007     -1.910 0.000   0   1.99   46.1       -470.4655       -932.4057   147   0.0001  -0.0007     -1.934 0.000   0   1.98    0.054
2018-05-05-19:11:48 1.11  Mocks_Em/MockNFW20ellip5loga2.08PA50center0With_background20num98.dat L-BFGS-B     1.0e-04 0 0 1 0     NFW        0.0007  -0.0003     -1.912 0.000   0   1.91   37.8       -384.5199       -760.5145    14   0.0007  -0.0003     -1.860 0.000   0   1.90    0.005
2018-05-05-19:11:48 1.11  Mocks_Em/MockNFW20ellip5loga2.08PA50center0With_background20num99.dat L-BFGS-B     1.0e-04 0 0 1 0     NFW        0.0026  -0.0006     -1.863 0.000   0   1.91   46.8       -461.0189       -913.5125   154   0.0026  -0.0006     -1.894 0.000   0   1.90    0.057
