2018-05-05-19:12:16 1.11  Mocks_Em/MockNFW20ellip5loga2.08PA50center0With_background20num0.dat Nelder-Mead  1.0e-04 0 0 1 0     NFW        0.0023  -0.0013     -1.923 0.000   0   2.01   39.7       -446.3972       -884.2691   241   0.0023  -0.0013     -1.923 0.000   0   1.91    0.074
2018-05-05-19:12:16 1.11  Mocks_Em/MockNFW20ellip5loga2.08PA50center0With_background20num1.dat Nelder-Mead  1.0e-04 0 0 1 0     NFW      359.9984  -0.0019     -1.907 0.000   0   1.94   40.9        -440.787       -873.0487   241 359.9984  -0.0019     -1.861 0.000   0   1.90    0.057
2018-05-05-19:12:16 1.11  Mocks_Em/MockNFW20ellip5loga2.08PA50center0With_background20num2.dat Nelder-Mead  1.0e-04 0 0 1 0     NFW      359.9994  -0.0010     -1.912 0.000   0   1.94   39.9       -410.5813       -812.6372   241 359.9994  -0.0010     -1.843 0.000   0   1.91    0.048
2018-05-05-19:12:16 1.11  Mocks_Em/MockNFW20ellip5loga2.08PA50center0With_background20num3.dat Nelder-Mead  1.0e-04 0 0 1 0     NFW      359.9976   0.0007     -1.903 0.000   0   1.94   41.1       -436.1383       -863.7512   241 359.9976   0.0007     -1.857 0.000   0   1.90    0.044
2018-05-05-19:12:16 1.11  Mocks_Em/MockNFW20ellip5loga2.08PA50center0With_background20num4.dat Nelder-Mead  1.0e-04 0 0 1 0     NFW      359.9996  -0.0027     -1.885 0.000   0   2.04   47.6       -485.0762        -961.627   241 359.9996  -0.0027     -1.885 0.000   0   1.94    0.040
2018-05-05-19:12:16 1.11  Mocks_Em/MockNFW20ellip5loga2.08PA50center0With_background20num5.dat Nelder-Mead  1.0e-04 0 0 1 0     NFW        0.0001  -0.0009     -2.085 0.000   0   1.92   25.2       -417.0144       -825.5035   241   0.0001  -0.0009     -1.986 0.000   0   1.92    0.041
2018-05-05-19:12:16 1.11  Mocks_Em/MockNFW20ellip5loga2.08PA50center0With_background20num6.dat Nelder-Mead  1.0e-04 0 0 1 0     NFW        0.0002  -0.0011     -1.960 0.000   0   2.07   37.8       -428.3071       -848.0889   241   0.0002  -0.0011     -1.960 0.000   0   1.97    0.041
2018-05-05-19:12:16 1.11  Mocks_Em/MockNFW20ellip5loga2.08PA50center0With_background20num7.dat Nelder-Mead  1.0e-04 0 0 1 0     NFW        0.0012   0.0007     -1.906 0.000   0   2.00   40.7       -432.6316       -856.7379   241   0.0012   0.0007     -1.906 0.000   0   1.91    0.043
2018-05-05-19:12:16 1.11  Mocks_Em/MockNFW20ellip5loga2.08PA50center0With_background20num8.dat Nelder-Mead  1.0e-04 0 0 1 0     NFW        0.0025  -0.0013     -1.893 0.000   0   1.97   44.8       -457.0546       -905.5838   241   0.0025  -0.0013     -1.847 0.000   0   1.92    0.043
2018-05-05-19:12:16 1.11  Mocks_Em/MockNFW20ellip5loga2.08PA50center0With_background20num9.dat Nelder-Mead  1.0e-04 0 0 1 0     NFW      359.9991  -0.0005     -1.923 0.000   0   2.02   39.2       -417.2806       -826.0358   241 359.9991  -0.0005     -1.923 0.000   0   1.92    0.044
2018-05-05-19:12:16 1.11  Mocks_Em/MockNFW20ellip5loga2.08PA50center0With_background20num10.dat Nelder-Mead  1.0e-04 0 0 1 0     NFW        0.0001   0.0003     -1.958 0.000   0   1.99   35.6       -401.2904       -794.0554   241   0.0001   0.0003     -1.910 0.000   0   1.94    0.044
2018-05-05-19:12:16 1.11  Mocks_Em/MockNFW20ellip5loga2.08PA50center0With_background20num11.dat Nelder-Mead  1.0e-04 0 0 1 0     NFW        0.0004  -0.0010     -1.934 0.000   0   1.96   37.4       -385.5711       -762.6167   241   0.0004  -0.0010     -1.864 0.000   0   1.94    0.041
2018-05-05-19:12:16 1.11  Mocks_Em/MockNFW20ellip5loga2.08PA50center0With_background20num12.dat Nelder-Mead  1.0e-04 0 0 1 0     NFW        0.0013   0.0009     -1.917 0.000   0   2.01   39.7       -425.4414       -842.3574   241   0.0013   0.0009     -1.917 0.000   0   1.92    0.042
2018-05-05-19:12:16 1.11  Mocks_Em/MockNFW20ellip5loga2.08PA50center0With_background20num13.dat Nelder-Mead  1.0e-04 0 0 1 0     NFW        0.0020   0.0012     -1.913 0.000   0   2.03   42.2       -457.7275       -906.9297   241   0.0020   0.0012     -1.913 0.000   0   1.93    0.041
2018-05-05-19:12:16 1.11  Mocks_Em/MockNFW20ellip5loga2.08PA50center0With_background20num14.dat Nelder-Mead  1.0e-04 0 0 1 0     NFW      359.9978  -0.0018     -1.882 0.000   0   1.95   41.4          -443.4       -878.2746   241 359.9978  -0.0018     -1.882 0.000   0   1.85    0.040
2018-05-05-19:12:16 1.11  Mocks_Em/MockNFW20ellip5loga2.08PA50center0With_background20num15.dat Nelder-Mead  1.0e-04 0 0 1 0     NFW      359.9999   0.0011     -1.926 0.000   0   1.95   37.1       -402.6463       -796.7673   241 359.9999   0.0011     -1.879 0.000   0   1.91    0.040
2018-05-05-19:12:16 1.11  Mocks_Em/MockNFW20ellip5loga2.08PA50center0With_background20num16.dat Nelder-Mead  1.0e-04 0 0 1 0     NFW        0.0008  -0.0008     -1.948 0.000   0   1.98   37.2       -426.6368       -844.7483   241   0.0008  -0.0008     -1.901 0.000   0   1.93    0.040
2018-05-05-19:12:16 1.11  Mocks_Em/MockNFW20ellip5loga2.08PA50center0With_background20num17.dat Nelder-Mead  1.0e-04 0 0 1 0     NFW        0.0009  -0.0006     -1.934 0.000   0   1.94   37.1       -395.6694       -782.8134   241   0.0009  -0.0006     -1.864 0.000   0   1.92    0.039
2018-05-05-19:12:16 1.11  Mocks_Em/MockNFW20ellip5loga2.08PA50center0With_background20num18.dat Nelder-Mead  1.0e-04 0 0 1 0     NFW      359.9982  -0.0012     -1.870 0.000   0   1.96   42.9       -429.8879       -851.2505   241 359.9982  -0.0012     -1.870 0.000   0   1.87    0.041
2018-05-05-19:12:16 1.11  Mocks_Em/MockNFW20ellip5loga2.08PA50center0With_background20num19.dat Nelder-Mead  1.0e-04 0 0 1 0     NFW        0.0012  -0.0000     -1.935 0.000   0   1.90   35.7       -395.2621       -781.9989   241   0.0012  -0.0000     -1.935 0.000   0   1.90    0.043
2018-05-05-19:12:16 1.11  Mocks_Em/MockNFW20ellip5loga2.08PA50center0With_background20num20.dat Nelder-Mead  1.0e-04 0 0 1 0     NFW      359.9993  -0.0010     -1.914 0.000   0   1.94   38.3       -410.0172       -811.5091   241 359.9993  -0.0010     -1.867 0.000   0   1.89    0.040
2018-05-05-19:12:16 1.11  Mocks_Em/MockNFW20ellip5loga2.08PA50center0With_background20num21.dat Nelder-Mead  1.0e-04 0 0 1 0     NFW      359.9995  -0.0013     -1.910 0.000   0   1.88   36.0       -363.7658       -719.0062   241 359.9995  -0.0013     -1.830 0.000   0   1.87    0.038
2018-05-05-19:12:16 1.11  Mocks_Em/MockNFW20ellip5loga2.08PA50center0With_background20num22.dat Nelder-Mead  1.0e-04 0 0 1 0     NFW        0.0007   0.0001     -1.914 0.000   0   1.94   37.4       -384.7287       -760.9321   241   0.0007   0.0001     -1.867 0.000   0   1.89    0.041
2018-05-05-19:12:16 1.11  Mocks_Em/MockNFW20ellip5loga2.08PA50center0With_background20num23.dat Nelder-Mead  1.0e-04 0 0 1 0     NFW      359.9979   0.0005     -1.942 0.000   0   2.05   40.2       -463.2741       -918.0228   241 359.9979   0.0005     -1.942 0.000   0   1.95    0.041
2018-05-05-19:12:16 1.11  Mocks_Em/MockNFW20ellip5loga2.08PA50center0With_background20num24.dat Nelder-Mead  1.0e-04 0 0 1 0     NFW      359.9995  -0.0010     -1.966 0.000   0   2.07   36.3       -405.7482        -802.971   241 359.9995  -0.0010     -1.966 0.000   0   1.97    0.040
2018-05-05-19:12:16 1.11  Mocks_Em/MockNFW20ellip5loga2.08PA50center0With_background20num25.dat Nelder-Mead  1.0e-04 0 0 1 0     NFW        0.0001  -0.0013     -1.924 0.000   0   1.95   37.4       -396.3232        -784.121   241   0.0001  -0.0013     -1.877 0.000   0   1.91    0.040
2018-05-05-19:12:16 1.11  Mocks_Em/MockNFW20ellip5loga2.08PA50center0With_background20num26.dat Nelder-Mead  1.0e-04 0 0 1 0     NFW        0.0009   0.0001     -1.943 0.000   0   2.03   37.2       -413.3016       -818.0778   241   0.0009   0.0001     -1.943 0.000   0   1.94    0.042
2018-05-05-19:12:16 1.11  Mocks_Em/MockNFW20ellip5loga2.08PA50center0With_background20num27.dat Nelder-Mead  1.0e-04 0 0 1 0     NFW      359.9987   0.0026     -1.921 0.000   0   1.96   38.3        -459.378       -910.2306   241 359.9987   0.0026     -1.921 0.000   0   1.86    0.040
2018-05-05-19:12:16 1.11  Mocks_Em/MockNFW20ellip5loga2.08PA50center0With_background20num28.dat Nelder-Mead  1.0e-04 0 0 1 0     NFW      359.9993  -0.0015     -1.903 0.000   0   1.94   39.4       -406.1921       -803.8589   241 359.9993  -0.0015     -1.856 0.000   0   1.89    0.040
2018-05-05-19:12:16 1.11  Mocks_Em/MockNFW20ellip5loga2.08PA50center0With_background20num29.dat Nelder-Mead  1.0e-04 0 0 1 0     NFW        0.0006  -0.0006     -1.934 0.000   0   1.97   37.5       -412.1394       -815.7535   241   0.0006  -0.0006     -1.886 0.000   0   1.92    0.040
2018-05-05-19:12:16 1.11  Mocks_Em/MockNFW20ellip5loga2.08PA50center0With_background20num30.dat Nelder-Mead  1.0e-04 0 0 1 0     NFW      359.9989  -0.0001     -1.926 0.000   0   1.95   37.1         -402.92       -797.3145   241 359.9989  -0.0001     -1.879 0.000   0   1.90    0.041
2018-05-05-19:12:16 1.11  Mocks_Em/MockNFW20ellip5loga2.08PA50center0With_background20num31.dat Nelder-Mead  1.0e-04 0 0 1 0     NFW      359.9999   0.0015     -1.927 0.000   0   2.06   40.6       -417.0398       -825.5543   241 359.9999   0.0015     -1.927 0.000   0   1.96    0.041
2018-05-05-19:12:16 1.11  Mocks_Em/MockNFW20ellip5loga2.08PA50center0With_background20num32.dat Nelder-Mead  1.0e-04 0 0 1 0     NFW        0.0009   0.0003     -1.929 0.000   0   1.94   34.5        -361.988       -715.4506   241   0.0009   0.0003     -1.882 0.000   0   1.89    0.041
2018-05-05-19:12:16 1.11  Mocks_Em/MockNFW20ellip5loga2.08PA50center0With_background20num33.dat Nelder-Mead  1.0e-04 0 0 1 0     NFW      359.9992   0.0008     -1.894 0.000   0   2.03   43.8       -438.9653       -869.4053   241 359.9992   0.0008     -1.894 0.000   0   1.93    0.041
2018-05-05-19:12:16 1.11  Mocks_Em/MockNFW20ellip5loga2.08PA50center0With_background20num34.dat Nelder-Mead  1.0e-04 0 0 1 0     NFW        0.0009  -0.0014     -1.940 0.000   0   1.96   35.0       -376.9242        -745.323   241   0.0009  -0.0014     -1.893 0.000   0   1.91    0.040
2018-05-05-19:12:16 1.11  Mocks_Em/MockNFW20ellip5loga2.08PA50center0With_background20num35.dat Nelder-Mead  1.0e-04 0 0 1 0     NFW      359.9999  -0.0016     -1.895 0.000   0   1.95   41.6       -417.5548       -826.5843   241 359.9999  -0.0016     -1.848 0.000   0   1.90    0.040
2018-05-05-19:12:16 1.11  Mocks_Em/MockNFW20ellip5loga2.08PA50center0With_background20num36.dat Nelder-Mead  1.0e-04 0 0 1 0     NFW      359.9999  -0.0007     -1.924 0.000   0   2.05   40.7       -426.7877       -845.0501   241 359.9999  -0.0007     -1.924 0.000   0   1.95    0.041
2018-05-05-19:12:16 1.11  Mocks_Em/MockNFW20ellip5loga2.08PA50center0With_background20num37.dat Nelder-Mead  1.0e-04 0 0 1 0     NFW        0.0006  -0.0010     -1.946 0.000   0   2.07   39.2       -419.6813       -830.8372   241   0.0006  -0.0010     -1.946 0.000   0   1.97    0.040
2018-05-05-19:12:16 1.11  Mocks_Em/MockNFW20ellip5loga2.08PA50center0With_background20num38.dat Nelder-Mead  1.0e-04 0 0 1 0     NFW      359.9991  -0.0017     -1.893 0.000   0   1.94   40.7       -413.2024       -817.8795   241 359.9991  -0.0017     -1.847 0.000   0   1.89    0.039
2018-05-05-19:12:16 1.11  Mocks_Em/MockNFW20ellip5loga2.08PA50center0With_background20num39.dat Nelder-Mead  1.0e-04 0 0 1 0     NFW      359.9996   0.0003     -1.915 0.000   0   1.93   36.0       -366.0511       -723.5768   241 359.9996   0.0003     -1.869 0.000   0   1.88    0.040
2018-05-05-19:12:16 1.11  Mocks_Em/MockNFW20ellip5loga2.08PA50center0With_background20num40.dat Nelder-Mead  1.0e-04 0 0 1 0     NFW      359.9984  -0.0004     -1.910 0.000   0   1.93   38.0       -406.9329       -805.3404   241 359.9984  -0.0004     -1.864 0.000   0   1.88    0.041
2018-05-05-19:12:16 1.11  Mocks_Em/MockNFW20ellip5loga2.08PA50center0With_background20num41.dat Nelder-Mead  1.0e-04 0 0 1 0     NFW        0.0003  -0.0002     -1.930 0.000   0   1.91   34.5        -365.206       -721.8866   241   0.0003  -0.0002     -1.860 0.000   0   1.88    0.039
2018-05-05-19:12:16 1.11  Mocks_Em/MockNFW20ellip5loga2.08PA50center0With_background20num42.dat Nelder-Mead  1.0e-04 0 0 1 0     NFW      359.9985   0.0008     -1.912 0.000   0   1.95   35.3       -376.2741       -744.0229   241 359.9985   0.0008     -1.912 0.000   0   1.86    0.041
2018-05-05-19:12:16 1.11  Mocks_Em/MockNFW20ellip5loga2.08PA50center0With_background20num43.dat Nelder-Mead  1.0e-04 0 0 1 0     NFW        0.0000   0.0007     -1.912 0.000   0   1.95   38.4       -396.4458       -784.3663   241   0.0000   0.0007     -1.865 0.000   0   1.90    0.040
2018-05-05-19:12:16 1.11  Mocks_Em/MockNFW20ellip5loga2.08PA50center0With_background20num44.dat Nelder-Mead  1.0e-04 0 0 1 0     NFW        0.0026  -0.0006     -1.956 0.000   0   1.99   35.9       -451.1904       -893.8554   241   0.0026  -0.0006     -1.956 0.000   0   1.89    0.041
2018-05-05-19:12:16 1.11  Mocks_Em/MockNFW20ellip5loga2.08PA50center0With_background20num45.dat Nelder-Mead  1.0e-04 0 0 1 0     NFW        0.0006   0.0007     -1.934 0.000   0   2.03   37.0       -390.8725       -773.2196   241   0.0006   0.0007     -1.934 0.000   0   1.93    0.041
2018-05-05-19:12:16 1.11  Mocks_Em/MockNFW20ellip5loga2.08PA50center0With_background20num46.dat Nelder-Mead  1.0e-04 0 0 1 0     NFW        0.0001  -0.0004     -1.922 0.000   0   1.93   35.2       -370.8554       -733.1855   241   0.0001  -0.0004     -1.875 0.000   0   1.88    0.040
2018-05-05-19:12:16 1.11  Mocks_Em/MockNFW20ellip5loga2.08PA50center0With_background20num47.dat Nelder-Mead  1.0e-04 0 0 1 0     NFW        0.0001   0.0012     -1.920 0.000   0   2.05   41.6       -435.8287        -863.132   241   0.0001   0.0012     -1.920 0.000   0   1.95    0.041
2018-05-05-19:12:16 1.11  Mocks_Em/MockNFW20ellip5loga2.08PA50center0With_background20num48.dat Nelder-Mead  1.0e-04 0 0 1 0     NFW      359.9996   0.0007     -1.911 0.000   0   1.95   38.4       -394.5152       -780.5051   241 359.9996   0.0007     -1.865 0.000   0   1.90    0.040
2018-05-05-19:12:16 1.11  Mocks_Em/MockNFW20ellip5loga2.08PA50center0With_background20num49.dat Nelder-Mead  1.0e-04 0 0 1 0     NFW      360.0000  -0.0011     -1.913 0.000   0   1.94   40.1       -411.7592       -814.9931   241 360.0000  -0.0011     -1.844 0.000   0   1.92    0.039
2018-05-05-19:12:16 1.11  Mocks_Em/MockNFW20ellip5loga2.08PA50center0With_background20num50.dat Nelder-Mead  1.0e-04 0 0 1 0     NFW        0.0021  -0.0011     -1.903 0.000   0   1.95   40.0       -414.0296       -819.5338   241   0.0021  -0.0011     -1.857 0.000   0   1.90    0.040
2018-05-05-19:12:16 1.11  Mocks_Em/MockNFW20ellip5loga2.08PA50center0With_background20num51.dat Nelder-Mead  1.0e-04 0 0 1 0     NFW        0.0005   0.0004     -1.930 0.000   0   1.93   36.1       -374.6379       -740.7504   241   0.0005   0.0004     -1.860 0.000   0   1.91    0.039
2018-05-05-19:12:16 1.11  Mocks_Em/MockNFW20ellip5loga2.08PA50center0With_background20num52.dat Nelder-Mead  1.0e-04 0 0 1 0     NFW      359.9997   0.0003     -1.936 0.000   0   1.95   34.9       -376.7203       -744.9152   241 359.9997   0.0003     -1.889 0.000   0   1.90    0.040
2018-05-05-19:12:16 1.11  Mocks_Em/MockNFW20ellip5loga2.08PA50center0With_background20num53.dat Nelder-Mead  1.0e-04 0 0 1 0     NFW      359.9999   0.0006     -1.934 0.000   0   1.90   32.8        -344.872       -681.2186   241 359.9999   0.0006     -1.864 0.000   0   1.87    0.039
2018-05-05-19:12:16 1.11  Mocks_Em/MockNFW20ellip5loga2.08PA50center0With_background20num54.dat Nelder-Mead  1.0e-04 0 0 1 0     NFW      359.9996   0.0004     -1.951 0.000   0   1.99   36.7       -411.2629       -814.0004   241 359.9996   0.0004     -1.904 0.000   0   1.94    0.040
2018-05-05-19:12:16 1.11  Mocks_Em/MockNFW20ellip5loga2.08PA50center0With_background20num55.dat Nelder-Mead  1.0e-04 0 0 1 0     NFW      359.9986  -0.0004     -1.928 0.000   0   1.99   40.4       -436.4687        -864.412   241 359.9986  -0.0004     -1.881 0.000   0   1.94    0.040
2018-05-05-19:12:16 1.11  Mocks_Em/MockNFW20ellip5loga2.08PA50center0With_background20num56.dat Nelder-Mead  1.0e-04 0 0 1 0     NFW        0.0001   0.0010     -1.908 0.000   0   1.99   39.3       -409.4868       -810.4482   241   0.0001   0.0010     -1.908 0.000   0   1.90    0.040
2018-05-05-19:12:16 1.11  Mocks_Em/MockNFW20ellip5loga2.08PA50center0With_background20num57.dat Nelder-Mead  1.0e-04 0 0 1 0     NFW        0.0008  -0.0010     -2.007 0.000   0   2.06   33.7       -451.2119       -893.8985   241   0.0008  -0.0010     -2.007 0.000   0   1.96    0.040
2018-05-05-19:12:16 1.11  Mocks_Em/MockNFW20ellip5loga2.08PA50center0With_background20num58.dat Nelder-Mead  1.0e-04 0 0 1 0     NFW      359.9988  -0.0001     -1.910 0.000   0   2.00   40.2       -422.3262       -836.1271   241 359.9988  -0.0001     -1.910 0.000   0   1.91    0.043
2018-05-05-19:12:16 1.11  Mocks_Em/MockNFW20ellip5loga2.08PA50center0With_background20num59.dat Nelder-Mead  1.0e-04 0 0 1 0     NFW      359.9993  -0.0006     -1.960 0.000   0   2.04   36.6       -423.9772        -839.429   241 359.9993  -0.0006     -1.960 0.000   0   1.95    0.041
2018-05-05-19:12:16 1.11  Mocks_Em/MockNFW20ellip5loga2.08PA50center0With_background20num60.dat Nelder-Mead  1.0e-04 0 0 1 0     NFW        0.0023  -0.0018     -1.898 0.000   0   1.99   41.6       -443.9225       -879.3196   241   0.0023  -0.0018     -1.898 0.000   0   1.89    0.040
2018-05-05-19:12:16 1.11  Mocks_Em/MockNFW20ellip5loga2.08PA50center0With_background20num61.dat Nelder-Mead  1.0e-04 0 0 1 0     NFW        0.0010   0.0003     -1.942 0.000   0   1.83   29.8       -335.4257        -662.326   241   0.0010   0.0003     -1.849 0.000   0   1.83    0.039
2018-05-05-19:12:16 1.11  Mocks_Em/MockNFW20ellip5loga2.08PA50center0With_background20num62.dat Nelder-Mead  1.0e-04 0 0 1 0     NFW        0.0011   0.0011     -1.908 0.000   0   1.93   36.9       -372.7668       -737.0082   241   0.0011   0.0011     -1.861 0.000   0   1.88    0.040
2018-05-05-19:12:16 1.11  Mocks_Em/MockNFW20ellip5loga2.08PA50center0With_background20num63.dat Nelder-Mead  1.0e-04 0 0 1 0     NFW      359.9992  -0.0002     -1.952 0.000   0   2.07   39.3       -440.1193       -871.7133   241 359.9992  -0.0002     -1.952 0.000   0   1.97    0.042
2018-05-05-19:12:16 1.11  Mocks_Em/MockNFW20ellip5loga2.08PA50center0With_background20num64.dat Nelder-Mead  1.0e-04 0 0 1 0     NFW        0.0011   0.0009     -1.908 0.000   0   2.03   42.2       -432.7401       -856.9548   241   0.0011   0.0009     -1.908 0.000   0   1.93    0.042
2018-05-05-19:12:16 1.11  Mocks_Em/MockNFW20ellip5loga2.08PA50center0With_background20num65.dat Nelder-Mead  1.0e-04 0 0 1 0     NFW      359.9984  -0.0004     -1.947 0.000   0   2.04   39.1       -456.1543       -903.7833   241 359.9984  -0.0004     -1.947 0.000   0   1.94    0.042
2018-05-05-19:12:16 1.11  Mocks_Em/MockNFW20ellip5loga2.08PA50center0With_background20num66.dat Nelder-Mead  1.0e-04 0 0 1 0     NFW        0.0009   0.0011     -1.946 0.000   0   1.89   31.6       -332.2019       -655.8784   241   0.0009   0.0011     -1.856 0.000   0   1.89    0.037
2018-05-05-19:12:16 1.11  Mocks_Em/MockNFW20ellip5loga2.08PA50center0With_background20num67.dat Nelder-Mead  1.0e-04 0 0 1 0     NFW      359.9999   0.0001     -1.829 0.000   0   1.83   40.4           1E+30           2E+30   143 359.9999   0.0001     -1.829 0.000   0   1.83    0.003
2018-05-05-19:12:16 1.11  Mocks_Em/MockNFW20ellip5loga2.08PA50center0With_background20num68.dat Nelder-Mead  1.0e-04 0 0 1 0     NFW      359.9997  -0.0006     -1.926 0.000   0   1.92   35.5       -370.9865       -733.4476   241 359.9997  -0.0006     -1.857 0.000   0   1.90    0.040
2018-05-05-19:12:16 1.11  Mocks_Em/MockNFW20ellip5loga2.08PA50center0With_background20num69.dat Nelder-Mead  1.0e-04 0 0 1 0     NFW        0.0011   0.0013     -1.931 0.000   0   1.99   36.9       -413.4446       -818.3638   241   0.0011   0.0013     -1.931 0.000   0   1.90    0.040
2018-05-05-19:12:16 1.11  Mocks_Em/MockNFW20ellip5loga2.08PA50center0With_background20num70.dat Nelder-Mead  1.0e-04 0 0 1 0     NFW      359.9989   0.0015     -1.900 0.000   0   2.02   44.1        -470.498       -932.4707   241 359.9989   0.0015     -1.900 0.000   0   1.92    0.041
2018-05-05-19:12:16 1.11  Mocks_Em/MockNFW20ellip5loga2.08PA50center0With_background20num71.dat Nelder-Mead  1.0e-04 0 0 1 0     NFW      359.9996  -0.0009     -1.906 0.000   0   1.85   34.6       -347.4361       -686.3469   241 359.9996  -0.0009     -1.817 0.000   0   1.85    0.036
2018-05-05-19:12:16 1.11  Mocks_Em/MockNFW20ellip5loga2.08PA50center0With_background20num72.dat Nelder-Mead  1.0e-04 0 0 1 0     NFW      359.9996   0.0008     -1.918 0.000   0   1.95   37.5       -394.0013       -779.4772   241 359.9996   0.0008     -1.871 0.000   0   1.90    0.040
2018-05-05-19:12:16 1.11  Mocks_Em/MockNFW20ellip5loga2.08PA50center0With_background20num73.dat Nelder-Mead  1.0e-04 0 0 1 0     NFW      359.9996  -0.0015     -1.906 0.000   0   1.96   40.6       -418.4728       -828.4202   241 359.9996  -0.0015     -1.859 0.000   0   1.91    0.040
2018-05-05-19:12:16 1.11  Mocks_Em/MockNFW20ellip5loga2.08PA50center0With_background20num74.dat Nelder-Mead  1.0e-04 0 0 1 0     NFW        0.0005  -0.0001     -1.917 0.000   0   1.91   35.9       -367.4608       -726.3963   241   0.0005  -0.0001     -1.847 0.000   0   1.88    0.040
2018-05-05-19:12:16 1.11  Mocks_Em/MockNFW20ellip5loga2.08PA50center0With_background20num75.dat Nelder-Mead  1.0e-04 0 0 1 0     NFW        0.0012  -0.0002     -1.950 0.000   0   1.98   36.5       -413.0094       -817.4935   241   0.0012  -0.0002     -1.902 0.000   0   1.93    0.041
2018-05-05-19:12:16 1.11  Mocks_Em/MockNFW20ellip5loga2.08PA50center0With_background20num76.dat Nelder-Mead  1.0e-04 0 0 1 0     NFW        0.0024  -0.0001     -1.874 0.000   0   2.00   45.1       -443.6551       -878.7849   241   0.0024  -0.0001     -1.874 0.000   0   1.90    0.042
2018-05-05-19:12:16 1.11  Mocks_Em/MockNFW20ellip5loga2.08PA50center0With_background20num77.dat Nelder-Mead  1.0e-04 0 0 1 0     NFW      359.9994   0.0007     -1.903 0.000   0   1.97   37.4       -382.8721       -757.2188   241 359.9994   0.0007     -1.903 0.000   0   1.87    0.040
2018-05-05-19:12:16 1.11  Mocks_Em/MockNFW20ellip5loga2.08PA50center0With_background20num78.dat Nelder-Mead  1.0e-04 0 0 1 0     NFW      359.9989   0.0016     -1.915 0.000   0   1.94   39.7       -440.4099       -872.2944   241 359.9989   0.0016     -1.868 0.000   0   1.89    0.040
2018-05-05-19:12:16 1.11  Mocks_Em/MockNFW20ellip5loga2.08PA50center0With_background20num79.dat Nelder-Mead  1.0e-04 0 0 1 0     NFW        0.0023   0.0006     -1.949 0.000   0   1.90   37.1       -463.7479       -918.9705   241   0.0023   0.0006     -1.949 0.000   0   1.90    0.041
2018-05-05-19:12:16 1.11  Mocks_Em/MockNFW20ellip5loga2.08PA50center0With_background20num80.dat Nelder-Mead  1.0e-04 0 0 1 0     NFW        0.0021  -0.0021     -1.898 0.000   0   1.93   42.2       -463.9921       -919.4588   241   0.0021  -0.0021     -1.852 0.000   0   1.89    0.040
2018-05-05-19:12:16 1.11  Mocks_Em/MockNFW20ellip5loga2.08PA50center0With_background20num81.dat Nelder-Mead  1.0e-04 0 0 1 0     NFW      359.9986   0.0019     -1.896 0.000   0   1.99   42.2       -454.4112        -900.297   241 359.9986   0.0019     -1.896 0.000   0   1.89    0.040
2018-05-05-19:12:16 1.11  Mocks_Em/MockNFW20ellip5loga2.08PA50center0With_background20num82.dat Nelder-Mead  1.0e-04 0 0 1 0     NFW        0.0004  -0.0004     -1.947 0.000   0   2.00   37.6        -410.922       -813.3186   241   0.0004  -0.0004     -1.900 0.000   0   1.95    0.041
2018-05-05-19:12:16 1.11  Mocks_Em/MockNFW20ellip5loga2.08PA50center0With_background20num83.dat Nelder-Mead  1.0e-04 0 0 1 0     NFW        0.0007  -0.0002     -1.953 0.000   0   1.94   32.9       -379.7514       -750.9775   241   0.0007  -0.0002     -1.905 0.000   0   1.89    0.041
2018-05-05-19:12:16 1.11  Mocks_Em/MockNFW20ellip5loga2.08PA50center0With_background20num84.dat Nelder-Mead  1.0e-04 0 0 1 0     NFW      359.9999  -0.0002     -1.945 0.000   0   1.97   35.8       -390.8653       -773.2053   241 359.9999  -0.0002     -1.897 0.000   0   1.92    0.041
2018-05-05-19:12:16 1.11  Mocks_Em/MockNFW20ellip5loga2.08PA50center0With_background20num85.dat Nelder-Mead  1.0e-04 0 0 1 0     NFW      359.9982  -0.0001     -1.922 0.000   0   1.95   39.6       -409.1749       -809.8244   241 359.9982  -0.0001     -1.842 0.000   0   1.93    0.040
2018-05-05-19:12:16 1.11  Mocks_Em/MockNFW20ellip5loga2.08PA50center0With_background20num86.dat Nelder-Mead  1.0e-04 0 0 1 0     NFW        0.0018  -0.0019     -1.870 0.000   0   1.98   45.0       -450.8413       -893.1573   241   0.0018  -0.0019     -1.870 0.000   0   1.89    0.040
2018-05-05-19:12:16 1.11  Mocks_Em/MockNFW20ellip5loga2.08PA50center0With_background20num87.dat Nelder-Mead  1.0e-04 0 0 1 0     NFW      359.9995  -0.0005     -1.930 0.000   0   2.01   37.9       -414.1227         -819.72   241 359.9995  -0.0005     -1.930 0.000   0   1.92    0.041
2018-05-05-19:12:16 1.11  Mocks_Em/MockNFW20ellip5loga2.08PA50center0With_background20num88.dat Nelder-Mead  1.0e-04 0 0 1 0     NFW        0.0016   0.0017     -1.883 0.000   0   1.98   43.1        -449.181       -889.8367   241   0.0016   0.0017     -1.883 0.000   0   1.89    0.040
2018-05-05-19:12:16 1.11  Mocks_Em/MockNFW20ellip5loga2.08PA50center0With_background20num89.dat Nelder-Mead  1.0e-04 0 0 1 0     NFW      359.9994  -0.0007     -1.906 0.000   0   2.05   43.7       -443.2918       -878.0582   241 359.9994  -0.0007     -1.906 0.000   0   1.95    0.041
2018-05-05-19:12:16 1.11  Mocks_Em/MockNFW20ellip5loga2.08PA50center0With_background20num90.dat Nelder-Mead  1.0e-04 0 0 1 0     NFW      359.9999   0.0011     -1.942 0.000   0   1.95   36.1       -411.4531       -814.3808   241 359.9999   0.0011     -1.895 0.000   0   1.91    0.040
2018-05-05-19:12:16 1.11  Mocks_Em/MockNFW20ellip5loga2.08PA50center0With_background20num91.dat Nelder-Mead  1.0e-04 0 0 1 0     NFW        0.0002   0.0017     -1.890 0.000   0   1.97   39.9       -402.8905       -797.2557   241   0.0002   0.0017     -1.890 0.000   0   1.88    0.042
2018-05-05-19:12:16 1.11  Mocks_Em/MockNFW20ellip5loga2.08PA50center0With_background20num92.dat Nelder-Mead  1.0e-04 0 0 1 0     NFW        0.0004  -0.0012     -1.920 0.000   0   2.02   40.4       -431.0996       -853.6739   241   0.0004  -0.0012     -1.920 0.000   0   1.93    0.042
2018-05-05-19:12:16 1.11  Mocks_Em/MockNFW20ellip5loga2.08PA50center0With_background20num93.dat Nelder-Mead  1.0e-04 0 0 1 0     NFW      359.9982   0.0020     -1.894 0.000   0   1.98   41.2       -429.0846       -849.6439   241 359.9982   0.0020     -1.894 0.000   0   1.89    0.041
2018-05-05-19:12:16 1.11  Mocks_Em/MockNFW20ellip5loga2.08PA50center0With_background20num94.dat Nelder-Mead  1.0e-04 0 0 1 0     NFW      359.9996  -0.0001     -1.954 0.000   0   2.03   38.5       -415.9591       -823.3929   241 359.9996  -0.0001     -1.906 0.000   0   1.98    0.041
2018-05-05-19:12:16 1.11  Mocks_Em/MockNFW20ellip5loga2.08PA50center0With_background20num95.dat Nelder-Mead  1.0e-04 0 0 1 0     NFW      359.9984  -0.0010     -1.929 0.000   0   2.03   40.8       -456.4136       -904.3019   241 359.9984  -0.0010     -1.929 0.000   0   1.94    0.040
2018-05-05-19:12:16 1.11  Mocks_Em/MockNFW20ellip5loga2.08PA50center0With_background20num96.dat Nelder-Mead  1.0e-04 0 0 1 0     NFW        0.0020   0.0014     -1.931 0.000   0   1.96   38.2       -431.1802        -853.835   241   0.0020   0.0014     -1.884 0.000   0   1.91    0.040
2018-05-05-19:12:16 1.11  Mocks_Em/MockNFW20ellip5loga2.08PA50center0With_background20num97.dat Nelder-Mead  1.0e-04 0 0 1 0     NFW        0.0001  -0.0007     -1.934 0.000   0   2.08   43.1       -470.5025       -932.4796   241   0.0001  -0.0007     -1.934 0.000   0   1.98    0.041
2018-05-05-19:12:16 1.11  Mocks_Em/MockNFW20ellip5loga2.08PA50center0With_background20num98.dat Nelder-Mead  1.0e-04 0 0 1 0     NFW        0.0007  -0.0003     -1.930 0.000   0   1.92   35.9       -384.5405       -760.5557   241   0.0007  -0.0003     -1.860 0.000   0   1.90    0.040
2018-05-05-19:12:16 1.11  Mocks_Em/MockNFW20ellip5loga2.08PA50center0With_background20num99.dat Nelder-Mead  1.0e-04 0 0 1 0     NFW        0.0026  -0.0006     -1.894 0.000   0   1.99   43.0       -460.9117        -913.298   241   0.0026  -0.0006     -1.894 0.000   0   1.90    0.041
