2018-05-05-19:10:53 1.11  Mocks_Em/MockNFW320ellip5loga2.08PA50center0With_background20num0.dat L-BFGS-B     1.0e-04 0 0 1 0     NFW        0.0002   0.0002     -2.182 0.000   0   2.69  116.6       -2356.793       -4701.754    35   0.0002   0.0002     -2.004 0.000   0   2.69    0.025
2018-05-05-19:10:53 1.11  Mocks_Em/MockNFW320ellip5loga2.08PA50center0With_background20num1.dat L-BFGS-B     1.0e-04 0 0 1 0     NFW      359.9996  -0.0007     -2.150 0.000   0   2.67  126.3       -2458.483       -4905.133    28 359.9996  -0.0007     -2.005 0.000   0   2.67    0.019
2018-05-05-19:10:53 1.11  Mocks_Em/MockNFW320ellip5loga2.08PA50center0With_background20num2.dat L-BFGS-B     1.0e-04 0 0 1 0     NFW        0.0002   0.0004     -1.960 0.000   0   2.68  199.6       -2346.041       -4680.249    21   0.0002   0.0004     -1.963 0.000   0   2.68    0.013
2018-05-05-19:10:53 1.11  Mocks_Em/MockNFW320ellip5loga2.08PA50center0With_background20num3.dat L-BFGS-B     1.0e-04 0 0 1 0     NFW      360.0000  -0.0001     -2.122 0.000   0   2.68  131.5       -2308.573       -4605.314    28 360.0000  -0.0001     -1.992 0.000   0   2.69    0.016
2018-05-05-19:10:53 1.11  Mocks_Em/MockNFW320ellip5loga2.08PA50center0With_background20num4.dat L-BFGS-B     1.0e-04 0 0 1 0     NFW      359.9993  -0.0004     -2.213 0.000   0   2.68  109.1       -2425.228       -4838.623    35 359.9993  -0.0004     -2.021 0.000   0   2.68    0.019
2018-05-05-19:10:53 1.11  Mocks_Em/MockNFW320ellip5loga2.08PA50center0With_background20num5.dat L-BFGS-B     1.0e-04 0 0 1 0     NFW        0.0005   0.0007     -2.005 0.000   0   2.67  174.1        -2336.52       -4661.208    21   0.0005   0.0007     -1.994 0.000   0   2.67    0.011
2018-05-05-19:10:53 1.11  Mocks_Em/MockNFW320ellip5loga2.08PA50center0With_background20num6.dat L-BFGS-B     1.0e-04 0 0 1 0     NFW      359.9998  -0.0009     -2.138 0.000   0   2.67  127.8       -2417.931        -4824.03    28 359.9998  -0.0009     -1.990 0.000   0   2.67    0.014
2018-05-05-19:10:53 1.11  Mocks_Em/MockNFW320ellip5loga2.08PA50center0With_background20num7.dat L-BFGS-B     1.0e-04 0 0 1 0     NFW      360.0000  -0.0006     -1.919 0.000   0   2.69  223.6       -2313.874       -4615.916    14 360.0000  -0.0006     -1.959 0.000   0   2.69    0.007
2018-05-05-19:10:53 1.11  Mocks_Em/MockNFW320ellip5loga2.08PA50center0With_background20num8.dat L-BFGS-B     1.0e-04 0 0 1 0     NFW      360.0000   0.0003     -2.122 0.000   0   2.70  135.3       -2359.173       -4706.513    28 360.0000   0.0003     -1.993 0.000   0   2.70    0.013
2018-05-05-19:10:53 1.11  Mocks_Em/MockNFW320ellip5loga2.08PA50center0With_background20num9.dat L-BFGS-B     1.0e-04 0 0 1 0     NFW        0.0001  -0.0002     -2.076 0.000   0   2.68  146.5       -2307.336       -4602.839    28   0.0001  -0.0002     -1.967 0.000   0   2.68    0.013
2018-05-05-19:10:53 1.11  Mocks_Em/MockNFW320ellip5loga2.08PA50center0With_background20num10.dat L-BFGS-B     1.0e-04 0 0 1 0     NFW      359.9996  -0.0002     -1.971 0.000   0   2.69  197.3       -2411.833       -4811.833    21 359.9996  -0.0002     -1.962 0.000   0   2.69    0.010
2018-05-05-19:10:53 1.11  Mocks_Em/MockNFW320ellip5loga2.08PA50center0With_background20num11.dat L-BFGS-B     1.0e-04 0 0 1 0     NFW        0.0005  -0.0000     -1.907 0.000   0   4.22  224.9        -2403.23       -4794.628    77   0.0005  -0.0000     -1.968 0.000   0   2.68    0.034
2018-05-05-19:10:53 1.11  Mocks_Em/MockNFW320ellip5loga2.08PA50center0With_background20num12.dat L-BFGS-B     1.0e-04 0 0 1 0     NFW      359.9995  -0.0002     -2.136 0.000   0   2.70  131.3       -2369.069       -4726.305    28 359.9995  -0.0002     -1.989 0.000   0   2.70    0.013
2018-05-05-19:10:53 1.11  Mocks_Em/MockNFW320ellip5loga2.08PA50center0With_background20num13.dat L-BFGS-B     1.0e-04 0 0 1 0     NFW        0.0002   0.0003     -2.123 0.000   0   2.68  131.3       -2349.518       -4687.204    28   0.0002   0.0003     -1.962 0.000   0   2.68    0.013
2018-05-05-19:10:53 1.11  Mocks_Em/MockNFW320ellip5loga2.08PA50center0With_background20num14.dat L-BFGS-B     1.0e-04 0 0 1 0     NFW        0.0002   0.0003     -2.171 0.000   0   2.67  116.8       -2322.697       -4633.563    35   0.0002   0.0003     -1.970 0.000   0   2.68    0.016
2018-05-05-19:10:53 1.11  Mocks_Em/MockNFW320ellip5loga2.08PA50center0With_background20num15.dat L-BFGS-B     1.0e-04 0 0 1 0     NFW      359.9997   0.0003     -2.017 0.000   0   2.69  174.6       -2378.918       -4746.004    21 359.9997   0.0003     -1.998 0.000   0   2.69    0.010
2018-05-05-19:10:53 1.11  Mocks_Em/MockNFW320ellip5loga2.08PA50center0With_background20num16.dat L-BFGS-B     1.0e-04 0 0 1 0     NFW        0.0004  -0.0005     -2.233 0.000   0   2.68  102.9       -2347.716         -4683.6    35   0.0004  -0.0005     -1.987 0.000   0   2.68    0.016
2018-05-05-19:10:53 1.11  Mocks_Em/MockNFW320ellip5loga2.08PA50center0With_background20num17.dat L-BFGS-B     1.0e-04 0 0 1 0     NFW        0.0001   0.0003     -1.913 0.000   0   3.87  222.8       -2335.664       -4659.495    70   0.0001   0.0003     -1.985 0.000   0   2.68    0.031
2018-05-05-19:10:53 1.11  Mocks_Em/MockNFW320ellip5loga2.08PA50center0With_background20num18.dat L-BFGS-B     1.0e-04 0 0 1 0     NFW      359.9994   0.0000     -2.170 0.000   0   2.70  124.3       -2464.272       -4916.711    35 359.9994   0.0000     -1.980 0.000   0   2.70    0.016
2018-05-05-19:10:53 1.11  Mocks_Em/MockNFW320ellip5loga2.08PA50center0With_background20num19.dat L-BFGS-B     1.0e-04 0 0 1 0     NFW        0.0003  -0.0005     -2.224 0.000   0   2.68  106.3       -2414.973       -4818.114    35   0.0003  -0.0005     -1.985 0.000   0   2.68    0.016
2018-05-05-19:10:53 1.11  Mocks_Em/MockNFW320ellip5loga2.08PA50center0With_background20num20.dat L-BFGS-B     1.0e-04 0 0 1 0     NFW        0.0004   0.0001     -2.112 0.000   0   2.69  138.1       -2405.654       -4799.475    28   0.0004   0.0001     -1.988 0.000   0   2.69    0.013
2018-05-05-19:10:53 1.11  Mocks_Em/MockNFW320ellip5loga2.08PA50center0With_background20num21.dat L-BFGS-B     1.0e-04 0 0 1 0     NFW        0.0000  -0.0002     -2.093 0.000   0   2.70  147.4       -2401.385       -4790.937    28   0.0000  -0.0002     -2.002 0.000   0   2.71    0.013
2018-05-05-19:10:53 1.11  Mocks_Em/MockNFW320ellip5loga2.08PA50center0With_background20num22.dat L-BFGS-B     1.0e-04 0 0 1 0     NFW      359.9995  -0.0007     -2.218 0.000   0   2.68  109.5       -2465.422       -4919.012    35 359.9995  -0.0007     -2.011 0.000   0   2.68    0.016
2018-05-05-19:10:53 1.11  Mocks_Em/MockNFW320ellip5loga2.08PA50center0With_background20num23.dat L-BFGS-B     1.0e-04 0 0 1 0     NFW        0.0000   0.0005     -2.070 0.000   0   2.68  150.5       -2367.896       -4723.959    28   0.0000   0.0005     -1.969 0.000   0   2.68    0.013
2018-05-05-19:10:53 1.11  Mocks_Em/MockNFW320ellip5loga2.08PA50center0With_background20num24.dat L-BFGS-B     1.0e-04 0 0 1 0     NFW        0.0004  -0.0005     -2.194 0.000   0   2.70  116.8       -2431.481        -4851.13    28   0.0004  -0.0005     -2.005 0.000   0   2.70    0.013
2018-05-05-19:10:53 1.11  Mocks_Em/MockNFW320ellip5loga2.08PA50center0With_background20num25.dat L-BFGS-B     1.0e-04 0 0 1 0     NFW        0.0005   0.0004     -2.238 0.000   0   2.68  103.5       -2430.914       -4849.996    35   0.0005   0.0004     -2.000 0.000   0   2.68    0.016
2018-05-05-19:10:53 1.11  Mocks_Em/MockNFW320ellip5loga2.08PA50center0With_background20num26.dat L-BFGS-B     1.0e-04 0 0 1 0     NFW      359.9999   0.0002     -2.079 0.000   0   2.68  145.1       -2302.851       -4593.869    28 359.9999   0.0002     -1.994 0.000   0   2.68    0.013
2018-05-05-19:10:53 1.11  Mocks_Em/MockNFW320ellip5loga2.08PA50center0With_background20num27.dat L-BFGS-B     1.0e-04 0 0 1 0     NFW        0.0002  -0.0003     -2.172 0.000   0   2.68  115.9       -2302.851       -4593.869    28   0.0002  -0.0003     -2.007 0.000   0   2.68    0.013
2018-05-05-19:10:53 1.11  Mocks_Em/MockNFW320ellip5loga2.08PA50center0With_background20num28.dat L-BFGS-B     1.0e-04 0 0 1 0     NFW        0.0005  -0.0002     -2.016 0.000   0   2.67  170.8        -2350.34       -4688.849    21   0.0005  -0.0002     -1.986 0.000   0   2.67    0.010
2018-05-05-19:10:53 1.11  Mocks_Em/MockNFW320ellip5loga2.08PA50center0With_background20num29.dat L-BFGS-B     1.0e-04 0 0 1 0     NFW        0.0007   0.0002     -2.110 0.000   0   2.69  142.8       -2493.826        -4975.82    28   0.0007   0.0002     -2.008 0.000   0   2.69    0.013
2018-05-05-19:10:53 1.11  Mocks_Em/MockNFW320ellip5loga2.08PA50center0With_background20num30.dat L-BFGS-B     1.0e-04 0 0 1 0     NFW      359.9995  -0.0009     -2.219 0.000   0   2.68  108.6       -2438.476        -4865.12    35 359.9995  -0.0009     -2.018 0.000   0   2.68    0.016
2018-05-05-19:10:53 1.11  Mocks_Em/MockNFW320ellip5loga2.08PA50center0With_background20num31.dat L-BFGS-B     1.0e-04 0 0 1 0     NFW        0.0002   0.0002     -2.258 0.000   0   2.67   96.4       -2335.155       -4658.478    35   0.0002   0.0002     -2.018 0.000   0   2.68    0.016
2018-05-05-19:10:53 1.11  Mocks_Em/MockNFW320ellip5loga2.08PA50center0With_background20num32.dat L-BFGS-B     1.0e-04 0 0 1 0     NFW        0.0006  -0.0001     -2.012 0.000   0   2.69  177.7       -2426.244       -4840.655    21   0.0006  -0.0001     -1.969 0.000   0   2.69    0.010
2018-05-05-19:10:53 1.11  Mocks_Em/MockNFW320ellip5loga2.08PA50center0With_background20num33.dat L-BFGS-B     1.0e-04 0 0 1 0     NFW        0.0004  -0.0004     -2.164 0.000   0   2.69  123.9       -2461.348       -4910.864    35   0.0004  -0.0004     -1.982 0.000   0   2.69    0.016
2018-05-05-19:10:53 1.11  Mocks_Em/MockNFW320ellip5loga2.08PA50center0With_background20num34.dat L-BFGS-B     1.0e-04 0 0 1 0     NFW        0.0000  -0.0001     -2.123 0.000   0   2.68  130.8       -2314.376        -4616.92    28   0.0000  -0.0001     -2.006 0.000   0   2.68    0.012
2018-05-05-19:10:53 1.11  Mocks_Em/MockNFW320ellip5loga2.08PA50center0With_background20num35.dat L-BFGS-B     1.0e-04 0 0 1 0     NFW      359.9997  -0.0002     -1.957 0.000   0   2.67  197.1       -2286.652       -4561.471    21 359.9997  -0.0002     -1.965 0.000   0   2.67    0.009
2018-05-05-19:10:53 1.11  Mocks_Em/MockNFW320ellip5loga2.08PA50center0With_background20num36.dat L-BFGS-B     1.0e-04 0 0 1 0     NFW      359.9999   0.0003     -2.127 0.000   0   2.69  132.9        -2380.67       -4749.508    28 359.9999   0.0003     -1.976 0.000   0   2.69    0.013
2018-05-05-19:10:53 1.11  Mocks_Em/MockNFW320ellip5loga2.08PA50center0With_background20num37.dat L-BFGS-B     1.0e-04 0 0 1 0     NFW        0.0002  -0.0002     -2.178 0.000   0   2.69  120.1       -2431.744       -4851.655    28   0.0002  -0.0002     -1.998 0.000   0   2.70    0.013
2018-05-05-19:10:53 1.11  Mocks_Em/MockNFW320ellip5loga2.08PA50center0With_background20num38.dat L-BFGS-B     1.0e-04 0 0 1 0     NFW        0.0007  -0.0001     -2.008 0.000   0   2.69  181.8       -2448.854       -4885.875    21   0.0007  -0.0001     -1.985 0.000   0   2.69    0.009
2018-05-05-19:10:53 1.11  Mocks_Em/MockNFW320ellip5loga2.08PA50center0With_background20num39.dat L-BFGS-B     1.0e-04 0 0 1 0     NFW      360.0000   0.0005     -1.916 0.000   0   2.71  228.1       -2342.984       -4674.135   133 360.0000   0.0005     -1.956 0.000   0   2.69    0.058
2018-05-05-19:10:53 1.11  Mocks_Em/MockNFW320ellip5loga2.08PA50center0With_background20num40.dat L-BFGS-B     1.0e-04 0 0 1 0     NFW        0.0005   0.0002     -2.104 0.000   0   2.67  135.5       -2322.886       -4633.939    28   0.0005   0.0002     -1.961 0.000   0   2.67    0.013
2018-05-05-19:10:53 1.11  Mocks_Em/MockNFW320ellip5loga2.08PA50center0With_background20num41.dat L-BFGS-B     1.0e-04 0 0 1 0     NFW      359.9997  -0.0002     -1.916 0.000   0   2.71  231.9       -2392.415       -4772.998    14 359.9997  -0.0002     -1.966 0.000   0   2.70    0.006
2018-05-05-19:10:53 1.11  Mocks_Em/MockNFW320ellip5loga2.08PA50center0With_background20num42.dat L-BFGS-B     1.0e-04 0 0 1 0     NFW        0.0002   0.0006     -2.099 0.000   0   2.68  141.4       -2419.363       -4826.894    28   0.0002   0.0006     -2.003 0.000   0   2.68    0.013
2018-05-05-19:10:53 1.11  Mocks_Em/MockNFW320ellip5loga2.08PA50center0With_background20num43.dat L-BFGS-B     1.0e-04 0 0 1 0     NFW        0.0000  -0.0007     -2.084 0.000   0   2.67  145.5       -2393.898       -4775.964    28   0.0000  -0.0007     -1.984 0.000   0   2.67    0.013
2018-05-05-19:10:53 1.11  Mocks_Em/MockNFW320ellip5loga2.08PA50center0With_background20num44.dat L-BFGS-B     1.0e-04 0 0 1 0     NFW      360.0000  -0.0003     -2.179 0.000   0   2.68  117.0       -2365.878       -4719.923    28 360.0000  -0.0003     -2.002 0.000   0   2.69    0.013
2018-05-05-19:10:53 1.11  Mocks_Em/MockNFW320ellip5loga2.08PA50center0With_background20num45.dat L-BFGS-B     1.0e-04 0 0 1 0     NFW        0.0001   0.0002     -2.136 0.000   0   2.67  123.1       -2237.723       -4463.614    35   0.0001   0.0002     -1.955 0.000   0   2.67    0.016
2018-05-05-19:10:53 1.11  Mocks_Em/MockNFW320ellip5loga2.08PA50center0With_background20num46.dat L-BFGS-B     1.0e-04 0 0 1 0     NFW        0.0000  -0.0003     -2.157 0.000   0   2.67  118.0       -2266.804       -4521.775    35   0.0000  -0.0003     -1.979 0.000   0   2.67    0.015
2018-05-05-19:10:53 1.11  Mocks_Em/MockNFW320ellip5loga2.08PA50center0With_background20num47.dat L-BFGS-B     1.0e-04 0 0 1 0     NFW      359.9999  -0.0000     -2.019 0.000   0   2.71  181.5       -2464.247       -4916.661    21 359.9999  -0.0000     -2.003 0.000   0   2.71    0.009
2018-05-05-19:10:53 1.11  Mocks_Em/MockNFW320ellip5loga2.08PA50center0With_background20num48.dat L-BFGS-B     1.0e-04 0 0 1 0     NFW      359.9997  -0.0002     -2.160 0.000   0   2.67  119.7       -2332.792       -4653.751    35 359.9997  -0.0002     -1.980 0.000   0   2.67    0.016
2018-05-05-19:10:53 1.11  Mocks_Em/MockNFW320ellip5loga2.08PA50center0With_background20num49.dat L-BFGS-B     1.0e-04 0 0 1 0     NFW      360.0000   0.0002     -2.128 0.000   0   2.72  138.7       -2453.928       -4896.023    28 360.0000   0.0002     -1.999 0.000   0   2.72    0.013
2018-05-05-19:10:53 1.11  Mocks_Em/MockNFW320ellip5loga2.08PA50center0With_background20num50.dat L-BFGS-B     1.0e-04 0 0 1 0     NFW      359.9997  -0.0001     -2.265 0.000   0   2.68   95.2       -2316.131       -4620.429    35 359.9997  -0.0001     -1.981 0.000   0   2.68    0.016
2018-05-05-19:10:53 1.11  Mocks_Em/MockNFW320ellip5loga2.08PA50center0With_background20num51.dat L-BFGS-B     1.0e-04 0 0 1 0     NFW        0.0001   0.0006     -2.166 0.000   0   2.67  117.6       -2308.348       -4604.863    35   0.0001   0.0006     -1.987 0.000   0   2.68    0.016
2018-05-05-19:10:53 1.11  Mocks_Em/MockNFW320ellip5loga2.08PA50center0With_background20num52.dat L-BFGS-B     1.0e-04 0 0 1 0     NFW      359.9999   0.0003     -2.273 0.000   0   2.68   95.9       -2399.022       -4786.211    35 359.9999   0.0003     -2.011 0.000   0   2.69    0.016
2018-05-05-19:10:53 1.11  Mocks_Em/MockNFW320ellip5loga2.08PA50center0With_background20num53.dat L-BFGS-B     1.0e-04 0 0 1 0     NFW      359.9999   0.0002     -1.976 0.000   0   2.68  188.0       -2279.268       -4546.704    21 359.9999   0.0002     -1.954 0.000   0   2.68    0.009
2018-05-05-19:10:53 1.11  Mocks_Em/MockNFW320ellip5loga2.08PA50center0With_background20num54.dat L-BFGS-B     1.0e-04 0 0 1 0     NFW      359.9994   0.0001     -2.305 0.000   0   2.68   91.4       -2464.319       -4916.805    35 359.9994   0.0001     -2.009 0.000   0   2.69    0.016
2018-05-05-19:10:53 1.11  Mocks_Em/MockNFW320ellip5loga2.08PA50center0With_background20num55.dat L-BFGS-B     1.0e-04 0 0 1 0     NFW      359.9999   0.0001     -2.135 0.000   0   2.71  135.7       -2452.303       -4892.773    28 359.9999   0.0001     -2.003 0.000   0   2.71    0.013
2018-05-05-19:10:53 1.11  Mocks_Em/MockNFW320ellip5loga2.08PA50center0With_background20num56.dat L-BFGS-B     1.0e-04 0 0 1 0     NFW        0.0002  -0.0001     -2.078 0.000   0   2.67  144.0       -2290.209       -4568.585    28   0.0002  -0.0001     -1.968 0.000   0   2.67    0.013
2018-05-05-19:10:53 1.11  Mocks_Em/MockNFW320ellip5loga2.08PA50center0With_background20num57.dat L-BFGS-B     1.0e-04 0 0 1 0     NFW        0.0003   0.0002     -2.276 0.000   0   2.70   96.6       -2378.478       -4745.124    35   0.0003   0.0002     -2.020 0.000   0   2.71    0.016
2018-05-05-19:10:53 1.11  Mocks_Em/MockNFW320ellip5loga2.08PA50center0With_background20num58.dat L-BFGS-B     1.0e-04 0 0 1 0     NFW        0.0001   0.0004     -2.018 0.000   0   2.69  174.1       -2362.697       -4713.561    21   0.0001   0.0004     -1.984 0.000   0   2.69    0.010
2018-05-05-19:10:53 1.11  Mocks_Em/MockNFW320ellip5loga2.08PA50center0With_background20num59.dat L-BFGS-B     1.0e-04 0 0 1 0     NFW        0.0002  -0.0001     -2.229 0.000   0   2.68  102.4        -2300.44       -4589.047    35   0.0002  -0.0001     -1.992 0.000   0   2.68    0.016
2018-05-05-19:10:53 1.11  Mocks_Em/MockNFW320ellip5loga2.08PA50center0With_background20num60.dat L-BFGS-B     1.0e-04 0 0 1 0     NFW      359.9999  -0.0003     -2.049 0.000   0   2.70  162.9        -2390.81       -4769.788    21 359.9999  -0.0003     -2.009 0.000   0   2.70    0.010
2018-05-05-19:10:53 1.11  Mocks_Em/MockNFW320ellip5loga2.08PA50center0With_background20num61.dat L-BFGS-B     1.0e-04 0 0 1 0     NFW      359.9998   0.0008     -2.196 0.000   0   2.67  114.6       -2487.429       -4963.025    35 359.9998   0.0008     -2.012 0.000   0   2.68    0.016
2018-05-05-19:10:53 1.11  Mocks_Em/MockNFW320ellip5loga2.08PA50center0With_background20num62.dat L-BFGS-B     1.0e-04 0 0 1 0     NFW      359.9996   0.0004     -1.948 0.000   0   2.68  205.4         -2343.9       -4675.967    21 359.9996   0.0004     -1.954 0.000   0   2.68    0.010
2018-05-05-19:10:53 1.11  Mocks_Em/MockNFW320ellip5loga2.08PA50center0With_background20num63.dat L-BFGS-B     1.0e-04 0 0 1 0     NFW      360.0000  -0.0003     -2.311 0.000   0   2.68   87.8        -2349.06       -4686.287    35 360.0000  -0.0003     -1.986 0.000   0   2.69    0.016
2018-05-05-19:10:53 1.11  Mocks_Em/MockNFW320ellip5loga2.08PA50center0With_background20num64.dat L-BFGS-B     1.0e-04 0 0 1 0     NFW        0.0001   0.0002     -2.217 0.000   0   2.68  106.3       -2335.082       -4658.331    35   0.0001   0.0002     -2.007 0.000   0   2.69    0.016
2018-05-05-19:10:53 1.11  Mocks_Em/MockNFW320ellip5loga2.08PA50center0With_background20num65.dat L-BFGS-B     1.0e-04 0 0 1 0     NFW        0.0008   0.0005     -2.129 0.000   0   2.66  129.0       -2385.571        -4759.31    28   0.0008   0.0005     -1.988 0.000   0   2.66    0.013
2018-05-05-19:10:53 1.11  Mocks_Em/MockNFW320ellip5loga2.08PA50center0With_background20num66.dat L-BFGS-B     1.0e-04 0 0 1 0     NFW        0.0002   0.0000     -2.212 0.000   0   2.67  105.7       -2301.379       -4590.925    35   0.0002   0.0000     -1.994 0.000   0   2.68    0.016
2018-05-05-19:10:53 1.11  Mocks_Em/MockNFW320ellip5loga2.08PA50center0With_background20num67.dat L-BFGS-B     1.0e-04 0 0 1 0     NFW        0.0002  -0.0000     -2.260 0.000   0   2.69   98.4       -2378.283       -4744.733    35   0.0002  -0.0000     -2.009 0.000   0   2.69    0.016
2018-05-05-19:10:53 1.11  Mocks_Em/MockNFW320ellip5loga2.08PA50center0With_background20num68.dat L-BFGS-B     1.0e-04 0 0 1 0     NFW      359.9997  -0.0001     -2.278 0.000   0   2.65   88.2       -2217.274       -4422.715    35 359.9997  -0.0001     -1.985 0.000   0   2.66    0.016
2018-05-05-19:10:53 1.11  Mocks_Em/MockNFW320ellip5loga2.08PA50center0With_background20num69.dat L-BFGS-B     1.0e-04 0 0 1 0     NFW      359.9998   0.0003     -2.128 0.000   0   2.68  129.8       -2320.468       -4629.103    28 359.9998   0.0003     -1.978 0.000   0   2.68    0.013
2018-05-05-19:10:53 1.11  Mocks_Em/MockNFW320ellip5loga2.08PA50center0With_background20num70.dat L-BFGS-B     1.0e-04 0 0 1 0     NFW      359.9994  -0.0005     -2.015 0.000   0   2.68  174.9       -2427.339       -4842.845    21 359.9994  -0.0005     -1.988 0.000   0   2.68    0.010
2018-05-05-19:10:53 1.11  Mocks_Em/MockNFW320ellip5loga2.08PA50center0With_background20num71.dat L-BFGS-B     1.0e-04 0 0 1 0     NFW        0.0002  -0.0001     -2.205 0.000   0   2.67  106.6       -2278.145       -4544.458    35   0.0002  -0.0001     -1.991 0.000   0   2.68    0.016
2018-05-05-19:10:53 1.11  Mocks_Em/MockNFW320ellip5loga2.08PA50center0With_background20num72.dat L-BFGS-B     1.0e-04 0 0 1 0     NFW      359.9998  -0.0004     -2.185 0.000   0   2.68  114.9       -2380.378       -4748.923    28 359.9998  -0.0004     -2.001 0.000   0   2.68    0.013
2018-05-05-19:10:53 1.11  Mocks_Em/MockNFW320ellip5loga2.08PA50center0With_background20num73.dat L-BFGS-B     1.0e-04 0 0 1 0     NFW        0.0004  -0.0009     -2.002 0.000   0   2.68  177.3       -2349.829       -4687.826    21   0.0004  -0.0009     -1.967 0.000   0   2.68    0.010
2018-05-05-19:10:53 1.11  Mocks_Em/MockNFW320ellip5loga2.08PA50center0With_background20num74.dat L-BFGS-B     1.0e-04 0 0 1 0     NFW        0.0000   0.0000     -1.990 0.000   0   2.69  185.5       -2316.268       -4620.703    21   0.0000   0.0000     -1.982 0.000   0   2.69    0.010
2018-05-05-19:10:53 1.11  Mocks_Em/MockNFW320ellip5loga2.08PA50center0With_background20num75.dat L-BFGS-B     1.0e-04 0 0 1 0     NFW        0.0004   0.0006     -2.151 0.000   0   2.70  127.2       -2403.879       -4795.925    28   0.0004   0.0006     -2.015 0.000   0   2.70    0.013
2018-05-05-19:10:53 1.11  Mocks_Em/MockNFW320ellip5loga2.08PA50center0With_background20num76.dat L-BFGS-B     1.0e-04 0 0 1 0     NFW        0.0001  -0.0003     -2.204 0.000   0   2.68  109.8       -2345.387       -4678.942    35   0.0001  -0.0003     -1.986 0.000   0   2.69    0.016
2018-05-05-19:10:53 1.11  Mocks_Em/MockNFW320ellip5loga2.08PA50center0With_background20num77.dat L-BFGS-B     1.0e-04 0 0 1 0     NFW      359.9998   0.0001     -2.233 0.000   0   2.69  105.6       -2394.322       -4776.812    35 359.9998   0.0001     -1.992 0.000   0   2.70    0.016
2018-05-05-19:10:53 1.11  Mocks_Em/MockNFW320ellip5loga2.08PA50center0With_background20num78.dat L-BFGS-B     1.0e-04 0 0 1 0     NFW        0.0006   0.0001     -2.310 0.000   0   2.68   89.3       -2432.538       -4853.243    35   0.0006   0.0001     -2.018 0.000   0   2.68    0.016
2018-05-05-19:10:53 1.11  Mocks_Em/MockNFW320ellip5loga2.08PA50center0With_background20num79.dat L-BFGS-B     1.0e-04 0 0 1 0     NFW        0.0000  -0.0002     -2.198 0.000   0   2.69  113.9       -2401.542       -4791.253    28   0.0000  -0.0002     -2.029 0.000   0   2.70    0.013
2018-05-05-19:10:53 1.11  Mocks_Em/MockNFW320ellip5loga2.08PA50center0With_background20num80.dat L-BFGS-B     1.0e-04 0 0 1 0     NFW      359.9999   0.0003     -2.277 0.000   0   2.68   95.1       -2405.263       -4798.693    35 359.9999   0.0003     -1.993 0.000   0   2.69    0.016
2018-05-05-19:10:53 1.11  Mocks_Em/MockNFW320ellip5loga2.08PA50center0With_background20num81.dat L-BFGS-B     1.0e-04 0 0 1 0     NFW      360.0000   0.0002     -2.208 0.000   0   2.69  110.8       -2386.752       -4761.672    35 360.0000   0.0002     -2.006 0.000   0   2.69    0.016
2018-05-05-19:10:53 1.11  Mocks_Em/MockNFW320ellip5loga2.08PA50center0With_background20num82.dat L-BFGS-B     1.0e-04 0 0 1 0     NFW        0.0001   0.0005     -2.153 0.000   0   2.68  125.3       -2409.879       -4807.926    28   0.0001   0.0005     -2.007 0.000   0   2.69    0.013
2018-05-05-19:10:53 1.11  Mocks_Em/MockNFW320ellip5loga2.08PA50center0With_background20num83.dat L-BFGS-B     1.0e-04 0 0 1 0     NFW        0.0002   0.0006     -2.222 0.000   0   2.69  109.8       -2492.357       -4972.882    35   0.0002   0.0006     -2.017 0.000   0   2.69    0.016
2018-05-05-19:10:53 1.11  Mocks_Em/MockNFW320ellip5loga2.08PA50center0With_background20num84.dat L-BFGS-B     1.0e-04 0 0 1 0     NFW      359.9998  -0.0004     -2.256 0.000   0   2.70  103.6       -2515.473       -5019.113    35 359.9998  -0.0004     -2.007 0.000   0   2.70    0.016
2018-05-05-19:10:53 1.11  Mocks_Em/MockNFW320ellip5loga2.08PA50center0With_background20num85.dat L-BFGS-B     1.0e-04 0 0 1 0     NFW      359.9995  -0.0000     -1.990 0.000   0   2.69  185.6       -2367.095       -4722.357    21 359.9995  -0.0000     -1.963 0.000   0   2.69    0.010
2018-05-05-19:10:53 1.11  Mocks_Em/MockNFW320ellip5loga2.08PA50center0With_background20num86.dat L-BFGS-B     1.0e-04 0 0 1 0     NFW        0.0000   0.0000     -2.241 0.000   0   2.67   96.5       -2216.241        -4420.65    35   0.0000   0.0000     -1.980 0.000   0   2.67    0.015
2018-05-05-19:10:53 1.11  Mocks_Em/MockNFW320ellip5loga2.08PA50center0With_background20num87.dat L-BFGS-B     1.0e-04 0 0 1 0     NFW        0.0001   0.0002     -2.206 0.000   0   2.69  110.3       -2374.816         -4737.8    35   0.0001   0.0002     -2.006 0.000   0   2.69    0.016
2018-05-05-19:10:53 1.11  Mocks_Em/MockNFW320ellip5loga2.08PA50center0With_background20num88.dat L-BFGS-B     1.0e-04 0 0 1 0     NFW        0.0003   0.0001     -2.164 0.000   0   2.71  125.6       -2402.056        -4792.28    28   0.0003   0.0001     -2.021 0.000   0   2.71    0.013
2018-05-05-19:10:53 1.11  Mocks_Em/MockNFW320ellip5loga2.08PA50center0With_background20num89.dat L-BFGS-B     1.0e-04 0 0 1 0     NFW      359.9993   0.0005     -1.975 0.000   0   2.66  184.9       -2319.272       -4626.711    21 359.9993   0.0005     -1.949 0.000   0   2.66    0.010
2018-05-05-19:10:53 1.11  Mocks_Em/MockNFW320ellip5loga2.08PA50center0With_background20num90.dat L-BFGS-B     1.0e-04 0 0 1 0     NFW        0.0001   0.0002     -2.290 0.000   0   2.67   90.9       -2344.697       -4677.561    35   0.0001   0.0002     -2.006 0.000   0   2.68    0.016
2018-05-05-19:10:53 1.11  Mocks_Em/MockNFW320ellip5loga2.08PA50center0With_background20num91.dat L-BFGS-B     1.0e-04 0 0 1 0     NFW      359.9997  -0.0006     -2.142 0.000   0   2.69  130.8       -2453.832       -4895.831    28 359.9997  -0.0006     -1.997 0.000   0   2.69    0.013
2018-05-05-19:10:53 1.11  Mocks_Em/MockNFW320ellip5loga2.08PA50center0With_background20num92.dat L-BFGS-B     1.0e-04 0 0 1 0     NFW        0.0002   0.0003     -2.302 0.000   0   2.66   86.0       -2292.564       -4573.296    35   0.0002   0.0003     -2.009 0.000   0   2.66    0.015
2018-05-05-19:10:53 1.11  Mocks_Em/MockNFW320ellip5loga2.08PA50center0With_background20num93.dat L-BFGS-B     1.0e-04 0 0 1 0     NFW      359.9997   0.0003     -2.083 0.000   0   2.69  148.4       -2385.039       -4758.245    28 359.9997   0.0003     -1.981 0.000   0   2.69    0.013
2018-05-05-19:10:53 1.11  Mocks_Em/MockNFW320ellip5loga2.08PA50center0With_background20num94.dat L-BFGS-B     1.0e-04 0 0 1 0     NFW        0.0002  -0.0000     -2.136 0.000   0   2.68  126.8       -2308.921       -4606.009    28   0.0002  -0.0000     -2.002 0.000   0   2.68    0.013
2018-05-05-19:10:53 1.11  Mocks_Em/MockNFW320ellip5loga2.08PA50center0With_background20num95.dat L-BFGS-B     1.0e-04 0 0 1 0     NFW      360.0000  -0.0001     -2.169 0.000   0   2.69  117.8       -2296.332       -4580.832    35 360.0000  -0.0001     -1.983 0.000   0   2.69    0.016
2018-05-05-19:10:53 1.11  Mocks_Em/MockNFW320ellip5loga2.08PA50center0With_background20num96.dat L-BFGS-B     1.0e-04 0 0 1 0     NFW      359.9998  -0.0003     -2.005 0.000   0   2.68  176.2       -2324.259       -4636.686    21 359.9998  -0.0003     -1.970 0.000   0   2.68    0.010
2018-05-05-19:10:53 1.11  Mocks_Em/MockNFW320ellip5loga2.08PA50center0With_background20num97.dat L-BFGS-B     1.0e-04 0 0 1 0     NFW        0.0003  -0.0000     -2.149 0.000   0   2.68  124.4       -2350.088       -4688.343    28   0.0003  -0.0000     -1.967 0.000   0   2.68    0.013
2018-05-05-19:10:53 1.11  Mocks_Em/MockNFW320ellip5loga2.08PA50center0With_background20num98.dat L-BFGS-B     1.0e-04 0 0 1 0     NFW        0.0001  -0.0002     -2.194 0.000   0   2.70  115.4        -2390.06       -4768.287    35   0.0001  -0.0002     -1.999 0.000   0   2.70    0.016
2018-05-05-19:10:53 1.11  Mocks_Em/MockNFW320ellip5loga2.08PA50center0With_background20num99.dat L-BFGS-B     1.0e-04 0 0 1 0     NFW      359.9995  -0.0001     -2.261 0.000   0   2.69  100.9        -2478.41       -4944.988    35 359.9995  -0.0001     -2.018 0.000   0   2.69    0.016
