2018-05-05-19:10:06 1.11  Mocks_Em/MockNFW40ellip5loga2.08PA50center0With_background20num0.dat Nelder-Mead  1.0e-04 0 0 1 0     NFW      359.9996  -0.0022     -1.987 0.000   0   2.14   45.7       -616.5141       -1224.006   241 359.9996  -0.0022     -1.987 0.000   0   2.04    0.043
2018-05-05-19:10:06 1.11  Mocks_Em/MockNFW40ellip5loga2.08PA50center0With_background20num1.dat Nelder-Mead  1.0e-04 0 0 1 0     NFW        0.0005   0.0012     -1.920 0.000   0   2.13   51.2       -563.7715       -1118.521   241   0.0005   0.0012     -1.920 0.000   0   2.02    0.041
2018-05-05-19:10:06 1.11  Mocks_Em/MockNFW40ellip5loga2.08PA50center0With_background20num2.dat Nelder-Mead  1.0e-04 0 0 1 0     NFW        0.0004  -0.0005     -1.950 0.000   0   2.11   48.8       -542.9632       -1076.905   241   0.0004  -0.0005     -1.903 0.000   0   2.06    0.040
2018-05-05-19:10:06 1.11  Mocks_Em/MockNFW40ellip5loga2.08PA50center0With_background20num3.dat Nelder-Mead  1.0e-04 0 0 1 0     NFW        0.0010  -0.0005     -1.921 0.000   0   2.08   50.0       -529.3611       -1049.701   241   0.0010  -0.0005     -1.874 0.000   0   2.02    0.040
2018-05-05-19:10:06 1.11  Mocks_Em/MockNFW40ellip5loga2.08PA50center0With_background20num4.dat Nelder-Mead  1.0e-04 0 0 1 0     NFW        0.0020  -0.0004     -1.973 0.000   0   2.03   42.0       -526.3734       -1043.725   241   0.0020  -0.0004     -1.895 0.000   0   2.01    0.041
2018-05-05-19:10:06 1.11  Mocks_Em/MockNFW40ellip5loga2.08PA50center0With_background20num5.dat Nelder-Mead  1.0e-04 0 0 1 0     NFW        0.0006  -0.0001     -1.907 0.000   0   2.16   55.8       -570.5337       -1132.046   241   0.0006  -0.0001     -1.907 0.000   0   2.06    0.042
2018-05-05-19:10:06 1.11  Mocks_Em/MockNFW40ellip5loga2.08PA50center0With_background20num6.dat Nelder-Mead  1.0e-04 0 0 1 0     NFW      359.9994   0.0007     -1.980 0.000   0   2.21   48.8       -579.9933       -1150.965   241 359.9994   0.0007     -1.980 0.000   0   2.10    0.042
2018-05-05-19:10:06 1.11  Mocks_Em/MockNFW40ellip5loga2.08PA50center0With_background20num7.dat Nelder-Mead  1.0e-04 0 0 1 0     NFW      359.9991   0.0007     -1.910 0.000   0   2.10   48.4       -505.9546       -1002.887   241 359.9991   0.0007     -1.910 0.000   0   2.00    0.041
2018-05-05-19:10:06 1.11  Mocks_Em/MockNFW40ellip5loga2.08PA50center0With_background20num8.dat Nelder-Mead  1.0e-04 0 0 1 0     NFW        0.0005   0.0005     -2.022 0.000   0   2.02   36.5       -502.6623       -996.3028   241   0.0005   0.0005     -1.926 0.000   0   2.02    0.041
2018-05-05-19:10:06 1.11  Mocks_Em/MockNFW40ellip5loga2.08PA50center0With_background20num9.dat Nelder-Mead  1.0e-04 0 0 1 0     NFW        0.0016   0.0003     -1.944 0.000   0   2.08   47.0        -532.519       -1056.016   241   0.0016   0.0003     -1.896 0.000   0   2.03    0.041
2018-05-05-19:10:06 1.11  Mocks_Em/MockNFW40ellip5loga2.08PA50center0With_background20num10.dat Nelder-Mead  1.0e-04 0 0 1 0     NFW      359.9986  -0.0013     -1.982 0.000   0   2.13   45.5       -608.5798       -1208.138   241 359.9986  -0.0013     -1.982 0.000   0   2.03    0.041
2018-05-05-19:10:06 1.11  Mocks_Em/MockNFW40ellip5loga2.08PA50center0With_background20num11.dat Nelder-Mead  1.0e-04 0 0 1 0     NFW        0.0002   0.0003     -1.925 0.000   0   2.14   50.3       -533.2473       -1057.473   241   0.0002   0.0003     -1.925 0.000   0   2.04    0.041
2018-05-05-19:10:06 1.11  Mocks_Em/MockNFW40ellip5loga2.08PA50center0With_background20num12.dat Nelder-Mead  1.0e-04 0 0 1 0     NFW        0.0006  -0.0001     -1.945 0.000   0   2.07   45.3       -510.1864       -1011.351   241   0.0006  -0.0001     -1.897 0.000   0   2.02    0.041
2018-05-05-19:10:06 1.11  Mocks_Em/MockNFW40ellip5loga2.08PA50center0With_background20num13.dat Nelder-Mead  1.0e-04 0 0 1 0     NFW        0.0008   0.0003     -1.929 0.000   0   2.07   47.9       -518.8824       -1028.743   241   0.0008   0.0003     -1.882 0.000   0   2.02    0.041
2018-05-05-19:10:06 1.11  Mocks_Em/MockNFW40ellip5loga2.08PA50center0With_background20num14.dat Nelder-Mead  1.0e-04 0 0 1 0     NFW      359.9997  -0.0007     -1.915 0.000   0   2.10   51.9       -530.7941       -1052.566   241 359.9997  -0.0007     -1.868 0.000   0   2.04    0.040
2018-05-05-19:10:06 1.11  Mocks_Em/MockNFW40ellip5loga2.08PA50center0With_background20num15.dat Nelder-Mead  1.0e-04 0 0 1 0     NFW        0.0002  -0.0008     -2.047 0.000   0   2.05   38.0       -574.8845       -1140.747   241   0.0002  -0.0008     -1.949 0.000   0   2.05    0.042
2018-05-05-19:10:06 1.11  Mocks_Em/MockNFW40ellip5loga2.08PA50center0With_background20num16.dat Nelder-Mead  1.0e-04 0 0 1 0     NFW        0.0010   0.0010     -1.905 0.000   0   2.14   54.0       -555.7678       -1102.514   241   0.0010   0.0010     -1.905 0.000   0   2.04    0.042
2018-05-05-19:10:06 1.11  Mocks_Em/MockNFW40ellip5loga2.08PA50center0With_background20num17.dat Nelder-Mead  1.0e-04 0 0 1 0     NFW        0.0010   0.0011     -1.931 0.000   0   2.09   51.0       -575.6483       -1142.275   241   0.0010   0.0011     -1.884 0.000   0   2.04    0.041
2018-05-05-19:10:06 1.11  Mocks_Em/MockNFW40ellip5loga2.08PA50center0With_background20num18.dat Nelder-Mead  1.0e-04 0 0 1 0     NFW        0.0002   0.0000     -1.940 0.000   0   2.17   50.6        -549.354       -1089.686   241   0.0002   0.0000     -1.940 0.000   0   2.07    0.041
2018-05-05-19:10:06 1.11  Mocks_Em/MockNFW40ellip5loga2.08PA50center0With_background20num19.dat Nelder-Mead  1.0e-04 0 0 1 0     NFW        0.0011  -0.0005     -1.897 0.000   0   2.13   54.9       -554.4642       -1099.907   241   0.0011  -0.0005     -1.897 0.000   0   2.03    0.042
2018-05-05-19:10:06 1.11  Mocks_Em/MockNFW40ellip5loga2.08PA50center0With_background20num20.dat Nelder-Mead  1.0e-04 0 0 1 0     NFW        0.0004   0.0005     -1.933 0.000   0   2.05   44.0       -475.0105       -940.9993   241   0.0004   0.0005     -1.886 0.000   0   2.00    0.041
2018-05-05-19:10:06 1.11  Mocks_Em/MockNFW40ellip5loga2.08PA50center0With_background20num21.dat Nelder-Mead  1.0e-04 0 0 1 0     NFW      359.9983  -0.0008     -1.904 0.000   0   2.11   53.3       -574.6692       -1140.317   241 359.9983  -0.0008     -1.904 0.000   0   2.01    0.042
2018-05-05-19:10:06 1.11  Mocks_Em/MockNFW40ellip5loga2.08PA50center0With_background20num22.dat Nelder-Mead  1.0e-04 0 0 1 0     NFW      359.9989  -0.0011     -1.906 0.000   0   2.12   53.3        -563.867       -1118.712   241 359.9989  -0.0011     -1.906 0.000   0   2.02    0.041
2018-05-05-19:10:06 1.11  Mocks_Em/MockNFW40ellip5loga2.08PA50center0With_background20num23.dat Nelder-Mead  1.0e-04 0 0 1 0     NFW      360.0000  -0.0008     -1.963 0.000   0   2.10   45.4       -523.4664       -1037.911   241 360.0000  -0.0008     -1.915 0.000   0   2.05    0.040
2018-05-05-19:10:06 1.11  Mocks_Em/MockNFW40ellip5loga2.08PA50center0With_background20num24.dat Nelder-Mead  1.0e-04 0 0 1 0     NFW        0.0014   0.0013     -1.885 0.000   0   2.13   57.9       -585.4763       -1161.931   241   0.0014   0.0013     -1.885 0.000   0   2.03    0.041
2018-05-05-19:10:06 1.11  Mocks_Em/MockNFW40ellip5loga2.08PA50center0With_background20num25.dat Nelder-Mead  1.0e-04 0 0 1 0     NFW      359.9991  -0.0007     -1.954 0.000   0   2.10   46.6        -550.254       -1091.486   241 359.9991  -0.0007     -1.919 0.000   0   2.03    0.041
2018-05-05-19:10:06 1.11  Mocks_Em/MockNFW40ellip5loga2.08PA50center0With_background20num26.dat Nelder-Mead  1.0e-04 0 0 1 0     NFW        0.0003   0.0010     -1.925 0.000   0   2.11   47.5       -516.9409        -1024.86   241   0.0003   0.0010     -1.925 0.000   0   2.01    0.041
2018-05-05-19:10:06 1.11  Mocks_Em/MockNFW40ellip5loga2.08PA50center0With_background20num27.dat Nelder-Mead  1.0e-04 0 0 1 0     NFW      359.9994   0.0008     -1.921 0.000   0   2.09   50.1        -513.269       -1017.516   241 359.9994   0.0008     -1.874 0.000   0   2.04    0.041
2018-05-05-19:10:06 1.11  Mocks_Em/MockNFW40ellip5loga2.08PA50center0With_background20num28.dat Nelder-Mead  1.0e-04 0 0 1 0     NFW      359.9982  -0.0006     -1.905 0.000   0   2.12   54.7       -594.0788       -1179.136   241 359.9982  -0.0006     -1.905 0.000   0   2.02    0.042
2018-05-05-19:10:06 1.11  Mocks_Em/MockNFW40ellip5loga2.08PA50center0With_background20num29.dat Nelder-Mead  1.0e-04 0 0 1 0     NFW      359.9996   0.0010     -1.927 0.000   0   2.15   51.4       -555.9681       -1102.915   241 359.9996   0.0010     -1.927 0.000   0   2.05    0.041
2018-05-05-19:10:06 1.11  Mocks_Em/MockNFW40ellip5loga2.08PA50center0With_background20num30.dat Nelder-Mead  1.0e-04 0 0 1 0     NFW        0.0005   0.0015     -1.940 0.000   0   2.07   46.7       -519.3921       -1029.762   241   0.0005   0.0015     -1.892 0.000   0   2.02    0.040
2018-05-05-19:10:06 1.11  Mocks_Em/MockNFW40ellip5loga2.08PA50center0With_background20num31.dat Nelder-Mead  1.0e-04 0 0 1 0     NFW        0.0009   0.0014     -1.955 0.000   0   2.17   49.9       -587.3316       -1165.642   241   0.0009   0.0014     -1.955 0.000   0   2.07    0.041
2018-05-05-19:10:06 1.11  Mocks_Em/MockNFW40ellip5loga2.08PA50center0With_background20num32.dat Nelder-Mead  1.0e-04 0 0 1 0     NFW        0.0004  -0.0005     -1.953 0.000   0   2.08   45.3       -512.3446       -1015.667   241   0.0004  -0.0005     -1.905 0.000   0   2.03    0.040
2018-05-05-19:10:06 1.11  Mocks_Em/MockNFW40ellip5loga2.08PA50center0With_background20num33.dat Nelder-Mead  1.0e-04 0 0 1 0     NFW        0.0022   0.0007     -1.921 0.000   0   2.13   53.1       -600.7648       -1192.508   241   0.0022   0.0007     -1.921 0.000   0   2.03    0.042
2018-05-05-19:10:06 1.11  Mocks_Em/MockNFW40ellip5loga2.08PA50center0With_background20num34.dat Nelder-Mead  1.0e-04 0 0 1 0     NFW      359.9993   0.0008     -1.928 0.000   0   2.17   54.1       -596.0256       -1183.029   241 359.9993   0.0008     -1.928 0.000   0   2.07    0.041
2018-05-05-19:10:06 1.11  Mocks_Em/MockNFW40ellip5loga2.08PA50center0With_background20num35.dat Nelder-Mead  1.0e-04 0 0 1 0     NFW      359.9994   0.0004     -1.928 0.000   0   2.03   45.9        -489.348       -969.6742   241 359.9994   0.0004     -1.858 0.000   0   2.00    0.039
2018-05-05-19:10:06 1.11  Mocks_Em/MockNFW40ellip5loga2.08PA50center0With_background20num36.dat Nelder-Mead  1.0e-04 0 0 1 0     NFW      359.9992  -0.0001     -1.950 0.000   0   2.13   45.6       -522.4299       -1035.838   241 359.9992  -0.0001     -1.950 0.000   0   2.03    0.043
2018-05-05-19:10:06 1.11  Mocks_Em/MockNFW40ellip5loga2.08PA50center0With_background20num37.dat Nelder-Mead  1.0e-04 0 0 1 0     NFW      359.9989  -0.0012     -1.936 0.000   0   2.09   50.6       -577.8958        -1146.77   241 359.9989  -0.0012     -1.888 0.000   0   2.04    0.041
2018-05-05-19:10:06 1.11  Mocks_Em/MockNFW40ellip5loga2.08PA50center0With_background20num38.dat Nelder-Mead  1.0e-04 0 0 1 0     NFW      359.9997   0.0004     -2.020 0.000   0   2.07   41.1       -564.0487       -1119.076   241 359.9997   0.0004     -1.924 0.000   0   2.07    0.041
2018-05-05-19:10:06 1.11  Mocks_Em/MockNFW40ellip5loga2.08PA50center0With_background20num39.dat Nelder-Mead  1.0e-04 0 0 1 0     NFW      359.9999   0.0002     -1.939 0.000   0   2.20   53.8       -573.5572       -1138.093   241 359.9999   0.0002     -1.939 0.000   0   2.10    0.042
2018-05-05-19:10:06 1.11  Mocks_Em/MockNFW40ellip5loga2.08PA50center0With_background20num40.dat Nelder-Mead  1.0e-04 0 0 1 0     NFW        0.0004  -0.0001     -1.973 0.000   0   2.19   47.1       -544.9377       -1080.854   241   0.0004  -0.0001     -1.973 0.000   0   2.08    0.042
2018-05-05-19:10:06 1.11  Mocks_Em/MockNFW40ellip5loga2.08PA50center0With_background20num41.dat Nelder-Mead  1.0e-04 0 0 1 0     NFW      360.0000  -0.0006     -1.996 0.000   0   2.19   46.4       -598.1891       -1187.356   241 360.0000  -0.0006     -1.996 0.000   0   2.09    0.041
2018-05-05-19:10:06 1.11  Mocks_Em/MockNFW40ellip5loga2.08PA50center0With_background20num42.dat Nelder-Mead  1.0e-04 0 0 1 0     NFW      359.9988   0.0017     -1.922 0.000   0   2.15   52.6       -563.6043       -1118.187   241 359.9988   0.0017     -1.922 0.000   0   2.05    0.040
2018-05-05-19:10:06 1.11  Mocks_Em/MockNFW40ellip5loga2.08PA50center0With_background20num43.dat Nelder-Mead  1.0e-04 0 0 1 0     NFW        0.0011  -0.0002     -2.041 0.000   0   2.05   37.3       -542.4927       -1075.964   241   0.0011  -0.0002     -1.944 0.000   0   2.05    0.042
2018-05-05-19:10:06 1.11  Mocks_Em/MockNFW40ellip5loga2.08PA50center0With_background20num44.dat Nelder-Mead  1.0e-04 0 0 1 0     NFW      359.9994   0.0007     -1.934 0.000   0   2.17   52.8       -578.4605       -1147.899   241 359.9994   0.0007     -1.934 0.000   0   2.07    0.041
2018-05-05-19:10:06 1.11  Mocks_Em/MockNFW40ellip5loga2.08PA50center0With_background20num45.dat Nelder-Mead  1.0e-04 0 0 1 0     NFW      359.9997   0.0004     -1.927 0.000   0   2.19   54.1       -563.1024       -1117.183   241 359.9997   0.0004     -1.927 0.000   0   2.08    0.041
2018-05-05-19:10:06 1.11  Mocks_Em/MockNFW40ellip5loga2.08PA50center0With_background20num46.dat Nelder-Mead  1.0e-04 0 0 1 0     NFW      359.9979   0.0002     -2.041 0.000   0   2.00   36.7       -576.0505       -1143.079   241 359.9979   0.0002     -1.944 0.000   0   2.00    0.042
2018-05-05-19:10:06 1.11  Mocks_Em/MockNFW40ellip5loga2.08PA50center0With_background20num47.dat Nelder-Mead  1.0e-04 0 0 1 0     NFW      359.9993   0.0001     -1.974 0.000   0   2.13   46.0       -536.7261        -1064.43   241 359.9993   0.0001     -1.926 0.000   0   2.07    0.042
2018-05-05-19:10:06 1.11  Mocks_Em/MockNFW40ellip5loga2.08PA50center0With_background20num48.dat Nelder-Mead  1.0e-04 0 0 1 0     NFW        0.0005  -0.0001     -1.922 0.000   0   2.18   54.3        -567.518       -1126.014   241   0.0005  -0.0001     -1.922 0.000   0   2.07    0.042
2018-05-05-19:10:06 1.11  Mocks_Em/MockNFW40ellip5loga2.08PA50center0With_background20num49.dat Nelder-Mead  1.0e-04 0 0 1 0     NFW        0.0022  -0.0010     -1.930 0.000   0   2.09   49.0       -588.5552       -1168.089   241   0.0022  -0.0010     -1.930 0.000   0   1.99    0.041
2018-05-05-19:10:06 1.11  Mocks_Em/MockNFW40ellip5loga2.08PA50center0With_background20num50.dat Nelder-Mead  1.0e-04 0 0 1 0     NFW        0.0012   0.0018     -1.866 0.000   0   2.10   58.9       -584.1152       -1159.209   241   0.0012   0.0018     -1.866 0.000   0   2.00    0.041
2018-05-05-19:10:06 1.11  Mocks_Em/MockNFW40ellip5loga2.08PA50center0With_background20num51.dat Nelder-Mead  1.0e-04 0 0 1 0     NFW      359.9995  -0.0003     -1.937 0.000   0   2.10   50.5       -560.6208        -1112.22   241 359.9995  -0.0003     -1.890 0.000   0   2.05    0.041
2018-05-05-19:10:06 1.11  Mocks_Em/MockNFW40ellip5loga2.08PA50center0With_background20num52.dat Nelder-Mead  1.0e-04 0 0 1 0     NFW      359.9985   0.0001     -1.918 0.000   0   2.06   49.3       -535.0488       -1061.076   241 359.9985   0.0001     -1.872 0.000   0   2.01    0.041
2018-05-05-19:10:06 1.11  Mocks_Em/MockNFW40ellip5loga2.08PA50center0With_background20num53.dat Nelder-Mead  1.0e-04 0 0 1 0     NFW      359.9991   0.0003     -1.924 0.000   0   2.07   48.9        -520.512       -1032.002   241 359.9991   0.0003     -1.877 0.000   0   2.02    0.041
2018-05-05-19:10:06 1.11  Mocks_Em/MockNFW40ellip5loga2.08PA50center0With_background20num54.dat Nelder-Mead  1.0e-04 0 0 1 0     NFW        0.0001  -0.0002     -1.964 0.000   0   2.12   47.4       -545.7763       -1082.531   241   0.0001  -0.0002     -1.916 0.000   0   2.07    0.041
2018-05-05-19:10:06 1.11  Mocks_Em/MockNFW40ellip5loga2.08PA50center0With_background20num55.dat Nelder-Mead  1.0e-04 0 0 1 0     NFW        0.0004   0.0001     -1.944 0.000   0   2.04   43.6       -474.1236       -939.2255   241   0.0004   0.0001     -1.873 0.000   0   2.01    0.040
2018-05-05-19:10:06 1.11  Mocks_Em/MockNFW40ellip5loga2.08PA50center0With_background20num56.dat Nelder-Mead  1.0e-04 0 0 1 0     NFW      359.9994   0.0001     -1.949 0.000   0   2.09   46.0       -504.1978       -999.3739   241 359.9994   0.0001     -1.901 0.000   0   2.04    0.042
2018-05-05-19:10:06 1.11  Mocks_Em/MockNFW40ellip5loga2.08PA50center0With_background20num57.dat Nelder-Mead  1.0e-04 0 0 1 0     NFW      359.9983   0.0001     -1.909 0.000   0   2.11   50.4       -532.0378       -1055.054   241 359.9983   0.0001     -1.909 0.000   0   2.01    0.042
2018-05-05-19:10:06 1.11  Mocks_Em/MockNFW40ellip5loga2.08PA50center0With_background20num58.dat Nelder-Mead  1.0e-04 0 0 1 0     NFW        0.0009  -0.0011     -1.907 0.000   0   2.08   52.6       -542.1406       -1075.259   241   0.0009  -0.0011     -1.860 0.000   0   2.03    0.040
2018-05-05-19:10:06 1.11  Mocks_Em/MockNFW40ellip5loga2.08PA50center0With_background20num59.dat Nelder-Mead  1.0e-04 0 0 1 0     NFW        0.0008   0.0003     -1.927 0.000   0   2.08   47.8       -503.7455       -998.4692   241   0.0008   0.0003     -1.880 0.000   0   2.03    0.041
2018-05-05-19:10:06 1.11  Mocks_Em/MockNFW40ellip5loga2.08PA50center0With_background20num60.dat Nelder-Mead  1.0e-04 0 0 1 0     NFW        0.0007   0.0001     -1.921 0.000   0   2.05   46.3       -481.2516       -953.4816   241   0.0007   0.0001     -1.874 0.000   0   2.00    0.041
2018-05-05-19:10:06 1.11  Mocks_Em/MockNFW40ellip5loga2.08PA50center0With_background20num61.dat Nelder-Mead  1.0e-04 0 0 1 0     NFW      359.9993  -0.0012     -1.929 0.000   0   2.06   49.0       -548.7527       -1088.484   241 359.9993  -0.0012     -1.882 0.000   0   2.01    0.040
2018-05-05-19:10:06 1.11  Mocks_Em/MockNFW40ellip5loga2.08PA50center0With_background20num62.dat Nelder-Mead  1.0e-04 0 0 1 0     NFW      359.9984   0.0012     -1.920 0.000   0   2.13   53.5       -608.1135       -1207.205   241 359.9984   0.0012     -1.920 0.000   0   2.03    0.041
2018-05-05-19:10:06 1.11  Mocks_Em/MockNFW40ellip5loga2.08PA50center0With_background20num63.dat Nelder-Mead  1.0e-04 0 0 1 0     NFW      359.9993  -0.0008     -1.916 0.000   0   2.13   51.3       -540.1155       -1071.209   241 359.9993  -0.0008     -1.916 0.000   0   2.03    0.041
2018-05-05-19:10:06 1.11  Mocks_Em/MockNFW40ellip5loga2.08PA50center0With_background20num64.dat Nelder-Mead  1.0e-04 0 0 1 0     NFW      359.9988  -0.0001     -1.905 0.000   0   2.17   57.4       -590.1531       -1171.284   241 359.9988  -0.0001     -1.905 0.000   0   2.07    0.042
2018-05-05-19:10:06 1.11  Mocks_Em/MockNFW40ellip5loga2.08PA50center0With_background20num65.dat Nelder-Mead  1.0e-04 0 0 1 0     NFW        0.0006  -0.0000     -2.026 0.000   0   2.08   39.2       -547.5358        -1086.05   241   0.0006  -0.0000     -1.958 0.000   0   2.05    0.043
2018-05-05-19:10:06 1.11  Mocks_Em/MockNFW40ellip5loga2.08PA50center0With_background20num66.dat Nelder-Mead  1.0e-04 0 0 1 0     NFW      359.9997  -0.0008     -1.910 0.000   0   2.07   50.8       -528.4095       -1047.797   241 359.9997  -0.0008     -1.863 0.000   0   2.02    0.041
2018-05-05-19:10:06 1.11  Mocks_Em/MockNFW40ellip5loga2.08PA50center0With_background20num67.dat Nelder-Mead  1.0e-04 0 0 1 0     NFW      359.9991   0.0008     -1.893 0.000   0   2.13   55.7       -563.5512       -1118.081   241 359.9991   0.0008     -1.893 0.000   0   2.03    0.042
2018-05-05-19:10:06 1.11  Mocks_Em/MockNFW40ellip5loga2.08PA50center0With_background20num68.dat Nelder-Mead  1.0e-04 0 0 1 0     NFW      359.9998  -0.0004     -1.909 0.000   0   2.07   50.6       -515.5306        -1022.04   241 359.9998  -0.0004     -1.862 0.000   0   2.02    0.040
2018-05-05-19:10:06 1.11  Mocks_Em/MockNFW40ellip5loga2.08PA50center0With_background20num69.dat Nelder-Mead  1.0e-04 0 0 1 0     NFW      359.9988  -0.0019     -2.033 0.000   0   2.09   39.9       -588.8169       -1168.612   241 359.9988  -0.0019     -1.974 0.000   0   2.05    0.041
2018-05-05-19:10:06 1.11  Mocks_Em/MockNFW40ellip5loga2.08PA50center0With_background20num70.dat Nelder-Mead  1.0e-04 0 0 1 0     NFW        0.0019  -0.0005     -1.912 0.000   0   2.09   52.9       -557.5739       -1106.126   241   0.0019  -0.0005     -1.865 0.000   0   2.04    0.040
2018-05-05-19:10:06 1.11  Mocks_Em/MockNFW40ellip5loga2.08PA50center0With_background20num71.dat Nelder-Mead  1.0e-04 0 0 1 0     NFW        0.0015   0.0004     -1.923 0.000   0   2.13   51.4       -573.5854       -1138.149   241   0.0015   0.0004     -1.923 0.000   0   2.03    0.042
2018-05-05-19:10:06 1.11  Mocks_Em/MockNFW40ellip5loga2.08PA50center0With_background20num72.dat Nelder-Mead  1.0e-04 0 0 1 0     NFW        0.0000   0.0002     -1.946 0.000   0   2.01   40.6       -426.8419       -844.6621   241   0.0000   0.0002     -1.865 0.000   0   1.99    0.039
2018-05-05-19:10:06 1.11  Mocks_Em/MockNFW40ellip5loga2.08PA50center0With_background20num73.dat Nelder-Mead  1.0e-04 0 0 1 0     NFW      359.9999   0.0002     -1.948 0.000   0   2.11   48.8       -547.1171       -1085.212   241 359.9999   0.0002     -1.900 0.000   0   2.06    0.041
2018-05-05-19:10:06 1.11  Mocks_Em/MockNFW40ellip5loga2.08PA50center0With_background20num74.dat Nelder-Mead  1.0e-04 0 0 1 0     NFW      359.9989   0.0001     -2.016 0.000   0   2.07   43.4       -611.4932       -1213.965   241 359.9989   0.0001     -2.016 0.000   0   2.07    0.042
2018-05-05-19:10:06 1.11  Mocks_Em/MockNFW40ellip5loga2.08PA50center0With_background20num75.dat Nelder-Mead  1.0e-04 0 0 1 0     NFW      359.9996   0.0004     -1.944 0.000   0   2.08   45.5       -495.2849       -981.5481   241 359.9996   0.0004     -1.897 0.000   0   2.03    0.040
2018-05-05-19:10:06 1.11  Mocks_Em/MockNFW40ellip5loga2.08PA50center0With_background20num76.dat Nelder-Mead  1.0e-04 0 0 1 0     NFW      359.9993   0.0005     -1.962 0.000   0   2.18   47.6       -536.4049       -1063.788   241 359.9993   0.0005     -1.962 0.000   0   2.07    0.041
2018-05-05-19:10:06 1.11  Mocks_Em/MockNFW40ellip5loga2.08PA50center0With_background20num77.dat Nelder-Mead  1.0e-04 0 0 1 0     NFW      359.9998  -0.0002     -1.982 0.000   0   2.00   38.1       -457.5759         -906.13   241 359.9998  -0.0002     -1.888 0.000   0   2.00    0.040
2018-05-05-19:10:06 1.11  Mocks_Em/MockNFW40ellip5loga2.08PA50center0With_background20num78.dat Nelder-Mead  1.0e-04 0 0 1 0     NFW      359.9995   0.0018     -1.889 0.000   0   2.15   59.2       -602.3658        -1195.71   241 359.9995   0.0018     -1.889 0.000   0   2.04    0.041
2018-05-05-19:10:06 1.11  Mocks_Em/MockNFW40ellip5loga2.08PA50center0With_background20num79.dat Nelder-Mead  1.0e-04 0 0 1 0     NFW      359.9993   0.0005     -1.973 0.000   0   2.13   44.3        -555.256        -1101.49   241 359.9993   0.0005     -1.973 0.000   0   2.03    0.041
2018-05-05-19:10:06 1.11  Mocks_Em/MockNFW40ellip5loga2.08PA50center0With_background20num80.dat Nelder-Mead  1.0e-04 0 0 1 0     NFW      359.9997   0.0007     -1.921 0.000   0   2.16   52.3       -547.8581       -1086.695   241 359.9997   0.0007     -1.921 0.000   0   2.05    0.041
2018-05-05-19:10:06 1.11  Mocks_Em/MockNFW40ellip5loga2.08PA50center0With_background20num81.dat Nelder-Mead  1.0e-04 0 0 1 0     NFW        0.0001   0.0002     -1.950 0.000   0   2.19   50.4       -561.4449       -1113.868   241   0.0001   0.0002     -1.950 0.000   0   2.08    0.041
2018-05-05-19:10:06 1.11  Mocks_Em/MockNFW40ellip5loga2.08PA50center0With_background20num82.dat Nelder-Mead  1.0e-04 0 0 1 0     NFW        0.0002   0.0005     -1.931 0.000   0   2.17   51.3       -537.0444       -1065.067   241   0.0002   0.0005     -1.931 0.000   0   2.07    0.043
2018-05-05-19:10:06 1.11  Mocks_Em/MockNFW40ellip5loga2.08PA50center0With_background20num83.dat Nelder-Mead  1.0e-04 0 0 1 0     NFW        0.0008   0.0006     -1.916 0.000   0   2.05   47.4       -497.0457       -985.0698   241   0.0008   0.0006     -1.869 0.000   0   2.00    0.042
2018-05-05-19:10:06 1.11  Mocks_Em/MockNFW40ellip5loga2.08PA50center0With_background20num84.dat Nelder-Mead  1.0e-04 0 0 1 0     NFW        0.0002  -0.0004     -1.958 0.000   0   2.10   46.7       -529.4408        -1049.86   241   0.0002  -0.0004     -1.910 0.000   0   2.05    0.043
2018-05-05-19:10:06 1.11  Mocks_Em/MockNFW40ellip5loga2.08PA50center0With_background20num85.dat Nelder-Mead  1.0e-04 0 0 1 0     NFW      359.9987   0.0004     -1.916 0.000   0   2.09   51.9       -541.0965       -1073.171   241 359.9987   0.0004     -1.869 0.000   0   2.04    0.043
2018-05-05-19:10:06 1.11  Mocks_Em/MockNFW40ellip5loga2.08PA50center0With_background20num86.dat Nelder-Mead  1.0e-04 0 0 1 0     NFW      359.9999   0.0011     -1.906 0.000   0   2.11   50.4       -521.3887       -1033.756   241 359.9999   0.0011     -1.906 0.000   0   2.01    0.042
2018-05-05-19:10:06 1.11  Mocks_Em/MockNFW40ellip5loga2.08PA50center0With_background20num87.dat Nelder-Mead  1.0e-04 0 0 1 0     NFW        0.0001   0.0003     -1.942 0.000   0   2.13   45.4       -493.7704       -978.5191   241   0.0001   0.0003     -1.942 0.000   0   2.03    0.041
2018-05-05-19:10:06 1.11  Mocks_Em/MockNFW40ellip5loga2.08PA50center0With_background20num88.dat Nelder-Mead  1.0e-04 0 0 1 0     NFW        0.0012   0.0006     -1.922 0.000   0   2.07   50.1       -550.3077       -1091.594   241   0.0012   0.0006     -1.875 0.000   0   2.02    0.040
2018-05-05-19:10:06 1.11  Mocks_Em/MockNFW40ellip5loga2.08PA50center0With_background20num89.dat Nelder-Mead  1.0e-04 0 0 1 0     NFW      359.9998  -0.0003     -1.961 0.000   0   2.19   48.2       -534.3807        -1059.74   241 359.9998  -0.0003     -1.961 0.000   0   2.09    0.041
2018-05-05-19:10:06 1.11  Mocks_Em/MockNFW40ellip5loga2.08PA50center0With_background20num90.dat Nelder-Mead  1.0e-04 0 0 1 0     NFW      359.9987   0.0001     -1.933 0.000   0   2.06   47.5        -532.219       -1055.416   241 359.9987   0.0001     -1.886 0.000   0   2.01    0.041
2018-05-05-19:10:06 1.11  Mocks_Em/MockNFW40ellip5loga2.08PA50center0With_background20num91.dat Nelder-Mead  1.0e-04 0 0 1 0     NFW        0.0002  -0.0014     -1.899 0.000   0   2.12   53.7       -561.3954       -1113.769   241   0.0002  -0.0014     -1.899 0.000   0   2.02    0.041
2018-05-05-19:10:06 1.11  Mocks_Em/MockNFW40ellip5loga2.08PA50center0With_background20num92.dat Nelder-Mead  1.0e-04 0 0 1 0     NFW      359.9990   0.0010     -1.918 0.000   0   2.15   54.0       -580.9032       -1152.785   241 359.9990   0.0010     -1.918 0.000   0   2.05    0.041
2018-05-05-19:10:06 1.11  Mocks_Em/MockNFW40ellip5loga2.08PA50center0With_background20num93.dat Nelder-Mead  1.0e-04 0 0 1 0     NFW        0.0001  -0.0015     -1.925 0.000   0   2.08   50.5       -547.3233       -1085.625   241   0.0001  -0.0015     -1.878 0.000   0   2.03    0.040
2018-05-05-19:10:06 1.11  Mocks_Em/MockNFW40ellip5loga2.08PA50center0With_background20num94.dat Nelder-Mead  1.0e-04 0 0 1 0     NFW        0.0002  -0.0002     -1.930 0.000   0   2.05   44.8       -475.7566       -942.4915   241   0.0002  -0.0002     -1.883 0.000   0   2.00    0.041
2018-05-05-19:10:06 1.11  Mocks_Em/MockNFW40ellip5loga2.08PA50center0With_background20num95.dat Nelder-Mead  1.0e-04 0 0 1 0     NFW      359.9986   0.0004     -1.926 0.000   0   2.11   49.3       -553.1234       -1097.225   241 359.9986   0.0004     -1.926 0.000   0   2.01    0.043
2018-05-05-19:10:06 1.11  Mocks_Em/MockNFW40ellip5loga2.08PA50center0With_background20num96.dat Nelder-Mead  1.0e-04 0 0 1 0     NFW        0.0007  -0.0001     -1.949 0.000   0   2.14   47.1       -536.2282       -1063.435   241   0.0007  -0.0001     -1.949 0.000   0   2.04    0.044
2018-05-05-19:10:06 1.11  Mocks_Em/MockNFW40ellip5loga2.08PA50center0With_background20num97.dat Nelder-Mead  1.0e-04 0 0 1 0     NFW      359.9997  -0.0003     -1.936 0.000   0   2.09   48.4        -523.446        -1037.87   241 359.9997  -0.0003     -1.889 0.000   0   2.04    0.042
2018-05-05-19:10:06 1.11  Mocks_Em/MockNFW40ellip5loga2.08PA50center0With_background20num98.dat Nelder-Mead  1.0e-04 0 0 1 0     NFW      359.9992   0.0002     -1.917 0.000   0   2.01   45.8       -480.0234        -951.025   241 359.9992   0.0002     -1.848 0.000   0   1.98    0.042
2018-05-05-19:10:06 1.11  Mocks_Em/MockNFW40ellip5loga2.08PA50center0With_background20num99.dat Nelder-Mead  1.0e-04 0 0 1 0     NFW      359.9993   0.0005     -1.918 0.000   0   2.11   48.2       -502.5269       -996.0322   241 359.9993   0.0005     -1.918 0.000   0   2.01    0.043
