2018-05-05-19:09:19 1.11  Mocks_Em/MockNFW40ellip5loga2.08PA50center0With_background20num0.dat TNC          1.0e-04 0 0 1 0     NFW      359.9996  -0.0022     -1.878 0.000   0   3.83   56.9       -616.5903       -1224.159    46 359.9996  -0.0022     -1.987 0.000   0   2.04    0.151
2018-05-05-19:09:19 1.11  Mocks_Em/MockNFW40ellip5loga2.08PA50center0With_background20num1.dat TNC          1.0e-04 0 0 1 0     NFW        0.0005   0.0012     -2.342 0.000   0   4.87    3.4       -564.5039       -1119.986    68   0.0005   0.0012     -1.920 0.000   0   2.02    0.201
2018-05-05-19:09:19 1.11  Mocks_Em/MockNFW40ellip5loga2.08PA50center0With_background20num2.dat TNC          1.0e-04 0 0 1 0     NFW        0.0004  -0.0005     -1.916 0.000   0   5.01   -2.1       -546.1475       -1083.273    23   0.0004  -0.0005     -1.903 0.000   0   2.06    0.069
2018-05-05-19:09:19 1.11  Mocks_Em/MockNFW40ellip5loga2.08PA50center0With_background20num3.dat TNC          1.0e-04 0 0 1 0     NFW        0.0010  -0.0005     -1.901 0.000   0   5.02   -9.1        -533.031        -1057.04     5   0.0010  -0.0005     -1.874 0.000   0   2.02    0.018
2018-05-05-19:09:19 1.11  Mocks_Em/MockNFW40ellip5loga2.08PA50center0With_background20num4.dat TNC          1.0e-04 0 0 1 0     NFW        0.0020  -0.0004     -3.073 0.000   0   4.93    0.2       -528.5199       -1048.018    88   0.0020  -0.0004     -1.895 0.000   0   2.01    0.260
2018-05-05-19:09:19 1.11  Mocks_Em/MockNFW40ellip5loga2.08PA50center0With_background20num5.dat TNC          1.0e-04 0 0 1 0     NFW        0.0006  -0.0001     -2.596 0.000   0   4.96    0.8        -571.489       -1133.956    82   0.0006  -0.0001     -1.907 0.000   0   2.06    0.246
2018-05-05-19:09:19 1.11  Mocks_Em/MockNFW40ellip5loga2.08PA50center0With_background20num6.dat TNC          1.0e-04 0 0 1 0     NFW      359.9994   0.0007     -1.925 0.000   0   4.86   18.4       -581.2924       -1153.563    30 359.9994   0.0007     -1.980 0.000   0   2.10    0.092
2018-05-05-19:09:19 1.11  Mocks_Em/MockNFW40ellip5loga2.08PA50center0With_background20num7.dat TNC          1.0e-04 0 0 1 0     NFW      359.9991   0.0007     -1.899 0.000   0   4.51   30.8       -506.2219       -1003.422    25 359.9991   0.0007     -1.910 0.000   0   2.00    0.076
2018-05-05-19:09:19 1.11  Mocks_Em/MockNFW40ellip5loga2.08PA50center0With_background20num8.dat TNC          1.0e-04 0 0 1 0     NFW        0.0005   0.0005     -2.071 0.000   0   2.01   32.3       -502.5548       -996.0879    31   0.0005   0.0005     -1.926 0.000   0   2.02    0.093
2018-05-05-19:09:19 1.11  Mocks_Em/MockNFW40ellip5loga2.08PA50center0With_background20num9.dat TNC          1.0e-04 0 0 1 0     NFW        0.0016   0.0003     -1.906 0.000   0   4.40   38.0       -532.6903       -1056.359    26   0.0016   0.0003     -1.896 0.000   0   2.03    0.078
2018-05-05-19:09:19 1.11  Mocks_Em/MockNFW40ellip5loga2.08PA50center0With_background20num10.dat TNC          1.0e-04 0 0 1 0     NFW      359.9986  -0.0013     -1.876 0.000   0   3.50   58.4       -608.5856       -1208.149    26 359.9986  -0.0013     -1.982 0.000   0   2.03    0.078
2018-05-05-19:09:19 1.11  Mocks_Em/MockNFW40ellip5loga2.08PA50center0With_background20num11.dat TNC          1.0e-04 0 0 1 0     NFW        0.0002   0.0003     -1.913 0.000   0   4.55   32.4       -533.5635       -1058.105    25   0.0002   0.0003     -1.925 0.000   0   2.04    0.075
2018-05-05-19:09:19 1.11  Mocks_Em/MockNFW40ellip5loga2.08PA50center0With_background20num12.dat TNC          1.0e-04 0 0 1 0     NFW        0.0006  -0.0001     -1.910 0.000   0   4.39   36.0       -510.3596       -1011.698    33   0.0006  -0.0001     -1.897 0.000   0   2.02    0.098
2018-05-05-19:09:19 1.11  Mocks_Em/MockNFW40ellip5loga2.08PA50center0With_background20num13.dat TNC          1.0e-04 0 0 1 0     NFW        0.0008   0.0003     -1.904 0.000   0   4.82   12.9       -520.4123       -1031.803    39   0.0008   0.0003     -1.882 0.000   0   2.02    0.114
2018-05-05-19:09:19 1.11  Mocks_Em/MockNFW40ellip5loga2.08PA50center0With_background20num14.dat TNC          1.0e-04 0 0 1 0     NFW      359.9997  -0.0007     -3.195 0.000   0   5.04   -1.0        -534.603       -1060.184    60 359.9997  -0.0007     -1.868 0.000   0   2.04    0.175
2018-05-05-19:09:19 1.11  Mocks_Em/MockNFW40ellip5loga2.08PA50center0With_background20num15.dat TNC          1.0e-04 0 0 1 0     NFW        0.0002  -0.0008     -2.508 0.000   0   4.76    5.9       -575.2567       -1141.492   141   0.0002  -0.0008     -1.949 0.000   0   2.05    0.413
2018-05-05-19:09:19 1.11  Mocks_Em/MockNFW40ellip5loga2.08PA50center0With_background20num16.dat TNC          1.0e-04 0 0 1 0     NFW        0.0010   0.0010     -1.955 0.000   0   4.84   12.0        -557.329       -1105.636    48   0.0010   0.0010     -1.905 0.000   0   2.04    0.141
2018-05-05-19:09:19 1.11  Mocks_Em/MockNFW40ellip5loga2.08PA50center0With_background20num17.dat TNC          1.0e-04 0 0 1 0     NFW        0.0010   0.0011     -2.432 0.000   0   4.83    4.5       -576.2907        -1143.56   106   0.0010   0.0011     -1.884 0.000   0   2.04    0.308
2018-05-05-19:09:19 1.11  Mocks_Em/MockNFW40ellip5loga2.08PA50center0With_background20num18.dat TNC          1.0e-04 0 0 1 0     NFW        0.0002   0.0000     -1.919 0.000   0   4.69   27.1       -549.9363       -1090.851    32   0.0002   0.0000     -1.940 0.000   0   2.07    0.095
2018-05-05-19:09:19 1.11  Mocks_Em/MockNFW40ellip5loga2.08PA50center0With_background20num19.dat TNC          1.0e-04 0 0 1 0     NFW        0.0011  -0.0005     -1.896 0.000   0   4.85   12.4       -556.0458        -1103.07    21   0.0011  -0.0005     -1.897 0.000   0   2.03    0.064
2018-05-05-19:09:19 1.11  Mocks_Em/MockNFW40ellip5loga2.08PA50center0With_background20num20.dat TNC          1.0e-04 0 0 1 0     NFW        0.0004   0.0005     -3.518 0.000   0   5.00   -0.7        -476.672       -944.3222   126   0.0004   0.0005     -1.886 0.000   0   2.00    0.362
2018-05-05-19:09:19 1.11  Mocks_Em/MockNFW40ellip5loga2.08PA50center0With_background20num21.dat TNC          1.0e-04 0 0 1 0     NFW      359.9983  -0.0008     -1.873 0.000   0   4.92    3.1       -577.4266       -1145.831    31 359.9983  -0.0008     -1.904 0.000   0   2.01    0.093
2018-05-05-19:09:19 1.11  Mocks_Em/MockNFW40ellip5loga2.08PA50center0With_background20num22.dat TNC          1.0e-04 0 0 1 0     NFW      359.9989  -0.0011     -1.885 0.000   0   4.94    2.0       -566.1403       -1123.259    48 359.9989  -0.0011     -1.906 0.000   0   2.02    0.141
2018-05-05-19:09:19 1.11  Mocks_Em/MockNFW40ellip5loga2.08PA50center0With_background20num23.dat TNC          1.0e-04 0 0 1 0     NFW      360.0000  -0.0008     -1.986 0.000   0   4.37   32.4       -523.5887       -1038.156    50 360.0000  -0.0008     -1.915 0.000   0   2.05    0.145
2018-05-05-19:09:19 1.11  Mocks_Em/MockNFW40ellip5loga2.08PA50center0With_background20num24.dat TNC          1.0e-04 0 0 1 0     NFW        0.0014   0.0013     -1.880 0.000   0   4.90    8.1       -587.9012       -1166.781    43   0.0014   0.0013     -1.885 0.000   0   2.03    0.127
2018-05-05-19:09:19 1.11  Mocks_Em/MockNFW40ellip5loga2.08PA50center0With_background20num25.dat TNC          1.0e-04 0 0 1 0     NFW      359.9991  -0.0007     -2.928 0.000   0   4.93    0.5        -552.069       -1095.116   161 359.9991  -0.0007     -1.919 0.000   0   2.03    0.472
2018-05-05-19:09:19 1.11  Mocks_Em/MockNFW40ellip5loga2.08PA50center0With_background20num26.dat TNC          1.0e-04 0 0 1 0     NFW        0.0003   0.0010     -3.362 0.000   0   5.01   -0.8       -518.0918       -1027.162   112   0.0003   0.0010     -1.925 0.000   0   2.01    0.323
2018-05-05-19:09:19 1.11  Mocks_Em/MockNFW40ellip5loga2.08PA50center0With_background20num27.dat TNC          1.0e-04 0 0 1 0     NFW      359.9994   0.0008     -2.743 0.000   0   5.04   -1.7       -517.2378       -1025.454    60 359.9994   0.0008     -1.874 0.000   0   2.04    0.179
2018-05-05-19:09:19 1.11  Mocks_Em/MockNFW40ellip5loga2.08PA50center0With_background20num28.dat TNC          1.0e-04 0 0 1 0     NFW      359.9982  -0.0006     -1.873 0.000   0   4.71   25.5       -595.1652       -1181.309    25 359.9982  -0.0006     -1.905 0.000   0   2.02    0.078
2018-05-05-19:09:19 1.11  Mocks_Em/MockNFW40ellip5loga2.08PA50center0With_background20num29.dat TNC          1.0e-04 0 0 1 0     NFW      359.9996   0.0010     -1.902 0.000   0   4.88   10.9       -557.5935       -1106.165    36 359.9996   0.0010     -1.927 0.000   0   2.05    0.109
2018-05-05-19:09:19 1.11  Mocks_Em/MockNFW40ellip5loga2.08PA50center0With_background20num30.dat TNC          1.0e-04 0 0 1 0     NFW        0.0005   0.0015     -2.425 0.000   0   4.99   -1.6       -521.3663       -1033.711    64   0.0005   0.0015     -1.892 0.000   0   2.02    0.193
2018-05-05-19:09:19 1.11  Mocks_Em/MockNFW40ellip5loga2.08PA50center0With_background20num31.dat TNC          1.0e-04 0 0 1 0     NFW        0.0009   0.0014     -2.070 0.000   0   4.56   23.8       -587.3658        -1165.71   147   0.0009   0.0014     -1.955 0.000   0   2.07    0.439
2018-05-05-19:09:19 1.11  Mocks_Em/MockNFW40ellip5loga2.08PA50center0With_background20num32.dat TNC          1.0e-04 0 0 1 0     NFW        0.0004  -0.0005     -1.913 0.000   0   4.94    2.8       -514.5285       -1020.035    20   0.0004  -0.0005     -1.905 0.000   0   2.03    0.060
2018-05-05-19:09:19 1.11  Mocks_Em/MockNFW40ellip5loga2.08PA50center0With_background20num33.dat TNC          1.0e-04 0 0 1 0     NFW        0.0022   0.0007     -1.874 0.000   0   4.75   23.5       -602.1418       -1195.262    89   0.0022   0.0007     -1.921 0.000   0   2.03    0.261
2018-05-05-19:09:19 1.11  Mocks_Em/MockNFW40ellip5loga2.08PA50center0With_background20num34.dat TNC          1.0e-04 0 0 1 0     NFW      359.9993   0.0008     -2.606 0.000   0   5.02   -0.6       -597.5389       -1186.056    60 359.9993   0.0008     -1.928 0.000   0   2.07    0.176
2018-05-05-19:09:19 1.11  Mocks_Em/MockNFW40ellip5loga2.08PA50center0With_background20num35.dat TNC          1.0e-04 0 0 1 0     NFW      359.9994   0.0004     -1.909 0.000   0   4.87    6.5       -491.5741       -974.1265    18 359.9994   0.0004     -1.858 0.000   0   2.00    0.054
2018-05-05-19:09:19 1.11  Mocks_Em/MockNFW40ellip5loga2.08PA50center0With_background20num36.dat TNC          1.0e-04 0 0 1 0     NFW      359.9992  -0.0001     -2.118 0.000   0   4.40   21.7       -522.3102       -1035.599   106 359.9992  -0.0001     -1.950 0.000   0   2.03    0.305
2018-05-05-19:09:19 1.11  Mocks_Em/MockNFW40ellip5loga2.08PA50center0With_background20num37.dat TNC          1.0e-04 0 0 1 0     NFW      359.9989  -0.0012     -2.668 0.000   0   5.01   -1.1       -579.4184       -1149.815    74 359.9989  -0.0012     -1.888 0.000   0   2.04    0.220
2018-05-05-19:09:19 1.11  Mocks_Em/MockNFW40ellip5loga2.08PA50center0With_background20num38.dat TNC          1.0e-04 0 0 1 0     NFW      359.9997   0.0004     -2.817 0.000   0   4.92    1.6       -564.9742       -1120.927    93 359.9997   0.0004     -1.924 0.000   0   2.07    0.276
2018-05-05-19:09:19 1.11  Mocks_Em/MockNFW40ellip5loga2.08PA50center0With_background20num39.dat TNC          1.0e-04 0 0 1 0     NFW      359.9999   0.0002     -2.106 0.000   0   4.95    6.1       -574.8204       -1140.619   131 359.9999   0.0002     -1.939 0.000   0   2.10    0.385
2018-05-05-19:09:19 1.11  Mocks_Em/MockNFW40ellip5loga2.08PA50center0With_background20num40.dat TNC          1.0e-04 0 0 1 0     NFW        0.0004  -0.0001     -1.930 0.000   0   4.72   26.3         -545.69       -1082.358    38   0.0004  -0.0001     -1.973 0.000   0   2.08    0.112
2018-05-05-19:09:19 1.11  Mocks_Em/MockNFW40ellip5loga2.08PA50center0With_background20num41.dat TNC          1.0e-04 0 0 1 0     NFW      360.0000  -0.0006     -1.912 0.000   0   3.41   56.8       -598.1859        -1187.35    30 360.0000  -0.0006     -1.996 0.000   0   2.09    0.090
2018-05-05-19:09:19 1.11  Mocks_Em/MockNFW40ellip5loga2.08PA50center0With_background20num42.dat TNC          1.0e-04 0 0 1 0     NFW      359.9988   0.0017     -1.900 0.000   0   4.85   14.6       -565.2685       -1121.515    22 359.9988   0.0017     -1.922 0.000   0   2.05    0.066
2018-05-05-19:09:19 1.11  Mocks_Em/MockNFW40ellip5loga2.08PA50center0With_background20num43.dat TNC          1.0e-04 0 0 1 0     NFW        0.0011  -0.0002     -2.718 0.000   0   4.81    3.2       -543.0986       -1077.176   166   0.0011  -0.0002     -1.944 0.000   0   2.05    0.479
2018-05-05-19:09:19 1.11  Mocks_Em/MockNFW40ellip5loga2.08PA50center0With_background20num44.dat TNC          1.0e-04 0 0 1 0     NFW      359.9994   0.0007     -2.142 0.000   0   4.82   10.7        -578.948       -1148.874    65 359.9994   0.0007     -1.934 0.000   0   2.07    0.191
2018-05-05-19:09:19 1.11  Mocks_Em/MockNFW40ellip5loga2.08PA50center0With_background20num45.dat TNC          1.0e-04 0 0 1 0     NFW      359.9997   0.0004     -1.949 0.000   0   4.90   12.1       -564.6937       -1120.366    47 359.9997   0.0004     -1.927 0.000   0   2.08    0.138
2018-05-05-19:09:19 1.11  Mocks_Em/MockNFW40ellip5loga2.08PA50center0With_background20num46.dat TNC          1.0e-04 0 0 1 0     NFW      359.9979   0.0002     -2.102 0.000   0   2.00   31.7       -575.9472       -1142.873    29 359.9979   0.0002     -1.944 0.000   0   2.00    0.087
2018-05-05-19:09:19 1.11  Mocks_Em/MockNFW40ellip5loga2.08PA50center0With_background20num47.dat TNC          1.0e-04 0 0 1 0     NFW      359.9993   0.0001     -2.933 0.000   0   5.07   -1.3       -538.7474       -1068.473    55 359.9993   0.0001     -1.926 0.000   0   2.07    0.164
2018-05-05-19:09:19 1.11  Mocks_Em/MockNFW40ellip5loga2.08PA50center0With_background20num48.dat TNC          1.0e-04 0 0 1 0     NFW        0.0005  -0.0001     -2.649 0.000   0   4.96    1.1       -568.3282       -1127.635    68   0.0005  -0.0001     -1.922 0.000   0   2.07    0.202
2018-05-05-19:09:19 1.11  Mocks_Em/MockNFW40ellip5loga2.08PA50center0With_background20num49.dat TNC          1.0e-04 0 0 1 0     NFW        0.0022  -0.0010     -1.862 0.000   0   3.43   57.1       -588.4819       -1167.942    32   0.0022  -0.0010     -1.930 0.000   0   1.99    0.098
2018-05-05-19:09:19 1.11  Mocks_Em/MockNFW40ellip5loga2.08PA50center0With_background20num50.dat TNC          1.0e-04 0 0 1 0     NFW        0.0012   0.0018     -1.866 0.000   0   4.71   23.9       -585.1062       -1161.191    26   0.0012   0.0018     -1.866 0.000   0   2.00    0.082
2018-05-05-19:09:19 1.11  Mocks_Em/MockNFW40ellip5loga2.08PA50center0With_background20num51.dat TNC          1.0e-04 0 0 1 0     NFW      359.9995  -0.0003     -2.856 0.000   0   5.03   -1.0       -562.7242       -1116.427    78 359.9995  -0.0003     -1.890 0.000   0   2.05    0.237
2018-05-05-19:09:19 1.11  Mocks_Em/MockNFW40ellip5loga2.08PA50center0With_background20num52.dat TNC          1.0e-04 0 0 1 0     NFW      359.9985   0.0001     -1.888 0.000   0   4.90    4.8       -537.5402       -1066.059    39 359.9985   0.0001     -1.872 0.000   0   2.01    0.118
2018-05-05-19:09:19 1.11  Mocks_Em/MockNFW40ellip5loga2.08PA50center0With_background20num53.dat TNC          1.0e-04 0 0 1 0     NFW      359.9991   0.0003     -1.901 0.000   0   5.02   -9.0         -525.17       -1041.318     5 359.9991   0.0003     -1.877 0.000   0   2.02    0.018
2018-05-05-19:09:19 1.11  Mocks_Em/MockNFW40ellip5loga2.08PA50center0With_background20num54.dat TNC          1.0e-04 0 0 1 0     NFW        0.0001  -0.0002     -1.919 0.000   0   4.91    9.6       -547.5929       -1086.164    43   0.0001  -0.0002     -1.916 0.000   0   2.07    0.130
2018-05-05-19:09:19 1.11  Mocks_Em/MockNFW40ellip5loga2.08PA50center0With_background20num55.dat TNC          1.0e-04 0 0 1 0     NFW        0.0004   0.0001     -3.158 0.000   0   5.01   -0.9       -476.0456       -943.0694   102   0.0004   0.0001     -1.873 0.000   0   2.01    0.301
2018-05-05-19:09:19 1.11  Mocks_Em/MockNFW40ellip5loga2.08PA50center0With_background20num56.dat TNC          1.0e-04 0 0 1 0     NFW      359.9994   0.0001     -1.925 0.000   0   4.73   21.0       -505.0438       -1001.066    29 359.9994   0.0001     -1.901 0.000   0   2.04    0.088
2018-05-05-19:09:19 1.11  Mocks_Em/MockNFW40ellip5loga2.08PA50center0With_background20num57.dat TNC          1.0e-04 0 0 1 0     NFW      359.9983   0.0001     -1.891 0.000   0   4.70   22.3       -532.8794       -1056.737    32 359.9983   0.0001     -1.909 0.000   0   2.01    0.099
2018-05-05-19:09:19 1.11  Mocks_Em/MockNFW40ellip5loga2.08PA50center0With_background20num58.dat TNC          1.0e-04 0 0 1 0     NFW        0.0009  -0.0011     -2.764 0.000   0   5.00   -1.0       -544.8146       -1080.607    79   0.0009  -0.0011     -1.860 0.000   0   2.03    0.240
2018-05-05-19:09:19 1.11  Mocks_Em/MockNFW40ellip5loga2.08PA50center0With_background20num59.dat TNC          1.0e-04 0 0 1 0     NFW        0.0008   0.0003     -2.951 0.000   0   5.00   -0.7       -505.7048       -1002.388    72   0.0008   0.0003     -1.880 0.000   0   2.03    0.218
2018-05-05-19:09:19 1.11  Mocks_Em/MockNFW40ellip5loga2.08PA50center0With_background20num60.dat TNC          1.0e-04 0 0 1 0     NFW        0.0007   0.0001     -3.110 0.000   0   4.98   -0.6       -483.2976       -957.5735    63   0.0007   0.0001     -1.874 0.000   0   2.00    0.182
2018-05-05-19:09:19 1.11  Mocks_Em/MockNFW40ellip5loga2.08PA50center0With_background20num61.dat TNC          1.0e-04 0 0 1 0     NFW      359.9993  -0.0012     -2.330 0.000   0   5.01   -3.3       -552.1748       -1095.328    76 359.9993  -0.0012     -1.882 0.000   0   2.01    0.224
2018-05-05-19:09:19 1.11  Mocks_Em/MockNFW40ellip5loga2.08PA50center0With_background20num62.dat TNC          1.0e-04 0 0 1 0     NFW      359.9984   0.0012     -1.872 0.000   0   4.69   28.4       -609.0759        -1209.13    30 359.9984   0.0012     -1.920 0.000   0   2.03    0.090
2018-05-05-19:09:19 1.11  Mocks_Em/MockNFW40ellip5loga2.08PA50center0With_background20num63.dat TNC          1.0e-04 0 0 1 0     NFW      359.9993  -0.0008     -1.905 0.000   0   4.21   43.6       -540.0842       -1071.147    31 359.9993  -0.0008     -1.916 0.000   0   2.03    0.092
2018-05-05-19:09:19 1.11  Mocks_Em/MockNFW40ellip5loga2.08PA50center0With_background20num64.dat TNC          1.0e-04 0 0 1 0     NFW      359.9988  -0.0001     -3.231 0.000   0   5.06   -1.1       -594.0913       -1179.161    65 359.9988  -0.0001     -1.905 0.000   0   2.07    0.190
2018-05-05-19:09:19 1.11  Mocks_Em/MockNFW40ellip5loga2.08PA50center0With_background20num65.dat TNC          1.0e-04 0 0 1 0     NFW        0.0006  -0.0000     -2.026 0.000   0   2.07   39.2       -547.3928       -1085.764    38   0.0006  -0.0000     -1.958 0.000   0   2.05    0.112
2018-05-05-19:09:19 1.11  Mocks_Em/MockNFW40ellip5loga2.08PA50center0With_background20num66.dat TNC          1.0e-04 0 0 1 0     NFW      359.9997  -0.0008     -3.199 0.000   0   5.02   -1.0       -530.7844       -1052.547    76 359.9997  -0.0008     -1.863 0.000   0   2.02    0.221
2018-05-05-19:09:19 1.11  Mocks_Em/MockNFW40ellip5loga2.08PA50center0With_background20num67.dat TNC          1.0e-04 0 0 1 0     NFW      359.9991   0.0008     -2.726 0.000   0   5.00   -0.9       -565.3328       -1121.644    91 359.9991   0.0008     -1.893 0.000   0   2.03    0.264
2018-05-05-19:09:19 1.11  Mocks_Em/MockNFW40ellip5loga2.08PA50center0With_background20num68.dat TNC          1.0e-04 0 0 1 0     NFW      359.9998  -0.0004     -2.959 0.000   0   5.02   -1.3       -516.9345       -1024.847   103 359.9998  -0.0004     -1.862 0.000   0   2.02    0.299
2018-05-05-19:09:19 1.11  Mocks_Em/MockNFW40ellip5loga2.08PA50center0With_background20num69.dat TNC          1.0e-04 0 0 1 0     NFW      359.9988  -0.0019     -2.159 0.000   0   4.30   23.4       -588.7076       -1168.394   144 359.9988  -0.0019     -1.974 0.000   0   2.05    0.418
2018-05-05-19:09:19 1.11  Mocks_Em/MockNFW40ellip5loga2.08PA50center0With_background20num70.dat TNC          1.0e-04 0 0 1 0     NFW        0.0019  -0.0005     -2.976 0.000   0   5.02   -1.1       -560.3851       -1111.748    96   0.0019  -0.0005     -1.865 0.000   0   2.04    0.285
2018-05-05-19:09:19 1.11  Mocks_Em/MockNFW40ellip5loga2.08PA50center0With_background20num71.dat TNC          1.0e-04 0 0 1 0     NFW        0.0015   0.0004     -3.116 0.000   0   5.01   -0.8       -574.3653       -1139.709    77   0.0015   0.0004     -1.923 0.000   0   2.03    0.233
2018-05-05-19:09:19 1.11  Mocks_Em/MockNFW40ellip5loga2.08PA50center0With_background20num72.dat TNC          1.0e-04 0 0 1 0     NFW        0.0000   0.0002     -1.938 0.000   0   4.92    0.1       -428.6323        -848.243    47   0.0000   0.0002     -1.865 0.000   0   1.99    0.136
2018-05-05-19:09:19 1.11  Mocks_Em/MockNFW40ellip5loga2.08PA50center0With_background20num73.dat TNC          1.0e-04 0 0 1 0     NFW      359.9999   0.0002     -2.009 0.000   0   4.81   13.7       -548.1718       -1087.322    42 359.9999   0.0002     -1.900 0.000   0   2.06    0.124
2018-05-05-19:09:19 1.11  Mocks_Em/MockNFW40ellip5loga2.08PA50center0With_background20num74.dat TNC          1.0e-04 0 0 1 0     NFW      359.9989   0.0001     -1.991 0.000   0   0.37   46.4       -611.3415       -1213.661    57 359.9989   0.0001     -2.016 0.000   0   2.07    0.172
2018-05-05-19:09:19 1.11  Mocks_Em/MockNFW40ellip5loga2.08PA50center0With_background20num75.dat TNC          1.0e-04 0 0 1 0     NFW      359.9996   0.0004     -1.923 0.000   0   4.74   19.5       -496.0985       -983.1752    28 359.9996   0.0004     -1.897 0.000   0   2.03    0.087
2018-05-05-19:09:19 1.11  Mocks_Em/MockNFW40ellip5loga2.08PA50center0With_background20num76.dat TNC          1.0e-04 0 0 1 0     NFW      359.9993   0.0005     -1.929 0.000   0   4.75   23.0       -537.2349       -1065.448    31 359.9993   0.0005     -1.962 0.000   0   2.07    0.092
2018-05-05-19:09:19 1.11  Mocks_Em/MockNFW40ellip5loga2.08PA50center0With_background20num77.dat TNC          1.0e-04 0 0 1 0     NFW      359.9998  -0.0002     -2.458 0.000   0   4.72    5.3        -457.815       -906.6084   121 359.9998  -0.0002     -1.888 0.000   0   2.00    0.343
2018-05-05-19:09:19 1.11  Mocks_Em/MockNFW40ellip5loga2.08PA50center0With_background20num78.dat TNC          1.0e-04 0 0 1 0     NFW      359.9995   0.0018     -2.303 0.000   0   4.99   -0.9       -604.6744       -1200.327    72 359.9995   0.0018     -1.889 0.000   0   2.04    0.211
2018-05-05-19:09:19 1.11  Mocks_Em/MockNFW40ellip5loga2.08PA50center0With_background20num79.dat TNC          1.0e-04 0 0 1 0     NFW      359.9993   0.0005     -1.900 0.000   0   2.03   53.9       -555.1575       -1101.293    53 359.9993   0.0005     -1.973 0.000   0   2.03    0.155
2018-05-05-19:09:19 1.11  Mocks_Em/MockNFW40ellip5loga2.08PA50center0With_background20num80.dat TNC          1.0e-04 0 0 1 0     NFW      359.9997   0.0007     -1.913 0.000   0   4.70   25.9        -548.563       -1088.104    35 359.9997   0.0007     -1.921 0.000   0   2.05    0.104
2018-05-05-19:09:19 1.11  Mocks_Em/MockNFW40ellip5loga2.08PA50center0With_background20num81.dat TNC          1.0e-04 0 0 1 0     NFW        0.0001   0.0002     -2.559 0.000   0   4.96    1.5       -562.0307        -1115.04    75   0.0001   0.0002     -1.950 0.000   0   2.08    0.218
2018-05-05-19:09:19 1.11  Mocks_Em/MockNFW40ellip5loga2.08PA50center0With_background20num82.dat TNC          1.0e-04 0 0 1 0     NFW        0.0002   0.0005     -1.926 0.000   0   4.63   29.9       -537.4101       -1065.798    36   0.0002   0.0005     -1.931 0.000   0   2.07    0.114
2018-05-05-19:09:19 1.11  Mocks_Em/MockNFW40ellip5loga2.08PA50center0With_background20num83.dat TNC          1.0e-04 0 0 1 0     NFW        0.0008   0.0006     -2.714 0.000   0   4.86    1.4       -498.1429        -987.264    52   0.0008   0.0006     -1.869 0.000   0   2.00    0.163
2018-05-05-19:09:19 1.11  Mocks_Em/MockNFW40ellip5loga2.08PA50center0With_background20num84.dat TNC          1.0e-04 0 0 1 0     NFW        0.0002  -0.0004     -2.197 0.000   0   5.02   -2.4       -532.1821       -1055.343    60   0.0002  -0.0004     -1.910 0.000   0   2.05    0.187
2018-05-05-19:09:19 1.11  Mocks_Em/MockNFW40ellip5loga2.08PA50center0With_background20num85.dat TNC          1.0e-04 0 0 1 0     NFW      359.9987   0.0004     -1.904 0.000   0   4.90    7.7       -543.4258        -1077.83    33 359.9987   0.0004     -1.869 0.000   0   2.04    0.108
2018-05-05-19:09:19 1.11  Mocks_Em/MockNFW40ellip5loga2.08PA50center0With_background20num86.dat TNC          1.0e-04 0 0 1 0     NFW      359.9999   0.0011     -1.900 0.000   0   4.54   31.2       -521.7022       -1034.383    28 359.9999   0.0011     -1.906 0.000   0   2.01    0.097
2018-05-05-19:09:19 1.11  Mocks_Em/MockNFW40ellip5loga2.08PA50center0With_background20num87.dat TNC          1.0e-04 0 0 1 0     NFW        0.0001   0.0003     -1.925 0.000   0   3.01   47.1       -493.6534       -978.2851    45   0.0001   0.0003     -1.942 0.000   0   2.03    0.137
2018-05-05-19:09:19 1.11  Mocks_Em/MockNFW40ellip5loga2.08PA50center0With_background20num88.dat TNC          1.0e-04 0 0 1 0     NFW        0.0012   0.0006     -1.887 0.000   0   4.89    6.6       -552.5786       -1096.136    28   0.0012   0.0006     -1.875 0.000   0   2.02    0.085
2018-05-05-19:09:19 1.11  Mocks_Em/MockNFW40ellip5loga2.08PA50center0With_background20num89.dat TNC          1.0e-04 0 0 1 0     NFW      359.9998  -0.0003     -1.938 0.000   0   4.40   39.0       -534.4635       -1059.905    29 359.9998  -0.0003     -1.961 0.000   0   2.09    0.086
2018-05-05-19:09:19 1.11  Mocks_Em/MockNFW40ellip5loga2.08PA50center0With_background20num90.dat TNC          1.0e-04 0 0 1 0     NFW      359.9987   0.0001     -2.849 0.000   0   5.01   -1.5       -534.5466       -1060.071    87 359.9987   0.0001     -1.886 0.000   0   2.01    0.251
2018-05-05-19:09:19 1.11  Mocks_Em/MockNFW40ellip5loga2.08PA50center0With_background20num91.dat TNC          1.0e-04 0 0 1 0     NFW        0.0002  -0.0014     -2.398 0.000   0   4.91    1.4       -562.5334       -1116.045    56   0.0002  -0.0014     -1.899 0.000   0   2.02    0.165
2018-05-05-19:09:19 1.11  Mocks_Em/MockNFW40ellip5loga2.08PA50center0With_background20num92.dat TNC          1.0e-04 0 0 1 0     NFW      359.9990   0.0010     -2.938 0.000   0   5.04   -1.1       -582.6403       -1156.259   110 359.9990   0.0010     -1.918 0.000   0   2.05    0.326
2018-05-05-19:09:19 1.11  Mocks_Em/MockNFW40ellip5loga2.08PA50center0With_background20num93.dat TNC          1.0e-04 0 0 1 0     NFW        0.0001  -0.0015     -2.214 0.000   0   4.96   -0.0       -549.4219       -1089.822    56   0.0001  -0.0015     -1.878 0.000   0   2.03    0.168
2018-05-05-19:09:19 1.11  Mocks_Em/MockNFW40ellip5loga2.08PA50center0With_background20num94.dat TNC          1.0e-04 0 0 1 0     NFW        0.0002  -0.0002     -2.423 0.000   0   4.80    3.9       -476.0679       -943.1141    96   0.0002  -0.0002     -1.883 0.000   0   2.00    0.284
2018-05-05-19:09:19 1.11  Mocks_Em/MockNFW40ellip5loga2.08PA50center0With_background20num95.dat TNC          1.0e-04 0 0 1 0     NFW      359.9986   0.0004     -2.060 0.000   0   4.81    9.3       -554.1902       -1099.359    59 359.9986   0.0004     -1.926 0.000   0   2.01    0.189
2018-05-05-19:09:19 1.11  Mocks_Em/MockNFW40ellip5loga2.08PA50center0With_background20num96.dat TNC          1.0e-04 0 0 1 0     NFW        0.0007  -0.0001     -1.912 0.000   0   3.30   51.1       -536.1329       -1063.244    13   0.0007  -0.0001     -1.949 0.000   0   2.04    0.044
2018-05-05-19:09:19 1.11  Mocks_Em/MockNFW40ellip5loga2.08PA50center0With_background20num97.dat TNC          1.0e-04 0 0 1 0     NFW      359.9997  -0.0003     -2.667 0.000   0   5.02   -1.3       -525.4607         -1041.9    43 359.9997  -0.0003     -1.889 0.000   0   2.04    0.137
2018-05-05-19:09:19 1.11  Mocks_Em/MockNFW40ellip5loga2.08PA50center0With_background20num98.dat TNC          1.0e-04 0 0 1 0     NFW      359.9992   0.0002     -1.903 0.000   0   4.84    7.9       -481.8048       -954.5879    32 359.9992   0.0002     -1.848 0.000   0   1.98    0.102
2018-05-05-19:09:19 1.11  Mocks_Em/MockNFW40ellip5loga2.08PA50center0With_background20num99.dat TNC          1.0e-04 0 0 1 0     NFW      359.9993   0.0005     -2.086 0.000   0   4.67   14.6       -502.7522       -996.4826    62 359.9993   0.0005     -1.918 0.000   0   2.01    0.194
