2018-05-05-19:08:37 1.11  Mocks_Em/MockNFW640ellip5loga2.08PA50center0With_background20num0.dat L-BFGS-B     1.0e-04 0 0 1 0     NFW        0.0003   0.0001     -2.333 0.000   0   2.93  156.1       -4434.849       -8856.623    35   0.0003   0.0001     -2.025 0.000   0   2.95    0.036
2018-05-05-19:08:37 1.11  Mocks_Em/MockNFW640ellip5loga2.08PA50center0With_background20num1.dat L-BFGS-B     1.0e-04 0 0 1 0     NFW        0.0000   0.0003     -2.265 0.000   0   2.96  184.3        -4512.59       -9012.104    35   0.0000   0.0003     -2.027 0.000   0   2.97    0.029
2018-05-05-19:08:37 1.11  Mocks_Em/MockNFW640ellip5loga2.08PA50center0With_background20num2.dat L-BFGS-B     1.0e-04 0 0 1 0     NFW      359.9998  -0.0001     -1.971 0.000   0   2.97  373.8       -4462.392       -8911.708    21 359.9998  -0.0001     -1.983 0.000   0   2.97    0.016
2018-05-05-19:08:37 1.11  Mocks_Em/MockNFW640ellip5loga2.08PA50center0With_background20num3.dat L-BFGS-B     1.0e-04 0 0 1 0     NFW        0.0001  -0.0001     -2.287 0.000   0   2.96  175.7       -4479.585       -8946.093    35   0.0001  -0.0001     -2.026 0.000   0   2.97    0.024
2018-05-05-19:08:37 1.11  Mocks_Em/MockNFW640ellip5loga2.08PA50center0With_background20num4.dat L-BFGS-B     1.0e-04 0 0 1 0     NFW        0.0002  -0.0002     -2.191 0.000   0   2.97  219.7       -4579.279       -9145.482    35   0.0002  -0.0002     -2.005 0.000   0   2.97    0.022
2018-05-05-19:08:37 1.11  Mocks_Em/MockNFW640ellip5loga2.08PA50center0With_background20num5.dat L-BFGS-B     1.0e-04 0 0 1 0     NFW        0.0000   0.0000     -2.244 0.000   0   2.94  185.0       -4306.428        -8599.78    35   0.0000   0.0000     -2.007 0.000   0   2.95    0.020
2018-05-05-19:08:37 1.11  Mocks_Em/MockNFW640ellip5loga2.08PA50center0With_background20num6.dat L-BFGS-B     1.0e-04 0 0 1 0     NFW        0.0000  -0.0001     -2.171 0.000   0   2.97  228.0       -4473.918        -8934.76    28   0.0000  -0.0001     -1.999 0.000   0   2.98    0.015
2018-05-05-19:08:37 1.11  Mocks_Em/MockNFW640ellip5loga2.08PA50center0With_background20num7.dat L-BFGS-B     1.0e-04 0 0 1 0     NFW        0.0001  -0.0001     -2.308 0.000   0   2.96  169.1       -4499.841       -8986.605    35   0.0001  -0.0001     -2.024 0.000   0   2.97    0.018
2018-05-05-19:08:37 1.11  Mocks_Em/MockNFW640ellip5loga2.08PA50center0With_background20num8.dat L-BFGS-B     1.0e-04 0 0 1 0     NFW        0.0001   0.0001     -2.208 0.000   0   2.95  202.4       -4354.718       -8696.359    35   0.0001   0.0001     -1.970 0.000   0   2.96    0.018
2018-05-05-19:08:37 1.11  Mocks_Em/MockNFW640ellip5loga2.08PA50center0With_background20num9.dat L-BFGS-B     1.0e-04 0 0 1 0     NFW        0.0001   0.0001     -2.180 0.000   0   2.97  221.8       -4473.037       -8932.997    28   0.0001   0.0001     -1.998 0.000   0   2.97    0.015
2018-05-05-19:08:37 1.11  Mocks_Em/MockNFW640ellip5loga2.08PA50center0With_background20num10.dat L-BFGS-B     1.0e-04 0 0 1 0     NFW      359.9999  -0.0000     -2.165 0.000   0   2.96  223.9        -4348.01       -8682.943    28 359.9999  -0.0000     -1.994 0.000   0   2.96    0.015
2018-05-05-19:08:37 1.11  Mocks_Em/MockNFW640ellip5loga2.08PA50center0With_background20num11.dat L-BFGS-B     1.0e-04 0 0 1 0     NFW      359.9997   0.0001     -2.227 0.000   0   2.95  195.9       -4410.709       -8808.343    35 359.9997   0.0001     -1.980 0.000   0   2.96    0.018
2018-05-05-19:08:37 1.11  Mocks_Em/MockNFW640ellip5loga2.08PA50center0With_background20num12.dat L-BFGS-B     1.0e-04 0 0 1 0     NFW        0.0001   0.0001     -2.211 0.000   0   2.95  202.8       -4405.114       -8797.151    35   0.0001   0.0001     -1.982 0.000   0   2.96    0.018
2018-05-05-19:08:37 1.11  Mocks_Em/MockNFW640ellip5loga2.08PA50center0With_background20num13.dat L-BFGS-B     1.0e-04 0 0 1 0     NFW      359.9998  -0.0002     -2.199 0.000   0   2.95  206.6       -4366.714       -8720.353    35 359.9998  -0.0002     -1.984 0.000   0   2.96    0.018
2018-05-05-19:08:37 1.11  Mocks_Em/MockNFW640ellip5loga2.08PA50center0With_background20num14.dat L-BFGS-B     1.0e-04 0 0 1 0     NFW      359.9999  -0.0001     -2.348 0.000   0   2.95  156.0       -4531.605       -9050.133    35 359.9999  -0.0001     -2.020 0.000   0   2.97    0.018
2018-05-05-19:08:37 1.11  Mocks_Em/MockNFW640ellip5loga2.08PA50center0With_background20num15.dat L-BFGS-B     1.0e-04 0 0 1 0     NFW        0.0001   0.0001     -2.259 0.000   0   2.96  186.9       -4502.613       -8992.149    35   0.0001   0.0001     -2.015 0.000   0   2.97    0.018
2018-05-05-19:08:37 1.11  Mocks_Em/MockNFW640ellip5loga2.08PA50center0With_background20num16.dat L-BFGS-B     1.0e-04 0 0 1 0     NFW      360.0000  -0.0002     -2.200 0.000   0   2.95  206.6       -4368.923        -8724.77    35 360.0000  -0.0002     -1.991 0.000   0   2.96    0.018
2018-05-05-19:08:37 1.11  Mocks_Em/MockNFW640ellip5loga2.08PA50center0With_background20num17.dat L-BFGS-B     1.0e-04 0 0 1 0     NFW        0.0001  -0.0004     -2.228 0.000   0   2.96  197.6       -4438.596       -8864.115    35   0.0001  -0.0004     -2.012 0.000   0   2.97    0.018
2018-05-05-19:08:37 1.11  Mocks_Em/MockNFW640ellip5loga2.08PA50center0With_background20num18.dat L-BFGS-B     1.0e-04 0 0 1 0     NFW        0.0002   0.0002     -2.166 0.000   0   2.96  226.9       -4461.626       -8910.175    28   0.0002   0.0002     -2.002 0.000   0   2.96    0.015
2018-05-05-19:08:37 1.11  Mocks_Em/MockNFW640ellip5loga2.08PA50center0With_background20num19.dat L-BFGS-B     1.0e-04 0 0 1 0     NFW      359.9999   0.0002     -2.282 0.000   0   2.96  178.9       -4498.822       -8984.569    35 359.9999   0.0002     -2.015 0.000   0   2.98    0.019
2018-05-05-19:08:37 1.11  Mocks_Em/MockNFW640ellip5loga2.08PA50center0With_background20num20.dat L-BFGS-B     1.0e-04 0 0 1 0     NFW        0.0006  -0.0001     -2.114 0.000   0   2.94  250.0       -4392.191       -8771.305    28   0.0006  -0.0001     -1.979 0.000   0   2.95    0.015
2018-05-05-19:08:37 1.11  Mocks_Em/MockNFW640ellip5loga2.08PA50center0With_background20num21.dat L-BFGS-B     1.0e-04 0 0 1 0     NFW        0.0003  -0.0004     -2.135 0.000   0   2.96  246.2        -4547.21       -9081.343    28   0.0003  -0.0004     -2.006 0.000   0   2.96    0.015
2018-05-05-19:08:37 1.11  Mocks_Em/MockNFW640ellip5loga2.08PA50center0With_background20num22.dat L-BFGS-B     1.0e-04 0 0 1 0     NFW      360.0000  -0.0001     -2.244 0.000   0   2.97  196.3       -4559.671       -9106.267    35 360.0000  -0.0001     -2.005 0.000   0   2.98    0.019
2018-05-05-19:08:37 1.11  Mocks_Em/MockNFW640ellip5loga2.08PA50center0With_background20num23.dat L-BFGS-B     1.0e-04 0 0 1 0     NFW      359.9999  -0.0001     -2.152 0.000   0   2.97  235.5       -4445.278       -8877.479    28 359.9999  -0.0001     -1.994 0.000   0   2.97    0.015
2018-05-05-19:08:37 1.11  Mocks_Em/MockNFW640ellip5loga2.08PA50center0With_background20num24.dat L-BFGS-B     1.0e-04 0 0 1 0     NFW      359.9997   0.0004     -2.223 0.000   0   2.95  202.4        -4572.65       -9132.223    35 359.9997   0.0004     -2.023 0.000   0   2.96    0.019
2018-05-05-19:08:37 1.11  Mocks_Em/MockNFW640ellip5loga2.08PA50center0With_background20num25.dat L-BFGS-B     1.0e-04 0 0 1 0     NFW        0.0004  -0.0000     -2.283 0.000   0   2.95  177.5       -4561.446       -9109.815    35   0.0004  -0.0000     -2.022 0.000   0   2.96    0.018
2018-05-05-19:08:37 1.11  Mocks_Em/MockNFW640ellip5loga2.08PA50center0With_background20num26.dat L-BFGS-B     1.0e-04 0 0 1 0     NFW      359.9999  -0.0003     -2.189 0.000   0   2.97  219.6       -4551.506       -9089.935    35 359.9999  -0.0003     -2.010 0.000   0   2.97    0.018
2018-05-05-19:08:37 1.11  Mocks_Em/MockNFW640ellip5loga2.08PA50center0With_background20num27.dat L-BFGS-B     1.0e-04 0 0 1 0     NFW        0.0004  -0.0002     -2.124 0.000   0   2.97  252.2       -4475.801       -8938.527    28   0.0004  -0.0002     -2.002 0.000   0   2.97    0.015
2018-05-05-19:08:37 1.11  Mocks_Em/MockNFW640ellip5loga2.08PA50center0With_background20num28.dat L-BFGS-B     1.0e-04 0 0 1 0     NFW        0.0001   0.0001     -2.040 0.000   0   2.98  315.7       -4513.279       -9013.482    21   0.0001   0.0001     -2.013 0.000   0   2.98    0.011
2018-05-05-19:08:37 1.11  Mocks_Em/MockNFW640ellip5loga2.08PA50center0With_background20num29.dat L-BFGS-B     1.0e-04 0 0 1 0     NFW      359.9998   0.0002     -2.154 0.000   0   2.96  233.4       -4472.047       -8931.018    28 359.9998   0.0002     -1.997 0.000   0   2.96    0.015
2018-05-05-19:08:37 1.11  Mocks_Em/MockNFW640ellip5loga2.08PA50center0With_background20num30.dat L-BFGS-B     1.0e-04 0 0 1 0     NFW        0.0002   0.0004     -2.249 0.000   0   2.95  189.2       -4506.219       -8999.363    35   0.0002   0.0004     -2.004 0.000   0   2.96    0.018
2018-05-05-19:08:37 1.11  Mocks_Em/MockNFW640ellip5loga2.08PA50center0With_background20num31.dat L-BFGS-B     1.0e-04 0 0 1 0     NFW      359.9998   0.0003     -2.160 0.000   0   2.96  232.0       -4464.849       -8916.622    28 359.9998   0.0003     -2.013 0.000   0   2.97    0.015
2018-05-05-19:08:37 1.11  Mocks_Em/MockNFW640ellip5loga2.08PA50center0With_background20num32.dat L-BFGS-B     1.0e-04 0 0 1 0     NFW        0.0004  -0.0000     -2.208 0.000   0   2.97  213.8       -4612.216       -9211.356    35   0.0004  -0.0000     -2.012 0.000   0   2.98    0.020
2018-05-05-19:08:37 1.11  Mocks_Em/MockNFW640ellip5loga2.08PA50center0With_background20num33.dat L-BFGS-B     1.0e-04 0 0 1 0     NFW        0.0002   0.0002     -2.311 0.000   0   2.94  162.8       -4413.123       -8813.171    35   0.0002   0.0002     -1.983 0.000   0   2.95    0.019
2018-05-05-19:08:37 1.11  Mocks_Em/MockNFW640ellip5loga2.08PA50center0With_background20num34.dat L-BFGS-B     1.0e-04 0 0 1 0     NFW      359.9998  -0.0001     -2.238 0.000   0   2.94  189.4       -4385.129       -8757.182    35 359.9998  -0.0001     -2.006 0.000   0   2.95    0.018
2018-05-05-19:08:37 1.11  Mocks_Em/MockNFW640ellip5loga2.08PA50center0With_background20num35.dat L-BFGS-B     1.0e-04 0 0 1 0     NFW      360.0000  -0.0002     -2.171 0.000   0   2.95  221.8        -4389.77       -8766.465    28 360.0000  -0.0002     -1.985 0.000   0   2.96    0.015
2018-05-05-19:08:37 1.11  Mocks_Em/MockNFW640ellip5loga2.08PA50center0With_background20num36.dat L-BFGS-B     1.0e-04 0 0 1 0     NFW        0.0003   0.0005     -2.361 0.000   0   2.95  154.8       -4673.979       -9334.882    35   0.0003   0.0005     -2.053 0.000   0   2.97    0.018
2018-05-05-19:08:37 1.11  Mocks_Em/MockNFW640ellip5loga2.08PA50center0With_background20num37.dat L-BFGS-B     1.0e-04 0 0 1 0     NFW        0.0003  -0.0001     -2.173 0.000   0   2.95  219.6        -4406.54       -8800.003    28   0.0003  -0.0001     -2.009 0.000   0   2.95    0.015
2018-05-05-19:08:37 1.11  Mocks_Em/MockNFW640ellip5loga2.08PA50center0With_background20num38.dat L-BFGS-B     1.0e-04 0 0 1 0     NFW        0.0005  -0.0003     -2.171 0.000   0   2.96  223.3       -4436.318       -8859.559    28   0.0005  -0.0003     -2.011 0.000   0   2.96    0.015
2018-05-05-19:08:37 1.11  Mocks_Em/MockNFW640ellip5loga2.08PA50center0With_background20num39.dat L-BFGS-B     1.0e-04 0 0 1 0     NFW        0.0006   0.0000     -2.210 0.000   0   2.94  204.4       -4522.788         -9032.5    35   0.0006   0.0000     -2.000 0.000   0   2.95    0.018
2018-05-05-19:08:37 1.11  Mocks_Em/MockNFW640ellip5loga2.08PA50center0With_background20num40.dat L-BFGS-B     1.0e-04 0 0 1 0     NFW        0.0002   0.0002     -2.162 0.000   0   2.97  233.2       -4534.846       -9056.617    28   0.0002   0.0002     -2.009 0.000   0   2.97    0.015
2018-05-05-19:08:37 1.11  Mocks_Em/MockNFW640ellip5loga2.08PA50center0With_background20num41.dat L-BFGS-B     1.0e-04 0 0 1 0     NFW      359.9999   0.0001     -2.246 0.000   0   2.97  196.2       -4582.297       -9151.518    35 359.9999   0.0001     -2.035 0.000   0   2.98    0.018
2018-05-05-19:08:37 1.11  Mocks_Em/MockNFW640ellip5loga2.08PA50center0With_background20num42.dat L-BFGS-B     1.0e-04 0 0 1 0     NFW        0.0000   0.0003     -2.254 0.000   0   2.95  185.3        -4438.26       -8863.443    35   0.0000   0.0003     -2.004 0.000   0   2.96    0.019
2018-05-05-19:08:37 1.11  Mocks_Em/MockNFW640ellip5loga2.08PA50center0With_background20num43.dat L-BFGS-B     1.0e-04 0 0 1 0     NFW        0.0001   0.0000     -2.175 0.000   0   2.96  222.1       -4413.281       -8813.486    35   0.0001   0.0000     -1.999 0.000   0   2.97    0.019
2018-05-05-19:08:37 1.11  Mocks_Em/MockNFW640ellip5loga2.08PA50center0With_background20num44.dat L-BFGS-B     1.0e-04 0 0 1 0     NFW        0.0002   0.0001     -2.227 0.000   0   2.95  195.0       -4407.558       -8802.039    35   0.0002   0.0001     -2.014 0.000   0   2.95    0.018
2018-05-05-19:08:37 1.11  Mocks_Em/MockNFW640ellip5loga2.08PA50center0With_background20num45.dat L-BFGS-B     1.0e-04 0 0 1 0     NFW        0.0002   0.0003     -2.125 0.000   0   2.97  254.8       -4512.097       -9011.117    28   0.0002   0.0003     -1.997 0.000   0   2.97    0.015
2018-05-05-19:08:37 1.11  Mocks_Em/MockNFW640ellip5loga2.08PA50center0With_background20num46.dat L-BFGS-B     1.0e-04 0 0 1 0     NFW      359.9996  -0.0000     -2.159 0.000   0   2.96  233.0       -4526.153       -9039.229    28 359.9996  -0.0000     -2.013 0.000   0   2.96    0.015
2018-05-05-19:08:37 1.11  Mocks_Em/MockNFW640ellip5loga2.08PA50center0With_background20num47.dat L-BFGS-B     1.0e-04 0 0 1 0     NFW      359.9998  -0.0005     -2.167 0.000   0   2.94  222.8       -4458.935       -8904.794    28 359.9998  -0.0005     -2.003 0.000   0   2.94    0.015
2018-05-05-19:08:37 1.11  Mocks_Em/MockNFW640ellip5loga2.08PA50center0With_background20num48.dat L-BFGS-B     1.0e-04 0 0 1 0     NFW      359.9993  -0.0001     -2.211 0.000   0   2.94  201.3       -4433.304       -8853.532    35 359.9993  -0.0001     -2.029 0.000   0   2.95    0.019
2018-05-05-19:08:37 1.11  Mocks_Em/MockNFW640ellip5loga2.08PA50center0With_background20num49.dat L-BFGS-B     1.0e-04 0 0 1 0     NFW      360.0000  -0.0003     -2.189 0.000   0   2.96  217.6       -4499.522       -8985.967    35 360.0000  -0.0003     -2.006 0.000   0   2.97    0.018
2018-05-05-19:08:37 1.11  Mocks_Em/MockNFW640ellip5loga2.08PA50center0With_background20num50.dat L-BFGS-B     1.0e-04 0 0 1 0     NFW        0.0002  -0.0000     -2.213 0.000   0   2.96  206.8       -4501.292       -8989.508    35   0.0002  -0.0000     -2.023 0.000   0   2.97    0.018
2018-05-05-19:08:37 1.11  Mocks_Em/MockNFW640ellip5loga2.08PA50center0With_background20num51.dat L-BFGS-B     1.0e-04 0 0 1 0     NFW      360.0000  -0.0001     -2.176 0.000   0   2.94  209.5       -4171.434       -8329.793    35 360.0000  -0.0001     -1.968 0.000   0   2.94    0.018
2018-05-05-19:08:37 1.11  Mocks_Em/MockNFW640ellip5loga2.08PA50center0With_background20num52.dat L-BFGS-B     1.0e-04 0 0 1 0     NFW        0.0004  -0.0001     -2.128 0.000   0   2.96  250.6       -4521.678        -9030.28    28   0.0004  -0.0001     -2.013 0.000   0   2.96    0.015
2018-05-05-19:08:37 1.11  Mocks_Em/MockNFW640ellip5loga2.08PA50center0With_background20num53.dat L-BFGS-B     1.0e-04 0 0 1 0     NFW        0.0001  -0.0002     -2.246 0.000   0   2.95  185.6       -4346.843       -8680.609    35   0.0001  -0.0002     -2.020 0.000   0   2.96    0.018
2018-05-05-19:08:37 1.11  Mocks_Em/MockNFW640ellip5loga2.08PA50center0With_background20num54.dat L-BFGS-B     1.0e-04 0 0 1 0     NFW      360.0000   0.0000     -2.241 0.000   0   2.98  199.9       -4600.346       -9187.616    35 360.0000   0.0000     -2.005 0.000   0   2.99    0.019
2018-05-05-19:08:37 1.11  Mocks_Em/MockNFW640ellip5loga2.08PA50center0With_background20num55.dat L-BFGS-B     1.0e-04 0 0 1 0     NFW        0.0002   0.0002     -2.000 0.000   0   2.95  329.7       -4303.676       -8594.275    21   0.0002   0.0002     -1.964 0.000   0   2.95    0.012
2018-05-05-19:08:37 1.11  Mocks_Em/MockNFW640ellip5loga2.08PA50center0With_background20num56.dat L-BFGS-B     1.0e-04 0 0 1 0     NFW        0.0002   0.0003     -2.171 0.000   0   2.96  229.1       -4576.873       -9140.669    28   0.0002   0.0003     -2.018 0.000   0   2.97    0.015
2018-05-05-19:08:37 1.11  Mocks_Em/MockNFW640ellip5loga2.08PA50center0With_background20num57.dat L-BFGS-B     1.0e-04 0 0 1 0     NFW        0.0000   0.0001     -2.313 0.000   0   2.96  168.5       -4537.287       -9061.498    35   0.0000   0.0001     -2.016 0.000   0   2.97    0.019
2018-05-05-19:08:37 1.11  Mocks_Em/MockNFW640ellip5loga2.08PA50center0With_background20num58.dat L-BFGS-B     1.0e-04 0 0 1 0     NFW        0.0000  -0.0003     -2.246 0.000   0   2.97  197.7       -4658.991       -9304.906    35   0.0000  -0.0003     -2.026 0.000   0   2.98    0.018
2018-05-05-19:08:37 1.11  Mocks_Em/MockNFW640ellip5loga2.08PA50center0With_background20num59.dat L-BFGS-B     1.0e-04 0 0 1 0     NFW        0.0001  -0.0000     -2.194 0.000   0   2.96  214.4        -4467.32       -8921.564    35   0.0001  -0.0000     -2.002 0.000   0   2.97    0.019
2018-05-05-19:08:37 1.11  Mocks_Em/MockNFW640ellip5loga2.08PA50center0With_background20num60.dat L-BFGS-B     1.0e-04 0 0 1 0     NFW        0.0000  -0.0004     -2.216 0.000   0   2.96  206.3       -4538.309       -9063.542    35   0.0000  -0.0004     -2.036 0.000   0   2.97    0.018
2018-05-05-19:08:37 1.11  Mocks_Em/MockNFW640ellip5loga2.08PA50center0With_background20num61.dat L-BFGS-B     1.0e-04 0 0 1 0     NFW      359.9995  -0.0001     -2.264 0.000   0   2.95  186.8       -4635.859       -9258.642    35 359.9995  -0.0001     -2.026 0.000   0   2.96    0.018
2018-05-05-19:08:37 1.11  Mocks_Em/MockNFW640ellip5loga2.08PA50center0With_background20num62.dat L-BFGS-B     1.0e-04 0 0 1 0     NFW      359.9998   0.0001     -2.271 0.000   0   2.95  178.8           -4395       -8776.923    35 359.9998   0.0001     -1.997 0.000   0   2.96    0.018
2018-05-05-19:08:37 1.11  Mocks_Em/MockNFW640ellip5loga2.08PA50center0With_background20num63.dat L-BFGS-B     1.0e-04 0 0 1 0     NFW      359.9999   0.0002     -2.182 0.000   0   2.95  215.7        -4383.37       -8753.664    28 359.9999   0.0002     -1.999 0.000   0   2.96    0.015
2018-05-05-19:08:37 1.11  Mocks_Em/MockNFW640ellip5loga2.08PA50center0With_background20num64.dat L-BFGS-B     1.0e-04 0 0 1 0     NFW        0.0000  -0.0000     -2.287 0.000   0   2.95  173.4       -4428.702       -8844.327    35   0.0000  -0.0000     -2.009 0.000   0   2.96    0.018
2018-05-05-19:08:37 1.11  Mocks_Em/MockNFW640ellip5loga2.08PA50center0With_background20num65.dat L-BFGS-B     1.0e-04 0 0 1 0     NFW        0.0003  -0.0003     -2.172 0.000   0   2.97  230.6        -4616.02       -9218.964    28   0.0003  -0.0003     -2.015 0.000   0   2.97    0.015
2018-05-05-19:08:37 1.11  Mocks_Em/MockNFW640ellip5loga2.08PA50center0With_background20num66.dat L-BFGS-B     1.0e-04 0 0 1 0     NFW      359.9999  -0.0002     -2.311 0.000   0   2.96  171.9       -4637.112       -9261.148    35 359.9999  -0.0002     -2.048 0.000   0   2.98    0.018
2018-05-05-19:08:37 1.11  Mocks_Em/MockNFW640ellip5loga2.08PA50center0With_background20num67.dat L-BFGS-B     1.0e-04 0 0 1 0     NFW      359.9999   0.0002     -2.305 0.000   0   2.95  169.3       -4500.738         -8988.4    35 359.9999   0.0002     -2.026 0.000   0   2.97    0.019
2018-05-05-19:08:37 1.11  Mocks_Em/MockNFW640ellip5loga2.08PA50center0With_background20num68.dat L-BFGS-B     1.0e-04 0 0 1 0     NFW        0.0001   0.0000     -2.211 0.000   0   2.95  198.9       -4304.521       -8595.966    35   0.0001   0.0000     -1.988 0.000   0   2.95    0.018
2018-05-05-19:08:37 1.11  Mocks_Em/MockNFW640ellip5loga2.08PA50center0With_background20num69.dat L-BFGS-B     1.0e-04 0 0 1 0     NFW        0.0005  -0.0001     -2.258 0.000   0   2.96  189.5       -4565.788       -9118.499    35   0.0005  -0.0001     -2.024 0.000   0   2.97    0.019
2018-05-05-19:08:37 1.11  Mocks_Em/MockNFW640ellip5loga2.08PA50center0With_background20num70.dat L-BFGS-B     1.0e-04 0 0 1 0     NFW        0.0003   0.0000     -1.999 0.000   0   2.96  340.6       -4426.693        -8840.31    21   0.0003   0.0000     -1.984 0.000   0   2.96    0.011
2018-05-05-19:08:37 1.11  Mocks_Em/MockNFW640ellip5loga2.08PA50center0With_background20num71.dat L-BFGS-B     1.0e-04 0 0 1 0     NFW        0.0002   0.0000     -2.108 0.000   0   2.96  257.4        -4387.27       -8761.463    28   0.0002   0.0000     -1.991 0.000   0   2.96    0.015
2018-05-05-19:08:37 1.11  Mocks_Em/MockNFW640ellip5loga2.08PA50center0With_background20num72.dat L-BFGS-B     1.0e-04 0 0 1 0     NFW        0.0000  -0.0000     -2.184 0.000   0   2.96  215.5        -4364.12       -8715.164    35   0.0000  -0.0000     -2.013 0.000   0   2.96    0.018
2018-05-05-19:08:37 1.11  Mocks_Em/MockNFW640ellip5loga2.08PA50center0With_background20num73.dat L-BFGS-B     1.0e-04 0 0 1 0     NFW        0.0002  -0.0001     -2.256 0.000   0   2.97  191.5       -4591.951       -9170.826    35   0.0002  -0.0001     -2.044 0.000   0   2.98    0.018
2018-05-05-19:08:37 1.11  Mocks_Em/MockNFW640ellip5loga2.08PA50center0With_background20num74.dat L-BFGS-B     1.0e-04 0 0 1 0     NFW      359.9998   0.0000     -2.187 0.000   0   2.97  220.9       -4519.922       -9026.768    28 359.9998   0.0000     -2.002 0.000   0   2.98    0.015
2018-05-05-19:08:37 1.11  Mocks_Em/MockNFW640ellip5loga2.08PA50center0With_background20num75.dat L-BFGS-B     1.0e-04 0 0 1 0     NFW      359.9998  -0.0005     -2.214 0.000   0   2.93  198.1       -4400.176       -8787.276    35 359.9998  -0.0005     -2.008 0.000   0   2.94    0.018
2018-05-05-19:08:37 1.11  Mocks_Em/MockNFW640ellip5loga2.08PA50center0With_background20num76.dat L-BFGS-B     1.0e-04 0 0 1 0     NFW        0.0001  -0.0000     -2.179 0.000   0   2.97  223.1       -4497.906       -8982.736    28   0.0001  -0.0000     -2.014 0.000   0   2.97    0.014
2018-05-05-19:08:37 1.11  Mocks_Em/MockNFW640ellip5loga2.08PA50center0With_background20num77.dat L-BFGS-B     1.0e-04 0 0 1 0     NFW      359.9997   0.0002     -2.247 0.000   0   2.95  192.9       -4583.173       -9153.269    35 359.9997   0.0002     -2.022 0.000   0   2.96    0.019
2018-05-05-19:08:37 1.11  Mocks_Em/MockNFW640ellip5loga2.08PA50center0With_background20num78.dat L-BFGS-B     1.0e-04 0 0 1 0     NFW        0.0001  -0.0001     -2.290 0.000   0   2.95  172.8       -4448.049       -8883.023    35   0.0001  -0.0001     -1.993 0.000   0   2.96    0.019
2018-05-05-19:08:37 1.11  Mocks_Em/MockNFW640ellip5loga2.08PA50center0With_background20num79.dat L-BFGS-B     1.0e-04 0 0 1 0     NFW        0.0000   0.0003     -2.218 0.000   0   2.95  198.6         -4392.5       -8771.924    35   0.0000   0.0003     -1.992 0.000   0   2.95    0.018
2018-05-05-19:08:37 1.11  Mocks_Em/MockNFW640ellip5loga2.08PA50center0With_background20num80.dat L-BFGS-B     1.0e-04 0 0 1 0     NFW        0.0005   0.0000     -2.228 0.000   0   2.96  202.9       -4639.842       -9266.607    35   0.0005   0.0000     -2.033 0.000   0   2.97    0.018
2018-05-05-19:08:37 1.11  Mocks_Em/MockNFW640ellip5loga2.08PA50center0With_background20num81.dat L-BFGS-B     1.0e-04 0 0 1 0     NFW        0.0007  -0.0001     -2.112 0.000   0   2.96  262.6       -4631.419       -9249.762    28   0.0007  -0.0001     -1.994 0.000   0   2.96    0.016
2018-05-05-19:08:37 1.11  Mocks_Em/MockNFW640ellip5loga2.08PA50center0With_background20num82.dat L-BFGS-B     1.0e-04 0 0 1 0     NFW      359.9996   0.0003     -2.107 0.000   0   2.96  262.6       -4470.777       -8928.478    28 359.9996   0.0003     -1.989 0.000   0   2.97    0.015
2018-05-05-19:08:37 1.11  Mocks_Em/MockNFW640ellip5loga2.08PA50center0With_background20num83.dat L-BFGS-B     1.0e-04 0 0 1 0     NFW        0.0000   0.0002     -2.278 0.000   0   2.96  177.4       -4428.958       -8844.841    35   0.0000   0.0002     -2.015 0.000   0   2.97    0.018
2018-05-05-19:08:37 1.11  Mocks_Em/MockNFW640ellip5loga2.08PA50center0With_background20num84.dat L-BFGS-B     1.0e-04 0 0 1 0     NFW      359.9999   0.0001     -1.997 0.000   0   2.96  342.5       -4397.084       -8781.091    21 359.9999   0.0001     -1.977 0.000   0   2.96    0.011
2018-05-05-19:08:37 1.11  Mocks_Em/MockNFW640ellip5loga2.08PA50center0With_background20num85.dat L-BFGS-B     1.0e-04 0 0 1 0     NFW      359.9999  -0.0002     -2.001 0.000   0   2.95  327.9       -4264.062       -8515.047    21 359.9999  -0.0002     -1.960 0.000   0   2.95    0.011
2018-05-05-19:08:37 1.11  Mocks_Em/MockNFW640ellip5loga2.08PA50center0With_background20num86.dat L-BFGS-B     1.0e-04 0 0 1 0     NFW        0.0005   0.0000     -2.301 0.000   0   2.94  168.6       -4506.613        -9000.15    35   0.0005   0.0000     -2.002 0.000   0   2.95    0.018
2018-05-05-19:08:37 1.11  Mocks_Em/MockNFW640ellip5loga2.08PA50center0With_background20num87.dat L-BFGS-B     1.0e-04 0 0 1 0     NFW      359.9999   0.0003     -2.252 0.000   0   2.94  181.8       -4348.725       -8684.373    35 359.9999   0.0003     -2.008 0.000   0   2.95    0.018
2018-05-05-19:08:37 1.11  Mocks_Em/MockNFW640ellip5loga2.08PA50center0With_background20num88.dat L-BFGS-B     1.0e-04 0 0 1 0     NFW        0.0000   0.0002     -2.268 0.000   0   2.96  184.6       -4538.931       -9064.786    35   0.0000   0.0002     -2.029 0.000   0   2.97    0.018
2018-05-05-19:08:37 1.11  Mocks_Em/MockNFW640ellip5loga2.08PA50center0With_background20num89.dat L-BFGS-B     1.0e-04 0 0 1 0     NFW      359.9997   0.0000     -2.183 0.000   0   2.97  223.7       -4564.374       -9115.671    28 359.9997   0.0000     -2.015 0.000   0   2.97    0.015
2018-05-05-19:08:37 1.11  Mocks_Em/MockNFW640ellip5loga2.08PA50center0With_background20num90.dat L-BFGS-B     1.0e-04 0 0 1 0     NFW        0.0005  -0.0003     -2.179 0.000   0   2.96  225.4       -4616.984       -9220.893    28   0.0005  -0.0003     -2.027 0.000   0   2.96    0.015
2018-05-05-19:08:37 1.11  Mocks_Em/MockNFW640ellip5loga2.08PA50center0With_background20num91.dat L-BFGS-B     1.0e-04 0 0 1 0     NFW      359.9995   0.0001     -2.181 0.000   0   2.95  218.2       -4470.965       -8928.853    35 359.9995   0.0001     -1.995 0.000   0   2.96    0.019
2018-05-05-19:08:37 1.11  Mocks_Em/MockNFW640ellip5loga2.08PA50center0With_background20num92.dat L-BFGS-B     1.0e-04 0 0 1 0     NFW      359.9998   0.0001     -2.335 0.000   0   2.96  165.2        -4691.42       -9369.764    35 359.9998   0.0001     -2.030 0.000   0   2.98    0.019
2018-05-05-19:08:37 1.11  Mocks_Em/MockNFW640ellip5loga2.08PA50center0With_background20num93.dat L-BFGS-B     1.0e-04 0 0 1 0     NFW      359.9998   0.0000     -2.191 0.000   0   2.96  213.8       -4433.219       -8853.362    28 359.9998   0.0000     -2.006 0.000   0   2.96    0.015
2018-05-05-19:08:37 1.11  Mocks_Em/MockNFW640ellip5loga2.08PA50center0With_background20num94.dat L-BFGS-B     1.0e-04 0 0 1 0     NFW        0.0001   0.0002     -2.295 0.000   0   2.96  173.9       -4534.631       -9056.187    35   0.0001   0.0002     -2.018 0.000   0   2.97    0.019
2018-05-05-19:08:37 1.11  Mocks_Em/MockNFW640ellip5loga2.08PA50center0With_background20num95.dat L-BFGS-B     1.0e-04 0 0 1 0     NFW      359.9999   0.0003     -2.241 0.000   0   2.94  187.5        -4381.11       -8749.144    35 359.9999   0.0003     -2.016 0.000   0   2.95    0.018
2018-05-05-19:08:37 1.11  Mocks_Em/MockNFW640ellip5loga2.08PA50center0With_background20num96.dat L-BFGS-B     1.0e-04 0 0 1 0     NFW      359.9998   0.0000     -2.195 0.000   0   2.97  219.0       -4568.287       -9123.497    28 359.9998   0.0000     -2.011 0.000   0   2.98    0.015
2018-05-05-19:08:37 1.11  Mocks_Em/MockNFW640ellip5loga2.08PA50center0With_background20num97.dat L-BFGS-B     1.0e-04 0 0 1 0     NFW        0.0003   0.0002     -2.227 0.000   0   2.95  199.7       -4539.991       -9066.906    35   0.0003   0.0002     -2.040 0.000   0   2.96    0.019
2018-05-05-19:08:37 1.11  Mocks_Em/MockNFW640ellip5loga2.08PA50center0With_background20num98.dat L-BFGS-B     1.0e-04 0 0 1 0     NFW        0.0005   0.0001     -2.201 0.000   0   2.95  210.2       -4495.266       -8977.456    28   0.0005   0.0001     -2.010 0.000   0   2.96    0.015
2018-05-05-19:08:37 1.11  Mocks_Em/MockNFW640ellip5loga2.08PA50center0With_background20num99.dat L-BFGS-B     1.0e-04 0 0 1 0     NFW        0.0003   0.0001     -2.235 0.000   0   2.96  196.4       -4513.599       -9014.122    35   0.0003   0.0001     -2.013 0.000   0   2.96    0.018
