2018-05-05-19:07:57 1.11  Mocks_Em/MockNFW640ellip5loga2.08PA50center0With_background20num0.dat TNC          1.0e-04 0 0 1 0     NFW        0.0003   0.0001     -2.334 0.000   0   2.45  156.0        -4434.85       -8856.623    65   0.0003   0.0001     -2.025 0.000   0   2.95    0.319
2018-05-05-19:07:57 1.11  Mocks_Em/MockNFW640ellip5loga2.08PA50center0With_background20num1.dat TNC          1.0e-04 0 0 1 0     NFW        0.0000   0.0003     -2.266 0.000   0   2.97  183.9        -4512.59       -9012.104    39   0.0000   0.0003     -2.027 0.000   0   2.97    0.168
2018-05-05-19:07:57 1.11  Mocks_Em/MockNFW640ellip5loga2.08PA50center0With_background20num2.dat TNC          1.0e-04 0 0 1 0     NFW      359.9998  -0.0001     -2.137 0.000   0   5.33  180.5       -4462.687       -8912.297   150 359.9998  -0.0001     -1.983 0.000   0   2.97    0.619
2018-05-05-19:07:57 1.11  Mocks_Em/MockNFW640ellip5loga2.08PA50center0With_background20num3.dat TNC          1.0e-04 0 0 1 0     NFW        0.0001  -0.0001     -2.351 0.000   0   4.93  138.3       -4479.658        -8946.24    43   0.0001  -0.0001     -2.026 0.000   0   2.97    0.181
2018-05-05-19:07:57 1.11  Mocks_Em/MockNFW640ellip5loga2.08PA50center0With_background20num4.dat TNC          1.0e-04 0 0 1 0     NFW        0.0002  -0.0002     -2.192 0.000   0   2.97  219.2       -4579.279       -9145.482    29   0.0002  -0.0002     -2.005 0.000   0   2.97    0.123
2018-05-05-19:07:57 1.11  Mocks_Em/MockNFW640ellip5loga2.08PA50center0With_background20num5.dat TNC          1.0e-04 0 0 1 0     NFW        0.0000   0.0000     -2.291 0.000   0   4.78  154.8       -4306.501       -8599.926   116   0.0000   0.0000     -2.007 0.000   0   2.95    0.474
2018-05-05-19:07:57 1.11  Mocks_Em/MockNFW640ellip5loga2.08PA50center0With_background20num6.dat TNC          1.0e-04 0 0 1 0     NFW        0.0000  -0.0001     -2.443 0.000   0   5.52   77.6       -4475.318       -8937.559   116   0.0000  -0.0001     -1.999 0.000   0   2.98    0.479
2018-05-05-19:07:57 1.11  Mocks_Em/MockNFW640ellip5loga2.08PA50center0With_background20num7.dat TNC          1.0e-04 0 0 1 0     NFW        0.0001  -0.0001     -2.397 0.000   0   5.05  122.3       -4500.037       -8986.997   118   0.0001  -0.0001     -2.024 0.000   0   2.97    0.502
2018-05-05-19:07:57 1.11  Mocks_Em/MockNFW640ellip5loga2.08PA50center0With_background20num8.dat TNC          1.0e-04 0 0 1 0     NFW        0.0001   0.0001     -2.649 0.000   0   5.64   39.9       -4359.924       -8706.773   101   0.0001   0.0001     -1.970 0.000   0   2.96    0.424
2018-05-05-19:07:57 1.11  Mocks_Em/MockNFW640ellip5loga2.08PA50center0With_background20num9.dat TNC          1.0e-04 0 0 1 0     NFW        0.0001   0.0001     -2.478 0.000   0   5.54   69.0       -4474.979       -8936.882    94   0.0001   0.0001     -1.998 0.000   0   2.97    0.409
2018-05-05-19:07:57 1.11  Mocks_Em/MockNFW640ellip5loga2.08PA50center0With_background20num10.dat TNC          1.0e-04 0 0 1 0     NFW      359.9999  -0.0000     -2.520 0.000   0   5.59   56.0        -4350.06       -8687.044   133 359.9999  -0.0000     -1.994 0.000   0   2.96    0.550
2018-05-05-19:07:57 1.11  Mocks_Em/MockNFW640ellip5loga2.08PA50center0With_background20num11.dat TNC          1.0e-04 0 0 1 0     NFW      359.9997   0.0001     -2.719 0.000   0   5.67   33.3        -4416.39       -8819.704    85 359.9997   0.0001     -1.980 0.000   0   2.96    0.352
2018-05-05-19:07:57 1.11  Mocks_Em/MockNFW640ellip5loga2.08PA50center0With_background20num12.dat TNC          1.0e-04 0 0 1 0     NFW        0.0001   0.0001     -2.676 0.000   0   5.65   36.9       -4410.329       -8807.583    91   0.0001   0.0001     -1.982 0.000   0   2.96    0.375
2018-05-05-19:07:57 1.11  Mocks_Em/MockNFW640ellip5loga2.08PA50center0With_background20num13.dat TNC          1.0e-04 0 0 1 0     NFW      359.9998  -0.0002     -2.536 0.000   0   5.55   58.3       -4369.061       -8725.046    96 359.9998  -0.0002     -1.984 0.000   0   2.96    0.403
2018-05-05-19:07:57 1.11  Mocks_Em/MockNFW640ellip5loga2.08PA50center0With_background20num14.dat TNC          1.0e-04 0 0 1 0     NFW      359.9999  -0.0001     -2.602 0.000   0   5.45   65.0       -4533.636       -9054.195   138 359.9999  -0.0001     -2.020 0.000   0   2.97    0.575
2018-05-05-19:07:57 1.11  Mocks_Em/MockNFW640ellip5loga2.08PA50center0With_background20num15.dat TNC          1.0e-04 0 0 1 0     NFW        0.0001   0.0001     -2.420 0.000   0   5.29  103.1       -4503.111       -8993.145   133   0.0001   0.0001     -2.015 0.000   0   2.97    0.559
2018-05-05-19:07:57 1.11  Mocks_Em/MockNFW640ellip5loga2.08PA50center0With_background20num16.dat TNC          1.0e-04 0 0 1 0     NFW      360.0000  -0.0002     -2.200 0.000   0   1.99  206.5        -4368.92       -8724.764    62 360.0000  -0.0002     -1.991 0.000   0   2.96    0.261
2018-05-05-19:07:57 1.11  Mocks_Em/MockNFW640ellip5loga2.08PA50center0With_background20num17.dat TNC          1.0e-04 0 0 1 0     NFW        0.0001  -0.0004     -2.236 0.000   0   4.35  188.9       -4438.623        -8864.17    33   0.0001  -0.0004     -2.012 0.000   0   2.97    0.143
2018-05-05-19:07:57 1.11  Mocks_Em/MockNFW640ellip5loga2.08PA50center0With_background20num18.dat TNC          1.0e-04 0 0 1 0     NFW        0.0002   0.0002     -2.352 0.000   0   5.37  107.2       -4462.338       -8911.599   203   0.0002   0.0002     -2.002 0.000   0   2.96    0.858
2018-05-05-19:07:57 1.11  Mocks_Em/MockNFW640ellip5loga2.08PA50center0With_background20num19.dat TNC          1.0e-04 0 0 1 0     NFW      359.9999   0.0002     -2.316 0.000   0   4.65  157.9       -4498.852       -8984.627   107 359.9999   0.0002     -2.015 0.000   0   2.98    0.453
2018-05-05-19:07:57 1.11  Mocks_Em/MockNFW640ellip5loga2.08PA50center0With_background20num20.dat TNC          1.0e-04 0 0 1 0     NFW        0.0006  -0.0001     -2.240 0.000   0   5.21  148.1       -4392.444       -8771.812   137   0.0006  -0.0001     -1.979 0.000   0   2.95    0.582
2018-05-05-19:07:57 1.11  Mocks_Em/MockNFW640ellip5loga2.08PA50center0With_background20num21.dat TNC          1.0e-04 0 0 1 0     NFW        0.0003  -0.0004     -2.127 0.000   0   1.19  250.9       -4547.219       -9081.363    35   0.0003  -0.0004     -2.006 0.000   0   2.96    0.149
2018-05-05-19:07:57 1.11  Mocks_Em/MockNFW640ellip5loga2.08PA50center0With_background20num22.dat TNC          1.0e-04 0 0 1 0     NFW      360.0000  -0.0001     -2.245 0.000   0   2.99  195.7       -4559.672       -9106.268    29 360.0000  -0.0001     -2.005 0.000   0   2.98    0.123
2018-05-05-19:07:57 1.11  Mocks_Em/MockNFW640ellip5loga2.08PA50center0With_background20num23.dat TNC          1.0e-04 0 0 1 0     NFW      359.9999  -0.0001     -2.141 0.000   0   2.97  241.3       -4445.288       -8877.499    32 359.9999  -0.0001     -1.994 0.000   0   2.97    0.134
2018-05-05-19:07:57 1.11  Mocks_Em/MockNFW640ellip5loga2.08PA50center0With_background20num24.dat TNC          1.0e-04 0 0 1 0     NFW      359.9997   0.0004     -2.223 0.000   0   2.08  202.5       -4572.653       -9132.231    69 359.9997   0.0004     -2.023 0.000   0   2.96    0.285
2018-05-05-19:07:57 1.11  Mocks_Em/MockNFW640ellip5loga2.08PA50center0With_background20num25.dat TNC          1.0e-04 0 0 1 0     NFW        0.0004  -0.0000     -2.463 0.000   0   5.32   92.5       -4562.325       -9111.573   130   0.0004  -0.0000     -2.022 0.000   0   2.96    0.542
2018-05-05-19:07:57 1.11  Mocks_Em/MockNFW640ellip5loga2.08PA50center0With_background20num26.dat TNC          1.0e-04 0 0 1 0     NFW      359.9999  -0.0003     -2.277 0.000   0   5.06  155.6       -4551.684       -9090.292   113 359.9999  -0.0003     -2.010 0.000   0   2.97    0.476
2018-05-05-19:07:57 1.11  Mocks_Em/MockNFW640ellip5loga2.08PA50center0With_background20num27.dat TNC          1.0e-04 0 0 1 0     NFW        0.0004  -0.0002     -2.206 0.000   0   5.08  177.6       -4476.017       -8938.959    86   0.0004  -0.0002     -2.002 0.000   0   2.97    0.367
2018-05-05-19:07:57 1.11  Mocks_Em/MockNFW640ellip5loga2.08PA50center0With_background20num28.dat TNC          1.0e-04 0 0 1 0     NFW        0.0001   0.0001     -2.061 0.000   0   2.02  299.3       -4513.325       -9013.574    43   0.0001   0.0001     -2.013 0.000   0   2.98    0.184
2018-05-05-19:07:57 1.11  Mocks_Em/MockNFW640ellip5loga2.08PA50center0With_background20num29.dat TNC          1.0e-04 0 0 1 0     NFW      359.9998   0.0002     -2.209 0.000   0   4.93  183.5       -4472.125       -8931.174   117 359.9998   0.0002     -1.997 0.000   0   2.96    0.505
2018-05-05-19:07:57 1.11  Mocks_Em/MockNFW640ellip5loga2.08PA50center0With_background20num30.dat TNC          1.0e-04 0 0 1 0     NFW        0.0002   0.0004     -2.534 0.000   0   5.49   66.7        -4508.57       -9004.064    95   0.0002   0.0004     -2.004 0.000   0   2.96    0.411
2018-05-05-19:07:57 1.11  Mocks_Em/MockNFW640ellip5loga2.08PA50center0With_background20num31.dat TNC          1.0e-04 0 0 1 0     NFW      359.9998   0.0003     -2.150 0.000   0   0.95  237.4       -4464.859       -8916.643    97 359.9998   0.0003     -2.013 0.000   0   2.97    0.409
2018-05-05-19:07:57 1.11  Mocks_Em/MockNFW640ellip5loga2.08PA50center0With_background20num32.dat TNC          1.0e-04 0 0 1 0     NFW        0.0004  -0.0000     -2.553 0.000   0   5.58   59.0       -4614.662       -9216.247    73   0.0004  -0.0000     -2.012 0.000   0   2.98    0.315
2018-05-05-19:07:57 1.11  Mocks_Em/MockNFW640ellip5loga2.08PA50center0With_background20num33.dat TNC          1.0e-04 0 0 1 0     NFW        0.0002   0.0002     -2.784 0.000   0   5.64   32.5       -4419.552       -8826.028    98   0.0002   0.0002     -1.983 0.000   0   2.95    0.418
2018-05-05-19:07:57 1.11  Mocks_Em/MockNFW640ellip5loga2.08PA50center0With_background20num34.dat TNC          1.0e-04 0 0 1 0     NFW      359.9998  -0.0001     -2.240 0.000   0   2.98  188.6        -4385.13       -8757.184    26 359.9998  -0.0001     -2.006 0.000   0   2.95    0.111
2018-05-05-19:07:57 1.11  Mocks_Em/MockNFW640ellip5loga2.08PA50center0With_background20num35.dat TNC          1.0e-04 0 0 1 0     NFW      360.0000  -0.0002     -2.439 0.000   0   5.50   76.3       -4391.189       -8769.302    94 360.0000  -0.0002     -1.985 0.000   0   2.96    0.394
2018-05-05-19:07:57 1.11  Mocks_Em/MockNFW640ellip5loga2.08PA50center0With_background20num36.dat TNC          1.0e-04 0 0 1 0     NFW        0.0003   0.0005     -2.362 0.000   0   1.85  154.7       -4673.981       -9334.887    74   0.0003   0.0005     -2.053 0.000   0   2.97    0.321
2018-05-05-19:07:57 1.11  Mocks_Em/MockNFW640ellip5loga2.08PA50center0With_background20num37.dat TNC          1.0e-04 0 0 1 0     NFW        0.0003  -0.0001     -2.162 0.000   0   0.77  225.5       -4406.553       -8800.031    48   0.0003  -0.0001     -2.009 0.000   0   2.95    0.207
2018-05-05-19:07:57 1.11  Mocks_Em/MockNFW640ellip5loga2.08PA50center0With_background20num38.dat TNC          1.0e-04 0 0 1 0     NFW        0.0005  -0.0003     -2.161 0.000   0   0.75  228.9       -4436.331       -8859.585    80   0.0005  -0.0003     -2.011 0.000   0   2.96    0.338
2018-05-05-19:07:57 1.11  Mocks_Em/MockNFW640ellip5loga2.08PA50center0With_background20num39.dat TNC          1.0e-04 0 0 1 0     NFW        0.0006   0.0000     -2.340 0.000   0   5.19  124.8       -4523.139       -9033.202   138   0.0006   0.0000     -2.000 0.000   0   2.95    0.570
2018-05-05-19:07:57 1.11  Mocks_Em/MockNFW640ellip5loga2.08PA50center0With_background20num40.dat TNC          1.0e-04 0 0 1 0     NFW        0.0002   0.0002     -2.376 0.000   0   5.43   99.5       -4535.783       -9058.491   176   0.0002   0.0002     -2.009 0.000   0   2.97    0.736
2018-05-05-19:07:57 1.11  Mocks_Em/MockNFW640ellip5loga2.08PA50center0With_background20num41.dat TNC          1.0e-04 0 0 1 0     NFW      359.9999   0.0001     -2.247 0.000   0   2.98  195.7       -4582.297       -9151.519    22 359.9999   0.0001     -2.035 0.000   0   2.98    0.097
2018-05-05-19:07:57 1.11  Mocks_Em/MockNFW640ellip5loga2.08PA50center0With_background20num42.dat TNC          1.0e-04 0 0 1 0     NFW        0.0000   0.0003     -2.255 0.000   0   2.97  184.9        -4438.26       -8863.444    35   0.0000   0.0003     -2.004 0.000   0   2.96    0.147
2018-05-05-19:07:57 1.11  Mocks_Em/MockNFW640ellip5loga2.08PA50center0With_background20num43.dat TNC          1.0e-04 0 0 1 0     NFW        0.0001   0.0000     -2.176 0.000   0   2.97  221.5       -4413.281       -8813.487    38   0.0001   0.0000     -1.999 0.000   0   2.97    0.163
2018-05-05-19:07:57 1.11  Mocks_Em/MockNFW640ellip5loga2.08PA50center0With_background20num44.dat TNC          1.0e-04 0 0 1 0     NFW        0.0002   0.0001     -2.295 0.000   0   4.94  149.8       -4407.676       -8802.276    78   0.0002   0.0001     -2.014 0.000   0   2.95    0.320
2018-05-05-19:07:57 1.11  Mocks_Em/MockNFW640ellip5loga2.08PA50center0With_background20num45.dat TNC          1.0e-04 0 0 1 0     NFW        0.0002   0.0003     -2.173 0.000   0   4.82  209.7       -4512.509       -9011.943   139   0.0002   0.0003     -1.997 0.000   0   2.97    0.586
2018-05-05-19:07:57 1.11  Mocks_Em/MockNFW640ellip5loga2.08PA50center0With_background20num46.dat TNC          1.0e-04 0 0 1 0     NFW      359.9996  -0.0000     -2.150 0.000   0   2.96  237.6        -4526.16       -9039.243    34 359.9996  -0.0000     -2.013 0.000   0   2.96    0.142
2018-05-05-19:07:57 1.11  Mocks_Em/MockNFW640ellip5loga2.08PA50center0With_background20num47.dat TNC          1.0e-04 0 0 1 0     NFW      359.9998  -0.0005     -2.156 0.000   0   1.53  228.5       -4458.947       -8904.818    52 359.9998  -0.0005     -2.003 0.000   0   2.94    0.219
2018-05-05-19:07:57 1.11  Mocks_Em/MockNFW640ellip5loga2.08PA50center0With_background20num48.dat TNC          1.0e-04 0 0 1 0     NFW      359.9993  -0.0001     -2.211 0.000   0   0.59  201.4       -4433.308        -8853.54    64 359.9993  -0.0001     -2.029 0.000   0   2.95    0.267
2018-05-05-19:07:57 1.11  Mocks_Em/MockNFW640ellip5loga2.08PA50center0With_background20num49.dat TNC          1.0e-04 0 0 1 0     NFW      360.0000  -0.0003     -2.346 0.000   0   5.29  118.3        -4500.09       -8987.103   121 360.0000  -0.0003     -2.006 0.000   0   2.97    0.507
2018-05-05-19:07:57 1.11  Mocks_Em/MockNFW640ellip5loga2.08PA50center0With_background20num50.dat TNC          1.0e-04 0 0 1 0     NFW        0.0002  -0.0000     -2.213 0.000   0   3.00  206.8       -4501.292       -8989.508    27   0.0002  -0.0000     -2.023 0.000   0   2.97    0.120
2018-05-05-19:07:57 1.11  Mocks_Em/MockNFW640ellip5loga2.08PA50center0With_background20num51.dat TNC          1.0e-04 0 0 1 0     NFW      360.0000  -0.0001     -2.475 0.000   0   5.50   66.5       -4173.291       -8333.505   118 360.0000  -0.0001     -1.968 0.000   0   2.94    0.501
2018-05-05-19:07:57 1.11  Mocks_Em/MockNFW640ellip5loga2.08PA50center0With_background20num52.dat TNC          1.0e-04 0 0 1 0     NFW        0.0004  -0.0001     -2.122 0.000   0   0.82  254.5       -4521.683        -9030.29    30   0.0004  -0.0001     -2.013 0.000   0   2.96    0.126
2018-05-05-19:07:57 1.11  Mocks_Em/MockNFW640ellip5loga2.08PA50center0With_background20num53.dat TNC          1.0e-04 0 0 1 0     NFW        0.0001  -0.0002     -2.246 0.000   0   1.51  185.7       -4346.846       -8680.617    70   0.0001  -0.0002     -2.020 0.000   0   2.96    0.288
2018-05-05-19:07:57 1.11  Mocks_Em/MockNFW640ellip5loga2.08PA50center0With_background20num54.dat TNC          1.0e-04 0 0 1 0     NFW      360.0000   0.0000     -2.673 0.000   0   5.66   41.7       -4605.532       -9197.987    95 360.0000   0.0000     -2.005 0.000   0   2.99    0.401
2018-05-05-19:07:57 1.11  Mocks_Em/MockNFW640ellip5loga2.08PA50center0With_background20num55.dat TNC          1.0e-04 0 0 1 0     NFW        0.0002   0.0002     -2.334 0.000   0   5.52   86.7       -4305.152       -8597.229   158   0.0002   0.0002     -1.964 0.000   0   2.95    0.652
2018-05-05-19:07:57 1.11  Mocks_Em/MockNFW640ellip5loga2.08PA50center0With_background20num56.dat TNC          1.0e-04 0 0 1 0     NFW        0.0002   0.0003     -2.166 0.000   0   4.35  225.3        -4576.91       -9140.744    36   0.0002   0.0003     -2.018 0.000   0   2.97    0.152
2018-05-05-19:07:57 1.11  Mocks_Em/MockNFW640ellip5loga2.08PA50center0With_background20num57.dat TNC          1.0e-04 0 0 1 0     NFW        0.0000   0.0001     -2.574 0.000   0   5.47   66.7         -4539.9       -9066.724    88   0.0000   0.0001     -2.016 0.000   0   2.97    0.377
2018-05-05-19:07:57 1.11  Mocks_Em/MockNFW640ellip5loga2.08PA50center0With_background20num58.dat TNC          1.0e-04 0 0 1 0     NFW        0.0000  -0.0003     -2.312 0.000   0   4.94  154.2       -4659.102       -9305.128   102   0.0000  -0.0003     -2.026 0.000   0   2.98    0.423
2018-05-05-19:07:57 1.11  Mocks_Em/MockNFW640ellip5loga2.08PA50center0With_background20num59.dat TNC          1.0e-04 0 0 1 0     NFW        0.0001  -0.0000     -2.194 0.000   0   1.56  214.8       -4467.321       -8921.566    32   0.0001  -0.0000     -2.002 0.000   0   2.97    0.206
2018-05-05-19:07:57 1.11  Mocks_Em/MockNFW640ellip5loga2.08PA50center0With_background20num60.dat TNC          1.0e-04 0 0 1 0     NFW        0.0000  -0.0004     -2.216 0.000   0   2.97  206.3       -4538.309       -9063.542    27   0.0000  -0.0004     -2.036 0.000   0   2.97    0.117
2018-05-05-19:07:57 1.11  Mocks_Em/MockNFW640ellip5loga2.08PA50center0With_background20num61.dat TNC          1.0e-04 0 0 1 0     NFW      359.9995  -0.0001     -2.393 0.000   0   5.19  116.3       -4636.273       -9259.469   116 359.9995  -0.0001     -2.026 0.000   0   2.96    0.570
2018-05-05-19:07:57 1.11  Mocks_Em/MockNFW640ellip5loga2.08PA50center0With_background20num62.dat TNC          1.0e-04 0 0 1 0     NFW      359.9998   0.0001     -2.498 0.000   0   5.41   78.0       -4396.324       -8779.572   101 359.9998   0.0001     -1.997 0.000   0   2.96    0.556
2018-05-05-19:07:57 1.11  Mocks_Em/MockNFW640ellip5loga2.08PA50center0With_background20num63.dat TNC          1.0e-04 0 0 1 0     NFW      359.9999   0.0002     -2.168 0.000   0   3.09  222.2       -4383.388         -8753.7    26 359.9999   0.0002     -1.999 0.000   0   2.96    0.111
2018-05-05-19:07:57 1.11  Mocks_Em/MockNFW640ellip5loga2.08PA50center0With_background20num64.dat TNC          1.0e-04 0 0 1 0     NFW        0.0000  -0.0000     -2.290 0.000   0   3.06  172.5       -4428.703        -8844.33    36   0.0000  -0.0000     -2.009 0.000   0   2.96    0.155
2018-05-05-19:07:57 1.11  Mocks_Em/MockNFW640ellip5loga2.08PA50center0With_background20num65.dat TNC          1.0e-04 0 0 1 0     NFW        0.0003  -0.0003     -2.162 0.000   0   2.97  235.5       -4616.029       -9218.983    34   0.0003  -0.0003     -2.015 0.000   0   2.97    0.144
2018-05-05-19:07:57 1.11  Mocks_Em/MockNFW640ellip5loga2.08PA50center0With_background20num66.dat TNC          1.0e-04 0 0 1 0     NFW      359.9999  -0.0002     -2.311 0.000   0   1.61  172.1       -4637.114       -9261.153    61 359.9999  -0.0002     -2.048 0.000   0   2.98    0.260
2018-05-05-19:07:57 1.11  Mocks_Em/MockNFW640ellip5loga2.08PA50center0With_background20num67.dat TNC          1.0e-04 0 0 1 0     NFW      359.9999   0.0002     -2.306 0.000   0   2.96  168.9       -4500.738       -8988.401    25 359.9999   0.0002     -2.026 0.000   0   2.97    0.107
2018-05-05-19:07:57 1.11  Mocks_Em/MockNFW640ellip5loga2.08PA50center0With_background20num68.dat TNC          1.0e-04 0 0 1 0     NFW        0.0001   0.0000     -2.407 0.000   0   5.35   94.5       -4305.334       -8597.592   123   0.0001   0.0000     -1.988 0.000   0   2.95    0.519
2018-05-05-19:07:57 1.11  Mocks_Em/MockNFW640ellip5loga2.08PA50center0With_background20num69.dat TNC          1.0e-04 0 0 1 0     NFW        0.0005  -0.0001     -2.258 0.000   0   2.97  189.4       -4565.788       -9118.499    34   0.0005  -0.0001     -2.024 0.000   0   2.97    0.145
2018-05-05-19:07:57 1.11  Mocks_Em/MockNFW640ellip5loga2.08PA50center0With_background20num70.dat TNC          1.0e-04 0 0 1 0     NFW        0.0003   0.0000     -2.260 0.000   0   5.46  115.5       -4427.368        -8841.66    95   0.0003   0.0000     -1.984 0.000   0   2.96    0.394
2018-05-05-19:07:57 1.11  Mocks_Em/MockNFW640ellip5loga2.08PA50center0With_background20num71.dat TNC          1.0e-04 0 0 1 0     NFW        0.0002   0.0000     -2.102 0.000   0   2.96  261.2       -4387.273        -8761.47    16   0.0002   0.0000     -1.991 0.000   0   2.96    0.070
2018-05-05-19:07:57 1.11  Mocks_Em/MockNFW640ellip5loga2.08PA50center0With_background20num72.dat TNC          1.0e-04 0 0 1 0     NFW        0.0000  -0.0000     -2.184 0.000   0   1.64  215.8       -4364.125       -8715.173    38   0.0000  -0.0000     -2.013 0.000   0   2.96    0.158
2018-05-05-19:07:57 1.11  Mocks_Em/MockNFW640ellip5loga2.08PA50center0With_background20num73.dat TNC          1.0e-04 0 0 1 0     NFW        0.0002  -0.0001     -2.256 0.000   0  -0.02  191.4       -4591.957       -9170.838    69   0.0002  -0.0001     -2.044 0.000   0   2.98    0.287
2018-05-05-19:07:57 1.11  Mocks_Em/MockNFW640ellip5loga2.08PA50center0With_background20num74.dat TNC          1.0e-04 0 0 1 0     NFW      359.9998   0.0000     -2.174 0.000   0   2.39  228.2       -4519.939       -9026.801    43 359.9998   0.0000     -2.002 0.000   0   2.98    0.180
2018-05-05-19:07:57 1.11  Mocks_Em/MockNFW640ellip5loga2.08PA50center0With_background20num75.dat TNC          1.0e-04 0 0 1 0     NFW      359.9998  -0.0005     -2.215 0.000   0   0.16  198.0       -4400.181       -8787.286    63 359.9998  -0.0005     -2.008 0.000   0   2.94    0.262
2018-05-05-19:07:57 1.11  Mocks_Em/MockNFW640ellip5loga2.08PA50center0With_background20num76.dat TNC          1.0e-04 0 0 1 0     NFW        0.0001  -0.0000     -2.254 0.000   0   5.05  162.8       -4498.067       -8983.058   113   0.0001  -0.0000     -2.014 0.000   0   2.97    0.565
2018-05-05-19:07:57 1.11  Mocks_Em/MockNFW640ellip5loga2.08PA50center0With_background20num77.dat TNC          1.0e-04 0 0 1 0     NFW      359.9997   0.0002     -2.247 0.000   0   2.29  193.0       -4583.176       -9153.276    53 359.9997   0.0002     -2.022 0.000   0   2.96    0.295
2018-05-05-19:07:57 1.11  Mocks_Em/MockNFW640ellip5loga2.08PA50center0With_background20num78.dat TNC          1.0e-04 0 0 1 0     NFW        0.0001  -0.0001     -2.509 0.000   0   5.39   78.7       -4449.308        -8885.54   129   0.0001  -0.0001     -1.993 0.000   0   2.96    0.710
2018-05-05-19:07:57 1.11  Mocks_Em/MockNFW640ellip5loga2.08PA50center0With_background20num79.dat TNC          1.0e-04 0 0 1 0     NFW        0.0000   0.0003     -2.280 0.000   0   4.89  156.3       -4392.586       -8772.095    97   0.0000   0.0003     -1.992 0.000   0   2.95    0.522
2018-05-05-19:07:57 1.11  Mocks_Em/MockNFW640ellip5loga2.08PA50center0With_background20num80.dat TNC          1.0e-04 0 0 1 0     NFW        0.0005   0.0000     -2.228 0.000   0   2.96  202.5       -4639.842       -9266.607    36   0.0005   0.0000     -2.033 0.000   0   2.97    0.153
2018-05-05-19:07:57 1.11  Mocks_Em/MockNFW640ellip5loga2.08PA50center0With_background20num81.dat TNC          1.0e-04 0 0 1 0     NFW        0.0007  -0.0001     -2.170 0.000   0   4.93  205.2       -4631.493        -9249.91   124   0.0007  -0.0001     -1.994 0.000   0   2.96    0.524
2018-05-05-19:07:57 1.11  Mocks_Em/MockNFW640ellip5loga2.08PA50center0With_background20num82.dat TNC          1.0e-04 0 0 1 0     NFW      359.9996   0.0003     -2.252 0.000   0   5.28  143.7       -4471.165       -8929.253   105 359.9996   0.0003     -1.989 0.000   0   2.97    0.443
2018-05-05-19:07:57 1.11  Mocks_Em/MockNFW640ellip5loga2.08PA50center0With_background20num83.dat TNC          1.0e-04 0 0 1 0     NFW        0.0000   0.0002     -2.347 0.000   0   4.94  137.2       -4429.064       -8845.052   114   0.0000   0.0002     -2.015 0.000   0   2.97    0.487
2018-05-05-19:07:57 1.11  Mocks_Em/MockNFW640ellip5loga2.08PA50center0With_background20num84.dat TNC          1.0e-04 0 0 1 0     NFW      359.9999   0.0001     -2.015 0.000   0   2.67  327.2       -4397.109       -8781.141    28 359.9999   0.0001     -1.977 0.000   0   2.96    0.121
2018-05-05-19:07:57 1.11  Mocks_Em/MockNFW640ellip5loga2.08PA50center0With_background20num85.dat TNC          1.0e-04 0 0 1 0     NFW      359.9999  -0.0002     -2.478 0.000   0   5.65   48.6       -4266.516       -8519.956   105 359.9999  -0.0002     -1.960 0.000   0   2.95    0.480
2018-05-05-19:07:57 1.11  Mocks_Em/MockNFW640ellip5loga2.08PA50center0With_background20num86.dat TNC          1.0e-04 0 0 1 0     NFW        0.0005   0.0000     -2.593 0.000   0   5.48   60.6       -4508.672       -9004.268    86   0.0005   0.0000     -2.002 0.000   0   2.95    0.485
2018-05-05-19:07:57 1.11  Mocks_Em/MockNFW640ellip5loga2.08PA50center0With_background20num87.dat TNC          1.0e-04 0 0 1 0     NFW      359.9999   0.0003     -2.324 0.000   0   4.95  138.6       -4348.871       -8684.665   128 359.9999   0.0003     -2.008 0.000   0   2.95    0.704
2018-05-05-19:07:57 1.11  Mocks_Em/MockNFW640ellip5loga2.08PA50center0With_background20num88.dat TNC          1.0e-04 0 0 1 0     NFW        0.0000   0.0002     -2.269 0.000   0   2.89  184.1       -4538.931       -9064.787    47   0.0000   0.0002     -2.029 0.000   0   2.97    0.269
2018-05-05-19:07:57 1.11  Mocks_Em/MockNFW640ellip5loga2.08PA50center0With_background20num89.dat TNC          1.0e-04 0 0 1 0     NFW      359.9997   0.0000     -2.234 0.000   0   4.92  179.5       -4564.446       -9115.815    99 359.9997   0.0000     -2.015 0.000   0   2.97    0.553
2018-05-05-19:07:57 1.11  Mocks_Em/MockNFW640ellip5loga2.08PA50center0With_background20num90.dat TNC          1.0e-04 0 0 1 0     NFW        0.0005  -0.0003     -2.170 0.000   0   1.24  230.1       -4616.996       -9220.915    43   0.0005  -0.0003     -2.027 0.000   0   2.96    0.242
2018-05-05-19:07:57 1.11  Mocks_Em/MockNFW640ellip5loga2.08PA50center0With_background20num91.dat TNC          1.0e-04 0 0 1 0     NFW      359.9995   0.0001     -2.181 0.000   0   1.54  218.3       -4470.968       -8928.859    29 359.9995   0.0001     -1.995 0.000   0   2.96    0.165
2018-05-05-19:07:57 1.11  Mocks_Em/MockNFW640ellip5loga2.08PA50center0With_background20num92.dat TNC          1.0e-04 0 0 1 0     NFW      359.9998   0.0001     -2.540 0.000   0   5.38   80.5       -4692.878        -9372.68   146 359.9998   0.0001     -2.030 0.000   0   2.98    0.669
2018-05-05-19:07:57 1.11  Mocks_Em/MockNFW640ellip5loga2.08PA50center0With_background20num93.dat TNC          1.0e-04 0 0 1 0     NFW      359.9998   0.0000     -2.183 0.000   0   4.74  202.4       -4433.431       -8853.785    35 359.9998   0.0000     -2.006 0.000   0   2.96    0.146
2018-05-05-19:07:57 1.11  Mocks_Em/MockNFW640ellip5loga2.08PA50center0With_background20num94.dat TNC          1.0e-04 0 0 1 0     NFW        0.0001   0.0002     -2.297 0.000   0   2.97  173.2       -4534.632       -9056.187    33   0.0001   0.0002     -2.018 0.000   0   2.97    0.140
2018-05-05-19:07:57 1.11  Mocks_Em/MockNFW640ellip5loga2.08PA50center0With_background20num95.dat TNC          1.0e-04 0 0 1 0     NFW      359.9999   0.0003     -2.241 0.000   0   0.94  187.7       -4381.114       -8749.152    93 359.9999   0.0003     -2.016 0.000   0   2.95    0.399
2018-05-05-19:07:57 1.11  Mocks_Em/MockNFW640ellip5loga2.08PA50center0With_background20num96.dat TNC          1.0e-04 0 0 1 0     NFW      359.9998   0.0000     -2.272 0.000   0   5.08  158.3       -4568.471       -9123.865   164 359.9998   0.0000     -2.011 0.000   0   2.98    0.916
2018-05-05-19:07:57 1.11  Mocks_Em/MockNFW640ellip5loga2.08PA50center0With_background20num97.dat TNC          1.0e-04 0 0 1 0     NFW        0.0003   0.0002     -2.228 0.000   0   2.96  199.4       -4539.991       -9066.906    22   0.0003   0.0002     -2.040 0.000   0   2.96    0.129
2018-05-05-19:07:57 1.11  Mocks_Em/MockNFW640ellip5loga2.08PA50center0With_background20num98.dat TNC          1.0e-04 0 0 1 0     NFW        0.0005   0.0001     -2.242 0.000   0   4.85  175.0       -4495.336       -8977.596   135   0.0005   0.0001     -2.010 0.000   0   2.96    0.741
2018-05-05-19:07:57 1.11  Mocks_Em/MockNFW640ellip5loga2.08PA50center0With_background20num99.dat TNC          1.0e-04 0 0 1 0     NFW        0.0003   0.0001     -2.346 0.000   0   5.15  128.5        -4513.93       -9014.784   109   0.0003   0.0001     -2.013 0.000   0   2.96    0.617
