2018-05-05-19:09:02 1.11  Mocks_Em/MockNFW640ellip5loga2.08PA50center0With_background20num0.dat Nelder-Mead  1.0e-04 0 0 1 0     NFW        0.0003   0.0001     -2.127 0.000   0   2.95  243.7       -4431.206       -8849.336   241   0.0003   0.0001     -2.025 0.000   0   2.95    0.097
2018-05-05-19:09:02 1.11  Mocks_Em/MockNFW640ellip5loga2.08PA50center0With_background20num1.dat Nelder-Mead  1.0e-04 0 0 1 0     NFW        0.0000   0.0003     -2.129 0.000   0   2.97  249.5       -4511.618       -9010.159   241   0.0000   0.0003     -2.027 0.000   0   2.97    0.071
2018-05-05-19:09:02 1.11  Mocks_Em/MockNFW640ellip5loga2.08PA50center0With_background20num2.dat Nelder-Mead  1.0e-04 0 0 1 0     NFW      359.9998  -0.0001     -1.983 0.000   0   3.12  362.5       -4463.545       -8914.014   241 359.9998  -0.0001     -1.983 0.000   0   2.97    0.061
2018-05-05-19:09:02 1.11  Mocks_Em/MockNFW640ellip5loga2.08PA50center0With_background20num3.dat Nelder-Mead  1.0e-04 0 0 1 0     NFW        0.0001  -0.0001     -2.127 0.000   0   2.97  250.5       -4477.905       -8942.733   241   0.0001  -0.0001     -2.026 0.000   0   2.97    0.060
2018-05-05-19:09:02 1.11  Mocks_Em/MockNFW640ellip5loga2.08PA50center0With_background20num4.dat Nelder-Mead  1.0e-04 0 0 1 0     NFW        0.0002  -0.0002     -2.105 0.000   0   2.97  267.5       -4579.637       -9146.197   241   0.0002  -0.0002     -2.005 0.000   0   2.97    0.060
2018-05-05-19:09:02 1.11  Mocks_Em/MockNFW640ellip5loga2.08PA50center0With_background20num5.dat Nelder-Mead  1.0e-04 0 0 1 0     NFW        0.0000   0.0000     -2.107 0.000   0   2.95  252.3       -4305.602       -8598.128   241   0.0000   0.0000     -2.007 0.000   0   2.95    0.060
2018-05-05-19:09:02 1.11  Mocks_Em/MockNFW640ellip5loga2.08PA50center0With_background20num6.dat Nelder-Mead  1.0e-04 0 0 1 0     NFW        0.0000  -0.0001     -2.098 0.000   0   2.98  270.7       -4474.682       -8936.288   241   0.0000  -0.0001     -1.999 0.000   0   2.98    0.059
2018-05-05-19:09:02 1.11  Mocks_Em/MockNFW640ellip5loga2.08PA50center0With_background20num7.dat Nelder-Mead  1.0e-04 0 0 1 0     NFW        0.0001  -0.0001     -2.125 0.000   0   2.97  252.5       -4497.351       -8981.625   241   0.0001  -0.0001     -2.024 0.000   0   2.97    0.060
2018-05-05-19:09:02 1.11  Mocks_Em/MockNFW640ellip5loga2.08PA50center0With_background20num8.dat Nelder-Mead  1.0e-04 0 0 1 0     NFW        0.0001   0.0001     -2.068 0.000   0   2.96  280.9       -4354.041       -8695.005   241   0.0001   0.0001     -1.970 0.000   0   2.96    0.059
2018-05-05-19:09:02 1.11  Mocks_Em/MockNFW640ellip5loga2.08PA50center0With_background20num9.dat Nelder-Mead  1.0e-04 0 0 1 0     NFW        0.0001   0.0001     -2.097 0.000   0   2.97  268.9       -4473.693        -8934.31   241   0.0001   0.0001     -1.998 0.000   0   2.97    0.059
2018-05-05-19:09:02 1.11  Mocks_Em/MockNFW640ellip5loga2.08PA50center0With_background20num10.dat Nelder-Mead  1.0e-04 0 0 1 0     NFW      359.9999  -0.0000     -2.094 0.000   0   2.96  264.9       -4348.773        -8684.47   241 359.9999  -0.0000     -1.994 0.000   0   2.96    0.060
2018-05-05-19:09:02 1.11  Mocks_Em/MockNFW640ellip5loga2.08PA50center0With_background20num11.dat Nelder-Mead  1.0e-04 0 0 1 0     NFW      359.9997   0.0001     -2.079 0.000   0   2.96  275.8       -4409.788       -8806.499   241 359.9997   0.0001     -1.980 0.000   0   2.96    0.059
2018-05-05-19:09:02 1.11  Mocks_Em/MockNFW640ellip5loga2.08PA50center0With_background20num12.dat Nelder-Mead  1.0e-04 0 0 1 0     NFW        0.0001   0.0001     -2.081 0.000   0   2.96  273.9       -4404.674       -8796.271   241   0.0001   0.0001     -1.982 0.000   0   2.96    0.059
2018-05-05-19:09:02 1.11  Mocks_Em/MockNFW640ellip5loga2.08PA50center0With_background20num13.dat Nelder-Mead  1.0e-04 0 0 1 0     NFW      359.9998  -0.0002     -2.083 0.000   0   2.96  271.0       -4366.543        -8720.01   241 359.9998  -0.0002     -1.984 0.000   0   2.96    0.058
2018-05-05-19:09:02 1.11  Mocks_Em/MockNFW640ellip5loga2.08PA50center0With_background20num14.dat Nelder-Mead  1.0e-04 0 0 1 0     NFW      359.9999  -0.0001     -2.121 0.000   0   2.97  254.1        -4527.24       -9041.404   241 359.9999  -0.0001     -2.020 0.000   0   2.97    0.059
2018-05-05-19:09:02 1.11  Mocks_Em/MockNFW640ellip5loga2.08PA50center0With_background20num15.dat Nelder-Mead  1.0e-04 0 0 1 0     NFW        0.0001   0.0001     -2.116 0.000   0   2.97  257.2         -4501.6       -8990.123   241   0.0001   0.0001     -2.015 0.000   0   2.97    0.059
2018-05-05-19:09:02 1.11  Mocks_Em/MockNFW640ellip5loga2.08PA50center0With_background20num16.dat Nelder-Mead  1.0e-04 0 0 1 0     NFW      360.0000  -0.0002     -2.090 0.000   0   2.96  266.2       -4368.851       -8724.627   241 360.0000  -0.0002     -1.991 0.000   0   2.96    0.057
2018-05-05-19:09:02 1.11  Mocks_Em/MockNFW640ellip5loga2.08PA50center0With_background20num17.dat Nelder-Mead  1.0e-04 0 0 1 0     NFW        0.0001  -0.0004     -2.112 0.000   0   2.97  257.4       -4438.283        -8863.49   241   0.0001  -0.0004     -2.012 0.000   0   2.97    0.057
2018-05-05-19:09:02 1.11  Mocks_Em/MockNFW640ellip5loga2.08PA50center0With_background20num18.dat Nelder-Mead  1.0e-04 0 0 1 0     NFW        0.0002   0.0002     -2.102 0.000   0   2.96  263.3       -4462.441       -8911.805   241   0.0002   0.0002     -2.002 0.000   0   2.96    0.058
2018-05-05-19:09:02 1.11  Mocks_Em/MockNFW640ellip5loga2.08PA50center0With_background20num19.dat Nelder-Mead  1.0e-04 0 0 1 0     NFW      359.9999   0.0002     -2.116 0.000   0   2.98  259.2       -4497.004       -8980.931   241 359.9999   0.0002     -2.015 0.000   0   2.98    0.058
2018-05-05-19:09:02 1.11  Mocks_Em/MockNFW640ellip5loga2.08PA50center0With_background20num20.dat Nelder-Mead  1.0e-04 0 0 1 0     NFW        0.0006  -0.0001     -2.078 0.000   0   2.95  272.8       -4393.214       -8773.351   241   0.0006  -0.0001     -1.979 0.000   0   2.95    0.060
2018-05-05-19:09:02 1.11  Mocks_Em/MockNFW640ellip5loga2.08PA50center0With_background20num21.dat Nelder-Mead  1.0e-04 0 0 1 0     NFW        0.0003  -0.0004     -2.106 0.000   0   2.96  263.6       -4548.238       -9083.401   241   0.0003  -0.0004     -2.006 0.000   0   2.96    0.061
2018-05-05-19:09:02 1.11  Mocks_Em/MockNFW640ellip5loga2.08PA50center0With_background20num22.dat Nelder-Mead  1.0e-04 0 0 1 0     NFW      360.0000  -0.0001     -2.105 0.000   0   2.98  269.2       -4558.827       -9104.577   241 360.0000  -0.0001     -2.005 0.000   0   2.98    0.063
2018-05-05-19:09:02 1.11  Mocks_Em/MockNFW640ellip5loga2.08PA50center0With_background20num23.dat Nelder-Mead  1.0e-04 0 0 1 0     NFW      359.9999  -0.0001     -2.093 0.000   0   2.97  270.5       -4446.165       -8879.254   241 359.9999  -0.0001     -1.994 0.000   0   2.97    0.063
2018-05-05-19:09:02 1.11  Mocks_Em/MockNFW640ellip5loga2.08PA50center0With_background20num24.dat Nelder-Mead  1.0e-04 0 0 1 0     NFW      359.9997   0.0004     -2.124 0.000   0   2.96  253.0       -4572.618        -9132.16   241 359.9997   0.0004     -2.023 0.000   0   2.96    0.062
2018-05-05-19:09:02 1.11  Mocks_Em/MockNFW640ellip5loga2.08PA50center0With_background20num25.dat Nelder-Mead  1.0e-04 0 0 1 0     NFW        0.0004  -0.0000     -2.123 0.000   0   2.96  252.5       -4559.732       -9106.387   241   0.0004  -0.0000     -2.022 0.000   0   2.96    0.059
2018-05-05-19:09:02 1.11  Mocks_Em/MockNFW640ellip5loga2.08PA50center0With_background20num26.dat Nelder-Mead  1.0e-04 0 0 1 0     NFW      359.9999  -0.0003     -2.110 0.000   0   2.97  263.7       -4551.936       -9090.795   241 359.9999  -0.0003     -2.010 0.000   0   2.97    0.059
2018-05-05-19:09:02 1.11  Mocks_Em/MockNFW640ellip5loga2.08PA50center0With_background20num27.dat Nelder-Mead  1.0e-04 0 0 1 0     NFW        0.0004  -0.0002     -2.102 0.000   0   2.97  265.9       -4476.858        -8940.64   241   0.0004  -0.0002     -2.002 0.000   0   2.97    0.058
2018-05-05-19:09:02 1.11  Mocks_Em/MockNFW640ellip5loga2.08PA50center0With_background20num28.dat Nelder-Mead  1.0e-04 0 0 1 0     NFW        0.0001   0.0001     -2.062 0.000   0   2.98  298.6       -4514.472       -9015.868   241   0.0001   0.0001     -2.013 0.000   0   2.98    0.059
2018-05-05-19:09:02 1.11  Mocks_Em/MockNFW640ellip5loga2.08PA50center0With_background20num29.dat Nelder-Mead  1.0e-04 0 0 1 0     NFW      359.9998   0.0002     -2.097 0.000   0   2.96  266.7       -4472.928        -8932.78   241 359.9998   0.0002     -1.997 0.000   0   2.96    0.060
2018-05-05-19:09:02 1.11  Mocks_Em/MockNFW640ellip5loga2.08PA50center0With_background20num30.dat Nelder-Mead  1.0e-04 0 0 1 0     NFW        0.0002   0.0004     -2.104 0.000   0   2.96  262.2       -4505.185       -8997.293   241   0.0002   0.0004     -2.004 0.000   0   2.96    0.059
2018-05-05-19:09:02 1.11  Mocks_Em/MockNFW640ellip5loga2.08PA50center0With_background20num31.dat Nelder-Mead  1.0e-04 0 0 1 0     NFW      359.9998   0.0003     -2.114 0.000   0   2.97  258.2       -4465.774       -8918.472   241 359.9998   0.0003     -2.013 0.000   0   2.97    0.057
2018-05-05-19:09:02 1.11  Mocks_Em/MockNFW640ellip5loga2.08PA50center0With_background20num32.dat Nelder-Mead  1.0e-04 0 0 1 0     NFW        0.0004  -0.0000     -2.112 0.000   0   2.98  266.1       -4612.404       -9211.731   241   0.0004  -0.0000     -2.012 0.000   0   2.98    0.060
2018-05-05-19:09:02 1.11  Mocks_Em/MockNFW640ellip5loga2.08PA50center0With_background20num33.dat Nelder-Mead  1.0e-04 0 0 1 0     NFW        0.0002   0.0002     -2.082 0.000   0   2.95  270.5       -4409.187       -8805.298   241   0.0002   0.0002     -1.983 0.000   0   2.95    0.059
2018-05-05-19:09:02 1.11  Mocks_Em/MockNFW640ellip5loga2.08PA50center0With_background20num34.dat Nelder-Mead  1.0e-04 0 0 1 0     NFW      359.9998  -0.0001     -2.106 0.000   0   2.95  255.3       -4384.469       -8755.861   241 359.9998  -0.0001     -2.006 0.000   0   2.95    0.059
2018-05-05-19:09:02 1.11  Mocks_Em/MockNFW640ellip5loga2.08PA50center0With_background20num35.dat Nelder-Mead  1.0e-04 0 0 1 0     NFW      360.0000  -0.0002     -2.084 0.000   0   2.96  272.3       -4390.395       -8767.714   241 360.0000  -0.0002     -1.985 0.000   0   2.96    0.058
2018-05-05-19:09:02 1.11  Mocks_Em/MockNFW640ellip5loga2.08PA50center0With_background20num36.dat Nelder-Mead  1.0e-04 0 0 1 0     NFW        0.0003   0.0005     -2.156 0.000   0   2.97  238.0        -4669.94       -9326.804   241   0.0003   0.0005     -2.053 0.000   0   2.97    0.058
2018-05-05-19:09:02 1.11  Mocks_Em/MockNFW640ellip5loga2.08PA50center0With_background20num37.dat Nelder-Mead  1.0e-04 0 0 1 0     NFW        0.0003  -0.0001     -2.109 0.000   0   2.95  254.7        -4407.31       -8801.543   241   0.0003  -0.0001     -2.009 0.000   0   2.95    0.058
2018-05-05-19:09:02 1.11  Mocks_Em/MockNFW640ellip5loga2.08PA50center0With_background20num38.dat Nelder-Mead  1.0e-04 0 0 1 0     NFW        0.0005  -0.0003     -2.112 0.000   0   2.96  256.4       -4437.129       -8861.181   241   0.0005  -0.0003     -2.011 0.000   0   2.96    0.059
2018-05-05-19:09:02 1.11  Mocks_Em/MockNFW640ellip5loga2.08PA50center0With_background20num39.dat Nelder-Mead  1.0e-04 0 0 1 0     NFW        0.0006   0.0000     -2.100 0.000   0   2.95  262.7       -4522.614       -9032.151   241   0.0006   0.0000     -2.000 0.000   0   2.95    0.060
2018-05-05-19:09:02 1.11  Mocks_Em/MockNFW640ellip5loga2.08PA50center0With_background20num40.dat Nelder-Mead  1.0e-04 0 0 1 0     NFW        0.0002   0.0002     -2.109 0.000   0   2.97  263.8       -4535.748       -9058.419   241   0.0002   0.0002     -2.009 0.000   0   2.97    0.058
2018-05-05-19:09:02 1.11  Mocks_Em/MockNFW640ellip5loga2.08PA50center0With_background20num41.dat Nelder-Mead  1.0e-04 0 0 1 0     NFW      359.9999   0.0001     -2.137 0.000   0   2.98  250.3       -4582.089       -9151.101   241 359.9999   0.0001     -2.035 0.000   0   2.98    0.059
2018-05-05-19:09:02 1.11  Mocks_Em/MockNFW640ellip5loga2.08PA50center0With_background20num42.dat Nelder-Mead  1.0e-04 0 0 1 0     NFW        0.0000   0.0003     -2.104 0.000   0   2.96  259.6       -4437.109       -8861.141   241   0.0000   0.0003     -2.004 0.000   0   2.96    0.057
2018-05-05-19:09:02 1.11  Mocks_Em/MockNFW640ellip5loga2.08PA50center0With_background20num43.dat Nelder-Mead  1.0e-04 0 0 1 0     NFW        0.0001   0.0000     -2.099 0.000   0   2.97  265.9       -4413.784       -8814.491   241   0.0001   0.0000     -1.999 0.000   0   2.97    0.062
2018-05-05-19:09:02 1.11  Mocks_Em/MockNFW640ellip5loga2.08PA50center0With_background20num44.dat Nelder-Mead  1.0e-04 0 0 1 0     NFW        0.0002   0.0001     -2.114 0.000   0   2.95  251.4       -4407.313        -8801.55   241   0.0002   0.0001     -2.014 0.000   0   2.95    0.058
2018-05-05-19:09:02 1.11  Mocks_Em/MockNFW640ellip5loga2.08PA50center0With_background20num45.dat Nelder-Mead  1.0e-04 0 0 1 0     NFW        0.0002   0.0003     -2.097 0.000   0   2.97  272.5       -4513.158       -9013.239   241   0.0002   0.0003     -1.997 0.000   0   2.97    0.060
2018-05-05-19:09:02 1.11  Mocks_Em/MockNFW640ellip5loga2.08PA50center0With_background20num46.dat Nelder-Mead  1.0e-04 0 0 1 0     NFW      359.9996  -0.0000     -2.113 0.000   0   2.96  259.1       -4527.083        -9041.09   241 359.9996  -0.0000     -2.013 0.000   0   2.96    0.061
2018-05-05-19:09:02 1.11  Mocks_Em/MockNFW640ellip5loga2.08PA50center0With_background20num47.dat Nelder-Mead  1.0e-04 0 0 1 0     NFW      359.9998  -0.0005     -2.103 0.000   0   2.94  258.2       -4459.717       -8906.357   241 359.9998  -0.0005     -2.003 0.000   0   2.94    0.059
2018-05-05-19:09:02 1.11  Mocks_Em/MockNFW640ellip5loga2.08PA50center0With_background20num48.dat Nelder-Mead  1.0e-04 0 0 1 0     NFW      359.9993  -0.0001     -2.131 0.000   0   2.95  241.3       -4433.599       -8854.121   241 359.9993  -0.0001     -2.029 0.000   0   2.95    0.059
2018-05-05-19:09:02 1.11  Mocks_Em/MockNFW640ellip5loga2.08PA50center0With_background20num49.dat Nelder-Mead  1.0e-04 0 0 1 0     NFW      360.0000  -0.0003     -2.106 0.000   0   2.97  264.1       -4499.902       -8986.727   241 360.0000  -0.0003     -2.006 0.000   0   2.97    0.059
2018-05-05-19:09:02 1.11  Mocks_Em/MockNFW640ellip5loga2.08PA50center0With_background20num50.dat Nelder-Mead  1.0e-04 0 0 1 0     NFW        0.0002  -0.0000     -2.124 0.000   0   2.97  253.1        -4501.53       -8989.984   241   0.0002  -0.0000     -2.023 0.000   0   2.97    0.063
2018-05-05-19:09:02 1.11  Mocks_Em/MockNFW640ellip5loga2.08PA50center0With_background20num51.dat Nelder-Mead  1.0e-04 0 0 1 0     NFW      360.0000  -0.0001     -2.066 0.000   0   2.94  271.6       -4171.448        -8329.82   241 360.0000  -0.0001     -1.968 0.000   0   2.94    0.058
2018-05-05-19:09:02 1.11  Mocks_Em/MockNFW640ellip5loga2.08PA50center0With_background20num52.dat Nelder-Mead  1.0e-04 0 0 1 0     NFW        0.0004  -0.0001     -2.113 0.000   0   2.96  259.2        -4522.73       -9032.383   241   0.0004  -0.0001     -2.013 0.000   0   2.96    0.059
2018-05-05-19:09:02 1.11  Mocks_Em/MockNFW640ellip5loga2.08PA50center0With_background20num53.dat Nelder-Mead  1.0e-04 0 0 1 0     NFW        0.0001  -0.0002     -2.122 0.000   0   2.96  245.8       -4346.262       -8679.447   241   0.0001  -0.0002     -2.020 0.000   0   2.96    0.059
2018-05-05-19:09:02 1.11  Mocks_Em/MockNFW640ellip5loga2.08PA50center0With_background20num54.dat Nelder-Mead  1.0e-04 0 0 1 0     NFW      360.0000   0.0000     -2.106 0.000   0   2.99  272.2        -4599.63       -9186.184   241 360.0000   0.0000     -2.005 0.000   0   2.99    0.060
2018-05-05-19:09:02 1.11  Mocks_Em/MockNFW640ellip5loga2.08PA50center0With_background20num55.dat Nelder-Mead  1.0e-04 0 0 1 0     NFW        0.0002   0.0002     -2.034 0.000   0   2.99  302.4       -4304.883       -8596.689   241   0.0002   0.0002     -1.964 0.000   0   2.95    0.058
2018-05-05-19:09:02 1.11  Mocks_Em/MockNFW640ellip5loga2.08PA50center0With_background20num56.dat Nelder-Mead  1.0e-04 0 0 1 0     NFW        0.0002   0.0003     -2.119 0.000   0   2.97  258.7       -4577.748       -9142.421   241   0.0002   0.0003     -2.018 0.000   0   2.97    0.061
2018-05-05-19:09:02 1.11  Mocks_Em/MockNFW640ellip5loga2.08PA50center0With_background20num57.dat Nelder-Mead  1.0e-04 0 0 1 0     NFW        0.0000   0.0001     -2.117 0.000   0   2.97  259.2        -4534.31       -9055.545   241   0.0000   0.0001     -2.016 0.000   0   2.97    0.062
2018-05-05-19:09:02 1.11  Mocks_Em/MockNFW640ellip5loga2.08PA50center0With_background20num58.dat Nelder-Mead  1.0e-04 0 0 1 0     NFW        0.0000  -0.0003     -2.128 0.000   0   2.98  257.5       -4658.524       -9303.971   241   0.0000  -0.0003     -2.026 0.000   0   2.98    0.059
2018-05-05-19:09:02 1.11  Mocks_Em/MockNFW640ellip5loga2.08PA50center0With_background20num59.dat Nelder-Mead  1.0e-04 0 0 1 0     NFW        0.0001  -0.0000     -2.102 0.000   0   2.97  265.6       -4467.558        -8922.04   241   0.0001  -0.0000     -2.002 0.000   0   2.97    0.063
2018-05-05-19:09:02 1.11  Mocks_Em/MockNFW640ellip5loga2.08PA50center0With_background20num60.dat Nelder-Mead  1.0e-04 0 0 1 0     NFW        0.0000  -0.0004     -2.137 0.000   0   2.97  246.6       -4538.663        -9064.25   241   0.0000  -0.0004     -2.036 0.000   0   2.97    0.059
2018-05-05-19:09:02 1.11  Mocks_Em/MockNFW640ellip5loga2.08PA50center0With_background20num61.dat Nelder-Mead  1.0e-04 0 0 1 0     NFW      359.9995  -0.0001     -2.127 0.000   0   2.96  252.5       -4634.866       -9256.656   241 359.9995  -0.0001     -2.026 0.000   0   2.96    0.060
2018-05-05-19:09:02 1.11  Mocks_Em/MockNFW640ellip5loga2.08PA50center0With_background20num62.dat Nelder-Mead  1.0e-04 0 0 1 0     NFW      359.9998   0.0001     -2.097 0.000   0   2.96  264.6       -4393.116       -8773.156   241 359.9998   0.0001     -1.997 0.000   0   2.96    0.060
2018-05-05-19:09:02 1.11  Mocks_Em/MockNFW640ellip5loga2.08PA50center0With_background20num63.dat Nelder-Mead  1.0e-04 0 0 1 0     NFW      359.9999   0.0002     -2.099 0.000   0   2.96  261.7       -4383.988       -8754.899   241 359.9999   0.0002     -1.999 0.000   0   2.96    0.059
2018-05-05-19:09:02 1.11  Mocks_Em/MockNFW640ellip5loga2.08PA50center0With_background20num64.dat Nelder-Mead  1.0e-04 0 0 1 0     NFW        0.0000  -0.0000     -2.110 0.000   0   2.96  257.3        -4426.46       -8839.844   241   0.0000  -0.0000     -2.009 0.000   0   2.96    0.062
2018-05-05-19:09:02 1.11  Mocks_Em/MockNFW640ellip5loga2.08PA50center0With_background20num65.dat Nelder-Mead  1.0e-04 0 0 1 0     NFW        0.0003  -0.0003     -2.116 0.000   0   2.97  262.5       -4616.881       -9220.686   241   0.0003  -0.0003     -2.015 0.000   0   2.97    0.059
2018-05-05-19:09:02 1.11  Mocks_Em/MockNFW640ellip5loga2.08PA50center0With_background20num66.dat Nelder-Mead  1.0e-04 0 0 1 0     NFW      359.9999  -0.0002     -2.151 0.000   0   2.98  242.9        -4635.18       -9257.284   241 359.9999  -0.0002     -2.048 0.000   0   2.98    0.060
2018-05-05-19:09:02 1.11  Mocks_Em/MockNFW640ellip5loga2.08PA50center0With_background20num67.dat Nelder-Mead  1.0e-04 0 0 1 0     NFW      359.9999   0.0002     -2.128 0.000   0   2.97  249.5        -4498.41       -8983.745   241 359.9999   0.0002     -2.026 0.000   0   2.97    0.059
2018-05-05-19:09:02 1.11  Mocks_Em/MockNFW640ellip5loga2.08PA50center0With_background20num68.dat Nelder-Mead  1.0e-04 0 0 1 0     NFW        0.0001   0.0000     -2.088 0.000   0   2.95  264.7       -4304.142       -8595.208   241   0.0001   0.0000     -1.988 0.000   0   2.95    0.061
2018-05-05-19:09:02 1.11  Mocks_Em/MockNFW640ellip5loga2.08PA50center0With_background20num69.dat Nelder-Mead  1.0e-04 0 0 1 0     NFW        0.0005  -0.0001     -2.126 0.000   0   2.97  254.8        -4565.01       -9116.944   241   0.0005  -0.0001     -2.024 0.000   0   2.97    0.060
2018-05-05-19:09:02 1.11  Mocks_Em/MockNFW640ellip5loga2.08PA50center0With_background20num70.dat Nelder-Mead  1.0e-04 0 0 1 0     NFW        0.0003   0.0000     -2.013 0.000   0   3.07  328.7       -4427.868        -8842.66   241   0.0003   0.0000     -1.984 0.000   0   2.96    0.061
2018-05-05-19:09:02 1.11  Mocks_Em/MockNFW640ellip5loga2.08PA50center0With_background20num71.dat Nelder-Mead  1.0e-04 0 0 1 0     NFW        0.0002   0.0000     -2.091 0.000   0   2.96  268.3       -4388.337       -8763.598   241   0.0002   0.0000     -1.991 0.000   0   2.96    0.061
2018-05-05-19:09:02 1.11  Mocks_Em/MockNFW640ellip5loga2.08PA50center0With_background20num72.dat Nelder-Mead  1.0e-04 0 0 1 0     NFW        0.0000  -0.0000     -2.114 0.000   0   2.96  253.7       -4364.661       -8716.246   241   0.0000  -0.0000     -2.013 0.000   0   2.96    0.060
2018-05-05-19:09:02 1.11  Mocks_Em/MockNFW640ellip5loga2.08PA50center0With_background20num73.dat Nelder-Mead  1.0e-04 0 0 1 0     NFW        0.0002  -0.0001     -2.146 0.000   0   2.98  244.0       -4591.593       -9170.109   241   0.0002  -0.0001     -2.044 0.000   0   2.98    0.060
2018-05-05-19:09:02 1.11  Mocks_Em/MockNFW640ellip5loga2.08PA50center0With_background20num74.dat Nelder-Mead  1.0e-04 0 0 1 0     NFW      359.9998   0.0000     -2.102 0.000   0   2.98  269.5        -4520.53       -9027.983   241 359.9998   0.0000     -2.002 0.000   0   2.98    0.061
2018-05-05-19:09:02 1.11  Mocks_Em/MockNFW640ellip5loga2.08PA50center0With_background20num75.dat Nelder-Mead  1.0e-04 0 0 1 0     NFW      359.9998  -0.0005     -2.108 0.000   0   2.94  252.1       -4400.036       -8786.996   241 359.9998  -0.0005     -2.008 0.000   0   2.94    0.057
2018-05-05-19:09:02 1.11  Mocks_Em/MockNFW640ellip5loga2.08PA50center0With_background20num76.dat Nelder-Mead  1.0e-04 0 0 1 0     NFW        0.0001  -0.0000     -2.114 0.000   0   2.97  259.5       -4498.686       -8984.296   241   0.0001  -0.0000     -2.014 0.000   0   2.97    0.061
2018-05-05-19:09:02 1.11  Mocks_Em/MockNFW640ellip5loga2.08PA50center0With_background20num77.dat Nelder-Mead  1.0e-04 0 0 1 0     NFW      359.9997   0.0002     -2.123 0.000   0   2.96  254.5       -4582.548       -9152.019   241 359.9997   0.0002     -2.022 0.000   0   2.96    0.058
2018-05-05-19:09:02 1.11  Mocks_Em/MockNFW640ellip5loga2.08PA50center0With_background20num78.dat Nelder-Mead  1.0e-04 0 0 1 0     NFW        0.0001  -0.0001     -2.093 0.000   0   2.96  268.8       -4445.186       -8877.295   241   0.0001  -0.0001     -1.993 0.000   0   2.96    0.059
2018-05-05-19:09:02 1.11  Mocks_Em/MockNFW640ellip5loga2.08PA50center0With_background20num79.dat Nelder-Mead  1.0e-04 0 0 1 0     NFW        0.0000   0.0003     -2.092 0.000   0   2.95  265.2       -4391.988         -8770.9   241   0.0000   0.0003     -1.992 0.000   0   2.95    0.057
2018-05-05-19:09:02 1.11  Mocks_Em/MockNFW640ellip5loga2.08PA50center0With_background20num80.dat Nelder-Mead  1.0e-04 0 0 1 0     NFW        0.0005   0.0000     -2.134 0.000   0   2.97  249.9       -4639.904       -9266.731   241   0.0005   0.0000     -2.033 0.000   0   2.97    0.062
2018-05-05-19:09:02 1.11  Mocks_Em/MockNFW640ellip5loga2.08PA50center0With_background20num81.dat Nelder-Mead  1.0e-04 0 0 1 0     NFW        0.0007  -0.0001     -2.094 0.000   0   2.96  274.5       -4632.521       -9251.965   241   0.0007  -0.0001     -1.994 0.000   0   2.96    0.059
2018-05-05-19:09:02 1.11  Mocks_Em/MockNFW640ellip5loga2.08PA50center0With_background20num82.dat Nelder-Mead  1.0e-04 0 0 1 0     NFW      359.9996   0.0003     -2.089 0.000   0   2.97  274.5       -4471.867       -8930.657   241 359.9996   0.0003     -1.989 0.000   0   2.97    0.058
2018-05-05-19:09:02 1.11  Mocks_Em/MockNFW640ellip5loga2.08PA50center0With_background20num83.dat Nelder-Mead  1.0e-04 0 0 1 0     NFW        0.0000   0.0002     -2.116 0.000   0   2.97  254.5       -4427.313       -8841.549   241   0.0000   0.0002     -2.015 0.000   0   2.97    0.058
2018-05-05-19:09:02 1.11  Mocks_Em/MockNFW640ellip5loga2.08PA50center0With_background20num84.dat Nelder-Mead  1.0e-04 0 0 1 0     NFW      359.9999   0.0001     -2.016 0.000   0   2.98  326.2       -4398.261       -8783.445   241 359.9999   0.0001     -1.977 0.000   0   2.96    0.060
2018-05-05-19:09:02 1.11  Mocks_Em/MockNFW640ellip5loga2.08PA50center0With_background20num85.dat Nelder-Mead  1.0e-04 0 0 1 0     NFW      359.9999  -0.0002     -2.037 0.000   0   2.98  298.6       -4265.268        -8517.46   241 359.9999  -0.0002     -1.960 0.000   0   2.95    0.058
2018-05-05-19:09:02 1.11  Mocks_Em/MockNFW640ellip5loga2.08PA50center0With_background20num86.dat Nelder-Mead  1.0e-04 0 0 1 0     NFW        0.0005   0.0000     -2.102 0.000   0   2.95  261.1       -4503.657       -8994.238   241   0.0005   0.0000     -2.002 0.000   0   2.95    0.061
2018-05-05-19:09:02 1.11  Mocks_Em/MockNFW640ellip5loga2.08PA50center0With_background20num87.dat Nelder-Mead  1.0e-04 0 0 1 0     NFW      359.9999   0.0003     -2.109 0.000   0   2.95  250.7       -4347.682       -8682.287   241 359.9999   0.0003     -2.008 0.000   0   2.95    0.059
2018-05-05-19:09:02 1.11  Mocks_Em/MockNFW640ellip5loga2.08PA50center0With_background20num88.dat Nelder-Mead  1.0e-04 0 0 1 0     NFW        0.0000   0.0002     -2.130 0.000   0   2.97  250.3        -4537.93       -9062.784   241   0.0000   0.0002     -2.029 0.000   0   2.97    0.061
2018-05-05-19:09:02 1.11  Mocks_Em/MockNFW640ellip5loga2.08PA50center0With_background20num89.dat Nelder-Mead  1.0e-04 0 0 1 0     NFW      359.9997   0.0000     -2.116 0.000   0   2.97  261.1       -4565.135       -9117.193   241 359.9997   0.0000     -2.015 0.000   0   2.97    0.059
2018-05-05-19:09:02 1.11  Mocks_Em/MockNFW640ellip5loga2.08PA50center0With_background20num90.dat Nelder-Mead  1.0e-04 0 0 1 0     NFW        0.0005  -0.0003     -2.128 0.000   0   2.96  252.9       -4617.839       -9222.602   241   0.0005  -0.0003     -2.027 0.000   0   2.96    0.061
2018-05-05-19:09:02 1.11  Mocks_Em/MockNFW640ellip5loga2.08PA50center0With_background20num91.dat Nelder-Mead  1.0e-04 0 0 1 0     NFW      359.9995   0.0001     -2.095 0.000   0   2.96  266.4       -4471.301       -8929.525   241 359.9995   0.0001     -1.995 0.000   0   2.96    0.061
2018-05-05-19:09:02 1.11  Mocks_Em/MockNFW640ellip5loga2.08PA50center0With_background20num92.dat Nelder-Mead  1.0e-04 0 0 1 0     NFW      359.9998   0.0001     -2.131 0.000   0   2.98  256.4       -4687.851       -9362.626   241 359.9998   0.0001     -2.030 0.000   0   2.98    0.061
2018-05-05-19:09:02 1.11  Mocks_Em/MockNFW640ellip5loga2.08PA50center0With_background20num93.dat Nelder-Mead  1.0e-04 0 0 1 0     NFW      359.9998   0.0000     -2.107 0.000   0   2.96  259.9       -4433.811       -8854.546   241 359.9998   0.0000     -2.006 0.000   0   2.96    0.062
2018-05-05-19:09:02 1.11  Mocks_Em/MockNFW640ellip5loga2.08PA50center0With_background20num94.dat Nelder-Mead  1.0e-04 0 0 1 0     NFW        0.0001   0.0002     -2.119 0.000   0   2.97  256.4       -4532.417       -9051.757   241   0.0001   0.0002     -2.018 0.000   0   2.97    0.059
2018-05-05-19:09:02 1.11  Mocks_Em/MockNFW640ellip5loga2.08PA50center0With_background20num95.dat Nelder-Mead  1.0e-04 0 0 1 0     NFW      359.9999   0.0003     -2.117 0.000   0   2.95  248.0       -4380.535       -8747.994   241 359.9999   0.0003     -2.016 0.000   0   2.95    0.059
2018-05-05-19:09:02 1.11  Mocks_Em/MockNFW640ellip5loga2.08PA50center0With_background20num96.dat Nelder-Mead  1.0e-04 0 0 1 0     NFW      359.9998   0.0000     -2.111 0.000   0   2.98  266.0       -4568.882       -9124.687   241 359.9998   0.0000     -2.011 0.000   0   2.98    0.062
2018-05-05-19:09:02 1.11  Mocks_Em/MockNFW640ellip5loga2.08PA50center0With_background20num97.dat Nelder-Mead  1.0e-04 0 0 1 0     NFW        0.0003   0.0002     -2.142 0.000   0   2.96  241.8       -4540.187       -9067.299   241   0.0003   0.0002     -2.040 0.000   0   2.96    0.059
2018-05-05-19:09:02 1.11  Mocks_Em/MockNFW640ellip5loga2.08PA50center0With_background20num98.dat Nelder-Mead  1.0e-04 0 0 1 0     NFW        0.0005   0.0001     -2.110 0.000   0   2.96  258.5       -4495.746       -8978.416   241   0.0005   0.0001     -2.010 0.000   0   2.96    0.060
2018-05-05-19:09:02 1.11  Mocks_Em/MockNFW640ellip5loga2.08PA50center0With_background20num99.dat Nelder-Mead  1.0e-04 0 0 1 0     NFW        0.0003   0.0001     -2.114 0.000   0   2.96  258.3       -4513.143       -9013.209   241   0.0003   0.0001     -2.013 0.000   0   2.96    0.063
