2018-05-05-19:07:24 1.11  Mocks_Em/MockNFW80ellip5loga2.08PA50center0With_background20num0.dat Diff-Evol    1.0e-04 0 0 1 0     NFW      359.9992  -0.0007     -2.292 0.000   0   4.54   22.5       -802.9814       -1596.213   250 359.9992  -0.0007     -1.963 0.000   0   2.19    0.160
2018-05-05-19:07:24 1.11  Mocks_Em/MockNFW80ellip5loga2.08PA50center0With_background20num1.dat Diff-Evol    1.0e-04 0 0 1 0     NFW        0.0011   0.0004     -2.636 0.000   0   5.04    2.0       -750.3492       -1490.948   305   0.0011   0.0004     -1.927 0.000   0   2.17    0.138
2018-05-05-19:07:24 1.11  Mocks_Em/MockNFW80ellip5loga2.08PA50center0With_background20num2.dat Diff-Evol    1.0e-04 0 0 1 0     NFW      359.9988   0.0001     -2.079 0.000   0   4.87   23.3       -789.2284       -1568.706   305 359.9988   0.0001     -1.909 0.000   0   2.21    0.128
2018-05-05-19:07:24 1.11  Mocks_Em/MockNFW80ellip5loga2.08PA50center0With_background20num3.dat Diff-Evol    1.0e-04 0 0 1 0     NFW        0.0004  -0.0005     -2.754 0.000   0   5.04    1.6       -738.1567       -1466.563   305   0.0004  -0.0005     -1.884 0.000   0   2.17    0.129
2018-05-05-19:07:24 1.11  Mocks_Em/MockNFW80ellip5loga2.08PA50center0With_background20num4.dat Diff-Evol    1.0e-04 0 0 1 0     NFW        0.0011   0.0005     -1.895 0.000   0   0.24   80.9       -823.8003        -1637.85   298   0.0011   0.0005     -1.978 0.000   0   2.20    0.138
2018-05-05-19:07:24 1.11  Mocks_Em/MockNFW80ellip5loga2.08PA50center0With_background20num5.dat Diff-Evol    1.0e-04 0 0 1 0     NFW        0.0005   0.0001     -1.963 0.000   0   0.47   72.5       -864.3554        -1718.96   312   0.0005   0.0001     -2.001 0.000   0   2.24    0.137
2018-05-05-19:07:24 1.11  Mocks_Em/MockNFW80ellip5loga2.08PA50center0With_background20num6.dat Diff-Evol    1.0e-04 0 0 1 0     NFW      359.9995   0.0001     -2.624 0.000   0   4.98    4.5       -751.2582       -1492.766   222 359.9995   0.0001     -1.908 0.000   0   2.19    0.093
2018-05-05-19:07:24 1.11  Mocks_Em/MockNFW80ellip5loga2.08PA50center0With_background20num7.dat Diff-Evol    1.0e-04 0 0 1 0     NFW        0.0002   0.0007     -1.905 0.000   0   4.28   66.9       -795.3079       -1580.865   416   0.0002   0.0007     -1.913 0.000   0   2.20    0.178
2018-05-05-19:07:24 1.11  Mocks_Em/MockNFW80ellip5loga2.08PA50center0With_background20num8.dat Diff-Evol    1.0e-04 0 0 1 0     NFW        0.0004   0.0004     -2.193 0.000   0   3.11   36.9       -774.4211       -1539.092   208   0.0004   0.0004     -1.965 0.000   0   2.20    0.085
2018-05-05-19:07:24 1.11  Mocks_Em/MockNFW80ellip5loga2.08PA50center0With_background20num9.dat Diff-Evol    1.0e-04 0 0 1 0     NFW      359.9995  -0.0001     -2.826 0.000   0   5.13    0.7        -816.493       -1623.236   326 359.9995  -0.0001     -1.893 0.000   0   2.22    0.139
2018-05-05-19:07:24 1.11  Mocks_Em/MockNFW80ellip5loga2.08PA50center0With_background20num10.dat Diff-Evol    1.0e-04 0 0 1 0     NFW      359.9993  -0.0003     -2.252 0.000   0   4.90   16.0       -837.0107       -1664.271   312 359.9993  -0.0003     -1.968 0.000   0   2.23    0.131
2018-05-05-19:07:24 1.11  Mocks_Em/MockNFW80ellip5loga2.08PA50center0With_background20num11.dat Diff-Evol    1.0e-04 0 0 1 0     NFW        0.0006   0.0000     -2.472 0.000   0   4.97    7.3       -807.8744       -1605.998   250   0.0006   0.0000     -1.957 0.000   0   2.21    0.102
2018-05-05-19:07:24 1.11  Mocks_Em/MockNFW80ellip5loga2.08PA50center0With_background20num12.dat Diff-Evol    1.0e-04 0 0 1 0     NFW      359.9989  -0.0008     -2.054 0.000   0   1.90   53.4        -841.827       -1673.904   208 359.9989  -0.0008     -1.971 0.000   0   2.19    0.087
2018-05-05-19:07:24 1.11  Mocks_Em/MockNFW80ellip5loga2.08PA50center0With_background20num13.dat Diff-Evol    1.0e-04 0 0 1 0     NFW        0.0000  -0.0009     -2.316 0.000   0   4.95   10.1       -783.0702        -1556.39   312   0.0000  -0.0009     -1.936 0.000   0   2.20    0.132
2018-05-05-19:07:24 1.11  Mocks_Em/MockNFW80ellip5loga2.08PA50center0With_background20num14.dat Diff-Evol    1.0e-04 0 0 1 0     NFW        0.0004   0.0006     -1.908 0.000   0   3.63   73.2       -775.6326       -1541.515   347   0.0004   0.0006     -1.949 0.000   0   2.19    0.147
2018-05-05-19:07:24 1.11  Mocks_Em/MockNFW80ellip5loga2.08PA50center0With_background20num15.dat Diff-Evol    1.0e-04 0 0 1 0     NFW      359.9997   0.0006     -1.968 0.000   0   1.59   67.3       -816.5117       -1623.273   381 359.9997   0.0006     -1.957 0.000   0   2.21    0.166
2018-05-05-19:07:24 1.11  Mocks_Em/MockNFW80ellip5loga2.08PA50center0With_background20num16.dat Diff-Evol    1.0e-04 0 0 1 0     NFW        0.0008  -0.0007     -2.125 0.000   0   5.09    3.3       -800.6555       -1591.561   388   0.0008  -0.0007     -1.900 0.000   0   2.19    0.164
2018-05-05-19:07:24 1.11  Mocks_Em/MockNFW80ellip5loga2.08PA50center0With_background20num17.dat Diff-Evol    1.0e-04 0 0 1 0     NFW      359.9987  -0.0004     -2.408 0.000   0   5.10    1.8       -866.7722       -1723.794   326 359.9987  -0.0004     -1.895 0.000   0   2.20    0.137
2018-05-05-19:07:24 1.11  Mocks_Em/MockNFW80ellip5loga2.08PA50center0With_background20num18.dat Diff-Evol    1.0e-04 0 0 1 0     NFW      359.9992   0.0010     -3.074 0.000   0   5.21   -1.8       -852.0905       -1694.431   513 359.9992   0.0010     -1.926 0.000   0   2.21    0.220
2018-05-05-19:07:24 1.11  Mocks_Em/MockNFW80ellip5loga2.08PA50center0With_background20num19.dat Diff-Evol    1.0e-04 0 0 1 0     NFW        0.0010   0.0013     -2.225 0.000   0   4.38   30.9       -886.9338       -1764.117   236   0.0010   0.0013     -1.987 0.000   0   2.20    0.098
2018-05-05-19:07:24 1.11  Mocks_Em/MockNFW80ellip5loga2.08PA50center0With_background20num20.dat Diff-Evol    1.0e-04 0 0 1 0     NFW      359.9998   0.0004     -2.297 0.000   0   4.90   11.8        -761.797       -1513.844   298 359.9998   0.0004     -1.909 0.000   0   2.19    0.125
2018-05-05-19:07:24 1.11  Mocks_Em/MockNFW80ellip5loga2.08PA50center0With_background20num21.dat Diff-Evol    1.0e-04 0 0 1 0     NFW        0.0010   0.0007     -2.138 0.000   0   4.59   35.0       -915.9722       -1822.194   326   0.0010   0.0007     -1.971 0.000   0   2.23    0.137
2018-05-05-19:07:24 1.11  Mocks_Em/MockNFW80ellip5loga2.08PA50center0With_background20num22.dat Diff-Evol    1.0e-04 0 0 1 0     NFW      359.9994   0.0004     -2.936 0.000   0   5.01    3.1       -793.2852        -1576.82   236 359.9994   0.0004     -1.930 0.000   0   2.22    0.096
2018-05-05-19:07:24 1.11  Mocks_Em/MockNFW80ellip5loga2.08PA50center0With_background20num23.dat Diff-Evol    1.0e-04 0 0 1 0     NFW      359.9992  -0.0012     -2.456 0.000   0   4.99    6.3       -824.9371       -1640.124   340 359.9992  -0.0012     -1.933 0.000   0   2.20    0.142
2018-05-05-19:07:24 1.11  Mocks_Em/MockNFW80ellip5loga2.08PA50center0With_background20num24.dat Diff-Evol    1.0e-04 0 0 1 0     NFW      359.9991   0.0006     -2.062 0.000   0   4.95   17.7       -784.9863       -1560.222   305 359.9991   0.0006     -1.930 0.000   0   2.20    0.127
2018-05-05-19:07:24 1.11  Mocks_Em/MockNFW80ellip5loga2.08PA50center0With_background20num25.dat Diff-Evol    1.0e-04 0 0 1 0     NFW      359.9995   0.0010     -1.896 0.000   0   4.63   54.5       -811.7906       -1613.831   410 359.9995   0.0010     -1.930 0.000   0   2.20    0.170
2018-05-05-19:07:24 1.11  Mocks_Em/MockNFW80ellip5loga2.08PA50center0With_background20num26.dat Diff-Evol    1.0e-04 0 0 1 0     NFW        0.0004  -0.0013     -1.935 0.000   0   0.39   72.1       -812.0836       -1614.417   333   0.0004  -0.0013     -1.978 0.000   0   2.20    0.139
2018-05-05-19:07:24 1.11  Mocks_Em/MockNFW80ellip5loga2.08PA50center0With_background20num27.dat Diff-Evol    1.0e-04 0 0 1 0     NFW        0.0005   0.0002     -2.025 0.000   0   1.54   55.4       -767.7892       -1525.828   333   0.0005   0.0002     -1.962 0.000   0   2.20    0.143
2018-05-05-19:07:24 1.11  Mocks_Em/MockNFW80ellip5loga2.08PA50center0With_background20num28.dat Diff-Evol    1.0e-04 0 0 1 0     NFW        0.0001  -0.0007     -1.923 0.000   0   0.08   64.3       -665.8139       -1321.877   284   0.0001  -0.0007     -1.894 0.000   0   2.15    0.163
2018-05-05-19:07:24 1.11  Mocks_Em/MockNFW80ellip5loga2.08PA50center0With_background20num29.dat Diff-Evol    1.0e-04 0 0 1 0     NFW      360.0000   0.0000     -2.565 0.000   0   5.13    0.8       -764.1172       -1518.484   395 360.0000   0.0000     -1.912 0.000   0   2.22    0.175
2018-05-05-19:07:24 1.11  Mocks_Em/MockNFW80ellip5loga2.08PA50center0With_background20num30.dat Diff-Evol    1.0e-04 0 0 1 0     NFW      360.0000  -0.0005     -2.286 0.000   0   4.88   16.6       -863.3167       -1716.883   215 360.0000  -0.0005     -1.970 0.000   0   2.24    0.089
2018-05-05-19:07:24 1.11  Mocks_Em/MockNFW80ellip5loga2.08PA50center0With_background20num31.dat Diff-Evol    1.0e-04 0 0 1 0     NFW      359.9999   0.0003     -3.357 0.000   0   5.19   -0.9       -753.9225       -1498.095   430 359.9999   0.0003     -1.909 0.000   0   2.21    0.184
2018-05-05-19:07:24 1.11  Mocks_Em/MockNFW80ellip5loga2.08PA50center0With_background20num32.dat Diff-Evol    1.0e-04 0 0 1 0     NFW        0.0010   0.0008     -2.530 0.000   0   4.88    8.2       -793.9386       -1578.127   222   0.0010   0.0008     -1.939 0.000   0   2.19    0.092
2018-05-05-19:07:24 1.11  Mocks_Em/MockNFW80ellip5loga2.08PA50center0With_background20num33.dat Diff-Evol    1.0e-04 0 0 1 0     NFW      359.9995  -0.0001     -2.383 0.000   0   4.70   13.6       -706.3484       -1402.947   215 359.9995  -0.0001     -1.917 0.000   0   2.16    0.088
2018-05-05-19:07:24 1.11  Mocks_Em/MockNFW80ellip5loga2.08PA50center0With_background20num34.dat Diff-Evol    1.0e-04 0 0 1 0     NFW      359.9975  -0.0006     -1.873 0.000   0   2.05   87.7       -879.2731       -1748.796   500 359.9975  -0.0006     -1.950 0.000   0   2.19    0.209
2018-05-05-19:07:24 1.11  Mocks_Em/MockNFW80ellip5loga2.08PA50center0With_background20num35.dat Diff-Evol    1.0e-04 0 0 1 0     NFW      359.9997  -0.0001     -1.924 0.000   0   1.01   82.4       -853.5736       -1697.397   333 359.9997  -0.0001     -2.000 0.000   0   2.26    0.139
2018-05-05-19:07:24 1.11  Mocks_Em/MockNFW80ellip5loga2.08PA50center0With_background20num36.dat Diff-Evol    1.0e-04 0 0 1 0     NFW      359.9998   0.0008     -2.210 0.000   0   5.04    5.1       -751.7514       -1493.752   312 359.9998   0.0008     -1.885 0.000   0   2.17    0.130
2018-05-05-19:07:24 1.11  Mocks_Em/MockNFW80ellip5loga2.08PA50center0With_background20num37.dat Diff-Evol    1.0e-04 0 0 1 0     NFW        0.0004  -0.0005     -2.033 0.000   0   2.02   57.2       -819.4657       -1629.181   298   0.0004  -0.0005     -1.950 0.000   0   2.22    0.126
2018-05-05-19:07:24 1.11  Mocks_Em/MockNFW80ellip5loga2.08PA50center0With_background20num38.dat Diff-Evol    1.0e-04 0 0 1 0     NFW      359.9999   0.0003     -2.541 0.000   0   5.05    5.2       -822.0811       -1634.412   333 359.9999   0.0003     -1.941 0.000   0   2.24    0.139
2018-05-05-19:07:24 1.11  Mocks_Em/MockNFW80ellip5loga2.08PA50center0With_background20num39.dat Diff-Evol    1.0e-04 0 0 1 0     NFW        0.0007  -0.0005     -1.908 0.000   0   4.49   65.7       -849.6119       -1689.473   438   0.0007  -0.0005     -1.962 0.000   0   2.24    0.179
2018-05-05-19:07:24 1.11  Mocks_Em/MockNFW80ellip5loga2.08PA50center0With_background20num40.dat Diff-Evol    1.0e-04 0 0 1 0     NFW        0.0010   0.0005     -1.905 0.000   0   4.90   35.5       -834.8152        -1659.88   305   0.0010   0.0005     -1.933 0.000   0   2.22    0.129
2018-05-05-19:07:24 1.11  Mocks_Em/MockNFW80ellip5loga2.08PA50center0With_background20num41.dat Diff-Evol    1.0e-04 0 0 1 0     NFW        0.0002   0.0000     -1.920 0.000   0   4.85   34.5       -744.4398       -1479.129   459   0.0002   0.0000     -1.925 0.000   0   2.20    0.201
2018-05-05-19:07:24 1.11  Mocks_Em/MockNFW80ellip5loga2.08PA50center0With_background20num42.dat Diff-Evol    1.0e-04 0 0 1 0     NFW        0.0004   0.0003     -2.271 0.000   0   4.91   12.2       -768.5223       -1527.294   319   0.0004   0.0003     -1.935 0.000   0   2.20    0.134
2018-05-05-19:07:24 1.11  Mocks_Em/MockNFW80ellip5loga2.08PA50center0With_background20num43.dat Diff-Evol    1.0e-04 0 0 1 0     NFW      360.0000  -0.0005     -1.919 0.000   0   4.38   59.7       -747.1823       -1484.614   417 360.0000  -0.0005     -1.935 0.000   0   2.20    0.174
2018-05-05-19:07:24 1.11  Mocks_Em/MockNFW80ellip5loga2.08PA50center0With_background20num44.dat Diff-Evol    1.0e-04 0 0 1 0     NFW      359.9999  -0.0006     -3.285 0.000   0   5.16   -0.5       -780.8259       -1551.901   312 359.9999  -0.0006     -1.908 0.000   0   2.20    0.133
2018-05-05-19:07:24 1.11  Mocks_Em/MockNFW80ellip5loga2.08PA50center0With_background20num45.dat Diff-Evol    1.0e-04 0 0 1 0     NFW        0.0005   0.0013     -2.571 0.000   0   5.04    3.9       -814.5439       -1619.337   333   0.0005   0.0013     -1.926 0.000   0   2.21    0.140
2018-05-05-19:07:24 1.11  Mocks_Em/MockNFW80ellip5loga2.08PA50center0With_background20num46.dat Diff-Evol    1.0e-04 0 0 1 0     NFW        0.0012   0.0001     -1.951 0.000   0   1.63   70.6       -834.3926       -1659.035   305   0.0012   0.0001     -1.959 0.000   0   2.21    0.127
2018-05-05-19:07:24 1.11  Mocks_Em/MockNFW80ellip5loga2.08PA50center0With_background20num47.dat Diff-Evol    1.0e-04 0 0 1 0     NFW      359.9998   0.0001     -2.535 0.000   0   5.04    4.3       -773.8133       -1537.876   312 359.9998   0.0001     -1.925 0.000   0   2.21    0.130
2018-05-05-19:07:24 1.11  Mocks_Em/MockNFW80ellip5loga2.08PA50center0With_background20num48.dat Diff-Evol    1.0e-04 0 0 1 0     NFW        0.0002  -0.0002     -3.095 0.000   0   5.20   -1.6       -774.5436       -1539.337   708   0.0002  -0.0002     -1.903 0.000   0   2.20    0.310
2018-05-05-19:07:24 1.11  Mocks_Em/MockNFW80ellip5loga2.08PA50center0With_background20num49.dat Diff-Evol    1.0e-04 0 0 1 0     NFW      359.9993  -0.0003     -2.350 0.000   0   4.99    8.3       -779.1878       -1548.625   305 359.9993  -0.0003     -1.918 0.000   0   2.22    0.130
2018-05-05-19:07:24 1.11  Mocks_Em/MockNFW80ellip5loga2.08PA50center0With_background20num50.dat Diff-Evol    1.0e-04 0 0 1 0     NFW      359.9998  -0.0002     -2.338 0.000   0   4.36   25.0       -832.5746       -1655.399   257 359.9998  -0.0002     -1.986 0.000   0   2.24    0.106
2018-05-05-19:07:24 1.11  Mocks_Em/MockNFW80ellip5loga2.08PA50center0With_background20num51.dat Diff-Evol    1.0e-04 0 0 1 0     NFW      359.9991  -0.0010     -2.967 0.000   0   5.18   -0.9       -841.3602        -1672.97   312 359.9991  -0.0010     -1.933 0.000   0   2.22    0.133
2018-05-05-19:07:24 1.11  Mocks_Em/MockNFW80ellip5loga2.08PA50center0With_background20num52.dat Diff-Evol    1.0e-04 0 0 1 0     NFW        0.0004   0.0007     -3.288 0.000   0   5.18   -0.5       -856.7392       -1703.728   222   0.0004   0.0007     -1.925 0.000   0   2.23    0.091
2018-05-05-19:07:24 1.11  Mocks_Em/MockNFW80ellip5loga2.08PA50center0With_background20num53.dat Diff-Evol    1.0e-04 0 0 1 0     NFW        0.0001  -0.0005     -2.976 0.000   0   5.12   -1.2       -638.9542       -1268.158   395   0.0001  -0.0005     -1.850 0.000   0   2.14    0.166
2018-05-05-19:07:24 1.11  Mocks_Em/MockNFW80ellip5loga2.08PA50center0With_background20num54.dat Diff-Evol    1.0e-04 0 0 1 0     NFW        0.0000   0.0004     -2.327 0.000   0   4.98    7.3       -730.9087       -1452.067   305   0.0000   0.0004     -1.903 0.000   0   2.19    0.143
2018-05-05-19:07:24 1.11  Mocks_Em/MockNFW80ellip5loga2.08PA50center0With_background20num55.dat Diff-Evol    1.0e-04 0 0 1 0     NFW      360.0000   0.0004     -2.198 0.000   0   4.88   16.7       -757.7396       -1505.729   312 360.0000   0.0004     -1.915 0.000   0   2.21    0.174
2018-05-05-19:07:24 1.11  Mocks_Em/MockNFW80ellip5loga2.08PA50center0With_background20num56.dat Diff-Evol    1.0e-04 0 0 1 0     NFW      359.9996  -0.0003     -2.078 0.000   0   5.07    5.2       -753.0772       -1496.404   388 359.9996  -0.0003     -1.898 0.000   0   2.19    0.168
2018-05-05-19:07:24 1.11  Mocks_Em/MockNFW80ellip5loga2.08PA50center0With_background20num57.dat Diff-Evol    1.0e-04 0 0 1 0     NFW      360.0000  -0.0008     -2.275 0.000   0   4.92   13.2       -806.5138       -1603.277   319 360.0000  -0.0008     -1.921 0.000   0   2.21    0.137
2018-05-05-19:07:24 1.11  Mocks_Em/MockNFW80ellip5loga2.08PA50center0With_background20num58.dat Diff-Evol    1.0e-04 0 0 1 0     NFW        0.0015   0.0001     -1.997 0.000   0   1.83   61.9       -846.7447       -1683.739   215   0.0015   0.0001     -1.958 0.000   0   2.19    0.090
2018-05-05-19:07:24 1.11  Mocks_Em/MockNFW80ellip5loga2.08PA50center0With_background20num59.dat Diff-Evol    1.0e-04 0 0 1 0     NFW      359.9989  -0.0001     -2.688 0.000   0   5.20   -2.0       -822.5107       -1635.271   492 359.9989  -0.0001     -1.905 0.000   0   2.22    0.210
2018-05-05-19:07:24 1.11  Mocks_Em/MockNFW80ellip5loga2.08PA50center0With_background20num60.dat Diff-Evol    1.0e-04 0 0 1 0     NFW        0.0009   0.0003     -2.633 0.000   0   4.97    5.8        -846.102       -1682.454   229   0.0009   0.0003     -1.987 0.000   0   2.21    0.095
2018-05-05-19:07:24 1.11  Mocks_Em/MockNFW80ellip5loga2.08PA50center0With_background20num61.dat Diff-Evol    1.0e-04 0 0 1 0     NFW        0.0011   0.0004     -2.356 0.000   0   4.80   13.4       -782.3091       -1554.868   278   0.0011   0.0004     -1.958 0.000   0   2.18    0.113
2018-05-05-19:07:24 1.11  Mocks_Em/MockNFW80ellip5loga2.08PA50center0With_background20num62.dat Diff-Evol    1.0e-04 0 0 1 0     NFW      359.9997   0.0015     -1.950 0.000   0   4.56   53.5       -858.7078       -1707.665   298 359.9997   0.0015     -1.929 0.000   0   2.21    0.126
2018-05-05-19:07:24 1.11  Mocks_Em/MockNFW80ellip5loga2.08PA50center0With_background20num63.dat Diff-Evol    1.0e-04 0 0 1 0     NFW      359.9992   0.0001     -2.707 0.000   0   5.11    0.6         -795.11        -1580.47   305 359.9992   0.0001     -1.899 0.000   0   2.20    0.128
2018-05-05-19:07:24 1.11  Mocks_Em/MockNFW80ellip5loga2.08PA50center0With_background20num64.dat Diff-Evol    1.0e-04 0 0 1 0     NFW      359.9993  -0.0001     -2.462 0.000   0   4.92    9.1       -797.4336       -1585.117   215 359.9993  -0.0001     -1.915 0.000   0   2.21    0.088
2018-05-05-19:07:24 1.11  Mocks_Em/MockNFW80ellip5loga2.08PA50center0With_background20num65.dat Diff-Evol    1.0e-04 0 0 1 0     NFW      359.9996  -0.0008     -2.210 0.000   0   4.69   22.3       -789.0371       -1568.324   271 359.9996  -0.0008     -1.961 0.000   0   2.18    0.110
2018-05-05-19:07:24 1.11  Mocks_Em/MockNFW80ellip5loga2.08PA50center0With_background20num66.dat Diff-Evol    1.0e-04 0 0 1 0     NFW        0.0013  -0.0001     -2.048 0.000   0   3.34   54.2       -838.2463       -1666.742   305   0.0013  -0.0001     -1.989 0.000   0   2.21    0.132
2018-05-05-19:07:24 1.11  Mocks_Em/MockNFW80ellip5loga2.08PA50center0With_background20num67.dat Diff-Evol    1.0e-04 0 0 1 0     NFW      359.9998   0.0013     -2.436 0.000   0   4.87   10.9       -824.1826       -1638.615   250 359.9998   0.0013     -1.958 0.000   0   2.20    0.102
2018-05-05-19:07:24 1.11  Mocks_Em/MockNFW80ellip5loga2.08PA50center0With_background20num68.dat Diff-Evol    1.0e-04 0 0 1 0     NFW      359.9996   0.0003     -2.760 0.000   0   5.05    2.1       -779.5523       -1549.354   305 359.9996   0.0003     -1.898 0.000   0   2.20    0.128
2018-05-05-19:07:24 1.11  Mocks_Em/MockNFW80ellip5loga2.08PA50center0With_background20num69.dat Diff-Evol    1.0e-04 0 0 1 0     NFW      359.9998   0.0003     -2.132 0.000   0   0.71   42.4       -752.3073       -1494.864   222 359.9998   0.0003     -1.993 0.000   0   2.21    0.091
2018-05-05-19:07:24 1.11  Mocks_Em/MockNFW80ellip5loga2.08PA50center0With_background20num70.dat Diff-Evol    1.0e-04 0 0 1 0     NFW        0.0003  -0.0002     -1.914 0.000   0  -0.62   70.3       -724.0572       -1438.364   284   0.0003  -0.0002     -1.905 0.000   0   2.17    0.122
2018-05-05-19:07:24 1.11  Mocks_Em/MockNFW80ellip5loga2.08PA50center0With_background20num71.dat Diff-Evol    1.0e-04 0 0 1 0     NFW      359.9993  -0.0001     -3.064 0.000   0   5.11    1.4       -851.3972       -1693.044   215 359.9993  -0.0001     -1.965 0.000   0   2.24    0.089
2018-05-05-19:07:24 1.11  Mocks_Em/MockNFW80ellip5loga2.08PA50center0With_background20num72.dat Diff-Evol    1.0e-04 0 0 1 0     NFW      359.9998  -0.0004     -2.599 0.000   0   5.10    2.3       -797.8053        -1585.86   326 359.9998  -0.0004     -1.921 0.000   0   2.23    0.136
2018-05-05-19:07:24 1.11  Mocks_Em/MockNFW80ellip5loga2.08PA50center0With_background20num73.dat Diff-Evol    1.0e-04 0 0 1 0     NFW      359.9988  -0.0004     -1.943 0.000   0   4.80   40.1       -842.8156       -1675.881   305 359.9988  -0.0004     -1.930 0.000   0   2.21    0.129
2018-05-05-19:07:24 1.11  Mocks_Em/MockNFW80ellip5loga2.08PA50center0With_background20num74.dat Diff-Evol    1.0e-04 0 0 1 0     NFW      359.9991   0.0001     -2.456 0.000   0   4.76   12.9       -805.4634       -1601.176   215 359.9991   0.0001     -1.963 0.000   0   2.20    0.088
2018-05-05-19:07:24 1.11  Mocks_Em/MockNFW80ellip5loga2.08PA50center0With_background20num75.dat Diff-Evol    1.0e-04 0 0 1 0     NFW      359.9996   0.0011     -2.390 0.000   0   5.13    2.4       -815.9464       -1622.142   319 359.9996   0.0011     -1.941 0.000   0   2.24    0.133
2018-05-05-19:07:24 1.11  Mocks_Em/MockNFW80ellip5loga2.08PA50center0With_background20num76.dat Diff-Evol    1.0e-04 0 0 1 0     NFW      359.9996  -0.0005     -2.688 0.000   0   5.06    2.7       -795.6921       -1581.634   298 359.9996  -0.0005     -1.947 0.000   0   2.21    0.125
2018-05-05-19:07:24 1.11  Mocks_Em/MockNFW80ellip5loga2.08PA50center0With_background20num77.dat Diff-Evol    1.0e-04 0 0 1 0     NFW      359.9996  -0.0005     -2.123 0.000   0   4.75   28.4       -817.8296       -1625.909   312 359.9996  -0.0005     -1.953 0.000   0   2.23    0.131
2018-05-05-19:07:24 1.11  Mocks_Em/MockNFW80ellip5loga2.08PA50center0With_background20num78.dat Diff-Evol    1.0e-04 0 0 1 0     NFW      359.9999   0.0001     -1.935 0.000   0   4.89   33.3       -763.1816       -1516.613   388 359.9999   0.0001     -1.936 0.000   0   2.23    0.168
2018-05-05-19:07:24 1.11  Mocks_Em/MockNFW80ellip5loga2.08PA50center0With_background20num79.dat Diff-Evol    1.0e-04 0 0 1 0     NFW        0.0003   0.0008     -2.054 0.000   0   1.82   50.7       -777.7227       -1545.695   298   0.0003   0.0008     -1.946 0.000   0   2.18    0.137
2018-05-05-19:07:24 1.11  Mocks_Em/MockNFW80ellip5loga2.08PA50center0With_background20num80.dat Diff-Evol    1.0e-04 0 0 1 0     NFW        0.0004   0.0005     -2.602 0.000   0   4.91    7.2       -766.8964       -1524.042   215   0.0004   0.0005     -1.966 0.000   0   2.21    0.089
2018-05-05-19:07:24 1.11  Mocks_Em/MockNFW80ellip5loga2.08PA50center0With_background20num81.dat Diff-Evol    1.0e-04 0 0 1 0     NFW      359.9997  -0.0003     -2.083 0.000   0   4.90   22.4        -792.963       -1576.176   305 359.9997  -0.0003     -1.930 0.000   0   2.23    0.129
2018-05-05-19:07:24 1.11  Mocks_Em/MockNFW80ellip5loga2.08PA50center0With_background20num82.dat Diff-Evol    1.0e-04 0 0 1 0     NFW      359.9993  -0.0002     -2.754 0.000   0   4.89    6.3       -801.1112       -1592.472   215 359.9993  -0.0002     -1.981 0.000   0   2.21    0.089
2018-05-05-19:07:24 1.11  Mocks_Em/MockNFW80ellip5loga2.08PA50center0With_background20num83.dat Diff-Evol    1.0e-04 0 0 1 0     NFW      359.9999   0.0006     -2.520 0.000   0   5.09    2.8       -772.6043       -1535.458   326 359.9999   0.0006     -1.935 0.000   0   2.22    0.136
2018-05-05-19:07:24 1.11  Mocks_Em/MockNFW80ellip5loga2.08PA50center0With_background20num84.dat Diff-Evol    1.0e-04 0 0 1 0     NFW        0.0007  -0.0005     -2.398 0.000   0   4.94    8.2       -768.6349       -1527.519   222   0.0007  -0.0005     -1.924 0.000   0   2.19    0.091
2018-05-05-19:07:24 1.11  Mocks_Em/MockNFW80ellip5loga2.08PA50center0With_background20num85.dat Diff-Evol    1.0e-04 0 0 1 0     NFW        0.0006  -0.0005     -2.441 0.000   0   5.09    2.6       -802.9696       -1596.189   319   0.0006  -0.0005     -1.903 0.000   0   2.21    0.135
2018-05-05-19:07:24 1.11  Mocks_Em/MockNFW80ellip5loga2.08PA50center0With_background20num86.dat Diff-Evol    1.0e-04 0 0 1 0     NFW        0.0004  -0.0017     -1.936 0.000   0   4.28   67.8       -854.4447       -1699.139   319   0.0004  -0.0017     -1.964 0.000   0   2.24    0.177
2018-05-05-19:07:24 1.11  Mocks_Em/MockNFW80ellip5loga2.08PA50center0With_background20num87.dat Diff-Evol    1.0e-04 0 0 1 0     NFW        0.0006  -0.0003     -1.903 0.000   0   2.63   76.1       -779.7306       -1549.711   410   0.0006  -0.0003     -1.930 0.000   0   2.19    0.188
2018-05-05-19:07:24 1.11  Mocks_Em/MockNFW80ellip5loga2.08PA50center0With_background20num88.dat Diff-Evol    1.0e-04 0 0 1 0     NFW        0.0005   0.0004     -2.378 0.000   0   4.69   17.2       -809.0817       -1608.413   229   0.0005   0.0004     -1.958 0.000   0   2.22    0.094
2018-05-05-19:07:24 1.11  Mocks_Em/MockNFW80ellip5loga2.08PA50center0With_background20num89.dat Diff-Evol    1.0e-04 0 0 1 0     NFW      360.0000  -0.0000     -1.920 0.000   0   4.33   59.6       -732.2015       -1454.653   445 360.0000  -0.0000     -1.932 0.000   0   2.19    0.180
2018-05-05-19:07:24 1.11  Mocks_Em/MockNFW80ellip5loga2.08PA50center0With_background20num90.dat Diff-Evol    1.0e-04 0 0 1 0     NFW        0.0013   0.0009     -2.039 0.000   0   4.94   19.9       -856.4124       -1703.074   333   0.0013   0.0009     -1.908 0.000   0   2.19    0.140
2018-05-05-19:07:24 1.11  Mocks_Em/MockNFW80ellip5loga2.08PA50center0With_background20num91.dat Diff-Evol    1.0e-04 0 0 1 0     NFW        0.0002  -0.0004     -3.519 0.000   0   5.21   -1.1       -784.0326       -1558.315   341   0.0002  -0.0004     -1.938 0.000   0   2.21    0.136
2018-05-05-19:07:24 1.11  Mocks_Em/MockNFW80ellip5loga2.08PA50center0With_background20num92.dat Diff-Evol    1.0e-04 0 0 1 0     NFW      359.9988   0.0002     -2.542 0.000   0   5.04    3.0       -793.0772       -1576.404   333 359.9988   0.0002     -1.902 0.000   0   2.19    0.139
2018-05-05-19:07:24 1.11  Mocks_Em/MockNFW80ellip5loga2.08PA50center0With_background20num93.dat Diff-Evol    1.0e-04 0 0 1 0     NFW      359.9998  -0.0003     -2.128 0.000   0   4.96   14.7       -747.5016       -1485.253   305 359.9998  -0.0003     -1.962 0.000   0   2.21    0.127
2018-05-05-19:07:24 1.11  Mocks_Em/MockNFW80ellip5loga2.08PA50center0With_background20num94.dat Diff-Evol    1.0e-04 0 0 1 0     NFW        0.0004   0.0001     -1.994 0.000   0   1.65   61.1       -782.2881       -1554.826   312   0.0004   0.0001     -1.964 0.000   0   2.21    0.133
2018-05-05-19:07:24 1.11  Mocks_Em/MockNFW80ellip5loga2.08PA50center0With_background20num95.dat Diff-Evol    1.0e-04 0 0 1 0     NFW        0.0001  -0.0009     -2.328 0.000   0   5.03    4.0       -745.9971       -1482.244   402   0.0001  -0.0009     -1.890 0.000   0   2.17    0.172
2018-05-05-19:07:24 1.11  Mocks_Em/MockNFW80ellip5loga2.08PA50center0With_background20num96.dat Diff-Evol    1.0e-04 0 0 1 0     NFW        0.0007   0.0006     -2.677 0.000   0   5.05    2.5        -817.705        -1625.66   312   0.0007   0.0006     -1.942 0.000   0   2.20    0.131
2018-05-05-19:07:24 1.11  Mocks_Em/MockNFW80ellip5loga2.08PA50center0With_background20num97.dat Diff-Evol    1.0e-04 0 0 1 0     NFW        0.0006  -0.0003     -1.906 0.000   0   4.61   59.2       -840.0548       -1670.359   305   0.0006  -0.0003     -1.946 0.000   0   2.23    0.129
2018-05-05-19:07:24 1.11  Mocks_Em/MockNFW80ellip5loga2.08PA50center0With_background20num98.dat Diff-Evol    1.0e-04 0 0 1 0     NFW        0.0007   0.0007     -2.566 0.000   0   4.97    6.7       -788.6983       -1567.646   229   0.0007   0.0007     -1.935 0.000   0   2.23    0.094
2018-05-05-19:07:24 1.11  Mocks_Em/MockNFW80ellip5loga2.08PA50center0With_background20num99.dat Diff-Evol    1.0e-04 0 0 1 0     NFW      359.9999   0.0000     -2.451 0.000   0   4.96    8.2       -790.8566       -1571.963   305 359.9999   0.0000     -1.926 0.000   0   2.22    0.127
