2018-05-05-19:07:18 1.11  Mocks_Em/MockNFW80ellip5loga2.08PA50center0With_background20num0.dat L-BFGS-B     1.0e-04 0 0 1 0     NFW      359.9992  -0.0007     -2.139 0.000   0   2.19   42.4       -802.8826       -1596.015    28 359.9992  -0.0007     -1.963 0.000   0   2.19    0.022
2018-05-05-19:07:18 1.11  Mocks_Em/MockNFW80ellip5loga2.08PA50center0With_background20num1.dat L-BFGS-B     1.0e-04 0 0 1 0     NFW        0.0011   0.0004     -1.903 0.000   0   2.18   73.3       -749.4949       -1489.239    14   0.0011   0.0004     -1.927 0.000   0   2.17    0.010
2018-05-05-19:07:18 1.11  Mocks_Em/MockNFW80ellip5loga2.08PA50center0With_background20num2.dat L-BFGS-B     1.0e-04 0 0 1 0     NFW      359.9988   0.0001     -1.912 0.000   0   2.22   77.1       -788.5417       -1567.333    14 359.9988   0.0001     -1.909 0.000   0   2.21    0.010
2018-05-05-19:07:18 1.11  Mocks_Em/MockNFW80ellip5loga2.08PA50center0With_background20num3.dat L-BFGS-B     1.0e-04 0 0 1 0     NFW        0.0004  -0.0005     -1.906 0.000   0   2.17   71.8       -736.0281       -1462.306    14   0.0004  -0.0005     -1.884 0.000   0   2.17    0.009
2018-05-05-19:07:18 1.11  Mocks_Em/MockNFW80ellip5loga2.08PA50center0With_background20num4.dat L-BFGS-B     1.0e-04 0 0 1 0     NFW        0.0011   0.0005     -1.895 0.000   0   2.15   80.8       -823.7993       -1637.848    35   0.0011   0.0005     -1.978 0.000   0   2.20    0.021
2018-05-05-19:07:18 1.11  Mocks_Em/MockNFW80ellip5loga2.08PA50center0With_background20num5.dat L-BFGS-B     1.0e-04 0 0 1 0     NFW        0.0005   0.0001     -1.964 0.000   0   2.24   72.3       -864.3539       -1718.957    21   0.0005   0.0001     -2.001 0.000   0   2.24    0.012
2018-05-05-19:07:18 1.11  Mocks_Em/MockNFW80ellip5loga2.08PA50center0With_background20num6.dat L-BFGS-B     1.0e-04 0 0 1 0     NFW      359.9995   0.0001     -2.030 0.000   0   2.19   53.2       -750.6493       -1491.548    28 359.9995   0.0001     -1.908 0.000   0   2.19    0.015
2018-05-05-19:07:18 1.11  Mocks_Em/MockNFW80ellip5loga2.08PA50center0With_background20num7.dat L-BFGS-B     1.0e-04 0 0 1 0     NFW        0.0002   0.0007     -1.905 0.000   0   2.20   77.8       -795.2276       -1580.705    14   0.0002   0.0007     -1.913 0.000   0   2.20    0.007
2018-05-05-19:07:18 1.11  Mocks_Em/MockNFW80ellip5loga2.08PA50center0With_background20num8.dat L-BFGS-B     1.0e-04 0 0 1 0     NFW        0.0004   0.0004     -2.187 0.000   0   2.20   37.7       -774.4308       -1539.111    35   0.0004   0.0004     -1.965 0.000   0   2.20    0.017
2018-05-05-19:07:18 1.11  Mocks_Em/MockNFW80ellip5loga2.08PA50center0With_background20num9.dat L-BFGS-B     1.0e-04 0 0 1 0     NFW      359.9995  -0.0001     -1.910 0.000   0   2.23   79.3       -814.2228       -1618.695    14 359.9995  -0.0001     -1.893 0.000   0   2.22    0.007
2018-05-05-19:07:18 1.11  Mocks_Em/MockNFW80ellip5loga2.08PA50center0With_background20num10.dat L-BFGS-B     1.0e-04 0 0 1 0     NFW      359.9993  -0.0003     -1.907 0.000   0   4.27   71.1       -836.7925       -1663.835   105 359.9993  -0.0003     -1.968 0.000   0   2.23    0.045
2018-05-05-19:07:18 1.11  Mocks_Em/MockNFW80ellip5loga2.08PA50center0With_background20num11.dat L-BFGS-B     1.0e-04 0 0 1 0     NFW        0.0006   0.0000     -1.945 0.000   0   2.21   70.6       -807.2715       -1604.793    21   0.0006   0.0000     -1.957 0.000   0   2.21    0.009
2018-05-05-19:07:18 1.11  Mocks_Em/MockNFW80ellip5loga2.08PA50center0With_background20num12.dat L-BFGS-B     1.0e-04 0 0 1 0     NFW      359.9989  -0.0008     -2.058 0.000   0   2.19   52.9       -841.8263       -1673.902    28 359.9989  -0.0008     -1.971 0.000   0   2.19    0.011
2018-05-05-19:07:18 1.11  Mocks_Em/MockNFW80ellip5loga2.08PA50center0With_background20num13.dat L-BFGS-B     1.0e-04 0 0 1 0     NFW        0.0000  -0.0009     -1.909 0.000   0   2.21   76.3       -782.6305       -1555.511    14   0.0000  -0.0009     -1.936 0.000   0   2.20    0.005
2018-05-05-19:07:18 1.11  Mocks_Em/MockNFW80ellip5loga2.08PA50center0With_background20num14.dat L-BFGS-B     1.0e-04 0 0 1 0     NFW        0.0004   0.0006     -1.908 0.000   0   2.20   75.5       -775.6255       -1541.501    14   0.0004   0.0006     -1.949 0.000   0   2.19    0.005
2018-05-05-19:07:18 1.11  Mocks_Em/MockNFW80ellip5loga2.08PA50center0With_background20num15.dat L-BFGS-B     1.0e-04 0 0 1 0     NFW      359.9997   0.0006     -1.967 0.000   0   2.21   67.4       -816.5117       -1623.273    21 359.9997   0.0006     -1.957 0.000   0   2.21    0.008
2018-05-05-19:07:18 1.11  Mocks_Em/MockNFW80ellip5loga2.08PA50center0With_background20num16.dat L-BFGS-B     1.0e-04 0 0 1 0     NFW        0.0008  -0.0007     -1.896 0.000   0   2.21   79.3       -798.2125       -1586.675    14   0.0008  -0.0007     -1.900 0.000   0   2.19    0.006
2018-05-05-19:07:18 1.11  Mocks_Em/MockNFW80ellip5loga2.08PA50center0With_background20num17.dat L-BFGS-B     1.0e-04 0 0 1 0     NFW      359.9987  -0.0004     -1.884 0.000   0   2.22   86.1       -865.0081       -1720.266    14 359.9987  -0.0004     -1.895 0.000   0   2.20    0.006
2018-05-05-19:07:18 1.11  Mocks_Em/MockNFW80ellip5loga2.08PA50center0With_background20num18.dat L-BFGS-B     1.0e-04 0 0 1 0     NFW      359.9992   0.0010     -1.896 0.000   0   2.23   83.9       -850.3263       -1690.902   112 359.9992   0.0010     -1.926 0.000   0   2.21    0.043
2018-05-05-19:07:18 1.11  Mocks_Em/MockNFW80ellip5loga2.08PA50center0With_background20num19.dat L-BFGS-B     1.0e-04 0 0 1 0     NFW        0.0010   0.0013     -2.128 0.000   0   2.20   46.4       -886.7324       -1763.714    28   0.0010   0.0013     -1.987 0.000   0   2.20    0.011
2018-05-05-19:07:18 1.11  Mocks_Em/MockNFW80ellip5loga2.08PA50center0With_background20num20.dat L-BFGS-B     1.0e-04 0 0 1 0     NFW      359.9998   0.0004     -1.913 0.000   0   2.20   74.0       -761.3639       -1512.977    14 359.9998   0.0004     -1.909 0.000   0   2.19    0.006
2018-05-05-19:07:18 1.11  Mocks_Em/MockNFW80ellip5loga2.08PA50center0With_background20num21.dat L-BFGS-B     1.0e-04 0 0 1 0     NFW        0.0010   0.0007     -1.969 0.000   0   2.23   72.4       -915.9154        -1822.08    21   0.0010   0.0007     -1.971 0.000   0   2.23    0.008
2018-05-05-19:07:18 1.11  Mocks_Em/MockNFW80ellip5loga2.08PA50center0With_background20num22.dat L-BFGS-B     1.0e-04 0 0 1 0     NFW      359.9994   0.0004     -2.238 0.000   0   2.22   34.5       -791.4121       -1573.074    35 359.9994   0.0004     -1.930 0.000   0   2.22    0.013
2018-05-05-19:07:18 1.11  Mocks_Em/MockNFW80ellip5loga2.08PA50center0With_background20num23.dat L-BFGS-B     1.0e-04 0 0 1 0     NFW      359.9992  -0.0012     -1.896 0.000   0   2.21   80.8       -823.9923       -1638.234    14 359.9992  -0.0012     -1.933 0.000   0   2.20    0.006
2018-05-05-19:07:18 1.11  Mocks_Em/MockNFW80ellip5loga2.08PA50center0With_background20num24.dat L-BFGS-B     1.0e-04 0 0 1 0     NFW      359.9991   0.0006     -1.906 0.000   0   2.21   77.1       -783.8745       -1557.999   140 359.9991   0.0006     -1.930 0.000   0   2.20    0.053
2018-05-05-19:07:18 1.11  Mocks_Em/MockNFW80ellip5loga2.08PA50center0With_background20num25.dat L-BFGS-B     1.0e-04 0 0 1 0     NFW      359.9995   0.0010     -1.896 0.000   0   2.20   80.1       -811.3734       -1612.996   140 359.9995   0.0010     -1.930 0.000   0   2.20    0.053
2018-05-05-19:07:18 1.11  Mocks_Em/MockNFW80ellip5loga2.08PA50center0With_background20num26.dat L-BFGS-B     1.0e-04 0 0 1 0     NFW        0.0004  -0.0013     -1.900 0.000   0   2.20   79.3       -812.0657       -1614.381    14   0.0004  -0.0013     -1.978 0.000   0   2.20    0.006
2018-05-05-19:07:18 1.11  Mocks_Em/MockNFW80ellip5loga2.08PA50center0With_background20num27.dat L-BFGS-B     1.0e-04 0 0 1 0     NFW        0.0005   0.0002     -1.996 0.000   0   2.20   59.8        -767.776       -1525.802    21   0.0005   0.0002     -1.962 0.000   0   2.20    0.008
2018-05-05-19:07:18 1.11  Mocks_Em/MockNFW80ellip5loga2.08PA50center0With_background20num28.dat L-BFGS-B     1.0e-04 0 0 1 0     NFW        0.0001  -0.0007     -1.923 0.000   0   2.15   64.2       -665.8136       -1321.877    14   0.0001  -0.0007     -1.894 0.000   0   2.15    0.006
2018-05-05-19:07:18 1.11  Mocks_Em/MockNFW80ellip5loga2.08PA50center0With_background20num29.dat L-BFGS-B     1.0e-04 0 0 1 0     NFW      360.0000   0.0000     -1.925 0.000   0   2.23   74.0       -762.5971       -1515.444    14 360.0000   0.0000     -1.912 0.000   0   2.22    0.006
2018-05-05-19:07:18 1.11  Mocks_Em/MockNFW80ellip5loga2.08PA50center0With_background20num30.dat L-BFGS-B     1.0e-04 0 0 1 0     NFW      360.0000  -0.0005     -1.909 0.000   0   2.25   83.9       -862.6773       -1715.604    14 360.0000  -0.0005     -1.970 0.000   0   2.24    0.006
2018-05-05-19:07:18 1.11  Mocks_Em/MockNFW80ellip5loga2.08PA50center0With_background20num31.dat L-BFGS-B     1.0e-04 0 0 1 0     NFW      359.9999   0.0003     -1.923 0.000   0   2.22   72.5       -749.8283       -1489.906    14 359.9999   0.0003     -1.909 0.000   0   2.21    0.005
2018-05-05-19:07:18 1.11  Mocks_Em/MockNFW80ellip5loga2.08PA50center0With_background20num32.dat L-BFGS-B     1.0e-04 0 0 1 0     NFW        0.0010   0.0008     -2.097 0.000   0   2.19   46.4       -793.1688       -1576.587    28   0.0010   0.0008     -1.939 0.000   0   2.19    0.011
2018-05-05-19:07:18 1.11  Mocks_Em/MockNFW80ellip5loga2.08PA50center0With_background20num33.dat L-BFGS-B     1.0e-04 0 0 1 0     NFW      359.9995  -0.0001     -2.104 0.000   0   2.16   41.6       -706.1275       -1402.505    35 359.9995  -0.0001     -1.917 0.000   0   2.16    0.013
2018-05-05-19:07:18 1.11  Mocks_Em/MockNFW80ellip5loga2.08PA50center0With_background20num34.dat L-BFGS-B     1.0e-04 0 0 1 0     NFW      359.9975  -0.0006     -1.873 0.000   0   3.84   83.2       -879.2839       -1748.817    77 359.9975  -0.0006     -1.950 0.000   0   2.19    0.029
2018-05-05-19:07:18 1.11  Mocks_Em/MockNFW80ellip5loga2.08PA50center0With_background20num35.dat L-BFGS-B     1.0e-04 0 0 1 0     NFW      359.9997  -0.0001     -1.924 0.000   0   2.15   82.4       -853.5735       -1697.397    49 359.9997  -0.0001     -2.000 0.000   0   2.26    0.019
2018-05-05-19:07:18 1.11  Mocks_Em/MockNFW80ellip5loga2.08PA50center0With_background20num36.dat L-BFGS-B     1.0e-04 0 0 1 0     NFW      359.9998   0.0008     -1.902 0.000   0   2.19   74.0       -750.1519       -1490.553    14 359.9998   0.0008     -1.885 0.000   0   2.17    0.006
2018-05-05-19:07:18 1.11  Mocks_Em/MockNFW80ellip5loga2.08PA50center0With_background20num37.dat L-BFGS-B     1.0e-04 0 0 1 0     NFW        0.0004  -0.0005     -1.994 0.000   0   2.22   63.2       -819.4426       -1629.135    21   0.0004  -0.0005     -1.950 0.000   0   2.22    0.009
2018-05-05-19:07:18 1.11  Mocks_Em/MockNFW80ellip5loga2.08PA50center0With_background20num38.dat L-BFGS-B     1.0e-04 0 0 1 0     NFW      359.9999   0.0003     -1.921 0.000   0   2.25   79.3       -821.2901        -1632.83    14 359.9999   0.0003     -1.941 0.000   0   2.24    0.006
2018-05-05-19:07:18 1.11  Mocks_Em/MockNFW80ellip5loga2.08PA50center0With_background20num39.dat L-BFGS-B     1.0e-04 0 0 1 0     NFW        0.0007  -0.0005     -1.908 0.000   0   2.24   83.1       -849.4247       -1689.099   140   0.0007  -0.0005     -1.962 0.000   0   2.24    0.056
2018-05-05-19:07:18 1.11  Mocks_Em/MockNFW80ellip5loga2.08PA50center0With_background20num40.dat L-BFGS-B     1.0e-04 0 0 1 0     NFW        0.0010   0.0005     -1.900 0.000   0   4.88   37.8       -834.8153        -1659.88   238   0.0010   0.0005     -1.933 0.000   0   2.22    0.095
2018-05-05-19:07:18 1.11  Mocks_Em/MockNFW80ellip5loga2.08PA50center0With_background20num41.dat L-BFGS-B     1.0e-04 0 0 1 0     NFW        0.0002   0.0000     -1.920 0.000   0   2.21   72.5       -743.4593       -1477.168    14   0.0002   0.0000     -1.925 0.000   0   2.20    0.006
2018-05-05-19:07:18 1.11  Mocks_Em/MockNFW80ellip5loga2.08PA50center0With_background20num42.dat L-BFGS-B     1.0e-04 0 0 1 0     NFW        0.0004   0.0003     -1.912 0.000   0   2.20   74.8       -768.1167       -1526.483    14   0.0004   0.0003     -1.935 0.000   0   2.20    0.006
2018-05-05-19:07:18 1.11  Mocks_Em/MockNFW80ellip5loga2.08PA50center0With_background20num43.dat L-BFGS-B     1.0e-04 0 0 1 0     NFW      360.0000  -0.0005     -1.919 0.000   0   2.20   72.5       -747.0701        -1484.39    14 360.0000  -0.0005     -1.935 0.000   0   2.20    0.006
2018-05-05-19:07:18 1.11  Mocks_Em/MockNFW80ellip5loga2.08PA50center0With_background20num44.dat L-BFGS-B     1.0e-04 0 0 1 0     NFW      359.9999  -0.0006     -1.911 0.000   0   2.20   75.3       -776.7681       -1543.786    21 359.9999  -0.0006     -1.908 0.000   0   2.20    0.008
2018-05-05-19:07:18 1.11  Mocks_Em/MockNFW80ellip5loga2.08PA50center0With_background20num45.dat L-BFGS-B     1.0e-04 0 0 1 0     NFW        0.0005   0.0013     -1.906 0.000   0   2.22   79.3       -813.2873       -1616.824    14   0.0005   0.0013     -1.926 0.000   0   2.21    0.006
2018-05-05-19:07:18 1.11  Mocks_Em/MockNFW80ellip5loga2.08PA50center0With_background20num46.dat L-BFGS-B     1.0e-04 0 0 1 0     NFW        0.0012   0.0001     -1.951 0.000   0   2.21   70.5       -834.3927       -1659.035    21   0.0012   0.0001     -1.959 0.000   0   2.21    0.008
2018-05-05-19:07:18 1.11  Mocks_Em/MockNFW80ellip5loga2.08PA50center0With_background20num47.dat L-BFGS-B     1.0e-04 0 0 1 0     NFW      359.9998   0.0001     -1.920 0.000   0   2.22   74.8       -772.8213       -1535.892    14 359.9998   0.0001     -1.925 0.000   0   2.21    0.006
2018-05-05-19:07:18 1.11  Mocks_Em/MockNFW80ellip5loga2.08PA50center0With_background20num48.dat L-BFGS-B     1.0e-04 0 0 1 0     NFW        0.0002  -0.0002     -1.913 0.000   0   2.22   75.5       -770.6491       -1531.548    14   0.0002  -0.0002     -1.903 0.000   0   2.20    0.006
2018-05-05-19:07:18 1.11  Mocks_Em/MockNFW80ellip5loga2.08PA50center0With_background20num49.dat L-BFGS-B     1.0e-04 0 0 1 0     NFW      359.9993  -0.0003     -1.918 0.000   0   2.22   75.5       -778.4939       -1547.237    14 359.9993  -0.0003     -1.918 0.000   0   2.22    0.006
2018-05-05-19:07:18 1.11  Mocks_Em/MockNFW80ellip5loga2.08PA50center0With_background20num50.dat L-BFGS-B     1.0e-04 0 0 1 0     NFW      359.9998  -0.0002     -2.239 0.000   0   2.24   36.2       -832.4762       -1655.202    35 359.9998  -0.0002     -1.986 0.000   0   2.24    0.014
2018-05-05-19:07:18 1.11  Mocks_Em/MockNFW80ellip5loga2.08PA50center0With_background20num51.dat L-BFGS-B     1.0e-04 0 0 1 0     NFW      359.9991  -0.0010     -1.901 0.000   0   2.23   82.3       -839.6323       -1669.514   140 359.9991  -0.0010     -1.933 0.000   0   2.22    0.053
2018-05-05-19:07:18 1.11  Mocks_Em/MockNFW80ellip5loga2.08PA50center0With_background20num52.dat L-BFGS-B     1.0e-04 0 0 1 0     NFW        0.0004   0.0007     -1.904 0.000   0   2.24   83.1       -850.1752         -1690.6    14   0.0004   0.0007     -1.925 0.000   0   2.23    0.006
2018-05-05-19:07:18 1.11  Mocks_Em/MockNFW80ellip5loga2.08PA50center0With_background20num53.dat L-BFGS-B     1.0e-04 0 0 1 0     NFW        0.0001  -0.0005     -1.922 0.000   0   2.15   61.9       -636.7539       -1263.757    14   0.0001  -0.0005     -1.850 0.000   0   2.14    0.005
2018-05-05-19:07:18 1.11  Mocks_Em/MockNFW80ellip5loga2.08PA50center0With_background20num54.dat L-BFGS-B     1.0e-04 0 0 1 0     NFW        0.0000   0.0004     -1.917 0.000   0   2.19   71.0       -730.4053        -1451.06    14   0.0000   0.0004     -1.903 0.000   0   2.19    0.006
2018-05-05-19:07:18 1.11  Mocks_Em/MockNFW80ellip5loga2.08PA50center0With_background20num55.dat L-BFGS-B     1.0e-04 0 0 1 0     NFW      360.0000   0.0004     -1.923 0.000   0   2.22   73.3        -757.326       -1504.902    14 360.0000   0.0004     -1.915 0.000   0   2.21    0.006
2018-05-05-19:07:18 1.11  Mocks_Em/MockNFW80ellip5loga2.08PA50center0With_background20num56.dat L-BFGS-B     1.0e-04 0 0 1 0     NFW      359.9996  -0.0003     -1.909 0.000   0   2.21   74.0       -750.7081       -1491.666    14 359.9996  -0.0003     -1.898 0.000   0   2.19    0.006
2018-05-05-19:07:18 1.11  Mocks_Em/MockNFW80ellip5loga2.08PA50center0With_background20num57.dat L-BFGS-B     1.0e-04 0 0 1 0     NFW      360.0000  -0.0008     -1.910 0.000   0   2.22   78.6       -806.2047       -1602.659    14 360.0000  -0.0008     -1.921 0.000   0   2.21    0.006
2018-05-05-19:07:18 1.11  Mocks_Em/MockNFW80ellip5loga2.08PA50center0With_background20num58.dat L-BFGS-B     1.0e-04 0 0 1 0     NFW        0.0015   0.0001     -1.981 0.000   0   2.19   64.4       -846.7401        -1683.73    21   0.0015   0.0001     -1.958 0.000   0   2.19    0.008
2018-05-05-19:07:18 1.11  Mocks_Em/MockNFW80ellip5loga2.08PA50center0With_background20num59.dat L-BFGS-B     1.0e-04 0 0 1 0     NFW      359.9989  -0.0001     -1.905 0.000   0   2.23   80.8       -819.8078       -1629.865    14 359.9989  -0.0001     -1.905 0.000   0   2.22    0.006
2018-05-05-19:07:18 1.11  Mocks_Em/MockNFW80ellip5loga2.08PA50center0With_background20num60.dat L-BFGS-B     1.0e-04 0 0 1 0     NFW        0.0009   0.0003     -2.029 0.000   0   2.21   57.9       -844.9452        -1680.14    21   0.0009   0.0003     -1.987 0.000   0   2.21    0.008
2018-05-05-19:07:18 1.11  Mocks_Em/MockNFW80ellip5loga2.08PA50center0With_background20num61.dat L-BFGS-B     1.0e-04 0 0 1 0     NFW        0.0011   0.0004     -1.984 0.000   0   2.18   60.5       -782.0727       -1554.395    21   0.0011   0.0004     -1.958 0.000   0   2.18    0.008
2018-05-05-19:07:18 1.11  Mocks_Em/MockNFW80ellip5loga2.08PA50center0With_background20num62.dat L-BFGS-B     1.0e-04 0 0 1 0     NFW      359.9997   0.0015     -1.893 0.000   0   4.35   71.1       -858.7278       -1707.705   112 359.9997   0.0015     -1.929 0.000   0   2.21    0.042
2018-05-05-19:07:18 1.11  Mocks_Em/MockNFW80ellip5loga2.08PA50center0With_background20num63.dat L-BFGS-B     1.0e-04 0 0 1 0     NFW      359.9992   0.0001     -1.903 0.000   0   2.21   77.8       -793.4481       -1577.146    14 359.9992   0.0001     -1.899 0.000   0   2.20    0.006
2018-05-05-19:07:18 1.11  Mocks_Em/MockNFW80ellip5loga2.08PA50center0With_background20num64.dat L-BFGS-B     1.0e-04 0 0 1 0     NFW      359.9993  -0.0001     -2.023 0.000   0   2.21   57.4       -796.9248       -1584.099    28 359.9993  -0.0001     -1.915 0.000   0   2.21    0.011
2018-05-05-19:07:18 1.11  Mocks_Em/MockNFW80ellip5loga2.08PA50center0With_background20num65.dat L-BFGS-B     1.0e-04 0 0 1 0     NFW      359.9996  -0.0008     -1.962 0.000   0   2.18   64.9       -788.9348       -1568.119    21 359.9996  -0.0008     -1.961 0.000   0   2.18    0.008
2018-05-05-19:07:18 1.11  Mocks_Em/MockNFW80ellip5loga2.08PA50center0With_background20num66.dat L-BFGS-B     1.0e-04 0 0 1 0     NFW        0.0013  -0.0001     -2.017 0.000   0   2.21   59.6       -838.2358       -1666.721    21   0.0013  -0.0001     -1.989 0.000   0   2.21    0.008
2018-05-05-19:07:18 1.11  Mocks_Em/MockNFW80ellip5loga2.08PA50center0With_background20num67.dat L-BFGS-B     1.0e-04 0 0 1 0     NFW      359.9998   0.0013     -2.054 0.000   0   2.20   53.5        -823.411       -1637.072    28 359.9998   0.0013     -1.958 0.000   0   2.20    0.011
2018-05-05-19:07:18 1.11  Mocks_Em/MockNFW80ellip5loga2.08PA50center0With_background20num68.dat L-BFGS-B     1.0e-04 0 0 1 0     NFW      359.9996   0.0003     -1.940 0.000   0   2.20   69.3       -777.2429       -1544.735    21 359.9996   0.0003     -1.898 0.000   0   2.20    0.008
2018-05-05-19:07:18 1.11  Mocks_Em/MockNFW80ellip5loga2.08PA50center0With_background20num69.dat L-BFGS-B     1.0e-04 0 0 1 0     NFW      359.9998   0.0003     -2.142 0.000   0   2.21   41.4       -752.3056       -1494.861    28 359.9998   0.0003     -1.993 0.000   0   2.21    0.011
2018-05-05-19:07:18 1.11  Mocks_Em/MockNFW80ellip5loga2.08PA50center0With_background20num70.dat L-BFGS-B     1.0e-04 0 0 1 0     NFW        0.0003  -0.0002     -1.914 0.000   0   2.17   70.3        -724.057       -1438.364    14   0.0003  -0.0002     -1.905 0.000   0   2.17    0.006
2018-05-05-19:07:18 1.11  Mocks_Em/MockNFW80ellip5loga2.08PA50center0With_background20num71.dat L-BFGS-B     1.0e-04 0 0 1 0     NFW      359.9993  -0.0001     -2.161 0.000   0   2.24   43.8       -849.0173       -1688.284    28 359.9993  -0.0001     -1.965 0.000   0   2.24    0.011
2018-05-05-19:07:18 1.11  Mocks_Em/MockNFW80ellip5loga2.08PA50center0With_background20num72.dat L-BFGS-B     1.0e-04 0 0 1 0     NFW      359.9998  -0.0004     -1.923 0.000   0   2.24   77.1       -796.5121       -1583.274    14 359.9998  -0.0004     -1.921 0.000   0   2.23    0.006
2018-05-05-19:07:18 1.11  Mocks_Em/MockNFW80ellip5loga2.08PA50center0With_background20num73.dat L-BFGS-B     1.0e-04 0 0 1 0     NFW      359.9988  -0.0004     -1.897 0.000   0   2.22   83.1       -842.0724       -1674.394   140 359.9988  -0.0004     -1.930 0.000   0   2.21    0.053
2018-05-05-19:07:18 1.11  Mocks_Em/MockNFW80ellip5loga2.08PA50center0With_background20num74.dat L-BFGS-B     1.0e-04 0 0 1 0     NFW      359.9991   0.0001     -2.151 0.000   0   2.20   41.5       -805.2332       -1600.716    35 359.9991   0.0001     -1.963 0.000   0   2.20    0.014
2018-05-05-19:07:18 1.11  Mocks_Em/MockNFW80ellip5loga2.08PA50center0With_background20num75.dat L-BFGS-B     1.0e-04 0 0 1 0     NFW      359.9996   0.0011     -1.922 0.000   0   2.26   79.3       -814.6682       -1619.586   140 359.9996   0.0011     -1.941 0.000   0   2.24    0.053
2018-05-05-19:07:18 1.11  Mocks_Em/MockNFW80ellip5loga2.08PA50center0With_background20num76.dat L-BFGS-B     1.0e-04 0 0 1 0     NFW      359.9996  -0.0005     -1.958 0.000   0   2.21   68.0       -794.9386       -1580.127    21 359.9996  -0.0005     -1.947 0.000   0   2.21    0.008
2018-05-05-19:07:18 1.11  Mocks_Em/MockNFW80ellip5loga2.08PA50center0With_background20num77.dat L-BFGS-B     1.0e-04 0 0 1 0     NFW      359.9996  -0.0005     -1.916 0.000   0   2.24   79.3       -817.6941       -1625.638    14 359.9996  -0.0005     -1.953 0.000   0   2.23    0.006
2018-05-05-19:07:18 1.11  Mocks_Em/MockNFW80ellip5loga2.08PA50center0With_background20num78.dat L-BFGS-B     1.0e-04 0 0 1 0     NFW      359.9999   0.0001     -1.928 0.000   0   2.24   74.0       -762.0742       -1514.398    14 359.9999   0.0001     -1.936 0.000   0   2.23    0.006
2018-05-05-19:07:18 1.11  Mocks_Em/MockNFW80ellip5loga2.08PA50center0With_background20num79.dat L-BFGS-B     1.0e-04 0 0 1 0     NFW        0.0003   0.0008     -2.060 0.000   0   2.18   49.8        -777.722       -1545.694    28   0.0003   0.0008     -1.946 0.000   0   2.18    0.012
2018-05-05-19:07:18 1.11  Mocks_Em/MockNFW80ellip5loga2.08PA50center0With_background20num80.dat L-BFGS-B     1.0e-04 0 0 1 0     NFW        0.0004   0.0005     -2.145 0.000   0   2.21   41.6         -766.22        -1522.69    35   0.0004   0.0005     -1.966 0.000   0   2.21    0.013
2018-05-05-19:07:18 1.11  Mocks_Em/MockNFW80ellip5loga2.08PA50center0With_background20num81.dat L-BFGS-B     1.0e-04 0 0 1 0     NFW      359.9997  -0.0003     -1.920 0.000   0   2.24   77.1       -792.2761       -1574.802    14 359.9997  -0.0003     -1.930 0.000   0   2.23    0.006
2018-05-05-19:07:18 1.11  Mocks_Em/MockNFW80ellip5loga2.08PA50center0With_background20num82.dat L-BFGS-B     1.0e-04 0 0 1 0     NFW      359.9993  -0.0002     -2.287 0.000   0   2.21   31.1       -800.4598       -1591.169    35 359.9993  -0.0002     -1.981 0.000   0   2.21    0.014
2018-05-05-19:07:18 1.11  Mocks_Em/MockNFW80ellip5loga2.08PA50center0With_background20num83.dat L-BFGS-B     1.0e-04 0 0 1 0     NFW      359.9999   0.0006     -1.923 0.000   0   2.23   74.8       -771.7392       -1533.728    14 359.9999   0.0006     -1.935 0.000   0   2.22    0.006
2018-05-05-19:07:18 1.11  Mocks_Em/MockNFW80ellip5loga2.08PA50center0With_background20num84.dat L-BFGS-B     1.0e-04 0 0 1 0     NFW        0.0007  -0.0005     -1.909 0.000   0   2.19   74.8       -768.4746       -1527.199    14   0.0007  -0.0005     -1.924 0.000   0   2.19    0.006
2018-05-05-19:07:18 1.11  Mocks_Em/MockNFW80ellip5loga2.08PA50center0With_background20num85.dat L-BFGS-B     1.0e-04 0 0 1 0     NFW        0.0006  -0.0005     -1.908 0.000   0   2.22   78.6       -801.5487       -1593.347    14   0.0006  -0.0005     -1.903 0.000   0   2.21    0.006
2018-05-05-19:07:18 1.11  Mocks_Em/MockNFW80ellip5loga2.08PA50center0With_background20num86.dat L-BFGS-B     1.0e-04 0 0 1 0     NFW        0.0004  -0.0017     -1.912 0.000   0   4.06   76.8       -854.4464       -1699.142    91   0.0004  -0.0017     -1.964 0.000   0   2.24    0.035
2018-05-05-19:07:18 1.11  Mocks_Em/MockNFW80ellip5loga2.08PA50center0With_background20num87.dat L-BFGS-B     1.0e-04 0 0 1 0     NFW        0.0006  -0.0003     -1.903 0.000   0   2.19   76.3       -779.7298       -1549.709    14   0.0006  -0.0003     -1.930 0.000   0   2.19    0.006
2018-05-05-19:07:18 1.11  Mocks_Em/MockNFW80ellip5loga2.08PA50center0With_background20num88.dat L-BFGS-B     1.0e-04 0 0 1 0     NFW        0.0005   0.0004     -2.140 0.000   0   2.21   43.6       -808.8152        -1607.88    35   0.0005   0.0004     -1.958 0.000   0   2.22    0.014
2018-05-05-19:07:18 1.11  Mocks_Em/MockNFW80ellip5loga2.08PA50center0With_background20num89.dat L-BFGS-B     1.0e-04 0 0 1 0     NFW      360.0000  -0.0000     -1.920 0.000   0   2.20   71.0       -732.1074       -1454.464    14 360.0000  -0.0000     -1.932 0.000   0   2.19    0.006
2018-05-05-19:07:18 1.11  Mocks_Em/MockNFW80ellip5loga2.08PA50center0With_background20num90.dat L-BFGS-B     1.0e-04 0 0 1 0     NFW        0.0013   0.0009     -1.881 0.000   0   2.21   85.4       -855.4225       -1701.095   154   0.0013   0.0009     -1.908 0.000   0   2.19    0.059
2018-05-05-19:07:18 1.11  Mocks_Em/MockNFW80ellip5loga2.08PA50center0With_background20num91.dat L-BFGS-B     1.0e-04 0 0 1 0     NFW        0.0002  -0.0004     -1.917 0.000   0   2.22   75.5       -779.5932       -1549.436    14   0.0002  -0.0004     -1.938 0.000   0   2.21    0.006
2018-05-05-19:07:18 1.11  Mocks_Em/MockNFW80ellip5loga2.08PA50center0With_background20num92.dat L-BFGS-B     1.0e-04 0 0 1 0     NFW      359.9988   0.0002     -1.897 0.000   0   2.19   77.8       -792.2336       -1574.717    14 359.9988   0.0002     -1.902 0.000   0   2.19    0.006
2018-05-05-19:07:18 1.11  Mocks_Em/MockNFW80ellip5loga2.08PA50center0With_background20num93.dat L-BFGS-B     1.0e-04 0 0 1 0     NFW      359.9998  -0.0003     -1.925 0.000   0   2.22   72.5        -746.919       -1484.088   140 359.9998  -0.0003     -1.962 0.000   0   2.21    0.054
2018-05-05-19:07:18 1.11  Mocks_Em/MockNFW80ellip5loga2.08PA50center0With_background20num94.dat L-BFGS-B     1.0e-04 0 0 1 0     NFW        0.0004   0.0001     -1.985 0.000   0   2.21   62.5        -782.285        -1554.82    21   0.0004   0.0001     -1.964 0.000   0   2.21    0.008
2018-05-05-19:07:18 1.11  Mocks_Em/MockNFW80ellip5loga2.08PA50center0With_background20num95.dat L-BFGS-B     1.0e-04 0 0 1 0     NFW        0.0001  -0.0009     -1.904 0.000   0   2.18   73.3       -745.0974       -1480.444    14   0.0001  -0.0009     -1.890 0.000   0   2.17    0.006
2018-05-05-19:07:18 1.11  Mocks_Em/MockNFW80ellip5loga2.08PA50center0With_background20num96.dat L-BFGS-B     1.0e-04 0 0 1 0     NFW        0.0007   0.0006     -1.897 0.000   0   2.20   80.1       -817.1509       -1624.551    14   0.0007   0.0006     -1.942 0.000   0   2.20    0.006
2018-05-05-19:07:18 1.11  Mocks_Em/MockNFW80ellip5loga2.08PA50center0With_background20num97.dat L-BFGS-B     1.0e-04 0 0 1 0     NFW        0.0006  -0.0003     -1.905 0.000   0   2.23   82.3       -839.7311       -1669.712   140   0.0006  -0.0003     -1.946 0.000   0   2.23    0.059
2018-05-05-19:07:18 1.11  Mocks_Em/MockNFW80ellip5loga2.08PA50center0With_background20num98.dat L-BFGS-B     1.0e-04 0 0 1 0     NFW        0.0007   0.0007     -2.069 0.000   0   2.23   51.7       -787.6847       -1565.619    28   0.0007   0.0007     -1.935 0.000   0   2.23    0.011
2018-05-05-19:07:18 1.11  Mocks_Em/MockNFW80ellip5loga2.08PA50center0With_background20num99.dat L-BFGS-B     1.0e-04 0 0 1 0     NFW      359.9999   0.0000     -1.950 0.000   0   2.22   70.2       -790.0363       -1570.322    21 359.9999   0.0000     -1.926 0.000   0   2.22    0.009
