2018-05-05-19:06:52 1.11  Mocks_Em/MockNFW80ellip5loga2.08PA50center0With_background20num0.dat TNC          1.0e-04 0 0 1 0     NFW      359.9992  -0.0007     -2.125 0.000   0   2.19   43.7       -802.8857       -1596.021    22 359.9992  -0.0007     -1.963 0.000   0   2.19    0.114
2018-05-05-19:06:52 1.11  Mocks_Em/MockNFW80ellip5loga2.08PA50center0With_background20num1.dat TNC          1.0e-04 0 0 1 0     NFW        0.0011   0.0004     -2.510 0.000   0   5.00    4.1       -750.3522       -1490.954    70   0.0011   0.0004     -1.927 0.000   0   2.17    0.228
2018-05-05-19:06:52 1.11  Mocks_Em/MockNFW80ellip5loga2.08PA50center0With_background20num2.dat TNC          1.0e-04 0 0 1 0     NFW      359.9988   0.0001     -2.164 0.000   0   4.93   15.4       -789.2435       -1568.737    87 359.9988   0.0001     -1.909 0.000   0   2.21    0.260
2018-05-05-19:06:52 1.11  Mocks_Em/MockNFW80ellip5loga2.08PA50center0With_background20num3.dat TNC          1.0e-04 0 0 1 0     NFW        0.0004  -0.0005     -2.790 0.000   0   5.05    1.3       -738.1612       -1466.572    98   0.0004  -0.0005     -1.884 0.000   0   2.17    0.292
2018-05-05-19:06:52 1.11  Mocks_Em/MockNFW80ellip5loga2.08PA50center0With_background20num4.dat TNC          1.0e-04 0 0 1 0     NFW        0.0011   0.0005     -1.895 0.000   0  -0.80   80.9       -823.8003        -1637.85     5   0.0011   0.0005     -1.978 0.000   0   2.20    0.018
2018-05-05-19:06:52 1.11  Mocks_Em/MockNFW80ellip5loga2.08PA50center0With_background20num5.dat TNC          1.0e-04 0 0 1 0     NFW        0.0005   0.0001     -1.964 0.000   0   2.11   72.3       -864.3543       -1718.958    23   0.0005   0.0001     -2.001 0.000   0   2.24    0.074
2018-05-05-19:06:52 1.11  Mocks_Em/MockNFW80ellip5loga2.08PA50center0With_background20num6.dat TNC          1.0e-04 0 0 1 0     NFW      359.9995   0.0001     -2.640 0.000   0   4.99    4.2       -751.2586       -1492.767    89 359.9995   0.0001     -1.908 0.000   0   2.19    0.272
2018-05-05-19:06:52 1.11  Mocks_Em/MockNFW80ellip5loga2.08PA50center0With_background20num7.dat TNC          1.0e-04 0 0 1 0     NFW        0.0002   0.0007     -1.905 0.000   0   4.29   66.8       -795.3079       -1580.865    29   0.0002   0.0007     -1.913 0.000   0   2.20    0.095
2018-05-05-19:06:52 1.11  Mocks_Em/MockNFW80ellip5loga2.08PA50center0With_background20num8.dat TNC          1.0e-04 0 0 1 0     NFW        0.0004   0.0004     -2.188 0.000   0  -0.38   37.6       -774.4322       -1539.114    83   0.0004   0.0004     -1.965 0.000   0   2.20    0.249
2018-05-05-19:06:52 1.11  Mocks_Em/MockNFW80ellip5loga2.08PA50center0With_background20num9.dat TNC          1.0e-04 0 0 1 0     NFW      359.9995  -0.0001     -2.755 0.000   0   5.11    1.2        -816.511       -1623.272   163 359.9995  -0.0001     -1.893 0.000   0   2.22    0.487
2018-05-05-19:06:52 1.11  Mocks_Em/MockNFW80ellip5loga2.08PA50center0With_background20num10.dat TNC          1.0e-04 0 0 1 0     NFW      359.9993  -0.0003     -2.282 0.000   0   4.92   13.9       -837.0127       -1664.275    95 359.9993  -0.0003     -1.968 0.000   0   2.23    0.285
2018-05-05-19:06:52 1.11  Mocks_Em/MockNFW80ellip5loga2.08PA50center0With_background20num11.dat TNC          1.0e-04 0 0 1 0     NFW        0.0006   0.0000     -2.456 0.000   0   4.96    7.8       -807.8753           -1606    95   0.0006   0.0000     -1.957 0.000   0   2.21    0.285
2018-05-05-19:06:52 1.11  Mocks_Em/MockNFW80ellip5loga2.08PA50center0With_background20num12.dat TNC          1.0e-04 0 0 1 0     NFW      359.9989  -0.0008     -2.054 0.000   0  -0.43   53.4       -841.8276       -1673.905   117 359.9989  -0.0008     -1.971 0.000   0   2.19    0.349
2018-05-05-19:06:52 1.11  Mocks_Em/MockNFW80ellip5loga2.08PA50center0With_background20num13.dat TNC          1.0e-04 0 0 1 0     NFW        0.0000  -0.0009     -1.995 0.000   0   4.62   42.0       -782.8437       -1555.937    82   0.0000  -0.0009     -1.936 0.000   0   2.20    0.244
2018-05-05-19:06:52 1.11  Mocks_Em/MockNFW80ellip5loga2.08PA50center0With_background20num14.dat TNC          1.0e-04 0 0 1 0     NFW        0.0004   0.0006     -1.908 0.000   0   3.77   72.3       -775.6332       -1541.516    25   0.0004   0.0006     -1.949 0.000   0   2.19    0.077
2018-05-05-19:06:52 1.11  Mocks_Em/MockNFW80ellip5loga2.08PA50center0With_background20num15.dat TNC          1.0e-04 0 0 1 0     NFW      359.9997   0.0006     -1.987 0.000   0   3.69   61.8       -816.5122       -1623.274    85 359.9997   0.0006     -1.957 0.000   0   2.21    0.256
2018-05-05-19:06:52 1.11  Mocks_Em/MockNFW80ellip5loga2.08PA50center0With_background20num16.dat TNC          1.0e-04 0 0 1 0     NFW        0.0008  -0.0007     -2.154 0.000   0   5.10    2.3       -800.6564       -1591.562    55   0.0008  -0.0007     -1.900 0.000   0   2.19    0.232
2018-05-05-19:06:52 1.11  Mocks_Em/MockNFW80ellip5loga2.08PA50center0With_background20num17.dat TNC          1.0e-04 0 0 1 0     NFW      359.9987  -0.0004     -2.428 0.000   0   5.10    1.7        -866.778       -1723.806    85 359.9987  -0.0004     -1.895 0.000   0   2.20    0.362
2018-05-05-19:06:52 1.11  Mocks_Em/MockNFW80ellip5loga2.08PA50center0With_background20num18.dat TNC          1.0e-04 0 0 1 0     NFW      359.9992   0.0010     -1.896 0.000   0   4.73   51.7       -851.0148       -1692.279    34 359.9992   0.0010     -1.926 0.000   0   2.21    0.147
2018-05-05-19:06:52 1.11  Mocks_Em/MockNFW80ellip5loga2.08PA50center0With_background20num19.dat TNC          1.0e-04 0 0 1 0     NFW        0.0010   0.0013     -2.408 0.000   0   4.75   15.4       -887.0745       -1764.399    68   0.0010   0.0013     -1.987 0.000   0   2.20    0.291
2018-05-05-19:06:52 1.11  Mocks_Em/MockNFW80ellip5loga2.08PA50center0With_background20num20.dat TNC          1.0e-04 0 0 1 0     NFW      359.9998   0.0004     -2.282 0.000   0   4.89   12.7       -761.7978       -1513.845    70 359.9998   0.0004     -1.909 0.000   0   2.19    0.295
2018-05-05-19:06:52 1.11  Mocks_Em/MockNFW80ellip5loga2.08PA50center0With_background20num21.dat TNC          1.0e-04 0 0 1 0     NFW        0.0010   0.0007     -2.051 0.000   0   4.36   49.6       -915.9536       -1822.157    99   0.0010   0.0007     -1.971 0.000   0   2.23    0.422
2018-05-05-19:06:52 1.11  Mocks_Em/MockNFW80ellip5loga2.08PA50center0With_background20num22.dat TNC          1.0e-04 0 0 1 0     NFW      359.9994   0.0004     -2.831 0.000   0   4.97    4.2        -793.338       -1576.926    93 359.9994   0.0004     -1.930 0.000   0   2.22    0.277
2018-05-05-19:06:52 1.11  Mocks_Em/MockNFW80ellip5loga2.08PA50center0With_background20num23.dat TNC          1.0e-04 0 0 1 0     NFW      359.9992  -0.0012     -2.482 0.000   0   5.00    5.9       -824.9416       -1640.133   114 359.9992  -0.0012     -1.933 0.000   0   2.20    0.345
2018-05-05-19:06:52 1.11  Mocks_Em/MockNFW80ellip5loga2.08PA50center0With_background20num24.dat TNC          1.0e-04 0 0 1 0     NFW      359.9991   0.0006     -2.211 0.000   0   5.03    7.4       -785.0174       -1560.284    55 359.9991   0.0006     -1.930 0.000   0   2.20    0.165
2018-05-05-19:06:52 1.11  Mocks_Em/MockNFW80ellip5loga2.08PA50center0With_background20num25.dat TNC          1.0e-04 0 0 1 0     NFW      359.9995   0.0010     -1.896 0.000   0   4.63   54.5       -811.7906       -1613.831    35 359.9995   0.0010     -1.930 0.000   0   2.20    0.107
2018-05-05-19:06:52 1.11  Mocks_Em/MockNFW80ellip5loga2.08PA50center0With_background20num26.dat TNC          1.0e-04 0 0 1 0     NFW        0.0004  -0.0013     -1.939 0.000   0   2.20   71.3       -812.0829       -1614.415    70   0.0004  -0.0013     -1.978 0.000   0   2.20    0.219
2018-05-05-19:06:52 1.11  Mocks_Em/MockNFW80ellip5loga2.08PA50center0With_background20num27.dat TNC          1.0e-04 0 0 1 0     NFW        0.0005   0.0002     -2.025 0.000   0   1.92   55.4       -767.7891       -1525.828   104   0.0005   0.0002     -1.962 0.000   0   2.20    0.314
2018-05-05-19:06:52 1.11  Mocks_Em/MockNFW80ellip5loga2.08PA50center0With_background20num28.dat TNC          1.0e-04 0 0 1 0     NFW        0.0001  -0.0007     -1.923 0.000   0  -0.85   64.3       -665.8139       -1321.877     4   0.0001  -0.0007     -1.894 0.000   0   2.15    0.015
2018-05-05-19:06:52 1.11  Mocks_Em/MockNFW80ellip5loga2.08PA50center0With_background20num29.dat TNC          1.0e-04 0 0 1 0     NFW      360.0000   0.0000     -2.307 0.000   0   5.05    5.8       -763.9626       -1518.175    49 360.0000   0.0000     -1.912 0.000   0   2.22    0.147
2018-05-05-19:06:52 1.11  Mocks_Em/MockNFW80ellip5loga2.08PA50center0With_background20num30.dat TNC          1.0e-04 0 0 1 0     NFW      360.0000  -0.0005     -2.562 0.000   0   5.06    4.9       -863.5088       -1717.267    97 360.0000  -0.0005     -1.970 0.000   0   2.24    0.292
2018-05-05-19:06:52 1.11  Mocks_Em/MockNFW80ellip5loga2.08PA50center0With_background20num31.dat TNC          1.0e-04 0 0 1 0     NFW      359.9999   0.0003     -3.287 0.000   0   5.18   -0.8       -753.9319       -1498.113   105 359.9999   0.0003     -1.909 0.000   0   2.21    0.311
2018-05-05-19:06:52 1.11  Mocks_Em/MockNFW80ellip5loga2.08PA50center0With_background20num32.dat TNC          1.0e-04 0 0 1 0     NFW        0.0010   0.0008     -2.524 0.000   0   4.88    8.4       -793.9389       -1578.127    98   0.0010   0.0008     -1.939 0.000   0   2.19    0.297
2018-05-05-19:06:52 1.11  Mocks_Em/MockNFW80ellip5loga2.08PA50center0With_background20num33.dat TNC          1.0e-04 0 0 1 0     NFW      359.9995  -0.0001     -2.341 0.000   0   4.64   16.0       -706.3563       -1402.962    92 359.9995  -0.0001     -1.917 0.000   0   2.16    0.279
2018-05-05-19:06:52 1.11  Mocks_Em/MockNFW80ellip5loga2.08PA50center0With_background20num34.dat TNC          1.0e-04 0 0 1 0     NFW      359.9975  -0.0006     -1.873 0.000   0   3.83   83.2       -879.2839       -1748.817    43 359.9975  -0.0006     -1.950 0.000   0   2.19    0.133
2018-05-05-19:06:52 1.11  Mocks_Em/MockNFW80ellip5loga2.08PA50center0With_background20num35.dat TNC          1.0e-04 0 0 1 0     NFW      359.9997  -0.0001     -1.924 0.000   0  -0.74   82.4       -853.5736       -1697.397    12 359.9997  -0.0001     -2.000 0.000   0   2.26    0.039
2018-05-05-19:06:52 1.11  Mocks_Em/MockNFW80ellip5loga2.08PA50center0With_background20num36.dat TNC          1.0e-04 0 0 1 0     NFW      359.9998   0.0008     -2.286 0.000   0   5.06    2.6       -751.7556       -1493.761    57 359.9998   0.0008     -1.885 0.000   0   2.17    0.170
2018-05-05-19:06:52 1.11  Mocks_Em/MockNFW80ellip5loga2.08PA50center0With_background20num37.dat TNC          1.0e-04 0 0 1 0     NFW        0.0004  -0.0005     -2.033 0.000   0   2.20   57.1       -819.4657       -1629.181    27   0.0004  -0.0005     -1.950 0.000   0   2.22    0.083
2018-05-05-19:06:52 1.11  Mocks_Em/MockNFW80ellip5loga2.08PA50center0With_background20num38.dat TNC          1.0e-04 0 0 1 0     NFW      359.9999   0.0003     -2.512 0.000   0   5.03    5.9       -822.0835       -1634.417   119 359.9999   0.0003     -1.941 0.000   0   2.24    0.354
2018-05-05-19:06:52 1.11  Mocks_Em/MockNFW80ellip5loga2.08PA50center0With_background20num39.dat TNC          1.0e-04 0 0 1 0     NFW        0.0007  -0.0005     -1.908 0.000   0   4.49   65.7       -849.6119       -1689.473    34   0.0007  -0.0005     -1.962 0.000   0   2.24    0.105
2018-05-05-19:06:52 1.11  Mocks_Em/MockNFW80ellip5loga2.08PA50center0With_background20num40.dat TNC          1.0e-04 0 0 1 0     NFW        0.0010   0.0005     -1.900 0.000   0   4.89   36.7       -834.8162       -1659.882    35   0.0010   0.0005     -1.933 0.000   0   2.22    0.107
2018-05-05-19:06:52 1.11  Mocks_Em/MockNFW80ellip5loga2.08PA50center0With_background20num41.dat TNC          1.0e-04 0 0 1 0     NFW        0.0002   0.0000     -1.920 0.000   0   4.85   34.6       -744.4398       -1479.129    39   0.0002   0.0000     -1.925 0.000   0   2.20    0.117
2018-05-05-19:06:52 1.11  Mocks_Em/MockNFW80ellip5loga2.08PA50center0With_background20num42.dat TNC          1.0e-04 0 0 1 0     NFW        0.0004   0.0003     -2.271 0.000   0   4.91   12.2       -768.5223       -1527.294   115   0.0004   0.0003     -1.935 0.000   0   2.20    0.341
2018-05-05-19:06:52 1.11  Mocks_Em/MockNFW80ellip5loga2.08PA50center0With_background20num43.dat TNC          1.0e-04 0 0 1 0     NFW      360.0000  -0.0005     -1.919 0.000   0   4.38   59.7       -747.1823       -1484.614    29 360.0000  -0.0005     -1.935 0.000   0   2.20    0.088
2018-05-05-19:06:52 1.11  Mocks_Em/MockNFW80ellip5loga2.08PA50center0With_background20num44.dat TNC          1.0e-04 0 0 1 0     NFW      359.9999  -0.0006     -3.273 0.000   0   5.16   -0.5       -780.8261       -1551.902    60 359.9999  -0.0006     -1.908 0.000   0   2.20    0.180
2018-05-05-19:06:52 1.11  Mocks_Em/MockNFW80ellip5loga2.08PA50center0With_background20num45.dat TNC          1.0e-04 0 0 1 0     NFW        0.0005   0.0013     -2.163 0.000   0   4.83   21.3       -814.0436       -1618.337    49   0.0005   0.0013     -1.926 0.000   0   2.21    0.148
2018-05-05-19:06:52 1.11  Mocks_Em/MockNFW80ellip5loga2.08PA50center0With_background20num46.dat TNC          1.0e-04 0 0 1 0     NFW        0.0012   0.0001     -1.952 0.000   0   2.21   70.4       -834.3927       -1659.035    15   0.0012   0.0001     -1.959 0.000   0   2.21    0.048
2018-05-05-19:06:52 1.11  Mocks_Em/MockNFW80ellip5loga2.08PA50center0With_background20num47.dat TNC          1.0e-04 0 0 1 0     NFW      359.9998   0.0001     -2.574 0.000   0   5.05    3.6       -773.8176       -1537.885    94 359.9998   0.0001     -1.925 0.000   0   2.21    0.281
2018-05-05-19:06:52 1.11  Mocks_Em/MockNFW80ellip5loga2.08PA50center0With_background20num48.dat TNC          1.0e-04 0 0 1 0     NFW        0.0002  -0.0002     -3.095 0.000   0   5.20   -1.6       -774.5436       -1539.337    82   0.0002  -0.0002     -1.903 0.000   0   2.20    0.245
2018-05-05-19:06:52 1.11  Mocks_Em/MockNFW80ellip5loga2.08PA50center0With_background20num49.dat TNC          1.0e-04 0 0 1 0     NFW      359.9993  -0.0003     -2.423 0.000   0   5.03    5.8       -779.2167       -1548.683   123 359.9993  -0.0003     -1.918 0.000   0   2.22    0.366
2018-05-05-19:06:52 1.11  Mocks_Em/MockNFW80ellip5loga2.08PA50center0With_background20num50.dat TNC          1.0e-04 0 0 1 0     NFW      359.9998  -0.0002     -2.242 0.000   0   2.40   35.9       -832.4768       -1655.203    23 359.9998  -0.0002     -1.986 0.000   0   2.24    0.071
2018-05-05-19:06:52 1.11  Mocks_Em/MockNFW80ellip5loga2.08PA50center0With_background20num51.dat TNC          1.0e-04 0 0 1 0     NFW      359.9991  -0.0010     -2.168 0.000   0   4.92   17.1       -840.4022       -1671.054    51 359.9991  -0.0010     -1.933 0.000   0   2.22    0.154
2018-05-05-19:06:52 1.11  Mocks_Em/MockNFW80ellip5loga2.08PA50center0With_background20num52.dat TNC          1.0e-04 0 0 1 0     NFW        0.0004   0.0007     -3.506 0.000   0   5.21   -0.9        -856.855        -1703.96    47   0.0004   0.0007     -1.925 0.000   0   2.23    0.143
2018-05-05-19:06:52 1.11  Mocks_Em/MockNFW80ellip5loga2.08PA50center0With_background20num53.dat TNC          1.0e-04 0 0 1 0     NFW        0.0001  -0.0005     -2.929 0.000   0   5.11   -1.1       -638.9601        -1268.17    89   0.0001  -0.0005     -1.850 0.000   0   2.14    0.270
2018-05-05-19:06:52 1.11  Mocks_Em/MockNFW80ellip5loga2.08PA50center0With_background20num54.dat TNC          1.0e-04 0 0 1 0     NFW        0.0000   0.0004     -2.363 0.000   0   5.00    6.0       -730.9105       -1452.071   103   0.0000   0.0004     -1.903 0.000   0   2.19    0.310
2018-05-05-19:06:52 1.11  Mocks_Em/MockNFW80ellip5loga2.08PA50center0With_background20num55.dat TNC          1.0e-04 0 0 1 0     NFW      360.0000   0.0004     -2.283 0.000   0   4.94   11.6       -757.7545       -1505.759    86 360.0000   0.0004     -1.915 0.000   0   2.21    0.259
2018-05-05-19:06:52 1.11  Mocks_Em/MockNFW80ellip5loga2.08PA50center0With_background20num56.dat TNC          1.0e-04 0 0 1 0     NFW      359.9996  -0.0003     -2.058 0.000   0   5.06    6.2       -753.0774       -1496.404    91 359.9996  -0.0003     -1.898 0.000   0   2.19    0.269
2018-05-05-19:06:52 1.11  Mocks_Em/MockNFW80ellip5loga2.08PA50center0With_background20num57.dat TNC          1.0e-04 0 0 1 0     NFW      360.0000  -0.0008     -1.910 0.000   0   4.39   64.9       -806.3415       -1602.933    38 360.0000  -0.0008     -1.921 0.000   0   2.21    0.116
2018-05-05-19:06:52 1.11  Mocks_Em/MockNFW80ellip5loga2.08PA50center0With_background20num58.dat TNC          1.0e-04 0 0 1 0     NFW        0.0015   0.0001     -1.997 0.000   0   2.02   61.9       -846.7445       -1683.739    47   0.0015   0.0001     -1.958 0.000   0   2.19    0.142
2018-05-05-19:06:52 1.11  Mocks_Em/MockNFW80ellip5loga2.08PA50center0With_background20num59.dat TNC          1.0e-04 0 0 1 0     NFW      359.9989  -0.0001     -2.284 0.000   0   5.13    1.1       -822.2722       -1634.794   154 359.9989  -0.0001     -1.905 0.000   0   2.22    0.457
2018-05-05-19:06:52 1.11  Mocks_Em/MockNFW80ellip5loga2.08PA50center0With_background20num60.dat TNC          1.0e-04 0 0 1 0     NFW        0.0009   0.0003     -2.548 0.000   0   4.93    7.8       -846.1368       -1682.523   110   0.0009   0.0003     -1.987 0.000   0   2.21    0.338
2018-05-05-19:06:52 1.11  Mocks_Em/MockNFW80ellip5loga2.08PA50center0With_background20num61.dat TNC          1.0e-04 0 0 1 0     NFW        0.0011   0.0004     -2.001 0.000   0   2.24   57.9       -782.0764       -1554.402    42   0.0011   0.0004     -1.958 0.000   0   2.18    0.126
2018-05-05-19:06:52 1.11  Mocks_Em/MockNFW80ellip5loga2.08PA50center0With_background20num62.dat TNC          1.0e-04 0 0 1 0     NFW      359.9997   0.0015     -1.893 0.000   0   4.35   71.1       -858.7278       -1707.705    33 359.9997   0.0015     -1.929 0.000   0   2.21    0.103
2018-05-05-19:06:52 1.11  Mocks_Em/MockNFW80ellip5loga2.08PA50center0With_background20num63.dat TNC          1.0e-04 0 0 1 0     NFW      359.9992   0.0001     -2.130 0.000   0   4.89   18.6       -794.3568       -1578.963    40 359.9992   0.0001     -1.899 0.000   0   2.20    0.124
2018-05-05-19:06:52 1.11  Mocks_Em/MockNFW80ellip5loga2.08PA50center0With_background20num64.dat TNC          1.0e-04 0 0 1 0     NFW      359.9993  -0.0001     -2.019 0.000   0   2.16   58.0       -796.9252         -1584.1    80 359.9993  -0.0001     -1.915 0.000   0   2.21    0.244
2018-05-05-19:06:52 1.11  Mocks_Em/MockNFW80ellip5loga2.08PA50center0With_background20num65.dat TNC          1.0e-04 0 0 1 0     NFW      359.9996  -0.0008     -1.962 0.000   0   2.19   64.9       -788.9348       -1568.119    16 359.9996  -0.0008     -1.961 0.000   0   2.18    0.052
2018-05-05-19:06:52 1.11  Mocks_Em/MockNFW80ellip5loga2.08PA50center0With_background20num66.dat TNC          1.0e-04 0 0 1 0     NFW        0.0013  -0.0001     -2.050 0.000   0   3.42   53.8       -838.2466       -1666.743    56   0.0013  -0.0001     -1.989 0.000   0   2.21    0.172
2018-05-05-19:06:52 1.11  Mocks_Em/MockNFW80ellip5loga2.08PA50center0With_background20num67.dat TNC          1.0e-04 0 0 1 0     NFW      359.9998   0.0013     -2.554 0.000   0   4.94    7.1       -824.2372       -1638.724   139 359.9998   0.0013     -1.958 0.000   0   2.20    0.418
2018-05-05-19:06:52 1.11  Mocks_Em/MockNFW80ellip5loga2.08PA50center0With_background20num68.dat TNC          1.0e-04 0 0 1 0     NFW      359.9996   0.0003     -2.794 0.000   0   5.06    1.8       -779.5568       -1549.363   101 359.9996   0.0003     -1.898 0.000   0   2.20    0.301
2018-05-05-19:06:52 1.11  Mocks_Em/MockNFW80ellip5loga2.08PA50center0With_background20num69.dat TNC          1.0e-04 0 0 1 0     NFW      359.9998   0.0003     -2.132 0.000   0   1.54   42.4       -752.3072       -1494.864    48 359.9998   0.0003     -1.993 0.000   0   2.21    0.146
2018-05-05-19:06:52 1.11  Mocks_Em/MockNFW80ellip5loga2.08PA50center0With_background20num70.dat TNC          1.0e-04 0 0 1 0     NFW        0.0003  -0.0002     -1.914 0.000   0  -0.83   70.3       -724.0572       -1438.364     5   0.0003  -0.0002     -1.905 0.000   0   2.17    0.018
2018-05-05-19:06:52 1.11  Mocks_Em/MockNFW80ellip5loga2.08PA50center0With_background20num71.dat TNC          1.0e-04 0 0 1 0     NFW      359.9993  -0.0001     -2.946 0.000   0   5.09    2.2       -851.4457       -1693.141   129 359.9993  -0.0001     -1.965 0.000   0   2.24    0.444
2018-05-05-19:06:52 1.11  Mocks_Em/MockNFW80ellip5loga2.08PA50center0With_background20num72.dat TNC          1.0e-04 0 0 1 0     NFW      359.9998  -0.0004     -2.656 0.000   0   5.11    1.8       -797.8184       -1585.886   108 359.9998  -0.0004     -1.921 0.000   0   2.23    0.319
2018-05-05-19:06:52 1.11  Mocks_Em/MockNFW80ellip5loga2.08PA50center0With_background20num73.dat TNC          1.0e-04 0 0 1 0     NFW      359.9988  -0.0004     -1.930 0.000   0   4.80   41.8       -842.8143       -1675.878    30 359.9988  -0.0004     -1.930 0.000   0   2.21    0.093
2018-05-05-19:06:52 1.11  Mocks_Em/MockNFW80ellip5loga2.08PA50center0With_background20num74.dat TNC          1.0e-04 0 0 1 0     NFW      359.9991   0.0001     -2.448 0.000   0   4.75   13.3       -805.4635       -1601.177   139 359.9991   0.0001     -1.963 0.000   0   2.20    0.419
2018-05-05-19:06:52 1.11  Mocks_Em/MockNFW80ellip5loga2.08PA50center0With_background20num75.dat TNC          1.0e-04 0 0 1 0     NFW      359.9996   0.0011     -2.405 0.000   0   5.14    2.1       -815.9467       -1622.143    57 359.9996   0.0011     -1.941 0.000   0   2.24    0.243
2018-05-05-19:06:52 1.11  Mocks_Em/MockNFW80ellip5loga2.08PA50center0With_background20num76.dat TNC          1.0e-04 0 0 1 0     NFW      359.9996  -0.0005     -2.734 0.000   0   5.07    2.2       -795.6932       -1581.636   149 359.9996  -0.0005     -1.947 0.000   0   2.21    0.449
2018-05-05-19:06:52 1.11  Mocks_Em/MockNFW80ellip5loga2.08PA50center0With_background20num77.dat TNC          1.0e-04 0 0 1 0     NFW      359.9996  -0.0005     -2.141 0.000   0   4.78   26.1       -817.8304        -1625.91    97 359.9996  -0.0005     -1.953 0.000   0   2.23    0.309
2018-05-05-19:06:52 1.11  Mocks_Em/MockNFW80ellip5loga2.08PA50center0With_background20num78.dat TNC          1.0e-04 0 0 1 0     NFW      359.9999   0.0001     -1.928 0.000   0   4.88   34.7       -763.1839       -1516.617    45 359.9999   0.0001     -1.936 0.000   0   2.23    0.144
2018-05-05-19:06:52 1.11  Mocks_Em/MockNFW80ellip5loga2.08PA50center0With_background20num79.dat TNC          1.0e-04 0 0 1 0     NFW        0.0003   0.0008     -2.053 0.000   0   1.64   50.7       -777.7227       -1545.695    55   0.0003   0.0008     -1.946 0.000   0   2.18    0.165
2018-05-05-19:06:52 1.11  Mocks_Em/MockNFW80ellip5loga2.08PA50center0With_background20num80.dat TNC          1.0e-04 0 0 1 0     NFW        0.0004   0.0005     -2.617 0.000   0   4.92    6.7       -766.8974       -1524.044    94   0.0004   0.0005     -1.966 0.000   0   2.21    0.300
2018-05-05-19:06:52 1.11  Mocks_Em/MockNFW80ellip5loga2.08PA50center0With_background20num81.dat TNC          1.0e-04 0 0 1 0     NFW      359.9997  -0.0003     -2.206 0.000   0   4.99   11.9       -792.9839       -1576.217    63 359.9997  -0.0003     -1.930 0.000   0   2.23    0.190
2018-05-05-19:06:52 1.11  Mocks_Em/MockNFW80ellip5loga2.08PA50center0With_background20num82.dat TNC          1.0e-04 0 0 1 0     NFW      359.9993  -0.0002     -2.788 0.000   0   4.92    5.6       -801.1153        -1592.48   110 359.9993  -0.0002     -1.981 0.000   0   2.21    0.359
2018-05-05-19:06:52 1.11  Mocks_Em/MockNFW80ellip5loga2.08PA50center0With_background20num83.dat TNC          1.0e-04 0 0 1 0     NFW      359.9999   0.0006     -2.597 0.000   0   5.11    1.6       -772.6142       -1535.478    66 359.9999   0.0006     -1.935 0.000   0   2.22    0.208
2018-05-05-19:06:52 1.11  Mocks_Em/MockNFW80ellip5loga2.08PA50center0With_background20num84.dat TNC          1.0e-04 0 0 1 0     NFW        0.0007  -0.0005     -2.255 0.000   0   4.84   15.4        -768.675         -1527.6   146   0.0007  -0.0005     -1.924 0.000   0   2.19    0.466
2018-05-05-19:06:52 1.11  Mocks_Em/MockNFW80ellip5loga2.08PA50center0With_background20num85.dat TNC          1.0e-04 0 0 1 0     NFW        0.0006  -0.0005     -2.458 0.000   0   5.10    2.3       -802.9703        -1596.19    93   0.0006  -0.0005     -1.903 0.000   0   2.21    0.281
2018-05-05-19:06:52 1.11  Mocks_Em/MockNFW80ellip5loga2.08PA50center0With_background20num86.dat TNC          1.0e-04 0 0 1 0     NFW        0.0004  -0.0017     -1.912 0.000   0   4.08   76.4       -854.4465       -1699.143    61   0.0004  -0.0017     -1.964 0.000   0   2.24    0.202
2018-05-05-19:06:52 1.11  Mocks_Em/MockNFW80ellip5loga2.08PA50center0With_background20num87.dat TNC          1.0e-04 0 0 1 0     NFW        0.0006  -0.0003     -1.903 0.000   0   3.85   72.2       -779.7405       -1549.731    27   0.0006  -0.0003     -1.930 0.000   0   2.19    0.091
2018-05-05-19:06:52 1.11  Mocks_Em/MockNFW80ellip5loga2.08PA50center0With_background20num88.dat TNC          1.0e-04 0 0 1 0     NFW        0.0005   0.0004     -2.140 0.000   0  -0.78   43.6        -808.814       -1607.878    41   0.0005   0.0004     -1.958 0.000   0   2.22    0.127
2018-05-05-19:06:52 1.11  Mocks_Em/MockNFW80ellip5loga2.08PA50center0With_background20num89.dat TNC          1.0e-04 0 0 1 0     NFW      360.0000  -0.0000     -1.920 0.000   0   4.33   59.6       -732.2015       -1454.653    32 360.0000  -0.0000     -1.932 0.000   0   2.19    0.106
2018-05-05-19:06:52 1.11  Mocks_Em/MockNFW80ellip5loga2.08PA50center0With_background20num90.dat TNC          1.0e-04 0 0 1 0     NFW        0.0013   0.0009     -1.881 0.000   0   4.81   44.1       -856.4654        -1703.18    43   0.0013   0.0009     -1.908 0.000   0   2.19    0.134
2018-05-05-19:06:52 1.11  Mocks_Em/MockNFW80ellip5loga2.08PA50center0With_background20num91.dat TNC          1.0e-04 0 0 1 0     NFW        0.0002  -0.0004     -3.519 0.000   0   5.21   -1.1       -784.0326       -1558.315    81   0.0002  -0.0004     -1.938 0.000   0   2.21    0.272
2018-05-05-19:06:52 1.11  Mocks_Em/MockNFW80ellip5loga2.08PA50center0With_background20num92.dat TNC          1.0e-04 0 0 1 0     NFW      359.9988   0.0002     -2.566 0.000   0   5.05    2.6       -793.0788       -1576.407   114 359.9988   0.0002     -1.902 0.000   0   2.19    0.354
2018-05-05-19:06:52 1.11  Mocks_Em/MockNFW80ellip5loga2.08PA50center0With_background20num93.dat TNC          1.0e-04 0 0 1 0     NFW      359.9998  -0.0003     -1.925 0.000   0   4.75   42.8       -747.5554        -1485.36    35 359.9998  -0.0003     -1.962 0.000   0   2.21    0.116
2018-05-05-19:06:52 1.11  Mocks_Em/MockNFW80ellip5loga2.08PA50center0With_background20num94.dat TNC          1.0e-04 0 0 1 0     NFW        0.0004   0.0001     -1.994 0.000   0   0.31   61.1       -782.2887       -1554.827    62   0.0004   0.0001     -1.964 0.000   0   2.21    0.186
2018-05-05-19:06:52 1.11  Mocks_Em/MockNFW80ellip5loga2.08PA50center0With_background20num95.dat TNC          1.0e-04 0 0 1 0     NFW        0.0001  -0.0009     -2.254 0.000   0   5.00    6.7       -746.0054        -1482.26    70   0.0001  -0.0009     -1.890 0.000   0   2.17    0.208
2018-05-05-19:06:52 1.11  Mocks_Em/MockNFW80ellip5loga2.08PA50center0With_background20num96.dat TNC          1.0e-04 0 0 1 0     NFW        0.0007   0.0006     -2.450 0.000   0   4.97    7.1       -817.8632       -1625.976   220   0.0007   0.0006     -1.942 0.000   0   2.20    0.709
2018-05-05-19:06:52 1.11  Mocks_Em/MockNFW80ellip5loga2.08PA50center0With_background20num97.dat TNC          1.0e-04 0 0 1 0     NFW        0.0006  -0.0003     -1.905 0.000   0   4.61   59.2        -840.055        -1670.36    27   0.0006  -0.0003     -1.946 0.000   0   2.23    0.083
2018-05-05-19:06:52 1.11  Mocks_Em/MockNFW80ellip5loga2.08PA50center0With_background20num98.dat TNC          1.0e-04 0 0 1 0     NFW        0.0007   0.0007     -2.583 0.000   0   4.98    6.4       -788.6998       -1567.649   102   0.0007   0.0007     -1.935 0.000   0   2.23    0.323
2018-05-05-19:06:52 1.11  Mocks_Em/MockNFW80ellip5loga2.08PA50center0With_background20num99.dat TNC          1.0e-04 0 0 1 0     NFW      359.9999   0.0000     -1.959 0.000   0   2.23   68.5       -790.0371       -1570.324   114 359.9999   0.0000     -1.926 0.000   0   2.22    0.338
