2018-05-07-16:54:34 1.11  Mocks_Em/MockNFW1280ellip5loga2.08PA50center0With_background20num0.dat TNC          1.0e-04 1 1 1 1e+04 NFW      359.9999   0.0000     -2.032 0.169  37   3.27  628.1       -9043.219       -18043.27     4 359.9999   0.0000     -2.032 0.169  37   3.27    0.950
2018-05-07-16:54:34 1.11  Mocks_Em/MockNFW1280ellip5loga2.08PA50center0With_background20num1.dat TNC          1.0e-04 1 1 1 1e+04 NFW        0.0003  -0.0001     -2.010 0.228  38   3.25  643.3       -8980.813       -17918.46    11   0.0003  -0.0001     -2.010 0.228  38   3.25    2.316
2018-05-07-16:54:34 1.11  Mocks_Em/MockNFW1280ellip5loga2.08PA50center0With_background20num2.dat TNC          1.0e-04 1 1 1 1e+04 NFW      359.9999   0.0001     -2.015 0.206  39   3.26  639.0       -8898.759       -17754.36     8 359.9999   0.0001     -2.015 0.206  39   3.26    2.089
2018-05-07-16:54:34 1.11  Mocks_Em/MockNFW1280ellip5loga2.08PA50center0With_background20num3.dat TNC          1.0e-04 1 1 1 1e+04 NFW        0.0004  -0.0001     -2.008 0.162  38   3.25  646.1       -8892.259       -17741.36     8   0.0004  -0.0001     -2.008 0.162  38   3.25    2.073
2018-05-07-16:54:34 1.11  Mocks_Em/MockNFW1280ellip5loga2.08PA50center0With_background20num4.dat TNC          1.0e-04 1 1 1 1e+04 NFW        0.0001   0.0000     -1.998 0.206  32   3.25  662.1       -8851.846       -17660.53     4   0.0001   0.0000     -1.998 0.206  32   3.25    0.744
2018-05-07-16:54:34 1.11  Mocks_Em/MockNFW1280ellip5loga2.08PA50center0With_background20num5.dat TNC          1.0e-04 1 1 1 1e+04 NFW        0.0002  -0.0002     -1.989 0.181  44   3.24  666.6        -8746.06       -17448.96     9   0.0002  -0.0002     -1.989 0.181  44   3.24    2.325
2018-05-07-16:54:34 1.11  Mocks_Em/MockNFW1280ellip5loga2.08PA50center0With_background20num6.dat TNC          1.0e-04 1 1 1 1e+04 NFW      360.0000  -0.0001     -2.014 0.212  39   3.25  639.1       -8907.765       -17772.37     6 360.0000  -0.0001     -2.014 0.212  39   3.25    1.592
2018-05-07-16:54:34 1.11  Mocks_Em/MockNFW1280ellip5loga2.08PA50center0With_background20num7.dat TNC          1.0e-04 1 1 1 1e+04 NFW      359.9997   0.0001     -2.014 0.207  39   3.24  623.0       -8811.546       -17579.93    13 359.9997   0.0001     -2.014 0.207  39   3.24    2.952
2018-05-07-16:54:34 1.11  Mocks_Em/MockNFW1280ellip5loga2.08PA50center0With_background20num8.dat TNC          1.0e-04 1 1 1 1e+04 NFW      359.9999   0.0001     -2.031 0.147  39   3.27  628.6       -9030.438       -18017.71     9 359.9999   0.0001     -2.031 0.147  39   3.27    2.151
2018-05-07-16:54:34 1.11  Mocks_Em/MockNFW1280ellip5loga2.08PA50center0With_background20num9.dat TNC          1.0e-04 1 1 1 1e+04 NFW      359.9999   0.0000     -1.989 0.203  42   3.26  682.8       -8874.731        -17706.3     7 359.9999   0.0000     -1.989 0.203  42   3.26    1.280
2018-05-07-16:54:34 1.11  Mocks_Em/MockNFW1280ellip5loga2.08PA50center0With_background20num10.dat TNC          1.0e-04 1 1 1 1e+04 NFW        0.0002  -0.0000     -2.004 0.197  42   3.25  656.9       -8943.901       -17844.64    14   0.0002  -0.0000     -2.004 0.197  42   3.25    3.469
2018-05-07-16:54:34 1.11  Mocks_Em/MockNFW1280ellip5loga2.08PA50center0With_background20num11.dat TNC          1.0e-04 1 1 1 1e+04 NFW      359.9999  -0.0000     -2.026 0.176  41   3.26  628.2       -8994.526       -17945.89     9 359.9999  -0.0000     -2.026 0.176  41   3.26    2.333
2018-05-07-16:54:34 1.11  Mocks_Em/MockNFW1280ellip5loga2.08PA50center0With_background20num12.dat TNC          1.0e-04 1 1 1 1e+04 NFW        0.0003   0.0000     -2.008 0.212  40   3.25  646.0       -8943.305       -17843.45    10   0.0003   0.0000     -2.008 0.212  40   3.25    2.339
2018-05-07-16:54:34 1.11  Mocks_Em/MockNFW1280ellip5loga2.08PA50center0With_background20num13.dat TNC          1.0e-04 1 1 1 1e+04 NFW      359.9999  -0.0001     -2.009 0.205 135   3.26  654.1        -8970.26       -17897.36    14 359.9999  -0.0001     -2.009 0.205 135   3.26    3.414
2018-05-07-16:54:34 1.11  Mocks_Em/MockNFW1280ellip5loga2.08PA50center0With_background20num14.dat TNC          1.0e-04 1 1 1 1e+04 NFW      359.9998   0.0000     -2.025 0.216 136   3.26  625.4       -8949.753       -17856.34     5 359.9998   0.0000     -2.025 0.216 136   3.26    1.400
2018-05-07-16:54:34 1.11  Mocks_Em/MockNFW1280ellip5loga2.08PA50center0With_background20num15.dat TNC          1.0e-04 1 1 1 1e+04 NFW      359.9998   0.0001     -2.007 0.234  39   3.25  647.2       -8949.667       -17856.17     7 359.9998   0.0001     -2.007 0.234  39   3.25    1.873
2018-05-07-16:54:34 1.11  Mocks_Em/MockNFW1280ellip5loga2.08PA50center0With_background20num16.dat TNC          1.0e-04 1 1 1 1e+04 NFW        0.0002   0.0001     -2.002 0.246 137   3.25  652.5       -8817.838       -17592.51    31   0.0002   0.0001     -2.002 0.246 137   3.25    6.753
2018-05-07-16:54:34 1.11  Mocks_Em/MockNFW1280ellip5loga2.08PA50center0With_background20num17.dat TNC          1.0e-04 1 1 1 1e+04 NFW      360.0000   0.0003     -2.020 0.205  38   3.25  627.8       -8898.549       -17753.94     4 360.0000   0.0003     -2.020 0.205  38   3.25    0.979
2018-05-07-16:54:34 1.11  Mocks_Em/MockNFW1280ellip5loga2.08PA50center0With_background20num18.dat TNC          1.0e-04 1 1 1 1e+04 NFW        0.0001   0.0001     -2.013 0.238  37   3.25  637.4       -8923.176       -17803.19     9   0.0001   0.0001     -2.013 0.238  37   3.25    1.686
2018-05-07-16:54:34 1.11  Mocks_Em/MockNFW1280ellip5loga2.08PA50center0With_background20num19.dat TNC          1.0e-04 1 1 1 1e+04 NFW      360.0000   0.0001     -1.995 0.237  34   3.25  663.1       -8819.621       -17596.08    20 360.0000   0.0001     -1.995 0.237  34   3.25    4.714
2018-05-07-16:54:34 1.11  Mocks_Em/MockNFW1280ellip5loga2.08PA50center0With_background20num20.dat TNC          1.0e-04 1 1 1 1e+04 NFW        0.0002   0.0003     -2.009 0.205  45   3.25  647.5       -9049.175       -18055.19     5   0.0002   0.0003     -2.009 0.205  45   3.25    1.371
2018-05-07-16:54:34 1.11  Mocks_Em/MockNFW1280ellip5loga2.08PA50center0With_background20num21.dat TNC          1.0e-04 1 1 1 1e+04 NFW      359.9999  -0.0001     -2.001 0.158  37   3.25  648.5       -8675.777       -17308.39    29 359.9999  -0.0001     -2.001 0.158  37   3.25    6.470
2018-05-07-16:54:34 1.11  Mocks_Em/MockNFW1280ellip5loga2.08PA50center0With_background20num22.dat TNC          1.0e-04 1 1 1 1e+04 NFW      359.9999  -0.0002     -2.003 0.227  33   3.24  646.0       -8827.263       -17611.36     9 359.9999  -0.0002     -2.003 0.227  33   3.24    2.150
2018-05-07-16:54:34 1.11  Mocks_Em/MockNFW1280ellip5loga2.08PA50center0With_background20num23.dat TNC          1.0e-04 1 1 1 1e+04 NFW        0.0001   0.0002     -2.046 0.199  44   3.26  601.9        -9193.43        -18343.7     5   0.0001   0.0002     -2.046 0.199  44   3.26    1.405
2018-05-07-16:54:34 1.11  Mocks_Em/MockNFW1280ellip5loga2.08PA50center0With_background20num24.dat TNC          1.0e-04 1 1 1 1e+04 NFW      359.9999   0.0000     -2.024 0.207  41   3.25  620.2       -8855.076       -17666.99    25 359.9999   0.0000     -2.024 0.207  41   3.25    5.415
2018-05-07-16:54:34 1.11  Mocks_Em/MockNFW1280ellip5loga2.08PA50center0With_background20num25.dat TNC          1.0e-04 1 1 1 1e+04 NFW        0.0002  -0.0003     -1.995 0.163  37   3.25  667.2       -8860.671       -17678.18     4   0.0002  -0.0003     -1.995 0.163  37   3.25    0.921
2018-05-07-16:54:34 1.11  Mocks_Em/MockNFW1280ellip5loga2.08PA50center0With_background20num26.dat TNC          1.0e-04 1 1 1 1e+04 NFW        0.0002   0.0002     -2.017 0.217  39   3.26  646.7       -9160.245       -18277.33     5   0.0002   0.0002     -2.017 0.217  39   3.26    1.411
2018-05-07-16:54:34 1.11  Mocks_Em/MockNFW1280ellip5loga2.08PA50center0With_background20num27.dat TNC          1.0e-04 1 1 1 1e+04 NFW      359.9999  -0.0002     -2.003 0.168  42   3.24  641.7       -8687.762       -17332.36     4 359.9999  -0.0002     -2.003 0.168  42   3.24    1.178
2018-05-07-16:54:34 1.11  Mocks_Em/MockNFW1280ellip5loga2.08PA50center0With_background20num28.dat TNC          1.0e-04 1 1 1 1e+04 NFW      359.9999  -0.0001     -2.022 0.206  36   3.26  626.8       -8912.258       -17781.35     5 359.9999  -0.0001     -2.022 0.206  36   3.26    1.408
2018-05-07-16:54:34 1.11  Mocks_Em/MockNFW1280ellip5loga2.08PA50center0With_background20num29.dat TNC          1.0e-04 1 1 1 1e+04 NFW      359.9996  -0.0003     -2.017 0.259  38   3.24  626.7       -9061.493       -18079.82     3 359.9996  -0.0003     -2.017 0.259  38   3.24    0.945
2018-05-07-16:54:34 1.11  Mocks_Em/MockNFW1280ellip5loga2.08PA50center0With_background20num30.dat TNC          1.0e-04 1 1 1 1e+04 NFW      359.9999  -0.0001     -2.007 0.189  33   3.25  648.5       -8887.752       -17732.34     4 359.9999  -0.0001     -2.007 0.189  33   3.25    0.776
2018-05-07-16:54:34 1.11  Mocks_Em/MockNFW1280ellip5loga2.08PA50center0With_background20num31.dat TNC          1.0e-04 1 1 1 1e+04 NFW      359.9999   0.0000     -2.000 0.234  35   3.25  660.0       -8909.059       -17774.96    30 359.9999   0.0000     -2.000 0.234  35   3.25    7.020
2018-05-07-16:54:34 1.11  Mocks_Em/MockNFW1280ellip5loga2.08PA50center0With_background20num32.dat TNC          1.0e-04 1 1 1 1e+04 NFW      359.9997   0.0000     -2.016 0.225  40   3.24  625.1       -8919.869       -17796.58     5 359.9997   0.0000     -2.016 0.225  40   3.24    1.202
2018-05-07-16:54:34 1.11  Mocks_Em/MockNFW1280ellip5loga2.08PA50center0With_background20num33.dat TNC          1.0e-04 1 1 1 1e+04 NFW      359.9997  -0.0003     -1.995 0.223  34   3.25  676.9       -9117.614       -18192.07    12 359.9997  -0.0003     -1.995 0.223  34   3.25    3.023
2018-05-07-16:54:34 1.11  Mocks_Em/MockNFW1280ellip5loga2.08PA50center0With_background20num34.dat TNC          1.0e-04 1 1 1 1e+04 NFW        0.0002   0.0001     -2.011 0.172 138   3.25  638.0       -8815.099       -17587.04    11   0.0002   0.0001     -2.011 0.172 138   3.25    2.389
2018-05-07-16:54:34 1.11  Mocks_Em/MockNFW1280ellip5loga2.08PA50center0With_background20num35.dat TNC          1.0e-04 1 1 1 1e+04 NFW        0.0001   0.0002     -2.006 0.240  43   3.25  645.0       -8852.631        -17662.1    37   0.0001   0.0002     -2.006 0.240  43   3.25    8.361
2018-05-07-16:54:34 1.11  Mocks_Em/MockNFW1280ellip5loga2.08PA50center0With_background20num36.dat TNC          1.0e-04 1 1 1 1e+04 NFW        0.0001  -0.0001     -2.011 0.210 136   3.25  636.9       -8778.386       -17513.61    13   0.0001  -0.0001     -2.011 0.210 136   3.25    3.265
2018-05-07-16:54:34 1.11  Mocks_Em/MockNFW1280ellip5loga2.08PA50center0With_background20num37.dat TNC          1.0e-04 1 1 1 1e+04 NFW      360.0000  -0.0001     -2.009 0.242  39   3.26  657.7        -9074.34       -18105.52    20 360.0000  -0.0001     -2.009 0.242  39   3.26    4.698
2018-05-07-16:54:34 1.11  Mocks_Em/MockNFW1280ellip5loga2.08PA50center0With_background20num38.dat TNC          1.0e-04 1 1 1 1e+04 NFW      359.9999   0.0002     -2.005 0.205  37   3.26  660.9       -9028.626       -18014.09     5 359.9999   0.0002     -2.005 0.205  37   3.26    1.411
2018-05-07-16:54:34 1.11  Mocks_Em/MockNFW1280ellip5loga2.08PA50center0With_background20num39.dat TNC          1.0e-04 1 1 1 1e+04 NFW      359.9998   0.0001     -2.006 0.201  39   3.25  646.8       -8878.133        -17713.1     9 359.9998   0.0001     -2.006 0.201  39   3.25    2.294
2018-05-07-16:54:34 1.11  Mocks_Em/MockNFW1280ellip5loga2.08PA50center0With_background20num40.dat TNC          1.0e-04 1 1 1 1e+04 NFW      359.9998  -0.0004     -2.027 0.221  34   3.25  618.9       -9142.329       -18241.49    29 359.9998  -0.0004     -2.027 0.221  34   3.25    6.564
2018-05-07-16:54:34 1.11  Mocks_Em/MockNFW1280ellip5loga2.08PA50center0With_background20num41.dat TNC          1.0e-04 1 1 1 1e+04 NFW      359.9999   0.0000     -2.010 0.170 136   3.25  645.8        -8810.42       -17577.68     9 359.9999   0.0000     -2.010 0.170 136   3.25    2.128
2018-05-07-16:54:34 1.11  Mocks_Em/MockNFW1280ellip5loga2.08PA50center0With_background20num42.dat TNC          1.0e-04 1 1 1 1e+04 NFW        0.0001   0.0001     -2.014 0.218  35   3.25  633.1        -8870.96       -17698.76     8   0.0001   0.0001     -2.014 0.218  35   3.25    1.872
2018-05-07-16:54:34 1.11  Mocks_Em/MockNFW1280ellip5loga2.08PA50center0With_background20num43.dat TNC          1.0e-04 1 1 1 1e+04 NFW        0.0000  -0.0003     -1.993 0.215  34   3.25  670.3       -8913.544       -17783.93    26   0.0000  -0.0003     -1.993 0.215  34   3.25    5.610
2018-05-07-16:54:34 1.11  Mocks_Em/MockNFW1280ellip5loga2.08PA50center0With_background20num44.dat TNC          1.0e-04 1 1 1 1e+04 NFW      359.9999  -0.0002     -2.032 0.250  40   3.25  612.2       -9115.092       -18187.02    11 359.9999  -0.0002     -2.032 0.250  40   3.25    2.176
2018-05-07-16:54:34 1.11  Mocks_Em/MockNFW1280ellip5loga2.08PA50center0With_background20num45.dat TNC          1.0e-04 1 1 1 1e+04 NFW      359.9997   0.0002     -2.002 0.227  42   3.25  667.3       -9140.159       -18237.15    26 359.9997   0.0002     -2.002 0.227  42   3.25    6.032
2018-05-07-16:54:34 1.11  Mocks_Em/MockNFW1280ellip5loga2.08PA50center0With_background20num46.dat TNC          1.0e-04 1 1 1 1e+04 NFW        0.0003  -0.0001     -2.016 0.249  35   3.25  632.2       -9040.473       -18037.78     4   0.0003  -0.0001     -2.016 0.249  35   3.25    1.170
2018-05-07-16:54:34 1.11  Mocks_Em/MockNFW1280ellip5loga2.08PA50center0With_background20num47.dat TNC          1.0e-04 1 1 1 1e+04 NFW        0.0001  -0.0001     -2.030 0.204  39   3.26  619.9       -9032.008       -18020.85     7   0.0001  -0.0001     -2.030 0.204  39   3.26    1.867
2018-05-07-16:54:34 1.11  Mocks_Em/MockNFW1280ellip5loga2.08PA50center0With_background20num48.dat TNC          1.0e-04 1 1 1 1e+04 NFW        0.0002  -0.0002     -2.018 0.193  41   3.25  632.0       -8957.101       -17871.04    14   0.0002  -0.0002     -2.018 0.193  41   3.25    3.301
2018-05-07-16:54:34 1.11  Mocks_Em/MockNFW1280ellip5loga2.08PA50center0With_background20num49.dat TNC          1.0e-04 1 1 1 1e+04 NFW        0.0003   0.0003     -2.015 0.185  35   3.25  638.6        -9055.77       -18068.38     8   0.0003   0.0003     -2.015 0.185  35   3.25    1.925
2018-05-07-16:54:34 1.11  Mocks_Em/MockNFW1280ellip5loga2.08PA50center0With_background20num50.dat TNC          1.0e-04 1 1 1 1e+04 NFW      359.9999  -0.0001     -2.003 0.164  34   3.25  658.2       -8857.718       -17672.27     5 359.9999  -0.0001     -2.003 0.164  34   3.25    1.392
2018-05-07-16:54:34 1.11  Mocks_Em/MockNFW1280ellip5loga2.08PA50center0With_background20num51.dat TNC          1.0e-04 1 1 1 1e+04 NFW      360.0000  -0.0001     -2.005 0.199  34   3.26  659.1       -8894.093       -17745.02     3 360.0000  -0.0001     -2.005 0.199  34   3.26    0.540
2018-05-07-16:54:34 1.11  Mocks_Em/MockNFW1280ellip5loga2.08PA50center0With_background20num52.dat TNC          1.0e-04 1 1 1 1e+04 NFW        0.0003   0.0000     -2.001 0.201  42   3.25  657.6       -8931.402       -17819.64     7   0.0003   0.0000     -2.001 0.201  42   3.25    1.813
2018-05-07-16:54:34 1.11  Mocks_Em/MockNFW1280ellip5loga2.08PA50center0With_background20num53.dat TNC          1.0e-04 1 1 1 1e+04 NFW        0.0000   0.0000     -2.012 0.222  41   3.27  654.8       -9054.586       -18066.01     6   0.0000   0.0000     -2.012 0.222  41   3.27    1.613
2018-05-07-16:54:34 1.11  Mocks_Em/MockNFW1280ellip5loga2.08PA50center0With_background20num54.dat TNC          1.0e-04 1 1 1 1e+04 NFW        0.0004   0.0002     -2.008 0.189  35   3.25  651.4       -9091.936       -18140.71     5   0.0004   0.0002     -2.008 0.189  35   3.25    1.412
2018-05-07-16:54:34 1.11  Mocks_Em/MockNFW1280ellip5loga2.08PA50center0With_background20num55.dat TNC          1.0e-04 1 1 1 1e+04 NFW      359.9999  -0.0000     -2.015 0.232  35   3.25  627.4       -8825.736       -17608.31    13 359.9999  -0.0000     -2.015 0.232  35   3.25    3.300
2018-05-07-16:54:34 1.11  Mocks_Em/MockNFW1280ellip5loga2.08PA50center0With_background20num56.dat TNC          1.0e-04 1 1 1 1e+04 NFW      360.0000   0.0001     -2.013 0.203  41   3.24  626.0       -8676.858       -17310.55    17 360.0000   0.0001     -2.013 0.203  41   3.24    3.585
2018-05-07-16:54:34 1.11  Mocks_Em/MockNFW1280ellip5loga2.08PA50center0With_background20num57.dat TNC          1.0e-04 1 1 1 1e+04 NFW      360.0000  -0.0000     -2.007 0.218  41   3.25  645.6       -8826.305       -17609.45     7 360.0000  -0.0000     -2.007 0.218  41   3.25    1.669
2018-05-07-16:54:34 1.11  Mocks_Em/MockNFW1280ellip5loga2.08PA50center0With_background20num58.dat TNC          1.0e-04 1 1 1 1e+04 NFW      359.9999  -0.0003     -2.016 0.208  40   3.24  630.4       -8978.866       -17914.57     5 359.9999  -0.0003     -2.016 0.208  40   3.24    1.217
2018-05-07-16:54:34 1.11  Mocks_Em/MockNFW1280ellip5loga2.08PA50center0With_background20num59.dat TNC          1.0e-04 1 1 1 1e+04 NFW      359.9997   0.0001     -2.001 0.186  35   3.24  647.4       -8828.393       -17613.62     6 359.9997   0.0001     -2.001 0.186  35   3.24    1.633
2018-05-07-16:54:34 1.11  Mocks_Em/MockNFW1280ellip5loga2.08PA50center0With_background20num60.dat TNC          1.0e-04 1 1 1 1e+04 NFW        0.0001   0.0001     -2.018 0.203  37   3.26  635.9       -8970.855       -17898.55    27   0.0001   0.0001     -2.018 0.203  37   3.26    6.522
2018-05-07-16:54:34 1.11  Mocks_Em/MockNFW1280ellip5loga2.08PA50center0With_background20num61.dat TNC          1.0e-04 1 1 1 1e+04 NFW        0.0002   0.0000     -2.044 0.197  40   3.25  593.0       -8982.768       -17922.37     3   0.0002   0.0000     -2.044 0.197  40   3.25    0.543
2018-05-07-16:54:34 1.11  Mocks_Em/MockNFW1280ellip5loga2.08PA50center0With_background20num62.dat TNC          1.0e-04 1 1 1 1e+04 NFW        0.0002   0.0003     -2.006 0.195  40   3.26  662.0       -9085.391       -18127.62     5   0.0002   0.0003     -2.006 0.195  40   3.26    1.357
2018-05-07-16:54:34 1.11  Mocks_Em/MockNFW1280ellip5loga2.08PA50center0With_background20num63.dat TNC          1.0e-04 1 1 1 1e+04 NFW        0.0001  -0.0000     -2.011 0.226  39   3.25  633.8       -8795.323       -17547.48    31   0.0001  -0.0000     -2.011 0.226  39   3.25    6.885
2018-05-07-16:54:34 1.11  Mocks_Em/MockNFW1280ellip5loga2.08PA50center0With_background20num64.dat TNC          1.0e-04 1 1 1 1e+04 NFW        0.0003  -0.0001     -1.997 0.200  39   3.25  665.3       -8964.956       -17886.75     4   0.0003  -0.0001     -1.997 0.200  39   3.25    0.970
2018-05-07-16:54:34 1.11  Mocks_Em/MockNFW1280ellip5loga2.08PA50center0With_background20num65.dat TNC          1.0e-04 1 1 1 1e+04 NFW      359.9999   0.0001     -1.994 0.179  37   3.26  678.2       -8892.113       -17741.06     7 359.9999   0.0001     -1.994 0.179  37   3.26    1.670
2018-05-07-16:54:34 1.11  Mocks_Em/MockNFW1280ellip5loga2.08PA50center0With_background20num66.dat TNC          1.0e-04 1 1 1 1e+04 NFW        0.0002  -0.0001     -2.017 0.202  40   3.25  624.8       -8858.567       -17673.97     5   0.0002  -0.0001     -2.017 0.202  40   3.25    1.422
2018-05-07-16:54:34 1.11  Mocks_Em/MockNFW1280ellip5loga2.08PA50center0With_background20num67.dat TNC          1.0e-04 1 1 1 1e+04 NFW        0.0002  -0.0001     -2.017 0.171  34   3.25  631.2        -8800.02       -17556.88     5   0.0002  -0.0001     -2.017 0.171  34   3.25    1.400
2018-05-07-16:54:34 1.11  Mocks_Em/MockNFW1280ellip5loga2.08PA50center0With_background20num68.dat TNC          1.0e-04 1 1 1 1e+04 NFW        0.0000  -0.0001     -2.017 0.237  40   3.26  635.8       -8970.105       -17897.05     6   0.0000  -0.0001     -2.017 0.237  40   3.26    1.652
2018-05-07-16:54:34 1.11  Mocks_Em/MockNFW1280ellip5loga2.08PA50center0With_background20num69.dat TNC          1.0e-04 1 1 1 1e+04 NFW      359.9998   0.0002     -2.017 0.238  45   3.24  622.3       -8878.042       -17712.92    33 359.9998   0.0002     -2.017 0.238  45   3.24    7.064
2018-05-07-16:54:34 1.11  Mocks_Em/MockNFW1280ellip5loga2.08PA50center0With_background20num70.dat TNC          1.0e-04 1 1 1 1e+04 NFW      360.0000   0.0000     -2.015 0.200  39   3.25  633.9       -8820.827       -17598.49    21 360.0000   0.0000     -2.015 0.200  39   3.25    4.748
2018-05-07-16:54:34 1.11  Mocks_Em/MockNFW1280ellip5loga2.08PA50center0With_background20num71.dat TNC          1.0e-04 1 1 1 1e+04 NFW      359.9998  -0.0003     -2.025 0.166  37   3.25  620.5       -9001.918       -17960.67    14 359.9998  -0.0003     -2.025 0.166  37   3.25    3.126
2018-05-07-16:54:34 1.11  Mocks_Em/MockNFW1280ellip5loga2.08PA50center0With_background20num72.dat TNC          1.0e-04 1 1 1 1e+04 NFW      360.0000  -0.0000     -2.031 0.236  39   3.26  619.6       -9079.804       -18116.45     4 360.0000  -0.0000     -2.031 0.236  39   3.26    0.969
2018-05-07-16:54:34 1.11  Mocks_Em/MockNFW1280ellip5loga2.08PA50center0With_background20num73.dat TNC          1.0e-04 1 1 1 1e+04 NFW      359.9998  -0.0000     -1.992 0.196 138   3.24  665.9       -8748.964       -17454.77    33 359.9998  -0.0000     -1.992 0.196 138   3.24    7.093
2018-05-07-16:54:34 1.11  Mocks_Em/MockNFW1280ellip5loga2.08PA50center0With_background20num74.dat TNC          1.0e-04 1 1 1 1e+04 NFW        0.0002  -0.0001     -2.005 0.202  40   3.26  653.8        -8805.73        -17568.3     6   0.0002  -0.0001     -2.005 0.202  40   3.26    1.648
2018-05-07-16:54:34 1.11  Mocks_Em/MockNFW1280ellip5loga2.08PA50center0With_background20num75.dat TNC          1.0e-04 1 1 1 1e+04 NFW      359.9999  -0.0002     -2.016 0.179  35   3.25  634.6       -8907.997       -17772.83    31 359.9999  -0.0002     -2.016 0.179  35   3.25    6.827
2018-05-07-16:54:34 1.11  Mocks_Em/MockNFW1280ellip5loga2.08PA50center0With_background20num76.dat TNC          1.0e-04 1 1 1 1e+04 NFW        0.0005   0.0002     -2.004 0.224  39   3.24  643.9       -8930.207       -17817.25     9   0.0005   0.0002     -2.004 0.224  39   3.24    1.747
2018-05-07-16:54:34 1.11  Mocks_Em/MockNFW1280ellip5loga2.08PA50center0With_background20num77.dat TNC          1.0e-04 1 1 1 1e+04 NFW        0.0001   0.0001     -2.022 0.196  32   3.26  640.5       -9075.013       -18106.86     5   0.0001   0.0001     -2.022 0.196  32   3.26    1.401
2018-05-07-16:54:34 1.11  Mocks_Em/MockNFW1280ellip5loga2.08PA50center0With_background20num78.dat TNC          1.0e-04 1 1 1 1e+04 NFW      359.9999   0.0002     -2.015 0.223  41   3.25  632.8       -8923.639       -17804.12    30 359.9999   0.0002     -2.015 0.223  41   3.25    6.840
2018-05-07-16:54:34 1.11  Mocks_Em/MockNFW1280ellip5loga2.08PA50center0With_background20num79.dat TNC          1.0e-04 1 1 1 1e+04 NFW        0.0003  -0.0000     -2.012 0.219  39   3.25  642.9       -9042.078       -18040.99     5   0.0003  -0.0000     -2.012 0.219  39   3.25    1.209
2018-05-07-16:54:34 1.11  Mocks_Em/MockNFW1280ellip5loga2.08PA50center0With_background20num80.dat TNC          1.0e-04 1 1 1 1e+04 NFW        0.0004   0.0003     -2.028 0.193  36   3.24  607.4       -8992.156       -17941.15    10   0.0004   0.0003     -2.028 0.193  36   3.24    2.536
2018-05-07-16:54:34 1.11  Mocks_Em/MockNFW1280ellip5loga2.08PA50center0With_background20num81.dat TNC          1.0e-04 1 1 1 1e+04 NFW        0.0000  -0.0003     -2.015 0.207  37   3.26  648.6       -9122.636       -18202.11    15   0.0000  -0.0003     -2.015 0.207  37   3.26    3.341
2018-05-07-16:54:34 1.11  Mocks_Em/MockNFW1280ellip5loga2.08PA50center0With_background20num82.dat TNC          1.0e-04 1 1 1 1e+04 NFW        0.0005   0.0005     -1.999 0.227  36   3.24  656.7       -9106.498       -18169.83    28   0.0005   0.0005     -1.999 0.227  36   3.24    5.782
2018-05-07-16:54:34 1.11  Mocks_Em/MockNFW1280ellip5loga2.08PA50center0With_background20num83.dat TNC          1.0e-04 1 1 1 1e+04 NFW      360.0000   0.0001     -2.009 0.158 136   3.25  648.5       -8845.796       -17648.43    20 360.0000   0.0001     -2.009 0.158 136   3.25    4.650
2018-05-07-16:54:34 1.11  Mocks_Em/MockNFW1280ellip5loga2.08PA50center0With_background20num84.dat TNC          1.0e-04 1 1 1 1e+04 NFW      359.9998   0.0001     -2.022 0.228  40   3.25  630.3       -9079.893       -18116.62     9 359.9998   0.0001     -2.022 0.228  40   3.25    2.098
2018-05-07-16:54:34 1.11  Mocks_Em/MockNFW1280ellip5loga2.08PA50center0With_background20num85.dat TNC          1.0e-04 1 1 1 1e+04 NFW      359.9999   0.0003     -2.026 0.241  37   3.25  624.5       -9157.903       -18272.64     5 359.9999   0.0003     -2.026 0.241  37   3.25    1.350
2018-05-07-16:54:34 1.11  Mocks_Em/MockNFW1280ellip5loga2.08PA50center0With_background20num86.dat TNC          1.0e-04 1 1 1 1e+04 NFW        0.0001   0.0001     -2.027 0.202  43   3.26  622.1       -8982.445       -17921.73     6   0.0001   0.0001     -2.027 0.202  43   3.26    1.651
2018-05-07-16:54:34 1.11  Mocks_Em/MockNFW1280ellip5loga2.08PA50center0With_background20num87.dat TNC          1.0e-04 1 1 1 1e+04 NFW        0.0002   0.0000     -2.027 0.201  38   3.26  629.8       -9149.137       -18255.11     7   0.0002   0.0000     -2.027 0.201  38   3.26    1.882
2018-05-07-16:54:34 1.11  Mocks_Em/MockNFW1280ellip5loga2.08PA50center0With_background20num88.dat TNC          1.0e-04 1 1 1 1e+04 NFW        0.0000   0.0001     -2.016 0.202  40   3.25  632.3       -8884.452       -17725.74     8   0.0000   0.0001     -2.016 0.202  40   3.25    1.890
2018-05-07-16:54:34 1.11  Mocks_Em/MockNFW1280ellip5loga2.08PA50center0With_background20num89.dat TNC          1.0e-04 1 1 1 1e+04 NFW        0.0003   0.0000     -2.019 0.206  41   3.25  629.9       -9017.158       -17991.15    29   0.0003   0.0000     -2.019 0.206  41   3.25    6.891
2018-05-07-16:54:34 1.11  Mocks_Em/MockNFW1280ellip5loga2.08PA50center0With_background20num90.dat TNC          1.0e-04 1 1 1 1e+04 NFW        0.0003   0.0001     -2.029 0.168  38   3.24  610.6       -8967.784       -17892.41     4   0.0003   0.0001     -2.029 0.168  38   3.24    0.971
2018-05-07-16:54:34 1.11  Mocks_Em/MockNFW1280ellip5loga2.08PA50center0With_background20num91.dat TNC          1.0e-04 1 1 1 1e+04 NFW      359.9998   0.0000     -2.011 0.217  34   3.26  658.4       -9143.832        -18244.5     5 359.9998   0.0000     -2.011 0.217  34   3.26    1.316
2018-05-07-16:54:34 1.11  Mocks_Em/MockNFW1280ellip5loga2.08PA50center0With_background20num92.dat TNC          1.0e-04 1 1 1 1e+04 NFW        0.0002   0.0002     -2.000 0.240  41   3.24  652.5       -8922.979        -17802.8     7   0.0002   0.0002     -2.000 0.240  41   3.24    1.887
2018-05-07-16:54:34 1.11  Mocks_Em/MockNFW1280ellip5loga2.08PA50center0With_background20num93.dat TNC          1.0e-04 1 1 1 1e+04 NFW      359.9999   0.0000     -2.027 0.199  38   3.25  615.1       -8879.792       -17716.42     4 359.9999   0.0000     -2.027 0.199  38   3.25    1.166
2018-05-07-16:54:34 1.11  Mocks_Em/MockNFW1280ellip5loga2.08PA50center0With_background20num94.dat TNC          1.0e-04 1 1 1 1e+04 NFW      359.9999   0.0001     -2.005 0.220  43   3.25  645.2       -8824.837       -17606.51     4 359.9999   0.0001     -2.005 0.220  43   3.25    0.977
2018-05-07-16:54:34 1.11  Mocks_Em/MockNFW1280ellip5loga2.08PA50center0With_background20num95.dat TNC          1.0e-04 1 1 1 1e+04 NFW      359.9998   0.0000     -2.006 0.208  38   3.25  651.1       -8883.553       -17723.94     9 359.9998   0.0000     -2.006 0.208  38   3.25    1.934
2018-05-07-16:54:34 1.11  Mocks_Em/MockNFW1280ellip5loga2.08PA50center0With_background20num96.dat TNC          1.0e-04 1 1 1 1e+04 NFW      360.0000   0.0001     -2.006 0.203  44   3.25  648.6       -8813.966       -17584.77    11 360.0000   0.0001     -2.006 0.203  44   3.25    2.570
2018-05-07-16:54:34 1.11  Mocks_Em/MockNFW1280ellip5loga2.08PA50center0With_background20num97.dat TNC          1.0e-04 1 1 1 1e+04 NFW      360.0000   0.0001     -1.998 0.201  35   3.25  662.3       -8816.833        -17590.5     6 360.0000   0.0001     -1.998 0.201  35   3.25    1.362
2018-05-07-16:54:34 1.11  Mocks_Em/MockNFW1280ellip5loga2.08PA50center0With_background20num98.dat TNC          1.0e-04 1 1 1 1e+04 NFW      359.9998  -0.0001     -2.003 0.212  37   3.26  661.9       -8988.242       -17933.32     5 359.9998  -0.0001     -2.003 0.212  37   3.26    1.012
2018-05-07-16:54:34 1.11  Mocks_Em/MockNFW1280ellip5loga2.08PA50center0With_background20num99.dat TNC          1.0e-04 1 1 1 1e+04 NFW      359.9999   0.0000     -2.016 0.170  33   3.25  634.2       -8813.972       -17584.78     7 359.9999   0.0000     -2.016 0.170  33   3.25    1.247
