2018-05-07-18:39:25 1.11  Mocks_Em/MockNFW1280ellip5loga2.08PA50center0With_background20num0.dat Nelder-Mead  1.0e-04 1 1 1 1e+04 NFW      359.9999   0.0000     -2.032 0.173  37   3.28  628.1        -9065.49       -18087.82   501 359.9999   0.0000     -2.032 0.169  37   3.27   12.704
2018-05-07-18:39:25 1.11  Mocks_Em/MockNFW1280ellip5loga2.08PA50center0With_background20num1.dat Nelder-Mead  1.0e-04 1 1 1 1e+04 NFW        0.0003  -0.0001     -2.010 0.240  38   3.25  643.3        -9015.79       -17988.42   503   0.0003  -0.0001     -2.010 0.228  38   3.25   12.910
2018-05-07-18:39:25 1.11  Mocks_Em/MockNFW1280ellip5loga2.08PA50center0With_background20num2.dat Nelder-Mead  1.0e-04 1 1 1 1e+04 NFW      359.9999   0.0001     -2.016 0.214  39   3.29  637.7       -8925.898       -17808.63   507 359.9999   0.0001     -2.015 0.206  39   3.26   12.679
2018-05-07-18:39:25 1.11  Mocks_Em/MockNFW1280ellip5loga2.08PA50center0With_background20num3.dat Nelder-Mead  1.0e-04 1 1 1 1e+04 NFW        0.0004  -0.0001     -2.008 0.168  38   3.29  646.1        -8915.93        -17788.7   501   0.0004  -0.0001     -2.008 0.162  38   3.25   12.828
2018-05-07-18:39:25 1.11  Mocks_Em/MockNFW1280ellip5loga2.08PA50center0With_background20num4.dat Nelder-Mead  1.0e-04 1 1 1 1e+04 NFW        0.0001   0.0000     -2.048 0.207  33   3.27  582.3       -8850.514       -17657.87   501   0.0001   0.0000     -1.998 0.206  32   3.25   12.518
2018-05-07-18:39:25 1.11  Mocks_Em/MockNFW1280ellip5loga2.08PA50center0With_background20num5.dat Nelder-Mead  1.0e-04 1 1 1 1e+04 NFW        0.0002  -0.0002     -2.001 0.189  44   3.24  645.3       -8766.063       -17488.96   507   0.0002  -0.0002     -1.989 0.181  44   3.24   12.512
2018-05-07-18:39:25 1.11  Mocks_Em/MockNFW1280ellip5loga2.08PA50center0With_background20num6.dat Nelder-Mead  1.0e-04 1 1 1 1e+04 NFW      360.0000  -0.0001     -2.014 0.220  39   3.27  638.4       -8928.079          -17813   500 360.0000  -0.0001     -2.014 0.212  39   3.25   12.746
2018-05-07-18:39:25 1.11  Mocks_Em/MockNFW1280ellip5loga2.08PA50center0With_background20num7.dat Nelder-Mead  1.0e-04 1 1 1 1e+04 NFW      359.9997   0.0001     -2.014 0.216  39   3.24  623.0       -8832.408       -17621.65   502 359.9997   0.0001     -2.014 0.207  39   3.24   12.745
2018-05-07-18:39:25 1.11  Mocks_Em/MockNFW1280ellip5loga2.08PA50center0With_background20num8.dat Nelder-Mead  1.0e-04 1 1 1 1e+04 NFW      359.9999   0.0001     -2.031 0.154  39   3.27  628.3       -9045.196       -18047.23   504 359.9999   0.0001     -2.031 0.147  39   3.27   12.723
2018-05-07-18:39:25 1.11  Mocks_Em/MockNFW1280ellip5loga2.08PA50center0With_background20num9.dat Nelder-Mead  1.0e-04 1 1 1 1e+04 NFW      359.9999   0.0000     -2.041 0.207  42   3.26  596.8         -8883.6       -17724.04   500 359.9999   0.0000     -1.989 0.203  42   3.26   12.772
2018-05-07-18:39:25 1.11  Mocks_Em/MockNFW1280ellip5loga2.08PA50center0With_background20num10.dat Nelder-Mead  1.0e-04 1 1 1 1e+04 NFW        0.0002  -0.0000     -2.004 0.206  42   3.27  656.9       -8968.543       -17893.92   503   0.0002  -0.0000     -2.004 0.197  42   3.25   12.712
2018-05-07-18:39:25 1.11  Mocks_Em/MockNFW1280ellip5loga2.08PA50center0With_background20num11.dat Nelder-Mead  1.0e-04 1 1 1 1e+04 NFW      359.9999  -0.0000     -2.026 0.181  41   3.30  628.1       -9018.732        -17994.3   500 359.9999  -0.0000     -2.026 0.176  41   3.26   12.553
2018-05-07-18:39:25 1.11  Mocks_Em/MockNFW1280ellip5loga2.08PA50center0With_background20num12.dat Nelder-Mead  1.0e-04 1 1 1 1e+04 NFW        0.0003   0.0000     -2.008 0.218  41   3.28  645.9       -8964.554       -17885.95   504   0.0003   0.0000     -2.008 0.212  40   3.25   12.546
2018-05-07-18:39:25 1.11  Mocks_Em/MockNFW1280ellip5loga2.08PA50center0With_background20num13.dat Nelder-Mead  1.0e-04 1 1 1 1e+04 NFW      359.9999  -0.0001     -2.009 0.213 137   3.26  654.1       -8985.044       -17926.93   502 359.9999  -0.0001     -2.009 0.205 135   3.26   12.537
2018-05-07-18:39:25 1.11  Mocks_Em/MockNFW1280ellip5loga2.08PA50center0With_background20num14.dat Nelder-Mead  1.0e-04 1 1 1 1e+04 NFW      359.9998   0.0000     -2.025 0.225 136   3.27  625.4       -8974.322       -17905.48   501 359.9998   0.0000     -2.025 0.216 136   3.26   12.613
2018-05-07-18:39:25 1.11  Mocks_Em/MockNFW1280ellip5loga2.08PA50center0With_background20num15.dat Nelder-Mead  1.0e-04 1 1 1 1e+04 NFW      359.9998   0.0001     -2.007 0.243  39   3.29  647.1       -8974.232        -17905.3   506 359.9998   0.0001     -2.007 0.234  39   3.25   12.872
2018-05-07-18:39:25 1.11  Mocks_Em/MockNFW1280ellip5loga2.08PA50center0With_background20num16.dat Nelder-Mead  1.0e-04 1 1 1 1e+04 NFW        0.0002   0.0001     -2.002 0.252 137   3.25  652.5       -8844.268       -17645.37   502   0.0002   0.0001     -2.002 0.246 137   3.25   12.165
2018-05-07-18:39:25 1.11  Mocks_Em/MockNFW1280ellip5loga2.08PA50center0With_background20num17.dat Nelder-Mead  1.0e-04 1 1 1 1e+04 NFW      360.0000   0.0003     -2.070 0.209  38   3.26  552.7       -8902.899       -17762.64   503 360.0000   0.0003     -2.020 0.205  38   3.25   13.240
2018-05-07-18:39:25 1.11  Mocks_Em/MockNFW1280ellip5loga2.08PA50center0With_background20num18.dat Nelder-Mead  1.0e-04 1 1 1 1e+04 NFW        0.0001   0.0001     -2.013 0.247  37   3.25  637.4         -8947.5       -17851.84   506   0.0001   0.0001     -2.013 0.238  37   3.25   12.875
2018-05-07-18:39:25 1.11  Mocks_Em/MockNFW1280ellip5loga2.08PA50center0With_background20num19.dat Nelder-Mead  1.0e-04 1 1 1 1e+04 NFW      360.0000   0.0001     -1.995 0.246  34   3.29  663.0       -8852.549       -17661.94   501 360.0000   0.0001     -1.995 0.237  34   3.25   12.429
2018-05-07-18:39:25 1.11  Mocks_Em/MockNFW1280ellip5loga2.08PA50center0With_background20num20.dat Nelder-Mead  1.0e-04 1 1 1 1e+04 NFW        0.0002   0.0003     -2.015 0.212  45   3.25  637.1       -9069.372       -18095.58   502   0.0002   0.0003     -2.009 0.205  45   3.25   12.602
2018-05-07-18:39:25 1.11  Mocks_Em/MockNFW1280ellip5loga2.08PA50center0With_background20num21.dat Nelder-Mead  1.0e-04 1 1 1 1e+04 NFW      359.9999  -0.0001     -2.001 0.165  37   3.26  648.4       -8693.416       -17343.67   506 359.9999  -0.0001     -2.001 0.158  37   3.25   12.508
2018-05-07-18:39:25 1.11  Mocks_Em/MockNFW1280ellip5loga2.08PA50center0With_background20num22.dat Nelder-Mead  1.0e-04 1 1 1 1e+04 NFW      359.9999  -0.0002     -2.015 0.237  33   3.24  625.4       -8853.301       -17663.44   502 359.9999  -0.0002     -2.003 0.227  33   3.24   12.255
2018-05-07-18:39:25 1.11  Mocks_Em/MockNFW1280ellip5loga2.08PA50center0With_background20num23.dat Nelder-Mead  1.0e-04 1 1 1 1e+04 NFW        0.0001   0.0002     -2.046 0.208  44   3.26  601.9       -9209.654       -18376.15   500   0.0001   0.0002     -2.046 0.199  44   3.26   12.808
2018-05-07-18:39:25 1.11  Mocks_Em/MockNFW1280ellip5loga2.08PA50center0With_background20num24.dat Nelder-Mead  1.0e-04 1 1 1 1e+04 NFW      359.9999   0.0000     -2.024 0.217  41   3.25  620.2       -8878.071       -17712.98   505 359.9999   0.0000     -2.024 0.207  41   3.25   12.961
2018-05-07-18:39:25 1.11  Mocks_Em/MockNFW1280ellip5loga2.08PA50center0With_background20num25.dat Nelder-Mead  1.0e-04 1 1 1 1e+04 NFW        0.0002  -0.0003     -2.045 0.166  37   3.26  586.7       -8873.974       -17704.79   507   0.0002  -0.0003     -1.995 0.163  37   3.25   12.756
2018-05-07-18:39:25 1.11  Mocks_Em/MockNFW1280ellip5loga2.08PA50center0With_background20num26.dat Nelder-Mead  1.0e-04 1 1 1 1e+04 NFW        0.0002   0.0002     -2.017 0.224  39   3.30  646.6       -9188.486       -18333.81   505   0.0002   0.0002     -2.017 0.217  39   3.26   12.620
2018-05-07-18:39:25 1.11  Mocks_Em/MockNFW1280ellip5loga2.08PA50center0With_background20num27.dat Nelder-Mead  1.0e-04 1 1 1 1e+04 NFW      359.9999  -0.0002     -2.003 0.176  42   3.24  641.7       -8705.064       -17366.97   507 359.9999  -0.0002     -2.003 0.168  42   3.24   12.405
2018-05-07-18:39:25 1.11  Mocks_Em/MockNFW1280ellip5loga2.08PA50center0With_background20num28.dat Nelder-Mead  1.0e-04 1 1 1 1e+04 NFW      359.9999  -0.0001     -2.022 0.216  36   3.26  626.9       -8937.235       -17831.31   500 359.9999  -0.0001     -2.022 0.206  36   3.26   12.383
2018-05-07-18:39:25 1.11  Mocks_Em/MockNFW1280ellip5loga2.08PA50center0With_background20num29.dat Nelder-Mead  1.0e-04 1 1 1 1e+04 NFW      359.9996  -0.0003     -2.017 0.270  38   3.26  626.6       -9085.969       -18128.78   506 359.9996  -0.0003     -2.017 0.259  38   3.24   12.845
2018-05-07-18:39:25 1.11  Mocks_Em/MockNFW1280ellip5loga2.08PA50center0With_background20num30.dat Nelder-Mead  1.0e-04 1 1 1 1e+04 NFW      359.9999  -0.0001     -2.007 0.194  33   3.33  648.4       -8895.205       -17747.25   500 359.9999  -0.0001     -2.007 0.189  33   3.25   12.579
2018-05-07-18:39:25 1.11  Mocks_Em/MockNFW1280ellip5loga2.08PA50center0With_background20num31.dat Nelder-Mead  1.0e-04 1 1 1 1e+04 NFW      359.9999   0.0000     -2.000 0.245  35   3.25  660.0       -8934.746       -17826.33   501 359.9999   0.0000     -2.000 0.234  35   3.25   12.707
2018-05-07-18:39:25 1.11  Mocks_Em/MockNFW1280ellip5loga2.08PA50center0With_background20num32.dat Nelder-Mead  1.0e-04 1 1 1 1e+04 NFW      359.9997   0.0000     -2.017 0.235  41   3.24  623.9       -8946.747       -17850.33   500 359.9997   0.0000     -2.016 0.225  40   3.24   11.984
2018-05-07-18:39:25 1.11  Mocks_Em/MockNFW1280ellip5loga2.08PA50center0With_background20num33.dat Nelder-Mead  1.0e-04 1 1 1 1e+04 NFW      359.9997  -0.0003     -1.995 0.230  34   3.25  676.9       -9137.094       -18231.03   502 359.9997  -0.0003     -1.995 0.223  34   3.25   11.993
2018-05-07-18:39:25 1.11  Mocks_Em/MockNFW1280ellip5loga2.08PA50center0With_background20num34.dat Nelder-Mead  1.0e-04 1 1 1 1e+04 NFW        0.0002   0.0001     -2.011 0.177 141   3.25  637.6       -8831.867       -17620.57   503   0.0002   0.0001     -2.011 0.172 138   3.25   12.927
2018-05-07-18:39:25 1.11  Mocks_Em/MockNFW1280ellip5loga2.08PA50center0With_background20num35.dat Nelder-Mead  1.0e-04 1 1 1 1e+04 NFW        0.0001   0.0002     -2.006 0.252  43   3.25  645.0       -8880.123       -17717.08   507   0.0001   0.0002     -2.006 0.240  43   3.25   12.509
2018-05-07-18:39:25 1.11  Mocks_Em/MockNFW1280ellip5loga2.08PA50center0With_background20num36.dat Nelder-Mead  1.0e-04 1 1 1 1e+04 NFW        0.0001  -0.0001     -2.013 0.219 136   3.25  634.3       -8809.421       -17575.68   500   0.0001  -0.0001     -2.011 0.210 136   3.25   12.480
2018-05-07-18:39:25 1.11  Mocks_Em/MockNFW1280ellip5loga2.08PA50center0With_background20num37.dat Nelder-Mead  1.0e-04 1 1 1 1e+04 NFW      360.0000  -0.0001     -2.009 0.249  40   3.26  657.7       -9100.185       -18157.21   503 360.0000  -0.0001     -2.009 0.242  39   3.26   12.672
2018-05-07-18:39:25 1.11  Mocks_Em/MockNFW1280ellip5loga2.08PA50center0With_background20num38.dat Nelder-Mead  1.0e-04 1 1 1 1e+04 NFW      359.9999   0.0002     -2.005 0.213  37   3.26  660.9       -9046.603       -18050.04   507 359.9999   0.0002     -2.005 0.205  37   3.26   12.545
2018-05-07-18:39:25 1.11  Mocks_Em/MockNFW1280ellip5loga2.08PA50center0With_background20num39.dat Nelder-Mead  1.0e-04 1 1 1 1e+04 NFW      359.9998   0.0001     -2.006 0.209  39   3.25  646.8        -8906.69       -17770.22   500 359.9998   0.0001     -2.006 0.201  39   3.25   12.891
2018-05-07-18:39:25 1.11  Mocks_Em/MockNFW1280ellip5loga2.08PA50center0With_background20num40.dat Nelder-Mead  1.0e-04 1 1 1 1e+04 NFW      359.9998  -0.0004     -2.034 0.230  35   3.25  609.0       -9171.441       -18299.72   506 359.9998  -0.0004     -2.027 0.221  34   3.25   12.976
2018-05-07-18:39:25 1.11  Mocks_Em/MockNFW1280ellip5loga2.08PA50center0With_background20num41.dat Nelder-Mead  1.0e-04 1 1 1 1e+04 NFW      359.9999   0.0000     -2.010 0.178 136   3.26  645.8       -8828.862       -17614.56   500 359.9999   0.0000     -2.010 0.170 136   3.25   12.745
2018-05-07-18:39:25 1.11  Mocks_Em/MockNFW1280ellip5loga2.08PA50center0With_background20num42.dat Nelder-Mead  1.0e-04 1 1 1 1e+04 NFW        0.0001   0.0001     -2.014 0.228  35   3.25  633.1       -8896.066       -17748.97   505   0.0001   0.0001     -2.014 0.218  35   3.25   12.615
2018-05-07-18:39:25 1.11  Mocks_Em/MockNFW1280ellip5loga2.08PA50center0With_background20num43.dat Nelder-Mead  1.0e-04 1 1 1 1e+04 NFW        0.0000  -0.0003     -2.005 0.225  34   3.25  650.2        -8934.18        -17825.2   507   0.0000  -0.0003     -1.993 0.215  34   3.25   13.011
2018-05-07-18:39:25 1.11  Mocks_Em/MockNFW1280ellip5loga2.08PA50center0With_background20num44.dat Nelder-Mead  1.0e-04 1 1 1 1e+04 NFW      359.9999  -0.0002     -2.034 0.262  40   3.25  609.9       -9148.727       -18254.29   500 359.9999  -0.0002     -2.032 0.250  40   3.25   12.630
2018-05-07-18:39:25 1.11  Mocks_Em/MockNFW1280ellip5loga2.08PA50center0With_background20num45.dat Nelder-Mead  1.0e-04 1 1 1 1e+04 NFW      359.9997   0.0002     -2.002 0.235  43   3.26  667.3       -9172.155       -18301.15   503 359.9997   0.0002     -2.002 0.227  42   3.25   12.183
2018-05-07-18:39:25 1.11  Mocks_Em/MockNFW1280ellip5loga2.08PA50center0With_background20num46.dat Nelder-Mead  1.0e-04 1 1 1 1e+04 NFW        0.0003  -0.0001     -2.023 0.261  35   3.25  622.4       -9068.853       -18094.54   500   0.0003  -0.0001     -2.016 0.249  35   3.25   12.371
2018-05-07-18:39:25 1.11  Mocks_Em/MockNFW1280ellip5loga2.08PA50center0With_background20num47.dat Nelder-Mead  1.0e-04 1 1 1 1e+04 NFW        0.0001  -0.0001     -2.030 0.213  39   3.26  619.9       -9053.149       -18063.14   503   0.0001  -0.0001     -2.030 0.204  39   3.26   12.839
2018-05-07-18:39:25 1.11  Mocks_Em/MockNFW1280ellip5loga2.08PA50center0With_background20num48.dat Nelder-Mead  1.0e-04 1 1 1 1e+04 NFW        0.0002  -0.0002     -2.018 0.200  41   3.25  632.0       -8981.826       -17920.49   500   0.0002  -0.0002     -2.018 0.193  41   3.25   12.571
2018-05-07-18:39:25 1.11  Mocks_Em/MockNFW1280ellip5loga2.08PA50center0With_background20num49.dat Nelder-Mead  1.0e-04 1 1 1 1e+04 NFW        0.0003   0.0003     -2.015 0.192  36   3.25  638.6       -9072.889       -18102.62   500   0.0003   0.0003     -2.015 0.185  35   3.25   12.694
2018-05-07-18:39:25 1.11  Mocks_Em/MockNFW1280ellip5loga2.08PA50center0With_background20num50.dat Nelder-Mead  1.0e-04 1 1 1 1e+04 NFW      359.9999  -0.0001     -2.003 0.173  34   3.25  658.2       -8873.753       -17704.34   507 359.9999  -0.0001     -2.003 0.164  34   3.25   12.787
2018-05-07-18:39:25 1.11  Mocks_Em/MockNFW1280ellip5loga2.08PA50center0With_background20num51.dat Nelder-Mead  1.0e-04 1 1 1 1e+04 NFW      360.0000  -0.0001     -2.055 0.203  34   3.26  579.8       -8907.944       -17772.73   501 360.0000  -0.0001     -2.005 0.199  34   3.26   13.098
2018-05-07-18:39:25 1.11  Mocks_Em/MockNFW1280ellip5loga2.08PA50center0With_background20num52.dat Nelder-Mead  1.0e-04 1 1 1 1e+04 NFW        0.0003   0.0000     -2.014 0.209  42   3.25  636.6       -8954.062       -17864.96   500   0.0003   0.0000     -2.001 0.201  42   3.25   12.518
2018-05-07-18:39:25 1.11  Mocks_Em/MockNFW1280ellip5loga2.08PA50center0With_background20num53.dat Nelder-Mead  1.0e-04 1 1 1 1e+04 NFW        0.0000   0.0000     -2.012 0.233  41   3.27  654.8       -9087.335       -18131.51   500   0.0000   0.0000     -2.012 0.222  41   3.27   12.375
2018-05-07-18:39:25 1.11  Mocks_Em/MockNFW1280ellip5loga2.08PA50center0With_background20num54.dat Nelder-Mead  1.0e-04 1 1 1 1e+04 NFW        0.0004   0.0002     -2.008 0.197  35   3.27  651.3       -9114.632        -18186.1   501   0.0004   0.0002     -2.008 0.189  35   3.25   13.177
2018-05-07-18:39:25 1.11  Mocks_Em/MockNFW1280ellip5loga2.08PA50center0With_background20num55.dat Nelder-Mead  1.0e-04 1 1 1 1e+04 NFW      359.9999  -0.0000     -2.015 0.243  35   3.25  627.4        -8851.82       -17660.48   505 359.9999  -0.0000     -2.015 0.232  35   3.25   12.445
2018-05-07-18:39:25 1.11  Mocks_Em/MockNFW1280ellip5loga2.08PA50center0With_background20num56.dat Nelder-Mead  1.0e-04 1 1 1 1e+04 NFW      360.0000   0.0001     -2.013 0.207  41   3.24  625.7        -8696.14       -17349.12   500 360.0000   0.0001     -2.013 0.203  41   3.24   12.544
2018-05-07-18:39:25 1.11  Mocks_Em/MockNFW1280ellip5loga2.08PA50center0With_background20num57.dat Nelder-Mead  1.0e-04 1 1 1 1e+04 NFW      360.0000  -0.0000     -2.070 0.218  41   3.27  550.4       -8821.249       -17599.34   500 360.0000  -0.0000     -2.007 0.218  41   3.25   13.072
2018-05-07-18:39:25 1.11  Mocks_Em/MockNFW1280ellip5loga2.08PA50center0With_background20num58.dat Nelder-Mead  1.0e-04 1 1 1 1e+04 NFW      359.9999  -0.0003     -2.016 0.218  40   3.24  630.4       -8998.587       -17954.01   502 359.9999  -0.0003     -2.016 0.208  40   3.24   12.476
2018-05-07-18:39:25 1.11  Mocks_Em/MockNFW1280ellip5loga2.08PA50center0With_background20num59.dat Nelder-Mead  1.0e-04 1 1 1 1e+04 NFW      359.9997   0.0001     -2.001 0.194  35   3.24  647.4       -8848.154       -17653.14   500 359.9997   0.0001     -2.001 0.186  35   3.24   12.466
2018-05-07-18:39:25 1.11  Mocks_Em/MockNFW1280ellip5loga2.08PA50center0With_background20num60.dat Nelder-Mead  1.0e-04 1 1 1 1e+04 NFW        0.0001   0.0001     -2.018 0.212  38   3.26  635.9       -8996.176       -17949.19   500   0.0001   0.0001     -2.018 0.203  37   3.26   12.602
2018-05-07-18:39:25 1.11  Mocks_Em/MockNFW1280ellip5loga2.08PA50center0With_background20num61.dat Nelder-Mead  1.0e-04 1 1 1 1e+04 NFW        0.0002   0.0000     -2.095 0.199  40   3.26  522.6       -8991.817       -17940.47   501   0.0002   0.0000     -2.044 0.197  40   3.25   13.312
2018-05-07-18:39:25 1.11  Mocks_Em/MockNFW1280ellip5loga2.08PA50center0With_background20num62.dat Nelder-Mead  1.0e-04 1 1 1 1e+04 NFW        0.0002   0.0003     -2.018 0.203  41   3.26  640.9       -9112.804       -18182.45   507   0.0002   0.0003     -2.006 0.195  40   3.26   12.702
2018-05-07-18:39:25 1.11  Mocks_Em/MockNFW1280ellip5loga2.08PA50center0With_background20num63.dat Nelder-Mead  1.0e-04 1 1 1 1e+04 NFW        0.0001  -0.0000     -2.011 0.238  39   3.25  633.3       -8824.431        -17605.7   501   0.0001  -0.0000     -2.011 0.226  39   3.25   12.451
2018-05-07-18:39:25 1.11  Mocks_Em/MockNFW1280ellip5loga2.08PA50center0With_background20num64.dat Nelder-Mead  1.0e-04 1 1 1 1e+04 NFW        0.0003  -0.0001     -2.047 0.203  39   3.25  585.5        -8976.76       -17910.36   507   0.0003  -0.0001     -1.997 0.200  39   3.25   12.524
2018-05-07-18:39:25 1.11  Mocks_Em/MockNFW1280ellip5loga2.08PA50center0With_background20num65.dat Nelder-Mead  1.0e-04 1 1 1 1e+04 NFW      359.9999   0.0001     -1.994 0.187  37   3.26  678.2       -8913.857       -17784.55   500 359.9999   0.0001     -1.994 0.179  37   3.26   12.082
2018-05-07-18:39:25 1.11  Mocks_Em/MockNFW1280ellip5loga2.08PA50center0With_background20num66.dat Nelder-Mead  1.0e-04 1 1 1 1e+04 NFW        0.0002  -0.0001     -2.017 0.209  40   3.27  624.8       -8879.183        -17715.2   500   0.0002  -0.0001     -2.017 0.202  40   3.25   12.416
2018-05-07-18:39:25 1.11  Mocks_Em/MockNFW1280ellip5loga2.08PA50center0With_background20num67.dat Nelder-Mead  1.0e-04 1 1 1 1e+04 NFW        0.0002  -0.0001     -2.017 0.176  35   3.25  631.2       -8814.287       -17585.41   502   0.0002  -0.0001     -2.017 0.171  34   3.25   12.350
2018-05-07-18:39:25 1.11  Mocks_Em/MockNFW1280ellip5loga2.08PA50center0With_background20num68.dat Nelder-Mead  1.0e-04 1 1 1 1e+04 NFW        0.0000  -0.0001     -2.017 0.249  40   3.26  635.8        -9000.13        -17957.1   500   0.0000  -0.0001     -2.017 0.237  40   3.26   12.586
2018-05-07-18:39:25 1.11  Mocks_Em/MockNFW1280ellip5loga2.08PA50center0With_background20num69.dat Nelder-Mead  1.0e-04 1 1 1 1e+04 NFW      359.9998   0.0002     -2.017 0.249  45   3.24  622.3       -8908.767       -17774.37   504 359.9998   0.0002     -2.017 0.238  45   3.24   12.637
2018-05-07-18:39:25 1.11  Mocks_Em/MockNFW1280ellip5loga2.08PA50center0With_background20num70.dat Nelder-Mead  1.0e-04 1 1 1 1e+04 NFW      360.0000   0.0000     -2.015 0.208  39   3.29  633.9       -8841.324       -17639.49   501 360.0000   0.0000     -2.015 0.200  39   3.25   12.529
2018-05-07-18:39:25 1.11  Mocks_Em/MockNFW1280ellip5loga2.08PA50center0With_background20num71.dat Nelder-Mead  1.0e-04 1 1 1 1e+04 NFW      359.9998  -0.0003     -2.101 0.166  37   3.25  514.3       -9002.578       -17961.99   500 359.9998  -0.0003     -2.025 0.166  37   3.25   13.320
2018-05-07-18:39:25 1.11  Mocks_Em/MockNFW1280ellip5loga2.08PA50center0With_background20num72.dat Nelder-Mead  1.0e-04 1 1 1 1e+04 NFW      360.0000  -0.0000     -2.038 0.245  39   3.26  609.6       -9097.902       -18152.64   507 360.0000  -0.0000     -2.031 0.236  39   3.26   13.243
2018-05-07-18:39:25 1.11  Mocks_Em/MockNFW1280ellip5loga2.08PA50center0With_background20num73.dat Nelder-Mead  1.0e-04 1 1 1 1e+04 NFW      359.9998  -0.0000     -1.992 0.205 138   3.24  664.6       -8767.374       -17491.59   501 359.9998  -0.0000     -1.992 0.196 138   3.24   12.455
2018-05-07-18:39:25 1.11  Mocks_Em/MockNFW1280ellip5loga2.08PA50center0With_background20num74.dat Nelder-Mead  1.0e-04 1 1 1 1e+04 NFW        0.0002  -0.0001     -2.005 0.209  41   3.27  653.8       -8826.236       -17609.31   500   0.0002  -0.0001     -2.005 0.202  40   3.26   12.293
2018-05-07-18:39:25 1.11  Mocks_Em/MockNFW1280ellip5loga2.08PA50center0With_background20num75.dat Nelder-Mead  1.0e-04 1 1 1 1e+04 NFW      359.9999  -0.0002     -2.016 0.186  35   3.27  634.4       -8921.511       -17799.86   500 359.9999  -0.0002     -2.016 0.179  35   3.25   12.254
2018-05-07-18:39:25 1.11  Mocks_Em/MockNFW1280ellip5loga2.08PA50center0With_background20num76.dat Nelder-Mead  1.0e-04 1 1 1 1e+04 NFW        0.0005   0.0002     -2.054 0.228  39   3.26  566.9       -8939.515       -17835.87   504   0.0005   0.0002     -2.004 0.224  39   3.24   12.840
2018-05-07-18:39:25 1.11  Mocks_Em/MockNFW1280ellip5loga2.08PA50center0With_background20num77.dat Nelder-Mead  1.0e-04 1 1 1 1e+04 NFW        0.0001   0.0001     -2.022 0.205  32   3.26  640.5       -9095.645       -18148.13   505   0.0001   0.0001     -2.022 0.196  32   3.26   12.961
2018-05-07-18:39:25 1.11  Mocks_Em/MockNFW1280ellip5loga2.08PA50center0With_background20num78.dat Nelder-Mead  1.0e-04 1 1 1 1e+04 NFW      359.9999   0.0002     -2.028 0.231  41   3.25  612.7       -8951.028       -17858.89   503 359.9999   0.0002     -2.015 0.223  41   3.25   12.683
2018-05-07-18:39:25 1.11  Mocks_Em/MockNFW1280ellip5loga2.08PA50center0With_background20num79.dat Nelder-Mead  1.0e-04 1 1 1 1e+04 NFW        0.0003  -0.0000     -2.012 0.228  39   3.25  642.9       -9064.799       -18086.44   507   0.0003  -0.0000     -2.012 0.219  39   3.25   12.653
2018-05-07-18:39:25 1.11  Mocks_Em/MockNFW1280ellip5loga2.08PA50center0With_background20num80.dat Nelder-Mead  1.0e-04 1 1 1 1e+04 NFW        0.0004   0.0003     -2.028 0.198  36   3.32  607.2       -9009.099       -17975.04   500   0.0004   0.0003     -2.028 0.193  36   3.24   12.486
2018-05-07-18:39:25 1.11  Mocks_Em/MockNFW1280ellip5loga2.08PA50center0With_background20num81.dat Nelder-Mead  1.0e-04 1 1 1 1e+04 NFW        0.0000  -0.0003     -2.015 0.217  37   3.26  648.6       -9138.534       -18233.91   502   0.0000  -0.0003     -2.015 0.207  37   3.26   12.921
2018-05-07-18:39:25 1.11  Mocks_Em/MockNFW1280ellip5loga2.08PA50center0With_background20num82.dat Nelder-Mead  1.0e-04 1 1 1 1e+04 NFW        0.0006   0.0005     -1.999 0.238  36   3.24  656.7       -9132.397       -18221.63   505   0.0005   0.0005     -1.999 0.227  36   3.24   12.564
2018-05-07-18:39:25 1.11  Mocks_Em/MockNFW1280ellip5loga2.08PA50center0With_background20num83.dat Nelder-Mead  1.0e-04 1 1 1 1e+04 NFW      360.0000   0.0001     -2.009 0.164 137   3.25  648.5       -8863.973       -17684.78   503 360.0000   0.0001     -2.009 0.158 136   3.25   12.841
2018-05-07-18:39:25 1.11  Mocks_Em/MockNFW1280ellip5loga2.08PA50center0With_background20num84.dat Nelder-Mead  1.0e-04 1 1 1 1e+04 NFW      359.9998   0.0001     -2.022 0.237  41   3.26  630.3       -9097.754       -18152.35   504 359.9998   0.0001     -2.022 0.228  40   3.25   13.042
2018-05-07-18:39:25 1.11  Mocks_Em/MockNFW1280ellip5loga2.08PA50center0With_background20num85.dat Nelder-Mead  1.0e-04 1 1 1 1e+04 NFW      359.9999   0.0003     -2.026 0.253  37   3.25  624.5       -9185.789       -18328.42   501 359.9999   0.0003     -2.026 0.241  37   3.25   12.551
2018-05-07-18:39:25 1.11  Mocks_Em/MockNFW1280ellip5loga2.08PA50center0With_background20num86.dat Nelder-Mead  1.0e-04 1 1 1 1e+04 NFW        0.0001   0.0001     -2.027 0.207  44   3.26  622.1       -8993.709       -17944.26   507   0.0001   0.0001     -2.027 0.202  43   3.26   12.776
2018-05-07-18:39:25 1.11  Mocks_Em/MockNFW1280ellip5loga2.08PA50center0With_background20num87.dat Nelder-Mead  1.0e-04 1 1 1 1e+04 NFW        0.0002   0.0000     -2.028 0.206  38   3.26  628.5       -9166.059       -18288.96   507   0.0002   0.0000     -2.027 0.201  38   3.26   12.822
2018-05-07-18:39:25 1.11  Mocks_Em/MockNFW1280ellip5loga2.08PA50center0With_background20num88.dat Nelder-Mead  1.0e-04 1 1 1 1e+04 NFW        0.0000   0.0001     -2.016 0.210  40   3.25  632.3       -8909.857       -17776.55   500   0.0000   0.0001     -2.016 0.202  40   3.25   12.697
2018-05-07-18:39:25 1.11  Mocks_Em/MockNFW1280ellip5loga2.08PA50center0With_background20num89.dat Nelder-Mead  1.0e-04 1 1 1 1e+04 NFW        0.0003   0.0000     -2.019 0.216  41   3.25  629.9       -9042.379        -18041.6   500   0.0003   0.0000     -2.019 0.206  41   3.25   12.799
2018-05-07-18:39:25 1.11  Mocks_Em/MockNFW1280ellip5loga2.08PA50center0With_background20num90.dat Nelder-Mead  1.0e-04 1 1 1 1e+04 NFW        0.0003   0.0001     -2.080 0.170  38   3.29  538.1       -8979.212       -17915.26   501   0.0003   0.0001     -2.029 0.168  38   3.24   13.036
2018-05-07-18:39:25 1.11  Mocks_Em/MockNFW1280ellip5loga2.08PA50center0With_background20num91.dat Nelder-Mead  1.0e-04 1 1 1 1e+04 NFW      359.9998   0.0000     -2.011 0.227  34   3.26  658.4       -9168.863       -18294.56   500 359.9998   0.0000     -2.011 0.217  34   3.26   12.976
2018-05-07-18:39:25 1.11  Mocks_Em/MockNFW1280ellip5loga2.08PA50center0With_background20num92.dat Nelder-Mead  1.0e-04 1 1 1 1e+04 NFW        0.0002   0.0002     -2.000 0.252  42   3.24  652.5       -8954.188       -17865.21   501   0.0002   0.0002     -2.000 0.240  41   3.24   12.939
2018-05-07-18:39:25 1.11  Mocks_Em/MockNFW1280ellip5loga2.08PA50center0With_background20num93.dat Nelder-Mead  1.0e-04 1 1 1 1e+04 NFW      359.9999   0.0000     -2.027 0.207  38   3.25  615.1       -8908.385       -17773.61   501 359.9999   0.0000     -2.027 0.199  38   3.25   12.738
2018-05-07-18:39:25 1.11  Mocks_Em/MockNFW1280ellip5loga2.08PA50center0With_background20num94.dat Nelder-Mead  1.0e-04 1 1 1 1e+04 NFW      359.9999   0.0001     -2.005 0.227  44   3.25  645.2       -8847.647       -17652.13   500 359.9999   0.0001     -2.005 0.220  43   3.25   12.424
2018-05-07-18:39:25 1.11  Mocks_Em/MockNFW1280ellip5loga2.08PA50center0With_background20num95.dat Nelder-Mead  1.0e-04 1 1 1 1e+04 NFW      359.9998   0.0000     -2.006 0.217  38   3.25  651.0       -8907.075       -17770.99   500 359.9998   0.0000     -2.006 0.208  38   3.25   12.851
2018-05-07-18:39:25 1.11  Mocks_Em/MockNFW1280ellip5loga2.08PA50center0With_background20num96.dat Nelder-Mead  1.0e-04 1 1 1 1e+04 NFW      360.0000   0.0001     -2.058 0.205  45   3.25  568.3       -8818.015       -17592.87   502 360.0000   0.0001     -2.006 0.203  44   3.25   13.271
2018-05-07-18:39:25 1.11  Mocks_Em/MockNFW1280ellip5loga2.08PA50center0With_background20num97.dat Nelder-Mead  1.0e-04 1 1 1 1e+04 NFW      360.0000   0.0001     -1.998 0.206  35   3.25  662.3       -8839.078       -17634.99   506 360.0000   0.0001     -1.998 0.201  35   3.25   12.668
2018-05-07-18:39:25 1.11  Mocks_Em/MockNFW1280ellip5loga2.08PA50center0With_background20num98.dat Nelder-Mead  1.0e-04 1 1 1 1e+04 NFW      359.9998  -0.0001     -2.053 0.216  37   3.26  582.3       -8999.623       -17956.08   500 359.9998  -0.0001     -2.003 0.212  37   3.26   13.008
2018-05-07-18:39:25 1.11  Mocks_Em/MockNFW1280ellip5loga2.08PA50center0With_background20num99.dat Nelder-Mead  1.0e-04 1 1 1 1e+04 NFW      359.9999   0.0000     -2.016 0.176  33   3.25  634.2       -8834.418       -17625.67   500 359.9999   0.0000     -2.016 0.170  33   3.25   12.792
