2018-05-07-17:03:46 1.11  Mocks_Em/MockNFW1280ellip5loga2.08PA50center0With_background20num0.dat Diff-Evol    1.0e-04 1 1 1 1e+04 NFW      359.9998   0.0001     -1.932 0.782  54   2.24  821.0        -10201.7       -20360.23  2195 359.9999   0.0000     -2.032 0.169  37   3.27   56.895
2018-05-07-17:03:46 1.11  Mocks_Em/MockNFW1280ellip5loga2.08PA50center0With_background20num1.dat Diff-Evol    1.0e-04 1 1 1 1e+04 NFW        0.0003  -0.0002     -1.927 0.796  64   2.81  803.7       -10137.57       -20231.97  2307   0.0003  -0.0001     -2.010 0.228  38   3.25   58.083
2018-05-07-17:03:46 1.11  Mocks_Em/MockNFW1280ellip5loga2.08PA50center0With_background20num2.dat Diff-Evol    1.0e-04 1 1 1 1e+04 NFW        0.0000   0.0001     -1.927 0.794  51   2.71  809.8       -10072.17       -20101.17  1947 359.9999   0.0001     -2.015 0.206  39   3.26   50.173
2018-05-07-17:03:46 1.11  Mocks_Em/MockNFW1280ellip5loga2.08PA50center0With_background20num3.dat Diff-Evol    1.0e-04 1 1 1 1e+04 NFW        0.0003  -0.0001     -1.920 0.799  63   2.30  818.1       -10085.25       -20127.34  2001   0.0004  -0.0001     -2.008 0.162  38   3.25   50.612
2018-05-07-17:03:46 1.11  Mocks_Em/MockNFW1280ellip5loga2.08PA50center0With_background20num4.dat Diff-Evol    1.0e-04 1 1 1 1e+04 NFW        0.0001   0.0002     -1.943 0.797  64   1.54  769.2       -9967.826       -19892.49  2127   0.0001   0.0000     -1.998 0.206  32   3.25   54.578
2018-05-07-17:03:46 1.11  Mocks_Em/MockNFW1280ellip5loga2.08PA50center0With_background20num5.dat Diff-Evol    1.0e-04 1 1 1 1e+04 NFW        0.0002  -0.0002     -1.920 0.779  59   2.66  802.7       -9880.351       -19717.54  1961   0.0002  -0.0002     -1.989 0.181  44   3.24   50.305
2018-05-07-17:03:46 1.11  Mocks_Em/MockNFW1280ellip5loga2.08PA50center0With_background20num6.dat Diff-Evol    1.0e-04 1 1 1 1e+04 NFW      359.9999  -0.0001     -1.925 0.793  49   2.95  812.3       -10051.34       -20059.52  2271 360.0000  -0.0001     -2.014 0.212  39   3.25   58.205
2018-05-07-17:03:46 1.11  Mocks_Em/MockNFW1280ellip5loga2.08PA50center0With_background20num7.dat Diff-Evol    1.0e-04 1 1 1 1e+04 NFW      359.9995   0.0001     -1.925 0.798  45   3.39  787.7       -9960.336       -19877.51  2127 359.9997   0.0001     -2.014 0.207  39   3.24   53.814
2018-05-07-17:03:46 1.11  Mocks_Em/MockNFW1280ellip5loga2.08PA50center0With_background20num8.dat Diff-Evol    1.0e-04 1 1 1 1e+04 NFW        0.0001   0.0001     -1.951 0.762  46   2.85  776.7       -10178.45       -20313.73  1733 359.9999   0.0001     -2.031 0.147  39   3.27   44.874
2018-05-07-17:03:46 1.11  Mocks_Em/MockNFW1280ellip5loga2.08PA50center0With_background20num9.dat Diff-Evol    1.0e-04 1 1 1 1e+04 NFW      359.9999   0.0000     -1.926 0.797  49   4.88  772.6       -10016.08          -19989  2813 359.9999   0.0000     -1.989 0.203  42   3.26   71.526
2018-05-07-17:03:46 1.11  Mocks_Em/MockNFW1280ellip5loga2.08PA50center0With_background20num10.dat Diff-Evol    1.0e-04 1 1 1 1e+04 NFW        0.0002  -0.0001     -1.937 0.782  64   2.35  786.9       -10046.15       -20049.14  2231   0.0002  -0.0000     -2.004 0.197  42   3.25   56.741
2018-05-07-17:03:46 1.11  Mocks_Em/MockNFW1280ellip5loga2.08PA50center0With_background20num11.dat Diff-Evol    1.0e-04 1 1 1 1e+04 NFW        0.0000  -0.0001     -1.938 0.800  52   1.23  793.5       -10198.74       -20354.33  2668 359.9999  -0.0000     -2.026 0.176  41   3.26   66.856
2018-05-07-17:03:46 1.11  Mocks_Em/MockNFW1280ellip5loga2.08PA50center0With_background20num12.dat Diff-Evol    1.0e-04 1 1 1 1e+04 NFW        0.0004  -0.0001     -1.930 0.791  41   3.20  794.5       -10075.59       -20108.01  2119   0.0003   0.0000     -2.008 0.212  40   3.25   53.601
2018-05-07-17:03:46 1.11  Mocks_Em/MockNFW1280ellip5loga2.08PA50center0With_background20num13.dat Diff-Evol    1.0e-04 1 1 1 1e+04 NFW      360.0000  -0.0003     -1.920 0.798  46   1.71  831.7       -10174.41       -20305.65  2433 359.9999  -0.0001     -2.009 0.205 135   3.26   62.706
2018-05-07-17:03:46 1.11  Mocks_Em/MockNFW1280ellip5loga2.08PA50center0With_background20num14.dat Diff-Evol    1.0e-04 1 1 1 1e+04 NFW      359.9999   0.0000     -1.924 0.797  54   2.10  818.7       -10158.53        -20273.9  1863 359.9998   0.0000     -2.025 0.216 136   3.26   49.665
2018-05-07-17:03:46 1.11  Mocks_Em/MockNFW1280ellip5loga2.08PA50center0With_background20num15.dat Diff-Evol    1.0e-04 1 1 1 1e+04 NFW      359.9997   0.0001     -1.925 0.791  51   4.32  796.8       -10047.15       -20051.13  2375 359.9998   0.0001     -2.007 0.234  39   3.25   60.502
2018-05-07-17:03:46 1.11  Mocks_Em/MockNFW1280ellip5loga2.08PA50center0With_background20num16.dat Diff-Evol    1.0e-04 1 1 1 1e+04 NFW        0.0001   0.0002     -1.922 0.797  39   3.62  806.8       -10009.08       -19974.99  2127   0.0002   0.0001     -2.002 0.246 137   3.25   55.050
2018-05-07-17:03:46 1.11  Mocks_Em/MockNFW1280ellip5loga2.08PA50center0With_background20num17.dat Diff-Evol    1.0e-04 1 1 1 1e+04 NFW      360.0000   0.0002     -1.922 0.797  59   2.03  815.4       -10056.85       -20070.54  2418 360.0000   0.0003     -2.020 0.205  38   3.25   61.897
2018-05-07-17:03:46 1.11  Mocks_Em/MockNFW1280ellip5loga2.08PA50center0With_background20num18.dat Diff-Evol    1.0e-04 1 1 1 1e+04 NFW        0.0000   0.0001     -1.942 0.799  57   0.26  771.1       -9995.003       -19946.84  2383   0.0001   0.0001     -2.013 0.238  37   3.25   61.270
2018-05-07-17:03:46 1.11  Mocks_Em/MockNFW1280ellip5loga2.08PA50center0With_background20num19.dat Diff-Evol    1.0e-04 1 1 1 1e+04 NFW        0.0001   0.0000     -1.919 0.787  40   2.55  814.2       -9858.728       -19674.29  2001 360.0000   0.0001     -1.995 0.237  34   3.25   51.831
2018-05-07-17:03:46 1.11  Mocks_Em/MockNFW1280ellip5loga2.08PA50center0With_background20num20.dat Diff-Evol    1.0e-04 1 1 1 1e+04 NFW        0.0001   0.0004     -1.921 0.793  50   3.53  816.6       -10229.13        -20415.1  2460   0.0002   0.0003     -2.009 0.205  45   3.25   62.406
2018-05-07-17:03:46 1.11  Mocks_Em/MockNFW1280ellip5loga2.08PA50center0With_background20num21.dat Diff-Evol    1.0e-04 1 1 1 1e+04 NFW      359.9998   0.0000     -1.918 0.776  65   3.15  811.1       -9792.114       -19541.07  1982 359.9999  -0.0001     -2.001 0.158  37   3.25   50.624
2018-05-07-17:03:46 1.11  Mocks_Em/MockNFW1280ellip5loga2.08PA50center0With_background20num22.dat Diff-Evol    1.0e-04 1 1 1 1e+04 NFW      359.9999  -0.0002     -1.930 0.799  42   1.11  785.3       -9957.788       -19872.41  2537 359.9999  -0.0002     -2.003 0.227  33   3.24   66.014
2018-05-07-17:03:46 1.11  Mocks_Em/MockNFW1280ellip5loga2.08PA50center0With_background20num23.dat Diff-Evol    1.0e-04 1 1 1 1e+04 NFW        0.0001   0.0003     -1.939 0.797  44   3.03  796.2       -10351.82       -20660.48  2375   0.0001   0.0002     -2.046 0.199  44   3.26   58.785
2018-05-07-17:03:46 1.11  Mocks_Em/MockNFW1280ellip5loga2.08PA50center0With_background20num24.dat Diff-Evol    1.0e-04 1 1 1 1e+04 NFW        0.0001   0.0000     -1.924 0.798  52   4.10  805.1       -10009.82       -19976.47  1781 359.9999   0.0000     -2.024 0.207  41   3.25   47.159
2018-05-07-17:03:46 1.11  Mocks_Em/MockNFW1280ellip5loga2.08PA50center0With_background20num25.dat Diff-Evol    1.0e-04 1 1 1 1e+04 NFW        0.0002  -0.0002     -1.921 0.787  50   3.62  812.8       -10056.94       -20070.71  2037   0.0002  -0.0003     -1.995 0.163  37   3.25   51.935
2018-05-07-17:03:46 1.11  Mocks_Em/MockNFW1280ellip5loga2.08PA50center0With_background20num26.dat Diff-Evol    1.0e-04 1 1 1 1e+04 NFW        0.0000   0.0003     -1.919 0.786  50   2.66  841.9       -10344.41       -20645.66  2458   0.0002   0.0002     -2.017 0.217  39   3.26   62.950
2018-05-07-17:03:46 1.11  Mocks_Em/MockNFW1280ellip5loga2.08PA50center0With_background20num27.dat Diff-Evol    1.0e-04 1 1 1 1e+04 NFW      360.0000  -0.0002     -1.923 0.799  47   4.54  779.9       -9879.624       -19716.09  2901 359.9999  -0.0002     -2.003 0.168  42   3.24   73.017
2018-05-07-17:03:46 1.11  Mocks_Em/MockNFW1280ellip5loga2.08PA50center0With_background20num28.dat Diff-Evol    1.0e-04 1 1 1 1e+04 NFW      359.9998  -0.0002     -1.935 0.791  53   3.62  788.6       -10053.41       -20063.66  2453 359.9999  -0.0001     -2.022 0.206  36   3.26   61.563
2018-05-07-17:03:46 1.11  Mocks_Em/MockNFW1280ellip5loga2.08PA50center0With_background20num29.dat Diff-Evol    1.0e-04 1 1 1 1e+04 NFW      359.9994  -0.0002     -1.920 0.798  58   2.95  811.0       -10171.04       -20298.91  2307 359.9996  -0.0003     -2.017 0.259  38   3.24   59.486
2018-05-07-17:03:46 1.11  Mocks_Em/MockNFW1280ellip5loga2.08PA50center0With_background20num30.dat Diff-Evol    1.0e-04 1 1 1 1e+04 NFW      359.9998  -0.0003     -1.930 0.791  64   3.41  796.8       -10014.74       -19986.31  2141 359.9999  -0.0001     -2.007 0.189  33   3.25   53.856
2018-05-07-17:03:46 1.11  Mocks_Em/MockNFW1280ellip5loga2.08PA50center0With_background20num31.dat Diff-Evol    1.0e-04 1 1 1 1e+04 NFW      359.9999   0.0001     -1.926 0.795  51   2.17  807.0       -10056.59       -20070.03  2370 359.9999   0.0000     -2.000 0.234  35   3.25   59.859
2018-05-07-17:03:46 1.11  Mocks_Em/MockNFW1280ellip5loga2.08PA50center0With_background20num32.dat Diff-Evol    1.0e-04 1 1 1 1e+04 NFW      359.9997  -0.0000     -1.922 0.796  45   4.47  787.1       -10068.14       -20093.11  2425 359.9997   0.0000     -2.016 0.225  40   3.24   61.983
2018-05-07-17:03:46 1.11  Mocks_Em/MockNFW1280ellip5loga2.08PA50center0With_background20num33.dat Diff-Evol    1.0e-04 1 1 1 1e+04 NFW      359.9998  -0.0004     -1.915 0.794  57   3.51  838.2       -10315.65       -20588.15  1975 359.9997  -0.0003     -1.995 0.223  34   3.25   50.082
2018-05-07-17:03:46 1.11  Mocks_Em/MockNFW1280ellip5loga2.08PA50center0With_background20num34.dat Diff-Evol    1.0e-04 1 1 1 1e+04 NFW        0.0002   0.0002     -1.920 0.794  54   2.28  814.5       -10007.57       -19971.98  2091   0.0002   0.0001     -2.011 0.172 138   3.25   53.384
2018-05-07-17:03:46 1.11  Mocks_Em/MockNFW1280ellip5loga2.08PA50center0With_background20num35.dat Diff-Evol    1.0e-04 1 1 1 1e+04 NFW        0.0001   0.0002     -1.922 0.799  65   3.04  806.8       -9937.673       -19832.18  2465   0.0001   0.0002     -2.006 0.240  43   3.25   64.109
2018-05-07-17:03:46 1.11  Mocks_Em/MockNFW1280ellip5loga2.08PA50center0With_background20num36.dat Diff-Evol    1.0e-04 1 1 1 1e+04 NFW      359.9999  -0.0001     -1.940 0.798  56   1.89  771.5       -9939.504       -19835.85  2037   0.0001  -0.0001     -2.011 0.210 136   3.25   51.688
2018-05-07-17:03:46 1.11  Mocks_Em/MockNFW1280ellip5loga2.08PA50center0With_background20num37.dat Diff-Evol    1.0e-04 1 1 1 1e+04 NFW      359.9998  -0.0001     -1.932 0.800  54   3.61  808.4       -10204.11       -20365.07  2294 360.0000  -0.0001     -2.009 0.242  39   3.26   58.359
2018-05-07-17:03:46 1.11  Mocks_Em/MockNFW1280ellip5loga2.08PA50center0With_background20num38.dat Diff-Evol    1.0e-04 1 1 1 1e+04 NFW      360.0000   0.0001     -1.936 0.783  51   4.92  752.5       -10144.97       -20246.78  2455 359.9999   0.0002     -2.005 0.205  37   3.26   62.486
2018-05-07-17:03:46 1.11  Mocks_Em/MockNFW1280ellip5loga2.08PA50center0With_background20num39.dat Diff-Evol    1.0e-04 1 1 1 1e+04 NFW      359.9997   0.0000     -1.924 0.786  49   2.41  808.6       -10021.87       -20000.58  2037 359.9998   0.0001     -2.006 0.201  39   3.25   52.571
2018-05-07-17:03:46 1.11  Mocks_Em/MockNFW1280ellip5loga2.08PA50center0With_background20num40.dat Diff-Evol    1.0e-04 1 1 1 1e+04 NFW      359.9998  -0.0005     -1.930 0.793  46   3.79  798.4       -10297.61       -20552.06  2202 359.9998  -0.0004     -2.027 0.221  34   3.25   56.347
2018-05-07-17:03:46 1.11  Mocks_Em/MockNFW1280ellip5loga2.08PA50center0With_background20num41.dat Diff-Evol    1.0e-04 1 1 1 1e+04 NFW        0.0000   0.0000     -1.958 0.789  41   2.53  742.5       -9969.118       -19895.07  1975 359.9999   0.0000     -2.010 0.170 136   3.25   50.951
2018-05-07-17:03:46 1.11  Mocks_Em/MockNFW1280ellip5loga2.08PA50center0With_background20num42.dat Diff-Evol    1.0e-04 1 1 1 1e+04 NFW        0.0000   0.0001     -1.922 0.790  52   3.49  810.2       -10018.45       -19993.75  1731   0.0001   0.0001     -2.014 0.218  35   3.25   43.561
2018-05-07-17:03:46 1.11  Mocks_Em/MockNFW1280ellip5loga2.08PA50center0With_background20num43.dat Diff-Evol    1.0e-04 1 1 1 1e+04 NFW        0.0001  -0.0003     -1.927 0.799  57   4.73  772.8       -10049.98       -20056.79  2105   0.0000  -0.0003     -1.993 0.215  34   3.25   53.331
2018-05-07-17:03:46 1.11  Mocks_Em/MockNFW1280ellip5loga2.08PA50center0With_background20num44.dat Diff-Evol    1.0e-04 1 1 1 1e+04 NFW      359.9998  -0.0001     -1.936 0.798  58   2.32  790.3       -10258.35       -20473.54  2217 359.9999  -0.0002     -2.032 0.250  40   3.25   56.155
2018-05-07-17:03:46 1.11  Mocks_Em/MockNFW1280ellip5loga2.08PA50center0With_background20num45.dat Diff-Evol    1.0e-04 1 1 1 1e+04 NFW      359.9997   0.0002     -1.915 0.786  54   4.10  838.6       -10305.47       -20567.79  2280 359.9997   0.0002     -2.002 0.227  42   3.25   57.839
2018-05-07-17:03:46 1.11  Mocks_Em/MockNFW1280ellip5loga2.08PA50center0With_background20num46.dat Diff-Evol    1.0e-04 1 1 1 1e+04 NFW        0.0002  -0.0001     -1.920 0.788  43   4.06  812.7       -10169.59       -20296.01  2455   0.0003  -0.0001     -2.016 0.249  35   3.25   62.239
2018-05-07-17:03:46 1.11  Mocks_Em/MockNFW1280ellip5loga2.08PA50center0With_background20num47.dat Diff-Evol    1.0e-04 1 1 1 1e+04 NFW        0.0000  -0.0002     -1.946 0.791  50   4.12  768.1       -10118.18       -20193.21  1767   0.0001  -0.0001     -2.030 0.204  39   3.26   43.846
2018-05-07-17:03:46 1.11  Mocks_Em/MockNFW1280ellip5loga2.08PA50center0With_background20num48.dat Diff-Evol    1.0e-04 1 1 1 1e+04 NFW        0.0003  -0.0002     -1.939 0.796  41   1.88  780.3       -10093.74       -20144.31  1961   0.0002  -0.0002     -2.018 0.193  41   3.25   49.947
2018-05-07-17:03:46 1.11  Mocks_Em/MockNFW1280ellip5loga2.08PA50center0With_background20num49.dat Diff-Evol    1.0e-04 1 1 1 1e+04 NFW        0.0004   0.0003     -1.916 0.796  50   0.88  831.9       -10267.12       -20491.08  2037   0.0003   0.0003     -2.015 0.185  35   3.25   50.860
2018-05-07-17:03:46 1.11  Mocks_Em/MockNFW1280ellip5loga2.08PA50center0With_background20num50.dat Diff-Evol    1.0e-04 1 1 1 1e+04 NFW      359.9998  -0.0001     -1.936 0.799  45   2.12  788.4       -10032.03       -20020.89  2529 359.9999  -0.0001     -2.003 0.164  34   3.25   64.071
2018-05-07-17:03:46 1.11  Mocks_Em/MockNFW1280ellip5loga2.08PA50center0With_background20num51.dat Diff-Evol    1.0e-04 1 1 1 1e+04 NFW        0.0000  -0.0002     -1.930 0.796  58   1.22  806.5       -10018.01       -19992.86  2265 360.0000  -0.0001     -2.005 0.199  34   3.26   58.143
2018-05-07-17:03:46 1.11  Mocks_Em/MockNFW1280ellip5loga2.08PA50center0With_background20num52.dat Diff-Evol    1.0e-04 1 1 1 1e+04 NFW        0.0003   0.0001     -1.915 0.796  51   4.20  822.7       -10080.39       -20117.61  2127   0.0003   0.0000     -2.001 0.201  42   3.25   54.310
2018-05-07-17:03:46 1.11  Mocks_Em/MockNFW1280ellip5loga2.08PA50center0With_background20num53.dat Diff-Evol    1.0e-04 1 1 1 1e+04 NFW        0.0000  -0.0000     -1.933 0.795  44   0.55  810.2       -10196.17       -20349.18  2280   0.0000   0.0000     -2.012 0.222  41   3.27   57.986
2018-05-07-17:03:46 1.11  Mocks_Em/MockNFW1280ellip5loga2.08PA50center0With_background20num54.dat Diff-Evol    1.0e-04 1 1 1 1e+04 NFW        0.0005   0.0002     -1.922 0.778  61   3.94  815.0       -10254.71       -20466.25  2606   0.0004   0.0002     -2.008 0.189  35   3.25   64.990
2018-05-07-17:03:46 1.11  Mocks_Em/MockNFW1280ellip5loga2.08PA50center0With_background20num55.dat Diff-Evol    1.0e-04 1 1 1 1e+04 NFW      359.9998   0.0001     -1.938 0.785  55   3.72  768.8       -9908.926       -19774.69  1871 359.9999  -0.0000     -2.015 0.232  35   3.25   46.360
2018-05-07-17:03:46 1.11  Mocks_Em/MockNFW1280ellip5loga2.08PA50center0With_background20num56.dat Diff-Evol    1.0e-04 1 1 1 1e+04 NFW        0.0000  -0.0000     -1.953 0.797  55   3.58  732.2       -9728.258       -19413.35  1911 360.0000   0.0001     -2.013 0.203  41   3.24   48.658
2018-05-07-17:03:46 1.11  Mocks_Em/MockNFW1280ellip5loga2.08PA50center0With_background20num57.dat Diff-Evol    1.0e-04 1 1 1 1e+04 NFW        0.0000  -0.0002     -1.939 0.795  47   2.01  775.0        -9896.15       -19749.14  2307 360.0000  -0.0000     -2.007 0.218  41   3.25   59.204
2018-05-07-17:03:46 1.11  Mocks_Em/MockNFW1280ellip5loga2.08PA50center0With_background20num58.dat Diff-Evol    1.0e-04 1 1 1 1e+04 NFW      359.9997  -0.0003     -1.922 0.800  49   2.05  809.8       -10157.75       -20272.33  2487 359.9999  -0.0003     -2.016 0.208  40   3.24   63.817
2018-05-07-17:03:46 1.11  Mocks_Em/MockNFW1280ellip5loga2.08PA50center0With_background20num59.dat Diff-Evol    1.0e-04 1 1 1 1e+04 NFW      359.9996   0.0002     -1.915 0.792  37   4.13  811.4       -9963.536       -19883.91  2451 359.9997   0.0001     -2.001 0.186  35   3.24   63.564
2018-05-07-17:03:46 1.11  Mocks_Em/MockNFW1280ellip5loga2.08PA50center0With_background20num60.dat Diff-Evol    1.0e-04 1 1 1 1e+04 NFW        0.0001   0.0001     -1.923 0.794  55   0.66  821.8        -10150.1       -20257.03  2294   0.0001   0.0001     -2.018 0.203  37   3.26   57.938
2018-05-07-17:03:46 1.11  Mocks_Em/MockNFW1280ellip5loga2.08PA50center0With_background20num61.dat Diff-Evol    1.0e-04 1 1 1 1e+04 NFW        0.0001  -0.0000     -1.936 0.796  56   1.34  788.8       -10117.78       -20192.39  2343   0.0002   0.0000     -2.044 0.197  40   3.25   59.863
2018-05-07-17:03:46 1.11  Mocks_Em/MockNFW1280ellip5loga2.08PA50center0With_background20num62.dat Diff-Evol    1.0e-04 1 1 1 1e+04 NFW        0.0002   0.0002     -1.917 0.768  48   1.24  841.1       -10258.52       -20473.87  1871   0.0002   0.0003     -2.006 0.195  40   3.26   48.072
2018-05-07-17:03:46 1.11  Mocks_Em/MockNFW1280ellip5loga2.08PA50center0With_background20num63.dat Diff-Evol    1.0e-04 1 1 1 1e+04 NFW        0.0001  -0.0001     -1.936 0.798  58   2.78  773.7       -9910.147       -19777.13  1878   0.0001  -0.0000     -2.011 0.226  39   3.25   47.439
2018-05-07-17:03:46 1.11  Mocks_Em/MockNFW1280ellip5loga2.08PA50center0With_background20num64.dat Diff-Evol    1.0e-04 1 1 1 1e+04 NFW        0.0004  -0.0001     -1.921 0.800  45   3.68  816.3       -10131.42       -20219.68  2183   0.0003  -0.0001     -1.997 0.200  39   3.25   56.348
2018-05-07-17:03:46 1.11  Mocks_Em/MockNFW1280ellip5loga2.08PA50center0With_background20num65.dat Diff-Evol    1.0e-04 1 1 1 1e+04 NFW      359.9999   0.0002     -1.936 0.798  52   1.78  793.5       -10092.27       -20141.37  2737 359.9999   0.0001     -1.994 0.179  37   3.26   68.421
2018-05-07-17:03:46 1.11  Mocks_Em/MockNFW1280ellip5loga2.08PA50center0With_background20num66.dat Diff-Evol    1.0e-04 1 1 1 1e+04 NFW        0.0001  -0.0001     -1.925 0.798  47   0.88  800.8       -10019.13        -19995.1  2633   0.0002  -0.0001     -2.017 0.202  40   3.25   65.902
2018-05-07-17:03:46 1.11  Mocks_Em/MockNFW1280ellip5loga2.08PA50center0With_background20num67.dat Diff-Evol    1.0e-04 1 1 1 1e+04 NFW        0.0003  -0.0004     -1.936 0.796  62   2.95  783.8       -9956.522       -19869.88  2439   0.0002  -0.0001     -2.017 0.171  34   3.25   63.127
2018-05-07-17:03:46 1.11  Mocks_Em/MockNFW1280ellip5loga2.08PA50center0With_background20num68.dat Diff-Evol    1.0e-04 1 1 1 1e+04 NFW      360.0000  -0.0001     -1.927 0.794  56   4.63  786.7       -10096.59       -20150.02  2487   0.0000  -0.0001     -2.017 0.237  40   3.26   63.652
2018-05-07-17:03:46 1.11  Mocks_Em/MockNFW1280ellip5loga2.08PA50center0With_background20num69.dat Diff-Evol    1.0e-04 1 1 1 1e+04 NFW      359.9998   0.0001     -1.934 0.799  33   2.27  776.4       -9961.931        -19880.7  2015 359.9998   0.0002     -2.017 0.238  45   3.24   51.355
2018-05-07-17:03:46 1.11  Mocks_Em/MockNFW1280ellip5loga2.08PA50center0With_background20num70.dat Diff-Evol    1.0e-04 1 1 1 1e+04 NFW      359.9999  -0.0000     -1.930 0.798  65   1.71  796.9       -9942.671       -19842.18  2195 360.0000   0.0000     -2.015 0.200  39   3.25   57.123
2018-05-07-17:03:46 1.11  Mocks_Em/MockNFW1280ellip5loga2.08PA50center0With_background20num71.dat Diff-Evol    1.0e-04 1 1 1 1e+04 NFW      359.9998  -0.0003     -1.926 0.783  51   1.49  806.2       -10187.52       -20331.88  1821 359.9998  -0.0003     -2.025 0.166  37   3.25   45.694
2018-05-07-17:03:46 1.11  Mocks_Em/MockNFW1280ellip5loga2.08PA50center0With_background20num72.dat Diff-Evol    1.0e-04 1 1 1 1e+04 NFW      359.9999  -0.0000     -1.928 0.785  61   2.78  816.5       -10201.23       -20359.29  2058 360.0000  -0.0000     -2.031 0.236  39   3.26   52.213
2018-05-07-17:03:46 1.11  Mocks_Em/MockNFW1280ellip5loga2.08PA50center0With_background20num73.dat Diff-Evol    1.0e-04 1 1 1 1e+04 NFW      359.9997  -0.0000     -1.917 0.795  49   1.44  815.6       -9909.511       -19775.86  2361 359.9998  -0.0000     -1.992 0.196 138   3.24   60.414
2018-05-07-17:03:46 1.11  Mocks_Em/MockNFW1280ellip5loga2.08PA50center0With_background20num74.dat Diff-Evol    1.0e-04 1 1 1 1e+04 NFW        0.0002  -0.0001     -1.925 0.795  62   3.94  807.7       -9961.543       -19879.92  2771   0.0002  -0.0001     -2.005 0.202  40   3.26   70.070
2018-05-07-17:03:46 1.11  Mocks_Em/MockNFW1280ellip5loga2.08PA50center0With_background20num75.dat Diff-Evol    1.0e-04 1 1 1 1e+04 NFW      359.9999  -0.0002     -1.922 0.795  60   0.33  817.1       -10085.25       -20127.34  2141 359.9999  -0.0002     -2.016 0.179  35   3.25   54.817
2018-05-07-17:03:46 1.11  Mocks_Em/MockNFW1280ellip5loga2.08PA50center0With_background20num76.dat Diff-Evol    1.0e-04 1 1 1 1e+04 NFW        0.0005   0.0002     -1.936 0.789  54   0.38  772.4       -10067.94       -20092.72  2015   0.0005   0.0002     -2.004 0.224  39   3.24   51.472
2018-05-07-17:03:46 1.11  Mocks_Em/MockNFW1280ellip5loga2.08PA50center0With_background20num77.dat Diff-Evol    1.0e-04 1 1 1 1e+04 NFW      360.0000   0.0001     -1.921 0.792  63   3.89  836.5       -10258.75       -20474.33  2307   0.0001   0.0001     -2.022 0.196  32   3.26   60.361
2018-05-07-17:03:46 1.11  Mocks_Em/MockNFW1280ellip5loga2.08PA50center0With_background20num78.dat Diff-Evol    1.0e-04 1 1 1 1e+04 NFW      359.9999   0.0001     -1.924 0.784  46   2.27  809.3        -10057.1       -20071.05  2411 359.9999   0.0002     -2.015 0.223  41   3.25   61.971
2018-05-07-17:03:46 1.11  Mocks_Em/MockNFW1280ellip5loga2.08PA50center0With_background20num79.dat Diff-Evol    1.0e-04 1 1 1 1e+04 NFW        0.0003   0.0000     -1.923 0.777  51   1.47  817.0       -10153.46       -20263.76  2086   0.0003  -0.0000     -2.012 0.219  39   3.25   51.733
2018-05-07-17:03:46 1.11  Mocks_Em/MockNFW1280ellip5loga2.08PA50center0With_background20num80.dat Diff-Evol    1.0e-04 1 1 1 1e+04 NFW        0.0004   0.0002     -1.915 0.775  58   2.22  819.9       -10134.75       -20226.33  2487   0.0004   0.0003     -2.028 0.193  36   3.24   62.603
2018-05-07-17:03:46 1.11  Mocks_Em/MockNFW1280ellip5loga2.08PA50center0With_background20num81.dat Diff-Evol    1.0e-04 1 1 1 1e+04 NFW        0.0000  -0.0003     -1.916 0.782  49   2.23  846.7       -10288.97       -20534.78  2181   0.0000  -0.0003     -2.015 0.207  37   3.26   55.026
2018-05-07-17:03:46 1.11  Mocks_Em/MockNFW1280ellip5loga2.08PA50center0With_background20num82.dat Diff-Evol    1.0e-04 1 1 1 1e+04 NFW        0.0005   0.0006     -1.927 0.796  56   3.00  795.2       -10247.38       -20451.61  2307   0.0005   0.0005     -1.999 0.227  36   3.24   56.534
2018-05-07-17:03:46 1.11  Mocks_Em/MockNFW1280ellip5loga2.08PA50center0With_background20num83.dat Diff-Evol    1.0e-04 1 1 1 1e+04 NFW      359.9999   0.0001     -1.933 0.796  42   1.28  796.9       -10048.09       -20053.03  2217 360.0000   0.0001     -2.009 0.158 136   3.25   56.783
2018-05-07-17:03:46 1.11  Mocks_Em/MockNFW1280ellip5loga2.08PA50center0With_background20num84.dat Diff-Evol    1.0e-04 1 1 1 1e+04 NFW      359.9998   0.0001     -1.920 0.798  42   3.42  826.2       -10236.62       -20430.09  1982 359.9998   0.0001     -2.022 0.228  40   3.25   51.181
2018-05-07-17:03:46 1.11  Mocks_Em/MockNFW1280ellip5loga2.08PA50center0With_background20num85.dat Diff-Evol    1.0e-04 1 1 1 1e+04 NFW      359.9998   0.0003     -1.918 0.798  48   2.73  833.6        -10319.4       -20595.63  2578 359.9999   0.0003     -2.026 0.241  37   3.25   65.024
2018-05-07-17:03:46 1.11  Mocks_Em/MockNFW1280ellip5loga2.08PA50center0With_background20num86.dat Diff-Evol    1.0e-04 1 1 1 1e+04 NFW        0.0001   0.0002     -1.928 0.792  41   3.28  810.2       -10136.79       -20230.42  1835   0.0001   0.0001     -2.027 0.202  43   3.26   46.386
2018-05-07-17:03:46 1.11  Mocks_Em/MockNFW1280ellip5loga2.08PA50center0With_background20num87.dat Diff-Evol    1.0e-04 1 1 1 1e+04 NFW        0.0001  -0.0001     -1.920 0.799  53   4.52  819.8       -10328.35       -20613.54  2259   0.0002   0.0000     -2.027 0.201  38   3.26   57.239
2018-05-07-17:03:46 1.11  Mocks_Em/MockNFW1280ellip5loga2.08PA50center0With_background20num88.dat Diff-Evol    1.0e-04 1 1 1 1e+04 NFW        0.0000   0.0003     -1.920 0.790  54   1.08  818.1        -10046.3       -20049.43  2487   0.0000   0.0001     -2.016 0.202  40   3.25   63.291
2018-05-07-17:03:46 1.11  Mocks_Em/MockNFW1280ellip5loga2.08PA50center0With_background20num89.dat Diff-Evol    1.0e-04 1 1 1 1e+04 NFW        0.0003  -0.0000     -1.939 0.784  55   2.65  778.9       -10168.91       -20294.65  2487   0.0003   0.0000     -2.019 0.206  41   3.25   62.328
2018-05-07-17:03:46 1.11  Mocks_Em/MockNFW1280ellip5loga2.08PA50center0With_background20num90.dat Diff-Evol    1.0e-04 1 1 1 1e+04 NFW        0.0003   0.0002     -1.919 0.796  61   4.85  779.6       -10162.16       -20281.15  2091   0.0003   0.0001     -2.029 0.168  38   3.24   52.635
2018-05-07-17:03:46 1.11  Mocks_Em/MockNFW1280ellip5loga2.08PA50center0With_background20num91.dat Diff-Evol    1.0e-04 1 1 1 1e+04 NFW      359.9997   0.0001     -1.919 0.796  59   1.29  844.4       -10352.57       -20661.98  2149 359.9998   0.0000     -2.011 0.217  34   3.26   55.489
2018-05-07-17:03:46 1.11  Mocks_Em/MockNFW1280ellip5loga2.08PA50center0With_background20num92.dat Diff-Evol    1.0e-04 1 1 1 1e+04 NFW        0.0003   0.0003     -1.915 0.798  43   1.35  822.7       -10060.43        -20077.7  2631   0.0002   0.0002     -2.000 0.240  41   3.24   65.656
2018-05-07-17:03:46 1.11  Mocks_Em/MockNFW1280ellip5loga2.08PA50center0With_background20num93.dat Diff-Evol    1.0e-04 1 1 1 1e+04 NFW        0.0000   0.0000     -1.920 0.800  56   3.73  818.0       -10054.22       -20065.28  2771 359.9999   0.0000     -2.027 0.199  38   3.25   69.850
2018-05-07-17:03:46 1.11  Mocks_Em/MockNFW1280ellip5loga2.08PA50center0With_background20num94.dat Diff-Evol    1.0e-04 1 1 1 1e+04 NFW      359.9999   0.0001     -1.968 0.799  46   3.53  710.2       -9913.041       -19782.92  2098 359.9999   0.0001     -2.005 0.220  43   3.25   53.111
2018-05-07-17:03:46 1.11  Mocks_Em/MockNFW1280ellip5loga2.08PA50center0With_background20num95.dat Diff-Evol    1.0e-04 1 1 1 1e+04 NFW      359.9999   0.0000     -1.925 0.793  57   3.36  809.8       -10031.03        -20018.9  2397 359.9998   0.0000     -2.006 0.208  38   3.25   60.820
2018-05-07-17:03:46 1.11  Mocks_Em/MockNFW1280ellip5loga2.08PA50center0With_background20num96.dat Diff-Evol    1.0e-04 1 1 1 1e+04 NFW        0.0000   0.0001     -1.930 0.787  44   1.70  797.6       -9951.328       -19859.49  2569 360.0000   0.0001     -2.006 0.203  44   3.25   64.284
2018-05-07-17:03:46 1.11  Mocks_Em/MockNFW1280ellip5loga2.08PA50center0With_background20num97.dat Diff-Evol    1.0e-04 1 1 1 1e+04 NFW        0.0001   0.0001     -1.943 0.783  49   1.86  769.2       -9947.475       -19851.79  2321 360.0000   0.0001     -1.998 0.201  35   3.25   59.870
2018-05-07-17:03:46 1.11  Mocks_Em/MockNFW1280ellip5loga2.08PA50center0With_background20num98.dat Diff-Evol    1.0e-04 1 1 1 1e+04 NFW      359.9998   0.0001     -1.929 0.797  46   2.98  807.7       -10113.57       -20183.97  2301 359.9998  -0.0001     -2.003 0.212  37   3.26   59.600
2018-05-07-17:03:46 1.11  Mocks_Em/MockNFW1280ellip5loga2.08PA50center0With_background20num99.dat Diff-Evol    1.0e-04 1 1 1 1e+04 NFW      360.0000   0.0000     -1.921 0.794  49   1.30  818.6       -10033.72       -20024.27  2591 359.9999   0.0000     -2.016 0.170  33   3.25   65.932
