2018-05-07-16:59:06 1.11  Mocks_Em/MockNFW1280ellip5loga2.08PA50center0With_background20num0.dat L-BFGS-B     1.0e-04 1 1 1 1e+04 NFW      359.9999   0.0000     -2.032 0.169  37   3.27  628.1        -9053.07       -18062.98   147 359.9999   0.0000     -2.032 0.169  37   3.27    3.781
2018-05-07-16:59:06 1.11  Mocks_Em/MockNFW1280ellip5loga2.08PA50center0With_background20num1.dat L-BFGS-B     1.0e-04 1 1 1 1e+04 NFW        0.0003  -0.0001     -2.010 0.228  38   3.25  643.3       -8842.973       -17642.78   147   0.0003  -0.0001     -2.010 0.228  38   3.25    3.625
2018-05-07-16:59:06 1.11  Mocks_Em/MockNFW1280ellip5loga2.08PA50center0With_background20num2.dat L-BFGS-B     1.0e-04 1 1 1 1e+04 NFW      359.9999   0.0001     -2.015 0.206  39   3.26  639.0       -8900.481        -17757.8   161 359.9999   0.0001     -2.015 0.206  39   3.26    3.941
2018-05-07-16:59:06 1.11  Mocks_Em/MockNFW1280ellip5loga2.08PA50center0With_background20num3.dat L-BFGS-B     1.0e-04 1 1 1 1e+04 NFW        0.0004  -0.0001     -2.008 0.162  38   3.25  646.1       -8895.876       -17748.59   147   0.0004  -0.0001     -2.008 0.162  38   3.25    3.878
2018-05-07-16:59:06 1.11  Mocks_Em/MockNFW1280ellip5loga2.08PA50center0With_background20num4.dat L-BFGS-B     1.0e-04 1 1 1 1e+04 NFW        0.0001   0.0000     -1.998 0.206  32   3.25  662.1       -8834.892       -17626.62   112   0.0001   0.0000     -1.998 0.206  32   3.25    2.829
2018-05-07-16:59:06 1.11  Mocks_Em/MockNFW1280ellip5loga2.08PA50center0With_background20num5.dat L-BFGS-B     1.0e-04 1 1 1 1e+04 NFW        0.0002  -0.0002     -1.989 0.181  44   3.24  666.6       -8742.458       -17441.75   161   0.0002  -0.0002     -1.989 0.181  44   3.24    3.821
2018-05-07-16:59:06 1.11  Mocks_Em/MockNFW1280ellip5loga2.08PA50center0With_background20num6.dat L-BFGS-B     1.0e-04 1 1 1 1e+04 NFW      360.0000  -0.0001     -2.014 0.212  39   3.25  639.1       -8897.195       -17751.23   175 360.0000  -0.0001     -2.014 0.212  39   3.25    4.602
2018-05-07-16:59:06 1.11  Mocks_Em/MockNFW1280ellip5loga2.08PA50center0With_background20num7.dat L-BFGS-B     1.0e-04 1 1 1 1e+04 NFW      359.9997   0.0001     -2.014 0.207  39   3.24  623.0       -8812.892       -17582.62   147 359.9997   0.0001     -2.014 0.207  39   3.24    4.108
2018-05-07-16:59:06 1.11  Mocks_Em/MockNFW1280ellip5loga2.08PA50center0With_background20num8.dat L-BFGS-B     1.0e-04 1 1 1 1e+04 NFW      359.9999   0.0001     -2.031 0.147  39   3.27  628.6       -9026.177       -18009.19   147 359.9999   0.0001     -2.031 0.147  39   3.27    3.474
2018-05-07-16:59:06 1.11  Mocks_Em/MockNFW1280ellip5loga2.08PA50center0With_background20num9.dat L-BFGS-B     1.0e-04 1 1 1 1e+04 NFW      359.9999   0.0000     -1.989 0.203  42   3.26  682.8       -8742.755       -17442.35    42 359.9999   0.0000     -1.989 0.203  42   3.26    0.686
2018-05-07-16:59:06 1.11  Mocks_Em/MockNFW1280ellip5loga2.08PA50center0With_background20num10.dat L-BFGS-B     1.0e-04 1 1 1 1e+04 NFW        0.0002  -0.0000     -2.004 0.197  42   3.25  656.9       -8938.235       -17833.31    49   0.0002  -0.0000     -2.004 0.197  42   3.25    1.073
2018-05-07-16:59:06 1.11  Mocks_Em/MockNFW1280ellip5loga2.08PA50center0With_background20num11.dat L-BFGS-B     1.0e-04 1 1 1 1e+04 NFW      359.9999  -0.0000     -2.026 0.176  41   3.26  628.2       -9000.269       -17957.38   147 359.9999  -0.0000     -2.026 0.176  41   3.26    3.754
2018-05-07-16:59:06 1.11  Mocks_Em/MockNFW1280ellip5loga2.08PA50center0With_background20num12.dat L-BFGS-B     1.0e-04 1 1 1 1e+04 NFW        0.0003   0.0000     -2.008 0.212  40   3.25  646.0       -8941.195       -17839.23    21   0.0003   0.0000     -2.008 0.212  40   3.25    0.446
2018-05-07-16:59:06 1.11  Mocks_Em/MockNFW1280ellip5loga2.08PA50center0With_background20num13.dat L-BFGS-B     1.0e-04 1 1 1 1e+04 NFW      359.9999  -0.0001     -2.009 0.205 135   3.26  654.1        -8956.78        -17870.4   210 359.9999  -0.0001     -2.009 0.205 135   3.26    4.693
2018-05-07-16:59:06 1.11  Mocks_Em/MockNFW1280ellip5loga2.08PA50center0With_background20num14.dat L-BFGS-B     1.0e-04 1 1 1 1e+04 NFW      359.9998   0.0000     -2.025 0.216 136   3.26  625.4       -8959.026       -17874.89   147 359.9998   0.0000     -2.025 0.216 136   3.26    3.853
2018-05-07-16:59:06 1.11  Mocks_Em/MockNFW1280ellip5loga2.08PA50center0With_background20num15.dat L-BFGS-B     1.0e-04 1 1 1 1e+04 NFW      359.9998   0.0001     -2.007 0.234  39   3.25  647.2       -8949.541       -17855.92   161 359.9998   0.0001     -2.007 0.234  39   3.25    3.946
2018-05-07-16:59:06 1.11  Mocks_Em/MockNFW1280ellip5loga2.08PA50center0With_background20num16.dat L-BFGS-B     1.0e-04 1 1 1 1e+04 NFW        0.0002   0.0001     -2.002 0.246 137   3.25  652.5       -8820.087       -17597.01   203   0.0002   0.0001     -2.002 0.246 137   3.25    5.406
2018-05-07-16:59:06 1.11  Mocks_Em/MockNFW1280ellip5loga2.08PA50center0With_background20num17.dat L-BFGS-B     1.0e-04 1 1 1 1e+04 NFW      360.0000   0.0003     -2.020 0.205  38   3.25  627.8       -8767.407       -17491.65    28 360.0000   0.0003     -2.020 0.205  38   3.25    0.278
2018-05-07-16:59:06 1.11  Mocks_Em/MockNFW1280ellip5loga2.08PA50center0With_background20num18.dat L-BFGS-B     1.0e-04 1 1 1 1e+04 NFW        0.0001   0.0001     -2.013 0.238  37   3.25  637.4       -8920.045       -17796.93   147   0.0001   0.0001     -2.013 0.238  37   3.25    3.965
2018-05-07-16:59:06 1.11  Mocks_Em/MockNFW1280ellip5loga2.08PA50center0With_background20num19.dat L-BFGS-B     1.0e-04 1 1 1 1e+04 NFW      360.0000   0.0001     -1.995 0.237  34   3.25  663.1       -8819.001       -17594.84    21 360.0000   0.0001     -1.995 0.237  34   3.25    0.619
2018-05-07-16:59:06 1.11  Mocks_Em/MockNFW1280ellip5loga2.08PA50center0With_background20num20.dat L-BFGS-B     1.0e-04 1 1 1 1e+04 NFW        0.0002   0.0003     -2.009 0.205  45   3.25  647.5       -9052.444       -18061.73   203   0.0002   0.0003     -2.009 0.205  45   3.25    5.183
2018-05-07-16:59:06 1.11  Mocks_Em/MockNFW1280ellip5loga2.08PA50center0With_background20num21.dat L-BFGS-B     1.0e-04 1 1 1 1e+04 NFW      359.9999  -0.0001     -2.001 0.158  37   3.25  648.5       -8670.604       -17298.05    21 359.9999  -0.0001     -2.001 0.158  37   3.25    0.447
2018-05-07-16:59:06 1.11  Mocks_Em/MockNFW1280ellip5loga2.08PA50center0With_background20num22.dat L-BFGS-B     1.0e-04 1 1 1 1e+04 NFW      359.9999  -0.0002     -2.003 0.227  33   3.24  646.0       -8828.989       -17614.82    49 359.9999  -0.0002     -2.003 0.227  33   3.24    1.033
2018-05-07-16:59:06 1.11  Mocks_Em/MockNFW1280ellip5loga2.08PA50center0With_background20num23.dat L-BFGS-B     1.0e-04 1 1 1 1e+04 NFW        0.0001   0.0002     -2.046 0.199  44   3.26  601.9       -9191.404       -18339.65   161   0.0001   0.0002     -2.046 0.199  44   3.26    4.210
2018-05-07-16:59:06 1.11  Mocks_Em/MockNFW1280ellip5loga2.08PA50center0With_background20num24.dat L-BFGS-B     1.0e-04 1 1 1 1e+04 NFW      359.9999   0.0000     -2.024 0.207  41   3.25  620.2       -8850.806       -17658.45    35 359.9999   0.0000     -2.024 0.207  41   3.25    0.648
2018-05-07-16:59:06 1.11  Mocks_Em/MockNFW1280ellip5loga2.08PA50center0With_background20num25.dat L-BFGS-B     1.0e-04 1 1 1 1e+04 NFW        0.0002  -0.0003     -1.995 0.163  37   3.25  667.2       -8765.761       -17488.36    42   0.0002  -0.0003     -1.995 0.163  37   3.25    0.572
2018-05-07-16:59:06 1.11  Mocks_Em/MockNFW1280ellip5loga2.08PA50center0With_background20num26.dat L-BFGS-B     1.0e-04 1 1 1 1e+04 NFW        0.0002   0.0002     -2.017 0.217  39   3.26  646.7       -9171.592       -18300.02    70   0.0002   0.0002     -2.017 0.217  39   3.26    1.226
2018-05-07-16:59:06 1.11  Mocks_Em/MockNFW1280ellip5loga2.08PA50center0With_background20num27.dat L-BFGS-B     1.0e-04 1 1 1 1e+04 NFW      359.9999  -0.0002     -2.003 0.168  42   3.24  641.7       -8681.379        -17319.6   161 359.9999  -0.0002     -2.003 0.168  42   3.24    4.203
2018-05-07-16:59:06 1.11  Mocks_Em/MockNFW1280ellip5loga2.08PA50center0With_background20num28.dat L-BFGS-B     1.0e-04 1 1 1 1e+04 NFW      359.9999  -0.0001     -2.022 0.206  36   3.26  626.8       -8910.905       -17778.65   133 359.9999  -0.0001     -2.022 0.206  36   3.26    3.520
2018-05-07-16:59:06 1.11  Mocks_Em/MockNFW1280ellip5loga2.08PA50center0With_background20num29.dat L-BFGS-B     1.0e-04 1 1 1 1e+04 NFW      359.9996  -0.0003     -2.017 0.259  38   3.24  626.7       -9056.328       -18069.49    56 359.9996  -0.0003     -2.017 0.259  38   3.24    1.251
2018-05-07-16:59:06 1.11  Mocks_Em/MockNFW1280ellip5loga2.08PA50center0With_background20num30.dat L-BFGS-B     1.0e-04 1 1 1 1e+04 NFW      359.9999  -0.0001     -2.007 0.189  33   3.25  648.5         -8870.9       -17698.64    35 359.9999  -0.0001     -2.007 0.189  33   3.25    0.653
2018-05-07-16:59:06 1.11  Mocks_Em/MockNFW1280ellip5loga2.08PA50center0With_background20num31.dat L-BFGS-B     1.0e-04 1 1 1 1e+04 NFW      359.9999   0.0000     -2.000 0.234  35   3.25  660.0       -8902.035       -17760.91   133 359.9999   0.0000     -2.000 0.234  35   3.25    3.716
2018-05-07-16:59:06 1.11  Mocks_Em/MockNFW1280ellip5loga2.08PA50center0With_background20num32.dat L-BFGS-B     1.0e-04 1 1 1 1e+04 NFW      359.9997   0.0000     -2.016 0.225  40   3.24  625.1        -8917.88        -17792.6   133 359.9997   0.0000     -2.016 0.225  40   3.24    3.149
2018-05-07-16:59:06 1.11  Mocks_Em/MockNFW1280ellip5loga2.08PA50center0With_background20num33.dat L-BFGS-B     1.0e-04 1 1 1 1e+04 NFW      359.9997  -0.0003     -1.995 0.223  34   3.25  676.9       -9113.883        -18184.6    21 359.9997  -0.0003     -1.995 0.223  34   3.25    0.621
2018-05-07-16:59:06 1.11  Mocks_Em/MockNFW1280ellip5loga2.08PA50center0With_background20num34.dat L-BFGS-B     1.0e-04 1 1 1 1e+04 NFW        0.0002   0.0001     -2.011 0.172 138   3.25  638.0       -8815.099       -17587.04    77   0.0002   0.0001     -2.011 0.172 138   3.25    1.689
2018-05-07-16:59:06 1.11  Mocks_Em/MockNFW1280ellip5loga2.08PA50center0With_background20num35.dat L-BFGS-B     1.0e-04 1 1 1 1e+04 NFW        0.0001   0.0002     -2.006 0.240  43   3.25  645.0       -8843.689       -17644.22   168   0.0001   0.0002     -2.006 0.240  43   3.25    4.306
2018-05-07-16:59:06 1.11  Mocks_Em/MockNFW1280ellip5loga2.08PA50center0With_background20num36.dat L-BFGS-B     1.0e-04 1 1 1 1e+04 NFW        0.0001  -0.0001     -2.011 0.210 136   3.25  636.9       -8783.132        -17523.1    35   0.0001  -0.0001     -2.011 0.210 136   3.25    0.483
2018-05-07-16:59:06 1.11  Mocks_Em/MockNFW1280ellip5loga2.08PA50center0With_background20num37.dat L-BFGS-B     1.0e-04 1 1 1 1e+04 NFW      360.0000  -0.0001     -2.009 0.242  39   3.26  657.7       -9076.252       -18109.34   161 360.0000  -0.0001     -2.009 0.242  39   3.26    4.321
2018-05-07-16:59:06 1.11  Mocks_Em/MockNFW1280ellip5loga2.08PA50center0With_background20num38.dat L-BFGS-B     1.0e-04 1 1 1 1e+04 NFW      359.9999   0.0002     -2.005 0.205  37   3.26  660.9        -9016.26       -17989.36    35 359.9999   0.0002     -2.005 0.205  37   3.26    1.025
2018-05-07-16:59:06 1.11  Mocks_Em/MockNFW1280ellip5loga2.08PA50center0With_background20num39.dat L-BFGS-B     1.0e-04 1 1 1 1e+04 NFW      359.9998   0.0001     -2.006 0.201  39   3.25  646.8       -8877.643       -17712.12   147 359.9998   0.0001     -2.006 0.201  39   3.25    4.084
2018-05-07-16:59:06 1.11  Mocks_Em/MockNFW1280ellip5loga2.08PA50center0With_background20num40.dat L-BFGS-B     1.0e-04 1 1 1 1e+04 NFW      359.9998  -0.0004     -2.027 0.221  34   3.25  618.9       -9135.723       -18228.28    21 359.9998  -0.0004     -2.027 0.221  34   3.25    0.620
2018-05-07-16:59:06 1.11  Mocks_Em/MockNFW1280ellip5loga2.08PA50center0With_background20num41.dat L-BFGS-B     1.0e-04 1 1 1 1e+04 NFW      359.9999   0.0000     -2.010 0.170 136   3.25  645.8       -8805.253       -17567.34    21 359.9999   0.0000     -2.010 0.170 136   3.25    0.617
2018-05-07-16:59:06 1.11  Mocks_Em/MockNFW1280ellip5loga2.08PA50center0With_background20num42.dat L-BFGS-B     1.0e-04 1 1 1 1e+04 NFW        0.0001   0.0001     -2.014 0.218  35   3.25  633.1       -8873.551       -17703.94   147   0.0001   0.0001     -2.014 0.218  35   3.25    3.942
2018-05-07-16:59:06 1.11  Mocks_Em/MockNFW1280ellip5loga2.08PA50center0With_background20num43.dat L-BFGS-B     1.0e-04 1 1 1 1e+04 NFW        0.0000  -0.0003     -1.993 0.215  34   3.25  670.3        -8912.92       -17782.68   112   0.0000  -0.0003     -1.993 0.215  34   3.25    2.769
2018-05-07-16:59:06 1.11  Mocks_Em/MockNFW1280ellip5loga2.08PA50center0With_background20num44.dat L-BFGS-B     1.0e-04 1 1 1 1e+04 NFW      359.9999  -0.0002     -2.032 0.250  40   3.25  612.2       -9118.045       -18192.93   126 359.9999  -0.0002     -2.032 0.250  40   3.25    3.371
2018-05-07-16:59:06 1.11  Mocks_Em/MockNFW1280ellip5loga2.08PA50center0With_background20num45.dat L-BFGS-B     1.0e-04 1 1 1 1e+04 NFW      359.9997   0.0002     -2.002 0.227  42   3.25  667.3       -9144.134       -18245.11    21 359.9997   0.0002     -2.002 0.227  42   3.25    0.617
2018-05-07-16:59:06 1.11  Mocks_Em/MockNFW1280ellip5loga2.08PA50center0With_background20num46.dat L-BFGS-B     1.0e-04 1 1 1 1e+04 NFW        0.0003  -0.0001     -2.016 0.249  35   3.25  632.2       -9032.982        -18022.8   147   0.0003  -0.0001     -2.016 0.249  35   3.25    3.966
2018-05-07-16:59:06 1.11  Mocks_Em/MockNFW1280ellip5loga2.08PA50center0With_background20num47.dat L-BFGS-B     1.0e-04 1 1 1 1e+04 NFW        0.0001  -0.0001     -2.030 0.204  39   3.26  619.9       -9021.797       -18000.43    35   0.0001  -0.0001     -2.030 0.204  39   3.26    0.652
2018-05-07-16:59:06 1.11  Mocks_Em/MockNFW1280ellip5loga2.08PA50center0With_background20num48.dat L-BFGS-B     1.0e-04 1 1 1 1e+04 NFW        0.0002  -0.0002     -2.018 0.193  41   3.25  632.0       -8965.249       -17887.34   147   0.0002  -0.0002     -2.018 0.193  41   3.25    3.964
2018-05-07-16:59:06 1.11  Mocks_Em/MockNFW1280ellip5loga2.08PA50center0With_background20num49.dat L-BFGS-B     1.0e-04 1 1 1 1e+04 NFW        0.0003   0.0003     -2.015 0.185  35   3.25  638.6       -9057.773       -18072.38   210   0.0003   0.0003     -2.015 0.185  35   3.25    5.990
2018-05-07-16:59:06 1.11  Mocks_Em/MockNFW1280ellip5loga2.08PA50center0With_background20num50.dat L-BFGS-B     1.0e-04 1 1 1 1e+04 NFW      359.9999  -0.0001     -2.003 0.164  34   3.25  658.2       -8843.989       -17644.82    21 359.9999  -0.0001     -2.003 0.164  34   3.25    0.615
2018-05-07-16:59:06 1.11  Mocks_Em/MockNFW1280ellip5loga2.08PA50center0With_background20num51.dat L-BFGS-B     1.0e-04 1 1 1 1e+04 NFW      360.0000  -0.0001     -2.005 0.199  34   3.26  659.1       -8775.075       -17506.99    42 360.0000  -0.0001     -2.005 0.199  34   3.26    0.690
2018-05-07-16:59:06 1.11  Mocks_Em/MockNFW1280ellip5loga2.08PA50center0With_background20num52.dat L-BFGS-B     1.0e-04 1 1 1 1e+04 NFW        0.0003   0.0000     -2.001 0.201  42   3.25  657.6       -8926.952       -17810.74    21   0.0003   0.0000     -2.001 0.201  42   3.25    0.618
2018-05-07-16:59:06 1.11  Mocks_Em/MockNFW1280ellip5loga2.08PA50center0With_background20num53.dat L-BFGS-B     1.0e-04 1 1 1 1e+04 NFW        0.0000   0.0000     -2.012 0.222  41   3.27  654.8       -9055.594       -18068.03    35   0.0000   0.0000     -2.012 0.222  41   3.27    0.653
2018-05-07-16:59:06 1.11  Mocks_Em/MockNFW1280ellip5loga2.08PA50center0With_background20num54.dat L-BFGS-B     1.0e-04 1 1 1 1e+04 NFW        0.0004   0.0002     -2.008 0.189  35   3.25  651.4       -9089.671       -18136.18   147   0.0004   0.0002     -2.008 0.189  35   3.25    3.065
2018-05-07-16:59:06 1.11  Mocks_Em/MockNFW1280ellip5loga2.08PA50center0With_background20num55.dat L-BFGS-B     1.0e-04 1 1 1 1e+04 NFW      359.9999  -0.0000     -2.015 0.232  35   3.25  627.4       -8818.834       -17594.51   189 359.9999  -0.0000     -2.015 0.232  35   3.25    4.715
2018-05-07-16:59:06 1.11  Mocks_Em/MockNFW1280ellip5loga2.08PA50center0With_background20num56.dat L-BFGS-B     1.0e-04 1 1 1 1e+04 NFW      360.0000   0.0001     -2.013 0.203  41   3.24  626.0       -8677.814       -17312.47    21 360.0000   0.0001     -2.013 0.203  41   3.24    0.415
2018-05-07-16:59:06 1.11  Mocks_Em/MockNFW1280ellip5loga2.08PA50center0With_background20num57.dat L-BFGS-B     1.0e-04 1 1 1 1e+04 NFW      360.0000  -0.0000     -2.007 0.218  41   3.25  645.6       -8683.236       -17323.31    42 360.0000  -0.0000     -2.007 0.218  41   3.25    0.692
2018-05-07-16:59:06 1.11  Mocks_Em/MockNFW1280ellip5loga2.08PA50center0With_background20num58.dat L-BFGS-B     1.0e-04 1 1 1 1e+04 NFW      359.9999  -0.0003     -2.016 0.208  40   3.24  630.4       -8969.515       -17895.87   140 359.9999  -0.0003     -2.016 0.208  40   3.24    3.695
2018-05-07-16:59:06 1.11  Mocks_Em/MockNFW1280ellip5loga2.08PA50center0With_background20num59.dat L-BFGS-B     1.0e-04 1 1 1 1e+04 NFW      359.9997   0.0001     -2.001 0.186  35   3.24  647.4       -8830.222       -17617.28   140 359.9997   0.0001     -2.001 0.186  35   3.24    3.135
2018-05-07-16:59:06 1.11  Mocks_Em/MockNFW1280ellip5loga2.08PA50center0With_background20num60.dat L-BFGS-B     1.0e-04 1 1 1 1e+04 NFW        0.0001   0.0001     -2.018 0.203  37   3.26  635.9       -8970.361       -17897.56    42   0.0001   0.0001     -2.018 0.203  37   3.26    0.857
2018-05-07-16:59:06 1.11  Mocks_Em/MockNFW1280ellip5loga2.08PA50center0With_background20num61.dat L-BFGS-B     1.0e-04 1 1 1 1e+04 NFW        0.0002   0.0000     -2.044 0.197  40   3.25  593.0       -8864.009       -17684.86    35   0.0002   0.0000     -2.044 0.197  40   3.25    0.484
2018-05-07-16:59:06 1.11  Mocks_Em/MockNFW1280ellip5loga2.08PA50center0With_background20num62.dat L-BFGS-B     1.0e-04 1 1 1 1e+04 NFW        0.0002   0.0003     -2.006 0.195  40   3.26  662.0       -9089.907       -18136.65    35   0.0002   0.0003     -2.006 0.195  40   3.26    0.655
2018-05-07-16:59:06 1.11  Mocks_Em/MockNFW1280ellip5loga2.08PA50center0With_background20num63.dat L-BFGS-B     1.0e-04 1 1 1 1e+04 NFW        0.0001  -0.0000     -2.011 0.226  39   3.25  633.8        -8785.68        -17528.2    21   0.0001  -0.0000     -2.011 0.226  39   3.25    0.614
2018-05-07-16:59:06 1.11  Mocks_Em/MockNFW1280ellip5loga2.08PA50center0With_background20num64.dat L-BFGS-B     1.0e-04 1 1 1 1e+04 NFW        0.0003  -0.0001     -1.997 0.200  39   3.25  665.3       -8966.472       -17889.78   196   0.0003  -0.0001     -1.997 0.200  39   3.25    4.656
2018-05-07-16:59:06 1.11  Mocks_Em/MockNFW1280ellip5loga2.08PA50center0With_background20num65.dat L-BFGS-B     1.0e-04 1 1 1 1e+04 NFW      359.9999   0.0001     -1.994 0.179  37   3.26  678.2       -8892.966       -17742.77    35 359.9999   0.0001     -1.994 0.179  37   3.26    0.857
2018-05-07-16:59:06 1.11  Mocks_Em/MockNFW1280ellip5loga2.08PA50center0With_background20num66.dat L-BFGS-B     1.0e-04 1 1 1 1e+04 NFW        0.0002  -0.0001     -2.017 0.202  40   3.25  624.8       -8850.891       -17658.62   147   0.0002  -0.0001     -2.017 0.202  40   3.25    4.134
2018-05-07-16:59:06 1.11  Mocks_Em/MockNFW1280ellip5loga2.08PA50center0With_background20num67.dat L-BFGS-B     1.0e-04 1 1 1 1e+04 NFW        0.0002  -0.0001     -2.017 0.171  34   3.25  631.2       -8797.022       -17550.88   147   0.0002  -0.0001     -2.017 0.171  34   3.25    4.118
2018-05-07-16:59:06 1.11  Mocks_Em/MockNFW1280ellip5loga2.08PA50center0With_background20num68.dat L-BFGS-B     1.0e-04 1 1 1 1e+04 NFW        0.0000  -0.0001     -2.017 0.237  40   3.26  635.8       -8974.138       -17905.11   119   0.0000  -0.0001     -2.017 0.237  40   3.26    2.784
2018-05-07-16:59:06 1.11  Mocks_Em/MockNFW1280ellip5loga2.08PA50center0With_background20num69.dat L-BFGS-B     1.0e-04 1 1 1 1e+04 NFW      359.9998   0.0002     -2.017 0.238  45   3.24  622.3       -8890.682        -17738.2   161 359.9998   0.0002     -2.017 0.238  45   3.24    4.542
2018-05-07-16:59:06 1.11  Mocks_Em/MockNFW1280ellip5loga2.08PA50center0With_background20num70.dat L-BFGS-B     1.0e-04 1 1 1 1e+04 NFW      360.0000   0.0000     -2.015 0.200  39   3.25  633.9       -8818.998       -17594.83   175 360.0000   0.0000     -2.015 0.200  39   3.25    4.708
2018-05-07-16:59:06 1.11  Mocks_Em/MockNFW1280ellip5loga2.08PA50center0With_background20num71.dat L-BFGS-B     1.0e-04 1 1 1 1e+04 NFW      359.9998  -0.0003     -2.025 0.166  37   3.25  620.5       -8999.371       -17955.58   196 359.9998  -0.0003     -2.025 0.166  37   3.25    5.079
2018-05-07-16:59:06 1.11  Mocks_Em/MockNFW1280ellip5loga2.08PA50center0With_background20num72.dat L-BFGS-B     1.0e-04 1 1 1 1e+04 NFW      360.0000  -0.0000     -2.031 0.236  39   3.26  619.6       -9079.295       -18115.43   161 360.0000  -0.0000     -2.031 0.236  39   3.26    4.384
2018-05-07-16:59:06 1.11  Mocks_Em/MockNFW1280ellip5loga2.08PA50center0With_background20num73.dat L-BFGS-B     1.0e-04 1 1 1 1e+04 NFW      359.9998  -0.0000     -1.992 0.196 138   3.24  665.9       -8745.916       -17448.67   140 359.9998  -0.0000     -1.992 0.196 138   3.24    3.565
2018-05-07-16:59:06 1.11  Mocks_Em/MockNFW1280ellip5loga2.08PA50center0With_background20num74.dat L-BFGS-B     1.0e-04 1 1 1 1e+04 NFW        0.0002  -0.0001     -2.005 0.202  40   3.26  653.8       -8808.298       -17573.43   203   0.0002  -0.0001     -2.005 0.202  40   3.26    5.464
2018-05-07-16:59:06 1.11  Mocks_Em/MockNFW1280ellip5loga2.08PA50center0With_background20num75.dat L-BFGS-B     1.0e-04 1 1 1 1e+04 NFW      359.9999  -0.0002     -2.016 0.179  35   3.25  634.6       -8893.547       -17743.93    56 359.9999  -0.0002     -2.016 0.179  35   3.25    1.103
2018-05-07-16:59:06 1.11  Mocks_Em/MockNFW1280ellip5loga2.08PA50center0With_background20num76.dat L-BFGS-B     1.0e-04 1 1 1 1e+04 NFW        0.0005   0.0002     -2.004 0.224  39   3.24  643.9       -8928.081          -17813   154   0.0005   0.0002     -2.004 0.224  39   3.24    3.305
2018-05-07-16:59:06 1.11  Mocks_Em/MockNFW1280ellip5loga2.08PA50center0With_background20num77.dat L-BFGS-B     1.0e-04 1 1 1 1e+04 NFW        0.0001   0.0001     -2.022 0.196  32   3.26  640.5       -9068.379        -18093.6    21   0.0001   0.0001     -2.022 0.196  32   3.26    0.619
2018-05-07-16:59:06 1.11  Mocks_Em/MockNFW1280ellip5loga2.08PA50center0With_background20num78.dat L-BFGS-B     1.0e-04 1 1 1 1e+04 NFW      359.9999   0.0002     -2.015 0.223  41   3.25  632.8       -8919.926       -17796.69   175 359.9999   0.0002     -2.015 0.223  41   3.25    4.907
2018-05-07-16:59:06 1.11  Mocks_Em/MockNFW1280ellip5loga2.08PA50center0With_background20num79.dat L-BFGS-B     1.0e-04 1 1 1 1e+04 NFW        0.0003  -0.0000     -2.012 0.219  39   3.25  642.9       -9038.538       -18033.91   126   0.0003  -0.0000     -2.012 0.219  39   3.25    3.444
2018-05-07-16:59:06 1.11  Mocks_Em/MockNFW1280ellip5loga2.08PA50center0With_background20num80.dat L-BFGS-B     1.0e-04 1 1 1 1e+04 NFW        0.0004   0.0003     -2.028 0.193  36   3.24  607.4       -8998.109       -17953.06   147   0.0004   0.0003     -2.028 0.193  36   3.24    3.934
2018-05-07-16:59:06 1.11  Mocks_Em/MockNFW1280ellip5loga2.08PA50center0With_background20num81.dat L-BFGS-B     1.0e-04 1 1 1 1e+04 NFW        0.0000  -0.0003     -2.015 0.207  37   3.26  648.6       -9115.884       -18188.61   182   0.0000  -0.0003     -2.015 0.207  37   3.26    4.814
2018-05-07-16:59:06 1.11  Mocks_Em/MockNFW1280ellip5loga2.08PA50center0With_background20num82.dat L-BFGS-B     1.0e-04 1 1 1 1e+04 NFW        0.0005   0.0005     -1.999 0.227  36   3.24  656.7       -9102.655       -18162.15    21   0.0005   0.0005     -1.999 0.227  36   3.24    0.445
2018-05-07-16:59:06 1.11  Mocks_Em/MockNFW1280ellip5loga2.08PA50center0With_background20num83.dat L-BFGS-B     1.0e-04 1 1 1 1e+04 NFW      360.0000   0.0001     -2.009 0.158 136   3.25  648.5        -8841.48        -17639.8   147 360.0000   0.0001     -2.009 0.158 136   3.25    3.917
2018-05-07-16:59:06 1.11  Mocks_Em/MockNFW1280ellip5loga2.08PA50center0With_background20num84.dat L-BFGS-B     1.0e-04 1 1 1 1e+04 NFW      359.9998   0.0001     -2.022 0.228  40   3.25  630.3       -9072.537       -18101.91   175 359.9998   0.0001     -2.022 0.228  40   3.25    3.681
2018-05-07-16:59:06 1.11  Mocks_Em/MockNFW1280ellip5loga2.08PA50center0With_background20num85.dat L-BFGS-B     1.0e-04 1 1 1 1e+04 NFW      359.9999   0.0003     -2.026 0.241  37   3.25  624.5         -9156.1       -18269.04   147 359.9999   0.0003     -2.026 0.241  37   3.25    4.136
2018-05-07-16:59:06 1.11  Mocks_Em/MockNFW1280ellip5loga2.08PA50center0With_background20num86.dat L-BFGS-B     1.0e-04 1 1 1 1e+04 NFW        0.0001   0.0001     -2.027 0.202  43   3.26  622.1       -8973.652       -17904.14   147   0.0001   0.0001     -2.027 0.202  43   3.26    4.238
2018-05-07-16:59:06 1.11  Mocks_Em/MockNFW1280ellip5loga2.08PA50center0With_background20num87.dat L-BFGS-B     1.0e-04 1 1 1 1e+04 NFW        0.0002   0.0000     -2.027 0.201  38   3.26  629.8       -9146.229        -18249.3   147   0.0002   0.0000     -2.027 0.201  38   3.26    4.228
2018-05-07-16:59:06 1.11  Mocks_Em/MockNFW1280ellip5loga2.08PA50center0With_background20num88.dat L-BFGS-B     1.0e-04 1 1 1 1e+04 NFW        0.0000   0.0001     -2.016 0.202  40   3.25  632.3       -8886.774       -17730.38    42   0.0000   0.0001     -2.016 0.202  40   3.25    0.808
2018-05-07-16:59:06 1.11  Mocks_Em/MockNFW1280ellip5loga2.08PA50center0With_background20num89.dat L-BFGS-B     1.0e-04 1 1 1 1e+04 NFW        0.0003   0.0000     -2.019 0.206  41   3.25  629.9       -9017.658       -17992.15   133   0.0003   0.0000     -2.019 0.206  41   3.25    3.527
2018-05-07-16:59:06 1.11  Mocks_Em/MockNFW1280ellip5loga2.08PA50center0With_background20num90.dat L-BFGS-B     1.0e-04 1 1 1 1e+04 NFW        0.0003   0.0001     -2.029 0.168  38   3.24  610.6       -8968.908       -17894.65   168   0.0003   0.0001     -2.029 0.168  38   3.24    4.523
2018-05-07-16:59:06 1.11  Mocks_Em/MockNFW1280ellip5loga2.08PA50center0With_background20num91.dat L-BFGS-B     1.0e-04 1 1 1 1e+04 NFW      359.9998   0.0000     -2.011 0.217  34   3.26  658.4       -9140.778       -18238.39    21 359.9998   0.0000     -2.011 0.217  34   3.26    0.442
2018-05-07-16:59:06 1.11  Mocks_Em/MockNFW1280ellip5loga2.08PA50center0With_background20num92.dat L-BFGS-B     1.0e-04 1 1 1 1e+04 NFW        0.0002   0.0002     -2.000 0.240  41   3.24  652.5       -8923.861       -17804.56    42   0.0002   0.0002     -2.000 0.240  41   3.24    0.862
2018-05-07-16:59:06 1.11  Mocks_Em/MockNFW1280ellip5loga2.08PA50center0With_background20num93.dat L-BFGS-B     1.0e-04 1 1 1 1e+04 NFW      359.9999   0.0000     -2.027 0.199  38   3.25  615.1       -8885.885       -17728.61   210 359.9999   0.0000     -2.027 0.199  38   3.25    5.762
2018-05-07-16:59:06 1.11  Mocks_Em/MockNFW1280ellip5loga2.08PA50center0With_background20num94.dat L-BFGS-B     1.0e-04 1 1 1 1e+04 NFW      359.9999   0.0001     -2.005 0.220  43   3.25  645.2       -8830.127       -17617.09   196 359.9999   0.0001     -2.005 0.220  43   3.25    5.332
2018-05-07-16:59:06 1.11  Mocks_Em/MockNFW1280ellip5loga2.08PA50center0With_background20num95.dat L-BFGS-B     1.0e-04 1 1 1 1e+04 NFW      359.9998   0.0000     -2.006 0.208  38   3.25  651.1       -8878.268       -17713.37    42 359.9998   0.0000     -2.006 0.208  38   3.25    0.850
2018-05-07-16:59:06 1.11  Mocks_Em/MockNFW1280ellip5loga2.08PA50center0With_background20num96.dat L-BFGS-B     1.0e-04 1 1 1 1e+04 NFW      360.0000   0.0001     -2.006 0.203  44   3.25  648.6       -8808.877       -17574.59   119 360.0000   0.0001     -2.006 0.203  44   3.25    2.854
2018-05-07-16:59:06 1.11  Mocks_Em/MockNFW1280ellip5loga2.08PA50center0With_background20num97.dat L-BFGS-B     1.0e-04 1 1 1 1e+04 NFW      360.0000   0.0001     -1.998 0.201  35   3.25  662.3       -8825.126       -17607.09   147 360.0000   0.0001     -1.998 0.201  35   3.25    3.420
2018-05-07-16:59:06 1.11  Mocks_Em/MockNFW1280ellip5loga2.08PA50center0With_background20num98.dat L-BFGS-B     1.0e-04 1 1 1 1e+04 NFW      359.9998  -0.0001     -2.003 0.212  37   3.26  661.9       -8854.676       -17666.19    35 359.9998  -0.0001     -2.003 0.212  37   3.26    0.487
2018-05-07-16:59:06 1.11  Mocks_Em/MockNFW1280ellip5loga2.08PA50center0With_background20num99.dat L-BFGS-B     1.0e-04 1 1 1 1e+04 NFW      359.9999   0.0000     -2.016 0.170  33   3.25  634.2       -8815.053       -17586.94   133 359.9999   0.0000     -2.016 0.170  33   3.25    3.519
