2018-05-07-19:00:44 1.11  Mocks_Em/MockNFW1280ellip5loga2.08PA50center0With_background20num0.dat BFGS         1.0e-04 1 1 1 1e+04 NFW      359.9999   0.0000     -2.032 0.169  37   3.27  628.1       -9051.833        -18060.5    36 359.9999   0.0000     -2.032 0.169  37   3.27    0.598
2018-05-07-19:00:44 1.11  Mocks_Em/MockNFW1280ellip5loga2.08PA50center0With_background20num1.dat BFGS         1.0e-04 1 1 1 1e+04 NFW        0.0003  -0.0001     -2.010 0.228  38   3.25  643.3        -8981.44       -17919.72    44   0.0003  -0.0001     -2.010 0.228  38   3.25    0.836
2018-05-07-19:00:44 1.11  Mocks_Em/MockNFW1280ellip5loga2.08PA50center0With_background20num2.dat BFGS         1.0e-04 1 1 1 1e+04 NFW      359.9999   0.0001     -2.015 0.206  39   3.26  639.0       -8897.286       -17751.41    44 359.9999   0.0001     -2.015 0.206  39   3.26    0.829
2018-05-07-19:00:44 1.11  Mocks_Em/MockNFW1280ellip5loga2.08PA50center0With_background20num3.dat BFGS         1.0e-04 1 1 1 1e+04 NFW        0.0004  -0.0001     -2.008 0.162  38   3.25  646.1       -8895.152       -17747.14    36   0.0004  -0.0001     -2.008 0.162  38   3.25    0.623
2018-05-07-19:00:44 1.11  Mocks_Em/MockNFW1280ellip5loga2.08PA50center0With_background20num4.dat BFGS         1.0e-04 1 1 1 1e+04 NFW        0.0001   0.0000     -1.998 0.206  32   3.25  662.1       -8717.017       -17390.87    60   0.0001   0.0000     -1.998 0.206  32   3.25    0.381
2018-05-07-19:00:44 1.11  Mocks_Em/MockNFW1280ellip5loga2.08PA50center0With_background20num5.dat BFGS         1.0e-04 1 1 1 1e+04 NFW        0.0002  -0.0002     -1.989 0.181  44   3.24  666.6       -8755.239       -17467.32   100   0.0002  -0.0002     -1.989 0.181  44   3.24    2.678
2018-05-07-19:00:44 1.11  Mocks_Em/MockNFW1280ellip5loga2.08PA50center0With_background20num6.dat BFGS         1.0e-04 1 1 1 1e+04 NFW      360.0000  -0.0001     -2.014 0.212  39   3.25  639.1       -8907.394       -17771.63    36 360.0000  -0.0001     -2.014 0.212  39   3.25    0.546
2018-05-07-19:00:44 1.11  Mocks_Em/MockNFW1280ellip5loga2.08PA50center0With_background20num7.dat BFGS         1.0e-04 1 1 1 1e+04 NFW      359.9997   0.0001     -2.014 0.207  39   3.24  623.0        -8811.18        -17579.2    36 359.9997   0.0001     -2.014 0.207  39   3.24    0.661
2018-05-07-19:00:44 1.11  Mocks_Em/MockNFW1280ellip5loga2.08PA50center0With_background20num8.dat BFGS         1.0e-04 1 1 1 1e+04 NFW      359.9999   0.0001     -2.031 0.147  39   3.27  628.6       -9032.636       -18022.11   172 359.9999   0.0001     -2.031 0.147  39   3.27    4.659
2018-05-07-19:00:44 1.11  Mocks_Em/MockNFW1280ellip5loga2.08PA50center0With_background20num9.dat BFGS         1.0e-04 1 1 1 1e+04 NFW      359.9999   0.0000     -1.989 0.203  42   3.26  682.8       -8742.755       -17442.35    44 359.9999   0.0000     -1.989 0.203  42   3.26    0.347
2018-05-07-19:00:44 1.11  Mocks_Em/MockNFW1280ellip5loga2.08PA50center0With_background20num10.dat BFGS         1.0e-04 1 1 1 1e+04 NFW        0.0002  -0.0000     -2.004 0.197  42   3.25  656.9       -8950.467       -17857.77   155   0.0002  -0.0000     -2.004 0.197  42   3.25    4.167
2018-05-07-19:00:44 1.11  Mocks_Em/MockNFW1280ellip5loga2.08PA50center0With_background20num11.dat BFGS         1.0e-04 1 1 1 1e+04 NFW      359.9999  -0.0000     -2.026 0.176  41   3.26  628.2       -9000.636       -17958.11    36 359.9999  -0.0000     -2.026 0.176  41   3.26    0.536
2018-05-07-19:00:44 1.11  Mocks_Em/MockNFW1280ellip5loga2.08PA50center0With_background20num12.dat BFGS         1.0e-04 1 1 1 1e+04 NFW        0.0003   0.0000     -2.008 0.212  40   3.25  646.0       -8952.284       -17861.41   124   0.0003   0.0000     -2.008 0.212  40   3.25    3.416
2018-05-07-19:00:44 1.11  Mocks_Em/MockNFW1280ellip5loga2.08PA50center0With_background20num13.dat BFGS         1.0e-04 1 1 1 1e+04 NFW      359.9999  -0.0001     -2.009 0.205 135   3.26  654.1       -8974.287       -17905.41    36 359.9999  -0.0001     -2.009 0.205 135   3.26    0.607
2018-05-07-19:00:44 1.11  Mocks_Em/MockNFW1280ellip5loga2.08PA50center0With_background20num14.dat BFGS         1.0e-04 1 1 1 1e+04 NFW      359.9998   0.0000     -2.025 0.216 136   3.26  625.4       -8957.769       -17872.38   173 359.9998   0.0000     -2.025 0.216 136   3.26    4.738
2018-05-07-19:00:44 1.11  Mocks_Em/MockNFW1280ellip5loga2.08PA50center0With_background20num15.dat BFGS         1.0e-04 1 1 1 1e+04 NFW      359.9998   0.0001     -2.007 0.234  39   3.25  647.2       -8949.039       -17854.92    36 359.9998   0.0001     -2.007 0.234  39   3.25    0.625
2018-05-07-19:00:44 1.11  Mocks_Em/MockNFW1280ellip5loga2.08PA50center0With_background20num16.dat BFGS         1.0e-04 1 1 1 1e+04 NFW        0.0002   0.0001     -2.002 0.246 137   3.25  652.5       -8831.276       -17619.39    92   0.0002   0.0001     -2.002 0.246 137   3.25    2.254
2018-05-07-19:00:44 1.11  Mocks_Em/MockNFW1280ellip5loga2.08PA50center0With_background20num17.dat BFGS         1.0e-04 1 1 1 1e+04 NFW      360.0000   0.0003     -2.020 0.205  38   3.25  627.8       -8767.407       -17491.65    60 360.0000   0.0003     -2.020 0.205  38   3.25    0.387
2018-05-07-19:00:44 1.11  Mocks_Em/MockNFW1280ellip5loga2.08PA50center0With_background20num18.dat BFGS         1.0e-04 1 1 1 1e+04 NFW        0.0001   0.0001     -2.013 0.238  37   3.25  637.4       -8928.708       -17814.25   166   0.0001   0.0001     -2.013 0.238  37   3.25    4.637
2018-05-07-19:00:44 1.11  Mocks_Em/MockNFW1280ellip5loga2.08PA50center0With_background20num19.dat BFGS         1.0e-04 1 1 1 1e+04 NFW      360.0000   0.0001     -1.995 0.237  34   3.25  663.1       -8829.963       -17616.76    36 360.0000   0.0001     -1.995 0.237  34   3.25    0.547
2018-05-07-19:00:44 1.11  Mocks_Em/MockNFW1280ellip5loga2.08PA50center0With_background20num20.dat BFGS         1.0e-04 1 1 1 1e+04 NFW        0.0002   0.0003     -2.009 0.205  45   3.25  647.5       -9052.444       -18061.73    36   0.0002   0.0003     -2.009 0.205  45   3.25    0.515
2018-05-07-19:00:44 1.11  Mocks_Em/MockNFW1280ellip5loga2.08PA50center0With_background20num21.dat BFGS         1.0e-04 1 1 1 1e+04 NFW      359.9999  -0.0001     -2.001 0.158  37   3.25  648.5        -8673.07       -17302.98    36 359.9999  -0.0001     -2.001 0.158  37   3.25    0.603
2018-05-07-19:00:44 1.11  Mocks_Em/MockNFW1280ellip5loga2.08PA50center0With_background20num22.dat BFGS         1.0e-04 1 1 1 1e+04 NFW      359.9999  -0.0002     -2.003 0.227  33   3.24  646.0       -8831.337       -17619.51    36 359.9999  -0.0002     -2.003 0.227  33   3.24    0.608
2018-05-07-19:00:44 1.11  Mocks_Em/MockNFW1280ellip5loga2.08PA50center0With_background20num23.dat BFGS         1.0e-04 1 1 1 1e+04 NFW        0.0001   0.0002     -2.046 0.199  44   3.26  601.9       -9191.277       -18339.39    36   0.0001   0.0002     -2.046 0.199  44   3.26    0.543
2018-05-07-19:00:44 1.11  Mocks_Em/MockNFW1280ellip5loga2.08PA50center0With_background20num24.dat BFGS         1.0e-04 1 1 1 1e+04 NFW      359.9999   0.0000     -2.024 0.207  41   3.25  620.2        -8860.22       -17677.28   100 359.9999   0.0000     -2.024 0.207  41   3.25    2.715
2018-05-07-19:00:44 1.11  Mocks_Em/MockNFW1280ellip5loga2.08PA50center0With_background20num25.dat BFGS         1.0e-04 1 1 1 1e+04 NFW        0.0002  -0.0003     -1.995 0.163  37   3.25  667.2       -8765.761       -17488.36    44   0.0002  -0.0003     -1.995 0.163  37   3.25    0.265
2018-05-07-19:00:44 1.11  Mocks_Em/MockNFW1280ellip5loga2.08PA50center0With_background20num26.dat BFGS         1.0e-04 1 1 1 1e+04 NFW        0.0002   0.0002     -2.017 0.217  39   3.26  646.7         -9174.8       -18306.44   172   0.0002   0.0002     -2.017 0.217  39   3.26    4.620
2018-05-07-19:00:44 1.11  Mocks_Em/MockNFW1280ellip5loga2.08PA50center0With_background20num27.dat BFGS         1.0e-04 1 1 1 1e+04 NFW      359.9999  -0.0002     -2.003 0.168  42   3.24  641.7       -8683.975       -17324.79    36 359.9999  -0.0002     -2.003 0.168  42   3.24    0.631
2018-05-07-19:00:44 1.11  Mocks_Em/MockNFW1280ellip5loga2.08PA50center0With_background20num28.dat BFGS         1.0e-04 1 1 1 1e+04 NFW      359.9999  -0.0001     -2.022 0.206  36   3.26  626.8       -8912.998       -17782.83    36 359.9999  -0.0001     -2.022 0.206  36   3.26    0.603
2018-05-07-19:00:44 1.11  Mocks_Em/MockNFW1280ellip5loga2.08PA50center0With_background20num29.dat BFGS         1.0e-04 1 1 1 1e+04 NFW      359.9996  -0.0003     -2.017 0.259  38   3.24  626.7       -9056.071       -18068.98   131 359.9996  -0.0003     -2.017 0.259  38   3.24    3.525
2018-05-07-19:00:44 1.11  Mocks_Em/MockNFW1280ellip5loga2.08PA50center0With_background20num30.dat BFGS         1.0e-04 1 1 1 1e+04 NFW      359.9999  -0.0001     -2.007 0.189  33   3.25  648.5       -8884.189       -17725.22    36 359.9999  -0.0001     -2.007 0.189  33   3.25    0.547
2018-05-07-19:00:44 1.11  Mocks_Em/MockNFW1280ellip5loga2.08PA50center0With_background20num31.dat BFGS         1.0e-04 1 1 1 1e+04 NFW      359.9999   0.0000     -2.000 0.234  35   3.25  660.0       -8898.415       -17753.67    36 359.9999   0.0000     -2.000 0.234  35   3.25    0.677
2018-05-07-19:00:44 1.11  Mocks_Em/MockNFW1280ellip5loga2.08PA50center0With_background20num32.dat BFGS         1.0e-04 1 1 1 1e+04 NFW      359.9997   0.0000     -2.016 0.225  40   3.24  625.1       -8918.998       -17794.83    36 359.9997   0.0000     -2.016 0.225  40   3.24    0.575
2018-05-07-19:00:44 1.11  Mocks_Em/MockNFW1280ellip5loga2.08PA50center0With_background20num33.dat BFGS         1.0e-04 1 1 1 1e+04 NFW      359.9997  -0.0003     -1.995 0.223  34   3.25  676.9       -9118.774       -18194.39    36 359.9997  -0.0003     -1.995 0.223  34   3.25    0.565
2018-05-07-19:00:44 1.11  Mocks_Em/MockNFW1280ellip5loga2.08PA50center0With_background20num34.dat BFGS         1.0e-04 1 1 1 1e+04 NFW        0.0002   0.0001     -2.011 0.172 138   3.25  638.0       -8816.305       -17589.45    36   0.0002   0.0001     -2.011 0.172 138   3.25    0.689
2018-05-07-19:00:44 1.11  Mocks_Em/MockNFW1280ellip5loga2.08PA50center0With_background20num35.dat BFGS         1.0e-04 1 1 1 1e+04 NFW        0.0001   0.0002     -2.006 0.240  43   3.25  645.0       -8856.378       -17669.59   115   0.0001   0.0002     -2.006 0.240  43   3.25    2.980
2018-05-07-19:00:44 1.11  Mocks_Em/MockNFW1280ellip5loga2.08PA50center0With_background20num36.dat BFGS         1.0e-04 1 1 1 1e+04 NFW        0.0001  -0.0001     -2.011 0.210 136   3.25  636.9       -8784.596       -17526.03    36   0.0001  -0.0001     -2.011 0.210 136   3.25    0.638
2018-05-07-19:00:44 1.11  Mocks_Em/MockNFW1280ellip5loga2.08PA50center0With_background20num37.dat BFGS         1.0e-04 1 1 1 1e+04 NFW      360.0000  -0.0001     -2.009 0.242  39   3.26  657.7        -9083.93        -18124.7    36 360.0000  -0.0001     -2.009 0.242  39   3.26    0.624
2018-05-07-19:00:44 1.11  Mocks_Em/MockNFW1280ellip5loga2.08PA50center0With_background20num38.dat BFGS         1.0e-04 1 1 1 1e+04 NFW      359.9999   0.0002     -2.005 0.205  37   3.26  660.9       -9030.009       -18016.86    36 359.9999   0.0002     -2.005 0.205  37   3.26    0.624
2018-05-07-19:00:44 1.11  Mocks_Em/MockNFW1280ellip5loga2.08PA50center0With_background20num39.dat BFGS         1.0e-04 1 1 1 1e+04 NFW      359.9998   0.0001     -2.006 0.201  39   3.25  646.8       -8890.458       -17737.75   269 359.9998   0.0001     -2.006 0.201  39   3.25    7.287
2018-05-07-19:00:44 1.11  Mocks_Em/MockNFW1280ellip5loga2.08PA50center0With_background20num40.dat BFGS         1.0e-04 1 1 1 1e+04 NFW      359.9998  -0.0004     -2.027 0.221  34   3.25  618.9       -9150.256       -18257.35   196 359.9998  -0.0004     -2.027 0.221  34   3.25    5.272
2018-05-07-19:00:44 1.11  Mocks_Em/MockNFW1280ellip5loga2.08PA50center0With_background20num41.dat BFGS         1.0e-04 1 1 1 1e+04 NFW      359.9999   0.0000     -2.010 0.170 136   3.25  645.8       -8819.733        -17596.3   164 359.9999   0.0000     -2.010 0.170 136   3.25    4.544
2018-05-07-19:00:44 1.11  Mocks_Em/MockNFW1280ellip5loga2.08PA50center0With_background20num42.dat BFGS         1.0e-04 1 1 1 1e+04 NFW        0.0001   0.0001     -2.014 0.218  35   3.25  633.1       -8866.903       -17690.64    36   0.0001   0.0001     -2.014 0.218  35   3.25    0.688
2018-05-07-19:00:44 1.11  Mocks_Em/MockNFW1280ellip5loga2.08PA50center0With_background20num43.dat BFGS         1.0e-04 1 1 1 1e+04 NFW        0.0000  -0.0003     -1.993 0.215  34   3.25  670.3       -8911.672       -17780.18    44   0.0000  -0.0003     -1.993 0.215  34   3.25    0.814
2018-05-07-19:00:44 1.11  Mocks_Em/MockNFW1280ellip5loga2.08PA50center0With_background20num44.dat BFGS         1.0e-04 1 1 1 1e+04 NFW      359.9999  -0.0002     -2.032 0.250  40   3.25  612.2       -9123.328       -18203.49    36 359.9999  -0.0002     -2.032 0.250  40   3.25    0.631
2018-05-07-19:00:44 1.11  Mocks_Em/MockNFW1280ellip5loga2.08PA50center0With_background20num45.dat BFGS         1.0e-04 1 1 1 1e+04 NFW      359.9997   0.0002     -2.002 0.227  42   3.25  667.3       -9137.984       -18232.81    36 359.9997   0.0002     -2.002 0.227  42   3.25    0.630
2018-05-07-19:00:44 1.11  Mocks_Em/MockNFW1280ellip5loga2.08PA50center0With_background20num46.dat BFGS         1.0e-04 1 1 1 1e+04 NFW        0.0003  -0.0001     -2.016 0.249  35   3.25  632.2       -9036.658       -18030.15    36   0.0003  -0.0001     -2.016 0.249  35   3.25    0.574
2018-05-07-19:00:44 1.11  Mocks_Em/MockNFW1280ellip5loga2.08PA50center0With_background20num47.dat BFGS         1.0e-04 1 1 1 1e+04 NFW        0.0001  -0.0001     -2.030 0.204  39   3.26  619.9       -9032.383        -18021.6   131   0.0001  -0.0001     -2.030 0.204  39   3.26    3.428
2018-05-07-19:00:44 1.11  Mocks_Em/MockNFW1280ellip5loga2.08PA50center0With_background20num48.dat BFGS         1.0e-04 1 1 1 1e+04 NFW        0.0002  -0.0002     -2.018 0.193  41   3.25  632.0       -8965.126       -17887.09   147   0.0002  -0.0002     -2.018 0.193  41   3.25    3.976
2018-05-07-19:00:44 1.11  Mocks_Em/MockNFW1280ellip5loga2.08PA50center0With_background20num49.dat BFGS         1.0e-04 1 1 1 1e+04 NFW        0.0003   0.0003     -2.015 0.185  35   3.25  638.6       -9054.896       -18066.63    36   0.0003   0.0003     -2.015 0.185  35   3.25    0.601
2018-05-07-19:00:44 1.11  Mocks_Em/MockNFW1280ellip5loga2.08PA50center0With_background20num50.dat BFGS         1.0e-04 1 1 1 1e+04 NFW      359.9999  -0.0001     -2.003 0.164  34   3.25  658.2       -8856.991       -17670.82   124 359.9999  -0.0001     -2.003 0.164  34   3.25    3.372
2018-05-07-19:00:44 1.11  Mocks_Em/MockNFW1280ellip5loga2.08PA50center0With_background20num51.dat BFGS         1.0e-04 1 1 1 1e+04 NFW      360.0000  -0.0001     -2.005 0.199  34   3.26  659.1       -8775.075       -17506.99    60 360.0000  -0.0001     -2.005 0.199  34   3.26    0.381
2018-05-07-19:00:44 1.11  Mocks_Em/MockNFW1280ellip5loga2.08PA50center0With_background20num52.dat BFGS         1.0e-04 1 1 1 1e+04 NFW        0.0003   0.0000     -2.001 0.201  42   3.25  657.6       -8939.981        -17836.8   231   0.0003   0.0000     -2.001 0.201  42   3.25    6.108
2018-05-07-19:00:44 1.11  Mocks_Em/MockNFW1280ellip5loga2.08PA50center0With_background20num53.dat BFGS         1.0e-04 1 1 1 1e+04 NFW        0.0000   0.0000     -2.012 0.222  41   3.27  654.8       -9059.381        -18075.6    36   0.0000   0.0000     -2.012 0.222  41   3.27    0.631
2018-05-07-19:00:44 1.11  Mocks_Em/MockNFW1280ellip5loga2.08PA50center0With_background20num54.dat BFGS         1.0e-04 1 1 1 1e+04 NFW        0.0004   0.0002     -2.008 0.189  35   3.25  651.4       -9094.837       -18146.51    44   0.0004   0.0002     -2.008 0.189  35   3.25    0.965
2018-05-07-19:00:44 1.11  Mocks_Em/MockNFW1280ellip5loga2.08PA50center0With_background20num55.dat BFGS         1.0e-04 1 1 1 1e+04 NFW      359.9999  -0.0000     -2.015 0.232  35   3.25  627.4       -8822.896       -17602.63    60 359.9999  -0.0000     -2.015 0.232  35   3.25    1.124
2018-05-07-19:00:44 1.11  Mocks_Em/MockNFW1280ellip5loga2.08PA50center0With_background20num56.dat BFGS         1.0e-04 1 1 1 1e+04 NFW      360.0000   0.0001     -2.013 0.203  41   3.24  626.0       -8678.053       -17312.94    36 360.0000   0.0001     -2.013 0.203  41   3.24    0.691
2018-05-07-19:00:44 1.11  Mocks_Em/MockNFW1280ellip5loga2.08PA50center0With_background20num57.dat BFGS         1.0e-04 1 1 1 1e+04 NFW      360.0000  -0.0000     -2.007 0.218  41   3.25  645.6       -8683.236       -17323.31    51 360.0000  -0.0000     -2.007 0.218  41   3.25    0.318
2018-05-07-19:00:44 1.11  Mocks_Em/MockNFW1280ellip5loga2.08PA50center0With_background20num58.dat BFGS         1.0e-04 1 1 1 1e+04 NFW      359.9999  -0.0003     -2.016 0.208  40   3.24  630.4        -8978.24       -17913.32   277 359.9999  -0.0003     -2.016 0.208  40   3.24    7.470
2018-05-07-19:00:44 1.11  Mocks_Em/MockNFW1280ellip5loga2.08PA50center0With_background20num59.dat BFGS         1.0e-04 1 1 1 1e+04 NFW      359.9997   0.0001     -2.001 0.186  35   3.24  647.4       -8829.002       -17614.84    36 359.9997   0.0001     -2.001 0.186  35   3.24    0.664
2018-05-07-19:00:44 1.11  Mocks_Em/MockNFW1280ellip5loga2.08PA50center0With_background20num60.dat BFGS         1.0e-04 1 1 1 1e+04 NFW        0.0001   0.0001     -2.018 0.203  37   3.26  635.9       -8979.537       -17915.91   271   0.0001   0.0001     -2.018 0.203  37   3.26    7.437
2018-05-07-19:00:44 1.11  Mocks_Em/MockNFW1280ellip5loga2.08PA50center0With_background20num61.dat BFGS         1.0e-04 1 1 1 1e+04 NFW        0.0002   0.0000     -2.044 0.197  40   3.25  593.0       -8864.009       -17684.86    44   0.0002   0.0000     -2.044 0.197  40   3.25    0.142
2018-05-07-19:00:44 1.11  Mocks_Em/MockNFW1280ellip5loga2.08PA50center0With_background20num62.dat BFGS         1.0e-04 1 1 1 1e+04 NFW        0.0002   0.0003     -2.006 0.195  40   3.26  662.0       -9096.208       -18149.25   132   0.0002   0.0003     -2.006 0.195  40   3.26    3.639
2018-05-07-19:00:44 1.11  Mocks_Em/MockNFW1280ellip5loga2.08PA50center0With_background20num63.dat BFGS         1.0e-04 1 1 1 1e+04 NFW        0.0001  -0.0000     -2.011 0.226  39   3.25  633.8       -8794.098       -17545.03    36   0.0001  -0.0000     -2.011 0.226  39   3.25    0.511
2018-05-07-19:00:44 1.11  Mocks_Em/MockNFW1280ellip5loga2.08PA50center0With_background20num64.dat BFGS         1.0e-04 1 1 1 1e+04 NFW        0.0003  -0.0001     -1.997 0.200  39   3.25  665.3        -8839.64       -17636.12    60   0.0003  -0.0001     -1.997 0.200  39   3.25    0.388
2018-05-07-19:00:44 1.11  Mocks_Em/MockNFW1280ellip5loga2.08PA50center0With_background20num65.dat BFGS         1.0e-04 1 1 1 1e+04 NFW      359.9999   0.0001     -1.994 0.179  37   3.26  678.2       -8894.671       -17746.18    44 359.9999   0.0001     -1.994 0.179  37   3.26    0.843
2018-05-07-19:00:44 1.11  Mocks_Em/MockNFW1280ellip5loga2.08PA50center0With_background20num66.dat BFGS         1.0e-04 1 1 1 1e+04 NFW        0.0002  -0.0001     -2.017 0.202  40   3.25  624.8        -8861.26       -17679.36    36   0.0002  -0.0001     -2.017 0.202  40   3.25    0.571
2018-05-07-19:00:44 1.11  Mocks_Em/MockNFW1280ellip5loga2.08PA50center0With_background20num67.dat BFGS         1.0e-04 1 1 1 1e+04 NFW        0.0002  -0.0001     -2.017 0.171  34   3.25  631.2       -8804.474       -17565.78    92   0.0002  -0.0001     -2.017 0.171  34   3.25    2.481
2018-05-07-19:00:44 1.11  Mocks_Em/MockNFW1280ellip5loga2.08PA50center0With_background20num68.dat BFGS         1.0e-04 1 1 1 1e+04 NFW        0.0000  -0.0001     -2.017 0.237  40   3.26  635.8       -8962.459       -17881.76    36   0.0000  -0.0001     -2.017 0.237  40   3.26    0.593
2018-05-07-19:00:44 1.11  Mocks_Em/MockNFW1280ellip5loga2.08PA50center0With_background20num69.dat BFGS         1.0e-04 1 1 1 1e+04 NFW      359.9998   0.0002     -2.017 0.238  45   3.24  622.3       -8885.533        -17727.9    36 359.9998   0.0002     -2.017 0.238  45   3.24    0.666
2018-05-07-19:00:44 1.11  Mocks_Em/MockNFW1280ellip5loga2.08PA50center0With_background20num70.dat BFGS         1.0e-04 1 1 1 1e+04 NFW      360.0000   0.0000     -2.015 0.200  39   3.25  633.9       -8826.703       -17610.24   334 360.0000   0.0000     -2.015 0.200  39   3.25    9.342
2018-05-07-19:00:44 1.11  Mocks_Em/MockNFW1280ellip5loga2.08PA50center0With_background20num71.dat BFGS         1.0e-04 1 1 1 1e+04 NFW      359.9998  -0.0003     -2.025 0.166  37   3.25  620.5       -8896.368       -17749.57    60 359.9998  -0.0003     -2.025 0.166  37   3.25    0.360
2018-05-07-19:00:44 1.11  Mocks_Em/MockNFW1280ellip5loga2.08PA50center0With_background20num72.dat BFGS         1.0e-04 1 1 1 1e+04 NFW      360.0000  -0.0000     -2.031 0.236  39   3.26  619.6        -9076.63        -18110.1    36 360.0000  -0.0000     -2.031 0.236  39   3.26    0.601
2018-05-07-19:00:44 1.11  Mocks_Em/MockNFW1280ellip5loga2.08PA50center0With_background20num73.dat BFGS         1.0e-04 1 1 1 1e+04 NFW      359.9998  -0.0000     -1.992 0.196 138   3.24  665.9       -8745.429        -17447.7    36 359.9998  -0.0000     -1.992 0.196 138   3.24    0.603
2018-05-07-19:00:44 1.11  Mocks_Em/MockNFW1280ellip5loga2.08PA50center0With_background20num74.dat BFGS         1.0e-04 1 1 1 1e+04 NFW        0.0002  -0.0001     -2.005 0.202  40   3.26  653.8       -8817.149       -17591.14   245   0.0002  -0.0001     -2.005 0.202  40   3.26    6.471
2018-05-07-19:00:44 1.11  Mocks_Em/MockNFW1280ellip5loga2.08PA50center0With_background20num75.dat BFGS         1.0e-04 1 1 1 1e+04 NFW      359.9999  -0.0002     -2.016 0.179  35   3.25  634.6       -8904.093       -17765.02    36 359.9999  -0.0002     -2.016 0.179  35   3.25    0.605
2018-05-07-19:00:44 1.11  Mocks_Em/MockNFW1280ellip5loga2.08PA50center0With_background20num76.dat BFGS         1.0e-04 1 1 1 1e+04 NFW        0.0005   0.0002     -2.004 0.224  39   3.24  643.9       -8788.992       -17534.82    44   0.0005   0.0002     -2.004 0.224  39   3.24    0.325
2018-05-07-19:00:44 1.11  Mocks_Em/MockNFW1280ellip5loga2.08PA50center0With_background20num77.dat BFGS         1.0e-04 1 1 1 1e+04 NFW        0.0001   0.0001     -2.022 0.196  32   3.26  640.5        -9080.93        -18118.7   196   0.0001   0.0001     -2.022 0.196  32   3.26    5.338
2018-05-07-19:00:44 1.11  Mocks_Em/MockNFW1280ellip5loga2.08PA50center0With_background20num78.dat BFGS         1.0e-04 1 1 1 1e+04 NFW      359.9999   0.0002     -2.015 0.223  41   3.25  632.8       -8928.736       -17814.31   100 359.9999   0.0002     -2.015 0.223  41   3.25    2.715
2018-05-07-19:00:44 1.11  Mocks_Em/MockNFW1280ellip5loga2.08PA50center0With_background20num79.dat BFGS         1.0e-04 1 1 1 1e+04 NFW        0.0003  -0.0000     -2.012 0.219  39   3.25  642.9       -9038.791       -18034.42    36   0.0003  -0.0000     -2.012 0.219  39   3.25    0.629
2018-05-07-19:00:44 1.11  Mocks_Em/MockNFW1280ellip5loga2.08PA50center0With_background20num80.dat BFGS         1.0e-04 1 1 1 1e+04 NFW        0.0004   0.0003     -2.028 0.193  36   3.24  607.4       -8995.004       -17946.85    36   0.0004   0.0003     -2.028 0.193  36   3.24    0.658
2018-05-07-19:00:44 1.11  Mocks_Em/MockNFW1280ellip5loga2.08PA50center0With_background20num81.dat BFGS         1.0e-04 1 1 1 1e+04 NFW        0.0000  -0.0003     -2.015 0.207  37   3.26  648.6        -9113.98        -18184.8    36   0.0000  -0.0003     -2.015 0.207  37   3.26    0.666
2018-05-07-19:00:44 1.11  Mocks_Em/MockNFW1280ellip5loga2.08PA50center0With_background20num82.dat BFGS         1.0e-04 1 1 1 1e+04 NFW        0.0005   0.0005     -1.999 0.227  36   3.24  656.7       -9103.167       -18163.17    36   0.0005   0.0005     -1.999 0.227  36   3.24    0.635
2018-05-07-19:00:44 1.11  Mocks_Em/MockNFW1280ellip5loga2.08PA50center0With_background20num83.dat BFGS         1.0e-04 1 1 1 1e+04 NFW      360.0000   0.0001     -2.009 0.158 136   3.25  648.5       -8848.443       -17653.72    44 360.0000   0.0001     -2.009 0.158 136   3.25    0.841
2018-05-07-19:00:44 1.11  Mocks_Em/MockNFW1280ellip5loga2.08PA50center0With_background20num84.dat BFGS         1.0e-04 1 1 1 1e+04 NFW      359.9998   0.0001     -2.022 0.228  40   3.25  630.3       -9076.843       -18110.52    36 359.9998   0.0001     -2.022 0.228  40   3.25    0.665
2018-05-07-19:00:44 1.11  Mocks_Em/MockNFW1280ellip5loga2.08PA50center0With_background20num85.dat BFGS         1.0e-04 1 1 1 1e+04 NFW      359.9999   0.0003     -2.026 0.241  37   3.25  624.5       -9150.707       -18258.25    36 359.9999   0.0003     -2.026 0.241  37   3.25    0.557
2018-05-07-19:00:44 1.11  Mocks_Em/MockNFW1280ellip5loga2.08PA50center0With_background20num86.dat BFGS         1.0e-04 1 1 1 1e+04 NFW        0.0001   0.0001     -2.027 0.202  43   3.26  622.1       -8979.589       -17916.02   116   0.0001   0.0001     -2.027 0.202  43   3.26    2.701
2018-05-07-19:00:44 1.11  Mocks_Em/MockNFW1280ellip5loga2.08PA50center0With_background20num87.dat BFGS         1.0e-04 1 1 1 1e+04 NFW        0.0002   0.0000     -2.027 0.201  38   3.26  629.8       -9145.976       -18248.79    36   0.0002   0.0000     -2.027 0.201  38   3.26    0.597
2018-05-07-19:00:44 1.11  Mocks_Em/MockNFW1280ellip5loga2.08PA50center0With_background20num88.dat BFGS         1.0e-04 1 1 1 1e+04 NFW        0.0000   0.0001     -2.016 0.202  40   3.25  632.3       -8880.187       -17717.21    36   0.0000   0.0001     -2.016 0.202  40   3.25    0.663
2018-05-07-19:00:44 1.11  Mocks_Em/MockNFW1280ellip5loga2.08PA50center0With_background20num89.dat BFGS         1.0e-04 1 1 1 1e+04 NFW        0.0003   0.0000     -2.019 0.206  41   3.25  629.9       -9018.158       -17993.15    36   0.0003   0.0000     -2.019 0.206  41   3.25    0.579
2018-05-07-19:00:44 1.11  Mocks_Em/MockNFW1280ellip5loga2.08PA50center0With_background20num90.dat BFGS         1.0e-04 1 1 1 1e+04 NFW        0.0003   0.0001     -2.029 0.168  38   3.24  610.6        -8868.65       -17694.14    44   0.0003   0.0001     -2.029 0.168  38   3.24    0.356
2018-05-07-19:00:44 1.11  Mocks_Em/MockNFW1280ellip5loga2.08PA50center0With_background20num91.dat BFGS         1.0e-04 1 1 1 1e+04 NFW      359.9998   0.0000     -2.011 0.217  34   3.26  658.4       -9142.177       -18241.19    36 359.9998   0.0000     -2.011 0.217  34   3.26    0.642
2018-05-07-19:00:44 1.11  Mocks_Em/MockNFW1280ellip5loga2.08PA50center0With_background20num92.dat BFGS         1.0e-04 1 1 1 1e+04 NFW        0.0002   0.0002     -2.000 0.240  41   3.24  652.5       -8925.878       -17808.59   124   0.0002   0.0002     -2.000 0.240  41   3.24    3.112
2018-05-07-19:00:44 1.11  Mocks_Em/MockNFW1280ellip5loga2.08PA50center0With_background20num93.dat BFGS         1.0e-04 1 1 1 1e+04 NFW      359.9999   0.0000     -2.027 0.199  38   3.25  615.1       -8882.712       -17722.26    36 359.9999   0.0000     -2.027 0.199  38   3.25    0.638
2018-05-07-19:00:44 1.11  Mocks_Em/MockNFW1280ellip5loga2.08PA50center0With_background20num94.dat BFGS         1.0e-04 1 1 1 1e+04 NFW      359.9999   0.0001     -2.005 0.220  43   3.25  645.2       -8833.586       -17624.01   222 359.9999   0.0001     -2.005 0.220  43   3.25    6.145
2018-05-07-19:00:44 1.11  Mocks_Em/MockNFW1280ellip5loga2.08PA50center0With_background20num95.dat BFGS         1.0e-04 1 1 1 1e+04 NFW      359.9998   0.0000     -2.006 0.208  38   3.25  651.1        -8883.43        -17723.7    36 359.9998   0.0000     -2.006 0.208  38   3.25    0.532
2018-05-07-19:00:44 1.11  Mocks_Em/MockNFW1280ellip5loga2.08PA50center0With_background20num96.dat BFGS         1.0e-04 1 1 1 1e+04 NFW      360.0000   0.0001     -2.006 0.203  44   3.25  648.6       -8684.655       -17326.15    44 360.0000   0.0001     -2.006 0.203  44   3.25    0.269
2018-05-07-19:00:44 1.11  Mocks_Em/MockNFW1280ellip5loga2.08PA50center0With_background20num97.dat BFGS         1.0e-04 1 1 1 1e+04 NFW      360.0000   0.0001     -1.998 0.201  35   3.25  662.3       -8828.436       -17613.71   190 360.0000   0.0001     -1.998 0.201  35   3.25    5.258
2018-05-07-19:00:44 1.11  Mocks_Em/MockNFW1280ellip5loga2.08PA50center0With_background20num98.dat BFGS         1.0e-04 1 1 1 1e+04 NFW      359.9998  -0.0001     -2.003 0.212  37   3.26  661.9       -8854.676       -17666.19    44 359.9998  -0.0001     -2.003 0.212  37   3.26    0.347
2018-05-07-19:00:44 1.11  Mocks_Em/MockNFW1280ellip5loga2.08PA50center0With_background20num99.dat BFGS         1.0e-04 1 1 1 1e+04 NFW      359.9999   0.0000     -2.016 0.170  33   3.25  634.2       -8815.893       -17588.62    36 359.9999   0.0000     -2.016 0.170  33   3.25    0.624
