2018-05-07-14:53:58 1.11  Mocks_Em/MockNFW160ellip5loga2.08PA50center0With_background20num0.dat Diff-Evol    1.0e-04 1 1 1 1e+04 NFW        0.0006  -0.0002     -1.939 0.796  48   1.49  113.9       -1489.817       -2947.522  2127   0.0007  -0.0002     -1.980 0.240  42   2.41   56.095
2018-05-07-14:53:58 1.11  Mocks_Em/MockNFW160ellip5loga2.08PA50center0With_background20num1.dat Diff-Evol    1.0e-04 1 1 1 1e+04 NFW        0.0004  -0.0004     -1.919 0.791  66   2.74  125.9       -1514.342       -2996.573  2285   0.0002  -0.0004     -1.946 0.140  23   2.44   60.986
2018-05-07-14:53:58 1.11  Mocks_Em/MockNFW160ellip5loga2.08PA50center0With_background20num2.dat Diff-Evol    1.0e-04 1 1 1 1e+04 NFW        0.0000   0.0004     -1.926 0.788  60   1.70  120.5       -1501.134       -2970.157  1745 360.0000   0.0003     -1.960 0.232  37   2.42   46.106
2018-05-07-14:53:58 1.11  Mocks_Em/MockNFW160ellip5loga2.08PA50center0With_background20num3.dat Diff-Evol    1.0e-04 1 1 1 1e+04 NFW        0.0000   0.0001     -1.922 0.791  38   2.25  123.8       -1510.187       -2988.262  2515   0.0000   0.0001     -1.951 0.257 148   2.44   67.156
2018-05-07-14:53:58 1.11  Mocks_Em/MockNFW160ellip5loga2.08PA50center0With_background20num4.dat Diff-Evol    1.0e-04 1 1 1 1e+04 NFW        0.0006  -0.0008     -1.919 0.797  32   3.08  132.5        -1649.38       -3266.649  2141   0.0005  -0.0007     -1.965 0.163 142   2.45   56.053
2018-05-07-14:53:58 1.11  Mocks_Em/MockNFW160ellip5loga2.08PA50center0With_background20num5.dat Diff-Evol    1.0e-04 1 1 1 1e+04 NFW      359.9998  -0.0007     -1.915 0.792  44   0.61  127.0       -1555.478       -3078.845  2371 359.9997  -0.0008     -1.981 0.105 135   2.43   62.517
2018-05-07-14:53:58 1.11  Mocks_Em/MockNFW160ellip5loga2.08PA50center0With_background20num6.dat Diff-Evol    1.0e-04 1 1 1 1e+04 NFW        0.0004  -0.0002     -1.950 0.795  67   1.71  112.5       -1472.544       -2912.976  2018   0.0003   0.0001     -1.942 0.189  32   2.42   53.113
2018-05-07-14:53:58 1.11  Mocks_Em/MockNFW160ellip5loga2.08PA50center0With_background20num7.dat Diff-Evol    1.0e-04 1 1 1 1e+04 NFW      359.9997  -0.0001     -1.910 0.799  57   1.39  125.4       -1529.675       -3027.239  2127 359.9994   0.0002     -1.942 0.242  44   2.41   56.674
2018-05-07-14:53:58 1.11  Mocks_Em/MockNFW160ellip5loga2.08PA50center0With_background20num8.dat Diff-Evol    1.0e-04 1 1 1 1e+04 NFW        0.0005  -0.0002     -1.920 0.796  69   0.95  129.7       -1605.771       -3179.431  2314   0.0008  -0.0002     -2.003 0.139  19   2.44   61.555
2018-05-07-14:53:58 1.11  Mocks_Em/MockNFW160ellip5loga2.08PA50center0With_background20num9.dat Diff-Evol    1.0e-04 1 1 1 1e+04 NFW      359.9999  -0.0003     -1.925 0.793  61   0.37  121.6       -1487.478       -2942.846  2141 359.9998   0.0002     -1.995 0.166  29   2.43   58.290
2018-05-07-14:53:58 1.11  Mocks_Em/MockNFW160ellip5loga2.08PA50center0With_background20num10.dat Diff-Evol    1.0e-04 1 1 1 1e+04 NFW        0.0000   0.0009     -1.919 0.799  58  -0.26  130.2       -1592.925       -3153.738  1899 359.9999   0.0007     -2.002 0.186 141   2.45   51.732
2018-05-07-14:53:58 1.11  Mocks_Em/MockNFW160ellip5loga2.08PA50center0With_background20num11.dat Diff-Evol    1.0e-04 1 1 1 1e+04 NFW        0.0002  -0.0000     -1.940 0.799  62   3.07  119.1       -1508.586       -2985.061  2037   0.0001  -0.0001     -1.956 0.179  39   2.45   55.617
2018-05-07-14:53:58 1.11  Mocks_Em/MockNFW160ellip5loga2.08PA50center0With_background20num12.dat Diff-Evol    1.0e-04 1 1 1 1e+04 NFW      359.9999  -0.0002     -1.935 0.797  52   0.18  126.3       -1597.193       -3162.275  1975 359.9997   0.0004     -2.014 0.135 135   2.46   53.665
2018-05-07-14:53:58 1.11  Mocks_Em/MockNFW160ellip5loga2.08PA50center0With_background20num13.dat Diff-Evol    1.0e-04 1 1 1 1e+04 NFW        0.0002   0.0008     -1.918 0.792  26  -0.55  125.8       -1536.762       -3041.412  2037   0.0002   0.0009     -1.979 0.183 156   2.43   54.901
2018-05-07-14:53:58 1.11  Mocks_Em/MockNFW160ellip5loga2.08PA50center0With_background20num14.dat Diff-Evol    1.0e-04 1 1 1 1e+04 NFW      359.9998  -0.0005     -1.916 0.797  56   3.07  128.8       -1574.311        -3116.51  2667 359.9998  -0.0004     -1.979 0.141  42   2.44   70.693
2018-05-07-14:53:58 1.11  Mocks_Em/MockNFW160ellip5loga2.08PA50center0With_background20num15.dat Diff-Evol    1.0e-04 1 1 1 1e+04 NFW        0.0008   0.0007     -1.923 0.797  47   3.10  122.9       -1568.322       -3104.532  1947   0.0010   0.0004     -1.983 0.214 148   2.42   52.184
2018-05-07-14:53:58 1.11  Mocks_Em/MockNFW160ellip5loga2.08PA50center0With_background20num16.dat Diff-Evol    1.0e-04 1 1 1 1e+04 NFW        0.0005   0.0002     -1.926 0.798  46   2.34  123.6       -1541.803       -3051.495  2238   0.0005   0.0002     -1.959 0.170  36   2.43   59.792
2018-05-07-14:53:58 1.11  Mocks_Em/MockNFW160ellip5loga2.08PA50center0With_background20num17.dat Diff-Evol    1.0e-04 1 1 1 1e+04 NFW        0.0001   0.0005     -1.922 0.771  68  -0.56  115.4       -1432.549       -2832.986  1906   0.0001   0.0005     -1.963 0.086 176   2.40   49.870
2018-05-07-14:53:58 1.11  Mocks_Em/MockNFW160ellip5loga2.08PA50center0With_background20num18.dat Diff-Evol    1.0e-04 1 1 1 1e+04 NFW        0.0003  -0.0006     -1.935 0.787  59   0.61  124.3       -1555.751       -3079.391  2261 359.9997  -0.0002     -1.982 0.228 136   2.45   59.866
2018-05-07-14:53:58 1.11  Mocks_Em/MockNFW160ellip5loga2.08PA50center0With_background20num19.dat Diff-Evol    1.0e-04 1 1 1 1e+04 NFW        0.0000  -0.0000     -1.925 0.796  43   0.88  119.5       -1449.559       -2867.006  1947 359.9996   0.0003     -1.955 0.164 158   2.42   50.801
2018-05-07-14:53:58 1.11  Mocks_Em/MockNFW160ellip5loga2.08PA50center0With_background20num20.dat Diff-Evol    1.0e-04 1 1 1 1e+04 NFW        0.0006  -0.0005     -1.926 0.795  42   3.66  122.7       -1506.857       -2981.604  1835   0.0004  -0.0001     -1.918 0.097  39   2.44   50.766
2018-05-07-14:53:58 1.11  Mocks_Em/MockNFW160ellip5loga2.08PA50center0With_background20num21.dat Diff-Evol    1.0e-04 1 1 1 1e+04 NFW      359.9991  -0.0008     -1.901 0.800  51   1.69  132.3       -1569.464       -3106.817  2321 359.9995  -0.0006     -1.967 0.148  36   2.42   61.694
2018-05-07-14:53:58 1.11  Mocks_Em/MockNFW160ellip5loga2.08PA50center0With_background20num22.dat Diff-Evol    1.0e-04 1 1 1 1e+04 NFW        0.0002   0.0001     -1.942 0.798  47   2.27  114.6       -1461.602       -2891.094  2037   0.0003   0.0000     -1.968 0.144  40   2.43   54.372
2018-05-07-14:53:58 1.11  Mocks_Em/MockNFW160ellip5loga2.08PA50center0With_background20num23.dat Diff-Evol    1.0e-04 1 1 1 1e+04 NFW      359.9998   0.0006     -1.927 0.793  42   3.19  126.1       -1596.866       -3161.621  2141 359.9998   0.0006     -2.001 0.259  39   2.45   56.000
2018-05-07-14:53:58 1.11  Mocks_Em/MockNFW160ellip5loga2.08PA50center0With_background20num24.dat Diff-Evol    1.0e-04 1 1 1 1e+04 NFW      359.9995  -0.0004     -1.915 0.797  43   3.88  125.6       -1604.749       -3177.386  1677 359.9996  -0.0004     -2.023 0.200 135   2.44   44.702
2018-05-07-14:53:58 1.11  Mocks_Em/MockNFW160ellip5loga2.08PA50center0With_background20num25.dat Diff-Evol    1.0e-04 1 1 1 1e+04 NFW      359.9998  -0.0005     -1.925 0.796  59   0.35  118.7       -1448.271       -2864.432  2217 359.9998  -0.0002     -1.918 0.206  32   2.42   59.533
2018-05-07-14:53:58 1.11  Mocks_Em/MockNFW160ellip5loga2.08PA50center0With_background20num26.dat Diff-Evol    1.0e-04 1 1 1 1e+04 NFW      359.9999   0.0000     -1.938 0.797  50   2.81  118.6       -1502.797       -2973.483  1767   0.0001  -0.0001     -1.961 0.237  40   2.44   47.679
2018-05-07-14:53:58 1.11  Mocks_Em/MockNFW160ellip5loga2.08PA50center0With_background20num27.dat Diff-Evol    1.0e-04 1 1 1 1e+04 NFW        0.0010   0.0000     -1.901 0.790  54   0.97  131.1       -1582.215        -3132.32  2391   0.0009  -0.0000     -1.946 0.184  40   2.42   63.648
2018-05-07-14:53:58 1.11  Mocks_Em/MockNFW160ellip5loga2.08PA50center0With_background20num28.dat Diff-Evol    1.0e-04 1 1 1 1e+04 NFW      359.9997  -0.0000     -1.951 0.784  44   0.98  118.4       -1552.438       -3072.765  2411 359.9998  -0.0001     -1.986 0.189 151   2.45   64.951
2018-05-07-14:53:58 1.11  Mocks_Em/MockNFW160ellip5loga2.08PA50center0With_background20num29.dat Diff-Evol    1.0e-04 1 1 1 1e+04 NFW        0.0002  -0.0000     -1.922 0.798  33   2.52  120.3       -1482.475       -2932.839  2667   0.0003  -0.0001     -1.980 0.191 140   2.42   71.778
2018-05-07-14:53:58 1.11  Mocks_Em/MockNFW160ellip5loga2.08PA50center0With_background20num30.dat Diff-Evol    1.0e-04 1 1 1 1e+04 NFW        0.0001   0.0006     -1.924 0.796  67   2.17  129.7       -1580.433       -3128.754  2217   0.0001   0.0004     -1.998 0.080  39   2.46   59.816
2018-05-07-14:53:58 1.11  Mocks_Em/MockNFW160ellip5loga2.08PA50center0With_background20num31.dat Diff-Evol    1.0e-04 1 1 1 1e+04 NFW        0.0001  -0.0001     -1.925 0.798  44   2.71  122.7       -1492.435       -2952.759  2369   0.0000  -0.0001     -1.932 0.228  33   2.44   64.335
2018-05-07-14:53:58 1.11  Mocks_Em/MockNFW160ellip5loga2.08PA50center0With_background20num32.dat Diff-Evol    1.0e-04 1 1 1 1e+04 NFW        0.0002   0.0000     -1.933 0.784  36   3.45  130.0       -1630.756         -3229.4  2149 359.9997   0.0003     -2.011 0.107 147   2.47   57.642
2018-05-07-14:53:58 1.11  Mocks_Em/MockNFW160ellip5loga2.08PA50center0With_background20num33.dat Diff-Evol    1.0e-04 1 1 1 1e+04 NFW        0.0001   0.0007     -1.921 0.798  58   3.24  125.9        -1541.39       -3050.669  2481   0.0000   0.0003     -1.945 0.098  23   2.44   65.779
2018-05-07-14:53:58 1.11  Mocks_Em/MockNFW160ellip5loga2.08PA50center0With_background20num34.dat Diff-Evol    1.0e-04 1 1 1 1e+04 NFW      359.9992   0.0004     -1.924 0.797  36   2.54  127.3       -1567.251       -3102.391  2487 359.9993   0.0004     -1.999 0.086 138   2.44   66.758
2018-05-07-14:53:58 1.11  Mocks_Em/MockNFW160ellip5loga2.08PA50center0With_background20num35.dat Diff-Evol    1.0e-04 1 1 1 1e+04 NFW      359.9999  -0.0002     -1.921 0.798  64   1.11  117.8       -1471.862       -2911.612  2252 360.0000  -0.0006     -1.972 0.193  38   2.40   59.716
2018-05-07-14:53:58 1.11  Mocks_Em/MockNFW160ellip5loga2.08PA50center0With_background20num36.dat Diff-Evol    1.0e-04 1 1 1 1e+04 NFW      359.9998  -0.0004     -1.921 0.798  51   0.53  122.8       -1529.885       -3027.658  2217   0.0001  -0.0005     -1.961 0.266  44   2.42   59.314
2018-05-07-14:53:58 1.11  Mocks_Em/MockNFW160ellip5loga2.08PA50center0With_background20num37.dat Diff-Evol    1.0e-04 1 1 1 1e+04 NFW        0.0002   0.0009     -1.898 0.795  51   2.07  134.1       -1633.762       -3235.412  1857   0.0001   0.0011     -1.956 0.233 143   2.42   49.546
2018-05-07-14:53:58 1.11  Mocks_Em/MockNFW160ellip5loga2.08PA50center0With_background20num38.dat Diff-Evol    1.0e-04 1 1 1 1e+04 NFW      359.9998   0.0005     -1.924 0.797  55   0.93  121.4       -1498.205       -2964.299  2307 359.9998   0.0006     -1.924 0.117  27   2.42   60.949
2018-05-07-14:53:58 1.11  Mocks_Em/MockNFW160ellip5loga2.08PA50center0With_background20num39.dat Diff-Evol    1.0e-04 1 1 1 1e+04 NFW      359.9986  -0.0004     -1.892 0.799  38   0.03  135.3       -1639.674       -3247.236  2307 359.9987  -0.0003     -1.987 0.219  43   2.41   59.984
2018-05-07-14:53:58 1.11  Mocks_Em/MockNFW160ellip5loga2.08PA50center0With_background20num40.dat Diff-Evol    1.0e-04 1 1 1 1e+04 NFW      359.9998  -0.0000     -1.919 0.795  53   2.44  123.0       -1505.091        -2978.07  2529 359.9997  -0.0000     -1.969 0.151  30   2.43   67.229
2018-05-07-14:53:58 1.11  Mocks_Em/MockNFW160ellip5loga2.08PA50center0With_background20num41.dat Diff-Evol    1.0e-04 1 1 1 1e+04 NFW        0.0007   0.0001     -1.920 0.794  51   1.56  126.5       -1558.648       -3085.185  1753   0.0006   0.0002     -1.978 0.273  36   2.44   46.929
2018-05-07-14:53:58 1.11  Mocks_Em/MockNFW160ellip5loga2.08PA50center0With_background20num42.dat Diff-Evol    1.0e-04 1 1 1 1e+04 NFW      359.9999  -0.0006     -1.928 0.799  38   2.69  127.8       -1591.294       -3150.476  2065 360.0000  -0.0005     -2.016 0.180  24   2.46   54.646
2018-05-07-14:53:58 1.11  Mocks_Em/MockNFW160ellip5loga2.08PA50center0With_background20num43.dat Diff-Evol    1.0e-04 1 1 1 1e+04 NFW        0.0009   0.0006     -1.919 0.798  14   2.15  127.9       -1544.571       -3057.031  1745   0.0005   0.0006     -1.939 0.187 158   2.44   46.537
2018-05-07-14:53:58 1.11  Mocks_Em/MockNFW160ellip5loga2.08PA50center0With_background20num44.dat Diff-Evol    1.0e-04 1 1 1 1e+04 NFW      359.9997  -0.0003     -1.934 0.792  59   3.47  119.5       -1522.569       -3013.026  1911   0.0001  -0.0004     -1.979 0.175  35   2.44   50.534
2018-05-07-14:53:58 1.11  Mocks_Em/MockNFW160ellip5loga2.08PA50center0With_background20num45.dat Diff-Evol    1.0e-04 1 1 1 1e+04 NFW        0.0012   0.0004     -1.895 0.800  64   0.57  129.8       -1558.233       -3084.355  2645   0.0009   0.0004     -1.967 0.133 142   2.40   69.816
2018-05-07-14:53:58 1.11  Mocks_Em/MockNFW160ellip5loga2.08PA50center0With_background20num46.dat Diff-Evol    1.0e-04 1 1 1 1e+04 NFW        0.0009   0.0001     -1.923 0.784  60   2.46  128.6       -1603.313       -3174.515  2308   0.0009   0.0000     -1.943 0.195  33   2.44   61.234
2018-05-07-14:53:58 1.11  Mocks_Em/MockNFW160ellip5loga2.08PA50center0With_background20num47.dat Diff-Evol    1.0e-04 1 1 1 1e+04 NFW        0.0001  -0.0003     -1.936 0.782  60   3.76  118.9       -1514.693       -2997.275  2412   0.0001  -0.0003     -1.987 0.239  34   2.45   65.060
2018-05-07-14:53:58 1.11  Mocks_Em/MockNFW160ellip5loga2.08PA50center0With_background20num48.dat Diff-Evol    1.0e-04 1 1 1 1e+04 NFW        0.0009   0.0001     -1.897 0.793  55   1.75  126.2       -1514.798       -2997.484  1961   0.0010   0.0005     -1.940 0.154  36   2.39   52.269
2018-05-07-14:53:58 1.11  Mocks_Em/MockNFW160ellip5loga2.08PA50center0With_background20num49.dat Diff-Evol    1.0e-04 1 1 1 1e+04 NFW        0.0008  -0.0002     -1.911 0.800  38   2.98  133.5        -1637.92       -3243.728  2037   0.0008  -0.0003     -1.975 0.102  25   2.44   53.882
2018-05-07-14:53:58 1.11  Mocks_Em/MockNFW160ellip5loga2.08PA50center0With_background20num50.dat Diff-Evol    1.0e-04 1 1 1 1e+04 NFW      359.9998  -0.0010     -1.912 0.798  42  -0.05  128.2       -1553.322       -3074.534  2451 359.9997  -0.0007     -1.946 0.154  29   2.43   65.756
2018-05-07-14:53:58 1.11  Mocks_Em/MockNFW160ellip5loga2.08PA50center0With_background20num51.dat Diff-Evol    1.0e-04 1 1 1 1e+04 NFW      359.9990   0.0000     -1.926 0.798  80   1.80  119.9       -1513.479       -2994.847  1996 359.9992   0.0001     -1.975 0.114  16   2.41   52.695
2018-05-07-14:53:58 1.11  Mocks_Em/MockNFW160ellip5loga2.08PA50center0With_background20num52.dat Diff-Evol    1.0e-04 1 1 1 1e+04 NFW      359.9997  -0.0007     -1.908 0.793  48  -0.53  128.4       -1532.305       -3032.498  2330   0.0000  -0.0010     -1.952 0.096  31   2.42   60.536
2018-05-07-14:53:58 1.11  Mocks_Em/MockNFW160ellip5loga2.08PA50center0With_background20num53.dat Diff-Evol    1.0e-04 1 1 1 1e+04 NFW        0.0001   0.0006     -1.939 0.782  56   1.56  117.4       -1515.733       -2999.355  1795   0.0002   0.0007     -1.951 0.188  35   2.42   48.014
2018-05-07-14:53:58 1.11  Mocks_Em/MockNFW160ellip5loga2.08PA50center0With_background20num54.dat Diff-Evol    1.0e-04 1 1 1 1e+04 NFW        0.0006   0.0008     -1.902 0.799  64   2.52  124.6       -1511.202       -2990.293  2411   0.0007   0.0010     -1.935 0.141  33   2.40   63.532
2018-05-07-14:53:58 1.11  Mocks_Em/MockNFW160ellip5loga2.08PA50center0With_background20num55.dat Diff-Evol    1.0e-04 1 1 1 1e+04 NFW      359.9996   0.0004     -1.921 0.799  44   0.80  129.7       -1567.071       -3102.031  2737 359.9995   0.0003     -1.958 0.162 152   2.45   72.418
2018-05-07-14:53:58 1.11  Mocks_Em/MockNFW160ellip5loga2.08PA50center0With_background20num56.dat Diff-Evol    1.0e-04 1 1 1 1e+04 NFW        0.0001  -0.0002     -1.916 0.793  40   1.12  124.0       -1506.221       -2980.332  2253 359.9999  -0.0002     -1.974 0.147  42   2.42   58.856
2018-05-07-14:53:58 1.11  Mocks_Em/MockNFW160ellip5loga2.08PA50center0With_background20num57.dat Diff-Evol    1.0e-04 1 1 1 1e+04 NFW      359.9995  -0.0007     -1.904 0.799  46   0.33  134.9       -1620.205         -3208.3  2105 359.9993  -0.0006     -1.987 0.205  41   2.44   55.892
2018-05-07-14:53:58 1.11  Mocks_Em/MockNFW160ellip5loga2.08PA50center0With_background20num58.dat Diff-Evol    1.0e-04 1 1 1 1e+04 NFW      359.9998   0.0001     -1.918 0.799  28   1.23  115.0       -1403.819       -2775.526  2487 359.9998  -0.0000     -1.938 0.156 142   2.39   65.657
2018-05-07-14:53:58 1.11  Mocks_Em/MockNFW160ellip5loga2.08PA50center0With_background20num59.dat Diff-Evol    1.0e-04 1 1 1 1e+04 NFW        0.0005  -0.0008     -1.918 0.798  31   2.78  123.1       -1568.134       -3104.156  2245   0.0006  -0.0007     -1.946 0.149 143   2.41   59.560
2018-05-07-14:53:58 1.11  Mocks_Em/MockNFW160ellip5loga2.08PA50center0With_background20num60.dat Diff-Evol    1.0e-04 1 1 1 1e+04 NFW        0.0005   0.0001     -1.918 0.800  45   4.08  117.5       -1541.982       -3051.853  2017   0.0005   0.0001     -1.947 0.207 135   2.42   53.954
2018-05-07-14:53:58 1.11  Mocks_Em/MockNFW160ellip5loga2.08PA50center0With_background20num61.dat Diff-Evol    1.0e-04 1 1 1 1e+04 NFW        0.0003   0.0008     -1.906 0.799  51   3.33  126.7       -1530.623       -3029.134  2577   0.0004   0.0006     -1.956 0.181 135   2.42   68.810
2018-05-07-14:53:58 1.11  Mocks_Em/MockNFW160ellip5loga2.08PA50center0With_background20num62.dat Diff-Evol    1.0e-04 1 1 1 1e+04 NFW      359.9995  -0.0006     -1.902 0.792   2   0.66  135.2       -1610.333       -3188.554  2051 359.9993  -0.0004     -2.005 0.124 165   2.43   53.954
2018-05-07-14:53:58 1.11  Mocks_Em/MockNFW160ellip5loga2.08PA50center0With_background20num63.dat Diff-Evol    1.0e-04 1 1 1 1e+04 NFW      359.9992  -0.0007     -1.921 0.787  61   0.47  121.8       -1537.636        -3043.16  2037 359.9993  -0.0008     -1.961 0.163  39   2.41   53.584
2018-05-07-14:53:58 1.11  Mocks_Em/MockNFW160ellip5loga2.08PA50center0With_background20num64.dat Diff-Evol    1.0e-04 1 1 1 1e+04 NFW      359.9996  -0.0001     -1.920 0.790  51   0.91  119.3       -1463.222       -2894.333  1911   0.0002  -0.0000     -1.964 0.211  42   2.41   50.577
2018-05-07-14:53:58 1.11  Mocks_Em/MockNFW160ellip5loga2.08PA50center0With_background20num65.dat Diff-Evol    1.0e-04 1 1 1 1e+04 NFW        0.0001   0.0002     -1.938 0.792  51   2.95  117.0       -1501.146       -2970.181  1754   0.0000   0.0003     -2.003 0.253  45   2.44   47.220
2018-05-07-14:53:58 1.11  Mocks_Em/MockNFW160ellip5loga2.08PA50center0With_background20num66.dat Diff-Evol    1.0e-04 1 1 1 1e+04 NFW        0.0005  -0.0006     -1.919 0.790  53   2.97  129.0       -1598.012       -3163.912  2273   0.0007  -0.0006     -2.005 0.179  22   2.45   60.620
2018-05-07-14:53:58 1.11  Mocks_Em/MockNFW160ellip5loga2.08PA50center0With_background20num67.dat Diff-Evol    1.0e-04 1 1 1 1e+04 NFW        0.0007  -0.0001     -1.922 0.788  50   3.06  130.2       -1619.124       -3206.138  2391   0.0005  -0.0001     -1.990 0.181 145   2.45   64.734
2018-05-07-14:53:58 1.11  Mocks_Em/MockNFW160ellip5loga2.08PA50center0With_background20num68.dat Diff-Evol    1.0e-04 1 1 1 1e+04 NFW        0.0003   0.0002     -1.937 0.789  66   0.83  113.0       -1377.762       -2723.412  2015   0.0001  -0.0000     -1.948 0.188  35   2.42   54.771
2018-05-07-14:53:58 1.11  Mocks_Em/MockNFW160ellip5loga2.08PA50center0With_background20num69.dat Diff-Evol    1.0e-04 1 1 1 1e+04 NFW      359.9997   0.0001     -1.931 0.798  49   0.12  117.5        -1449.34        -2866.57  2307 359.9997   0.0001     -1.957 0.104  41   2.43   61.210
2018-05-07-14:53:58 1.11  Mocks_Em/MockNFW160ellip5loga2.08PA50center0With_background20num70.dat Diff-Evol    1.0e-04 1 1 1 1e+04 NFW      359.9997  -0.0002     -1.912 0.770  51   1.60  131.8       -1590.742       -3149.373  1871 359.9995   0.0002     -1.988 0.143  18   2.44   49.951
2018-05-07-14:53:58 1.11  Mocks_Em/MockNFW160ellip5loga2.08PA50center0With_background20num71.dat Diff-Evol    1.0e-04 1 1 1 1e+04 NFW      359.9993  -0.0004     -1.926 0.797  68   1.39  113.2       -1414.022       -2795.932  2426 359.9993  -0.0004     -1.940 0.096 152   2.40   63.393
2018-05-07-14:53:58 1.11  Mocks_Em/MockNFW160ellip5loga2.08PA50center0With_background20num72.dat Diff-Evol    1.0e-04 1 1 1 1e+04 NFW      359.9999  -0.0007     -1.936 0.797  50   0.29  126.4       -1561.818       -3091.526  1925   0.0001  -0.0004     -1.961 0.185 140   2.46   52.269
2018-05-07-14:53:58 1.11  Mocks_Em/MockNFW160ellip5loga2.08PA50center0With_background20num73.dat Diff-Evol    1.0e-04 1 1 1 1e+04 NFW      359.9993  -0.0006     -1.915 0.800  58   0.38  125.6       -1528.685       -3025.259  2100 359.9996  -0.0006     -1.940 0.272  27   2.42   54.906
2018-05-07-14:53:58 1.11  Mocks_Em/MockNFW160ellip5loga2.08PA50center0With_background20num74.dat Diff-Evol    1.0e-04 1 1 1 1e+04 NFW      359.9993   0.0007     -1.907 0.798  54   3.79  128.9       -1600.845       -3169.579  2502 359.9993   0.0006     -1.957 0.199  40   2.43   65.670
2018-05-07-14:53:58 1.11  Mocks_Em/MockNFW160ellip5loga2.08PA50center0With_background20num75.dat Diff-Evol    1.0e-04 1 1 1 1e+04 NFW        0.0002   0.0009     -1.917 0.797  38   0.72  131.4       -1596.658       -3161.206  2411 359.9999   0.0009     -1.981 0.167  32   2.45   64.110
2018-05-07-14:53:58 1.11  Mocks_Em/MockNFW160ellip5loga2.08PA50center0With_background20num76.dat Diff-Evol    1.0e-04 1 1 1 1e+04 NFW        0.0003   0.0000     -1.923 0.792  15   1.36  118.7       -1477.895        -2923.68  2342   0.0004   0.0001     -1.967 0.131 169   2.41   62.055
2018-05-07-14:53:58 1.11  Mocks_Em/MockNFW160ellip5loga2.08PA50center0With_background20num77.dat Diff-Evol    1.0e-04 1 1 1 1e+04 NFW        0.0007   0.0008     -1.918 0.800  60   0.32  127.0       -1532.848       -3033.584  2307   0.0004   0.0003     -1.973 0.207  38   2.44   61.704
2018-05-07-14:53:58 1.11  Mocks_Em/MockNFW160ellip5loga2.08PA50center0With_background20num78.dat Diff-Evol    1.0e-04 1 1 1 1e+04 NFW        0.0006   0.0000     -1.916 0.785  39   2.08  122.8       -1505.883       -2979.656  2058   0.0007   0.0000     -1.953 0.192  37   2.41   54.295
2018-05-07-14:53:58 1.11  Mocks_Em/MockNFW160ellip5loga2.08PA50center0With_background20num79.dat Diff-Evol    1.0e-04 1 1 1 1e+04 NFW      359.9996   0.0004     -1.936 0.797  49   0.08  114.0       -1472.469       -2912.826  2294 359.9997   0.0003     -1.989 0.190 143   2.41   61.495
2018-05-07-14:53:58 1.11  Mocks_Em/MockNFW160ellip5loga2.08PA50center0With_background20num80.dat Diff-Evol    1.0e-04 1 1 1 1e+04 NFW        0.0001   0.0004     -1.918 0.797  44   3.40  118.2       -1489.853       -2947.594  2100   0.0003   0.0005     -1.967 0.222  32   2.41   55.352
2018-05-07-14:53:58 1.11  Mocks_Em/MockNFW160ellip5loga2.08PA50center0With_background20num81.dat Diff-Evol    1.0e-04 1 1 1 1e+04 NFW        0.0001  -0.0003     -1.924 0.799  60   3.63  121.2       -1533.891       -3035.671  2079   0.0003  -0.0006     -1.985 0.162  42   2.43   56.037
2018-05-07-14:53:58 1.11  Mocks_Em/MockNFW160ellip5loga2.08PA50center0With_background20num82.dat Diff-Evol    1.0e-04 1 1 1 1e+04 NFW        0.0006  -0.0006     -1.911 0.796  57  -0.54  120.0       -1468.862       -2905.612  1906   0.0005  -0.0006     -1.941 0.215  40   2.39   50.561
2018-05-07-14:53:58 1.11  Mocks_Em/MockNFW160ellip5loga2.08PA50center0With_background20num83.dat Diff-Evol    1.0e-04 1 1 1 1e+04 NFW      359.9994   0.0001     -1.933 0.800  51   2.11  116.8       -1485.281        -2938.45  2252 359.9994   0.0001     -1.954 0.249  33   2.42   59.824
2018-05-07-14:53:58 1.11  Mocks_Em/MockNFW160ellip5loga2.08PA50center0With_background20num84.dat Diff-Evol    1.0e-04 1 1 1 1e+04 NFW        0.0000  -0.0003     -1.922 0.799  70   2.13  131.3       -1618.118       -3204.126  2127   0.0002  -0.0004     -1.976 0.161   6   2.46   55.768
2018-05-07-14:53:58 1.11  Mocks_Em/MockNFW160ellip5loga2.08PA50center0With_background20num85.dat Diff-Evol    1.0e-04 1 1 1 1e+04 NFW      360.0000   0.0019     -1.897 0.796  47   1.30  135.4       -1601.302       -3170.493  2465 360.0000   0.0019     -1.949 0.117 137   2.42   66.192
2018-05-07-14:53:58 1.11  Mocks_Em/MockNFW160ellip5loga2.08PA50center0With_background20num86.dat Diff-Evol    1.0e-04 1 1 1 1e+04 NFW      359.9993   0.0003     -1.901 0.786  60   2.76  131.6       -1576.798       -3121.485  2307 359.9989  -0.0001     -1.984 0.117   2   2.42   61.148
2018-05-07-14:53:58 1.11  Mocks_Em/MockNFW160ellip5loga2.08PA50center0With_background20num87.dat Diff-Evol    1.0e-04 1 1 1 1e+04 NFW      359.9998   0.0004     -1.938 0.795  47   2.45  114.3           -1471       -2909.888  1865 359.9997   0.0006     -1.938 0.042 144   2.41   50.640
2018-05-07-14:53:58 1.11  Mocks_Em/MockNFW160ellip5loga2.08PA50center0With_background20num88.dat Diff-Evol    1.0e-04 1 1 1 1e+04 NFW        0.0008   0.0000     -1.932 0.795  42   2.21  124.4       -1556.768       -3081.424  1989   0.0003   0.0003     -1.964 0.250 136   2.45   53.912
2018-05-07-14:53:58 1.11  Mocks_Em/MockNFW160ellip5loga2.08PA50center0With_background20num89.dat Diff-Evol    1.0e-04 1 1 1 1e+04 NFW      359.9989  -0.0005     -1.905 0.799  41   2.13  124.8       -1536.414       -3040.717  2127 359.9990  -0.0003     -1.950 0.073 157   2.40   56.776
2018-05-07-14:53:58 1.11  Mocks_Em/MockNFW160ellip5loga2.08PA50center0With_background20num90.dat Diff-Evol    1.0e-04 1 1 1 1e+04 NFW      359.9998   0.0002     -1.918 0.790  47   1.13  129.9       -1563.342       -3094.574  2349 359.9998   0.0003     -1.979 0.149  36   2.45   62.729
2018-05-07-14:53:58 1.11  Mocks_Em/MockNFW160ellip5loga2.08PA50center0With_background20num91.dat Diff-Evol    1.0e-04 1 1 1 1e+04 NFW      359.9989  -0.0003     -1.910 0.799  59   2.38  121.6       -1499.027       -2965.942  2091 359.9992  -0.0004     -1.964 0.218  24   2.40   56.025
2018-05-07-14:53:58 1.11  Mocks_Em/MockNFW160ellip5loga2.08PA50center0With_background20num92.dat Diff-Evol    1.0e-04 1 1 1 1e+04 NFW        0.0001   0.0003     -1.934 0.798  48   2.12  122.7       -1554.485        -3076.86  2045   0.0005   0.0002     -1.997 0.155  36   2.45   55.388
2018-05-07-14:53:58 1.11  Mocks_Em/MockNFW160ellip5loga2.08PA50center0With_background20num93.dat Diff-Evol    1.0e-04 1 1 1 1e+04 NFW        0.0009   0.0009     -1.910 0.792  58   1.13  123.2       -1488.557       -2945.003  2307   0.0005   0.0006     -1.941 0.194  30   2.41   61.101
2018-05-07-14:53:58 1.11  Mocks_Em/MockNFW160ellip5loga2.08PA50center0With_background20num94.dat Diff-Evol    1.0e-04 1 1 1 1e+04 NFW      359.9998   0.0006     -1.915 0.778  38   1.73  125.1       -1533.535       -3034.959  1940 359.9999   0.0005     -1.948 0.216  41   2.42   51.079
2018-05-07-14:53:58 1.11  Mocks_Em/MockNFW160ellip5loga2.08PA50center0With_background20num95.dat Diff-Evol    1.0e-04 1 1 1 1e+04 NFW        0.0002  -0.0006     -1.930 0.793  73   1.89  124.4       -1549.744       -3067.378  2361   0.0003  -0.0006     -1.992 0.120  36   2.44   63.250
2018-05-07-14:53:58 1.11  Mocks_Em/MockNFW160ellip5loga2.08PA50center0With_background20num96.dat Diff-Evol    1.0e-04 1 1 1 1e+04 NFW        0.0012   0.0003     -1.897 0.799  54   3.61  134.4       -1643.702       -3255.292  2411   0.0011   0.0002     -1.981 0.135  41   2.43   63.826
2018-05-07-14:53:58 1.11  Mocks_Em/MockNFW160ellip5loga2.08PA50center0With_background20num97.dat Diff-Evol    1.0e-04 1 1 1 1e+04 NFW      359.9998  -0.0000     -1.923 0.798  65   0.86  117.6       -1434.384       -2836.657  2522 359.9996  -0.0000     -1.942 0.216  33   2.41   67.908
2018-05-07-14:53:58 1.11  Mocks_Em/MockNFW160ellip5loga2.08PA50center0With_background20num98.dat Diff-Evol    1.0e-04 1 1 1 1e+04 NFW        0.0003  -0.0000     -1.925 0.785  35   0.31  129.8       -1581.467       -3130.824  1857   0.0000   0.0001     -2.019 0.189  29   2.46   49.372
2018-05-07-14:53:58 1.11  Mocks_Em/MockNFW160ellip5loga2.08PA50center0With_background20num99.dat Diff-Evol    1.0e-04 1 1 1 1e+04 NFW      359.9995  -0.0002     -1.918 0.795  57   1.67  121.6       -1525.865       -3019.619  2266 359.9996  -0.0003     -1.976 0.264  31   2.41   61.020
