2018-05-07-14:39:29 1.11  Mocks_Em/MockNFW20ellip5loga2.08PA50center0With_background20num0.dat BFGS         1.0e-04 1 1 1 1e+04 NFW        0.0023  -0.0013     -1.923 0.126  12   1.91   39.7       -454.4621       -883.3481    92   0.0023  -0.0013     -1.923 0.126  12   1.91    2.161
2018-05-07-14:39:29 1.11  Mocks_Em/MockNFW20ellip5loga2.08PA50center0With_background20num1.dat BFGS         1.0e-04 1 1 1 1e+04 NFW      359.9984  -0.0019     -1.861 0.086   4   1.90   46.5           1E+30           2E+30     8 359.9984  -0.0019     -1.861 0.086   4   1.90    0.000
2018-05-07-14:39:29 1.11  Mocks_Em/MockNFW20ellip5loga2.08PA50center0With_background20num2.dat BFGS         1.0e-04 1 1 1 1e+04 NFW      359.9994  -0.0010     -1.843 0.133 154   1.91   48.5           1E+30           2E+30     8 359.9994  -0.0010     -1.843 0.133 154   1.91    0.000
2018-05-07-14:39:29 1.11  Mocks_Em/MockNFW20ellip5loga2.08PA50center0With_background20num3.dat BFGS         1.0e-04 1 1 1 1e+04 NFW      359.9976   0.0007     -1.857 0.265 151   1.90   46.8           1E+30           2E+30     8 359.9976   0.0007     -1.857 0.265 151   1.90    0.000
2018-05-07-14:39:29 1.11  Mocks_Em/MockNFW20ellip5loga2.08PA50center0With_background20num4.dat BFGS         1.0e-04 1 1 1 1e+04 NFW      359.9996  -0.0027     -1.885 0.119  18   1.94   47.6       -493.9592       -962.3424   151 359.9996  -0.0027     -1.885 0.119  18   1.94    3.779
2018-05-07-14:39:29 1.11  Mocks_Em/MockNFW20ellip5loga2.08PA50center0With_background20num5.dat BFGS         1.0e-04 1 1 1 1e+04 NFW        0.0001  -0.0009     -1.986 0.105 149   1.92   32.4        -422.717       -819.8579    36   0.0001  -0.0009     -1.986 0.105 149   1.92    0.607
2018-05-07-14:39:29 1.11  Mocks_Em/MockNFW20ellip5loga2.08PA50center0With_background20num6.dat BFGS         1.0e-04 1 1 1 1e+04 NFW        0.0002  -0.0011     -1.960 0.124  29   1.97   37.8       -436.1193       -846.6626    36   0.0002  -0.0011     -1.960 0.124  29   1.97    0.581
2018-05-07-14:39:29 1.11  Mocks_Em/MockNFW20ellip5loga2.08PA50center0With_background20num7.dat BFGS         1.0e-04 1 1 1 1e+04 NFW        0.0012   0.0007     -1.906 0.107  35   1.91   40.7       -439.6989       -853.8216   148   0.0012   0.0007     -1.906 0.107  35   1.91    3.576
2018-05-07-14:39:29 1.11  Mocks_Em/MockNFW20ellip5loga2.08PA50center0With_background20num8.dat BFGS         1.0e-04 1 1 1 1e+04 NFW        0.0025  -0.0013     -1.847 0.233  37   1.92   51.0           1E+30           2E+30     8   0.0025  -0.0013     -1.847 0.233  37   1.92    0.000
2018-05-07-14:39:29 1.11  Mocks_Em/MockNFW20ellip5loga2.08PA50center0With_background20num9.dat BFGS         1.0e-04 1 1 1 1e+04 NFW      359.9991  -0.0005     -1.923 0.202 151   1.92   39.3       -428.8004       -832.0247   246 359.9991  -0.0005     -1.923 0.202 151   1.92    5.757
2018-05-07-14:39:29 1.11  Mocks_Em/MockNFW20ellip5loga2.08PA50center0With_background20num10.dat BFGS         1.0e-04 1 1 1 1e+04 NFW        0.0001   0.0003     -1.910 0.110  43   1.94   40.6           1E+30           2E+30     8   0.0001   0.0003     -1.910 0.110  43   1.94    0.000
2018-05-07-14:39:29 1.11  Mocks_Em/MockNFW20ellip5loga2.08PA50center0With_background20num11.dat BFGS         1.0e-04 1 1 1 1e+04 NFW        0.0004  -0.0010     -1.864 0.168 162   1.94   45.6           1E+30           2E+30     8   0.0004  -0.0010     -1.864 0.168 162   1.94    0.000
2018-05-07-14:39:29 1.11  Mocks_Em/MockNFW20ellip5loga2.08PA50center0With_background20num12.dat BFGS         1.0e-04 1 1 1 1e+04 NFW        0.0013   0.0009     -1.917 0.109 159   1.92   39.7       -432.3225        -839.069   172   0.0013   0.0009     -1.917 0.109 159   1.92    4.363
2018-05-07-14:39:29 1.11  Mocks_Em/MockNFW20ellip5loga2.08PA50center0With_background20num13.dat BFGS         1.0e-04 1 1 1 1e+04 NFW        0.0020   0.0012     -1.913 0.156  11   1.93   42.3       -467.5337       -909.4914    36   0.0020   0.0012     -1.913 0.156  11   1.93    0.607
2018-05-07-14:39:29 1.11  Mocks_Em/MockNFW20ellip5loga2.08PA50center0With_background20num14.dat BFGS         1.0e-04 1 1 1 1e+04 NFW      359.9978  -0.0018     -1.882 0.088 176   1.85   41.4       -449.2821        -872.988   139 359.9978  -0.0018     -1.882 0.088 176   1.85    3.550
2018-05-07-14:39:29 1.11  Mocks_Em/MockNFW20ellip5loga2.08PA50center0With_background20num15.dat BFGS         1.0e-04 1 1 1 1e+04 NFW      359.9999   0.0011     -1.879 0.242 140   1.91   42.4           1E+30           2E+30     8 359.9999   0.0011     -1.879 0.242 140   1.91    0.000
2018-05-07-14:39:29 1.11  Mocks_Em/MockNFW20ellip5loga2.08PA50center0With_background20num16.dat BFGS         1.0e-04 1 1 1 1e+04 NFW        0.0008  -0.0008     -1.901 0.080  29   1.93   42.4           1E+30           2E+30     8   0.0008  -0.0008     -1.901 0.080  29   1.93    0.000
2018-05-07-14:39:29 1.11  Mocks_Em/MockNFW20ellip5loga2.08PA50center0With_background20num17.dat BFGS         1.0e-04 1 1 1 1e+04 NFW        0.0009  -0.0006     -1.864 0.091 178   1.92   45.1           1E+30           2E+30     8   0.0009  -0.0006     -1.864 0.091 178   1.92    0.000
2018-05-07-14:39:29 1.11  Mocks_Em/MockNFW20ellip5loga2.08PA50center0With_background20num18.dat BFGS         1.0e-04 1 1 1 1e+04 NFW      359.9982  -0.0012     -1.870 0.095  35   1.87   42.9       -432.7815       -839.9868    44 359.9982  -0.0012     -1.870 0.095  35   1.87    0.159
2018-05-07-14:39:29 1.11  Mocks_Em/MockNFW20ellip5loga2.08PA50center0With_background20num19.dat BFGS         1.0e-04 1 1 1 1e+04 NFW        0.0012  -0.0000     -1.935 0.030 173   1.90   35.7       -397.0016       -768.4271    36   0.0012  -0.0000     -1.935 0.030 173   1.90    0.607
2018-05-07-14:39:29 1.11  Mocks_Em/MockNFW20ellip5loga2.08PA50center0With_background20num20.dat BFGS         1.0e-04 1 1 1 1e+04 NFW      359.9993  -0.0010     -1.867 0.143 146   1.89   43.6           1E+30           2E+30     8 359.9993  -0.0010     -1.867 0.143 146   1.89    0.000
2018-05-07-14:39:29 1.11  Mocks_Em/MockNFW20ellip5loga2.08PA50center0With_background20num21.dat BFGS         1.0e-04 1 1 1 1e+04 NFW      359.9995  -0.0013     -1.830 0.126  11   1.87   45.2           1E+30           2E+30     8 359.9995  -0.0013     -1.830 0.126  11   1.87    0.000
2018-05-07-14:39:29 1.11  Mocks_Em/MockNFW20ellip5loga2.08PA50center0With_background20num22.dat BFGS         1.0e-04 1 1 1 1e+04 NFW        0.0007   0.0001     -1.867 0.065 165   1.89   42.7           1E+30           2E+30     8   0.0007   0.0001     -1.867 0.065 165   1.89    0.000
2018-05-07-14:39:29 1.11  Mocks_Em/MockNFW20ellip5loga2.08PA50center0With_background20num23.dat BFGS         1.0e-04 1 1 1 1e+04 NFW      359.9979   0.0005     -1.942 0.135   5   1.95   40.2       -471.0932       -916.6103    44 359.9979   0.0005     -1.942 0.135   5   1.95    0.840
2018-05-07-14:39:29 1.11  Mocks_Em/MockNFW20ellip5loga2.08PA50center0With_background20num24.dat BFGS         1.0e-04 1 1 1 1e+04 NFW      359.9995  -0.0010     -1.966 0.305  42   1.97   36.3       -426.1589       -826.7418    73 359.9995  -0.0010     -1.966 0.305  42   1.97    1.861
2018-05-07-14:39:29 1.11  Mocks_Em/MockNFW20ellip5loga2.08PA50center0With_background20num25.dat BFGS         1.0e-04 1 1 1 1e+04 NFW        0.0001  -0.0013     -1.877 0.094  31   1.91   42.6           1E+30           2E+30     8   0.0001  -0.0013     -1.877 0.094  31   1.91    0.000
2018-05-07-14:39:29 1.11  Mocks_Em/MockNFW20ellip5loga2.08PA50center0With_background20num26.dat BFGS         1.0e-04 1 1 1 1e+04 NFW        0.0009   0.0001     -1.943 0.091 157   1.94   37.2       -418.4023       -811.2286    36   0.0009   0.0001     -1.943 0.091 157   1.94    0.578
2018-05-07-14:39:29 1.11  Mocks_Em/MockNFW20ellip5loga2.08PA50center0With_background20num27.dat BFGS         1.0e-04 1 1 1 1e+04 NFW      359.9987   0.0026     -1.921 0.125  25   1.86   38.3       -467.6954       -909.8148    36 359.9987   0.0026     -1.921 0.125  25   1.86    0.523
2018-05-07-14:39:29 1.11  Mocks_Em/MockNFW20ellip5loga2.08PA50center0With_background20num28.dat BFGS         1.0e-04 1 1 1 1e+04 NFW      359.9993  -0.0015     -1.856 0.077  31   1.89   44.8           1E+30           2E+30     8 359.9993  -0.0015     -1.856 0.077  31   1.89    0.000
2018-05-07-14:39:29 1.11  Mocks_Em/MockNFW20ellip5loga2.08PA50center0With_background20num29.dat BFGS         1.0e-04 1 1 1 1e+04 NFW        0.0006  -0.0006     -1.886 0.219   3   1.92   42.8           1E+30           2E+30     8   0.0006  -0.0006     -1.886 0.219   3   1.92    0.000
2018-05-07-14:39:29 1.11  Mocks_Em/MockNFW20ellip5loga2.08PA50center0With_background20num30.dat BFGS         1.0e-04 1 1 1 1e+04 NFW      359.9989  -0.0001     -1.879 0.179  29   1.90   42.3           1E+30           2E+30     8 359.9989  -0.0001     -1.879 0.179  29   1.90    0.000
2018-05-07-14:39:29 1.11  Mocks_Em/MockNFW20ellip5loga2.08PA50center0With_background20num31.dat BFGS         1.0e-04 1 1 1 1e+04 NFW      359.9999   0.0015     -1.927 0.113  28   1.96   40.7        -423.626       -821.6759    36 359.9999   0.0015     -1.927 0.113  28   1.96    0.607
2018-05-07-14:39:29 1.11  Mocks_Em/MockNFW20ellip5loga2.08PA50center0With_background20num32.dat BFGS         1.0e-04 1 1 1 1e+04 NFW        0.0009   0.0003     -1.882 0.082 156   1.89   39.4           1E+30           2E+30     8   0.0009   0.0003     -1.882 0.082 156   1.89    0.000
2018-05-07-14:39:29 1.11  Mocks_Em/MockNFW20ellip5loga2.08PA50center0With_background20num33.dat BFGS         1.0e-04 1 1 1 1e+04 NFW      359.9992   0.0008     -1.894 0.173 154   1.93   43.8       -443.6243       -861.6725    60 359.9992   0.0008     -1.894 0.173 154   1.93    0.133
2018-05-07-14:39:29 1.11  Mocks_Em/MockNFW20ellip5loga2.08PA50center0With_background20num34.dat BFGS         1.0e-04 1 1 1 1e+04 NFW        0.0009  -0.0014     -1.893 0.109  10   1.91   40.0           1E+30           2E+30     8   0.0009  -0.0014     -1.893 0.109  10   1.91    0.000
2018-05-07-14:39:29 1.11  Mocks_Em/MockNFW20ellip5loga2.08PA50center0With_background20num35.dat BFGS         1.0e-04 1 1 1 1e+04 NFW      359.9999  -0.0016     -1.848 0.163 149   1.90   47.4           1E+30           2E+30     8 359.9999  -0.0016     -1.848 0.163 149   1.90    0.000
2018-05-07-14:39:29 1.11  Mocks_Em/MockNFW20ellip5loga2.08PA50center0With_background20num36.dat BFGS         1.0e-04 1 1 1 1e+04 NFW      359.9999  -0.0007     -1.924 0.073 159   1.95   40.7        -431.358       -837.1399   215 359.9999  -0.0007     -1.924 0.073 159   1.95    5.186
2018-05-07-14:39:29 1.11  Mocks_Em/MockNFW20ellip5loga2.08PA50center0With_background20num37.dat BFGS         1.0e-04 1 1 1 1e+04 NFW        0.0006  -0.0010     -1.946 0.158 152   1.97   39.2       -429.0866       -832.5972    36   0.0006  -0.0010     -1.946 0.158 152   1.97    0.607
2018-05-07-14:39:29 1.11  Mocks_Em/MockNFW20ellip5loga2.08PA50center0With_background20num38.dat BFGS         1.0e-04 1 1 1 1e+04 NFW      359.9991  -0.0017     -1.847 0.118 150   1.89   46.4           1E+30           2E+30     8 359.9991  -0.0017     -1.847 0.118 150   1.89    0.000
2018-05-07-14:39:29 1.11  Mocks_Em/MockNFW20ellip5loga2.08PA50center0With_background20num39.dat BFGS         1.0e-04 1 1 1 1e+04 NFW      359.9996   0.0003     -1.869 0.040  32   1.88   41.1           1E+30           2E+30     8 359.9996   0.0003     -1.869 0.040  32   1.88    0.000
2018-05-07-14:39:29 1.11  Mocks_Em/MockNFW20ellip5loga2.08PA50center0With_background20num40.dat BFGS         1.0e-04 1 1 1 1e+04 NFW      359.9984  -0.0004     -1.864 0.089 136   1.88   43.2           1E+30           2E+30     8 359.9984  -0.0004     -1.864 0.089 136   1.88    0.000
2018-05-07-14:39:29 1.11  Mocks_Em/MockNFW20ellip5loga2.08PA50center0With_background20num41.dat BFGS         1.0e-04 1 1 1 1e+04 NFW        0.0003  -0.0002     -1.860 0.153  21   1.88   42.0           1E+30           2E+30     8   0.0003  -0.0002     -1.860 0.153  21   1.88    0.000
2018-05-07-14:39:29 1.11  Mocks_Em/MockNFW20ellip5loga2.08PA50center0With_background20num42.dat BFGS         1.0e-04 1 1 1 1e+04 NFW      359.9985   0.0008     -1.912 0.132  33   1.86   35.3       -383.5433       -741.5104   140 359.9985   0.0008     -1.912 0.132  33   1.86    3.626
2018-05-07-14:39:29 1.11  Mocks_Em/MockNFW20ellip5loga2.08PA50center0With_background20num43.dat BFGS         1.0e-04 1 1 1 1e+04 NFW        0.0000   0.0007     -1.865 0.076 136   1.90   43.8           1E+30           2E+30     8   0.0000   0.0007     -1.865 0.076 136   1.90    0.000
2018-05-07-14:39:29 1.11  Mocks_Em/MockNFW20ellip5loga2.08PA50center0With_background20num44.dat BFGS         1.0e-04 1 1 1 1e+04 NFW        0.0026  -0.0006     -1.956 0.084 139   1.89   35.9       -453.3625        -881.149    60   0.0026  -0.0006     -1.956 0.084 139   1.89    0.307
2018-05-07-14:39:29 1.11  Mocks_Em/MockNFW20ellip5loga2.08PA50center0With_background20num45.dat BFGS         1.0e-04 1 1 1 1e+04 NFW        0.0006   0.0007     -1.934 0.074   1   1.93   37.0       -394.9117       -764.2474   115   0.0006   0.0007     -1.934 0.074   1   1.93    2.957
2018-05-07-14:39:29 1.11  Mocks_Em/MockNFW20ellip5loga2.08PA50center0With_background20num46.dat BFGS         1.0e-04 1 1 1 1e+04 NFW        0.0001  -0.0004     -1.875 0.156  21   1.88   40.2           1E+30           2E+30     8   0.0001  -0.0004     -1.875 0.156  21   1.88    0.000
2018-05-07-14:39:29 1.11  Mocks_Em/MockNFW20ellip5loga2.08PA50center0With_background20num47.dat BFGS         1.0e-04 1 1 1 1e+04 NFW        0.0001   0.0012     -1.920 0.098 167   1.95   41.6       -441.9669       -858.3578   107   0.0001   0.0012     -1.920 0.098 167   1.95    2.732
2018-05-07-14:39:29 1.11  Mocks_Em/MockNFW20ellip5loga2.08PA50center0With_background20num48.dat BFGS         1.0e-04 1 1 1 1e+04 NFW      359.9996   0.0007     -1.865 0.235 175   1.90   43.8           1E+30           2E+30     8 359.9996   0.0007     -1.865 0.235 175   1.90    0.000
2018-05-07-14:39:29 1.11  Mocks_Em/MockNFW20ellip5loga2.08PA50center0With_background20num49.dat BFGS         1.0e-04 1 1 1 1e+04 NFW      360.0000  -0.0011     -1.844 0.092  43   1.92   48.8           1E+30           2E+30     8 360.0000  -0.0011     -1.844 0.092  43   1.92    0.000
2018-05-07-14:39:29 1.11  Mocks_Em/MockNFW20ellip5loga2.08PA50center0With_background20num50.dat BFGS         1.0e-04 1 1 1 1e+04 NFW        0.0021  -0.0011     -1.857 0.122 179   1.90   45.6           1E+30           2E+30     8   0.0021  -0.0011     -1.857 0.122 179   1.90    0.000
2018-05-07-14:39:29 1.11  Mocks_Em/MockNFW20ellip5loga2.08PA50center0With_background20num51.dat BFGS         1.0e-04 1 1 1 1e+04 NFW        0.0005   0.0004     -1.860 0.198 172   1.91   44.0           1E+30           2E+30     8   0.0005   0.0004     -1.860 0.198 172   1.91    0.000
2018-05-07-14:39:29 1.11  Mocks_Em/MockNFW20ellip5loga2.08PA50center0With_background20num52.dat BFGS         1.0e-04 1 1 1 1e+04 NFW      359.9997   0.0003     -1.889 0.137 157   1.90   39.8           1E+30           2E+30     8 359.9997   0.0003     -1.889 0.137 157   1.90    0.000
2018-05-07-14:39:29 1.11  Mocks_Em/MockNFW20ellip5loga2.08PA50center0With_background20num53.dat BFGS         1.0e-04 1 1 1 1e+04 NFW      359.9999   0.0006     -1.864 0.091  10   1.87   40.0           1E+30           2E+30     8 359.9999   0.0006     -1.864 0.091  10   1.87    0.000
2018-05-07-14:39:29 1.11  Mocks_Em/MockNFW20ellip5loga2.08PA50center0With_background20num54.dat BFGS         1.0e-04 1 1 1 1e+04 NFW      359.9996   0.0004     -1.904 0.241 136   1.94   41.8           1E+30           2E+30     8 359.9996   0.0004     -1.904 0.241 136   1.94    0.000
2018-05-07-14:39:29 1.11  Mocks_Em/MockNFW20ellip5loga2.08PA50center0With_background20num55.dat BFGS         1.0e-04 1 1 1 1e+04 NFW      359.9986  -0.0004     -1.881 0.110  44   1.94   46.1           1E+30           2E+30     8 359.9986  -0.0004     -1.881 0.110  44   1.94    0.000
2018-05-07-14:39:29 1.11  Mocks_Em/MockNFW20ellip5loga2.08PA50center0With_background20num56.dat BFGS         1.0e-04 1 1 1 1e+04 NFW        0.0001   0.0010     -1.908 0.078  38   1.90   39.3       -414.1228       -802.6695    36   0.0001   0.0010     -1.908 0.078  38   1.90    0.575
2018-05-07-14:39:29 1.11  Mocks_Em/MockNFW20ellip5loga2.08PA50center0With_background20num57.dat BFGS         1.0e-04 1 1 1 1e+04 NFW        0.0008  -0.0010     -2.007 0.099 172   1.96   33.7       -456.8904       -888.2047   124   0.0008  -0.0010     -2.007 0.099 172   1.96    3.349
2018-05-07-14:39:29 1.11  Mocks_Em/MockNFW20ellip5loga2.08PA50center0With_background20num58.dat BFGS         1.0e-04 1 1 1 1e+04 NFW      359.9988  -0.0001     -1.910 0.189 150   1.91   40.2       -433.4327       -841.2893    36 359.9988  -0.0001     -1.910 0.189 150   1.91    0.607
2018-05-07-14:39:29 1.11  Mocks_Em/MockNFW20ellip5loga2.08PA50center0With_background20num59.dat BFGS         1.0e-04 1 1 1 1e+04 NFW      359.9993  -0.0006     -1.960 0.085 161   1.95   36.6       -428.9962       -832.4163    36 359.9993  -0.0006     -1.960 0.085 161   1.95    0.634
2018-05-07-14:39:29 1.11  Mocks_Em/MockNFW20ellip5loga2.08PA50center0With_background20num60.dat BFGS         1.0e-04 1 1 1 1e+04 NFW        0.0023  -0.0018     -1.898 0.229 149   1.89   41.7       -458.4661        -891.356    36   0.0023  -0.0018     -1.898 0.229 149   1.89    0.608
2018-05-07-14:39:29 1.11  Mocks_Em/MockNFW20ellip5loga2.08PA50center0With_background20num61.dat BFGS         1.0e-04 1 1 1 1e+04 NFW        0.0010   0.0003     -1.849 0.056 140   1.83   38.7           1E+30           2E+30     8   0.0010   0.0003     -1.849 0.056 140   1.83    0.000
2018-05-07-14:39:29 1.11  Mocks_Em/MockNFW20ellip5loga2.08PA50center0With_background20num62.dat BFGS         1.0e-04 1 1 1 1e+04 NFW        0.0011   0.0011     -1.861 0.220  26   1.88   42.1           1E+30           2E+30     8   0.0011   0.0011     -1.861 0.220  26   1.88    0.000
2018-05-07-14:39:29 1.11  Mocks_Em/MockNFW20ellip5loga2.08PA50center0With_background20num63.dat BFGS         1.0e-04 1 1 1 1e+04 NFW      359.9992  -0.0002     -1.952 0.062  13   1.97   39.3       -441.7754       -857.9747    44 359.9992  -0.0002     -1.952 0.062  13   1.97    0.246
2018-05-07-14:39:29 1.11  Mocks_Em/MockNFW20ellip5loga2.08PA50center0With_background20num64.dat BFGS         1.0e-04 1 1 1 1e+04 NFW        0.0011   0.0009     -1.908 0.161  33   1.93   42.2       -443.9187       -862.2612    92   0.0011   0.0009     -1.908 0.161  33   1.93    2.117
2018-05-07-14:39:29 1.11  Mocks_Em/MockNFW20ellip5loga2.08PA50center0With_background20num65.dat BFGS         1.0e-04 1 1 1 1e+04 NFW      359.9984  -0.0004     -1.947 0.208  39   1.94   39.1       -468.1517       -910.7274    36 359.9984  -0.0004     -1.947 0.208  39   1.94    0.609
2018-05-07-14:39:29 1.11  Mocks_Em/MockNFW20ellip5loga2.08PA50center0With_background20num66.dat BFGS         1.0e-04 1 1 1 1e+04 NFW        0.0009   0.0011     -1.856 0.083 155   1.89   40.9           1E+30           2E+30     8   0.0009   0.0011     -1.856 0.083 155   1.89    0.000
2018-05-07-14:39:29 1.11  Mocks_Em/MockNFW20ellip5loga2.08PA50center0With_background20num67.dat BFGS         1.0e-04 1 1 1 1e+04 NFW      359.9999   0.0001     -1.829 0.150 157   1.83   40.4           1E+30           2E+30     8 359.9999   0.0001     -1.829 0.150 157   1.83    0.000
2018-05-07-14:39:29 1.11  Mocks_Em/MockNFW20ellip5loga2.08PA50center0With_background20num68.dat BFGS         1.0e-04 1 1 1 1e+04 NFW      359.9997  -0.0006     -1.857 0.156  20   1.90   43.3           1E+30           2E+30     8 359.9997  -0.0006     -1.857 0.156  20   1.90    0.000
2018-05-07-14:39:29 1.11  Mocks_Em/MockNFW20ellip5loga2.08PA50center0With_background20num69.dat BFGS         1.0e-04 1 1 1 1e+04 NFW        0.0011   0.0013     -1.931 0.229  25   1.90   36.9       -427.7759       -829.9756    36   0.0011   0.0013     -1.931 0.229  25   1.90    0.581
2018-05-07-14:39:29 1.11  Mocks_Em/MockNFW20ellip5loga2.08PA50center0With_background20num70.dat BFGS         1.0e-04 1 1 1 1e+04 NFW      359.9989   0.0015     -1.900 0.137  36   1.92   44.1       -475.1663       -924.7566    44 359.9989   0.0015     -1.900 0.137  36   1.92    0.216
2018-05-07-14:39:29 1.11  Mocks_Em/MockNFW20ellip5loga2.08PA50center0With_background20num71.dat BFGS         1.0e-04 1 1 1 1e+04 NFW      359.9996  -0.0009     -1.817 0.200  41   1.85   44.7           1E+30           2E+30     8 359.9996  -0.0009     -1.817 0.200  41   1.85    0.000
2018-05-07-14:39:29 1.11  Mocks_Em/MockNFW20ellip5loga2.08PA50center0With_background20num72.dat BFGS         1.0e-04 1 1 1 1e+04 NFW      359.9996   0.0008     -1.871 0.231 140   1.90   42.8           1E+30           2E+30     8 359.9996   0.0008     -1.871 0.231 140   1.90    0.000
2018-05-07-14:39:29 1.11  Mocks_Em/MockNFW20ellip5loga2.08PA50center0With_background20num73.dat BFGS         1.0e-04 1 1 1 1e+04 NFW      359.9996  -0.0015     -1.859 0.196   1   1.91   46.2           1E+30           2E+30     8 359.9996  -0.0015     -1.859 0.196   1   1.91    0.000
2018-05-07-14:39:29 1.11  Mocks_Em/MockNFW20ellip5loga2.08PA50center0With_background20num74.dat BFGS         1.0e-04 1 1 1 1e+04 NFW        0.0005  -0.0001     -1.847 0.098 166   1.88   43.7           1E+30           2E+30     8   0.0005  -0.0001     -1.847 0.098 166   1.88    0.000
2018-05-07-14:39:29 1.11  Mocks_Em/MockNFW20ellip5loga2.08PA50center0With_background20num75.dat BFGS         1.0e-04 1 1 1 1e+04 NFW        0.0012  -0.0002     -1.902 0.139  45   1.93   41.6           1E+30           2E+30     8   0.0012  -0.0002     -1.902 0.139  45   1.93    0.000
2018-05-07-14:39:29 1.11  Mocks_Em/MockNFW20ellip5loga2.08PA50center0With_background20num76.dat BFGS         1.0e-04 1 1 1 1e+04 NFW        0.0024  -0.0001     -1.874 0.076 160   1.90   45.1       -448.5284       -871.4807   171   0.0024  -0.0001     -1.874 0.076 160   1.90    4.046
2018-05-07-14:39:29 1.11  Mocks_Em/MockNFW20ellip5loga2.08PA50center0With_background20num77.dat BFGS         1.0e-04 1 1 1 1e+04 NFW      359.9994   0.0007     -1.903 0.171 141   1.87   37.4       -392.1438       -758.7115   196 359.9994   0.0007     -1.903 0.171 141   1.87    5.004
2018-05-07-14:39:29 1.11  Mocks_Em/MockNFW20ellip5loga2.08PA50center0With_background20num78.dat BFGS         1.0e-04 1 1 1 1e+04 NFW      359.9989   0.0016     -1.868 0.089 172   1.89   45.2           1E+30           2E+30     8 359.9989   0.0016     -1.868 0.089 172   1.89    0.000
2018-05-07-14:39:29 1.11  Mocks_Em/MockNFW20ellip5loga2.08PA50center0With_background20num79.dat BFGS         1.0e-04 1 1 1 1e+04 NFW        0.0023   0.0006     -1.949 0.160 172   1.90   37.1       -474.7859       -923.9957   156   0.0023   0.0006     -1.949 0.160 172   1.90    3.926
2018-05-07-14:39:29 1.11  Mocks_Em/MockNFW20ellip5loga2.08PA50center0With_background20num80.dat BFGS         1.0e-04 1 1 1 1e+04 NFW        0.0021  -0.0021     -1.852 0.247  36   1.89   48.0           1E+30           2E+30     8   0.0021  -0.0021     -1.852 0.247  36   1.89    0.000
2018-05-07-14:39:29 1.11  Mocks_Em/MockNFW20ellip5loga2.08PA50center0With_background20num81.dat BFGS         1.0e-04 1 1 1 1e+04 NFW      359.9986   0.0019     -1.896 0.094 140   1.89   42.2       -460.3579       -895.1397   195 359.9986   0.0019     -1.896 0.094 140   1.89    4.726
2018-05-07-14:39:29 1.11  Mocks_Em/MockNFW20ellip5loga2.08PA50center0With_background20num82.dat BFGS         1.0e-04 1 1 1 1e+04 NFW        0.0004  -0.0004     -1.900 0.143  28   1.95   42.9           1E+30           2E+30     8   0.0004  -0.0004     -1.900 0.143  28   1.95    0.000
2018-05-07-14:39:29 1.11  Mocks_Em/MockNFW20ellip5loga2.08PA50center0With_background20num83.dat BFGS         1.0e-04 1 1 1 1e+04 NFW        0.0007  -0.0002     -1.905 0.048 157   1.89   37.5           1E+30           2E+30     8   0.0007  -0.0002     -1.905 0.048 157   1.89    0.000
2018-05-07-14:39:29 1.11  Mocks_Em/MockNFW20ellip5loga2.08PA50center0With_background20num84.dat BFGS         1.0e-04 1 1 1 1e+04 NFW      359.9999  -0.0002     -1.897 0.066  33   1.92   40.9           1E+30           2E+30     8 359.9999  -0.0002     -1.897 0.066  33   1.92    0.000
2018-05-07-14:39:29 1.11  Mocks_Em/MockNFW20ellip5loga2.08PA50center0With_background20num85.dat BFGS         1.0e-04 1 1 1 1e+04 NFW      359.9982  -0.0001     -1.842 0.130 175   1.93   49.8           1E+30           2E+30     8 359.9982  -0.0001     -1.842 0.130 175   1.93    0.000
2018-05-07-14:39:29 1.11  Mocks_Em/MockNFW20ellip5loga2.08PA50center0With_background20num86.dat BFGS         1.0e-04 1 1 1 1e+04 NFW        0.0018  -0.0019     -1.870 0.226 161   1.89   45.0       -466.3366       -907.0972    36   0.0018  -0.0019     -1.870 0.226 161   1.89    0.578
2018-05-07-14:39:29 1.11  Mocks_Em/MockNFW20ellip5loga2.08PA50center0With_background20num87.dat BFGS         1.0e-04 1 1 1 1e+04 NFW      359.9995  -0.0005     -1.930 0.079  40   1.92   37.9        -416.489       -807.4019    44 359.9995  -0.0005     -1.930 0.079  40   1.92    0.272
2018-05-07-14:39:29 1.11  Mocks_Em/MockNFW20ellip5loga2.08PA50center0With_background20num88.dat BFGS         1.0e-04 1 1 1 1e+04 NFW        0.0016   0.0017     -1.883 0.215  21   1.89   43.1       -464.6248       -903.6736    84   0.0016   0.0017     -1.883 0.215  21   1.89    1.629
2018-05-07-14:39:29 1.11  Mocks_Em/MockNFW20ellip5loga2.08PA50center0With_background20num89.dat BFGS         1.0e-04 1 1 1 1e+04 NFW      359.9994  -0.0007     -1.906 0.189  43   1.95   43.7       -457.3675       -889.1589    92 359.9994  -0.0007     -1.906 0.189  43   1.95    1.990
2018-05-07-14:39:29 1.11  Mocks_Em/MockNFW20ellip5loga2.08PA50center0With_background20num90.dat BFGS         1.0e-04 1 1 1 1e+04 NFW      359.9999   0.0011     -1.895 0.175  37   1.91   41.1           1E+30           2E+30     8 359.9999   0.0011     -1.895 0.175  37   1.91    0.000
2018-05-07-14:39:29 1.11  Mocks_Em/MockNFW20ellip5loga2.08PA50center0With_background20num91.dat BFGS         1.0e-04 1 1 1 1e+04 NFW        0.0002   0.0017     -1.890 0.067 175   1.88   39.9       -404.9442       -784.3122    60   0.0002   0.0017     -1.890 0.067 175   1.88    0.189
2018-05-07-14:39:29 1.11  Mocks_Em/MockNFW20ellip5loga2.08PA50center0With_background20num92.dat BFGS         1.0e-04 1 1 1 1e+04 NFW        0.0004  -0.0012     -1.920 0.092 159   1.93   40.4       -436.5247       -847.4733    36   0.0004  -0.0012     -1.920 0.092 159   1.93    0.575
2018-05-07-14:39:29 1.11  Mocks_Em/MockNFW20ellip5loga2.08PA50center0With_background20num93.dat BFGS         1.0e-04 1 1 1 1e+04 NFW      359.9982   0.0020     -1.894 0.076 148   1.89   41.2       -433.6553       -841.7346    44 359.9982   0.0020     -1.894 0.076 148   1.89    0.777
2018-05-07-14:39:29 1.11  Mocks_Em/MockNFW20ellip5loga2.08PA50center0With_background20num94.dat BFGS         1.0e-04 1 1 1 1e+04 NFW      359.9996  -0.0001     -1.906 0.181 141   1.98   44.0           1E+30           2E+30     8 359.9996  -0.0001     -1.906 0.181 141   1.98    0.000
2018-05-07-14:39:29 1.11  Mocks_Em/MockNFW20ellip5loga2.08PA50center0With_background20num95.dat BFGS         1.0e-04 1 1 1 1e+04 NFW      359.9984  -0.0010     -1.929 0.055 152   1.94   40.9       -459.8171        -894.058    36 359.9984  -0.0010     -1.929 0.055 152   1.94    0.548
2018-05-07-14:39:29 1.11  Mocks_Em/MockNFW20ellip5loga2.08PA50center0With_background20num96.dat BFGS         1.0e-04 1 1 1 1e+04 NFW        0.0020   0.0014     -1.884 0.101  14   1.91   43.5           1E+30           2E+30     8   0.0020   0.0014     -1.884 0.101  14   1.91    0.000
2018-05-07-14:39:29 1.11  Mocks_Em/MockNFW20ellip5loga2.08PA50center0With_background20num97.dat BFGS         1.0e-04 1 1 1 1e+04 NFW        0.0001  -0.0007     -1.934 0.158  30   1.98   43.1       -475.9988       -926.4214    44   0.0001  -0.0007     -1.934 0.158  30   1.98    0.190
2018-05-07-14:39:29 1.11  Mocks_Em/MockNFW20ellip5loga2.08PA50center0With_background20num98.dat BFGS         1.0e-04 1 1 1 1e+04 NFW        0.0007  -0.0003     -1.860 0.134 171   1.90   43.7           1E+30           2E+30     8   0.0007  -0.0003     -1.860 0.134 171   1.90    0.000
2018-05-07-14:39:29 1.11  Mocks_Em/MockNFW20ellip5loga2.08PA50center0With_background20num99.dat BFGS         1.0e-04 1 1 1 1e+04 NFW        0.0026  -0.0006     -1.894 0.101  19   1.90   43.0       -467.7329       -909.8897   260   0.0026  -0.0006     -1.894 0.101  19   1.90    6.609
