2018-05-07-12:31:40 1.11  Mocks_Em/MockNFW20ellip5loga2.08PA50center0With_background20num0.dat Diff-Evol    1.0e-04 1 1 1 1e+04 NFW        0.0022   0.0003     -1.883 0.792  69   2.78   44.0       -516.5097       -1007.443  2516   0.0023  -0.0013     -1.923 0.126  12   1.91   64.894
2018-05-07-12:31:40 1.11  Mocks_Em/MockNFW20ellip5loga2.08PA50center0With_background20num1.dat Diff-Evol    1.0e-04 1 1 1 1e+04 NFW      359.9981  -0.0012     -1.872 0.778  50   0.04   45.1       -507.6293       -989.6826  2361 359.9984  -0.0019     -1.861 0.086   4   1.90   61.348
2018-05-07-12:31:40 1.11  Mocks_Em/MockNFW20ellip5loga2.08PA50center0With_background20num2.dat Diff-Evol    1.0e-04 1 1 1 1e+04 NFW      359.9993  -0.0012     -1.897 0.797 106   0.56   41.6       -473.0729       -920.5697  2695 359.9994  -0.0010     -1.843 0.133 154   1.91   71.320
2018-05-07-12:31:40 1.11  Mocks_Em/MockNFW20ellip5loga2.08PA50center0With_background20num3.dat Diff-Evol    1.0e-04 1 1 1 1e+04 NFW      359.9976   0.0006     -1.879 0.792  33   2.34   43.8       -510.3005       -995.0249  3000 359.9976   0.0007     -1.857 0.265 151   1.90   77.188
2018-05-07-12:31:40 1.11  Mocks_Em/MockNFW20ellip5loga2.08PA50center0With_background20num4.dat Diff-Evol    1.0e-04 1 1 1 1e+04 NFW      359.9997  -0.0026     -1.875 0.795 170   0.16   49.0        -561.744       -1097.912  2473 359.9996  -0.0027     -1.885 0.119  18   1.94   65.295
2018-05-07-12:31:40 1.11  Mocks_Em/MockNFW20ellip5loga2.08PA50center0With_background20num5.dat Diff-Evol    1.0e-04 1 1 1 1e+04 NFW        0.0005  -0.0011     -1.909 0.797 116   1.67   40.0       -481.0215       -936.4668  2854   0.0001  -0.0009     -1.986 0.105 149   1.92   76.527
2018-05-07-12:31:40 1.11  Mocks_Em/MockNFW20ellip5loga2.08PA50center0With_background20num6.dat Diff-Evol    1.0e-04 1 1 1 1e+04 NFW        0.0005  -0.0007     -1.937 0.788  67  -0.26   40.3       -493.2729       -960.9698  2335   0.0002  -0.0011     -1.960 0.124  29   1.97   63.218
2018-05-07-12:31:40 1.11  Mocks_Em/MockNFW20ellip5loga2.08PA50center0With_background20num7.dat Diff-Evol    1.0e-04 1 1 1 1e+04 NFW        0.0014   0.0001     -1.899 0.794  61   1.60   41.6       -498.0971       -970.6181  2446   0.0012   0.0007     -1.906 0.107  35   1.91   64.133
2018-05-07-12:31:40 1.11  Mocks_Em/MockNFW20ellip5loga2.08PA50center0With_background20num8.dat Diff-Evol    1.0e-04 1 1 1 1e+04 NFW        0.0028  -0.0014     -1.882 0.799  65   2.77   45.8       -533.3189       -1041.062  2375   0.0025  -0.0013     -1.847 0.233  37   1.92   62.704
2018-05-07-12:31:40 1.11  Mocks_Em/MockNFW20ellip5loga2.08PA50center0With_background20num9.dat Diff-Evol    1.0e-04 1 1 1 1e+04 NFW      359.9979   0.0000     -1.917 0.790  42  -0.87   39.9        -488.769        -951.962  1996 359.9991  -0.0005     -1.923 0.202 151   1.92   52.397
2018-05-07-12:31:40 1.11  Mocks_Em/MockNFW20ellip5loga2.08PA50center0With_background20num10.dat Diff-Evol    1.0e-04 1 1 1 1e+04 NFW        0.0002  -0.0003     -1.959 0.792  33   1.44   35.6       -462.7732       -899.9702  2487   0.0001   0.0003     -1.910 0.110  43   1.94   66.699
2018-05-07-12:31:40 1.11  Mocks_Em/MockNFW20ellip5loga2.08PA50center0With_background20num11.dat Diff-Evol    1.0e-04 1 1 1 1e+04 NFW        0.0005  -0.0008     -1.938 0.788  32   2.26   37.0       -449.3968       -873.2174  2105   0.0004  -0.0010     -1.864 0.168 162   1.94   57.163
2018-05-07-12:31:40 1.11  Mocks_Em/MockNFW20ellip5loga2.08PA50center0With_background20num12.dat Diff-Evol    1.0e-04 1 1 1 1e+04 NFW        0.0021   0.0010     -1.906 0.794  27   1.01   41.0       -487.9126       -950.2492  2667   0.0013   0.0009     -1.917 0.109 159   1.92   70.017
2018-05-07-12:31:40 1.11  Mocks_Em/MockNFW20ellip5loga2.08PA50center0With_background20num13.dat Diff-Evol    1.0e-04 1 1 1 1e+04 NFW        0.0016   0.0012     -1.895 0.794  88   1.25   44.4       -530.0021       -1034.428  2231   0.0020   0.0012     -1.913 0.156  11   1.93   58.335
2018-05-07-12:31:40 1.11  Mocks_Em/MockNFW20ellip5loga2.08PA50center0With_background20num14.dat Diff-Evol    1.0e-04 1 1 1 1e+04 NFW      359.9980  -0.0009     -1.851 0.797  37   0.28   45.1       -511.9594       -998.3426  2453 359.9978  -0.0018     -1.882 0.088 176   1.85   63.996
2018-05-07-12:31:40 1.11  Mocks_Em/MockNFW20ellip5loga2.08PA50center0With_background20num15.dat Diff-Evol    1.0e-04 1 1 1 1e+04 NFW      360.0000   0.0011     -1.909 0.793  34   1.95   38.9       -469.4679       -913.3598  2835 359.9999   0.0011     -1.879 0.242 140   1.91   77.049
2018-05-07-12:31:40 1.11  Mocks_Em/MockNFW20ellip5loga2.08PA50center0With_background20num16.dat Diff-Evol    1.0e-04 1 1 1 1e+04 NFW        0.0006  -0.0007     -1.902 0.796 169   1.61   42.2       -494.5654       -963.5548  2903   0.0008  -0.0008     -1.901 0.080  29   1.93   77.231
2018-05-07-12:31:40 1.11  Mocks_Em/MockNFW20ellip5loga2.08PA50center0With_background20num17.dat Diff-Evol    1.0e-04 1 1 1 1e+04 NFW        0.0009  -0.0007     -1.915 0.796  26  -1.01   39.2       -454.6206       -883.6651  3097   0.0009  -0.0006     -1.864 0.091 178   1.92   82.744
2018-05-07-12:31:40 1.11  Mocks_Em/MockNFW20ellip5loga2.08PA50center0With_background20num18.dat Diff-Evol    1.0e-04 1 1 1 1e+04 NFW      359.9990  -0.0010     -1.863 0.784  88   2.68   43.4       -495.7051       -965.8342  2411 359.9982  -0.0012     -1.870 0.095  35   1.87   62.838
2018-05-07-12:31:40 1.11  Mocks_Em/MockNFW20ellip5loga2.08PA50center0With_background20num19.dat Diff-Evol    1.0e-04 1 1 1 1e+04 NFW        0.0016  -0.0002     -1.917 0.798  32   1.89   37.5       -454.8505       -884.1249  2176   0.0012  -0.0000     -1.935 0.030 173   1.90   58.307
2018-05-07-12:31:40 1.11  Mocks_Em/MockNFW20ellip5loga2.08PA50center0With_background20num20.dat Diff-Evol    1.0e-04 1 1 1 1e+04 NFW      359.9990  -0.0012     -1.900 0.789 152   2.08   39.8       -470.9261       -916.2761  2487 359.9993  -0.0010     -1.867 0.143 146   1.89   65.214
2018-05-07-12:31:40 1.11  Mocks_Em/MockNFW20ellip5loga2.08PA50center0With_background20num21.dat Diff-Evol    1.0e-04 1 1 1 1e+04 NFW      359.9997  -0.0012     -1.910 0.795  64  -0.18   36.0       -418.5436       -811.5111  2901 359.9995  -0.0013     -1.830 0.126  11   1.87   77.715
2018-05-07-12:31:40 1.11  Mocks_Em/MockNFW20ellip5loga2.08PA50center0With_background20num22.dat Diff-Evol    1.0e-04 1 1 1 1e+04 NFW        0.0017   0.0007     -1.904 0.796  78  -0.37   38.5       -440.9472       -856.3183  2271   0.0007   0.0001     -1.867 0.065 165   1.89   60.491
2018-05-07-12:31:40 1.11  Mocks_Em/MockNFW20ellip5loga2.08PA50center0With_background20num23.dat Diff-Evol    1.0e-04 1 1 1 1e+04 NFW      359.9980   0.0012     -1.900 0.797  86   0.55   45.1       -538.3331        -1051.09  2577 359.9979   0.0005     -1.942 0.135   5   1.95   67.580
2018-05-07-12:31:40 1.11  Mocks_Em/MockNFW20ellip5loga2.08PA50center0With_background20num24.dat Diff-Evol    1.0e-04 1 1 1 1e+04 NFW      359.9991  -0.0005     -1.953 0.799  60   2.61   37.5       -471.4691       -917.3622  2439 359.9995  -0.0010     -1.966 0.305  42   1.97   65.464
2018-05-07-12:31:40 1.11  Mocks_Em/MockNFW20ellip5loga2.08PA50center0With_background20num25.dat Diff-Evol    1.0e-04 1 1 1 1e+04 NFW      359.9990  -0.0025     -1.918 0.796  11   0.78   38.1       -455.6151       -885.6541  2091   0.0001  -0.0013     -1.877 0.094  31   1.91   56.705
2018-05-07-12:31:40 1.11  Mocks_Em/MockNFW20ellip5loga2.08PA50center0With_background20num26.dat Diff-Evol    1.0e-04 1 1 1 1e+04 NFW        0.0021   0.0015     -1.920 0.793  76   1.25   39.7       -478.2883       -931.0006  2218   0.0009   0.0001     -1.943 0.091 157   1.94   59.819
2018-05-07-12:31:40 1.11  Mocks_Em/MockNFW20ellip5loga2.08PA50center0With_background20num27.dat Diff-Evol    1.0e-04 1 1 1 1e+04 NFW      359.9986   0.0025     -1.864 0.757  41   1.16   44.6       -526.7942       -1028.012  1961 359.9987   0.0026     -1.921 0.125  25   1.86   50.426
2018-05-07-12:31:40 1.11  Mocks_Em/MockNFW20ellip5loga2.08PA50center0With_background20num28.dat Diff-Evol    1.0e-04 1 1 1 1e+04 NFW      359.9987  -0.0013     -1.891 0.797  68  -0.99   40.7       -470.7671       -915.9582  2324 359.9993  -0.0015     -1.856 0.077  31   1.89   61.799
2018-05-07-12:31:40 1.11  Mocks_Em/MockNFW20ellip5loga2.08PA50center0With_background20num29.dat Diff-Evol    1.0e-04 1 1 1 1e+04 NFW        0.0011   0.0001     -1.904 0.797  91   0.75   40.8       -481.9214       -938.2667  3029   0.0006  -0.0006     -1.886 0.219   3   1.92   79.812
2018-05-07-12:31:40 1.11  Mocks_Em/MockNFW20ellip5loga2.08PA50center0With_background20num30.dat Diff-Evol    1.0e-04 1 1 1 1e+04 NFW      359.9989   0.0002     -1.910 0.793  77   0.27   38.8        -468.044       -910.5119  2502 359.9989  -0.0001     -1.879 0.179  29   1.90   65.250
2018-05-07-12:31:40 1.11  Mocks_Em/MockNFW20ellip5loga2.08PA50center0With_background20num31.dat Diff-Evol    1.0e-04 1 1 1 1e+04 NFW      360.0000   0.0023     -1.928 0.795  63   2.43   40.5       -477.8396        -930.103  3117 359.9999   0.0015     -1.927 0.113  28   1.96   84.242
2018-05-07-12:31:40 1.11  Mocks_Em/MockNFW20ellip5loga2.08PA50center0With_background20num32.dat Diff-Evol    1.0e-04 1 1 1 1e+04 NFW        0.0002   0.0005     -1.922 0.797  38   0.65   35.2       -421.9236       -818.2711  3207   0.0009   0.0003     -1.882 0.082 156   1.89   84.709
2018-05-07-12:31:40 1.11  Mocks_Em/MockNFW20ellip5loga2.08PA50center0With_background20num33.dat Diff-Evol    1.0e-04 1 1 1 1e+04 NFW      359.9995   0.0010     -1.903 0.790  26  -0.64   42.8       -505.9942       -986.4124  2453 359.9992   0.0008     -1.894 0.173 154   1.93   64.846
2018-05-07-12:31:40 1.11  Mocks_Em/MockNFW20ellip5loga2.08PA50center0With_background20num34.dat Diff-Evol    1.0e-04 1 1 1 1e+04 NFW        0.0008  -0.0015     -1.921 0.790  61   0.55   37.0       -434.1185        -842.661  2667   0.0009  -0.0014     -1.893 0.109  10   1.91   71.246
2018-05-07-12:31:40 1.11  Mocks_Em/MockNFW20ellip5loga2.08PA50center0With_background20num35.dat Diff-Evol    1.0e-04 1 1 1 1e+04 NFW      359.9999  -0.0020     -1.892 0.793  47  -0.59   41.9       -486.4772       -947.3783  2612 359.9999  -0.0016     -1.848 0.163 149   1.90   69.716
2018-05-07-12:31:40 1.11  Mocks_Em/MockNFW20ellip5loga2.08PA50center0With_background20num36.dat Diff-Evol    1.0e-04 1 1 1 1e+04 NFW        0.0002  -0.0007     -1.928 0.788  42   2.48   40.1       -491.5953       -957.6145  2585 359.9999  -0.0007     -1.924 0.073 159   1.95   69.206
2018-05-07-12:31:40 1.11  Mocks_Em/MockNFW20ellip5loga2.08PA50center0With_background20num37.dat Diff-Evol    1.0e-04 1 1 1 1e+04 NFW        0.0003   0.0002     -1.935 0.799  33   0.43   40.5       -483.6635       -941.7509  2577   0.0006  -0.0010     -1.946 0.158 152   1.97   69.271
2018-05-07-12:31:40 1.11  Mocks_Em/MockNFW20ellip5loga2.08PA50center0With_background20num38.dat Diff-Evol    1.0e-04 1 1 1 1e+04 NFW      359.9992  -0.0016     -1.890 0.800  78   2.15   41.1       -473.5971       -921.6181  2598 359.9991  -0.0017     -1.847 0.118 150   1.89   67.749
2018-05-07-12:31:40 1.11  Mocks_Em/MockNFW20ellip5loga2.08PA50center0With_background20num39.dat Diff-Evol    1.0e-04 1 1 1 1e+04 NFW      359.9993   0.0001     -1.917 0.790  71   2.58   35.6       -417.9828       -810.3895  2487 359.9996   0.0003     -1.869 0.040  32   1.88   67.042
2018-05-07-12:31:40 1.11  Mocks_Em/MockNFW20ellip5loga2.08PA50center0With_background20num40.dat Diff-Evol    1.0e-04 1 1 1 1e+04 NFW      359.9982  -0.0006     -1.898 0.799  43   2.21   39.3       -469.6272       -913.6783  2217 359.9984  -0.0004     -1.864 0.089 136   1.88   57.946
2018-05-07-12:31:40 1.11  Mocks_Em/MockNFW20ellip5loga2.08PA50center0With_background20num41.dat Diff-Evol    1.0e-04 1 1 1 1e+04 NFW        0.0011  -0.0006     -1.918 0.798 167   0.54   35.7       -420.3519       -815.1278  2307   0.0003  -0.0002     -1.860 0.153  21   1.88   61.289
2018-05-07-12:31:40 1.11  Mocks_Em/MockNFW20ellip5loga2.08PA50center0With_background20num42.dat Diff-Evol    1.0e-04 1 1 1 1e+04 NFW      359.9982   0.0018     -1.895 0.797 144   0.50   37.0       -434.0483       -842.5206  1934 359.9985   0.0008     -1.912 0.132  33   1.86   51.636
2018-05-07-12:31:40 1.11  Mocks_Em/MockNFW20ellip5loga2.08PA50center0With_background20num43.dat Diff-Evol    1.0e-04 1 1 1 1e+04 NFW        0.0006   0.0007     -1.912 0.792  82   3.50   36.7       -456.1201       -886.6641  2377   0.0000   0.0007     -1.865 0.076 136   1.90   63.347
2018-05-07-12:31:40 1.11  Mocks_Em/MockNFW20ellip5loga2.08PA50center0With_background20num44.dat Diff-Evol    1.0e-04 1 1 1 1e+04 NFW        0.0029  -0.0006     -1.879 0.800  52   0.86   44.1       -522.2588       -1018.941  2266   0.0026  -0.0006     -1.956 0.084 139   1.89   58.851
2018-05-07-12:31:40 1.11  Mocks_Em/MockNFW20ellip5loga2.08PA50center0With_background20num45.dat Diff-Evol    1.0e-04 1 1 1 1e+04 NFW        0.0006  -0.0001     -1.927 0.800  95   1.20   37.8       -451.5721       -877.5681  2619   0.0006   0.0007     -1.934 0.074   1   1.93   70.856
2018-05-07-12:31:40 1.11  Mocks_Em/MockNFW20ellip5loga2.08PA50center0With_background20num46.dat Diff-Evol    1.0e-04 1 1 1 1e+04 NFW        0.0000  -0.0015     -1.924 0.799  43   2.83   34.7       -433.9783       -842.3805  2695   0.0001  -0.0004     -1.875 0.156  21   1.88   72.927
2018-05-07-12:31:40 1.11  Mocks_Em/MockNFW20ellip5loga2.08PA50center0With_background20num47.dat Diff-Evol    1.0e-04 1 1 1 1e+04 NFW        0.0005   0.0009     -1.938 0.791 152   1.80   39.6       -499.9021       -974.2281  2015   0.0001   0.0012     -1.920 0.098 167   1.95   54.776
2018-05-07-12:31:40 1.11  Mocks_Em/MockNFW20ellip5loga2.08PA50center0With_background20num48.dat Diff-Evol    1.0e-04 1 1 1 1e+04 NFW      359.9998   0.0009     -1.906 0.798  89   1.40   39.0       -456.7244       -887.8726  2667 359.9996   0.0007     -1.865 0.235 175   1.90   71.250
2018-05-07-12:31:40 1.11  Mocks_Em/MockNFW20ellip5loga2.08PA50center0With_background20num49.dat Diff-Evol    1.0e-04 1 1 1 1e+04 NFW        0.0008  -0.0008     -1.902 0.797 154  -0.49   41.3       -469.6154       -913.6548  2051 360.0000  -0.0011     -1.844 0.092  43   1.92   53.546
2018-05-07-12:31:40 1.11  Mocks_Em/MockNFW20ellip5loga2.08PA50center0With_background20num50.dat Diff-Evol    1.0e-04 1 1 1 1e+04 NFW        0.0021  -0.0015     -1.901 0.797  77   1.05   40.3       -476.8505        -928.125  2072   0.0021  -0.0011     -1.857 0.122 179   1.90   52.640
2018-05-07-12:31:40 1.11  Mocks_Em/MockNFW20ellip5loga2.08PA50center0With_background20num51.dat Diff-Evol    1.0e-04 1 1 1 1e+04 NFW        0.0005   0.0003     -1.931 0.800  26   2.56   35.8       -438.5601        -851.544  2571   0.0005   0.0004     -1.860 0.198 172   1.91   68.655
2018-05-07-12:31:40 1.11  Mocks_Em/MockNFW20ellip5loga2.08PA50center0With_background20num52.dat Diff-Evol    1.0e-04 1 1 1 1e+04 NFW      359.9999   0.0003     -1.924 0.788  19   1.63   36.1       -433.2223       -840.8686  2190 359.9997   0.0003     -1.889 0.137 157   1.90   59.343
2018-05-07-12:31:40 1.11  Mocks_Em/MockNFW20ellip5loga2.08PA50center0With_background20num53.dat Diff-Evol    1.0e-04 1 1 1 1e+04 NFW        0.0009  -0.0004     -1.927 0.790  66   1.95   33.4       -389.7845        -753.993  2439 359.9999   0.0006     -1.864 0.091  10   1.87   65.259
2018-05-07-12:31:40 1.11  Mocks_Em/MockNFW20ellip5loga2.08PA50center0With_background20num54.dat Diff-Evol    1.0e-04 1 1 1 1e+04 NFW      359.9995   0.0003     -1.931 0.792  28   1.14   38.8         -479.66        -933.744  2591 359.9996   0.0004     -1.904 0.241 136   1.94   69.257
2018-05-07-12:31:40 1.11  Mocks_Em/MockNFW20ellip5loga2.08PA50center0With_background20num55.dat Diff-Evol    1.0e-04 1 1 1 1e+04 NFW      359.9990  -0.0007     -1.901 0.796  64   2.71   43.3       -504.0825        -982.589  2577 359.9986  -0.0004     -1.881 0.110  44   1.94   68.804
2018-05-07-12:31:40 1.11  Mocks_Em/MockNFW20ellip5loga2.08PA50center0With_background20num56.dat Diff-Evol    1.0e-04 1 1 1 1e+04 NFW        0.0001   0.0013     -1.900 0.788  59   0.73   40.2       -469.5952       -913.6142  2093   0.0001   0.0010     -1.908 0.078  38   1.90   55.308
2018-05-07-12:31:40 1.11  Mocks_Em/MockNFW20ellip5loga2.08PA50center0With_background20num57.dat Diff-Evol    1.0e-04 1 1 1 1e+04 NFW        0.0011  -0.0012     -1.916 0.800  73  -0.51   43.1       -523.5231        -1021.47  2266   0.0008  -0.0010     -2.007 0.099 172   1.96   60.411
2018-05-07-12:31:40 1.11  Mocks_Em/MockNFW20ellip5loga2.08PA50center0With_background20num58.dat Diff-Evol    1.0e-04 1 1 1 1e+04 NFW      359.9991  -0.0004     -1.894 0.800  16   2.23   41.9       -491.3383       -957.1005  2721 359.9988  -0.0001     -1.910 0.189 150   1.91   72.196
2018-05-07-12:31:40 1.11  Mocks_Em/MockNFW20ellip5loga2.08PA50center0With_background20num59.dat Diff-Evol    1.0e-04 1 1 1 1e+04 NFW      359.9993  -0.0006     -1.915 0.799 165  -0.18   41.5       -486.2448       -946.9136  2397 359.9993  -0.0006     -1.960 0.085 161   1.95   63.839
2018-05-07-12:31:40 1.11  Mocks_Em/MockNFW20ellip5loga2.08PA50center0With_background20num60.dat Diff-Evol    1.0e-04 1 1 1 1e+04 NFW        0.0022  -0.0014     -1.870 0.795  40   2.47   44.8       -511.8715       -998.1669  2591   0.0023  -0.0018     -1.898 0.229 149   1.89   67.708
2018-05-07-12:31:40 1.11  Mocks_Em/MockNFW20ellip5loga2.08PA50center0With_background20num61.dat Diff-Evol    1.0e-04 1 1 1 1e+04 NFW        0.0008   0.0006     -1.913 0.793  45   0.27   32.4       -388.0899       -750.6037  1731   0.0010   0.0003     -1.849 0.056 140   1.83   46.535
2018-05-07-12:31:40 1.11  Mocks_Em/MockNFW20ellip5loga2.08PA50center0With_background20num62.dat Diff-Evol    1.0e-04 1 1 1 1e+04 NFW        0.0012   0.0009     -1.908 0.799  67   1.07   37.0       -433.9028       -842.2296  2991   0.0011   0.0011     -1.861 0.220  26   1.88   80.087
2018-05-07-12:31:40 1.11  Mocks_Em/MockNFW20ellip5loga2.08PA50center0With_background20num63.dat Diff-Evol    1.0e-04 1 1 1 1e+04 NFW      359.9991  -0.0004     -1.920 0.788  47  -0.63   43.1       -506.5463       -987.5164  2451 359.9992  -0.0002     -1.952 0.062  13   1.97   65.817
2018-05-07-12:31:40 1.11  Mocks_Em/MockNFW20ellip5loga2.08PA50center0With_background20num64.dat Diff-Evol    1.0e-04 1 1 1 1e+04 NFW        0.0011   0.0010     -1.900 0.787  51   2.20   43.0       -501.5847       -977.5934  1835   0.0011   0.0009     -1.908 0.161  33   1.93   49.145
2018-05-07-12:31:40 1.11  Mocks_Em/MockNFW20ellip5loga2.08PA50center0With_background20num65.dat Diff-Evol    1.0e-04 1 1 1 1e+04 NFW      359.9982  -0.0004     -1.900 0.795 125   1.71   44.4       -530.8904       -1036.205  2397 359.9984  -0.0004     -1.947 0.208  39   1.94   63.112
2018-05-07-12:31:40 1.11  Mocks_Em/MockNFW20ellip5loga2.08PA50center0With_background20num66.dat Diff-Evol    1.0e-04 1 1 1 1e+04 NFW        0.0005   0.0010     -1.954 0.799  19  -0.14   30.9       -383.1178       -740.6595  2155   0.0009   0.0011     -1.856 0.083 155   1.89   57.963
2018-05-07-12:31:40 1.11  Mocks_Em/MockNFW20ellip5loga2.08PA50center0With_background20num67.dat Diff-Evol    1.0e-04 1 1 1 1e+04 NFW        0.0004   0.0005     -1.923 0.793  30   1.25   30.9       -363.3458       -701.1156  2307 359.9999   0.0001     -1.829 0.150 157   1.83   61.591
2018-05-07-12:31:40 1.11  Mocks_Em/MockNFW20ellip5loga2.08PA50center0With_background20num68.dat Diff-Evol    1.0e-04 1 1 1 1e+04 NFW      359.9996  -0.0008     -1.930 0.798  69   1.13   35.2        -430.599        -835.622  2979 359.9997  -0.0006     -1.857 0.156  20   1.90   80.131
2018-05-07-12:31:40 1.11  Mocks_Em/MockNFW20ellip5loga2.08PA50center0With_background20num69.dat Diff-Evol    1.0e-04 1 1 1 1e+04 NFW        0.0012   0.0012     -1.898 0.797  60   0.77   40.4       -482.5674       -939.5587  2847   0.0011   0.0013     -1.931 0.229  25   1.90   74.863
2018-05-07-12:31:40 1.11  Mocks_Em/MockNFW20ellip5loga2.08PA50center0With_background20num70.dat Diff-Evol    1.0e-04 1 1 1 1e+04 NFW      359.9992   0.0018     -1.874 0.789  51   2.26   47.2       -541.5034       -1057.431  2231 359.9989   0.0015     -1.900 0.137  36   1.92   57.596
2018-05-07-12:31:40 1.11  Mocks_Em/MockNFW20ellip5loga2.08PA50center0With_background20num71.dat Diff-Evol    1.0e-04 1 1 1 1e+04 NFW      359.9994  -0.0002     -1.914 0.795  41   2.63   33.7       -403.9829       -782.3897  2744 359.9996  -0.0009     -1.817 0.200  41   1.85   72.869
2018-05-07-12:31:40 1.11  Mocks_Em/MockNFW20ellip5loga2.08PA50center0With_background20num72.dat Diff-Evol    1.0e-04 1 1 1 1e+04 NFW      359.9994   0.0009     -1.914 0.794 128  -0.49   38.0       -459.6711       -893.7662  2308 359.9996   0.0008     -1.871 0.231 140   1.90   61.752
2018-05-07-12:31:40 1.11  Mocks_Em/MockNFW20ellip5loga2.08PA50center0With_background20num73.dat Diff-Evol    1.0e-04 1 1 1 1e+04 NFW      359.9993  -0.0019     -1.908 0.796  19   0.06   40.4       -485.7915        -946.007  2730 359.9996  -0.0015     -1.859 0.196   1   1.91   72.649
2018-05-07-12:31:40 1.11  Mocks_Em/MockNFW20ellip5loga2.08PA50center0With_background20num74.dat Diff-Evol    1.0e-04 1 1 1 1e+04 NFW        0.0006   0.0000     -1.920 0.799  14  -0.38   35.6       -427.9824       -830.3886  3027   0.0005  -0.0001     -1.847 0.098 166   1.88   81.282
2018-05-07-12:31:40 1.11  Mocks_Em/MockNFW20ellip5loga2.08PA50center0With_background20num75.dat Diff-Evol    1.0e-04 1 1 1 1e+04 NFW        0.0021  -0.0004     -1.913 0.789  69   0.68   40.4       -476.1751        -926.774  1719   0.0012  -0.0002     -1.902 0.139  45   1.93   46.051
2018-05-07-12:31:40 1.11  Mocks_Em/MockNFW20ellip5loga2.08PA50center0With_background20num76.dat Diff-Evol    1.0e-04 1 1 1 1e+04 NFW        0.0026   0.0003     -1.878 0.795  31   3.54   42.4       -508.2841       -990.9922  1947   0.0024  -0.0001     -1.874 0.076 160   1.90   50.592
2018-05-07-12:31:40 1.11  Mocks_Em/MockNFW20ellip5loga2.08PA50center0With_background20num77.dat Diff-Evol    1.0e-04 1 1 1 1e+04 NFW      359.9994   0.0015     -1.913 0.791  41   1.99   36.3        -445.527        -865.478  2001 359.9994   0.0007     -1.903 0.171 141   1.87   52.328
2018-05-07-12:31:40 1.11  Mocks_Em/MockNFW20ellip5loga2.08PA50center0With_background20num78.dat Diff-Evol    1.0e-04 1 1 1 1e+04 NFW      359.9990   0.0015     -1.887 0.796  75  -0.68   42.9       -503.4527       -981.3292  2105 359.9989   0.0016     -1.868 0.089 172   1.89   54.953
2018-05-07-12:31:40 1.11  Mocks_Em/MockNFW20ellip5loga2.08PA50center0With_background20num79.dat Diff-Evol    1.0e-04 1 1 1 1e+04 NFW        0.0026   0.0011     -1.870 0.793  30   0.64   46.0        -541.208        -1056.84  2717   0.0023   0.0006     -1.949 0.160 172   1.90   70.017
2018-05-07-12:31:40 1.11  Mocks_Em/MockNFW20ellip5loga2.08PA50center0With_background20num80.dat Diff-Evol    1.0e-04 1 1 1 1e+04 NFW        0.0017  -0.0023     -1.861 0.800  36   2.67   46.4       -539.6477       -1053.719  2037   0.0021  -0.0021     -1.852 0.247  36   1.89   52.489
2018-05-07-12:31:40 1.11  Mocks_Em/MockNFW20ellip5loga2.08PA50center0With_background20num81.dat Diff-Evol    1.0e-04 1 1 1 1e+04 NFW      359.9991   0.0007     -1.867 0.790  19   0.48   45.7       -525.1403       -1024.705  2106 359.9986   0.0019     -1.896 0.094 140   1.89   54.636
2018-05-07-12:31:40 1.11  Mocks_Em/MockNFW20ellip5loga2.08PA50center0With_background20num82.dat Diff-Evol    1.0e-04 1 1 1 1e+04 NFW        0.0005  -0.0006     -1.920 0.795  90   2.81   40.3       -473.7059       -921.8358  2875   0.0004  -0.0004     -1.900 0.143  28   1.95   76.833
2018-05-07-12:31:40 1.11  Mocks_Em/MockNFW20ellip5loga2.08PA50center0With_background20num83.dat Diff-Evol    1.0e-04 1 1 1 1e+04 NFW        0.0010  -0.0002     -1.918 0.797  30   1.72   36.2       -438.0555       -850.5349  2813   0.0007  -0.0002     -1.905 0.048 157   1.89   75.358
2018-05-07-12:31:40 1.11  Mocks_Em/MockNFW20ellip5loga2.08PA50center0With_background20num84.dat Diff-Evol    1.0e-04 1 1 1 1e+04 NFW      360.0000  -0.0002     -1.930 0.793  54   0.47   37.3       -455.4087       -885.2414  2541 359.9999  -0.0002     -1.897 0.066  33   1.92   69.275
2018-05-07-12:31:40 1.11  Mocks_Em/MockNFW20ellip5loga2.08PA50center0With_background20num85.dat Diff-Evol    1.0e-04 1 1 1 1e+04 NFW      359.9985   0.0005     -1.919 0.798  66   1.24   40.0       -474.6077       -923.6394  2501 359.9982  -0.0001     -1.842 0.130 175   1.93   66.695
2018-05-07-12:31:40 1.11  Mocks_Em/MockNFW20ellip5loga2.08PA50center0With_background20num86.dat Diff-Evol    1.0e-04 1 1 1 1e+04 NFW        0.0021  -0.0020     -1.866 0.799  19   1.62   45.6        -531.132       -1036.688  2501   0.0018  -0.0019     -1.870 0.226 161   1.89   63.921
2018-05-07-12:31:40 1.11  Mocks_Em/MockNFW20ellip5loga2.08PA50center0With_background20num87.dat Diff-Evol    1.0e-04 1 1 1 1e+04 NFW        0.0002   0.0002     -1.906 0.795  33   0.76   40.5       -479.8286       -934.0812  2091 359.9995  -0.0005     -1.930 0.079  40   1.92   55.084
2018-05-07-12:31:40 1.11  Mocks_Em/MockNFW20ellip5loga2.08PA50center0With_background20num88.dat Diff-Evol    1.0e-04 1 1 1 1e+04 NFW        0.0020   0.0019     -1.865 0.788 171   2.00   45.2       -523.5441       -1021.512  2361   0.0016   0.0017     -1.883 0.215  21   1.89   62.447
2018-05-07-12:31:40 1.11  Mocks_Em/MockNFW20ellip5loga2.08PA50center0With_background20num89.dat Diff-Evol    1.0e-04 1 1 1 1e+04 NFW      359.9982  -0.0004     -1.913 0.800  57  -0.47   42.9        -518.716       -1011.856  2875 359.9994  -0.0007     -1.906 0.189  43   1.95   75.630
2018-05-07-12:31:40 1.11  Mocks_Em/MockNFW20ellip5loga2.08PA50center0With_background20num90.dat Diff-Evol    1.0e-04 1 1 1 1e+04 NFW      359.9999   0.0011     -1.908 0.797  37   1.99   39.6       -478.7338       -931.8916  2619 359.9999   0.0011     -1.895 0.175  37   1.91   69.879
2018-05-07-12:31:40 1.11  Mocks_Em/MockNFW20ellip5loga2.08PA50center0With_background20num91.dat Diff-Evol    1.0e-04 1 1 1 1e+04 NFW        0.0004   0.0018     -1.900 0.786 175  -0.27   38.8       -466.3816       -907.1872  2780   0.0002   0.0017     -1.890 0.067 175   1.88   72.128
2018-05-07-12:31:40 1.11  Mocks_Em/MockNFW20ellip5loga2.08PA50center0With_background20num92.dat Diff-Evol    1.0e-04 1 1 1 1e+04 NFW        0.0000  -0.0001     -1.899 0.784  43   2.70   42.6       -499.4491       -973.3221  2231   0.0004  -0.0012     -1.920 0.092 159   1.93   59.278
2018-05-07-12:31:40 1.11  Mocks_Em/MockNFW20ellip5loga2.08PA50center0With_background20num93.dat Diff-Evol    1.0e-04 1 1 1 1e+04 NFW      359.9987   0.0030     -1.882 0.778  10   0.58   42.6       -493.4263       -961.2765  2233 359.9982   0.0020     -1.894 0.076 148   1.89   57.600
2018-05-07-12:31:40 1.11  Mocks_Em/MockNFW20ellip5loga2.08PA50center0With_background20num94.dat Diff-Evol    1.0e-04 1 1 1 1e+04 NFW      359.9997  -0.0002     -1.945 0.795  54  -0.48   39.5       -480.8229       -936.0697  2439 359.9996  -0.0001     -1.906 0.181 141   1.98   65.375
2018-05-07-12:31:40 1.11  Mocks_Em/MockNFW20ellip5loga2.08PA50center0With_background20num95.dat Diff-Evol    1.0e-04 1 1 1 1e+04 NFW      359.9983  -0.0014     -1.898 0.792  27   0.16   44.5       -523.7377       -1021.899  2627 359.9984  -0.0010     -1.929 0.055 152   1.94   69.005
2018-05-07-12:31:40 1.11  Mocks_Em/MockNFW20ellip5loga2.08PA50center0With_background20num96.dat Diff-Evol    1.0e-04 1 1 1 1e+04 NFW        0.0026   0.0019     -1.892 0.792  46   0.70   42.6       -496.6037       -967.6312  2631   0.0020   0.0014     -1.884 0.101  14   1.91   69.636
2018-05-07-12:31:40 1.11  Mocks_Em/MockNFW20ellip5loga2.08PA50center0With_background20num97.dat Diff-Evol    1.0e-04 1 1 1 1e+04 NFW        0.0006  -0.0001     -1.913 0.788  46  -0.85   45.6        -543.856       -1062.136  2051   0.0001  -0.0007     -1.934 0.158  30   1.98   54.051
2018-05-07-12:31:40 1.11  Mocks_Em/MockNFW20ellip5loga2.08PA50center0With_background20num98.dat Diff-Evol    1.0e-04 1 1 1 1e+04 NFW        0.0009  -0.0005     -1.913 0.778   5   2.82   37.4       -443.9968       -862.4176  2986   0.0007  -0.0003     -1.860 0.134 171   1.90   79.806
2018-05-07-12:31:40 1.11  Mocks_Em/MockNFW20ellip5loga2.08PA50center0With_background20num99.dat Diff-Evol    1.0e-04 1 1 1 1e+04 NFW        0.0020  -0.0010     -1.867 0.797  50   3.48   44.2       -532.0037       -1038.431  1857   0.0026  -0.0006     -1.894 0.101  19   1.90   48.080
