2018-05-07-14:20:36 1.11  Mocks_Em/MockNFW20ellip5loga2.08PA50center0With_background20num0.dat Nelder-Mead  1.0e-04 1 1 1 1e+04 NFW        0.0024  -0.0013     -1.923 0.130  12   1.92   39.7       -455.0798       -884.5836   500   0.0023  -0.0013     -1.923 0.126  12   1.91   11.338
2018-05-07-14:20:36 1.11  Mocks_Em/MockNFW20ellip5loga2.08PA50center0With_background20num1.dat Nelder-Mead  1.0e-04 1 1 1 1e+04 NFW      359.9984  -0.0019     -1.908 0.086   4   1.90   40.8       -446.2675       -866.9589   505 359.9984  -0.0019     -1.861 0.086   4   1.90   11.510
2018-05-07-14:20:36 1.11  Mocks_Em/MockNFW20ellip5loga2.08PA50center0With_background20num2.dat Nelder-Mead  1.0e-04 1 1 1 1e+04 NFW      359.9994  -0.0010     -1.924 0.133 154   1.92   38.6       -418.5444       -811.5128   500 359.9994  -0.0010     -1.843 0.133 154   1.91   10.758
2018-05-07-14:20:36 1.11  Mocks_Em/MockNFW20ellip5loga2.08PA50center0With_background20num3.dat Nelder-Mead  1.0e-04 1 1 1 1e+04 NFW      359.9975   0.0007     -1.903 0.265 154   1.91   41.2       -452.4704       -879.3648   503 359.9976   0.0007     -1.857 0.265 151   1.90   11.351
2018-05-07-14:20:36 1.11  Mocks_Em/MockNFW20ellip5loga2.08PA50center0With_background20num4.dat Nelder-Mead  1.0e-04 1 1 1 1e+04 NFW      359.9996  -0.0027     -1.888 0.122  18   1.94   47.2       -494.3736       -963.1712   500 359.9996  -0.0027     -1.885 0.119  18   1.94   11.179
2018-05-07-14:20:36 1.11  Mocks_Em/MockNFW20ellip5loga2.08PA50center0With_background20num5.dat Nelder-Mead  1.0e-04 1 1 1 1e+04 NFW        0.0001  -0.0009     -1.987 0.109 149   1.92   32.3       -423.2402       -820.9044   501   0.0001  -0.0009     -1.986 0.105 149   1.92   12.030
2018-05-07-14:20:36 1.11  Mocks_Em/MockNFW20ellip5loga2.08PA50center0With_background20num6.dat Nelder-Mead  1.0e-04 1 1 1 1e+04 NFW        0.0000  -0.0011     -1.960 0.127  29   2.02   37.8        -436.808       -848.0399   500   0.0002  -0.0011     -1.960 0.124  29   1.97   12.118
2018-05-07-14:20:36 1.11  Mocks_Em/MockNFW20ellip5loga2.08PA50center0With_background20num7.dat Nelder-Mead  1.0e-04 1 1 1 1e+04 NFW        0.0012   0.0007     -1.906 0.112  35   1.91   40.7        -440.164       -854.7519   500   0.0012   0.0007     -1.906 0.107  35   1.91   11.406
2018-05-07-14:20:36 1.11  Mocks_Em/MockNFW20ellip5loga2.08PA50center0With_background20num8.dat Nelder-Mead  1.0e-04 1 1 1 1e+04 NFW        0.0025  -0.0013     -1.893 0.233  37   1.97   44.8         -475.08       -924.5839   500   0.0025  -0.0013     -1.847 0.233  37   1.92   10.314
2018-05-07-14:20:36 1.11  Mocks_Em/MockNFW20ellip5loga2.08PA50center0With_background20num9.dat Nelder-Mead  1.0e-04 1 1 1 1e+04 NFW      359.9986  -0.0005     -1.923 0.209 151   1.92   39.3       -430.3469       -835.1177   500 359.9991  -0.0005     -1.923 0.202 151   1.92   11.703
2018-05-07-14:20:36 1.11  Mocks_Em/MockNFW20ellip5loga2.08PA50center0With_background20num10.dat Nelder-Mead  1.0e-04 1 1 1 1e+04 NFW        0.0004   0.0003     -1.958 0.110  44   1.94   35.6       -408.6236        -791.671   500   0.0001   0.0003     -1.910 0.110  43   1.94   11.716
2018-05-07-14:20:36 1.11  Mocks_Em/MockNFW20ellip5loga2.08PA50center0With_background20num11.dat Nelder-Mead  1.0e-04 1 1 1 1e+04 NFW        0.0002  -0.0010     -1.934 0.169 162   1.94   37.4       -395.5686       -765.5611   501   0.0004  -0.0010     -1.864 0.168 162   1.94   11.637
2018-05-07-14:20:36 1.11  Mocks_Em/MockNFW20ellip5loga2.08PA50center0With_background20num12.dat Nelder-Mead  1.0e-04 1 1 1 1e+04 NFW        0.0013   0.0009     -1.917 0.109 159   1.92   39.7       -432.4257       -839.2752   506   0.0013   0.0009     -1.917 0.109 159   1.92   11.416
2018-05-07-14:20:36 1.11  Mocks_Em/MockNFW20ellip5loga2.08PA50center0With_background20num13.dat Nelder-Mead  1.0e-04 1 1 1 1e+04 NFW        0.0022   0.0012     -1.913 0.164  11   1.93   42.3       -468.8517       -912.1273   501   0.0020   0.0012     -1.913 0.156  11   1.93   11.324
2018-05-07-14:20:36 1.11  Mocks_Em/MockNFW20ellip5loga2.08PA50center0With_background20num14.dat Nelder-Mead  1.0e-04 1 1 1 1e+04 NFW      359.9978  -0.0018     -1.883 0.091 176   1.85   41.3       -449.7179       -873.8597   500 359.9978  -0.0018     -1.882 0.088 176   1.85   10.509
2018-05-07-14:20:36 1.11  Mocks_Em/MockNFW20ellip5loga2.08PA50center0With_background20num15.dat Nelder-Mead  1.0e-04 1 1 1 1e+04 NFW      359.9999   0.0011     -1.926 0.247 140   1.91   37.1       -416.9215        -808.267   500 359.9999   0.0011     -1.879 0.242 140   1.91   11.330
2018-05-07-14:20:36 1.11  Mocks_Em/MockNFW20ellip5loga2.08PA50center0With_background20num16.dat Nelder-Mead  1.0e-04 1 1 1 1e+04 NFW        0.0001  -0.0008     -1.948 0.081  29   1.93   37.2       -432.2327       -838.8893   504   0.0008  -0.0008     -1.901 0.080  29   1.93   11.642
2018-05-07-14:20:36 1.11  Mocks_Em/MockNFW20ellip5loga2.08PA50center0With_background20num17.dat Nelder-Mead  1.0e-04 1 1 1 1e+04 NFW        0.0009  -0.0006     -1.946 0.091 178   1.92   35.9        -401.066       -776.5559   500   0.0009  -0.0006     -1.864 0.091 178   1.92   11.160
2018-05-07-14:20:36 1.11  Mocks_Em/MockNFW20ellip5loga2.08PA50center0With_background20num18.dat Nelder-Mead  1.0e-04 1 1 1 1e+04 NFW      359.9981  -0.0012     -1.917 0.096  35   1.87   37.8       -435.7504       -845.9247   501 359.9982  -0.0012     -1.870 0.095  35   1.87   11.598
2018-05-07-14:20:36 1.11  Mocks_Em/MockNFW20ellip5loga2.08PA50center0With_background20num19.dat Nelder-Mead  1.0e-04 1 1 1 1e+04 NFW        0.0018  -0.0000     -1.935 0.031 176   1.90   35.7       -397.9032       -770.2303   501   0.0012  -0.0000     -1.935 0.030 173   1.90   11.734
2018-05-07-14:20:36 1.11  Mocks_Em/MockNFW20ellip5loga2.08PA50center0With_background20num20.dat Nelder-Mead  1.0e-04 1 1 1 1e+04 NFW      359.9993  -0.0010     -1.949 0.143 146   1.90   34.8       -418.8467       -812.1172   501 359.9993  -0.0010     -1.867 0.143 146   1.89   11.322
2018-05-07-14:20:36 1.11  Mocks_Em/MockNFW20ellip5loga2.08PA50center0With_background20num21.dat Nelder-Mead  1.0e-04 1 1 1 1e+04 NFW      359.9994  -0.0013     -1.913 0.127  11   1.87   35.7       -370.4731         -715.37   506 359.9995  -0.0013     -1.830 0.126  11   1.87   11.273
2018-05-07-14:20:36 1.11  Mocks_Em/MockNFW20ellip5loga2.08PA50center0With_background20num22.dat Nelder-Mead  1.0e-04 1 1 1 1e+04 NFW        0.0022   0.0001     -1.914 0.066 166   1.89   37.4       -390.5413       -755.5064   501   0.0007   0.0001     -1.867 0.065 165   1.89   11.260
2018-05-07-14:20:36 1.11  Mocks_Em/MockNFW20ellip5loga2.08PA50center0With_background20num23.dat Nelder-Mead  1.0e-04 1 1 1 1e+04 NFW      359.9976   0.0005     -1.942 0.141   5   1.95   40.2       -472.5738       -919.5716   501 359.9979   0.0005     -1.942 0.135   5   1.95   11.643
2018-05-07-14:20:36 1.11  Mocks_Em/MockNFW20ellip5loga2.08PA50center0With_background20num24.dat Nelder-Mead  1.0e-04 1 1 1 1e+04 NFW      359.9995  -0.0010     -1.966 0.319  42   1.97   36.2       -427.7563       -829.9365   500 359.9995  -0.0010     -1.966 0.305  42   1.97   11.873
2018-05-07-14:20:36 1.11  Mocks_Em/MockNFW20ellip5loga2.08PA50center0With_background20num25.dat Nelder-Mead  1.0e-04 1 1 1 1e+04 NFW      359.9992  -0.0013     -1.924 0.095  31   1.91   37.4       -402.4511       -779.3261   500   0.0001  -0.0013     -1.877 0.094  31   1.91   10.995
2018-05-07-14:20:36 1.11  Mocks_Em/MockNFW20ellip5loga2.08PA50center0With_background20num26.dat Nelder-Mead  1.0e-04 1 1 1 1e+04 NFW        0.0013   0.0001     -1.943 0.095 157   1.96   37.2       -419.0488       -812.5214   500   0.0009   0.0001     -1.943 0.091 157   1.94   11.562
2018-05-07-14:20:36 1.11  Mocks_Em/MockNFW20ellip5loga2.08PA50center0With_background20num27.dat Nelder-Mead  1.0e-04 1 1 1 1e+04 NFW      359.9987   0.0026     -1.921 0.128  25   1.86   38.3       -468.2783       -910.9806   500 359.9987   0.0026     -1.921 0.125  25   1.86   11.060
2018-05-07-14:20:36 1.11  Mocks_Em/MockNFW20ellip5loga2.08PA50center0With_background20num28.dat Nelder-Mead  1.0e-04 1 1 1 1e+04 NFW      359.9985  -0.0015     -1.903 0.079  31   1.89   39.4       -411.9683       -798.3605   504 359.9993  -0.0015     -1.856 0.077  31   1.89   10.982
2018-05-07-14:20:36 1.11  Mocks_Em/MockNFW20ellip5loga2.08PA50center0With_background20num29.dat Nelder-Mead  1.0e-04 1 1 1 1e+04 NFW        0.0011  -0.0006     -1.934 0.223   3   1.93   37.5       -424.8112       -824.0462   507   0.0006  -0.0006     -1.886 0.219   3   1.92   11.484
2018-05-07-14:20:36 1.11  Mocks_Em/MockNFW20ellip5loga2.08PA50center0With_background20num30.dat Nelder-Mead  1.0e-04 1 1 1 1e+04 NFW      359.9987  -0.0001     -1.938 0.182  29   1.90   35.9       -414.0679       -802.5598   502 359.9989  -0.0001     -1.879 0.179  29   1.90   11.457
2018-05-07-14:20:36 1.11  Mocks_Em/MockNFW20ellip5loga2.08PA50center0With_background20num31.dat Nelder-Mead  1.0e-04 1 1 1 1e+04 NFW      359.9999   0.0015     -1.927 0.118  28   1.96   40.7        -424.462        -823.348   501 359.9999   0.0015     -1.927 0.113  28   1.96   11.627
2018-05-07-14:20:36 1.11  Mocks_Em/MockNFW20ellip5loga2.08PA50center0With_background20num32.dat Nelder-Mead  1.0e-04 1 1 1 1e+04 NFW        0.0007   0.0003     -1.929 0.084 156   1.90   34.5       -366.5371       -707.4981   501   0.0009   0.0003     -1.882 0.082 156   1.89   11.521
2018-05-07-14:20:36 1.11  Mocks_Em/MockNFW20ellip5loga2.08PA50center0With_background20num33.dat Nelder-Mead  1.0e-04 1 1 1 1e+04 NFW      359.9992   0.0008     -1.942 0.175 154   1.95   38.5       -449.3864       -873.1967   500 359.9992   0.0008     -1.894 0.173 154   1.93   11.395
2018-05-07-14:20:36 1.11  Mocks_Em/MockNFW20ellip5loga2.08PA50center0With_background20num34.dat Nelder-Mead  1.0e-04 1 1 1 1e+04 NFW        0.0011  -0.0014     -1.940 0.111  10   1.91   35.0       -383.1578       -740.7395   501   0.0009  -0.0014     -1.893 0.109  10   1.91   11.140
2018-05-07-14:20:36 1.11  Mocks_Em/MockNFW20ellip5loga2.08PA50center0With_background20num35.dat Nelder-Mead  1.0e-04 1 1 1 1e+04 NFW      359.9998  -0.0016     -1.918 0.163 151   1.90   39.0       -427.0968       -828.6175   500 359.9999  -0.0016     -1.848 0.163 149   1.90   10.844
2018-05-07-14:20:36 1.11  Mocks_Em/MockNFW20ellip5loga2.08PA50center0With_background20num36.dat Nelder-Mead  1.0e-04 1 1 1 1e+04 NFW      359.9999  -0.0007     -1.924 0.076 159   1.97   40.7       -431.6706       -837.7652   503 359.9999  -0.0007     -1.924 0.073 159   1.95   11.403
2018-05-07-14:20:36 1.11  Mocks_Em/MockNFW20ellip5loga2.08PA50center0With_background20num37.dat Nelder-Mead  1.0e-04 1 1 1 1e+04 NFW        0.0006  -0.0010     -1.946 0.164 152   1.97   39.2       -429.7578       -833.9396   507   0.0006  -0.0010     -1.946 0.158 152   1.97   11.387
2018-05-07-14:20:36 1.11  Mocks_Em/MockNFW20ellip5loga2.08PA50center0With_background20num38.dat Nelder-Mead  1.0e-04 1 1 1 1e+04 NFW      359.9991  -0.0017     -1.893 0.121 151   1.89   40.7        -420.659       -815.7419   501 359.9991  -0.0017     -1.847 0.118 150   1.89   11.174
2018-05-07-14:20:36 1.11  Mocks_Em/MockNFW20ellip5loga2.08PA50center0With_background20num39.dat Nelder-Mead  1.0e-04 1 1 1 1e+04 NFW      359.9996   0.0003     -1.915 0.041  32   1.89   36.0       -368.2691       -710.9622   500 359.9996   0.0003     -1.869 0.040  32   1.88   11.417
2018-05-07-14:20:36 1.11  Mocks_Em/MockNFW20ellip5loga2.08PA50center0With_background20num40.dat Nelder-Mead  1.0e-04 1 1 1 1e+04 NFW      359.9984  -0.0004     -1.910 0.090 136   1.90   38.0       -412.1952       -798.8144   500 359.9984  -0.0004     -1.864 0.089 136   1.88   10.928
2018-05-07-14:20:36 1.11  Mocks_Em/MockNFW20ellip5loga2.08PA50center0With_background20num41.dat Nelder-Mead  1.0e-04 1 1 1 1e+04 NFW        0.0006  -0.0002     -1.930 0.153  21   1.90   34.5       -373.5791       -721.5822   505   0.0003  -0.0002     -1.860 0.153  21   1.88   11.249
2018-05-07-14:20:36 1.11  Mocks_Em/MockNFW20ellip5loga2.08PA50center0With_background20num42.dat Nelder-Mead  1.0e-04 1 1 1 1e+04 NFW      359.9968   0.0008     -1.912 0.137  33   1.86   35.3       -384.7337       -743.8912   503 359.9985   0.0008     -1.912 0.132  33   1.86   11.489
2018-05-07-14:20:36 1.11  Mocks_Em/MockNFW20ellip5loga2.08PA50center0With_background20num43.dat Nelder-Mead  1.0e-04 1 1 1 1e+04 NFW        0.0009   0.0007     -1.912 0.076 140   1.90   38.4       -402.8801       -780.1842   503   0.0000   0.0007     -1.865 0.076 136   1.90   11.245
2018-05-07-14:20:36 1.11  Mocks_Em/MockNFW20ellip5loga2.08PA50center0With_background20num44.dat Nelder-Mead  1.0e-04 1 1 1 1e+04 NFW        0.0026  -0.0006     -2.005 0.084 139   1.92   31.7       -455.9902       -886.4044   500   0.0026  -0.0006     -1.956 0.084 139   1.89   12.053
2018-05-07-14:20:36 1.11  Mocks_Em/MockNFW20ellip5loga2.08PA50center0With_background20num45.dat Nelder-Mead  1.0e-04 1 1 1 1e+04 NFW        0.0006   0.0007     -1.934 0.077   1   1.93   37.0       -395.2846       -764.9931   500   0.0006   0.0007     -1.934 0.074   1   1.93   11.488
2018-05-07-14:20:36 1.11  Mocks_Em/MockNFW20ellip5loga2.08PA50center0With_background20num46.dat Nelder-Mead  1.0e-04 1 1 1 1e+04 NFW        0.0001  -0.0004     -1.922 0.156  21   1.93   35.2       -379.8893       -734.2026   500   0.0001  -0.0004     -1.875 0.156  21   1.88   11.142
2018-05-07-14:20:36 1.11  Mocks_Em/MockNFW20ellip5loga2.08PA50center0With_background20num47.dat Nelder-Mead  1.0e-04 1 1 1 1e+04 NFW        0.0002   0.0012     -1.920 0.100 167   2.00   41.6       -442.6055       -859.6348   503   0.0001   0.0012     -1.920 0.098 167   1.95   11.544
2018-05-07-14:20:36 1.11  Mocks_Em/MockNFW20ellip5loga2.08PA50center0With_background20num48.dat Nelder-Mead  1.0e-04 1 1 1 1e+04 NFW      359.9996   0.0007     -1.911 0.239 175   1.90   38.4       -408.4887       -791.4013   505 359.9996   0.0007     -1.865 0.235 175   1.90   11.496
2018-05-07-14:20:36 1.11  Mocks_Em/MockNFW20ellip5loga2.08PA50center0With_background20num49.dat Nelder-Mead  1.0e-04 1 1 1 1e+04 NFW        0.0005  -0.0011     -1.913 0.093  43   1.92   40.1       -417.5797       -809.5833   501 360.0000  -0.0011     -1.844 0.092  43   1.92   11.278
2018-05-07-14:20:36 1.11  Mocks_Em/MockNFW20ellip5loga2.08PA50center0With_background20num50.dat Nelder-Mead  1.0e-04 1 1 1 1e+04 NFW        0.0021  -0.0011     -1.903 0.125 179   1.90   40.0       -421.5278       -817.4796   500   0.0021  -0.0011     -1.857 0.122 179   1.90   10.851
2018-05-07-14:20:36 1.11  Mocks_Em/MockNFW20ellip5loga2.08PA50center0With_background20num51.dat Nelder-Mead  1.0e-04 1 1 1 1e+04 NFW        0.0001   0.0004     -1.930 0.198 173   1.92   36.1        -386.715        -747.854   505   0.0005   0.0004     -1.860 0.198 172   1.91   11.490
2018-05-07-14:20:36 1.11  Mocks_Em/MockNFW20ellip5loga2.08PA50center0With_background20num52.dat Nelder-Mead  1.0e-04 1 1 1 1e+04 NFW        0.0008   0.0003     -1.936 0.140 157   1.90   34.9       -385.3383       -745.1006   506 359.9997   0.0003     -1.889 0.137 157   1.90   11.646
2018-05-07-14:20:36 1.11  Mocks_Em/MockNFW20ellip5loga2.08PA50center0With_background20num53.dat Nelder-Mead  1.0e-04 1 1 1 1e+04 NFW      359.9999   0.0006     -1.935 0.091  10   1.87   32.7       -349.4354       -673.2947   500 359.9999   0.0006     -1.864 0.091  10   1.87   11.220
2018-05-07-14:20:36 1.11  Mocks_Em/MockNFW20ellip5loga2.08PA50center0With_background20num54.dat Nelder-Mead  1.0e-04 1 1 1 1e+04 NFW      359.9996   0.0004     -1.951 0.241 136   1.94   36.7       -424.2762       -822.9763   500 359.9996   0.0004     -1.904 0.241 136   1.94   12.024
2018-05-07-14:20:36 1.11  Mocks_Em/MockNFW20ellip5loga2.08PA50center0With_background20num55.dat Nelder-Mead  1.0e-04 1 1 1 1e+04 NFW      359.9983  -0.0004     -1.963 0.110  44   1.94   36.8       -443.6455       -861.7149   500 359.9986  -0.0004     -1.881 0.110  44   1.94   11.158
2018-05-07-14:20:36 1.11  Mocks_Em/MockNFW20ellip5loga2.08PA50center0With_background20num56.dat Nelder-Mead  1.0e-04 1 1 1 1e+04 NFW        0.0001   0.0010     -1.908 0.081  38   1.92   39.3       -414.5509       -803.5257   503   0.0001   0.0010     -1.908 0.078  38   1.90   10.822
2018-05-07-14:20:36 1.11  Mocks_Em/MockNFW20ellip5loga2.08PA50center0With_background20num57.dat Nelder-Mead  1.0e-04 1 1 1 1e+04 NFW        0.0009  -0.0010     -2.009 0.101 175   1.96   33.6       -457.1939       -888.8117   506   0.0008  -0.0010     -2.007 0.099 172   1.96   12.564
2018-05-07-14:20:36 1.11  Mocks_Em/MockNFW20ellip5loga2.08PA50center0With_background20num58.dat Nelder-Mead  1.0e-04 1 1 1 1e+04 NFW      359.9988  -0.0001     -1.916 0.194 153   1.91   39.6       -434.3221       -843.0682   500 359.9988  -0.0001     -1.910 0.189 150   1.91   10.974
2018-05-07-14:20:36 1.11  Mocks_Em/MockNFW20ellip5loga2.08PA50center0With_background20num59.dat Nelder-Mead  1.0e-04 1 1 1 1e+04 NFW      359.9993  -0.0006     -1.960 0.085 167   1.95   36.6       -429.2211       -832.8662   500 359.9993  -0.0006     -1.960 0.085 161   1.95   11.368
2018-05-07-14:20:36 1.11  Mocks_Em/MockNFW20ellip5loga2.08PA50center0With_background20num60.dat Nelder-Mead  1.0e-04 1 1 1 1e+04 NFW        0.0027  -0.0018     -1.898 0.238 149   1.91   41.6        -460.131        -894.686   504   0.0023  -0.0018     -1.898 0.229 149   1.89   11.295
2018-05-07-14:20:36 1.11  Mocks_Em/MockNFW20ellip5loga2.08PA50center0With_background20num61.dat Nelder-Mead  1.0e-04 1 1 1 1e+04 NFW        0.0007   0.0003     -1.919 0.056 140   1.84   31.8       -338.8552       -652.1344   500   0.0010   0.0003     -1.849 0.056 140   1.83   11.272
2018-05-07-14:20:36 1.11  Mocks_Em/MockNFW20ellip5loga2.08PA50center0With_background20num62.dat Nelder-Mead  1.0e-04 1 1 1 1e+04 NFW        0.0011   0.0011     -1.908 0.223  26   1.88   36.9       -385.8326       -746.0892   501   0.0011   0.0011     -1.861 0.220  26   1.88   10.903
2018-05-07-14:20:36 1.11  Mocks_Em/MockNFW20ellip5loga2.08PA50center0With_background20num63.dat Nelder-Mead  1.0e-04 1 1 1 1e+04 NFW      359.9992  -0.0002     -2.037 0.063  13   1.97   31.4       -443.3632       -861.1504   507 359.9992  -0.0002     -1.952 0.062  13   1.97   12.318
2018-05-07-14:20:36 1.11  Mocks_Em/MockNFW20ellip5loga2.08PA50center0With_background20num64.dat Nelder-Mead  1.0e-04 1 1 1 1e+04 NFW        0.0011   0.0009     -1.908 0.168  33   1.95   42.2       -444.4707       -863.3654   505   0.0011   0.0009     -1.908 0.161  33   1.93   11.269
2018-05-07-14:20:36 1.11  Mocks_Em/MockNFW20ellip5loga2.08PA50center0With_background20num65.dat Nelder-Mead  1.0e-04 1 1 1 1e+04 NFW      359.9984  -0.0004     -1.952 0.218  39   1.94   38.6       -469.2266       -912.8772   500 359.9984  -0.0004     -1.947 0.208  39   1.94   11.579
2018-05-07-14:20:36 1.11  Mocks_Em/MockNFW20ellip5loga2.08PA50center0With_background20num66.dat Nelder-Mead  1.0e-04 1 1 1 1e+04 NFW        0.0003   0.0011     -1.946 0.083 156   1.89   31.6       -336.8561       -648.1362   500   0.0009   0.0011     -1.856 0.083 155   1.89   10.834
2018-05-07-14:20:36 1.11  Mocks_Em/MockNFW20ellip5loga2.08PA50center0With_background20num67.dat Nelder-Mead  1.0e-04 1 1 1 1e+04 NFW      359.9999   0.0001     -1.829 0.150 157   1.83   40.4           1E+30           2E+30   143 359.9999   0.0001     -1.829 0.150 157   1.83    0.004
2018-05-07-14:20:36 1.11  Mocks_Em/MockNFW20ellip5loga2.08PA50center0With_background20num68.dat Nelder-Mead  1.0e-04 1 1 1 1e+04 NFW      359.9997  -0.0006     -1.926 0.156  20   1.90   35.5       -379.5181       -733.4602   500 359.9997  -0.0006     -1.857 0.156  20   1.90   11.543
2018-05-07-14:20:36 1.11  Mocks_Em/MockNFW20ellip5loga2.08PA50center0With_background20num69.dat Nelder-Mead  1.0e-04 1 1 1 1e+04 NFW        0.0011   0.0013     -1.931 0.238  25   1.90   36.9       -428.8766        -832.177   505   0.0011   0.0013     -1.931 0.229  25   1.90   11.980
2018-05-07-14:20:36 1.11  Mocks_Em/MockNFW20ellip5loga2.08PA50center0With_background20num70.dat Nelder-Mead  1.0e-04 1 1 1 1e+04 NFW      359.9988   0.0015     -1.947 0.140  36   1.92   38.8       -480.1386       -934.7011   501 359.9989   0.0015     -1.900 0.137  36   1.92   11.876
2018-05-07-14:20:36 1.11  Mocks_Em/MockNFW20ellip5loga2.08PA50center0With_background20num71.dat Nelder-Mead  1.0e-04 1 1 1 1e+04 NFW      359.9994  -0.0009     -1.907 0.200  41   1.85   34.5       -359.2903       -693.0044   501 359.9996  -0.0009     -1.817 0.200  41   1.85   10.110
2018-05-07-14:20:36 1.11  Mocks_Em/MockNFW20ellip5loga2.08PA50center0With_background20num72.dat Nelder-Mead  1.0e-04 1 1 1 1e+04 NFW      359.9996   0.0008     -1.918 0.231 142   1.91   37.5       -409.1456       -792.7151   500 359.9996   0.0008     -1.871 0.231 140   1.90   11.285
2018-05-07-14:20:36 1.11  Mocks_Em/MockNFW20ellip5loga2.08PA50center0With_background20num73.dat Nelder-Mead  1.0e-04 1 1 1 1e+04 NFW      359.9996  -0.0015     -1.906 0.201   1   1.91   40.6       -432.3914       -839.2068   500 359.9996  -0.0015     -1.859 0.196   1   1.91   11.270
2018-05-07-14:20:36 1.11  Mocks_Em/MockNFW20ellip5loga2.08PA50center0With_background20num74.dat Nelder-Mead  1.0e-04 1 1 1 1e+04 NFW        0.0005  -0.0001     -1.917 0.099 166   1.89   35.9       -373.0833       -720.5905   500   0.0005  -0.0001     -1.847 0.098 166   1.88   11.189
2018-05-07-14:20:36 1.11  Mocks_Em/MockNFW20ellip5loga2.08PA50center0With_background20num75.dat Nelder-Mead  1.0e-04 1 1 1 1e+04 NFW        0.0021  -0.0002     -1.950 0.143  45   1.93   36.5       -422.6452       -819.7143   500   0.0012  -0.0002     -1.902 0.139  45   1.93   11.473
2018-05-07-14:20:36 1.11  Mocks_Em/MockNFW20ellip5loga2.08PA50center0With_background20num76.dat Nelder-Mead  1.0e-04 1 1 1 1e+04 NFW        0.0026  -0.0001     -1.874 0.077 163   1.90   45.1       -449.1473       -872.7186   507   0.0024  -0.0001     -1.874 0.076 160   1.90   11.767
2018-05-07-14:20:36 1.11  Mocks_Em/MockNFW20ellip5loga2.08PA50center0With_background20num77.dat Nelder-Mead  1.0e-04 1 1 1 1e+04 NFW      359.9994   0.0007     -1.903 0.179 141   1.89   37.4       -392.6169       -759.6576   506 359.9994   0.0007     -1.903 0.171 141   1.87   11.686
2018-05-07-14:20:36 1.11  Mocks_Em/MockNFW20ellip5loga2.08PA50center0With_background20num78.dat Nelder-Mead  1.0e-04 1 1 1 1e+04 NFW      359.9989   0.0016     -1.915 0.089 172   1.89   39.7        -446.352       -867.1279   500 359.9989   0.0016     -1.868 0.089 172   1.89   11.326
2018-05-07-14:20:36 1.11  Mocks_Em/MockNFW20ellip5loga2.08PA50center0With_background20num79.dat Nelder-Mead  1.0e-04 1 1 1 1e+04 NFW        0.0020   0.0006     -1.949 0.166 174   1.90   37.1       -475.7552       -925.9343   505   0.0023   0.0006     -1.949 0.160 172   1.90   11.294
2018-05-07-14:20:36 1.11  Mocks_Em/MockNFW20ellip5loga2.08PA50center0With_background20num80.dat Nelder-Mead  1.0e-04 1 1 1 1e+04 NFW        0.0021  -0.0021     -1.898 0.251  36   1.89   42.2        -483.633       -941.6899   507   0.0021  -0.0021     -1.852 0.247  36   1.89   11.080
2018-05-07-14:20:36 1.11  Mocks_Em/MockNFW20ellip5loga2.08PA50center0With_background20num81.dat Nelder-Mead  1.0e-04 1 1 1 1e+04 NFW      359.9985   0.0019     -1.896 0.098 140   1.91   42.2       -461.0671       -896.5581   507 359.9986   0.0019     -1.896 0.094 140   1.89   11.716
2018-05-07-14:20:36 1.11  Mocks_Em/MockNFW20ellip5loga2.08PA50center0With_background20num82.dat Nelder-Mead  1.0e-04 1 1 1 1e+04 NFW        0.0001  -0.0004     -1.947 0.143  28   1.95   37.6         -419.99       -814.4039   504   0.0004  -0.0004     -1.900 0.143  28   1.95   11.883
2018-05-07-14:20:36 1.11  Mocks_Em/MockNFW20ellip5loga2.08PA50center0With_background20num83.dat Nelder-Mead  1.0e-04 1 1 1 1e+04 NFW        0.0007  -0.0002     -1.964 0.048 157   1.91   31.9       -382.2852       -738.9943   503   0.0007  -0.0002     -1.905 0.048 157   1.89   11.774
2018-05-07-14:20:36 1.11  Mocks_Em/MockNFW20ellip5loga2.08PA50center0With_background20num84.dat Nelder-Mead  1.0e-04 1 1 1 1e+04 NFW      359.9992  -0.0002     -1.957 0.067  33   1.93   34.7       -395.7331       -765.8902   505 359.9999  -0.0002     -1.897 0.066  33   1.92   11.860
2018-05-07-14:20:36 1.11  Mocks_Em/MockNFW20ellip5loga2.08PA50center0With_background20num85.dat Nelder-Mead  1.0e-04 1 1 1 1e+04 NFW      359.9978  -0.0001     -1.923 0.130 176   1.93   39.6       -416.9318       -808.2876   500 359.9982  -0.0001     -1.842 0.130 175   1.93   11.182
2018-05-07-14:20:36 1.11  Mocks_Em/MockNFW20ellip5loga2.08PA50center0With_background20num86.dat Nelder-Mead  1.0e-04 1 1 1 1e+04 NFW        0.0018  -0.0019     -1.870 0.235 161   1.90   45.0       -467.7026       -909.8292   504   0.0018  -0.0019     -1.870 0.226 161   1.89   11.023
2018-05-07-14:20:36 1.11  Mocks_Em/MockNFW20ellip5loga2.08PA50center0With_background20num87.dat Nelder-Mead  1.0e-04 1 1 1 1e+04 NFW        0.0006  -0.0005     -1.981 0.079  40   1.95   33.0        -419.411        -813.246   507 359.9995  -0.0005     -1.930 0.079  40   1.92   11.888
2018-05-07-14:20:36 1.11  Mocks_Em/MockNFW20ellip5loga2.08PA50center0With_background20num88.dat Nelder-Mead  1.0e-04 1 1 1 1e+04 NFW        0.0016   0.0017     -1.883 0.220  21   1.93   43.1       -465.1244       -904.6728   502   0.0016   0.0017     -1.883 0.215  21   1.89   10.943
2018-05-07-14:20:36 1.11  Mocks_Em/MockNFW20ellip5loga2.08PA50center0With_background20num89.dat Nelder-Mead  1.0e-04 1 1 1 1e+04 NFW      359.9982  -0.0007     -1.906 0.194  44   1.98   43.7       -459.1583       -892.7405   500 359.9994  -0.0007     -1.906 0.189  43   1.95   11.144
2018-05-07-14:20:36 1.11  Mocks_Em/MockNFW20ellip5loga2.08PA50center0With_background20num90.dat Nelder-Mead  1.0e-04 1 1 1 1e+04 NFW      359.9999   0.0011     -1.942 0.179  37   1.91   36.1       -423.4456       -821.3151   500 359.9999   0.0011     -1.895 0.175  37   1.91   11.784
2018-05-07-14:20:36 1.11  Mocks_Em/MockNFW20ellip5loga2.08PA50center0With_background20num91.dat Nelder-Mead  1.0e-04 1 1 1 1e+04 NFW        0.0002   0.0018     -1.937 0.068 175   1.88   35.1        -406.992       -788.4078   504   0.0002   0.0017     -1.890 0.067 175   1.88   12.166
2018-05-07-14:20:36 1.11  Mocks_Em/MockNFW20ellip5loga2.08PA50center0With_background20num92.dat Nelder-Mead  1.0e-04 1 1 1 1e+04 NFW        0.0004  -0.0012     -1.920 0.096 161   1.93   40.4       -437.1642       -848.7523   506   0.0004  -0.0012     -1.920 0.092 159   1.93   11.894
2018-05-07-14:20:36 1.11  Mocks_Em/MockNFW20ellip5loga2.08PA50center0With_background20num93.dat Nelder-Mead  1.0e-04 1 1 1 1e+04 NFW      359.9987   0.0020     -1.894 0.080 148   1.89   41.2       -434.1919       -842.8077   503 359.9982   0.0020     -1.894 0.076 148   1.89   11.006
2018-05-07-14:20:36 1.11  Mocks_Em/MockNFW20ellip5loga2.08PA50center0With_background20num94.dat Nelder-Mead  1.0e-04 1 1 1 1e+04 NFW      359.9995  -0.0001     -1.954 0.183 142   1.98   38.5       -426.0406       -826.5052   500 359.9996  -0.0001     -1.906 0.181 141   1.98   11.798
2018-05-07-14:20:36 1.11  Mocks_Em/MockNFW20ellip5loga2.08PA50center0With_background20num95.dat Nelder-Mead  1.0e-04 1 1 1 1e+04 NFW      359.9984  -0.0010     -1.929 0.058 152   1.94   40.9       -460.2823       -894.9886   503 359.9984  -0.0010     -1.929 0.055 152   1.94   12.137
2018-05-07-14:20:36 1.11  Mocks_Em/MockNFW20ellip5loga2.08PA50center0With_background20num96.dat Nelder-Mead  1.0e-04 1 1 1 1e+04 NFW        0.0025   0.0014     -1.931 0.101  14   1.95   38.2       -438.3844       -851.1926   500   0.0020   0.0014     -1.884 0.101  14   1.91   11.212
2018-05-07-14:20:36 1.11  Mocks_Em/MockNFW20ellip5loga2.08PA50center0With_background20num97.dat Nelder-Mead  1.0e-04 1 1 1 1e+04 NFW        0.0000  -0.0008     -1.983 0.160  30   1.98   37.8       -481.7796       -937.9832   506   0.0001  -0.0007     -1.934 0.158  30   1.98   11.970
2018-05-07-14:20:36 1.11  Mocks_Em/MockNFW20ellip5loga2.08PA50center0With_background20num98.dat Nelder-Mead  1.0e-04 1 1 1 1e+04 NFW        0.0007  -0.0003     -1.930 0.134 173   1.90   35.9       -392.6581       -759.7402   505   0.0007  -0.0003     -1.860 0.134 171   1.90   11.268
2018-05-07-14:20:36 1.11  Mocks_Em/MockNFW20ellip5loga2.08PA50center0With_background20num99.dat Nelder-Mead  1.0e-04 1 1 1 1e+04 NFW        0.0032  -0.0006     -1.894 0.104  19   1.90   43.0       -468.6313       -911.6864   501   0.0026  -0.0006     -1.894 0.101  19   1.90   11.214
