2018-05-07-12:21:32 1.11  Mocks_Em/MockNFW20ellip5loga2.08PA50center0With_background20num0.dat TNC          1.0e-04 1 1 1 1e+04 NFW        0.0023  -0.0013     -1.923 0.126  12   1.91   39.7       -454.0933       -882.6106     4   0.0023  -0.0013     -1.923 0.126  12   1.91    0.654
2018-05-07-12:21:32 1.11  Mocks_Em/MockNFW20ellip5loga2.08PA50center0With_background20num1.dat TNC          1.0e-04 1 1 1 1e+04 NFW      359.9984  -0.0019     -1.870 0.086   4   1.90   45.3       -446.3925       -867.2089    10 359.9984  -0.0019     -1.861 0.086   4   1.90    2.566
2018-05-07-12:21:32 1.11  Mocks_Em/MockNFW20ellip5loga2.08PA50center0With_background20num2.dat TNC          1.0e-04 1 1 1 1e+04 NFW      359.9994  -0.0010     -1.897 0.133 154   1.91   41.5       -418.5721       -811.5682    11 359.9994  -0.0010     -1.843 0.133 154   1.91    2.815
2018-05-07-12:21:32 1.11  Mocks_Em/MockNFW20ellip5loga2.08PA50center0With_background20num3.dat TNC          1.0e-04 1 1 1 1e+04 NFW      359.9976   0.0007     -1.874 0.265 151   1.90   44.6       -452.2886        -879.001     6 359.9976   0.0007     -1.857 0.265 151   1.90    1.640
2018-05-07-12:21:32 1.11  Mocks_Em/MockNFW20ellip5loga2.08PA50center0With_background20num4.dat TNC          1.0e-04 1 1 1 1e+04 NFW      359.9996  -0.0027     -1.885 0.119  18   1.94   47.6       -493.8262       -962.0764     8 359.9996  -0.0027     -1.885 0.119  18   1.94    1.672
2018-05-07-12:21:32 1.11  Mocks_Em/MockNFW20ellip5loga2.08PA50center0With_background20num5.dat TNC          1.0e-04 1 1 1 1e+04 NFW        0.0001  -0.0009     -1.986 0.105 149   1.92   32.4       -422.6099       -819.6437    30   0.0001  -0.0009     -1.986 0.105 149   1.92    6.397
2018-05-07-12:21:32 1.11  Mocks_Em/MockNFW20ellip5loga2.08PA50center0With_background20num6.dat TNC          1.0e-04 1 1 1 1e+04 NFW        0.0002  -0.0011     -1.960 0.124  29   1.97   37.8       -435.6286       -845.6811    29   0.0002  -0.0011     -1.960 0.124  29   1.97    6.814
2018-05-07-12:21:32 1.11  Mocks_Em/MockNFW20ellip5loga2.08PA50center0With_background20num7.dat TNC          1.0e-04 1 1 1 1e+04 NFW        0.0012   0.0007     -1.906 0.107  35   1.91   40.7       -439.1875       -852.7989     9   0.0012   0.0007     -1.906 0.107  35   1.91    1.875
2018-05-07-12:21:32 1.11  Mocks_Em/MockNFW20ellip5loga2.08PA50center0With_background20num8.dat TNC          1.0e-04 1 1 1 1e+04 NFW        0.0025  -0.0013     -1.877 0.233  37   1.92   46.8       -475.2449       -924.9138    12   0.0025  -0.0013     -1.847 0.233  37   1.92    2.845
2018-05-07-12:21:32 1.11  Mocks_Em/MockNFW20ellip5loga2.08PA50center0With_background20num9.dat TNC          1.0e-04 1 1 1 1e+04 NFW      359.9991  -0.0005     -1.923 0.202 151   1.92   39.3       -428.2211       -830.8661    15 359.9991  -0.0005     -1.923 0.202 151   1.92    3.315
2018-05-07-12:21:32 1.11  Mocks_Em/MockNFW20ellip5loga2.08PA50center0With_background20num10.dat TNC          1.0e-04 1 1 1 1e+04 NFW        0.0001   0.0003     -1.929 0.110  43   1.94   38.5       -407.6922       -789.8084     4   0.0001   0.0003     -1.910 0.110  43   1.94    1.164
2018-05-07-12:21:32 1.11  Mocks_Em/MockNFW20ellip5loga2.08PA50center0With_background20num11.dat TNC          1.0e-04 1 1 1 1e+04 NFW        0.0004  -0.0010     -1.931 0.168 162   1.94   37.8       -395.0946       -764.6131    13   0.0004  -0.0010     -1.864 0.168 162   1.94    3.012
2018-05-07-12:21:32 1.11  Mocks_Em/MockNFW20ellip5loga2.08PA50center0With_background20num12.dat TNC          1.0e-04 1 1 1 1e+04 NFW        0.0013   0.0009     -1.917 0.109 159   1.92   39.7       -432.0346       -838.4932     7   0.0013   0.0009     -1.917 0.109 159   1.92    1.380
2018-05-07-12:21:32 1.11  Mocks_Em/MockNFW20ellip5loga2.08PA50center0With_background20num13.dat TNC          1.0e-04 1 1 1 1e+04 NFW        0.0020   0.0012     -1.913 0.156  11   1.93   42.3       -467.5271       -909.4782    19   0.0020   0.0012     -1.913 0.156  11   1.93    3.985
2018-05-07-12:21:32 1.11  Mocks_Em/MockNFW20ellip5loga2.08PA50center0With_background20num14.dat TNC          1.0e-04 1 1 1 1e+04 NFW      359.9978  -0.0018     -1.882 0.088 176   1.85   41.4       -449.0352       -872.4942    14 359.9978  -0.0018     -1.882 0.088 176   1.85    2.870
2018-05-07-12:21:32 1.11  Mocks_Em/MockNFW20ellip5loga2.08PA50center0With_background20num15.dat TNC          1.0e-04 1 1 1 1e+04 NFW      359.9999   0.0011     -1.906 0.242 140   1.91   39.3       -416.0911       -806.6061    14 359.9999   0.0011     -1.879 0.242 140   1.91    3.113
2018-05-07-12:21:32 1.11  Mocks_Em/MockNFW20ellip5loga2.08PA50center0With_background20num16.dat TNC          1.0e-04 1 1 1 1e+04 NFW        0.0008  -0.0008     -1.901 0.080  29   1.93   42.3       -431.5565       -837.5369     5   0.0008  -0.0008     -1.901 0.080  29   1.93    1.398
2018-05-07-12:21:32 1.11  Mocks_Em/MockNFW20ellip5loga2.08PA50center0With_background20num17.dat TNC          1.0e-04 1 1 1 1e+04 NFW        0.0009  -0.0006     -1.913 0.091 178   1.92   39.3        -401.228       -776.8799     9   0.0009  -0.0006     -1.864 0.091 178   1.92    1.932
2018-05-07-12:21:32 1.11  Mocks_Em/MockNFW20ellip5loga2.08PA50center0With_background20num18.dat TNC          1.0e-04 1 1 1 1e+04 NFW      359.9982  -0.0012     -1.870 0.095  35   1.87   42.9       -436.2957       -847.0153     5 359.9982  -0.0012     -1.870 0.095  35   1.87    1.149
2018-05-07-12:21:32 1.11  Mocks_Em/MockNFW20ellip5loga2.08PA50center0With_background20num19.dat TNC          1.0e-04 1 1 1 1e+04 NFW        0.0012  -0.0000     -1.935 0.030 173   1.90   35.7       -396.8661       -768.1561     5   0.0012  -0.0000     -1.935 0.030 173   1.90    1.355
2018-05-07-12:21:32 1.11  Mocks_Em/MockNFW20ellip5loga2.08PA50center0With_background20num20.dat TNC          1.0e-04 1 1 1 1e+04 NFW      359.9993  -0.0010     -1.891 0.143 146   1.89   40.8       -418.6393       -811.7025     5 359.9993  -0.0010     -1.867 0.143 146   1.89    1.404
2018-05-07-12:21:32 1.11  Mocks_Em/MockNFW20ellip5loga2.08PA50center0With_background20num21.dat TNC          1.0e-04 1 1 1 1e+04 NFW      359.9995  -0.0013     -1.907 0.126  11   1.87   36.3       -369.9524       -714.3287     7 359.9995  -0.0013     -1.830 0.126  11   1.87    1.674
2018-05-07-12:21:32 1.11  Mocks_Em/MockNFW20ellip5loga2.08PA50center0With_background20num22.dat TNC          1.0e-04 1 1 1 1e+04 NFW        0.0007   0.0001     -1.904 0.065 165   1.89   38.5       -388.3102       -751.0444    14   0.0007   0.0001     -1.867 0.065 165   1.89    3.299
2018-05-07-12:21:32 1.11  Mocks_Em/MockNFW20ellip5loga2.08PA50center0With_background20num23.dat TNC          1.0e-04 1 1 1 1e+04 NFW      359.9979   0.0005     -1.942 0.135   5   1.95   40.2       -471.3301       -917.0842    14 359.9979   0.0005     -1.942 0.135   5   1.95    3.222
2018-05-07-12:21:32 1.11  Mocks_Em/MockNFW20ellip5loga2.08PA50center0With_background20num24.dat TNC          1.0e-04 1 1 1 1e+04 NFW      359.9995  -0.0010     -1.966 0.305  42   1.97   36.3       -426.3998       -827.2235     3 359.9995  -0.0010     -1.966 0.305  42   1.97    0.858
2018-05-07-12:21:32 1.11  Mocks_Em/MockNFW20ellip5loga2.08PA50center0With_background20num25.dat TNC          1.0e-04 1 1 1 1e+04 NFW        0.0001  -0.0013     -1.906 0.094  31   1.91   39.3       -401.6605       -777.7449     4   0.0001  -0.0013     -1.877 0.094  31   1.91    0.966
2018-05-07-12:21:32 1.11  Mocks_Em/MockNFW20ellip5loga2.08PA50center0With_background20num26.dat TNC          1.0e-04 1 1 1 1e+04 NFW        0.0009   0.0001     -1.943 0.091 157   1.94   37.2       -418.2567       -810.9374     7   0.0009   0.0001     -1.943 0.091 157   1.94    1.408
2018-05-07-12:21:32 1.11  Mocks_Em/MockNFW20ellip5loga2.08PA50center0With_background20num27.dat TNC          1.0e-04 1 1 1 1e+04 NFW      359.9987   0.0026     -1.921 0.125  25   1.86   38.3       -467.6888       -909.8015     4 359.9987   0.0026     -1.921 0.125  25   1.86    0.915
2018-05-07-12:21:32 1.11  Mocks_Em/MockNFW20ellip5loga2.08PA50center0With_background20num28.dat TNC          1.0e-04 1 1 1 1e+04 NFW      359.9993  -0.0015     -1.890 0.077  31   1.89   40.8       -410.9457       -796.3154    20 359.9993  -0.0015     -1.856 0.077  31   1.89    4.889
2018-05-07-12:21:32 1.11  Mocks_Em/MockNFW20ellip5loga2.08PA50center0With_background20num29.dat TNC          1.0e-04 1 1 1 1e+04 NFW        0.0006  -0.0006     -1.903 0.219   3   1.92   40.8       -424.1458       -822.7155    33   0.0006  -0.0006     -1.886 0.219   3   1.92    6.713
2018-05-07-12:21:32 1.11  Mocks_Em/MockNFW20ellip5loga2.08PA50center0With_background20num30.dat TNC          1.0e-04 1 1 1 1e+04 NFW      359.9989  -0.0001     -1.899 0.179  29   1.90   40.0       -414.4361       -803.2962     6 359.9989  -0.0001     -1.879 0.179  29   1.90    1.632
2018-05-07-12:21:32 1.11  Mocks_Em/MockNFW20ellip5loga2.08PA50center0With_background20num31.dat TNC          1.0e-04 1 1 1 1e+04 NFW      359.9999   0.0015     -1.927 0.113  28   1.96   40.7       -423.6087       -821.6412     9 359.9999   0.0015     -1.927 0.113  28   1.96    1.813
2018-05-07-12:21:32 1.11  Mocks_Em/MockNFW20ellip5loga2.08PA50center0With_background20num32.dat TNC          1.0e-04 1 1 1 1e+04 NFW        0.0009   0.0003     -1.919 0.082 156   1.89   35.5       -366.1684       -706.7607    31   0.0009   0.0003     -1.882 0.082 156   1.89    6.244
2018-05-07-12:21:32 1.11  Mocks_Em/MockNFW20ellip5loga2.08PA50center0With_background20num33.dat TNC          1.0e-04 1 1 1 1e+04 NFW      359.9992   0.0008     -1.894 0.173 154   1.93   43.8       -449.6206       -873.6652     4 359.9992   0.0008     -1.894 0.173 154   1.93    0.765
2018-05-07-12:21:32 1.11  Mocks_Em/MockNFW20ellip5loga2.08PA50center0With_background20num34.dat TNC          1.0e-04 1 1 1 1e+04 NFW        0.0009  -0.0014     -1.920 0.109  10   1.91   37.0       -382.6025       -739.6289     6   0.0009  -0.0014     -1.893 0.109  10   1.91    1.228
2018-05-07-12:21:32 1.11  Mocks_Em/MockNFW20ellip5loga2.08PA50center0With_background20num35.dat TNC          1.0e-04 1 1 1 1e+04 NFW      359.9999  -0.0016     -1.888 0.163 149   1.90   42.3       -426.5401       -827.5041     6 359.9999  -0.0016     -1.848 0.163 149   1.90    1.631
2018-05-07-12:21:32 1.11  Mocks_Em/MockNFW20ellip5loga2.08PA50center0With_background20num36.dat TNC          1.0e-04 1 1 1 1e+04 NFW      359.9999  -0.0007     -1.924 0.073 159   1.95   40.7       -430.8921       -836.2081     8 359.9999  -0.0007     -1.924 0.073 159   1.95    1.634
2018-05-07-12:21:32 1.11  Mocks_Em/MockNFW20ellip5loga2.08PA50center0With_background20num37.dat TNC          1.0e-04 1 1 1 1e+04 NFW        0.0006  -0.0010     -1.946 0.158 152   1.97   39.2       -428.8727       -832.1693    29   0.0006  -0.0010     -1.946 0.158 152   1.97    6.423
2018-05-07-12:21:32 1.11  Mocks_Em/MockNFW20ellip5loga2.08PA50center0With_background20num38.dat TNC          1.0e-04 1 1 1 1e+04 NFW      359.9991  -0.0017     -1.886 0.118 150   1.89   41.5       -419.8714       -814.1668     7 359.9991  -0.0017     -1.847 0.118 150   1.89    1.859
2018-05-07-12:21:32 1.11  Mocks_Em/MockNFW20ellip5loga2.08PA50center0With_background20num39.dat TNC          1.0e-04 1 1 1 1e+04 NFW      359.9996   0.0003     -1.913 0.040  32   1.88   36.3       -367.9497       -710.3233     8 359.9996   0.0003     -1.869 0.040  32   1.88    2.086
2018-05-07-12:21:32 1.11  Mocks_Em/MockNFW20ellip5loga2.08PA50center0With_background20num40.dat TNC          1.0e-04 1 1 1 1e+04 NFW      359.9984  -0.0004     -1.884 0.089 136   1.88   40.8       -412.1372       -798.6983    11 359.9984  -0.0004     -1.864 0.089 136   1.88    2.791
2018-05-07-12:21:32 1.11  Mocks_Em/MockNFW20ellip5loga2.08PA50center0With_background20num41.dat TNC          1.0e-04 1 1 1 1e+04 NFW        0.0003  -0.0002     -1.912 0.153  21   1.88   36.3       -373.4757       -721.3752    19   0.0003  -0.0002     -1.860 0.153  21   1.88    4.653
2018-05-07-12:21:32 1.11  Mocks_Em/MockNFW20ellip5loga2.08PA50center0With_background20num42.dat TNC          1.0e-04 1 1 1 1e+04 NFW      359.9985   0.0008     -1.912 0.132  33   1.86   35.3       -383.2141       -740.8522     7 359.9985   0.0008     -1.912 0.132  33   1.86    1.546
2018-05-07-12:21:32 1.11  Mocks_Em/MockNFW20ellip5loga2.08PA50center0With_background20num43.dat TNC          1.0e-04 1 1 1 1e+04 NFW        0.0000   0.0007     -1.904 0.076 136   1.90   39.3       -400.7374       -775.8988    13   0.0000   0.0007     -1.865 0.076 136   1.90    3.054
2018-05-07-12:21:32 1.11  Mocks_Em/MockNFW20ellip5loga2.08PA50center0With_background20num44.dat TNC          1.0e-04 1 1 1 1e+04 NFW        0.0026  -0.0006     -1.956 0.084 139   1.89   35.9       -456.0982       -886.6204     6   0.0026  -0.0006     -1.956 0.084 139   1.89    1.235
2018-05-07-12:21:32 1.11  Mocks_Em/MockNFW20ellip5loga2.08PA50center0With_background20num45.dat TNC          1.0e-04 1 1 1 1e+04 NFW        0.0006   0.0007     -1.934 0.074   1   1.93   37.0       -394.8803       -764.1845    13   0.0006   0.0007     -1.934 0.074   1   1.93    2.371
2018-05-07-12:21:32 1.11  Mocks_Em/MockNFW20ellip5loga2.08PA50center0With_background20num46.dat TNC          1.0e-04 1 1 1 1e+04 NFW        0.0001  -0.0004     -1.912 0.156  21   1.88   36.3        -379.655       -733.7339    10   0.0001  -0.0004     -1.875 0.156  21   1.88    2.162
2018-05-07-12:21:32 1.11  Mocks_Em/MockNFW20ellip5loga2.08PA50center0With_background20num47.dat TNC          1.0e-04 1 1 1 1e+04 NFW        0.0001   0.0012     -1.920 0.098 167   1.95   41.6        -441.955        -858.334    12   0.0001   0.0012     -1.920 0.098 167   1.95    2.739
2018-05-07-12:21:32 1.11  Mocks_Em/MockNFW20ellip5loga2.08PA50center0With_background20num48.dat TNC          1.0e-04 1 1 1 1e+04 NFW      359.9996   0.0007     -1.903 0.235 175   1.90   39.3       -407.6853       -789.7945     7 359.9996   0.0007     -1.865 0.235 175   1.90    1.868
2018-05-07-12:21:32 1.11  Mocks_Em/MockNFW20ellip5loga2.08PA50center0With_background20num49.dat TNC          1.0e-04 1 1 1 1e+04 NFW      360.0000  -0.0011     -1.900 0.092  43   1.92   41.5       -417.1318       -808.6876     6 360.0000  -0.0011     -1.844 0.092  43   1.92    1.628
2018-05-07-12:21:32 1.11  Mocks_Em/MockNFW20ellip5loga2.08PA50center0With_background20num50.dat TNC          1.0e-04 1 1 1 1e+04 NFW        0.0021  -0.0011     -1.890 0.122 179   1.90   41.5       -420.8631       -816.1501     7   0.0021  -0.0011     -1.857 0.122 179   1.90    1.665
2018-05-07-12:21:32 1.11  Mocks_Em/MockNFW20ellip5loga2.08PA50center0With_background20num51.dat TNC          1.0e-04 1 1 1 1e+04 NFW        0.0005   0.0004     -1.920 0.198 172   1.91   37.0       -386.2867       -746.9973    10   0.0005   0.0004     -1.860 0.198 172   1.91    2.567
2018-05-07-12:21:32 1.11  Mocks_Em/MockNFW20ellip5loga2.08PA50center0With_background20num52.dat TNC          1.0e-04 1 1 1 1e+04 NFW      359.9997   0.0003     -1.915 0.137 157   1.90   37.0       -384.2246       -742.8732    11 359.9997   0.0003     -1.889 0.137 157   1.90    2.394
2018-05-07-12:21:32 1.11  Mocks_Em/MockNFW20ellip5loga2.08PA50center0With_background20num53.dat TNC          1.0e-04 1 1 1 1e+04 NFW      359.9999   0.0006     -1.921 0.091  10   1.87   34.0       -349.1393       -672.7026     5 359.9999   0.0006     -1.864 0.091  10   1.87    1.366
2018-05-07-12:21:32 1.11  Mocks_Em/MockNFW20ellip5loga2.08PA50center0With_background20num54.dat TNC          1.0e-04 1 1 1 1e+04 NFW      359.9996   0.0004     -1.919 0.241 136   1.94   40.0       -424.4917       -823.4074    18 359.9996   0.0004     -1.904 0.241 136   1.94    4.443
2018-05-07-12:21:32 1.11  Mocks_Em/MockNFW20ellip5loga2.08PA50center0With_background20num55.dat TNC          1.0e-04 1 1 1 1e+04 NFW      359.9986  -0.0004     -1.899 0.110  44   1.94   43.8        -443.379       -861.1819     8 359.9986  -0.0004     -1.881 0.110  44   1.94    2.094
2018-05-07-12:21:32 1.11  Mocks_Em/MockNFW20ellip5loga2.08PA50center0With_background20num56.dat TNC          1.0e-04 1 1 1 1e+04 NFW        0.0001   0.0010     -1.908 0.078  38   1.90   39.3       -414.0095       -802.4428     7   0.0001   0.0010     -1.908 0.078  38   1.90    1.856
2018-05-07-12:21:32 1.11  Mocks_Em/MockNFW20ellip5loga2.08PA50center0With_background20num57.dat TNC          1.0e-04 1 1 1 1e+04 NFW        0.0008  -0.0010     -2.007 0.099 172   1.96   33.7       -456.8288       -888.0816    15   0.0008  -0.0010     -2.007 0.099 172   1.96    3.112
2018-05-07-12:21:32 1.11  Mocks_Em/MockNFW20ellip5loga2.08PA50center0With_background20num58.dat TNC          1.0e-04 1 1 1 1e+04 NFW      359.9988  -0.0001     -1.910 0.189 150   1.91   40.2       -433.3007       -841.0254     4 359.9988  -0.0001     -1.910 0.189 150   1.91    1.140
2018-05-07-12:21:32 1.11  Mocks_Em/MockNFW20ellip5loga2.08PA50center0With_background20num59.dat TNC          1.0e-04 1 1 1 1e+04 NFW      359.9993  -0.0006     -1.960 0.085 161   1.95   36.6       -428.6498       -831.7234     4 359.9993  -0.0006     -1.960 0.085 161   1.95    1.146
2018-05-07-12:21:32 1.11  Mocks_Em/MockNFW20ellip5loga2.08PA50center0With_background20num60.dat TNC          1.0e-04 1 1 1 1e+04 NFW        0.0023  -0.0018     -1.898 0.229 149   1.89   41.7       -458.3139       -891.0517     4   0.0023  -0.0018     -1.898 0.229 149   1.89    0.953
2018-05-07-12:21:32 1.11  Mocks_Em/MockNFW20ellip5loga2.08PA50center0With_background20num61.dat TNC          1.0e-04 1 1 1 1e+04 NFW        0.0010   0.0003     -1.911 0.056 140   1.83   32.5       -337.8957       -650.2153    29   0.0010   0.0003     -1.849 0.056 140   1.83    7.015
2018-05-07-12:21:32 1.11  Mocks_Em/MockNFW20ellip5loga2.08PA50center0With_background20num62.dat TNC          1.0e-04 1 1 1 1e+04 NFW        0.0011   0.0011     -1.907 0.220  26   1.88   37.0       -384.8342       -744.0923     8   0.0011   0.0011     -1.861 0.220  26   1.88    2.098
2018-05-07-12:21:32 1.11  Mocks_Em/MockNFW20ellip5loga2.08PA50center0With_background20num63.dat TNC          1.0e-04 1 1 1 1e+04 NFW      359.9992  -0.0002     -1.952 0.062  13   1.97   39.3        -443.748       -861.9199     5 359.9992  -0.0002     -1.952 0.062  13   1.97    1.194
2018-05-07-12:21:32 1.11  Mocks_Em/MockNFW20ellip5loga2.08PA50center0With_background20num64.dat TNC          1.0e-04 1 1 1 1e+04 NFW        0.0011   0.0009     -1.908 0.161  33   1.93   42.2       -443.7479       -861.9197     7   0.0011   0.0009     -1.908 0.161  33   1.93    1.638
2018-05-07-12:21:32 1.11  Mocks_Em/MockNFW20ellip5loga2.08PA50center0With_background20num65.dat TNC          1.0e-04 1 1 1 1e+04 NFW      359.9984  -0.0004     -1.947 0.208  39   1.94   39.1       -468.5398       -911.5036     9 359.9984  -0.0004     -1.947 0.208  39   1.94    2.285
2018-05-07-12:21:32 1.11  Mocks_Em/MockNFW20ellip5loga2.08PA50center0With_background20num66.dat TNC          1.0e-04 1 1 1 1e+04 NFW        0.0009   0.0011     -1.944 0.083 155   1.89   31.7       -336.1957       -646.8154     9   0.0009   0.0011     -1.856 0.083 155   1.89    2.340
2018-05-07-12:21:32 1.11  Mocks_Em/MockNFW20ellip5loga2.08PA50center0With_background20num67.dat TNC          1.0e-04 1 1 1 1e+04 NFW      359.9999   0.0001     -1.921 0.150 157   1.83   31.0       -319.4316       -613.2872     3 359.9999   0.0001     -1.829 0.150 157   1.83    0.930
2018-05-07-12:21:32 1.11  Mocks_Em/MockNFW20ellip5loga2.08PA50center0With_background20num68.dat TNC          1.0e-04 1 1 1 1e+04 NFW      359.9997  -0.0006     -1.919 0.156  20   1.90   36.3       -379.0591       -732.5422     8 359.9997  -0.0006     -1.857 0.156  20   1.90    1.467
2018-05-07-12:21:32 1.11  Mocks_Em/MockNFW20ellip5loga2.08PA50center0With_background20num69.dat TNC          1.0e-04 1 1 1 1e+04 NFW        0.0011   0.0013     -1.931 0.229  25   1.90   36.9       -427.5404       -829.5047     8   0.0011   0.0013     -1.931 0.229  25   1.90    1.886
2018-05-07-12:21:32 1.11  Mocks_Em/MockNFW20ellip5loga2.08PA50center0With_background20num70.dat TNC          1.0e-04 1 1 1 1e+04 NFW      359.9989   0.0015     -1.900 0.137  36   1.92   44.1       -479.6663       -933.7565     7 359.9989   0.0015     -1.900 0.137  36   1.92    1.580
2018-05-07-12:21:32 1.11  Mocks_Em/MockNFW20ellip5loga2.08PA50center0With_background20num71.dat TNC          1.0e-04 1 1 1 1e+04 NFW      359.9996  -0.0009     -1.905 0.200  41   1.85   34.8       -358.3811       -691.1862     8 359.9996  -0.0009     -1.817 0.200  41   1.85    1.899
2018-05-07-12:21:32 1.11  Mocks_Em/MockNFW20ellip5loga2.08PA50center0With_background20num72.dat TNC          1.0e-04 1 1 1 1e+04 NFW      359.9996   0.0008     -1.908 0.231 140   1.90   38.5        -408.828       -792.0799     8 359.9996   0.0008     -1.871 0.231 140   1.90    1.851
2018-05-07-12:21:32 1.11  Mocks_Em/MockNFW20ellip5loga2.08PA50center0With_background20num73.dat TNC          1.0e-04 1 1 1 1e+04 NFW      359.9996  -0.0015     -1.897 0.196   1   1.91   41.5       -431.4293       -837.2825     5 359.9996  -0.0015     -1.859 0.196   1   1.91    1.415
2018-05-07-12:21:32 1.11  Mocks_Em/MockNFW20ellip5loga2.08PA50center0With_background20num74.dat TNC          1.0e-04 1 1 1 1e+04 NFW        0.0005  -0.0001     -1.913 0.098 166   1.88   36.3       -372.7417       -719.9073     8   0.0005  -0.0001     -1.847 0.098 166   1.88    1.895
2018-05-07-12:21:32 1.11  Mocks_Em/MockNFW20ellip5loga2.08PA50center0With_background20num75.dat TNC          1.0e-04 1 1 1 1e+04 NFW        0.0012  -0.0002     -1.909 0.139  45   1.93   40.8        -421.866        -818.156     7   0.0012  -0.0002     -1.902 0.139  45   1.93    1.862
2018-05-07-12:21:32 1.11  Mocks_Em/MockNFW20ellip5loga2.08PA50center0With_background20num76.dat TNC          1.0e-04 1 1 1 1e+04 NFW        0.0024  -0.0001     -1.874 0.076 160   1.90   45.1       -448.2017       -870.8272     7   0.0024  -0.0001     -1.874 0.076 160   1.90    1.631
2018-05-07-12:21:32 1.11  Mocks_Em/MockNFW20ellip5loga2.08PA50center0With_background20num77.dat TNC          1.0e-04 1 1 1 1e+04 NFW      359.9994   0.0007     -1.903 0.171 141   1.87   37.4       -391.6762       -757.7762     5 359.9994   0.0007     -1.903 0.171 141   1.87    1.195
2018-05-07-12:21:32 1.11  Mocks_Em/MockNFW20ellip5loga2.08PA50center0With_background20num78.dat TNC          1.0e-04 1 1 1 1e+04 NFW      359.9989   0.0016     -1.873 0.089 172   1.89   44.6       -446.5105       -867.4448    11 359.9989   0.0016     -1.868 0.089 172   1.89    2.188
2018-05-07-12:21:32 1.11  Mocks_Em/MockNFW20ellip5loga2.08PA50center0With_background20num79.dat TNC          1.0e-04 1 1 1 1e+04 NFW        0.0023   0.0006     -1.949 0.160 172   1.90   37.1       -474.2439       -922.9118     9   0.0023   0.0006     -1.949 0.160 172   1.90    1.940
2018-05-07-12:21:32 1.11  Mocks_Em/MockNFW20ellip5loga2.08PA50center0With_background20num80.dat TNC          1.0e-04 1 1 1 1e+04 NFW        0.0021  -0.0021     -1.854 0.247  36   1.89   47.6       -483.4951       -941.4142    30   0.0021  -0.0021     -1.852 0.247  36   1.89    6.691
2018-05-07-12:21:32 1.11  Mocks_Em/MockNFW20ellip5loga2.08PA50center0With_background20num81.dat TNC          1.0e-04 1 1 1 1e+04 NFW      359.9986   0.0019     -1.896 0.094 140   1.89   42.2       -460.4354       -895.2948     4 359.9986   0.0019     -1.896 0.094 140   1.89    1.105
2018-05-07-12:21:32 1.11  Mocks_Em/MockNFW20ellip5loga2.08PA50center0With_background20num82.dat TNC          1.0e-04 1 1 1 1e+04 NFW        0.0004  -0.0004     -1.918 0.143  28   1.95   40.8       -419.6977       -813.8193     6   0.0004  -0.0004     -1.900 0.143  28   1.95    1.628
2018-05-07-12:21:32 1.11  Mocks_Em/MockNFW20ellip5loga2.08PA50center0With_background20num83.dat TNC          1.0e-04 1 1 1 1e+04 NFW        0.0007  -0.0002     -1.910 0.048 157   1.89   37.0       -382.2759       -738.9756     6   0.0007  -0.0002     -1.905 0.048 157   1.89    1.622
2018-05-07-12:21:32 1.11  Mocks_Em/MockNFW20ellip5loga2.08PA50center0With_background20num84.dat TNC          1.0e-04 1 1 1 1e+04 NFW      359.9999  -0.0002     -1.918 0.066  33   1.92   38.5       -394.6947       -763.8134    11 359.9999  -0.0002     -1.897 0.066  33   1.92    2.815
2018-05-07-12:21:32 1.11  Mocks_Em/MockNFW20ellip5loga2.08PA50center0With_background20num85.dat TNC          1.0e-04 1 1 1 1e+04 NFW      359.9982  -0.0001     -1.912 0.130 175   1.93   40.8       -416.4547       -807.3333     8 359.9982  -0.0001     -1.842 0.130 175   1.93    2.124
2018-05-07-12:21:32 1.11  Mocks_Em/MockNFW20ellip5loga2.08PA50center0With_background20num86.dat TNC          1.0e-04 1 1 1 1e+04 NFW        0.0018  -0.0019     -1.870 0.226 161   1.89   45.0       -466.2593       -906.9425     4   0.0018  -0.0019     -1.870 0.226 161   1.89    0.965
2018-05-07-12:21:32 1.11  Mocks_Em/MockNFW20ellip5loga2.08PA50center0With_background20num87.dat TNC          1.0e-04 1 1 1 1e+04 NFW      359.9995  -0.0005     -1.930 0.079  40   1.92   37.9       -418.8254       -812.0747     5 359.9995  -0.0005     -1.930 0.079  40   1.92    0.965
2018-05-07-12:21:32 1.11  Mocks_Em/MockNFW20ellip5loga2.08PA50center0With_background20num88.dat TNC          1.0e-04 1 1 1 1e+04 NFW        0.0016   0.0017     -1.883 0.215  21   1.89   43.1       -464.3699       -903.1638    11   0.0016   0.0017     -1.883 0.215  21   1.89    2.113
2018-05-07-12:21:32 1.11  Mocks_Em/MockNFW20ellip5loga2.08PA50center0With_background20num89.dat TNC          1.0e-04 1 1 1 1e+04 NFW      359.9994  -0.0007     -1.906 0.189  43   1.95   43.7       -456.7198       -887.8636     7 359.9994  -0.0007     -1.906 0.189  43   1.95    1.380
2018-05-07-12:21:32 1.11  Mocks_Em/MockNFW20ellip5loga2.08PA50center0With_background20num90.dat TNC          1.0e-04 1 1 1 1e+04 NFW      359.9999   0.0011     -1.898 0.175  37   1.91   40.8       -423.4708       -821.3655    27 359.9999   0.0011     -1.895 0.175  37   1.91    5.624
2018-05-07-12:21:32 1.11  Mocks_Em/MockNFW20ellip5loga2.08PA50center0With_background20num91.dat TNC          1.0e-04 1 1 1 1e+04 NFW        0.0002   0.0017     -1.890 0.067 175   1.88   39.9       -407.0485       -788.5208     8   0.0002   0.0017     -1.890 0.067 175   1.88    1.708
2018-05-07-12:21:32 1.11  Mocks_Em/MockNFW20ellip5loga2.08PA50center0With_background20num92.dat TNC          1.0e-04 1 1 1 1e+04 NFW        0.0004  -0.0012     -1.920 0.092 159   1.93   40.4       -436.6876        -847.799     4   0.0004  -0.0012     -1.920 0.092 159   1.93    0.877
2018-05-07-12:21:32 1.11  Mocks_Em/MockNFW20ellip5loga2.08PA50center0With_background20num93.dat TNC          1.0e-04 1 1 1 1e+04 NFW      359.9982   0.0020     -1.894 0.076 148   1.89   41.2        -433.733         -841.89    12 359.9982   0.0020     -1.894 0.076 148   1.89    2.499
2018-05-07-12:21:32 1.11  Mocks_Em/MockNFW20ellip5loga2.08PA50center0With_background20num94.dat TNC          1.0e-04 1 1 1 1e+04 NFW      359.9996  -0.0001     -1.933 0.181 141   1.98   40.8       -425.5448       -825.5136     6 359.9996  -0.0001     -1.906 0.181 141   1.98    1.467
2018-05-07-12:21:32 1.11  Mocks_Em/MockNFW20ellip5loga2.08PA50center0With_background20num95.dat TNC          1.0e-04 1 1 1 1e+04 NFW      359.9984  -0.0010     -1.929 0.055 152   1.94   40.9       -459.7426       -893.9091     7 359.9984  -0.0010     -1.929 0.055 152   1.94    1.666
2018-05-07-12:21:32 1.11  Mocks_Em/MockNFW20ellip5loga2.08PA50center0With_background20num96.dat TNC          1.0e-04 1 1 1 1e+04 NFW        0.0020   0.0014     -1.888 0.101  14   1.91   43.1       -437.5031       -849.4302     5   0.0020   0.0014     -1.884 0.101  14   1.91    1.399
2018-05-07-12:21:32 1.11  Mocks_Em/MockNFW20ellip5loga2.08PA50center0With_background20num97.dat TNC          1.0e-04 1 1 1 1e+04 NFW        0.0001  -0.0007     -1.934 0.158  30   1.98   43.1       -481.6784       -937.7807     6   0.0001  -0.0007     -1.934 0.158  30   1.98    0.777
2018-05-07-12:21:32 1.11  Mocks_Em/MockNFW20ellip5loga2.08PA50center0With_background20num98.dat TNC          1.0e-04 1 1 1 1e+04 NFW        0.0007  -0.0003     -1.912 0.134 171   1.90   37.8          -392.3        -759.024    11   0.0007  -0.0003     -1.860 0.134 171   1.90    2.800
2018-05-07-12:21:32 1.11  Mocks_Em/MockNFW20ellip5loga2.08PA50center0With_background20num99.dat TNC          1.0e-04 1 1 1 1e+04 NFW        0.0026  -0.0006     -1.894 0.101  19   1.90   43.0       -467.6207       -909.6653    31   0.0026  -0.0006     -1.894 0.101  19   1.90    6.064
