2018-05-07-10:10:24 1.11  Mocks_Em/MockNFW320ellip5loga2.08PA50center0With_background20num0.dat TNC          1.0e-04 1 1 1 1e+04 NFW        0.0002   0.0002     -2.004 0.133  34   2.69  179.9       -2399.404        -4763.31    29   0.0002   0.0002     -2.004 0.133  34   2.69    6.030
2018-05-07-10:10:24 1.11  Mocks_Em/MockNFW320ellip5loga2.08PA50center0With_background20num1.dat TNC          1.0e-04 1 1 1 1e+04 NFW      359.9996  -0.0007     -2.005 0.165 137   2.67  179.0       -2508.462       -4981.426     9 359.9996  -0.0007     -2.005 0.165 137   2.67    2.283
2018-05-07-10:10:24 1.11  Mocks_Em/MockNFW320ellip5loga2.08PA50center0With_background20num2.dat TNC          1.0e-04 1 1 1 1e+04 NFW        0.0002   0.0004     -1.963 0.138  41   2.68  198.2       -2395.711       -4755.926     7   0.0002   0.0004     -1.963 0.138  41   2.68    1.646
2018-05-07-10:10:24 1.11  Mocks_Em/MockNFW320ellip5loga2.08PA50center0With_background20num3.dat TNC          1.0e-04 1 1 1 1e+04 NFW      360.0000  -0.0001     -1.992 0.157  29   2.69  182.6       -2361.702       -4687.907    33 360.0000  -0.0001     -1.992 0.157  29   2.69    7.143
2018-05-07-10:10:24 1.11  Mocks_Em/MockNFW320ellip5loga2.08PA50center0With_background20num4.dat TNC          1.0e-04 1 1 1 1e+04 NFW      359.9993  -0.0004     -2.021 0.228  44   2.68  171.7       -2508.265       -4981.032     5 359.9993  -0.0004     -2.021 0.228  44   2.68    1.002
2018-05-07-10:10:24 1.11  Mocks_Em/MockNFW320ellip5loga2.08PA50center0With_background20num5.dat TNC          1.0e-04 1 1 1 1e+04 NFW        0.0005   0.0007     -1.994 0.162  43   2.67  179.3        -2393.45       -4751.403     4   0.0005   0.0007     -1.994 0.162  43   2.67    0.901
2018-05-07-10:10:24 1.11  Mocks_Em/MockNFW320ellip5loga2.08PA50center0With_background20num6.dat TNC          1.0e-04 1 1 1 1e+04 NFW      359.9998  -0.0009     -1.990 0.215  38   2.67  184.0       -2498.495       -4961.492     9 359.9998  -0.0009     -1.990 0.215  38   2.67    2.295
2018-05-07-10:10:24 1.11  Mocks_Em/MockNFW320ellip5loga2.08PA50center0With_background20num7.dat TNC          1.0e-04 1 1 1 1e+04 NFW      360.0000  -0.0006     -1.959 0.158  31   2.69  200.3       -2368.797       -4702.096     7 360.0000  -0.0006     -1.959 0.158  31   2.69    1.451
2018-05-07-10:10:24 1.11  Mocks_Em/MockNFW320ellip5loga2.08PA50center0With_background20num8.dat TNC          1.0e-04 1 1 1 1e+04 NFW      360.0000   0.0003     -1.993 0.222  40   2.70  186.7       -2441.255       -4847.012    12 360.0000   0.0003     -1.993 0.222  40   2.70    2.953
2018-05-07-10:10:24 1.11  Mocks_Em/MockNFW320ellip5loga2.08PA50center0With_background20num9.dat TNC          1.0e-04 1 1 1 1e+04 NFW        0.0001  -0.0002     -1.967 0.143 136   2.68  193.9       -2349.343       -4663.189    25   0.0001  -0.0002     -1.967 0.143 136   2.68    4.831
2018-05-07-10:10:24 1.11  Mocks_Em/MockNFW320ellip5loga2.08PA50center0With_background20num10.dat TNC          1.0e-04 1 1 1 1e+04 NFW      359.9996  -0.0002     -1.962 0.112  37   2.69  201.8       -2450.607       -4865.717    10 359.9996  -0.0002     -1.962 0.112  37   2.69    1.858
2018-05-07-10:10:24 1.11  Mocks_Em/MockNFW320ellip5loga2.08PA50center0With_background20num11.dat TNC          1.0e-04 1 1 1 1e+04 NFW        0.0005  -0.0000     -1.968 0.194  42   2.68  198.5       -2477.433       -4919.369    10   0.0005  -0.0000     -1.968 0.194  42   2.68    2.146
2018-05-07-10:10:24 1.11  Mocks_Em/MockNFW320ellip5loga2.08PA50center0With_background20num12.dat TNC          1.0e-04 1 1 1 1e+04 NFW      359.9995  -0.0002     -1.989 0.154 142   2.70  189.8        -2414.36       -4793.223    10 359.9995  -0.0002     -1.989 0.154 142   2.70    2.340
2018-05-07-10:10:24 1.11  Mocks_Em/MockNFW320ellip5loga2.08PA50center0With_background20num13.dat TNC          1.0e-04 1 1 1 1e+04 NFW        0.0002   0.0003     -1.962 0.122  33   2.68  196.9       -2390.744       -4745.991     5   0.0002   0.0003     -1.962 0.122  33   2.68    1.185
2018-05-07-10:10:24 1.11  Mocks_Em/MockNFW320ellip5loga2.08PA50center0With_background20num14.dat TNC          1.0e-04 1 1 1 1e+04 NFW        0.0002   0.0003     -1.970 0.215  31   2.68  191.4       -2397.182       -4758.867    16   0.0002   0.0003     -1.970 0.215  31   2.68    3.419
2018-05-07-10:10:24 1.11  Mocks_Em/MockNFW320ellip5loga2.08PA50center0With_background20num15.dat TNC          1.0e-04 1 1 1 1e+04 NFW      359.9997   0.0003     -1.998 0.189  41   2.69  183.1       -2444.914        -4854.33     6 359.9997   0.0003     -1.998 0.189  41   2.69    1.365
2018-05-07-10:10:24 1.11  Mocks_Em/MockNFW320ellip5loga2.08PA50center0With_background20num16.dat TNC          1.0e-04 1 1 1 1e+04 NFW        0.0004  -0.0005     -1.987 0.133 140   2.68  185.4       -2385.772       -4736.046    13   0.0004  -0.0005     -1.987 0.133 140   2.68    3.012
2018-05-07-10:10:24 1.11  Mocks_Em/MockNFW320ellip5loga2.08PA50center0With_background20num17.dat TNC          1.0e-04 1 1 1 1e+04 NFW        0.0001   0.0003     -1.985 0.211  38   2.68  186.8       -2413.024        -4790.55    31   0.0001   0.0003     -1.985 0.211  38   2.68    6.542
2018-05-07-10:10:24 1.11  Mocks_Em/MockNFW320ellip5loga2.08PA50center0With_background20num18.dat TNC          1.0e-04 1 1 1 1e+04 NFW      359.9994   0.0000     -1.980 0.212 147   2.70  198.2       -2531.738       -5027.979    10 359.9994   0.0000     -1.980 0.212 147   2.70    2.012
2018-05-07-10:10:24 1.11  Mocks_Em/MockNFW320ellip5loga2.08PA50center0With_background20num19.dat TNC          1.0e-04 1 1 1 1e+04 NFW        0.0003  -0.0005     -1.985 0.193 136   2.68  188.4       -2471.055       -4906.613     6   0.0003  -0.0005     -1.985 0.193 136   2.68    1.594
2018-05-07-10:10:24 1.11  Mocks_Em/MockNFW320ellip5loga2.08PA50center0With_background20num20.dat TNC          1.0e-04 1 1 1 1e+04 NFW        0.0004   0.0001     -1.988 0.166 136   2.69  188.0       -2455.381       -4875.264    31   0.0004   0.0001     -1.988 0.166 136   2.69    6.302
2018-05-07-10:10:24 1.11  Mocks_Em/MockNFW320ellip5loga2.08PA50center0With_background20num21.dat TNC          1.0e-04 1 1 1 1e+04 NFW        0.0000  -0.0002     -2.002 0.217  26   2.71  185.1       -2476.805       -4918.113    32   0.0000  -0.0002     -2.002 0.217  26   2.71    6.261
2018-05-07-10:10:24 1.11  Mocks_Em/MockNFW320ellip5loga2.08PA50center0With_background20num22.dat TNC          1.0e-04 1 1 1 1e+04 NFW      359.9995  -0.0007     -2.011 0.168  40   2.68  178.6        -2524.71       -5013.923    10 359.9995  -0.0007     -2.011 0.168  40   2.68    2.131
2018-05-07-10:10:24 1.11  Mocks_Em/MockNFW320ellip5loga2.08PA50center0With_background20num23.dat TNC          1.0e-04 1 1 1 1e+04 NFW        0.0000   0.0005     -1.969 0.180  30   2.68  194.9        -2432.13       -4828.763    12   0.0000   0.0005     -1.969 0.180  30   2.68    2.759
2018-05-07-10:10:24 1.11  Mocks_Em/MockNFW320ellip5loga2.08PA50center0With_background20num24.dat TNC          1.0e-04 1 1 1 1e+04 NFW        0.0004  -0.0005     -2.005 0.201  38   2.70  184.4       -2501.727       -4967.956    13   0.0004  -0.0005     -2.005 0.201  38   2.70    3.188
2018-05-07-10:10:24 1.11  Mocks_Em/MockNFW320ellip5loga2.08PA50center0With_background20num25.dat TNC          1.0e-04 1 1 1 1e+04 NFW        0.0005   0.0004     -2.000 0.214  43   2.68  181.2        -2509.53       -4983.562     5   0.0005   0.0004     -2.000 0.214  43   2.68    1.198
2018-05-07-10:10:24 1.11  Mocks_Em/MockNFW320ellip5loga2.08PA50center0With_background20num26.dat TNC          1.0e-04 1 1 1 1e+04 NFW      359.9999   0.0002     -1.994 0.188  40   2.68  180.0       -2368.993       -4702.488    15 359.9999   0.0002     -1.994 0.188  40   2.68    3.253
2018-05-07-10:10:24 1.11  Mocks_Em/MockNFW320ellip5loga2.08PA50center0With_background20num27.dat TNC          1.0e-04 1 1 1 1e+04 NFW        0.0002  -0.0003     -2.007 0.251  40   2.68  173.2       -2391.648       -4747.798     5   0.0002  -0.0003     -2.007 0.251  40   2.68    1.196
2018-05-07-10:10:24 1.11  Mocks_Em/MockNFW320ellip5loga2.08PA50center0With_background20num28.dat TNC          1.0e-04 1 1 1 1e+04 NFW        0.0005  -0.0002     -1.986 0.264 139   2.67  184.5       -2429.121       -4822.744     5   0.0005  -0.0002     -1.986 0.264 139   2.67    1.365
2018-05-07-10:10:24 1.11  Mocks_Em/MockNFW320ellip5loga2.08PA50center0With_background20num29.dat TNC          1.0e-04 1 1 1 1e+04 NFW        0.0007   0.0002     -2.008 0.253  34   2.69  183.3       -2593.139       -5150.781    33   0.0007   0.0002     -2.008 0.253  34   2.69    7.603
2018-05-07-10:10:24 1.11  Mocks_Em/MockNFW320ellip5loga2.08PA50center0With_background20num30.dat TNC          1.0e-04 1 1 1 1e+04 NFW      359.9995  -0.0009     -2.018 0.165  38   2.68  174.4       -2494.424       -4953.351     7 359.9995  -0.0009     -2.018 0.165  38   2.68    1.630
2018-05-07-10:10:24 1.11  Mocks_Em/MockNFW320ellip5loga2.08PA50center0With_background20num31.dat TNC          1.0e-04 1 1 1 1e+04 NFW        0.0002   0.0002     -2.018 0.216 137   2.68  169.1        -2395.17       -4754.844     5   0.0002   0.0002     -2.018 0.216 137   2.68    1.137
2018-05-07-10:10:24 1.11  Mocks_Em/MockNFW320ellip5loga2.08PA50center0With_background20num32.dat TNC          1.0e-04 1 1 1 1e+04 NFW        0.0006  -0.0001     -1.969 0.261  43   2.69  199.0       -2529.769       -5024.041     5   0.0006  -0.0001     -1.969 0.261  43   2.69    1.344
2018-05-07-10:10:24 1.11  Mocks_Em/MockNFW320ellip5loga2.08PA50center0With_background20num33.dat TNC          1.0e-04 1 1 1 1e+04 NFW        0.0004  -0.0004     -1.982 0.235  37   2.69  193.3       -2550.753       -5066.009     6   0.0004  -0.0004     -1.982 0.235  37   2.69    1.569
2018-05-07-10:10:24 1.11  Mocks_Em/MockNFW320ellip5loga2.08PA50center0With_background20num34.dat TNC          1.0e-04 1 1 1 1e+04 NFW        0.0000  -0.0001     -2.006 0.235  29   2.68  175.1       -2394.464       -4753.431     5   0.0000  -0.0001     -2.006 0.235  29   2.68    1.196
2018-05-07-10:10:24 1.11  Mocks_Em/MockNFW320ellip5loga2.08PA50center0With_background20num35.dat TNC          1.0e-04 1 1 1 1e+04 NFW      359.9997  -0.0002     -1.965 0.208  39   2.67  192.6       -2358.972       -4682.447     8 359.9997  -0.0002     -1.965 0.208  39   2.67    1.905
2018-05-07-10:10:24 1.11  Mocks_Em/MockNFW320ellip5loga2.08PA50center0With_background20num36.dat TNC          1.0e-04 1 1 1 1e+04 NFW      359.9999   0.0003     -1.976 0.214  35   2.69  194.0       -2460.609       -4885.721     8 359.9999   0.0003     -1.976 0.214  35   2.69    1.664
2018-05-07-10:10:24 1.11  Mocks_Em/MockNFW320ellip5loga2.08PA50center0With_background20num37.dat TNC          1.0e-04 1 1 1 1e+04 NFW        0.0002  -0.0002     -1.998 0.232  36   2.70  186.4       -2516.198       -4996.899    30   0.0002  -0.0002     -1.998 0.232  36   2.70    6.468
2018-05-07-10:10:24 1.11  Mocks_Em/MockNFW320ellip5loga2.08PA50center0With_background20num38.dat TNC          1.0e-04 1 1 1 1e+04 NFW        0.0007  -0.0001     -1.985 0.213 146   2.69  193.1       -2515.998       -4996.498     5   0.0007  -0.0001     -1.985 0.213 146   2.69    1.391
2018-05-07-10:10:24 1.11  Mocks_Em/MockNFW320ellip5loga2.08PA50center0With_background20num39.dat TNC          1.0e-04 1 1 1 1e+04 NFW      360.0000   0.0005     -1.956 0.188 138   2.69  204.3       -2400.247       -4764.997    31 360.0000   0.0005     -1.956 0.188 138   2.69    6.622
2018-05-07-10:10:24 1.11  Mocks_Em/MockNFW320ellip5loga2.08PA50center0With_background20num40.dat TNC          1.0e-04 1 1 1 1e+04 NFW        0.0005   0.0002     -1.961 0.176  41   2.67  194.5       -2386.897       -4738.298     7   0.0005   0.0002     -1.961 0.176  41   2.67    1.762
2018-05-07-10:10:24 1.11  Mocks_Em/MockNFW320ellip5loga2.08PA50center0With_background20num41.dat TNC          1.0e-04 1 1 1 1e+04 NFW      359.9997  -0.0002     -1.966 0.132 136   2.70  202.1       -2434.204        -4832.91    13 359.9997  -0.0002     -1.966 0.132 136   2.70    2.416
2018-05-07-10:10:24 1.11  Mocks_Em/MockNFW320ellip5loga2.08PA50center0With_background20num42.dat TNC          1.0e-04 1 1 1 1e+04 NFW        0.0002   0.0006     -2.003 0.235  42   2.68  179.6       -2507.342       -4979.187    27   0.0002   0.0006     -2.003 0.235  42   2.68    6.065
2018-05-07-10:10:24 1.11  Mocks_Em/MockNFW320ellip5loga2.08PA50center0With_background20num43.dat TNC          1.0e-04 1 1 1 1e+04 NFW        0.0000  -0.0007     -1.984 0.233  39   2.67  186.7       -2482.437       -4929.376     8   0.0000  -0.0007     -1.984 0.233  39   2.67    1.826
2018-05-07-10:10:24 1.11  Mocks_Em/MockNFW320ellip5loga2.08PA50center0With_background20num44.dat TNC          1.0e-04 1 1 1 1e+04 NFW      360.0000  -0.0003     -2.002 0.189  36   2.69  179.9       -2429.351       -4823.205    34 360.0000  -0.0003     -2.002 0.189  36   2.69    6.870
2018-05-07-10:10:24 1.11  Mocks_Em/MockNFW320ellip5loga2.08PA50center0With_background20num45.dat TNC          1.0e-04 1 1 1 1e+04 NFW        0.0001   0.0002     -1.955 0.176  30   2.67  194.9       -2295.286       -4555.074    15   0.0001   0.0002     -1.955 0.176  30   2.67    2.873
2018-05-07-10:10:24 1.11  Mocks_Em/MockNFW320ellip5loga2.08PA50center0With_background20num46.dat TNC          1.0e-04 1 1 1 1e+04 NFW        0.0000  -0.0003     -1.979 0.189  38   2.67  183.2       -2331.544       -4627.591     6   0.0000  -0.0003     -1.979 0.189  38   2.67    1.596
2018-05-07-10:10:24 1.11  Mocks_Em/MockNFW320ellip5loga2.08PA50center0With_background20num47.dat TNC          1.0e-04 1 1 1 1e+04 NFW      359.9999  -0.0000     -2.003 0.161  25   2.71  189.4       -2519.803       -5004.109     7 359.9999  -0.0000     -2.003 0.161  25   2.71    1.855
2018-05-07-10:10:24 1.11  Mocks_Em/MockNFW320ellip5loga2.08PA50center0With_background20num48.dat TNC          1.0e-04 1 1 1 1e+04 NFW      359.9997  -0.0002     -1.980 0.218  33   2.67  186.1       -2408.159       -4780.822     8 359.9997  -0.0002     -1.980 0.218  33   2.67    1.662
2018-05-07-10:10:24 1.11  Mocks_Em/MockNFW320ellip5loga2.08PA50center0With_background20num49.dat TNC          1.0e-04 1 1 1 1e+04 NFW      360.0000   0.0002     -1.999 0.167  41   2.72  191.4       -2515.163       -4994.829    29 360.0000   0.0002     -1.999 0.167  41   2.72    6.276
2018-05-07-10:10:24 1.11  Mocks_Em/MockNFW320ellip5loga2.08PA50center0With_background20num50.dat TNC          1.0e-04 1 1 1 1e+04 NFW      359.9997  -0.0001     -1.981 0.260  33   2.68  186.9        -2406.83       -4778.163     6 359.9997  -0.0001     -1.981 0.260  33   2.68    1.426
2018-05-07-10:10:24 1.11  Mocks_Em/MockNFW320ellip5loga2.08PA50center0With_background20num51.dat TNC          1.0e-04 1 1 1 1e+04 NFW        0.0001   0.0006     -1.987 0.145 138   2.68  182.4       -2351.186       -4666.876     4   0.0001   0.0006     -1.987 0.145 138   2.68    1.159
2018-05-07-10:10:24 1.11  Mocks_Em/MockNFW320ellip5loga2.08PA50center0With_background20num52.dat TNC          1.0e-04 1 1 1 1e+04 NFW      359.9999   0.0003     -2.011 0.127 146   2.69  176.3       -2435.312       -4835.126    12 359.9999   0.0003     -2.011 0.127 146   2.69    2.531
2018-05-07-10:10:24 1.11  Mocks_Em/MockNFW320ellip5loga2.08PA50center0With_background20num53.dat TNC          1.0e-04 1 1 1 1e+04 NFW      359.9999   0.0002     -1.954 0.184  40   2.68  199.4        -2345.34       -4655.183    10 359.9999   0.0002     -1.954 0.184  40   2.68    2.121
2018-05-07-10:10:24 1.11  Mocks_Em/MockNFW320ellip5loga2.08PA50center0With_background20num54.dat TNC          1.0e-04 1 1 1 1e+04 NFW      359.9994   0.0001     -2.009 0.087 137   2.69  179.6       -2486.577       -4937.657    28 359.9994   0.0001     -2.009 0.087 137   2.69    6.365
2018-05-07-10:10:24 1.11  Mocks_Em/MockNFW320ellip5loga2.08PA50center0With_background20num55.dat TNC          1.0e-04 1 1 1 1e+04 NFW      359.9999   0.0001     -2.003 0.174  27   2.71  188.1       -2514.673       -4993.849     9 359.9999   0.0001     -2.003 0.174  27   2.71    1.867
2018-05-07-10:10:24 1.11  Mocks_Em/MockNFW320ellip5loga2.08PA50center0With_background20num56.dat TNC          1.0e-04 1 1 1 1e+04 NFW        0.0002  -0.0001     -1.968 0.143  40   2.67  190.9       -2339.633       -4643.768     6   0.0002  -0.0001     -1.968 0.143  40   2.67    1.425
2018-05-07-10:10:24 1.11  Mocks_Em/MockNFW320ellip5loga2.08PA50center0With_background20num57.dat TNC          1.0e-04 1 1 1 1e+04 NFW        0.0003   0.0002     -2.020 0.172  42   2.71  176.0       -2435.095       -4834.694    27   0.0003   0.0002     -2.020 0.172  42   2.71    6.243
2018-05-07-10:10:24 1.11  Mocks_Em/MockNFW320ellip5loga2.08PA50center0With_background20num58.dat TNC          1.0e-04 1 1 1 1e+04 NFW        0.0001   0.0004     -1.984 0.190 135   2.69  190.3       -2421.037       -4806.578     5   0.0001   0.0004     -1.984 0.190 135   2.69    1.399
2018-05-07-10:10:24 1.11  Mocks_Em/MockNFW320ellip5loga2.08PA50center0With_background20num59.dat TNC          1.0e-04 1 1 1 1e+04 NFW        0.0002  -0.0001     -1.992 0.200  32   2.68  180.7       -2365.346       -4695.195    30   0.0002  -0.0001     -1.992 0.200  32   2.68    6.614
2018-05-07-10:10:24 1.11  Mocks_Em/MockNFW320ellip5loga2.08PA50center0With_background20num60.dat TNC          1.0e-04 1 1 1 1e+04 NFW      359.9999  -0.0003     -2.009 0.226 138   2.70  180.3       -2456.047       -4876.597     5 359.9999  -0.0003     -2.009 0.226 138   2.70    1.366
2018-05-07-10:10:24 1.11  Mocks_Em/MockNFW320ellip5loga2.08PA50center0With_background20num61.dat TNC          1.0e-04 1 1 1 1e+04 NFW      359.9998   0.0008     -2.012 0.239  44   2.68  177.4       -2578.954       -5122.412    28 359.9998   0.0008     -2.012 0.239  44   2.68    6.743
2018-05-07-10:10:24 1.11  Mocks_Em/MockNFW320ellip5loga2.08PA50center0With_background20num62.dat TNC          1.0e-04 1 1 1 1e+04 NFW      359.9996   0.0004     -1.954 0.191  34   2.68  202.1       -2411.001       -4786.504     7 359.9996   0.0004     -1.954 0.191  34   2.68    1.847
2018-05-07-10:10:24 1.11  Mocks_Em/MockNFW320ellip5loga2.08PA50center0With_background20num63.dat TNC          1.0e-04 1 1 1 1e+04 NFW      360.0000  -0.0003     -1.986 0.146 136   2.69  186.9       -2388.024       -4740.552     5 360.0000  -0.0003     -1.986 0.146 136   2.69    1.187
2018-05-07-10:10:24 1.11  Mocks_Em/MockNFW320ellip5loga2.08PA50center0With_background20num64.dat TNC          1.0e-04 1 1 1 1e+04 NFW        0.0001   0.0002     -2.007 0.181  25   2.69  175.9       -2394.119       -4752.741     5   0.0001   0.0002     -2.007 0.181  25   2.69    1.193
2018-05-07-10:10:24 1.11  Mocks_Em/MockNFW320ellip5loga2.08PA50center0With_background20num65.dat TNC          1.0e-04 1 1 1 1e+04 NFW        0.0008   0.0005     -1.988 0.135 136   2.66  182.3       -2426.425       -4817.352     5   0.0008   0.0005     -1.988 0.135 136   2.66    1.192
2018-05-07-10:10:24 1.11  Mocks_Em/MockNFW320ellip5loga2.08PA50center0With_background20num66.dat TNC          1.0e-04 1 1 1 1e+04 NFW        0.0002   0.0000     -1.994 0.225 137   2.68  178.7       -2362.445       -4689.392     5   0.0002   0.0000     -1.994 0.225 137   2.68    1.336
2018-05-07-10:10:24 1.11  Mocks_Em/MockNFW320ellip5loga2.08PA50center0With_background20num67.dat TNC          1.0e-04 1 1 1 1e+04 NFW        0.0002  -0.0000     -2.009 0.158  29   2.69  177.4       -2426.271       -4817.045    13   0.0002  -0.0000     -2.009 0.158  29   2.69    3.025
2018-05-07-10:10:24 1.11  Mocks_Em/MockNFW320ellip5loga2.08PA50center0With_background20num68.dat TNC          1.0e-04 1 1 1 1e+04 NFW      359.9997  -0.0001     -1.985 0.148  32   2.66  175.9       -2261.575       -4487.654    32 359.9997  -0.0001     -1.985 0.148  32   2.66    7.350
2018-05-07-10:10:24 1.11  Mocks_Em/MockNFW320ellip5loga2.08PA50center0With_background20num69.dat TNC          1.0e-04 1 1 1 1e+04 NFW      359.9998   0.0003     -1.978 0.131  32   2.68  189.1       -2363.711       -4691.924     4 359.9998   0.0003     -1.978 0.131  32   2.68    1.160
2018-05-07-10:10:24 1.11  Mocks_Em/MockNFW320ellip5loga2.08PA50center0With_background20num70.dat TNC          1.0e-04 1 1 1 1e+04 NFW      359.9994  -0.0005     -1.988 0.147  31   2.68  187.5       -2478.714       -4921.931    14 359.9994  -0.0005     -1.988 0.147  31   2.68    3.040
2018-05-07-10:10:24 1.11  Mocks_Em/MockNFW320ellip5loga2.08PA50center0With_background20num71.dat TNC          1.0e-04 1 1 1 1e+04 NFW        0.0002  -0.0001     -1.991 0.186 139   2.68  179.3       -2331.843       -4628.188     5   0.0002  -0.0001     -1.991 0.186 139   2.68    1.411
2018-05-07-10:10:24 1.11  Mocks_Em/MockNFW320ellip5loga2.08PA50center0With_background20num72.dat TNC          1.0e-04 1 1 1 1e+04 NFW      359.9998  -0.0004     -2.001 0.139  34   2.68  178.8        -2427.41       -4819.324     6 359.9998  -0.0004     -2.001 0.139  34   2.68    1.595
2018-05-07-10:10:24 1.11  Mocks_Em/MockNFW320ellip5loga2.08PA50center0With_background20num73.dat TNC          1.0e-04 1 1 1 1e+04 NFW        0.0004  -0.0009     -1.967 0.160 138   2.68  194.4       -2398.481       -4761.465    14   0.0004  -0.0009     -1.967 0.160 138   2.68    2.763
2018-05-07-10:10:24 1.11  Mocks_Em/MockNFW320ellip5loga2.08PA50center0With_background20num74.dat TNC          1.0e-04 1 1 1 1e+04 NFW      359.9999   0.0000     -1.923 0.326  34   2.69  222.9       -2424.454        -4813.41    33   0.0000   0.0000     -1.982 0.256  25   2.69    7.461
2018-05-07-10:10:24 1.11  Mocks_Em/MockNFW320ellip5loga2.08PA50center0With_background20num75.dat TNC          1.0e-04 1 1 1 1e+04 NFW        0.0004   0.0006     -2.015 0.193  42   2.70  177.2       -2472.576       -4909.654     5   0.0004   0.0006     -2.015 0.193  42   2.70    1.165
2018-05-07-10:10:24 1.11  Mocks_Em/MockNFW320ellip5loga2.08PA50center0With_background20num76.dat TNC          1.0e-04 1 1 1 1e+04 NFW        0.0001  -0.0003     -1.986 0.253 135   2.69  186.1        -2419.18       -4802.862     6   0.0001  -0.0003     -1.986 0.253 135   2.69    1.111
2018-05-07-10:10:24 1.11  Mocks_Em/MockNFW320ellip5loga2.08PA50center0With_background20num77.dat TNC          1.0e-04 1 1 1 1e+04 NFW      359.9998   0.0001     -1.992 0.158  41   2.70  188.0       -2449.035       -4862.572     6 359.9998   0.0001     -1.992 0.158  41   2.70    1.396
2018-05-07-10:10:24 1.11  Mocks_Em/MockNFW320ellip5loga2.08PA50center0With_background20num78.dat TNC          1.0e-04 1 1 1 1e+04 NFW        0.0006   0.0001     -2.018 0.190 147   2.68  173.6       -2488.239        -4940.98    19   0.0006   0.0001     -2.018 0.190 147   2.68    4.179
2018-05-07-10:10:24 1.11  Mocks_Em/MockNFW320ellip5loga2.08PA50center0With_background20num79.dat TNC          1.0e-04 1 1 1 1e+04 NFW        0.0000  -0.0002     -2.029 0.134  30   2.70  170.6       -2446.919        -4858.34    13   0.0000  -0.0002     -2.029 0.134  30   2.70    2.849
2018-05-07-10:10:24 1.11  Mocks_Em/MockNFW320ellip5loga2.08PA50center0With_background20num80.dat TNC          1.0e-04 1 1 1 1e+04 NFW      359.9999   0.0003     -1.993 0.194 143   2.69  184.4       -2461.183       -4886.868    27 359.9999   0.0003     -1.993 0.194 143   2.69    6.295
2018-05-07-10:10:24 1.11  Mocks_Em/MockNFW320ellip5loga2.08PA50center0With_background20num81.dat TNC          1.0e-04 1 1 1 1e+04 NFW      360.0000   0.0002     -2.006 0.178  35   2.69  179.8       -2446.558       -4857.619    13 360.0000   0.0002     -2.006 0.178  35   2.69    2.960
2018-05-07-10:10:24 1.11  Mocks_Em/MockNFW320ellip5loga2.08PA50center0With_background20num82.dat TNC          1.0e-04 1 1 1 1e+04 NFW        0.0001   0.0005     -2.007 0.234  40   2.69  179.0       -2496.107       -4956.716    32   0.0001   0.0005     -2.007 0.234  40   2.69    7.356
2018-05-07-10:10:24 1.11  Mocks_Em/MockNFW320ellip5loga2.08PA50center0With_background20num83.dat TNC          1.0e-04 1 1 1 1e+04 NFW        0.0002   0.0006     -2.017 0.213  31   2.69  177.7       -2569.066       -5102.634     5   0.0002   0.0006     -2.017 0.213  31   2.69    1.367
2018-05-07-10:10:24 1.11  Mocks_Em/MockNFW320ellip5loga2.08PA50center0With_background20num84.dat TNC          1.0e-04 1 1 1 1e+04 NFW      359.9998  -0.0004     -2.007 0.162  39   2.70  185.2        -2572.65       -5109.803    11 359.9998  -0.0004     -2.007 0.162  39   2.70    2.498
2018-05-07-10:10:24 1.11  Mocks_Em/MockNFW320ellip5loga2.08PA50center0With_background20num85.dat TNC          1.0e-04 1 1 1 1e+04 NFW      359.9995  -0.0000     -1.963 0.189 138   2.69  199.7        -2423.96       -4812.422    11 359.9995  -0.0000     -1.963 0.189 138   2.69    2.749
2018-05-07-10:10:24 1.11  Mocks_Em/MockNFW320ellip5loga2.08PA50center0With_background20num86.dat TNC          1.0e-04 1 1 1 1e+04 NFW        0.0000   0.0000     -1.980 0.116 141   2.67  180.9       -2247.172       -4458.847    30   0.0000   0.0000     -1.980 0.116 141   2.67    5.613
2018-05-07-10:10:24 1.11  Mocks_Em/MockNFW320ellip5loga2.08PA50center0With_background20num87.dat TNC          1.0e-04 1 1 1 1e+04 NFW        0.0001   0.0002     -2.006 0.259  38   2.69  178.2       -2471.044       -4906.591     9   0.0001   0.0002     -2.006 0.259  38   2.69    2.135
2018-05-07-10:10:24 1.11  Mocks_Em/MockNFW320ellip5loga2.08PA50center0With_background20num88.dat TNC          1.0e-04 1 1 1 1e+04 NFW        0.0003   0.0001     -2.021 0.178  38   2.71  178.1       -2465.315       -4895.132     7   0.0003   0.0001     -2.021 0.178  38   2.71    1.806
2018-05-07-10:10:24 1.11  Mocks_Em/MockNFW320ellip5loga2.08PA50center0With_background20num89.dat TNC          1.0e-04 1 1 1 1e+04 NFW      359.9993   0.0005     -1.949 0.137  41   2.66  198.0       -2367.933       -4700.369     5 359.9993   0.0005     -1.949 0.137  41   2.66    0.907
2018-05-07-10:10:24 1.11  Mocks_Em/MockNFW320ellip5loga2.08PA50center0With_background20num90.dat TNC          1.0e-04 1 1 1 1e+04 NFW        0.0001   0.0002     -2.006 0.218  40   2.68  175.4       -2421.296       -4807.095     5   0.0001   0.0002     -2.006 0.218  40   2.68    1.368
2018-05-07-10:10:24 1.11  Mocks_Em/MockNFW320ellip5loga2.08PA50center0With_background20num91.dat TNC          1.0e-04 1 1 1 1e+04 NFW      359.9997  -0.0006     -1.997 0.125  33   2.69  187.0       -2496.531       -4957.565    15 359.9997  -0.0006     -1.997 0.125  33   2.69    3.479
2018-05-07-10:10:24 1.11  Mocks_Em/MockNFW320ellip5loga2.08PA50center0With_background20num92.dat TNC          1.0e-04 1 1 1 1e+04 NFW        0.0002   0.0003     -2.009 0.212  32   2.66  168.4       -2361.733       -4687.969     4   0.0002   0.0003     -2.009 0.212  32   2.66    1.163
2018-05-07-10:10:24 1.11  Mocks_Em/MockNFW320ellip5loga2.08PA50center0With_background20num93.dat TNC          1.0e-04 1 1 1 1e+04 NFW      359.9997   0.0003     -1.981 0.189  38   2.69  192.2       -2452.471       -4869.445     5 359.9997   0.0003     -1.981 0.189  38   2.69    1.192
2018-05-07-10:10:24 1.11  Mocks_Em/MockNFW320ellip5loga2.08PA50center0With_background20num94.dat TNC          1.0e-04 1 1 1 1e+04 NFW        0.0002  -0.0000     -2.002 0.172  29   2.68  176.5        -2366.19       -4696.882    28   0.0002  -0.0000     -2.002 0.172  29   2.68    6.420
2018-05-07-10:10:24 1.11  Mocks_Em/MockNFW320ellip5loga2.08PA50center0With_background20num95.dat TNC          1.0e-04 1 1 1 1e+04 NFW      360.0000  -0.0001     -1.983 0.145  37   2.69  186.6       -2344.673       -4653.849     5 360.0000  -0.0001     -1.983 0.145  37   2.69    0.880
2018-05-07-10:10:24 1.11  Mocks_Em/MockNFW320ellip5loga2.08PA50center0With_background20num96.dat TNC          1.0e-04 1 1 1 1e+04 NFW      359.9998  -0.0003     -1.970 0.184 143   2.68  192.7       -2378.987       -4722.477    12 359.9998  -0.0003     -1.970 0.184 143   2.68    2.566
2018-05-07-10:10:24 1.11  Mocks_Em/MockNFW320ellip5loga2.08PA50center0With_background20num97.dat TNC          1.0e-04 1 1 1 1e+04 NFW        0.0003  -0.0000     -1.967 0.186  40   2.68  195.5       -2416.141       -4796.784     5   0.0003  -0.0000     -1.967 0.186  40   2.68    0.909
2018-05-07-10:10:24 1.11  Mocks_Em/MockNFW320ellip5loga2.08PA50center0With_background20num98.dat TNC          1.0e-04 1 1 1 1e+04 NFW        0.0001  -0.0002     -1.999 0.143  45   2.70  185.2       -2437.789        -4840.08    17   0.0001  -0.0002     -1.999 0.143  45   2.70    4.115
2018-05-07-10:10:24 1.11  Mocks_Em/MockNFW320ellip5loga2.08PA50center0With_background20num99.dat TNC          1.0e-04 1 1 1 1e+04 NFW      360.0000  -0.0011     -1.982 0.621  49   2.68  194.7       -2680.135       -5324.773    47 359.9995  -0.0001     -2.018 0.230  43   2.69    9.507
