2018-05-07-11:58:09 1.11  Mocks_Em/MockNFW320ellip5loga2.08PA50center0With_background20num0.dat Nelder-Mead  1.0e-04 1 1 1 1e+04 NFW        0.0002   0.0002     -2.004 0.137  35   2.69  179.9       -2403.906       -4772.315   505   0.0002   0.0002     -2.004 0.133  34   2.69   12.731
2018-05-07-11:58:09 1.11  Mocks_Em/MockNFW320ellip5loga2.08PA50center0With_background20num1.dat Nelder-Mead  1.0e-04 1 1 1 1e+04 NFW      359.9996  -0.0007     -2.005 0.173 138   2.67  179.0         -2513.9       -4992.302   506 359.9996  -0.0007     -2.005 0.165 137   2.67   12.250
2018-05-07-11:58:09 1.11  Mocks_Em/MockNFW320ellip5loga2.08PA50center0With_background20num2.dat Nelder-Mead  1.0e-04 1 1 1 1e+04 NFW        0.0002   0.0004     -1.963 0.142  41   2.68  198.2        -2399.38       -4763.264   507   0.0002   0.0004     -1.963 0.138  41   2.68   12.277
2018-05-07-11:58:09 1.11  Mocks_Em/MockNFW320ellip5loga2.08PA50center0With_background20num3.dat Nelder-Mead  1.0e-04 1 1 1 1e+04 NFW      360.0000  -0.0001     -1.992 0.164  29   2.69  182.6       -2364.461       -4693.426   500 360.0000  -0.0001     -1.992 0.157  29   2.69   12.144
2018-05-07-11:58:09 1.11  Mocks_Em/MockNFW320ellip5loga2.08PA50center0With_background20num4.dat Nelder-Mead  1.0e-04 1 1 1 1e+04 NFW      359.9993  -0.0004     -2.021 0.238  44   2.68  171.7       -2516.713       -4997.929   501 359.9993  -0.0004     -2.021 0.228  44   2.68   12.173
2018-05-07-11:58:09 1.11  Mocks_Em/MockNFW320ellip5loga2.08PA50center0With_background20num5.dat Nelder-Mead  1.0e-04 1 1 1 1e+04 NFW        0.0005   0.0007     -2.047 0.163  43   2.68  156.6       -2395.022       -4754.546   501   0.0005   0.0007     -1.994 0.162  43   2.67   12.857
2018-05-07-11:58:09 1.11  Mocks_Em/MockNFW320ellip5loga2.08PA50center0With_background20num6.dat Nelder-Mead  1.0e-04 1 1 1 1e+04 NFW      359.9998  -0.0009     -1.990 0.223  38   2.67  184.0       -2503.928       -4972.359   503 359.9998  -0.0009     -1.990 0.215  38   2.67   12.262
2018-05-07-11:58:09 1.11  Mocks_Em/MockNFW320ellip5loga2.08PA50center0With_background20num7.dat Nelder-Mead  1.0e-04 1 1 1 1e+04 NFW      360.0000  -0.0006     -1.959 0.163  32   2.69  200.3       -2373.658       -4711.819   506 360.0000  -0.0006     -1.959 0.158  31   2.69   12.728
2018-05-07-11:58:09 1.11  Mocks_Em/MockNFW320ellip5loga2.08PA50center0With_background20num8.dat Nelder-Mead  1.0e-04 1 1 1 1e+04 NFW        0.0000   0.0003     -1.994 0.231  40   2.70  186.5       -2448.198       -4860.899   503 360.0000   0.0003     -1.993 0.222  40   2.70   12.266
2018-05-07-11:58:09 1.11  Mocks_Em/MockNFW320ellip5loga2.08PA50center0With_background20num9.dat Nelder-Mead  1.0e-04 1 1 1 1e+04 NFW        0.0001  -0.0002     -1.967 0.146 139   2.70  193.9       -2353.139        -4670.78   501   0.0001  -0.0002     -1.967 0.143 136   2.68   11.832
2018-05-07-11:58:09 1.11  Mocks_Em/MockNFW320ellip5loga2.08PA50center0With_background20num10.dat Nelder-Mead  1.0e-04 1 1 1 1e+04 NFW      359.9996  -0.0002     -1.962 0.115  38   2.69  201.8       -2454.341       -4873.184   500 359.9996  -0.0002     -1.962 0.112  37   2.69   11.533
2018-05-07-11:58:09 1.11  Mocks_Em/MockNFW320ellip5loga2.08PA50center0With_background20num11.dat Nelder-Mead  1.0e-04 1 1 1 1e+04 NFW        0.0005  -0.0000     -1.968 0.203  42   2.68  198.5        -2483.82       -4932.142   504   0.0005  -0.0000     -1.968 0.194  42   2.68   12.359
2018-05-07-11:58:09 1.11  Mocks_Em/MockNFW320ellip5loga2.08PA50center0With_background20num12.dat Nelder-Mead  1.0e-04 1 1 1 1e+04 NFW      359.9995  -0.0002     -1.989 0.158 142   2.70  189.8       -2418.105       -4800.713   500 359.9995  -0.0002     -1.989 0.154 142   2.70   12.154
2018-05-07-11:58:09 1.11  Mocks_Em/MockNFW320ellip5loga2.08PA50center0With_background20num13.dat Nelder-Mead  1.0e-04 1 1 1 1e+04 NFW        0.0002   0.0003     -1.962 0.125  34   2.68  196.9       -2393.883       -4752.269   500   0.0002   0.0003     -1.962 0.122  33   2.68   12.243
2018-05-07-11:58:09 1.11  Mocks_Em/MockNFW320ellip5loga2.08PA50center0With_background20num14.dat Nelder-Mead  1.0e-04 1 1 1 1e+04 NFW        0.0002   0.0003     -1.971 0.223  31   2.68  191.0       -2404.597       -4773.697   503   0.0002   0.0003     -1.970 0.215  31   2.68   11.901
2018-05-07-11:58:09 1.11  Mocks_Em/MockNFW320ellip5loga2.08PA50center0With_background20num15.dat Nelder-Mead  1.0e-04 1 1 1 1e+04 NFW      359.9997   0.0003     -1.998 0.196  41   2.69  183.1       -2451.682       -4867.867   500 359.9997   0.0003     -1.998 0.189  41   2.69   11.994
2018-05-07-11:58:09 1.11  Mocks_Em/MockNFW320ellip5loga2.08PA50center0With_background20num16.dat Nelder-Mead  1.0e-04 1 1 1 1e+04 NFW        0.0003  -0.0005     -2.039 0.135 140   2.69  162.1       -2387.111       -4738.724   503   0.0004  -0.0005     -1.987 0.133 140   2.68   12.759
2018-05-07-11:58:09 1.11  Mocks_Em/MockNFW320ellip5loga2.08PA50center0With_background20num17.dat Nelder-Mead  1.0e-04 1 1 1 1e+04 NFW        0.0000   0.0003     -1.988 0.221  38   2.68  185.3       -2418.938        -4802.38   500   0.0001   0.0003     -1.985 0.211  38   2.68   12.233
2018-05-07-11:58:09 1.11  Mocks_Em/MockNFW320ellip5loga2.08PA50center0With_background20num18.dat Nelder-Mead  1.0e-04 1 1 1 1e+04 NFW      359.9994   0.0000     -2.030 0.216 147   2.71  174.2       -2533.022       -5030.546   500 359.9994   0.0000     -1.980 0.212 147   2.70   12.538
2018-05-07-11:58:09 1.11  Mocks_Em/MockNFW320ellip5loga2.08PA50center0With_background20num19.dat Nelder-Mead  1.0e-04 1 1 1 1e+04 NFW        0.0003  -0.0005     -1.985 0.201 136   2.68  188.4       -2477.603       -4919.708   500   0.0003  -0.0005     -1.985 0.193 136   2.68   12.064
2018-05-07-11:58:09 1.11  Mocks_Em/MockNFW320ellip5loga2.08PA50center0With_background20num20.dat Nelder-Mead  1.0e-04 1 1 1 1e+04 NFW        0.0004   0.0001     -1.988 0.173 136   2.70  188.0       -2461.868       -4888.238   501   0.0004   0.0001     -1.988 0.166 136   2.69   11.789
2018-05-07-11:58:09 1.11  Mocks_Em/MockNFW320ellip5loga2.08PA50center0With_background20num21.dat Nelder-Mead  1.0e-04 1 1 1 1e+04 NFW        0.0000  -0.0002     -2.002 0.223  26   2.77  185.1       -2481.349       -4927.202   500   0.0000  -0.0002     -2.002 0.217  26   2.71   12.391
2018-05-07-11:58:09 1.11  Mocks_Em/MockNFW320ellip5loga2.08PA50center0With_background20num22.dat Nelder-Mead  1.0e-04 1 1 1 1e+04 NFW      359.9995  -0.0007     -2.011 0.174  40   2.68  178.6        -2530.15       -5024.803   502 359.9995  -0.0007     -2.011 0.168  40   2.68   12.500
2018-05-07-11:58:09 1.11  Mocks_Em/MockNFW320ellip5loga2.08PA50center0With_background20num23.dat Nelder-Mead  1.0e-04 1 1 1 1e+04 NFW        0.0000   0.0005     -1.969 0.187  30   2.68  194.9       -2436.863       -4838.228   506   0.0000   0.0005     -1.969 0.180  30   2.68   11.999
2018-05-07-11:58:09 1.11  Mocks_Em/MockNFW320ellip5loga2.08PA50center0With_background20num24.dat Nelder-Mead  1.0e-04 1 1 1 1e+04 NFW        0.0004  -0.0005     -2.005 0.208  38   2.72  184.4       -2509.098       -4982.699   504   0.0004  -0.0005     -2.005 0.201  38   2.70   12.268
2018-05-07-11:58:09 1.11  Mocks_Em/MockNFW320ellip5loga2.08PA50center0With_background20num25.dat Nelder-Mead  1.0e-04 1 1 1 1e+04 NFW        0.0005   0.0004     -2.000 0.219  43   2.68  181.2       -2514.622       -4993.746   507   0.0005   0.0004     -2.000 0.214  43   2.68   12.406
2018-05-07-11:58:09 1.11  Mocks_Em/MockNFW320ellip5loga2.08PA50center0With_background20num26.dat Nelder-Mead  1.0e-04 1 1 1 1e+04 NFW      360.0000   0.0002     -1.994 0.197  40   2.68  180.0       -2374.258       -4713.019   500 359.9999   0.0002     -1.994 0.188  40   2.68   12.401
2018-05-07-11:58:09 1.11  Mocks_Em/MockNFW320ellip5loga2.08PA50center0With_background20num27.dat Nelder-Mead  1.0e-04 1 1 1 1e+04 NFW        0.0002  -0.0003     -2.007 0.262  40   2.68  173.2       -2400.671       -4765.844   502   0.0002  -0.0003     -2.007 0.251  40   2.68   12.081
2018-05-07-11:58:09 1.11  Mocks_Em/MockNFW320ellip5loga2.08PA50center0With_background20num28.dat Nelder-Mead  1.0e-04 1 1 1 1e+04 NFW        0.0005  -0.0002     -1.986 0.274 139   2.70  184.5        -2436.27       -4837.042   507   0.0005  -0.0002     -1.986 0.264 139   2.67   12.444
2018-05-07-11:58:09 1.11  Mocks_Em/MockNFW320ellip5loga2.08PA50center0With_background20num29.dat Nelder-Mead  1.0e-04 1 1 1 1e+04 NFW        0.0007   0.0002     -2.009 0.263  34   2.69  182.9       -2598.423       -5161.348   507   0.0007   0.0002     -2.008 0.253  34   2.69   12.460
2018-05-07-11:58:09 1.11  Mocks_Em/MockNFW320ellip5loga2.08PA50center0With_background20num30.dat Nelder-Mead  1.0e-04 1 1 1 1e+04 NFW      359.9995  -0.0009     -2.068 0.167  38   2.68  153.7       -2497.261       -4959.025   507 359.9995  -0.0009     -2.018 0.165  38   2.68   13.301
2018-05-07-11:58:09 1.11  Mocks_Em/MockNFW320ellip5loga2.08PA50center0With_background20num31.dat Nelder-Mead  1.0e-04 1 1 1 1e+04 NFW        0.0002   0.0002     -2.018 0.227 137   2.68  169.0       -2400.497       -4765.497   500   0.0002   0.0002     -2.018 0.216 137   2.68   12.575
2018-05-07-11:58:09 1.11  Mocks_Em/MockNFW320ellip5loga2.08PA50center0With_background20num32.dat Nelder-Mead  1.0e-04 1 1 1 1e+04 NFW        0.0006  -0.0001     -1.969 0.274  43   2.69  198.9       -2538.507       -5041.517   506   0.0006  -0.0001     -1.969 0.261  43   2.69   12.091
2018-05-07-11:58:09 1.11  Mocks_Em/MockNFW320ellip5loga2.08PA50center0With_background20num33.dat Nelder-Mead  1.0e-04 1 1 1 1e+04 NFW        0.0004  -0.0004     -1.982 0.244  37   2.69  193.3       -2557.845       -5080.192   506   0.0004  -0.0004     -1.982 0.235  37   2.69   12.448
2018-05-07-11:58:09 1.11  Mocks_Em/MockNFW320ellip5loga2.08PA50center0With_background20num34.dat Nelder-Mead  1.0e-04 1 1 1 1e+04 NFW        0.0000  -0.0001     -2.006 0.244  29   2.68  175.1       -2402.365       -4769.233   500   0.0000  -0.0001     -2.006 0.235  29   2.68   12.288
2018-05-07-11:58:09 1.11  Mocks_Em/MockNFW320ellip5loga2.08PA50center0With_background20num35.dat Nelder-Mead  1.0e-04 1 1 1 1e+04 NFW      359.9997  -0.0002     -1.965 0.217  39   2.67  192.6       -2367.106       -4698.714   500 359.9997  -0.0002     -1.965 0.208  39   2.67   12.338
2018-05-07-11:58:09 1.11  Mocks_Em/MockNFW320ellip5loga2.08PA50center0With_background20num36.dat Nelder-Mead  1.0e-04 1 1 1 1e+04 NFW      359.9999   0.0003     -1.976 0.225  35   2.69  194.0        -2466.78       -4898.063   506 359.9999   0.0003     -1.976 0.214  35   2.69   12.518
2018-05-07-11:58:09 1.11  Mocks_Em/MockNFW320ellip5loga2.08PA50center0With_background20num37.dat Nelder-Mead  1.0e-04 1 1 1 1e+04 NFW        0.0004  -0.0002     -2.004 0.242  36   2.70  183.4       -2522.839        -5010.18   507   0.0002  -0.0002     -1.998 0.232  36   2.70   12.737
2018-05-07-11:58:09 1.11  Mocks_Em/MockNFW320ellip5loga2.08PA50center0With_background20num38.dat Nelder-Mead  1.0e-04 1 1 1 1e+04 NFW        0.0007  -0.0001     -1.985 0.221 146   2.69  193.1       -2522.143        -5008.79   500   0.0007  -0.0001     -1.985 0.213 146   2.69   12.196
2018-05-07-11:58:09 1.11  Mocks_Em/MockNFW320ellip5loga2.08PA50center0With_background20num39.dat Nelder-Mead  1.0e-04 1 1 1 1e+04 NFW      360.0000   0.0005     -1.956 0.193 140   2.69  204.3       -2404.274       -4773.052   505 360.0000   0.0005     -1.956 0.188 138   2.69   11.814
2018-05-07-11:58:09 1.11  Mocks_Em/MockNFW320ellip5loga2.08PA50center0With_background20num40.dat Nelder-Mead  1.0e-04 1 1 1 1e+04 NFW        0.0005   0.0002     -1.961 0.184  41   2.67  194.5       -2391.934       -4748.371   506   0.0005   0.0002     -1.961 0.176  41   2.67   12.111
2018-05-07-11:58:09 1.11  Mocks_Em/MockNFW320ellip5loga2.08PA50center0With_background20num41.dat Nelder-Mead  1.0e-04 1 1 1 1e+04 NFW      359.9997  -0.0002     -2.015 0.134 136   2.70  177.6       -2434.872       -4834.247   501 359.9997  -0.0002     -1.966 0.132 136   2.70   12.409
2018-05-07-11:58:09 1.11  Mocks_Em/MockNFW320ellip5loga2.08PA50center0With_background20num42.dat Nelder-Mead  1.0e-04 1 1 1 1e+04 NFW        0.0002   0.0006     -2.003 0.241  42   2.71  179.6       -2513.727       -4991.956   500   0.0002   0.0006     -2.003 0.235  42   2.68   12.171
2018-05-07-11:58:09 1.11  Mocks_Em/MockNFW320ellip5loga2.08PA50center0With_background20num43.dat Nelder-Mead  1.0e-04 1 1 1 1e+04 NFW        0.0000  -0.0007     -1.985 0.243  39   2.69  186.7       -2489.035       -4942.572   506   0.0000  -0.0007     -1.984 0.233  39   2.67   11.881
2018-05-07-11:58:09 1.11  Mocks_Em/MockNFW320ellip5loga2.08PA50center0With_background20num44.dat Nelder-Mead  1.0e-04 1 1 1 1e+04 NFW      360.0000  -0.0003     -2.008 0.198  36   2.69  177.0       -2437.573       -4839.649   506 360.0000  -0.0003     -2.002 0.189  36   2.69   12.272
2018-05-07-11:58:09 1.11  Mocks_Em/MockNFW320ellip5loga2.08PA50center0With_background20num45.dat Nelder-Mead  1.0e-04 1 1 1 1e+04 NFW        0.0001   0.0002     -1.955 0.184  30   2.67  194.9       -2301.284       -4567.071   505   0.0001   0.0002     -1.955 0.176  30   2.67   12.200
2018-05-07-11:58:09 1.11  Mocks_Em/MockNFW320ellip5loga2.08PA50center0With_background20num46.dat Nelder-Mead  1.0e-04 1 1 1 1e+04 NFW        0.0000  -0.0003     -1.979 0.196  38   2.69  183.2       -2337.178        -4638.86   500   0.0000  -0.0003     -1.979 0.189  38   2.67   12.254
2018-05-07-11:58:09 1.11  Mocks_Em/MockNFW320ellip5loga2.08PA50center0With_background20num47.dat Nelder-Mead  1.0e-04 1 1 1 1e+04 NFW      359.9998  -0.0000     -2.003 0.165  25   2.71  189.4       -2523.702       -5011.906   500 359.9999  -0.0000     -2.003 0.161  25   2.71   12.072
2018-05-07-11:58:09 1.11  Mocks_Em/MockNFW320ellip5loga2.08PA50center0With_background20num48.dat Nelder-Mead  1.0e-04 1 1 1 1e+04 NFW      359.9997  -0.0002     -1.980 0.227  33   2.67  186.1       -2416.484       -4797.471   502 359.9997  -0.0002     -1.980 0.218  33   2.67   12.483
2018-05-07-11:58:09 1.11  Mocks_Em/MockNFW320ellip5loga2.08PA50center0With_background20num49.dat Nelder-Mead  1.0e-04 1 1 1 1e+04 NFW      360.0000   0.0002     -1.999 0.171  41   2.75  191.4       -2518.738       -5001.978   506 360.0000   0.0002     -1.999 0.167  41   2.72   12.407
2018-05-07-11:58:09 1.11  Mocks_Em/MockNFW320ellip5loga2.08PA50center0With_background20num50.dat Nelder-Mead  1.0e-04 1 1 1 1e+04 NFW      359.9997  -0.0001     -1.981 0.272  33   2.69  186.9       -2414.928       -4794.359   500 359.9997  -0.0001     -1.981 0.260  33   2.68   11.942
2018-05-07-11:58:09 1.11  Mocks_Em/MockNFW320ellip5loga2.08PA50center0With_background20num51.dat Nelder-Mead  1.0e-04 1 1 1 1e+04 NFW        0.0001   0.0006     -1.999 0.150 138   2.69  176.6       -2354.819       -4674.141   501   0.0001   0.0006     -1.987 0.145 138   2.68   12.251
2018-05-07-11:58:09 1.11  Mocks_Em/MockNFW320ellip5loga2.08PA50center0With_background20num52.dat Nelder-Mead  1.0e-04 1 1 1 1e+04 NFW      359.9999   0.0003     -2.011 0.134 146   2.69  176.3       -2439.117       -4842.737   502 359.9999   0.0003     -2.011 0.127 146   2.69   12.570
2018-05-07-11:58:09 1.11  Mocks_Em/MockNFW320ellip5loga2.08PA50center0With_background20num53.dat Nelder-Mead  1.0e-04 1 1 1 1e+04 NFW      359.9999   0.0002     -1.954 0.193  40   2.68  199.4       -2351.508       -4667.519   502 359.9999   0.0002     -1.954 0.184  40   2.68   11.901
2018-05-07-11:58:09 1.11  Mocks_Em/MockNFW320ellip5loga2.08PA50center0With_background20num54.dat Nelder-Mead  1.0e-04 1 1 1 1e+04 NFW      359.9994   0.0001     -2.009 0.089 137   2.70  179.6       -2488.865       -4942.234   505 359.9994   0.0001     -2.009 0.087 137   2.69   12.169
2018-05-07-11:58:09 1.11  Mocks_Em/MockNFW320ellip5loga2.08PA50center0With_background20num55.dat Nelder-Mead  1.0e-04 1 1 1 1e+04 NFW      359.9999   0.0001     -2.003 0.178  27   2.76  188.0       -2519.649         -5003.8   502 359.9999   0.0001     -2.003 0.174  27   2.71   12.256
2018-05-07-11:58:09 1.11  Mocks_Em/MockNFW320ellip5loga2.08PA50center0With_background20num56.dat Nelder-Mead  1.0e-04 1 1 1 1e+04 NFW        0.0002  -0.0001     -2.018 0.143  41   2.68  167.7       -2340.835       -4646.172   500   0.0002  -0.0001     -1.968 0.143  40   2.67   12.308
2018-05-07-11:58:09 1.11  Mocks_Em/MockNFW320ellip5loga2.08PA50center0With_background20num57.dat Nelder-Mead  1.0e-04 1 1 1 1e+04 NFW        0.0003   0.0002     -2.020 0.178  42   2.71  176.0        -2440.61       -4845.723   505   0.0003   0.0002     -2.020 0.172  42   2.71   12.739
2018-05-07-11:58:09 1.11  Mocks_Em/MockNFW320ellip5loga2.08PA50center0With_background20num58.dat Nelder-Mead  1.0e-04 1 1 1 1e+04 NFW        0.0001   0.0004     -1.984 0.199 135   2.69  190.3       -2426.641       -4817.785   506   0.0001   0.0004     -1.984 0.190 135   2.69   12.268
2018-05-07-11:58:09 1.11  Mocks_Em/MockNFW320ellip5loga2.08PA50center0With_background20num59.dat Nelder-Mead  1.0e-04 1 1 1 1e+04 NFW        0.0002  -0.0001     -1.992 0.209  32   2.68  180.7        -2371.94       -4708.383   501   0.0002  -0.0001     -1.992 0.200  32   2.68   11.993
2018-05-07-11:58:09 1.11  Mocks_Em/MockNFW320ellip5loga2.08PA50center0With_background20num60.dat Nelder-Mead  1.0e-04 1 1 1 1e+04 NFW      359.9999  -0.0003     -2.009 0.228 143   2.70  180.3       -2461.665       -4887.833   501 359.9999  -0.0003     -2.009 0.226 138   2.70   12.134
2018-05-07-11:58:09 1.11  Mocks_Em/MockNFW320ellip5loga2.08PA50center0With_background20num61.dat Nelder-Mead  1.0e-04 1 1 1 1e+04 NFW      359.9998   0.0008     -2.024 0.245  44   2.68  171.8       -2583.359        -5131.22   500 359.9998   0.0008     -2.012 0.239  44   2.68   12.773
2018-05-07-11:58:09 1.11  Mocks_Em/MockNFW320ellip5loga2.08PA50center0With_background20num62.dat Nelder-Mead  1.0e-04 1 1 1 1e+04 NFW      359.9996   0.0004     -1.954 0.196  34   2.75  202.1       -2417.788       -4800.078   506 359.9996   0.0004     -1.954 0.191  34   2.68   12.144
2018-05-07-11:58:09 1.11  Mocks_Em/MockNFW320ellip5loga2.08PA50center0With_background20num63.dat Nelder-Mead  1.0e-04 1 1 1 1e+04 NFW      360.0000  -0.0003     -1.986 0.150 136   2.69  186.9       -2392.417       -4749.337   501 360.0000  -0.0003     -1.986 0.146 136   2.69   12.332
2018-05-07-11:58:09 1.11  Mocks_Em/MockNFW320ellip5loga2.08PA50center0With_background20num64.dat Nelder-Mead  1.0e-04 1 1 1 1e+04 NFW        0.0001   0.0002     -2.007 0.189  25   2.69  175.9       -2398.947       -4762.397   505   0.0001   0.0002     -2.007 0.181  25   2.69   12.655
2018-05-07-11:58:09 1.11  Mocks_Em/MockNFW320ellip5loga2.08PA50center0With_background20num65.dat Nelder-Mead  1.0e-04 1 1 1 1e+04 NFW        0.0008   0.0005     -1.988 0.140 136   2.69  182.3       -2430.411       -4825.326   504   0.0008   0.0005     -1.988 0.135 136   2.66   12.353
2018-05-07-11:58:09 1.11  Mocks_Em/MockNFW320ellip5loga2.08PA50center0With_background20num66.dat Nelder-Mead  1.0e-04 1 1 1 1e+04 NFW        0.0002   0.0000     -1.994 0.230 137   2.68  178.7       -2369.499       -4703.501   505   0.0002   0.0000     -1.994 0.225 137   2.68   12.177
2018-05-07-11:58:09 1.11  Mocks_Em/MockNFW320ellip5loga2.08PA50center0With_background20num67.dat Nelder-Mead  1.0e-04 1 1 1 1e+04 NFW        0.0002  -0.0000     -2.009 0.162  29   2.69  177.4       -2432.483       -4829.468   501   0.0002  -0.0000     -2.009 0.158  29   2.69   12.054
2018-05-07-11:58:09 1.11  Mocks_Em/MockNFW320ellip5loga2.08PA50center0With_background20num68.dat Nelder-Mead  1.0e-04 1 1 1 1e+04 NFW      359.9998  -0.0001     -1.986 0.153  32   2.69  175.5       -2265.072       -4494.647   506 359.9997  -0.0001     -1.985 0.148  32   2.66   11.956
2018-05-07-11:58:09 1.11  Mocks_Em/MockNFW320ellip5loga2.08PA50center0With_background20num69.dat Nelder-Mead  1.0e-04 1 1 1 1e+04 NFW      360.0000   0.0003     -1.978 0.136  32   2.68  189.1       -2368.013        -4700.53   501 359.9998   0.0003     -1.978 0.131  32   2.68   11.704
2018-05-07-11:58:09 1.11  Mocks_Em/MockNFW320ellip5loga2.08PA50center0With_background20num70.dat Nelder-Mead  1.0e-04 1 1 1 1e+04 NFW      359.9994  -0.0005     -1.994 0.150  32   2.68  184.5       -2483.438       -4931.378   506 359.9994  -0.0005     -1.988 0.147  31   2.68   12.407
2018-05-07-11:58:09 1.11  Mocks_Em/MockNFW320ellip5loga2.08PA50center0With_background20num71.dat Nelder-Mead  1.0e-04 1 1 1 1e+04 NFW        0.0002  -0.0001     -1.991 0.193 140   2.68  179.3        -2336.11       -4636.724   504   0.0002  -0.0001     -1.991 0.186 139   2.68   12.055
2018-05-07-11:58:09 1.11  Mocks_Em/MockNFW320ellip5loga2.08PA50center0With_background20num72.dat Nelder-Mead  1.0e-04 1 1 1 1e+04 NFW      359.9998  -0.0005     -2.001 0.143  34   2.68  178.8       -2431.382       -4827.267   502 359.9998  -0.0004     -2.001 0.139  34   2.68   12.441
2018-05-07-11:58:09 1.11  Mocks_Em/MockNFW320ellip5loga2.08PA50center0With_background20num73.dat Nelder-Mead  1.0e-04 1 1 1 1e+04 NFW        0.0004  -0.0009     -2.017 0.160 138   2.68  170.9        -2398.68       -4761.863   504   0.0004  -0.0009     -1.967 0.160 138   2.68   12.425
2018-05-07-11:58:09 1.11  Mocks_Em/MockNFW320ellip5loga2.08PA50center0With_background20num74.dat Nelder-Mead  1.0e-04 1 1 1 1e+04 NFW        0.0000   0.0000     -2.031 0.261  25   2.71  166.9       -2405.853       -4776.208   506   0.0000   0.0000     -1.982 0.256  25   2.69   12.726
2018-05-07-11:58:09 1.11  Mocks_Em/MockNFW320ellip5loga2.08PA50center0With_background20num75.dat Nelder-Mead  1.0e-04 1 1 1 1e+04 NFW        0.0004   0.0006     -2.015 0.203  42   2.70  177.2       -2480.024        -4924.55   505   0.0004   0.0006     -2.015 0.193  42   2.70   12.762
2018-05-07-11:58:09 1.11  Mocks_Em/MockNFW320ellip5loga2.08PA50center0With_background20num76.dat Nelder-Mead  1.0e-04 1 1 1 1e+04 NFW        0.0001  -0.0003     -2.036 0.254 135   2.72  163.7       -2418.739       -4801.981   500   0.0001  -0.0003     -1.986 0.253 135   2.69   12.037
2018-05-07-11:58:09 1.11  Mocks_Em/MockNFW320ellip5loga2.08PA50center0With_background20num77.dat Nelder-Mead  1.0e-04 1 1 1 1e+04 NFW      359.9998   0.0001     -1.992 0.164  41   2.70  188.0       -2453.957       -4872.416   503 359.9998   0.0001     -1.992 0.158  41   2.70   12.205
2018-05-07-11:58:09 1.11  Mocks_Em/MockNFW320ellip5loga2.08PA50center0With_background20num78.dat Nelder-Mead  1.0e-04 1 1 1 1e+04 NFW        0.0006   0.0001     -2.018 0.195 151   2.68  173.6       -2492.786       -4950.074   500   0.0006   0.0001     -2.018 0.190 147   2.68   12.701
2018-05-07-11:58:09 1.11  Mocks_Em/MockNFW320ellip5loga2.08PA50center0With_background20num79.dat Nelder-Mead  1.0e-04 1 1 1 1e+04 NFW        0.0000  -0.0002     -2.029 0.134  30   2.70  170.6       -2447.837       -4860.177   502   0.0000  -0.0002     -2.029 0.134  30   2.70   12.574
2018-05-07-11:58:09 1.11  Mocks_Em/MockNFW320ellip5loga2.08PA50center0With_background20num80.dat Nelder-Mead  1.0e-04 1 1 1 1e+04 NFW      359.9999   0.0003     -1.993 0.201 143   2.69  184.4       -2466.451       -4897.405   500 359.9999   0.0003     -1.993 0.194 143   2.69   12.145
2018-05-07-11:58:09 1.11  Mocks_Em/MockNFW320ellip5loga2.08PA50center0With_background20num81.dat Nelder-Mead  1.0e-04 1 1 1 1e+04 NFW      360.0000   0.0002     -2.006 0.182  36   2.69  179.8       -2451.507       -4867.516   500 360.0000   0.0002     -2.006 0.178  35   2.69   11.973
2018-05-07-11:58:09 1.11  Mocks_Em/MockNFW320ellip5loga2.08PA50center0With_background20num82.dat Nelder-Mead  1.0e-04 1 1 1 1e+04 NFW        0.0001   0.0005     -2.019 0.244  40   2.69  173.4       -2503.413       -4971.329   504   0.0001   0.0005     -2.007 0.234  40   2.69   12.462
2018-05-07-11:58:09 1.11  Mocks_Em/MockNFW320ellip5loga2.08PA50center0With_background20num83.dat Nelder-Mead  1.0e-04 1 1 1 1e+04 NFW        0.0002   0.0006     -2.017 0.213  31   2.82  177.7       -2570.417       -5105.337   503   0.0002   0.0006     -2.017 0.213  31   2.69   12.502
2018-05-07-11:58:09 1.11  Mocks_Em/MockNFW320ellip5loga2.08PA50center0With_background20num84.dat Nelder-Mead  1.0e-04 1 1 1 1e+04 NFW      359.9998  -0.0004     -2.007 0.166  40   2.70  185.2       -2576.668        -5117.84   505 359.9998  -0.0004     -2.007 0.162  39   2.70   12.262
2018-05-07-11:58:09 1.11  Mocks_Em/MockNFW320ellip5loga2.08PA50center0With_background20num85.dat Nelder-Mead  1.0e-04 1 1 1 1e+04 NFW      359.9995  -0.0000     -1.963 0.198 138   2.69  199.7       -2431.037       -4826.576   501 359.9995  -0.0000     -1.963 0.189 138   2.69   11.709
2018-05-07-11:58:09 1.11  Mocks_Em/MockNFW320ellip5loga2.08PA50center0With_background20num86.dat Nelder-Mead  1.0e-04 1 1 1 1e+04 NFW        0.0000   0.0000     -1.980 0.119 141   2.74  180.9       -2250.397       -4465.297   501   0.0000   0.0000     -1.980 0.116 141   2.67   12.113
2018-05-07-11:58:09 1.11  Mocks_Em/MockNFW320ellip5loga2.08PA50center0With_background20num87.dat Nelder-Mead  1.0e-04 1 1 1 1e+04 NFW        0.0001   0.0002     -2.006 0.270  38   2.69  178.2       -2476.122       -4916.746   507   0.0001   0.0002     -2.006 0.259  38   2.69   12.824
2018-05-07-11:58:09 1.11  Mocks_Em/MockNFW320ellip5loga2.08PA50center0With_background20num88.dat Nelder-Mead  1.0e-04 1 1 1 1e+04 NFW        0.0003   0.0001     -2.021 0.178  40   2.73  178.0       -2467.448       -4899.399   504   0.0003   0.0001     -2.021 0.178  38   2.71   12.465
2018-05-07-11:58:09 1.11  Mocks_Em/MockNFW320ellip5loga2.08PA50center0With_background20num89.dat Nelder-Mead  1.0e-04 1 1 1 1e+04 NFW      359.9993   0.0005     -1.998 0.139  41   2.66  174.2       -2368.659       -4701.821   500 359.9993   0.0005     -1.949 0.137  41   2.66   11.719
2018-05-07-11:58:09 1.11  Mocks_Em/MockNFW320ellip5loga2.08PA50center0With_background20num90.dat Nelder-Mead  1.0e-04 1 1 1 1e+04 NFW        0.0001   0.0002     -2.006 0.226  41   2.68  175.4       -2426.675       -4817.852   506   0.0001   0.0002     -2.006 0.218  40   2.68   12.236
2018-05-07-11:58:09 1.11  Mocks_Em/MockNFW320ellip5loga2.08PA50center0With_background20num91.dat Nelder-Mead  1.0e-04 1 1 1 1e+04 NFW      359.9997  -0.0006     -1.997 0.128  33   2.76  186.9       -2499.488       -4963.479   502 359.9997  -0.0006     -1.997 0.125  33   2.69   11.784
2018-05-07-11:58:09 1.11  Mocks_Em/MockNFW320ellip5loga2.08PA50center0With_background20num92.dat Nelder-Mead  1.0e-04 1 1 1 1e+04 NFW        0.0001   0.0003     -2.009 0.221  32   2.69  168.4       -2366.359       -4697.222   504   0.0002   0.0003     -2.009 0.212  32   2.66   12.436
2018-05-07-11:58:09 1.11  Mocks_Em/MockNFW320ellip5loga2.08PA50center0With_background20num93.dat Nelder-Mead  1.0e-04 1 1 1 1e+04 NFW      359.9997   0.0003     -2.043 0.192  38   2.69  163.8       -2454.466       -4873.434   506 359.9997   0.0003     -1.981 0.189  38   2.69   13.266
2018-05-07-11:58:09 1.11  Mocks_Em/MockNFW320ellip5loga2.08PA50center0With_background20num94.dat Nelder-Mead  1.0e-04 1 1 1 1e+04 NFW        0.0002  -0.0000     -2.002 0.179  29   2.70  176.5       -2371.128       -4706.758   506   0.0002  -0.0000     -2.002 0.172  29   2.68   12.414
2018-05-07-11:58:09 1.11  Mocks_Em/MockNFW320ellip5loga2.08PA50center0With_background20num95.dat Nelder-Mead  1.0e-04 1 1 1 1e+04 NFW      360.0000  -0.0001     -1.983 0.152  37   2.69  186.6       -2348.632       -4661.766   500 360.0000  -0.0001     -1.983 0.145  37   2.69   12.209
2018-05-07-11:58:09 1.11  Mocks_Em/MockNFW320ellip5loga2.08PA50center0With_background20num96.dat Nelder-Mead  1.0e-04 1 1 1 1e+04 NFW      359.9998  -0.0003     -1.970 0.193 143   2.69  192.7        -2385.38       -4735.262   502 359.9998  -0.0003     -1.970 0.184 143   2.68   11.770
2018-05-07-11:58:09 1.11  Mocks_Em/MockNFW320ellip5loga2.08PA50center0With_background20num97.dat Nelder-Mead  1.0e-04 1 1 1 1e+04 NFW        0.0003  -0.0000     -1.967 0.190  40   2.75  195.5        -2420.51       -4805.523   505   0.0003  -0.0000     -1.967 0.186  40   2.68   11.997
2018-05-07-11:58:09 1.11  Mocks_Em/MockNFW320ellip5loga2.08PA50center0With_background20num98.dat Nelder-Mead  1.0e-04 1 1 1 1e+04 NFW        0.0001  -0.0002     -2.002 0.150  45   2.70  183.7       -2442.806       -4850.115   501   0.0001  -0.0002     -1.999 0.143  45   2.70   12.560
2018-05-07-11:58:09 1.11  Mocks_Em/MockNFW320ellip5loga2.08PA50center0With_background20num99.dat Nelder-Mead  1.0e-04 1 1 1 1e+04 NFW      359.9995  -0.0001     -2.094 0.232  43   2.69  146.8       -2564.458       -5093.419   500 359.9995  -0.0001     -2.018 0.230  43   2.69   13.150
