2018-05-06-20:50:30 1.11  Mocks_Em/MockNFW40ellip5loga2.08PA50center0With_background20num0.dat Diff-Evol    1.0e-04 1 1 1 1e+04 NFW      359.9991  -0.0019     -1.879 0.799  45   0.55   61.0       -718.8604       -1410.656  2397 359.9996  -0.0022     -1.987 0.146  35   2.04   56.040
2018-05-06-20:50:30 1.11  Mocks_Em/MockNFW40ellip5loga2.08PA50center0With_background20num1.dat Diff-Evol    1.0e-04 1 1 1 1e+04 NFW        0.0002   0.0014     -1.892 0.794  60   2.91   55.0        -653.934       -1280.803  2751   0.0005   0.0012     -1.920 0.200  16   2.02   65.077
2018-05-06-20:50:30 1.11  Mocks_Em/MockNFW40ellip5loga2.08PA50center0With_background20num2.dat Diff-Evol    1.0e-04 1 1 1 1e+04 NFW        0.0004  -0.0003     -1.917 0.799  67   2.12   53.4       -625.0482       -1223.031  2653   0.0004  -0.0005     -1.903 0.100  44   2.06   63.313
2018-05-06-20:50:30 1.11  Mocks_Em/MockNFW40ellip5loga2.08PA50center0With_background20num3.dat Diff-Evol    1.0e-04 1 1 1 1e+04 NFW        0.0015  -0.0008     -1.903 0.793  38   1.05   52.6       -612.3888       -1197.712  2231   0.0010  -0.0005     -1.874 0.088 151   2.02   52.751
2018-05-06-20:50:30 1.11  Mocks_Em/MockNFW40ellip5loga2.08PA50center0With_background20num4.dat Diff-Evol    1.0e-04 1 1 1 1e+04 NFW        0.0018  -0.0004     -1.909 0.795  30  -0.78   50.0       -616.7972       -1206.529  2716   0.0020  -0.0004     -1.895 0.236 160   2.01   63.754
2018-05-06-20:50:30 1.11  Mocks_Em/MockNFW40ellip5loga2.08PA50center0With_background20num5.dat Diff-Evol    1.0e-04 1 1 1 1e+04 NFW        0.0007  -0.0001     -1.914 0.791  88   1.21   54.7       -659.1203       -1291.175  2307   0.0006  -0.0001     -1.907 0.137  34   2.06   54.959
2018-05-06-20:50:30 1.11  Mocks_Em/MockNFW40ellip5loga2.08PA50center0With_background20num6.dat Diff-Evol    1.0e-04 1 1 1 1e+04 NFW      359.9990   0.0012     -1.926 0.800  56   0.65   56.7       -667.1494       -1307.234  1939 359.9994   0.0007     -1.980 0.082  30   2.10   46.521
2018-05-06-20:50:30 1.11  Mocks_Em/MockNFW40ellip5loga2.08PA50center0With_background20num7.dat Diff-Evol    1.0e-04 1 1 1 1e+04 NFW      359.9995   0.0003     -1.910 0.788  46   1.90   48.4       -581.5772       -1136.089  2072 359.9991   0.0007     -1.910 0.020 158   2.00   48.834
2018-05-06-20:50:30 1.11  Mocks_Em/MockNFW40ellip5loga2.08PA50center0With_background20num8.dat Diff-Evol    1.0e-04 1 1 1 1e+04 NFW        0.0005   0.0002     -1.924 0.798  41  -0.15   47.5       -583.2485       -1139.432  2541   0.0005   0.0005     -1.926 0.099  43   2.02   61.898
2018-05-06-20:50:30 1.11  Mocks_Em/MockNFW40ellip5loga2.08PA50center0With_background20num9.dat Diff-Evol    1.0e-04 1 1 1 1e+04 NFW        0.0017   0.0002     -1.908 0.788  21   2.41   51.8       -616.0078        -1204.95  2141   0.0016   0.0003     -1.896 0.148 158   2.03   51.148
2018-05-06-20:50:30 1.11  Mocks_Em/MockNFW40ellip5loga2.08PA50center0With_background20num10.dat Diff-Evol    1.0e-04 1 1 1 1e+04 NFW      359.9987  -0.0015     -1.882 0.798  20   1.69   59.4       -703.5319       -1379.999  2508 359.9986  -0.0013     -1.982 0.090   4   2.03   58.939
2018-05-06-20:50:30 1.11  Mocks_Em/MockNFW40ellip5loga2.08PA50center0With_background20num11.dat Diff-Evol    1.0e-04 1 1 1 1e+04 NFW        0.0002   0.0000     -1.937 0.796  71   1.13   48.7       -619.6711       -1212.277  2127   0.0002   0.0003     -1.925 0.188   3   2.04   49.656
2018-05-06-20:50:30 1.11  Mocks_Em/MockNFW40ellip5loga2.08PA50center0With_background20num12.dat Diff-Evol    1.0e-04 1 1 1 1e+04 NFW        0.0009  -0.0004     -1.918 0.799  54   2.77   48.5       -590.9058       -1154.747  2307   0.0006  -0.0001     -1.897 0.079 140   2.02   53.004
2018-05-06-20:50:30 1.11  Mocks_Em/MockNFW40ellip5loga2.08PA50center0With_background20num13.dat Diff-Evol    1.0e-04 1 1 1 1e+04 NFW        0.0008   0.0002     -1.904 0.799  35  -0.07   51.3        -602.559       -1178.053  2217   0.0008   0.0003     -1.882 0.173 160   2.02   50.077
2018-05-06-20:50:30 1.11  Mocks_Em/MockNFW40ellip5loga2.08PA50center0With_background20num14.dat Diff-Evol    1.0e-04 1 1 1 1e+04 NFW      359.9998  -0.0011     -1.914 0.796  54   3.41   50.8       -614.9941       -1202.923  2729 359.9997  -0.0007     -1.868 0.169  37   2.04   61.513
2018-05-06-20:50:30 1.11  Mocks_Em/MockNFW40ellip5loga2.08PA50center0With_background20num15.dat Diff-Evol    1.0e-04 1 1 1 1e+04 NFW      359.9995  -0.0018     -1.901 0.797  64  -0.25   55.8       -661.4523       -1295.839  1781   0.0002  -0.0008     -1.949 0.083 159   2.05   40.775
2018-05-06-20:50:30 1.11  Mocks_Em/MockNFW40ellip5loga2.08PA50center0With_background20num16.dat Diff-Evol    1.0e-04 1 1 1 1e+04 NFW        0.0018  -0.0001     -1.898 0.799  59   0.39   55.1       -646.0054       -1264.946  2550   0.0010   0.0010     -1.905 0.107 141   2.04   61.111
2018-05-06-20:50:30 1.11  Mocks_Em/MockNFW40ellip5loga2.08PA50center0With_background20num17.dat Diff-Evol    1.0e-04 1 1 1 1e+04 NFW        0.0008   0.0006     -1.895 0.791  33   2.05   56.3       -660.6496       -1294.234  1911   0.0010   0.0011     -1.884 0.122  13   2.04   46.004
2018-05-06-20:50:30 1.11  Mocks_Em/MockNFW40ellip5loga2.08PA50center0With_background20num18.dat Diff-Evol    1.0e-04 1 1 1 1e+04 NFW        0.0002  -0.0001     -1.920 0.798  95   1.26   53.4       -629.0007       -1230.936  2169   0.0002   0.0000     -1.940 0.024  23   2.07   51.528
2018-05-06-20:50:30 1.11  Mocks_Em/MockNFW40ellip5loga2.08PA50center0With_background20num19.dat Diff-Evol    1.0e-04 1 1 1 1e+04 NFW        0.0013  -0.0005     -1.898 0.800  72   2.65   54.7       -646.9094       -1266.754  3055   0.0011  -0.0005     -1.897 0.161  16   2.03   71.658
2018-05-06-20:50:30 1.11  Mocks_Em/MockNFW40ellip5loga2.08PA50center0With_background20num20.dat Diff-Evol    1.0e-04 1 1 1 1e+04 NFW        0.0002   0.0005     -1.920 0.792  62   0.68   45.6       -547.5074        -1067.95  2667   0.0004   0.0005     -1.886 0.103  40   2.00   63.611
2018-05-06-20:50:30 1.11  Mocks_Em/MockNFW40ellip5loga2.08PA50center0With_background20num21.dat Diff-Evol    1.0e-04 1 1 1 1e+04 NFW      359.9979  -0.0011     -1.877 0.793  20   0.85   57.5       -667.1411       -1307.217  2328 359.9983  -0.0008     -1.904 0.163 154   2.01   53.834
2018-05-06-20:50:30 1.11  Mocks_Em/MockNFW40ellip5loga2.08PA50center0With_background20num22.dat Diff-Evol    1.0e-04 1 1 1 1e+04 NFW      359.9985  -0.0010     -1.899 0.795 175   0.46   54.5       -646.7628        -1266.46  2343 359.9989  -0.0011     -1.906 0.116  20   2.02   54.359
2018-05-06-20:50:30 1.11  Mocks_Em/MockNFW40ellip5loga2.08PA50center0With_background20num23.dat Diff-Evol    1.0e-04 1 1 1 1e+04 NFW      359.9996  -0.0003     -1.928 0.794 128   2.91   49.7       -601.0417       -1175.018  2537 360.0000  -0.0008     -1.915 0.103  30   2.05   60.150
2018-05-06-20:50:30 1.11  Mocks_Em/MockNFW40ellip5loga2.08PA50center0With_background20num24.dat Diff-Evol    1.0e-04 1 1 1 1e+04 NFW        0.0014   0.0014     -1.885 0.799  46   1.75   58.1       -677.4026        -1327.74  2529   0.0014   0.0013     -1.885 0.064  32   2.03   58.297
2018-05-06-20:50:30 1.11  Mocks_Em/MockNFW40ellip5loga2.08PA50center0With_background20num25.dat Diff-Evol    1.0e-04 1 1 1 1e+04 NFW      359.9994  -0.0007     -1.918 0.795  50  -0.13   51.4       -642.9575        -1258.85  2093 359.9991  -0.0007     -1.919 0.092  30   2.03   49.266
2018-05-06-20:50:30 1.11  Mocks_Em/MockNFW40ellip5loga2.08PA50center0With_background20num26.dat Diff-Evol    1.0e-04 1 1 1 1e+04 NFW        0.0003   0.0010     -1.908 0.799  80   1.31   49.9       -596.6184       -1166.172  2397   0.0003   0.0010     -1.925 0.056  20   2.01   57.252
2018-05-06-20:50:30 1.11  Mocks_Em/MockNFW40ellip5loga2.08PA50center0With_background20num27.dat Diff-Evol    1.0e-04 1 1 1 1e+04 NFW      359.9994   0.0009     -1.922 0.788  20   0.01   50.1        -589.169       -1151.273  2357 359.9994   0.0008     -1.874 0.197 174   2.04   56.104
2018-05-06-20:50:30 1.11  Mocks_Em/MockNFW40ellip5loga2.08PA50center0With_background20num28.dat Diff-Evol    1.0e-04 1 1 1 1e+04 NFW      359.9983  -0.0008     -1.875 0.788  61   2.63   59.3       -683.2128       -1339.361  1961 359.9982  -0.0006     -1.905 0.070 165   2.02   45.570
2018-05-06-20:50:30 1.11  Mocks_Em/MockNFW40ellip5loga2.08PA50center0With_background20num29.dat Diff-Evol    1.0e-04 1 1 1 1e+04 NFW      359.9998   0.0016     -1.904 0.797  98   1.17   54.8       -647.4676        -1267.87  1677 359.9996   0.0010     -1.927 0.240  11   2.05   39.214
2018-05-06-20:50:30 1.11  Mocks_Em/MockNFW40ellip5loga2.08PA50center0With_background20num30.dat Diff-Evol    1.0e-04 1 1 1 1e+04 NFW        0.0011   0.0020     -1.914 0.796 131   0.82   50.1       -599.3056       -1171.546  2001   0.0005   0.0015     -1.892 0.036 159   2.02   48.814
2018-05-06-20:50:30 1.11  Mocks_Em/MockNFW40ellip5loga2.08PA50center0With_background20num31.dat Diff-Evol    1.0e-04 1 1 1 1e+04 NFW        0.0012   0.0019     -1.919 0.799  92   1.45   55.1       -677.9293       -1328.793  2431   0.0009   0.0014     -1.955 0.123   5   2.07   57.955
2018-05-06-20:50:30 1.11  Mocks_Em/MockNFW40ellip5loga2.08PA50center0With_background20num32.dat Diff-Evol    1.0e-04 1 1 1 1e+04 NFW        0.0002  -0.0005     -1.917 0.796  50   1.25   50.1       -591.5774        -1156.09  2474   0.0004  -0.0005     -1.905 0.068  42   2.03   59.628
2018-05-06-20:50:30 1.11  Mocks_Em/MockNFW40ellip5loga2.08PA50center0With_background20num33.dat Diff-Evol    1.0e-04 1 1 1 1e+04 NFW        0.0019   0.0009     -1.889 0.798  88  -0.47   58.1       -698.1189       -1369.173  2182   0.0022   0.0007     -1.921 0.074 178   2.03   51.619
2018-05-06-20:50:30 1.11  Mocks_Em/MockNFW40ellip5loga2.08PA50center0With_background20num34.dat Diff-Evol    1.0e-04 1 1 1 1e+04 NFW      359.9995   0.0013     -1.907 0.798  99   0.72   57.5        -691.515       -1355.965  2155 359.9993   0.0008     -1.928 0.137 170   2.07   50.302
2018-05-06-20:50:30 1.11  Mocks_Em/MockNFW40ellip5loga2.08PA50center0With_background20num35.dat Diff-Evol    1.0e-04 1 1 1 1e+04 NFW      359.9995   0.0005     -1.909 0.797  57   1.75   48.4       -568.2739       -1109.483  2141 359.9994   0.0004     -1.858 0.170  32   2.00   50.691
2018-05-06-20:50:30 1.11  Mocks_Em/MockNFW40ellip5loga2.08PA50center0With_background20num36.dat Diff-Evol    1.0e-04 1 1 1 1e+04 NFW      359.9986  -0.0007     -1.952 0.798  59   0.03   45.5        -598.931       -1170.797  2501 359.9992  -0.0001     -1.950 0.040 159   2.03   59.195
2018-05-06-20:50:30 1.11  Mocks_Em/MockNFW40ellip5loga2.08PA50center0With_background20num37.dat Diff-Evol    1.0e-04 1 1 1 1e+04 NFW      359.9986  -0.0005     -1.892 0.799 125   0.27   57.1       -665.0232       -1302.981  2889 359.9989  -0.0012     -1.888 0.146 165   2.04   69.847
2018-05-06-20:50:30 1.11  Mocks_Em/MockNFW40ellip5loga2.08PA50center0With_background20num38.dat Diff-Evol    1.0e-04 1 1 1 1e+04 NFW      359.9995   0.0011     -1.925 0.789 118   0.07   53.1       -651.5128       -1275.961  2217 359.9997   0.0004     -1.924 0.118 149   2.07   53.096
2018-05-06-20:50:30 1.11  Mocks_Em/MockNFW40ellip5loga2.08PA50center0With_background20num39.dat Diff-Evol    1.0e-04 1 1 1 1e+04 NFW        0.0003   0.0005     -1.929 0.799  69   1.54   55.5       -657.0715       -1287.078  2051 359.9999   0.0002     -1.939 0.068  17   2.10   50.063
2018-05-06-20:50:30 1.11  Mocks_Em/MockNFW40ellip5loga2.08PA50center0With_background20num40.dat Diff-Evol    1.0e-04 1 1 1 1e+04 NFW        0.0007   0.0001     -1.936 0.799 103   1.97   52.1       -632.4437       -1237.822  2585   0.0004  -0.0001     -1.973 0.185 156   2.08   62.358
2018-05-06-20:50:30 1.11  Mocks_Em/MockNFW40ellip5loga2.08PA50center0With_background20num41.dat Diff-Evol    1.0e-04 1 1 1 1e+04 NFW        0.0001  -0.0006     -1.919 0.794  88   2.53   57.0       -689.2195       -1351.374  2307 360.0000  -0.0006     -1.996 0.083 161   2.09   55.070
2018-05-06-20:50:30 1.11  Mocks_Em/MockNFW40ellip5loga2.08PA50center0With_background20num42.dat Diff-Evol    1.0e-04 1 1 1 1e+04 NFW      359.9987   0.0017     -1.908 0.800  27   1.33   54.6       -642.0639       -1257.063  2501 359.9988   0.0017     -1.922 0.032 145   2.05   59.023
2018-05-06-20:50:30 1.11  Mocks_Em/MockNFW40ellip5loga2.08PA50center0With_background20num43.dat Diff-Evol    1.0e-04 1 1 1 1e+04 NFW        0.0015  -0.0004     -1.923 0.787 119   3.36   49.7       -622.1763       -1217.287  2267   0.0011  -0.0002     -1.944 0.118 136   2.05   52.966
2018-05-06-20:50:30 1.11  Mocks_Em/MockNFW40ellip5loga2.08PA50center0With_background20num44.dat Diff-Evol    1.0e-04 1 1 1 1e+04 NFW      359.9999   0.0007     -1.910 0.798  72  -0.05   56.6       -675.8733       -1324.682  2473 359.9994   0.0007     -1.934 0.219  14   2.07   58.787
2018-05-06-20:50:30 1.11  Mocks_Em/MockNFW40ellip5loga2.08PA50center0With_background20num45.dat Diff-Evol    1.0e-04 1 1 1 1e+04 NFW      359.9997   0.0003     -1.933 0.796  60   1.35   53.3       -653.0402       -1279.015  2645 359.9997   0.0004     -1.927 0.160  42   2.08   63.062
2018-05-06-20:50:30 1.11  Mocks_Em/MockNFW40ellip5loga2.08PA50center0With_background20num46.dat Diff-Evol    1.0e-04 1 1 1 1e+04 NFW      359.9974   0.0002     -1.883 0.787 170   1.78   55.5       -668.9314       -1310.798  2349 359.9979   0.0002     -1.944 0.215  25   2.00   54.579
2018-05-06-20:50:30 1.11  Mocks_Em/MockNFW40ellip5loga2.08PA50center0With_background20num47.dat Diff-Evol    1.0e-04 1 1 1 1e+04 NFW      359.9990   0.0001     -1.932 0.794  75   0.51   51.6       -615.2731       -1203.481  2238 359.9993   0.0001     -1.926 0.088 172   2.07   53.885
2018-05-06-20:50:30 1.11  Mocks_Em/MockNFW40ellip5loga2.08PA50center0With_background20num48.dat Diff-Evol    1.0e-04 1 1 1 1e+04 NFW        0.0002  -0.0005     -1.926 0.797  77   2.05   53.8       -652.7347       -1278.404  2667   0.0005  -0.0001     -1.922 0.089  23   2.07   62.877
2018-05-06-20:50:30 1.11  Mocks_Em/MockNFW40ellip5loga2.08PA50center0With_background20num49.dat Diff-Evol    1.0e-04 1 1 1 1e+04 NFW        0.0023  -0.0008     -1.867 0.800  54   0.16   58.1         -681.53       -1335.995  1925   0.0022  -0.0010     -1.930 0.159 139   1.99   44.763
2018-05-06-20:50:30 1.11  Mocks_Em/MockNFW40ellip5loga2.08PA50center0With_background20num50.dat Diff-Evol    1.0e-04 1 1 1 1e+04 NFW        0.0005   0.0029     -1.872 0.799  46   3.40   56.3       -680.3948       -1333.725  1996   0.0012   0.0018     -1.866 0.194  44   2.00   46.266
2018-05-06-20:50:30 1.11  Mocks_Em/MockNFW40ellip5loga2.08PA50center0With_background20num51.dat Diff-Evol    1.0e-04 1 1 1 1e+04 NFW      359.9992  -0.0002     -1.909 0.799  51   1.56   54.7       -650.6207       -1274.176  2217 359.9995  -0.0003     -1.890 0.234  28   2.05   52.915
2018-05-06-20:50:30 1.11  Mocks_Em/MockNFW40ellip5loga2.08PA50center0With_background20num52.dat Diff-Evol    1.0e-04 1 1 1 1e+04 NFW      359.9978   0.0006     -1.897 0.798  37   1.19   52.3       -632.2808       -1237.496  2501 359.9985   0.0001     -1.872 0.324 139   2.01   56.261
2018-05-06-20:50:30 1.11  Mocks_Em/MockNFW40ellip5loga2.08PA50center0With_background20num53.dat Diff-Evol    1.0e-04 1 1 1 1e+04 NFW      359.9987   0.0003     -1.905 0.777   3   2.96   51.0       -595.6183       -1164.172  1947 359.9991   0.0003     -1.877 0.071 178   2.02   43.125
2018-05-06-20:50:30 1.11  Mocks_Em/MockNFW40ellip5loga2.08PA50center0With_background20num54.dat Diff-Evol    1.0e-04 1 1 1 1e+04 NFW      359.9996  -0.0000     -1.922 0.796   6   2.13   53.1       -627.3463       -1227.628  2501   0.0001  -0.0002     -1.916 0.050  12   2.07   57.792
2018-05-06-20:50:30 1.11  Mocks_Em/MockNFW40ellip5loga2.08PA50center0With_background20num55.dat Diff-Evol    1.0e-04 1 1 1 1e+04 NFW        0.0002  -0.0000     -1.927 0.800  64   2.53   45.5       -551.4562       -1075.847  2361   0.0004   0.0001     -1.873 0.133  32   2.01   56.936
2018-05-06-20:50:30 1.11  Mocks_Em/MockNFW40ellip5loga2.08PA50center0With_background20num56.dat Diff-Evol    1.0e-04 1 1 1 1e+04 NFW      359.9993   0.0003     -1.941 0.796  81   2.40   47.0       -576.7627        -1126.46  2113 359.9994   0.0001     -1.901 0.096  24   2.04   49.842
2018-05-06-20:50:30 1.11  Mocks_Em/MockNFW40ellip5loga2.08PA50center0With_background20num57.dat Diff-Evol    1.0e-04 1 1 1 1e+04 NFW      359.9979  -0.0008     -1.899 0.793  58   2.56   51.6       -620.6412       -1214.217  2591 359.9983   0.0001     -1.909 0.176  39   2.01   61.370
2018-05-06-20:50:30 1.11  Mocks_Em/MockNFW40ellip5loga2.08PA50center0With_background20num58.dat Diff-Evol    1.0e-04 1 1 1 1e+04 NFW        0.0008  -0.0015     -1.906 0.800  71   0.27   52.7       -626.5664       -1226.068  2591   0.0009  -0.0011     -1.860 0.175   1   2.03   61.947
2018-05-06-20:50:30 1.11  Mocks_Em/MockNFW40ellip5loga2.08PA50center0With_background20num59.dat Diff-Evol    1.0e-04 1 1 1 1e+04 NFW        0.0010   0.0008     -1.920 0.795 114   0.82   48.7       -581.2082       -1135.351  2411   0.0008   0.0003     -1.880 0.162 157   2.03   57.103
2018-05-06-20:50:30 1.11  Mocks_Em/MockNFW40ellip5loga2.08PA50center0With_background20num60.dat Diff-Evol    1.0e-04 1 1 1 1e+04 NFW        0.0003   0.0003     -1.918 0.797  12   2.37   46.5        -559.163       -1091.261  2847   0.0007   0.0001     -1.874 0.140   4   2.00   67.011
2018-05-06-20:50:30 1.11  Mocks_Em/MockNFW40ellip5loga2.08PA50center0With_background20num61.dat Diff-Evol    1.0e-04 1 1 1 1e+04 NFW      359.9996  -0.0016     -1.886 0.798  65   1.90   55.1       -634.3173       -1241.569  2847 359.9993  -0.0012     -1.882 0.135  16   2.01   65.061
2018-05-06-20:50:30 1.11  Mocks_Em/MockNFW40ellip5loga2.08PA50center0With_background20num62.dat Diff-Evol    1.0e-04 1 1 1 1e+04 NFW      359.9981   0.0023     -1.885 0.799  50   0.65   59.0       -699.7539       -1372.443  2217 359.9984   0.0012     -1.920 0.108 136   2.03   49.138
2018-05-06-20:50:30 1.11  Mocks_Em/MockNFW40ellip5loga2.08PA50center0With_background20num63.dat Diff-Evol    1.0e-04 1 1 1 1e+04 NFW      359.9994  -0.0016     -1.906 0.797  37   1.05   52.7       -630.0222       -1232.979  2259 359.9993  -0.0008     -1.916 0.206 135   2.03   52.919
2018-05-06-20:50:30 1.11  Mocks_Em/MockNFW40ellip5loga2.08PA50center0With_background20num64.dat Diff-Evol    1.0e-04 1 1 1 1e+04 NFW      359.9992   0.0002     -1.946 0.795  44   0.90   51.4       -684.6683       -1342.271  2314 359.9988  -0.0001     -1.905 0.198 141   2.07   55.286
2018-05-06-20:50:30 1.11  Mocks_Em/MockNFW40ellip5loga2.08PA50center0With_background20num65.dat Diff-Evol    1.0e-04 1 1 1 1e+04 NFW        0.0005  -0.0001     -1.921 0.798  61   0.19   51.8        -630.824       -1234.583  2217   0.0006  -0.0000     -1.958 0.123  31   2.05   52.878
2018-05-06-20:50:30 1.11  Mocks_Em/MockNFW40ellip5loga2.08PA50center0With_background20num66.dat Diff-Evol    1.0e-04 1 1 1 1e+04 NFW      359.9997  -0.0008     -1.907 0.788  81   0.89   51.2       -608.3245       -1189.584  2271 359.9997  -0.0008     -1.863 0.148   4   2.02   54.294
2018-05-06-20:50:30 1.11  Mocks_Em/MockNFW40ellip5loga2.08PA50center0With_background20num67.dat Diff-Evol    1.0e-04 1 1 1 1e+04 NFW      359.9990   0.0009     -1.897 0.785  56   0.34   55.2       -645.4203       -1263.775  2757 359.9991   0.0008     -1.893 0.010 143   2.03   64.507
2018-05-06-20:50:30 1.11  Mocks_Em/MockNFW40ellip5loga2.08PA50center0With_background20num68.dat Diff-Evol    1.0e-04 1 1 1 1e+04 NFW      359.9993  -0.0007     -1.918 0.796 114   0.92   49.4       -593.0338       -1159.002  2550 359.9998  -0.0004     -1.862 0.164  38   2.02   60.404
2018-05-06-20:50:30 1.11  Mocks_Em/MockNFW40ellip5loga2.08PA50center0With_background20num69.dat Diff-Evol    1.0e-04 1 1 1 1e+04 NFW      359.9983  -0.0025     -1.903 0.798  28   3.33   55.2       -680.2609       -1333.457  2536 359.9988  -0.0019     -1.974 0.023  25   2.05   60.091
2018-05-06-20:50:30 1.11  Mocks_Em/MockNFW40ellip5loga2.08PA50center0With_background20num70.dat Diff-Evol    1.0e-04 1 1 1 1e+04 NFW        0.0017  -0.0007     -1.906 0.800  81  -0.03   53.8       -642.2629       -1257.461  2217   0.0019  -0.0005     -1.865 0.107  42   2.04   52.386
2018-05-06-20:50:30 1.11  Mocks_Em/MockNFW40ellip5loga2.08PA50center0With_background20num71.dat Diff-Evol    1.0e-04 1 1 1 1e+04 NFW        0.0017   0.0003     -1.888 0.789 158   1.80   56.5       -661.0679       -1295.071  2384   0.0015   0.0004     -1.923 0.068  20   2.03   56.476
2018-05-06-20:50:30 1.11  Mocks_Em/MockNFW40ellip5loga2.08PA50center0With_background20num72.dat Diff-Evol    1.0e-04 1 1 1 1e+04 NFW        0.0001   0.0003     -1.938 0.786  72  -0.56   41.6       -486.6761       -946.2871  2488   0.0000   0.0002     -1.865 0.083 173   1.99   59.532
2018-05-06-20:50:30 1.11  Mocks_Em/MockNFW40ellip5loga2.08PA50center0With_background20num73.dat Diff-Evol    1.0e-04 1 1 1 1e+04 NFW      360.0000   0.0002     -1.923 0.797  65  -0.63   52.4       -645.4406       -1263.816  2465 359.9999   0.0002     -1.900 0.313  30   2.06   59.389
2018-05-06-20:50:30 1.11  Mocks_Em/MockNFW40ellip5loga2.08PA50center0With_background20num74.dat Diff-Evol    1.0e-04 1 1 1 1e+04 NFW      359.9986  -0.0002     -1.897 0.798  18  -0.69   59.7       -706.4576        -1385.85  2307 359.9989   0.0001     -2.016 0.071 169   2.07   54.996
2018-05-06-20:50:30 1.11  Mocks_Em/MockNFW40ellip5loga2.08PA50center0With_background20num75.dat Diff-Evol    1.0e-04 1 1 1 1e+04 NFW      359.9993   0.0002     -1.936 0.790  66   2.34   46.5       -573.3954       -1119.726  2391 359.9996   0.0004     -1.897 0.186  27   2.03   57.667
2018-05-06-20:50:30 1.11  Mocks_Em/MockNFW40ellip5loga2.08PA50center0With_background20num76.dat Diff-Evol    1.0e-04 1 1 1 1e+04 NFW      359.9992   0.0004     -1.930 0.795 128   2.24   51.9        -621.973       -1216.881  2231 359.9993   0.0005     -1.962 0.115 144   2.07   53.733
2018-05-06-20:50:30 1.11  Mocks_Em/MockNFW40ellip5loga2.08PA50center0With_background20num77.dat Diff-Evol    1.0e-04 1 1 1 1e+04 NFW      359.9996  -0.0005     -1.932 0.791  47   1.07   43.8       -526.0123       -1024.959  2170 359.9998  -0.0002     -1.888 0.110 169   2.00   52.419
2018-05-06-20:50:30 1.11  Mocks_Em/MockNFW40ellip5loga2.08PA50center0With_background20num78.dat Diff-Evol    1.0e-04 1 1 1 1e+04 NFW      359.9995   0.0018     -1.882 0.787 171   2.15   60.3       -690.9761       -1354.887  2091 359.9995   0.0018     -1.889 0.050  43   2.04   49.801
2018-05-06-20:50:30 1.11  Mocks_Em/MockNFW40ellip5loga2.08PA50center0With_background20num79.dat Diff-Evol    1.0e-04 1 1 1 1e+04 NFW      359.9994   0.0004     -1.899 0.799  56   2.67   53.8       -646.6663       -1266.267  2307 359.9993   0.0005     -1.973 0.231  32   2.03   55.023
2018-05-06-20:50:30 1.11  Mocks_Em/MockNFW40ellip5loga2.08PA50center0With_background20num80.dat Diff-Evol    1.0e-04 1 1 1 1e+04 NFW      359.9998   0.0011     -1.932 0.800  56   2.29   50.7       -628.4558       -1229.846  2217 359.9997   0.0007     -1.921 0.061 149   2.05   54.109
2018-05-06-20:50:30 1.11  Mocks_Em/MockNFW40ellip5loga2.08PA50center0With_background20num81.dat Diff-Evol    1.0e-04 1 1 1 1e+04 NFW      359.9997   0.0006     -1.931 0.795  17   0.50   53.3       -653.6074        -1280.15  2411   0.0001   0.0002     -1.950 0.227 169   2.08   58.310
2018-05-06-20:50:30 1.11  Mocks_Em/MockNFW40ellip5loga2.08PA50center0With_background20num82.dat Diff-Evol    1.0e-04 1 1 1 1e+04 NFW        0.0003   0.0010     -1.931 0.790  23   2.79   51.1        -616.616       -1206.167  2667   0.0002   0.0005     -1.931 0.090 154   2.07   64.429
2018-05-06-20:50:30 1.11  Mocks_Em/MockNFW40ellip5loga2.08PA50center0With_background20num83.dat Diff-Evol    1.0e-04 1 1 1 1e+04 NFW        0.0003   0.0007     -1.910 0.793  44  -0.71   48.2       -578.3005       -1129.536  2037   0.0008   0.0006     -1.869 0.218  25   2.00   49.457
2018-05-06-20:50:30 1.11  Mocks_Em/MockNFW40ellip5loga2.08PA50center0With_background20num84.dat Diff-Evol    1.0e-04 1 1 1 1e+04 NFW        0.0000  -0.0004     -1.921 0.794  36  -0.87   51.7       -612.1024        -1197.14  2536   0.0002  -0.0004     -1.910 0.132  38   2.05   61.581
2018-05-06-20:50:30 1.11  Mocks_Em/MockNFW40ellip5loga2.08PA50center0With_background20num85.dat Diff-Evol    1.0e-04 1 1 1 1e+04 NFW      359.9985   0.0007     -1.904 0.797  24   2.06   53.6       -628.1129       -1229.161  2411 359.9987   0.0004     -1.869 0.140 135   2.04   57.204
2018-05-06-20:50:30 1.11  Mocks_Em/MockNFW40ellip5loga2.08PA50center0With_background20num86.dat Diff-Evol    1.0e-04 1 1 1 1e+04 NFW        0.0000   0.0007     -1.908 0.789  56   0.81   50.2       -605.2841       -1183.503  2453 359.9999   0.0011     -1.906 0.137  20   2.01   57.487
2018-05-06-20:50:30 1.11  Mocks_Em/MockNFW40ellip5loga2.08PA50center0With_background20num87.dat Diff-Evol    1.0e-04 1 1 1 1e+04 NFW        0.0002   0.0003     -1.944 0.794  25   1.24   45.3       -571.3112       -1115.557  2197   0.0001   0.0003     -1.942 0.068  25   2.03   53.108
2018-05-06-20:50:30 1.11  Mocks_Em/MockNFW40ellip5loga2.08PA50center0With_background20num88.dat Diff-Evol    1.0e-04 1 1 1 1e+04 NFW        0.0010   0.0006     -1.889 0.789  54   2.79   54.5       -636.2028        -1245.34  2479   0.0012   0.0006     -1.875 0.147  40   2.02   59.497
2018-05-06-20:50:30 1.11  Mocks_Em/MockNFW40ellip5loga2.08PA50center0With_background20num89.dat Diff-Evol    1.0e-04 1 1 1 1e+04 NFW      359.9996  -0.0003     -1.961 0.794  47   3.70   46.0       -614.7896       -1202.514  2419 359.9998  -0.0003     -1.961 0.106 145   2.09   58.931
2018-05-06-20:50:30 1.11  Mocks_Em/MockNFW40ellip5loga2.08PA50center0With_background20num90.dat Diff-Evol    1.0e-04 1 1 1 1e+04 NFW      359.9991   0.0004     -1.901 0.790  57   2.98   51.4       -614.7358       -1202.406  2536 359.9987   0.0001     -1.886 0.059 158   2.01   59.365
2018-05-06-20:50:30 1.11  Mocks_Em/MockNFW40ellip5loga2.08PA50center0With_background20num91.dat Diff-Evol    1.0e-04 1 1 1 1e+04 NFW        0.0001  -0.0016     -1.898 0.798  63   0.39   54.0       -652.5563       -1278.047  2625   0.0002  -0.0014     -1.899 0.140  20   2.02   62.197
2018-05-06-20:50:30 1.11  Mocks_Em/MockNFW40ellip5loga2.08PA50center0With_background20num92.dat Diff-Evol    1.0e-04 1 1 1 1e+04 NFW      359.9990   0.0010     -1.902 0.792  65   0.99   56.4       -687.3241       -1347.583  2799 359.9990   0.0010     -1.918 0.269  34   2.05   66.571
2018-05-06-20:50:30 1.11  Mocks_Em/MockNFW40ellip5loga2.08PA50center0With_background20num93.dat Diff-Evol    1.0e-04 1 1 1 1e+04 NFW        0.0000  -0.0013     -1.907 0.798  77   1.79   53.0       -625.7007       -1224.336  2501   0.0001  -0.0015     -1.878 0.086   8   2.03   59.653
2018-05-06-20:50:30 1.11  Mocks_Em/MockNFW40ellip5loga2.08PA50center0With_background20num94.dat Diff-Evol    1.0e-04 1 1 1 1e+04 NFW        0.0001  -0.0007     -1.921 0.799  22  -0.44   46.0       -553.0492       -1079.033  2695   0.0002  -0.0002     -1.883 0.134 166   2.00   64.891
2018-05-06-20:50:30 1.11  Mocks_Em/MockNFW40ellip5loga2.08PA50center0With_background20num95.dat Diff-Evol    1.0e-04 1 1 1 1e+04 NFW      359.9986   0.0002     -1.892 0.796  63  -0.67   54.2       -639.9277        -1252.79  2003 359.9986   0.0004     -1.926 0.094 146   2.01   46.705
2018-05-06-20:50:30 1.11  Mocks_Em/MockNFW40ellip5loga2.08PA50center0With_background20num96.dat Diff-Evol    1.0e-04 1 1 1 1e+04 NFW        0.0011  -0.0002     -1.918 0.796 105   0.81   51.3       -617.9803       -1208.896  1954   0.0007  -0.0001     -1.949 0.114 179   2.04   46.692
2018-05-06-20:50:30 1.11  Mocks_Em/MockNFW40ellip5loga2.08PA50center0With_background20num97.dat Diff-Evol    1.0e-04 1 1 1 1e+04 NFW      359.9996  -0.0003     -1.931 0.798  36   1.55   49.2       -613.7727        -1200.48  2091 359.9997  -0.0003     -1.889 0.266 146   2.04   50.548
2018-05-06-20:50:30 1.11  Mocks_Em/MockNFW40ellip5loga2.08PA50center0With_background20num98.dat Diff-Evol    1.0e-04 1 1 1 1e+04 NFW      359.9995   0.0004     -1.906 0.795  86   2.51   47.0       -552.6535       -1078.242  2466 359.9992   0.0002     -1.848 0.089  13   1.98   59.237
2018-05-06-20:50:30 1.11  Mocks_Em/MockNFW40ellip5loga2.08PA50center0With_background20num99.dat Diff-Evol    1.0e-04 1 1 1 1e+04 NFW      359.9996   0.0001     -1.918 0.800  57   0.60   48.1       -583.7903       -1140.515  2217 359.9993   0.0005     -1.918 0.132  27   2.01   52.808
