2018-05-06-20:45:30 1.11  Mocks_Em/MockNFW40ellip5loga2.08PA50center0With_background20num0.dat L-BFGS-B     1.0e-04 1 1 1 1e+04 NFW      359.9996  -0.0022     -1.987 0.146  35   2.04   45.7       -629.5093       -1231.953    21 359.9996  -0.0022     -1.987 0.146  35   2.04    0.590
2018-05-06-20:45:30 1.11  Mocks_Em/MockNFW40ellip5loga2.08PA50center0With_background20num1.dat L-BFGS-B     1.0e-04 1 1 1 1e+04 NFW        0.0005   0.0012     -1.920 0.200  16   2.02   51.3       -580.2035       -1133.342   161   0.0005   0.0012     -1.920 0.200  16   2.02    3.834
2018-05-06-20:45:30 1.11  Mocks_Em/MockNFW40ellip5loga2.08PA50center0With_background20num2.dat L-BFGS-B     1.0e-04 1 1 1 1e+04 NFW        0.0004  -0.0005     -1.916 0.100  44   2.06   53.6       -551.1926        -1075.32    35   0.0004  -0.0005     -1.903 0.100  44   2.06    0.908
2018-05-06-20:45:30 1.11  Mocks_Em/MockNFW40ellip5loga2.08PA50center0With_background20num3.dat L-BFGS-B     1.0e-04 1 1 1 1e+04 NFW        0.0010  -0.0005     -1.901 0.088 151   2.02   52.9       -535.5652       -1044.065   154   0.0010  -0.0005     -1.874 0.088 151   2.02    3.968
2018-05-06-20:45:30 1.11  Mocks_Em/MockNFW40ellip5loga2.08PA50center0With_background20num4.dat L-BFGS-B     1.0e-04 1 1 1 1e+04 NFW        0.0020  -0.0004     -1.899 0.236 160   2.01   51.4       -545.3828       -1063.701   147   0.0020  -0.0004     -1.895 0.236 160   2.01    3.455
2018-05-06-20:45:30 1.11  Mocks_Em/MockNFW40ellip5loga2.08PA50center0With_background20num5.dat L-BFGS-B     1.0e-04 1 1 1 1e+04 NFW        0.0006  -0.0001     -1.907 0.137  34   2.06   55.8       -581.9549       -1136.845    21   0.0006  -0.0001     -1.907 0.137  34   2.06    0.542
2018-05-06-20:45:30 1.11  Mocks_Em/MockNFW40ellip5loga2.08PA50center0With_background20num6.dat L-BFGS-B     1.0e-04 1 1 1 1e+04 NFW      359.9994   0.0007     -1.980 0.082  30   2.10   48.8       -586.2272       -1145.389    21 359.9994   0.0007     -1.980 0.082  30   2.10    0.542
2018-05-06-20:45:30 1.11  Mocks_Em/MockNFW40ellip5loga2.08PA50center0With_background20num7.dat L-BFGS-B     1.0e-04 1 1 1 1e+04 NFW      359.9991   0.0007     -1.910 0.020 158   2.00   48.4       -507.2685       -987.4719    35 359.9991   0.0007     -1.910 0.020 158   2.00    0.748
2018-05-06-20:45:30 1.11  Mocks_Em/MockNFW40ellip5loga2.08PA50center0With_background20num8.dat L-BFGS-B     1.0e-04 1 1 1 1e+04 NFW        0.0005   0.0005     -1.926 0.099  43   2.02   47.2       -509.8962       -992.7272   140   0.0005   0.0005     -1.926 0.099  43   2.02    3.170
2018-05-06-20:45:30 1.11  Mocks_Em/MockNFW40ellip5loga2.08PA50center0With_background20num9.dat L-BFGS-B     1.0e-04 1 1 1 1e+04 NFW        0.0016   0.0003     -1.906 0.148 158   2.03   52.1       -537.6702       -1048.275   273   0.0016   0.0003     -1.896 0.148 158   2.03    6.090
2018-05-06-20:45:30 1.11  Mocks_Em/MockNFW40ellip5loga2.08PA50center0With_background20num10.dat L-BFGS-B     1.0e-04 1 1 1 1e+04 NFW      359.9986  -0.0013     -1.982 0.090   4   2.03   45.5       -615.7156       -1204.366   147 359.9986  -0.0013     -1.982 0.090   4   2.03    3.133
2018-05-06-20:45:30 1.11  Mocks_Em/MockNFW40ellip5loga2.08PA50center0With_background20num11.dat L-BFGS-B     1.0e-04 1 1 1 1e+04 NFW        0.0002   0.0003     -1.925 0.188   3   2.04   50.4       -546.2572       -1065.449    21   0.0002   0.0003     -1.925 0.188   3   2.04    0.542
2018-05-06-20:45:30 1.11  Mocks_Em/MockNFW40ellip5loga2.08PA50center0With_background20num12.dat L-BFGS-B     1.0e-04 1 1 1 1e+04 NFW        0.0006  -0.0001     -1.910 0.079 140   2.02   49.9       -515.5886       -1004.112   161   0.0006  -0.0001     -1.897 0.079 140   2.02    3.206
2018-05-06-20:45:30 1.11  Mocks_Em/MockNFW40ellip5loga2.08PA50center0With_background20num13.dat L-BFGS-B     1.0e-04 1 1 1 1e+04 NFW        0.0008   0.0003     -1.904 0.173 160   2.02   51.4       -531.9034       -1036.742   161   0.0008   0.0003     -1.882 0.173 160   2.02    4.131
2018-05-06-20:45:30 1.11  Mocks_Em/MockNFW40ellip5loga2.08PA50center0With_background20num14.dat L-BFGS-B     1.0e-04 1 1 1 1e+04 NFW      359.9997  -0.0007     -1.914 0.169  37   2.04   52.1       -545.0659       -1063.067   147 359.9997  -0.0007     -1.868 0.169  37   2.04    3.599
2018-05-06-20:45:30 1.11  Mocks_Em/MockNFW40ellip5loga2.08PA50center0With_background20num15.dat L-BFGS-B     1.0e-04 1 1 1 1e+04 NFW        0.0002  -0.0008     -1.949 0.083 159   2.05   48.9       -577.9293       -1128.793   161   0.0002  -0.0008     -1.949 0.083 159   2.05    3.201
2018-05-06-20:45:30 1.11  Mocks_Em/MockNFW40ellip5loga2.08PA50center0With_background20num16.dat L-BFGS-B     1.0e-04 1 1 1 1e+04 NFW        0.0010   0.0010     -1.905 0.107 141   2.04   54.1        -563.951       -1100.837   189   0.0010   0.0010     -1.905 0.107 141   2.04    3.542
2018-05-06-20:45:30 1.11  Mocks_Em/MockNFW40ellip5loga2.08PA50center0With_background20num17.dat L-BFGS-B     1.0e-04 1 1 1 1e+04 NFW        0.0010   0.0011     -1.893 0.122  13   2.04   56.7       -586.3774        -1145.69   147   0.0010   0.0011     -1.884 0.122  13   2.04    3.112
2018-05-06-20:45:30 1.11  Mocks_Em/MockNFW40ellip5loga2.08PA50center0With_background20num18.dat L-BFGS-B     1.0e-04 1 1 1 1e+04 NFW        0.0002   0.0000     -1.940 0.024  23   2.07   50.6        -550.111       -1073.157   147   0.0002   0.0000     -1.940 0.024  23   2.07    3.108
2018-05-06-20:45:30 1.11  Mocks_Em/MockNFW40ellip5loga2.08PA50center0With_background20num19.dat L-BFGS-B     1.0e-04 1 1 1 1e+04 NFW        0.0011  -0.0005     -1.897 0.161  16   2.03   55.0       -566.9471       -1106.829   147   0.0011  -0.0005     -1.897 0.161  16   2.03    3.380
2018-05-06-20:45:30 1.11  Mocks_Em/MockNFW40ellip5loga2.08PA50center0With_background20num20.dat L-BFGS-B     1.0e-04 1 1 1 1e+04 NFW        0.0004   0.0005     -1.916 0.103  40   2.00   46.1       -481.9812       -936.8972    21   0.0004   0.0005     -1.886 0.103  40   2.00    0.598
2018-05-06-20:45:30 1.11  Mocks_Em/MockNFW40ellip5loga2.08PA50center0With_background20num21.dat L-BFGS-B     1.0e-04 1 1 1 1e+04 NFW      359.9983  -0.0008     -1.904 0.163 154   2.01   53.3       -587.9723       -1148.879    21 359.9983  -0.0008     -1.904 0.163 154   2.01    0.335
2018-05-06-20:45:30 1.11  Mocks_Em/MockNFW40ellip5loga2.08PA50center0With_background20num22.dat L-BFGS-B     1.0e-04 1 1 1 1e+04 NFW      359.9989  -0.0011     -1.906 0.116  20   2.02   53.3       -573.5064       -1119.948   252 359.9989  -0.0011     -1.906 0.116  20   2.02    4.734
2018-05-06-20:45:30 1.11  Mocks_Em/MockNFW40ellip5loga2.08PA50center0With_background20num23.dat L-BFGS-B     1.0e-04 1 1 1 1e+04 NFW      360.0000  -0.0008     -1.924 0.103  30   2.05   50.6       -531.0232       -1034.981   161 360.0000  -0.0008     -1.915 0.103  30   2.05    3.996
2018-05-06-20:45:30 1.11  Mocks_Em/MockNFW40ellip5loga2.08PA50center0With_background20num24.dat L-BFGS-B     1.0e-04 1 1 1 1e+04 NFW        0.0014   0.0013     -1.885 0.064  32   2.03   57.9       -590.8237       -1154.582   140   0.0014   0.0013     -1.885 0.064  32   2.03    2.785
2018-05-06-20:45:30 1.11  Mocks_Em/MockNFW40ellip5loga2.08PA50center0With_background20num25.dat L-BFGS-B     1.0e-04 1 1 1 1e+04 NFW      359.9991  -0.0007     -1.919 0.092  30   2.03   51.3       -557.7558       -1088.446   168 359.9991  -0.0007     -1.919 0.092  30   2.03    3.468
2018-05-06-20:45:30 1.11  Mocks_Em/MockNFW40ellip5loga2.08PA50center0With_background20num26.dat L-BFGS-B     1.0e-04 1 1 1 1e+04 NFW        0.0003   0.0010     -1.925 0.056  20   2.01   47.5       -520.8081       -1014.551    98   0.0003   0.0010     -1.925 0.056  20   2.01    2.092
2018-05-06-20:45:30 1.11  Mocks_Em/MockNFW40ellip5loga2.08PA50center0With_background20num27.dat L-BFGS-B     1.0e-04 1 1 1 1e+04 NFW      359.9994   0.0008     -1.918 0.197 174   2.04   50.6       -528.5505       -1030.036    42 359.9994   0.0008     -1.874 0.197 174   2.04    0.737
2018-05-06-20:45:30 1.11  Mocks_Em/MockNFW40ellip5loga2.08PA50center0With_background20num28.dat L-BFGS-B     1.0e-04 1 1 1 1e+04 NFW      359.9982  -0.0006     -1.905 0.070 165   2.02   54.7       -599.6457       -1172.226    21 359.9982  -0.0006     -1.905 0.070 165   2.02    0.382
2018-05-06-20:45:30 1.11  Mocks_Em/MockNFW40ellip5loga2.08PA50center0With_background20num29.dat L-BFGS-B     1.0e-04 1 1 1 1e+04 NFW      359.9996   0.0010     -1.927 0.240  11   2.05   51.4       -573.7128        -1120.36   217 359.9996   0.0010     -1.927 0.240  11   2.05    4.414
2018-05-06-20:45:30 1.11  Mocks_Em/MockNFW40ellip5loga2.08PA50center0With_background20num30.dat L-BFGS-B     1.0e-04 1 1 1 1e+04 NFW        0.0005   0.0015     -1.905 0.036 159   2.02   51.4       -522.2672       -1017.469   154   0.0005   0.0015     -1.892 0.036 159   2.02    3.388
2018-05-06-20:45:30 1.11  Mocks_Em/MockNFW40ellip5loga2.08PA50center0With_background20num31.dat L-BFGS-B     1.0e-04 1 1 1 1e+04 NFW        0.0009   0.0014     -1.955 0.123   5   2.07   49.9       -596.9365       -1166.808    49   0.0009   0.0014     -1.955 0.123   5   2.07    1.224
2018-05-06-20:45:30 1.11  Mocks_Em/MockNFW40ellip5loga2.08PA50center0With_background20num32.dat L-BFGS-B     1.0e-04 1 1 1 1e+04 NFW        0.0004  -0.0005     -1.913 0.068  42   2.03   50.6        -517.667       -1008.269    35   0.0004  -0.0005     -1.905 0.068  42   2.03    0.882
2018-05-06-20:45:30 1.11  Mocks_Em/MockNFW40ellip5loga2.08PA50center0With_background20num33.dat L-BFGS-B     1.0e-04 1 1 1 1e+04 NFW        0.0022   0.0007     -1.921 0.074 178   2.03   53.2       -606.5208       -1185.976   224   0.0022   0.0007     -1.921 0.074 178   2.03    4.314
2018-05-06-20:45:30 1.11  Mocks_Em/MockNFW40ellip5loga2.08PA50center0With_background20num34.dat L-BFGS-B     1.0e-04 1 1 1 1e+04 NFW      359.9993   0.0008     -1.928 0.137 170   2.07   54.1       -606.6886       -1186.312   196 359.9993   0.0008     -1.928 0.137 170   2.07    4.107
2018-05-06-20:45:30 1.11  Mocks_Em/MockNFW40ellip5loga2.08PA50center0With_background20num35.dat L-BFGS-B     1.0e-04 1 1 1 1e+04 NFW      359.9994   0.0004     -1.909 0.170  32   2.00   48.3       -501.8836        -976.702    35 359.9994   0.0004     -1.858 0.170  32   2.00    0.553
2018-05-06-20:45:30 1.11  Mocks_Em/MockNFW40ellip5loga2.08PA50center0With_background20num36.dat L-BFGS-B     1.0e-04 1 1 1 1e+04 NFW      359.9992  -0.0001     -1.950 0.040 159   2.03   45.6       -525.0858       -1023.107    70 359.9992  -0.0001     -1.950 0.040 159   2.03    1.481
2018-05-06-20:45:30 1.11  Mocks_Em/MockNFW40ellip5loga2.08PA50center0With_background20num37.dat L-BFGS-B     1.0e-04 1 1 1 1e+04 NFW      359.9989  -0.0012     -1.890 0.146 165   2.04   57.4        -590.113       -1153.161   119 359.9989  -0.0012     -1.888 0.146 165   2.04    2.469
2018-05-06-20:45:30 1.11  Mocks_Em/MockNFW40ellip5loga2.08PA50center0With_background20num38.dat L-BFGS-B     1.0e-04 1 1 1 1e+04 NFW      359.9997   0.0004     -1.924 0.118 149   2.07   53.1       -573.6456       -1120.226   189 359.9997   0.0004     -1.924 0.118 149   2.07    3.873
2018-05-06-20:45:30 1.11  Mocks_Em/MockNFW40ellip5loga2.08PA50center0With_background20num39.dat L-BFGS-B     1.0e-04 1 1 1 1e+04 NFW      359.9999   0.0002     -1.939 0.068  17   2.10   53.8       -578.9355       -1130.806   175 359.9999   0.0002     -1.939 0.068  17   2.10    3.367
2018-05-06-20:45:30 1.11  Mocks_Em/MockNFW40ellip5loga2.08PA50center0With_background20num40.dat L-BFGS-B     1.0e-04 1 1 1 1e+04 NFW        0.0004  -0.0001     -1.973 0.185 156   2.08   47.1       -558.9246       -1090.784   217   0.0004  -0.0001     -1.973 0.185 156   2.08    4.261
2018-05-06-20:45:30 1.11  Mocks_Em/MockNFW40ellip5loga2.08PA50center0With_background20num41.dat L-BFGS-B     1.0e-04 1 1 1 1e+04 NFW      360.0000  -0.0006     -1.996 0.083 161   2.09   46.4       -604.4862       -1181.907   147 360.0000  -0.0006     -1.996 0.083 161   2.09    3.213
2018-05-06-20:45:30 1.11  Mocks_Em/MockNFW40ellip5loga2.08PA50center0With_background20num42.dat L-BFGS-B     1.0e-04 1 1 1 1e+04 NFW      359.9988   0.0017     -1.922 0.032 145   2.05   52.6       -565.9106       -1104.756    35 359.9988   0.0017     -1.922 0.032 145   2.05    0.635
2018-05-06-20:45:30 1.11  Mocks_Em/MockNFW40ellip5loga2.08PA50center0With_background20num43.dat L-BFGS-B     1.0e-04 1 1 1 1e+04 NFW        0.0011  -0.0002     -1.944 0.118 136   2.05   48.1       -551.4371       -1075.809   238   0.0011  -0.0002     -1.944 0.118 136   2.05    4.819
2018-05-06-20:45:30 1.11  Mocks_Em/MockNFW40ellip5loga2.08PA50center0With_background20num44.dat L-BFGS-B     1.0e-04 1 1 1 1e+04 NFW      359.9994   0.0007     -1.934 0.219  14   2.07   52.8        -595.891       -1164.717   154 359.9994   0.0007     -1.934 0.219  14   2.07    3.492
2018-05-06-20:45:30 1.11  Mocks_Em/MockNFW40ellip5loga2.08PA50center0With_background20num45.dat L-BFGS-B     1.0e-04 1 1 1 1e+04 NFW      359.9997   0.0004     -1.927 0.160  42   2.08   54.1       -577.3739       -1127.683   147 359.9997   0.0004     -1.927 0.160  42   2.08    2.696
2018-05-06-20:45:30 1.11  Mocks_Em/MockNFW40ellip5loga2.08PA50center0With_background20num46.dat L-BFGS-B     1.0e-04 1 1 1 1e+04 NFW      359.9979   0.0002     -1.944 0.215  25   2.00   47.0        -593.311       -1159.557   147 359.9979   0.0002     -1.944 0.215  25   2.00    3.265
2018-05-06-20:45:30 1.11  Mocks_Em/MockNFW40ellip5loga2.08PA50center0With_background20num47.dat L-BFGS-B     1.0e-04 1 1 1 1e+04 NFW      359.9993   0.0001     -1.928 0.088 172   2.07   52.1       -543.3032       -1059.541   133 359.9993   0.0001     -1.926 0.088 172   2.07    3.160
2018-05-06-20:45:30 1.11  Mocks_Em/MockNFW40ellip5loga2.08PA50center0With_background20num48.dat L-BFGS-B     1.0e-04 1 1 1 1e+04 NFW        0.0005  -0.0001     -1.922 0.089  23   2.07   54.3       -574.3765       -1121.688   182   0.0005  -0.0001     -1.922 0.089  23   2.07    4.216
2018-05-06-20:45:30 1.11  Mocks_Em/MockNFW40ellip5loga2.08PA50center0With_background20num49.dat L-BFGS-B     1.0e-04 1 1 1 1e+04 NFW        0.0022  -0.0010     -1.930 0.159 139   1.99   49.0       -600.8303       -1174.595   189   0.0022  -0.0010     -1.930 0.159 139   1.99    3.673
2018-05-06-20:45:30 1.11  Mocks_Em/MockNFW40ellip5loga2.08PA50center0With_background20num50.dat L-BFGS-B     1.0e-04 1 1 1 1e+04 NFW        0.0012   0.0018     -1.866 0.194  44   2.00   58.9       -602.3712       -1177.677   210   0.0012   0.0018     -1.866 0.194  44   2.00    4.069
2018-05-06-20:45:30 1.11  Mocks_Em/MockNFW40ellip5loga2.08PA50center0With_background20num51.dat L-BFGS-B     1.0e-04 1 1 1 1e+04 NFW      359.9995  -0.0003     -1.905 0.234  28   2.05   55.1       -580.3289       -1133.593   140 359.9995  -0.0003     -1.890 0.234  28   2.05    3.417
2018-05-06-20:45:30 1.11  Mocks_Em/MockNFW40ellip5loga2.08PA50center0With_background20num52.dat L-BFGS-B     1.0e-04 1 1 1 1e+04 NFW      359.9985   0.0001     -1.888 0.324 139   2.01   53.6       -557.6092       -1088.153   175 359.9985   0.0001     -1.872 0.324 139   2.01    4.247
2018-05-06-20:45:30 1.11  Mocks_Em/MockNFW40ellip5loga2.08PA50center0With_background20num53.dat L-BFGS-B     1.0e-04 1 1 1 1e+04 NFW      359.9991   0.0003     -1.901 0.071 178   2.02   52.1       -523.2858       -1019.506   161 359.9991   0.0003     -1.877 0.071 178   2.02    2.997
2018-05-06-20:45:30 1.11  Mocks_Em/MockNFW40ellip5loga2.08PA50center0With_background20num54.dat L-BFGS-B     1.0e-04 1 1 1 1e+04 NFW        0.0001  -0.0002     -1.919 0.050  12   2.07   53.6       -549.7832       -1072.501    21   0.0001  -0.0002     -1.916 0.050  12   2.07    0.396
2018-05-06-20:45:30 1.11  Mocks_Em/MockNFW40ellip5loga2.08PA50center0With_background20num55.dat L-BFGS-B     1.0e-04 1 1 1 1e+04 NFW        0.0004   0.0001     -1.924 0.133  32   2.01   46.1        -483.196       -939.3268   238   0.0004   0.0001     -1.873 0.133  32   2.01    5.770
2018-05-06-20:45:30 1.11  Mocks_Em/MockNFW40ellip5loga2.08PA50center0With_background20num56.dat L-BFGS-B     1.0e-04 1 1 1 1e+04 NFW      359.9994   0.0001     -1.925 0.096  24   2.04   49.1       -510.9689       -994.8727    21 359.9994   0.0001     -1.901 0.096  24   2.04    0.538
2018-05-06-20:45:30 1.11  Mocks_Em/MockNFW40ellip5loga2.08PA50center0With_background20num57.dat L-BFGS-B     1.0e-04 1 1 1 1e+04 NFW      359.9983   0.0001     -1.909 0.177  39   2.01   50.4       -546.6635       -1066.262   112 359.9983   0.0001     -1.909 0.176  39   2.01    2.149
2018-05-06-20:45:30 1.11  Mocks_Em/MockNFW40ellip5loga2.08PA50center0With_background20num58.dat L-BFGS-B     1.0e-04 1 1 1 1e+04 NFW        0.0009  -0.0011     -1.900 0.175   1   2.03   53.6       -555.3224        -1083.58   175   0.0009  -0.0011     -1.860 0.175   1   2.03    3.377
2018-05-06-20:45:30 1.11  Mocks_Em/MockNFW40ellip5loga2.08PA50center0With_background20num59.dat L-BFGS-B     1.0e-04 1 1 1 1e+04 NFW        0.0008   0.0003     -1.917 0.162 157   2.03   49.1        -515.303       -1003.541   231   0.0008   0.0003     -1.880 0.162 157   2.03    5.576
2018-05-06-20:45:30 1.11  Mocks_Em/MockNFW40ellip5loga2.08PA50center0With_background20num60.dat L-BFGS-B     1.0e-04 1 1 1 1e+04 NFW        0.0007   0.0001     -1.916 0.140   4   2.00   46.8       -491.5142       -955.9633   182   0.0007   0.0001     -1.874 0.140   4   2.00    4.073
2018-05-06-20:45:30 1.11  Mocks_Em/MockNFW40ellip5loga2.08PA50center0With_background20num61.dat L-BFGS-B     1.0e-04 1 1 1 1e+04 NFW      359.9993  -0.0012     -1.886 0.135  16   2.01   55.1       -559.6329       -1092.201   182 359.9993  -0.0012     -1.882 0.135  16   2.01    4.243
2018-05-06-20:45:30 1.11  Mocks_Em/MockNFW40ellip5loga2.08PA50center0With_background20num62.dat L-BFGS-B     1.0e-04 1 1 1 1e+04 NFW      359.9984   0.0012     -1.920 0.108 136   2.03   53.6       -616.9376        -1206.81    35 359.9984   0.0012     -1.920 0.108 136   2.03    0.513
2018-05-06-20:45:30 1.11  Mocks_Em/MockNFW40ellip5loga2.08PA50center0With_background20num63.dat L-BFGS-B     1.0e-04 1 1 1 1e+04 NFW      359.9993  -0.0008     -1.916 0.206 135   2.03   51.3       -554.5892       -1082.113    91 359.9993  -0.0008     -1.916 0.206 135   2.03    1.629
2018-05-06-20:45:30 1.11  Mocks_Em/MockNFW40ellip5loga2.08PA50center0With_background20num64.dat L-BFGS-B     1.0e-04 1 1 1 1e+04 NFW      359.9988  -0.0001     -1.905 0.198 141   2.07   57.4       -605.5549       -1184.045   147 359.9988  -0.0001     -1.905 0.198 141   2.07    2.751
2018-05-06-20:45:30 1.11  Mocks_Em/MockNFW40ellip5loga2.08PA50center0With_background20num65.dat L-BFGS-B     1.0e-04 1 1 1 1e+04 NFW        0.0006  -0.0000     -1.958 0.123  31   2.05   46.9       -556.9044       -1086.744   147   0.0006  -0.0000     -1.958 0.123  31   2.05    3.246
2018-05-06-20:45:30 1.11  Mocks_Em/MockNFW40ellip5loga2.08PA50center0With_background20num66.dat L-BFGS-B     1.0e-04 1 1 1 1e+04 NFW      359.9997  -0.0008     -1.900 0.148   4   2.02   52.1       -539.4973       -1051.929   175 359.9997  -0.0008     -1.863 0.148   4   2.02    3.447
2018-05-06-20:45:30 1.11  Mocks_Em/MockNFW40ellip5loga2.08PA50center0With_background20num67.dat L-BFGS-B     1.0e-04 1 1 1 1e+04 NFW      359.9991   0.0008     -1.893 0.010 143   2.03   55.7        -564.158       -1101.251   112 359.9991   0.0008     -1.893 0.010 143   2.03    2.099
2018-05-06-20:45:30 1.11  Mocks_Em/MockNFW40ellip5loga2.08PA50center0With_background20num68.dat L-BFGS-B     1.0e-04 1 1 1 1e+04 NFW      359.9998  -0.0004     -1.909 0.164  38   2.02   50.6       -527.6199       -1028.175   147 359.9998  -0.0004     -1.862 0.164  38   2.02    3.375
2018-05-06-20:45:30 1.11  Mocks_Em/MockNFW40ellip5loga2.08PA50center0With_background20num69.dat L-BFGS-B     1.0e-04 1 1 1 1e+04 NFW      359.9988  -0.0019     -1.974 0.023  25   2.05   46.4       -590.5189       -1153.973    21 359.9988  -0.0019     -1.974 0.023  25   2.05    0.618
2018-05-06-20:45:30 1.11  Mocks_Em/MockNFW40ellip5loga2.08PA50center0With_background20num70.dat L-BFGS-B     1.0e-04 1 1 1 1e+04 NFW        0.0019  -0.0005     -1.897 0.107  42   2.04   55.1        -566.455       -1105.845   252   0.0019  -0.0005     -1.865 0.107  42   2.04    5.759
2018-05-06-20:45:30 1.11  Mocks_Em/MockNFW40ellip5loga2.08PA50center0With_background20num71.dat L-BFGS-B     1.0e-04 1 1 1 1e+04 NFW        0.0015   0.0004     -1.923 0.068  20   2.03   51.4       -578.7409       -1130.417   147   0.0015   0.0004     -1.923 0.068  20   2.03    3.366
2018-05-06-20:45:30 1.11  Mocks_Em/MockNFW40ellip5loga2.08PA50center0With_background20num72.dat L-BFGS-B     1.0e-04 1 1 1 1e+04 NFW        0.0000   0.0002     -1.938 0.083 173   1.99   41.5       -431.4913       -835.9174    21   0.0000   0.0002     -1.865 0.083 173   1.99    0.538
2018-05-06-20:45:30 1.11  Mocks_Em/MockNFW40ellip5loga2.08PA50center0With_background20num73.dat L-BFGS-B     1.0e-04 1 1 1 1e+04 NFW      359.9999   0.0002     -1.914 0.313  30   2.06   53.6       -562.2022       -1097.339   147 359.9999   0.0002     -1.900 0.313  30   2.06    2.966
2018-05-06-20:45:30 1.11  Mocks_Em/MockNFW40ellip5loga2.08PA50center0With_background20num74.dat L-BFGS-B     1.0e-04 1 1 1 1e+04 NFW      359.9989   0.0001     -2.016 0.071 169   2.07   43.4       -617.1942       -1207.323   126 359.9989   0.0001     -2.016 0.071 169   2.07    3.021
2018-05-06-20:45:30 1.11  Mocks_Em/MockNFW40ellip5loga2.08PA50center0With_background20num75.dat L-BFGS-B     1.0e-04 1 1 1 1e+04 NFW      359.9996   0.0004     -1.923 0.186  27   2.03   48.3       -509.4662       -991.8672   210 359.9996   0.0004     -1.897 0.186  27   2.03    4.979
2018-05-06-20:45:30 1.11  Mocks_Em/MockNFW40ellip5loga2.08PA50center0With_background20num76.dat L-BFGS-B     1.0e-04 1 1 1 1e+04 NFW      359.9993   0.0005     -1.962 0.115 144   2.07   47.6       -545.3122       -1063.559   147 359.9993   0.0005     -1.962 0.115 144   2.07    3.551
2018-05-06-20:45:30 1.11  Mocks_Em/MockNFW40ellip5loga2.08PA50center0With_background20num77.dat L-BFGS-B     1.0e-04 1 1 1 1e+04 NFW      359.9998  -0.0002     -1.931 0.110 169   2.00   43.8       -464.3251       -901.5851   231 359.9998  -0.0002     -1.888 0.110 169   2.00    5.875
2018-05-06-20:45:30 1.11  Mocks_Em/MockNFW40ellip5loga2.08PA50center0With_background20num78.dat L-BFGS-B     1.0e-04 1 1 1 1e+04 NFW      359.9995   0.0018     -1.889 0.050  43   2.04   59.2       -606.1895       -1185.314   217 359.9995   0.0018     -1.889 0.050  43   2.04    4.587
2018-05-06-20:45:30 1.11  Mocks_Em/MockNFW40ellip5loga2.08PA50center0With_background20num79.dat L-BFGS-B     1.0e-04 1 1 1 1e+04 NFW      359.9993   0.0005     -1.973 0.231  32   2.03   44.3       -565.0042       -1102.943   161 359.9993   0.0005     -1.973 0.231  32   2.03    3.617
2018-05-06-20:45:30 1.11  Mocks_Em/MockNFW40ellip5loga2.08PA50center0With_background20num80.dat L-BFGS-B     1.0e-04 1 1 1 1e+04 NFW      359.9997   0.0007     -1.921 0.061 149   2.05   52.4       -552.2589       -1077.453    21 359.9997   0.0007     -1.921 0.061 149   2.05    0.379
2018-05-06-20:45:30 1.11  Mocks_Em/MockNFW40ellip5loga2.08PA50center0With_background20num81.dat L-BFGS-B     1.0e-04 1 1 1 1e+04 NFW        0.0001   0.0002     -1.950 0.227 169   2.08   50.4       -581.2531       -1135.441   182   0.0001   0.0002     -1.950 0.227 169   2.08    4.026
2018-05-06-20:45:30 1.11  Mocks_Em/MockNFW40ellip5loga2.08PA50center0With_background20num82.dat L-BFGS-B     1.0e-04 1 1 1 1e+04 NFW        0.0002   0.0005     -1.931 0.090 154   2.07   51.3       -543.6347       -1060.204   147   0.0002   0.0005     -1.931 0.090 154   2.07    2.871
2018-05-06-20:45:30 1.11  Mocks_Em/MockNFW40ellip5loga2.08PA50center0With_background20num83.dat L-BFGS-B     1.0e-04 1 1 1 1e+04 NFW        0.0008   0.0006     -1.909 0.218  25   2.00   48.3       -513.5817       -1000.098    21   0.0008   0.0006     -1.869 0.218  25   2.00    0.386
2018-05-06-20:45:30 1.11  Mocks_Em/MockNFW40ellip5loga2.08PA50center0With_background20num84.dat L-BFGS-B     1.0e-04 1 1 1 1e+04 NFW        0.0002  -0.0004     -1.918 0.132  38   2.05   52.1       -540.5376        -1054.01   161   0.0002  -0.0004     -1.910 0.132  38   2.05    3.621
2018-05-06-20:45:30 1.11  Mocks_Em/MockNFW40ellip5loga2.08PA50center0With_background20num85.dat L-BFGS-B     1.0e-04 1 1 1 1e+04 NFW      359.9987   0.0004     -1.904 0.140 135   2.04   53.6       -550.8201       -1074.575    21 359.9987   0.0004     -1.869 0.140 135   2.04    0.539
2018-05-06-20:45:30 1.11  Mocks_Em/MockNFW40ellip5loga2.08PA50center0With_background20num86.dat L-BFGS-B     1.0e-04 1 1 1 1e+04 NFW      359.9999   0.0011     -1.906 0.137  20   2.01   50.4       -531.9982       -1036.931   140 359.9999   0.0011     -1.906 0.137  20   2.01    2.975
2018-05-06-20:45:30 1.11  Mocks_Em/MockNFW40ellip5loga2.08PA50center0With_background20num87.dat L-BFGS-B     1.0e-04 1 1 1 1e+04 NFW        0.0001   0.0003     -1.942 0.068  25   2.03   45.4       -498.7237       -970.3823   147   0.0001   0.0003     -1.942 0.068  25   2.03    3.535
2018-05-06-20:45:30 1.11  Mocks_Em/MockNFW40ellip5loga2.08PA50center0With_background20num88.dat L-BFGS-B     1.0e-04 1 1 1 1e+04 NFW        0.0012   0.0006     -1.887 0.147  40   2.02   55.1       -562.7898       -1098.514   175   0.0012   0.0006     -1.875 0.147  40   2.02    4.285
2018-05-06-20:45:30 1.11  Mocks_Em/MockNFW40ellip5loga2.08PA50center0With_background20num89.dat L-BFGS-B     1.0e-04 1 1 1 1e+04 NFW      359.9998  -0.0003     -1.961 0.106 145   2.09   48.2        -541.653       -1056.241   147 359.9998  -0.0003     -1.961 0.106 145   2.09    3.308
2018-05-06-20:45:30 1.11  Mocks_Em/MockNFW40ellip5loga2.08PA50center0With_background20num90.dat L-BFGS-B     1.0e-04 1 1 1 1e+04 NFW      359.9987   0.0001     -1.894 0.059 158   2.01   52.9       -536.7315       -1046.398   182 359.9987   0.0001     -1.886 0.059 158   2.01    4.575
2018-05-06-20:45:30 1.11  Mocks_Em/MockNFW40ellip5loga2.08PA50center0With_background20num91.dat L-BFGS-B     1.0e-04 1 1 1 1e+04 NFW        0.0002  -0.0014     -1.899 0.140  20   2.02   53.7       -566.7372       -1106.409   147   0.0002  -0.0014     -1.899 0.140  20   2.02    2.875
2018-05-06-20:45:30 1.11  Mocks_Em/MockNFW40ellip5loga2.08PA50center0With_background20num92.dat L-BFGS-B     1.0e-04 1 1 1 1e+04 NFW      359.9990   0.0010     -1.918 0.269  34   2.05   54.0       -594.1216       -1161.178   147 359.9990   0.0010     -1.918 0.269  34   2.05    2.713
2018-05-06-20:45:30 1.11  Mocks_Em/MockNFW40ellip5loga2.08PA50center0With_background20num93.dat L-BFGS-B     1.0e-04 1 1 1 1e+04 NFW        0.0001  -0.0015     -1.898 0.086   8   2.03   54.4       -553.7906       -1080.516    35   0.0001  -0.0015     -1.878 0.086   8   2.03    0.897
2018-05-06-20:45:30 1.11  Mocks_Em/MockNFW40ellip5loga2.08PA50center0With_background20num94.dat L-BFGS-B     1.0e-04 1 1 1 1e+04 NFW        0.0002  -0.0002     -1.920 0.134 166   2.00   46.1       -485.0131       -942.9611   168   0.0002  -0.0002     -1.883 0.134 166   2.00    3.911
2018-05-06-20:45:30 1.11  Mocks_Em/MockNFW40ellip5loga2.08PA50center0With_background20num95.dat L-BFGS-B     1.0e-04 1 1 1 1e+04 NFW      359.9986   0.0004     -1.926 0.094 146   2.01   49.3       -559.7419       -1092.419   154 359.9986   0.0004     -1.926 0.094 146   2.01    3.605
2018-05-06-20:45:30 1.11  Mocks_Em/MockNFW40ellip5loga2.08PA50center0With_background20num96.dat L-BFGS-B     1.0e-04 1 1 1 1e+04 NFW        0.0007  -0.0001     -1.949 0.114 179   2.04   47.1        -544.128       -1061.191   252   0.0007  -0.0001     -1.949 0.114 179   2.04    5.708
2018-05-06-20:45:30 1.11  Mocks_Em/MockNFW40ellip5loga2.08PA50center0With_background20num97.dat L-BFGS-B     1.0e-04 1 1 1 1e+04 NFW      359.9997  -0.0003     -1.915 0.266 146   2.04   51.4       -542.3113       -1057.557   147 359.9997  -0.0003     -1.889 0.266 146   2.04    3.664
2018-05-06-20:45:30 1.11  Mocks_Em/MockNFW40ellip5loga2.08PA50center0With_background20num98.dat L-BFGS-B     1.0e-04 1 1 1 1e+04 NFW      359.9992   0.0002     -1.903 0.089  13   1.98   47.6        -485.828       -944.5908   217 359.9992   0.0002     -1.848 0.089  13   1.98    4.780
2018-05-06-20:45:30 1.11  Mocks_Em/MockNFW40ellip5loga2.08PA50center0With_background20num99.dat L-BFGS-B     1.0e-04 1 1 1 1e+04 NFW      359.9993   0.0005     -1.918 0.132  27   2.01   48.2       -512.3561       -997.6471   133 359.9993   0.0005     -1.918 0.132  27   2.01    2.719
