2018-05-06-22:23:43 1.11  Mocks_Em/MockNFW40ellip5loga2.08PA50center0With_background20num0.dat Nelder-Mead  1.0e-04 1 1 1 1e+04 NFW      359.9996  -0.0022     -1.993 0.153  35   2.04   45.0       -630.9255       -1234.786   502 359.9996  -0.0022     -1.987 0.146  35   2.04   11.240
2018-05-06-22:23:43 1.11  Mocks_Em/MockNFW40ellip5loga2.08PA50center0With_background20num1.dat Nelder-Mead  1.0e-04 1 1 1 1e+04 NFW        0.0005   0.0012     -1.923 0.209  16   2.02   50.9       -581.5354       -1136.006   503   0.0005   0.0012     -1.920 0.200  16   2.02   10.185
2018-05-06-22:23:43 1.11  Mocks_Em/MockNFW40ellip5loga2.08PA50center0With_background20num2.dat Nelder-Mead  1.0e-04 1 1 1 1e+04 NFW        0.0004  -0.0005     -1.950 0.102  44   2.07   48.8       -551.2476        -1075.43   501   0.0004  -0.0005     -1.903 0.100  44   2.06   10.622
2018-05-06-22:23:43 1.11  Mocks_Em/MockNFW40ellip5loga2.08PA50center0With_background20num3.dat Nelder-Mead  1.0e-04 1 1 1 1e+04 NFW        0.0010  -0.0005     -1.922 0.088 154   2.03   49.9       -535.7772       -1044.489   507   0.0010  -0.0005     -1.874 0.088 151   2.02   10.218
2018-05-06-22:23:43 1.11  Mocks_Em/MockNFW40ellip5loga2.08PA50center0With_background20num4.dat Nelder-Mead  1.0e-04 1 1 1 1e+04 NFW        0.0020  -0.0004     -1.942 0.239 162   2.01   45.7       -545.9011       -1064.737   501   0.0020  -0.0004     -1.895 0.236 160   2.01   10.332
2018-05-06-22:23:43 1.11  Mocks_Em/MockNFW40ellip5loga2.08PA50center0With_background20num5.dat Nelder-Mead  1.0e-04 1 1 1 1e+04 NFW        0.0005  -0.0001     -1.907 0.141  35   2.06   55.8       -583.2353       -1139.405   506   0.0006  -0.0001     -1.907 0.137  34   2.06   10.487
2018-05-06-22:23:43 1.11  Mocks_Em/MockNFW40ellip5loga2.08PA50center0With_background20num6.dat Nelder-Mead  1.0e-04 1 1 1 1e+04 NFW      359.9992   0.0007     -1.980 0.084  30   2.10   48.8       -587.1742       -1147.283   500 359.9994   0.0007     -1.980 0.082  30   2.10   10.776
2018-05-06-22:23:43 1.11  Mocks_Em/MockNFW40ellip5loga2.08PA50center0With_background20num7.dat Nelder-Mead  1.0e-04 1 1 1 1e+04 NFW      359.9997   0.0007     -1.910 0.020 166   2.00   48.4       -508.4952       -989.9253   500 359.9991   0.0007     -1.910 0.020 158   2.00   10.311
2018-05-06-22:23:43 1.11  Mocks_Em/MockNFW40ellip5loga2.08PA50center0With_background20num8.dat Nelder-Mead  1.0e-04 1 1 1 1e+04 NFW        0.0005   0.0005     -1.926 0.103  43   2.02   47.2       -510.5743       -994.0835   500   0.0005   0.0005     -1.926 0.099  43   2.02    9.965
2018-05-06-22:23:43 1.11  Mocks_Em/MockNFW40ellip5loga2.08PA50center0With_background20num9.dat Nelder-Mead  1.0e-04 1 1 1 1e+04 NFW        0.0016   0.0003     -1.944 0.149 161   2.03   47.0       -543.9492       -1060.833   503   0.0016   0.0003     -1.896 0.148 158   2.03   10.570
2018-05-06-22:23:43 1.11  Mocks_Em/MockNFW40ellip5loga2.08PA50center0With_background20num10.dat Nelder-Mead  1.0e-04 1 1 1 1e+04 NFW      359.9986  -0.0013     -1.982 0.094   4   2.03   45.5       -616.7584       -1206.452   500 359.9986  -0.0013     -1.982 0.090   4   2.03   10.930
2018-05-06-22:23:43 1.11  Mocks_Em/MockNFW40ellip5loga2.08PA50center0With_background20num11.dat Nelder-Mead  1.0e-04 1 1 1 1e+04 NFW        0.0002   0.0003     -1.925 0.195   3   2.07   50.4        -547.841       -1068.617   500   0.0002   0.0003     -1.925 0.188   3   2.04   10.145
2018-05-06-22:23:43 1.11  Mocks_Em/MockNFW40ellip5loga2.08PA50center0With_background20num12.dat Nelder-Mead  1.0e-04 1 1 1 1e+04 NFW        0.0006  -0.0001     -1.945 0.081 140   2.02   45.3        -515.899       -1004.733   500   0.0006  -0.0001     -1.897 0.079 140   2.02    9.700
2018-05-06-22:23:43 1.11  Mocks_Em/MockNFW40ellip5loga2.08PA50center0With_background20num13.dat Nelder-Mead  1.0e-04 1 1 1 1e+04 NFW        0.0008   0.0003     -1.952 0.173 160   2.02   45.0       -531.7088       -1036.353   504   0.0008   0.0003     -1.882 0.173 160   2.02   10.037
2018-05-06-22:23:43 1.11  Mocks_Em/MockNFW40ellip5loga2.08PA50center0With_background20num14.dat Nelder-Mead  1.0e-04 1 1 1 1e+04 NFW      359.9997  -0.0007     -1.915 0.171  37   2.06   51.9       -545.3363       -1063.607   501 359.9997  -0.0007     -1.868 0.169  37   2.04    9.712
2018-05-06-22:23:43 1.11  Mocks_Em/MockNFW40ellip5loga2.08PA50center0With_background20num15.dat Nelder-Mead  1.0e-04 1 1 1 1e+04 NFW        0.0000  -0.0008     -1.949 0.085 159   2.10   48.9       -581.9996       -1136.934   500   0.0002  -0.0008     -1.949 0.083 159   2.05   10.306
2018-05-06-22:23:43 1.11  Mocks_Em/MockNFW40ellip5loga2.08PA50center0With_background20num16.dat Nelder-Mead  1.0e-04 1 1 1 1e+04 NFW        0.0017   0.0010     -1.905 0.107 141   2.04   54.1       -565.1384       -1103.212   503   0.0010   0.0010     -1.905 0.107 141   2.04    9.871
2018-05-06-22:23:43 1.11  Mocks_Em/MockNFW40ellip5loga2.08PA50center0With_background20num17.dat Nelder-Mead  1.0e-04 1 1 1 1e+04 NFW        0.0010   0.0011     -1.931 0.125  13   2.04   51.0       -586.6803       -1146.296   500   0.0010   0.0011     -1.884 0.122  13   2.04   10.575
2018-05-06-22:23:43 1.11  Mocks_Em/MockNFW40ellip5loga2.08PA50center0With_background20num18.dat Nelder-Mead  1.0e-04 1 1 1 1e+04 NFW      359.9991   0.0002     -1.940 0.024  23   2.07   50.6       -551.9707       -1076.876   504   0.0002   0.0000     -1.940 0.024  23   2.07    9.736
2018-05-06-22:23:43 1.11  Mocks_Em/MockNFW40ellip5loga2.08PA50center0With_background20num19.dat Nelder-Mead  1.0e-04 1 1 1 1e+04 NFW        0.0011  -0.0005     -1.898 0.167  16   2.05   54.8       -568.2539       -1109.443   506   0.0011  -0.0005     -1.897 0.161  16   2.03   10.073
2018-05-06-22:23:43 1.11  Mocks_Em/MockNFW40ellip5loga2.08PA50center0With_background20num20.dat Nelder-Mead  1.0e-04 1 1 1 1e+04 NFW        0.0001   0.0005     -1.933 0.104  40   2.00   44.0       -482.7892       -938.5132   500   0.0004   0.0005     -1.886 0.103  40   2.00   10.509
2018-05-06-22:23:43 1.11  Mocks_Em/MockNFW40ellip5loga2.08PA50center0With_background20num21.dat Nelder-Mead  1.0e-04 1 1 1 1e+04 NFW      359.9983  -0.0008     -1.904 0.171 154   2.02   53.3       -589.4543       -1151.843   506 359.9983  -0.0008     -1.904 0.163 154   2.01    9.986
2018-05-06-22:23:43 1.11  Mocks_Em/MockNFW40ellip5loga2.08PA50center0With_background20num22.dat Nelder-Mead  1.0e-04 1 1 1 1e+04 NFW      359.9989  -0.0011     -1.954 0.117  20   2.05   46.9        -573.318       -1119.571   501 359.9989  -0.0011     -1.906 0.116  20   2.02   10.402
2018-05-06-22:23:43 1.11  Mocks_Em/MockNFW40ellip5loga2.08PA50center0With_background20num23.dat Nelder-Mead  1.0e-04 1 1 1 1e+04 NFW      359.9999  -0.0008     -1.963 0.103  30   2.05   45.4       -531.2444       -1035.424   500 360.0000  -0.0008     -1.915 0.103  30   2.05   10.239
2018-05-06-22:23:43 1.11  Mocks_Em/MockNFW40ellip5loga2.08PA50center0With_background20num24.dat Nelder-Mead  1.0e-04 1 1 1 1e+04 NFW        0.0014   0.0013     -1.885 0.067  32   2.03   57.9       -591.5619       -1156.059   500   0.0014   0.0013     -1.885 0.064  32   2.03   10.102
2018-05-06-22:23:43 1.11  Mocks_Em/MockNFW40ellip5loga2.08PA50center0With_background20num25.dat Nelder-Mead  1.0e-04 1 1 1 1e+04 NFW      359.9992  -0.0007     -1.919 0.096  30   2.03   51.3       -558.5816       -1090.098   506 359.9991  -0.0007     -1.919 0.092  30   2.03   10.544
2018-05-06-22:23:43 1.11  Mocks_Em/MockNFW40ellip5loga2.08PA50center0With_background20num26.dat Nelder-Mead  1.0e-04 1 1 1 1e+04 NFW        0.0003   0.0010     -1.925 0.057  20   2.01   47.5       -521.2384       -1015.412   504   0.0003   0.0010     -1.925 0.056  20   2.01   10.867
2018-05-06-22:23:43 1.11  Mocks_Em/MockNFW40ellip5loga2.08PA50center0With_background20num27.dat Nelder-Mead  1.0e-04 1 1 1 1e+04 NFW      359.9994   0.0008     -1.921 0.201 174   2.05   50.1       -529.6032       -1032.141   507 359.9994   0.0008     -1.874 0.197 174   2.04   10.711
2018-05-06-22:23:43 1.11  Mocks_Em/MockNFW40ellip5loga2.08PA50center0With_background20num28.dat Nelder-Mead  1.0e-04 1 1 1 1e+04 NFW      359.9982  -0.0006     -1.905 0.072 169   2.02   54.7       -600.3004       -1173.536   504 359.9982  -0.0006     -1.905 0.070 165   2.02   10.050
2018-05-06-22:23:43 1.11  Mocks_Em/MockNFW40ellip5loga2.08PA50center0With_background20num29.dat Nelder-Mead  1.0e-04 1 1 1 1e+04 NFW      359.9996   0.0010     -1.975 0.243  11   2.07   45.2        -574.137       -1121.209   501 359.9996   0.0010     -1.927 0.240  11   2.05   10.728
2018-05-06-22:23:43 1.11  Mocks_Em/MockNFW40ellip5loga2.08PA50center0With_background20num30.dat Nelder-Mead  1.0e-04 1 1 1 1e+04 NFW        0.0007   0.0015     -1.940 0.036 159   2.04   46.7       -522.5738       -1018.082   501   0.0005   0.0015     -1.892 0.036 159   2.02   10.293
2018-05-06-22:23:43 1.11  Mocks_Em/MockNFW40ellip5loga2.08PA50center0With_background20num31.dat Nelder-Mead  1.0e-04 1 1 1 1e+04 NFW        0.0009   0.0014     -1.955 0.126   5   2.12   49.9       -597.8329       -1168.601   506   0.0009   0.0014     -1.955 0.123   5   2.07   10.740
2018-05-06-22:23:43 1.11  Mocks_Em/MockNFW40ellip5loga2.08PA50center0With_background20num32.dat Nelder-Mead  1.0e-04 1 1 1 1e+04 NFW      359.9999  -0.0006     -1.953 0.069  42   2.03   45.3        -518.427       -1009.789   502   0.0004  -0.0005     -1.905 0.068  42   2.03   10.578
2018-05-06-22:23:43 1.11  Mocks_Em/MockNFW40ellip5loga2.08PA50center0With_background20num33.dat Nelder-Mead  1.0e-04 1 1 1 1e+04 NFW        0.0028   0.0007     -1.945 0.076 178   2.03   49.8       -607.4202       -1187.775   505   0.0022   0.0007     -1.921 0.074 178   2.03   10.427
2018-05-06-22:23:43 1.11  Mocks_Em/MockNFW40ellip5loga2.08PA50center0With_background20num34.dat Nelder-Mead  1.0e-04 1 1 1 1e+04 NFW      359.9993   0.0008     -1.977 0.140 171   2.07   47.6       -606.6757       -1186.286   505 359.9993   0.0008     -1.928 0.137 170   2.07   10.613
2018-05-06-22:23:43 1.11  Mocks_Em/MockNFW40ellip5loga2.08PA50center0With_background20num35.dat Nelder-Mead  1.0e-04 1 1 1 1e+04 NFW      359.9997   0.0004     -1.928 0.172  32   2.00   45.9       -502.9983       -978.9314   500 359.9994   0.0004     -1.858 0.170  32   2.00   10.029
2018-05-06-22:23:43 1.11  Mocks_Em/MockNFW40ellip5loga2.08PA50center0With_background20num36.dat Nelder-Mead  1.0e-04 1 1 1 1e+04 NFW      359.9992  -0.0001     -1.953 0.040 159   2.03   45.3       -525.4172       -1023.769   504 359.9992  -0.0001     -1.950 0.040 159   2.03   10.621
2018-05-06-22:23:43 1.11  Mocks_Em/MockNFW40ellip5loga2.08PA50center0With_background20num37.dat Nelder-Mead  1.0e-04 1 1 1 1e+04 NFW      359.9988  -0.0012     -1.936 0.147 165   2.07   50.7        -590.323       -1153.581   500 359.9989  -0.0012     -1.888 0.146 165   2.04   10.103
2018-05-06-22:23:43 1.11  Mocks_Em/MockNFW40ellip5loga2.08PA50center0With_background20num38.dat Nelder-Mead  1.0e-04 1 1 1 1e+04 NFW      359.9997   0.0004     -1.927 0.123 149   2.07   52.7       -574.5529       -1122.041   502 359.9997   0.0004     -1.924 0.118 149   2.07   10.409
2018-05-06-22:23:43 1.11  Mocks_Em/MockNFW40ellip5loga2.08PA50center0With_background20num39.dat Nelder-Mead  1.0e-04 1 1 1 1e+04 NFW        0.0005   0.0002     -1.940 0.070  17   2.13   53.8       -579.7953       -1132.525   507 359.9999   0.0002     -1.939 0.068  17   2.10   10.307
2018-05-06-22:23:43 1.11  Mocks_Em/MockNFW40ellip5loga2.08PA50center0With_background20num40.dat Nelder-Mead  1.0e-04 1 1 1 1e+04 NFW        0.0004  -0.0001     -1.973 0.192 156   2.09   47.1       -560.2074        -1093.35   505   0.0004  -0.0001     -1.973 0.185 156   2.08   10.846
2018-05-06-22:23:43 1.11  Mocks_Em/MockNFW40ellip5loga2.08PA50center0With_background20num41.dat Nelder-Mead  1.0e-04 1 1 1 1e+04 NFW        0.0002  -0.0006     -1.996 0.085 161   2.13   46.4       -605.4782       -1183.891   505 360.0000  -0.0006     -1.996 0.083 161   2.09   10.774
2018-05-06-22:23:43 1.11  Mocks_Em/MockNFW40ellip5loga2.08PA50center0With_background20num42.dat Nelder-Mead  1.0e-04 1 1 1 1e+04 NFW      359.9987   0.0017     -1.922 0.033 145   2.05   52.6       -566.3937       -1105.722   506 359.9988   0.0017     -1.922 0.032 145   2.05   10.296
2018-05-06-22:23:43 1.11  Mocks_Em/MockNFW40ellip5loga2.08PA50center0With_background20num43.dat Nelder-Mead  1.0e-04 1 1 1 1e+04 NFW        0.0011  -0.0002     -1.995 0.118 136   2.05   42.0       -551.4669       -1075.869   500   0.0011  -0.0002     -1.944 0.118 136   2.05   10.605
2018-05-06-22:23:43 1.11  Mocks_Em/MockNFW40ellip5loga2.08PA50center0With_background20num44.dat Nelder-Mead  1.0e-04 1 1 1 1e+04 NFW      359.9993   0.0007     -1.934 0.224  14   2.07   52.8       -597.1939       -1167.323   507 359.9994   0.0007     -1.934 0.219  14   2.07   10.620
2018-05-06-22:23:43 1.11  Mocks_Em/MockNFW40ellip5loga2.08PA50center0With_background20num45.dat Nelder-Mead  1.0e-04 1 1 1 1e+04 NFW      359.9997   0.0004     -1.927 0.168  42   2.09   54.1       -578.5471       -1130.029   507 359.9997   0.0004     -1.927 0.160  42   2.08   10.440
2018-05-06-22:23:43 1.11  Mocks_Em/MockNFW40ellip5loga2.08PA50center0With_background20num46.dat Nelder-Mead  1.0e-04 1 1 1 1e+04 NFW      359.9979   0.0002     -1.944 0.225  25   2.00   47.0       -595.6145       -1164.164   500 359.9979   0.0002     -1.944 0.215  25   2.00   10.466
2018-05-06-22:23:43 1.11  Mocks_Em/MockNFW40ellip5loga2.08PA50center0With_background20num47.dat Nelder-Mead  1.0e-04 1 1 1 1e+04 NFW      359.9993   0.0001     -1.975 0.089 172   2.07   45.8        -543.517       -1059.969   502 359.9993   0.0001     -1.926 0.088 172   2.07   10.767
2018-05-06-22:23:43 1.11  Mocks_Em/MockNFW40ellip5loga2.08PA50center0With_background20num48.dat Nelder-Mead  1.0e-04 1 1 1 1e+04 NFW        0.0005  -0.0001     -1.922 0.093  23   2.07   54.3       -575.3861       -1123.707   507   0.0005  -0.0001     -1.922 0.089  23   2.07   10.532
2018-05-06-22:23:43 1.11  Mocks_Em/MockNFW40ellip5loga2.08PA50center0With_background20num49.dat Nelder-Mead  1.0e-04 1 1 1 1e+04 NFW        0.0033  -0.0010     -1.930 0.165 140   1.99   49.0       -602.8677        -1178.67   505   0.0022  -0.0010     -1.930 0.159 139   1.99   10.375
2018-05-06-22:23:43 1.11  Mocks_Em/MockNFW40ellip5loga2.08PA50center0With_background20num50.dat Nelder-Mead  1.0e-04 1 1 1 1e+04 NFW        0.0010   0.0018     -1.866 0.203  45   2.00   58.9       -604.4315       -1181.798   500   0.0012   0.0018     -1.866 0.194  44   2.00    9.753
2018-05-06-22:23:43 1.11  Mocks_Em/MockNFW40ellip5loga2.08PA50center0With_background20num51.dat Nelder-Mead  1.0e-04 1 1 1 1e+04 NFW      359.9994  -0.0003     -1.939 0.239  28   2.05   50.3       -581.2181       -1135.371   500 359.9995  -0.0003     -1.890 0.234  28   2.05   10.063
2018-05-06-22:23:43 1.11  Mocks_Em/MockNFW40ellip5loga2.08PA50center0With_background20num52.dat Nelder-Mead  1.0e-04 1 1 1 1e+04 NFW      359.9985   0.0001     -1.918 0.331 139   2.01   49.3       -558.3055       -1089.546   500 359.9985   0.0001     -1.872 0.324 139   2.01    9.912
2018-05-06-22:23:43 1.11  Mocks_Em/MockNFW40ellip5loga2.08PA50center0With_background20num53.dat Nelder-Mead  1.0e-04 1 1 1 1e+04 NFW      359.9987   0.0003     -1.924 0.071 178   2.02   48.9       -526.7254       -1026.386   500 359.9991   0.0003     -1.877 0.071 178   2.02   10.163
2018-05-06-22:23:43 1.11  Mocks_Em/MockNFW40ellip5loga2.08PA50center0With_background20num54.dat Nelder-Mead  1.0e-04 1 1 1 1e+04 NFW      359.9990  -0.0002     -1.964 0.051  12   2.07   47.4       -552.3966       -1077.728   500   0.0001  -0.0002     -1.916 0.050  12   2.07   10.390
2018-05-06-22:23:43 1.11  Mocks_Em/MockNFW40ellip5loga2.08PA50center0With_background20num55.dat Nelder-Mead  1.0e-04 1 1 1 1e+04 NFW        0.0002   0.0001     -1.944 0.133  32   2.01   43.6       -483.6672       -940.2692   501   0.0004   0.0001     -1.873 0.133  32   2.01    9.860
2018-05-06-22:23:43 1.11  Mocks_Em/MockNFW40ellip5loga2.08PA50center0With_background20num56.dat Nelder-Mead  1.0e-04 1 1 1 1e+04 NFW      359.9995   0.0001     -1.949 0.098  24   2.04   46.0        -511.408       -995.7508   500 359.9994   0.0001     -1.901 0.096  24   2.04   10.011
2018-05-06-22:23:43 1.11  Mocks_Em/MockNFW40ellip5loga2.08PA50center0With_background20num57.dat Nelder-Mead  1.0e-04 1 1 1 1e+04 NFW      359.9980   0.0001     -1.980 0.177  39   2.01   41.6       -546.3359       -1065.607   501 359.9983   0.0001     -1.909 0.176  39   2.01   10.138
2018-05-06-22:23:43 1.11  Mocks_Em/MockNFW40ellip5loga2.08PA50center0With_background20num58.dat Nelder-Mead  1.0e-04 1 1 1 1e+04 NFW        0.0009  -0.0011     -1.930 0.177   1   2.03   49.4       -555.3749       -1083.685   500   0.0009  -0.0011     -1.860 0.175   1   2.03    9.644
2018-05-06-22:23:43 1.11  Mocks_Em/MockNFW40ellip5loga2.08PA50center0With_background20num59.dat Nelder-Mead  1.0e-04 1 1 1 1e+04 NFW        0.0008   0.0003     -1.927 0.166 157   2.03   47.8       -516.0174        -1004.97   500   0.0008   0.0003     -1.880 0.162 157   2.03    9.719
2018-05-06-22:23:43 1.11  Mocks_Em/MockNFW40ellip5loga2.08PA50center0With_background20num60.dat Nelder-Mead  1.0e-04 1 1 1 1e+04 NFW        0.0007   0.0001     -1.944 0.140   4   2.00   43.4        -491.702       -956.3389   501   0.0007   0.0001     -1.874 0.140   4   2.00    9.550
2018-05-06-22:23:43 1.11  Mocks_Em/MockNFW40ellip5loga2.08PA50center0With_background20num61.dat Nelder-Mead  1.0e-04 1 1 1 1e+04 NFW      359.9993  -0.0012     -1.970 0.135  16   2.01   43.9       -558.5588       -1090.052   505 359.9993  -0.0012     -1.882 0.135  16   2.01   10.038
2018-05-06-22:23:43 1.11  Mocks_Em/MockNFW40ellip5loga2.08PA50center0With_background20num62.dat Nelder-Mead  1.0e-04 1 1 1 1e+04 NFW      359.9984   0.0012     -1.920 0.108 140   2.07   53.6       -617.5128        -1207.96   507 359.9984   0.0012     -1.920 0.108 136   2.03   10.418
2018-05-06-22:23:43 1.11  Mocks_Em/MockNFW40ellip5loga2.08PA50center0With_background20num63.dat Nelder-Mead  1.0e-04 1 1 1 1e+04 NFW      359.9993  -0.0008     -1.964 0.206 138   2.03   45.0       -554.7566       -1082.448   500 359.9993  -0.0008     -1.916 0.206 135   2.03   10.617
2018-05-06-22:23:43 1.11  Mocks_Em/MockNFW40ellip5loga2.08PA50center0With_background20num64.dat Nelder-Mead  1.0e-04 1 1 1 1e+04 NFW      359.9988  -0.0001     -1.905 0.203 141   2.10   57.4       -606.9241       -1186.783   500 359.9988  -0.0001     -1.905 0.198 141   2.07   10.295
2018-05-06-22:23:43 1.11  Mocks_Em/MockNFW40ellip5loga2.08PA50center0With_background20num65.dat Nelder-Mead  1.0e-04 1 1 1 1e+04 NFW        0.0006  -0.0000     -1.958 0.123  31   2.15   46.9       -557.7098       -1088.354   506   0.0006  -0.0000     -1.958 0.123  31   2.05   10.616
2018-05-06-22:23:43 1.11  Mocks_Em/MockNFW40ellip5loga2.08PA50center0With_background20num66.dat Nelder-Mead  1.0e-04 1 1 1 1e+04 NFW      359.9994  -0.0008     -1.910 0.148   4   2.02   50.8       -540.2995       -1053.534   500 359.9997  -0.0008     -1.863 0.148   4   2.02    9.590
2018-05-06-22:23:43 1.11  Mocks_Em/MockNFW40ellip5loga2.08PA50center0With_background20num67.dat Nelder-Mead  1.0e-04 1 1 1 1e+04 NFW      359.9991   0.0008     -1.893 0.010 146   2.03   55.7       -564.3748       -1101.684   500 359.9991   0.0008     -1.893 0.010 143   2.03    9.952
2018-05-06-22:23:43 1.11  Mocks_Em/MockNFW40ellip5loga2.08PA50center0With_background20num68.dat Nelder-Mead  1.0e-04 1 1 1 1e+04 NFW      359.9998  -0.0004     -1.909 0.168  38   2.02   50.6       -527.9286       -1028.792   500 359.9998  -0.0004     -1.862 0.164  38   2.02   10.334
2018-05-06-22:23:43 1.11  Mocks_Em/MockNFW40ellip5loga2.08PA50center0With_background20num69.dat Nelder-Mead  1.0e-04 1 1 1 1e+04 NFW      359.9982  -0.0019     -1.974 0.023  25   2.05   46.4       -592.5257       -1157.986   501 359.9988  -0.0019     -1.974 0.023  25   2.05   10.549
2018-05-06-22:23:43 1.11  Mocks_Em/MockNFW40ellip5loga2.08PA50center0With_background20num70.dat Nelder-Mead  1.0e-04 1 1 1 1e+04 NFW        0.0019  -0.0006     -1.912 0.109  42   2.04   52.9       -567.0066       -1106.948   504   0.0019  -0.0005     -1.865 0.107  42   2.04   10.303
2018-05-06-22:23:43 1.11  Mocks_Em/MockNFW40ellip5loga2.08PA50center0With_background20num71.dat Nelder-Mead  1.0e-04 1 1 1 1e+04 NFW        0.0017   0.0004     -1.922 0.070  20   2.03   51.4       -579.4533       -1131.841   500   0.0015   0.0004     -1.923 0.068  20   2.03   10.439
2018-05-06-22:23:43 1.11  Mocks_Em/MockNFW40ellip5loga2.08PA50center0With_background20num72.dat Nelder-Mead  1.0e-04 1 1 1 1e+04 NFW        0.0000   0.0002     -1.946 0.083 173   2.01   40.6       -431.8733       -836.6815   507   0.0000   0.0002     -1.865 0.083 173   1.99   10.124
2018-05-06-22:23:43 1.11  Mocks_Em/MockNFW40ellip5loga2.08PA50center0With_background20num73.dat Nelder-Mead  1.0e-04 1 1 1 1e+04 NFW      359.9999   0.0002     -1.948 0.319  30   2.06   48.8       -577.0533       -1127.041   500 359.9999   0.0002     -1.900 0.313  30   2.06   10.532
2018-05-06-22:23:43 1.11  Mocks_Em/MockNFW40ellip5loga2.08PA50center0With_background20num74.dat Nelder-Mead  1.0e-04 1 1 1 1e+04 NFW      359.9995   0.0001     -2.016 0.071 169   2.17   43.3       -618.0125        -1208.96   505 359.9989   0.0001     -2.016 0.071 169   2.07   11.608
2018-05-06-22:23:43 1.11  Mocks_Em/MockNFW40ellip5loga2.08PA50center0With_background20num75.dat Nelder-Mead  1.0e-04 1 1 1 1e+04 NFW      359.9996   0.0004     -1.944 0.189  27   2.05   45.6       -509.7942       -992.5232   503 359.9996   0.0004     -1.897 0.186  27   2.03   10.438
2018-05-06-22:23:43 1.11  Mocks_Em/MockNFW40ellip5loga2.08PA50center0With_background20num76.dat Nelder-Mead  1.0e-04 1 1 1 1e+04 NFW      359.9993   0.0005     -1.962 0.117 144   2.10   47.6       -546.0123       -1064.959   504 359.9993   0.0005     -1.962 0.115 144   2.07   10.580
2018-05-06-22:23:43 1.11  Mocks_Em/MockNFW40ellip5loga2.08PA50center0With_background20num77.dat Nelder-Mead  1.0e-04 1 1 1 1e+04 NFW      359.9998  -0.0002     -1.938 0.112 171   2.00   43.0       -465.1056       -903.1461   506 359.9998  -0.0002     -1.888 0.110 169   2.00   10.411
2018-05-06-22:23:43 1.11  Mocks_Em/MockNFW40ellip5loga2.08PA50center0With_background20num78.dat Nelder-Mead  1.0e-04 1 1 1 1e+04 NFW      359.9995   0.0018     -1.889 0.050  43   2.04   59.2       -606.8171       -1186.569   500 359.9995   0.0018     -1.889 0.050  43   2.04    9.766
2018-05-06-22:23:43 1.11  Mocks_Em/MockNFW40ellip5loga2.08PA50center0With_background20num79.dat Nelder-Mead  1.0e-04 1 1 1 1e+04 NFW      359.9993   0.0005     -1.973 0.241  32   2.03   44.3       -576.3682       -1125.671   501 359.9993   0.0005     -1.973 0.231  32   2.03   10.837
2018-05-06-22:23:43 1.11  Mocks_Em/MockNFW40ellip5loga2.08PA50center0With_background20num80.dat Nelder-Mead  1.0e-04 1 1 1 1e+04 NFW      359.9997   0.0007     -1.921 0.064 149   2.05   52.4       -552.9426        -1078.82   500 359.9997   0.0007     -1.921 0.061 149   2.05   10.471
2018-05-06-22:23:43 1.11  Mocks_Em/MockNFW40ellip5loga2.08PA50center0With_background20num81.dat Nelder-Mead  1.0e-04 1 1 1 1e+04 NFW        0.0001   0.0002     -1.950 0.237 169   2.08   50.4       -583.2657       -1139.466   505   0.0001   0.0002     -1.950 0.227 169   2.08   10.825
2018-05-06-22:23:43 1.11  Mocks_Em/MockNFW40ellip5loga2.08PA50center0With_background20num82.dat Nelder-Mead  1.0e-04 1 1 1 1e+04 NFW        0.0003   0.0005     -1.931 0.092 155   2.07   51.3       -544.3067       -1061.548   501   0.0002   0.0005     -1.931 0.090 154   2.07   10.308
2018-05-06-22:23:43 1.11  Mocks_Em/MockNFW40ellip5loga2.08PA50center0With_background20num83.dat Nelder-Mead  1.0e-04 1 1 1 1e+04 NFW        0.0008   0.0006     -1.916 0.222  25   2.00   47.4       -514.5769       -1002.089   500   0.0008   0.0006     -1.869 0.218  25   2.00   10.317
2018-05-06-22:23:43 1.11  Mocks_Em/MockNFW40ellip5loga2.08PA50center0With_background20num84.dat Nelder-Mead  1.0e-04 1 1 1 1e+04 NFW        0.0002  -0.0004     -1.958 0.134  38   2.08   46.7        -540.337       -1053.609   500   0.0002  -0.0004     -1.910 0.132  38   2.05   11.020
2018-05-06-22:23:43 1.11  Mocks_Em/MockNFW40ellip5loga2.08PA50center0With_background20num85.dat Nelder-Mead  1.0e-04 1 1 1 1e+04 NFW      359.9987   0.0004     -1.916 0.140 139   2.04   51.9       -551.6186       -1076.172   501 359.9987   0.0004     -1.869 0.140 135   2.04   10.263
2018-05-06-22:23:43 1.11  Mocks_Em/MockNFW40ellip5loga2.08PA50center0With_background20num86.dat Nelder-Mead  1.0e-04 1 1 1 1e+04 NFW      359.9999   0.0011     -1.954 0.140  20   2.01   44.3       -532.1107       -1037.156   506 359.9999   0.0011     -1.906 0.137  20   2.01   10.172
2018-05-06-22:23:43 1.11  Mocks_Em/MockNFW40ellip5loga2.08PA50center0With_background20num87.dat Nelder-Mead  1.0e-04 1 1 1 1e+04 NFW        0.0001   0.0003     -1.942 0.069  25   2.03   45.4       -499.0049       -970.9447   502   0.0001   0.0003     -1.942 0.068  25   2.03   10.619
2018-05-06-22:23:43 1.11  Mocks_Em/MockNFW40ellip5loga2.08PA50center0With_background20num88.dat Nelder-Mead  1.0e-04 1 1 1 1e+04 NFW        0.0012   0.0006     -1.922 0.149  40   2.02   50.1       -563.2339       -1099.403   502   0.0012   0.0006     -1.875 0.147  40   2.02   10.498
2018-05-06-22:23:43 1.11  Mocks_Em/MockNFW40ellip5loga2.08PA50center0With_background20num89.dat Nelder-Mead  1.0e-04 1 1 1 1e+04 NFW      359.9999  -0.0003     -1.961 0.110 145   2.10   48.2       -542.6427        -1058.22   500 359.9998  -0.0003     -1.961 0.106 145   2.09   10.658
2018-05-06-22:23:43 1.11  Mocks_Em/MockNFW40ellip5loga2.08PA50center0With_background20num90.dat Nelder-Mead  1.0e-04 1 1 1 1e+04 NFW      359.9992   0.0001     -1.933 0.059 158   2.06   47.5       -537.3159       -1047.567   500 359.9987   0.0001     -1.886 0.059 158   2.01   10.159
2018-05-06-22:23:43 1.11  Mocks_Em/MockNFW40ellip5loga2.08PA50center0With_background20num91.dat Nelder-Mead  1.0e-04 1 1 1 1e+04 NFW        0.0002  -0.0015     -1.899 0.144  20   2.02   53.7         -573.56       -1120.055   501   0.0002  -0.0014     -1.899 0.140  20   2.02    9.841
2018-05-06-22:23:43 1.11  Mocks_Em/MockNFW40ellip5loga2.08PA50center0With_background20num92.dat Nelder-Mead  1.0e-04 1 1 1 1e+04 NFW      359.9990   0.0010     -1.918 0.281  34   2.05   54.0       -609.0994       -1191.134   500 359.9990   0.0010     -1.918 0.269  34   2.05   10.271
2018-05-06-22:23:43 1.11  Mocks_Em/MockNFW40ellip5loga2.08PA50center0With_background20num93.dat Nelder-Mead  1.0e-04 1 1 1 1e+04 NFW      359.9997  -0.0015     -1.925 0.086   8   2.05   50.5       -554.6434       -1082.222   501   0.0001  -0.0015     -1.878 0.086   8   2.03   10.065
2018-05-06-22:23:43 1.11  Mocks_Em/MockNFW40ellip5loga2.08PA50center0With_background20num94.dat Nelder-Mead  1.0e-04 1 1 1 1e+04 NFW        0.0002  -0.0002     -1.930 0.134 170   2.00   44.8       -485.4386        -943.812   500   0.0002  -0.0002     -1.883 0.134 166   2.00   10.164
2018-05-06-22:23:43 1.11  Mocks_Em/MockNFW40ellip5loga2.08PA50center0With_background20num95.dat Nelder-Mead  1.0e-04 1 1 1 1e+04 NFW      359.9983   0.0004     -1.926 0.098 146   2.01   49.3       -560.8961       -1094.727   506 359.9986   0.0004     -1.926 0.094 146   2.01   10.675
2018-05-06-22:23:43 1.11  Mocks_Em/MockNFW40ellip5loga2.08PA50center0With_background20num96.dat Nelder-Mead  1.0e-04 1 1 1 1e+04 NFW        0.0005  -0.0001     -1.954 0.119 179   2.04   46.5       -545.4156       -1063.766   500   0.0007  -0.0001     -1.949 0.114 179   2.04   10.337
2018-05-06-22:23:43 1.11  Mocks_Em/MockNFW40ellip5loga2.08PA50center0With_background20num97.dat Nelder-Mead  1.0e-04 1 1 1 1e+04 NFW      359.9997  -0.0003     -1.936 0.272 146   2.04   48.4       -543.1076        -1059.15   501 359.9997  -0.0003     -1.889 0.266 146   2.04   10.919
2018-05-06-22:23:43 1.11  Mocks_Em/MockNFW40ellip5loga2.08PA50center0With_background20num98.dat Nelder-Mead  1.0e-04 1 1 1 1e+04 NFW      359.9995   0.0002     -1.934 0.089  13   1.98   43.6       -486.4225       -945.7798   502 359.9992   0.0002     -1.848 0.089  13   1.98   10.132
2018-05-06-22:23:43 1.11  Mocks_Em/MockNFW40ellip5loga2.08PA50center0With_background20num99.dat Nelder-Mead  1.0e-04 1 1 1 1e+04 NFW      359.9994   0.0005     -1.918 0.136  27   2.01   48.2       -513.0277       -998.9903   504 359.9993   0.0005     -1.918 0.132  27   2.01    9.774
