2018-05-06-20:40:58 1.11  Mocks_Em/MockNFW40ellip5loga2.08PA50center0With_background20num0.dat TNC          1.0e-04 1 1 1 1e+04 NFW      359.9996  -0.0022     -1.987 0.146  35   2.04   45.7       -629.4389       -1231.813     4 359.9996  -0.0022     -1.987 0.146  35   2.04    1.113
2018-05-06-20:40:58 1.11  Mocks_Em/MockNFW40ellip5loga2.08PA50center0With_background20num1.dat TNC          1.0e-04 1 1 1 1e+04 NFW        0.0005   0.0012     -1.920 0.200  16   2.02   51.3       -579.8443       -1132.623     4   0.0005   0.0012     -1.920 0.200  16   2.02    0.870
2018-05-06-20:40:58 1.11  Mocks_Em/MockNFW40ellip5loga2.08PA50center0With_background20num2.dat TNC          1.0e-04 1 1 1 1e+04 NFW        0.0004  -0.0005     -1.916 0.100  44   2.06   53.6       -551.4116       -1075.758     6   0.0004  -0.0005     -1.903 0.100  44   2.06    1.416
2018-05-06-20:40:58 1.11  Mocks_Em/MockNFW40ellip5loga2.08PA50center0With_background20num3.dat TNC          1.0e-04 1 1 1 1e+04 NFW        0.0010  -0.0005     -1.901 0.088 151   2.02   52.9       -535.7643       -1044.463     7   0.0010  -0.0005     -1.874 0.088 151   2.02    1.632
2018-05-06-20:40:58 1.11  Mocks_Em/MockNFW40ellip5loga2.08PA50center0With_background20num4.dat TNC          1.0e-04 1 1 1 1e+04 NFW        0.0020  -0.0004     -1.899 0.236 160   2.01   51.4       -545.3198       -1063.574     6   0.0020  -0.0004     -1.895 0.236 160   2.01    1.435
2018-05-06-20:40:58 1.11  Mocks_Em/MockNFW40ellip5loga2.08PA50center0With_background20num5.dat TNC          1.0e-04 1 1 1 1e+04 NFW        0.0006  -0.0001     -1.907 0.137  34   2.06   55.8       -582.2917       -1137.518    14   0.0006  -0.0001     -1.907 0.137  34   2.06    2.331
2018-05-06-20:40:58 1.11  Mocks_Em/MockNFW40ellip5loga2.08PA50center0With_background20num6.dat TNC          1.0e-04 1 1 1 1e+04 NFW      359.9994   0.0007     -1.980 0.082  30   2.10   48.8       -585.9682       -1144.871     5 359.9994   0.0007     -1.980 0.082  30   2.10    1.211
2018-05-06-20:40:58 1.11  Mocks_Em/MockNFW40ellip5loga2.08PA50center0With_background20num7.dat TNC          1.0e-04 1 1 1 1e+04 NFW      359.9991   0.0007     -1.910 0.020 158   2.00   48.4       -507.1949       -987.3246    29 359.9991   0.0007     -1.910 0.020 158   2.00    5.585
2018-05-06-20:40:58 1.11  Mocks_Em/MockNFW40ellip5loga2.08PA50center0With_background20num8.dat TNC          1.0e-04 1 1 1 1e+04 NFW        0.0005   0.0005     -1.926 0.099  43   2.02   47.2       -509.8012       -992.5373     5   0.0005   0.0005     -1.926 0.099  43   2.02    1.188
2018-05-06-20:40:58 1.11  Mocks_Em/MockNFW40ellip5loga2.08PA50center0With_background20num9.dat TNC          1.0e-04 1 1 1 1e+04 NFW        0.0016   0.0003     -1.906 0.148 158   2.03   52.1         -543.73       -1060.395    10   0.0016   0.0003     -1.896 0.148 158   2.03    2.251
2018-05-06-20:40:58 1.11  Mocks_Em/MockNFW40ellip5loga2.08PA50center0With_background20num10.dat TNC          1.0e-04 1 1 1 1e+04 NFW      359.9986  -0.0013     -1.982 0.090   4   2.03   45.5       -615.7577        -1204.45     4 359.9986  -0.0013     -1.982 0.090   4   2.03    1.032
2018-05-06-20:40:58 1.11  Mocks_Em/MockNFW40ellip5loga2.08PA50center0With_background20num11.dat TNC          1.0e-04 1 1 1 1e+04 NFW        0.0002   0.0003     -1.925 0.188   3   2.04   50.4       -546.7515       -1066.438    10   0.0002   0.0003     -1.925 0.188   3   2.04    2.329
2018-05-06-20:40:58 1.11  Mocks_Em/MockNFW40ellip5loga2.08PA50center0With_background20num12.dat TNC          1.0e-04 1 1 1 1e+04 NFW        0.0006  -0.0001     -1.910 0.079 140   2.02   49.9        -515.741       -1004.417     6   0.0006  -0.0001     -1.897 0.079 140   2.02    1.425
2018-05-06-20:40:58 1.11  Mocks_Em/MockNFW40ellip5loga2.08PA50center0With_background20num13.dat TNC          1.0e-04 1 1 1 1e+04 NFW        0.0008   0.0003     -1.904 0.173 160   2.02   51.4        -531.979       -1036.893     7   0.0008   0.0003     -1.882 0.173 160   2.02    1.619
2018-05-06-20:40:58 1.11  Mocks_Em/MockNFW40ellip5loga2.08PA50center0With_background20num14.dat TNC          1.0e-04 1 1 1 1e+04 NFW      359.9997  -0.0007     -1.914 0.169  37   2.04   52.1        -544.398       -1061.731    36 359.9997  -0.0007     -1.868 0.169  37   2.04    6.891
2018-05-06-20:40:58 1.11  Mocks_Em/MockNFW40ellip5loga2.08PA50center0With_background20num15.dat TNC          1.0e-04 1 1 1 1e+04 NFW        0.0002  -0.0008     -1.949 0.083 159   2.05   48.9       -581.2481       -1135.431     4   0.0002  -0.0008     -1.949 0.083 159   2.05    0.849
2018-05-06-20:40:58 1.11  Mocks_Em/MockNFW40ellip5loga2.08PA50center0With_background20num16.dat TNC          1.0e-04 1 1 1 1e+04 NFW        0.0010   0.0010     -1.905 0.107 141   2.04   54.1       -563.5149       -1099.965    27   0.0010   0.0010     -1.905 0.107 141   2.04    4.643
2018-05-06-20:40:58 1.11  Mocks_Em/MockNFW40ellip5loga2.08PA50center0With_background20num17.dat TNC          1.0e-04 1 1 1 1e+04 NFW        0.0010   0.0011     -1.893 0.122  13   2.04   56.7       -586.1025        -1145.14    16   0.0010   0.0011     -1.884 0.122  13   2.04    3.310
2018-05-06-20:40:58 1.11  Mocks_Em/MockNFW40ellip5loga2.08PA50center0With_background20num18.dat TNC          1.0e-04 1 1 1 1e+04 NFW        0.0002  -0.0000     -1.940 0.024  23   2.07   50.6       -551.1009       -1075.137     4   0.0002   0.0000     -1.940 0.024  23   2.07    0.619
2018-05-06-20:40:58 1.11  Mocks_Em/MockNFW40ellip5loga2.08PA50center0With_background20num19.dat TNC          1.0e-04 1 1 1 1e+04 NFW        0.0011  -0.0005     -1.897 0.161  16   2.03   55.0       -567.0596       -1107.054    33   0.0011  -0.0005     -1.897 0.161  16   2.03    6.158
2018-05-06-20:40:58 1.11  Mocks_Em/MockNFW40ellip5loga2.08PA50center0With_background20num20.dat TNC          1.0e-04 1 1 1 1e+04 NFW        0.0004   0.0005     -1.916 0.103  40   2.00   46.1       -482.1956        -937.326     7   0.0004   0.0005     -1.886 0.103  40   2.00    1.653
2018-05-06-20:40:58 1.11  Mocks_Em/MockNFW40ellip5loga2.08PA50center0With_background20num21.dat TNC          1.0e-04 1 1 1 1e+04 NFW      359.9983  -0.0008     -1.904 0.163 154   2.01   53.3       -588.2695       -1149.474     4 359.9983  -0.0008     -1.904 0.163 154   2.01    1.011
2018-05-06-20:40:58 1.11  Mocks_Em/MockNFW40ellip5loga2.08PA50center0With_background20num22.dat TNC          1.0e-04 1 1 1 1e+04 NFW      359.9989  -0.0011     -1.906 0.116  20   2.02   53.3       -573.4952       -1119.925    14 359.9989  -0.0011     -1.906 0.116  20   2.02    2.387
2018-05-06-20:40:58 1.11  Mocks_Em/MockNFW40ellip5loga2.08PA50center0With_background20num23.dat TNC          1.0e-04 1 1 1 1e+04 NFW      360.0000  -0.0008     -1.924 0.103  30   2.05   50.6       -531.1302       -1035.195     8 360.0000  -0.0008     -1.915 0.103  30   2.05    1.850
2018-05-06-20:40:58 1.11  Mocks_Em/MockNFW40ellip5loga2.08PA50center0With_background20num24.dat TNC          1.0e-04 1 1 1 1e+04 NFW        0.0014   0.0013     -1.885 0.064  32   2.03   57.9       -590.8077        -1154.55    32   0.0014   0.0013     -1.885 0.064  32   2.03    5.844
2018-05-06-20:40:58 1.11  Mocks_Em/MockNFW40ellip5loga2.08PA50center0With_background20num25.dat TNC          1.0e-04 1 1 1 1e+04 NFW      359.9991  -0.0007     -1.919 0.092  30   2.03   51.3       -557.7933       -1088.521     7 359.9991  -0.0007     -1.919 0.092  30   2.03    1.596
2018-05-06-20:40:58 1.11  Mocks_Em/MockNFW40ellip5loga2.08PA50center0With_background20num26.dat TNC          1.0e-04 1 1 1 1e+04 NFW        0.0003   0.0010     -1.925 0.056  20   2.01   47.5        -520.815       -1014.565    10   0.0003   0.0010     -1.925 0.056  20   2.01    1.807
2018-05-06-20:40:58 1.11  Mocks_Em/MockNFW40ellip5loga2.08PA50center0With_background20num27.dat TNC          1.0e-04 1 1 1 1e+04 NFW      359.9994   0.0008     -1.918 0.197 174   2.04   50.6       -528.9896       -1030.914     9 359.9994   0.0008     -1.874 0.197 174   2.04    2.066
2018-05-06-20:40:58 1.11  Mocks_Em/MockNFW40ellip5loga2.08PA50center0With_background20num28.dat TNC          1.0e-04 1 1 1 1e+04 NFW      359.9982  -0.0006     -1.905 0.070 165   2.02   54.7       -599.7857       -1172.506    30 359.9982  -0.0006     -1.905 0.070 165   2.02    5.370
2018-05-06-20:40:58 1.11  Mocks_Em/MockNFW40ellip5loga2.08PA50center0With_background20num29.dat TNC          1.0e-04 1 1 1 1e+04 NFW      359.9996   0.0010     -1.927 0.240  11   2.05   51.4       -574.2237       -1121.382     4 359.9996   0.0010     -1.927 0.240  11   2.05    0.804
2018-05-06-20:40:58 1.11  Mocks_Em/MockNFW40ellip5loga2.08PA50center0With_background20num30.dat TNC          1.0e-04 1 1 1 1e+04 NFW        0.0005   0.0015     -1.905 0.036 159   2.02   51.4       -522.0653       -1017.065    10   0.0005   0.0015     -1.892 0.036 159   2.02    2.253
2018-05-06-20:40:58 1.11  Mocks_Em/MockNFW40ellip5loga2.08PA50center0With_background20num31.dat TNC          1.0e-04 1 1 1 1e+04 NFW        0.0009   0.0014     -1.955 0.123   5   2.07   49.9       -596.8468       -1166.629    12   0.0009   0.0014     -1.955 0.123   5   2.07    2.482
2018-05-06-20:40:58 1.11  Mocks_Em/MockNFW40ellip5loga2.08PA50center0With_background20num32.dat TNC          1.0e-04 1 1 1 1e+04 NFW        0.0004  -0.0005     -1.913 0.068  42   2.03   50.6       -517.6181       -1008.171     6   0.0004  -0.0005     -1.905 0.068  42   2.03    1.034
2018-05-06-20:40:58 1.11  Mocks_Em/MockNFW40ellip5loga2.08PA50center0With_background20num33.dat TNC          1.0e-04 1 1 1 1e+04 NFW        0.0022   0.0007     -1.921 0.074 178   2.03   53.2       -606.6263       -1186.188     9   0.0022   0.0007     -1.921 0.074 178   2.03    1.852
2018-05-06-20:40:58 1.11  Mocks_Em/MockNFW40ellip5loga2.08PA50center0With_background20num34.dat TNC          1.0e-04 1 1 1 1e+04 NFW      359.9993   0.0008     -1.928 0.137 170   2.07   54.1       -606.7216       -1186.378     5 359.9993   0.0008     -1.928 0.137 170   2.07    0.855
2018-05-06-20:40:58 1.11  Mocks_Em/MockNFW40ellip5loga2.08PA50center0With_background20num35.dat TNC          1.0e-04 1 1 1 1e+04 NFW      359.9994   0.0004     -1.909 0.170  32   2.00   48.3       -501.9473       -976.8295    12 359.9994   0.0004     -1.858 0.170  32   2.00    2.665
2018-05-06-20:40:58 1.11  Mocks_Em/MockNFW40ellip5loga2.08PA50center0With_background20num36.dat TNC          1.0e-04 1 1 1 1e+04 NFW      359.9992  -0.0001     -1.950 0.040 159   2.03   45.6       -525.4162       -1023.767    12 359.9992  -0.0001     -1.950 0.040 159   2.03    2.449
2018-05-06-20:40:58 1.11  Mocks_Em/MockNFW40ellip5loga2.08PA50center0With_background20num37.dat TNC          1.0e-04 1 1 1 1e+04 NFW      359.9989  -0.0012     -1.890 0.146 165   2.04   57.4        -590.271       -1153.477     8 359.9989  -0.0012     -1.888 0.146 165   2.04    1.675
2018-05-06-20:40:58 1.11  Mocks_Em/MockNFW40ellip5loga2.08PA50center0With_background20num38.dat TNC          1.0e-04 1 1 1 1e+04 NFW      359.9997   0.0004     -1.924 0.118 149   2.07   53.1       -573.4215       -1119.778    12 359.9997   0.0004     -1.924 0.118 149   2.07    2.106
2018-05-06-20:40:58 1.11  Mocks_Em/MockNFW40ellip5loga2.08PA50center0With_background20num39.dat TNC          1.0e-04 1 1 1 1e+04 NFW      359.9999   0.0002     -1.939 0.068  17   2.10   53.8       -579.0051       -1130.945     5 359.9999   0.0002     -1.939 0.068  17   2.10    1.048
2018-05-06-20:40:58 1.11  Mocks_Em/MockNFW40ellip5loga2.08PA50center0With_background20num40.dat TNC          1.0e-04 1 1 1 1e+04 NFW        0.0004  -0.0001     -1.973 0.185 156   2.08   47.1       -558.5577        -1090.05     6   0.0004  -0.0001     -1.973 0.185 156   2.08    1.364
2018-05-06-20:40:58 1.11  Mocks_Em/MockNFW40ellip5loga2.08PA50center0With_background20num41.dat TNC          1.0e-04 1 1 1 1e+04 NFW      360.0000  -0.0006     -1.996 0.083 161   2.09   46.4       -604.3652       -1181.665    29 360.0000  -0.0006     -1.996 0.083 161   2.09    5.279
2018-05-06-20:40:58 1.11  Mocks_Em/MockNFW40ellip5loga2.08PA50center0With_background20num42.dat TNC          1.0e-04 1 1 1 1e+04 NFW      359.9988   0.0017     -1.922 0.032 145   2.05   52.6       -565.9861       -1104.907    36 359.9988   0.0017     -1.922 0.032 145   2.05    6.291
2018-05-06-20:40:58 1.11  Mocks_Em/MockNFW40ellip5loga2.08PA50center0With_background20num43.dat TNC          1.0e-04 1 1 1 1e+04 NFW        0.0011  -0.0002     -1.944 0.118 136   2.05   48.1       -550.9765       -1074.888    25   0.0011  -0.0002     -1.944 0.118 136   2.05    4.318
2018-05-06-20:40:58 1.11  Mocks_Em/MockNFW40ellip5loga2.08PA50center0With_background20num44.dat TNC          1.0e-04 1 1 1 1e+04 NFW      359.9994   0.0007     -1.934 0.219  14   2.07   52.8       -595.5321       -1163.999     6 359.9994   0.0007     -1.934 0.219  14   2.07    1.418
2018-05-06-20:40:58 1.11  Mocks_Em/MockNFW40ellip5loga2.08PA50center0With_background20num45.dat TNC          1.0e-04 1 1 1 1e+04 NFW      359.9997   0.0004     -1.927 0.160  42   2.08   54.1       -577.5032       -1127.941     5 359.9997   0.0004     -1.927 0.160  42   2.08    1.241
2018-05-06-20:40:58 1.11  Mocks_Em/MockNFW40ellip5loga2.08PA50center0With_background20num46.dat TNC          1.0e-04 1 1 1 1e+04 NFW      359.9979   0.0002     -1.944 0.215  25   2.00   47.0       -593.6673       -1160.269    32 359.9979   0.0002     -1.944 0.215  25   2.00    5.610
2018-05-06-20:40:58 1.11  Mocks_Em/MockNFW40ellip5loga2.08PA50center0With_background20num47.dat TNC          1.0e-04 1 1 1 1e+04 NFW      359.9993   0.0001     -1.928 0.088 172   2.07   52.1       -543.3759       -1059.687    28 359.9993   0.0001     -1.926 0.088 172   2.07    5.600
2018-05-06-20:40:58 1.11  Mocks_Em/MockNFW40ellip5loga2.08PA50center0With_background20num48.dat TNC          1.0e-04 1 1 1 1e+04 NFW        0.0005  -0.0001     -1.922 0.089  23   2.07   54.3        -574.146       -1121.227     5   0.0005  -0.0001     -1.922 0.089  23   2.07    0.622
2018-05-06-20:40:58 1.11  Mocks_Em/MockNFW40ellip5loga2.08PA50center0With_background20num49.dat TNC          1.0e-04 1 1 1 1e+04 NFW        0.0022  -0.0010     -1.930 0.159 139   1.99   49.0       -600.8303       -1174.595    29   0.0022  -0.0010     -1.930 0.159 139   1.99    5.411
2018-05-06-20:40:58 1.11  Mocks_Em/MockNFW40ellip5loga2.08PA50center0With_background20num50.dat TNC          1.0e-04 1 1 1 1e+04 NFW        0.0012   0.0018     -1.866 0.194  44   2.00   58.9       -602.7661       -1178.467     5   0.0012   0.0018     -1.866 0.194  44   2.00    1.132
2018-05-06-20:40:58 1.11  Mocks_Em/MockNFW40ellip5loga2.08PA50center0With_background20num51.dat TNC          1.0e-04 1 1 1 1e+04 NFW      359.9995  -0.0003     -1.905 0.234  28   2.05   55.1       -580.6409       -1134.217    42 359.9995  -0.0003     -1.890 0.234  28   2.05    7.350
2018-05-06-20:40:58 1.11  Mocks_Em/MockNFW40ellip5loga2.08PA50center0With_background20num52.dat TNC          1.0e-04 1 1 1 1e+04 NFW      359.9985   0.0001     -1.888 0.324 139   2.01   53.6       -557.6093       -1088.153     6 359.9985   0.0001     -1.872 0.324 139   2.01    1.267
2018-05-06-20:40:58 1.11  Mocks_Em/MockNFW40ellip5loga2.08PA50center0With_background20num53.dat TNC          1.0e-04 1 1 1 1e+04 NFW      359.9991   0.0003     -1.901 0.071 178   2.02   52.1       -525.8094       -1024.554    35 359.9991   0.0003     -1.877 0.071 178   2.02    7.021
2018-05-06-20:40:58 1.11  Mocks_Em/MockNFW40ellip5loga2.08PA50center0With_background20num54.dat TNC          1.0e-04 1 1 1 1e+04 NFW        0.0001  -0.0002     -1.919 0.050  12   2.07   53.6       -549.8783       -1072.692     7   0.0001  -0.0002     -1.916 0.050  12   2.07    1.280
2018-05-06-20:40:58 1.11  Mocks_Em/MockNFW40ellip5loga2.08PA50center0With_background20num55.dat TNC          1.0e-04 1 1 1 1e+04 NFW        0.0004   0.0001     -1.924 0.133  32   2.01   46.1       -483.2619       -939.4587     9   0.0004   0.0001     -1.873 0.133  32   2.01    1.691
2018-05-06-20:40:58 1.11  Mocks_Em/MockNFW40ellip5loga2.08PA50center0With_background20num56.dat TNC          1.0e-04 1 1 1 1e+04 NFW      359.9994   0.0001     -1.925 0.096  24   2.04   49.1       -511.3071        -995.549     9 359.9994   0.0001     -1.901 0.096  24   2.04    2.050
2018-05-06-20:40:58 1.11  Mocks_Em/MockNFW40ellip5loga2.08PA50center0With_background20num57.dat TNC          1.0e-04 1 1 1 1e+04 NFW      359.9983   0.0001     -1.909 0.176  39   2.01   50.4       -546.6803       -1066.295     4 359.9983   0.0001     -1.909 0.176  39   2.01    0.540
2018-05-06-20:40:58 1.11  Mocks_Em/MockNFW40ellip5loga2.08PA50center0With_background20num58.dat TNC          1.0e-04 1 1 1 1e+04 NFW        0.0009  -0.0011     -1.900 0.175   1   2.03   53.6       -555.2987       -1083.532     9   0.0009  -0.0011     -1.860 0.175   1   2.03    2.063
2018-05-06-20:40:58 1.11  Mocks_Em/MockNFW40ellip5loga2.08PA50center0With_background20num59.dat TNC          1.0e-04 1 1 1 1e+04 NFW        0.0008   0.0003     -1.917 0.162 157   2.03   49.1       -514.9739       -1002.883     8   0.0008   0.0003     -1.880 0.162 157   2.03    1.852
2018-05-06-20:40:58 1.11  Mocks_Em/MockNFW40ellip5loga2.08PA50center0With_background20num60.dat TNC          1.0e-04 1 1 1 1e+04 NFW        0.0007   0.0001     -1.916 0.140   4   2.00   46.8       -491.3455       -955.6259    32   0.0007   0.0001     -1.874 0.140   4   2.00    5.460
2018-05-06-20:40:58 1.11  Mocks_Em/MockNFW40ellip5loga2.08PA50center0With_background20num61.dat TNC          1.0e-04 1 1 1 1e+04 NFW      359.9993  -0.0012     -1.886 0.135  16   2.01   55.1       -559.4272       -1091.789     7 359.9993  -0.0012     -1.882 0.135  16   2.01    1.618
2018-05-06-20:40:58 1.11  Mocks_Em/MockNFW40ellip5loga2.08PA50center0With_background20num62.dat TNC          1.0e-04 1 1 1 1e+04 NFW      359.9984   0.0012     -1.920 0.108 136   2.03   53.6       -617.1537       -1207.242    13 359.9984   0.0012     -1.920 0.108 136   2.03    2.642
2018-05-06-20:40:58 1.11  Mocks_Em/MockNFW40ellip5loga2.08PA50center0With_background20num63.dat TNC          1.0e-04 1 1 1 1e+04 NFW      359.9993  -0.0008     -1.916 0.206 135   2.03   51.3       -555.0664       -1083.068     3 359.9993  -0.0008     -1.916 0.206 135   2.03    0.467
2018-05-06-20:40:58 1.11  Mocks_Em/MockNFW40ellip5loga2.08PA50center0With_background20num64.dat TNC          1.0e-04 1 1 1 1e+04 NFW      359.9988  -0.0001     -1.905 0.198 141   2.07   57.4       -605.5549       -1184.045    30 359.9988  -0.0001     -1.905 0.198 141   2.07    5.600
2018-05-06-20:40:58 1.11  Mocks_Em/MockNFW40ellip5loga2.08PA50center0With_background20num65.dat TNC          1.0e-04 1 1 1 1e+04 NFW        0.0006  -0.0000     -1.958 0.123  31   2.05   46.9       -557.0171       -1086.969    14   0.0006  -0.0000     -1.958 0.123  31   2.05    2.505
2018-05-06-20:40:58 1.11  Mocks_Em/MockNFW40ellip5loga2.08PA50center0With_background20num66.dat TNC          1.0e-04 1 1 1 1e+04 NFW      359.9997  -0.0008     -1.900 0.148   4   2.02   52.1       -539.1053       -1051.145     8 359.9997  -0.0008     -1.863 0.148   4   2.02    1.850
2018-05-06-20:40:58 1.11  Mocks_Em/MockNFW40ellip5loga2.08PA50center0With_background20num67.dat TNC          1.0e-04 1 1 1 1e+04 NFW      359.9991   0.0008     -1.893 0.010 143   2.03   55.7       -564.2028        -1101.34    33 359.9991   0.0008     -1.893 0.010 143   2.03    5.261
2018-05-06-20:40:58 1.11  Mocks_Em/MockNFW40ellip5loga2.08PA50center0With_background20num68.dat TNC          1.0e-04 1 1 1 1e+04 NFW      359.9998  -0.0004     -1.909 0.164  38   2.02   50.6       -527.3816       -1027.698    35 359.9998  -0.0004     -1.862 0.164  38   2.02    7.398
2018-05-06-20:40:58 1.11  Mocks_Em/MockNFW40ellip5loga2.08PA50center0With_background20num69.dat TNC          1.0e-04 1 1 1 1e+04 NFW      359.9988  -0.0019     -1.974 0.023  25   2.05   46.4       -590.4958       -1153.926    25 359.9988  -0.0019     -1.974 0.023  25   2.05    4.745
2018-05-06-20:40:58 1.11  Mocks_Em/MockNFW40ellip5loga2.08PA50center0With_background20num70.dat TNC          1.0e-04 1 1 1 1e+04 NFW        0.0019  -0.0005     -1.897 0.107  42   2.04   55.1       -566.1515       -1105.238     7   0.0019  -0.0005     -1.865 0.107  42   2.04    1.642
2018-05-06-20:40:58 1.11  Mocks_Em/MockNFW40ellip5loga2.08PA50center0With_background20num71.dat TNC          1.0e-04 1 1 1 1e+04 NFW        0.0015   0.0004     -1.923 0.068  20   2.03   51.4        -578.991       -1130.917     4   0.0015   0.0004     -1.923 0.068  20   2.03    1.003
2018-05-06-20:40:58 1.11  Mocks_Em/MockNFW40ellip5loga2.08PA50center0With_background20num72.dat TNC          1.0e-04 1 1 1 1e+04 NFW        0.0000   0.0002     -1.938 0.083 173   1.99   41.5       -431.3474       -835.6296     9   0.0000   0.0002     -1.865 0.083 173   1.99    1.871
2018-05-06-20:40:58 1.11  Mocks_Em/MockNFW40ellip5loga2.08PA50center0With_background20num73.dat TNC          1.0e-04 1 1 1 1e+04 NFW      359.9999   0.0002     -1.914 0.313  30   2.06   53.6       -576.5545       -1126.044    12 359.9999   0.0002     -1.900 0.313  30   2.06    2.685
2018-05-06-20:40:58 1.11  Mocks_Em/MockNFW40ellip5loga2.08PA50center0With_background20num74.dat TNC          1.0e-04 1 1 1 1e+04 NFW      359.9989   0.0001     -2.016 0.071 169   2.07   43.4       -616.8329       -1206.601    30 359.9989   0.0001     -2.016 0.071 169   2.07    5.598
2018-05-06-20:40:58 1.11  Mocks_Em/MockNFW40ellip5loga2.08PA50center0With_background20num75.dat TNC          1.0e-04 1 1 1 1e+04 NFW      359.9996   0.0004     -1.923 0.186  27   2.03   48.3        -509.495       -991.9248     9 359.9996   0.0004     -1.897 0.186  27   2.03    1.877
2018-05-06-20:40:58 1.11  Mocks_Em/MockNFW40ellip5loga2.08PA50center0With_background20num76.dat TNC          1.0e-04 1 1 1 1e+04 NFW      359.9993   0.0005     -1.962 0.115 144   2.07   47.6       -545.1204       -1063.176     6 359.9993   0.0005     -1.962 0.115 144   2.07    1.091
2018-05-06-20:40:58 1.11  Mocks_Em/MockNFW40ellip5loga2.08PA50center0With_background20num77.dat TNC          1.0e-04 1 1 1 1e+04 NFW      359.9998  -0.0002     -1.931 0.110 169   2.00   43.8       -464.2512       -901.4372    13 359.9998  -0.0002     -1.888 0.110 169   2.00    2.878
2018-05-06-20:40:58 1.11  Mocks_Em/MockNFW40ellip5loga2.08PA50center0With_background20num78.dat TNC          1.0e-04 1 1 1 1e+04 NFW      359.9995   0.0018     -1.889 0.050  43   2.04   59.2       -606.2471       -1185.429     5 359.9995   0.0018     -1.889 0.050  43   2.04    1.183
2018-05-06-20:40:58 1.11  Mocks_Em/MockNFW40ellip5loga2.08PA50center0With_background20num79.dat TNC          1.0e-04 1 1 1 1e+04 NFW      359.9993   0.0005     -1.973 0.231  32   2.03   44.3       -574.8653       -1122.665    16 359.9993   0.0005     -1.973 0.231  32   2.03    2.984
2018-05-06-20:40:58 1.11  Mocks_Em/MockNFW40ellip5loga2.08PA50center0With_background20num80.dat TNC          1.0e-04 1 1 1 1e+04 NFW      359.9997   0.0007     -1.921 0.061 149   2.05   52.4       -552.4505       -1077.836    15 359.9997   0.0007     -1.921 0.061 149   2.05    2.586
2018-05-06-20:40:58 1.11  Mocks_Em/MockNFW40ellip5loga2.08PA50center0With_background20num81.dat TNC          1.0e-04 1 1 1 1e+04 NFW        0.0001   0.0002     -1.950 0.227 169   2.08   50.4        -581.452       -1135.839    33   0.0001   0.0002     -1.950 0.227 169   2.08    5.614
2018-05-06-20:40:58 1.11  Mocks_Em/MockNFW40ellip5loga2.08PA50center0With_background20num82.dat TNC          1.0e-04 1 1 1 1e+04 NFW        0.0002   0.0005     -1.931 0.090 154   2.07   51.3       -543.8315       -1060.598    29   0.0002   0.0005     -1.931 0.090 154   2.07    5.137
2018-05-06-20:40:58 1.11  Mocks_Em/MockNFW40ellip5loga2.08PA50center0With_background20num83.dat TNC          1.0e-04 1 1 1 1e+04 NFW        0.0008   0.0006     -1.909 0.218  25   2.00   48.3       -513.9705       -1000.876    18   0.0008   0.0006     -1.869 0.218  25   2.00    3.952
2018-05-06-20:40:58 1.11  Mocks_Em/MockNFW40ellip5loga2.08PA50center0With_background20num84.dat TNC          1.0e-04 1 1 1 1e+04 NFW        0.0002  -0.0004     -1.918 0.132  38   2.05   52.1       -540.2682       -1053.471     8   0.0002  -0.0004     -1.910 0.132  38   2.05    1.664
2018-05-06-20:40:58 1.11  Mocks_Em/MockNFW40ellip5loga2.08PA50center0With_background20num85.dat TNC          1.0e-04 1 1 1 1e+04 NFW      359.9987   0.0004     -1.904 0.140 135   2.04   53.6       -551.2597       -1075.454     9 359.9987   0.0004     -1.869 0.140 135   2.04    1.694
2018-05-06-20:40:58 1.11  Mocks_Em/MockNFW40ellip5loga2.08PA50center0With_background20num86.dat TNC          1.0e-04 1 1 1 1e+04 NFW      359.9999   0.0011     -1.906 0.137  20   2.01   50.4        -531.818       -1036.571    12 359.9999   0.0011     -1.906 0.137  20   2.01    1.505
2018-05-06-20:40:58 1.11  Mocks_Em/MockNFW40ellip5loga2.08PA50center0With_background20num87.dat TNC          1.0e-04 1 1 1 1e+04 NFW        0.0001   0.0003     -1.942 0.068  25   2.03   45.4       -498.5792       -970.0933     4   0.0001   0.0003     -1.942 0.068  25   2.03    0.844
2018-05-06-20:40:58 1.11  Mocks_Em/MockNFW40ellip5loga2.08PA50center0With_background20num88.dat TNC          1.0e-04 1 1 1 1e+04 NFW        0.0012   0.0006     -1.887 0.147  40   2.02   55.1       -563.0131       -1098.961    22   0.0012   0.0006     -1.875 0.147  40   2.02    4.742
2018-05-06-20:40:58 1.11  Mocks_Em/MockNFW40ellip5loga2.08PA50center0With_background20num89.dat TNC          1.0e-04 1 1 1 1e+04 NFW      359.9998  -0.0003     -1.961 0.106 145   2.09   48.2       -541.5807       -1056.096    10 359.9998  -0.0003     -1.961 0.106 145   2.09    2.023
2018-05-06-20:40:58 1.11  Mocks_Em/MockNFW40ellip5loga2.08PA50center0With_background20num90.dat TNC          1.0e-04 1 1 1 1e+04 NFW      359.9987   0.0001     -1.894 0.059 158   2.01   52.9       -536.9569       -1046.849     4 359.9987   0.0001     -1.886 0.059 158   2.01    1.030
2018-05-06-20:40:58 1.11  Mocks_Em/MockNFW40ellip5loga2.08PA50center0With_background20num91.dat TNC          1.0e-04 1 1 1 1e+04 NFW        0.0002  -0.0014     -1.899 0.140  20   2.02   53.7       -572.7919       -1118.519     5   0.0002  -0.0014     -1.899 0.140  20   2.02    1.220
2018-05-06-20:40:58 1.11  Mocks_Em/MockNFW40ellip5loga2.08PA50center0With_background20num92.dat TNC          1.0e-04 1 1 1 1e+04 NFW      359.9990   0.0010     -1.918 0.269  34   2.05   54.0       -606.6281       -1186.191    17 359.9990   0.0010     -1.918 0.269  34   2.05    2.914
2018-05-06-20:40:58 1.11  Mocks_Em/MockNFW40ellip5loga2.08PA50center0With_background20num93.dat TNC          1.0e-04 1 1 1 1e+04 NFW        0.0001  -0.0015     -1.898 0.086   8   2.03   54.4       -554.0936       -1081.122    36   0.0001  -0.0015     -1.878 0.086   8   2.03    7.597
2018-05-06-20:40:58 1.11  Mocks_Em/MockNFW40ellip5loga2.08PA50center0With_background20num94.dat TNC          1.0e-04 1 1 1 1e+04 NFW        0.0002  -0.0002     -1.920 0.134 166   2.00   46.1       -485.0197       -942.9743     6   0.0002  -0.0002     -1.883 0.134 166   2.00    1.257
2018-05-06-20:40:58 1.11  Mocks_Em/MockNFW40ellip5loga2.08PA50center0With_background20num95.dat TNC          1.0e-04 1 1 1 1e+04 NFW      359.9986   0.0004     -1.926 0.094 146   2.01   49.3       -559.7573       -1092.449     8 359.9986   0.0004     -1.926 0.094 146   2.01    1.467
2018-05-06-20:40:58 1.11  Mocks_Em/MockNFW40ellip5loga2.08PA50center0With_background20num96.dat TNC          1.0e-04 1 1 1 1e+04 NFW        0.0007  -0.0001     -1.949 0.114 179   2.04   47.1       -544.3053       -1061.545     7   0.0007  -0.0001     -1.949 0.114 179   2.04    1.385
2018-05-06-20:40:58 1.11  Mocks_Em/MockNFW40ellip5loga2.08PA50center0With_background20num97.dat TNC          1.0e-04 1 1 1 1e+04 NFW      359.9997  -0.0003     -1.915 0.266 146   2.04   51.4       -542.1986       -1057.332     7 359.9997  -0.0003     -1.889 0.266 146   2.04    1.656
2018-05-06-20:40:58 1.11  Mocks_Em/MockNFW40ellip5loga2.08PA50center0With_background20num98.dat TNC          1.0e-04 1 1 1 1e+04 NFW      359.9992   0.0002     -1.903 0.089  13   1.98   47.6        -485.881       -944.6969    18 359.9992   0.0002     -1.848 0.089  13   1.98    3.538
2018-05-06-20:40:58 1.11  Mocks_Em/MockNFW40ellip5loga2.08PA50center0With_background20num99.dat TNC          1.0e-04 1 1 1 1e+04 NFW      359.9993   0.0005     -1.918 0.132  27   2.01   48.2       -511.9551       -996.8449     6 359.9993   0.0005     -1.918 0.132  27   2.01    1.259
