2018-05-06-20:38:37 1.11  Mocks_Em/MockNFW640ellip5loga2.08PA50center0With_background20num0.dat BFGS         1.0e-04 1 1 1 1e+04 NFW        0.0003   0.0001     -2.025 0.139  32   2.95  312.4       -4513.603       -8987.977    44   0.0003   0.0001     -2.025 0.139  32   2.95    1.032
2018-05-06-20:38:37 1.11  Mocks_Em/MockNFW640ellip5loga2.08PA50center0With_background20num1.dat BFGS         1.0e-04 1 1 1 1e+04 NFW        0.0000   0.0003     -2.027 0.184  37   2.97  320.1       -4631.951       -9224.673    36   0.0000   0.0003     -2.027 0.184  37   2.97    0.667
2018-05-06-20:38:37 1.11  Mocks_Em/MockNFW640ellip5loga2.08PA50center0With_background20num2.dat BFGS         1.0e-04 1 1 1 1e+04 NFW      359.9998  -0.0001     -1.983 0.218  37   2.97  362.6       -4611.324        -9183.42    44 359.9998  -0.0001     -1.983 0.218  37   2.97    0.740
2018-05-06-20:38:37 1.11  Mocks_Em/MockNFW640ellip5loga2.08PA50center0With_background20num3.dat BFGS         1.0e-04 1 1 1 1e+04 NFW        0.0001  -0.0001     -2.026 0.214  37   2.97  321.6       -4618.906       -9198.582    36   0.0001  -0.0001     -2.026 0.214  37   2.97    0.561
2018-05-06-20:38:37 1.11  Mocks_Em/MockNFW640ellip5loga2.08PA50center0With_background20num4.dat BFGS         1.0e-04 1 1 1 1e+04 NFW        0.0002  -0.0002     -2.005 0.206  34   2.97  343.5       -4722.607       -9405.985   153   0.0002  -0.0002     -2.005 0.206  34   2.97    3.824
2018-05-06-20:38:37 1.11  Mocks_Em/MockNFW640ellip5loga2.08PA50center0With_background20num5.dat BFGS         1.0e-04 1 1 1 1e+04 NFW        0.0000   0.0000     -2.007 0.168  31   2.95  324.4       -4406.934        -8774.64    36   0.0000   0.0000     -2.007 0.168  31   2.95    0.526
2018-05-06-20:38:37 1.11  Mocks_Em/MockNFW640ellip5loga2.08PA50center0With_background20num6.dat BFGS         1.0e-04 1 1 1 1e+04 NFW        0.0000  -0.0001     -1.999 0.179  37   2.98  348.4       -4591.916       -9144.603    52   0.0000  -0.0001     -1.999 0.179  37   2.98    0.972
2018-05-06-20:38:37 1.11  Mocks_Em/MockNFW640ellip5loga2.08PA50center0With_background20num7.dat BFGS         1.0e-04 1 1 1 1e+04 NFW        0.0001  -0.0001     -2.024 0.214  43   2.97  324.3       -4638.124       -9237.018    44   0.0001  -0.0001     -2.024 0.214  43   2.97    0.799
2018-05-06-20:38:37 1.11  Mocks_Em/MockNFW640ellip5loga2.08PA50center0With_background20num8.dat BFGS         1.0e-04 1 1 1 1e+04 NFW        0.0001   0.0001     -1.970 0.156  39   2.96  362.1       -4456.376       -8873.524   169   0.0001   0.0001     -1.970 0.156  39   2.96    3.900
2018-05-06-20:38:37 1.11  Mocks_Em/MockNFW640ellip5loga2.08PA50center0With_background20num9.dat BFGS         1.0e-04 1 1 1 1e+04 NFW        0.0001   0.0001     -1.998 0.266  37   2.97  345.9        -4660.79       -9282.351    36   0.0001   0.0001     -1.998 0.266  37   2.97    0.526
2018-05-06-20:38:37 1.11  Mocks_Em/MockNFW640ellip5loga2.08PA50center0With_background20num10.dat BFGS         1.0e-04 1 1 1 1e+04 NFW      359.9999  -0.0000     -1.994 0.209  40   2.96  340.9       -4485.487       -8931.746    36 359.9999  -0.0000     -1.994 0.209  40   2.96    0.522
2018-05-06-20:38:37 1.11  Mocks_Em/MockNFW640ellip5loga2.08PA50center0With_background20num11.dat BFGS         1.0e-04 1 1 1 1e+04 NFW      359.9997   0.0001     -1.980 0.160 136   2.96  355.1       -4497.513       -8955.797    36 359.9997   0.0001     -1.980 0.160 136   2.96    0.500
2018-05-06-20:38:37 1.11  Mocks_Em/MockNFW640ellip5loga2.08PA50center0With_background20num12.dat BFGS         1.0e-04 1 1 1 1e+04 NFW        0.0001   0.0001     -1.982 0.177 135   2.96  352.6       -4443.542       -8847.856    60   0.0001   0.0001     -1.982 0.177 135   2.96    0.328
2018-05-06-20:38:37 1.11  Mocks_Em/MockNFW640ellip5loga2.08PA50center0With_background20num13.dat BFGS         1.0e-04 1 1 1 1e+04 NFW      359.9998  -0.0002     -1.984 0.137  33   2.96  348.8       -4448.378       -8857.528    52 359.9998  -0.0002     -1.984 0.137  33   2.96    0.919
2018-05-06-20:38:37 1.11  Mocks_Em/MockNFW640ellip5loga2.08PA50center0With_background20num14.dat BFGS         1.0e-04 1 1 1 1e+04 NFW      359.9999  -0.0001     -2.020 0.200  39   2.97  326.1       -4659.565         -9279.9    36 359.9999  -0.0001     -2.020 0.200  39   2.97    0.528
2018-05-06-20:38:37 1.11  Mocks_Em/MockNFW640ellip5loga2.08PA50center0With_background20num15.dat BFGS         1.0e-04 1 1 1 1e+04 NFW        0.0001   0.0001     -2.015 0.233  43   2.97  330.3       -4664.915       -9290.601   180   0.0001   0.0001     -2.015 0.233  43   2.97    4.313
2018-05-06-20:38:37 1.11  Mocks_Em/MockNFW640ellip5loga2.08PA50center0With_background20num16.dat BFGS         1.0e-04 1 1 1 1e+04 NFW      360.0000  -0.0002     -1.991 0.167 146   2.96  342.6       -4463.452       -8887.675   197 360.0000  -0.0002     -1.991 0.167 146   2.96    4.706
2018-05-06-20:38:37 1.11  Mocks_Em/MockNFW640ellip5loga2.08PA50center0With_background20num17.dat BFGS         1.0e-04 1 1 1 1e+04 NFW        0.0001  -0.0004     -2.012 0.215  40   2.97  330.8       -4585.246       -9131.262   212   0.0001  -0.0004     -2.012 0.215  40   2.97    4.949
2018-05-06-20:38:37 1.11  Mocks_Em/MockNFW640ellip5loga2.08PA50center0With_background20num18.dat BFGS         1.0e-04 1 1 1 1e+04 NFW        0.0002   0.0002     -2.002 0.187  42   2.96  338.2       -4588.161       -9137.092    36   0.0002   0.0002     -2.002 0.187  42   2.96    0.522
2018-05-06-20:38:37 1.11  Mocks_Em/MockNFW640ellip5loga2.08PA50center0With_background20num19.dat BFGS         1.0e-04 1 1 1 1e+04 NFW      359.9999   0.0002     -2.015 0.159  33   2.98  333.2       -4595.807       -9152.385    36 359.9999   0.0002     -2.015 0.159  33   2.98    0.495
2018-05-06-20:38:37 1.11  Mocks_Em/MockNFW640ellip5loga2.08PA50center0With_background20num20.dat BFGS         1.0e-04 1 1 1 1e+04 NFW        0.0006  -0.0001     -1.979 0.120  39   2.95  350.7       -4467.023       -8894.816    36   0.0006  -0.0001     -1.979 0.120  39   2.95    0.495
2018-05-06-20:38:37 1.11  Mocks_Em/MockNFW640ellip5loga2.08PA50center0With_background20num21.dat BFGS         1.0e-04 1 1 1 1e+04 NFW        0.0003  -0.0004     -2.006 0.225  32   2.96  338.1       -4702.125       -9365.021   196   0.0003  -0.0004     -2.006 0.225  32   2.96    4.501
2018-05-06-20:38:37 1.11  Mocks_Em/MockNFW640ellip5loga2.08PA50center0With_background20num22.dat BFGS         1.0e-04 1 1 1 1e+04 NFW      360.0000  -0.0001     -2.005 0.226  40   2.98  346.1       -4641.896       -9244.564    60 360.0000  -0.0001     -2.005 0.226  40   2.98    0.299
2018-05-06-20:38:37 1.11  Mocks_Em/MockNFW640ellip5loga2.08PA50center0With_background20num23.dat BFGS         1.0e-04 1 1 1 1e+04 NFW      359.9999  -0.0001     -1.994 0.211  39   2.97  348.1        -4591.09        -9142.95    36 359.9999  -0.0001     -1.994 0.211  39   2.97    0.518
2018-05-06-20:38:37 1.11  Mocks_Em/MockNFW640ellip5loga2.08PA50center0With_background20num24.dat BFGS         1.0e-04 1 1 1 1e+04 NFW      359.9997   0.0004     -2.023 0.141  44   2.96  324.1       -4661.919       -9284.608    36 359.9997   0.0004     -2.023 0.141  44   2.96    0.538
2018-05-06-20:38:37 1.11  Mocks_Em/MockNFW640ellip5loga2.08PA50center0With_background20num25.dat BFGS         1.0e-04 1 1 1 1e+04 NFW        0.0004  -0.0000     -2.022 0.197  34   2.96  323.6       -4691.288       -9343.347    84   0.0004  -0.0000     -2.022 0.197  34   2.96    1.741
2018-05-06-20:38:37 1.11  Mocks_Em/MockNFW640ellip5loga2.08PA50center0With_background20num26.dat BFGS         1.0e-04 1 1 1 1e+04 NFW      359.9999  -0.0003     -2.010 0.211  37   2.97  338.6       -4696.873       -9354.517    36 359.9999  -0.0003     -2.010 0.211  37   2.97    0.544
2018-05-06-20:38:37 1.11  Mocks_Em/MockNFW640ellip5loga2.08PA50center0With_background20num27.dat BFGS         1.0e-04 1 1 1 1e+04 NFW        0.0004  -0.0002     -2.002 0.172  34   2.97  341.8       -4533.951       -9028.673    44   0.0004  -0.0002     -2.002 0.172  34   2.97    0.245
2018-05-06-20:38:37 1.11  Mocks_Em/MockNFW640ellip5loga2.08PA50center0With_background20num28.dat BFGS         1.0e-04 1 1 1 1e+04 NFW        0.0001   0.0001     -2.013 0.200  37   2.98  338.1       -4650.836       -9262.444   164   0.0001   0.0001     -2.013 0.200  37   2.98    3.868
2018-05-06-20:38:37 1.11  Mocks_Em/MockNFW640ellip5loga2.08PA50center0With_background20num29.dat BFGS         1.0e-04 1 1 1 1e+04 NFW      359.9998   0.0002     -1.997 0.131  36   2.96  342.6       -4554.113       -9068.997    36 359.9998   0.0002     -1.997 0.131  36   2.96    0.569
2018-05-06-20:38:37 1.11  Mocks_Em/MockNFW640ellip5loga2.08PA50center0With_background20num30.dat BFGS         1.0e-04 1 1 1 1e+04 NFW        0.0002   0.0004     -2.004 0.177  40   2.96  336.6       -4621.114       -9202.999    89   0.0002   0.0004     -2.004 0.177  40   2.96    1.881
2018-05-06-20:38:37 1.11  Mocks_Em/MockNFW640ellip5loga2.08PA50center0With_background20num31.dat BFGS         1.0e-04 1 1 1 1e+04 NFW      359.9998   0.0003     -2.013 0.165  41   2.97  331.7       -4571.868       -9104.506    36 359.9998   0.0003     -2.013 0.165  41   2.97    0.595
2018-05-06-20:38:37 1.11  Mocks_Em/MockNFW640ellip5loga2.08PA50center0With_background20num32.dat BFGS         1.0e-04 1 1 1 1e+04 NFW        0.0004  -0.0000     -2.012 0.194  36   2.98  341.7       -4679.586       -9319.943    60   0.0004  -0.0000     -2.012 0.194  36   2.98    0.301
2018-05-06-20:38:37 1.11  Mocks_Em/MockNFW640ellip5loga2.08PA50center0With_background20num33.dat BFGS         1.0e-04 1 1 1 1e+04 NFW        0.0002   0.0002     -1.983 0.160  39   2.95  347.9        -4509.85       -8980.471    36   0.0002   0.0002     -1.983 0.160  39   2.95    0.516
2018-05-06-20:38:37 1.11  Mocks_Em/MockNFW640ellip5loga2.08PA50center0With_background20num34.dat BFGS         1.0e-04 1 1 1 1e+04 NFW      359.9998  -0.0001     -2.006 0.186  40   2.95  327.8       -4505.982       -8972.735   216 359.9998  -0.0001     -2.006 0.186  40   2.95    5.243
2018-05-06-20:38:37 1.11  Mocks_Em/MockNFW640ellip5loga2.08PA50center0With_background20num35.dat BFGS         1.0e-04 1 1 1 1e+04 NFW      360.0000  -0.0002     -1.985 0.190  34   2.96  350.5       -4515.051       -8990.873    36 360.0000  -0.0002     -1.985 0.190  34   2.96    0.571
2018-05-06-20:38:37 1.11  Mocks_Em/MockNFW640ellip5loga2.08PA50center0With_background20num36.dat BFGS         1.0e-04 1 1 1 1e+04 NFW        0.0003   0.0005     -2.053 0.149  41   2.97  304.1       -4762.475       -9485.721    36   0.0003   0.0005     -2.053 0.149  41   2.97    0.521
2018-05-06-20:38:37 1.11  Mocks_Em/MockNFW640ellip5loga2.08PA50center0With_background20num37.dat BFGS         1.0e-04 1 1 1 1e+04 NFW        0.0003  -0.0001     -2.009 0.157  38   2.95  326.9       -4505.747       -8972.264    36   0.0003  -0.0001     -2.009 0.157  38   2.95    0.470
2018-05-06-20:38:37 1.11  Mocks_Em/MockNFW640ellip5loga2.08PA50center0With_background20num38.dat BFGS         1.0e-04 1 1 1 1e+04 NFW        0.0005  -0.0003     -2.011 0.173  32   2.96  329.2       -4547.726       -9056.223    36   0.0005  -0.0003     -2.011 0.173  32   2.96    0.491
2018-05-06-20:38:37 1.11  Mocks_Em/MockNFW640ellip5loga2.08PA50center0With_background20num39.dat BFGS         1.0e-04 1 1 1 1e+04 NFW        0.0006   0.0000     -2.000 0.157  37   2.95  336.9       -4623.714         -9208.2   147   0.0006   0.0000     -2.000 0.157  37   2.95    3.591
2018-05-06-20:38:37 1.11  Mocks_Em/MockNFW640ellip5loga2.08PA50center0With_background20num40.dat BFGS         1.0e-04 1 1 1 1e+04 NFW        0.0002   0.0002     -2.009 0.192  39   2.97  338.8        -4664.39       -9289.551    36   0.0002   0.0002     -2.009 0.192  39   2.97    0.560
2018-05-06-20:38:37 1.11  Mocks_Em/MockNFW640ellip5loga2.08PA50center0With_background20num41.dat BFGS         1.0e-04 1 1 1 1e+04 NFW      359.9999   0.0001     -2.035 0.250  39   2.98  321.0       -4757.755       -9476.282    36 359.9999   0.0001     -2.035 0.250  39   2.98    0.577
2018-05-06-20:38:37 1.11  Mocks_Em/MockNFW640ellip5loga2.08PA50center0With_background20num42.dat BFGS         1.0e-04 1 1 1 1e+04 NFW        0.0000   0.0003     -2.004 0.235  32   2.96  333.4       -4593.459       -9147.689    36   0.0000   0.0003     -2.004 0.235  32   2.96    0.544
2018-05-06-20:38:37 1.11  Mocks_Em/MockNFW640ellip5loga2.08PA50center0With_background20num43.dat BFGS         1.0e-04 1 1 1 1e+04 NFW        0.0001   0.0000     -1.999 0.218  36   2.97  342.2       -4557.534        -9075.84    36   0.0001   0.0000     -1.999 0.218  36   2.97    0.547
2018-05-06-20:38:37 1.11  Mocks_Em/MockNFW640ellip5loga2.08PA50center0With_background20num44.dat BFGS         1.0e-04 1 1 1 1e+04 NFW        0.0002   0.0001     -2.014 0.226  42   2.95  322.7       -4559.604       -9079.979    36   0.0002   0.0001     -2.014 0.226  42   2.95    0.534
2018-05-06-20:38:37 1.11  Mocks_Em/MockNFW640ellip5loga2.08PA50center0With_background20num45.dat BFGS         1.0e-04 1 1 1 1e+04 NFW        0.0002   0.0003     -1.997 0.224  38   2.97  350.5       -4667.736       -9296.243    52   0.0002   0.0003     -1.997 0.224  38   2.97    0.888
2018-05-06-20:38:37 1.11  Mocks_Em/MockNFW640ellip5loga2.08PA50center0With_background20num46.dat BFGS         1.0e-04 1 1 1 1e+04 NFW      359.9996  -0.0000     -2.013 0.168  33   2.96  332.5       -4582.275       -9125.322    44 359.9996  -0.0000     -2.013 0.168  33   2.96    0.274
2018-05-06-20:38:37 1.11  Mocks_Em/MockNFW640ellip5loga2.08PA50center0With_background20num47.dat BFGS         1.0e-04 1 1 1 1e+04 NFW      359.9998  -0.0005     -2.003 0.208  38   2.94  331.0       -4599.855       -9160.481    36 359.9998  -0.0005     -2.003 0.208  38   2.94    0.547
2018-05-06-20:38:37 1.11  Mocks_Em/MockNFW640ellip5loga2.08PA50center0With_background20num48.dat BFGS         1.0e-04 1 1 1 1e+04 NFW      359.9993  -0.0001     -2.029 0.154 136   2.95  309.0       -4515.046       -8990.863    81 359.9993  -0.0001     -2.029 0.154 136   2.95    1.718
2018-05-06-20:38:37 1.11  Mocks_Em/MockNFW640ellip5loga2.08PA50center0With_background20num49.dat BFGS         1.0e-04 1 1 1 1e+04 NFW      360.0000  -0.0003     -2.006 0.175  39   2.97  339.3        -4616.74        -9194.25    36 360.0000  -0.0003     -2.006 0.175  39   2.97    0.546
2018-05-06-20:38:37 1.11  Mocks_Em/MockNFW640ellip5loga2.08PA50center0With_background20num50.dat BFGS         1.0e-04 1 1 1 1e+04 NFW        0.0002  -0.0000     -2.023 0.150  39   2.97  324.8       -4598.712       -9158.196    36   0.0002  -0.0000     -2.023 0.150  39   2.97    0.550
2018-05-06-20:38:37 1.11  Mocks_Em/MockNFW640ellip5loga2.08PA50center0With_background20num51.dat BFGS         1.0e-04 1 1 1 1e+04 NFW      360.0000  -0.0001     -1.968 0.224  39   2.94  350.3       -4317.254       -8595.279    36 360.0000  -0.0001     -1.968 0.224  39   2.94    0.548
2018-05-06-20:38:37 1.11  Mocks_Em/MockNFW640ellip5loga2.08PA50center0With_background20num52.dat BFGS         1.0e-04 1 1 1 1e+04 NFW        0.0004  -0.0001     -2.013 0.205  34   2.96  332.5       -4656.553       -9273.877    36   0.0004  -0.0001     -2.013 0.205  34   2.96    0.576
2018-05-06-20:38:37 1.11  Mocks_Em/MockNFW640ellip5loga2.08PA50center0With_background20num53.dat BFGS         1.0e-04 1 1 1 1e+04 NFW        0.0001  -0.0002     -2.020 0.188  40   2.96  315.5       -4466.021       -8892.814    36   0.0001  -0.0002     -2.020 0.188  40   2.96    0.605
2018-05-06-20:38:37 1.11  Mocks_Em/MockNFW640ellip5loga2.08PA50center0With_background20num54.dat BFGS         1.0e-04 1 1 1 1e+04 NFW      360.0000   0.0000     -2.005 0.229  38   2.99  350.1       -4761.274       -9483.318    36 360.0000   0.0000     -2.005 0.229  38   2.99    0.553
2018-05-06-20:38:37 1.11  Mocks_Em/MockNFW640ellip5loga2.08PA50center0With_background20num55.dat BFGS         1.0e-04 1 1 1 1e+04 NFW        0.0002   0.0002     -1.964 0.234  45   2.95  363.0       -4464.717       -8890.206    36   0.0002   0.0002     -1.964 0.234  45   2.95    0.574
2018-05-06-20:38:37 1.11  Mocks_Em/MockNFW640ellip5loga2.08PA50center0With_background20num56.dat BFGS         1.0e-04 1 1 1 1e+04 NFW        0.0002   0.0003     -2.018 0.248  39   2.97  331.7       -4755.957       -9472.684   147   0.0002   0.0003     -2.018 0.248  39   2.97    3.408
2018-05-06-20:38:37 1.11  Mocks_Em/MockNFW640ellip5loga2.08PA50center0With_background20num57.dat BFGS         1.0e-04 1 1 1 1e+04 NFW        0.0000   0.0001     -2.016 0.148  39   2.97  333.0       -4628.971       -9218.713    92   0.0000   0.0001     -2.016 0.148  39   2.97    2.013
2018-05-06-20:38:37 1.11  Mocks_Em/MockNFW640ellip5loga2.08PA50center0With_background20num58.dat BFGS         1.0e-04 1 1 1 1e+04 NFW        0.0000  -0.0003     -2.026 0.184  44   2.98  330.2       -4784.761       -9530.293    36   0.0000  -0.0003     -2.026 0.184  44   2.98    0.550
2018-05-06-20:38:37 1.11  Mocks_Em/MockNFW640ellip5loga2.08PA50center0With_background20num59.dat BFGS         1.0e-04 1 1 1 1e+04 NFW        0.0001  -0.0000     -2.002 0.195  35   2.97  341.6       -4598.362       -9157.496   191   0.0001  -0.0000     -2.002 0.195  35   2.97    4.143
2018-05-06-20:38:37 1.11  Mocks_Em/MockNFW640ellip5loga2.08PA50center0With_background20num60.dat BFGS         1.0e-04 1 1 1 1e+04 NFW        0.0000  -0.0004     -2.036 0.128  41   2.97  316.0       -4619.509       -9199.789   236   0.0000  -0.0004     -2.036 0.128  41   2.97    5.628
2018-05-06-20:38:37 1.11  Mocks_Em/MockNFW640ellip5loga2.08PA50center0With_background20num61.dat BFGS         1.0e-04 1 1 1 1e+04 NFW      359.9995  -0.0001     -2.026 0.231  42   2.96  323.3       -4795.345       -9551.461    36 359.9995  -0.0001     -2.026 0.231  42   2.96    0.550
2018-05-06-20:38:37 1.11  Mocks_Em/MockNFW640ellip5loga2.08PA50center0With_background20num62.dat BFGS         1.0e-04 1 1 1 1e+04 NFW      359.9998   0.0001     -1.997 0.212  35   2.96  340.5       -4528.589        -9017.95    36 359.9998   0.0001     -1.997 0.212  35   2.96    0.502
2018-05-06-20:38:37 1.11  Mocks_Em/MockNFW640ellip5loga2.08PA50center0With_background20num63.dat BFGS         1.0e-04 1 1 1 1e+04 NFW      359.9999   0.0002     -1.999 0.233  37   2.96  336.4       -4463.305       -8887.381    44 359.9999   0.0002     -1.999 0.233  37   2.96    0.266
2018-05-06-20:38:37 1.11  Mocks_Em/MockNFW640ellip5loga2.08PA50center0With_background20num64.dat BFGS         1.0e-04 1 1 1 1e+04 NFW        0.0000  -0.0000     -2.009 0.196  41   2.96  330.6       -4557.543       -9075.857   132   0.0000  -0.0000     -2.009 0.196  41   2.96    2.773
2018-05-06-20:38:37 1.11  Mocks_Em/MockNFW640ellip5loga2.08PA50center0With_background20num65.dat BFGS         1.0e-04 1 1 1 1e+04 NFW        0.0003  -0.0003     -2.015 0.211  35   2.97  336.8       -4763.554       -9487.879    36   0.0003  -0.0003     -2.015 0.211  35   2.97    0.538
2018-05-06-20:38:37 1.11  Mocks_Em/MockNFW640ellip5loga2.08PA50center0With_background20num66.dat BFGS         1.0e-04 1 1 1 1e+04 NFW      359.9999  -0.0002     -2.048 0.186  40   2.98  311.0       -4757.683       -9476.137    36 359.9999  -0.0002     -2.048 0.186  40   2.98    0.549
2018-05-06-20:38:37 1.11  Mocks_Em/MockNFW640ellip5loga2.08PA50center0With_background20num67.dat BFGS         1.0e-04 1 1 1 1e+04 NFW      359.9999   0.0002     -2.026 0.185  31   2.97  320.2       -4612.005       -9184.782    36 359.9999   0.0002     -2.026 0.185  31   2.97    0.567
2018-05-06-20:38:37 1.11  Mocks_Em/MockNFW640ellip5loga2.08PA50center0With_background20num68.dat BFGS         1.0e-04 1 1 1 1e+04 NFW        0.0001   0.0000     -1.988 0.169  44   2.95  340.8       -4417.101       -8794.974   140   0.0001   0.0000     -1.988 0.169  44   2.95    3.175
2018-05-06-20:38:37 1.11  Mocks_Em/MockNFW640ellip5loga2.08PA50center0With_background20num69.dat BFGS         1.0e-04 1 1 1 1e+04 NFW        0.0005  -0.0001     -2.024 0.177  40   2.97  326.8       -4680.487       -9321.745    36   0.0005  -0.0001     -2.024 0.177  40   2.97    0.560
2018-05-06-20:38:37 1.11  Mocks_Em/MockNFW640ellip5loga2.08PA50center0With_background20num70.dat BFGS         1.0e-04 1 1 1 1e+04 NFW        0.0003   0.0000     -1.984 0.210  43   2.96  354.0       -4573.853       -9108.478    36   0.0003   0.0000     -1.984 0.210  43   2.96    0.520
2018-05-06-20:38:37 1.11  Mocks_Em/MockNFW640ellip5loga2.08PA50center0With_background20num71.dat BFGS         1.0e-04 1 1 1 1e+04 NFW        0.0002   0.0000     -1.991 0.207  32   2.96  345.2       -4523.448       -9007.666    44   0.0002   0.0000     -1.991 0.207  32   2.96    0.731
2018-05-06-20:38:37 1.11  Mocks_Em/MockNFW640ellip5loga2.08PA50center0With_background20num72.dat BFGS         1.0e-04 1 1 1 1e+04 NFW        0.0000  -0.0000     -2.013 0.218  37   2.96  326.2       -4437.383       -8835.537    60   0.0000  -0.0000     -2.013 0.218  37   2.96    0.319
2018-05-06-20:38:37 1.11  Mocks_Em/MockNFW640ellip5loga2.08PA50center0With_background20num73.dat BFGS         1.0e-04 1 1 1 1e+04 NFW        0.0002  -0.0001     -2.044 0.225  36   2.98  312.5        -4740.65       -9442.072    36   0.0002  -0.0001     -2.044 0.225  36   2.98    0.484
2018-05-06-20:38:37 1.11  Mocks_Em/MockNFW640ellip5loga2.08PA50center0With_background20num74.dat BFGS         1.0e-04 1 1 1 1e+04 NFW      359.9998   0.0000     -2.002 0.231 135   2.98  346.6       -4650.086       -9260.942    36 359.9998   0.0000     -2.002 0.231 135   2.98    0.580
2018-05-06-20:38:37 1.11  Mocks_Em/MockNFW640ellip5loga2.08PA50center0With_background20num75.dat BFGS         1.0e-04 1 1 1 1e+04 NFW      359.9998  -0.0005     -2.008 0.245 135   2.94  323.3       -4534.204       -9029.179   222 359.9998  -0.0005     -2.008 0.245 135   2.94    5.076
2018-05-06-20:38:37 1.11  Mocks_Em/MockNFW640ellip5loga2.08PA50center0With_background20num76.dat BFGS         1.0e-04 1 1 1 1e+04 NFW        0.0001  -0.0000     -2.014 0.175  44   2.97  333.2       -4614.609        -9189.99    36   0.0001  -0.0000     -2.014 0.175  44   2.97    0.494
2018-05-06-20:38:37 1.11  Mocks_Em/MockNFW640ellip5loga2.08PA50center0With_background20num77.dat BFGS         1.0e-04 1 1 1 1e+04 NFW      359.9997   0.0002     -2.022 0.182  33   2.96  326.2       -4701.555       -9363.881   164 359.9997   0.0002     -2.022 0.182  33   2.96    3.758
2018-05-06-20:38:37 1.11  Mocks_Em/MockNFW640ellip5loga2.08PA50center0With_background20num78.dat BFGS         1.0e-04 1 1 1 1e+04 NFW        0.0001  -0.0001     -1.993 0.234  40   2.96  345.8       -4601.626       -9164.022    36   0.0001  -0.0001     -1.993 0.234  40   2.96    0.471
2018-05-06-20:38:37 1.11  Mocks_Em/MockNFW640ellip5loga2.08PA50center0With_background20num79.dat BFGS         1.0e-04 1 1 1 1e+04 NFW        0.0000   0.0003     -1.992 0.182  37   2.95  341.0       -4507.836       -8976.444    36   0.0000   0.0003     -1.992 0.182  37   2.95    0.533
2018-05-06-20:38:37 1.11  Mocks_Em/MockNFW640ellip5loga2.08PA50center0With_background20num80.dat BFGS         1.0e-04 1 1 1 1e+04 NFW        0.0005   0.0000     -2.033 0.206  40   2.97  319.8       -4782.485       -9525.742   147   0.0005   0.0000     -2.033 0.206  40   2.97    3.375
2018-05-06-20:38:37 1.11  Mocks_Em/MockNFW640ellip5loga2.08PA50center0With_background20num81.dat BFGS         1.0e-04 1 1 1 1e+04 NFW        0.0007  -0.0001     -1.994 0.243  37   2.96  352.1       -4812.881       -9586.534    36   0.0007  -0.0001     -1.994 0.243  37   2.96    0.549
2018-05-06-20:38:37 1.11  Mocks_Em/MockNFW640ellip5loga2.08PA50center0With_background20num82.dat BFGS         1.0e-04 1 1 1 1e+04 NFW      359.9996   0.0003     -1.989 0.186  44   2.97  353.1       -4596.555       -9153.881    36 359.9996   0.0003     -1.989 0.186  44   2.97    0.505
2018-05-06-20:38:37 1.11  Mocks_Em/MockNFW640ellip5loga2.08PA50center0With_background20num83.dat BFGS         1.0e-04 1 1 1 1e+04 NFW        0.0000   0.0002     -2.015 0.178 140   2.97  327.0       -4521.197       -9003.166    52   0.0000   0.0002     -2.015 0.178 140   2.97    0.905
2018-05-06-20:38:37 1.11  Mocks_Em/MockNFW640ellip5loga2.08PA50center0With_background20num84.dat BFGS         1.0e-04 1 1 1 1e+04 NFW      359.9999   0.0001     -1.977 0.191  38   2.96  361.0       -4529.914         -9020.6    92 359.9999   0.0001     -1.977 0.191  38   2.96    2.028
2018-05-06-20:38:37 1.11  Mocks_Em/MockNFW640ellip5loga2.08PA50center0With_background20num85.dat BFGS         1.0e-04 1 1 1 1e+04 NFW      359.9999  -0.0002     -1.960 0.183  40   2.95  365.2       -4327.341       -8615.454    60 359.9999  -0.0002     -1.960 0.183  40   2.95    0.270
2018-05-06-20:38:37 1.11  Mocks_Em/MockNFW640ellip5loga2.08PA50center0With_background20num86.dat BFGS         1.0e-04 1 1 1 1e+04 NFW        0.0005   0.0000     -2.002 0.195  37   2.95  335.0       -4567.898       -9096.568    44   0.0005   0.0000     -2.002 0.195  37   2.95    0.264
2018-05-06-20:38:37 1.11  Mocks_Em/MockNFW640ellip5loga2.08PA50center0With_background20num87.dat BFGS         1.0e-04 1 1 1 1e+04 NFW      359.9999   0.0003     -2.008 0.187  44   2.95  321.9        -4465.93        -8892.63    36 359.9999   0.0003     -2.008 0.187  44   2.95    0.485
2018-05-06-20:38:37 1.11  Mocks_Em/MockNFW640ellip5loga2.08PA50center0With_background20num88.dat BFGS         1.0e-04 1 1 1 1e+04 NFW        0.0000   0.0002     -2.029 0.169  41   2.97  321.1       -4647.115       -9255.001    36   0.0000   0.0002     -2.029 0.169  41   2.97    0.487
2018-05-06-20:38:37 1.11  Mocks_Em/MockNFW640ellip5loga2.08PA50center0With_background20num89.dat BFGS         1.0e-04 1 1 1 1e+04 NFW      359.9997   0.0000     -2.015 0.202  34   2.97  335.2       -4634.168       -9229.107    60 359.9997   0.0000     -2.015 0.202  34   2.97    0.304
2018-05-06-20:38:37 1.11  Mocks_Em/MockNFW640ellip5loga2.08PA50center0With_background20num90.dat BFGS         1.0e-04 1 1 1 1e+04 NFW        0.0005  -0.0003     -2.027 0.202  37   2.96  323.8       -4755.707       -9472.184    36   0.0005  -0.0003     -2.027 0.202  37   2.96    0.522
2018-05-06-20:38:37 1.11  Mocks_Em/MockNFW640ellip5loga2.08PA50center0With_background20num91.dat BFGS         1.0e-04 1 1 1 1e+04 NFW      359.9995   0.0001     -1.995 0.125  35   2.96  342.2       -4547.641       -9056.052    52 359.9995   0.0001     -1.995 0.125  35   2.96    0.944
2018-05-06-20:38:37 1.11  Mocks_Em/MockNFW640ellip5loga2.08PA50center0With_background20num92.dat BFGS         1.0e-04 1 1 1 1e+04 NFW      359.9998   0.0001     -2.030 0.219  39   2.98  328.7       -4840.811       -9642.394   132 359.9998   0.0001     -2.030 0.219  39   2.98    3.149
2018-05-06-20:38:37 1.11  Mocks_Em/MockNFW640ellip5loga2.08PA50center0With_background20num93.dat BFGS         1.0e-04 1 1 1 1e+04 NFW      359.9998   0.0000     -2.006 0.151  43   2.96  333.9       -4532.767       -9026.306   108 359.9998   0.0000     -2.006 0.151  43   2.96    2.552
2018-05-06-20:38:37 1.11  Mocks_Em/MockNFW640ellip5loga2.08PA50center0With_background20num94.dat BFGS         1.0e-04 1 1 1 1e+04 NFW        0.0001   0.0002     -2.018 0.152  42   2.97  329.1       -4630.879       -9222.529    99   0.0001   0.0002     -2.018 0.152  42   2.97    2.271
2018-05-06-20:38:37 1.11  Mocks_Em/MockNFW640ellip5loga2.08PA50center0With_background20num95.dat BFGS         1.0e-04 1 1 1 1e+04 NFW      359.9999   0.0003     -2.016 0.139  37   2.95  318.2       -4464.245       -8889.262    36 359.9999   0.0003     -2.016 0.139  37   2.95    0.531
2018-05-06-20:38:37 1.11  Mocks_Em/MockNFW640ellip5loga2.08PA50center0With_background20num96.dat BFGS         1.0e-04 1 1 1 1e+04 NFW      359.9998   0.0000     -2.011 0.206 136   2.98  341.9       -4613.865       -9188.502    60 359.9998   0.0000     -2.011 0.206 136   2.98    0.320
2018-05-06-20:38:37 1.11  Mocks_Em/MockNFW640ellip5loga2.08PA50center0With_background20num97.dat BFGS         1.0e-04 1 1 1 1e+04 NFW        0.0003   0.0002     -2.040 0.179  37   2.96  309.4       -4655.766       -9272.303    36   0.0003   0.0002     -2.040 0.179  37   2.96    0.495
2018-05-06-20:38:37 1.11  Mocks_Em/MockNFW640ellip5loga2.08PA50center0With_background20num98.dat BFGS         1.0e-04 1 1 1 1e+04 NFW        0.0005   0.0001     -2.010 0.223  43   2.96  331.6       -4651.835       -9264.442   247   0.0005   0.0001     -2.010 0.223  43   2.96    5.430
2018-05-06-20:38:37 1.11  Mocks_Em/MockNFW640ellip5loga2.08PA50center0With_background20num99.dat BFGS         1.0e-04 1 1 1 1e+04 NFW        0.0003   0.0001     -2.013 0.242 140   2.96  331.5       -4645.219       -9251.209    36   0.0003   0.0001     -2.013 0.242 140   2.96    0.568
