2018-05-06-19:05:56 1.11  Mocks_Em/MockNFW640ellip5loga2.08PA50center0With_background20num0.dat L-BFGS-B     1.0e-04 1 1 1 1e+04 NFW        0.0003   0.0001     -2.025 0.139  32   2.95  312.4         -4509.5       -8979.772    28   0.0003   0.0001     -2.025 0.139  32   2.95    0.620
2018-05-06-19:05:56 1.11  Mocks_Em/MockNFW640ellip5loga2.08PA50center0With_background20num1.dat L-BFGS-B     1.0e-04 1 1 1 1e+04 NFW        0.0000   0.0003     -2.027 0.184  37   2.97  320.1       -4628.535       -9217.841    35   0.0000   0.0003     -2.027 0.184  37   2.97    0.652
2018-05-06-19:05:56 1.11  Mocks_Em/MockNFW640ellip5loga2.08PA50center0With_background20num2.dat L-BFGS-B     1.0e-04 1 1 1 1e+04 NFW      359.9998  -0.0001     -1.983 0.218  37   2.97  362.6       -4614.761       -9190.294   259 359.9998  -0.0001     -1.983 0.218  37   2.97    4.871
2018-05-06-19:05:56 1.11  Mocks_Em/MockNFW640ellip5loga2.08PA50center0With_background20num3.dat L-BFGS-B     1.0e-04 1 1 1 1e+04 NFW        0.0001  -0.0001     -2.026 0.214  37   2.97  321.6        -4615.34       -9191.452    21   0.0001  -0.0001     -2.026 0.214  37   2.97    0.441
2018-05-06-19:05:56 1.11  Mocks_Em/MockNFW640ellip5loga2.08PA50center0With_background20num4.dat L-BFGS-B     1.0e-04 1 1 1 1e+04 NFW        0.0002  -0.0002     -2.005 0.206  34   2.97  343.5       -4719.845       -9400.461   147   0.0002  -0.0002     -2.005 0.206  34   2.97    2.749
2018-05-06-19:05:56 1.11  Mocks_Em/MockNFW640ellip5loga2.08PA50center0With_background20num5.dat L-BFGS-B     1.0e-04 1 1 1 1e+04 NFW        0.0000   0.0000     -2.007 0.168  31   2.95  324.4       -4409.753       -8780.277   280   0.0000   0.0000     -2.007 0.168  31   2.95    5.211
2018-05-06-19:05:56 1.11  Mocks_Em/MockNFW640ellip5loga2.08PA50center0With_background20num6.dat L-BFGS-B     1.0e-04 1 1 1 1e+04 NFW        0.0000  -0.0001     -1.999 0.179  37   2.98  348.4       -4592.419        -9145.61   154   0.0000  -0.0001     -1.999 0.179  37   2.98    3.101
2018-05-06-19:05:56 1.11  Mocks_Em/MockNFW640ellip5loga2.08PA50center0With_background20num7.dat L-BFGS-B     1.0e-04 1 1 1 1e+04 NFW        0.0001  -0.0001     -2.024 0.214  43   2.97  324.3       -4640.172       -9241.115    35   0.0001  -0.0001     -2.024 0.214  43   2.97    0.692
2018-05-06-19:05:56 1.11  Mocks_Em/MockNFW640ellip5loga2.08PA50center0With_background20num8.dat L-BFGS-B     1.0e-04 1 1 1 1e+04 NFW        0.0001   0.0001     -1.970 0.156  39   2.96  362.1        -4452.02       -8864.812    49   0.0001   0.0001     -1.970 0.156  39   2.96    0.565
2018-05-06-19:05:56 1.11  Mocks_Em/MockNFW640ellip5loga2.08PA50center0With_background20num9.dat L-BFGS-B     1.0e-04 1 1 1 1e+04 NFW        0.0001   0.0001     -1.998 0.266  37   2.97  345.9        -4661.39       -9283.551   196   0.0001   0.0001     -1.998 0.266  37   2.97    3.477
2018-05-06-19:05:56 1.11  Mocks_Em/MockNFW640ellip5loga2.08PA50center0With_background20num10.dat L-BFGS-B     1.0e-04 1 1 1 1e+04 NFW      359.9999  -0.0000     -1.994 0.209  40   2.96  340.9       -4484.118       -8929.007   147 359.9999  -0.0000     -1.994 0.209  40   2.96    2.737
2018-05-06-19:05:56 1.11  Mocks_Em/MockNFW640ellip5loga2.08PA50center0With_background20num11.dat L-BFGS-B     1.0e-04 1 1 1 1e+04 NFW      359.9997   0.0001     -1.980 0.160 136   2.96  355.1       -4497.513       -8955.797   322 359.9997   0.0001     -1.980 0.160 136   2.96    5.636
2018-05-06-19:05:56 1.11  Mocks_Em/MockNFW640ellip5loga2.08PA50center0With_background20num12.dat L-BFGS-B     1.0e-04 1 1 1 1e+04 NFW        0.0001   0.0001     -1.982 0.177 135   2.96  352.6       -4443.542       -8847.856    28   0.0001   0.0001     -1.982 0.177 135   2.96    0.194
2018-05-06-19:05:56 1.11  Mocks_Em/MockNFW640ellip5loga2.08PA50center0With_background20num13.dat L-BFGS-B     1.0e-04 1 1 1 1e+04 NFW      359.9998  -0.0002     -1.984 0.137  33   2.96  348.8        -4450.95       -8862.672    21 359.9998  -0.0002     -1.984 0.137  33   2.96    0.312
2018-05-06-19:05:56 1.11  Mocks_Em/MockNFW640ellip5loga2.08PA50center0With_background20num14.dat L-BFGS-B     1.0e-04 1 1 1 1e+04 NFW      359.9999  -0.0001     -2.020 0.200  39   2.97  326.1       -4661.104       -9282.979   273 359.9999  -0.0001     -2.020 0.200  39   2.97    5.220
2018-05-06-19:05:56 1.11  Mocks_Em/MockNFW640ellip5loga2.08PA50center0With_background20num15.dat L-BFGS-B     1.0e-04 1 1 1 1e+04 NFW        0.0001   0.0001     -2.015 0.233  43   2.97  330.3       -4658.857       -9278.485    35   0.0001   0.0001     -2.015 0.233  43   2.97    0.461
2018-05-06-19:05:56 1.11  Mocks_Em/MockNFW640ellip5loga2.08PA50center0With_background20num16.dat L-BFGS-B     1.0e-04 1 1 1 1e+04 NFW      360.0000  -0.0002     -1.991 0.167 146   2.96  342.6       -4458.438       -8877.647   112 360.0000  -0.0002     -1.991 0.167 146   2.96    2.015
2018-05-06-19:05:56 1.11  Mocks_Em/MockNFW640ellip5loga2.08PA50center0With_background20num17.dat L-BFGS-B     1.0e-04 1 1 1 1e+04 NFW        0.0001  -0.0004     -2.012 0.215  40   2.97  330.8       -4578.498       -9117.767    42   0.0001  -0.0004     -2.012 0.215  40   2.97    0.568
2018-05-06-19:05:56 1.11  Mocks_Em/MockNFW640ellip5loga2.08PA50center0With_background20num18.dat L-BFGS-B     1.0e-04 1 1 1 1e+04 NFW        0.0002   0.0002     -2.002 0.187  42   2.96  338.2       -4582.286       -9125.343   140   0.0002   0.0002     -2.002 0.187  42   2.96    2.382
2018-05-06-19:05:56 1.11  Mocks_Em/MockNFW640ellip5loga2.08PA50center0With_background20num19.dat L-BFGS-B     1.0e-04 1 1 1 1e+04 NFW      359.9999   0.0002     -2.015 0.159  33   2.98  333.2       -4593.762       -9148.295   175 359.9999   0.0002     -2.015 0.159  33   2.98    3.079
2018-05-06-19:05:56 1.11  Mocks_Em/MockNFW640ellip5loga2.08PA50center0With_background20num20.dat L-BFGS-B     1.0e-04 1 1 1 1e+04 NFW        0.0006  -0.0001     -1.979 0.120  39   2.95  350.7       -4467.924       -8896.618    35   0.0006  -0.0001     -1.979 0.120  39   2.95    0.459
2018-05-06-19:05:56 1.11  Mocks_Em/MockNFW640ellip5loga2.08PA50center0With_background20num21.dat L-BFGS-B     1.0e-04 1 1 1 1e+04 NFW        0.0003  -0.0004     -2.006 0.225  32   2.96  338.1       -4697.935       -9356.642   133   0.0003  -0.0004     -2.006 0.225  32   2.96    2.132
2018-05-06-19:05:56 1.11  Mocks_Em/MockNFW640ellip5loga2.08PA50center0With_background20num22.dat L-BFGS-B     1.0e-04 1 1 1 1e+04 NFW      360.0000  -0.0001     -2.005 0.226  40   2.98  346.1       -4641.896       -9244.564    35 360.0000  -0.0001     -2.005 0.226  40   2.98    0.337
2018-05-06-19:05:56 1.11  Mocks_Em/MockNFW640ellip5loga2.08PA50center0With_background20num23.dat L-BFGS-B     1.0e-04 1 1 1 1e+04 NFW      359.9999  -0.0001     -1.994 0.211  39   2.97  348.1       -4589.554        -9139.88   189 359.9999  -0.0001     -1.994 0.211  39   2.97    3.738
2018-05-06-19:05:56 1.11  Mocks_Em/MockNFW640ellip5loga2.08PA50center0With_background20num24.dat L-BFGS-B     1.0e-04 1 1 1 1e+04 NFW      359.9997   0.0004     -2.023 0.141  44   2.96  324.1       -4662.673       -9286.118   105 359.9997   0.0004     -2.023 0.141  44   2.96    2.147
2018-05-06-19:05:56 1.11  Mocks_Em/MockNFW640ellip5loga2.08PA50center0With_background20num25.dat L-BFGS-B     1.0e-04 1 1 1 1e+04 NFW        0.0004  -0.0000     -2.022 0.197  34   2.96  323.6       -4689.406       -9339.584    21   0.0004  -0.0000     -2.022 0.197  34   2.96    0.433
2018-05-06-19:05:56 1.11  Mocks_Em/MockNFW640ellip5loga2.08PA50center0With_background20num26.dat L-BFGS-B     1.0e-04 1 1 1 1e+04 NFW      359.9999  -0.0003     -2.010 0.211  37   2.97  338.6       -4693.344        -9347.46   147 359.9999  -0.0003     -2.010 0.211  37   2.97    2.218
2018-05-06-19:05:56 1.11  Mocks_Em/MockNFW640ellip5loga2.08PA50center0With_background20num27.dat L-BFGS-B     1.0e-04 1 1 1 1e+04 NFW        0.0004  -0.0002     -2.002 0.172  34   2.97  341.8       -4587.668       -9136.108   161   0.0004  -0.0002     -2.002 0.172  34   2.97    2.690
2018-05-06-19:05:56 1.11  Mocks_Em/MockNFW640ellip5loga2.08PA50center0With_background20num28.dat L-BFGS-B     1.0e-04 1 1 1 1e+04 NFW        0.0001   0.0001     -2.013 0.200  37   2.98  338.1       -4649.155       -9259.081    21   0.0001   0.0001     -2.013 0.200  37   2.98    0.311
2018-05-06-19:05:56 1.11  Mocks_Em/MockNFW640ellip5loga2.08PA50center0With_background20num29.dat L-BFGS-B     1.0e-04 1 1 1 1e+04 NFW      359.9998   0.0002     -1.997 0.131  36   2.96  342.6       -4556.198       -9073.168   105 359.9998   0.0002     -1.997 0.131  36   2.96    1.798
2018-05-06-19:05:56 1.11  Mocks_Em/MockNFW640ellip5loga2.08PA50center0With_background20num30.dat L-BFGS-B     1.0e-04 1 1 1 1e+04 NFW        0.0002   0.0004     -2.004 0.177  40   2.96  336.6       -4621.051       -9202.872    21   0.0002   0.0004     -2.004 0.177  40   2.96    0.311
2018-05-06-19:05:56 1.11  Mocks_Em/MockNFW640ellip5loga2.08PA50center0With_background20num31.dat L-BFGS-B     1.0e-04 1 1 1 1e+04 NFW      359.9998   0.0003     -2.013 0.165  41   2.97  331.7       -4575.303       -9111.378   161 359.9998   0.0003     -2.013 0.165  41   2.97    3.056
2018-05-06-19:05:56 1.11  Mocks_Em/MockNFW640ellip5loga2.08PA50center0With_background20num32.dat L-BFGS-B     1.0e-04 1 1 1 1e+04 NFW        0.0004  -0.0000     -2.012 0.194  36   2.98  341.7       -4738.922       -9438.616   140   0.0004  -0.0000     -2.012 0.194  36   2.98    2.603
2018-05-06-19:05:56 1.11  Mocks_Em/MockNFW640ellip5loga2.08PA50center0With_background20num33.dat L-BFGS-B     1.0e-04 1 1 1 1e+04 NFW        0.0002   0.0002     -1.983 0.160  39   2.95  347.9       -4507.651       -8976.073   161   0.0002   0.0002     -1.983 0.160  39   2.95    2.748
2018-05-06-19:05:56 1.11  Mocks_Em/MockNFW640ellip5loga2.08PA50center0With_background20num34.dat L-BFGS-B     1.0e-04 1 1 1 1e+04 NFW      359.9998  -0.0001     -2.006 0.186  40   2.95  327.8       -4501.708       -8964.187   147 359.9998  -0.0001     -2.006 0.186  40   2.95    2.506
2018-05-06-19:05:56 1.11  Mocks_Em/MockNFW640ellip5loga2.08PA50center0With_background20num35.dat L-BFGS-B     1.0e-04 1 1 1 1e+04 NFW      360.0000  -0.0002     -1.985 0.190  34   2.96  350.5       -4513.114       -8986.999   182 360.0000  -0.0002     -1.985 0.190  34   2.96    3.096
2018-05-06-19:05:56 1.11  Mocks_Em/MockNFW640ellip5loga2.08PA50center0With_background20num36.dat L-BFGS-B     1.0e-04 1 1 1 1e+04 NFW        0.0003   0.0005     -2.053 0.149  41   2.97  304.1       -4760.941       -9482.654   182   0.0003   0.0005     -2.053 0.149  41   2.97    3.192
2018-05-06-19:05:56 1.11  Mocks_Em/MockNFW640ellip5loga2.08PA50center0With_background20num37.dat L-BFGS-B     1.0e-04 1 1 1 1e+04 NFW        0.0003  -0.0001     -2.009 0.157  38   2.95  326.9       -4506.298       -8973.368   322   0.0003  -0.0001     -2.009 0.157  38   2.95    5.877
2018-05-06-19:05:56 1.11  Mocks_Em/MockNFW640ellip5loga2.08PA50center0With_background20num38.dat L-BFGS-B     1.0e-04 1 1 1 1e+04 NFW        0.0005  -0.0003     -2.011 0.173  32   2.96  329.2       -4545.737       -9052.245   189   0.0005  -0.0003     -2.011 0.173  32   2.96    3.594
2018-05-06-19:05:56 1.11  Mocks_Em/MockNFW640ellip5loga2.08PA50center0With_background20num39.dat L-BFGS-B     1.0e-04 1 1 1 1e+04 NFW        0.0006   0.0000     -2.000 0.157  37   2.95  336.9       -4620.062       -9200.896   217   0.0006   0.0000     -2.000 0.157  37   2.95    4.045
2018-05-06-19:05:56 1.11  Mocks_Em/MockNFW640ellip5loga2.08PA50center0With_background20num40.dat L-BFGS-B     1.0e-04 1 1 1 1e+04 NFW        0.0002   0.0002     -2.009 0.192  39   2.97  338.8       -4663.939       -9288.649    35   0.0002   0.0002     -2.009 0.192  39   2.97    0.435
2018-05-06-19:05:56 1.11  Mocks_Em/MockNFW640ellip5loga2.08PA50center0With_background20num41.dat L-BFGS-B     1.0e-04 1 1 1 1e+04 NFW      359.9999   0.0001     -2.035 0.250  39   2.98  321.0        -4757.89       -9476.551    49 359.9999   0.0001     -2.035 0.250  39   2.98    0.749
2018-05-06-19:05:56 1.11  Mocks_Em/MockNFW640ellip5loga2.08PA50center0With_background20num42.dat L-BFGS-B     1.0e-04 1 1 1 1e+04 NFW        0.0000   0.0003     -2.004 0.235  32   2.96  333.4       -4588.613       -9137.998   182   0.0000   0.0003     -2.004 0.235  32   2.96    3.465
2018-05-06-19:05:56 1.11  Mocks_Em/MockNFW640ellip5loga2.08PA50center0With_background20num43.dat L-BFGS-B     1.0e-04 1 1 1 1e+04 NFW        0.0001   0.0000     -1.999 0.218  36   2.97  342.2       -4555.629        -9072.03   182   0.0001   0.0000     -1.999 0.218  36   2.97    3.299
2018-05-06-19:05:56 1.11  Mocks_Em/MockNFW640ellip5loga2.08PA50center0With_background20num44.dat L-BFGS-B     1.0e-04 1 1 1 1e+04 NFW        0.0002   0.0001     -2.014 0.226  42   2.95  322.7       -4556.868       -9074.507    35   0.0002   0.0001     -2.014 0.226  42   2.95    0.577
2018-05-06-19:05:56 1.11  Mocks_Em/MockNFW640ellip5loga2.08PA50center0With_background20num45.dat L-BFGS-B     1.0e-04 1 1 1 1e+04 NFW        0.0002   0.0003     -1.997 0.224  38   2.97  350.5       -4672.868       -9306.506   147   0.0002   0.0003     -1.997 0.224  38   2.97    2.441
2018-05-06-19:05:56 1.11  Mocks_Em/MockNFW640ellip5loga2.08PA50center0With_background20num46.dat L-BFGS-B     1.0e-04 1 1 1 1e+04 NFW      359.9996  -0.0000     -2.013 0.168  33   2.96  332.5       -4636.844       -9234.459   112 359.9996  -0.0000     -2.013 0.168  33   2.96    2.045
2018-05-06-19:05:56 1.11  Mocks_Em/MockNFW640ellip5loga2.08PA50center0With_background20num47.dat L-BFGS-B     1.0e-04 1 1 1 1e+04 NFW      359.9998  -0.0005     -2.003 0.208  38   2.94  331.0       -4596.972       -9154.716    21 359.9998  -0.0005     -2.003 0.208  38   2.94    0.311
2018-05-06-19:05:56 1.11  Mocks_Em/MockNFW640ellip5loga2.08PA50center0With_background20num48.dat L-BFGS-B     1.0e-04 1 1 1 1e+04 NFW      359.9993  -0.0001     -2.029 0.154 136   2.95  309.0       -4512.896       -8986.563    28 359.9993  -0.0001     -2.029 0.154 136   2.95    0.311
2018-05-06-19:05:56 1.11  Mocks_Em/MockNFW640ellip5loga2.08PA50center0With_background20num49.dat L-BFGS-B     1.0e-04 1 1 1 1e+04 NFW      360.0000  -0.0003     -2.006 0.175  39   2.97  339.3       -4613.772       -9188.315   161 360.0000  -0.0003     -2.006 0.175  39   2.97    2.645
2018-05-06-19:05:56 1.11  Mocks_Em/MockNFW640ellip5loga2.08PA50center0With_background20num50.dat L-BFGS-B     1.0e-04 1 1 1 1e+04 NFW        0.0002  -0.0000     -2.023 0.150  39   2.97  324.8       -4597.904       -9156.579   273   0.0002  -0.0000     -2.023 0.150  39   2.97    4.891
2018-05-06-19:05:56 1.11  Mocks_Em/MockNFW640ellip5loga2.08PA50center0With_background20num51.dat L-BFGS-B     1.0e-04 1 1 1 1e+04 NFW      360.0000  -0.0001     -1.968 0.224  39   2.94  350.3       -4314.833       -8590.437   147 360.0000  -0.0001     -1.968 0.224  39   2.94    2.392
2018-05-06-19:05:56 1.11  Mocks_Em/MockNFW640ellip5loga2.08PA50center0With_background20num52.dat L-BFGS-B     1.0e-04 1 1 1 1e+04 NFW        0.0004  -0.0001     -2.013 0.205  34   2.96  332.5       -4591.928       -9144.628   147   0.0004  -0.0001     -2.013 0.205  34   2.96    2.544
2018-05-06-19:05:56 1.11  Mocks_Em/MockNFW640ellip5loga2.08PA50center0With_background20num53.dat L-BFGS-B     1.0e-04 1 1 1 1e+04 NFW        0.0001  -0.0002     -2.020 0.188  40   2.96  315.5       -4461.868       -8884.507    49   0.0001  -0.0002     -2.020 0.188  40   2.96    0.848
2018-05-06-19:05:56 1.11  Mocks_Em/MockNFW640ellip5loga2.08PA50center0With_background20num54.dat L-BFGS-B     1.0e-04 1 1 1 1e+04 NFW      360.0000   0.0000     -2.005 0.229  38   2.99  350.1       -4759.609       -9479.989    49 360.0000   0.0000     -2.005 0.229  38   2.99    0.746
2018-05-06-19:05:56 1.11  Mocks_Em/MockNFW640ellip5loga2.08PA50center0With_background20num55.dat L-BFGS-B     1.0e-04 1 1 1 1e+04 NFW        0.0002   0.0002     -1.964 0.234  45   2.95  363.0       -4464.717       -8890.206   147   0.0002   0.0002     -1.964 0.234  45   2.95    2.457
2018-05-06-19:05:56 1.11  Mocks_Em/MockNFW640ellip5loga2.08PA50center0With_background20num56.dat L-BFGS-B     1.0e-04 1 1 1 1e+04 NFW        0.0002   0.0003     -2.018 0.248  39   2.97  331.7       -4752.646       -9466.063   147   0.0002   0.0003     -2.018 0.248  39   2.97    2.640
2018-05-06-19:05:56 1.11  Mocks_Em/MockNFW640ellip5loga2.08PA50center0With_background20num57.dat L-BFGS-B     1.0e-04 1 1 1 1e+04 NFW        0.0000   0.0001     -2.016 0.148  39   2.97  333.0       -4626.853       -9214.477   168   0.0000   0.0001     -2.016 0.148  39   2.97    3.039
2018-05-06-19:05:56 1.11  Mocks_Em/MockNFW640ellip5loga2.08PA50center0With_background20num58.dat L-BFGS-B     1.0e-04 1 1 1 1e+04 NFW        0.0000  -0.0003     -2.026 0.184  44   2.98  330.2       -4782.264       -9525.298    21   0.0000  -0.0003     -2.026 0.184  44   2.98    0.432
2018-05-06-19:05:56 1.11  Mocks_Em/MockNFW640ellip5loga2.08PA50center0With_background20num59.dat L-BFGS-B     1.0e-04 1 1 1 1e+04 NFW        0.0001  -0.0000     -2.002 0.195  35   2.97  341.6       -4591.267       -9143.306   161   0.0001  -0.0000     -2.002 0.195  35   2.97    3.155
2018-05-06-19:05:56 1.11  Mocks_Em/MockNFW640ellip5loga2.08PA50center0With_background20num60.dat L-BFGS-B     1.0e-04 1 1 1 1e+04 NFW      360.0000  -0.0004     -2.036 0.128  41   2.97  316.0       -4616.726       -9194.223   140   0.0000  -0.0004     -2.036 0.128  41   2.97    2.572
2018-05-06-19:05:56 1.11  Mocks_Em/MockNFW640ellip5loga2.08PA50center0With_background20num61.dat L-BFGS-B     1.0e-04 1 1 1 1e+04 NFW      359.9995  -0.0001     -2.026 0.231  42   2.96  323.3       -4795.749       -9552.269   189 359.9995  -0.0001     -2.026 0.231  42   2.96    3.223
2018-05-06-19:05:56 1.11  Mocks_Em/MockNFW640ellip5loga2.08PA50center0With_background20num62.dat L-BFGS-B     1.0e-04 1 1 1 1e+04 NFW      359.9998   0.0001     -1.997 0.212  35   2.96  340.5       -4531.099       -9022.969   147 359.9998   0.0001     -1.997 0.212  35   2.96    2.625
2018-05-06-19:05:56 1.11  Mocks_Em/MockNFW640ellip5loga2.08PA50center0With_background20num63.dat L-BFGS-B     1.0e-04 1 1 1 1e+04 NFW      359.9999   0.0002     -1.999 0.233  37   2.96  336.4       -4540.058       -9040.886   133 359.9999   0.0002     -1.999 0.233  37   2.96    2.620
2018-05-06-19:05:56 1.11  Mocks_Em/MockNFW640ellip5loga2.08PA50center0With_background20num64.dat L-BFGS-B     1.0e-04 1 1 1 1e+04 NFW        0.0000  -0.0000     -2.009 0.196  41   2.96  330.6       -4557.606       -9075.982   147   0.0000  -0.0000     -2.009 0.196  41   2.96    2.708
2018-05-06-19:05:56 1.11  Mocks_Em/MockNFW640ellip5loga2.08PA50center0With_background20num65.dat L-BFGS-B     1.0e-04 1 1 1 1e+04 NFW        0.0003  -0.0003     -2.015 0.211  35   2.97  336.8       -4762.357       -9485.485   147   0.0003  -0.0003     -2.015 0.211  35   2.97    2.269
2018-05-06-19:05:56 1.11  Mocks_Em/MockNFW640ellip5loga2.08PA50center0With_background20num66.dat L-BFGS-B     1.0e-04 1 1 1 1e+04 NFW      359.9999  -0.0002     -2.048 0.186  40   2.98  311.0       -4756.645        -9474.06   168 359.9999  -0.0002     -2.048 0.186  40   2.98    3.063
2018-05-06-19:05:56 1.11  Mocks_Em/MockNFW640ellip5loga2.08PA50center0With_background20num67.dat L-BFGS-B     1.0e-04 1 1 1 1e+04 NFW      359.9999   0.0002     -2.026 0.185  31   2.97  320.2       -4614.338       -9189.446   154 359.9999   0.0002     -2.026 0.185  31   2.97    3.160
2018-05-06-19:05:56 1.11  Mocks_Em/MockNFW640ellip5loga2.08PA50center0With_background20num68.dat L-BFGS-B     1.0e-04 1 1 1 1e+04 NFW        0.0001   0.0000     -1.988 0.169  44   2.95  340.8       -4360.766       -8682.303   147   0.0001   0.0000     -1.988 0.169  44   2.95    2.477
2018-05-06-19:05:56 1.11  Mocks_Em/MockNFW640ellip5loga2.08PA50center0With_background20num69.dat L-BFGS-B     1.0e-04 1 1 1 1e+04 NFW        0.0005  -0.0001     -2.024 0.177  40   2.97  326.8       -4681.063       -9322.896   147   0.0005  -0.0001     -2.024 0.177  40   2.97    2.796
2018-05-06-19:05:56 1.11  Mocks_Em/MockNFW640ellip5loga2.08PA50center0With_background20num70.dat L-BFGS-B     1.0e-04 1 1 1 1e+04 NFW        0.0003   0.0000     -1.984 0.210  43   2.96  354.0        -4576.43       -9113.632   147   0.0003   0.0000     -1.984 0.210  43   2.96    2.643
2018-05-06-19:05:56 1.11  Mocks_Em/MockNFW640ellip5loga2.08PA50center0With_background20num71.dat L-BFGS-B     1.0e-04 1 1 1 1e+04 NFW        0.0002   0.0000     -1.991 0.207  32   2.96  345.2       -4524.775        -9010.32   161   0.0002   0.0000     -1.991 0.207  32   2.96    3.016
2018-05-06-19:05:56 1.11  Mocks_Em/MockNFW640ellip5loga2.08PA50center0With_background20num72.dat L-BFGS-B     1.0e-04 1 1 1 1e+04 NFW        0.0000  -0.0000     -2.013 0.218  37   2.96  326.2       -4505.872       -8972.514   147   0.0000  -0.0000     -2.013 0.218  37   2.96    2.267
2018-05-06-19:05:56 1.11  Mocks_Em/MockNFW640ellip5loga2.08PA50center0With_background20num73.dat L-BFGS-B     1.0e-04 1 1 1 1e+04 NFW        0.0002  -0.0001     -2.044 0.225  36   2.98  312.5       -4738.607       -9437.986   182   0.0002  -0.0001     -2.044 0.225  36   2.98    3.254
2018-05-06-19:05:56 1.11  Mocks_Em/MockNFW640ellip5loga2.08PA50center0With_background20num74.dat L-BFGS-B     1.0e-04 1 1 1 1e+04 NFW      359.9998   0.0000     -2.002 0.231 135   2.98  346.6       -4647.786       -9256.344   182 359.9998   0.0000     -2.002 0.231 135   2.98    3.361
2018-05-06-19:05:56 1.11  Mocks_Em/MockNFW640ellip5loga2.08PA50center0With_background20num75.dat L-BFGS-B     1.0e-04 1 1 1 1e+04 NFW      359.9998  -0.0005     -2.008 0.245 135   2.94  323.3       -4530.307       -9021.384   182 359.9998  -0.0005     -2.008 0.245 135   2.94    3.457
2018-05-06-19:05:56 1.11  Mocks_Em/MockNFW640ellip5loga2.08PA50center0With_background20num76.dat L-BFGS-B     1.0e-04 1 1 1 1e+04 NFW        0.0001  -0.0000     -2.014 0.175  44   2.97  333.2       -4611.326       -9183.423    35   0.0001  -0.0000     -2.014 0.175  44   2.97    0.460
2018-05-06-19:05:56 1.11  Mocks_Em/MockNFW640ellip5loga2.08PA50center0With_background20num77.dat L-BFGS-B     1.0e-04 1 1 1 1e+04 NFW      359.9997   0.0002     -2.022 0.182  33   2.96  326.2       -4698.008       -9356.788    28 359.9997   0.0002     -2.022 0.182  33   2.96    0.313
2018-05-06-19:05:56 1.11  Mocks_Em/MockNFW640ellip5loga2.08PA50center0With_background20num78.dat L-BFGS-B     1.0e-04 1 1 1 1e+04 NFW        0.0001  -0.0001     -1.993 0.234  40   2.96  345.8       -4598.604        -9157.98    21   0.0001  -0.0001     -1.993 0.234  40   2.96    0.270
2018-05-06-19:05:56 1.11  Mocks_Em/MockNFW640ellip5loga2.08PA50center0With_background20num79.dat L-BFGS-B     1.0e-04 1 1 1 1e+04 NFW        0.0000   0.0003     -1.992 0.182  37   2.95  341.0       -4508.146       -8977.063   168   0.0000   0.0003     -1.992 0.182  37   2.95    3.347
2018-05-06-19:05:56 1.11  Mocks_Em/MockNFW640ellip5loga2.08PA50center0With_background20num80.dat L-BFGS-B     1.0e-04 1 1 1 1e+04 NFW        0.0005   0.0000     -2.033 0.206  40   2.97  319.8       -4781.289       -9523.348   203   0.0005   0.0000     -2.033 0.206  40   2.97    3.957
2018-05-06-19:05:56 1.11  Mocks_Em/MockNFW640ellip5loga2.08PA50center0With_background20num81.dat L-BFGS-B     1.0e-04 1 1 1 1e+04 NFW        0.0007  -0.0001     -1.994 0.243  37   2.96  352.1       -4808.412       -9577.596   175   0.0007  -0.0001     -1.994 0.243  37   2.96    3.211
2018-05-06-19:05:56 1.11  Mocks_Em/MockNFW640ellip5loga2.08PA50center0With_background20num82.dat L-BFGS-B     1.0e-04 1 1 1 1e+04 NFW      359.9996   0.0003     -1.989 0.186  44   2.97  353.1       -4597.316       -9155.404    35 359.9996   0.0003     -1.989 0.186  44   2.97    0.739
2018-05-06-19:05:56 1.11  Mocks_Em/MockNFW640ellip5loga2.08PA50center0With_background20num83.dat L-BFGS-B     1.0e-04 1 1 1 1e+04 NFW        0.0000   0.0002     -2.015 0.178 140   2.97  327.0       -4465.796       -8892.362   147   0.0000   0.0002     -2.015 0.178 140   2.97    2.648
2018-05-06-19:05:56 1.11  Mocks_Em/MockNFW640ellip5loga2.08PA50center0With_background20num84.dat L-BFGS-B     1.0e-04 1 1 1 1e+04 NFW      359.9999   0.0001     -1.977 0.191  38   2.96  361.0       -4523.192       -9007.155    21 359.9999   0.0001     -1.977 0.191  38   2.96    0.371
2018-05-06-19:05:56 1.11  Mocks_Em/MockNFW640ellip5loga2.08PA50center0With_background20num85.dat L-BFGS-B     1.0e-04 1 1 1 1e+04 NFW      359.9999  -0.0002     -1.960 0.183  40   2.95  365.2       -4386.465       -8733.702   147 359.9999  -0.0002     -1.960 0.183  40   2.95    2.341
2018-05-06-19:05:56 1.11  Mocks_Em/MockNFW640ellip5loga2.08PA50center0With_background20num86.dat L-BFGS-B     1.0e-04 1 1 1 1e+04 NFW        0.0005   0.0000     -2.002 0.195  37   2.95  335.0       -4630.452       -9221.675   112   0.0005   0.0000     -2.002 0.195  37   2.95    2.026
2018-05-06-19:05:56 1.11  Mocks_Em/MockNFW640ellip5loga2.08PA50center0With_background20num87.dat L-BFGS-B     1.0e-04 1 1 1 1e+04 NFW      359.9999   0.0003     -2.008 0.187  44   2.95  321.9       -4464.461       -8889.692   140 359.9999   0.0003     -2.008 0.187  44   2.95    2.622
2018-05-06-19:05:56 1.11  Mocks_Em/MockNFW640ellip5loga2.08PA50center0With_background20num88.dat L-BFGS-B     1.0e-04 1 1 1 1e+04 NFW        0.0000   0.0002     -2.029 0.169  41   2.97  321.1       -4641.131       -9243.032   182   0.0000   0.0002     -2.029 0.169  41   2.97    3.111
2018-05-06-19:05:56 1.11  Mocks_Em/MockNFW640ellip5loga2.08PA50center0With_background20num89.dat L-BFGS-B     1.0e-04 1 1 1 1e+04 NFW      359.9997   0.0000     -2.015 0.202  34   2.97  335.2       -4699.207       -9359.185   168 359.9997   0.0000     -2.015 0.202  34   2.97    3.186
2018-05-06-19:05:56 1.11  Mocks_Em/MockNFW640ellip5loga2.08PA50center0With_background20num90.dat L-BFGS-B     1.0e-04 1 1 1 1e+04 NFW        0.0005  -0.0003     -2.027 0.202  37   2.96  323.8        -4756.37       -9473.511   147   0.0005  -0.0003     -2.027 0.202  37   2.96    2.738
2018-05-06-19:05:56 1.11  Mocks_Em/MockNFW640ellip5loga2.08PA50center0With_background20num91.dat L-BFGS-B     1.0e-04 1 1 1 1e+04 NFW      359.9995   0.0001     -1.995 0.125  35   2.96  342.2       -4546.178       -9053.128    56 359.9995   0.0001     -1.995 0.125  35   2.96    0.786
2018-05-06-19:05:56 1.11  Mocks_Em/MockNFW640ellip5loga2.08PA50center0With_background20num92.dat L-BFGS-B     1.0e-04 1 1 1 1e+04 NFW      359.9998   0.0001     -2.030 0.219  39   2.98  328.7       -4835.774       -9632.318   168 359.9998   0.0001     -2.030 0.219  39   2.98    3.043
2018-05-06-19:05:56 1.11  Mocks_Em/MockNFW640ellip5loga2.08PA50center0With_background20num93.dat L-BFGS-B     1.0e-04 1 1 1 1e+04 NFW      359.9998   0.0000     -2.006 0.151  43   2.96  333.9       -4528.344        -9017.46    21 359.9998   0.0000     -2.006 0.151  43   2.96    0.310
2018-05-06-19:05:56 1.11  Mocks_Em/MockNFW640ellip5loga2.08PA50center0With_background20num94.dat L-BFGS-B     1.0e-04 1 1 1 1e+04 NFW        0.0001   0.0002     -2.018 0.152  42   2.97  329.1       -4627.133       -9215.037   189   0.0001   0.0002     -2.018 0.152  42   2.97    3.621
2018-05-06-19:05:56 1.11  Mocks_Em/MockNFW640ellip5loga2.08PA50center0With_background20num95.dat L-BFGS-B     1.0e-04 1 1 1 1e+04 NFW      359.9999   0.0003     -2.016 0.139  37   2.95  318.2       -4421.714       -8804.198   161 359.9999   0.0003     -2.016 0.139  37   2.95    2.936
2018-05-06-19:05:56 1.11  Mocks_Em/MockNFW640ellip5loga2.08PA50center0With_background20num96.dat L-BFGS-B     1.0e-04 1 1 1 1e+04 NFW      359.9998   0.0000     -2.011 0.206 136   2.98  341.9       -4683.286       -9327.342   119 359.9998   0.0000     -2.011 0.206 136   2.98    2.300
2018-05-06-19:05:56 1.11  Mocks_Em/MockNFW640ellip5loga2.08PA50center0With_background20num97.dat L-BFGS-B     1.0e-04 1 1 1 1e+04 NFW        0.0003   0.0002     -2.040 0.179  37   2.96  309.4        -4653.03       -9266.831   231   0.0003   0.0002     -2.040 0.179  37   2.96    4.377
2018-05-06-19:05:56 1.11  Mocks_Em/MockNFW640ellip5loga2.08PA50center0With_background20num98.dat L-BFGS-B     1.0e-04 1 1 1 1e+04 NFW        0.0005   0.0001     -2.010 0.223  43   2.96  331.6       -4648.375       -9257.522   203   0.0005   0.0001     -2.010 0.223  43   2.96    3.524
2018-05-06-19:05:56 1.11  Mocks_Em/MockNFW640ellip5loga2.08PA50center0With_background20num99.dat L-BFGS-B     1.0e-04 1 1 1 1e+04 NFW        0.0003   0.0001     -2.013 0.242 140   2.96  331.5        -4650.31       -9261.391   147   0.0003   0.0001     -2.013 0.242 140   2.96    2.576
