2018-05-06-20:19:48 1.11  Mocks_Em/MockNFW640ellip5loga2.08PA50center0With_background20num0.dat Nelder-Mead  1.0e-04 1 1 1 1e+04 NFW        0.0003   0.0001     -2.026 0.145  32   2.95  311.7       -4520.413       -9001.598   500   0.0003   0.0001     -2.025 0.139  32   2.95   11.405
2018-05-06-20:19:48 1.11  Mocks_Em/MockNFW640ellip5loga2.08PA50center0With_background20num1.dat Nelder-Mead  1.0e-04 1 1 1 1e+04 NFW      360.0000   0.0003     -2.027 0.193  37   2.97  320.1       -4642.555       -9245.881   500   0.0000   0.0003     -2.027 0.184  37   2.97   11.140
2018-05-06-20:19:48 1.11  Mocks_Em/MockNFW640ellip5loga2.08PA50center0With_background20num2.dat Nelder-Mead  1.0e-04 1 1 1 1e+04 NFW      359.9998  -0.0001     -1.983 0.226  37   2.97  362.6       -4625.989       -9212.749   501 359.9998  -0.0001     -1.983 0.218  37   2.97   11.132
2018-05-06-20:19:48 1.11  Mocks_Em/MockNFW640ellip5loga2.08PA50center0With_background20num3.dat Nelder-Mead  1.0e-04 1 1 1 1e+04 NFW        0.0001  -0.0001     -2.026 0.225  37   2.98  321.6       -4630.815       -9222.402   506   0.0001  -0.0001     -2.026 0.214  37   2.97   11.652
2018-05-06-20:19:48 1.11  Mocks_Em/MockNFW640ellip5loga2.08PA50center0With_background20num4.dat Nelder-Mead  1.0e-04 1 1 1 1e+04 NFW        0.0002  -0.0002     -2.005 0.215  34   2.99  343.5       -4732.174        -9425.12   501   0.0002  -0.0002     -2.005 0.206  34   2.97   10.950
2018-05-06-20:19:48 1.11  Mocks_Em/MockNFW640ellip5loga2.08PA50center0With_background20num5.dat Nelder-Mead  1.0e-04 1 1 1 1e+04 NFW        0.0001   0.0000     -2.007 0.175  31   2.96  324.4       -4418.533       -8797.838   501   0.0000   0.0000     -2.007 0.168  31   2.95   11.408
2018-05-06-20:19:48 1.11  Mocks_Em/MockNFW640ellip5loga2.08PA50center0With_background20num6.dat Nelder-Mead  1.0e-04 1 1 1 1e+04 NFW        0.0000  -0.0001     -1.999 0.186  37   2.98  348.4       -4601.562       -9163.895   506   0.0000  -0.0001     -1.999 0.179  37   2.98   11.146
2018-05-06-20:19:48 1.11  Mocks_Em/MockNFW640ellip5loga2.08PA50center0With_background20num7.dat Nelder-Mead  1.0e-04 1 1 1 1e+04 NFW        0.0001  -0.0001     -2.046 0.222  43   2.97  306.5       -4649.075       -9258.922   501   0.0001  -0.0001     -2.024 0.214  43   2.97   11.437
2018-05-06-20:19:48 1.11  Mocks_Em/MockNFW640ellip5loga2.08PA50center0With_background20num8.dat Nelder-Mead  1.0e-04 1 1 1 1e+04 NFW        0.0001   0.0001     -1.970 0.160  39   3.03  362.1       -4461.523       -8883.818   506   0.0001   0.0001     -1.970 0.156  39   2.96   10.902
2018-05-06-20:19:48 1.11  Mocks_Em/MockNFW640ellip5loga2.08PA50center0With_background20num9.dat Nelder-Mead  1.0e-04 1 1 1 1e+04 NFW        0.0001   0.0001     -1.998 0.276  37   2.97  345.9       -4676.044        -9312.86   501   0.0001   0.0001     -1.998 0.266  37   2.97   11.208
2018-05-06-20:19:48 1.11  Mocks_Em/MockNFW640ellip5loga2.08PA50center0With_background20num10.dat Nelder-Mead  1.0e-04 1 1 1 1e+04 NFW      359.9999  -0.0000     -1.994 0.217  40   2.98  340.7       -4496.364         -8953.5   507 359.9999  -0.0000     -1.994 0.209  40   2.96   10.778
2018-05-06-20:19:48 1.11  Mocks_Em/MockNFW640ellip5loga2.08PA50center0With_background20num11.dat Nelder-Mead  1.0e-04 1 1 1 1e+04 NFW      359.9997   0.0001     -1.983 0.167 136   2.98  352.2       -4505.885       -8972.542   500 359.9997   0.0001     -1.980 0.160 136   2.96   10.786
2018-05-06-20:19:48 1.11  Mocks_Em/MockNFW640ellip5loga2.08PA50center0With_background20num12.dat Nelder-Mead  1.0e-04 1 1 1 1e+04 NFW      360.0000   0.0001     -2.032 0.181 135   2.96  310.0       -4503.302       -8967.375   500   0.0001   0.0001     -1.982 0.177 135   2.96   11.328
2018-05-06-20:19:48 1.11  Mocks_Em/MockNFW640ellip5loga2.08PA50center0With_background20num13.dat Nelder-Mead  1.0e-04 1 1 1 1e+04 NFW      359.9998  -0.0002     -1.984 0.143  33   2.96  348.8        -4460.14       -8881.051   500 359.9998  -0.0002     -1.984 0.137  33   2.96   10.806
2018-05-06-20:19:48 1.11  Mocks_Em/MockNFW640ellip5loga2.08PA50center0With_background20num14.dat Nelder-Mead  1.0e-04 1 1 1 1e+04 NFW      359.9999  -0.0001     -2.025 0.205  39   3.03  322.1       -4667.065       -9294.901   500 359.9999  -0.0001     -2.020 0.200  39   2.97   11.209
2018-05-06-20:19:48 1.11  Mocks_Em/MockNFW640ellip5loga2.08PA50center0With_background20num15.dat Nelder-Mead  1.0e-04 1 1 1 1e+04 NFW        0.0001   0.0001     -2.015 0.242  43   2.97  330.3       -4676.847       -9314.465   505   0.0001   0.0001     -2.015 0.233  43   2.97   11.170
2018-05-06-20:19:48 1.11  Mocks_Em/MockNFW640ellip5loga2.08PA50center0With_background20num16.dat Nelder-Mead  1.0e-04 1 1 1 1e+04 NFW      360.0000  -0.0002     -1.991 0.171 149   2.96  342.5       -4468.874        -8898.52   500 360.0000  -0.0002     -1.991 0.167 146   2.96   10.851
2018-05-06-20:19:48 1.11  Mocks_Em/MockNFW640ellip5loga2.08PA50center0With_background20num17.dat Nelder-Mead  1.0e-04 1 1 1 1e+04 NFW        0.0001  -0.0004     -2.015 0.226  40   2.97  328.1       -4594.189       -9149.149   500   0.0001  -0.0004     -2.012 0.215  40   2.97   11.101
2018-05-06-20:19:48 1.11  Mocks_Em/MockNFW640ellip5loga2.08PA50center0With_background20num18.dat Nelder-Mead  1.0e-04 1 1 1 1e+04 NFW        0.0002   0.0002     -2.017 0.194  42   2.96  325.4       -4596.143       -9153.056   500   0.0002   0.0002     -2.002 0.187  42   2.96   11.055
2018-05-06-20:19:48 1.11  Mocks_Em/MockNFW640ellip5loga2.08PA50center0With_background20num19.dat Nelder-Mead  1.0e-04 1 1 1 1e+04 NFW      359.9999   0.0002     -2.016 0.165  34   2.98  332.5       -4604.737       -9170.245   505 359.9999   0.0002     -2.015 0.159  33   2.98   11.297
2018-05-06-20:19:48 1.11  Mocks_Em/MockNFW640ellip5loga2.08PA50center0With_background20num20.dat Nelder-Mead  1.0e-04 1 1 1 1e+04 NFW        0.0006  -0.0001     -1.979 0.124  39   2.95  350.7       -4475.244       -8911.259   502   0.0006  -0.0001     -1.979 0.120  39   2.95   11.241
2018-05-06-20:19:48 1.11  Mocks_Em/MockNFW640ellip5loga2.08PA50center0With_background20num21.dat Nelder-Mead  1.0e-04 1 1 1 1e+04 NFW        0.0004  -0.0004     -2.006 0.234  32   3.00  338.1       -4709.261       -9379.294   504   0.0003  -0.0004     -2.006 0.225  32   2.96   11.347
2018-05-06-20:19:48 1.11  Mocks_Em/MockNFW640ellip5loga2.08PA50center0With_background20num22.dat Nelder-Mead  1.0e-04 1 1 1 1e+04 NFW      360.0000  -0.0001     -2.055 0.228  40   3.02  304.4       -4721.762       -9404.294   500 360.0000  -0.0001     -2.005 0.226  40   2.98   11.381
2018-05-06-20:19:48 1.11  Mocks_Em/MockNFW640ellip5loga2.08PA50center0With_background20num23.dat Nelder-Mead  1.0e-04 1 1 1 1e+04 NFW      359.9999  -0.0001     -1.994 0.222  39   2.97  348.1       -4605.521       -9171.812   500 359.9999  -0.0001     -1.994 0.211  39   2.97   10.912
2018-05-06-20:19:48 1.11  Mocks_Em/MockNFW640ellip5loga2.08PA50center0With_background20num24.dat Nelder-Mead  1.0e-04 1 1 1 1e+04 NFW      359.9997   0.0004     -2.023 0.144  44   3.00  324.1       -4668.815       -9298.401   501 359.9997   0.0004     -2.023 0.141  44   2.96   11.278
2018-05-06-20:19:48 1.11  Mocks_Em/MockNFW640ellip5loga2.08PA50center0With_background20num25.dat Nelder-Mead  1.0e-04 1 1 1 1e+04 NFW        0.0004  -0.0000     -2.022 0.207  34   2.96  323.6       -4700.987       -9362.746   500   0.0004  -0.0000     -2.022 0.197  34   2.96   11.264
2018-05-06-20:19:48 1.11  Mocks_Em/MockNFW640ellip5loga2.08PA50center0With_background20num26.dat Nelder-Mead  1.0e-04 1 1 1 1e+04 NFW      359.9999  -0.0003     -2.010 0.218  38   2.98  338.6       -4705.295       -9371.362   500 359.9999  -0.0003     -2.010 0.211  37   2.97   11.105
2018-05-06-20:19:48 1.11  Mocks_Em/MockNFW640ellip5loga2.08PA50center0With_background20num27.dat Nelder-Mead  1.0e-04 1 1 1 1e+04 NFW        0.0004  -0.0002     -2.052 0.175  34   2.99  300.7       -4593.536       -9147.843   503   0.0004  -0.0002     -2.002 0.172  34   2.97   11.730
2018-05-06-20:19:48 1.11  Mocks_Em/MockNFW640ellip5loga2.08PA50center0With_background20num28.dat Nelder-Mead  1.0e-04 1 1 1 1e+04 NFW        0.0001   0.0001     -2.013 0.205  38   2.98  337.9       -4657.768       -9276.308   507   0.0001   0.0001     -2.013 0.200  37   2.98   11.550
2018-05-06-20:19:48 1.11  Mocks_Em/MockNFW640ellip5loga2.08PA50center0With_background20num29.dat Nelder-Mead  1.0e-04 1 1 1 1e+04 NFW      359.9998   0.0002     -1.997 0.135  36   2.96  342.6       -4561.719        -9084.21   504 359.9998   0.0002     -1.997 0.131  36   2.96   10.815
2018-05-06-20:19:48 1.11  Mocks_Em/MockNFW640ellip5loga2.08PA50center0With_background20num30.dat Nelder-Mead  1.0e-04 1 1 1 1e+04 NFW        0.0002   0.0004     -2.004 0.181  40   2.96  336.6       -4628.599        -9217.97   500   0.0002   0.0004     -2.004 0.177  40   2.96   10.729
2018-05-06-20:19:48 1.11  Mocks_Em/MockNFW640ellip5loga2.08PA50center0With_background20num31.dat Nelder-Mead  1.0e-04 1 1 1 1e+04 NFW      359.9998   0.0003     -2.013 0.168  41   2.97  331.7       -4578.974        -9118.72   502 359.9998   0.0003     -2.013 0.165  41   2.97   11.282
2018-05-06-20:19:48 1.11  Mocks_Em/MockNFW640ellip5loga2.08PA50center0With_background20num32.dat Nelder-Mead  1.0e-04 1 1 1 1e+04 NFW        0.0004  -0.0000     -2.068 0.194  37   2.99  296.1       -4744.689       -9450.149   500   0.0004  -0.0000     -2.012 0.194  36   2.98   11.878
2018-05-06-20:19:48 1.11  Mocks_Em/MockNFW640ellip5loga2.08PA50center0With_background20num33.dat Nelder-Mead  1.0e-04 1 1 1 1e+04 NFW        0.0002   0.0002     -1.983 0.165  39   2.97  347.9       -4518.672       -8998.115   505   0.0002   0.0002     -1.983 0.160  39   2.95   10.779
2018-05-06-20:19:48 1.11  Mocks_Em/MockNFW640ellip5loga2.08PA50center0With_background20num34.dat Nelder-Mead  1.0e-04 1 1 1 1e+04 NFW      359.9998  -0.0001     -2.006 0.191  40   2.95  327.8       -4511.315         -8983.4   500 359.9998  -0.0001     -2.006 0.186  40   2.95   10.962
2018-05-06-20:19:48 1.11  Mocks_Em/MockNFW640ellip5loga2.08PA50center0With_background20num35.dat Nelder-Mead  1.0e-04 1 1 1 1e+04 NFW      360.0000  -0.0002     -1.985 0.198  34   2.98  350.5       -4524.609       -9009.989   500 360.0000  -0.0002     -1.985 0.190  34   2.96   10.793
2018-05-06-20:19:48 1.11  Mocks_Em/MockNFW640ellip5loga2.08PA50center0With_background20num36.dat Nelder-Mead  1.0e-04 1 1 1 1e+04 NFW        0.0003   0.0005     -2.053 0.154  42   2.97  304.1         -4770.5       -9501.771   501   0.0003   0.0005     -2.053 0.149  41   2.97   11.559
2018-05-06-20:19:48 1.11  Mocks_Em/MockNFW640ellip5loga2.08PA50center0With_background20num37.dat Nelder-Mead  1.0e-04 1 1 1 1e+04 NFW        0.0003  -0.0001     -2.009 0.163  38   2.98  326.9       -4515.286       -8991.344   502   0.0003  -0.0001     -2.009 0.157  38   2.95   11.080
2018-05-06-20:19:48 1.11  Mocks_Em/MockNFW640ellip5loga2.08PA50center0With_background20num38.dat Nelder-Mead  1.0e-04 1 1 1 1e+04 NFW        0.0005  -0.0003     -2.012 0.178  32   2.96  328.5       -4554.801       -9070.374   500   0.0005  -0.0003     -2.011 0.173  32   2.96   11.291
2018-05-06-20:19:48 1.11  Mocks_Em/MockNFW640ellip5loga2.08PA50center0With_background20num39.dat Nelder-Mead  1.0e-04 1 1 1 1e+04 NFW        0.0006   0.0000     -2.000 0.163  38   2.95  336.9       -4632.095       -9224.961   500   0.0006   0.0000     -2.000 0.157  37   2.95   10.974
2018-05-06-20:19:48 1.11  Mocks_Em/MockNFW640ellip5loga2.08PA50center0With_background20num40.dat Nelder-Mead  1.0e-04 1 1 1 1e+04 NFW        0.0002   0.0002     -2.009 0.201  39   2.97  338.8       -4676.246       -9313.264   505   0.0002   0.0002     -2.009 0.192  39   2.97   11.295
2018-05-06-20:19:48 1.11  Mocks_Em/MockNFW640ellip5loga2.08PA50center0With_background20num41.dat Nelder-Mead  1.0e-04 1 1 1 1e+04 NFW      359.9999   0.0001     -2.037 0.262  39   2.98  319.7       -4772.152       -9505.074   501 359.9999   0.0001     -2.035 0.250  39   2.98   11.430
2018-05-06-20:19:48 1.11  Mocks_Em/MockNFW640ellip5loga2.08PA50center0With_background20num42.dat Nelder-Mead  1.0e-04 1 1 1 1e+04 NFW        0.0000   0.0003     -2.004 0.245  32   2.98  333.4       -4602.792       -9166.356   502   0.0000   0.0003     -2.004 0.235  32   2.96   11.215
2018-05-06-20:19:48 1.11  Mocks_Em/MockNFW640ellip5loga2.08PA50center0With_background20num43.dat Nelder-Mead  1.0e-04 1 1 1 1e+04 NFW        0.0001   0.0000     -1.999 0.226  36   2.97  342.2        -4568.16       -9097.091   504   0.0001   0.0000     -1.999 0.218  36   2.97   11.247
2018-05-06-20:19:48 1.11  Mocks_Em/MockNFW640ellip5loga2.08PA50center0With_background20num44.dat Nelder-Mead  1.0e-04 1 1 1 1e+04 NFW        0.0002   0.0001     -2.019 0.236  42   2.96  318.1       -4571.804       -9104.379   504   0.0002   0.0001     -2.014 0.226  42   2.95   10.834
2018-05-06-20:19:48 1.11  Mocks_Em/MockNFW640ellip5loga2.08PA50center0With_background20num45.dat Nelder-Mead  1.0e-04 1 1 1 1e+04 NFW        0.0003   0.0003     -1.997 0.234  38   2.97  350.5       -4681.578       -9323.928   501   0.0002   0.0003     -1.997 0.224  38   2.97   10.548
2018-05-06-20:19:48 1.11  Mocks_Em/MockNFW640ellip5loga2.08PA50center0With_background20num46.dat Nelder-Mead  1.0e-04 1 1 1 1e+04 NFW      359.9996  -0.0000     -2.063 0.168  33   3.00  292.8         -4638.6        -9237.97   501 359.9996  -0.0000     -2.013 0.168  33   2.96   11.177
2018-05-06-20:19:48 1.11  Mocks_Em/MockNFW640ellip5loga2.08PA50center0With_background20num47.dat Nelder-Mead  1.0e-04 1 1 1 1e+04 NFW      359.9998  -0.0005     -2.016 0.216  38   2.94  320.6       -4612.869       -9186.509   500 359.9998  -0.0005     -2.003 0.208  38   2.94   10.987
2018-05-06-20:19:48 1.11  Mocks_Em/MockNFW640ellip5loga2.08PA50center0With_background20num48.dat Nelder-Mead  1.0e-04 1 1 1 1e+04 NFW      359.9993  -0.0001     -2.029 0.159 136   2.95  309.0       -4522.375       -9005.521   501 359.9993  -0.0001     -2.029 0.154 136   2.95   11.191
2018-05-06-20:19:48 1.11  Mocks_Em/MockNFW640ellip5loga2.08PA50center0With_background20num49.dat Nelder-Mead  1.0e-04 1 1 1 1e+04 NFW      360.0000  -0.0003     -2.006 0.182  39   2.97  339.3       -4626.641       -9214.053   500 360.0000  -0.0003     -2.006 0.175  39   2.97   11.049
2018-05-06-20:19:48 1.11  Mocks_Em/MockNFW640ellip5loga2.08PA50center0With_background20num50.dat Nelder-Mead  1.0e-04 1 1 1 1e+04 NFW        0.0002  -0.0000     -2.024 0.157  40   2.97  324.2        -4610.44       -9181.651   507   0.0002  -0.0000     -2.023 0.150  39   2.97   11.432
2018-05-06-20:19:48 1.11  Mocks_Em/MockNFW640ellip5loga2.08PA50center0With_background20num51.dat Nelder-Mead  1.0e-04 1 1 1 1e+04 NFW      360.0000  -0.0001     -1.968 0.234  39   2.94  350.3       -4328.554       -8617.879   500 360.0000  -0.0001     -1.968 0.224  39   2.94   10.851
2018-05-06-20:19:48 1.11  Mocks_Em/MockNFW640ellip5loga2.08PA50center0With_background20num52.dat Nelder-Mead  1.0e-04 1 1 1 1e+04 NFW        0.0004  -0.0001     -2.013 0.211  34   2.96  332.5       -4667.518       -9295.808   502   0.0004  -0.0001     -2.013 0.205  34   2.96   11.268
2018-05-06-20:19:48 1.11  Mocks_Em/MockNFW640ellip5loga2.08PA50center0With_background20num53.dat Nelder-Mead  1.0e-04 1 1 1 1e+04 NFW        0.0001  -0.0002     -2.020 0.193  40   2.96  315.5       -4475.674       -8912.119   505   0.0001  -0.0002     -2.020 0.188  40   2.96   11.840
2018-05-06-20:19:48 1.11  Mocks_Em/MockNFW640ellip5loga2.08PA50center0With_background20num54.dat Nelder-Mead  1.0e-04 1 1 1 1e+04 NFW      360.0000   0.0000     -2.005 0.239  38   3.00  350.1       -4773.277       -9507.326   505 360.0000   0.0000     -2.005 0.229  38   2.99   11.047
2018-05-06-20:19:48 1.11  Mocks_Em/MockNFW640ellip5loga2.08PA50center0With_background20num55.dat Nelder-Mead  1.0e-04 1 1 1 1e+04 NFW        0.0002   0.0002     -1.964 0.244  45   2.97  363.0       -4479.079       -8918.928   501   0.0002   0.0002     -1.964 0.234  45   2.95   10.525
2018-05-06-20:19:48 1.11  Mocks_Em/MockNFW640ellip5loga2.08PA50center0With_background20num56.dat Nelder-Mead  1.0e-04 1 1 1 1e+04 NFW        0.0002   0.0003     -2.018 0.258  39   2.97  331.7       -4767.694        -9496.16   507   0.0002   0.0003     -2.018 0.248  39   2.97   11.562
2018-05-06-20:19:48 1.11  Mocks_Em/MockNFW640ellip5loga2.08PA50center0With_background20num57.dat Nelder-Mead  1.0e-04 1 1 1 1e+04 NFW        0.0000   0.0001     -2.016 0.152  39   2.98  333.0       -4635.368       -9231.507   503   0.0000   0.0001     -2.016 0.148  39   2.97   11.411
2018-05-06-20:19:48 1.11  Mocks_Em/MockNFW640ellip5loga2.08PA50center0With_background20num58.dat Nelder-Mead  1.0e-04 1 1 1 1e+04 NFW        0.0000  -0.0003     -2.029 0.192  44   2.98  328.2       -4794.096       -9548.962   500   0.0000  -0.0003     -2.026 0.184  44   2.98   11.551
2018-05-06-20:19:48 1.11  Mocks_Em/MockNFW640ellip5loga2.08PA50center0With_background20num59.dat Nelder-Mead  1.0e-04 1 1 1 1e+04 NFW        0.0001  -0.0000     -2.002 0.201  35   3.01  341.5       -4604.429       -9169.629   506   0.0001  -0.0000     -2.002 0.195  35   2.97   11.205
2018-05-06-20:19:48 1.11  Mocks_Em/MockNFW640ellip5loga2.08PA50center0With_background20num60.dat Nelder-Mead  1.0e-04 1 1 1 1e+04 NFW        0.0000  -0.0004     -2.036 0.133  41   2.97  315.7       -4625.713       -9212.198   501   0.0000  -0.0004     -2.036 0.128  41   2.97   11.452
2018-05-06-20:19:48 1.11  Mocks_Em/MockNFW640ellip5loga2.08PA50center0With_background20num61.dat Nelder-Mead  1.0e-04 1 1 1 1e+04 NFW      359.9995  -0.0001     -2.026 0.240  42   2.96  323.3       -4808.126       -9577.023   507 359.9995  -0.0001     -2.026 0.231  42   2.96   11.576
2018-05-06-20:19:48 1.11  Mocks_Em/MockNFW640ellip5loga2.08PA50center0With_background20num62.dat Nelder-Mead  1.0e-04 1 1 1 1e+04 NFW      359.9998   0.0001     -2.000 0.221  35   2.96  337.8       -4541.552       -9043.875   502 359.9998   0.0001     -1.997 0.212  35   2.96   11.258
2018-05-06-20:19:48 1.11  Mocks_Em/MockNFW640ellip5loga2.08PA50center0With_background20num63.dat Nelder-Mead  1.0e-04 1 1 1 1e+04 NFW      359.9999   0.0002     -2.049 0.233  37   2.96  295.9        -4539.96       -9040.691   500 359.9999   0.0002     -1.999 0.233  37   2.96   11.730
2018-05-06-20:19:48 1.11  Mocks_Em/MockNFW640ellip5loga2.08PA50center0With_background20num64.dat Nelder-Mead  1.0e-04 1 1 1 1e+04 NFW        0.0000  -0.0000     -2.009 0.200  42   2.96  330.6       -4563.167       -9087.105   502   0.0000  -0.0000     -2.009 0.196  41   2.96   11.009
2018-05-06-20:19:48 1.11  Mocks_Em/MockNFW640ellip5loga2.08PA50center0With_background20num65.dat Nelder-Mead  1.0e-04 1 1 1 1e+04 NFW        0.0003  -0.0003     -2.015 0.217  36   2.97  336.8       -4772.903       -9506.576   501   0.0003  -0.0003     -2.015 0.211  35   2.97   11.375
2018-05-06-20:19:48 1.11  Mocks_Em/MockNFW640ellip5loga2.08PA50center0With_background20num66.dat Nelder-Mead  1.0e-04 1 1 1 1e+04 NFW      359.9999  -0.0002     -2.048 0.195  40   2.98  311.0       -4768.395        -9497.56   501 359.9999  -0.0002     -2.048 0.186  40   2.98   11.400
2018-05-06-20:19:48 1.11  Mocks_Em/MockNFW640ellip5loga2.08PA50center0With_background20num67.dat Nelder-Mead  1.0e-04 1 1 1 1e+04 NFW      359.9999   0.0002     -2.026 0.195  31   2.97  320.2       -4624.746       -9210.263   502 359.9999   0.0002     -2.026 0.185  31   2.97   11.324
2018-05-06-20:19:48 1.11  Mocks_Em/MockNFW640ellip5loga2.08PA50center0With_background20num68.dat Nelder-Mead  1.0e-04 1 1 1 1e+04 NFW        0.0001   0.0000     -1.988 0.177  44   2.95  340.8       -4423.673       -8808.117   503   0.0001   0.0000     -1.988 0.169  44   2.95   11.170
2018-05-06-20:19:48 1.11  Mocks_Em/MockNFW640ellip5loga2.08PA50center0With_background20num69.dat Nelder-Mead  1.0e-04 1 1 1 1e+04 NFW        0.0005  -0.0001     -2.024 0.185  40   2.97  326.8       -4689.036       -9338.843   500   0.0005  -0.0001     -2.024 0.177  40   2.97   11.504
2018-05-06-20:19:48 1.11  Mocks_Em/MockNFW640ellip5loga2.08PA50center0With_background20num70.dat Nelder-Mead  1.0e-04 1 1 1 1e+04 NFW        0.0003   0.0000     -1.984 0.215  44   2.96  354.0       -4582.158       -9125.087   506   0.0003   0.0000     -1.984 0.210  43   2.96   10.636
2018-05-06-20:19:48 1.11  Mocks_Em/MockNFW640ellip5loga2.08PA50center0With_background20num71.dat Nelder-Mead  1.0e-04 1 1 1 1e+04 NFW        0.0002   0.0000     -1.991 0.215  32   2.96  345.2       -4534.464       -9029.698   500   0.0002   0.0000     -1.991 0.207  32   2.96   10.967
2018-05-06-20:19:48 1.11  Mocks_Em/MockNFW640ellip5loga2.08PA50center0With_background20num72.dat Nelder-Mead  1.0e-04 1 1 1 1e+04 NFW      359.9999  -0.0000     -2.067 0.223  37   2.97  284.8       -4511.004       -8982.779   502   0.0000  -0.0000     -2.013 0.218  37   2.96   11.919
2018-05-06-20:19:48 1.11  Mocks_Em/MockNFW640ellip5loga2.08PA50center0With_background20num73.dat Nelder-Mead  1.0e-04 1 1 1 1e+04 NFW        0.0002  -0.0001     -2.044 0.230  36   3.01  312.4       -4750.375       -9461.521   501   0.0002  -0.0001     -2.044 0.225  36   2.98   11.565
2018-05-06-20:19:48 1.11  Mocks_Em/MockNFW640ellip5loga2.08PA50center0With_background20num74.dat Nelder-Mead  1.0e-04 1 1 1 1e+04 NFW      359.9998   0.0000     -2.002 0.241 136   2.99  346.6        -4661.35       -9283.472   504 359.9998   0.0000     -2.002 0.231 135   2.98   11.471
2018-05-06-20:19:48 1.11  Mocks_Em/MockNFW640ellip5loga2.08PA50center0With_background20num75.dat Nelder-Mead  1.0e-04 1 1 1 1e+04 NFW      359.9998  -0.0005     -2.008 0.255 135   2.96  322.6       -4541.998       -9044.767   503 359.9998  -0.0005     -2.008 0.245 135   2.94   11.076
2018-05-06-20:19:48 1.11  Mocks_Em/MockNFW640ellip5loga2.08PA50center0With_background20num76.dat Nelder-Mead  1.0e-04 1 1 1 1e+04 NFW        0.0001  -0.0000     -2.014 0.182  44   2.97  333.2       -4623.476       -9207.722   500   0.0001  -0.0000     -2.014 0.175  44   2.97   11.198
2018-05-06-20:19:48 1.11  Mocks_Em/MockNFW640ellip5loga2.08PA50center0With_background20num77.dat Nelder-Mead  1.0e-04 1 1 1 1e+04 NFW      359.9997   0.0002     -2.022 0.188  33   2.97  326.2       -4709.624        -9380.02   506 359.9997   0.0002     -2.022 0.182  33   2.96   11.598
2018-05-06-20:19:48 1.11  Mocks_Em/MockNFW640ellip5loga2.08PA50center0With_background20num78.dat Nelder-Mead  1.0e-04 1 1 1 1e+04 NFW        0.0001  -0.0001     -1.993 0.243  40   2.96  345.8       -4613.652       -9188.075   507   0.0001  -0.0001     -1.993 0.234  40   2.96   11.260
2018-05-06-20:19:48 1.11  Mocks_Em/MockNFW640ellip5loga2.08PA50center0With_background20num79.dat Nelder-Mead  1.0e-04 1 1 1 1e+04 NFW        0.0000   0.0003     -1.992 0.189  37   2.99  340.9        -4517.44       -8995.652   505   0.0000   0.0003     -1.992 0.182  37   2.95   11.224
2018-05-06-20:19:48 1.11  Mocks_Em/MockNFW640ellip5loga2.08PA50center0With_background20num80.dat Nelder-Mead  1.0e-04 1 1 1 1e+04 NFW        0.0005   0.0000     -2.033 0.214  40   3.00  319.8       -4792.366       -9545.504   500   0.0005   0.0000     -2.033 0.206  40   2.97   11.482
2018-05-06-20:19:48 1.11  Mocks_Em/MockNFW640ellip5loga2.08PA50center0With_background20num81.dat Nelder-Mead  1.0e-04 1 1 1 1e+04 NFW        0.0007  -0.0001     -1.994 0.255  37   2.96  352.1       -4826.243       -9613.258   500   0.0007  -0.0001     -1.994 0.243  37   2.96   11.192
2018-05-06-20:19:48 1.11  Mocks_Em/MockNFW640ellip5loga2.08PA50center0With_background20num82.dat Nelder-Mead  1.0e-04 1 1 1 1e+04 NFW      359.9996   0.0003     -2.005 0.193  44   2.97  339.0       -4607.436       -9175.643   500 359.9996   0.0003     -1.989 0.186  44   2.97   11.197
2018-05-06-20:19:48 1.11  Mocks_Em/MockNFW640ellip5loga2.08PA50center0With_background20num83.dat Nelder-Mead  1.0e-04 1 1 1 1e+04 NFW        0.0000   0.0002     -2.015 0.185 141   2.97  327.0       -4530.051       -9020.873   501   0.0000   0.0002     -2.015 0.178 140   2.97   11.420
2018-05-06-20:19:48 1.11  Mocks_Em/MockNFW640ellip5loga2.08PA50center0With_background20num84.dat Nelder-Mead  1.0e-04 1 1 1 1e+04 NFW      359.9999   0.0001     -1.978 0.198  39   2.96  360.9       -4537.119        -9035.01   505 359.9999   0.0001     -1.977 0.191  38   2.96   10.725
2018-05-06-20:19:48 1.11  Mocks_Em/MockNFW640ellip5loga2.08PA50center0With_background20num85.dat Nelder-Mead  1.0e-04 1 1 1 1e+04 NFW      359.9999  -0.0002     -2.034 0.183  40   2.95  301.3       -4385.051       -8730.874   504 359.9999  -0.0002     -1.960 0.183  40   2.95   11.115
2018-05-06-20:19:48 1.11  Mocks_Em/MockNFW640ellip5loga2.08PA50center0With_background20num86.dat Nelder-Mead  1.0e-04 1 1 1 1e+04 NFW        0.0005   0.0000     -2.052 0.198  37   2.95  295.0       -4635.838       -9232.448   505   0.0005   0.0000     -2.002 0.195  37   2.95   11.775
2018-05-06-20:19:48 1.11  Mocks_Em/MockNFW640ellip5loga2.08PA50center0With_background20num87.dat Nelder-Mead  1.0e-04 1 1 1 1e+04 NFW      359.9999   0.0003     -2.008 0.196  44   2.95  321.9       -4477.616       -8916.003   503 359.9999   0.0003     -2.008 0.187  44   2.95   11.848
2018-05-06-20:19:48 1.11  Mocks_Em/MockNFW640ellip5loga2.08PA50center0With_background20num88.dat Nelder-Mead  1.0e-04 1 1 1 1e+04 NFW        0.0000   0.0002     -2.029 0.173  41   2.98  321.1       -4652.374       -9265.519   500   0.0000   0.0002     -2.029 0.169  41   2.97   10.929
2018-05-06-20:19:48 1.11  Mocks_Em/MockNFW640ellip5loga2.08PA50center0With_background20num89.dat Nelder-Mead  1.0e-04 1 1 1 1e+04 NFW      359.9997   0.0000     -2.066 0.202  35   2.97  295.1       -4703.257       -9367.284   500 359.9997   0.0000     -2.015 0.202  34   2.97   11.786
2018-05-06-20:19:48 1.11  Mocks_Em/MockNFW640ellip5loga2.08PA50center0With_background20num90.dat Nelder-Mead  1.0e-04 1 1 1 1e+04 NFW        0.0005  -0.0003     -2.027 0.207  37   3.00  323.8       -4762.569        -9485.91   501   0.0005  -0.0003     -2.027 0.202  37   2.96   11.415
2018-05-06-20:19:48 1.11  Mocks_Em/MockNFW640ellip5loga2.08PA50center0With_background20num91.dat Nelder-Mead  1.0e-04 1 1 1 1e+04 NFW      359.9995   0.0001     -1.995 0.131  35   2.96  342.2       -4556.201       -9073.174   506 359.9995   0.0001     -1.995 0.125  35   2.96   11.187
2018-05-06-20:19:48 1.11  Mocks_Em/MockNFW640ellip5loga2.08PA50center0With_background20num92.dat Nelder-Mead  1.0e-04 1 1 1 1e+04 NFW      359.9998   0.0001     -2.030 0.225  39   2.98  328.7       -4847.903       -9656.577   501 359.9998   0.0001     -2.030 0.219  39   2.98   11.055
2018-05-06-20:19:48 1.11  Mocks_Em/MockNFW640ellip5loga2.08PA50center0With_background20num93.dat Nelder-Mead  1.0e-04 1 1 1 1e+04 NFW      359.9998   0.0000     -2.006 0.151  45   2.96  333.9       -4534.906       -9030.583   507 359.9998   0.0000     -2.006 0.151  43   2.96   11.353
2018-05-06-20:19:48 1.11  Mocks_Em/MockNFW640ellip5loga2.08PA50center0With_background20num94.dat Nelder-Mead  1.0e-04 1 1 1 1e+04 NFW        0.0001   0.0002     -2.019 0.158  42   2.97  328.4       -4636.093       -9232.957   501   0.0001   0.0002     -2.018 0.152  42   2.97   11.045
2018-05-06-20:19:48 1.11  Mocks_Em/MockNFW640ellip5loga2.08PA50center0With_background20num95.dat Nelder-Mead  1.0e-04 1 1 1 1e+04 NFW      359.9999   0.0003     -2.016 0.144  37   2.95  318.2       -4471.605       -8903.982   501 359.9999   0.0003     -2.016 0.139  37   2.95   11.336
2018-05-06-20:19:48 1.11  Mocks_Em/MockNFW640ellip5loga2.08PA50center0With_background20num96.dat Nelder-Mead  1.0e-04 1 1 1 1e+04 NFW      359.9998   0.0000     -2.061 0.206 136   3.05  300.8       -4682.933       -9326.636   500 359.9998   0.0000     -2.011 0.206 136   2.98   11.573
2018-05-06-20:19:48 1.11  Mocks_Em/MockNFW640ellip5loga2.08PA50center0With_background20num97.dat Nelder-Mead  1.0e-04 1 1 1 1e+04 NFW        0.0003   0.0002     -2.040 0.185  37   3.00  309.4       -4665.814       -9292.399   500   0.0003   0.0002     -2.040 0.179  37   2.96   11.448
2018-05-06-20:19:48 1.11  Mocks_Em/MockNFW640ellip5loga2.08PA50center0With_background20num98.dat Nelder-Mead  1.0e-04 1 1 1 1e+04 NFW        0.0005   0.0001     -2.010 0.234  43   2.96  331.6       -4661.954       -9284.679   500   0.0005   0.0001     -2.010 0.223  43   2.96   11.214
2018-05-06-20:19:48 1.11  Mocks_Em/MockNFW640ellip5loga2.08PA50center0With_background20num99.dat Nelder-Mead  1.0e-04 1 1 1 1e+04 NFW        0.0003   0.0001     -2.013 0.252 140   2.97  331.5       -4657.988       -9276.747   500   0.0003   0.0001     -2.013 0.242 140   2.96   11.000
