2018-05-05-19:32:06 1.11  Mocks_Em/MockNFW80ellip5loga2.08PA50center0With_background20num0.dat Diff-Evol    1.0e-04 1 1 1 1e+04 NFW      359.9993  -0.0008     -1.902 0.798  51   2.89   77.0       -933.0932       -1836.935  2141 359.9992  -0.0007     -1.963 0.149 146   2.19   52.087
2018-05-05-19:32:06 1.11  Mocks_Em/MockNFW80ellip5loga2.08PA50center0With_background20num1.dat Diff-Evol    1.0e-04 1 1 1 1e+04 NFW        0.0010   0.0008     -1.908 0.797  24   2.26   72.3       -872.3958        -1715.54  2266   0.0011   0.0004     -1.927 0.088 159   2.17   58.351
2018-05-05-19:32:06 1.11  Mocks_Em/MockNFW80ellip5loga2.08PA50center0With_background20num2.dat Diff-Evol    1.0e-04 1 1 1 1e+04 NFW      359.9991  -0.0001     -1.912 0.796  33  -0.54   77.1       -925.4751       -1821.699  2287 359.9988   0.0001     -1.909 0.182 139   2.21   53.139
2018-05-05-19:32:06 1.11  Mocks_Em/MockNFW80ellip5loga2.08PA50center0With_background20num3.dat Diff-Evol    1.0e-04 1 1 1 1e+04 NFW        0.0003  -0.0005     -1.922 0.797  25   2.26   68.6       -852.8403       -1676.429  2001   0.0004  -0.0005     -1.884 0.115 154   2.17   47.332
2018-05-05-19:32:06 1.11  Mocks_Em/MockNFW80ellip5loga2.08PA50center0With_background20num4.dat Diff-Evol    1.0e-04 1 1 1 1e+04 NFW        0.0014   0.0012     -1.902 0.790  62  -0.13   79.4       -955.4897       -1881.728  2522   0.0011   0.0005     -1.978 0.069  18   2.20   59.187
2018-05-05-19:32:06 1.11  Mocks_Em/MockNFW80ellip5loga2.08PA50center0With_background20num5.dat Diff-Evol    1.0e-04 1 1 1 1e+04 NFW        0.0005   0.0001     -1.924 0.776  32   3.63   78.3        -1000.75       -1972.249  2037   0.0005   0.0001     -2.001 0.216 140   2.24   46.436
2018-05-05-19:32:06 1.11  Mocks_Em/MockNFW80ellip5loga2.08PA50center0With_background20num6.dat Diff-Evol    1.0e-04 1 1 1 1e+04 NFW      359.9996   0.0003     -1.928 0.798  68   2.13   69.8       -867.9674       -1706.684  2294 359.9995   0.0001     -1.908 0.128  23   2.19   53.119
2018-05-05-19:32:06 1.11  Mocks_Em/MockNFW80ellip5loga2.08PA50center0With_background20num7.dat Diff-Evol    1.0e-04 1 1 1 1e+04 NFW        0.0004   0.0008     -1.906 0.798  59   0.08   77.5       -920.7221       -1812.193  2487   0.0002   0.0007     -1.913 0.181 141   2.20   58.165
2018-05-05-19:32:06 1.11  Mocks_Em/MockNFW80ellip5loga2.08PA50center0With_background20num8.dat Diff-Evol    1.0e-04 1 1 1 1e+04 NFW        0.0002   0.0001     -1.924 0.786  38   1.79   72.9       -892.6314       -1756.012  1641   0.0004   0.0004     -1.965 0.095 162   2.20   39.239
2018-05-05-19:32:06 1.11  Mocks_Em/MockNFW80ellip5loga2.08PA50center0With_background20num9.dat Diff-Evol    1.0e-04 1 1 1 1e+04 NFW      359.9995  -0.0002     -1.917 0.793  45   3.17   77.0       -943.7988       -1858.346  2792 359.9995  -0.0001     -1.893 0.178  30   2.22   66.470
2018-05-05-19:32:06 1.11  Mocks_Em/MockNFW80ellip5loga2.08PA50center0With_background20num10.dat Diff-Evol    1.0e-04 1 1 1 1e+04 NFW      359.9993  -0.0004     -1.928 0.795  36   3.71   74.3       -971.4202       -1913.589  2127 359.9993  -0.0003     -1.968 0.227  44   2.23   48.695
2018-05-05-19:32:06 1.11  Mocks_Em/MockNFW80ellip5loga2.08PA50center0With_background20num11.dat Diff-Evol    1.0e-04 1 1 1 1e+04 NFW        0.0003   0.0001     -1.909 0.800  49   2.62   77.8       -938.9292       -1848.607  2411   0.0006   0.0000     -1.957 0.242 146   2.21   56.586
2018-05-05-19:32:06 1.11  Mocks_Em/MockNFW80ellip5loga2.08PA50center0With_background20num12.dat Diff-Evol    1.0e-04 1 1 1 1e+04 NFW      359.9985  -0.0013     -1.898 0.798  30   0.47   80.2       -978.8472       -1928.443  2266 359.9989  -0.0008     -1.971 0.069 154   2.19   52.114
2018-05-05-19:32:06 1.11  Mocks_Em/MockNFW80ellip5loga2.08PA50center0With_background20num13.dat Diff-Evol    1.0e-04 1 1 1 1e+04 NFW      359.9989  -0.0011     -1.911 0.799  54   0.51   75.9       -912.3682       -1795.485  1731   0.0000  -0.0009     -1.936 0.140  36   2.20   40.797
2018-05-05-19:32:06 1.11  Mocks_Em/MockNFW80ellip5loga2.08PA50center0With_background20num14.dat Diff-Evol    1.0e-04 1 1 1 1e+04 NFW        0.0006   0.0007     -1.919 0.786   5   4.15   65.6       -890.9728       -1752.694  1802   0.0004   0.0006     -1.949 0.192 179   2.19   42.110
2018-05-05-19:32:06 1.11  Mocks_Em/MockNFW80ellip5loga2.08PA50center0With_background20num15.dat Diff-Evol    1.0e-04 1 1 1 1e+04 NFW      359.9990   0.0012     -1.908 0.782  67  -0.34   79.3       -945.2101       -1861.169  2397 359.9997   0.0006     -1.957 0.062  29   2.21   56.032
2018-05-05-19:32:06 1.11  Mocks_Em/MockNFW80ellip5loga2.08PA50center0With_background20num16.dat Diff-Evol    1.0e-04 1 1 1 1e+04 NFW        0.0007  -0.0009     -1.897 0.792  43   0.69   79.2        -922.587       -1815.923  2613   0.0008  -0.0007     -1.900 0.120 159   2.19   60.641
2018-05-05-19:32:06 1.11  Mocks_Em/MockNFW80ellip5loga2.08PA50center0With_background20num17.dat Diff-Evol    1.0e-04 1 1 1 1e+04 NFW      359.9985  -0.0007     -1.887 0.792  38   1.65   85.5       -999.7521       -1970.253  2037 359.9987  -0.0004     -1.895 0.155 149   2.20   47.271
2018-05-05-19:32:06 1.11  Mocks_Em/MockNFW80ellip5loga2.08PA50center0With_background20num18.dat Diff-Evol    1.0e-04 1 1 1 1e+04 NFW      359.9991   0.0008     -1.946 0.798  51   0.61   73.2       -989.1803       -1949.109  1947 359.9992   0.0010     -1.926 0.221  42   2.21   44.873
2018-05-05-19:32:06 1.11  Mocks_Em/MockNFW80ellip5loga2.08PA50center0With_background20num19.dat Diff-Evol    1.0e-04 1 1 1 1e+04 NFW        0.0009   0.0015     -1.897 0.795  12   1.83   83.0       -1033.485       -2037.719  2536   0.0010   0.0013     -1.987 0.175 164   2.20   58.796
2018-05-05-19:32:06 1.11  Mocks_Em/MockNFW80ellip5loga2.08PA50center0With_background20num20.dat Diff-Evol    1.0e-04 1 1 1 1e+04 NFW      359.9998   0.0003     -1.915 0.800  66   2.55   73.4       -885.5599       -1741.869  2724 359.9998   0.0004     -1.909 0.192 135   2.19   63.305
2018-05-05-19:32:06 1.11  Mocks_Em/MockNFW80ellip5loga2.08PA50center0With_background20num21.dat Diff-Evol    1.0e-04 1 1 1 1e+04 NFW        0.0008   0.0007     -1.912 0.784  44   3.10   83.7       -1061.934       -2094.616  1961   0.0010   0.0007     -1.971 0.230  41   2.23   44.629
2018-05-05-19:32:06 1.11  Mocks_Em/MockNFW80ellip5loga2.08PA50center0With_background20num22.dat Diff-Evol    1.0e-04 1 1 1 1e+04 NFW      359.9998  -0.0001     -1.941 0.799  52   0.41   71.2       -908.4889       -1787.727  2564 359.9994   0.0004     -1.930 0.163   6   2.22   60.362
2018-05-05-19:32:06 1.11  Mocks_Em/MockNFW80ellip5loga2.08PA50center0With_background20num23.dat Diff-Evol    1.0e-04 1 1 1 1e+04 NFW      359.9987  -0.0011     -1.897 0.798  65   2.13   80.7       -970.5386       -1911.826  2591 359.9992  -0.0012     -1.933 0.208  32   2.20   61.068
2018-05-05-19:32:06 1.11  Mocks_Em/MockNFW80ellip5loga2.08PA50center0With_background20num24.dat Diff-Evol    1.0e-04 1 1 1 1e+04 NFW      359.9993   0.0005     -1.915 0.794  24   2.85   74.9       -900.7283       -1772.206  2127 359.9991   0.0006     -1.930 0.124  39   2.20   51.060
2018-05-05-19:32:06 1.11  Mocks_Em/MockNFW80ellip5loga2.08PA50center0With_background20num25.dat Diff-Evol    1.0e-04 1 1 1 1e+04 NFW      359.9998   0.0010     -1.898 0.786  28   1.32   79.7       -932.1846       -1835.118  2217 359.9995   0.0010     -1.930 0.121 159   2.20   51.033
2018-05-05-19:32:06 1.11  Mocks_Em/MockNFW80ellip5loga2.08PA50center0With_background20num26.dat Diff-Evol    1.0e-04 1 1 1 1e+04 NFW        0.0013  -0.0012     -1.900 0.800  62   2.48   79.1       -946.1975       -1863.144  1947   0.0004  -0.0013     -1.978 0.194  43   2.20   44.182
2018-05-05-19:32:06 1.11  Mocks_Em/MockNFW80ellip5loga2.08PA50center0With_background20num27.dat Diff-Evol    1.0e-04 1 1 1 1e+04 NFW        0.0003   0.0001     -1.921 0.795  56   1.92   73.1       -885.7102       -1742.169  2307   0.0005   0.0002     -1.962 0.031  10   2.20   53.439
2018-05-05-19:32:06 1.11  Mocks_Em/MockNFW80ellip5loga2.08PA50center0With_background20num28.dat Diff-Evol    1.0e-04 1 1 1 1e+04 NFW      359.9996  -0.0007     -1.932 0.796  48   2.30   62.6       -772.9425       -1516.634  1911   0.0001  -0.0007     -1.894 0.152  30   2.15   45.647
2018-05-05-19:32:06 1.11  Mocks_Em/MockNFW80ellip5loga2.08PA50center0With_background20num29.dat Diff-Evol    1.0e-04 1 1 1 1e+04 NFW      359.9996  -0.0003     -1.932 0.796  56   0.94   72.7       -892.1115       -1754.972  2397 360.0000   0.0000     -1.912 0.154  33   2.22   55.966
2018-05-05-19:32:06 1.11  Mocks_Em/MockNFW80ellip5loga2.08PA50center0With_background20num30.dat Diff-Evol    1.0e-04 1 1 1 1e+04 NFW        0.0001  -0.0005     -1.913 0.794  48   1.20   83.2       -1009.153       -1989.055  2460 360.0000  -0.0005     -1.970 0.183  42   2.24   58.669
2018-05-05-19:32:06 1.11  Mocks_Em/MockNFW80ellip5loga2.08PA50center0With_background20num31.dat Diff-Evol    1.0e-04 1 1 1 1e+04 NFW        0.0000   0.0003     -1.926 0.790  66  -0.16   72.2       -862.5786       -1695.906  2001 359.9999   0.0003     -1.909 0.147  12   2.21   47.244
2018-05-05-19:32:06 1.11  Mocks_Em/MockNFW80ellip5loga2.08PA50center0With_background20num32.dat Diff-Evol    1.0e-04 1 1 1 1e+04 NFW        0.0013   0.0005     -1.900 0.800  56   0.58   77.0       -923.7918       -1818.332  2577   0.0010   0.0008     -1.939 0.120  13   2.19   60.340
2018-05-05-19:32:06 1.11  Mocks_Em/MockNFW80ellip5loga2.08PA50center0With_background20num33.dat Diff-Evol    1.0e-04 1 1 1 1e+04 NFW      359.9996  -0.0000     -1.914 0.792  59   2.88   67.6       -815.7536       -1602.256  2501 359.9995  -0.0001     -1.917 0.144 153   2.16   58.456
2018-05-05-19:32:06 1.11  Mocks_Em/MockNFW80ellip5loga2.08PA50center0With_background20num34.dat Diff-Evol    1.0e-04 1 1 1 1e+04 NFW      359.9974  -0.0010     -1.877 0.782  48   2.85   86.2       -1012.931        -1996.61  2307 359.9975  -0.0006     -1.950 0.084   2   2.19   53.230
2018-05-05-19:32:06 1.11  Mocks_Em/MockNFW80ellip5loga2.08PA50center0With_background20num35.dat Diff-Evol    1.0e-04 1 1 1 1e+04 NFW      359.9998  -0.0003     -1.930 0.794  24  -0.25   81.2        -985.503       -1941.755  2626 359.9997  -0.0001     -2.000 0.128 147   2.26   60.895
2018-05-05-19:32:06 1.11  Mocks_Em/MockNFW80ellip5loga2.08PA50center0With_background20num36.dat Diff-Evol    1.0e-04 1 1 1 1e+04 NFW      359.9999   0.0006     -1.906 0.798  60   3.23   72.3       -867.7075       -1706.164  2951 359.9998   0.0008     -1.885 0.164  24   2.17   69.087
2018-05-05-19:32:06 1.11  Mocks_Em/MockNFW80ellip5loga2.08PA50center0With_background20num37.dat Diff-Evol    1.0e-04 1 1 1 1e+04 NFW        0.0001  -0.0007     -1.931 0.795  76   2.56   74.5       -952.4262       -1875.601  2231   0.0004  -0.0005     -1.950 0.139  10   2.22   51.639
2018-05-05-19:32:06 1.11  Mocks_Em/MockNFW80ellip5loga2.08PA50center0With_background20num38.dat Diff-Evol    1.0e-04 1 1 1 1e+04 NFW        0.0002   0.0001     -1.927 0.799  41   3.47   76.7       -962.0549       -1894.859  2271 359.9999   0.0003     -1.941 0.250 143   2.24   54.340
2018-05-05-19:32:06 1.11  Mocks_Em/MockNFW80ellip5loga2.08PA50center0With_background20num39.dat Diff-Evol    1.0e-04 1 1 1 1e+04 NFW        0.0009  -0.0002     -1.909 0.788  72   1.88   83.0       -983.1237       -1936.996  1830   0.0007  -0.0005     -1.962 0.062  13   2.24   42.543
2018-05-05-19:32:06 1.11  Mocks_Em/MockNFW80ellip5loga2.08PA50center0With_background20num40.dat Diff-Evol    1.0e-04 1 1 1 1e+04 NFW        0.0009   0.0003     -1.903 0.796  43  -0.47   81.9       -975.1609       -1921.071  2570   0.0010   0.0005     -1.933 0.145  45   2.22   60.047
2018-05-05-19:32:06 1.11  Mocks_Em/MockNFW80ellip5loga2.08PA50center0With_background20num41.dat Diff-Evol    1.0e-04 1 1 1 1e+04 NFW        0.0002  -0.0001     -1.933 0.799  24  -0.05   70.2       -870.0919       -1710.933  2252   0.0002   0.0000     -1.925 0.208 150   2.20   52.197
2018-05-05-19:32:06 1.11  Mocks_Em/MockNFW80ellip5loga2.08PA50center0With_background20num42.dat Diff-Evol    1.0e-04 1 1 1 1e+04 NFW        0.0004   0.0003     -1.919 0.800 133   0.54   73.4        -886.073       -1742.895  1885   0.0004   0.0003     -1.935 0.157 144   2.20   43.355
2018-05-05-19:32:06 1.11  Mocks_Em/MockNFW80ellip5loga2.08PA50center0With_background20num43.dat Diff-Evol    1.0e-04 1 1 1 1e+04 NFW      359.9998  -0.0006     -1.924 0.797  61   1.41   71.6       -879.9912       -1730.731  2667 360.0000  -0.0005     -1.935 0.272  31   2.20   61.986
2018-05-05-19:32:06 1.11  Mocks_Em/MockNFW80ellip5loga2.08PA50center0With_background20num44.dat Diff-Evol    1.0e-04 1 1 1 1e+04 NFW      360.0000  -0.0006     -1.911 0.799  54   0.77   75.4       -900.2224       -1771.194  2951 359.9999  -0.0006     -1.908 0.106 141   2.20   67.952
2018-05-05-19:32:06 1.11  Mocks_Em/MockNFW80ellip5loga2.08PA50center0With_background20num45.dat Diff-Evol    1.0e-04 1 1 1 1e+04 NFW        0.0005   0.0013     -1.909 0.794  42   3.28   77.8       -951.9531       -1874.655  2176   0.0005   0.0013     -1.926 0.243  36   2.21   51.129
2018-05-05-19:32:06 1.11  Mocks_Em/MockNFW80ellip5loga2.08PA50center0With_background20num46.dat Diff-Evol    1.0e-04 1 1 1 1e+04 NFW        0.0011   0.0002     -1.907 0.795  34  -0.49   79.6       -968.8744       -1908.498  2307   0.0012   0.0001     -1.959 0.197 137   2.21   53.469
2018-05-05-19:32:06 1.11  Mocks_Em/MockNFW80ellip5loga2.08PA50center0With_background20num47.dat Diff-Evol    1.0e-04 1 1 1 1e+04 NFW      359.9998   0.0002     -1.920 0.793  42   2.32   74.7        -901.892       -1774.533  1911 359.9998   0.0001     -1.925 0.270 136   2.21   45.023
2018-05-05-19:32:06 1.11  Mocks_Em/MockNFW80ellip5loga2.08PA50center0With_background20num48.dat Diff-Evol    1.0e-04 1 1 1 1e+04 NFW        0.0004   0.0001     -1.931 0.796  53   1.42   72.0       -894.9052       -1760.559  2127   0.0002  -0.0002     -1.903 0.185  24   2.20   49.254
2018-05-05-19:32:06 1.11  Mocks_Em/MockNFW80ellip5loga2.08PA50center0With_background20num49.dat Diff-Evol    1.0e-04 1 1 1 1e+04 NFW      359.9991  -0.0002     -1.929 0.796  57   1.23   73.5       -897.9045       -1766.558  2127 359.9993  -0.0003     -1.918 0.030 156   2.22   50.318
2018-05-05-19:32:06 1.11  Mocks_Em/MockNFW80ellip5loga2.08PA50center0With_background20num50.dat Diff-Evol    1.0e-04 1 1 1 1e+04 NFW      359.9998  -0.0004     -1.921 0.793  32   0.39   79.2       -974.4476       -1919.644  2045 359.9998  -0.0002     -1.986 0.192 153   2.24   48.057
2018-05-05-19:32:06 1.11  Mocks_Em/MockNFW80ellip5loga2.08PA50center0With_background20num51.dat Diff-Evol    1.0e-04 1 1 1 1e+04 NFW      359.9992  -0.0015     -1.905 0.799  72  -0.20   81.5        -983.287       -1937.323  2541 359.9991  -0.0010     -1.933 0.163  18   2.22   59.196
2018-05-05-19:32:06 1.11  Mocks_Em/MockNFW80ellip5loga2.08PA50center0With_background20num52.dat Diff-Evol    1.0e-04 1 1 1 1e+04 NFW        0.0004   0.0003     -1.908 0.788  47   3.48   80.4       -972.2045       -1915.158  2091   0.0004   0.0007     -1.925 0.024 145   2.23   49.032
2018-05-05-19:32:06 1.11  Mocks_Em/MockNFW80ellip5loga2.08PA50center0With_background20num53.dat Diff-Evol    1.0e-04 1 1 1 1e+04 NFW        0.0001  -0.0005     -1.943 0.796  50   2.07   58.5       -733.8749       -1438.499  2114   0.0001  -0.0005     -1.850 0.199  45   2.14   49.505
2018-05-05-19:32:06 1.11  Mocks_Em/MockNFW80ellip5loga2.08PA50center0With_background20num54.dat Diff-Evol    1.0e-04 1 1 1 1e+04 NFW        0.0001   0.0006     -1.932 0.795  42   1.08   68.2       -844.1291       -1659.007  2029   0.0000   0.0004     -1.903 0.056  22   2.19   47.864
2018-05-05-19:32:06 1.11  Mocks_Em/MockNFW80ellip5loga2.08PA50center0With_background20num55.dat Diff-Evol    1.0e-04 1 1 1 1e+04 NFW      359.9998   0.0005     -1.947 0.799  90   1.44   68.7       -870.9154        -1712.58  2811 360.0000   0.0004     -1.915 0.043  37   2.21   66.977
2018-05-05-19:32:06 1.11  Mocks_Em/MockNFW80ellip5loga2.08PA50center0With_background20num56.dat Diff-Evol    1.0e-04 1 1 1 1e+04 NFW      359.9997  -0.0004     -1.918 0.791  58   0.70   72.4       -875.9157        -1722.58  2426 359.9996  -0.0003     -1.898 0.297  34   2.19   57.561
2018-05-05-19:32:06 1.11  Mocks_Em/MockNFW80ellip5loga2.08PA50center0With_background20num57.dat Diff-Evol    1.0e-04 1 1 1 1e+04 NFW      360.0000  -0.0008     -1.916 0.779  46   2.37   77.2       -930.9335       -1832.616  2495 360.0000  -0.0008     -1.921 0.134  28   2.21   57.685
2018-05-05-19:32:06 1.11  Mocks_Em/MockNFW80ellip5loga2.08PA50center0With_background20num58.dat Diff-Evol    1.0e-04 1 1 1 1e+04 NFW        0.0015  -0.0004     -1.893 0.795  76   2.72   81.4       -978.5787       -1927.906  2541   0.0015   0.0001     -1.958 0.127  29   2.19  104.587
2018-05-05-19:32:06 1.11  Mocks_Em/MockNFW80ellip5loga2.08PA50center0With_background20num59.dat Diff-Evol    1.0e-04 1 1 1 1e+04 NFW      359.9985   0.0003     -1.914 0.799  57  -0.44   79.1       -943.8087       -1858.366  2271 359.9989  -0.0001     -1.905 0.052  17   2.22  108.986
2018-05-05-19:32:06 1.11  Mocks_Em/MockNFW80ellip5loga2.08PA50center0With_background20num60.dat Diff-Evol    1.0e-04 1 1 1 1e+04 NFW        0.0008   0.0004     -1.916 0.798  49  -0.70   78.1       -980.9883       -1932.725  2217   0.0009   0.0003     -1.987 0.129  44   2.21  117.107
2018-05-05-19:32:06 1.11  Mocks_Em/MockNFW80ellip5loga2.08PA50center0With_background20num61.dat Diff-Evol    1.0e-04 1 1 1 1e+04 NFW        0.0013   0.0002     -1.916 0.800  30   1.73   72.6       -913.6329       -1798.015  2397   0.0011   0.0004     -1.958 0.177 159   2.18  123.097
2018-05-05-19:32:06 1.11  Mocks_Em/MockNFW80ellip5loga2.08PA50center0With_background20num62.dat Diff-Evol    1.0e-04 1 1 1 1e+04 NFW      359.9997   0.0015     -1.901 0.779  75   2.52   82.5       -987.5517       -1945.852  2667 359.9997   0.0015     -1.929 0.093  32   2.21  132.830
2018-05-05-19:32:06 1.11  Mocks_Em/MockNFW80ellip5loga2.08PA50center0With_background20num63.dat Diff-Evol    1.0e-04 1 1 1 1e+04 NFW      359.9987  -0.0002     -1.907 0.795  46   0.72   77.0       -917.1855        -1805.12  2487 359.9992   0.0001     -1.899 0.083 135   2.20  127.923
2018-05-05-19:32:06 1.11  Mocks_Em/MockNFW80ellip5loga2.08PA50center0With_background20num64.dat Diff-Evol    1.0e-04 1 1 1 1e+04 NFW      359.9996  -0.0001     -1.914 0.799  43  -0.06   77.0       -931.7058        -1834.16  2542 359.9993  -0.0001     -1.915 0.179 141   2.21  113.381
2018-05-05-19:32:06 1.11  Mocks_Em/MockNFW80ellip5loga2.08PA50center0With_background20num65.dat Diff-Evol    1.0e-04 1 1 1 1e+04 NFW        0.0004  -0.0004     -1.920 0.799  57  -0.81   72.7       -916.1895       -1803.128  1835 359.9996  -0.0008     -1.961 0.204  45   2.18   74.125
2018-05-05-19:32:06 1.11  Mocks_Em/MockNFW80ellip5loga2.08PA50center0With_background20num66.dat Diff-Evol    1.0e-04 1 1 1 1e+04 NFW        0.0015   0.0002     -1.901 0.795  65   0.76   81.2       -983.0647       -1936.878  2217   0.0013  -0.0001     -1.989 0.235  29   2.21   88.757
2018-05-05-19:32:06 1.11  Mocks_Em/MockNFW80ellip5loga2.08PA50center0With_background20num67.dat Diff-Evol    1.0e-04 1 1 1 1e+04 NFW      359.9999   0.0014     -1.901 0.787  61   2.67   79.8       -954.4384       -1879.626  2287 359.9998   0.0013     -1.958 0.215 155   2.20  110.723
2018-05-05-19:32:06 1.11  Mocks_Em/MockNFW80ellip5loga2.08PA50center0With_background20num68.dat Diff-Evol    1.0e-04 1 1 1 1e+04 NFW        0.0000   0.0004     -1.913 0.797  41   2.79   74.3       -906.2227       -1783.194  2307 359.9996   0.0003     -1.898 0.155 142   2.20  115.721
2018-05-05-19:32:06 1.11  Mocks_Em/MockNFW80ellip5loga2.08PA50center0With_background20num69.dat Diff-Evol    1.0e-04 1 1 1 1e+04 NFW      359.9994   0.0003     -1.934 0.799  36   3.00   70.0       -878.5086       -1727.766  2721 359.9998   0.0003     -1.993 0.126  42   2.21  111.565
2018-05-05-19:32:06 1.11  Mocks_Em/MockNFW80ellip5loga2.08PA50center0With_background20num70.dat Diff-Evol    1.0e-04 1 1 1 1e+04 NFW        0.0003   0.0002     -1.914 0.796  58   0.81   70.3       -845.6034       -1661.956  2105   0.0003  -0.0002     -1.905 0.218  31   2.17   83.976
2018-05-05-19:32:06 1.11  Mocks_Em/MockNFW80ellip5loga2.08PA50center0With_background20num71.dat Diff-Evol    1.0e-04 1 1 1 1e+04 NFW      359.9993   0.0001     -1.919 0.789  68   1.08   80.9       -987.4332       -1945.615  2321 359.9993  -0.0001     -1.965 0.082  23   2.24   89.990
2018-05-05-19:32:06 1.11  Mocks_Em/MockNFW80ellip5loga2.08PA50center0With_background20num72.dat Diff-Evol    1.0e-04 1 1 1 1e+04 NFW        0.0003  -0.0003     -1.946 0.792  40  -0.23   72.4       -922.3632       -1815.475  2356 359.9998  -0.0004     -1.921 0.227  38   2.23   91.053
2018-05-05-19:32:06 1.11  Mocks_Em/MockNFW80ellip5loga2.08PA50center0With_background20num73.dat Diff-Evol    1.0e-04 1 1 1 1e+04 NFW      359.9981  -0.0002     -1.920 0.796  20   0.39   78.0        -967.314       -1905.377  2120 359.9988  -0.0004     -1.930 0.146 159   2.21  108.671
2018-05-05-19:32:06 1.11  Mocks_Em/MockNFW80ellip5loga2.08PA50center0With_background20num74.dat Diff-Evol    1.0e-04 1 1 1 1e+04 NFW      359.9994   0.0000     -1.913 0.793  53  -0.49   75.7       -936.6368       -1844.022  2259 359.9991   0.0001     -1.963 0.055 165   2.20  115.620
2018-05-05-19:32:06 1.11  Mocks_Em/MockNFW80ellip5loga2.08PA50center0With_background20num75.dat Diff-Evol    1.0e-04 1 1 1 1e+04 NFW      359.9999   0.0010     -1.934 0.798  49   3.78   73.7       -932.4727       -1835.694  2149 359.9996   0.0011     -1.941 0.087  26   2.24   99.491
2018-05-05-19:32:06 1.11  Mocks_Em/MockNFW80ellip5loga2.08PA50center0With_background20num76.dat Diff-Evol    1.0e-04 1 1 1 1e+04 NFW      359.9995  -0.0006     -1.918 0.784 173   1.18   75.9       -907.4787       -1785.706  1920 359.9996  -0.0005     -1.947 0.057 140   2.21   73.823
2018-05-05-19:32:06 1.11  Mocks_Em/MockNFW80ellip5loga2.08PA50center0With_background20num77.dat Diff-Evol    1.0e-04 1 1 1 1e+04 NFW      359.9997  -0.0005     -1.929 0.794  25   2.40   76.4       -948.1315       -1867.012  2231 359.9996  -0.0005     -1.953 0.156 159   2.23   87.412
2018-05-05-19:32:06 1.11  Mocks_Em/MockNFW80ellip5loga2.08PA50center0With_background20num78.dat Diff-Evol    1.0e-04 1 1 1 1e+04 NFW      359.9999   0.0001     -1.945 0.792  92   2.66   70.5       -875.1655        -1721.08  2451 359.9999   0.0001     -1.936 0.055 149   2.23   97.145
2018-05-05-19:32:06 1.11  Mocks_Em/MockNFW80ellip5loga2.08PA50center0With_background20num79.dat Diff-Evol    1.0e-04 1 1 1 1e+04 NFW        0.0002   0.0006     -1.907 0.794  31   2.78   74.1       -906.7301       -1784.209  2001   0.0003   0.0008     -1.946 0.117 140   2.18   87.401
2018-05-05-19:32:06 1.11  Mocks_Em/MockNFW80ellip5loga2.08PA50center0With_background20num80.dat Diff-Evol    1.0e-04 1 1 1 1e+04 NFW        0.0000   0.0007     -1.926 0.794  86   0.61   72.9       -878.6339       -1728.017  2260   0.0004   0.0005     -1.966 0.057  22   2.21  113.672
2018-05-05-19:32:06 1.11  Mocks_Em/MockNFW80ellip5loga2.08PA50center0With_background20num81.dat Diff-Evol    1.0e-04 1 1 1 1e+04 NFW      359.9998  -0.0004     -1.920 0.798  13   1.11   77.1       -914.7082       -1800.165  2397 359.9997  -0.0003     -1.930 0.094 156   2.23   94.599
2018-05-05-19:32:06 1.11  Mocks_Em/MockNFW80ellip5loga2.08PA50center0With_background20num82.dat Diff-Evol    1.0e-04 1 1 1 1e+04 NFW      359.9996  -0.0004     -1.920 0.790  72   0.83   75.4       -929.6133       -1829.976  2217 359.9993  -0.0002     -1.981 0.147  20   2.21   86.488
2018-05-05-19:32:06 1.11  Mocks_Em/MockNFW80ellip5loga2.08PA50center0With_background20num83.dat Diff-Evol    1.0e-04 1 1 1 1e+04 NFW      359.9997   0.0004     -1.932 0.797  76   0.12   73.0       -885.3768       -1741.502  2181 359.9999   0.0006     -1.935 0.168  33   2.22   95.036
2018-05-05-19:32:06 1.11  Mocks_Em/MockNFW80ellip5loga2.08PA50center0With_background20num84.dat Diff-Evol    1.0e-04 1 1 1 1e+04 NFW        0.0007  -0.0002     -1.916 0.792  48   1.45   73.4       -887.4296       -1745.608  2426   0.0007  -0.0005     -1.924 0.091 172   2.19  118.066
2018-05-05-19:32:06 1.11  Mocks_Em/MockNFW80ellip5loga2.08PA50center0With_background20num85.dat Diff-Evol    1.0e-04 1 1 1 1e+04 NFW        0.0004  -0.0004     -1.915 0.799  43  -0.66   77.2       -920.8043       -1812.357  2029   0.0006  -0.0005     -1.903 0.055   3   2.21   82.495
2018-05-05-19:32:06 1.11  Mocks_Em/MockNFW80ellip5loga2.08PA50center0With_background20num86.dat Diff-Evol    1.0e-04 1 1 1 1e+04 NFW        0.0001  -0.0024     -1.919 0.796  68   2.44   81.5       -985.2577       -1941.264  2231   0.0004  -0.0017     -1.964 0.105  10   2.24   90.523
2018-05-05-19:32:06 1.11  Mocks_Em/MockNFW80ellip5loga2.08PA50center0With_background20num87.dat Diff-Evol    1.0e-04 1 1 1 1e+04 NFW        0.0006   0.0002     -1.905 0.798  56  -0.07   75.9       -897.6746       -1766.098  2613   0.0006  -0.0003     -1.930 0.039  40   2.19  131.621
2018-05-05-19:32:06 1.11  Mocks_Em/MockNFW80ellip5loga2.08PA50center0With_background20num88.dat Diff-Evol    1.0e-04 1 1 1 1e+04 NFW        0.0005   0.0001     -1.918 0.799  53   3.57   74.6       -931.6036       -1833.956  2375   0.0005   0.0004     -1.958 0.021  17   2.22  108.693
2018-05-05-19:32:06 1.11  Mocks_Em/MockNFW80ellip5loga2.08PA50center0With_background20num89.dat Diff-Evol    1.0e-04 1 1 1 1e+04 NFW      359.9998  -0.0002     -1.933 0.790  49   1.24   68.6       -848.5689       -1667.887  1864 360.0000  -0.0000     -1.932 0.124 150   2.19   72.014
2018-05-05-19:32:06 1.11  Mocks_Em/MockNFW80ellip5loga2.08PA50center0With_background20num90.dat Diff-Evol    1.0e-04 1 1 1 1e+04 NFW        0.0011   0.0011     -1.893 0.795  50  -0.20   82.8       -989.1608        -1949.07  1911   0.0013   0.0009     -1.908 0.129  41   2.19   74.638
2018-05-05-19:32:06 1.11  Mocks_Em/MockNFW80ellip5loga2.08PA50center0With_background20num91.dat Diff-Evol    1.0e-04 1 1 1 1e+04 NFW        0.0002  -0.0007     -1.917 0.792  80   0.66   75.5       -902.5122       -1775.773  2453   0.0002  -0.0004     -1.938 0.179  16   2.21   95.526
2018-05-05-19:32:06 1.11  Mocks_Em/MockNFW80ellip5loga2.08PA50center0With_background20num92.dat Diff-Evol    1.0e-04 1 1 1 1e+04 NFW      359.9979  -0.0000     -1.898 0.792  80   3.27   76.5       -912.0784       -1794.906  2051 359.9988   0.0002     -1.902 0.116  30   2.19   82.819
2018-05-05-19:32:06 1.11  Mocks_Em/MockNFW80ellip5loga2.08PA50center0With_background20num93.dat Diff-Evol    1.0e-04 1 1 1 1e+04 NFW      359.9993  -0.0010     -1.929 0.797  56   0.00   71.7       -862.3981       -1695.545  2579 359.9998  -0.0003     -1.962 0.197 148   2.21  102.013
2018-05-05-19:32:06 1.11  Mocks_Em/MockNFW80ellip5loga2.08PA50center0With_background20num94.dat Diff-Evol    1.0e-04 1 1 1 1e+04 NFW        0.0005   0.0007     -1.918 0.796  64   0.80   75.1        -912.589       -1795.927  2010   0.0004   0.0001     -1.964 0.180  15   2.21   81.505
2018-05-05-19:32:06 1.11  Mocks_Em/MockNFW80ellip5loga2.08PA50center0With_background20num95.dat Diff-Evol    1.0e-04 1 1 1 1e+04 NFW      359.9992  -0.0004     -1.910 0.786  43   2.05   72.0       -860.1468       -1691.042  2112   0.0001  -0.0009     -1.890 0.141  23   2.17   83.452
2018-05-05-19:32:06 1.11  Mocks_Em/MockNFW80ellip5loga2.08PA50center0With_background20num96.dat Diff-Evol    1.0e-04 1 1 1 1e+04 NFW        0.0006   0.0005     -1.913 0.788  29   2.16   76.6       -952.2795       -1875.308  2577   0.0007   0.0006     -1.942 0.160 143   2.20  113.035
2018-05-05-19:32:06 1.11  Mocks_Em/MockNFW80ellip5loga2.08PA50center0With_background20num97.dat Diff-Evol    1.0e-04 1 1 1 1e+04 NFW        0.0008  -0.0000     -1.915 0.791  48   2.85   79.9       -972.5483       -1915.845  2038   0.0006  -0.0003     -1.946 0.058 146   2.23   99.244
2018-05-05-19:32:06 1.11  Mocks_Em/MockNFW80ellip5loga2.08PA50center0With_background20num98.dat Diff-Evol    1.0e-04 1 1 1 1e+04 NFW        0.0007   0.0008     -1.939 0.795  59   0.03   72.8       -909.9467       -1790.642  2307   0.0007   0.0007     -1.935 0.160  38   2.23  111.052
2018-05-05-19:32:06 1.11  Mocks_Em/MockNFW80ellip5loga2.08PA50center0With_background20num99.dat Diff-Evol    1.0e-04 1 1 1 1e+04 NFW      359.9999  -0.0001     -1.923 0.800  65   2.05   75.6       -917.0952       -1804.939  2626 359.9999   0.0000     -1.926 0.165 138   2.22  102.968
