2018-05-05-21:34:05 1.11  Mocks_Em/MockNFW80ellip5loga2.08PA50center0With_background20num0.dat Nelder-Mead  1.0e-04 1 1 1 1e+04 NFW      359.9992  -0.0007     -1.963 0.154 146   2.21   65.5       -820.2271       -1611.203   500 359.9992  -0.0007     -1.963 0.149 146   2.19   17.682
2018-05-05-21:34:05 1.11  Mocks_Em/MockNFW80ellip5loga2.08PA50center0With_background20num1.dat Nelder-Mead  1.0e-04 1 1 1 1e+04 NFW        0.0011   0.0004     -1.927 0.091 160   2.20   68.5       -759.9162       -1490.581   507   0.0011   0.0004     -1.927 0.088 159   2.17   18.077
2018-05-05-21:34:05 1.11  Mocks_Em/MockNFW80ellip5loga2.08PA50center0With_background20num2.dat Nelder-Mead  1.0e-04 1 1 1 1e+04 NFW      359.9988   0.0001     -1.956 0.182 139   2.26   68.1        -807.568       -1585.885   500 359.9988   0.0001     -1.909 0.182 139   2.21   17.716
2018-05-05-21:34:05 1.11  Mocks_Em/MockNFW80ellip5loga2.08PA50center0With_background20num3.dat Nelder-Mead  1.0e-04 1 1 1 1e+04 NFW        0.0003  -0.0005     -1.931 0.115 154   2.17   66.9       -748.5488       -1467.846   506   0.0004  -0.0005     -1.884 0.115 154   2.17   16.465
2018-05-05-21:34:05 1.11  Mocks_Em/MockNFW80ellip5loga2.08PA50center0With_background20num4.dat Nelder-Mead  1.0e-04 1 1 1 1e+04 NFW        0.0011   0.0005     -1.978 0.071  18   2.24   64.5        -832.351       -1635.451   503   0.0011   0.0005     -1.978 0.069  18   2.20   18.082
2018-05-05-21:34:05 1.11  Mocks_Em/MockNFW80ellip5loga2.08PA50center0With_background20num5.dat Nelder-Mead  1.0e-04 1 1 1 1e+04 NFW        0.0005   0.0001     -2.001 0.218 140   2.24   65.5       -888.8665       -1748.482   504   0.0005   0.0001     -2.001 0.216 140   2.24   19.636
2018-05-05-21:34:05 1.11  Mocks_Em/MockNFW80ellip5loga2.08PA50center0With_background20num6.dat Nelder-Mead  1.0e-04 1 1 1 1e+04 NFW      359.9995   0.0001     -1.955 0.130  23   2.19   64.7       -765.4892       -1501.727   507 359.9995   0.0001     -1.908 0.128  23   2.19   17.893
2018-05-05-21:34:05 1.11  Mocks_Em/MockNFW80ellip5loga2.08PA50center0With_background20num7.dat Nelder-Mead  1.0e-04 1 1 1 1e+04 NFW        0.0002   0.0007     -1.913 0.190 141   2.20   76.0       -816.6259       -1604.001   501   0.0002   0.0007     -1.913 0.181 141   2.20   16.940
2018-05-05-21:34:05 1.11  Mocks_Em/MockNFW80ellip5loga2.08PA50center0With_background20num8.dat Nelder-Mead  1.0e-04 1 1 1 1e+04 NFW        0.0002   0.0004     -2.014 0.095 162   2.25   57.2        -784.539       -1539.827   501   0.0004   0.0004     -1.965 0.095 162   2.20   18.995
2018-05-05-21:34:05 1.11  Mocks_Em/MockNFW80ellip5loga2.08PA50center0With_background20num9.dat Nelder-Mead  1.0e-04 1 1 1 1e+04 NFW      359.9995  -0.0001     -1.941 0.180  30   2.22   72.9       -837.6118       -1645.972   501 359.9995  -0.0001     -1.893 0.178  30   2.22   18.406
2018-05-05-21:34:05 1.11  Mocks_Em/MockNFW80ellip5loga2.08PA50center0With_background20num10.dat Nelder-Mead  1.0e-04 1 1 1 1e+04 NFW      359.9993  -0.0003     -1.970 0.235  44   2.23   68.8       -869.6554        -1710.06   504 359.9993  -0.0003     -1.968 0.227  44   2.23   17.376
2018-05-05-21:34:05 1.11  Mocks_Em/MockNFW80ellip5loga2.08PA50center0With_background20num11.dat Nelder-Mead  1.0e-04 1 1 1 1e+04 NFW        0.0006   0.0000     -2.005 0.243 148   2.21   60.2       -833.6309       -1638.011   505   0.0006   0.0000     -1.957 0.242 146   2.21   18.794
2018-05-05-21:34:05 1.11  Mocks_Em/MockNFW80ellip5loga2.08PA50center0With_background20num12.dat Nelder-Mead  1.0e-04 1 1 1 1e+04 NFW      359.9994  -0.0008     -1.971 0.070 154   2.19   65.8       -850.4535       -1671.656   503 359.9989  -0.0008     -1.971 0.069 154   2.19   17.478
2018-05-05-21:34:05 1.11  Mocks_Em/MockNFW80ellip5loga2.08PA50center0With_background20num13.dat Nelder-Mead  1.0e-04 1 1 1 1e+04 NFW        0.0000  -0.0009     -1.936 0.143  36   2.20   70.8       -800.3751       -1571.499   503   0.0000  -0.0009     -1.936 0.140  36   2.20   18.710
2018-05-05-21:34:05 1.11  Mocks_Em/MockNFW80ellip5loga2.08PA50center0With_background20num14.dat Nelder-Mead  1.0e-04 1 1 1 1e+04 NFW        0.0004   0.0006     -1.949 0.197 179   2.19   67.5       -799.7105        -1570.17   503   0.0004   0.0006     -1.949 0.192 179   2.19   16.688
2018-05-05-21:34:05 1.11  Mocks_Em/MockNFW80ellip5loga2.08PA50center0With_background20num15.dat Nelder-Mead  1.0e-04 1 1 1 1e+04 NFW      359.9995   0.0006     -2.027 0.063  29   2.21   57.7       -823.9424       -1618.634   503 359.9997   0.0006     -1.957 0.062  29   2.21   18.920
2018-05-05-21:34:05 1.11  Mocks_Em/MockNFW80ellip5loga2.08PA50center0With_background20num16.dat Nelder-Mead  1.0e-04 1 1 1 1e+04 NFW        0.0008  -0.0007     -1.900 0.126 159   2.19   78.5       -813.3045       -1597.358   503   0.0008  -0.0007     -1.900 0.120 159   2.19   17.873
2018-05-05-21:34:05 1.11  Mocks_Em/MockNFW80ellip5loga2.08PA50center0With_background20num17.dat Nelder-Mead  1.0e-04 1 1 1 1e+04 NFW      359.9987  -0.0004     -1.895 0.159 150   2.20   83.5       -885.1304        -1741.01   506 359.9987  -0.0004     -1.895 0.155 149   2.20   15.646
2018-05-05-21:34:05 1.11  Mocks_Em/MockNFW80ellip5loga2.08PA50center0With_background20num18.dat Nelder-Mead  1.0e-04 1 1 1 1e+04 NFW      359.9992   0.0010     -1.929 0.232  42   2.21   76.5       -883.5707        -1737.89   502 359.9992   0.0010     -1.926 0.221  42   2.21   16.460
2018-05-05-21:34:05 1.11  Mocks_Em/MockNFW80ellip5loga2.08PA50center0With_background20num19.dat Nelder-Mead  1.0e-04 1 1 1 1e+04 NFW        0.0010   0.0013     -1.987 0.182 164   2.23   65.3        -911.513       -1793.775   504   0.0010   0.0013     -1.987 0.175 164   2.20   18.316
2018-05-05-21:34:05 1.11  Mocks_Em/MockNFW80ellip5loga2.08PA50center0With_background20num20.dat Nelder-Mead  1.0e-04 1 1 1 1e+04 NFW      359.9998   0.0004     -1.957 0.197 135   2.20   65.6       -781.7419       -1534.233   501 359.9998   0.0004     -1.909 0.192 135   2.19   16.633
2018-05-05-21:34:05 1.11  Mocks_Em/MockNFW80ellip5loga2.08PA50center0With_background20num21.dat Nelder-Mead  1.0e-04 1 1 1 1e+04 NFW        0.0010   0.0007     -1.971 0.242  41   2.23   72.0       -952.1067       -1874.962   500   0.0010   0.0007     -1.971 0.230  41   2.23   17.943
2018-05-05-21:34:05 1.11  Mocks_Em/MockNFW80ellip5loga2.08PA50center0With_background20num22.dat Nelder-Mead  1.0e-04 1 1 1 1e+04 NFW      359.9994   0.0004     -1.930 0.169   6   2.24   73.3        -809.588       -1589.925   504 359.9994   0.0004     -1.930 0.163   6   2.22   16.753
2018-05-05-21:34:05 1.11  Mocks_Em/MockNFW80ellip5loga2.08PA50center0With_background20num23.dat Nelder-Mead  1.0e-04 1 1 1 1e+04 NFW      359.9987  -0.0012     -1.933 0.218  32   2.20   73.0       -854.3432       -1679.435   500 359.9992  -0.0012     -1.933 0.208  32   2.20   16.969
2018-05-05-21:34:05 1.11  Mocks_Em/MockNFW80ellip5loga2.08PA50center0With_background20num24.dat Nelder-Mead  1.0e-04 1 1 1 1e+04 NFW      359.9991   0.0006     -1.930 0.129  39   2.20   72.2       -799.5867       -1569.922   500 359.9991   0.0006     -1.930 0.124  39   2.20   17.490
2018-05-05-21:34:05 1.11  Mocks_Em/MockNFW80ellip5loga2.08PA50center0With_background20num25.dat Nelder-Mead  1.0e-04 1 1 1 1e+04 NFW      359.9995   0.0010     -1.930 0.124 163   2.20   73.0       -826.5551       -1623.859   500 359.9995   0.0010     -1.930 0.121 159   2.20   17.032
2018-05-05-21:34:05 1.11  Mocks_Em/MockNFW80ellip5loga2.08PA50center0With_background20num26.dat Nelder-Mead  1.0e-04 1 1 1 1e+04 NFW        0.0004  -0.0013     -1.978 0.198  44   2.20   64.3       -838.0426       -1646.834   500   0.0004  -0.0013     -1.978 0.194  43   2.20   17.675
2018-05-05-21:34:05 1.11  Mocks_Em/MockNFW80ellip5loga2.08PA50center0With_background20num27.dat Nelder-Mead  1.0e-04 1 1 1 1e+04 NFW        0.0007   0.0002     -1.965 0.031  10   2.20   64.8       -771.6951       -1514.139   501   0.0005   0.0002     -1.962 0.031  10   2.20   17.853
2018-05-05-21:34:05 1.11  Mocks_Em/MockNFW80ellip5loga2.08PA50center0With_background20num28.dat Nelder-Mead  1.0e-04 1 1 1 1e+04 NFW        0.0001  -0.0007     -1.978 0.152  30   2.15   55.3       -681.3418       -1333.432   500   0.0001  -0.0007     -1.894 0.152  30   2.15   17.258
2018-05-05-21:34:05 1.11  Mocks_Em/MockNFW80ellip5loga2.08PA50center0With_background20num29.dat Nelder-Mead  1.0e-04 1 1 1 1e+04 NFW      359.9999   0.0000     -1.984 0.156  33   2.22   62.9       -780.5368       -1531.823   506 360.0000   0.0000     -1.912 0.154  33   2.22   17.572
2018-05-05-21:34:05 1.11  Mocks_Em/MockNFW80ellip5loga2.08PA50center0With_background20num30.dat Nelder-Mead  1.0e-04 1 1 1 1e+04 NFW      359.9999  -0.0005     -1.970 0.188  42   2.27   71.1       -888.9898       -1748.728   505 360.0000  -0.0005     -1.970 0.183  42   2.24   19.164
2018-05-05-21:34:05 1.11  Mocks_Em/MockNFW80ellip5loga2.08PA50center0With_background20num31.dat Nelder-Mead  1.0e-04 1 1 1 1e+04 NFW      359.9999   0.0003     -1.956 0.148  12   2.23   66.2       -765.8383       -1502.425   501 359.9999   0.0003     -1.909 0.147  12   2.21   22.200
2018-05-05-21:34:05 1.11  Mocks_Em/MockNFW80ellip5loga2.08PA50center0With_background20num32.dat Nelder-Mead  1.0e-04 1 1 1 1e+04 NFW        0.0013   0.0008     -2.012 0.122  13   2.19   57.1       -806.7422       -1584.233   505   0.0010   0.0008     -1.939 0.120  13   2.19   23.636
2018-05-05-21:34:05 1.11  Mocks_Em/MockNFW80ellip5loga2.08PA50center0With_background20num33.dat Nelder-Mead  1.0e-04 1 1 1 1e+04 NFW      359.9995  -0.0001     -1.965 0.144 153   2.16   59.2       -720.7572       -1412.263   501 359.9995  -0.0001     -1.917 0.144 153   2.16   23.607
2018-05-05-21:34:05 1.11  Mocks_Em/MockNFW80ellip5loga2.08PA50center0With_background20num34.dat Nelder-Mead  1.0e-04 1 1 1 1e+04 NFW      359.9975  -0.0006     -1.950 0.086   2   2.24   71.0       -889.7435       -1750.236   507 359.9975  -0.0006     -1.950 0.084   2   2.19   22.870
2018-05-05-21:34:05 1.11  Mocks_Em/MockNFW80ellip5loga2.08PA50center0With_background20num35.dat Nelder-Mead  1.0e-04 1 1 1 1e+04 NFW      359.9998  -0.0001     -2.002 0.132 147   2.27   66.7       -868.6885       -1708.126   504 359.9997  -0.0001     -2.000 0.128 147   2.26   24.711
2018-05-05-21:34:05 1.11  Mocks_Em/MockNFW80ellip5loga2.08PA50center0With_background20num36.dat Nelder-Mead  1.0e-04 1 1 1 1e+04 NFW      359.9998   0.0008     -1.932 0.167  24   2.17   68.3       -769.0454        -1508.84   502 359.9998   0.0008     -1.885 0.164  24   2.17   21.736
2018-05-05-21:34:05 1.11  Mocks_Em/MockNFW80ellip5loga2.08PA50center0With_background20num37.dat Nelder-Mead  1.0e-04 1 1 1 1e+04 NFW        0.0004  -0.0005     -1.950 0.145  10   2.24   70.9       -836.5372       -1643.823   500   0.0004  -0.0005     -1.950 0.139  10   2.22   22.379
2018-05-05-21:34:05 1.11  Mocks_Em/MockNFW80ellip5loga2.08PA50center0With_background20num38.dat Nelder-Mead  1.0e-04 1 1 1 1e+04 NFW        0.0000   0.0003     -1.941 0.260 145   2.24   75.2       -851.4957        -1673.74   500 359.9999   0.0003     -1.941 0.250 143   2.24   23.663
2018-05-05-21:34:05 1.11  Mocks_Em/MockNFW80ellip5loga2.08PA50center0With_background20num39.dat Nelder-Mead  1.0e-04 1 1 1 1e+04 NFW        0.0007  -0.0005     -1.962 0.062  13   2.24   71.7       -856.9254         -1684.6   500   0.0007  -0.0005     -1.962 0.062  13   2.24   20.720
2018-05-05-21:34:05 1.11  Mocks_Em/MockNFW80ellip5loga2.08PA50center0With_background20num40.dat Nelder-Mead  1.0e-04 1 1 1 1e+04 NFW        0.0010   0.0005     -1.933 0.151  45   2.22   75.4       -853.7978       -1678.345   500   0.0010   0.0005     -1.933 0.145  45   2.22   24.963
2018-05-05-21:34:05 1.11  Mocks_Em/MockNFW80ellip5loga2.08PA50center0With_background20num41.dat Nelder-Mead  1.0e-04 1 1 1 1e+04 NFW        0.0002   0.0000     -1.925 0.216 150   2.23   71.5       -766.9265       -1504.602   500   0.0002   0.0000     -1.925 0.208 150   2.20   22.361
2018-05-05-21:34:05 1.11  Mocks_Em/MockNFW80ellip5loga2.08PA50center0With_background20num42.dat Nelder-Mead  1.0e-04 1 1 1 1e+04 NFW        0.0004   0.0003     -1.935 0.163 144   2.21   70.2       -787.9516       -1546.652   504   0.0004   0.0003     -1.935 0.157 144   2.20   22.245
2018-05-05-21:34:05 1.11  Mocks_Em/MockNFW80ellip5loga2.08PA50center0With_background20num43.dat Nelder-Mead  1.0e-04 1 1 1 1e+04 NFW      360.0000  -0.0005     -1.935 0.284  31   2.21   69.5       -782.6668       -1536.082   506 360.0000  -0.0005     -1.935 0.272  31   2.20   21.569
2018-05-05-21:34:05 1.11  Mocks_Em/MockNFW80ellip5loga2.08PA50center0With_background20num44.dat Nelder-Mead  1.0e-04 1 1 1 1e+04 NFW      359.9999  -0.0006     -1.956 0.108 141   2.20   66.6       -788.5027       -1547.754   502 359.9999  -0.0006     -1.908 0.106 141   2.20   21.392
2018-05-05-21:34:05 1.11  Mocks_Em/MockNFW80ellip5loga2.08PA50center0With_background20num45.dat Nelder-Mead  1.0e-04 1 1 1 1e+04 NFW        0.0005   0.0013     -1.926 0.250  36   2.22   75.1       -848.2967       -1667.342   500   0.0005   0.0013     -1.926 0.243  36   2.21   20.214
2018-05-05-21:34:05 1.11  Mocks_Em/MockNFW80ellip5loga2.08PA50center0With_background20num46.dat Nelder-Mead  1.0e-04 1 1 1 1e+04 NFW        0.0012   0.0001     -1.959 0.207 137   2.21   68.9       -858.0065       -1686.762   500   0.0012   0.0001     -1.959 0.197 137   2.21   17.543
2018-05-05-21:34:05 1.11  Mocks_Em/MockNFW80ellip5loga2.08PA50center0With_background20num47.dat Nelder-Mead  1.0e-04 1 1 1 1e+04 NFW      359.9997   0.0001     -1.973 0.276 136   2.22   64.7       -801.1418       -1573.032   505 359.9998   0.0001     -1.925 0.270 136   2.21   21.721
2018-05-05-21:34:05 1.11  Mocks_Em/MockNFW80ellip5loga2.08PA50center0With_background20num48.dat Nelder-Mead  1.0e-04 1 1 1 1e+04 NFW        0.0004  -0.0002     -1.951 0.187  24   2.20   68.2       -792.0929       -1554.935   501   0.0002  -0.0002     -1.903 0.185  24   2.20   15.983
2018-05-05-21:34:05 1.11  Mocks_Em/MockNFW80ellip5loga2.08PA50center0With_background20num49.dat Nelder-Mead  1.0e-04 1 1 1 1e+04 NFW      359.9991  -0.0003     -1.966 0.030 156   2.22   66.4       -782.2252       -1535.199   500 359.9993  -0.0003     -1.918 0.030 156   2.22   17.968
2018-05-05-21:34:05 1.11  Mocks_Em/MockNFW80ellip5loga2.08PA50center0With_background20num50.dat Nelder-Mead  1.0e-04 1 1 1 1e+04 NFW      359.9998  -0.0002     -1.986 0.200 154   2.24   66.4        -854.535       -1679.819   503 359.9998  -0.0002     -1.986 0.192 153   2.24   17.010
2018-05-05-21:34:05 1.11  Mocks_Em/MockNFW80ellip5loga2.08PA50center0With_background20num51.dat Nelder-Mead  1.0e-04 1 1 1 1e+04 NFW      359.9990  -0.0010     -1.933 0.171  18   2.22   75.4       -860.9227       -1692.594   500 359.9991  -0.0010     -1.933 0.163  18   2.22   16.214
2018-05-05-21:34:05 1.11  Mocks_Em/MockNFW80ellip5loga2.08PA50center0With_background20num52.dat Nelder-Mead  1.0e-04 1 1 1 1e+04 NFW        0.0004   0.0007     -1.925 0.024 153   2.23   78.4       -853.2173       -1677.183   502   0.0004   0.0007     -1.925 0.024 145   2.23   16.421
2018-05-05-21:34:05 1.11  Mocks_Em/MockNFW80ellip5loga2.08PA50center0With_background20num53.dat Nelder-Mead  1.0e-04 1 1 1 1e+04 NFW        0.0001  -0.0005     -1.931 0.200  45   2.14   60.3        -657.546       -1285.841   500   0.0001  -0.0005     -1.850 0.199  45   2.14   16.302
2018-05-05-21:34:05 1.11  Mocks_Em/MockNFW80ellip5loga2.08PA50center0With_background20num54.dat Nelder-Mead  1.0e-04 1 1 1 1e+04 NFW        0.0000   0.0004     -1.950 0.057  22   2.21   64.9       -736.6149       -1443.979   500   0.0000   0.0004     -1.903 0.056  22   2.19   16.550
2018-05-05-21:34:05 1.11  Mocks_Em/MockNFW80ellip5loga2.08PA50center0With_background20num55.dat Nelder-Mead  1.0e-04 1 1 1 1e+04 NFW      359.9997   0.0004     -1.964 0.043  37   2.27   65.6        -762.685       -1496.119   501 360.0000   0.0004     -1.915 0.043  37   2.21   16.491
2018-05-05-21:34:05 1.11  Mocks_Em/MockNFW80ellip5loga2.08PA50center0With_background20num56.dat Nelder-Mead  1.0e-04 1 1 1 1e+04 NFW      359.9996  -0.0003     -1.970 0.297  34   2.19   62.9       -787.2151       -1545.179   506 359.9996  -0.0003     -1.898 0.297  34   2.19   16.781
2018-05-05-21:34:05 1.11  Mocks_Em/MockNFW80ellip5loga2.08PA50center0With_background20num57.dat Nelder-Mead  1.0e-04 1 1 1 1e+04 NFW      360.0000  -0.0008     -1.921 0.139  28   2.22   76.2       -823.8417       -1618.432   500 360.0000  -0.0008     -1.921 0.134  28   2.21   14.830
2018-05-05-21:34:05 1.11  Mocks_Em/MockNFW80ellip5loga2.08PA50center0With_background20num58.dat Nelder-Mead  1.0e-04 1 1 1 1e+04 NFW        0.0015   0.0001     -1.958 0.133  29   2.19   68.4       -863.5542       -1697.857   505   0.0015   0.0001     -1.958 0.127  29   2.19   16.938
2018-05-05-21:34:05 1.11  Mocks_Em/MockNFW80ellip5loga2.08PA50center0With_background20num59.dat Nelder-Mead  1.0e-04 1 1 1 1e+04 NFW      359.9984  -0.0001     -1.952 0.052  17   2.22   71.0       -826.5665       -1623.882   500 359.9989  -0.0001     -1.905 0.052  17   2.22   15.307
2018-05-05-21:34:05 1.11  Mocks_Em/MockNFW80ellip5loga2.08PA50center0With_background20num60.dat Nelder-Mead  1.0e-04 1 1 1 1e+04 NFW        0.0009   0.0003     -2.037 0.131  44   2.21   56.8       -861.6517       -1694.052   500   0.0009   0.0003     -1.987 0.129  44   2.21   16.596
2018-05-05-21:34:05 1.11  Mocks_Em/MockNFW80ellip5loga2.08PA50center0With_background20num61.dat Nelder-Mead  1.0e-04 1 1 1 1e+04 NFW        0.0011   0.0004     -1.958 0.181 163   2.18   64.8       -803.2939       -1577.337   500   0.0011   0.0004     -1.958 0.177 159   2.18   16.849
2018-05-05-21:34:05 1.11  Mocks_Em/MockNFW80ellip5loga2.08PA50center0With_background20num62.dat Nelder-Mead  1.0e-04 1 1 1 1e+04 NFW      359.9997   0.0015     -1.929 0.098  32   2.22   76.7       -871.3121       -1713.373   500 359.9997   0.0015     -1.929 0.093  32   2.21   16.441
2018-05-05-21:34:05 1.11  Mocks_Em/MockNFW80ellip5loga2.08PA50center0With_background20num63.dat Nelder-Mead  1.0e-04 1 1 1 1e+04 NFW      359.9992   0.0001     -1.947 0.083 138   2.20   68.9       -802.6345       -1576.018   505 359.9992   0.0001     -1.899 0.083 135   2.20   15.647
2018-05-05-21:34:05 1.11  Mocks_Em/MockNFW80ellip5loga2.08PA50center0With_background20num64.dat Nelder-Mead  1.0e-04 1 1 1 1e+04 NFW      359.9993  -0.0001     -1.915 0.186 141   2.24   76.6       -817.5026       -1605.754   500 359.9993  -0.0001     -1.915 0.179 141   2.21   16.339
2018-05-05-21:34:05 1.11  Mocks_Em/MockNFW80ellip5loga2.08PA50center0With_background20num65.dat Nelder-Mead  1.0e-04 1 1 1 1e+04 NFW      359.9996  -0.0008     -1.961 0.209  46   2.18   65.0       -816.0315       -1602.812   501 359.9996  -0.0008     -1.961 0.204  45   2.18   17.107
2018-05-05-21:34:05 1.11  Mocks_Em/MockNFW80ellip5loga2.08PA50center0With_background20num66.dat Nelder-Mead  1.0e-04 1 1 1 1e+04 NFW        0.0013  -0.0001     -1.989 0.247  29   2.21   64.0       -870.3172       -1711.383   501   0.0013  -0.0001     -1.989 0.235  29   2.21   18.684
2018-05-05-21:34:05 1.11  Mocks_Em/MockNFW80ellip5loga2.08PA50center0With_background20num67.dat Nelder-Mead  1.0e-04 1 1 1 1e+04 NFW      359.9998   0.0013     -1.958 0.225 156   2.20   68.4       -849.9321       -1670.613   500 359.9998   0.0013     -1.958 0.215 155   2.20   16.763
2018-05-05-21:34:05 1.11  Mocks_Em/MockNFW80ellip5loga2.08PA50center0With_background20num68.dat Nelder-Mead  1.0e-04 1 1 1 1e+04 NFW      359.9996   0.0003     -1.945 0.155 145   2.20   68.3       -794.0431       -1558.835   501 359.9996   0.0003     -1.898 0.155 142   2.20   16.505
2018-05-05-21:34:05 1.11  Mocks_Em/MockNFW80ellip5loga2.08PA50center0With_background20num69.dat Nelder-Mead  1.0e-04 1 1 1 1e+04 NFW      359.9998   0.0003     -2.043 0.126  42   2.21   52.8       -766.6339       -1504.017   501 359.9998   0.0003     -1.993 0.126  42   2.21   18.829
2018-05-05-21:34:05 1.11  Mocks_Em/MockNFW80ellip5loga2.08PA50center0With_background20num70.dat Nelder-Mead  1.0e-04 1 1 1 1e+04 NFW        0.0003  -0.0002     -1.977 0.218  31   2.17   59.2       -748.7284       -1468.206   502   0.0003  -0.0002     -1.905 0.218  31   2.17   18.520
2018-05-05-21:34:05 1.11  Mocks_Em/MockNFW80ellip5loga2.08PA50center0With_background20num71.dat Nelder-Mead  1.0e-04 1 1 1 1e+04 NFW      359.9993  -0.0001     -1.965 0.086  23   2.26   71.1       -859.1741       -1689.097   503 359.9993  -0.0001     -1.965 0.082  23   2.24   17.789
2018-05-05-21:34:05 1.11  Mocks_Em/MockNFW80ellip5loga2.08PA50center0With_background20num72.dat Nelder-Mead  1.0e-04 1 1 1 1e+04 NFW      359.9998  -0.0004     -1.969 0.230  38   2.26   68.0       -826.1867       -1623.122   500 359.9998  -0.0004     -1.921 0.227  38   2.23   17.238
2018-05-05-21:34:05 1.11  Mocks_Em/MockNFW80ellip5loga2.08PA50center0With_background20num73.dat Nelder-Mead  1.0e-04 1 1 1 1e+04 NFW      359.9985  -0.0004     -1.930 0.153 160   2.21   75.8       -861.3431       -1693.435   500 359.9988  -0.0004     -1.930 0.146 159   2.21   16.455
2018-05-05-21:34:05 1.11  Mocks_Em/MockNFW80ellip5loga2.08PA50center0With_background20num74.dat Nelder-Mead  1.0e-04 1 1 1 1e+04 NFW      359.9995   0.0001     -1.963 0.056 171   2.20   66.0       -812.5556        -1595.86   505 359.9991   0.0001     -1.963 0.055 165   2.20   18.772
2018-05-05-21:34:05 1.11  Mocks_Em/MockNFW80ellip5loga2.08PA50center0With_background20num75.dat Nelder-Mead  1.0e-04 1 1 1 1e+04 NFW      359.9996   0.0011     -1.941 0.088  27   2.27   75.2       -825.2871       -1621.323   507 359.9996   0.0011     -1.941 0.087  26   2.24   18.292
2018-05-05-21:34:05 1.11  Mocks_Em/MockNFW80ellip5loga2.08PA50center0With_background20num76.dat Nelder-Mead  1.0e-04 1 1 1 1e+04 NFW      359.9996  -0.0005     -1.947 0.058 141   2.21   69.9       -802.0314       -1574.812   504 359.9996  -0.0005     -1.947 0.057 140   2.21   17.205
2018-05-05-21:34:05 1.11  Mocks_Em/MockNFW80ellip5loga2.08PA50center0With_background20num77.dat Nelder-Mead  1.0e-04 1 1 1 1e+04 NFW      359.9996  -0.0005     -1.953 0.157 164   2.23   71.7       -836.7832       -1644.315   501 359.9996  -0.0005     -1.953 0.156 159   2.23   17.691
2018-05-05-21:34:05 1.11  Mocks_Em/MockNFW80ellip5loga2.08PA50center0With_background20num78.dat Nelder-Mead  1.0e-04 1 1 1 1e+04 NFW      359.9999   0.0001     -1.936 0.056 149   2.25   72.4       -768.3671       -1507.483   500 359.9999   0.0001     -1.936 0.055 149   2.23   17.443
2018-05-05-21:34:05 1.11  Mocks_Em/MockNFW80ellip5loga2.08PA50center0With_background20num79.dat Nelder-Mead  1.0e-04 1 1 1 1e+04 NFW        0.0001   0.0008     -1.946 0.121 140   2.18   66.8       -790.9572       -1552.663   503   0.0003   0.0008     -1.946 0.117 140   2.18   18.026
2018-05-05-21:34:05 1.11  Mocks_Em/MockNFW80ellip5loga2.08PA50center0With_background20num80.dat Nelder-Mead  1.0e-04 1 1 1 1e+04 NFW        0.0004   0.0005     -1.966 0.060  22   2.21   65.1       -772.6486       -1516.046   500   0.0004   0.0005     -1.966 0.057  22   2.21   16.773
2018-05-05-21:34:05 1.11  Mocks_Em/MockNFW80ellip5loga2.08PA50center0With_background20num81.dat Nelder-Mead  1.0e-04 1 1 1 1e+04 NFW      359.9998  -0.0003     -1.930 0.097 158   2.23   74.9       -803.8132       -1578.375   500 359.9997  -0.0003     -1.930 0.094 156   2.23   18.142
2018-05-05-21:34:05 1.11  Mocks_Em/MockNFW80ellip5loga2.08PA50center0With_background20num82.dat Nelder-Mead  1.0e-04 1 1 1 1e+04 NFW      359.9993  -0.0002     -2.006 0.152  20   2.21   59.7       -816.7543       -1604.257   507 359.9993  -0.0002     -1.981 0.147  20   2.21   18.146
2018-05-05-21:34:05 1.11  Mocks_Em/MockNFW80ellip5loga2.08PA50center0With_background20num83.dat Nelder-Mead  1.0e-04 1 1 1 1e+04 NFW      359.9999   0.0006     -1.935 0.174  33   2.26   72.3       -793.1377       -1557.024   507 359.9999   0.0006     -1.935 0.168  33   2.22   17.536
2018-05-05-21:34:05 1.11  Mocks_Em/MockNFW80ellip5loga2.08PA50center0With_background20num84.dat Nelder-Mead  1.0e-04 1 1 1 1e+04 NFW        0.0007  -0.0005     -1.924 0.094 174   2.22   71.8       -778.9569       -1528.663   500   0.0007  -0.0005     -1.924 0.091 172   2.19   17.687
2018-05-05-21:34:05 1.11  Mocks_Em/MockNFW80ellip5loga2.08PA50center0With_background20num85.dat Nelder-Mead  1.0e-04 1 1 1 1e+04 NFW        0.0001  -0.0005     -1.950 0.056   3   2.23   70.0       -809.3413       -1589.431   505   0.0006  -0.0005     -1.903 0.055   3   2.21   18.246
2018-05-05-21:34:05 1.11  Mocks_Em/MockNFW80ellip5loga2.08PA50center0With_background20num86.dat Nelder-Mead  1.0e-04 1 1 1 1e+04 NFW        0.0004  -0.0017     -1.964 0.108  10   2.27   72.1       -867.7158        -1706.18   507   0.0004  -0.0017     -1.964 0.105  10   2.24   16.615
2018-05-05-21:34:05 1.11  Mocks_Em/MockNFW80ellip5loga2.08PA50center0With_background20num87.dat Nelder-Mead  1.0e-04 1 1 1 1e+04 NFW        0.0004  -0.0003     -1.930 0.039  40   2.19   70.7       -784.8998       -1540.548   507   0.0006  -0.0003     -1.930 0.039  40   2.19   17.104
2018-05-05-21:34:05 1.11  Mocks_Em/MockNFW80ellip5loga2.08PA50center0With_background20num88.dat Nelder-Mead  1.0e-04 1 1 1 1e+04 NFW        0.0004   0.0004     -2.019 0.021  17   2.22   58.5        -811.097       -1592.943   500   0.0005   0.0004     -1.958 0.021  17   2.22   17.606
2018-05-05-21:34:05 1.11  Mocks_Em/MockNFW80ellip5loga2.08PA50center0With_background20num89.dat Nelder-Mead  1.0e-04 1 1 1 1e+04 NFW        0.0000  -0.0000     -1.932 0.127 150   2.19   68.7       -745.3887       -1461.526   502 360.0000  -0.0000     -1.932 0.124 150   2.19   17.667
2018-05-05-21:34:05 1.11  Mocks_Em/MockNFW80ellip5loga2.08PA50center0With_background20num90.dat Nelder-Mead  1.0e-04 1 1 1 1e+04 NFW        0.0013   0.0009     -1.956 0.132  41   2.19   69.7       -872.2845       -1715.318   501   0.0013   0.0009     -1.908 0.129  41   2.19   18.464
2018-05-05-21:34:05 1.11  Mocks_Em/MockNFW80ellip5loga2.08PA50center0With_background20num91.dat Nelder-Mead  1.0e-04 1 1 1 1e+04 NFW        0.0002  -0.0004     -1.962 0.186  16   2.21   66.7       -800.5749       -1571.899   501   0.0002  -0.0004     -1.938 0.179  16   2.21   17.501
2018-05-05-21:34:05 1.11  Mocks_Em/MockNFW80ellip5loga2.08PA50center0With_background20num92.dat Nelder-Mead  1.0e-04 1 1 1 1e+04 NFW      359.9988   0.0002     -1.903 0.121  30   2.19   76.7       -807.5107        -1585.77   500 359.9988   0.0002     -1.902 0.116  30   2.19   16.026
2018-05-05-21:34:05 1.11  Mocks_Em/MockNFW80ellip5loga2.08PA50center0With_background20num93.dat Nelder-Mead  1.0e-04 1 1 1 1e+04 NFW      359.9998  -0.0003     -1.962 0.202 148   2.24   65.5       -767.2934       -1505.336   500 359.9998  -0.0003     -1.962 0.197 148   2.21   17.446
2018-05-05-21:34:05 1.11  Mocks_Em/MockNFW80ellip5loga2.08PA50center0With_background20num94.dat Nelder-Mead  1.0e-04 1 1 1 1e+04 NFW        0.0004   0.0001     -1.965 0.189  15   2.21   66.0       -803.7295       -1578.208   502   0.0004   0.0001     -1.964 0.180  15   2.21   18.163
2018-05-05-21:34:05 1.11  Mocks_Em/MockNFW80ellip5loga2.08PA50center0With_background20num95.dat Nelder-Mead  1.0e-04 1 1 1 1e+04 NFW      359.9992  -0.0009     -1.961 0.142  23   2.17   62.6       -762.2278       -1495.204   506   0.0001  -0.0009     -1.890 0.141  23   2.17   17.056
2018-05-05-21:34:05 1.11  Mocks_Em/MockNFW80ellip5loga2.08PA50center0With_background20num96.dat Nelder-Mead  1.0e-04 1 1 1 1e+04 NFW        0.0007   0.0006     -1.942 0.160 149   2.22   70.6       -835.6952       -1642.139   500   0.0007   0.0006     -1.942 0.160 143   2.20   17.672
2018-05-05-21:34:05 1.11  Mocks_Em/MockNFW80ellip5loga2.08PA50center0With_background20num97.dat Nelder-Mead  1.0e-04 1 1 1 1e+04 NFW        0.0006  -0.0003     -1.946 0.061 146   2.23   73.7       -846.8018       -1664.352   500   0.0006  -0.0003     -1.946 0.058 146   2.23   18.067
2018-05-05-21:34:05 1.11  Mocks_Em/MockNFW80ellip5loga2.08PA50center0With_background20num98.dat Nelder-Mead  1.0e-04 1 1 1 1e+04 NFW        0.0007   0.0007     -1.935 0.168  38   2.23   73.5       -808.6138       -1587.976   502   0.0007   0.0007     -1.935 0.160  38   2.23   16.788
2018-05-05-21:34:05 1.11  Mocks_Em/MockNFW80ellip5loga2.08PA50center0With_background20num99.dat Nelder-Mead  1.0e-04 1 1 1 1e+04 NFW      359.9999   0.0000     -1.926 0.169 138   2.25   74.9       -808.9897       -1588.728   500 359.9999   0.0000     -1.926 0.165 138   2.22   16.862
