2018-05-05-17:15:52 1.11  Mocks_Em/MockNFW1280ellip5loga2.08PA50center0With_background20num0.dat TNC          1.0e-04 0 1 0 0     NFW      359.9999   0.0000     -2.057 0.374  37 -99.00  590.5       -8859.494       -17697.41    85 359.9999   0.0000     -2.032 0.169  37 -99.00    0.458
2018-05-05-17:15:52 1.11  Mocks_Em/MockNFW1280ellip5loga2.08PA50center0With_background20num1.dat TNC          1.0e-04 0 1 0 0     NFW        0.0003  -0.0001     -2.039 0.557  54 -99.00  599.3       -8746.369       -17471.16    71   0.0003  -0.0001     -2.010 0.228  38 -99.00    0.355
2018-05-05-17:15:52 1.11  Mocks_Em/MockNFW1280ellip5loga2.08PA50center0With_background20num2.dat TNC          1.0e-04 0 1 0 0     NFW      359.9999   0.0001     -2.008 0.532  50 -99.00  651.6        -8683.35       -17345.12    52 359.9999   0.0001     -2.015 0.206  39 -99.00    0.253
2018-05-05-17:15:52 1.11  Mocks_Em/MockNFW1280ellip5loga2.08PA50center0With_background20num3.dat TNC          1.0e-04 0 1 0 0     NFW        0.0004  -0.0001     -2.129 0.414  52 -99.00  479.2        -8730.22       -17438.86   147   0.0004  -0.0001     -2.008 0.162  38 -99.00    0.711
2018-05-05-17:15:52 1.11  Mocks_Em/MockNFW1280ellip5loga2.08PA50center0With_background20num4.dat TNC          1.0e-04 0 1 0 0     NFW        0.0001   0.0000     -2.037 0.550  54 -99.00  600.2       -8637.249       -17252.92   116   0.0001   0.0000     -1.998 0.206  32 -99.00    0.573
2018-05-05-17:15:52 1.11  Mocks_Em/MockNFW1280ellip5loga2.08PA50center0With_background20num5.dat TNC          1.0e-04 0 1 0 0     NFW        0.0002  -0.0002     -2.014 0.484  50 -99.00  624.9       -8552.212       -17082.84   107   0.0002  -0.0002     -1.989 0.181  44 -99.00    0.521
2018-05-05-17:15:52 1.11  Mocks_Em/MockNFW1280ellip5loga2.08PA50center0With_background20num6.dat TNC          1.0e-04 0 1 0 0     NFW      360.0000  -0.0001     -2.076 0.541  47 -99.00  546.6       -8685.578       -17349.57    60 360.0000  -0.0001     -2.014 0.212  39 -99.00    0.303
2018-05-05-17:15:52 1.11  Mocks_Em/MockNFW1280ellip5loga2.08PA50center0With_background20num7.dat TNC          1.0e-04 0 1 0 0     NFW      359.9997   0.0001     -2.080 0.531  50 -99.00  528.5       -8599.488       -17177.39    94 359.9997   0.0001     -2.014 0.207  39 -99.00    0.455
2018-05-05-17:15:52 1.11  Mocks_Em/MockNFW1280ellip5loga2.08PA50center0With_background20num8.dat TNC          1.0e-04 0 1 0 0     NFW      359.9999   0.0001     -2.077 0.415  55 -99.00  561.1       -8873.327       -17725.07    79 359.9999   0.0001     -2.031 0.147  39 -99.00    0.386
2018-05-05-17:15:52 1.11  Mocks_Em/MockNFW1280ellip5loga2.08PA50center0With_background20num9.dat TNC          1.0e-04 0 1 0 0     NFW      359.9999   0.0000     -1.956 0.533  45 -99.00  747.3       -8645.529       -17269.48    71 359.9999   0.0000     -1.989 0.203  42 -99.00    0.345
2018-05-05-17:15:52 1.11  Mocks_Em/MockNFW1280ellip5loga2.08PA50center0With_background20num10.dat TNC          1.0e-04 0 1 0 0     NFW        0.0002  -0.0000     -1.995 0.524  50 -99.00  672.4       -8731.097       -17440.61   142   0.0002  -0.0000     -2.004 0.197  42 -99.00    0.703
2018-05-05-17:15:52 1.11  Mocks_Em/MockNFW1280ellip5loga2.08PA50center0With_background20num11.dat TNC          1.0e-04 0 1 0 0     NFW      359.9999  -0.0000     -2.126 0.439  41 -99.00  491.3       -8814.563       -17607.54    62 359.9999  -0.0000     -2.026 0.176  41 -99.00    0.311
2018-05-05-17:15:52 1.11  Mocks_Em/MockNFW1280ellip5loga2.08PA50center0With_background20num12.dat TNC          1.0e-04 0 1 0 0     NFW        0.0003   0.0000     -1.997 0.567  50 -99.00  665.6       -8722.982       -17424.38   145   0.0003   0.0000     -2.008 0.212  40 -99.00    0.706
2018-05-05-17:15:52 1.11  Mocks_Em/MockNFW1280ellip5loga2.08PA50center0With_background20num13.dat TNC          1.0e-04 0 1 0 0     NFW      359.9999  -0.0001     -2.059 0.000 135 -99.00  576.9       -8746.393       -17471.21    44 359.9999  -0.0001     -2.009 0.205 135 -99.00    0.221
2018-05-05-17:15:52 1.11  Mocks_Em/MockNFW1280ellip5loga2.08PA50center0With_background20num14.dat TNC          1.0e-04 0 1 0 0     NFW      359.9998   0.0000     -2.135 0.000 140 -99.00  477.7       -8728.178       -17434.78    45 359.9998   0.0000     -2.025 0.216 136 -99.00    0.225
2018-05-05-17:15:52 1.11  Mocks_Em/MockNFW1280ellip5loga2.08PA50center0With_background20num15.dat TNC          1.0e-04 0 1 0 0     NFW      359.9998   0.0001     -2.040 0.564  51 -99.00  595.7       -8702.878       -17384.17    68 359.9998   0.0001     -2.007 0.234  39 -99.00    0.333
2018-05-05-17:15:52 1.11  Mocks_Em/MockNFW1280ellip5loga2.08PA50center0With_background20num16.dat TNC          1.0e-04 0 1 0 0     NFW        0.0002   0.0001     -2.029 0.000 141 -99.00  609.2       -8566.288       -17110.99    32   0.0002   0.0001     -2.002 0.246 137 -99.00    0.159
2018-05-05-17:15:52 1.11  Mocks_Em/MockNFW1280ellip5loga2.08PA50center0With_background20num17.dat TNC          1.0e-04 0 1 0 0     NFW      360.0000   0.0003     -2.016 0.539  51 -99.00  635.0       -8678.719       -17335.86    85 360.0000   0.0003     -2.020 0.205  38 -99.00    0.414
2018-05-05-17:15:52 1.11  Mocks_Em/MockNFW1280ellip5loga2.08PA50center0With_background20num18.dat TNC          1.0e-04 0 1 0 0     NFW        0.0001   0.0001     -2.112 0.525  52 -99.00  499.1       -8670.814       -17320.05    50   0.0001   0.0001     -2.013 0.238  37 -99.00    0.246
2018-05-05-17:15:52 1.11  Mocks_Em/MockNFW1280ellip5loga2.08PA50center0With_background20num19.dat TNC          1.0e-04 0 1 0 0     NFW      360.0000   0.0001     -1.950 0.568  54 -99.00  748.4        -8570.14        -17118.7   111 360.0000   0.0001     -1.995 0.237  34 -99.00    0.548
2018-05-05-17:15:52 1.11  Mocks_Em/MockNFW1280ellip5loga2.08PA50center0With_background20num20.dat TNC          1.0e-04 0 1 0 0     NFW        0.0002   0.0003     -2.053 0.507  51 -99.00  579.5       -8826.251       -17630.92    63   0.0002   0.0003     -2.009 0.205  45 -99.00    0.309
2018-05-05-17:15:52 1.11  Mocks_Em/MockNFW1280ellip5loga2.08PA50center0With_background20num21.dat TNC          1.0e-04 0 1 0 0     NFW      359.9999  -0.0001     -2.077 0.404  53 -99.00  535.4       -8511.765       -17001.95    54 359.9999  -0.0001     -2.001 0.158  37 -99.00    0.268
2018-05-05-17:15:52 1.11  Mocks_Em/MockNFW1280ellip5loga2.08PA50center0With_background20num22.dat TNC          1.0e-04 0 1 0 0     NFW      359.9999  -0.0002     -2.052 0.545  54 -99.00  571.0       -8597.867       -17174.15   157 359.9999  -0.0002     -2.003 0.227  33 -99.00    0.757
2018-05-05-17:15:52 1.11  Mocks_Em/MockNFW1280ellip5loga2.08PA50center0With_background20num23.dat TNC          1.0e-04 0 1 0 0     NFW        0.0001   0.0002     -2.174 0.426  44 -99.00  443.3       -8972.357       -17923.13    62   0.0001   0.0002     -2.046 0.199  44 -99.00    0.315
2018-05-05-17:15:52 1.11  Mocks_Em/MockNFW1280ellip5loga2.08PA50center0With_background20num24.dat TNC          1.0e-04 0 1 0 0     NFW      359.9999   0.0000     -2.119 0.450  41 -99.00  490.1       -8630.208       -17238.84    72 359.9999   0.0000     -2.024 0.207  41 -99.00    0.350
2018-05-05-17:15:52 1.11  Mocks_Em/MockNFW1280ellip5loga2.08PA50center0With_background20num25.dat TNC          1.0e-04 0 1 0 0     NFW        0.0002  -0.0003     -2.092 0.287  61 -99.00  523.5       -8685.778       -17349.98   107   0.0002  -0.0003     -1.995 0.163  37 -99.00    0.534
2018-05-05-17:15:52 1.11  Mocks_Em/MockNFW1280ellip5loga2.08PA50center0With_background20num26.dat TNC          1.0e-04 0 1 0 0     NFW        0.0002   0.0002     -2.064 0.549  50 -99.00  575.0       -8932.998       -17844.41    86   0.0002   0.0002     -2.017 0.217  39 -99.00    0.425
2018-05-05-17:15:52 1.11  Mocks_Em/MockNFW1280ellip5loga2.08PA50center0With_background20num27.dat TNC          1.0e-04 0 1 0 0     NFW      359.9999  -0.0002     -2.142 0.391  47 -99.00  456.4       -8510.995       -17000.41    93 359.9999  -0.0002     -2.003 0.168  42 -99.00    0.453
2018-05-05-17:15:52 1.11  Mocks_Em/MockNFW1280ellip5loga2.08PA50center0With_background20num28.dat TNC          1.0e-04 0 1 0 0     NFW      359.9999  -0.0001     -2.060 0.531  56 -99.00  568.9       -8698.637       -17375.69    91 359.9999  -0.0001     -2.022 0.206  36 -99.00    0.448
2018-05-05-17:15:52 1.11  Mocks_Em/MockNFW1280ellip5loga2.08PA50center0With_background20num29.dat TNC          1.0e-04 0 1 0 0     NFW      359.9996  -0.0003     -2.053 0.564  52 -99.00  573.0         -8776.6       -17531.62    60 359.9996  -0.0003     -2.017 0.259  38 -99.00    0.301
2018-05-05-17:15:52 1.11  Mocks_Em/MockNFW1280ellip5loga2.08PA50center0With_background20num30.dat TNC          1.0e-04 0 1 0 0     NFW      359.9999  -0.0001     -2.085 0.495  53 -99.00  533.2        -8684.57       -17347.56    93 359.9999  -0.0001     -2.007 0.189  33 -99.00    0.465
2018-05-05-17:15:52 1.11  Mocks_Em/MockNFW1280ellip5loga2.08PA50center0With_background20num31.dat TNC          1.0e-04 0 1 0 0     NFW      359.9999   0.0000     -1.991 0.577  53 -99.00  676.9       -8657.302       -17293.02   110 359.9999   0.0000     -2.000 0.234  35 -99.00    0.539
2018-05-05-17:15:52 1.11  Mocks_Em/MockNFW1280ellip5loga2.08PA50center0With_background20num32.dat TNC          1.0e-04 0 1 0 0     NFW      359.9997   0.0000     -2.126 0.486  40 -99.00  477.2       -8675.916       -17330.25    48 359.9997   0.0000     -2.016 0.225  40 -99.00    0.235
2018-05-05-17:15:52 1.11  Mocks_Em/MockNFW1280ellip5loga2.08PA50center0With_background20num33.dat TNC          1.0e-04 0 1 0 0     NFW      359.9997  -0.0003     -2.058 0.325  34 -99.00  578.0       -8842.734       -17663.89    76 359.9997  -0.0003     -1.995 0.223  34 -99.00    0.370
2018-05-05-17:15:52 1.11  Mocks_Em/MockNFW1280ellip5loga2.08PA50center0With_background20num34.dat TNC          1.0e-04 0 1 0 0     NFW        0.0002   0.0001     -2.311 0.000 152 -99.00  321.0       -8640.111       -17258.64    17   0.0002   0.0001     -2.011 0.172 138 -99.00    0.090
2018-05-05-17:15:52 1.11  Mocks_Em/MockNFW1280ellip5loga2.08PA50center0With_background20num35.dat TNC          1.0e-04 0 1 0 0     NFW        0.0001   0.0002     -2.011 0.545  49 -99.00  636.8       -8587.694       -17153.81    56   0.0001   0.0002     -2.006 0.240  43 -99.00    0.272
2018-05-05-17:15:52 1.11  Mocks_Em/MockNFW1280ellip5loga2.08PA50center0With_background20num36.dat TNC          1.0e-04 0 1 0 0     NFW        0.0001  -0.0001     -2.273 0.000 141 -99.00  345.7       -8572.268       -17122.96    49   0.0001  -0.0001     -2.011 0.210 136 -99.00    0.239
2018-05-05-17:15:52 1.11  Mocks_Em/MockNFW1280ellip5loga2.08PA50center0With_background20num37.dat TNC          1.0e-04 0 1 0 0     NFW      360.0000  -0.0001     -2.052 0.546  49 -99.00  590.1       -8810.082       -17598.58   124 360.0000  -0.0001     -2.009 0.242  39 -99.00    0.603
2018-05-05-17:15:52 1.11  Mocks_Em/MockNFW1280ellip5loga2.08PA50center0With_background20num38.dat TNC          1.0e-04 0 1 0 0     NFW      359.9999   0.0002     -2.035 0.496  37 -99.00  612.5        -8794.18       -17566.78    45 359.9999   0.0002     -2.005 0.205  37 -99.00    0.222
2018-05-05-17:15:52 1.11  Mocks_Em/MockNFW1280ellip5loga2.08PA50center0With_background20num39.dat TNC          1.0e-04 0 1 0 0     NFW      359.9998   0.0001     -2.012 0.524  50 -99.00  639.0       -8667.029       -17312.48   110 359.9998   0.0001     -2.006 0.201  39 -99.00    0.531
2018-05-05-17:15:52 1.11  Mocks_Em/MockNFW1280ellip5loga2.08PA50center0With_background20num40.dat TNC          1.0e-04 0 1 0 0     NFW      359.9998  -0.0004     -2.071 0.525  54 -99.00  555.2        -8909.93       -17798.28    74 359.9998  -0.0004     -2.027 0.221  34 -99.00    0.365
2018-05-05-17:15:52 1.11  Mocks_Em/MockNFW1280ellip5loga2.08PA50center0With_background20num41.dat TNC          1.0e-04 0 1 0 0     NFW      359.9999   0.0000     -2.169 0.000 136 -99.00  438.9       -8635.809       -17250.04    50 359.9999   0.0000     -2.010 0.170 136 -99.00    0.244
2018-05-05-17:15:52 1.11  Mocks_Em/MockNFW1280ellip5loga2.08PA50center0With_background20num42.dat TNC          1.0e-04 0 1 0 0     NFW        0.0001   0.0001     -2.110 0.535  51 -99.00  499.5       -8648.405       -17275.23    39   0.0001   0.0001     -2.014 0.218  35 -99.00    0.194
2018-05-05-17:15:52 1.11  Mocks_Em/MockNFW1280ellip5loga2.08PA50center0With_background20num43.dat TNC          1.0e-04 0 1 0 0     NFW        0.0000  -0.0003     -2.015 0.532  54 -99.00  634.8       -8684.808       -17348.04   165   0.0000  -0.0003     -1.993 0.215  34 -99.00    0.824
2018-05-05-17:15:52 1.11  Mocks_Em/MockNFW1280ellip5loga2.08PA50center0With_background20num44.dat TNC          1.0e-04 0 1 0 0     NFW      359.9999  -0.0002     -2.052 0.552  40 -99.00  583.0       -8843.299       -17665.02   104 359.9999  -0.0002     -2.032 0.250  40 -99.00    0.520
2018-05-05-17:15:52 1.11  Mocks_Em/MockNFW1280ellip5loga2.08PA50center0With_background20num45.dat TNC          1.0e-04 0 1 0 0     NFW      359.9997   0.0002     -1.978 0.519  52 -99.00  711.7       -8888.939        -17756.3    51 359.9997   0.0002     -2.002 0.227  42 -99.00    0.259
2018-05-05-17:15:52 1.11  Mocks_Em/MockNFW1280ellip5loga2.08PA50center0With_background20num46.dat TNC          1.0e-04 0 1 0 0     NFW        0.0003  -0.0001     -2.125 0.545  51 -99.00  484.0        -8779.39        -17537.2    92   0.0003  -0.0001     -2.016 0.249  35 -99.00    0.448
2018-05-05-17:15:52 1.11  Mocks_Em/MockNFW1280ellip5loga2.08PA50center0With_background20num47.dat TNC          1.0e-04 0 1 0 0     NFW        0.0001  -0.0001     -2.053 0.544  49 -99.00  585.4       -8815.819       -17610.06   116   0.0001  -0.0001     -2.030 0.204  39 -99.00    0.565
2018-05-05-17:15:52 1.11  Mocks_Em/MockNFW1280ellip5loga2.08PA50center0With_background20num48.dat TNC          1.0e-04 0 1 0 0     NFW        0.0002  -0.0002     -2.111 0.341  50 -99.00  502.4       -8747.175       -17472.77    73   0.0002  -0.0002     -2.018 0.193  41 -99.00    0.354
2018-05-05-17:15:52 1.11  Mocks_Em/MockNFW1280ellip5loga2.08PA50center0With_background20num49.dat TNC          1.0e-04 0 1 0 0     NFW        0.0003   0.0003     -2.104 0.382  35 -99.00  512.2       -8846.415       -17671.25    63   0.0003   0.0003     -2.015 0.185  35 -99.00    0.309
2018-05-05-17:15:52 1.11  Mocks_Em/MockNFW1280ellip5loga2.08PA50center0With_background20num50.dat TNC          1.0e-04 0 1 0 0     NFW      359.9999  -0.0001     -2.034 0.396  52 -99.00  609.2       -8677.421       -17333.26    78 359.9999  -0.0001     -2.003 0.164  34 -99.00    0.379
2018-05-05-17:15:52 1.11  Mocks_Em/MockNFW1280ellip5loga2.08PA50center0With_background20num51.dat TNC          1.0e-04 0 1 0 0     NFW      360.0000  -0.0001     -1.962 0.523  53 -99.00  740.3       -8685.179       -17348.78   110 360.0000  -0.0001     -2.005 0.199  34 -99.00    0.532
2018-05-05-17:15:52 1.11  Mocks_Em/MockNFW1280ellip5loga2.08PA50center0With_background20num52.dat TNC          1.0e-04 0 1 0 0     NFW        0.0003   0.0000     -2.024 0.490  42 -99.00  620.8       -8707.051       -17392.52    79   0.0003   0.0000     -2.001 0.201  42 -99.00    0.384
2018-05-05-17:15:52 1.11  Mocks_Em/MockNFW1280ellip5loga2.08PA50center0With_background20num53.dat TNC          1.0e-04 0 1 0 0     NFW        0.0000   0.0000     -1.990 0.543  49 -99.00  694.7       -8811.439        -17601.3    66   0.0000   0.0000     -2.012 0.222  41 -99.00    0.331
2018-05-05-17:15:52 1.11  Mocks_Em/MockNFW1280ellip5loga2.08PA50center0With_background20num54.dat TNC          1.0e-04 0 1 0 0     NFW        0.0004   0.0002     -1.982 0.492  56 -99.00  697.6       -8885.649       -17749.72   100   0.0004   0.0002     -2.008 0.189  35 -99.00    0.497
2018-05-05-17:15:52 1.11  Mocks_Em/MockNFW1280ellip5loga2.08PA50center0With_background20num55.dat TNC          1.0e-04 0 1 0 0     NFW      359.9999  -0.0000     -2.060 0.540  51 -99.00  559.7       -8580.927       -17140.27    89 359.9999  -0.0000     -2.015 0.232  35 -99.00    0.430
2018-05-05-17:15:52 1.11  Mocks_Em/MockNFW1280ellip5loga2.08PA50center0With_background20num56.dat TNC          1.0e-04 0 1 0 0     NFW      360.0000   0.0001     -2.112 0.447  50 -99.00  489.3       -8464.913       -16908.24   112 360.0000   0.0001     -2.013 0.203  41 -99.00    0.548
2018-05-05-17:15:52 1.11  Mocks_Em/MockNFW1280ellip5loga2.08PA50center0With_background20num57.dat TNC          1.0e-04 0 1 0 0     NFW      360.0000  -0.0000     -2.113 0.405  54 -99.00  495.9       -8576.454       -17131.33   113 360.0000  -0.0000     -2.007 0.218  41 -99.00    0.540
2018-05-05-17:15:52 1.11  Mocks_Em/MockNFW1280ellip5loga2.08PA50center0With_background20num58.dat TNC          1.0e-04 0 1 0 0     NFW      359.9999  -0.0003     -2.075 0.527  50 -99.00  543.2       -8753.579       -17485.58    87 359.9999  -0.0003     -2.016 0.208  40 -99.00    0.426
2018-05-05-17:15:52 1.11  Mocks_Em/MockNFW1280ellip5loga2.08PA50center0With_background20num59.dat TNC          1.0e-04 0 1 0 0     NFW      359.9997   0.0001     -2.066 0.457  51 -99.00  550.7       -8628.751       -17235.92    57 359.9997   0.0001     -2.001 0.186  35 -99.00    0.285
2018-05-05-17:15:52 1.11  Mocks_Em/MockNFW1280ellip5loga2.08PA50center0With_background20num60.dat TNC          1.0e-04 0 1 0 0     NFW        0.0001   0.0001     -2.123 0.498  50 -99.00  491.2       -8757.753       -17493.93    50   0.0001   0.0001     -2.018 0.203  37 -99.00    0.249
2018-05-05-17:15:52 1.11  Mocks_Em/MockNFW1280ellip5loga2.08PA50center0With_background20num61.dat TNC          1.0e-04 0 1 0 0     NFW        0.0002   0.0000     -2.183 0.391  40 -99.00  426.1       -8772.687       -17523.79    47   0.0002   0.0000     -2.044 0.197  40 -99.00    0.236
2018-05-05-17:15:52 1.11  Mocks_Em/MockNFW1280ellip5loga2.08PA50center0With_background20num62.dat TNC          1.0e-04 0 1 0 0     NFW        0.0002   0.0003     -1.983 0.534  49 -99.00  703.2       -8880.861       -17740.14    72   0.0002   0.0003     -2.006 0.195  40 -99.00    0.355
2018-05-05-17:15:52 1.11  Mocks_Em/MockNFW1280ellip5loga2.08PA50center0With_background20num63.dat TNC          1.0e-04 0 1 0 0     NFW        0.0001  -0.0000     -2.071 0.530  39 -99.00  543.9       -8554.561       -17087.54   110   0.0001  -0.0000     -2.011 0.226  39 -99.00    0.528
2018-05-05-17:15:52 1.11  Mocks_Em/MockNFW1280ellip5loga2.08PA50center0With_background20num64.dat TNC          1.0e-04 0 1 0 0     NFW        0.0003  -0.0001     -1.989 0.535  52 -99.00  680.9       -8748.754       -17475.93    68   0.0003  -0.0001     -1.997 0.200  39 -99.00    0.333
2018-05-05-17:15:52 1.11  Mocks_Em/MockNFW1280ellip5loga2.08PA50center0With_background20num65.dat TNC          1.0e-04 0 1 0 0     NFW      359.9999   0.0001     -2.000 0.494  54 -99.00  668.1       -8703.022       -17384.46   165 359.9999   0.0001     -1.994 0.179  37 -99.00    0.869
2018-05-05-17:15:52 1.11  Mocks_Em/MockNFW1280ellip5loga2.08PA50center0With_background20num66.dat TNC          1.0e-04 0 1 0 0     NFW        0.0002  -0.0001     -2.080 0.525  40 -99.00  534.7        -8649.75       -17277.92    67   0.0002  -0.0001     -2.017 0.202  40 -99.00    0.365
2018-05-05-17:15:52 1.11  Mocks_Em/MockNFW1280ellip5loga2.08PA50center0With_background20num67.dat TNC          1.0e-04 0 1 0 0     NFW        0.0002  -0.0001     -2.011 0.511  54 -99.00  641.1       -8626.072       -17230.56    89   0.0002  -0.0001     -2.017 0.171  34 -99.00    0.482
2018-05-05-17:15:52 1.11  Mocks_Em/MockNFW1280ellip5loga2.08PA50center0With_background20num68.dat TNC          1.0e-04 0 1 0 0     NFW        0.0000  -0.0001     -2.013 0.572  53 -99.00  642.9       -8720.161       -17418.74   121   0.0000  -0.0001     -2.017 0.237  40 -99.00    0.682
2018-05-05-17:15:52 1.11  Mocks_Em/MockNFW1280ellip5loga2.08PA50center0With_background20num69.dat TNC          1.0e-04 0 1 0 0     NFW      359.9998   0.0002     -2.041 0.575  47 -99.00  585.0       -8631.166       -17240.75    89 359.9998   0.0002     -2.017 0.238  45 -99.00    0.481
2018-05-05-17:15:52 1.11  Mocks_Em/MockNFW1280ellip5loga2.08PA50center0With_background20num70.dat TNC          1.0e-04 0 1 0 0     NFW      360.0000   0.0000     -2.044 0.490  39 -99.00  589.5       -8599.626       -17177.67    75 360.0000   0.0000     -2.015 0.200  39 -99.00    0.404
2018-05-05-17:15:52 1.11  Mocks_Em/MockNFW1280ellip5loga2.08PA50center0With_background20num71.dat TNC          1.0e-04 0 1 0 0     NFW      359.9998  -0.0003     -2.155 0.399  52 -99.00  453.3       -8826.259       -17630.94   126 359.9998  -0.0003     -2.025 0.166  37 -99.00    0.686
2018-05-05-17:15:52 1.11  Mocks_Em/MockNFW1280ellip5loga2.08PA50center0With_background20num72.dat TNC          1.0e-04 0 1 0 0     NFW      360.0000  -0.0000     -2.156 0.480  39 -99.00  457.7       -8813.654       -17605.73    57 360.0000  -0.0000     -2.031 0.236  39 -99.00    0.292
2018-05-05-17:15:52 1.11  Mocks_Em/MockNFW1280ellip5loga2.08PA50center0With_background20num73.dat TNC          1.0e-04 0 1 0 0     NFW      359.9998  -0.0000     -2.102 0.000 139 -99.00  504.8       -8536.953       -17052.32    34 359.9998  -0.0000     -1.992 0.196 138 -99.00    0.168
2018-05-05-17:15:52 1.11  Mocks_Em/MockNFW1280ellip5loga2.08PA50center0With_background20num74.dat TNC          1.0e-04 0 1 0 0     NFW        0.0002  -0.0001     -1.921 0.544  52 -99.00  819.9       -8587.015       -17152.45    58   0.0002  -0.0001     -2.005 0.202  40 -99.00    0.281
2018-05-05-17:15:52 1.11  Mocks_Em/MockNFW1280ellip5loga2.08PA50center0With_background20num75.dat TNC          1.0e-04 0 1 0 0     NFW      359.9999  -0.0002     -2.125 0.468  55 -99.00  485.7       -8721.283       -17420.99    95 359.9999  -0.0002     -2.016 0.179  35 -99.00    0.462
2018-05-05-17:15:52 1.11  Mocks_Em/MockNFW1280ellip5loga2.08PA50center0With_background20num76.dat TNC          1.0e-04 0 1 0 0     NFW        0.0005   0.0002     -2.016 0.545  39 -99.00  624.6       -8684.637       -17347.69    74   0.0005   0.0002     -2.004 0.224  39 -99.00    0.360
2018-05-05-17:15:52 1.11  Mocks_Em/MockNFW1280ellip5loga2.08PA50center0With_background20num77.dat TNC          1.0e-04 0 1 0 0     NFW        0.0001   0.0001     -1.959 0.550  59 -99.00  757.1       -8867.162       -17712.74   115   0.0001   0.0001     -2.022 0.196  32 -99.00    0.569
2018-05-05-17:15:52 1.11  Mocks_Em/MockNFW1280ellip5loga2.08PA50center0With_background20num78.dat TNC          1.0e-04 0 1 0 0     NFW      359.9999   0.0002     -2.061 0.554  49 -99.00  564.5        -8693.59        -17365.6    74 359.9999   0.0002     -2.015 0.223  41 -99.00    0.362
2018-05-05-17:15:52 1.11  Mocks_Em/MockNFW1280ellip5loga2.08PA50center0With_background20num79.dat TNC          1.0e-04 0 1 0 0     NFW        0.0003  -0.0000     -2.045 0.519  52 -99.00  591.1       -8798.756       -17575.93   110   0.0003  -0.0000     -2.012 0.219  39 -99.00    0.547
2018-05-05-17:15:52 1.11  Mocks_Em/MockNFW1280ellip5loga2.08PA50center0With_background20num80.dat TNC          1.0e-04 0 1 0 0     NFW        0.0004   0.0003     -2.234 0.353  37 -99.00  375.7       -8785.024       -17548.47   110   0.0004   0.0003     -2.028 0.193  36 -99.00    0.538
2018-05-05-17:15:52 1.11  Mocks_Em/MockNFW1280ellip5loga2.08PA50center0With_background20num81.dat TNC          1.0e-04 0 1 0 0     NFW        0.0000  -0.0003     -2.013 0.470  37 -99.00  652.1       -8875.729       -17729.88    52   0.0000  -0.0003     -2.015 0.207  37 -99.00    0.256
2018-05-05-17:15:52 1.11  Mocks_Em/MockNFW1280ellip5loga2.08PA50center0With_background20num82.dat TNC          1.0e-04 0 1 0 0     NFW        0.0005   0.0005     -2.043 0.539  51 -99.00  588.2       -8857.011       -17692.44    86   0.0005   0.0005     -1.999 0.227  36 -99.00    0.461
2018-05-05-17:15:52 1.11  Mocks_Em/MockNFW1280ellip5loga2.08PA50center0With_background20num83.dat TNC          1.0e-04 0 1 0 0     NFW      360.0000   0.0001     -2.195 0.000 138 -99.00  415.4       -8682.316       -17343.05    44 360.0000   0.0001     -2.009 0.158 136 -99.00    0.240
2018-05-05-17:15:52 1.11  Mocks_Em/MockNFW1280ellip5loga2.08PA50center0With_background20num84.dat TNC          1.0e-04 0 1 0 0     NFW      359.9998   0.0001     -2.079 0.532  51 -99.00  546.4       -8828.664       -17635.75    62 359.9998   0.0001     -2.022 0.228  40 -99.00    0.339
2018-05-05-17:15:52 1.11  Mocks_Em/MockNFW1280ellip5loga2.08PA50center0With_background20num85.dat TNC          1.0e-04 0 1 0 0     NFW      359.9999   0.0003     -2.085 0.556  50 -99.00  539.5       -8897.975       -17774.37    84 359.9999   0.0003     -2.026 0.241  37 -99.00    0.460
2018-05-05-17:15:52 1.11  Mocks_Em/MockNFW1280ellip5loga2.08PA50center0With_background20num86.dat TNC          1.0e-04 0 1 0 0     NFW        0.0001   0.0001     -2.136 0.526  46 -99.00  476.9         -8768.7       -17515.82   105   0.0001   0.0001     -2.027 0.202  43 -99.00    0.572
2018-05-05-17:15:52 1.11  Mocks_Em/MockNFW1280ellip5loga2.08PA50center0With_background20num87.dat TNC          1.0e-04 0 1 0 0     NFW        0.0002   0.0000     -2.043 0.524  49 -99.00  605.6       -8931.052       -17840.52    57   0.0002   0.0000     -2.027 0.201  38 -99.00    0.315
2018-05-05-17:15:52 1.11  Mocks_Em/MockNFW1280ellip5loga2.08PA50center0With_background20num88.dat TNC          1.0e-04 0 1 0 0     NFW        0.0000   0.0001     -2.142 0.505  53 -99.00  463.7       -8681.047       -17340.51    24   0.0000   0.0001     -2.016 0.202  40 -99.00    0.135
2018-05-05-17:15:52 1.11  Mocks_Em/MockNFW1280ellip5loga2.08PA50center0With_background20num89.dat TNC          1.0e-04 0 1 0 0     NFW        0.0003   0.0000     -2.025 0.548  50 -99.00  621.5       -8800.412       -17579.24    72   0.0003   0.0000     -2.019 0.206  41 -99.00    0.394
2018-05-05-17:15:52 1.11  Mocks_Em/MockNFW1280ellip5loga2.08PA50center0With_background20num90.dat TNC          1.0e-04 0 1 0 0     NFW        0.0003   0.0001     -2.156 0.453  51 -99.00  450.6       -8804.294       -17587.01    86   0.0003   0.0001     -2.029 0.168  38 -99.00    0.469
2018-05-05-17:15:52 1.11  Mocks_Em/MockNFW1280ellip5loga2.08PA50center0With_background20num91.dat TNC          1.0e-04 0 1 0 0     NFW      359.9998   0.0000     -2.018 0.538  54 -99.00  647.0       -8910.617       -17799.65    93 359.9998   0.0000     -2.011 0.217  34 -99.00    0.509
2018-05-05-17:15:52 1.11  Mocks_Em/MockNFW1280ellip5loga2.08PA50center0With_background20num92.dat TNC          1.0e-04 0 1 0 0     NFW        0.0002   0.0002     -1.979 0.565  41 -99.00  691.5       -8658.843        -17296.1    74   0.0002   0.0002     -2.000 0.240  41 -99.00    0.370
2018-05-05-17:15:52 1.11  Mocks_Em/MockNFW1280ellip5loga2.08PA50center0With_background20num93.dat TNC          1.0e-04 0 1 0 0     NFW      359.9999   0.0000     -2.120 0.525  52 -99.00  489.4       -8686.013       -17350.45   123 359.9999   0.0000     -2.027 0.199  38 -99.00    0.594
2018-05-05-17:15:52 1.11  Mocks_Em/MockNFW1280ellip5loga2.08PA50center0With_background20num94.dat TNC          1.0e-04 0 1 0 0     NFW      359.9999   0.0001     -2.036 0.551  43 -99.00  597.1        -8594.03       -17166.48    92 359.9999   0.0001     -2.005 0.220  43 -99.00    0.444
2018-05-05-17:15:52 1.11  Mocks_Em/MockNFW1280ellip5loga2.08PA50center0With_background20num95.dat TNC          1.0e-04 0 1 0 0     NFW      359.9998   0.0000     -2.009 0.551  52 -99.00  646.5       -8666.917       -17312.25   160 359.9998   0.0000     -2.006 0.208  38 -99.00    0.769
2018-05-05-17:15:52 1.11  Mocks_Em/MockNFW1280ellip5loga2.08PA50center0With_background20num96.dat TNC          1.0e-04 0 1 0 0     NFW      360.0000   0.0001     -1.979 0.534  46 -99.00  697.0       -8590.152       -17158.72    27 360.0000   0.0001     -2.006 0.203  44 -99.00    0.134
2018-05-05-17:15:52 1.11  Mocks_Em/MockNFW1280ellip5loga2.08PA50center0With_background20num97.dat TNC          1.0e-04 0 1 0 0     NFW      360.0000   0.0001     -1.993 0.561  51 -99.00  671.6       -8617.783       -17213.99    70 360.0000   0.0001     -1.998 0.201  35 -99.00    0.343
2018-05-05-17:15:52 1.11  Mocks_Em/MockNFW1280ellip5loga2.08PA50center0With_background20num98.dat TNC          1.0e-04 0 1 0 0     NFW      359.9998  -0.0001     -1.984 0.553  51 -99.00  697.3       -8761.991        -17502.4    76 359.9998  -0.0001     -2.003 0.212  37 -99.00    0.371
2018-05-05-17:15:52 1.11  Mocks_Em/MockNFW1280ellip5loga2.08PA50center0With_background20num99.dat TNC          1.0e-04 0 1 0 0     NFW      359.9999   0.0000     -2.011 0.499  56 -99.00  643.5       -8642.864       -17264.15    73 359.9999   0.0000     -2.016 0.170  33 -99.00    0.364
