2018-05-05-17:17:13 1.11  Mocks_Em/MockNFW1280ellip5loga2.08PA50center0With_background20num0.dat Nelder-Mead  1.0e-04 0 1 0 0     NFW      359.9999   0.0000     -2.114 0.170  37 -99.00  513.2       -8848.521       -17675.46   243 359.9999   0.0000     -2.032 0.169  37 -99.00    0.110
2018-05-05-17:17:13 1.11  Mocks_Em/MockNFW1280ellip5loga2.08PA50center0With_background20num1.dat Nelder-Mead  1.0e-04 0 1 0 0     NFW        0.0003  -0.0001     -2.111 0.228  38 -99.00  501.6       -8714.162       -17406.74   243   0.0003  -0.0001     -2.010 0.228  38 -99.00    0.078
2018-05-05-17:17:13 1.11  Mocks_Em/MockNFW1280ellip5loga2.08PA50center0With_background20num2.dat Nelder-Mead  1.0e-04 0 1 0 0     NFW      359.9999   0.0001     -2.106 0.207  39 -99.00  510.1       -8659.165       -17296.75   243 359.9999   0.0001     -2.015 0.206  39 -99.00    0.072
2018-05-05-17:17:13 1.11  Mocks_Em/MockNFW1280ellip5loga2.08PA50center0With_background20num3.dat Nelder-Mead  1.0e-04 0 1 0 0     NFW        0.0004  -0.0001     -2.108 0.162  38 -99.00  503.8       -8710.325       -17399.07   243   0.0004  -0.0001     -2.008 0.162  38 -99.00    0.072
2018-05-05-17:17:13 1.11  Mocks_Em/MockNFW1280ellip5loga2.08PA50center0With_background20num4.dat Nelder-Mead  1.0e-04 0 1 0 0     NFW        0.0001   0.0000     -2.098 0.206  32 -99.00  515.3       -8602.512       -17183.44   243   0.0001   0.0000     -1.998 0.206  32 -99.00    0.074
2018-05-05-17:17:13 1.11  Mocks_Em/MockNFW1280ellip5loga2.08PA50center0With_background20num5.dat Nelder-Mead  1.0e-04 0 1 0 0     NFW        0.0002  -0.0002     -2.088 0.181  44 -99.00  519.1       -8534.996       -17048.41   243   0.0002  -0.0002     -1.989 0.181  44 -99.00    0.072
2018-05-05-17:17:13 1.11  Mocks_Em/MockNFW1280ellip5loga2.08PA50center0With_background20num6.dat Nelder-Mead  1.0e-04 0 1 0 0     NFW      360.0000  -0.0001     -2.114 0.212  39 -99.00  498.0       -8658.047       -17294.51   243 360.0000  -0.0001     -2.014 0.212  39 -99.00    0.072
2018-05-05-17:17:13 1.11  Mocks_Em/MockNFW1280ellip5loga2.08PA50center0With_background20num7.dat Nelder-Mead  1.0e-04 0 1 0 0     NFW      359.9997   0.0001     -2.114 0.207  39 -99.00  486.2       -8572.054       -17122.53   243 359.9997   0.0001     -2.014 0.207  39 -99.00    0.071
2018-05-05-17:17:13 1.11  Mocks_Em/MockNFW1280ellip5loga2.08PA50center0With_background20num8.dat Nelder-Mead  1.0e-04 0 1 0 0     NFW      359.9999   0.0001     -2.132 0.147  39 -99.00  490.5       -8855.898       -17690.22   243 359.9999   0.0001     -2.031 0.147  39 -99.00    0.074
2018-05-05-17:17:13 1.11  Mocks_Em/MockNFW1280ellip5loga2.08PA50center0With_background20num9.dat Nelder-Mead  1.0e-04 0 1 0 0     NFW      359.9999   0.0000     -2.089 0.203  42 -99.00  531.0       -8625.914       -17230.25   243 359.9999   0.0000     -1.989 0.203  42 -99.00    0.074
2018-05-05-17:17:13 1.11  Mocks_Em/MockNFW1280ellip5loga2.08PA50center0With_background20num10.dat Nelder-Mead  1.0e-04 0 1 0 0     NFW        0.0002  -0.0000     -2.104 0.197  42 -99.00  511.9       -8710.794       -17400.01   243   0.0002  -0.0000     -2.004 0.197  42 -99.00    0.073
2018-05-05-17:17:13 1.11  Mocks_Em/MockNFW1280ellip5loga2.08PA50center0With_background20num11.dat Nelder-Mead  1.0e-04 0 1 0 0     NFW      359.9999  -0.0000     -2.127 0.176  41 -99.00  490.1       -8796.721       -17571.86   243 359.9999  -0.0000     -2.026 0.176  41 -99.00    0.074
2018-05-05-17:17:13 1.11  Mocks_Em/MockNFW1280ellip5loga2.08PA50center0With_background20num12.dat Nelder-Mead  1.0e-04 0 1 0 0     NFW        0.0003   0.0000     -2.108 0.212  40 -99.00  503.7       -8693.927       -17366.27   243   0.0003   0.0000     -2.008 0.212  40 -99.00    0.075
2018-05-05-17:17:13 1.11  Mocks_Em/MockNFW1280ellip5loga2.08PA50center0With_background20num13.dat Nelder-Mead  1.0e-04 0 1 0 0     NFW      359.9999  -0.0001     -2.037 0.205 135 -99.00  610.0       -8715.596       -17409.61   243 359.9999  -0.0001     -2.009 0.205 135 -99.00    0.073
2018-05-05-17:17:13 1.11  Mocks_Em/MockNFW1280ellip5loga2.08PA50center0With_background20num14.dat Nelder-Mead  1.0e-04 0 1 0 0     NFW      359.9998   0.0000     -2.039 0.216 142 -99.00  604.5       -8693.784       -17365.99   243 359.9998   0.0000     -2.025 0.216 136 -99.00    0.073
2018-05-05-17:17:13 1.11  Mocks_Em/MockNFW1280ellip5loga2.08PA50center0With_background20num15.dat Nelder-Mead  1.0e-04 0 1 0 0     NFW      359.9998   0.0001     -2.107 0.234  39 -99.00  504.4       -8670.692        -17319.8   243 359.9998   0.0001     -2.007 0.234  39 -99.00    0.074
2018-05-05-17:17:13 1.11  Mocks_Em/MockNFW1280ellip5loga2.08PA50center0With_background20num16.dat Nelder-Mead  1.0e-04 0 1 0 0     NFW        0.0002   0.0001     -2.002 0.246 144 -99.00  653.2       -8527.195       -17032.81   243   0.0002   0.0001     -2.002 0.246 137 -99.00    0.073
2018-05-05-17:17:13 1.11  Mocks_Em/MockNFW1280ellip5loga2.08PA50center0With_background20num17.dat Nelder-Mead  1.0e-04 0 1 0 0     NFW      360.0000   0.0003     -2.120 0.205  38 -99.00  489.7       -8653.578       -17285.57   243 360.0000   0.0003     -2.020 0.205  38 -99.00    0.070
2018-05-05-17:17:13 1.11  Mocks_Em/MockNFW1280ellip5loga2.08PA50center0With_background20num18.dat Nelder-Mead  1.0e-04 0 1 0 0     NFW        0.0001   0.0001     -2.114 0.238  37 -99.00  496.8       -8640.016       -17258.45   243   0.0001   0.0001     -2.013 0.238  37 -99.00    0.073
2018-05-05-17:17:13 1.11  Mocks_Em/MockNFW1280ellip5loga2.08PA50center0With_background20num19.dat Nelder-Mead  1.0e-04 0 1 0 0     NFW      360.0000   0.0001     -2.082 0.237  34 -99.00  531.7       -8538.586       -17055.59   243 360.0000   0.0001     -1.995 0.237  34 -99.00    0.071
2018-05-05-17:17:13 1.11  Mocks_Em/MockNFW1280ellip5loga2.08PA50center0With_background20num20.dat Nelder-Mead  1.0e-04 0 1 0 0     NFW        0.0002   0.0003     -2.109 0.205  45 -99.00  505.2       -8805.185       -17588.79   243   0.0002   0.0003     -2.009 0.205  45 -99.00    0.073
2018-05-05-17:17:13 1.11  Mocks_Em/MockNFW1280ellip5loga2.08PA50center0With_background20num21.dat Nelder-Mead  1.0e-04 0 1 0 0     NFW      359.9999  -0.0001     -2.101 0.158  37 -99.00  505.0       -8494.574       -16967.57   243 359.9999  -0.0001     -2.001 0.158  37 -99.00    0.071
2018-05-05-17:17:13 1.11  Mocks_Em/MockNFW1280ellip5loga2.08PA50center0With_background20num22.dat Nelder-Mead  1.0e-04 0 1 0 0     NFW      359.9999  -0.0002     -2.103 0.227  33 -99.00  503.3       -8562.928       -17104.27   243 359.9999  -0.0002     -2.003 0.227  33 -99.00    0.072
2018-05-05-17:17:13 1.11  Mocks_Em/MockNFW1280ellip5loga2.08PA50center0With_background20num23.dat Nelder-Mead  1.0e-04 0 1 0 0     NFW        0.0001   0.0002     -2.148 0.199  44 -99.00  470.7       -8955.903       -17890.23   243   0.0001   0.0002     -2.046 0.199  44 -99.00    0.073
2018-05-05-17:17:13 1.11  Mocks_Em/MockNFW1280ellip5loga2.08PA50center0With_background20num24.dat Nelder-Mead  1.0e-04 0 1 0 0     NFW      359.9999   0.0000     -2.125 0.207  41 -99.00  483.6       -8615.632       -17209.68   243 359.9999   0.0000     -2.024 0.207  41 -99.00    0.072
2018-05-05-17:17:13 1.11  Mocks_Em/MockNFW1280ellip5loga2.08PA50center0With_background20num25.dat Nelder-Mead  1.0e-04 0 1 0 0     NFW        0.0002  -0.0003     -2.095 0.163  37 -99.00  519.8       -8672.996       -17324.41   243   0.0002  -0.0003     -1.995 0.163  37 -99.00    0.071
2018-05-05-17:17:13 1.11  Mocks_Em/MockNFW1280ellip5loga2.08PA50center0With_background20num26.dat Nelder-Mead  1.0e-04 0 1 0 0     NFW        0.0002   0.0002     -2.118 0.217  39 -99.00  504.4       -8903.578       -17785.57   243   0.0002   0.0002     -2.017 0.217  39 -99.00    0.072
2018-05-05-17:17:13 1.11  Mocks_Em/MockNFW1280ellip5loga2.08PA50center0With_background20num27.dat Nelder-Mead  1.0e-04 0 1 0 0     NFW      359.9999  -0.0002     -2.104 0.168  42 -99.00  499.9       -8494.045       -16966.51   243 359.9999  -0.0002     -2.003 0.168  42 -99.00    0.071
2018-05-05-17:17:13 1.11  Mocks_Em/MockNFW1280ellip5loga2.08PA50center0With_background20num28.dat Nelder-Mead  1.0e-04 0 1 0 0     NFW      359.9999  -0.0001     -2.123 0.206  36 -99.00  488.8       -8671.574       -17321.57   243 359.9999  -0.0001     -2.022 0.206  36 -99.00    0.071
2018-05-05-17:17:13 1.11  Mocks_Em/MockNFW1280ellip5loga2.08PA50center0With_background20num29.dat Nelder-Mead  1.0e-04 0 1 0 0     NFW      359.9996  -0.0003     -2.117 0.259  38 -99.00  489.5       -8744.933       -17468.29   243 359.9996  -0.0003     -2.017 0.259  38 -99.00    0.072
2018-05-05-17:17:13 1.11  Mocks_Em/MockNFW1280ellip5loga2.08PA50center0With_background20num30.dat Nelder-Mead  1.0e-04 0 1 0 0     NFW      359.9999  -0.0001     -2.108 0.189  33 -99.00  505.3       -8656.997       -17292.41   243 359.9999  -0.0001     -2.007 0.189  33 -99.00    0.073
2018-05-05-17:17:13 1.11  Mocks_Em/MockNFW1280ellip5loga2.08PA50center0With_background20num31.dat Nelder-Mead  1.0e-04 0 1 0 0     NFW      359.9999   0.0000     -2.100 0.234  35 -99.00  513.9       -8621.524       -17221.47   243 359.9999   0.0000     -2.000 0.234  35 -99.00    0.073
2018-05-05-17:17:13 1.11  Mocks_Em/MockNFW1280ellip5loga2.08PA50center0With_background20num32.dat Nelder-Mead  1.0e-04 0 1 0 0     NFW      359.9997   0.0000     -2.117 0.225  40 -99.00  487.9       -8657.505       -17293.43   249 359.9997   0.0000     -2.016 0.225  40 -99.00    0.078
2018-05-05-17:17:13 1.11  Mocks_Em/MockNFW1280ellip5loga2.08PA50center0With_background20num33.dat Nelder-Mead  1.0e-04 0 1 0 0     NFW      359.9997  -0.0003     -2.014 0.223  35 -99.00  645.0       -8837.348       -17653.12   243 359.9997  -0.0003     -1.995 0.223  34 -99.00    0.074
2018-05-05-17:17:13 1.11  Mocks_Em/MockNFW1280ellip5loga2.08PA50center0With_background20num34.dat Nelder-Mead  1.0e-04 0 1 0 0     NFW        0.0002   0.0001     -2.111 0.172 138 -99.00  497.4       -8615.133       -17208.68   243   0.0002   0.0001     -2.011 0.172 138 -99.00    0.072
2018-05-05-17:17:13 1.11  Mocks_Em/MockNFW1280ellip5loga2.08PA50center0With_background20num35.dat Nelder-Mead  1.0e-04 0 1 0 0     NFW        0.0001   0.0002     -2.106 0.240  43 -99.00  502.4       -8566.502       -17111.42   243   0.0001   0.0002     -2.006 0.240  43 -99.00    0.073
2018-05-05-17:17:13 1.11  Mocks_Em/MockNFW1280ellip5loga2.08PA50center0With_background20num36.dat Nelder-Mead  1.0e-04 0 1 0 0     NFW        0.0001  -0.0001     -2.112 0.210 136 -99.00  496.3       -8538.344       -17055.11   243   0.0001  -0.0001     -2.011 0.210 136 -99.00    0.071
2018-05-05-17:17:13 1.11  Mocks_Em/MockNFW1280ellip5loga2.08PA50center0With_background20num37.dat Nelder-Mead  1.0e-04 0 1 0 0     NFW      360.0000  -0.0001     -2.110 0.242  39 -99.00  512.3       -8783.473       -17545.37   243 360.0000  -0.0001     -2.009 0.242  39 -99.00    0.074
2018-05-05-17:17:13 1.11  Mocks_Em/MockNFW1280ellip5loga2.08PA50center0With_background20num38.dat Nelder-Mead  1.0e-04 0 1 0 0     NFW      359.9999   0.0002     -2.105 0.205  37 -99.00  514.9       -8777.705       -17533.83   243 359.9999   0.0002     -2.005 0.205  37 -99.00    0.072
2018-05-05-17:17:13 1.11  Mocks_Em/MockNFW1280ellip5loga2.08PA50center0With_background20num39.dat Nelder-Mead  1.0e-04 0 1 0 0     NFW      359.9998   0.0001     -2.107 0.201  39 -99.00  504.2       -8644.961       -17268.34   243 359.9998   0.0001     -2.006 0.201  39 -99.00    0.073
2018-05-05-17:17:13 1.11  Mocks_Em/MockNFW1280ellip5loga2.08PA50center0With_background20num40.dat Nelder-Mead  1.0e-04 0 1 0 0     NFW      359.9998  -0.0004     -2.129 0.221  34 -99.00  483.9       -8881.283       -17740.99   243 359.9998  -0.0004     -2.027 0.221  34 -99.00    0.071
2018-05-05-17:17:13 1.11  Mocks_Em/MockNFW1280ellip5loga2.08PA50center0With_background20num41.dat Nelder-Mead  1.0e-04 0 1 0 0     NFW      359.9999   0.0000     -2.099 0.170 136 -99.00  517.5       -8611.187       -17200.79   243 359.9999   0.0000     -2.010 0.170 136 -99.00    0.074
2018-05-05-17:17:13 1.11  Mocks_Em/MockNFW1280ellip5loga2.08PA50center0With_background20num42.dat Nelder-Mead  1.0e-04 0 1 0 0     NFW        0.0001   0.0001     -2.115 0.218  35 -99.00  493.5       -8617.259       -17212.94   243   0.0001   0.0001     -2.014 0.218  35 -99.00    0.072
2018-05-05-17:17:13 1.11  Mocks_Em/MockNFW1280ellip5loga2.08PA50center0With_background20num43.dat Nelder-Mead  1.0e-04 0 1 0 0     NFW        0.0000  -0.0003     -2.070 0.215  35 -99.00  552.4       -8651.195       -17280.81   243   0.0000  -0.0003     -1.993 0.215  34 -99.00    0.072
2018-05-05-17:17:13 1.11  Mocks_Em/MockNFW1280ellip5loga2.08PA50center0With_background20num44.dat Nelder-Mead  1.0e-04 0 1 0 0     NFW      359.9999  -0.0002     -2.134 0.250  40 -99.00  478.4       -8820.225       -17618.87   243 359.9999  -0.0002     -2.032 0.250  40 -99.00    0.073
2018-05-05-17:17:13 1.11  Mocks_Em/MockNFW1280ellip5loga2.08PA50center0With_background20num45.dat Nelder-Mead  1.0e-04 0 1 0 0     NFW      359.9997   0.0002     -2.088 0.228  42 -99.00  538.2       -8864.773       -17707.97   243 359.9997   0.0002     -2.002 0.227  42 -99.00    0.075
2018-05-05-17:17:13 1.11  Mocks_Em/MockNFW1280ellip5loga2.08PA50center0With_background20num46.dat Nelder-Mead  1.0e-04 0 1 0 0     NFW        0.0003  -0.0001     -2.117 0.249  35 -99.00  493.3       -8744.506       -17467.43   243   0.0003  -0.0001     -2.016 0.249  35 -99.00    0.078
2018-05-05-17:17:13 1.11  Mocks_Em/MockNFW1280ellip5loga2.08PA50center0With_background20num47.dat Nelder-Mead  1.0e-04 0 1 0 0     NFW        0.0001  -0.0001     -2.132 0.204  39 -99.00  483.9       -8788.116       -17554.65   243   0.0001  -0.0001     -2.030 0.204  39 -99.00    0.073
2018-05-05-17:17:13 1.11  Mocks_Em/MockNFW1280ellip5loga2.08PA50center0With_background20num48.dat Nelder-Mead  1.0e-04 0 1 0 0     NFW        0.0002  -0.0002     -2.119 0.193  41 -99.00  493.2       -8734.871       -17448.16   243   0.0002  -0.0002     -2.018 0.193  41 -99.00    0.071
2018-05-05-17:17:13 1.11  Mocks_Em/MockNFW1280ellip5loga2.08PA50center0With_background20num49.dat Nelder-Mead  1.0e-04 0 1 0 0     NFW        0.0003   0.0003     -2.115 0.185  35 -99.00  498.7       -8834.558       -17647.54   243   0.0003   0.0003     -2.015 0.185  35 -99.00    0.073
2018-05-05-17:17:13 1.11  Mocks_Em/MockNFW1280ellip5loga2.08PA50center0With_background20num50.dat Nelder-Mead  1.0e-04 0 1 0 0     NFW      359.9999  -0.0001     -2.104 0.164  34 -99.00  512.6       -8659.972       -17298.36   243 359.9999  -0.0001     -2.003 0.164  34 -99.00    0.071
2018-05-05-17:17:13 1.11  Mocks_Em/MockNFW1280ellip5loga2.08PA50center0With_background20num51.dat Nelder-Mead  1.0e-04 0 1 0 0     NFW      360.0000  -0.0001     -2.084 0.199  34 -99.00  540.3        -8660.13       -17298.68   243 360.0000  -0.0001     -2.005 0.199  34 -99.00    0.071
2018-05-05-17:17:13 1.11  Mocks_Em/MockNFW1280ellip5loga2.08PA50center0With_background20num52.dat Nelder-Mead  1.0e-04 0 1 0 0     NFW        0.0003   0.0000     -2.101 0.201  42 -99.00  512.5       -8691.151       -17360.72   243   0.0003   0.0000     -2.001 0.201  42 -99.00    0.073
2018-05-05-17:17:13 1.11  Mocks_Em/MockNFW1280ellip5loga2.08PA50center0With_background20num53.dat Nelder-Mead  1.0e-04 0 1 0 0     NFW        0.0000   0.0000     -2.113 0.222  41 -99.00  510.1       -8789.373       -17557.16   243   0.0000   0.0000     -2.012 0.222  41 -99.00    0.074
2018-05-05-17:17:13 1.11  Mocks_Em/MockNFW1280ellip5loga2.08PA50center0With_background20num54.dat Nelder-Mead  1.0e-04 0 1 0 0     NFW        0.0004   0.0002     -2.085 0.189  36 -99.00  537.6       -8862.412       -17703.24   243   0.0004   0.0002     -2.008 0.189  35 -99.00    0.072
2018-05-05-17:17:13 1.11  Mocks_Em/MockNFW1280ellip5loga2.08PA50center0With_background20num55.dat Nelder-Mead  1.0e-04 0 1 0 0     NFW      359.9999  -0.0000     -2.116 0.232  35 -99.00  489.0        -8553.03       -17084.48   243 359.9999  -0.0000     -2.015 0.232  35 -99.00    0.072
2018-05-05-17:17:13 1.11  Mocks_Em/MockNFW1280ellip5loga2.08PA50center0With_background20num56.dat Nelder-Mead  1.0e-04 0 1 0 0     NFW      360.0000   0.0001     -2.113 0.203  41 -99.00  487.7       -8447.989        -16874.4   243 360.0000   0.0001     -2.013 0.203  41 -99.00    0.071
2018-05-05-17:17:13 1.11  Mocks_Em/MockNFW1280ellip5loga2.08PA50center0With_background20num57.dat Nelder-Mead  1.0e-04 0 1 0 0     NFW      360.0000  -0.0000     -2.107 0.218  41 -99.00  502.7       -8562.968       -17104.35   243 360.0000  -0.0000     -2.007 0.218  41 -99.00    0.073
2018-05-05-17:17:13 1.11  Mocks_Em/MockNFW1280ellip5loga2.08PA50center0With_background20num58.dat Nelder-Mead  1.0e-04 0 1 0 0     NFW      359.9999  -0.0003     -2.116 0.208  40 -99.00  492.1       -8728.457       -17435.33   243 359.9999  -0.0003     -2.016 0.208  40 -99.00    0.071
2018-05-05-17:17:13 1.11  Mocks_Em/MockNFW1280ellip5loga2.08PA50center0With_background20num59.dat Nelder-Mead  1.0e-04 0 1 0 0     NFW      359.9997   0.0001     -2.102 0.186  35 -99.00  504.8       -8609.334       -17197.09   243 359.9997   0.0001     -2.001 0.186  35 -99.00    0.071
2018-05-05-17:17:13 1.11  Mocks_Em/MockNFW1280ellip5loga2.08PA50center0With_background20num60.dat Nelder-Mead  1.0e-04 0 1 0 0     NFW        0.0001   0.0001     -2.119 0.203  37 -99.00  495.8       -8734.929       -17448.28   243   0.0001   0.0001     -2.018 0.203  37 -99.00    0.072
2018-05-05-17:17:13 1.11  Mocks_Em/MockNFW1280ellip5loga2.08PA50center0With_background20num61.dat Nelder-Mead  1.0e-04 0 1 0 0     NFW        0.0002   0.0000     -2.146 0.197  40 -99.00  463.5       -8759.059       -17496.54   243   0.0002   0.0000     -2.044 0.197  40 -99.00    0.072
2018-05-05-17:17:13 1.11  Mocks_Em/MockNFW1280ellip5loga2.08PA50center0With_background20num62.dat Nelder-Mead  1.0e-04 0 1 0 0     NFW        0.0002   0.0003     -2.098 0.196  40 -99.00  526.7       -8854.219       -17686.86   243   0.0002   0.0003     -2.006 0.195  40 -99.00    0.071
2018-05-05-17:17:13 1.11  Mocks_Em/MockNFW1280ellip5loga2.08PA50center0With_background20num63.dat Nelder-Mead  1.0e-04 0 1 0 0     NFW        0.0001  -0.0000     -2.111 0.226  39 -99.00  493.8       -8532.931       -17044.28   246   0.0001  -0.0000     -2.011 0.226  39 -99.00    0.075
2018-05-05-17:17:13 1.11  Mocks_Em/MockNFW1280ellip5loga2.08PA50center0With_background20num64.dat Nelder-Mead  1.0e-04 0 1 0 0     NFW        0.0003  -0.0001     -2.097 0.200  39 -99.00  518.5        -8724.84        -17428.1   243   0.0003  -0.0001     -1.997 0.200  39 -99.00    0.073
2018-05-05-17:17:13 1.11  Mocks_Em/MockNFW1280ellip5loga2.08PA50center0With_background20num65.dat Nelder-Mead  1.0e-04 0 1 0 0     NFW      359.9999   0.0001     -2.094 0.179  37 -99.00  527.7       -8682.078       -17342.57   243 359.9999   0.0001     -1.994 0.179  37 -99.00    0.073
2018-05-05-17:17:13 1.11  Mocks_Em/MockNFW1280ellip5loga2.08PA50center0With_background20num66.dat Nelder-Mead  1.0e-04 0 1 0 0     NFW        0.0002  -0.0001     -2.118 0.202  40 -99.00  487.4       -8625.419       -17229.26   243   0.0002  -0.0001     -2.017 0.202  40 -99.00    0.072
2018-05-05-17:17:13 1.11  Mocks_Em/MockNFW1280ellip5loga2.08PA50center0With_background20num67.dat Nelder-Mead  1.0e-04 0 1 0 0     NFW        0.0002  -0.0001     -2.118 0.171  34 -99.00  492.1       -8601.342        -17181.1   243   0.0002  -0.0001     -2.017 0.171  34 -99.00    0.071
2018-05-05-17:17:13 1.11  Mocks_Em/MockNFW1280ellip5loga2.08PA50center0With_background20num68.dat Nelder-Mead  1.0e-04 0 1 0 0     NFW        0.0000  -0.0001     -2.118 0.237  40 -99.00  495.7       -8688.045       -17354.51   243   0.0000  -0.0001     -2.017 0.237  40 -99.00    0.072
2018-05-05-17:17:13 1.11  Mocks_Em/MockNFW1280ellip5loga2.08PA50center0With_background20num69.dat Nelder-Mead  1.0e-04 0 1 0 0     NFW      359.9998   0.0002     -2.117 0.238  45 -99.00  485.6        -8601.81       -17182.04   243 359.9998   0.0002     -2.017 0.238  45 -99.00    0.070
2018-05-05-17:17:13 1.11  Mocks_Em/MockNFW1280ellip5loga2.08PA50center0With_background20num70.dat Nelder-Mead  1.0e-04 0 1 0 0     NFW      360.0000   0.0000     -2.116 0.200  39 -99.00  494.0       -8583.911       -17146.24   243 360.0000   0.0000     -2.015 0.200  39 -99.00    0.073
2018-05-05-17:17:13 1.11  Mocks_Em/MockNFW1280ellip5loga2.08PA50center0With_background20num71.dat Nelder-Mead  1.0e-04 0 1 0 0     NFW      359.9998  -0.0003     -2.126 0.166  37 -99.00  484.9       -8807.045       -17592.51   243 359.9998  -0.0003     -2.025 0.166  37 -99.00    0.071
2018-05-05-17:17:13 1.11  Mocks_Em/MockNFW1280ellip5loga2.08PA50center0With_background20num72.dat Nelder-Mead  1.0e-04 0 1 0 0     NFW      360.0000  -0.0000     -2.133 0.236  39 -99.00  483.4       -8796.726       -17571.87   243 360.0000  -0.0000     -2.031 0.236  39 -99.00    0.073
2018-05-05-17:17:13 1.11  Mocks_Em/MockNFW1280ellip5loga2.08PA50center0With_background20num73.dat Nelder-Mead  1.0e-04 0 1 0 0     NFW      359.9998  -0.0000     -1.997 0.196 145 -99.00  657.8       -8510.761       -16999.94   243 359.9998  -0.0000     -1.992 0.196 138 -99.00    0.075
2018-05-05-17:17:13 1.11  Mocks_Em/MockNFW1280ellip5loga2.08PA50center0With_background20num74.dat Nelder-Mead  1.0e-04 0 1 0 0     NFW        0.0002  -0.0001     -2.059 0.207  40 -99.00  570.2       -8564.592        -17107.6   243   0.0002  -0.0001     -2.005 0.202  40 -99.00    0.077
2018-05-05-17:17:13 1.11  Mocks_Em/MockNFW1280ellip5loga2.08PA50center0With_background20num75.dat Nelder-Mead  1.0e-04 0 1 0 0     NFW      359.9999  -0.0002     -2.117 0.179  35 -99.00  494.9       -8695.483       -17369.39   243 359.9999  -0.0002     -2.016 0.179  35 -99.00    0.079
2018-05-05-17:17:13 1.11  Mocks_Em/MockNFW1280ellip5loga2.08PA50center0With_background20num76.dat Nelder-Mead  1.0e-04 0 1 0 0     NFW        0.0005   0.0002     -2.104 0.224  39 -99.00  502.3       -8662.808       -17304.04   243   0.0005   0.0002     -2.004 0.224  39 -99.00    0.079
2018-05-05-17:17:13 1.11  Mocks_Em/MockNFW1280ellip5loga2.08PA50center0With_background20num77.dat Nelder-Mead  1.0e-04 0 1 0 0     NFW        0.0001   0.0001     -2.098 0.196  32 -99.00  530.8        -8836.46       -17651.34   243   0.0001   0.0001     -2.022 0.196  32 -99.00    0.081
2018-05-05-17:17:13 1.11  Mocks_Em/MockNFW1280ellip5loga2.08PA50center0With_background20num78.dat Nelder-Mead  1.0e-04 0 1 0 0     NFW      359.9999   0.0002     -2.116 0.223  41 -99.00  493.5       -8665.116       -17308.65   243 359.9999   0.0002     -2.015 0.223  41 -99.00    0.079
2018-05-05-17:17:13 1.11  Mocks_Em/MockNFW1280ellip5loga2.08PA50center0With_background20num79.dat Nelder-Mead  1.0e-04 0 1 0 0     NFW        0.0003  -0.0000     -2.112 0.219  39 -99.00  501.6       -8775.822       -17530.06   243   0.0003  -0.0000     -2.012 0.219  39 -99.00    0.083
2018-05-05-17:17:13 1.11  Mocks_Em/MockNFW1280ellip5loga2.08PA50center0With_background20num80.dat Nelder-Mead  1.0e-04 0 1 0 0     NFW        0.0004   0.0003     -2.129 0.193  36 -99.00  475.0       -8770.523       -17519.46   243   0.0004   0.0003     -2.028 0.193  36 -99.00    0.079
2018-05-05-17:17:13 1.11  Mocks_Em/MockNFW1280ellip5loga2.08PA50center0With_background20num81.dat Nelder-Mead  1.0e-04 0 1 0 0     NFW        0.0000  -0.0003     -2.106 0.208  37 -99.00  517.6       -8861.947       -17702.31   243   0.0000  -0.0003     -2.015 0.207  37 -99.00    0.079
2018-05-05-17:17:13 1.11  Mocks_Em/MockNFW1280ellip5loga2.08PA50center0With_background20num82.dat Nelder-Mead  1.0e-04 0 1 0 0     NFW        0.0005   0.0005     -2.099 0.227  36 -99.00  512.7       -8829.095       -17636.61   243   0.0005   0.0005     -1.999 0.227  36 -99.00    0.079
2018-05-05-17:17:13 1.11  Mocks_Em/MockNFW1280ellip5loga2.08PA50center0With_background20num83.dat Nelder-Mead  1.0e-04 0 1 0 0     NFW      360.0000   0.0001     -2.110 0.158 136 -99.00  505.4        -8661.86       -17302.14   243 360.0000   0.0001     -2.009 0.158 136 -99.00    0.079
2018-05-05-17:17:13 1.11  Mocks_Em/MockNFW1280ellip5loga2.08PA50center0With_background20num84.dat Nelder-Mead  1.0e-04 0 1 0 0     NFW      359.9998   0.0001     -2.123 0.228  40 -99.00  491.9       -8804.268       -17586.96   243 359.9998   0.0001     -2.022 0.228  40 -99.00    0.079
2018-05-05-17:17:13 1.11  Mocks_Em/MockNFW1280ellip5loga2.08PA50center0With_background20num85.dat Nelder-Mead  1.0e-04 0 1 0 0     NFW      359.9999   0.0003     -2.127 0.241  37 -99.00  487.8       -8866.522       -17711.46   243 359.9999   0.0003     -2.026 0.241  37 -99.00    0.079
2018-05-05-17:17:13 1.11  Mocks_Em/MockNFW1280ellip5loga2.08PA50center0With_background20num86.dat Nelder-Mead  1.0e-04 0 1 0 0     NFW        0.0001   0.0001     -2.128 0.202  43 -99.00  485.4       -8741.246       -17460.91   243   0.0001   0.0001     -2.027 0.202  43 -99.00    0.080
2018-05-05-17:17:13 1.11  Mocks_Em/MockNFW1280ellip5loga2.08PA50center0With_background20num87.dat Nelder-Mead  1.0e-04 0 1 0 0     NFW        0.0002   0.0000     -2.129 0.201  38 -99.00  491.8       -8906.881       -17792.18   243   0.0002   0.0000     -2.027 0.201  38 -99.00    0.082
2018-05-05-17:17:13 1.11  Mocks_Em/MockNFW1280ellip5loga2.08PA50center0With_background20num88.dat Nelder-Mead  1.0e-04 0 1 0 0     NFW        0.0000   0.0001     -2.116 0.202  40 -99.00  492.9       -8653.583       -17285.59   243   0.0000   0.0001     -2.016 0.202  40 -99.00    0.079
2018-05-05-17:17:13 1.11  Mocks_Em/MockNFW1280ellip5loga2.08PA50center0With_background20num89.dat Nelder-Mead  1.0e-04 0 1 0 0     NFW        0.0003   0.0000     -2.120 0.206  41 -99.00  491.8       -8773.841        -17526.1   246   0.0003   0.0000     -2.019 0.206  41 -99.00    0.084
2018-05-05-17:17:13 1.11  Mocks_Em/MockNFW1280ellip5loga2.08PA50center0With_background20num90.dat Nelder-Mead  1.0e-04 0 1 0 0     NFW        0.0003   0.0001     -2.131 0.168  38 -99.00  477.3       -8779.961       -17538.34   243   0.0003   0.0001     -2.029 0.168  38 -99.00    0.079
2018-05-05-17:17:13 1.11  Mocks_Em/MockNFW1280ellip5loga2.08PA50center0With_background20num91.dat Nelder-Mead  1.0e-04 0 1 0 0     NFW      359.9998   0.0000     -2.111 0.217  34 -99.00  513.3       -8880.284       -17738.99   243 359.9998   0.0000     -2.011 0.217  34 -99.00    0.082
2018-05-05-17:17:13 1.11  Mocks_Em/MockNFW1280ellip5loga2.08PA50center0With_background20num92.dat Nelder-Mead  1.0e-04 0 1 0 0     NFW        0.0002   0.0002     -2.100 0.240  41 -99.00  508.5       -8635.443       -17249.31   243   0.0002   0.0002     -2.000 0.240  41 -99.00    0.078
2018-05-05-17:17:13 1.11  Mocks_Em/MockNFW1280ellip5loga2.08PA50center0With_background20num93.dat Nelder-Mead  1.0e-04 0 1 0 0     NFW      359.9999   0.0000     -2.129 0.199  38 -99.00  479.9       -8656.688        -17291.8   243 359.9999   0.0000     -2.027 0.199  38 -99.00    0.080
2018-05-05-17:17:13 1.11  Mocks_Em/MockNFW1280ellip5loga2.08PA50center0With_background20num94.dat Nelder-Mead  1.0e-04 0 1 0 0     NFW      359.9999   0.0001     -2.105 0.220  43 -99.00  502.5       -8568.385       -17115.19   243 359.9999   0.0001     -2.005 0.220  43 -99.00    0.080
2018-05-05-17:17:13 1.11  Mocks_Em/MockNFW1280ellip5loga2.08PA50center0With_background20num95.dat Nelder-Mead  1.0e-04 0 1 0 0     NFW      359.9998   0.0000     -2.106 0.208  38 -99.00  507.1       -8637.306       -17253.03   243 359.9998   0.0000     -2.006 0.208  38 -99.00    0.081
2018-05-05-17:17:13 1.11  Mocks_Em/MockNFW1280ellip5loga2.08PA50center0With_background20num96.dat Nelder-Mead  1.0e-04 0 1 0 0     NFW      360.0000   0.0001     -2.107 0.203  44 -99.00  505.1        -8570.51       -17119.44   243 360.0000   0.0001     -2.006 0.203  44 -99.00    0.079
2018-05-05-17:17:13 1.11  Mocks_Em/MockNFW1280ellip5loga2.08PA50center0With_background20num97.dat Nelder-Mead  1.0e-04 0 1 0 0     NFW      360.0000   0.0001     -2.098 0.201  35 -99.00  515.4       -8584.522       -17147.46   243 360.0000   0.0001     -1.998 0.201  35 -99.00    0.079
2018-05-05-17:17:13 1.11  Mocks_Em/MockNFW1280ellip5loga2.08PA50center0With_background20num98.dat Nelder-Mead  1.0e-04 0 1 0 0     NFW      359.9998  -0.0001     -2.103 0.212  37 -99.00  515.6       -8733.006       -17444.43   243 359.9998  -0.0001     -2.003 0.212  37 -99.00    0.079
2018-05-05-17:17:13 1.11  Mocks_Em/MockNFW1280ellip5loga2.08PA50center0With_background20num99.dat Nelder-Mead  1.0e-04 0 1 0 0     NFW      359.9999   0.0000     -2.116 0.170  33 -99.00  494.4       -8619.649       -17217.72   243 359.9999   0.0000     -2.016 0.170  33 -99.00    0.080
