2018-05-05-17:16:44 1.11  Mocks_Em/MockNFW1280ellip5loga2.08PA50center0With_background20num0.dat Diff-Evol    1.0e-04 0 1 0 0     NFW      359.9999   0.0000     -2.019 0.455  57 -99.00  650.3       -8866.615       -17711.65   458 359.9999   0.0000     -2.032 0.169  37 -99.00    0.350
2018-05-05-17:16:44 1.11  Mocks_Em/MockNFW1280ellip5loga2.08PA50center0With_background20num1.dat Diff-Evol    1.0e-04 0 1 0 0     NFW        0.0003  -0.0001     -2.036 0.557  54 -99.00  602.7       -8746.369       -17471.16   445   0.0003  -0.0001     -2.010 0.228  38 -99.00    0.241
2018-05-05-17:16:44 1.11  Mocks_Em/MockNFW1280ellip5loga2.08PA50center0With_background20num2.dat Diff-Evol    1.0e-04 0 1 0 0     NFW      359.9999   0.0001     -1.967 0.547  51 -99.00  725.5       -8683.619       -17345.66   661 359.9999   0.0001     -2.015 0.206  39 -99.00    0.357
2018-05-05-17:16:44 1.11  Mocks_Em/MockNFW1280ellip5loga2.08PA50center0With_background20num3.dat Diff-Evol    1.0e-04 0 1 0 0     NFW        0.0004  -0.0001     -2.129 0.414  51 -99.00  479.0       -8730.191        -17438.8   389   0.0004  -0.0001     -2.008 0.162  38 -99.00    0.211
2018-05-05-17:16:44 1.11  Mocks_Em/MockNFW1280ellip5loga2.08PA50center0With_background20num4.dat Diff-Evol    1.0e-04 0 1 0 0     NFW        0.0001   0.0000     -2.067 0.528  53 -99.00  556.1       -8636.389        -17251.2   361   0.0001   0.0000     -1.998 0.206  32 -99.00    0.200
2018-05-05-17:16:44 1.11  Mocks_Em/MockNFW1280ellip5loga2.08PA50center0With_background20num5.dat Diff-Evol    1.0e-04 0 1 0 0     NFW        0.0002  -0.0002     -2.023 0.470  46 -99.00  611.5       -8551.414       -17081.25   382   0.0002  -0.0002     -1.989 0.181  44 -99.00    0.207
2018-05-05-17:16:44 1.11  Mocks_Em/MockNFW1280ellip5loga2.08PA50center0With_background20num6.dat Diff-Evol    1.0e-04 0 1 0 0     NFW      360.0000  -0.0001     -2.075 0.542  48 -99.00  548.6       -8685.686       -17349.79   515 360.0000  -0.0001     -2.014 0.212  39 -99.00    0.290
2018-05-05-17:16:44 1.11  Mocks_Em/MockNFW1280ellip5loga2.08PA50center0With_background20num7.dat Diff-Evol    1.0e-04 0 1 0 0     NFW      359.9997   0.0001     -2.064 0.537  49 -99.00  548.8       -8599.315       -17177.05   319 359.9997   0.0001     -2.014 0.207  39 -99.00    0.179
2018-05-05-17:16:44 1.11  Mocks_Em/MockNFW1280ellip5loga2.08PA50center0With_background20num8.dat Diff-Evol    1.0e-04 0 1 0 0     NFW      359.9999   0.0001     -2.075 0.420  53 -99.00  563.6       -8873.804       -17726.03   368 359.9999   0.0001     -2.031 0.147  39 -99.00    0.202
2018-05-05-17:16:44 1.11  Mocks_Em/MockNFW1280ellip5loga2.08PA50center0With_background20num9.dat Diff-Evol    1.0e-04 0 1 0 0     NFW      359.9999   0.0000     -1.943 0.540  43 -99.00  774.3       -8644.381       -17267.18   389 359.9999   0.0000     -1.989 0.203  42 -99.00    0.210
2018-05-05-17:16:44 1.11  Mocks_Em/MockNFW1280ellip5loga2.08PA50center0With_background20num10.dat Diff-Evol    1.0e-04 0 1 0 0     NFW        0.0002  -0.0000     -1.997 0.520  54 -99.00  669.7       -8729.929       -17438.28   451   0.0002  -0.0000     -2.004 0.197  42 -99.00    0.248
2018-05-05-17:16:44 1.11  Mocks_Em/MockNFW1280ellip5loga2.08PA50center0With_background20num11.dat Diff-Evol    1.0e-04 0 1 0 0     NFW      359.9999  -0.0000     -2.104 0.475  45 -99.00  517.4        -8817.69        -17613.8   375 359.9999  -0.0000     -2.026 0.176  41 -99.00    0.209
2018-05-05-17:16:44 1.11  Mocks_Em/MockNFW1280ellip5loga2.08PA50center0With_background20num12.dat Diff-Evol    1.0e-04 0 1 0 0     NFW        0.0003   0.0000     -1.997 0.568  50 -99.00  665.9       -8722.982       -17424.38   690   0.0003   0.0000     -2.008 0.212  40 -99.00    0.369
2018-05-05-17:16:44 1.11  Mocks_Em/MockNFW1280ellip5loga2.08PA50center0With_background20num13.dat Diff-Evol    1.0e-04 0 1 0 0     NFW      359.9999  -0.0001     -1.996 0.514  52 -99.00  678.0       -8788.496       -17555.41   368 359.9999  -0.0001     -2.009 0.205 135 -99.00    0.201
2018-05-05-17:16:44 1.11  Mocks_Em/MockNFW1280ellip5loga2.08PA50center0With_background20num14.dat Diff-Evol    1.0e-04 0 1 0 0     NFW      359.9998   0.0000     -2.049 0.503  39 -99.00  589.7        -8769.85       -17518.12   354 359.9998   0.0000     -2.025 0.216 136 -99.00    0.194
2018-05-05-17:16:44 1.11  Mocks_Em/MockNFW1280ellip5loga2.08PA50center0With_background20num15.dat Diff-Evol    1.0e-04 0 1 0 0     NFW      359.9998   0.0001     -2.033 0.565  50 -99.00  605.2       -8702.937       -17384.29   430 359.9998   0.0001     -2.007 0.234  39 -99.00    0.236
2018-05-05-17:16:44 1.11  Mocks_Em/MockNFW1280ellip5loga2.08PA50center0With_background20num16.dat Diff-Evol    1.0e-04 0 1 0 0     NFW        0.0002   0.0001     -1.989 0.569  41 -99.00  676.2       -8627.605       -17233.63   548   0.0002   0.0001     -2.002 0.246 137 -99.00    0.302
2018-05-05-17:16:44 1.11  Mocks_Em/MockNFW1280ellip5loga2.08PA50center0With_background20num17.dat Diff-Evol    1.0e-04 0 1 0 0     NFW      360.0000   0.0003     -2.018 0.536  47 -99.00  631.7       -8677.512       -17333.44   451 360.0000   0.0003     -2.020 0.205  38 -99.00    0.253
2018-05-05-17:16:44 1.11  Mocks_Em/MockNFW1280ellip5loga2.08PA50center0With_background20num18.dat Diff-Evol    1.0e-04 0 1 0 0     NFW        0.0001   0.0001     -2.015 0.564  52 -99.00  635.7       -8672.201       -17322.82   437   0.0001   0.0001     -2.013 0.238  37 -99.00    0.240
2018-05-05-17:16:44 1.11  Mocks_Em/MockNFW1280ellip5loga2.08PA50center0With_background20num19.dat Diff-Evol    1.0e-04 0 1 0 0     NFW      360.0000   0.0001     -1.950 0.568  54 -99.00  749.2       -8570.132       -17118.68   493 360.0000   0.0001     -1.995 0.237  34 -99.00    0.268
2018-05-05-17:16:44 1.11  Mocks_Em/MockNFW1280ellip5loga2.08PA50center0With_background20num20.dat Diff-Evol    1.0e-04 0 1 0 0     NFW        0.0002   0.0003     -2.038 0.528  49 -99.00  601.7        -8827.05       -17632.52   465   0.0002   0.0003     -2.009 0.205  45 -99.00    0.256
2018-05-05-17:16:44 1.11  Mocks_Em/MockNFW1280ellip5loga2.08PA50center0With_background20num21.dat Diff-Evol    1.0e-04 0 1 0 0     NFW      359.9999  -0.0001     -2.077 0.400  59 -99.00  536.2       -8510.736       -16999.89   472 359.9999  -0.0001     -2.001 0.158  37 -99.00    0.256
2018-05-05-17:16:44 1.11  Mocks_Em/MockNFW1280ellip5loga2.08PA50center0With_background20num22.dat Diff-Evol    1.0e-04 0 1 0 0     NFW      359.9999  -0.0002     -2.049 0.546  56 -99.00  574.6       -8597.822       -17174.06   451 359.9999  -0.0002     -2.003 0.227  33 -99.00    0.247
2018-05-05-17:16:44 1.11  Mocks_Em/MockNFW1280ellip5loga2.08PA50center0With_background20num23.dat Diff-Evol    1.0e-04 0 1 0 0     NFW        0.0001   0.0002     -2.168 0.429  46 -99.00  449.6       -8972.083       -17922.58   354   0.0001   0.0002     -2.046 0.199  44 -99.00    0.198
2018-05-05-17:16:44 1.11  Mocks_Em/MockNFW1280ellip5loga2.08PA50center0With_background20num24.dat Diff-Evol    1.0e-04 0 1 0 0     NFW      359.9999   0.0000     -2.093 0.493  46 -99.00  521.6       -8634.617       -17247.65   486 359.9999   0.0000     -2.024 0.207  41 -99.00    0.271
2018-05-05-17:16:44 1.11  Mocks_Em/MockNFW1280ellip5loga2.08PA50center0With_background20num25.dat Diff-Evol    1.0e-04 0 1 0 0     NFW        0.0002  -0.0003     -1.980 0.486  55 -99.00  694.7       -8692.796       -17364.01   472   0.0002  -0.0003     -1.995 0.163  37 -99.00    0.269
2018-05-05-17:16:44 1.11  Mocks_Em/MockNFW1280ellip5loga2.08PA50center0With_background20num26.dat Diff-Evol    1.0e-04 0 1 0 0     NFW        0.0002   0.0002     -2.068 0.540  57 -99.00  570.2       -8929.108       -17836.64   354   0.0002   0.0002     -2.017 0.217  39 -99.00    0.207
2018-05-05-17:16:44 1.11  Mocks_Em/MockNFW1280ellip5loga2.08PA50center0With_background20num27.dat Diff-Evol    1.0e-04 0 1 0 0     NFW      359.9999  -0.0002     -2.107 0.420  53 -99.00  495.9       -8511.016       -17000.45   368 359.9999  -0.0002     -2.003 0.168  42 -99.00    0.213
2018-05-05-17:16:44 1.11  Mocks_Em/MockNFW1280ellip5loga2.08PA50center0With_background20num28.dat Diff-Evol    1.0e-04 0 1 0 0     NFW      359.9999  -0.0001     -2.060 0.534  51 -99.00  570.2       -8699.455       -17377.33   382 359.9999  -0.0001     -2.022 0.206  36 -99.00    0.214
2018-05-05-17:16:44 1.11  Mocks_Em/MockNFW1280ellip5loga2.08PA50center0With_background20num29.dat Diff-Evol    1.0e-04 0 1 0 0     NFW      359.9996  -0.0003     -2.011 0.577  53 -99.00  637.2       -8776.898       -17532.21   515 359.9996  -0.0003     -2.017 0.259  38 -99.00    0.278
2018-05-05-17:16:44 1.11  Mocks_Em/MockNFW1280ellip5loga2.08PA50center0With_background20num30.dat Diff-Evol    1.0e-04 0 1 0 0     NFW      359.9999  -0.0001     -2.068 0.502  54 -99.00  557.0       -8684.611       -17347.64   389 359.9999  -0.0001     -2.007 0.189  33 -99.00    0.211
2018-05-05-17:16:44 1.11  Mocks_Em/MockNFW1280ellip5loga2.08PA50center0With_background20num31.dat Diff-Evol    1.0e-04 0 1 0 0     NFW      359.9999   0.0000     -1.990 0.578  54 -99.00  678.9       -8657.311       -17293.04   472 359.9999   0.0000     -2.000 0.234  35 -99.00    0.257
2018-05-05-17:16:44 1.11  Mocks_Em/MockNFW1280ellip5loga2.08PA50center0With_background20num32.dat Diff-Evol    1.0e-04 0 1 0 0     NFW      359.9997   0.0000     -2.110 0.518  57 -99.00  495.0       -8682.301       -17343.02   389 359.9997   0.0000     -2.016 0.225  40 -99.00    0.217
2018-05-05-17:16:44 1.11  Mocks_Em/MockNFW1280ellip5loga2.08PA50center0With_background20num33.dat Diff-Evol    1.0e-04 0 1 0 0     NFW      359.9997  -0.0003     -1.910 0.582  57 -99.00  852.4       -8879.928       -17738.27   548 359.9997  -0.0003     -1.995 0.223  34 -99.00    0.304
2018-05-05-17:16:44 1.11  Mocks_Em/MockNFW1280ellip5loga2.08PA50center0With_background20num34.dat Diff-Evol    1.0e-04 0 1 0 0     NFW        0.0002   0.0001     -2.156 0.437  47 -99.00  447.8       -8671.885       -17322.19   444   0.0002   0.0001     -2.011 0.172 138 -99.00    0.245
2018-05-05-17:16:44 1.11  Mocks_Em/MockNFW1280ellip5loga2.08PA50center0With_background20num35.dat Diff-Evol    1.0e-04 0 1 0 0     NFW        0.0001   0.0002     -2.011 0.544  48 -99.00  635.9       -8587.417       -17153.25   465   0.0001   0.0002     -2.006 0.240  43 -99.00    0.253
2018-05-05-17:16:44 1.11  Mocks_Em/MockNFW1280ellip5loga2.08PA50center0With_background20num36.dat Diff-Evol    1.0e-04 0 1 0 0     NFW        0.0001  -0.0001     -2.099 0.498  41 -99.00  511.2       -8612.719       -17203.86   382   0.0001  -0.0001     -2.011 0.210 136 -99.00    0.212
2018-05-05-17:16:44 1.11  Mocks_Em/MockNFW1280ellip5loga2.08PA50center0With_background20num37.dat Diff-Evol    1.0e-04 0 1 0 0     NFW      360.0000  -0.0001     -2.007 0.560  51 -99.00  662.2       -8810.526       -17599.47   452 360.0000  -0.0001     -2.009 0.242  39 -99.00    0.251
2018-05-05-17:16:44 1.11  Mocks_Em/MockNFW1280ellip5loga2.08PA50center0With_background20num38.dat Diff-Evol    1.0e-04 0 1 0 0     NFW      359.9999   0.0002     -2.011 0.534  54 -99.00  651.9       -8801.924       -17582.27   396 359.9999   0.0002     -2.005 0.205  37 -99.00    0.222
2018-05-05-17:16:44 1.11  Mocks_Em/MockNFW1280ellip5loga2.08PA50center0With_background20num39.dat Diff-Evol    1.0e-04 0 1 0 0     NFW      359.9998   0.0001     -2.011 0.524  48 -99.00  639.3       -8666.889        -17312.2   465 359.9998   0.0001     -2.006 0.201  39 -99.00    0.261
2018-05-05-17:16:44 1.11  Mocks_Em/MockNFW1280ellip5loga2.08PA50center0With_background20num40.dat Diff-Evol    1.0e-04 0 1 0 0     NFW      359.9998  -0.0004     -2.074 0.520  56 -99.00  551.3       -8909.616       -17797.65   396 359.9998  -0.0004     -2.027 0.221  34 -99.00    0.218
2018-05-05-17:16:44 1.11  Mocks_Em/MockNFW1280ellip5loga2.08PA50center0With_background20num41.dat Diff-Evol    1.0e-04 0 1 0 0     NFW      359.9999   0.0000     -2.049 0.477  46 -99.00  585.1       -8670.042        -17318.5   319 359.9999   0.0000     -2.010 0.170 136 -99.00    0.179
2018-05-05-17:16:44 1.11  Mocks_Em/MockNFW1280ellip5loga2.08PA50center0With_background20num42.dat Diff-Evol    1.0e-04 0 1 0 0     NFW        0.0001   0.0001     -2.102 0.530  53 -99.00  509.3       -8648.708       -17275.83   354   0.0001   0.0001     -2.014 0.218  35 -99.00    0.193
2018-05-05-17:16:44 1.11  Mocks_Em/MockNFW1280ellip5loga2.08PA50center0With_background20num43.dat Diff-Evol    1.0e-04 0 1 0 0     NFW        0.0000  -0.0003     -1.930 0.570  58 -99.00  794.6        -8685.43       -17349.28   472   0.0000  -0.0003     -1.993 0.215  34 -99.00    0.260
2018-05-05-17:16:44 1.11  Mocks_Em/MockNFW1280ellip5loga2.08PA50center0With_background20num44.dat Diff-Evol    1.0e-04 0 1 0 0     NFW      359.9999  -0.0002     -2.037 0.584  51 -99.00  606.1       -8855.211       -17688.84   375 359.9999  -0.0002     -2.032 0.250  40 -99.00    0.228
2018-05-05-17:16:44 1.11  Mocks_Em/MockNFW1280ellip5loga2.08PA50center0With_background20num45.dat Diff-Evol    1.0e-04 0 1 0 0     NFW      359.9997   0.0002     -1.946 0.566  50 -99.00  775.3       -8890.403       -17759.23   472 359.9997   0.0002     -2.002 0.227  42 -99.00    0.293
2018-05-05-17:16:44 1.11  Mocks_Em/MockNFW1280ellip5loga2.08PA50center0With_background20num46.dat Diff-Evol    1.0e-04 0 1 0 0     NFW        0.0003  -0.0001     -2.114 0.544  54 -99.00  496.5       -8779.328       -17537.07   396   0.0003  -0.0001     -2.016 0.249  35 -99.00    0.242
2018-05-05-17:16:44 1.11  Mocks_Em/MockNFW1280ellip5loga2.08PA50center0With_background20num47.dat Diff-Evol    1.0e-04 0 1 0 0     NFW        0.0001  -0.0001     -2.044 0.547  51 -99.00  599.1       -8815.397       -17609.21   368   0.0001  -0.0001     -2.030 0.204  39 -99.00    0.226
2018-05-05-17:16:44 1.11  Mocks_Em/MockNFW1280ellip5loga2.08PA50center0With_background20num48.dat Diff-Evol    1.0e-04 0 1 0 0     NFW        0.0002  -0.0002     -2.079 0.403  48 -99.00  543.1       -8747.831       -17474.08   472   0.0002  -0.0002     -2.018 0.193  41 -99.00    0.291
2018-05-05-17:16:44 1.11  Mocks_Em/MockNFW1280ellip5loga2.08PA50center0With_background20num49.dat Diff-Evol    1.0e-04 0 1 0 0     NFW        0.0003   0.0003     -2.049 0.492  54 -99.00  586.5       -8856.327       -17691.07   305   0.0003   0.0003     -2.015 0.185  35 -99.00    0.189
2018-05-05-17:16:44 1.11  Mocks_Em/MockNFW1280ellip5loga2.08PA50center0With_background20num50.dat Diff-Evol    1.0e-04 0 1 0 0     NFW      359.9999  -0.0001     -2.044 0.409  50 -99.00  594.5       -8677.222       -17332.86   402 359.9999  -0.0001     -2.003 0.164  34 -99.00    0.249
2018-05-05-17:16:44 1.11  Mocks_Em/MockNFW1280ellip5loga2.08PA50center0With_background20num51.dat Diff-Evol    1.0e-04 0 1 0 0     NFW      360.0000  -0.0001     -1.959 0.523  53 -99.00  745.8       -8685.178       -17348.77   480 360.0000  -0.0001     -2.005 0.199  34 -99.00    0.290
2018-05-05-17:16:44 1.11  Mocks_Em/MockNFW1280ellip5loga2.08PA50center0With_background20num52.dat Diff-Evol    1.0e-04 0 1 0 0     NFW        0.0003   0.0000     -2.019 0.502  51 -99.00  629.4       -8709.314       -17397.05   590   0.0003   0.0000     -2.001 0.201  42 -99.00    0.365
2018-05-05-17:16:44 1.11  Mocks_Em/MockNFW1280ellip5loga2.08PA50center0With_background20num53.dat Diff-Evol    1.0e-04 0 1 0 0     NFW        0.0000   0.0000     -1.989 0.545  47 -99.00  697.1       -8811.543        -17601.5   451   0.0000   0.0000     -2.012 0.222  41 -99.00    0.278
2018-05-05-17:16:44 1.11  Mocks_Em/MockNFW1280ellip5loga2.08PA50center0With_background20num54.dat Diff-Evol    1.0e-04 0 1 0 0     NFW        0.0004   0.0002     -1.981 0.493  56 -99.00  699.4       -8885.647       -17749.71   472   0.0004   0.0002     -2.008 0.189  35 -99.00    0.293
2018-05-05-17:16:44 1.11  Mocks_Em/MockNFW1280ellip5loga2.08PA50center0With_background20num55.dat Diff-Evol    1.0e-04 0 1 0 0     NFW      359.9999  -0.0000     -2.061 0.539  49 -99.00  558.3       -8580.658       -17139.74   465 359.9999  -0.0000     -2.015 0.232  35 -99.00    0.284
2018-05-05-17:16:44 1.11  Mocks_Em/MockNFW1280ellip5loga2.08PA50center0With_background20num56.dat Diff-Evol    1.0e-04 0 1 0 0     NFW      360.0000   0.0001     -2.115 0.447  48 -99.00  485.6       -8464.711       -16907.84   451 360.0000   0.0001     -2.013 0.203  41 -99.00    0.275
2018-05-05-17:16:44 1.11  Mocks_Em/MockNFW1280ellip5loga2.08PA50center0With_background20num57.dat Diff-Evol    1.0e-04 0 1 0 0     NFW      360.0000  -0.0000     -2.090 0.453  47 -99.00  524.1        -8577.19        -17132.8   382 360.0000  -0.0000     -2.007 0.218  41 -99.00    0.231
2018-05-05-17:16:44 1.11  Mocks_Em/MockNFW1280ellip5loga2.08PA50center0With_background20num58.dat Diff-Evol    1.0e-04 0 1 0 0     NFW      359.9999  -0.0003     -2.083 0.512  44 -99.00  533.8       -8751.005       -17480.43   423 359.9999  -0.0003     -2.016 0.208  40 -99.00    0.251
2018-05-05-17:16:44 1.11  Mocks_Em/MockNFW1280ellip5loga2.08PA50center0With_background20num59.dat Diff-Evol    1.0e-04 0 1 0 0     NFW      359.9997   0.0001     -2.092 0.435  50 -99.00  516.8       -8628.605       -17235.63   402 359.9997   0.0001     -2.001 0.186  35 -99.00    0.223
2018-05-05-17:16:44 1.11  Mocks_Em/MockNFW1280ellip5loga2.08PA50center0With_background20num60.dat Diff-Evol    1.0e-04 0 1 0 0     NFW        0.0001   0.0001     -2.065 0.514  52 -99.00  565.5       -8758.611       -17495.64   571   0.0001   0.0001     -2.018 0.203  37 -99.00    0.307
2018-05-05-17:16:44 1.11  Mocks_Em/MockNFW1280ellip5loga2.08PA50center0With_background20num61.dat Diff-Evol    1.0e-04 0 1 0 0     NFW        0.0002   0.0000     -2.171 0.421  50 -99.00  437.9       -8776.854       -17532.13   354   0.0002   0.0000     -2.044 0.197  40 -99.00    0.194
2018-05-05-17:16:44 1.11  Mocks_Em/MockNFW1280ellip5loga2.08PA50center0With_background20num62.dat Diff-Evol    1.0e-04 0 1 0 0     NFW        0.0002   0.0003     -1.953 0.556  48 -99.00  762.3       -8881.189        -17740.8   438   0.0002   0.0003     -2.006 0.195  40 -99.00    0.240
2018-05-05-17:16:44 1.11  Mocks_Em/MockNFW1280ellip5loga2.08PA50center0With_background20num63.dat Diff-Evol    1.0e-04 0 1 0 0     NFW        0.0001  -0.0000     -2.059 0.558  53 -99.00  561.2       -8563.574       -17105.57   451   0.0001  -0.0000     -2.011 0.226  39 -99.00    0.246
2018-05-05-17:16:44 1.11  Mocks_Em/MockNFW1280ellip5loga2.08PA50center0With_background20num64.dat Diff-Evol    1.0e-04 0 1 0 0     NFW        0.0003  -0.0001     -1.991 0.531  48 -99.00  677.0       -8748.023       -17474.47   382   0.0003  -0.0001     -1.997 0.200  39 -99.00    0.210
2018-05-05-17:16:44 1.11  Mocks_Em/MockNFW1280ellip5loga2.08PA50center0With_background20num65.dat Diff-Evol    1.0e-04 0 1 0 0     NFW      359.9999   0.0001     -2.002 0.492  53 -99.00  664.6       -8703.094       -17384.61   389 359.9999   0.0001     -1.994 0.179  37 -99.00    0.212
2018-05-05-17:16:44 1.11  Mocks_Em/MockNFW1280ellip5loga2.08PA50center0With_background20num66.dat Diff-Evol    1.0e-04 0 1 0 0     NFW        0.0002  -0.0001     -2.074 0.555  51 -99.00  542.8       -8659.566       -17297.55   563   0.0002  -0.0001     -2.017 0.202  40 -99.00    0.324
2018-05-05-17:16:44 1.11  Mocks_Em/MockNFW1280ellip5loga2.08PA50center0With_background20num67.dat Diff-Evol    1.0e-04 0 1 0 0     NFW        0.0002  -0.0001     -2.015 0.504  60 -99.00  635.7       -8624.356       -17227.13   403   0.0002  -0.0001     -2.017 0.171  34 -99.00    0.219
2018-05-05-17:16:44 1.11  Mocks_Em/MockNFW1280ellip5loga2.08PA50center0With_background20num68.dat Diff-Evol    1.0e-04 0 1 0 0     NFW        0.0000  -0.0001     -2.007 0.579  53 -99.00  653.9        -8720.21       -17418.84   480   0.0000  -0.0001     -2.017 0.237  40 -99.00    0.267
2018-05-05-17:16:44 1.11  Mocks_Em/MockNFW1280ellip5loga2.08PA50center0With_background20num69.dat Diff-Evol    1.0e-04 0 1 0 0     NFW      359.9998   0.0002     -2.041 0.576  46 -99.00  585.9       -8631.311       -17241.04   479 359.9998   0.0002     -2.017 0.238  45 -99.00    0.262
2018-05-05-17:16:44 1.11  Mocks_Em/MockNFW1280ellip5loga2.08PA50center0With_background20num70.dat Diff-Evol    1.0e-04 0 1 0 0     NFW      360.0000   0.0000     -2.020 0.536  50 -99.00  625.6        -8608.42       -17195.26   368 360.0000   0.0000     -2.015 0.200  39 -99.00    0.206
2018-05-05-17:16:44 1.11  Mocks_Em/MockNFW1280ellip5loga2.08PA50center0With_background20num71.dat Diff-Evol    1.0e-04 0 1 0 0     NFW      359.9998  -0.0003     -2.156 0.392  57 -99.00  452.2       -8825.414       -17629.25   375 359.9998  -0.0003     -2.025 0.166  37 -99.00    0.205
2018-05-05-17:16:44 1.11  Mocks_Em/MockNFW1280ellip5loga2.08PA50center0With_background20num72.dat Diff-Evol    1.0e-04 0 1 0 0     NFW      360.0000  -0.0000     -2.118 0.546  52 -99.00  501.0       -8827.504       -17633.43   361 360.0000  -0.0000     -2.031 0.236  39 -99.00    0.199
2018-05-05-17:16:44 1.11  Mocks_Em/MockNFW1280ellip5loga2.08PA50center0With_background20num73.dat Diff-Evol    1.0e-04 0 1 0 0     NFW      359.9998  -0.0000     -1.993 0.496  44 -99.00  663.5       -8570.904       -17120.23   522 359.9998  -0.0000     -1.992 0.196 138 -99.00    0.286
2018-05-05-17:16:44 1.11  Mocks_Em/MockNFW1280ellip5loga2.08PA50center0With_background20num74.dat Diff-Evol    1.0e-04 0 1 0 0     NFW        0.0002  -0.0001     -1.921 0.543  50 -99.00  819.9        -8586.73       -17151.88   396   0.0002  -0.0001     -2.005 0.202  40 -99.00    0.234
2018-05-05-17:16:44 1.11  Mocks_Em/MockNFW1280ellip5loga2.08PA50center0With_background20num75.dat Diff-Evol    1.0e-04 0 1 0 0     NFW      359.9999  -0.0002     -2.129 0.459  51 -99.00  480.4       -8720.412       -17419.24   382 359.9999  -0.0002     -2.016 0.179  35 -99.00    0.232
2018-05-05-17:16:44 1.11  Mocks_Em/MockNFW1280ellip5loga2.08PA50center0With_background20num76.dat Diff-Evol    1.0e-04 0 1 0 0     NFW        0.0005   0.0002     -2.005 0.577  50 -99.00  642.8        -8697.49        -17373.4   465   0.0005   0.0002     -2.004 0.224  39 -99.00    0.285
2018-05-05-17:16:44 1.11  Mocks_Em/MockNFW1280ellip5loga2.08PA50center0With_background20num77.dat Diff-Evol    1.0e-04 0 1 0 0     NFW        0.0001   0.0001     -1.974 0.537  55 -99.00  726.1       -8866.766       -17711.95   354   0.0001   0.0001     -2.022 0.196  32 -99.00    0.216
2018-05-05-17:16:44 1.11  Mocks_Em/MockNFW1280ellip5loga2.08PA50center0With_background20num78.dat Diff-Evol    1.0e-04 0 1 0 0     NFW      359.9999   0.0002     -2.061 0.553  48 -99.00  563.6       -8693.559       -17365.54   472 359.9999   0.0002     -2.015 0.223  41 -99.00    0.288
2018-05-05-17:16:44 1.11  Mocks_Em/MockNFW1280ellip5loga2.08PA50center0With_background20num79.dat Diff-Evol    1.0e-04 0 1 0 0     NFW        0.0003  -0.0000     -2.052 0.510  58 -99.00  581.6       -8797.095       -17572.61   368   0.0003  -0.0000     -2.012 0.219  39 -99.00    0.224
2018-05-05-17:16:44 1.11  Mocks_Em/MockNFW1280ellip5loga2.08PA50center0With_background20num80.dat Diff-Evol    1.0e-04 0 1 0 0     NFW        0.0004   0.0003     -2.203 0.436  52 -99.00  401.9       -8795.456       -17569.33   271   0.0004   0.0003     -2.028 0.193  36 -99.00    0.163
2018-05-05-17:16:44 1.11  Mocks_Em/MockNFW1280ellip5loga2.08PA50center0With_background20num81.dat Diff-Evol    1.0e-04 0 1 0 0     NFW        0.0000  -0.0003     -1.958 0.563  54 -99.00  754.7       -8892.641        -17763.7   458   0.0000  -0.0003     -2.015 0.207  37 -99.00    0.282
2018-05-05-17:16:44 1.11  Mocks_Em/MockNFW1280ellip5loga2.08PA50center0With_background20num82.dat Diff-Evol    1.0e-04 0 1 0 0     NFW        0.0005   0.0005     -2.038 0.539  49 -99.00  595.0       -8856.702       -17691.82   347   0.0005   0.0005     -1.999 0.227  36 -99.00    0.213
2018-05-05-17:16:44 1.11  Mocks_Em/MockNFW1280ellip5loga2.08PA50center0With_background20num83.dat Diff-Evol    1.0e-04 0 1 0 0     NFW      360.0000   0.0001     -2.095 0.397  47 -99.00  524.1       -8708.878       -17396.17   354 360.0000   0.0001     -2.009 0.158 136 -99.00    0.214
2018-05-05-17:16:44 1.11  Mocks_Em/MockNFW1280ellip5loga2.08PA50center0With_background20num84.dat Diff-Evol    1.0e-04 0 1 0 0     NFW      359.9998   0.0001     -2.082 0.529  53 -99.00  542.7       -8828.141        -17634.7   354 359.9998   0.0001     -2.022 0.228  40 -99.00    0.217
2018-05-05-17:16:44 1.11  Mocks_Em/MockNFW1280ellip5loga2.08PA50center0With_background20num85.dat Diff-Evol    1.0e-04 0 1 0 0     NFW      359.9999   0.0003     -2.086 0.555  51 -99.00  537.8       -8898.149       -17774.72   382 359.9999   0.0003     -2.026 0.241  37 -99.00    0.235
2018-05-05-17:16:44 1.11  Mocks_Em/MockNFW1280ellip5loga2.08PA50center0With_background20num86.dat Diff-Evol    1.0e-04 0 1 0 0     NFW        0.0001   0.0001     -2.078 0.545  50 -99.00  547.1       -8769.828       -17518.08   361   0.0001   0.0001     -2.027 0.202  43 -99.00    0.228
2018-05-05-17:16:44 1.11  Mocks_Em/MockNFW1280ellip5loga2.08PA50center0With_background20num87.dat Diff-Evol    1.0e-04 0 1 0 0     NFW        0.0002   0.0000     -2.026 0.534  52 -99.00  633.0       -8931.096       -17840.61   354   0.0002   0.0000     -2.027 0.201  38 -99.00    0.219
2018-05-05-17:16:44 1.11  Mocks_Em/MockNFW1280ellip5loga2.08PA50center0With_background20num88.dat Diff-Evol    1.0e-04 0 1 0 0     NFW        0.0000   0.0001     -2.143 0.502  49 -99.00  463.4       -8680.345       -17339.11   333   0.0000   0.0001     -2.016 0.202  40 -99.00    0.203
2018-05-05-17:16:44 1.11  Mocks_Em/MockNFW1280ellip5loga2.08PA50center0With_background20num89.dat Diff-Evol    1.0e-04 0 1 0 0     NFW        0.0003   0.0000     -2.026 0.548  50 -99.00  620.7       -8800.412       -17579.24   633   0.0003   0.0000     -2.019 0.206  41 -99.00    0.383
2018-05-05-17:16:44 1.11  Mocks_Em/MockNFW1280ellip5loga2.08PA50center0With_background20num90.dat Diff-Evol    1.0e-04 0 1 0 0     NFW        0.0003   0.0001     -2.153 0.457  49 -99.00  453.4       -8804.152       -17586.72   368   0.0003   0.0001     -2.029 0.168  38 -99.00    0.204
2018-05-05-17:16:44 1.11  Mocks_Em/MockNFW1280ellip5loga2.08PA50center0With_background20num91.dat Diff-Evol    1.0e-04 0 1 0 0     NFW      359.9998   0.0000     -2.018 0.538  54 -99.00  647.0       -8910.611       -17799.64   382 359.9998   0.0000     -2.011 0.217  34 -99.00    0.212
2018-05-05-17:16:44 1.11  Mocks_Em/MockNFW1280ellip5loga2.08PA50center0With_background20num92.dat Diff-Evol    1.0e-04 0 1 0 0     NFW        0.0002   0.0002     -1.980 0.585  51 -99.00  688.4       -8668.351       -17315.12   556   0.0002   0.0002     -2.000 0.240  41 -99.00    0.357
2018-05-05-17:16:44 1.11  Mocks_Em/MockNFW1280ellip5loga2.08PA50center0With_background20num93.dat Diff-Evol    1.0e-04 0 1 0 0     NFW      359.9999   0.0000     -2.120 0.526  49 -99.00  490.3       -8685.694       -17349.81   368 359.9999   0.0000     -2.027 0.199  38 -99.00    0.199
2018-05-05-17:16:44 1.11  Mocks_Em/MockNFW1280ellip5loga2.08PA50center0With_background20num94.dat Diff-Evol    1.0e-04 0 1 0 0     NFW      359.9999   0.0001     -2.030 0.560  49 -99.00  605.5       -8596.384       -17171.19   438 359.9999   0.0001     -2.005 0.220  43 -99.00    0.235
2018-05-05-17:16:44 1.11  Mocks_Em/MockNFW1280ellip5loga2.08PA50center0With_background20num95.dat Diff-Evol    1.0e-04 0 1 0 0     NFW      359.9998   0.0000     -2.008 0.552  54 -99.00  648.0       -8667.189        -17312.8   522 359.9998   0.0000     -2.006 0.208  38 -99.00    0.279
2018-05-05-17:16:44 1.11  Mocks_Em/MockNFW1280ellip5loga2.08PA50center0With_background20num96.dat Diff-Evol    1.0e-04 0 1 0 0     NFW      360.0000   0.0001     -1.981 0.530  50 -99.00  693.2       -8588.907       -17156.23   465 360.0000   0.0001     -2.006 0.203  44 -99.00    0.252
2018-05-05-17:16:44 1.11  Mocks_Em/MockNFW1280ellip5loga2.08PA50center0With_background20num97.dat Diff-Evol    1.0e-04 0 1 0 0     NFW      360.0000   0.0001     -1.997 0.557  47 -99.00  664.0       -8616.048       -17210.52   354 360.0000   0.0001     -1.998 0.201  35 -99.00    0.191
2018-05-05-17:16:44 1.11  Mocks_Em/MockNFW1280ellip5loga2.08PA50center0With_background20num98.dat Diff-Evol    1.0e-04 0 1 0 0     NFW      359.9998  -0.0001     -1.983 0.553  49 -99.00  699.2       -8761.736       -17501.89   368 359.9998  -0.0001     -2.003 0.212  37 -99.00    0.200
2018-05-05-17:16:44 1.11  Mocks_Em/MockNFW1280ellip5loga2.08PA50center0With_background20num99.dat Diff-Evol    1.0e-04 0 1 0 0     NFW      359.9999   0.0000     -2.022 0.478  61 -99.00  624.0       -8641.034       -17260.49   389 359.9999   0.0000     -2.016 0.170  33 -99.00    0.210
