2018-05-05-17:16:38 1.11  Mocks_Em/MockNFW1280ellip5loga2.08PA50center0With_background20num0.dat L-BFGS-B     1.0e-04 0 1 0 0     NFW      359.9999   0.0000     -2.174 0.229  37 -99.00  446.1       -8852.905       -17684.23    28 359.9999   0.0000     -2.032 0.169  37 -99.00    0.032
2018-05-05-17:16:38 1.11  Mocks_Em/MockNFW1280ellip5loga2.08PA50center0With_background20num1.dat L-BFGS-B     1.0e-04 0 1 0 0     NFW        0.0003  -0.0001     -2.218 0.307  38 -99.00  393.2       -8722.794       -17424.01    28   0.0003  -0.0001     -2.010 0.228  38 -99.00    0.026
2018-05-05-17:16:38 1.11  Mocks_Em/MockNFW1280ellip5loga2.08PA50center0With_background20num2.dat L-BFGS-B     1.0e-04 0 1 0 0     NFW      359.9999   0.0001     -2.179 0.272  39 -99.00  430.3       -8665.247       -17308.91    28 359.9999   0.0001     -2.015 0.206  39 -99.00    0.023
2018-05-05-17:16:38 1.11  Mocks_Em/MockNFW1280ellip5loga2.08PA50center0With_background20num3.dat L-BFGS-B     1.0e-04 0 1 0 0     NFW        0.0004  -0.0001     -2.233 0.257  38 -99.00  380.0       -8720.221       -17418.86    28   0.0004  -0.0001     -2.008 0.162  38 -99.00    0.021
2018-05-05-17:16:38 1.11  Mocks_Em/MockNFW1280ellip5loga2.08PA50center0With_background20num4.dat L-BFGS-B     1.0e-04 0 1 0 0     NFW        0.0001   0.0000     -2.191 0.282  32 -99.00  414.6       -8608.677       -17195.77    28   0.0001   0.0000     -1.998 0.206  32 -99.00    0.019
2018-05-05-17:16:38 1.11  Mocks_Em/MockNFW1280ellip5loga2.08PA50center0With_background20num5.dat L-BFGS-B     1.0e-04 0 1 0 0     NFW        0.0002  -0.0002     -2.186 0.261  44 -99.00  413.0       -8542.864       -17064.15    28   0.0002  -0.0002     -1.989 0.181  44 -99.00    0.017
2018-05-05-17:16:38 1.11  Mocks_Em/MockNFW1280ellip5loga2.08PA50center0With_background20num6.dat L-BFGS-B     1.0e-04 0 1 0 0     NFW      360.0000  -0.0001     -2.260 0.308  39 -99.00  358.8       -8671.068       -17320.55    28 360.0000  -0.0001     -2.014 0.212  39 -99.00    0.017
2018-05-05-17:16:38 1.11  Mocks_Em/MockNFW1280ellip5loga2.08PA50center0With_background20num7.dat L-BFGS-B     1.0e-04 0 1 0 0     NFW      359.9997   0.0001     -2.238 0.296  39 -99.00  367.9        -8582.77       -17143.96    28 359.9997   0.0001     -2.014 0.207  39 -99.00    0.017
2018-05-05-17:16:38 1.11  Mocks_Em/MockNFW1280ellip5loga2.08PA50center0With_background20num8.dat L-BFGS-B     1.0e-04 0 1 0 0     NFW      359.9999   0.0001     -2.206 0.224  39 -99.00  414.7       -8861.949       -17702.32    28 359.9999   0.0001     -2.031 0.147  39 -99.00    0.017
2018-05-05-17:16:38 1.11  Mocks_Em/MockNFW1280ellip5loga2.08PA50center0With_background20num9.dat L-BFGS-B     1.0e-04 0 1 0 0     NFW      359.9999   0.0000     -2.166 0.273  42 -99.00  442.2       -8632.644       -17243.71    28 359.9999   0.0000     -1.989 0.203  42 -99.00    0.017
2018-05-05-17:16:38 1.11  Mocks_Em/MockNFW1280ellip5loga2.08PA50center0With_background20num10.dat L-BFGS-B     1.0e-04 0 1 0 0     NFW        0.0002  -0.0000     -2.193 0.274  42 -99.00  416.6       -8718.687       -17415.79    28   0.0002  -0.0000     -2.004 0.197  42 -99.00    0.017
2018-05-05-17:16:38 1.11  Mocks_Em/MockNFW1280ellip5loga2.08PA50center0With_background20num11.dat L-BFGS-B     1.0e-04 0 1 0 0     NFW      359.9999  -0.0000     -2.254 0.272  41 -99.00  369.1       -8808.069       -17594.56    28 359.9999  -0.0000     -2.026 0.176  41 -99.00    0.017
2018-05-05-17:16:38 1.11  Mocks_Em/MockNFW1280ellip5loga2.08PA50center0With_background20num12.dat L-BFGS-B     1.0e-04 0 1 0 0     NFW        0.0003   0.0000     -2.218 0.294  40 -99.00  391.9       -8703.637       -17385.69    28   0.0003   0.0000     -2.008 0.212  40 -99.00    0.017
2018-05-05-17:16:38 1.11  Mocks_Em/MockNFW1280ellip5loga2.08PA50center0With_background20num13.dat L-BFGS-B     1.0e-04 0 1 0 0     NFW      359.9999  -0.0001     -2.166 0.002 135 -99.00  447.4       -8747.801       -17474.02   161 359.9999  -0.0001     -2.009 0.205 135 -99.00    0.097
2018-05-05-17:16:38 1.11  Mocks_Em/MockNFW1280ellip5loga2.08PA50center0With_background20num14.dat L-BFGS-B     1.0e-04 0 1 0 0     NFW      359.9998   0.0000     -2.341 0.104 136 -99.00  307.4       -8705.188        -17388.8    77 359.9998   0.0000     -2.025 0.216 136 -99.00    0.041
2018-05-05-17:16:38 1.11  Mocks_Em/MockNFW1280ellip5loga2.08PA50center0With_background20num15.dat L-BFGS-B     1.0e-04 0 1 0 0     NFW      359.9998   0.0001     -2.234 0.319  39 -99.00  378.5       -8681.603       -17341.63    28 359.9998   0.0001     -2.007 0.234  39 -99.00    0.015
2018-05-05-17:16:38 1.11  Mocks_Em/MockNFW1280ellip5loga2.08PA50center0With_background20num16.dat L-BFGS-B     1.0e-04 0 1 0 0     NFW        0.0002   0.0001     -2.133 0.224 137 -99.00  472.1       -8528.554       -17035.53    35   0.0002   0.0001     -2.002 0.246 137 -99.00    0.018
2018-05-05-17:16:38 1.11  Mocks_Em/MockNFW1280ellip5loga2.08PA50center0With_background20num17.dat L-BFGS-B     1.0e-04 0 1 0 0     NFW      360.0000   0.0003     -2.205 0.280  38 -99.00  403.5       -8660.875       -17300.17    28 360.0000   0.0003     -2.020 0.205  38 -99.00    0.015
2018-05-05-17:16:38 1.11  Mocks_Em/MockNFW1280ellip5loga2.08PA50center0With_background20num18.dat L-BFGS-B     1.0e-04 0 1 0 0     NFW        0.0001   0.0001     -2.203 0.308  37 -99.00  405.3       -8647.153       -17272.72    28   0.0001   0.0001     -2.013 0.238  37 -99.00    0.015
2018-05-05-17:16:38 1.11  Mocks_Em/MockNFW1280ellip5loga2.08PA50center0With_background20num19.dat L-BFGS-B     1.0e-04 0 1 0 0     NFW      360.0000   0.0001     -2.137 0.290  34 -99.00  466.1       -8542.074       -17062.57    28 360.0000   0.0001     -1.995 0.237  34 -99.00    0.015
2018-05-05-17:16:38 1.11  Mocks_Em/MockNFW1280ellip5loga2.08PA50center0With_background20num20.dat L-BFGS-B     1.0e-04 0 1 0 0     NFW        0.0002   0.0003     -2.231 0.294  45 -99.00  383.6        -8816.34        -17611.1    28   0.0002   0.0003     -2.009 0.205  45 -99.00    0.015
2018-05-05-17:16:38 1.11  Mocks_Em/MockNFW1280ellip5loga2.08PA50center0With_background20num21.dat L-BFGS-B     1.0e-04 0 1 0 0     NFW      359.9999  -0.0001     -2.184 0.235  37 -99.00  416.8       -8500.384       -16979.19    28 359.9999  -0.0001     -2.001 0.158  37 -99.00    0.015
2018-05-05-17:16:38 1.11  Mocks_Em/MockNFW1280ellip5loga2.08PA50center0With_background20num22.dat L-BFGS-B     1.0e-04 0 1 0 0     NFW      359.9999  -0.0002     -2.193 0.301  33 -99.00  408.2        -8569.34        -17117.1    28 359.9999  -0.0002     -2.003 0.227  33 -99.00    0.015
2018-05-05-17:16:38 1.11  Mocks_Em/MockNFW1280ellip5loga2.08PA50center0With_background20num23.dat L-BFGS-B     1.0e-04 0 1 0 0     NFW        0.0001   0.0002     -2.273 0.294  44 -99.00  357.7       -8967.838        -17914.1    28   0.0001   0.0002     -2.046 0.199  44 -99.00    0.015
2018-05-05-17:16:38 1.11  Mocks_Em/MockNFW1280ellip5loga2.08PA50center0With_background20num24.dat L-BFGS-B     1.0e-04 0 1 0 0     NFW      359.9999   0.0000     -2.241 0.293  41 -99.00  372.5       -8625.336       -17229.09    28 359.9999   0.0000     -2.024 0.207  41 -99.00    0.015
2018-05-05-17:16:38 1.11  Mocks_Em/MockNFW1280ellip5loga2.08PA50center0With_background20num25.dat L-BFGS-B     1.0e-04 0 1 0 0     NFW        0.0002  -0.0003     -2.153 0.229  37 -99.00  453.5       -8677.764       -17333.95    28   0.0002  -0.0003     -1.995 0.163  37 -99.00    0.015
2018-05-05-17:16:38 1.11  Mocks_Em/MockNFW1280ellip5loga2.08PA50center0With_background20num26.dat L-BFGS-B     1.0e-04 0 1 0 0     NFW        0.0002   0.0002     -2.250 0.308  39 -99.00  374.9       -8915.527       -17809.47    28   0.0002   0.0002     -2.017 0.217  39 -99.00    0.015
2018-05-05-17:16:38 1.11  Mocks_Em/MockNFW1280ellip5loga2.08PA50center0With_background20num27.dat L-BFGS-B     1.0e-04 0 1 0 0     NFW      359.9999  -0.0002     -2.226 0.261  42 -99.00  377.8        -8503.86       -16986.14    28 359.9999  -0.0002     -2.003 0.168  42 -99.00    0.015
2018-05-05-17:16:38 1.11  Mocks_Em/MockNFW1280ellip5loga2.08PA50center0With_background20num28.dat L-BFGS-B     1.0e-04 0 1 0 0     NFW      359.9999  -0.0001     -2.226 0.288  36 -99.00  386.7       -8680.117       -17338.65    28 359.9999  -0.0001     -2.022 0.206  36 -99.00    0.015
2018-05-05-17:16:38 1.11  Mocks_Em/MockNFW1280ellip5loga2.08PA50center0With_background20num29.dat L-BFGS-B     1.0e-04 0 1 0 0     NFW      359.9996  -0.0003     -2.200 0.332  38 -99.00  405.8       -8752.408       -17483.23    28 359.9996  -0.0003     -2.017 0.259  38 -99.00    0.015
2018-05-05-17:16:38 1.11  Mocks_Em/MockNFW1280ellip5loga2.08PA50center0With_background20num30.dat L-BFGS-B     1.0e-04 0 1 0 0     NFW      359.9999  -0.0001     -2.202 0.268  33 -99.00  406.2       -8663.953       -17306.33    28 359.9999  -0.0001     -2.007 0.189  33 -99.00    0.015
2018-05-05-17:16:38 1.11  Mocks_Em/MockNFW1280ellip5loga2.08PA50center0With_background20num31.dat L-BFGS-B     1.0e-04 0 1 0 0     NFW      359.9999   0.0000     -2.182 0.304  35 -99.00  424.1       -8627.896       -17234.21    28 359.9999   0.0000     -2.000 0.234  35 -99.00    0.015
2018-05-05-17:16:38 1.11  Mocks_Em/MockNFW1280ellip5loga2.08PA50center0With_background20num32.dat L-BFGS-B     1.0e-04 0 1 0 0     NFW      359.9997   0.0000     -2.262 0.319  40 -99.00  352.9        -8670.44        -17319.3    28 359.9997   0.0000     -2.016 0.225  40 -99.00    0.015
2018-05-05-17:16:38 1.11  Mocks_Em/MockNFW1280ellip5loga2.08PA50center0With_background20num33.dat L-BFGS-B     1.0e-04 0 1 0 0     NFW      359.9997  -0.0003     -1.977 0.385  34 -99.00  710.5       -8844.644       -17667.71    42 359.9997  -0.0003     -1.995 0.223  34 -99.00    0.022
2018-05-05-17:16:38 1.11  Mocks_Em/MockNFW1280ellip5loga2.08PA50center0With_background20num34.dat L-BFGS-B     1.0e-04 0 1 0 0     NFW        0.0002   0.0001     -2.290 0.001 138 -99.00  334.3       -8640.244       -17258.91   126   0.0002   0.0001     -2.011 0.172 138 -99.00    0.066
2018-05-05-17:16:38 1.11  Mocks_Em/MockNFW1280ellip5loga2.08PA50center0With_background20num35.dat L-BFGS-B     1.0e-04 0 1 0 0     NFW        0.0001   0.0002     -2.205 0.314  43 -99.00  399.6       -8574.746       -17127.91    28   0.0001   0.0002     -2.006 0.240  43 -99.00    0.015
2018-05-05-17:16:38 1.11  Mocks_Em/MockNFW1280ellip5loga2.08PA50center0With_background20num36.dat L-BFGS-B     1.0e-04 0 1 0 0     NFW        0.0001  -0.0001     -2.224 0.178 136 -99.00  383.6       -8543.085       -17064.59    35   0.0001  -0.0001     -2.011 0.210 136 -99.00    0.018
2018-05-05-17:16:38 1.11  Mocks_Em/MockNFW1280ellip5loga2.08PA50center0With_background20num37.dat L-BFGS-B     1.0e-04 0 1 0 0     NFW      360.0000  -0.0001     -2.028 0.526  39 -99.00  626.7       -8800.807       -17580.03    56 360.0000  -0.0001     -2.009 0.242  39 -99.00    0.030
2018-05-05-17:16:38 1.11  Mocks_Em/MockNFW1280ellip5loga2.08PA50center0With_background20num38.dat L-BFGS-B     1.0e-04 0 1 0 0     NFW      359.9999   0.0002     -2.205 0.284  37 -99.00  409.6       -8786.113       -17550.64    28 359.9999   0.0002     -2.005 0.205  37 -99.00    0.015
2018-05-05-17:16:38 1.11  Mocks_Em/MockNFW1280ellip5loga2.08PA50center0With_background20num39.dat L-BFGS-B     1.0e-04 0 1 0 0     NFW      359.9998   0.0001     -2.201 0.278  39 -99.00  405.6       -8652.912       -17284.24    28 359.9998   0.0001     -2.006 0.201  39 -99.00    0.015
2018-05-05-17:16:38 1.11  Mocks_Em/MockNFW1280ellip5loga2.08PA50center0With_background20num40.dat L-BFGS-B     1.0e-04 0 1 0 0     NFW      359.9998  -0.0004     -2.211 0.293  34 -99.00  401.8       -8887.693        -17753.8    28 359.9998  -0.0004     -2.027 0.221  34 -99.00    0.015
2018-05-05-17:16:38 1.11  Mocks_Em/MockNFW1280ellip5loga2.08PA50center0With_background20num41.dat L-BFGS-B     1.0e-04 0 1 0 0     NFW      359.9999   0.0000     -2.158 0.153 136 -99.00  449.9       -8613.406       -17205.23    35 359.9999   0.0000     -2.010 0.170 136 -99.00    0.018
2018-05-05-17:16:38 1.11  Mocks_Em/MockNFW1280ellip5loga2.08PA50center0With_background20num42.dat L-BFGS-B     1.0e-04 0 1 0 0     NFW        0.0001   0.0001     -2.244 0.310  35 -99.00  368.6       -8627.944       -17234.31    28   0.0001   0.0001     -2.014 0.218  35 -99.00    0.015
2018-05-05-17:16:38 1.11  Mocks_Em/MockNFW1280ellip5loga2.08PA50center0With_background20num43.dat L-BFGS-B     1.0e-04 0 1 0 0     NFW        0.0000  -0.0003     -2.135 0.270  34 -99.00  472.2       -8655.105       -17288.63    28   0.0000  -0.0003     -1.993 0.215  34 -99.00    0.014
2018-05-05-17:16:38 1.11  Mocks_Em/MockNFW1280ellip5loga2.08PA50center0With_background20num44.dat L-BFGS-B     1.0e-04 0 1 0 0     NFW      359.9999  -0.0002     -2.247 0.329  40 -99.00  371.9       -8830.491        -17639.4    28 359.9999  -0.0002     -2.032 0.250  40 -99.00    0.015
2018-05-05-17:16:38 1.11  Mocks_Em/MockNFW1280ellip5loga2.08PA50center0With_background20num45.dat L-BFGS-B     1.0e-04 0 1 0 0     NFW      359.9997   0.0002     -2.179 0.294  42 -99.00  436.1       -8871.964       -17722.35    28 359.9997   0.0002     -2.002 0.227  42 -99.00    0.015
2018-05-05-17:16:38 1.11  Mocks_Em/MockNFW1280ellip5loga2.08PA50center0With_background20num46.dat L-BFGS-B     1.0e-04 0 1 0 0     NFW        0.0003  -0.0001     -2.249 0.335  35 -99.00  366.9       -8754.869       -17488.16    28   0.0003  -0.0001     -2.016 0.249  35 -99.00    0.015
2018-05-05-17:16:38 1.11  Mocks_Em/MockNFW1280ellip5loga2.08PA50center0With_background20num47.dat L-BFGS-B     1.0e-04 0 1 0 0     NFW        0.0001  -0.0001     -2.247 0.292  40 -99.00  373.3       -8798.846       -17576.11    28   0.0001  -0.0001     -2.030 0.204  39 -99.00    0.015
2018-05-05-17:16:38 1.11  Mocks_Em/MockNFW1280ellip5loga2.08PA50center0With_background20num48.dat L-BFGS-B     1.0e-04 0 1 0 0     NFW        0.0002  -0.0002     -2.185 0.262  41 -99.00  423.2       -8740.552       -17459.52    28   0.0002  -0.0002     -2.018 0.193  41 -99.00    0.015
2018-05-05-17:16:38 1.11  Mocks_Em/MockNFW1280ellip5loga2.08PA50center0With_background20num49.dat L-BFGS-B     1.0e-04 0 1 0 0     NFW        0.0003   0.0003     -2.202 0.262  35 -99.00  409.6       -8841.829       -17662.08    28   0.0003   0.0003     -2.015 0.185  35 -99.00    0.015
2018-05-05-17:16:38 1.11  Mocks_Em/MockNFW1280ellip5loga2.08PA50center0With_background20num50.dat L-BFGS-B     1.0e-04 0 1 0 0     NFW      359.9999  -0.0001     -2.152 0.229  34 -99.00  457.2       -8663.749       -17305.92    28 359.9999  -0.0001     -2.003 0.164  34 -99.00    0.015
2018-05-05-17:16:38 1.11  Mocks_Em/MockNFW1280ellip5loga2.08PA50center0With_background20num51.dat L-BFGS-B     1.0e-04 0 1 0 0     NFW      360.0000  -0.0001     -2.140 0.259  34 -99.00  472.2       -8664.118       -17306.65    28 360.0000  -0.0001     -2.005 0.199  34 -99.00    0.015
2018-05-05-17:16:38 1.11  Mocks_Em/MockNFW1280ellip5loga2.08PA50center0With_background20num52.dat L-BFGS-B     1.0e-04 0 1 0 0     NFW        0.0003   0.0000     -2.195 0.278  42 -99.00  412.5       -8699.068       -17376.56    28   0.0003   0.0000     -2.001 0.201  42 -99.00    0.015
2018-05-05-17:16:38 1.11  Mocks_Em/MockNFW1280ellip5loga2.08PA50center0With_background20num53.dat L-BFGS-B     1.0e-04 0 1 0 0     NFW        0.0000   0.0000     -2.199 0.294  41 -99.00  418.8       -8797.013       -17572.45    28   0.0000   0.0000     -2.012 0.222  41 -99.00    0.015
2018-05-05-17:16:38 1.11  Mocks_Em/MockNFW1280ellip5loga2.08PA50center0With_background20num54.dat L-BFGS-B     1.0e-04 0 1 0 0     NFW        0.0004   0.0002     -2.137 0.242  35 -99.00  475.8       -8865.618       -17709.66    28   0.0004   0.0002     -2.008 0.189  35 -99.00    0.015
2018-05-05-17:16:38 1.11  Mocks_Em/MockNFW1280ellip5loga2.08PA50center0With_background20num55.dat L-BFGS-B     1.0e-04 0 1 0 0     NFW      359.9999  -0.0000     -2.222 0.310  35 -99.00  384.0       -8561.266       -17100.95    28 359.9999  -0.0000     -2.015 0.232  35 -99.00    0.015
2018-05-05-17:16:38 1.11  Mocks_Em/MockNFW1280ellip5loga2.08PA50center0With_background20num56.dat L-BFGS-B     1.0e-04 0 1 0 0     NFW      360.0000   0.0001     -2.231 0.290  41 -99.00  372.8       -8457.633       -16893.68    28 360.0000   0.0001     -2.013 0.203  41 -99.00    0.015
2018-05-05-17:16:38 1.11  Mocks_Em/MockNFW1280ellip5loga2.08PA50center0With_background20num57.dat L-BFGS-B     1.0e-04 0 1 0 0     NFW      360.0000  -0.0000     -2.210 0.296  41 -99.00  397.0       -8570.925       -17120.27    28 360.0000  -0.0000     -2.007 0.218  41 -99.00    0.014
2018-05-05-17:16:38 1.11  Mocks_Em/MockNFW1280ellip5loga2.08PA50center0With_background20num58.dat L-BFGS-B     1.0e-04 0 1 0 0     NFW      359.9999  -0.0003     -2.249 0.300  40 -99.00  365.9        -8740.31       -17459.04    28 359.9999  -0.0003     -2.016 0.208  40 -99.00    0.015
2018-05-05-17:16:38 1.11  Mocks_Em/MockNFW1280ellip5loga2.08PA50center0With_background20num59.dat L-BFGS-B     1.0e-04 0 1 0 0     NFW      359.9997   0.0001     -2.192 0.263  35 -99.00  409.4       -8616.116       -17210.65    28 359.9997   0.0001     -2.001 0.186  35 -99.00    0.015
2018-05-05-17:16:38 1.11  Mocks_Em/MockNFW1280ellip5loga2.08PA50center0With_background20num60.dat L-BFGS-B     1.0e-04 0 1 0 0     NFW        0.0001   0.0001     -2.220 0.284  38 -99.00  394.5       -8743.026       -17464.47    28   0.0001   0.0001     -2.018 0.203  37 -99.00    0.015
2018-05-05-17:16:38 1.11  Mocks_Em/MockNFW1280ellip5loga2.08PA50center0With_background20num61.dat L-BFGS-B     1.0e-04 0 1 0 0     NFW        0.0002   0.0000     -2.264 0.287  40 -99.00  357.4       -8769.451       -17517.32    28   0.0002   0.0000     -2.044 0.197  40 -99.00    0.015
2018-05-05-17:16:38 1.11  Mocks_Em/MockNFW1280ellip5loga2.08PA50center0With_background20num62.dat L-BFGS-B     1.0e-04 0 1 0 0     NFW        0.0002   0.0003     -1.982 0.527  40 -99.00  706.3       -8876.769       -17731.96    63   0.0002   0.0003     -2.006 0.195  40 -99.00    0.034
2018-05-05-17:16:38 1.11  Mocks_Em/MockNFW1280ellip5loga2.08PA50center0With_background20num63.dat L-BFGS-B     1.0e-04 0 1 0 0     NFW        0.0001  -0.0000     -2.251 0.318  39 -99.00  360.3       -8544.991        -17068.4    28   0.0001  -0.0000     -2.011 0.226  39 -99.00    0.014
2018-05-05-17:16:38 1.11  Mocks_Em/MockNFW1280ellip5loga2.08PA50center0With_background20num64.dat L-BFGS-B     1.0e-04 0 1 0 0     NFW        0.0003  -0.0001     -2.185 0.275  39 -99.00  423.0       -8732.159       -17442.74    28   0.0003  -0.0001     -1.997 0.200  39 -99.00    0.015
2018-05-05-17:16:38 1.11  Mocks_Em/MockNFW1280ellip5loga2.08PA50center0With_background20num65.dat L-BFGS-B     1.0e-04 0 1 0 0     NFW      359.9999   0.0001     -2.174 0.253  37 -99.00  436.7       -8688.651       -17355.72    28 359.9999   0.0001     -1.994 0.179  37 -99.00    0.015
2018-05-05-17:16:38 1.11  Mocks_Em/MockNFW1280ellip5loga2.08PA50center0With_background20num66.dat L-BFGS-B     1.0e-04 0 1 0 0     NFW        0.0002  -0.0001     -2.267 0.302  40 -99.00  349.9       -8639.312       -17257.04    28   0.0002  -0.0001     -2.017 0.202  40 -99.00    0.015
2018-05-05-17:16:38 1.11  Mocks_Em/MockNFW1280ellip5loga2.08PA50center0With_background20num67.dat L-BFGS-B     1.0e-04 0 1 0 0     NFW        0.0002  -0.0001     -2.179 0.239  34 -99.00  426.9         -8606.2       -17190.82    28   0.0002  -0.0001     -2.017 0.171  34 -99.00    0.015
2018-05-05-17:16:38 1.11  Mocks_Em/MockNFW1280ellip5loga2.08PA50center0With_background20num68.dat L-BFGS-B     1.0e-04 0 1 0 0     NFW        0.0000  -0.0001     -2.217 0.313  40 -99.00  395.4       -8696.493        -17371.4    28   0.0000  -0.0001     -2.017 0.237  40 -99.00    0.015
2018-05-05-17:16:38 1.11  Mocks_Em/MockNFW1280ellip5loga2.08PA50center0With_background20num69.dat L-BFGS-B     1.0e-04 0 1 0 0     NFW      359.9998   0.0002     -2.258 0.328  45 -99.00  354.6       -8614.703       -17207.83    28 359.9998   0.0002     -2.017 0.238  45 -99.00    0.014
2018-05-05-17:16:38 1.11  Mocks_Em/MockNFW1280ellip5loga2.08PA50center0With_background20num70.dat L-BFGS-B     1.0e-04 0 1 0 0     NFW      360.0000   0.0000     -2.079 0.434  39 -99.00  540.1       -8598.802       -17176.02    49 360.0000   0.0000     -2.015 0.200  39 -99.00    0.025
2018-05-05-17:16:38 1.11  Mocks_Em/MockNFW1280ellip5loga2.08PA50center0With_background20num71.dat L-BFGS-B     1.0e-04 0 1 0 0     NFW      359.9998  -0.0003     -2.241 0.258  37 -99.00  375.0       -8816.474       -17611.37    28 359.9998  -0.0003     -2.025 0.166  37 -99.00    0.015
2018-05-05-17:16:38 1.11  Mocks_Em/MockNFW1280ellip5loga2.08PA50center0With_background20num72.dat L-BFGS-B     1.0e-04 0 1 0 0     NFW      360.0000  -0.0000     -2.272 0.331  39 -99.00  354.9       -8809.214       -17596.85    28 360.0000  -0.0000     -2.031 0.236  39 -99.00    0.015
2018-05-05-17:16:38 1.11  Mocks_Em/MockNFW1280ellip5loga2.08PA50center0With_background20num73.dat L-BFGS-B     1.0e-04 0 1 0 0     NFW      359.9998  -0.0000     -2.320 0.000 138 -99.00  313.4       -8531.358       -17041.14   140 359.9998  -0.0000     -1.992 0.196 138 -99.00    0.072
2018-05-05-17:16:38 1.11  Mocks_Em/MockNFW1280ellip5loga2.08PA50center0With_background20num74.dat L-BFGS-B     1.0e-04 0 1 0 0     NFW        0.0002  -0.0001     -2.142 0.257  40 -99.00  466.0       -8568.749       -17115.92    28   0.0002  -0.0001     -2.005 0.202  40 -99.00    0.014
2018-05-05-17:16:38 1.11  Mocks_Em/MockNFW1280ellip5loga2.08PA50center0With_background20num75.dat L-BFGS-B     1.0e-04 0 1 0 0     NFW      359.9999  -0.0002     -2.236 0.270  35 -99.00  378.1       -8704.826       -17388.07    28 359.9999  -0.0002     -2.016 0.179  35 -99.00    0.015
2018-05-05-17:16:38 1.11  Mocks_Em/MockNFW1280ellip5loga2.08PA50center0With_background20num76.dat L-BFGS-B     1.0e-04 0 1 0 0     NFW        0.0005   0.0002     -2.218 0.306  39 -99.00  387.3       -8672.682       -17323.78    28   0.0005   0.0002     -2.004 0.224  39 -99.00    0.015
2018-05-05-17:16:38 1.11  Mocks_Em/MockNFW1280ellip5loga2.08PA50center0With_background20num77.dat L-BFGS-B     1.0e-04 0 1 0 0     NFW        0.0001   0.0001     -2.138 0.244  32 -99.00  481.9       -8838.637       -17655.69    28   0.0001   0.0001     -2.022 0.196  32 -99.00    0.015
2018-05-05-17:16:38 1.11  Mocks_Em/MockNFW1280ellip5loga2.08PA50center0With_background20num78.dat L-BFGS-B     1.0e-04 0 1 0 0     NFW      359.9999   0.0002     -2.256 0.315  42 -99.00  360.4       -8677.996       -17334.41    28 359.9999   0.0002     -2.015 0.223  41 -99.00    0.015
2018-05-05-17:16:38 1.11  Mocks_Em/MockNFW1280ellip5loga2.08PA50center0With_background20num79.dat L-BFGS-B     1.0e-04 0 1 0 0     NFW        0.0003  -0.0000     -2.207 0.295  39 -99.00  404.0       -8783.636       -17545.69    28   0.0003  -0.0000     -2.012 0.219  39 -99.00    0.015
2018-05-05-17:16:38 1.11  Mocks_Em/MockNFW1280ellip5loga2.08PA50center0With_background20num80.dat L-BFGS-B     1.0e-04 0 1 0 0     NFW        0.0004   0.0003     -2.275 0.301  36 -99.00  345.1       -8784.103       -17546.62    28   0.0004   0.0003     -2.028 0.193  36 -99.00    0.015
2018-05-05-17:16:38 1.11  Mocks_Em/MockNFW1280ellip5loga2.08PA50center0With_background20num81.dat L-BFGS-B     1.0e-04 0 1 0 0     NFW        0.0000  -0.0003     -2.175 0.270  37 -99.00  441.2       -8867.582       -17713.58    28   0.0000  -0.0003     -2.015 0.207  37 -99.00    0.015
2018-05-05-17:16:38 1.11  Mocks_Em/MockNFW1280ellip5loga2.08PA50center0With_background20num82.dat L-BFGS-B     1.0e-04 0 1 0 0     NFW        0.0005   0.0005     -2.093 0.434  36 -99.00  520.2       -8841.876       -17662.17    49   0.0005   0.0005     -1.999 0.227  36 -99.00    0.027
2018-05-05-17:16:38 1.11  Mocks_Em/MockNFW1280ellip5loga2.08PA50center0With_background20num83.dat L-BFGS-B     1.0e-04 0 1 0 0     NFW      360.0000   0.0001     -2.170 0.140 136 -99.00  439.7       -8664.142        -17306.7    35 360.0000   0.0001     -2.009 0.158 136 -99.00    0.019
2018-05-05-17:16:38 1.11  Mocks_Em/MockNFW1280ellip5loga2.08PA50center0With_background20num84.dat L-BFGS-B     1.0e-04 0 1 0 0     NFW      359.9998   0.0001     -2.244 0.315  41 -99.00  374.7       -8814.946       -17608.31    28 359.9998   0.0001     -2.022 0.228  40 -99.00    0.015
2018-05-05-17:16:38 1.11  Mocks_Em/MockNFW1280ellip5loga2.08PA50center0With_background20num85.dat L-BFGS-B     1.0e-04 0 1 0 0     NFW      359.9999   0.0003     -2.252 0.331  38 -99.00  369.0       -8877.506       -17733.43    28 359.9999   0.0003     -2.026 0.241  37 -99.00    0.015
2018-05-05-17:16:38 1.11  Mocks_Em/MockNFW1280ellip5loga2.08PA50center0With_background20num86.dat L-BFGS-B     1.0e-04 0 1 0 0     NFW        0.0001   0.0001     -2.093 0.529  43 -99.00  528.2        -8766.79          -17512    63   0.0001   0.0001     -2.027 0.202  43 -99.00    0.034
2018-05-05-17:16:38 1.11  Mocks_Em/MockNFW1280ellip5loga2.08PA50center0With_background20num87.dat L-BFGS-B     1.0e-04 0 1 0 0     NFW        0.0002   0.0000     -2.071 0.466  38 -99.00  564.8       -8921.886       -17822.19    56   0.0002   0.0000     -2.027 0.201  38 -99.00    0.031
2018-05-05-17:16:38 1.11  Mocks_Em/MockNFW1280ellip5loga2.08PA50center0With_background20num88.dat L-BFGS-B     1.0e-04 0 1 0 0     NFW        0.0000   0.0001     -2.281 0.308  40 -99.00  341.6       -8668.855       -17316.13    28   0.0000   0.0001     -2.016 0.202  40 -99.00    0.015
2018-05-05-17:16:38 1.11  Mocks_Em/MockNFW1280ellip5loga2.08PA50center0With_background20num89.dat L-BFGS-B     1.0e-04 0 1 0 0     NFW        0.0003   0.0000     -2.228 0.289  41 -99.00  385.4       -8783.495       -17545.41    28   0.0003   0.0000     -2.019 0.206  41 -99.00    0.015
2018-05-05-17:16:38 1.11  Mocks_Em/MockNFW1280ellip5loga2.08PA50center0With_background20num90.dat L-BFGS-B     1.0e-04 0 1 0 0     NFW        0.0003   0.0001     -2.270 0.272  38 -99.00  351.0       -8792.685       -17563.79    28   0.0003   0.0001     -2.029 0.168  38 -99.00    0.015
2018-05-05-17:16:38 1.11  Mocks_Em/MockNFW1280ellip5loga2.08PA50center0With_background20num91.dat L-BFGS-B     1.0e-04 0 1 0 0     NFW      359.9998   0.0000     -2.185 0.284  34 -99.00  432.7       -8886.081       -17750.58    28 359.9998   0.0000     -2.011 0.217  34 -99.00    0.015
2018-05-05-17:16:38 1.11  Mocks_Em/MockNFW1280ellip5loga2.08PA50center0With_background20num92.dat L-BFGS-B     1.0e-04 0 1 0 0     NFW        0.0002   0.0002     -1.961 0.569  41 -99.00  724.9       -8659.206       -17296.83    63   0.0002   0.0002     -2.000 0.240  41 -99.00    0.034
2018-05-05-17:16:38 1.11  Mocks_Em/MockNFW1280ellip5loga2.08PA50center0With_background20num93.dat L-BFGS-B     1.0e-04 0 1 0 0     NFW      359.9999   0.0000     -2.273 0.299  38 -99.00  348.3       -8669.566       -17317.55    28 359.9999   0.0000     -2.027 0.199  38 -99.00    0.015
2018-05-05-17:16:38 1.11  Mocks_Em/MockNFW1280ellip5loga2.08PA50center0With_background20num94.dat L-BFGS-B     1.0e-04 0 1 0 0     NFW      359.9999   0.0001     -2.242 0.312  43 -99.00  368.8        -8580.68       -17139.78    28 359.9999   0.0001     -2.005 0.220  43 -99.00    0.015
2018-05-05-17:16:38 1.11  Mocks_Em/MockNFW1280ellip5loga2.08PA50center0With_background20num95.dat L-BFGS-B     1.0e-04 0 1 0 0     NFW      359.9998   0.0000     -2.064 0.455  38 -99.00  562.8       -8651.457       -17281.33    56 359.9998   0.0000     -2.006 0.208  38 -99.00    0.031
2018-05-05-17:16:38 1.11  Mocks_Em/MockNFW1280ellip5loga2.08PA50center0With_background20num96.dat L-BFGS-B     1.0e-04 0 1 0 0     NFW      360.0000   0.0001     -2.193 0.277  44 -99.00  413.3       -8578.082       -17134.58    28 360.0000   0.0001     -2.006 0.203  44 -99.00    0.016
2018-05-05-17:16:38 1.11  Mocks_Em/MockNFW1280ellip5loga2.08PA50center0With_background20num97.dat L-BFGS-B     1.0e-04 0 1 0 0     NFW      360.0000   0.0001     -2.192 0.281  35 -99.00  414.1       -8592.218       -17162.85    28 360.0000   0.0001     -1.998 0.201  35 -99.00    0.016
2018-05-05-17:16:38 1.11  Mocks_Em/MockNFW1280ellip5loga2.08PA50center0With_background20num98.dat L-BFGS-B     1.0e-04 0 1 0 0     NFW      359.9998  -0.0001     -2.189 0.285  37 -99.00  422.6       -8740.557       -17459.53    28 359.9998  -0.0001     -2.003 0.212  37 -99.00    0.015
2018-05-05-17:16:38 1.11  Mocks_Em/MockNFW1280ellip5loga2.08PA50center0With_background20num99.dat L-BFGS-B     1.0e-04 0 1 0 0     NFW      359.9999   0.0000     -2.162 0.232  33 -99.00  444.1       -8623.174       -17224.77    28 359.9999   0.0000     -2.016 0.170  33 -99.00    0.015
