2018-05-05-17:17:25 1.11  Mocks_Em/MockNFW1280ellip5loga2.08PA50center0With_background20num0.dat BFGS         1.0e-04 0 1 0 0     NFW      359.9999   0.0000     -2.032 0.169  37 -99.00  628.9       -8846.421       -17671.26   820 359.9999   0.0000     -2.032 0.169  37 -99.00    0.307
2018-05-05-17:17:25 1.11  Mocks_Em/MockNFW1280ellip5loga2.08PA50center0With_background20num1.dat BFGS         1.0e-04 0 1 0 0     NFW        0.0003  -0.0001     -2.010 0.228  38 -99.00  644.1       -8708.775       -17395.97   820   0.0003  -0.0001     -2.010 0.228  38 -99.00    0.263
2018-05-05-17:17:25 1.11  Mocks_Em/MockNFW1280ellip5loga2.08PA50center0With_background20num2.dat BFGS         1.0e-04 0 1 0 0     NFW      359.9999   0.0001     -2.015 0.206  39 -99.00  639.8       -8656.353       -17291.13   820 359.9999   0.0001     -2.015 0.206  39 -99.00    0.259
2018-05-05-17:17:25 1.11  Mocks_Em/MockNFW1280ellip5loga2.08PA50center0With_background20num3.dat BFGS         1.0e-04 0 1 0 0     NFW        0.0004  -0.0001     -2.008 0.162  38 -99.00  646.9       -8703.928       -17386.28   820   0.0004  -0.0001     -2.008 0.162  38 -99.00    0.261
2018-05-05-17:17:25 1.11  Mocks_Em/MockNFW1280ellip5loga2.08PA50center0With_background20num4.dat BFGS         1.0e-04 0 1 0 0     NFW        0.0001   0.0000     -1.998 0.206  32 -99.00  662.9       -8596.654       -17171.73   820   0.0001   0.0000     -1.998 0.206  32 -99.00    0.259
2018-05-05-17:17:25 1.11  Mocks_Em/MockNFW1280ellip5loga2.08PA50center0With_background20num5.dat BFGS         1.0e-04 0 1 0 0     NFW        0.0002  -0.0002     -1.989 0.181  44 -99.00  667.4       -8530.848       -17040.11   820   0.0002  -0.0002     -1.989 0.181  44 -99.00    0.259
2018-05-05-17:17:25 1.11  Mocks_Em/MockNFW1280ellip5loga2.08PA50center0With_background20num6.dat BFGS         1.0e-04 0 1 0 0     NFW      360.0000  -0.0001     -2.014 0.212  39 -99.00  639.9       -8651.266       -17280.95   820 360.0000  -0.0001     -2.014 0.212  39 -99.00    0.263
2018-05-05-17:17:25 1.11  Mocks_Em/MockNFW1280ellip5loga2.08PA50center0With_background20num7.dat BFGS         1.0e-04 0 1 0 0     NFW      359.9997   0.0001     -2.014 0.207  39 -99.00  623.8       -8565.788          -17110   820 359.9997   0.0001     -2.014 0.207  39 -99.00    0.263
2018-05-05-17:17:25 1.11  Mocks_Em/MockNFW1280ellip5loga2.08PA50center0With_background20num8.dat BFGS         1.0e-04 0 1 0 0     NFW      359.9999   0.0001     -2.031 0.147  39 -99.00  629.3       -8852.312       -17683.04   820 359.9999   0.0001     -2.031 0.147  39 -99.00    0.267
2018-05-05-17:17:25 1.11  Mocks_Em/MockNFW1280ellip5loga2.08PA50center0With_background20num9.dat BFGS         1.0e-04 0 1 0 0     NFW      359.9999   0.0000     -1.989 0.203  42 -99.00  683.6       -8622.932       -17224.28   820 359.9999   0.0000     -1.989 0.203  42 -99.00    0.266
2018-05-05-17:17:25 1.11  Mocks_Em/MockNFW1280ellip5loga2.08PA50center0With_background20num10.dat BFGS         1.0e-04 0 1 0 0     NFW        0.0002  -0.0000     -2.004 0.197  42 -99.00  657.7       -8706.858       -17392.13   820   0.0002  -0.0000     -2.004 0.197  42 -99.00    0.264
2018-05-05-17:17:25 1.11  Mocks_Em/MockNFW1280ellip5loga2.08PA50center0With_background20num11.dat BFGS         1.0e-04 0 1 0 0     NFW      359.9999  -0.0000     -2.026 0.176  41 -99.00  629.0       -8790.412       -17559.24   820 359.9999  -0.0000     -2.026 0.176  41 -99.00    0.261
2018-05-05-17:17:25 1.11  Mocks_Em/MockNFW1280ellip5loga2.08PA50center0With_background20num12.dat BFGS         1.0e-04 0 1 0 0     NFW        0.0003   0.0000     -2.008 0.212  40 -99.00  646.7       -8689.227       -17356.87   820   0.0003   0.0000     -2.008 0.212  40 -99.00    0.260
2018-05-05-17:17:25 1.11  Mocks_Em/MockNFW1280ellip5loga2.08PA50center0With_background20num13.dat BFGS         1.0e-04 0 1 0 0     NFW      359.9999  -0.0001     -2.009 0.205 135 -99.00  654.9       -8715.457       -17409.33   820 359.9999  -0.0001     -2.009 0.205 135 -99.00    0.261
2018-05-05-17:17:25 1.11  Mocks_Em/MockNFW1280ellip5loga2.08PA50center0With_background20num14.dat BFGS         1.0e-04 0 1 0 0     NFW      359.9998   0.0000     -2.025 0.216 136 -99.00  626.2       -8692.616       -17363.65   820 359.9998   0.0000     -2.025 0.216 136 -99.00    0.259
2018-05-05-17:17:25 1.11  Mocks_Em/MockNFW1280ellip5loga2.08PA50center0With_background20num15.dat BFGS         1.0e-04 0 1 0 0     NFW      359.9998   0.0001     -2.007 0.234  39 -99.00  648.0       -8664.942        -17308.3   820 359.9998   0.0001     -2.007 0.234  39 -99.00    0.260
2018-05-05-17:17:25 1.11  Mocks_Em/MockNFW1280ellip5loga2.08PA50center0With_background20num16.dat BFGS         1.0e-04 0 1 0 0     NFW        0.0002   0.0001     -2.002 0.246 137 -99.00  653.2       -8525.787       -17029.99   820   0.0002   0.0001     -2.002 0.246 137 -99.00    0.259
2018-05-05-17:17:25 1.11  Mocks_Em/MockNFW1280ellip5loga2.08PA50center0With_background20num17.dat BFGS         1.0e-04 0 1 0 0     NFW      360.0000   0.0003     -2.020 0.205  38 -99.00  628.5       -8649.262       -17276.94   820 360.0000   0.0003     -2.020 0.205  38 -99.00    0.258
2018-05-05-17:17:25 1.11  Mocks_Em/MockNFW1280ellip5loga2.08PA50center0With_background20num18.dat BFGS         1.0e-04 0 1 0 0     NFW        0.0001   0.0001     -2.013 0.238  37 -99.00  638.1       -8635.374       -17249.17   820   0.0001   0.0001     -2.013 0.238  37 -99.00    0.259
2018-05-05-17:17:25 1.11  Mocks_Em/MockNFW1280ellip5loga2.08PA50center0With_background20num19.dat BFGS         1.0e-04 0 1 0 0     NFW      360.0000   0.0001     -1.995 0.237  34 -99.00  663.9       -8535.739        -17049.9   820 360.0000   0.0001     -1.995 0.237  34 -99.00    0.257
2018-05-05-17:17:25 1.11  Mocks_Em/MockNFW1280ellip5loga2.08PA50center0With_background20num20.dat BFGS         1.0e-04 0 1 0 0     NFW        0.0002   0.0003     -2.009 0.205  45 -99.00  648.2       -8799.577       -17577.57   820   0.0002   0.0003     -2.009 0.205  45 -99.00    0.261
2018-05-05-17:17:25 1.11  Mocks_Em/MockNFW1280ellip5loga2.08PA50center0With_background20num21.dat BFGS         1.0e-04 0 1 0 0     NFW      359.9999  -0.0001     -2.001 0.158  37 -99.00  649.3       -8490.417       -16959.25   820 359.9999  -0.0001     -2.001 0.158  37 -99.00    0.258
2018-05-05-17:17:25 1.11  Mocks_Em/MockNFW1280ellip5loga2.08PA50center0With_background20num22.dat BFGS         1.0e-04 0 1 0 0     NFW      359.9999  -0.0002     -2.003 0.227  33 -99.00  646.8       -8557.287       -17092.99   820 359.9999  -0.0002     -2.003 0.227  33 -99.00    0.259
2018-05-05-17:17:25 1.11  Mocks_Em/MockNFW1280ellip5loga2.08PA50center0With_background20num23.dat BFGS         1.0e-04 0 1 0 0     NFW        0.0001   0.0002     -2.046 0.199  44 -99.00  602.6       -8948.356       -17875.13   820   0.0001   0.0002     -2.046 0.199  44 -99.00    0.269
2018-05-05-17:17:25 1.11  Mocks_Em/MockNFW1280ellip5loga2.08PA50center0With_background20num24.dat BFGS         1.0e-04 0 1 0 0     NFW      359.9999   0.0000     -2.024 0.207  41 -99.00  620.9       -8609.276       -17196.97   820 359.9999   0.0000     -2.024 0.207  41 -99.00    0.265
2018-05-05-17:17:25 1.11  Mocks_Em/MockNFW1280ellip5loga2.08PA50center0With_background20num25.dat BFGS         1.0e-04 0 1 0 0     NFW        0.0002  -0.0003     -1.995 0.163  37 -99.00  668.0       -8670.357       -17319.13   820   0.0002  -0.0003     -1.995 0.163  37 -99.00    0.261
2018-05-05-17:17:25 1.11  Mocks_Em/MockNFW1280ellip5loga2.08PA50center0With_background20num26.dat BFGS         1.0e-04 0 1 0 0     NFW        0.0002   0.0002     -2.017 0.217  39 -99.00  647.4       -8897.008       -17772.44   820   0.0002   0.0002     -2.017 0.217  39 -99.00    0.273
2018-05-05-17:17:25 1.11  Mocks_Em/MockNFW1280ellip5loga2.08PA50center0With_background20num27.dat BFGS         1.0e-04 0 1 0 0     NFW      359.9999  -0.0002     -2.003 0.168  42 -99.00  642.4       -8488.412       -16955.24   820 359.9999  -0.0002     -2.003 0.168  42 -99.00    0.258
2018-05-05-17:17:25 1.11  Mocks_Em/MockNFW1280ellip5loga2.08PA50center0With_background20num28.dat BFGS         1.0e-04 0 1 0 0     NFW      359.9999  -0.0001     -2.022 0.206  36 -99.00  627.6       -8665.852       -17310.12   820 359.9999  -0.0001     -2.022 0.206  36 -99.00    0.259
2018-05-05-17:17:25 1.11  Mocks_Em/MockNFW1280ellip5loga2.08PA50center0With_background20num29.dat BFGS         1.0e-04 0 1 0 0     NFW      359.9996  -0.0003     -2.017 0.259  38 -99.00  627.4       -8740.008       -17458.43   820 359.9996  -0.0003     -2.017 0.259  38 -99.00    0.260
2018-05-05-17:17:25 1.11  Mocks_Em/MockNFW1280ellip5loga2.08PA50center0With_background20num30.dat BFGS         1.0e-04 0 1 0 0     NFW      359.9999  -0.0001     -2.007 0.189  33 -99.00  649.3       -8651.599       -17281.62   820 359.9999  -0.0001     -2.007 0.189  33 -99.00    0.259
2018-05-05-17:17:25 1.11  Mocks_Em/MockNFW1280ellip5loga2.08PA50center0With_background20num31.dat BFGS         1.0e-04 0 1 0 0     NFW      359.9999   0.0000     -2.000 0.234  35 -99.00  660.8       -8617.232       -17212.88   820 359.9999   0.0000     -2.000 0.234  35 -99.00    0.259
2018-05-05-17:17:25 1.11  Mocks_Em/MockNFW1280ellip5loga2.08PA50center0With_background20num32.dat BFGS         1.0e-04 0 1 0 0     NFW      359.9997   0.0000     -2.016 0.225  40 -99.00  625.8       -8649.814       -17278.05   820 359.9997   0.0000     -2.016 0.225  40 -99.00    0.259
2018-05-05-17:17:25 1.11  Mocks_Em/MockNFW1280ellip5loga2.08PA50center0With_background20num33.dat BFGS         1.0e-04 0 1 0 0     NFW      359.9997  -0.0003     -1.995 0.223  34 -99.00  677.7       -8835.764       -17649.95   820 359.9997  -0.0003     -1.995 0.223  34 -99.00    0.262
2018-05-05-17:17:25 1.11  Mocks_Em/MockNFW1280ellip5loga2.08PA50center0With_background20num34.dat BFGS         1.0e-04 0 1 0 0     NFW        0.0002   0.0001     -2.011 0.172 138 -99.00  638.7       -8610.114       -17198.65   820   0.0002   0.0001     -2.011 0.172 138 -99.00    0.259
2018-05-05-17:17:25 1.11  Mocks_Em/MockNFW1280ellip5loga2.08PA50center0With_background20num35.dat BFGS         1.0e-04 0 1 0 0     NFW        0.0001   0.0002     -2.006 0.240  43 -99.00  645.8        -8561.82       -17102.06   820   0.0001   0.0002     -2.006 0.240  43 -99.00    0.258
2018-05-05-17:17:25 1.11  Mocks_Em/MockNFW1280ellip5loga2.08PA50center0With_background20num36.dat BFGS         1.0e-04 0 1 0 0     NFW        0.0001  -0.0001     -2.011 0.210 136 -99.00  637.6       -8535.529       -17049.48   820   0.0001  -0.0001     -2.011 0.210 136 -99.00    0.265
2018-05-05-17:17:25 1.11  Mocks_Em/MockNFW1280ellip5loga2.08PA50center0With_background20num37.dat BFGS         1.0e-04 0 1 0 0     NFW      360.0000  -0.0001     -2.009 0.242  39 -99.00  658.5       -8778.784       -17535.99   820 360.0000  -0.0001     -2.009 0.242  39 -99.00    0.273
2018-05-05-17:17:25 1.11  Mocks_Em/MockNFW1280ellip5loga2.08PA50center0With_background20num38.dat BFGS         1.0e-04 0 1 0 0     NFW      359.9999   0.0002     -2.005 0.205  37 -99.00  661.7       -8773.158       -17524.74   820 359.9999   0.0002     -2.005 0.205  37 -99.00    0.290
2018-05-05-17:17:25 1.11  Mocks_Em/MockNFW1280ellip5loga2.08PA50center0With_background20num39.dat BFGS         1.0e-04 0 1 0 0     NFW      359.9998   0.0001     -2.006 0.201  39 -99.00  647.6       -8640.627       -17259.67   820 359.9998   0.0001     -2.006 0.201  39 -99.00    0.289
2018-05-05-17:17:25 1.11  Mocks_Em/MockNFW1280ellip5loga2.08PA50center0With_background20num40.dat BFGS         1.0e-04 0 1 0 0     NFW      359.9998  -0.0004     -2.027 0.221  34 -99.00  619.6       -8875.514       -17729.45   820 359.9998  -0.0004     -2.027 0.221  34 -99.00    0.291
2018-05-05-17:17:25 1.11  Mocks_Em/MockNFW1280ellip5loga2.08PA50center0With_background20num41.dat BFGS         1.0e-04 0 1 0 0     NFW      359.9999   0.0000     -2.010 0.170 136 -99.00  646.6        -8609.74        -17197.9   820 359.9999   0.0000     -2.010 0.170 136 -99.00    0.289
2018-05-05-17:17:25 1.11  Mocks_Em/MockNFW1280ellip5loga2.08PA50center0With_background20num42.dat BFGS         1.0e-04 0 1 0 0     NFW        0.0001   0.0001     -2.014 0.218  35 -99.00  633.8       -8610.121       -17198.66   820   0.0001   0.0001     -2.014 0.218  35 -99.00    0.289
2018-05-05-17:17:25 1.11  Mocks_Em/MockNFW1280ellip5loga2.08PA50center0With_background20num43.dat BFGS         1.0e-04 0 1 0 0     NFW        0.0000  -0.0003     -1.993 0.215  34 -99.00  671.1       -8648.816       -17276.05   820   0.0000  -0.0003     -1.993 0.215  34 -99.00    0.289
2018-05-05-17:17:25 1.11  Mocks_Em/MockNFW1280ellip5loga2.08PA50center0With_background20num44.dat BFGS         1.0e-04 0 1 0 0     NFW      359.9999  -0.0002     -2.032 0.250  40 -99.00  613.0       -8814.514       -17607.45   820 359.9999  -0.0002     -2.032 0.250  40 -99.00    0.291
2018-05-05-17:17:25 1.11  Mocks_Em/MockNFW1280ellip5loga2.08PA50center0With_background20num45.dat BFGS         1.0e-04 0 1 0 0     NFW      359.9997   0.0002     -2.002 0.227  42 -99.00  668.1       -8861.724       -17701.87   820 359.9997   0.0002     -2.002 0.227  42 -99.00    0.292
2018-05-05-17:17:25 1.11  Mocks_Em/MockNFW1280ellip5loga2.08PA50center0With_background20num46.dat BFGS         1.0e-04 0 1 0 0     NFW        0.0003  -0.0001     -2.016 0.249  35 -99.00  632.9       -8736.581       -17451.58   820   0.0003  -0.0001     -2.016 0.249  35 -99.00    0.291
2018-05-05-17:17:25 1.11  Mocks_Em/MockNFW1280ellip5loga2.08PA50center0With_background20num47.dat BFGS         1.0e-04 0 1 0 0     NFW        0.0001  -0.0001     -2.030 0.204  39 -99.00  620.6       -8782.771       -17543.96   820   0.0001  -0.0001     -2.030 0.204  39 -99.00    0.291
2018-05-05-17:17:25 1.11  Mocks_Em/MockNFW1280ellip5loga2.08PA50center0With_background20num48.dat BFGS         1.0e-04 0 1 0 0     NFW        0.0002  -0.0002     -2.018 0.193  41 -99.00  632.7       -8730.901       -17440.22   820   0.0002  -0.0002     -2.018 0.193  41 -99.00    0.291
2018-05-05-17:17:25 1.11  Mocks_Em/MockNFW1280ellip5loga2.08PA50center0With_background20num49.dat BFGS         1.0e-04 0 1 0 0     NFW        0.0003   0.0003     -2.015 0.185  35 -99.00  639.3       -8829.879       -17638.18   820   0.0003   0.0003     -2.015 0.185  35 -99.00    0.291
2018-05-05-17:17:25 1.11  Mocks_Em/MockNFW1280ellip5loga2.08PA50center0With_background20num50.dat BFGS         1.0e-04 0 1 0 0     NFW      359.9999  -0.0001     -2.003 0.164  34 -99.00  658.9       -8657.093        -17292.6   820 359.9999  -0.0001     -2.003 0.164  34 -99.00    0.284
2018-05-05-17:17:25 1.11  Mocks_Em/MockNFW1280ellip5loga2.08PA50center0With_background20num51.dat BFGS         1.0e-04 0 1 0 0     NFW      360.0000  -0.0001     -2.005 0.199  34 -99.00  659.9       -8657.975       -17294.37   820 360.0000  -0.0001     -2.005 0.199  34 -99.00    0.260
2018-05-05-17:17:25 1.11  Mocks_Em/MockNFW1280ellip5loga2.08PA50center0With_background20num52.dat BFGS         1.0e-04 0 1 0 0     NFW        0.0003   0.0000     -2.001 0.201  42 -99.00  658.4        -8686.87       -17352.16   820   0.0003   0.0000     -2.001 0.201  42 -99.00    0.260
2018-05-05-17:17:25 1.11  Mocks_Em/MockNFW1280ellip5loga2.08PA50center0With_background20num53.dat BFGS         1.0e-04 0 1 0 0     NFW        0.0000   0.0000     -2.012 0.222  41 -99.00  655.6       -8785.604       -17549.63   820   0.0000   0.0000     -2.012 0.222  41 -99.00    0.261
2018-05-05-17:17:25 1.11  Mocks_Em/MockNFW1280ellip5loga2.08PA50center0With_background20num54.dat BFGS         1.0e-04 0 1 0 0     NFW        0.0004   0.0002     -2.008 0.189  35 -99.00  652.1       -8860.235       -17698.89   820   0.0004   0.0002     -2.008 0.189  35 -99.00    0.262
2018-05-05-17:17:25 1.11  Mocks_Em/MockNFW1280ellip5loga2.08PA50center0With_background20num55.dat BFGS         1.0e-04 0 1 0 0     NFW      359.9999  -0.0000     -2.015 0.232  35 -99.00  628.1       -8547.104       -17072.63   820 359.9999  -0.0000     -2.015 0.232  35 -99.00    0.258
2018-05-05-17:17:25 1.11  Mocks_Em/MockNFW1280ellip5loga2.08PA50center0With_background20num56.dat BFGS         1.0e-04 0 1 0 0     NFW      360.0000   0.0001     -2.013 0.203  41 -99.00  626.7       -8441.785       -16861.99   820 360.0000   0.0001     -2.013 0.203  41 -99.00    0.255
2018-05-05-17:17:25 1.11  Mocks_Em/MockNFW1280ellip5loga2.08PA50center0With_background20num57.dat BFGS         1.0e-04 0 1 0 0     NFW      360.0000  -0.0000     -2.007 0.218  41 -99.00  646.3       -8557.363       -17093.15   820 360.0000  -0.0000     -2.007 0.218  41 -99.00    0.258
2018-05-05-17:17:25 1.11  Mocks_Em/MockNFW1280ellip5loga2.08PA50center0With_background20num58.dat BFGS         1.0e-04 0 1 0 0     NFW      359.9999  -0.0003     -2.016 0.208  40 -99.00  631.1       -8721.894       -17422.21   820 359.9999  -0.0003     -2.016 0.208  40 -99.00    0.260
2018-05-05-17:17:25 1.11  Mocks_Em/MockNFW1280ellip5loga2.08PA50center0With_background20num59.dat BFGS         1.0e-04 0 1 0 0     NFW      359.9997   0.0001     -2.001 0.186  35 -99.00  648.2       -8604.543        -17187.5   820 359.9997   0.0001     -2.001 0.186  35 -99.00    0.259
2018-05-05-17:17:25 1.11  Mocks_Em/MockNFW1280ellip5loga2.08PA50center0With_background20num60.dat BFGS         1.0e-04 0 1 0 0     NFW        0.0001   0.0001     -2.018 0.203  37 -99.00  636.6       -8729.285       -17436.99   820   0.0001   0.0001     -2.018 0.203  37 -99.00    0.260
2018-05-05-17:17:25 1.11  Mocks_Em/MockNFW1280ellip5loga2.08PA50center0With_background20num61.dat BFGS         1.0e-04 0 1 0 0     NFW        0.0002   0.0000     -2.044 0.197  40 -99.00  593.7       -8751.817       -17482.05   820   0.0002   0.0000     -2.044 0.197  40 -99.00    0.259
2018-05-05-17:17:25 1.11  Mocks_Em/MockNFW1280ellip5loga2.08PA50center0With_background20num62.dat BFGS         1.0e-04 0 1 0 0     NFW        0.0002   0.0003     -2.006 0.195  40 -99.00  662.8       -8851.274       -17680.97   820   0.0002   0.0003     -2.006 0.195  40 -99.00    0.267
2018-05-05-17:17:25 1.11  Mocks_Em/MockNFW1280ellip5loga2.08PA50center0With_background20num63.dat BFGS         1.0e-04 0 1 0 0     NFW        0.0001  -0.0000     -2.011 0.226  39 -99.00  634.5       -8526.534       -17031.49   820   0.0001  -0.0000     -2.011 0.226  39 -99.00    0.264
2018-05-05-17:17:25 1.11  Mocks_Em/MockNFW1280ellip5loga2.08PA50center0With_background20num64.dat BFGS         1.0e-04 0 1 0 0     NFW        0.0003  -0.0001     -1.997 0.200  39 -99.00  666.1       -8720.875       -17420.17   820   0.0003  -0.0001     -1.997 0.200  39 -99.00    0.260
2018-05-05-17:17:25 1.11  Mocks_Em/MockNFW1280ellip5loga2.08PA50center0With_background20num65.dat BFGS         1.0e-04 0 1 0 0     NFW      359.9999   0.0001     -1.994 0.179  37 -99.00  679.0       -8678.593        -17335.6   820 359.9999   0.0001     -1.994 0.179  37 -99.00    0.277
2018-05-05-17:17:25 1.11  Mocks_Em/MockNFW1280ellip5loga2.08PA50center0With_background20num66.dat BFGS         1.0e-04 0 1 0 0     NFW        0.0002  -0.0001     -2.017 0.202  40 -99.00  625.6       -8618.555       -17215.53   820   0.0002  -0.0001     -2.017 0.202  40 -99.00    0.288
2018-05-05-17:17:25 1.11  Mocks_Em/MockNFW1280ellip5loga2.08PA50center0With_background20num67.dat BFGS         1.0e-04 0 1 0 0     NFW        0.0002  -0.0001     -2.017 0.171  34 -99.00  632.0       -8597.914       -17174.25   820   0.0002  -0.0001     -2.017 0.171  34 -99.00    0.288
2018-05-05-17:17:25 1.11  Mocks_Em/MockNFW1280ellip5loga2.08PA50center0With_background20num68.dat BFGS         1.0e-04 0 1 0 0     NFW        0.0000  -0.0001     -2.017 0.237  40 -99.00  636.6       -8683.278       -17344.98   820   0.0000  -0.0001     -2.017 0.237  40 -99.00    0.289
2018-05-05-17:17:25 1.11  Mocks_Em/MockNFW1280ellip5loga2.08PA50center0With_background20num69.dat BFGS         1.0e-04 0 1 0 0     NFW      359.9998   0.0002     -2.017 0.238  45 -99.00  623.0       -8595.293          -17169   820 359.9998   0.0002     -2.017 0.238  45 -99.00    0.289
2018-05-05-17:17:25 1.11  Mocks_Em/MockNFW1280ellip5loga2.08PA50center0With_background20num70.dat BFGS         1.0e-04 0 1 0 0     NFW      360.0000   0.0000     -2.015 0.200  39 -99.00  634.7       -8579.397       -17137.21   820 360.0000   0.0000     -2.015 0.200  39 -99.00    0.288
2018-05-05-17:17:25 1.11  Mocks_Em/MockNFW1280ellip5loga2.08PA50center0With_background20num71.dat BFGS         1.0e-04 0 1 0 0     NFW      359.9998  -0.0003     -2.025 0.166  37 -99.00  621.2       -8800.376       -17579.17   820 359.9998  -0.0003     -2.025 0.166  37 -99.00    0.292
2018-05-05-17:17:25 1.11  Mocks_Em/MockNFW1280ellip5loga2.08PA50center0With_background20num72.dat BFGS         1.0e-04 0 1 0 0     NFW      360.0000  -0.0000     -2.031 0.236  39 -99.00  620.3       -8788.594       -17555.61   820 360.0000  -0.0000     -2.031 0.236  39 -99.00    0.290
2018-05-05-17:17:25 1.11  Mocks_Em/MockNFW1280ellip5loga2.08PA50center0With_background20num73.dat BFGS         1.0e-04 0 1 0 0     NFW      359.9998  -0.0000     -1.992 0.196 138 -99.00  666.7       -8509.468       -16997.35   820 359.9998  -0.0000     -1.992 0.196 138 -99.00    0.288
2018-05-05-17:17:25 1.11  Mocks_Em/MockNFW1280ellip5loga2.08PA50center0With_background20num74.dat BFGS         1.0e-04 0 1 0 0     NFW        0.0002  -0.0001     -2.005 0.202  40 -99.00  654.6       -8562.963       -17104.35   820   0.0002  -0.0001     -2.005 0.202  40 -99.00    0.288
2018-05-05-17:17:25 1.11  Mocks_Em/MockNFW1280ellip5loga2.08PA50center0With_background20num75.dat BFGS         1.0e-04 0 1 0 0     NFW      359.9999  -0.0002     -2.016 0.179  35 -99.00  635.3       -8688.632       -17355.68   820 359.9999  -0.0002     -2.016 0.179  35 -99.00    0.291
2018-05-05-17:17:25 1.11  Mocks_Em/MockNFW1280ellip5loga2.08PA50center0With_background20num76.dat BFGS         1.0e-04 0 1 0 0     NFW        0.0005   0.0002     -2.004 0.224  39 -99.00  644.6       -8657.711       -17293.84   820   0.0005   0.0002     -2.004 0.224  39 -99.00    0.290
2018-05-05-17:17:25 1.11  Mocks_Em/MockNFW1280ellip5loga2.08PA50center0With_background20num77.dat BFGS         1.0e-04 0 1 0 0     NFW        0.0001   0.0001     -2.022 0.196  32 -99.00  641.3       -8834.183       -17646.78   820   0.0001   0.0001     -2.022 0.196  32 -99.00    0.291
2018-05-05-17:17:25 1.11  Mocks_Em/MockNFW1280ellip5loga2.08PA50center0With_background20num78.dat BFGS         1.0e-04 0 1 0 0     NFW      359.9999   0.0002     -2.015 0.223  41 -99.00  633.6       -8658.416       -17295.25   820 359.9999   0.0002     -2.015 0.223  41 -99.00    0.281
2018-05-05-17:17:25 1.11  Mocks_Em/MockNFW1280ellip5loga2.08PA50center0With_background20num79.dat BFGS         1.0e-04 0 1 0 0     NFW        0.0003  -0.0000     -2.012 0.219  39 -99.00  643.6       -8770.602       -17519.62   820   0.0003  -0.0000     -2.012 0.219  39 -99.00    0.265
2018-05-05-17:17:25 1.11  Mocks_Em/MockNFW1280ellip5loga2.08PA50center0With_background20num80.dat BFGS         1.0e-04 0 1 0 0     NFW        0.0004   0.0003     -2.028 0.193  36 -99.00  608.1       -8761.244       -17500.91   820   0.0004   0.0003     -2.028 0.193  36 -99.00    0.274
2018-05-05-17:17:25 1.11  Mocks_Em/MockNFW1280ellip5loga2.08PA50center0With_background20num81.dat BFGS         1.0e-04 0 1 0 0     NFW        0.0000  -0.0003     -2.015 0.207  37 -99.00  649.3       -8859.156       -17696.73   820   0.0000  -0.0003     -2.015 0.207  37 -99.00    0.262
2018-05-05-17:17:25 1.11  Mocks_Em/MockNFW1280ellip5loga2.08PA50center0With_background20num82.dat BFGS         1.0e-04 0 1 0 0     NFW        0.0005   0.0005     -1.999 0.227  36 -99.00  657.5       -8823.309       -17625.04   820   0.0005   0.0005     -1.999 0.227  36 -99.00    0.263
2018-05-05-17:17:25 1.11  Mocks_Em/MockNFW1280ellip5loga2.08PA50center0With_background20num83.dat BFGS         1.0e-04 0 1 0 0     NFW      360.0000   0.0001     -2.009 0.158 136 -99.00  649.3       -8659.608       -17297.64   820 360.0000   0.0001     -2.009 0.158 136 -99.00    0.264
2018-05-05-17:17:25 1.11  Mocks_Em/MockNFW1280ellip5loga2.08PA50center0With_background20num84.dat BFGS         1.0e-04 0 1 0 0     NFW      359.9998   0.0001     -2.022 0.228  40 -99.00  631.1       -8797.501       -17573.42   820 359.9998   0.0001     -2.022 0.228  40 -99.00    0.262
2018-05-05-17:17:25 1.11  Mocks_Em/MockNFW1280ellip5loga2.08PA50center0With_background20num85.dat BFGS         1.0e-04 0 1 0 0     NFW      359.9999   0.0003     -2.026 0.241  37 -99.00  625.3       -8859.263       -17696.95   820 359.9999   0.0003     -2.026 0.241  37 -99.00    0.268
2018-05-05-17:17:25 1.11  Mocks_Em/MockNFW1280ellip5loga2.08PA50center0With_background20num86.dat BFGS         1.0e-04 0 1 0 0     NFW        0.0001   0.0001     -2.027 0.202  43 -99.00  622.8       -8734.581       -17447.58   820   0.0001   0.0001     -2.027 0.202  43 -99.00    0.261
2018-05-05-17:17:25 1.11  Mocks_Em/MockNFW1280ellip5loga2.08PA50center0With_background20num87.dat BFGS         1.0e-04 0 1 0 0     NFW        0.0002   0.0000     -2.027 0.201  38 -99.00  630.5       -8902.302       -17783.02   820   0.0002   0.0000     -2.027 0.201  38 -99.00    0.262
2018-05-05-17:17:25 1.11  Mocks_Em/MockNFW1280ellip5loga2.08PA50center0With_background20num88.dat BFGS         1.0e-04 0 1 0 0     NFW        0.0000   0.0001     -2.016 0.202  40 -99.00  633.0       -8645.191        -17268.8   820   0.0000   0.0001     -2.016 0.202  40 -99.00    0.259
2018-05-05-17:17:25 1.11  Mocks_Em/MockNFW1280ellip5loga2.08PA50center0With_background20num89.dat BFGS         1.0e-04 0 1 0 0     NFW        0.0003   0.0000     -2.019 0.206  41 -99.00  630.7       -8768.778       -17515.97   820   0.0003   0.0000     -2.019 0.206  41 -99.00    0.267
2018-05-05-17:17:25 1.11  Mocks_Em/MockNFW1280ellip5loga2.08PA50center0With_background20num90.dat BFGS         1.0e-04 0 1 0 0     NFW        0.0003   0.0001     -2.029 0.168  38 -99.00  611.3       -8772.209       -17522.84   820   0.0003   0.0001     -2.029 0.168  38 -99.00    0.261
2018-05-05-17:17:25 1.11  Mocks_Em/MockNFW1280ellip5loga2.08PA50center0With_background20num91.dat BFGS         1.0e-04 0 1 0 0     NFW      359.9998   0.0000     -2.011 0.217  34 -99.00  659.2       -8875.985       -17730.39   820 359.9998   0.0000     -2.011 0.217  34 -99.00    0.263
2018-05-05-17:17:25 1.11  Mocks_Em/MockNFW1280ellip5loga2.08PA50center0With_background20num92.dat BFGS         1.0e-04 0 1 0 0     NFW        0.0002   0.0002     -2.000 0.240  41 -99.00  653.2       -8630.967       -17240.35   820   0.0002   0.0002     -2.000 0.240  41 -99.00    0.259
2018-05-05-17:17:25 1.11  Mocks_Em/MockNFW1280ellip5loga2.08PA50center0With_background20num93.dat BFGS         1.0e-04 0 1 0 0     NFW      359.9999   0.0000     -2.027 0.199  38 -99.00  615.8        -8648.89        -17276.2   820 359.9999   0.0000     -2.027 0.199  38 -99.00    0.283
2018-05-05-17:17:25 1.11  Mocks_Em/MockNFW1280ellip5loga2.08PA50center0With_background20num94.dat BFGS         1.0e-04 0 1 0 0     NFW      359.9999   0.0001     -2.005 0.220  43 -99.00  645.9       -8562.553       -17103.52   820 359.9999   0.0001     -2.005 0.220  43 -99.00    0.287
2018-05-05-17:17:25 1.11  Mocks_Em/MockNFW1280ellip5loga2.08PA50center0With_background20num95.dat BFGS         1.0e-04 0 1 0 0     NFW      359.9998   0.0000     -2.006 0.208  38 -99.00  651.9       -8632.809       -17244.04   820 359.9998   0.0000     -2.006 0.208  38 -99.00    0.289
2018-05-05-17:17:25 1.11  Mocks_Em/MockNFW1280ellip5loga2.08PA50center0With_background20num96.dat BFGS         1.0e-04 0 1 0 0     NFW      360.0000   0.0001     -2.006 0.203  44 -99.00  649.4       -8567.064       -17112.55   820 360.0000   0.0001     -2.006 0.203  44 -99.00    0.288
2018-05-05-17:17:25 1.11  Mocks_Em/MockNFW1280ellip5loga2.08PA50center0With_background20num97.dat BFGS         1.0e-04 0 1 0 0     NFW      360.0000   0.0001     -1.998 0.201  35 -99.00  663.0       -8580.236       -17138.89   820 360.0000   0.0001     -1.998 0.201  35 -99.00    0.288
2018-05-05-17:17:25 1.11  Mocks_Em/MockNFW1280ellip5loga2.08PA50center0With_background20num98.dat BFGS         1.0e-04 0 1 0 0     NFW      359.9998  -0.0001     -2.003 0.212  37 -99.00  662.6       -8729.256       -17436.93   820 359.9998  -0.0001     -2.003 0.212  37 -99.00    0.291
2018-05-05-17:17:25 1.11  Mocks_Em/MockNFW1280ellip5loga2.08PA50center0With_background20num99.dat BFGS         1.0e-04 0 1 0 0     NFW      359.9999   0.0000     -2.016 0.170  33 -99.00  635.0       -8616.481       -17211.38   820 359.9999   0.0000     -2.016 0.170  33 -99.00    0.289
