2018-05-05-17:14:31 1.11  Mocks_Em/MockNFW160ellip5loga2.08PA50center0With_background20num0.dat TNC          1.0e-04 0 1 0 0     NFW        0.0007  -0.0002     -1.953 0.577  49 -99.00  109.5         -1281.8       -2547.545    90   0.0007  -0.0002     -1.980 0.240  42 -99.00    0.322
2018-05-05-17:14:31 1.11  Mocks_Em/MockNFW160ellip5loga2.08PA50center0With_background20num1.dat TNC          1.0e-04 0 1 0 0     NFW        0.0002  -0.0004     -1.917 0.262  28 -99.00  127.1        -1309.53       -2603.004    38   0.0002  -0.0004     -1.946 0.140  23 -99.00    0.112
2018-05-05-17:14:31 1.11  Mocks_Em/MockNFW160ellip5loga2.08PA50center0With_background20num2.dat TNC          1.0e-04 0 1 0 0     NFW      360.0000   0.0003     -1.917 0.585  58 -99.00  123.7       -1295.991       -2575.926    97 360.0000   0.0003     -1.960 0.232  37 -99.00    0.280
2018-05-05-17:14:31 1.11  Mocks_Em/MockNFW160ellip5loga2.08PA50center0With_background20num3.dat TNC          1.0e-04 0 1 0 0     NFW        0.0000   0.0001     -1.943 0.335 180 -99.00  116.7       -1290.375       -2564.694    75   0.0000   0.0001     -1.951 0.257 148 -99.00    0.221
2018-05-05-17:14:31 1.11  Mocks_Em/MockNFW160ellip5loga2.08PA50center0With_background20num4.dat TNC          1.0e-04 0 1 0 0     NFW        0.0005  -0.0007     -1.903 0.000 162 -99.00  139.2       -1421.867       -2827.678    54   0.0005  -0.0007     -1.965 0.163 142 -99.00    0.167
2018-05-05-17:14:31 1.11  Mocks_Em/MockNFW160ellip5loga2.08PA50center0With_background20num5.dat TNC          1.0e-04 0 1 0 0     NFW      359.9997  -0.0008     -2.210 0.000 132 -99.00   61.4       -1350.569       -2685.082    39 359.9997  -0.0008     -1.981 0.105 135 -99.00    0.118
2018-05-05-17:14:31 1.11  Mocks_Em/MockNFW160ellip5loga2.08PA50center0With_background20num6.dat TNC          1.0e-04 0 1 0 0     NFW        0.0003   0.0001     -1.917 0.307  33 -99.00  123.3       -1277.434       -2538.812    35   0.0003   0.0001     -1.942 0.189  32 -99.00    0.107
2018-05-05-17:14:31 1.11  Mocks_Em/MockNFW160ellip5loga2.08PA50center0With_background20num7.dat TNC          1.0e-04 0 1 0 0     NFW      359.9994   0.0002     -1.905 0.568  51 -99.00  127.1       -1313.419       -2610.783    86 359.9994   0.0002     -1.942 0.242  44 -99.00    0.253
2018-05-05-17:14:31 1.11  Mocks_Em/MockNFW160ellip5loga2.08PA50center0With_background20num8.dat TNC          1.0e-04 0 1 0 0     NFW        0.0008  -0.0002     -2.076 0.357  72 -99.00   86.4       -1386.919       -2757.783   167   0.0008  -0.0002     -2.003 0.139  19 -99.00    0.476
2018-05-05-17:14:31 1.11  Mocks_Em/MockNFW160ellip5loga2.08PA50center0With_background20num9.dat TNC          1.0e-04 0 1 0 0     NFW      359.9998   0.0002     -2.035 0.496  63 -99.00   90.7       -1289.419       -2562.783   129 359.9998   0.0002     -1.995 0.166  29 -99.00    0.366
2018-05-05-17:14:31 1.11  Mocks_Em/MockNFW160ellip5loga2.08PA50center0With_background20num10.dat TNC          1.0e-04 0 1 0 0     NFW      359.9999   0.0007     -1.917 0.000 141 -99.00  130.8       -1357.769       -2699.483    30 359.9999   0.0007     -2.002 0.186 141 -99.00    0.090
2018-05-05-17:14:31 1.11  Mocks_Em/MockNFW160ellip5loga2.08PA50center0With_background20num11.dat TNC          1.0e-04 0 1 0 0     NFW        0.0001  -0.0001     -1.930 0.434  55 -99.00  123.1       -1303.215       -2590.374    62   0.0001  -0.0001     -1.956 0.179  39 -99.00    0.178
2018-05-05-17:14:31 1.11  Mocks_Em/MockNFW160ellip5loga2.08PA50center0With_background20num12.dat TNC          1.0e-04 0 1 0 0     NFW      359.9997   0.0004     -2.231 0.000 129 -99.00   60.9       -1367.568        -2719.08    56 359.9997   0.0004     -2.014 0.135 135 -99.00    0.164
2018-05-05-17:14:31 1.11  Mocks_Em/MockNFW160ellip5loga2.08PA50center0With_background20num13.dat TNC          1.0e-04 0 1 0 0     NFW        0.0002   0.0009     -1.928 0.318 180 -99.00  122.4       -1322.441       -2628.826    53   0.0002   0.0009     -1.979 0.183 156 -99.00    0.153
2018-05-05-17:14:31 1.11  Mocks_Em/MockNFW160ellip5loga2.08PA50center0With_background20num14.dat TNC          1.0e-04 0 1 0 0     NFW      359.9998  -0.0004     -2.034 0.373  56 -99.00   94.6       -1355.496       -2694.937   117 359.9998  -0.0004     -1.979 0.141  42 -99.00    0.338
2018-05-05-17:14:31 1.11  Mocks_Em/MockNFW160ellip5loga2.08PA50center0With_background20num15.dat TNC          1.0e-04 0 1 0 0     NFW        0.0010   0.0004     -1.933 0.000 175 -99.00  120.4       -1341.018        -2665.98    57   0.0010   0.0004     -1.983 0.214 148 -99.00    0.169
2018-05-05-17:14:31 1.11  Mocks_Em/MockNFW160ellip5loga2.08PA50center0With_background20num16.dat TNC          1.0e-04 0 1 0 0     NFW        0.0005   0.0002     -1.910 0.397  50 -99.00  129.3       -1330.885       -2645.714    55   0.0005   0.0002     -1.959 0.170  36 -99.00    0.159
2018-05-05-17:14:31 1.11  Mocks_Em/MockNFW160ellip5loga2.08PA50center0With_background20num17.dat TNC          1.0e-04 0 1 0 0     NFW        0.0001   0.0005     -2.321 0.000 176 -99.00   45.1       -1250.219       -2484.383    46   0.0001   0.0005     -1.963 0.086 176 -99.00    0.137
2018-05-05-17:14:31 1.11  Mocks_Em/MockNFW160ellip5loga2.08PA50center0With_background20num18.dat TNC          1.0e-04 0 1 0 0     NFW      359.9997  -0.0002     -1.921 0.000 135 -99.00  129.3       -1339.961       -2663.866    42 359.9997  -0.0002     -1.982 0.228 136 -99.00    0.125
2018-05-05-17:14:31 1.11  Mocks_Em/MockNFW160ellip5loga2.08PA50center0With_background20num19.dat TNC          1.0e-04 0 1 0 0     NFW      359.9996   0.0003     -1.917 0.000 159 -99.00  122.5       -1261.383        -2506.71    58 359.9996   0.0003     -1.955 0.164 158 -99.00    0.167
2018-05-05-17:14:31 1.11  Mocks_Em/MockNFW160ellip5loga2.08PA50center0With_background20num20.dat TNC          1.0e-04 0 1 0 0     NFW        0.0004  -0.0001     -1.918 0.299  39 -99.00  127.8       -1310.003        -2603.95    25   0.0004  -0.0001     -1.918 0.097  39 -99.00    0.074
2018-05-05-17:14:31 1.11  Mocks_Em/MockNFW160ellip5loga2.08PA50center0With_background20num21.dat TNC          1.0e-04 0 1 0 0     NFW      359.9995  -0.0006     -1.901 0.338  50 -99.00  132.4        -1354.91       -2693.764    72 359.9995  -0.0006     -1.967 0.148  36 -99.00    0.208
2018-05-05-17:14:31 1.11  Mocks_Em/MockNFW160ellip5loga2.08PA50center0With_background20num22.dat TNC          1.0e-04 0 1 0 0     NFW        0.0003   0.0000     -1.920 0.367  40 -99.00  121.8       -1262.887       -2509.719    32   0.0003   0.0000     -1.968 0.144  40 -99.00    0.094
2018-05-05-17:14:31 1.11  Mocks_Em/MockNFW160ellip5loga2.08PA50center0With_background20num23.dat TNC          1.0e-04 0 1 0 0     NFW      359.9998   0.0006     -2.035 0.548  50 -99.00   95.4       -1374.884       -2733.713    42 359.9998   0.0006     -2.001 0.259  39 -99.00    0.122
2018-05-05-17:14:31 1.11  Mocks_Em/MockNFW160ellip5loga2.08PA50center0With_background20num24.dat TNC          1.0e-04 0 1 0 0     NFW      359.9996  -0.0004     -2.083 0.000 131 -99.00   83.8       -1374.323       -2732.591    32 359.9996  -0.0004     -2.023 0.200 135 -99.00    0.095
2018-05-05-17:14:31 1.11  Mocks_Em/MockNFW160ellip5loga2.08PA50center0With_background20num25.dat TNC          1.0e-04 0 1 0 0     NFW      359.9998  -0.0002     -1.919 0.454  58 -99.00  121.0       -1251.701       -2487.347    84 359.9998  -0.0002     -1.918 0.206  32 -99.00    0.246
2018-05-05-17:14:31 1.11  Mocks_Em/MockNFW160ellip5loga2.08PA50center0With_background20num26.dat TNC          1.0e-04 0 1 0 0     NFW        0.0001  -0.0001     -1.925 0.583  47 -99.00  123.3       -1293.589       -2571.123    61   0.0001  -0.0001     -1.961 0.237  40 -99.00    0.180
2018-05-05-17:14:31 1.11  Mocks_Em/MockNFW160ellip5loga2.08PA50center0With_background20num27.dat TNC          1.0e-04 0 1 0 0     NFW        0.0009  -0.0000     -1.898 0.540  52 -99.00  132.4       -1361.248       -2706.439    63   0.0009  -0.0000     -1.946 0.184  40 -99.00    0.187
2018-05-05-17:14:31 1.11  Mocks_Em/MockNFW160ellip5loga2.08PA50center0With_background20num28.dat TNC          1.0e-04 0 1 0 0     NFW      359.9998  -0.0001     -2.100 0.000 151 -99.00   80.7        -1339.73       -2663.405    55 359.9998  -0.0001     -1.986 0.189 151 -99.00    0.161
2018-05-05-17:14:31 1.11  Mocks_Em/MockNFW160ellip5loga2.08PA50center0With_background20num29.dat TNC          1.0e-04 0 1 0 0     NFW        0.0003  -0.0001     -2.209 0.000 153 -99.00   59.1       -1267.159       -2518.263    58   0.0003  -0.0001     -1.980 0.191 140 -99.00    0.169
2018-05-05-17:14:31 1.11  Mocks_Em/MockNFW160ellip5loga2.08PA50center0With_background20num30.dat TNC          1.0e-04 0 1 0 0     NFW        0.0001   0.0004     -2.027 0.262  41 -99.00   98.8       -1371.591       -2727.126   125   0.0001   0.0004     -1.998 0.080  39 -99.00    0.358
2018-05-05-17:14:31 1.11  Mocks_Em/MockNFW160ellip5loga2.08PA50center0With_background20num31.dat TNC          1.0e-04 0 1 0 0     NFW        0.0000  -0.0001     -1.922 0.337  33 -99.00  124.0       -1284.066       -2552.077    28   0.0000  -0.0001     -1.932 0.228  33 -99.00    0.082
2018-05-05-17:14:31 1.11  Mocks_Em/MockNFW160ellip5loga2.08PA50center0With_background20num32.dat TNC          1.0e-04 0 1 0 0     NFW      359.9997   0.0003     -2.161 0.000 157 -99.00   73.8       -1421.788       -2827.521    49 359.9997   0.0003     -2.011 0.107 147 -99.00    0.143
2018-05-05-17:14:31 1.11  Mocks_Em/MockNFW160ellip5loga2.08PA50center0With_background20num33.dat TNC          1.0e-04 0 1 0 0     NFW        0.0000   0.0003     -1.912 0.018  26 -99.00  130.1       -1336.192       -2656.328    19   0.0000   0.0003     -1.945 0.098  23 -99.00    0.059
2018-05-05-17:14:31 1.11  Mocks_Em/MockNFW160ellip5loga2.08PA50center0With_background20num34.dat TNC          1.0e-04 0 1 0 0     NFW      359.9993   0.0004     -1.963 0.000 141 -99.00  114.4       -1352.455       -2688.854    54 359.9993   0.0004     -1.999 0.086 138 -99.00    0.168
2018-05-05-17:14:31 1.11  Mocks_Em/MockNFW160ellip5loga2.08PA50center0With_background20num35.dat TNC          1.0e-04 0 1 0 0     NFW      360.0000  -0.0006     -1.909 0.533  55 -99.00  121.8       -1264.931       -2513.806    66 360.0000  -0.0006     -1.972 0.193  38 -99.00    0.192
2018-05-05-17:14:31 1.11  Mocks_Em/MockNFW160ellip5loga2.08PA50center0With_background20num36.dat TNC          1.0e-04 0 1 0 0     NFW        0.0001  -0.0005     -1.906 0.535  52 -99.00  127.8        -1317.38       -2618.704   127   0.0001  -0.0005     -1.961 0.266  44 -99.00    0.361
2018-05-05-17:14:31 1.11  Mocks_Em/MockNFW160ellip5loga2.08PA50center0With_background20num37.dat TNC          1.0e-04 0 1 0 0     NFW        0.0001   0.0011     -1.989 0.000 147 -99.00  105.2       -1388.829       -2761.603    66   0.0001   0.0011     -1.956 0.233 143 -99.00    0.195
2018-05-05-17:14:31 1.11  Mocks_Em/MockNFW160ellip5loga2.08PA50center0With_background20num38.dat TNC          1.0e-04 0 1 0 0     NFW      359.9998   0.0006     -1.912 0.339  59 -99.00  125.6       -1295.427       -2574.798    96 359.9998   0.0006     -1.924 0.117  27 -99.00    0.280
2018-05-05-17:14:31 1.11  Mocks_Em/MockNFW160ellip5loga2.08PA50center0With_background20num39.dat TNC          1.0e-04 0 1 0 0     NFW      359.9987  -0.0003     -2.036 0.577  48 -99.00   92.6       -1413.907       -2811.757   150 359.9987  -0.0003     -1.987 0.219  43 -99.00    0.430
2018-05-05-17:14:31 1.11  Mocks_Em/MockNFW160ellip5loga2.08PA50center0With_background20num40.dat TNC          1.0e-04 0 1 0 0     NFW      359.9997  -0.0000     -1.969 0.520  57 -99.00  107.5       -1296.437       -2576.818   218 359.9997  -0.0000     -1.969 0.151  30 -99.00    0.617
2018-05-05-17:14:31 1.11  Mocks_Em/MockNFW160ellip5loga2.08PA50center0With_background20num41.dat TNC          1.0e-04 0 1 0 0     NFW        0.0006   0.0002     -1.915 0.600  52 -99.00  128.6       -1340.668       -2665.281    88   0.0006   0.0002     -1.978 0.273  36 -99.00    0.252
2018-05-05-17:14:31 1.11  Mocks_Em/MockNFW160ellip5loga2.08PA50center0With_background20num42.dat TNC          1.0e-04 0 1 0 0     NFW      360.0000  -0.0005     -2.085 0.495  56 -99.00   85.1        -1373.11       -2730.164    61 360.0000  -0.0005     -2.016 0.180  24 -99.00    0.176
2018-05-05-17:14:31 1.11  Mocks_Em/MockNFW160ellip5loga2.08PA50center0With_background20num43.dat TNC          1.0e-04 0 1 0 0     NFW        0.0005   0.0006     -1.913 0.055 180 -99.00  130.1       -1336.686       -2657.317    70   0.0005   0.0006     -1.939 0.187 158 -99.00    0.203
2018-05-05-17:14:31 1.11  Mocks_Em/MockNFW160ellip5loga2.08PA50center0With_background20num44.dat TNC          1.0e-04 0 1 0 0     NFW        0.0001  -0.0004     -1.918 0.478  58 -99.00  126.3       -1313.785       -2611.515   110   0.0001  -0.0004     -1.979 0.175  35 -99.00    0.314
2018-05-05-17:14:31 1.11  Mocks_Em/MockNFW160ellip5loga2.08PA50center0With_background20num45.dat TNC          1.0e-04 0 1 0 0     NFW        0.0009   0.0004     -2.042 0.000 142 -99.00   88.2        -1334.81       -2653.564    36   0.0009   0.0004     -1.967 0.133 142 -99.00    0.109
2018-05-05-17:14:31 1.11  Mocks_Em/MockNFW160ellip5loga2.08PA50center0With_background20num46.dat TNC          1.0e-04 0 1 0 0     NFW        0.0009   0.0000     -1.900 0.306  33 -99.00  136.9       -1398.204       -2780.352    24   0.0009   0.0000     -1.943 0.195  33 -99.00    0.072
2018-05-05-17:14:31 1.11  Mocks_Em/MockNFW160ellip5loga2.08PA50center0With_background20num47.dat TNC          1.0e-04 0 1 0 0     NFW        0.0001  -0.0003     -1.925 0.582  50 -99.00  125.6       -1310.605       -2605.154    59   0.0001  -0.0003     -1.987 0.239  34 -99.00    0.170
2018-05-05-17:14:31 1.11  Mocks_Em/MockNFW160ellip5loga2.08PA50center0With_background20num48.dat TNC          1.0e-04 0 1 0 0     NFW        0.0010   0.0005     -1.895 0.501  52 -99.00  127.1       -1304.952       -2593.848    96   0.0010   0.0005     -1.940 0.154  36 -99.00    0.280
2018-05-05-17:14:31 1.11  Mocks_Em/MockNFW160ellip5loga2.08PA50center0With_background20num49.dat TNC          1.0e-04 0 1 0 0     NFW        0.0008  -0.0003     -2.049 0.265  54 -99.00   93.4       -1420.196       -2824.337    55   0.0008  -0.0003     -1.975 0.102  25 -99.00    0.159
2018-05-05-17:14:31 1.11  Mocks_Em/MockNFW160ellip5loga2.08PA50center0With_background20num50.dat TNC          1.0e-04 0 1 0 0     NFW      359.9997  -0.0007     -1.905 0.331  49 -99.00  130.8       -1344.833        -2673.61    31 359.9997  -0.0007     -1.946 0.154  29 -99.00    0.092
2018-05-05-17:14:31 1.11  Mocks_Em/MockNFW160ellip5loga2.08PA50center0With_background20num51.dat TNC          1.0e-04 0 1 0 0     NFW      359.9992   0.0001     -1.952 0.407  59 -99.00  111.9       -1313.251       -2610.446    98 359.9992   0.0001     -1.975 0.114  16 -99.00    0.281
2018-05-05-17:14:31 1.11  Mocks_Em/MockNFW160ellip5loga2.08PA50center0With_background20num52.dat TNC          1.0e-04 0 1 0 0     NFW        0.0000  -0.0010     -1.937 0.325  43 -99.00  118.7       -1332.305       -2648.555    82   0.0000  -0.0010     -1.952 0.096  31 -99.00    0.236
2018-05-05-17:14:31 1.11  Mocks_Em/MockNFW160ellip5loga2.08PA50center0With_background20num53.dat TNC          1.0e-04 0 1 0 0     NFW        0.0002   0.0007     -1.906 0.488  47 -99.00  128.6       -1316.804       -2617.553    66   0.0002   0.0007     -1.951 0.188  35 -99.00    0.190
2018-05-05-17:14:31 1.11  Mocks_Em/MockNFW160ellip5loga2.08PA50center0With_background20num54.dat TNC          1.0e-04 0 1 0 0     NFW        0.0007   0.0010     -1.896 0.528  58 -99.00  127.1       -1296.729       -2577.402    74   0.0007   0.0010     -1.935 0.141  33 -99.00    0.213
2018-05-05-17:14:31 1.11  Mocks_Em/MockNFW160ellip5loga2.08PA50center0With_background20num55.dat TNC          1.0e-04 0 1 0 0     NFW      359.9995   0.0003     -2.011 0.081 180 -99.00  101.9         -1356.4       -2696.744    54 359.9995   0.0003     -1.958 0.162 152 -99.00    0.160
2018-05-05-17:14:31 1.11  Mocks_Em/MockNFW160ellip5loga2.08PA50center0With_background20num56.dat TNC          1.0e-04 0 1 0 0     NFW      359.9999  -0.0002     -2.031 0.495  44 -99.00   91.2        -1298.75       -2581.444    81 359.9999  -0.0002     -1.974 0.147  42 -99.00    0.243
2018-05-05-17:14:31 1.11  Mocks_Em/MockNFW160ellip5loga2.08PA50center0With_background20num57.dat TNC          1.0e-04 0 1 0 0     NFW      359.9993  -0.0006     -1.990 0.390  52 -99.00  107.0       -1395.164       -2774.272   111 359.9993  -0.0006     -1.987 0.205  41 -99.00    0.321
2018-05-05-17:14:31 1.11  Mocks_Em/MockNFW160ellip5loga2.08PA50center0With_background20num58.dat TNC          1.0e-04 0 1 0 0     NFW      359.9998  -0.0000     -2.221 0.000 143 -99.00   54.3       -1205.051       -2394.046    51 359.9998  -0.0000     -1.938 0.156 142 -99.00    0.148
2018-05-05-17:14:31 1.11  Mocks_Em/MockNFW160ellip5loga2.08PA50center0With_background20num59.dat TNC          1.0e-04 0 1 0 0     NFW        0.0006  -0.0007     -1.895 0.000 162 -99.00  131.6       -1344.302       -2672.549    36   0.0006  -0.0007     -1.946 0.149 143 -99.00    0.108
2018-05-05-17:14:31 1.11  Mocks_Em/MockNFW160ellip5loga2.08PA50center0With_background20num60.dat TNC          1.0e-04 0 1 0 0     NFW        0.0005   0.0001     -2.110 0.000 134 -99.00   75.8       -1320.064       -2624.072    32   0.0005   0.0001     -1.947 0.207 135 -99.00    0.097
2018-05-05-17:14:31 1.11  Mocks_Em/MockNFW160ellip5loga2.08PA50center0With_background20num61.dat TNC          1.0e-04 0 1 0 0     NFW        0.0004   0.0006     -1.904 0.000 135 -99.00  128.6       -1314.643       -2613.231    36   0.0004   0.0006     -1.956 0.181 135 -99.00    0.151
2018-05-05-17:14:31 1.11  Mocks_Em/MockNFW160ellip5loga2.08PA50center0With_background20num62.dat TNC          1.0e-04 0 1 0 0     NFW      359.9993  -0.0004     -2.080 0.020 165 -99.00   85.2       -1395.999       -2775.943    39 359.9993  -0.0004     -2.005 0.124 165 -99.00    0.119
2018-05-05-17:14:31 1.11  Mocks_Em/MockNFW160ellip5loga2.08PA50center0With_background20num63.dat TNC          1.0e-04 0 1 0 0     NFW      359.9993  -0.0008     -1.899 0.464  60 -99.00  129.3        -1330.54       -2645.024    80 359.9993  -0.0008     -1.961 0.163  39 -99.00    0.237
2018-05-05-17:14:31 1.11  Mocks_Em/MockNFW160ellip5loga2.08PA50center0With_background20num64.dat TNC          1.0e-04 0 1 0 0     NFW        0.0002  -0.0000     -1.915 0.565  49 -99.00  121.0       -1261.997       -2507.938    55   0.0002  -0.0000     -1.964 0.211  42 -99.00    0.158
2018-05-05-17:14:31 1.11  Mocks_Em/MockNFW160ellip5loga2.08PA50center0With_background20num65.dat TNC          1.0e-04 0 1 0 0     NFW        0.0000   0.0003     -2.067 0.653  50 -99.00   83.7       -1288.824       -2561.592   108   0.0000   0.0003     -2.003 0.253  45 -99.00    0.316
2018-05-05-17:14:31 1.11  Mocks_Em/MockNFW160ellip5loga2.08PA50center0With_background20num66.dat TNC          1.0e-04 0 1 0 0     NFW        0.0007  -0.0006     -2.230 0.385  60 -99.00   60.4       -1386.566       -2757.077   106   0.0007  -0.0006     -2.005 0.179  22 -99.00    0.313
2018-05-05-17:14:31 1.11  Mocks_Em/MockNFW160ellip5loga2.08PA50center0With_background20num67.dat TNC          1.0e-04 0 1 0 0     NFW        0.0005  -0.0001     -2.027 0.047 180 -99.00   98.8       -1391.542       -2767.027   119   0.0005  -0.0001     -1.990 0.181 145 -99.00    0.346
2018-05-05-17:14:31 1.11  Mocks_Em/MockNFW160ellip5loga2.08PA50center0With_background20num68.dat TNC          1.0e-04 0 1 0 0     NFW        0.0001  -0.0000     -1.933 0.430  57 -99.00  114.2       -1193.431       -2370.806    84   0.0001  -0.0000     -1.948 0.188  35 -99.00    0.238
2018-05-05-17:14:31 1.11  Mocks_Em/MockNFW160ellip5loga2.08PA50center0With_background20num69.dat TNC          1.0e-04 0 1 0 0     NFW      359.9997   0.0001     -1.969 0.343  48 -99.00  105.9       -1253.272       -2490.488    84 359.9997   0.0001     -1.957 0.104  41 -99.00    0.240
2018-05-05-17:14:31 1.11  Mocks_Em/MockNFW160ellip5loga2.08PA50center0With_background20num70.dat TNC          1.0e-04 0 1 0 0     NFW      359.9995   0.0002     -2.128 0.039  17 -99.00   75.9       -1380.091       -2744.126    27 359.9995   0.0002     -1.988 0.143  18 -99.00    0.080
2018-05-05-17:14:31 1.11  Mocks_Em/MockNFW160ellip5loga2.08PA50center0With_background20num71.dat TNC          1.0e-04 0 1 0 0     NFW      359.9993  -0.0004     -2.298 0.000 159 -99.00   46.6        -1227.88       -2439.705    56 359.9993  -0.0004     -1.940 0.096 152 -99.00    0.163
2018-05-05-17:14:31 1.11  Mocks_Em/MockNFW160ellip5loga2.08PA50center0With_background20num72.dat TNC          1.0e-04 0 1 0 0     NFW        0.0001  -0.0004     -1.921 0.000 141 -99.00  131.6       -1351.019       -2685.983    49   0.0001  -0.0004     -1.961 0.185 140 -99.00    0.144
2018-05-05-17:14:31 1.11  Mocks_Em/MockNFW160ellip5loga2.08PA50center0With_background20num73.dat TNC          1.0e-04 0 1 0 0     NFW      359.9996  -0.0006     -1.909 0.521  55 -99.00  127.8       -1317.707       -2619.359    39 359.9996  -0.0006     -1.940 0.272  27 -99.00    0.114
2018-05-05-17:14:31 1.11  Mocks_Em/MockNFW160ellip5loga2.08PA50center0With_background20num74.dat TNC          1.0e-04 0 1 0 0     NFW      359.9993   0.0006     -1.903 0.523  55 -99.00  133.9        -1379.02       -2741.984   134 359.9993   0.0006     -1.957 0.199  40 -99.00    0.384
2018-05-05-17:14:31 1.11  Mocks_Em/MockNFW160ellip5loga2.08PA50center0With_background20num75.dat TNC          1.0e-04 0 1 0 0     NFW      359.9999   0.0009     -1.916 0.496  47 -99.00  131.6       -1388.772       -2761.489    51 359.9999   0.0009     -1.981 0.167  32 -99.00    0.148
2018-05-05-17:14:31 1.11  Mocks_Em/MockNFW160ellip5loga2.08PA50center0With_background20num76.dat TNC          1.0e-04 0 1 0 0     NFW        0.0004   0.0001     -2.214 0.036 169 -99.00   58.0       -1278.051       -2540.046    35   0.0004   0.0001     -1.967 0.131 169 -99.00    0.103
2018-05-05-17:14:31 1.11  Mocks_Em/MockNFW160ellip5loga2.08PA50center0With_background20num77.dat TNC          1.0e-04 0 1 0 0     NFW        0.0004   0.0003     -1.915 0.572  56 -99.00  127.8       -1328.017       -2639.978    40   0.0004   0.0003     -1.973 0.207  38 -99.00    0.117
2018-05-05-17:14:31 1.11  Mocks_Em/MockNFW160ellip5loga2.08PA50center0With_background20num78.dat TNC          1.0e-04 0 1 0 0     NFW        0.0007   0.0000     -1.906 0.460  54 -99.00  126.3       -1303.301       -2590.546   164   0.0007   0.0000     -1.953 0.192  37 -99.00    0.469
2018-05-05-17:14:31 1.11  Mocks_Em/MockNFW160ellip5loga2.08PA50center0With_background20num79.dat TNC          1.0e-04 0 1 0 0     NFW      359.9997   0.0003     -2.296 0.000 162 -99.00   48.5       -1269.411       -2522.767    11 359.9997   0.0003     -1.989 0.190 143 -99.00    0.037
2018-05-05-17:14:31 1.11  Mocks_Em/MockNFW160ellip5loga2.08PA50center0With_background20num80.dat TNC          1.0e-04 0 1 0 0     NFW        0.0003   0.0005     -1.914 0.612  51 -99.00  120.8       -1280.609       -2545.162    56   0.0003   0.0005     -1.967 0.222  32 -99.00    0.162
2018-05-05-17:14:31 1.11  Mocks_Em/MockNFW160ellip5loga2.08PA50center0With_background20num81.dat TNC          1.0e-04 0 1 0 0     NFW        0.0003  -0.0006     -2.078 0.388  48 -99.00   82.7       -1326.627       -2637.198    92   0.0003  -0.0006     -1.985 0.162  42 -99.00    0.275
2018-05-05-17:14:31 1.11  Mocks_Em/MockNFW160ellip5loga2.08PA50center0With_background20num82.dat TNC          1.0e-04 0 1 0 0     NFW        0.0005  -0.0006     -1.901 0.502  53 -99.00  123.3       -1264.073       -2512.091    40   0.0005  -0.0006     -1.941 0.215  40 -99.00    0.116
2018-05-05-17:14:31 1.11  Mocks_Em/MockNFW160ellip5loga2.08PA50center0With_background20num83.dat TNC          1.0e-04 0 1 0 0     NFW      359.9994   0.0001     -1.957 0.600  59 -99.00  109.5       -1279.495       -2542.934    77 359.9994   0.0001     -1.954 0.249  33 -99.00    0.228
2018-05-05-17:14:31 1.11  Mocks_Em/MockNFW160ellip5loga2.08PA50center0With_background20num84.dat TNC          1.0e-04 0 1 0 0     NFW        0.0002  -0.0004     -1.987 0.000   6 -99.00  110.1       -1386.813        -2757.57    40   0.0002  -0.0004     -1.976 0.161   6 -99.00    0.122
2018-05-05-17:14:31 1.11  Mocks_Em/MockNFW160ellip5loga2.08PA50center0With_background20num85.dat TNC          1.0e-04 0 1 0 0     NFW      360.0000   0.0019     -1.889 0.000 138 -99.00  138.4       -1393.702       -2771.348    54 360.0000   0.0019     -1.949 0.117 137 -99.00    0.164
2018-05-05-17:14:31 1.11  Mocks_Em/MockNFW160ellip5loga2.08PA50center0With_background20num86.dat TNC          1.0e-04 0 1 0 0     NFW      359.9989  -0.0001     -2.143 0.000   5 -99.00   71.4       -1364.901       -2713.745    47 359.9989  -0.0001     -1.984 0.117   2 -99.00    0.141
2018-05-05-17:14:31 1.11  Mocks_Em/MockNFW160ellip5loga2.08PA50center0With_background20num87.dat TNC          1.0e-04 0 1 0 0     NFW      359.9997   0.0006     -1.904 0.000 145 -99.00  125.6       -1285.004       -2553.952    46 359.9997   0.0006     -1.938 0.042 144 -99.00    0.144
2018-05-05-17:14:31 1.11  Mocks_Em/MockNFW160ellip5loga2.08PA50center0With_background20num88.dat TNC          1.0e-04 0 1 0 0     NFW        0.0003   0.0003     -1.926 0.000 153 -99.00  126.9       -1327.096       -2638.136    49   0.0003   0.0003     -1.964 0.250 136 -99.00    0.152
2018-05-05-17:14:31 1.11  Mocks_Em/MockNFW160ellip5loga2.08PA50center0With_background20num89.dat TNC          1.0e-04 0 1 0 0     NFW      359.9990  -0.0003     -1.999 0.000 165 -99.00   97.1       -1321.031       -2626.007    39 359.9990  -0.0003     -1.950 0.073 157 -99.00    0.118
2018-05-05-17:14:31 1.11  Mocks_Em/MockNFW160ellip5loga2.08PA50center0With_background20num90.dat TNC          1.0e-04 0 1 0 0     NFW      359.9998   0.0003     -1.915 0.387  55 -99.00  130.8       -1353.746       -2691.436    38 359.9998   0.0003     -1.979 0.149  36 -99.00    0.113
2018-05-05-17:14:31 1.11  Mocks_Em/MockNFW160ellip5loga2.08PA50center0With_background20num91.dat TNC          1.0e-04 0 1 0 0     NFW      359.9992  -0.0004     -2.110 0.562  60 -99.00   72.7       -1289.011       -2561.967    64 359.9992  -0.0004     -1.964 0.218  24 -99.00    0.185
2018-05-05-17:14:31 1.11  Mocks_Em/MockNFW160ellip5loga2.08PA50center0With_background20num92.dat TNC          1.0e-04 0 1 0 0     NFW        0.0005   0.0002     -2.144 0.297  52 -99.00   72.0       -1338.694       -2661.332    84   0.0005   0.0002     -1.997 0.155  36 -99.00    0.243
2018-05-05-17:14:31 1.11  Mocks_Em/MockNFW160ellip5loga2.08PA50center0With_background20num93.dat TNC          1.0e-04 0 1 0 0     NFW        0.0005   0.0006     -1.910 0.565  54 -99.00  123.3        -1279.07       -2542.085   123   0.0005   0.0006     -1.941 0.194  30 -99.00    0.358
2018-05-05-17:14:31 1.11  Mocks_Em/MockNFW160ellip5loga2.08PA50center0With_background20num94.dat TNC          1.0e-04 0 1 0 0     NFW      359.9999   0.0005     -1.932 0.560  45 -99.00  119.5       -1325.256       -2634.455    95 359.9999   0.0005     -1.948 0.216  41 -99.00    0.272
2018-05-05-17:14:31 1.11  Mocks_Em/MockNFW160ellip5loga2.08PA50center0With_background20num95.dat TNC          1.0e-04 0 1 0 0     NFW        0.0003  -0.0006     -2.007 0.315  73 -99.00  101.4       -1345.066       -2674.076   109   0.0003  -0.0006     -1.992 0.120  36 -99.00    0.313
2018-05-05-17:14:31 1.11  Mocks_Em/MockNFW160ellip5loga2.08PA50center0With_background20num96.dat TNC          1.0e-04 0 1 0 0     NFW        0.0011   0.0002     -1.979 0.321  54 -99.00  110.0        -1419.66       -2823.264    73   0.0011   0.0002     -1.981 0.135  41 -99.00    0.212
2018-05-05-17:14:31 1.11  Mocks_Em/MockNFW160ellip5loga2.08PA50center0With_background20num97.dat TNC          1.0e-04 0 1 0 0     NFW      359.9996  -0.0000     -1.917 0.501  60 -99.00  119.5       -1237.157       -2458.259    50 359.9996  -0.0000     -1.942 0.216  33 -99.00    0.144
2018-05-05-17:14:31 1.11  Mocks_Em/MockNFW160ellip5loga2.08PA50center0With_background20num98.dat TNC          1.0e-04 0 1 0 0     NFW        0.0000   0.0001     -1.920 0.451  54 -99.00  131.6       -1369.595       -2723.135    76   0.0000   0.0001     -2.019 0.189  29 -99.00    0.219
2018-05-05-17:14:31 1.11  Mocks_Em/MockNFW160ellip5loga2.08PA50center0With_background20num99.dat TNC          1.0e-04 0 1 0 0     NFW      359.9996  -0.0003     -2.120 0.481  54 -99.00   72.6        -1310.46       -2604.865    88 359.9996  -0.0003     -1.976 0.264  31 -99.00    0.253
