2018-05-05-17:14:55 1.11  Mocks_Em/MockNFW160ellip5loga2.08PA50center0With_background20num0.dat L-BFGS-B     1.0e-04 0 1 0 0     NFW        0.0007  -0.0002     -2.184 0.314  42 -99.00   62.0       -1279.108        -2542.16    28   0.0007  -0.0002     -1.980 0.240  42 -99.00    0.023
2018-05-05-17:14:55 1.11  Mocks_Em/MockNFW160ellip5loga2.08PA50center0With_background20num1.dat L-BFGS-B     1.0e-04 0 1 0 0     NFW        0.0002  -0.0004     -1.927 0.051  23 -99.00  123.4       -1309.068        -2602.08    49   0.0002  -0.0004     -1.946 0.140  23 -99.00    0.035
2018-05-05-17:14:55 1.11  Mocks_Em/MockNFW160ellip5loga2.08PA50center0With_background20num2.dat L-BFGS-B     1.0e-04 0 1 0 0     NFW      360.0000   0.0003     -2.100 0.285  37 -99.00   76.8        -1290.62       -2565.184    28 360.0000   0.0003     -1.960 0.232  37 -99.00    0.017
2018-05-05-17:14:55 1.11  Mocks_Em/MockNFW160ellip5loga2.08PA50center0With_background20num3.dat L-BFGS-B     1.0e-04 0 1 0 0     NFW        0.0000   0.0001     -1.922 0.008 150 -99.00  123.7       -1287.693        -2559.33    98   0.0000   0.0001     -1.951 0.257 148 -99.00    0.055
2018-05-05-17:14:55 1.11  Mocks_Em/MockNFW160ellip5loga2.08PA50center0With_background20num4.dat L-BFGS-B     1.0e-04 0 1 0 0     NFW        0.0005  -0.0007     -1.903 0.000 143 -99.00  139.1       -1421.864       -2827.672   126   0.0005  -0.0007     -1.965 0.163 142 -99.00    0.060
2018-05-05-17:14:55 1.11  Mocks_Em/MockNFW160ellip5loga2.08PA50center0With_background20num5.dat L-BFGS-B     1.0e-04 0 1 0 0     NFW      359.9997  -0.0008     -2.151 0.093 135 -99.00   70.0       -1349.533        -2683.01    35 359.9997  -0.0008     -1.981 0.105 135 -99.00    0.015
2018-05-05-17:14:55 1.11  Mocks_Em/MockNFW160ellip5loga2.08PA50center0With_background20num6.dat L-BFGS-B     1.0e-04 0 1 0 0     NFW        0.0003   0.0001     -2.027 0.224  32 -99.00   92.0       -1277.001       -2537.946    21   0.0003   0.0001     -1.942 0.189  32 -99.00    0.009
2018-05-05-17:14:55 1.11  Mocks_Em/MockNFW160ellip5loga2.08PA50center0With_background20num7.dat L-BFGS-B     1.0e-04 0 1 0 0     NFW      359.9994   0.0002     -2.068 0.288  44 -99.00   83.0       -1309.527       -2602.999    28 359.9994   0.0002     -1.942 0.242  44 -99.00    0.011
2018-05-05-17:14:55 1.11  Mocks_Em/MockNFW160ellip5loga2.08PA50center0With_background20num8.dat L-BFGS-B     1.0e-04 0 1 0 0     NFW        0.0008  -0.0002     -2.132 0.127  19 -99.00   75.5       -1382.165       -2748.274    35   0.0008  -0.0002     -2.003 0.139  19 -99.00    0.014
2018-05-05-17:14:55 1.11  Mocks_Em/MockNFW160ellip5loga2.08PA50center0With_background20num9.dat L-BFGS-B     1.0e-04 0 1 0 0     NFW      359.9998   0.0002     -2.137 0.225  29 -99.00   70.7       -1284.768        -2553.48    28 359.9998   0.0002     -1.995 0.166  29 -99.00    0.010
2018-05-05-17:14:55 1.11  Mocks_Em/MockNFW160ellip5loga2.08PA50center0With_background20num10.dat L-BFGS-B     1.0e-04 0 1 0 0     NFW      359.9999   0.0007     -1.917 0.001 142 -99.00  130.7       -1357.761       -2699.467   119 359.9999   0.0007     -2.002 0.186 141 -99.00    0.045
2018-05-05-17:14:55 1.11  Mocks_Em/MockNFW160ellip5loga2.08PA50center0With_background20num11.dat L-BFGS-B     1.0e-04 0 1 0 0     NFW        0.0001  -0.0001     -2.081 0.228  39 -99.00   82.8       -1301.426       -2586.796    28   0.0001  -0.0001     -1.956 0.179  39 -99.00    0.010
2018-05-05-17:14:55 1.11  Mocks_Em/MockNFW160ellip5loga2.08PA50center0With_background20num12.dat L-BFGS-B     1.0e-04 0 1 0 0     NFW      359.9997   0.0004     -2.223 0.116 135 -99.00   62.1        -1364.93       -2713.804    35 359.9997   0.0004     -2.014 0.135 135 -99.00    0.013
2018-05-05-17:14:55 1.11  Mocks_Em/MockNFW160ellip5loga2.08PA50center0With_background20num13.dat L-BFGS-B     1.0e-04 0 1 0 0     NFW        0.0002   0.0009     -1.922 0.025 157 -99.00  124.7       -1320.434       -2624.813    63   0.0002   0.0009     -1.979 0.183 156 -99.00    0.024
2018-05-05-17:14:55 1.11  Mocks_Em/MockNFW160ellip5loga2.08PA50center0With_background20num14.dat L-BFGS-B     1.0e-04 0 1 0 0     NFW      359.9998  -0.0004     -2.144 0.211  42 -99.00   72.4       -1353.864       -2691.672    28 359.9998  -0.0004     -1.979 0.141  42 -99.00    0.010
2018-05-05-17:14:55 1.11  Mocks_Em/MockNFW160ellip5loga2.08PA50center0With_background20num15.dat L-BFGS-B     1.0e-04 0 1 0 0     NFW        0.0010   0.0004     -1.906 0.002 150 -99.00  129.8        -1340.79       -2665.524   105   0.0010   0.0004     -1.983 0.214 148 -99.00    0.041
2018-05-05-17:14:55 1.11  Mocks_Em/MockNFW160ellip5loga2.08PA50center0With_background20num16.dat L-BFGS-B     1.0e-04 0 1 0 0     NFW        0.0005   0.0002     -1.946 0.331  36 -99.00  117.2       -1329.758        -2643.46    28   0.0005   0.0002     -1.959 0.170  36 -99.00    0.011
2018-05-05-17:14:55 1.11  Mocks_Em/MockNFW160ellip5loga2.08PA50center0With_background20num17.dat L-BFGS-B     1.0e-04 0 1 0 0     NFW        0.0001   0.0005     -2.278 0.069 176 -99.00   49.1       -1249.823        -2483.59    35   0.0001   0.0005     -1.963 0.086 176 -99.00    0.013
2018-05-05-17:14:55 1.11  Mocks_Em/MockNFW160ellip5loga2.08PA50center0With_background20num18.dat L-BFGS-B     1.0e-04 0 1 0 0     NFW      359.9997  -0.0002     -1.921 0.000 136 -99.00  129.2       -1339.956       -2663.856   133 359.9997  -0.0002     -1.982 0.228 136 -99.00    0.052
2018-05-05-17:14:55 1.11  Mocks_Em/MockNFW160ellip5loga2.08PA50center0With_background20num19.dat L-BFGS-B     1.0e-04 0 1 0 0     NFW      359.9996   0.0003     -1.920 0.015 159 -99.00  121.3        -1261.32       -2506.585    49 359.9996   0.0003     -1.955 0.164 158 -99.00    0.019
2018-05-05-17:14:55 1.11  Mocks_Em/MockNFW160ellip5loga2.08PA50center0With_background20num20.dat L-BFGS-B     1.0e-04 0 1 0 0     NFW        0.0004  -0.0001     -1.918 0.299  39 -99.00  127.8       -1310.002       -2603.949    35   0.0004  -0.0001     -1.918 0.097  39 -99.00    0.013
2018-05-05-17:14:55 1.11  Mocks_Em/MockNFW160ellip5loga2.08PA50center0With_background20num21.dat L-BFGS-B     1.0e-04 0 1 0 0     NFW      359.9995  -0.0006     -1.950 0.314  36 -99.00  115.7       -1354.106       -2692.156    35 359.9995  -0.0006     -1.967 0.148  36 -99.00    0.013
2018-05-05-17:14:55 1.11  Mocks_Em/MockNFW160ellip5loga2.08PA50center0With_background20num22.dat L-BFGS-B     1.0e-04 0 1 0 0     NFW        0.0003   0.0000     -1.952 0.359  40 -99.00  111.5       -1262.771       -2509.487    28   0.0003   0.0000     -1.968 0.144  40 -99.00    0.010
2018-05-05-17:14:55 1.11  Mocks_Em/MockNFW160ellip5loga2.08PA50center0With_background20num23.dat L-BFGS-B     1.0e-04 0 1 0 0     NFW      359.9998   0.0006     -2.126 0.305  39 -99.00   76.2       -1370.854       -2725.652    28 359.9998   0.0006     -2.001 0.259  39 -99.00    0.010
2018-05-05-17:14:55 1.11  Mocks_Em/MockNFW160ellip5loga2.08PA50center0With_background20num24.dat L-BFGS-B     1.0e-04 0 1 0 0     NFW      359.9996  -0.0004     -2.180 0.004 135 -99.00   66.8       -1374.458       -2732.861   126 359.9996  -0.0004     -2.023 0.200 135 -99.00    0.048
2018-05-05-17:14:55 1.11  Mocks_Em/MockNFW160ellip5loga2.08PA50center0With_background20num25.dat L-BFGS-B     1.0e-04 0 1 0 0     NFW      359.9998  -0.0002     -1.919 0.311  32 -99.00  121.0       -1249.022       -2481.987    35 359.9998  -0.0002     -1.918 0.206  32 -99.00    0.013
2018-05-05-17:14:55 1.11  Mocks_Em/MockNFW160ellip5loga2.08PA50center0With_background20num26.dat L-BFGS-B     1.0e-04 0 1 0 0     NFW        0.0001  -0.0001     -2.130 0.301  40 -99.00   72.8       -1290.192       -2564.328    28   0.0001  -0.0001     -1.961 0.237  40 -99.00    0.010
2018-05-05-17:14:55 1.11  Mocks_Em/MockNFW160ellip5loga2.08PA50center0With_background20num27.dat L-BFGS-B     1.0e-04 0 1 0 0     NFW        0.0009  -0.0000     -2.053 0.226  40 -99.00   88.1       -1357.658       -2699.261    28   0.0009  -0.0000     -1.946 0.184  40 -99.00    0.010
2018-05-05-17:14:55 1.11  Mocks_Em/MockNFW160ellip5loga2.08PA50center0With_background20num28.dat L-BFGS-B     1.0e-04 0 1 0 0     NFW      359.9998  -0.0001     -2.064 0.179 151 -99.00   88.1       -1337.595       -2659.135    35 359.9998  -0.0001     -1.986 0.189 151 -99.00    0.013
2018-05-05-17:14:55 1.11  Mocks_Em/MockNFW160ellip5loga2.08PA50center0With_background20num29.dat L-BFGS-B     1.0e-04 0 1 0 0     NFW        0.0003  -0.0001     -2.182 0.166 140 -99.00   62.7       -1262.979       -2509.903    35   0.0003  -0.0001     -1.980 0.191 140 -99.00    0.013
2018-05-05-17:14:55 1.11  Mocks_Em/MockNFW160ellip5loga2.08PA50center0With_background20num30.dat L-BFGS-B     1.0e-04 0 1 0 0     NFW        0.0001   0.0004     -2.109 0.133  39 -99.00   80.6       -1370.944       -2725.833    35   0.0001   0.0004     -1.998 0.080  39 -99.00    0.013
2018-05-05-17:14:55 1.11  Mocks_Em/MockNFW160ellip5loga2.08PA50center0With_background20num31.dat L-BFGS-B     1.0e-04 0 1 0 0     NFW        0.0000  -0.0001     -1.930 0.333  33 -99.00  121.2       -1284.032       -2552.008    28   0.0000  -0.0001     -1.932 0.228  33 -99.00    0.010
2018-05-05-17:14:55 1.11  Mocks_Em/MockNFW160ellip5loga2.08PA50center0With_background20num32.dat L-BFGS-B     1.0e-04 0 1 0 0     NFW      359.9997   0.0003     -2.137 0.098 147 -99.00   78.1       -1420.403        -2824.75    35 359.9997   0.0003     -2.011 0.107 147 -99.00    0.013
2018-05-05-17:14:55 1.11  Mocks_Em/MockNFW160ellip5loga2.08PA50center0With_background20num33.dat L-BFGS-B     1.0e-04 0 1 0 0     NFW        0.0000   0.0003     -1.921 0.026  23 -99.00  126.9       -1336.147       -2656.239    42   0.0000   0.0003     -1.945 0.098  23 -99.00    0.016
2018-05-05-17:14:55 1.11  Mocks_Em/MockNFW160ellip5loga2.08PA50center0With_background20num34.dat L-BFGS-B     1.0e-04 0 1 0 0     NFW      359.9993   0.0004     -1.925 0.012 138 -99.00  126.8       -1352.225       -2688.394    63 359.9993   0.0004     -1.999 0.086 138 -99.00    0.024
2018-05-05-17:14:55 1.11  Mocks_Em/MockNFW160ellip5loga2.08PA50center0With_background20num35.dat L-BFGS-B     1.0e-04 0 1 0 0     NFW      360.0000  -0.0006     -2.102 0.244  38 -99.00   73.9       -1262.518        -2508.98    28 360.0000  -0.0006     -1.972 0.193  38 -99.00    0.010
2018-05-05-17:14:55 1.11  Mocks_Em/MockNFW160ellip5loga2.08PA50center0With_background20num36.dat L-BFGS-B     1.0e-04 0 1 0 0     NFW        0.0001  -0.0005     -1.936 0.509  44 -99.00  117.7       -1316.629       -2617.202    35   0.0001  -0.0005     -1.961 0.266  44 -99.00    0.013
2018-05-05-17:14:55 1.11  Mocks_Em/MockNFW160ellip5loga2.08PA50center0With_background20num37.dat L-BFGS-B     1.0e-04 0 1 0 0     NFW        0.0001   0.0011     -1.893 0.000 145 -99.00  136.1       -1388.652       -2761.248   140   0.0001   0.0011     -1.956 0.233 143 -99.00    0.053
2018-05-05-17:14:55 1.11  Mocks_Em/MockNFW160ellip5loga2.08PA50center0With_background20num38.dat L-BFGS-B     1.0e-04 0 1 0 0     NFW      359.9998   0.0006     -1.940 0.114  27 -99.00  116.2        -1293.29       -2570.525    35 359.9998   0.0006     -1.924 0.117  27 -99.00    0.013
2018-05-05-17:14:55 1.11  Mocks_Em/MockNFW160ellip5loga2.08PA50center0With_background20num39.dat L-BFGS-B     1.0e-04 0 1 0 0     NFW      359.9987  -0.0003     -2.258 0.324  43 -99.00   56.0       -1410.664       -2805.272    28 359.9987  -0.0003     -1.987 0.219  43 -99.00    0.010
2018-05-05-17:14:55 1.11  Mocks_Em/MockNFW160ellip5loga2.08PA50center0With_background20num40.dat L-BFGS-B     1.0e-04 0 1 0 0     NFW      359.9997  -0.0000     -2.125 0.217  30 -99.00   72.5       -1292.032       -2568.008    28 359.9997  -0.0000     -1.969 0.151  30 -99.00    0.010
2018-05-05-17:14:55 1.11  Mocks_Em/MockNFW160ellip5loga2.08PA50center0With_background20num41.dat L-BFGS-B     1.0e-04 0 1 0 0     NFW        0.0006   0.0002     -2.057 0.401  36 -99.00   88.4       -1334.904       -2653.752    28   0.0006   0.0002     -1.978 0.273  36 -99.00    0.010
2018-05-05-17:14:55 1.11  Mocks_Em/MockNFW160ellip5loga2.08PA50center0With_background20num42.dat L-BFGS-B     1.0e-04 0 1 0 0     NFW      360.0000  -0.0005     -2.185 0.250  24 -99.00   67.1       -1368.533        -2721.01    28 360.0000  -0.0005     -2.016 0.180  24 -99.00    0.010
2018-05-05-17:14:55 1.11  Mocks_Em/MockNFW160ellip5loga2.08PA50center0With_background20num43.dat L-BFGS-B     1.0e-04 0 1 0 0     NFW        0.0005   0.0006     -1.915 0.016 158 -99.00  129.3       -1336.475       -2656.895    49   0.0005   0.0006     -1.939 0.187 158 -99.00    0.018
2018-05-05-17:14:55 1.11  Mocks_Em/MockNFW160ellip5loga2.08PA50center0With_background20num44.dat L-BFGS-B     1.0e-04 0 1 0 0     NFW        0.0001  -0.0004     -2.075 0.265  35 -99.00   83.7       -1310.937       -2605.818    35   0.0001  -0.0004     -1.979 0.175  35 -99.00    0.013
2018-05-05-17:14:55 1.11  Mocks_Em/MockNFW160ellip5loga2.08PA50center0With_background20num45.dat L-BFGS-B     1.0e-04 0 1 0 0     NFW        0.0009   0.0004     -2.052 0.124 142 -99.00   86.1        -1332.62       -2649.184    35   0.0009   0.0004     -1.967 0.133 142 -99.00    0.013
2018-05-05-17:14:55 1.11  Mocks_Em/MockNFW160ellip5loga2.08PA50center0With_background20num46.dat L-BFGS-B     1.0e-04 0 1 0 0     NFW        0.0009   0.0000     -1.936 0.286  33 -99.00  124.0       -1397.945       -2779.834    28   0.0009   0.0000     -1.943 0.195  33 -99.00    0.010
2018-05-05-17:14:55 1.11  Mocks_Em/MockNFW160ellip5loga2.08PA50center0With_background20num47.dat L-BFGS-B     1.0e-04 0 1 0 0     NFW        0.0001  -0.0003     -1.957 0.510  34 -99.00  115.1       -1307.114       -2598.172    35   0.0001  -0.0003     -1.987 0.239  34 -99.00    0.013
2018-05-05-17:14:55 1.11  Mocks_Em/MockNFW160ellip5loga2.08PA50center0With_background20num48.dat L-BFGS-B     1.0e-04 0 1 0 0     NFW        0.0010   0.0005     -2.054 0.202  36 -99.00   83.6       -1301.857       -2587.658    28   0.0010   0.0005     -1.940 0.154  36 -99.00    0.011
2018-05-05-17:14:55 1.11  Mocks_Em/MockNFW160ellip5loga2.08PA50center0With_background20num49.dat L-BFGS-B     1.0e-04 0 1 0 0     NFW        0.0008  -0.0003     -2.084 0.152  25 -99.00   85.6        -1419.51       -2822.964    28   0.0008  -0.0003     -1.975 0.102  25 -99.00    0.010
2018-05-05-17:14:55 1.11  Mocks_Em/MockNFW160ellip5loga2.08PA50center0With_background20num50.dat L-BFGS-B     1.0e-04 0 1 0 0     NFW      359.9997  -0.0007     -1.940 0.257  29 -99.00  119.0       -1343.275       -2670.495    42 359.9997  -0.0007     -1.946 0.154  29 -99.00    0.016
2018-05-05-17:14:55 1.11  Mocks_Em/MockNFW160ellip5loga2.08PA50center0With_background20num51.dat L-BFGS-B     1.0e-04 0 1 0 0     NFW      359.9992   0.0001     -2.013 0.111  16 -99.00   95.2       -1309.079       -2602.102    28 359.9992   0.0001     -1.975 0.114  16 -99.00    0.011
2018-05-05-17:14:55 1.11  Mocks_Em/MockNFW160ellip5loga2.08PA50center0With_background20num52.dat L-BFGS-B     1.0e-04 0 1 0 0     NFW        0.0000  -0.0010     -2.032 0.132  31 -99.00   92.4       -1331.117       -2646.178    35   0.0000  -0.0010     -1.952 0.096  31 -99.00    0.013
2018-05-05-17:14:55 1.11  Mocks_Em/MockNFW160ellip5loga2.08PA50center0With_background20num53.dat L-BFGS-B     1.0e-04 0 1 0 0     NFW        0.0002   0.0007     -1.933 0.426  35 -99.00  119.3       -1315.315       -2614.574    28   0.0002   0.0007     -1.951 0.188  35 -99.00    0.010
2018-05-05-17:14:55 1.11  Mocks_Em/MockNFW160ellip5loga2.08PA50center0With_background20num54.dat L-BFGS-B     1.0e-04 0 1 0 0     NFW        0.0007   0.0010     -1.926 0.302  33 -99.00  117.1       -1292.576       -2569.097    35   0.0007   0.0010     -1.935 0.141  33 -99.00    0.013
2018-05-05-17:14:55 1.11  Mocks_Em/MockNFW160ellip5loga2.08PA50center0With_background20num55.dat L-BFGS-B     1.0e-04 0 1 0 0     NFW      359.9995   0.0003     -1.922 0.015 152 -99.00  129.5       -1355.833        -2695.61    49 359.9995   0.0003     -1.958 0.162 152 -99.00    0.019
2018-05-05-17:14:55 1.11  Mocks_Em/MockNFW160ellip5loga2.08PA50center0With_background20num56.dat L-BFGS-B     1.0e-04 0 1 0 0     NFW      359.9999  -0.0002     -2.216 0.249  42 -99.00   58.9       -1296.864       -2577.673    28 359.9999  -0.0002     -1.974 0.147  42 -99.00    0.010
2018-05-05-17:14:55 1.11  Mocks_Em/MockNFW160ellip5loga2.08PA50center0With_background20num57.dat L-BFGS-B     1.0e-04 0 1 0 0     NFW      359.9993  -0.0006     -1.967 0.430  41 -99.00  113.7       -1394.842       -2773.628    28 359.9993  -0.0006     -1.987 0.205  41 -99.00    0.011
2018-05-05-17:14:55 1.11  Mocks_Em/MockNFW160ellip5loga2.08PA50center0With_background20num58.dat L-BFGS-B     1.0e-04 0 1 0 0     NFW      359.9998  -0.0000     -2.129 0.137 142 -99.00   66.9       -1203.426       -2390.796    35 359.9998  -0.0000     -1.938 0.156 142 -99.00    0.013
2018-05-05-17:14:55 1.11  Mocks_Em/MockNFW160ellip5loga2.08PA50center0With_background20num59.dat L-BFGS-B     1.0e-04 0 1 0 0     NFW        0.0006  -0.0007     -1.898 0.010 144 -99.00  130.3       -1344.222       -2672.388    84   0.0006  -0.0007     -1.946 0.149 143 -99.00    0.032
2018-05-05-17:14:55 1.11  Mocks_Em/MockNFW160ellip5loga2.08PA50center0With_background20num60.dat L-BFGS-B     1.0e-04 0 1 0 0     NFW        0.0005   0.0001     -2.154 0.179 135 -99.00   68.5       -1315.144       -2614.231    35   0.0005   0.0001     -1.947 0.207 135 -99.00    0.013
2018-05-05-17:14:55 1.11  Mocks_Em/MockNFW160ellip5loga2.08PA50center0With_background20num61.dat L-BFGS-B     1.0e-04 0 1 0 0     NFW        0.0004   0.0006     -1.904 0.000 135 -99.00  128.5       -1314.639       -2613.223   133   0.0004   0.0006     -1.956 0.181 135 -99.00    0.050
2018-05-05-17:14:55 1.11  Mocks_Em/MockNFW160ellip5loga2.08PA50center0With_background20num62.dat L-BFGS-B     1.0e-04 0 1 0 0     NFW      359.9993  -0.0004     -2.054 0.120 165 -99.00   90.7       -1395.661       -2775.266    28 359.9993  -0.0004     -2.005 0.124 165 -99.00    0.011
2018-05-05-17:14:55 1.11  Mocks_Em/MockNFW160ellip5loga2.08PA50center0With_background20num63.dat L-BFGS-B     1.0e-04 0 1 0 0     NFW      359.9993  -0.0008     -2.043 0.197  39 -99.00   88.5       -1327.526       -2638.996    28 359.9993  -0.0008     -1.961 0.163  39 -99.00    0.010
2018-05-05-17:14:55 1.11  Mocks_Em/MockNFW160ellip5loga2.08PA50center0With_background20num64.dat L-BFGS-B     1.0e-04 0 1 0 0     NFW        0.0002  -0.0000     -2.132 0.275  42 -99.00   69.4       -1259.036       -2502.016    28   0.0002  -0.0000     -1.964 0.211  42 -99.00    0.010
2018-05-05-17:14:55 1.11  Mocks_Em/MockNFW160ellip5loga2.08PA50center0With_background20num65.dat L-BFGS-B     1.0e-04 0 1 0 0     NFW        0.0000   0.0003     -1.997 0.658  45 -99.00  100.2       -1288.445       -2560.834    77   0.0000   0.0003     -2.003 0.253  45 -99.00    0.029
2018-05-05-17:14:55 1.11  Mocks_Em/MockNFW160ellip5loga2.08PA50center0With_background20num66.dat L-BFGS-B     1.0e-04 0 1 0 0     NFW        0.0007  -0.0006     -2.191 0.256  22 -99.00   65.7       -1380.769       -2745.482    28   0.0007  -0.0006     -2.005 0.179  22 -99.00    0.010
2018-05-05-17:14:55 1.11  Mocks_Em/MockNFW160ellip5loga2.08PA50center0With_background20num67.dat L-BFGS-B     1.0e-04 0 1 0 0     NFW        0.0005  -0.0001     -1.917 0.012 145 -99.00  132.7       -1390.927       -2765.799    84   0.0005  -0.0001     -1.990 0.181 145 -99.00    0.032
2018-05-05-17:14:55 1.11  Mocks_Em/MockNFW160ellip5loga2.08PA50center0With_background20num68.dat L-BFGS-B     1.0e-04 0 1 0 0     NFW        0.0001  -0.0000     -1.945 0.296  35 -99.00  110.5       -1191.543        -2367.03    28   0.0001  -0.0000     -1.948 0.188  35 -99.00    0.011
2018-05-05-17:14:55 1.11  Mocks_Em/MockNFW160ellip5loga2.08PA50center0With_background20num69.dat L-BFGS-B     1.0e-04 0 1 0 0     NFW      359.9997   0.0001     -2.082 0.161  41 -99.00   79.3       -1252.041       -2488.026    28 359.9997   0.0001     -1.957 0.104  41 -99.00    0.010
2018-05-05-17:14:55 1.11  Mocks_Em/MockNFW160ellip5loga2.08PA50center0With_background20num70.dat L-BFGS-B     1.0e-04 0 1 0 0     NFW      359.9995   0.0002     -2.115 0.131  18 -99.00   78.3       -1379.881       -2743.705    35 359.9995   0.0002     -1.988 0.143  18 -99.00    0.014
2018-05-05-17:14:55 1.11  Mocks_Em/MockNFW160ellip5loga2.08PA50center0With_background20num71.dat L-BFGS-B     1.0e-04 0 1 0 0     NFW      359.9993  -0.0004     -2.269 0.076 152 -99.00   49.5       -1227.454       -2438.853    35 359.9993  -0.0004     -1.940 0.096 152 -99.00    0.014
2018-05-05-17:14:55 1.11  Mocks_Em/MockNFW160ellip5loga2.08PA50center0With_background20num72.dat L-BFGS-B     1.0e-04 0 1 0 0     NFW        0.0001  -0.0004     -1.921 0.000 140 -99.00  131.6       -1351.015       -2685.974   133   0.0001  -0.0004     -1.961 0.185 140 -99.00    0.050
2018-05-05-17:14:55 1.11  Mocks_Em/MockNFW160ellip5loga2.08PA50center0With_background20num73.dat L-BFGS-B     1.0e-04 0 1 0 0     NFW      359.9996  -0.0006     -1.909 0.334  27 -99.00  127.8       -1312.433        -2608.81    49 359.9996  -0.0006     -1.940 0.272  27 -99.00    0.018
2018-05-05-17:14:55 1.11  Mocks_Em/MockNFW160ellip5loga2.08PA50center0With_background20num74.dat L-BFGS-B     1.0e-04 0 1 0 0     NFW      359.9993   0.0006     -1.936 0.430  40 -99.00  122.4       -1376.997       -2737.939    28 359.9993   0.0006     -1.957 0.199  40 -99.00    0.010
2018-05-05-17:14:55 1.11  Mocks_Em/MockNFW160ellip5loga2.08PA50center0With_background20num75.dat L-BFGS-B     1.0e-04 0 1 0 0     NFW      359.9999   0.0009     -2.091 0.213  32 -99.00   83.6       -1385.454       -2754.852    28 359.9999   0.0009     -1.981 0.167  32 -99.00    0.010
2018-05-05-17:14:55 1.11  Mocks_Em/MockNFW160ellip5loga2.08PA50center0With_background20num76.dat L-BFGS-B     1.0e-04 0 1 0 0     NFW        0.0004   0.0001     -2.198 0.111 169 -99.00   60.0       -1277.794       -2539.532    35   0.0004   0.0001     -1.967 0.131 169 -99.00    0.013
2018-05-05-17:14:55 1.11  Mocks_Em/MockNFW160ellip5loga2.08PA50center0With_background20num77.dat L-BFGS-B     1.0e-04 0 1 0 0     NFW        0.0004   0.0003     -1.941 0.532  38 -99.00  119.0       -1326.673       -2637.291    49   0.0004   0.0003     -1.973 0.207  38 -99.00    0.018
2018-05-05-17:14:55 1.11  Mocks_Em/MockNFW160ellip5loga2.08PA50center0With_background20num78.dat L-BFGS-B     1.0e-04 0 1 0 0     NFW        0.0007   0.0000     -1.939 0.393  37 -99.00  115.3       -1301.674       -2587.293    28   0.0007   0.0000     -1.953 0.192  37 -99.00    0.010
2018-05-05-17:14:55 1.11  Mocks_Em/MockNFW160ellip5loga2.08PA50center0With_background20num79.dat L-BFGS-B     1.0e-04 0 1 0 0     NFW      359.9997   0.0003     -2.251 0.157 143 -99.00   53.2       -1266.123       -2516.191    35 359.9997   0.0003     -1.989 0.190 143 -99.00    0.013
2018-05-05-17:14:55 1.11  Mocks_Em/MockNFW160ellip5loga2.08PA50center0With_background20num80.dat L-BFGS-B     1.0e-04 0 1 0 0     NFW        0.0003   0.0005     -2.145 0.289  32 -99.00   67.3       -1274.725       -2533.394    28   0.0003   0.0005     -1.967 0.222  32 -99.00    0.010
2018-05-05-17:14:55 1.11  Mocks_Em/MockNFW160ellip5loga2.08PA50center0With_background20num81.dat L-BFGS-B     1.0e-04 0 1 0 0     NFW        0.0003  -0.0006     -2.180 0.243  42 -99.00   65.1       -1325.546       -2635.037    28   0.0003  -0.0006     -1.985 0.162  42 -99.00    0.010
2018-05-05-17:14:55 1.11  Mocks_Em/MockNFW160ellip5loga2.08PA50center0With_background20num82.dat L-BFGS-B     1.0e-04 0 1 0 0     NFW        0.0005  -0.0006     -1.928 0.404  40 -99.00  114.3       -1262.884       -2509.712    28   0.0005  -0.0006     -1.941 0.215  40 -99.00    0.010
2018-05-05-17:14:55 1.11  Mocks_Em/MockNFW160ellip5loga2.08PA50center0With_background20num83.dat L-BFGS-B     1.0e-04 0 1 0 0     NFW      359.9994   0.0001     -2.108 0.305  33 -99.00   74.5       -1271.701       -2527.346    28 359.9994   0.0001     -1.954 0.249  33 -99.00    0.010
2018-05-05-17:14:55 1.11  Mocks_Em/MockNFW160ellip5loga2.08PA50center0With_background20num84.dat L-BFGS-B     1.0e-04 0 1 0 0     NFW        0.0002  -0.0004     -2.111 0.076   6 -99.00   80.7       -1385.758       -2755.461    49   0.0002  -0.0004     -1.976 0.161   6 -99.00    0.019
2018-05-05-17:14:55 1.11  Mocks_Em/MockNFW160ellip5loga2.08PA50center0With_background20num85.dat L-BFGS-B     1.0e-04 0 1 0 0     NFW      360.0000   0.0019     -1.889 0.000 137 -99.00  138.4       -1393.701       -2771.346   140 360.0000   0.0019     -1.949 0.117 137 -99.00    0.053
2018-05-05-17:14:55 1.11  Mocks_Em/MockNFW160ellip5loga2.08PA50center0With_background20num86.dat L-BFGS-B     1.0e-04 0 1 0 0     NFW      359.9989  -0.0001     -2.097 0.108   2 -99.00   79.6       -1363.452       -2710.849    35 359.9989  -0.0001     -1.984 0.117   2 -99.00    0.013
2018-05-05-17:14:55 1.11  Mocks_Em/MockNFW160ellip5loga2.08PA50center0With_background20num87.dat L-BFGS-B     1.0e-04 0 1 0 0     NFW      359.9997   0.0006     -1.913 0.011 144 -99.00  122.4       -1284.962       -2553.868    35 359.9997   0.0006     -1.938 0.042 144 -99.00    0.014
2018-05-05-17:14:55 1.11  Mocks_Em/MockNFW160ellip5loga2.08PA50center0With_background20num88.dat L-BFGS-B     1.0e-04 0 1 0 0     NFW        0.0003   0.0003     -1.923 0.000 137 -99.00  127.7       -1327.081       -2638.106   133   0.0003   0.0003     -1.964 0.250 136 -99.00    0.050
2018-05-05-17:14:55 1.11  Mocks_Em/MockNFW160ellip5loga2.08PA50center0With_background20num89.dat L-BFGS-B     1.0e-04 0 1 0 0     NFW      359.9990  -0.0003     -1.988 0.071 157 -99.00  100.0       -1320.486       -2624.915    28 359.9990  -0.0003     -1.950 0.073 157 -99.00    0.011
2018-05-05-17:14:55 1.11  Mocks_Em/MockNFW160ellip5loga2.08PA50center0With_background20num90.dat L-BFGS-B     1.0e-04 0 1 0 0     NFW      359.9998   0.0003     -1.964 0.301  36 -99.00  114.5       -1351.831       -2687.606    35 359.9998   0.0003     -1.979 0.149  36 -99.00    0.013
2018-05-05-17:14:55 1.11  Mocks_Em/MockNFW160ellip5loga2.08PA50center0With_background20num91.dat L-BFGS-B     1.0e-04 0 1 0 0     NFW      359.9992  -0.0004     -2.148 0.287  24 -99.00   66.5       -1279.474       -2542.893    28 359.9992  -0.0004     -1.964 0.218  24 -99.00    0.010
2018-05-05-17:14:55 1.11  Mocks_Em/MockNFW160ellip5loga2.08PA50center0With_background20num92.dat L-BFGS-B     1.0e-04 0 1 0 0     NFW        0.0005   0.0002     -2.163 0.225  36 -99.00   69.0       -1336.517       -2656.979    28   0.0005   0.0002     -1.997 0.155  36 -99.00    0.011
2018-05-05-17:14:55 1.11  Mocks_Em/MockNFW160ellip5loga2.08PA50center0With_background20num93.dat L-BFGS-B     1.0e-04 0 1 0 0     NFW        0.0005   0.0006     -2.032 0.229  30 -99.00   89.1       -1272.781       -2529.507    28   0.0005   0.0006     -1.941 0.194  30 -99.00    0.011
2018-05-05-17:14:55 1.11  Mocks_Em/MockNFW160ellip5loga2.08PA50center0With_background20num94.dat L-BFGS-B     1.0e-04 0 1 0 0     NFW      359.9999   0.0005     -2.171 0.300  41 -99.00   65.8       -1323.592       -2631.128    28 359.9999   0.0005     -1.948 0.216  41 -99.00    0.011
2018-05-05-17:14:55 1.11  Mocks_Em/MockNFW160ellip5loga2.08PA50center0With_background20num95.dat L-BFGS-B     1.0e-04 0 1 0 0     NFW        0.0003  -0.0006     -2.051 0.115  36 -99.00   90.5       -1343.173       -2670.291    28   0.0003  -0.0006     -1.992 0.120  36 -99.00    0.011
2018-05-05-17:14:55 1.11  Mocks_Em/MockNFW160ellip5loga2.08PA50center0With_background20num96.dat L-BFGS-B     1.0e-04 0 1 0 0     NFW        0.0011   0.0002     -2.071 0.175  41 -99.00   87.1       -1418.459       -2820.863    28   0.0011   0.0002     -1.981 0.135  41 -99.00    0.011
2018-05-05-17:14:55 1.11  Mocks_Em/MockNFW160ellip5loga2.08PA50center0With_background20num97.dat L-BFGS-B     1.0e-04 0 1 0 0     NFW      359.9996  -0.0000     -1.938 0.309  33 -99.00  112.8       -1233.747       -2451.437    35 359.9996  -0.0000     -1.942 0.216  33 -99.00    0.013
2018-05-05-17:14:55 1.11  Mocks_Em/MockNFW160ellip5loga2.08PA50center0With_background20num98.dat L-BFGS-B     1.0e-04 0 1 0 0     NFW        0.0000   0.0001     -2.003 0.289  29 -99.00  105.4       -1366.356       -2716.657    28   0.0000   0.0001     -2.019 0.189  29 -99.00    0.010
2018-05-05-17:14:55 1.11  Mocks_Em/MockNFW160ellip5loga2.08PA50center0With_background20num99.dat L-BFGS-B     1.0e-04 0 1 0 0     NFW      359.9996  -0.0003     -2.198 0.342  31 -99.00   60.7        -1304.33       -2592.605    28 359.9996  -0.0003     -1.976 0.264  31 -99.00    0.010
