2018-05-05-17:14:18 1.11  Mocks_Em/MockNFW20ellip5loga2.08PA50center0With_background20num0.dat BFGS         1.0e-04 0 1 0 0     NFW        0.0023  -0.0013     -1.923 0.126  12 -99.00   39.7       -446.0532       -879.3183   820   0.0023  -0.0013     -1.923 0.126  12 -99.00    0.207
2018-05-05-17:14:18 1.11  Mocks_Em/MockNFW20ellip5loga2.08PA50center0With_background20num1.dat BFGS         1.0e-04 0 1 0 0     NFW      359.9984  -0.0019     -1.861 0.086   4 -99.00   46.6           1E+30           2E+30     8 359.9984  -0.0019     -1.861 0.086   4 -99.00    0.000
2018-05-05-17:14:18 1.11  Mocks_Em/MockNFW20ellip5loga2.08PA50center0With_background20num2.dat BFGS         1.0e-04 0 1 0 0     NFW      359.9994  -0.0010     -1.843 0.133 154 -99.00   48.5           1E+30           2E+30     8 359.9994  -0.0010     -1.843 0.133 154 -99.00    0.000
2018-05-05-17:14:18 1.11  Mocks_Em/MockNFW20ellip5loga2.08PA50center0With_background20num3.dat BFGS         1.0e-04 0 1 0 0     NFW      359.9976   0.0007     -1.857 0.265 151 -99.00   46.9           1E+30           2E+30     8 359.9976   0.0007     -1.857 0.265 151 -99.00    0.000
2018-05-05-17:14:18 1.11  Mocks_Em/MockNFW20ellip5loga2.08PA50center0With_background20num4.dat BFGS         1.0e-04 0 1 0 0     NFW      359.9996  -0.0027     -1.885 0.119  18 -99.00   47.7       -485.0379       -957.2879   820 359.9996  -0.0027     -1.885 0.119  18 -99.00    0.144
2018-05-05-17:14:18 1.11  Mocks_Em/MockNFW20ellip5loga2.08PA50center0With_background20num5.dat BFGS         1.0e-04 0 1 0 0     NFW        0.0001  -0.0009     -1.986 0.105 149 -99.00   32.5       -416.7201       -820.6521   820   0.0001  -0.0009     -1.986 0.105 149 -99.00    0.141
2018-05-05-17:14:18 1.11  Mocks_Em/MockNFW20ellip5loga2.08PA50center0With_background20num6.dat BFGS         1.0e-04 0 1 0 0     NFW        0.0002  -0.0011     -1.960 0.124  29 -99.00   37.8       -428.3912       -843.9943   820   0.0002  -0.0011     -1.960 0.124  29 -99.00    0.142
2018-05-05-17:14:18 1.11  Mocks_Em/MockNFW20ellip5loga2.08PA50center0With_background20num7.dat BFGS         1.0e-04 0 1 0 0     NFW        0.0012   0.0007     -1.906 0.107  35 -99.00   40.8       -432.5778       -852.3676   820   0.0012   0.0007     -1.906 0.107  35 -99.00    0.142
2018-05-05-17:14:18 1.11  Mocks_Em/MockNFW20ellip5loga2.08PA50center0With_background20num8.dat BFGS         1.0e-04 0 1 0 0     NFW        0.0025  -0.0013     -1.847 0.233  37 -99.00   51.1           1E+30           2E+30     8   0.0025  -0.0013     -1.847 0.233  37 -99.00    0.000
2018-05-05-17:14:18 1.11  Mocks_Em/MockNFW20ellip5loga2.08PA50center0With_background20num9.dat BFGS         1.0e-04 0 1 0 0     NFW      359.9991  -0.0005     -1.923 0.202 151 -99.00   39.3       -415.6087       -818.4294   820 359.9991  -0.0005     -1.923 0.202 151 -99.00    0.145
2018-05-05-17:14:18 1.11  Mocks_Em/MockNFW20ellip5loga2.08PA50center0With_background20num10.dat BFGS         1.0e-04 0 1 0 0     NFW        0.0001   0.0003     -1.910 0.110  43 -99.00   40.7           1E+30           2E+30     8   0.0001   0.0003     -1.910 0.110  43 -99.00    0.000
2018-05-05-17:14:18 1.11  Mocks_Em/MockNFW20ellip5loga2.08PA50center0With_background20num11.dat BFGS         1.0e-04 0 1 0 0     NFW        0.0004  -0.0010     -1.864 0.168 162 -99.00   45.7           1E+30           2E+30     8   0.0004  -0.0010     -1.864 0.168 162 -99.00    0.000
2018-05-05-17:14:18 1.11  Mocks_Em/MockNFW20ellip5loga2.08PA50center0With_background20num12.dat BFGS         1.0e-04 0 1 0 0     NFW        0.0013   0.0009     -1.917 0.109 159 -99.00   39.8       -425.2103       -837.6326   820   0.0013   0.0009     -1.917 0.109 159 -99.00    0.145
2018-05-05-17:14:18 1.11  Mocks_Em/MockNFW20ellip5loga2.08PA50center0With_background20num13.dat BFGS         1.0e-04 0 1 0 0     NFW        0.0020   0.0012     -1.913 0.156  11 -99.00   42.3       -456.8855        -900.983   820   0.0020   0.0012     -1.913 0.156  11 -99.00    0.146
2018-05-05-17:14:18 1.11  Mocks_Em/MockNFW20ellip5loga2.08PA50center0With_background20num14.dat BFGS         1.0e-04 0 1 0 0     NFW      359.9978  -0.0018     -1.882 0.088 176 -99.00   41.5        -443.364         -873.94   820 359.9978  -0.0018     -1.882 0.088 176 -99.00    0.145
2018-05-05-17:14:18 1.11  Mocks_Em/MockNFW20ellip5loga2.08PA50center0With_background20num15.dat BFGS         1.0e-04 0 1 0 0     NFW      359.9999   0.0011     -1.879 0.242 140 -99.00   42.4           1E+30           2E+30     8 359.9999   0.0011     -1.879 0.242 140 -99.00    0.000
2018-05-05-17:14:18 1.11  Mocks_Em/MockNFW20ellip5loga2.08PA50center0With_background20num16.dat BFGS         1.0e-04 0 1 0 0     NFW        0.0008  -0.0008     -1.901 0.080  29 -99.00   42.4           1E+30           2E+30     8   0.0008  -0.0008     -1.901 0.080  29 -99.00    0.000
2018-05-05-17:14:18 1.11  Mocks_Em/MockNFW20ellip5loga2.08PA50center0With_background20num17.dat BFGS         1.0e-04 0 1 0 0     NFW        0.0009  -0.0006     -1.864 0.091 178 -99.00   45.2           1E+30           2E+30     8   0.0009  -0.0006     -1.864 0.091 178 -99.00    0.000
2018-05-05-17:14:18 1.11  Mocks_Em/MockNFW20ellip5loga2.08PA50center0With_background20num18.dat BFGS         1.0e-04 0 1 0 0     NFW      359.9982  -0.0012     -1.870 0.095  35 -99.00   43.0       -429.7793       -846.7705   820 359.9982  -0.0012     -1.870 0.095  35 -99.00    0.144
2018-05-05-17:14:18 1.11  Mocks_Em/MockNFW20ellip5loga2.08PA50center0With_background20num19.dat BFGS         1.0e-04 0 1 0 0     NFW        0.0012  -0.0000     -1.935 0.030 173 -99.00   35.8       -395.2913       -777.7946   820   0.0012  -0.0000     -1.935 0.030 173 -99.00    0.141
2018-05-05-17:14:18 1.11  Mocks_Em/MockNFW20ellip5loga2.08PA50center0With_background20num20.dat BFGS         1.0e-04 0 1 0 0     NFW      359.9993  -0.0010     -1.867 0.143 146 -99.00   43.7           1E+30           2E+30     8 359.9993  -0.0010     -1.867 0.143 146 -99.00    0.000
2018-05-05-17:14:18 1.11  Mocks_Em/MockNFW20ellip5loga2.08PA50center0With_background20num21.dat BFGS         1.0e-04 0 1 0 0     NFW      359.9995  -0.0013     -1.830 0.126  11 -99.00   45.2           1E+30           2E+30     8 359.9995  -0.0013     -1.830 0.126  11 -99.00    0.000
2018-05-05-17:14:18 1.11  Mocks_Em/MockNFW20ellip5loga2.08PA50center0With_background20num22.dat BFGS         1.0e-04 0 1 0 0     NFW        0.0007   0.0001     -1.867 0.065 165 -99.00   42.7           1E+30           2E+30     8   0.0007   0.0001     -1.867 0.065 165 -99.00    0.000
2018-05-05-17:14:18 1.11  Mocks_Em/MockNFW20ellip5loga2.08PA50center0With_background20num23.dat BFGS         1.0e-04 0 1 0 0     NFW      359.9979   0.0005     -1.942 0.135   5 -99.00   40.2       -462.3441       -911.9001   820 359.9979   0.0005     -1.942 0.135   5 -99.00    0.142
2018-05-05-17:14:18 1.11  Mocks_Em/MockNFW20ellip5loga2.08PA50center0With_background20num24.dat BFGS         1.0e-04 0 1 0 0     NFW      359.9995  -0.0010     -1.966 0.305  42 -99.00   36.3       -407.0751       -801.3622   820 359.9995  -0.0010     -1.966 0.305  42 -99.00    0.140
2018-05-05-17:14:18 1.11  Mocks_Em/MockNFW20ellip5loga2.08PA50center0With_background20num25.dat BFGS         1.0e-04 0 1 0 0     NFW        0.0001  -0.0013     -1.877 0.094  31 -99.00   42.7           1E+30           2E+30     8   0.0001  -0.0013     -1.877 0.094  31 -99.00    0.000
2018-05-05-17:14:18 1.11  Mocks_Em/MockNFW20ellip5loga2.08PA50center0With_background20num26.dat BFGS         1.0e-04 0 1 0 0     NFW        0.0009   0.0001     -1.943 0.091 157 -99.00   37.3       -413.0145       -813.2409   820   0.0009   0.0001     -1.943 0.091 157 -99.00    0.141
2018-05-05-17:14:18 1.11  Mocks_Em/MockNFW20ellip5loga2.08PA50center0With_background20num27.dat BFGS         1.0e-04 0 1 0 0     NFW      359.9987   0.0026     -1.921 0.125  25 -99.00   38.3       -459.1935       -905.5989   820 359.9987   0.0026     -1.921 0.125  25 -99.00    0.141
2018-05-05-17:14:18 1.11  Mocks_Em/MockNFW20ellip5loga2.08PA50center0With_background20num28.dat BFGS         1.0e-04 0 1 0 0     NFW      359.9993  -0.0015     -1.856 0.077  31 -99.00   44.9           1E+30           2E+30     8 359.9993  -0.0015     -1.856 0.077  31 -99.00    0.000
2018-05-05-17:14:18 1.11  Mocks_Em/MockNFW20ellip5loga2.08PA50center0With_background20num29.dat BFGS         1.0e-04 0 1 0 0     NFW        0.0006  -0.0006     -1.886 0.219   3 -99.00   42.8           1E+30           2E+30     8   0.0006  -0.0006     -1.886 0.219   3 -99.00    0.000
2018-05-05-17:14:18 1.11  Mocks_Em/MockNFW20ellip5loga2.08PA50center0With_background20num30.dat BFGS         1.0e-04 0 1 0 0     NFW      359.9989  -0.0001     -1.879 0.179  29 -99.00   42.3           1E+30           2E+30     8 359.9989  -0.0001     -1.879 0.179  29 -99.00    0.000
2018-05-05-17:14:18 1.11  Mocks_Em/MockNFW20ellip5loga2.08PA50center0With_background20num31.dat BFGS         1.0e-04 0 1 0 0     NFW      359.9999   0.0015     -1.927 0.113  28 -99.00   40.7       -416.8369       -820.8858   820 359.9999   0.0015     -1.927 0.113  28 -99.00    0.141
2018-05-05-17:14:18 1.11  Mocks_Em/MockNFW20ellip5loga2.08PA50center0With_background20num32.dat BFGS         1.0e-04 0 1 0 0     NFW        0.0009   0.0003     -1.882 0.082 156 -99.00   39.5           1E+30           2E+30     8   0.0009   0.0003     -1.882 0.082 156 -99.00    0.000
2018-05-05-17:14:18 1.11  Mocks_Em/MockNFW20ellip5loga2.08PA50center0With_background20num33.dat BFGS         1.0e-04 0 1 0 0     NFW      359.9992   0.0008     -1.894 0.173 154 -99.00   43.8         -437.93        -863.072   820 359.9992   0.0008     -1.894 0.173 154 -99.00    0.145
2018-05-05-17:14:18 1.11  Mocks_Em/MockNFW20ellip5loga2.08PA50center0With_background20num34.dat BFGS         1.0e-04 0 1 0 0     NFW        0.0009  -0.0014     -1.893 0.109  10 -99.00   40.0           1E+30           2E+30     8   0.0009  -0.0014     -1.893 0.109  10 -99.00    0.000
2018-05-05-17:14:18 1.11  Mocks_Em/MockNFW20ellip5loga2.08PA50center0With_background20num35.dat BFGS         1.0e-04 0 1 0 0     NFW      359.9999  -0.0016     -1.848 0.163 149 -99.00   47.4           1E+30           2E+30     8 359.9999  -0.0016     -1.848 0.163 149 -99.00    0.000
2018-05-05-17:14:18 1.11  Mocks_Em/MockNFW20ellip5loga2.08PA50center0With_background20num36.dat BFGS         1.0e-04 0 1 0 0     NFW      359.9999  -0.0007     -1.924 0.073 159 -99.00   40.7       -426.7234       -840.6588   820 359.9999  -0.0007     -1.924 0.073 159 -99.00    0.145
2018-05-05-17:14:18 1.11  Mocks_Em/MockNFW20ellip5loga2.08PA50center0With_background20num37.dat BFGS         1.0e-04 0 1 0 0     NFW        0.0006  -0.0010     -1.946 0.158 152 -99.00   39.2       -419.2352       -825.6824   820   0.0006  -0.0010     -1.946 0.158 152 -99.00    0.140
2018-05-05-17:14:18 1.11  Mocks_Em/MockNFW20ellip5loga2.08PA50center0With_background20num38.dat BFGS         1.0e-04 0 1 0 0     NFW      359.9991  -0.0017     -1.847 0.118 150 -99.00   46.5           1E+30           2E+30     8 359.9991  -0.0017     -1.847 0.118 150 -99.00    0.000
2018-05-05-17:14:18 1.11  Mocks_Em/MockNFW20ellip5loga2.08PA50center0With_background20num39.dat BFGS         1.0e-04 0 1 0 0     NFW      359.9996   0.0003     -1.869 0.040  32 -99.00   41.1           1E+30           2E+30     8 359.9996   0.0003     -1.869 0.040  32 -99.00    0.000
2018-05-05-17:14:18 1.11  Mocks_Em/MockNFW20ellip5loga2.08PA50center0With_background20num40.dat BFGS         1.0e-04 0 1 0 0     NFW      359.9984  -0.0004     -1.864 0.089 136 -99.00   43.3           1E+30           2E+30     8 359.9984  -0.0004     -1.864 0.089 136 -99.00    0.000
2018-05-05-17:14:18 1.11  Mocks_Em/MockNFW20ellip5loga2.08PA50center0With_background20num41.dat BFGS         1.0e-04 0 1 0 0     NFW        0.0003  -0.0002     -1.860 0.153  21 -99.00   42.1           1E+30           2E+30     8   0.0003  -0.0002     -1.860 0.153  21 -99.00    0.000
2018-05-05-17:14:18 1.11  Mocks_Em/MockNFW20ellip5loga2.08PA50center0With_background20num42.dat BFGS         1.0e-04 0 1 0 0     NFW      359.9985   0.0008     -1.912 0.132  33 -99.00   35.3       -376.0428       -739.2976   820 359.9985   0.0008     -1.912 0.132  33 -99.00    0.143
2018-05-05-17:14:18 1.11  Mocks_Em/MockNFW20ellip5loga2.08PA50center0With_background20num43.dat BFGS         1.0e-04 0 1 0 0     NFW        0.0000   0.0007     -1.865 0.076 136 -99.00   43.8           1E+30           2E+30     8   0.0000   0.0007     -1.865 0.076 136 -99.00    0.000
2018-05-05-17:14:18 1.11  Mocks_Em/MockNFW20ellip5loga2.08PA50center0With_background20num44.dat BFGS         1.0e-04 0 1 0 0     NFW        0.0026  -0.0006     -1.956 0.084 139 -99.00   35.9       -450.8191       -888.8501   820   0.0026  -0.0006     -1.956 0.084 139 -99.00    0.149
2018-05-05-17:14:18 1.11  Mocks_Em/MockNFW20ellip5loga2.08PA50center0With_background20num45.dat BFGS         1.0e-04 0 1 0 0     NFW        0.0006   0.0007     -1.934 0.074   1 -99.00   37.1       -390.7265        -768.665   820   0.0006   0.0007     -1.934 0.074   1 -99.00    0.140
2018-05-05-17:14:18 1.11  Mocks_Em/MockNFW20ellip5loga2.08PA50center0With_background20num46.dat BFGS         1.0e-04 0 1 0 0     NFW        0.0001  -0.0004     -1.875 0.156  21 -99.00   40.2           1E+30           2E+30     8   0.0001  -0.0004     -1.875 0.156  21 -99.00    0.000
2018-05-05-17:14:18 1.11  Mocks_Em/MockNFW20ellip5loga2.08PA50center0With_background20num47.dat BFGS         1.0e-04 0 1 0 0     NFW        0.0001   0.0012     -1.920 0.098 167 -99.00   41.7       -435.7057       -858.6233   820   0.0001   0.0012     -1.920 0.098 167 -99.00    0.145
2018-05-05-17:14:18 1.11  Mocks_Em/MockNFW20ellip5loga2.08PA50center0With_background20num48.dat BFGS         1.0e-04 0 1 0 0     NFW      359.9996   0.0007     -1.865 0.235 175 -99.00   43.8           1E+30           2E+30     8 359.9996   0.0007     -1.865 0.235 175 -99.00    0.000
2018-05-05-17:14:18 1.11  Mocks_Em/MockNFW20ellip5loga2.08PA50center0With_background20num49.dat BFGS         1.0e-04 0 1 0 0     NFW      360.0000  -0.0011     -1.844 0.092  43 -99.00   48.8           1E+30           2E+30     8 360.0000  -0.0011     -1.844 0.092  43 -99.00    0.000
2018-05-05-17:14:18 1.11  Mocks_Em/MockNFW20ellip5loga2.08PA50center0With_background20num50.dat BFGS         1.0e-04 0 1 0 0     NFW        0.0021  -0.0011     -1.857 0.122 179 -99.00   45.6           1E+30           2E+30     8   0.0021  -0.0011     -1.857 0.122 179 -99.00    0.000
2018-05-05-17:14:18 1.11  Mocks_Em/MockNFW20ellip5loga2.08PA50center0With_background20num51.dat BFGS         1.0e-04 0 1 0 0     NFW        0.0005   0.0004     -1.860 0.198 172 -99.00   44.0           1E+30           2E+30     8   0.0005   0.0004     -1.860 0.198 172 -99.00    0.000
2018-05-05-17:14:18 1.11  Mocks_Em/MockNFW20ellip5loga2.08PA50center0With_background20num52.dat BFGS         1.0e-04 0 1 0 0     NFW      359.9997   0.0003     -1.889 0.137 157 -99.00   39.9           1E+30           2E+30     8 359.9997   0.0003     -1.889 0.137 157 -99.00    0.000
2018-05-05-17:14:18 1.11  Mocks_Em/MockNFW20ellip5loga2.08PA50center0With_background20num53.dat BFGS         1.0e-04 0 1 0 0     NFW      359.9999   0.0006     -1.864 0.091  10 -99.00   40.1           1E+30           2E+30     8 359.9999   0.0006     -1.864 0.091  10 -99.00    0.000
2018-05-05-17:14:18 1.11  Mocks_Em/MockNFW20ellip5loga2.08PA50center0With_background20num54.dat BFGS         1.0e-04 0 1 0 0     NFW      359.9996   0.0004     -1.904 0.241 136 -99.00   41.9           1E+30           2E+30     8 359.9996   0.0004     -1.904 0.241 136 -99.00    0.000
2018-05-05-17:14:18 1.11  Mocks_Em/MockNFW20ellip5loga2.08PA50center0With_background20num55.dat BFGS         1.0e-04 0 1 0 0     NFW      359.9986  -0.0004     -1.881 0.110  44 -99.00   46.1           1E+30           2E+30     8 359.9986  -0.0004     -1.881 0.110  44 -99.00    0.000
2018-05-05-17:14:18 1.11  Mocks_Em/MockNFW20ellip5loga2.08PA50center0With_background20num56.dat BFGS         1.0e-04 0 1 0 0     NFW        0.0001   0.0010     -1.908 0.078  38 -99.00   39.3       -409.3958       -806.0035   820   0.0001   0.0010     -1.908 0.078  38 -99.00    0.143
2018-05-05-17:14:18 1.11  Mocks_Em/MockNFW20ellip5loga2.08PA50center0With_background20num57.dat BFGS         1.0e-04 0 1 0 0     NFW        0.0008  -0.0010     -2.007 0.099 172 -99.00   33.7       -450.7168       -888.6456   820   0.0008  -0.0010     -2.007 0.099 172 -99.00    0.141
2018-05-05-17:14:18 1.11  Mocks_Em/MockNFW20ellip5loga2.08PA50center0With_background20num58.dat BFGS         1.0e-04 0 1 0 0     NFW      359.9988  -0.0001     -1.910 0.189 150 -99.00   40.3       -421.1496       -829.5111   820 359.9988  -0.0001     -1.910 0.189 150 -99.00    0.143
2018-05-05-17:14:18 1.11  Mocks_Em/MockNFW20ellip5loga2.08PA50center0With_background20num59.dat BFGS         1.0e-04 0 1 0 0     NFW      359.9993  -0.0006     -1.960 0.085 161 -99.00   36.7        -423.899         -835.01   820 359.9993  -0.0006     -1.960 0.085 161 -99.00    0.145
2018-05-05-17:14:18 1.11  Mocks_Em/MockNFW20ellip5loga2.08PA50center0With_background20num60.dat BFGS         1.0e-04 0 1 0 0     NFW        0.0023  -0.0018     -1.898 0.229 149 -99.00   41.7       -442.3546       -871.9212   820   0.0023  -0.0018     -1.898 0.229 149 -99.00    0.150
2018-05-05-17:14:18 1.11  Mocks_Em/MockNFW20ellip5loga2.08PA50center0With_background20num61.dat BFGS         1.0e-04 0 1 0 0     NFW        0.0010   0.0003     -1.849 0.056 140 -99.00   38.8           1E+30           2E+30     8   0.0010   0.0003     -1.849 0.056 140 -99.00    0.000
2018-05-05-17:14:18 1.11  Mocks_Em/MockNFW20ellip5loga2.08PA50center0With_background20num62.dat BFGS         1.0e-04 0 1 0 0     NFW        0.0011   0.0011     -1.861 0.220  26 -99.00   42.2           1E+30           2E+30     8   0.0011   0.0011     -1.861 0.220  26 -99.00    0.000
2018-05-05-17:14:18 1.11  Mocks_Em/MockNFW20ellip5loga2.08PA50center0With_background20num63.dat BFGS         1.0e-04 0 1 0 0     NFW      359.9992  -0.0002     -1.952 0.062  13 -99.00   39.4       -439.9532       -867.1183   820 359.9992  -0.0002     -1.952 0.062  13 -99.00    0.151
2018-05-05-17:14:18 1.11  Mocks_Em/MockNFW20ellip5loga2.08PA50center0With_background20num64.dat BFGS         1.0e-04 0 1 0 0     NFW        0.0011   0.0009     -1.908 0.161  33 -99.00   42.2       -432.9514       -853.1148   820   0.0011   0.0009     -1.908 0.161  33 -99.00    0.142
2018-05-05-17:14:18 1.11  Mocks_Em/MockNFW20ellip5loga2.08PA50center0With_background20num65.dat BFGS         1.0e-04 0 1 0 0     NFW      359.9984  -0.0004     -1.947 0.208  39 -99.00   39.1       -454.0979       -895.4077   820 359.9984  -0.0004     -1.947 0.208  39 -99.00    0.142
2018-05-05-17:14:18 1.11  Mocks_Em/MockNFW20ellip5loga2.08PA50center0With_background20num66.dat BFGS         1.0e-04 0 1 0 0     NFW        0.0009   0.0011     -1.856 0.083 155 -99.00   40.9           1E+30           2E+30     8   0.0009   0.0011     -1.856 0.083 155 -99.00    0.000
2018-05-05-17:14:18 1.11  Mocks_Em/MockNFW20ellip5loga2.08PA50center0With_background20num67.dat BFGS         1.0e-04 0 1 0 0     NFW      359.9999   0.0001     -1.829 0.150 157 -99.00   40.4           1E+30           2E+30     8 359.9999   0.0001     -1.829 0.150 157 -99.00    0.000
2018-05-05-17:14:18 1.11  Mocks_Em/MockNFW20ellip5loga2.08PA50center0With_background20num68.dat BFGS         1.0e-04 0 1 0 0     NFW      359.9997  -0.0006     -1.857 0.156  20 -99.00   43.4           1E+30           2E+30     8 359.9997  -0.0006     -1.857 0.156  20 -99.00    0.000
2018-05-05-17:14:18 1.11  Mocks_Em/MockNFW20ellip5loga2.08PA50center0With_background20num69.dat BFGS         1.0e-04 0 1 0 0     NFW        0.0011   0.0013     -1.931 0.229  25 -99.00   37.0       -413.5181       -814.2481   820   0.0011   0.0013     -1.931 0.229  25 -99.00    0.141
2018-05-05-17:14:18 1.11  Mocks_Em/MockNFW20ellip5loga2.08PA50center0With_background20num70.dat BFGS         1.0e-04 0 1 0 0     NFW      359.9989   0.0015     -1.900 0.137  36 -99.00   44.1        -470.421        -928.054   820 359.9989   0.0015     -1.900 0.137  36 -99.00    0.144
2018-05-05-17:14:18 1.11  Mocks_Em/MockNFW20ellip5loga2.08PA50center0With_background20num71.dat BFGS         1.0e-04 0 1 0 0     NFW      359.9996  -0.0009     -1.817 0.200  41 -99.00   44.8           1E+30           2E+30     8 359.9996  -0.0009     -1.817 0.200  41 -99.00    0.000
2018-05-05-17:14:18 1.11  Mocks_Em/MockNFW20ellip5loga2.08PA50center0With_background20num72.dat BFGS         1.0e-04 0 1 0 0     NFW      359.9996   0.0008     -1.871 0.231 140 -99.00   42.8           1E+30           2E+30     8 359.9996   0.0008     -1.871 0.231 140 -99.00    0.000
2018-05-05-17:14:18 1.11  Mocks_Em/MockNFW20ellip5loga2.08PA50center0With_background20num73.dat BFGS         1.0e-04 0 1 0 0     NFW      359.9996  -0.0015     -1.859 0.196   1 -99.00   46.3           1E+30           2E+30     8 359.9996  -0.0015     -1.859 0.196   1 -99.00    0.000
2018-05-05-17:14:18 1.11  Mocks_Em/MockNFW20ellip5loga2.08PA50center0With_background20num74.dat BFGS         1.0e-04 0 1 0 0     NFW        0.0005  -0.0001     -1.847 0.098 166 -99.00   43.7           1E+30           2E+30     8   0.0005  -0.0001     -1.847 0.098 166 -99.00    0.000
2018-05-05-17:14:18 1.11  Mocks_Em/MockNFW20ellip5loga2.08PA50center0With_background20num75.dat BFGS         1.0e-04 0 1 0 0     NFW        0.0012  -0.0002     -1.902 0.139  45 -99.00   41.6           1E+30           2E+30     8   0.0012  -0.0002     -1.902 0.139  45 -99.00    0.000
2018-05-05-17:14:18 1.11  Mocks_Em/MockNFW20ellip5loga2.08PA50center0With_background20num76.dat BFGS         1.0e-04 0 1 0 0     NFW        0.0024  -0.0001     -1.874 0.076 160 -99.00   45.2       -443.3577       -873.9273   820   0.0024  -0.0001     -1.874 0.076 160 -99.00    0.149
2018-05-05-17:14:18 1.11  Mocks_Em/MockNFW20ellip5loga2.08PA50center0With_background20num77.dat BFGS         1.0e-04 0 1 0 0     NFW      359.9994   0.0007     -1.903 0.171 141 -99.00   37.4       -381.8554       -750.9228   820 359.9994   0.0007     -1.903 0.171 141 -99.00    0.145
2018-05-05-17:14:18 1.11  Mocks_Em/MockNFW20ellip5loga2.08PA50center0With_background20num78.dat BFGS         1.0e-04 0 1 0 0     NFW      359.9989   0.0016     -1.868 0.089 172 -99.00   45.2           1E+30           2E+30     8 359.9989   0.0016     -1.868 0.089 172 -99.00    0.000
2018-05-05-17:14:18 1.11  Mocks_Em/MockNFW20ellip5loga2.08PA50center0With_background20num79.dat BFGS         1.0e-04 0 1 0 0     NFW        0.0023   0.0006     -1.949 0.160 172 -99.00   37.1       -463.9122       -915.0364   820   0.0023   0.0006     -1.949 0.160 172 -99.00    0.143
2018-05-05-17:14:18 1.11  Mocks_Em/MockNFW20ellip5loga2.08PA50center0With_background20num80.dat BFGS         1.0e-04 0 1 0 0     NFW        0.0021  -0.0021     -1.852 0.247  36 -99.00   48.0           1E+30           2E+30     8   0.0021  -0.0021     -1.852 0.247  36 -99.00    0.000
2018-05-05-17:14:18 1.11  Mocks_Em/MockNFW20ellip5loga2.08PA50center0With_background20num81.dat BFGS         1.0e-04 0 1 0 0     NFW      359.9986   0.0019     -1.896 0.094 140 -99.00   42.2       -454.0222       -895.2564   820 359.9986   0.0019     -1.896 0.094 140 -99.00    0.142
2018-05-05-17:14:18 1.11  Mocks_Em/MockNFW20ellip5loga2.08PA50center0With_background20num82.dat BFGS         1.0e-04 0 1 0 0     NFW        0.0004  -0.0004     -1.900 0.143  28 -99.00   43.0           1E+30           2E+30     8   0.0004  -0.0004     -1.900 0.143  28 -99.00    0.000
2018-05-05-17:14:18 1.11  Mocks_Em/MockNFW20ellip5loga2.08PA50center0With_background20num83.dat BFGS         1.0e-04 0 1 0 0     NFW        0.0007  -0.0002     -1.905 0.048 157 -99.00   37.6           1E+30           2E+30     8   0.0007  -0.0002     -1.905 0.048 157 -99.00    0.000
2018-05-05-17:14:18 1.11  Mocks_Em/MockNFW20ellip5loga2.08PA50center0With_background20num84.dat BFGS         1.0e-04 0 1 0 0     NFW      359.9999  -0.0002     -1.897 0.066  33 -99.00   40.9           1E+30           2E+30     8 359.9999  -0.0002     -1.897 0.066  33 -99.00    0.000
2018-05-05-17:14:18 1.11  Mocks_Em/MockNFW20ellip5loga2.08PA50center0With_background20num85.dat BFGS         1.0e-04 0 1 0 0     NFW      359.9982  -0.0001     -1.842 0.130 175 -99.00   49.8           1E+30           2E+30     8 359.9982  -0.0001     -1.842 0.130 175 -99.00    0.000
2018-05-05-17:14:18 1.11  Mocks_Em/MockNFW20ellip5loga2.08PA50center0With_background20num86.dat BFGS         1.0e-04 0 1 0 0     NFW        0.0018  -0.0019     -1.870 0.226 161 -99.00   45.1       -449.9953       -887.2025   820   0.0018  -0.0019     -1.870 0.226 161 -99.00    0.142
2018-05-05-17:14:18 1.11  Mocks_Em/MockNFW20ellip5loga2.08PA50center0With_background20num87.dat BFGS         1.0e-04 0 1 0 0     NFW      359.9995  -0.0005     -1.930 0.079  40 -99.00   37.9       -414.2438       -815.6996   820 359.9995  -0.0005     -1.930 0.079  40 -99.00    0.141
2018-05-05-17:14:18 1.11  Mocks_Em/MockNFW20ellip5loga2.08PA50center0With_background20num88.dat BFGS         1.0e-04 0 1 0 0     NFW        0.0016   0.0017     -1.883 0.215  21 -99.00   43.1       -449.1271       -885.4663   820   0.0016   0.0017     -1.883 0.215  21 -99.00    0.141
2018-05-05-17:14:18 1.11  Mocks_Em/MockNFW20ellip5loga2.08PA50center0With_background20num89.dat BFGS         1.0e-04 0 1 0 0     NFW      359.9994  -0.0007     -1.906 0.189  43 -99.00   43.8       -443.9978       -875.2075   820 359.9994  -0.0007     -1.906 0.189  43 -99.00    0.141
2018-05-05-17:14:18 1.11  Mocks_Em/MockNFW20ellip5loga2.08PA50center0With_background20num90.dat BFGS         1.0e-04 0 1 0 0     NFW      359.9999   0.0011     -1.895 0.175  37 -99.00   41.2           1E+30           2E+30     8 359.9999   0.0011     -1.895 0.175  37 -99.00    0.000
2018-05-05-17:14:18 1.11  Mocks_Em/MockNFW20ellip5loga2.08PA50center0With_background20num91.dat BFGS         1.0e-04 0 1 0 0     NFW        0.0002   0.0017     -1.890 0.067 175 -99.00   40.0       -403.0588       -793.3296   820   0.0002   0.0017     -1.890 0.067 175 -99.00    0.141
2018-05-05-17:14:18 1.11  Mocks_Em/MockNFW20ellip5loga2.08PA50center0With_background20num92.dat BFGS         1.0e-04 0 1 0 0     NFW        0.0004  -0.0012     -1.920 0.092 159 -99.00   40.5       -430.7452       -848.7023   820   0.0004  -0.0012     -1.920 0.092 159 -99.00    0.145
2018-05-05-17:14:18 1.11  Mocks_Em/MockNFW20ellip5loga2.08PA50center0With_background20num93.dat BFGS         1.0e-04 0 1 0 0     NFW      359.9982   0.0020     -1.894 0.076 148 -99.00   41.2       -428.8579       -844.9278   820 359.9982   0.0020     -1.894 0.076 148 -99.00    0.141
2018-05-05-17:14:18 1.11  Mocks_Em/MockNFW20ellip5loga2.08PA50center0With_background20num94.dat BFGS         1.0e-04 0 1 0 0     NFW      359.9996  -0.0001     -1.906 0.181 141 -99.00   44.0           1E+30           2E+30     8 359.9996  -0.0001     -1.906 0.181 141 -99.00    0.000
2018-05-05-17:14:18 1.11  Mocks_Em/MockNFW20ellip5loga2.08PA50center0With_background20num95.dat BFGS         1.0e-04 0 1 0 0     NFW      359.9984  -0.0010     -1.929 0.055 152 -99.00   40.9       -456.3103       -899.8325   820 359.9984  -0.0010     -1.929 0.055 152 -99.00    0.142
2018-05-05-17:14:18 1.11  Mocks_Em/MockNFW20ellip5loga2.08PA50center0With_background20num96.dat BFGS         1.0e-04 0 1 0 0     NFW        0.0020   0.0014     -1.884 0.101  14 -99.00   43.6           1E+30           2E+30     8   0.0020   0.0014     -1.884 0.101  14 -99.00    0.000
2018-05-05-17:14:18 1.11  Mocks_Em/MockNFW20ellip5loga2.08PA50center0With_background20num97.dat BFGS         1.0e-04 0 1 0 0     NFW        0.0001  -0.0007     -1.934 0.158  30 -99.00   43.1       -470.6608       -928.5336   820   0.0001  -0.0007     -1.934 0.158  30 -99.00    0.142
2018-05-05-17:14:18 1.11  Mocks_Em/MockNFW20ellip5loga2.08PA50center0With_background20num98.dat BFGS         1.0e-04 0 1 0 0     NFW        0.0007  -0.0003     -1.860 0.134 171 -99.00   43.8           1E+30           2E+30     8   0.0007  -0.0003     -1.860 0.134 171 -99.00    0.000
2018-05-05-17:14:18 1.11  Mocks_Em/MockNFW20ellip5loga2.08PA50center0With_background20num99.dat BFGS         1.0e-04 0 1 0 0     NFW        0.0026  -0.0006     -1.894 0.101  19 -99.00   43.0       -460.6463       -908.5046   820   0.0026  -0.0006     -1.894 0.101  19 -99.00    0.141
