2018-05-05-17:13:47 1.11  Mocks_Em/MockNFW20ellip5loga2.08PA50center0With_background20num0.dat Diff-Evol    1.0e-04 0 1 0 0     NFW        0.0023  -0.0013     -1.881 0.266  58 -99.00   44.6       -446.8733       -880.9585   603   0.0023  -0.0013     -1.923 0.126  12 -99.00    0.279
2018-05-05-17:13:47 1.11  Mocks_Em/MockNFW20ellip5loga2.08PA50center0With_background20num1.dat Diff-Evol    1.0e-04 0 1 0 0     NFW      359.9984  -0.0019     -1.870 0.000  85 -99.00   45.4       -441.2821       -869.7762   798 359.9984  -0.0019     -1.861 0.086   4 -99.00    0.285
2018-05-05-17:13:47 1.11  Mocks_Em/MockNFW20ellip5loga2.08PA50center0With_background20num2.dat Diff-Evol    1.0e-04 0 1 0 0     NFW      359.9994  -0.0010     -1.897 0.049 113 -99.00   41.6       -410.7935        -808.799  1050 359.9994  -0.0010     -1.843 0.133 154 -99.00    0.364
2018-05-05-17:13:47 1.11  Mocks_Em/MockNFW20ellip5loga2.08PA50center0With_background20num3.dat Diff-Evol    1.0e-04 0 1 0 0     NFW      359.9976   0.0007     -1.874 0.388  38 -99.00   44.6       -437.8732       -862.9583   610 359.9976   0.0007     -1.857 0.265 151 -99.00    0.216
2018-05-05-17:13:47 1.11  Mocks_Em/MockNFW20ellip5loga2.08PA50center0With_background20num4.dat Diff-Evol    1.0e-04 0 1 0 0     NFW      359.9996  -0.0027     -1.874 0.247   2 -99.00   49.2        -485.272       -957.7559   534 359.9996  -0.0027     -1.885 0.119  18 -99.00    0.186
2018-05-05-17:13:47 1.11  Mocks_Em/MockNFW20ellip5loga2.08PA50center0With_background20num5.dat Diff-Evol    1.0e-04 0 1 0 0     NFW        0.0001  -0.0009     -2.140 0.257 110 -99.00   22.2       -417.3529       -821.9177   312   0.0001  -0.0009     -1.986 0.105 149 -99.00    0.105
2018-05-05-17:13:47 1.11  Mocks_Em/MockNFW20ellip5loga2.08PA50center0With_background20num6.dat Diff-Evol    1.0e-04 0 1 0 0     NFW        0.0002  -0.0011     -1.925 0.298  55 -99.00   41.6       -428.9511       -845.1142   527   0.0002  -0.0011     -1.960 0.124  29 -99.00    0.185
2018-05-05-17:13:47 1.11  Mocks_Em/MockNFW20ellip5loga2.08PA50center0With_background20num7.dat Diff-Evol    1.0e-04 0 1 0 0     NFW        0.0012   0.0007     -1.886 0.043  55 -99.00   43.1       -432.7292       -852.6703   556   0.0012   0.0007     -1.906 0.107  35 -99.00    0.194
2018-05-05-17:13:47 1.11  Mocks_Em/MockNFW20ellip5loga2.08PA50center0With_background20num8.dat Diff-Evol    1.0e-04 0 1 0 0     NFW        0.0025  -0.0013     -1.877 0.337  51 -99.00   46.9        -458.274         -903.76   610   0.0025  -0.0013     -1.847 0.233  37 -99.00    0.220
2018-05-05-17:13:47 1.11  Mocks_Em/MockNFW20ellip5loga2.08PA50center0With_background20num9.dat Diff-Evol    1.0e-04 0 1 0 0     NFW      359.9991  -0.0005     -1.902 0.404  36 -99.00   41.6       -418.8608       -824.9335   617 359.9991  -0.0005     -1.923 0.202 151 -99.00    0.221
2018-05-05-17:13:47 1.11  Mocks_Em/MockNFW20ellip5loga2.08PA50center0With_background20num10.dat Diff-Evol    1.0e-04 0 1 0 0     NFW        0.0001   0.0003     -1.929 0.269  26 -99.00   38.6       -401.4388       -790.0896   375   0.0001   0.0003     -1.910 0.110  43 -99.00    0.128
2018-05-05-17:13:47 1.11  Mocks_Em/MockNFW20ellip5loga2.08PA50center0With_background20num11.dat Diff-Evol    1.0e-04 0 1 0 0     NFW        0.0004  -0.0010     -1.931 0.485  28 -99.00   37.8       -387.0091       -761.2302   764   0.0004  -0.0010     -1.864 0.168 162 -99.00    0.256
2018-05-05-17:13:47 1.11  Mocks_Em/MockNFW20ellip5loga2.08PA50center0With_background20num12.dat Diff-Evol    1.0e-04 0 1 0 0     NFW        0.0013   0.0009     -1.894 0.032   4 -99.00   42.4       -425.5759       -838.3637   485   0.0013   0.0009     -1.917 0.109 159 -99.00    0.168
2018-05-05-17:13:47 1.11  Mocks_Em/MockNFW20ellip5loga2.08PA50center0With_background20num13.dat Diff-Evol    1.0e-04 0 1 0 0     NFW        0.0020   0.0012     -1.888 0.337  75 -99.00   45.4       -458.5733       -904.3585   541   0.0020   0.0012     -1.913 0.156  11 -99.00    0.185
2018-05-05-17:13:47 1.11  Mocks_Em/MockNFW20ellip5loga2.08PA50center0With_background20num14.dat Diff-Evol    1.0e-04 0 1 0 0     NFW      359.9978  -0.0018     -1.849 0.046  17 -99.00   45.4       -443.6198       -874.4515   534 359.9978  -0.0018     -1.882 0.088 176 -99.00    0.183
2018-05-05-17:13:47 1.11  Mocks_Em/MockNFW20ellip5loga2.08PA50center0With_background20num15.dat Diff-Evol    1.0e-04 0 1 0 0     NFW      359.9999   0.0011     -1.906 0.472  29 -99.00   39.3       -404.1457       -795.5034   548 359.9999   0.0011     -1.879 0.242 140 -99.00    0.186
2018-05-05-17:13:47 1.11  Mocks_Em/MockNFW20ellip5loga2.08PA50center0With_background20num16.dat Diff-Evol    1.0e-04 0 1 0 0     NFW        0.0008  -0.0008     -1.901 0.064 173 -99.00   42.4       -426.9648       -841.1415   506   0.0008  -0.0008     -1.901 0.080  29 -99.00    0.175
2018-05-05-17:13:47 1.11  Mocks_Em/MockNFW20ellip5loga2.08PA50center0With_background20num17.dat Diff-Evol    1.0e-04 0 1 0 0     NFW        0.0009  -0.0006     -1.913 0.038  12 -99.00   39.3       -395.8572       -778.9263   513   0.0009  -0.0006     -1.864 0.091 178 -99.00    0.175
2018-05-05-17:13:47 1.11  Mocks_Em/MockNFW20ellip5loga2.08PA50center0With_background20num18.dat Diff-Evol    1.0e-04 0 1 0 0     NFW      359.9982  -0.0012     -1.862 0.038  45 -99.00   43.9       -429.9623       -847.1365   589 359.9982  -0.0012     -1.870 0.095  35 -99.00    0.204
2018-05-05-17:13:47 1.11  Mocks_Em/MockNFW20ellip5loga2.08PA50center0With_background20num19.dat Diff-Evol    1.0e-04 0 1 0 0     NFW        0.0012  -0.0000     -1.908 0.058  27 -99.00   38.6       -395.3275       -777.8669   534   0.0012  -0.0000     -1.935 0.030 173 -99.00    0.196
2018-05-05-17:13:47 1.11  Mocks_Em/MockNFW20ellip5loga2.08PA50center0With_background20num20.dat Diff-Evol    1.0e-04 0 1 0 0     NFW      359.9993  -0.0010     -1.891 0.053 133 -99.00   40.8       -410.1566       -807.5251   673 359.9993  -0.0010     -1.867 0.143 146 -99.00    0.239
2018-05-05-17:13:47 1.11  Mocks_Em/MockNFW20ellip5loga2.08PA50center0With_background20num21.dat Diff-Evol    1.0e-04 0 1 0 0     NFW      359.9995  -0.0013     -1.907 0.000  37 -99.00   36.3       -363.7829       -714.7777   750 359.9995  -0.0013     -1.830 0.126  11 -99.00    0.277
2018-05-05-17:13:47 1.11  Mocks_Em/MockNFW20ellip5loga2.08PA50center0With_background20num22.dat Diff-Evol    1.0e-04 0 1 0 0     NFW        0.0007   0.0001     -1.904 0.000 125 -99.00   38.6       -384.8199       -756.8517   653   0.0007   0.0001     -1.867 0.065 165 -99.00    0.298
2018-05-05-17:13:47 1.11  Mocks_Em/MockNFW20ellip5loga2.08PA50center0With_background20num23.dat Diff-Evol    1.0e-04 0 1 0 0     NFW      359.9979   0.0005     -1.892 0.296  80 -99.00   46.1       -463.9749       -915.1618   541 359.9979   0.0005     -1.942 0.135   5 -99.00    0.210
2018-05-05-17:13:47 1.11  Mocks_Em/MockNFW20ellip5loga2.08PA50center0With_background20num24.dat Diff-Evol    1.0e-04 0 1 0 0     NFW      359.9995  -0.0010     -1.937 0.429  52 -99.00   39.3       -407.6178       -802.4476   527 359.9995  -0.0010     -1.966 0.305  42 -99.00    0.180
2018-05-05-17:13:47 1.11  Mocks_Em/MockNFW20ellip5loga2.08PA50center0With_background20num25.dat Diff-Evol    1.0e-04 0 1 0 0     NFW        0.0001  -0.0013     -1.906 0.015  36 -99.00   39.3         -396.44        -780.092   590   0.0001  -0.0013     -1.877 0.094  31 -99.00    0.200
2018-05-05-17:13:47 1.11  Mocks_Em/MockNFW20ellip5loga2.08PA50center0With_background20num26.dat Diff-Evol    1.0e-04 0 1 0 0     NFW        0.0009   0.0001     -1.917 0.282  79 -99.00   40.1       -413.5857       -814.3833   444   0.0009   0.0001     -1.943 0.091 157 -99.00    0.150
2018-05-05-17:13:47 1.11  Mocks_Em/MockNFW20ellip5loga2.08PA50center0With_background20num27.dat Diff-Evol    1.0e-04 0 1 0 0     NFW      359.9987   0.0026     -1.847 0.024  77 -99.00   46.9       -459.7412       -906.6943   632 359.9987   0.0026     -1.921 0.125  25 -99.00    0.221
2018-05-05-17:13:47 1.11  Mocks_Em/MockNFW20ellip5loga2.08PA50center0With_background20num28.dat Diff-Evol    1.0e-04 0 1 0 0     NFW      359.9993  -0.0015     -1.890 0.264  73 -99.00   40.8       -406.4645        -800.141   596 359.9993  -0.0015     -1.856 0.077  31 -99.00    0.211
2018-05-05-17:13:47 1.11  Mocks_Em/MockNFW20ellip5loga2.08PA50center0With_background20num29.dat Diff-Evol    1.0e-04 0 1 0 0     NFW        0.0006  -0.0006     -1.903 0.454  80 -99.00   40.8       -414.1327       -815.4774   541   0.0006  -0.0006     -1.886 0.219   3 -99.00    0.188
2018-05-05-17:13:47 1.11  Mocks_Em/MockNFW20ellip5loga2.08PA50center0With_background20num30.dat Diff-Evol    1.0e-04 0 1 0 0     NFW      359.9989  -0.0001     -1.899 0.297  60 -99.00   40.1       -403.6185        -794.449   527 359.9989  -0.0001     -1.879 0.179  29 -99.00    0.179
2018-05-05-17:13:47 1.11  Mocks_Em/MockNFW20ellip5loga2.08PA50center0With_background20num31.dat Diff-Evol    1.0e-04 0 1 0 0     NFW      359.9999   0.0015     -1.926 0.015  52 -99.00   40.8       -417.0452       -821.3023   714 359.9999   0.0015     -1.927 0.113  28 -99.00    0.246
2018-05-05-17:13:47 1.11  Mocks_Em/MockNFW20ellip5loga2.08PA50center0With_background20num32.dat Diff-Evol    1.0e-04 0 1 0 0     NFW        0.0009   0.0003     -1.919 0.302  35 -99.00   35.5       -362.4313       -712.0745   645   0.0009   0.0003     -1.882 0.082 156 -99.00    0.226
2018-05-05-17:13:47 1.11  Mocks_Em/MockNFW20ellip5loga2.08PA50center0With_background20num33.dat Diff-Evol    1.0e-04 0 1 0 0     NFW      359.9992   0.0008     -1.894 0.041  64 -99.00   43.9       -438.9873       -865.1865   451 359.9992   0.0008     -1.894 0.173 154 -99.00    0.158
2018-05-05-17:13:47 1.11  Mocks_Em/MockNFW20ellip5loga2.08PA50center0With_background20num34.dat Diff-Evol    1.0e-04 0 1 0 0     NFW        0.0009  -0.0014     -1.920 0.041  76 -99.00   37.1       -377.0559       -741.3238   842   0.0009  -0.0014     -1.893 0.109  10 -99.00    0.280
2018-05-05-17:13:47 1.11  Mocks_Em/MockNFW20ellip5loga2.08PA50center0With_background20num35.dat Diff-Evol    1.0e-04 0 1 0 0     NFW      359.9999  -0.0016     -1.888 0.314  36 -99.00   42.4       -418.2859       -823.7837   610 359.9999  -0.0016     -1.848 0.163 149 -99.00    0.215
2018-05-05-17:13:47 1.11  Mocks_Em/MockNFW20ellip5loga2.08PA50center0With_background20num36.dat Diff-Evol    1.0e-04 0 1 0 0     NFW      359.9999  -0.0007     -1.917 0.277  25 -99.00   41.6       -427.0887       -841.3894   520 359.9999  -0.0007     -1.924 0.073 159 -99.00    0.178
2018-05-05-17:13:47 1.11  Mocks_Em/MockNFW20ellip5loga2.08PA50center0With_background20num37.dat Diff-Evol    1.0e-04 0 1 0 0     NFW        0.0006  -0.0010     -1.932 0.257  20 -99.00   40.8       -419.9648       -827.1416   534   0.0006  -0.0010     -1.946 0.158 152 -99.00    0.186
2018-05-05-17:13:47 1.11  Mocks_Em/MockNFW20ellip5loga2.08PA50center0With_background20num38.dat Diff-Evol    1.0e-04 0 1 0 0     NFW      359.9991  -0.0017     -1.886 0.000 174 -99.00   41.6       -413.2488       -813.7096   590 359.9991  -0.0017     -1.847 0.118 150 -99.00    0.201
2018-05-05-17:13:47 1.11  Mocks_Em/MockNFW20ellip5loga2.08PA50center0With_background20num39.dat Diff-Evol    1.0e-04 0 1 0 0     NFW      359.9996   0.0003     -1.913 0.000 111 -99.00   36.3       -366.0638       -719.3396   653 359.9996   0.0003     -1.869 0.040  32 -99.00    0.220
2018-05-05-17:13:47 1.11  Mocks_Em/MockNFW20ellip5loga2.08PA50center0With_background20num40.dat Diff-Evol    1.0e-04 0 1 0 0     NFW      359.9984  -0.0004     -1.884 0.238  53 -99.00   40.8       -407.1233       -801.4586   589 359.9984  -0.0004     -1.864 0.089 136 -99.00    0.203
2018-05-05-17:13:47 1.11  Mocks_Em/MockNFW20ellip5loga2.08PA50center0With_background20num41.dat Diff-Evol    1.0e-04 0 1 0 0     NFW        0.0003  -0.0002     -1.912 0.050 173 -99.00   36.3       -365.3715       -717.9549   534   0.0003  -0.0002     -1.860 0.153  21 -99.00    0.180
2018-05-05-17:13:47 1.11  Mocks_Em/MockNFW20ellip5loga2.08PA50center0With_background20num42.dat Diff-Evol    1.0e-04 0 1 0 0     NFW      359.9985   0.0008     -1.894 0.241 159 -99.00   37.1       -376.3875       -739.9869   499 359.9985   0.0008     -1.912 0.132  33 -99.00    0.170
2018-05-05-17:13:47 1.11  Mocks_Em/MockNFW20ellip5loga2.08PA50center0With_background20num43.dat Diff-Evol    1.0e-04 0 1 0 0     NFW        0.0000   0.0007     -1.904 0.000  26 -99.00   39.3       -396.4874       -780.1869   528   0.0000   0.0007     -1.865 0.076 136 -99.00    0.182
2018-05-05-17:13:47 1.11  Mocks_Em/MockNFW20ellip5loga2.08PA50center0With_background20num44.dat Diff-Evol    1.0e-04 0 1 0 0     NFW        0.0026  -0.0006     -1.869 0.055  40 -99.00   45.4       -451.5925       -890.3969   513   0.0026  -0.0006     -1.956 0.084 139 -99.00    0.186
2018-05-05-17:13:47 1.11  Mocks_Em/MockNFW20ellip5loga2.08PA50center0With_background20num45.dat Diff-Evol    1.0e-04 0 1 0 0     NFW        0.0006   0.0007     -1.926 0.262  79 -99.00   37.8       -391.0361       -769.2841   444   0.0006   0.0007     -1.934 0.074   1 -99.00    0.153
2018-05-05-17:13:47 1.11  Mocks_Em/MockNFW20ellip5loga2.08PA50center0With_background20num46.dat Diff-Evol    1.0e-04 0 1 0 0     NFW        0.0001  -0.0004     -1.912 0.541  54 -99.00   36.3        -372.705       -732.6219   541   0.0001  -0.0004     -1.875 0.156  21 -99.00    0.188
2018-05-05-17:13:47 1.11  Mocks_Em/MockNFW20ellip5loga2.08PA50center0With_background20num47.dat Diff-Evol    1.0e-04 0 1 0 0     NFW        0.0001   0.0012     -1.914 0.000  29 -99.00   42.4       -435.8291       -858.8702   493   0.0001   0.0012     -1.920 0.098 167 -99.00    0.168
2018-05-05-17:13:47 1.11  Mocks_Em/MockNFW20ellip5loga2.08PA50center0With_background20num48.dat Diff-Evol    1.0e-04 0 1 0 0     NFW      359.9996   0.0007     -1.903 0.000 116 -99.00   39.3         -394.57        -776.352   653 359.9996   0.0007     -1.865 0.235 175 -99.00    0.220
2018-05-05-17:13:47 1.11  Mocks_Em/MockNFW20ellip5loga2.08PA50center0With_background20num49.dat Diff-Evol    1.0e-04 0 1 0 0     NFW      360.0000  -0.0011     -1.900 0.000 159 -99.00   41.6       -411.9055       -811.0229   764 360.0000  -0.0011     -1.844 0.092  43 -99.00    0.263
2018-05-05-17:13:47 1.11  Mocks_Em/MockNFW20ellip5loga2.08PA50center0With_background20num50.dat Diff-Evol    1.0e-04 0 1 0 0     NFW        0.0021  -0.0011     -1.890 0.043  85 -99.00   41.6        -414.155       -815.5219   905   0.0021  -0.0011     -1.857 0.122 179 -99.00    0.300
2018-05-05-17:13:47 1.11  Mocks_Em/MockNFW20ellip5loga2.08PA50center0With_background20num51.dat Diff-Evol    1.0e-04 0 1 0 0     NFW        0.0005   0.0004     -1.920 0.551  19 -99.00   37.1       -376.6561       -740.5241   791   0.0005   0.0004     -1.860 0.198 172 -99.00    0.268
2018-05-05-17:13:47 1.11  Mocks_Em/MockNFW20ellip5loga2.08PA50center0With_background20num52.dat Diff-Evol    1.0e-04 0 1 0 0     NFW      359.9997   0.0003     -1.915 0.057  21 -99.00   37.1       -376.8644       -740.9408   458 359.9997   0.0003     -1.889 0.137 157 -99.00    0.154
2018-05-05-17:13:47 1.11  Mocks_Em/MockNFW20ellip5loga2.08PA50center0With_background20num53.dat Diff-Evol    1.0e-04 0 1 0 0     NFW      359.9999   0.0006     -1.921 0.047  74 -99.00   34.0       -344.9773       -677.1665   686 359.9999   0.0006     -1.864 0.091  10 -99.00    0.237
2018-05-05-17:13:47 1.11  Mocks_Em/MockNFW20ellip5loga2.08PA50center0With_background20num54.dat Diff-Evol    1.0e-04 0 1 0 0     NFW      359.9996   0.0004     -1.919 0.554  35 -99.00   40.1       -414.0493       -815.3105   549 359.9996   0.0004     -1.904 0.241 136 -99.00    0.184
2018-05-05-17:13:47 1.11  Mocks_Em/MockNFW20ellip5loga2.08PA50center0With_background20num55.dat Diff-Evol    1.0e-04 0 1 0 0     NFW      359.9986  -0.0004     -1.899 0.036  63 -99.00   43.9       -436.7832       -860.7785   764 359.9986  -0.0004     -1.881 0.110  44 -99.00    0.260
2018-05-05-17:13:47 1.11  Mocks_Em/MockNFW20ellip5loga2.08PA50center0With_background20num56.dat Diff-Evol    1.0e-04 0 1 0 0     NFW        0.0001   0.0010     -1.894 0.034  57 -99.00   40.8       -409.5833       -806.3785   513   0.0001   0.0010     -1.908 0.078  38 -99.00    0.177
2018-05-05-17:13:47 1.11  Mocks_Em/MockNFW20ellip5loga2.08PA50center0With_background20num57.dat Diff-Evol    1.0e-04 0 1 0 0     NFW        0.0008  -0.0010     -1.909 0.328  81 -99.00   43.9       -451.9564       -891.1248   389   0.0008  -0.0010     -2.007 0.099 172 -99.00    0.130
2018-05-05-17:13:47 1.11  Mocks_Em/MockNFW20ellip5loga2.08PA50center0With_background20num58.dat Diff-Evol    1.0e-04 0 1 0 0     NFW      359.9988  -0.0001     -1.892 0.408  33 -99.00   42.4       -423.8876       -834.9872   631 359.9988  -0.0001     -1.910 0.189 150 -99.00    0.217
2018-05-05-17:13:47 1.11  Mocks_Em/MockNFW20ellip5loga2.08PA50center0With_background20num59.dat Diff-Evol    1.0e-04 0 1 0 0     NFW      359.9993  -0.0006     -1.914 0.000  70 -99.00   41.6        -424.174         -835.56   653 359.9993  -0.0006     -1.960 0.085 161 -99.00    0.220
2018-05-05-17:13:47 1.11  Mocks_Em/MockNFW20ellip5loga2.08PA50center0With_background20num60.dat Diff-Evol    1.0e-04 0 1 0 0     NFW        0.0023  -0.0018     -1.867 0.050  25 -99.00   45.4       -444.2642       -875.7404   541   0.0023  -0.0018     -1.898 0.229 149 -99.00    0.187
2018-05-05-17:13:47 1.11  Mocks_Em/MockNFW20ellip5loga2.08PA50center0With_background20num61.dat Diff-Evol    1.0e-04 0 1 0 0     NFW        0.0010   0.0003     -1.923 0.260  25 -99.00   31.5       -335.5282       -658.2683   305   0.0010   0.0003     -1.849 0.056 140 -99.00    0.102
2018-05-05-17:13:47 1.11  Mocks_Em/MockNFW20ellip5loga2.08PA50center0With_background20num62.dat Diff-Evol    1.0e-04 0 1 0 0     NFW        0.0011   0.0011     -1.907 0.310  51 -99.00   37.1       -373.2082       -733.6284   437   0.0011   0.0011     -1.861 0.220  26 -99.00    0.148
2018-05-05-17:13:47 1.11  Mocks_Em/MockNFW20ellip5loga2.08PA50center0With_background20num63.dat Diff-Evol    1.0e-04 0 1 0 0     NFW      359.9992  -0.0002     -1.919 0.034  69 -99.00   43.1       -440.2948       -867.8016   527 359.9992  -0.0002     -1.952 0.062  13 -99.00    0.181
2018-05-05-17:13:47 1.11  Mocks_Em/MockNFW20ellip5loga2.08PA50center0With_background20num64.dat Diff-Evol    1.0e-04 0 1 0 0     NFW        0.0011   0.0009     -1.900 0.347  52 -99.00   43.1       -433.7132       -854.6384   610   0.0011   0.0009     -1.908 0.161  33 -99.00    0.210
2018-05-05-17:13:47 1.11  Mocks_Em/MockNFW20ellip5loga2.08PA50center0With_background20num65.dat Diff-Evol    1.0e-04 0 1 0 0     NFW      359.9984  -0.0004     -1.892 0.350 119 -99.00   45.4       -457.3854       -901.9829   541 359.9984  -0.0004     -1.947 0.208  39 -99.00    0.185
2018-05-05-17:13:47 1.11  Mocks_Em/MockNFW20ellip5loga2.08PA50center0With_background20num66.dat Diff-Evol    1.0e-04 0 1 0 0     NFW        0.0009   0.0011     -1.944 0.302   5 -99.00   31.8        -332.584       -652.3799   382   0.0009   0.0011     -1.856 0.083 155 -99.00    0.127
2018-05-05-17:13:47 1.11  Mocks_Em/MockNFW20ellip5loga2.08PA50center0With_background20num67.dat Diff-Evol    1.0e-04 0 1 0 0     NFW      359.9999   0.0001     -1.921 0.318  41 -99.00   31.0       -313.3275        -613.867   610 359.9999   0.0001     -1.829 0.150 157 -99.00    0.208
2018-05-05-17:13:47 1.11  Mocks_Em/MockNFW20ellip5loga2.08PA50center0With_background20num68.dat Diff-Evol    1.0e-04 0 1 0 0     NFW      359.9997  -0.0006     -1.919 0.348  69 -99.00   36.3       -371.6454       -730.5027   451 359.9997  -0.0006     -1.857 0.156  20 -99.00    0.156
2018-05-05-17:13:47 1.11  Mocks_Em/MockNFW20ellip5loga2.08PA50center0With_background20num69.dat Diff-Evol    1.0e-04 0 1 0 0     NFW        0.0011   0.0013     -1.894 0.461  56 -99.00   40.8       -415.4445       -818.1009   506   0.0011   0.0013     -1.931 0.229  25 -99.00    0.178
2018-05-05-17:13:47 1.11  Mocks_Em/MockNFW20ellip5loga2.08PA50center0With_background20num70.dat Diff-Evol    1.0e-04 0 1 0 0     NFW      359.9989   0.0015     -1.872 0.052  51 -99.00   47.6       -470.7499       -928.7117   513 359.9989   0.0015     -1.900 0.137  36 -99.00    0.190
2018-05-05-17:13:47 1.11  Mocks_Em/MockNFW20ellip5loga2.08PA50center0With_background20num71.dat Diff-Evol    1.0e-04 0 1 0 0     NFW      359.9996  -0.0009     -1.905 0.297  50 -99.00   34.8       -347.7791       -682.7702   659 359.9996  -0.0009     -1.817 0.200  41 -99.00    0.224
2018-05-05-17:13:47 1.11  Mocks_Em/MockNFW20ellip5loga2.08PA50center0With_background20num72.dat Diff-Evol    1.0e-04 0 1 0 0     NFW      359.9996   0.0008     -1.908 0.468 128 -99.00   38.6        -395.567       -778.3459   451 359.9996   0.0008     -1.871 0.231 140 -99.00    0.153
2018-05-05-17:13:47 1.11  Mocks_Em/MockNFW20ellip5loga2.08PA50center0With_background20num73.dat Diff-Evol    1.0e-04 0 1 0 0     NFW      359.9996  -0.0015     -1.897 0.323 175 -99.00   41.6       -419.2891       -825.7901   444 359.9996  -0.0015     -1.859 0.196   1 -99.00    0.151
2018-05-05-17:13:47 1.11  Mocks_Em/MockNFW20ellip5loga2.08PA50center0With_background20num74.dat Diff-Evol    1.0e-04 0 1 0 0     NFW        0.0005  -0.0001     -1.913 0.277   3 -99.00   36.3       -367.6787       -722.5694   520   0.0005  -0.0001     -1.847 0.098 166 -99.00    0.182
2018-05-05-17:13:47 1.11  Mocks_Em/MockNFW20ellip5loga2.08PA50center0With_background20num75.dat Diff-Evol    1.0e-04 0 1 0 0     NFW        0.0012  -0.0002     -1.909 0.000 128 -99.00   40.8       -413.2552       -813.7224   674   0.0012  -0.0002     -1.902 0.139  45 -99.00    0.227
2018-05-05-17:13:47 1.11  Mocks_Em/MockNFW20ellip5loga2.08PA50center0With_background20num76.dat Diff-Evol    1.0e-04 0 1 0 0     NFW        0.0024  -0.0001     -1.873 0.000  71 -99.00   45.4       -443.6631       -874.5382   750   0.0024  -0.0001     -1.874 0.076 160 -99.00    0.255
2018-05-05-17:13:47 1.11  Mocks_Em/MockNFW20ellip5loga2.08PA50center0With_background20num77.dat Diff-Evol    1.0e-04 0 1 0 0     NFW      359.9994   0.0007     -1.899 0.358  35 -99.00   37.8       -383.7789       -754.7697   527 359.9994   0.0007     -1.903 0.171 141 -99.00    0.179
2018-05-05-17:13:47 1.11  Mocks_Em/MockNFW20ellip5loga2.08PA50center0With_background20num78.dat Diff-Evol    1.0e-04 0 1 0 0     NFW      359.9989   0.0016     -1.873 0.000  49 -99.00   44.6        -440.725        -868.662   653 359.9989   0.0016     -1.868 0.089 172 -99.00    0.223
2018-05-05-17:13:47 1.11  Mocks_Em/MockNFW20ellip5loga2.08PA50center0With_background20num79.dat Diff-Evol    1.0e-04 0 1 0 0     NFW        0.0023   0.0006     -1.869 0.395  27 -99.00   46.1       -464.8667       -916.9454   492   0.0023   0.0006     -1.949 0.160 172 -99.00    0.170
2018-05-05-17:13:47 1.11  Mocks_Em/MockNFW20ellip5loga2.08PA50center0With_background20num80.dat Diff-Evol    1.0e-04 0 1 0 0     NFW        0.0021  -0.0021     -1.854 0.335  51 -99.00   47.6       -465.3659       -917.9438   700   0.0021  -0.0021     -1.852 0.247  36 -99.00    0.245
2018-05-05-17:13:47 1.11  Mocks_Em/MockNFW20ellip5loga2.08PA50center0With_background20num81.dat Diff-Evol    1.0e-04 0 1 0 0     NFW      359.9986   0.0019     -1.864 0.031  28 -99.00   46.1       -454.6236       -896.4592   632 359.9986   0.0019     -1.896 0.094 140 -99.00    0.215
2018-05-05-17:13:47 1.11  Mocks_Em/MockNFW20ellip5loga2.08PA50center0With_background20num82.dat Diff-Evol    1.0e-04 0 1 0 0     NFW        0.0004  -0.0004     -1.918 0.070  60 -99.00   40.8       -411.2773       -809.7665   700   0.0004  -0.0004     -1.900 0.143  28 -99.00    0.247
2018-05-05-17:13:47 1.11  Mocks_Em/MockNFW20ellip5loga2.08PA50center0With_background20num83.dat Diff-Evol    1.0e-04 0 1 0 0     NFW        0.0007  -0.0002     -1.910 0.282  31 -99.00   37.1       -379.9917       -747.1954   437   0.0007  -0.0002     -1.905 0.048 157 -99.00    0.151
2018-05-05-17:13:47 1.11  Mocks_Em/MockNFW20ellip5loga2.08PA50center0With_background20num84.dat Diff-Evol    1.0e-04 0 1 0 0     NFW      359.9999  -0.0002     -1.918 0.375  55 -99.00   38.6       -391.9358       -771.0836   589 359.9999  -0.0002     -1.897 0.066  33 -99.00    0.205
2018-05-05-17:13:47 1.11  Mocks_Em/MockNFW20ellip5loga2.08PA50center0With_background20num85.dat Diff-Evol    1.0e-04 0 1 0 0     NFW      359.9982  -0.0001     -1.912 0.283  69 -99.00   40.8       -409.5201       -806.2522   631 359.9982  -0.0001     -1.842 0.130 175 -99.00    0.216
2018-05-05-17:13:47 1.11  Mocks_Em/MockNFW20ellip5loga2.08PA50center0With_background20num86.dat Diff-Evol    1.0e-04 0 1 0 0     NFW        0.0018  -0.0019     -1.862 0.475  21 -99.00   46.1       -452.3016       -891.8151   751   0.0018  -0.0019     -1.870 0.226 161 -99.00    0.253
2018-05-05-17:13:47 1.11  Mocks_Em/MockNFW20ellip5loga2.08PA50center0With_background20num87.dat Diff-Evol    1.0e-04 0 1 0 0     NFW      359.9995  -0.0005     -1.903 0.302  39 -99.00   40.8       -414.6453       -816.5026   520 359.9995  -0.0005     -1.930 0.079  40 -99.00    0.177
2018-05-05-17:13:47 1.11  Mocks_Em/MockNFW20ellip5loga2.08PA50center0With_background20num88.dat Diff-Evol    1.0e-04 0 1 0 0     NFW        0.0016   0.0017     -1.865 0.367 164 -99.00   45.4       -450.3992       -888.0104   617   0.0016   0.0017     -1.883 0.215  21 -99.00    0.217
2018-05-05-17:13:47 1.11  Mocks_Em/MockNFW20ellip5loga2.08PA50center0With_background20num89.dat Diff-Evol    1.0e-04 0 1 0 0     NFW      359.9994  -0.0007     -1.905 0.370  44 -99.00   43.9        -444.523       -876.2579   589 359.9994  -0.0007     -1.906 0.189  43 -99.00    0.203
2018-05-05-17:13:47 1.11  Mocks_Em/MockNFW20ellip5loga2.08PA50center0With_background20num90.dat Diff-Evol    1.0e-04 0 1 0 0     NFW      359.9999   0.0011     -1.898 0.373  34 -99.00   40.8        -412.749       -812.7099   534 359.9999   0.0011     -1.895 0.175  37 -99.00    0.182
2018-05-05-17:13:47 1.11  Mocks_Em/MockNFW20ellip5loga2.08PA50center0With_background20num91.dat Diff-Evol    1.0e-04 0 1 0 0     NFW        0.0002   0.0017     -1.889 0.329   0 -99.00   40.1       -403.5756       -794.3631   610   0.0002   0.0017     -1.890 0.067 175 -99.00    0.210
2018-05-05-17:13:47 1.11  Mocks_Em/MockNFW20ellip5loga2.08PA50center0With_background20num92.dat Diff-Evol    1.0e-04 0 1 0 0     NFW        0.0004  -0.0012     -1.897 0.000   2 -99.00   43.1       -431.2826       -849.7771   555   0.0004  -0.0012     -1.920 0.092 159 -99.00    0.190
2018-05-05-17:13:47 1.11  Mocks_Em/MockNFW20ellip5loga2.08PA50center0With_background20num93.dat Diff-Evol    1.0e-04 0 1 0 0     NFW      359.9982   0.0020     -1.878 0.063  15 -99.00   43.1       -429.2182       -845.6484   541 359.9982   0.0020     -1.894 0.076 148 -99.00    0.185
2018-05-05-17:13:47 1.11  Mocks_Em/MockNFW20ellip5loga2.08PA50center0With_background20num94.dat Diff-Evol    1.0e-04 0 1 0 0     NFW      359.9996  -0.0001     -1.933 0.324  50 -99.00   40.8       -416.8456       -820.9031   513 359.9996  -0.0001     -1.906 0.181 141 -99.00    0.178
2018-05-05-17:13:47 1.11  Mocks_Em/MockNFW20ellip5loga2.08PA50center0With_background20num95.dat Diff-Evol    1.0e-04 0 1 0 0     NFW      359.9984  -0.0010     -1.891 0.021  24 -99.00   45.4       -456.5835       -900.3789   444 359.9984  -0.0010     -1.929 0.055 152 -99.00    0.154
2018-05-05-17:13:47 1.11  Mocks_Em/MockNFW20ellip5loga2.08PA50center0With_background20num96.dat Diff-Evol    1.0e-04 0 1 0 0     NFW        0.0020   0.0014     -1.888 0.000 134 -99.00   43.1       -431.4146       -850.0411   591   0.0020   0.0014     -1.884 0.101  14 -99.00    0.209
2018-05-05-17:13:47 1.11  Mocks_Em/MockNFW20ellip5loga2.08PA50center0With_background20num97.dat Diff-Evol    1.0e-04 0 1 0 0     NFW        0.0001  -0.0007     -1.910 0.300  43 -99.00   46.1       -471.1493       -929.5106   562   0.0001  -0.0007     -1.934 0.158  30 -99.00    0.192
2018-05-05-17:13:47 1.11  Mocks_Em/MockNFW20ellip5loga2.08PA50center0With_background20num98.dat Diff-Evol    1.0e-04 0 1 0 0     NFW        0.0007  -0.0003     -1.912 0.282  17 -99.00   37.8       -384.9011       -757.0142   555   0.0007  -0.0003     -1.860 0.134 171 -99.00    0.187
2018-05-05-17:13:47 1.11  Mocks_Em/MockNFW20ellip5loga2.08PA50center0With_background20num99.dat Diff-Evol    1.0e-04 0 1 0 0     NFW        0.0026  -0.0006     -1.863 0.073  61 -99.00   46.9       -461.2046       -909.6212   555   0.0026  -0.0006     -1.894 0.101  19 -99.00    0.189
