2018-05-05-17:13:41 1.11  Mocks_Em/MockNFW20ellip5loga2.08PA50center0With_background20num0.dat L-BFGS-B     1.0e-04 0 1 0 0     NFW        0.0023  -0.0013     -1.882 0.003  12 -99.00   44.5        -446.567        -880.346    84   0.0023  -0.0013     -1.923 0.126  12 -99.00    0.054
2018-05-05-17:13:41 1.11  Mocks_Em/MockNFW20ellip5loga2.08PA50center0With_background20num1.dat L-BFGS-B     1.0e-04 0 1 0 0     NFW      359.9984  -0.0019     -1.870 0.000   4 -99.00   45.4       -441.2811       -869.7741   105 359.9984  -0.0019     -1.861 0.086   4 -99.00    0.054
2018-05-05-17:13:41 1.11  Mocks_Em/MockNFW20ellip5loga2.08PA50center0With_background20num2.dat L-BFGS-B     1.0e-04 0 1 0 0     NFW      359.9994  -0.0010     -1.897 0.012 154 -99.00   41.6       -410.7311       -808.6741    49 359.9994  -0.0010     -1.843 0.133 154 -99.00    0.022
2018-05-05-17:13:41 1.11  Mocks_Em/MockNFW20ellip5loga2.08PA50center0With_background20num3.dat L-BFGS-B     1.0e-04 0 1 0 0     NFW      359.9976   0.0007     -1.874 0.000 151 -99.00   44.6       -436.4685        -860.149   133 359.9976   0.0007     -1.857 0.265 151 -99.00    0.054
2018-05-05-17:13:41 1.11  Mocks_Em/MockNFW20ellip5loga2.08PA50center0With_background20num4.dat L-BFGS-B     1.0e-04 0 1 0 0     NFW      359.9996  -0.0027     -1.877 0.033  18 -99.00   48.7       -485.1691       -957.5502    42 359.9996  -0.0027     -1.885 0.119  18 -99.00    0.016
2018-05-05-17:13:41 1.11  Mocks_Em/MockNFW20ellip5loga2.08PA50center0With_background20num5.dat L-BFGS-B     1.0e-04 0 1 0 0     NFW        0.0001  -0.0009     -2.199 0.090 149 -99.00   19.4       -417.1043       -821.4206    35   0.0001  -0.0009     -1.986 0.105 149 -99.00    0.013
2018-05-05-17:13:41 1.11  Mocks_Em/MockNFW20ellip5loga2.08PA50center0With_background20num6.dat L-BFGS-B     1.0e-04 0 1 0 0     NFW        0.0002  -0.0011     -1.931 0.277  29 -99.00   40.9       -428.5601       -844.3322    42   0.0002  -0.0011     -1.960 0.124  29 -99.00    0.015
2018-05-05-17:13:41 1.11  Mocks_Em/MockNFW20ellip5loga2.08PA50center0With_background20num7.dat L-BFGS-B     1.0e-04 0 1 0 0     NFW        0.0012   0.0007     -1.891 0.029  35 -99.00   42.5       -432.6996       -852.6111    42   0.0012   0.0007     -1.906 0.107  35 -99.00    0.015
2018-05-05-17:13:41 1.11  Mocks_Em/MockNFW20ellip5loga2.08PA50center0With_background20num8.dat L-BFGS-B     1.0e-04 0 1 0 0     NFW        0.0025  -0.0013     -1.877 0.279  37 -99.00   46.9       -457.7882       -902.7883    28   0.0025  -0.0013     -1.847 0.233  37 -99.00    0.010
2018-05-05-17:13:41 1.11  Mocks_Em/MockNFW20ellip5loga2.08PA50center0With_background20num9.dat L-BFGS-B     1.0e-04 0 1 0 0     NFW      359.9991  -0.0005     -1.902 0.000 151 -99.00   41.6       -417.4333       -822.0785    98 359.9991  -0.0005     -1.923 0.202 151 -99.00    0.034
2018-05-05-17:13:41 1.11  Mocks_Em/MockNFW20ellip5loga2.08PA50center0With_background20num10.dat L-BFGS-B     1.0e-04 0 1 0 0     NFW        0.0001   0.0003     -1.989 0.228  43 -99.00   32.7       -401.4211       -790.0541    49   0.0001   0.0003     -1.910 0.110  43 -99.00    0.016
2018-05-05-17:13:41 1.11  Mocks_Em/MockNFW20ellip5loga2.08PA50center0With_background20num11.dat L-BFGS-B     1.0e-04 0 1 0 0     NFW        0.0004  -0.0010     -1.931 0.017 162 -99.00   37.8       -385.5849       -758.3818    49   0.0004  -0.0010     -1.864 0.168 162 -99.00    0.017
2018-05-05-17:13:41 1.11  Mocks_Em/MockNFW20ellip5loga2.08PA50center0With_background20num12.dat L-BFGS-B     1.0e-04 0 1 0 0     NFW        0.0013   0.0009     -1.897 0.014 159 -99.00   42.0       -425.5354       -838.2827    63   0.0013   0.0009     -1.917 0.109 159 -99.00    0.022
2018-05-05-17:13:41 1.11  Mocks_Em/MockNFW20ellip5loga2.08PA50center0With_background20num13.dat L-BFGS-B     1.0e-04 0 1 0 0     NFW        0.0020   0.0012     -1.888 0.001  11 -99.00   45.4       -457.7859       -902.7838    84   0.0020   0.0012     -1.913 0.156  11 -99.00    0.029
2018-05-05-17:13:41 1.11  Mocks_Em/MockNFW20ellip5loga2.08PA50center0With_background20num14.dat L-BFGS-B     1.0e-04 0 1 0 0     NFW      359.9978  -0.0018     -1.854 0.012 176 -99.00   44.8       -443.5704       -874.3529    56 359.9978  -0.0018     -1.882 0.088 176 -99.00    0.019
2018-05-05-17:13:41 1.11  Mocks_Em/MockNFW20ellip5loga2.08PA50center0With_background20num15.dat L-BFGS-B     1.0e-04 0 1 0 0     NFW      359.9999   0.0011     -1.906 0.000 140 -99.00   39.3       -402.6512       -792.5144   161 359.9999   0.0011     -1.879 0.242 140 -99.00    0.053
2018-05-05-17:13:41 1.11  Mocks_Em/MockNFW20ellip5loga2.08PA50center0With_background20num16.dat L-BFGS-B     1.0e-04 0 1 0 0     NFW        0.0008  -0.0008     -1.901 0.022  29 -99.00   42.4       -426.8987       -841.0094    42   0.0008  -0.0008     -1.901 0.080  29 -99.00    0.014
2018-05-05-17:13:41 1.11  Mocks_Em/MockNFW20ellip5loga2.08PA50center0With_background20num17.dat L-BFGS-B     1.0e-04 0 1 0 0     NFW        0.0009  -0.0006     -1.913 0.049 178 -99.00   39.3       -395.8574       -778.9268    21   0.0009  -0.0006     -1.864 0.091 178 -99.00    0.007
2018-05-05-17:13:41 1.11  Mocks_Em/MockNFW20ellip5loga2.08PA50center0With_background20num18.dat L-BFGS-B     1.0e-04 0 1 0 0     NFW      359.9982  -0.0012     -1.864 0.025  35 -99.00   43.6       -429.9243       -847.0606    42 359.9982  -0.0012     -1.870 0.095  35 -99.00    0.014
2018-05-05-17:13:41 1.11  Mocks_Em/MockNFW20ellip5loga2.08PA50center0With_background20num19.dat L-BFGS-B     1.0e-04 0 1 0 0     NFW        0.0012  -0.0000     -1.934 0.052 173 -99.00   35.9       -395.2981       -777.8082    28   0.0012  -0.0000     -1.935 0.030 173 -99.00    0.009
2018-05-05-17:13:41 1.11  Mocks_Em/MockNFW20ellip5loga2.08PA50center0With_background20num20.dat L-BFGS-B     1.0e-04 0 1 0 0     NFW      359.9993  -0.0010     -1.891 0.035 146 -99.00   40.8       -410.1333       -807.4785    42 359.9993  -0.0010     -1.867 0.143 146 -99.00    0.014
2018-05-05-17:13:41 1.11  Mocks_Em/MockNFW20ellip5loga2.08PA50center0With_background20num21.dat L-BFGS-B     1.0e-04 0 1 0 0     NFW      359.9995  -0.0013     -1.907 0.000  11 -99.00   36.3       -363.7827       -714.7773   140 359.9995  -0.0013     -1.830 0.126  11 -99.00    0.046
2018-05-05-17:13:41 1.11  Mocks_Em/MockNFW20ellip5loga2.08PA50center0With_background20num22.dat L-BFGS-B     1.0e-04 0 1 0 0     NFW        0.0007   0.0001     -1.904 0.000 165 -99.00   38.6       -384.8197       -756.8513   119   0.0007   0.0001     -1.867 0.065 165 -99.00    0.039
2018-05-05-17:13:41 1.11  Mocks_Em/MockNFW20ellip5loga2.08PA50center0With_background20num23.dat L-BFGS-B     1.0e-04 0 1 0 0     NFW      359.9979   0.0005     -1.892 0.000   5 -99.00   46.1       -463.5573       -914.3265   140 359.9979   0.0005     -1.942 0.135   5 -99.00    0.047
2018-05-05-17:13:41 1.11  Mocks_Em/MockNFW20ellip5loga2.08PA50center0With_background20num24.dat L-BFGS-B     1.0e-04 0 1 0 0     NFW      359.9995  -0.0010     -1.959 0.417  42 -99.00   37.0       -407.2496       -801.7111    28 359.9995  -0.0010     -1.966 0.305  42 -99.00    0.009
2018-05-05-17:13:41 1.11  Mocks_Em/MockNFW20ellip5loga2.08PA50center0With_background20num25.dat L-BFGS-B     1.0e-04 0 1 0 0     NFW        0.0001  -0.0013     -1.906 0.005  31 -99.00   39.3       -396.4398       -780.0916    28   0.0001  -0.0013     -1.877 0.094  31 -99.00    0.010
2018-05-05-17:13:41 1.11  Mocks_Em/MockNFW20ellip5loga2.08PA50center0With_background20num26.dat L-BFGS-B     1.0e-04 0 1 0 0     NFW        0.0009   0.0001     -1.920 0.012 157 -99.00   39.7       -413.2827       -813.7774    63   0.0009   0.0001     -1.943 0.091 157 -99.00    0.021
2018-05-05-17:13:41 1.11  Mocks_Em/MockNFW20ellip5loga2.08PA50center0With_background20num27.dat L-BFGS-B     1.0e-04 0 1 0 0     NFW      359.9987   0.0026     -1.856 0.015  25 -99.00   45.7       -459.6998       -906.6115    63 359.9987   0.0026     -1.921 0.125  25 -99.00    0.021
2018-05-05-17:13:41 1.11  Mocks_Em/MockNFW20ellip5loga2.08PA50center0With_background20num28.dat L-BFGS-B     1.0e-04 0 1 0 0     NFW      359.9993  -0.0015     -1.890 0.020  31 -99.00   40.8       -406.2658       -799.7435    42 359.9993  -0.0015     -1.856 0.077  31 -99.00    0.015
2018-05-05-17:13:41 1.11  Mocks_Em/MockNFW20ellip5loga2.08PA50center0With_background20num29.dat L-BFGS-B     1.0e-04 0 1 0 0     NFW        0.0006  -0.0006     -1.903 0.000   3 -99.00   40.8       -412.3007       -811.8134   140   0.0006  -0.0006     -1.886 0.219   3 -99.00    0.046
2018-05-05-17:13:41 1.11  Mocks_Em/MockNFW20ellip5loga2.08PA50center0With_background20num30.dat L-BFGS-B     1.0e-04 0 1 0 0     NFW      359.9989  -0.0001     -1.899 0.026  29 -99.00   40.1       -403.0835       -793.3791    49 359.9989  -0.0001     -1.879 0.179  29 -99.00    0.016
2018-05-05-17:13:41 1.11  Mocks_Em/MockNFW20ellip5loga2.08PA50center0With_background20num31.dat L-BFGS-B     1.0e-04 0 1 0 0     NFW      359.9999   0.0015     -1.926 0.016  28 -99.00   40.8       -417.0345        -821.281    56 359.9999   0.0015     -1.927 0.113  28 -99.00    0.019
2018-05-05-17:13:41 1.11  Mocks_Em/MockNFW20ellip5loga2.08PA50center0With_background20num32.dat L-BFGS-B     1.0e-04 0 1 0 0     NFW        0.0009   0.0003     -1.919 0.004 156 -99.00   35.5       -362.0262       -711.2644    70   0.0009   0.0003     -1.882 0.082 156 -99.00    0.024
2018-05-05-17:13:41 1.11  Mocks_Em/MockNFW20ellip5loga2.08PA50center0With_background20num33.dat L-BFGS-B     1.0e-04 0 1 0 0     NFW      359.9992   0.0008     -1.894 0.000 154 -99.00   43.9       -438.9612       -865.1343   126 359.9992   0.0008     -1.894 0.173 154 -99.00    0.042
2018-05-05-17:13:41 1.11  Mocks_Em/MockNFW20ellip5loga2.08PA50center0With_background20num34.dat L-BFGS-B     1.0e-04 0 1 0 0     NFW        0.0009  -0.0014     -1.920 0.001  10 -99.00   37.1       -377.0328       -741.2775    98   0.0009  -0.0014     -1.893 0.109  10 -99.00    0.033
2018-05-05-17:13:41 1.11  Mocks_Em/MockNFW20ellip5loga2.08PA50center0With_background20num35.dat L-BFGS-B     1.0e-04 0 1 0 0     NFW      359.9999  -0.0016     -1.888 0.000 150 -99.00   42.4       -417.6131       -822.4381    98 359.9999  -0.0016     -1.848 0.163 149 -99.00    0.033
2018-05-05-17:13:41 1.11  Mocks_Em/MockNFW20ellip5loga2.08PA50center0With_background20num36.dat L-BFGS-B     1.0e-04 0 1 0 0     NFW      359.9999  -0.0007     -1.919 0.020 159 -99.00   41.4       -426.7951       -840.8021    35 359.9999  -0.0007     -1.924 0.073 159 -99.00    0.012
2018-05-05-17:13:41 1.11  Mocks_Em/MockNFW20ellip5loga2.08PA50center0With_background20num37.dat L-BFGS-B     1.0e-04 0 1 0 0     NFW        0.0006  -0.0010     -1.933 0.014 152 -99.00   40.7       -419.7309       -826.6738    49   0.0006  -0.0010     -1.946 0.158 152 -99.00    0.017
2018-05-05-17:13:41 1.11  Mocks_Em/MockNFW20ellip5loga2.08PA50center0With_background20num38.dat L-BFGS-B     1.0e-04 0 1 0 0     NFW      359.9991  -0.0017     -1.886 0.001 150 -99.00   41.6       -413.2463       -813.7046    98 359.9991  -0.0017     -1.847 0.118 150 -99.00    0.033
2018-05-05-17:13:41 1.11  Mocks_Em/MockNFW20ellip5loga2.08PA50center0With_background20num39.dat L-BFGS-B     1.0e-04 0 1 0 0     NFW      359.9996   0.0003     -1.913 0.003  32 -99.00   36.3       -366.0581       -719.3282    42 359.9996   0.0003     -1.869 0.040  32 -99.00    0.014
2018-05-05-17:13:41 1.11  Mocks_Em/MockNFW20ellip5loga2.08PA50center0With_background20num40.dat L-BFGS-B     1.0e-04 0 1 0 0     NFW      359.9984  -0.0004     -1.884 0.000 136 -99.00   40.8       -407.0787       -801.3693   105 359.9984  -0.0004     -1.864 0.089 136 -99.00    0.036
2018-05-05-17:13:41 1.11  Mocks_Em/MockNFW20ellip5loga2.08PA50center0With_background20num41.dat L-BFGS-B     1.0e-04 0 1 0 0     NFW        0.0003  -0.0002     -1.912 0.014  21 -99.00   36.3       -365.3203       -717.8525    49   0.0003  -0.0002     -1.860 0.153  21 -99.00    0.016
2018-05-05-17:13:41 1.11  Mocks_Em/MockNFW20ellip5loga2.08PA50center0With_background20num42.dat L-BFGS-B     1.0e-04 0 1 0 0     NFW      359.9985   0.0008     -1.897 0.017  33 -99.00   36.8       -376.2809       -739.7737    56 359.9985   0.0008     -1.912 0.132  33 -99.00    0.019
2018-05-05-17:13:41 1.11  Mocks_Em/MockNFW20ellip5loga2.08PA50center0With_background20num43.dat L-BFGS-B     1.0e-04 0 1 0 0     NFW        0.0000   0.0007     -1.904 0.011 136 -99.00   39.3       -396.4715       -780.1549    56   0.0000   0.0007     -1.865 0.076 136 -99.00    0.019
2018-05-05-17:13:41 1.11  Mocks_Em/MockNFW20ellip5loga2.08PA50center0With_background20num44.dat L-BFGS-B     1.0e-04 0 1 0 0     NFW        0.0026  -0.0006     -1.870 0.000 139 -99.00   45.3       -451.5458       -890.3036   112   0.0026  -0.0006     -1.956 0.084 139 -99.00    0.038
2018-05-05-17:13:41 1.11  Mocks_Em/MockNFW20ellip5loga2.08PA50center0With_background20num45.dat L-BFGS-B     1.0e-04 0 1 0 0     NFW        0.0006   0.0007     -1.928 0.018   1 -99.00   37.6       -390.8578       -768.9276    42   0.0006   0.0007     -1.934 0.074   1 -99.00    0.014
2018-05-05-17:13:41 1.11  Mocks_Em/MockNFW20ellip5loga2.08PA50center0With_background20num46.dat L-BFGS-B     1.0e-04 0 1 0 0     NFW        0.0001  -0.0004     -1.912 0.081  21 -99.00   36.3       -370.9198       -729.0516    14   0.0001  -0.0004     -1.875 0.156  21 -99.00    0.005
2018-05-05-17:13:41 1.11  Mocks_Em/MockNFW20ellip5loga2.08PA50center0With_background20num47.dat L-BFGS-B     1.0e-04 0 1 0 0     NFW        0.0001   0.0012     -1.916 0.027 167 -99.00   42.2       -435.8207       -858.8534    42   0.0001   0.0012     -1.920 0.098 167 -99.00    0.015
2018-05-05-17:13:41 1.11  Mocks_Em/MockNFW20ellip5loga2.08PA50center0With_background20num48.dat L-BFGS-B     1.0e-04 0 1 0 0     NFW      359.9996   0.0007     -1.903 0.000 175 -99.00   39.3       -394.5697       -776.3514   126 359.9996   0.0007     -1.865 0.235 175 -99.00    0.042
2018-05-05-17:13:41 1.11  Mocks_Em/MockNFW20ellip5loga2.08PA50center0With_background20num49.dat L-BFGS-B     1.0e-04 0 1 0 0     NFW      360.0000  -0.0011     -1.900 0.000  43 -99.00   41.6       -411.9046       -811.0211   105 360.0000  -0.0011     -1.844 0.092  43 -99.00    0.036
2018-05-05-17:13:41 1.11  Mocks_Em/MockNFW20ellip5loga2.08PA50center0With_background20num50.dat L-BFGS-B     1.0e-04 0 1 0 0     NFW        0.0021  -0.0011     -1.890 0.000 179 -99.00   41.6       -414.1299       -815.4717   140   0.0021  -0.0011     -1.857 0.122 179 -99.00    0.047
2018-05-05-17:13:41 1.11  Mocks_Em/MockNFW20ellip5loga2.08PA50center0With_background20num51.dat L-BFGS-B     1.0e-04 0 1 0 0     NFW        0.0005   0.0004     -1.920 0.242 172 -99.00   37.1       -374.7929       -736.7977    28   0.0005   0.0004     -1.860 0.198 172 -99.00    0.009
2018-05-05-17:13:41 1.11  Mocks_Em/MockNFW20ellip5loga2.08PA50center0With_background20num52.dat L-BFGS-B     1.0e-04 0 1 0 0     NFW      359.9997   0.0003     -1.915 0.012 157 -99.00   37.1       -376.8022       -740.8163    49 359.9997   0.0003     -1.889 0.137 157 -99.00    0.017
2018-05-05-17:13:41 1.11  Mocks_Em/MockNFW20ellip5loga2.08PA50center0With_background20num53.dat L-BFGS-B     1.0e-04 0 1 0 0     NFW      359.9999   0.0006     -1.921 0.012  10 -99.00   34.0        -344.926       -677.0639    63 359.9999   0.0006     -1.864 0.091  10 -99.00    0.022
2018-05-05-17:13:41 1.11  Mocks_Em/MockNFW20ellip5loga2.08PA50center0With_background20num54.dat L-BFGS-B     1.0e-04 0 1 0 0     NFW      359.9996   0.0004     -1.919 0.000 136 -99.00   40.1       -411.3428       -809.8975   133 359.9996   0.0004     -1.904 0.241 136 -99.00    0.046
2018-05-05-17:13:41 1.11  Mocks_Em/MockNFW20ellip5loga2.08PA50center0With_background20num55.dat L-BFGS-B     1.0e-04 0 1 0 0     NFW      359.9986  -0.0004     -1.899 0.031  44 -99.00   43.9       -436.7662       -860.7444    42 359.9986  -0.0004     -1.881 0.110  44 -99.00    0.015
2018-05-05-17:13:41 1.11  Mocks_Em/MockNFW20ellip5loga2.08PA50center0With_background20num56.dat L-BFGS-B     1.0e-04 0 1 0 0     NFW        0.0001   0.0010     -1.898 0.019  38 -99.00   40.5       -409.5419       -806.2958    42   0.0001   0.0010     -1.908 0.078  38 -99.00    0.015
2018-05-05-17:13:41 1.11  Mocks_Em/MockNFW20ellip5loga2.08PA50center0With_background20num57.dat L-BFGS-B     1.0e-04 0 1 0 0     NFW        0.0008  -0.0010     -1.921 0.012 172 -99.00   42.4        -451.209       -889.6299    63   0.0008  -0.0010     -2.007 0.099 172 -99.00    0.022
2018-05-05-17:13:41 1.11  Mocks_Em/MockNFW20ellip5loga2.08PA50center0With_background20num58.dat L-BFGS-B     1.0e-04 0 1 0 0     NFW      359.9988  -0.0001     -1.892 0.000 150 -99.00   42.4       -422.4598       -832.1316   126 359.9988  -0.0001     -1.910 0.189 150 -99.00    0.042
2018-05-05-17:13:41 1.11  Mocks_Em/MockNFW20ellip5loga2.08PA50center0With_background20num59.dat L-BFGS-B     1.0e-04 0 1 0 0     NFW      359.9993  -0.0006     -1.916 0.003 161 -99.00   41.4       -424.1674       -835.5469    63 359.9993  -0.0006     -1.960 0.085 161 -99.00    0.022
2018-05-05-17:13:41 1.11  Mocks_Em/MockNFW20ellip5loga2.08PA50center0With_background20num60.dat L-BFGS-B     1.0e-04 0 1 0 0     NFW        0.0023  -0.0018     -1.868 0.002 155 -99.00   45.4       -444.2186       -875.6492   126   0.0023  -0.0018     -1.898 0.229 149 -99.00    0.043
2018-05-05-17:13:41 1.11  Mocks_Em/MockNFW20ellip5loga2.08PA50center0With_background20num61.dat L-BFGS-B     1.0e-04 0 1 0 0     NFW        0.0010   0.0003     -1.991 0.050 140 -99.00   26.2       -335.3645       -657.9409    42   0.0010   0.0003     -1.849 0.056 140 -99.00    0.014
2018-05-05-17:13:41 1.11  Mocks_Em/MockNFW20ellip5loga2.08PA50center0With_background20num62.dat L-BFGS-B     1.0e-04 0 1 0 0     NFW        0.0011   0.0011     -1.907 0.021  26 -99.00   37.1       -372.7541       -732.7201    49   0.0011   0.0011     -1.861 0.220  26 -99.00    0.017
2018-05-05-17:13:41 1.11  Mocks_Em/MockNFW20ellip5loga2.08PA50center0With_background20num63.dat L-BFGS-B     1.0e-04 0 1 0 0     NFW      359.9992  -0.0002     -1.919 0.000  13 -99.00   43.1       -440.2788       -867.7696   119 359.9992  -0.0002     -1.952 0.062  13 -99.00    0.040
2018-05-05-17:13:41 1.11  Mocks_Em/MockNFW20ellip5loga2.08PA50center0With_background20num64.dat L-BFGS-B     1.0e-04 0 1 0 0     NFW        0.0011   0.0009     -1.906 0.282  33 -99.00   42.4       -433.1197       -853.4513    49   0.0011   0.0009     -1.908 0.161  33 -99.00    0.016
2018-05-05-17:13:41 1.11  Mocks_Em/MockNFW20ellip5loga2.08PA50center0With_background20num65.dat L-BFGS-B     1.0e-04 0 1 0 0     NFW      359.9984  -0.0004     -1.892 0.000  37 -99.00   45.4       -456.4301       -900.0722   133 359.9984  -0.0004     -1.947 0.208  39 -99.00    0.044
2018-05-05-17:13:41 1.11  Mocks_Em/MockNFW20ellip5loga2.08PA50center0With_background20num66.dat L-BFGS-B     1.0e-04 0 1 0 0     NFW        0.0009   0.0011     -1.944 0.260 155 -99.00   31.8        -332.375        -651.962    42   0.0009   0.0011     -1.856 0.083 155 -99.00    0.013
2018-05-05-17:13:41 1.11  Mocks_Em/MockNFW20ellip5loga2.08PA50center0With_background20num67.dat L-BFGS-B     1.0e-04 0 1 0 0     NFW      359.9999   0.0001     -1.921 0.001 157 -99.00   31.0       -312.8734       -612.9587    84 359.9999   0.0001     -1.829 0.150 157 -99.00    0.028
2018-05-05-17:13:41 1.11  Mocks_Em/MockNFW20ellip5loga2.08PA50center0With_background20num68.dat L-BFGS-B     1.0e-04 0 1 0 0     NFW      359.9997  -0.0006     -1.919 0.014  20 -99.00   36.3       -370.9912       -729.1944    49 359.9997  -0.0006     -1.857 0.156  20 -99.00    0.017
2018-05-05-17:13:41 1.11  Mocks_Em/MockNFW20ellip5loga2.08PA50center0With_background20num69.dat L-BFGS-B     1.0e-04 0 1 0 0     NFW        0.0011   0.0013     -1.927 0.256  25 -99.00   37.4       -413.5327       -814.2773    21   0.0011   0.0013     -1.931 0.229  25 -99.00    0.007
2018-05-05-17:13:41 1.11  Mocks_Em/MockNFW20ellip5loga2.08PA50center0With_background20num70.dat L-BFGS-B     1.0e-04 0 1 0 0     NFW      359.9989   0.0015     -1.875 0.014  36 -99.00   47.3       -470.6986       -928.6091    49 359.9989   0.0015     -1.900 0.137  36 -99.00    0.017
2018-05-05-17:13:41 1.11  Mocks_Em/MockNFW20ellip5loga2.08PA50center0With_background20num71.dat L-BFGS-B     1.0e-04 0 1 0 0     NFW      359.9996  -0.0009     -1.905 0.290  41 -99.00   34.8        -347.756       -682.7239    42 359.9996  -0.0009     -1.817 0.200  41 -99.00    0.014
2018-05-05-17:13:41 1.11  Mocks_Em/MockNFW20ellip5loga2.08PA50center0With_background20num72.dat L-BFGS-B     1.0e-04 0 1 0 0     NFW      359.9996   0.0008     -1.908 0.455 140 -99.00   38.6       -395.3674       -777.9467    28 359.9996   0.0008     -1.871 0.231 140 -99.00    0.009
2018-05-05-17:13:41 1.11  Mocks_Em/MockNFW20ellip5loga2.08PA50center0With_background20num73.dat L-BFGS-B     1.0e-04 0 1 0 0     NFW      359.9996  -0.0015     -1.897 0.312   1 -99.00   41.6       -419.2901       -825.7921    28 359.9996  -0.0015     -1.859 0.196   1 -99.00    0.009
2018-05-05-17:13:41 1.11  Mocks_Em/MockNFW20ellip5loga2.08PA50center0With_background20num74.dat L-BFGS-B     1.0e-04 0 1 0 0     NFW        0.0005  -0.0001     -1.913 0.025 166 -99.00   36.3       -367.4933       -722.1985    28   0.0005  -0.0001     -1.847 0.098 166 -99.00    0.010
2018-05-05-17:13:41 1.11  Mocks_Em/MockNFW20ellip5loga2.08PA50center0With_background20num75.dat L-BFGS-B     1.0e-04 0 1 0 0     NFW        0.0012  -0.0002     -1.909 0.037  45 -99.00   40.8       -413.2719       -813.7558    35   0.0012  -0.0002     -1.902 0.139  45 -99.00    0.012
2018-05-05-17:13:41 1.11  Mocks_Em/MockNFW20ellip5loga2.08PA50center0With_background20num76.dat L-BFGS-B     1.0e-04 0 1 0 0     NFW        0.0024  -0.0001     -1.873 0.000 160 -99.00   45.4       -443.6624       -874.5367   105   0.0024  -0.0001     -1.874 0.076 160 -99.00    0.035
2018-05-05-17:13:41 1.11  Mocks_Em/MockNFW20ellip5loga2.08PA50center0With_background20num77.dat L-BFGS-B     1.0e-04 0 1 0 0     NFW      359.9994   0.0007     -1.899 0.000 141 -99.00   37.8       -382.8785       -752.9689    98 359.9994   0.0007     -1.903 0.171 141 -99.00    0.032
2018-05-05-17:13:41 1.11  Mocks_Em/MockNFW20ellip5loga2.08PA50center0With_background20num78.dat L-BFGS-B     1.0e-04 0 1 0 0     NFW      359.9989   0.0016     -1.873 0.013 172 -99.00   44.6       -440.7085       -868.6291    56 359.9989   0.0016     -1.868 0.089 172 -99.00    0.019
2018-05-05-17:13:41 1.11  Mocks_Em/MockNFW20ellip5loga2.08PA50center0With_background20num79.dat L-BFGS-B     1.0e-04 0 1 0 0     NFW        0.0023   0.0006     -1.937 0.256 172 -99.00   38.3       -463.9916       -915.1952    42   0.0023   0.0006     -1.949 0.160 172 -99.00    0.014
2018-05-05-17:13:41 1.11  Mocks_Em/MockNFW20ellip5loga2.08PA50center0With_background20num80.dat L-BFGS-B     1.0e-04 0 1 0 0     NFW        0.0021  -0.0021     -1.854 0.307  36 -99.00   47.6       -465.0102       -917.2324    35   0.0021  -0.0021     -1.852 0.247  36 -99.00    0.012
2018-05-05-17:13:41 1.11  Mocks_Em/MockNFW20ellip5loga2.08PA50center0With_background20num81.dat L-BFGS-B     1.0e-04 0 1 0 0     NFW      359.9986   0.0019     -1.864 0.001 140 -99.00   46.1       -454.6076       -896.4272    98 359.9986   0.0019     -1.896 0.094 140 -99.00    0.033
2018-05-05-17:13:41 1.11  Mocks_Em/MockNFW20ellip5loga2.08PA50center0With_background20num82.dat L-BFGS-B     1.0e-04 0 1 0 0     NFW        0.0004  -0.0004     -1.918 0.015  28 -99.00   40.8       -411.2005        -809.613    49   0.0004  -0.0004     -1.900 0.143  28 -99.00    0.016
2018-05-05-17:13:41 1.11  Mocks_Em/MockNFW20ellip5loga2.08PA50center0With_background20num83.dat L-BFGS-B     1.0e-04 0 1 0 0     NFW        0.0007  -0.0002     -1.910 0.014 157 -99.00   37.1       -379.7889       -746.7897    35   0.0007  -0.0002     -1.905 0.048 157 -99.00    0.012
2018-05-05-17:13:41 1.11  Mocks_Em/MockNFW20ellip5loga2.08PA50center0With_background20num84.dat L-BFGS-B     1.0e-04 0 1 0 0     NFW      359.9999  -0.0002     -1.918 0.263  33 -99.00   38.6        -391.281       -769.7739    49 359.9999  -0.0002     -1.897 0.066  33 -99.00    0.016
2018-05-05-17:13:41 1.11  Mocks_Em/MockNFW20ellip5loga2.08PA50center0With_background20num85.dat L-BFGS-B     1.0e-04 0 1 0 0     NFW      359.9982  -0.0001     -1.912 0.000 175 -99.00   40.8       -409.2726       -805.7572   112 359.9982  -0.0001     -1.842 0.130 175 -99.00    0.037
2018-05-05-17:13:41 1.11  Mocks_Em/MockNFW20ellip5loga2.08PA50center0With_background20num86.dat L-BFGS-B     1.0e-04 0 1 0 0     NFW        0.0018  -0.0019     -1.863 0.015 162 -99.00   46.1       -450.8849       -888.9817    84   0.0018  -0.0019     -1.870 0.226 161 -99.00    0.029
2018-05-05-17:13:41 1.11  Mocks_Em/MockNFW20ellip5loga2.08PA50center0With_background20num87.dat L-BFGS-B     1.0e-04 0 1 0 0     NFW      359.9995  -0.0005     -1.922 0.300  40 -99.00   38.8       -414.5343       -816.2806    42 359.9995  -0.0005     -1.930 0.079  40 -99.00    0.014
2018-05-05-17:13:41 1.11  Mocks_Em/MockNFW20ellip5loga2.08PA50center0With_background20num88.dat L-BFGS-B     1.0e-04 0 1 0 0     NFW        0.0016   0.0017     -1.868 0.048  20 -99.00   45.0       -449.2777       -885.7673    42   0.0016   0.0017     -1.883 0.215  21 -99.00    0.014
2018-05-05-17:13:41 1.11  Mocks_Em/MockNFW20ellip5loga2.08PA50center0With_background20num89.dat L-BFGS-B     1.0e-04 0 1 0 0     NFW      359.9994  -0.0007     -1.905 0.366  43 -99.00   43.8       -444.5029       -876.2177    28 359.9994  -0.0007     -1.906 0.189  43 -99.00    0.009
2018-05-05-17:13:41 1.11  Mocks_Em/MockNFW20ellip5loga2.08PA50center0With_background20num90.dat L-BFGS-B     1.0e-04 0 1 0 0     NFW      359.9999   0.0011     -1.898 0.375  37 -99.00   40.8       -412.7723       -812.7565    28 359.9999   0.0011     -1.895 0.175  37 -99.00    0.009
2018-05-05-17:13:41 1.11  Mocks_Em/MockNFW20ellip5loga2.08PA50center0With_background20num91.dat L-BFGS-B     1.0e-04 0 1 0 0     NFW        0.0002   0.0017     -1.889 0.343 175 -99.00   40.0       -403.5201       -794.2522    35   0.0002   0.0017     -1.890 0.067 175 -99.00    0.011
2018-05-05-17:13:41 1.11  Mocks_Em/MockNFW20ellip5loga2.08PA50center0With_background20num92.dat L-BFGS-B     1.0e-04 0 1 0 0     NFW        0.0004  -0.0012     -1.897 0.000 160 -99.00   43.1       -431.2816       -849.7751   105   0.0004  -0.0012     -1.920 0.092 159 -99.00    0.036
2018-05-05-17:13:41 1.11  Mocks_Em/MockNFW20ellip5loga2.08PA50center0With_background20num93.dat L-BFGS-B     1.0e-04 0 1 0 0     NFW      359.9982   0.0020     -1.878 0.000 148 -99.00   43.1        -429.165       -845.5419   105 359.9982   0.0020     -1.894 0.076 148 -99.00    0.036
2018-05-05-17:13:41 1.11  Mocks_Em/MockNFW20ellip5loga2.08PA50center0With_background20num94.dat L-BFGS-B     1.0e-04 0 1 0 0     NFW      359.9996  -0.0001     -1.933 0.000 141 -99.00   40.8       -416.1326       -819.4772    98 359.9996  -0.0001     -1.906 0.181 141 -99.00    0.033
2018-05-05-17:13:41 1.11  Mocks_Em/MockNFW20ellip5loga2.08PA50center0With_background20num95.dat L-BFGS-B     1.0e-04 0 1 0 0     NFW      359.9984  -0.0010     -1.891 0.000 152 -99.00   45.4       -456.5781       -900.3682   112 359.9984  -0.0010     -1.929 0.055 152 -99.00    0.037
2018-05-05-17:13:41 1.11  Mocks_Em/MockNFW20ellip5loga2.08PA50center0With_background20num96.dat L-BFGS-B     1.0e-04 0 1 0 0     NFW        0.0020   0.0014     -1.888 0.027  14 -99.00   43.1       -431.4005        -850.013    42   0.0020   0.0014     -1.884 0.101  14 -99.00    0.015
2018-05-05-17:13:41 1.11  Mocks_Em/MockNFW20ellip5loga2.08PA50center0With_background20num97.dat L-BFGS-B     1.0e-04 0 1 0 0     NFW        0.0001  -0.0007     -1.930 0.267  30 -99.00   43.6       -470.7735       -928.7589    49   0.0001  -0.0007     -1.934 0.158  30 -99.00    0.016
2018-05-05-17:13:41 1.11  Mocks_Em/MockNFW20ellip5loga2.08PA50center0With_background20num98.dat L-BFGS-B     1.0e-04 0 1 0 0     NFW        0.0007  -0.0003     -1.912 0.270 171 -99.00   37.8       -384.8917       -756.9953    49   0.0007  -0.0003     -1.860 0.134 171 -99.00    0.016
2018-05-05-17:13:41 1.11  Mocks_Em/MockNFW20ellip5loga2.08PA50center0With_background20num99.dat L-BFGS-B     1.0e-04 0 1 0 0     NFW        0.0026  -0.0006     -1.863 0.001  19 -99.00   46.9       -461.1305        -909.473    98   0.0026  -0.0006     -1.894 0.101  19 -99.00    0.033
