2018-05-05-17:13:24 1.11  Mocks_Em/MockNFW20ellip5loga2.08PA50center0With_background20num0.dat TNC          1.0e-04 0 1 0 0     NFW        0.0023  -0.0013     -1.881 0.000  14 -99.00   44.6       -446.5738       -880.3595    53   0.0023  -0.0013     -1.923 0.126  12 -99.00    0.201
2018-05-05-17:13:24 1.11  Mocks_Em/MockNFW20ellip5loga2.08PA50center0With_background20num1.dat TNC          1.0e-04 0 1 0 0     NFW      359.9984  -0.0019     -1.870 0.000   4 -99.00   45.4       -441.2821       -869.7762    61 359.9984  -0.0019     -1.861 0.086   4 -99.00    0.160
2018-05-05-17:13:24 1.11  Mocks_Em/MockNFW20ellip5loga2.08PA50center0With_background20num2.dat TNC          1.0e-04 0 1 0 0     NFW      359.9994  -0.0010     -1.897 0.034 127 -99.00   41.6       -410.7733       -808.7586    41 359.9994  -0.0010     -1.843 0.133 154 -99.00    0.106
2018-05-05-17:13:24 1.11  Mocks_Em/MockNFW20ellip5loga2.08PA50center0With_background20num3.dat TNC          1.0e-04 0 1 0 0     NFW      359.9976   0.0007     -1.874 0.000 180 -99.00   44.6       -436.4712       -860.1544    39 359.9976   0.0007     -1.857 0.265 151 -99.00    0.111
2018-05-05-17:13:24 1.11  Mocks_Em/MockNFW20ellip5loga2.08PA50center0With_background20num4.dat TNC          1.0e-04 0 1 0 0     NFW      359.9996  -0.0027     -1.874 0.069   1 -99.00   49.2       -485.2319       -957.6757    52 359.9996  -0.0027     -1.885 0.119  18 -99.00    0.136
2018-05-05-17:13:24 1.11  Mocks_Em/MockNFW20ellip5loga2.08PA50center0With_background20num5.dat TNC          1.0e-04 0 1 0 0     NFW        0.0001  -0.0009     -2.152 0.245 107 -99.00   21.6       -417.3595       -821.9309    75   0.0001  -0.0009     -1.986 0.105 149 -99.00    0.189
2018-05-05-17:13:24 1.11  Mocks_Em/MockNFW20ellip5loga2.08PA50center0With_background20num6.dat TNC          1.0e-04 0 1 0 0     NFW        0.0002  -0.0011     -1.925 0.299  56 -99.00   41.6       -428.9516       -845.1151   114   0.0002  -0.0011     -1.960 0.124  29 -99.00    0.286
2018-05-05-17:13:24 1.11  Mocks_Em/MockNFW20ellip5loga2.08PA50center0With_background20num7.dat TNC          1.0e-04 0 1 0 0     NFW        0.0012   0.0007     -1.886 0.041  43 -99.00   43.1       -432.7284       -852.6688    16   0.0012   0.0007     -1.906 0.107  35 -99.00    0.044
2018-05-05-17:13:24 1.11  Mocks_Em/MockNFW20ellip5loga2.08PA50center0With_background20num8.dat TNC          1.0e-04 0 1 0 0     NFW        0.0025  -0.0013     -1.877 0.347  56 -99.00   46.9       -458.3158       -903.8435    93   0.0025  -0.0013     -1.847 0.233  37 -99.00    0.237
2018-05-05-17:13:24 1.11  Mocks_Em/MockNFW20ellip5loga2.08PA50center0With_background20num9.dat TNC          1.0e-04 0 1 0 0     NFW      359.9991  -0.0005     -1.902 0.000 151 -99.00   41.6       -417.4357       -822.0833    52 359.9991  -0.0005     -1.923 0.202 151 -99.00    0.133
2018-05-05-17:13:24 1.11  Mocks_Em/MockNFW20ellip5loga2.08PA50center0With_background20num10.dat TNC          1.0e-04 0 1 0 0     NFW        0.0001   0.0003     -1.929 0.280  38 -99.00   38.6       -401.5045       -790.2209    63   0.0001   0.0003     -1.910 0.110  43 -99.00    0.159
2018-05-05-17:13:24 1.11  Mocks_Em/MockNFW20ellip5loga2.08PA50center0With_background20num11.dat TNC          1.0e-04 0 1 0 0     NFW        0.0004  -0.0010     -1.931 0.000 162 -99.00   37.8       -385.5911       -758.3941    54   0.0004  -0.0010     -1.864 0.168 162 -99.00    0.141
2018-05-05-17:13:24 1.11  Mocks_Em/MockNFW20ellip5loga2.08PA50center0With_background20num12.dat TNC          1.0e-04 0 1 0 0     NFW        0.0013   0.0009     -1.894 0.000 160 -99.00   42.4       -425.5612       -838.3344    62   0.0013   0.0009     -1.917 0.109 159 -99.00    0.159
2018-05-05-17:13:24 1.11  Mocks_Em/MockNFW20ellip5loga2.08PA50center0With_background20num13.dat TNC          1.0e-04 0 1 0 0     NFW        0.0020   0.0012     -1.888 0.000  28 -99.00   45.4       -457.7887       -902.7893    54   0.0020   0.0012     -1.913 0.156  11 -99.00    0.139
2018-05-05-17:13:24 1.11  Mocks_Em/MockNFW20ellip5loga2.08PA50center0With_background20num14.dat TNC          1.0e-04 0 1 0 0     NFW      359.9978  -0.0018     -1.849 0.037 176 -99.00   45.4       -443.6049       -874.4217    77 359.9978  -0.0018     -1.882 0.088 176 -99.00    0.200
2018-05-05-17:13:24 1.11  Mocks_Em/MockNFW20ellip5loga2.08PA50center0With_background20num15.dat TNC          1.0e-04 0 1 0 0     NFW      359.9999   0.0011     -1.906 0.277 180 -99.00   39.3       -402.9444       -793.1008    27 359.9999   0.0011     -1.879 0.242 140 -99.00    0.071
2018-05-05-17:13:24 1.11  Mocks_Em/MockNFW20ellip5loga2.08PA50center0With_background20num16.dat TNC          1.0e-04 0 1 0 0     NFW        0.0008  -0.0008     -1.901 0.000  29 -99.00   42.4       -426.9145        -841.041    39   0.0008  -0.0008     -1.901 0.080  29 -99.00    0.101
2018-05-05-17:13:24 1.11  Mocks_Em/MockNFW20ellip5loga2.08PA50center0With_background20num17.dat TNC          1.0e-04 0 1 0 0     NFW        0.0009  -0.0006     -1.913 0.040 180 -99.00   39.3       -395.8599       -778.9317    55   0.0009  -0.0006     -1.864 0.091 178 -99.00    0.139
2018-05-05-17:13:24 1.11  Mocks_Em/MockNFW20ellip5loga2.08PA50center0With_background20num18.dat TNC          1.0e-04 0 1 0 0     NFW      359.9982  -0.0012     -1.862 0.059  63 -99.00   43.9       -429.9905        -847.193   133 359.9982  -0.0012     -1.870 0.095  35 -99.00    0.334
2018-05-05-17:13:24 1.11  Mocks_Em/MockNFW20ellip5loga2.08PA50center0With_background20num19.dat TNC          1.0e-04 0 1 0 0     NFW        0.0012  -0.0000     -1.908 0.054 173 -99.00   38.6       -395.3257       -777.8634    29   0.0012  -0.0000     -1.935 0.030 173 -99.00    0.075
2018-05-05-17:13:24 1.11  Mocks_Em/MockNFW20ellip5loga2.08PA50center0With_background20num20.dat TNC          1.0e-04 0 1 0 0     NFW      359.9993  -0.0010     -1.891 0.035 146 -99.00   40.8       -410.1334       -807.4787    28 359.9993  -0.0010     -1.867 0.143 146 -99.00    0.073
2018-05-05-17:13:24 1.11  Mocks_Em/MockNFW20ellip5loga2.08PA50center0With_background20num21.dat TNC          1.0e-04 0 1 0 0     NFW      359.9995  -0.0013     -1.907 0.000  11 -99.00   36.3       -363.7829       -714.7777    49 359.9995  -0.0013     -1.830 0.126  11 -99.00    0.125
2018-05-05-17:13:24 1.11  Mocks_Em/MockNFW20ellip5loga2.08PA50center0With_background20num22.dat TNC          1.0e-04 0 1 0 0     NFW        0.0007   0.0001     -1.904 0.000 165 -99.00   38.6       -384.8199       -756.8517    53   0.0007   0.0001     -1.867 0.065 165 -99.00    0.135
2018-05-05-17:13:24 1.11  Mocks_Em/MockNFW20ellip5loga2.08PA50center0With_background20num23.dat TNC          1.0e-04 0 1 0 0     NFW      359.9979   0.0005     -1.892 0.000   5 -99.00   46.1       -463.5577       -914.3273    41 359.9979   0.0005     -1.942 0.135   5 -99.00    0.107
2018-05-05-17:13:24 1.11  Mocks_Em/MockNFW20ellip5loga2.08PA50center0With_background20num24.dat TNC          1.0e-04 0 1 0 0     NFW      359.9995  -0.0010     -1.937 0.410  42 -99.00   39.3       -407.3893       -801.9906    26 359.9995  -0.0010     -1.966 0.305  42 -99.00    0.067
2018-05-05-17:13:24 1.11  Mocks_Em/MockNFW20ellip5loga2.08PA50center0With_background20num25.dat TNC          1.0e-04 0 1 0 0     NFW        0.0001  -0.0013     -1.906 0.028  20 -99.00   39.3       -396.4468       -780.1055    44   0.0001  -0.0013     -1.877 0.094  31 -99.00    0.112
2018-05-05-17:13:24 1.11  Mocks_Em/MockNFW20ellip5loga2.08PA50center0With_background20num26.dat TNC          1.0e-04 0 1 0 0     NFW        0.0009   0.0001     -1.917 0.000 157 -99.00   40.1       -413.3074       -813.8268    46   0.0009   0.0001     -1.943 0.091 157 -99.00    0.117
2018-05-05-17:13:24 1.11  Mocks_Em/MockNFW20ellip5loga2.08PA50center0With_background20num27.dat TNC          1.0e-04 0 1 0 0     NFW      359.9987   0.0026     -1.847 0.020  24 -99.00   46.9       -459.7373       -906.6866    21 359.9987   0.0026     -1.921 0.125  25 -99.00    0.057
2018-05-05-17:13:24 1.11  Mocks_Em/MockNFW20ellip5loga2.08PA50center0With_background20num28.dat TNC          1.0e-04 0 1 0 0     NFW      359.9993  -0.0015     -1.890 0.000  31 -99.00   40.8       -406.2861       -799.7841    38 359.9993  -0.0015     -1.856 0.077  31 -99.00    0.097
2018-05-05-17:13:24 1.11  Mocks_Em/MockNFW20ellip5loga2.08PA50center0With_background20num29.dat TNC          1.0e-04 0 1 0 0     NFW        0.0006  -0.0006     -1.903 0.000   3 -99.00   40.8       -412.3015        -811.815    52   0.0006  -0.0006     -1.886 0.219   3 -99.00    0.133
2018-05-05-17:13:24 1.11  Mocks_Em/MockNFW20ellip5loga2.08PA50center0With_background20num30.dat TNC          1.0e-04 0 1 0 0     NFW      359.9989  -0.0001     -1.899 0.311  68 -99.00   40.1       -403.6706       -794.5531    67 359.9989  -0.0001     -1.879 0.179  29 -99.00    0.169
2018-05-05-17:13:24 1.11  Mocks_Em/MockNFW20ellip5loga2.08PA50center0With_background20num31.dat TNC          1.0e-04 0 1 0 0     NFW      359.9999   0.0015     -1.926 0.000  36 -99.00   40.8       -417.0431       -821.2982    50 359.9999   0.0015     -1.927 0.113  28 -99.00    0.129
2018-05-05-17:13:24 1.11  Mocks_Em/MockNFW20ellip5loga2.08PA50center0With_background20num32.dat TNC          1.0e-04 0 1 0 0     NFW        0.0009   0.0003     -1.919 0.000 162 -99.00   35.5       -362.0333       -711.2786    47   0.0009   0.0003     -1.882 0.082 156 -99.00    0.120
2018-05-05-17:13:24 1.11  Mocks_Em/MockNFW20ellip5loga2.08PA50center0With_background20num33.dat TNC          1.0e-04 0 1 0 0     NFW      359.9992   0.0008     -1.894 0.000 154 -99.00   43.9       -438.9614       -865.1348    44 359.9992   0.0008     -1.894 0.173 154 -99.00    0.114
2018-05-05-17:13:24 1.11  Mocks_Em/MockNFW20ellip5loga2.08PA50center0With_background20num34.dat TNC          1.0e-04 0 1 0 0     NFW        0.0009  -0.0014     -1.920 0.000  10 -99.00   37.1       -377.0349       -741.2817    50   0.0009  -0.0014     -1.893 0.109  10 -99.00    0.127
2018-05-05-17:13:24 1.11  Mocks_Em/MockNFW20ellip5loga2.08PA50center0With_background20num35.dat TNC          1.0e-04 0 1 0 0     NFW      359.9999  -0.0016     -1.888 0.000 149 -99.00   42.4       -417.6151       -822.4421    50 359.9999  -0.0016     -1.848 0.163 149 -99.00    0.128
2018-05-05-17:13:24 1.11  Mocks_Em/MockNFW20ellip5loga2.08PA50center0With_background20num36.dat TNC          1.0e-04 0 1 0 0     NFW      359.9999  -0.0007     -1.917 0.226 180 -99.00   41.6       -426.8629       -840.9377    61 359.9999  -0.0007     -1.924 0.073 159 -99.00    0.155
2018-05-05-17:13:24 1.11  Mocks_Em/MockNFW20ellip5loga2.08PA50center0With_background20num37.dat TNC          1.0e-04 0 1 0 0     NFW        0.0006  -0.0010     -1.932 0.062 180 -99.00   40.8       -419.8077       -826.8273    31   0.0006  -0.0010     -1.946 0.158 152 -99.00    0.080
2018-05-05-17:13:24 1.11  Mocks_Em/MockNFW20ellip5loga2.08PA50center0With_background20num38.dat TNC          1.0e-04 0 1 0 0     NFW      359.9991  -0.0017     -1.886 0.000 150 -99.00   41.6       -413.2489       -813.7097    35 359.9991  -0.0017     -1.847 0.118 150 -99.00    0.090
2018-05-05-17:13:24 1.11  Mocks_Em/MockNFW20ellip5loga2.08PA50center0With_background20num39.dat TNC          1.0e-04 0 1 0 0     NFW      359.9996   0.0003     -1.913 0.000  32 -99.00   36.3       -366.0638       -719.3396    47 359.9996   0.0003     -1.869 0.040  32 -99.00    0.119
2018-05-05-17:13:24 1.11  Mocks_Em/MockNFW20ellip5loga2.08PA50center0With_background20num40.dat TNC          1.0e-04 0 1 0 0     NFW      359.9984  -0.0004     -1.884 0.000 136 -99.00   40.8       -407.0796       -801.3712    49 359.9984  -0.0004     -1.864 0.089 136 -99.00    0.125
2018-05-05-17:13:24 1.11  Mocks_Em/MockNFW20ellip5loga2.08PA50center0With_background20num41.dat TNC          1.0e-04 0 1 0 0     NFW        0.0003  -0.0002     -1.912 0.000  18 -99.00   36.3       -365.3396       -717.8911    47   0.0003  -0.0002     -1.860 0.153  21 -99.00    0.128
2018-05-05-17:13:24 1.11  Mocks_Em/MockNFW20ellip5loga2.08PA50center0With_background20num42.dat TNC          1.0e-04 0 1 0 0     NFW      359.9985   0.0008     -1.894 0.000  32 -99.00   37.1       -376.2925        -739.797    48 359.9985   0.0008     -1.912 0.132  33 -99.00    0.126
2018-05-05-17:13:24 1.11  Mocks_Em/MockNFW20ellip5loga2.08PA50center0With_background20num43.dat TNC          1.0e-04 0 1 0 0     NFW        0.0000   0.0007     -1.904 0.000 131 -99.00   39.3       -396.4875       -780.1869    37   0.0000   0.0007     -1.865 0.076 136 -99.00    0.096
2018-05-05-17:13:24 1.11  Mocks_Em/MockNFW20ellip5loga2.08PA50center0With_background20num44.dat TNC          1.0e-04 0 1 0 0     NFW        0.0026  -0.0006     -1.869 0.000 139 -99.00   45.4       -451.5473       -890.3066    49   0.0026  -0.0006     -1.956 0.084 139 -99.00    0.126
2018-05-05-17:13:24 1.11  Mocks_Em/MockNFW20ellip5loga2.08PA50center0With_background20num45.dat TNC          1.0e-04 0 1 0 0     NFW        0.0006   0.0007     -1.926 0.000   9 -99.00   37.8        -390.883       -768.9781    32   0.0006   0.0007     -1.934 0.074   1 -99.00    0.083
2018-05-05-17:13:24 1.11  Mocks_Em/MockNFW20ellip5loga2.08PA50center0With_background20num46.dat TNC          1.0e-04 0 1 0 0     NFW        0.0001  -0.0004     -1.912 0.540  55 -99.00   36.3       -372.7118       -732.6355    85   0.0001  -0.0004     -1.875 0.156  21 -99.00    0.212
2018-05-05-17:13:24 1.11  Mocks_Em/MockNFW20ellip5loga2.08PA50center0With_background20num47.dat TNC          1.0e-04 0 1 0 0     NFW        0.0001   0.0012     -1.914 0.000 167 -99.00   42.4       -435.8291       -858.8702    57   0.0001   0.0012     -1.920 0.098 167 -99.00    0.148
2018-05-05-17:13:24 1.11  Mocks_Em/MockNFW20ellip5loga2.08PA50center0With_background20num48.dat TNC          1.0e-04 0 1 0 0     NFW      359.9996   0.0007     -1.903 0.000 175 -99.00   39.3         -394.57        -776.352    52 359.9996   0.0007     -1.865 0.235 175 -99.00    0.132
2018-05-05-17:13:24 1.11  Mocks_Em/MockNFW20ellip5loga2.08PA50center0With_background20num49.dat TNC          1.0e-04 0 1 0 0     NFW      360.0000  -0.0011     -1.900 0.000  43 -99.00   41.6       -411.9055       -811.0229    36 360.0000  -0.0011     -1.844 0.092  43 -99.00    0.093
2018-05-05-17:13:24 1.11  Mocks_Em/MockNFW20ellip5loga2.08PA50center0With_background20num50.dat TNC          1.0e-04 0 1 0 0     NFW        0.0021  -0.0011     -1.890 0.000 179 -99.00   41.6       -414.1301       -815.4722    48   0.0021  -0.0011     -1.857 0.122 179 -99.00    0.124
2018-05-05-17:13:24 1.11  Mocks_Em/MockNFW20ellip5loga2.08PA50center0With_background20num51.dat TNC          1.0e-04 0 1 0 0     NFW        0.0005   0.0004     -1.920 0.349 180 -99.00   37.1       -375.4116       -738.0352    69   0.0005   0.0004     -1.860 0.198 172 -99.00    0.175
2018-05-05-17:13:24 1.11  Mocks_Em/MockNFW20ellip5loga2.08PA50center0With_background20num52.dat TNC          1.0e-04 0 1 0 0     NFW      359.9997   0.0003     -1.915 0.000 177 -99.00   37.1       -376.8242       -740.8604    46 359.9997   0.0003     -1.889 0.137 157 -99.00    0.118
2018-05-05-17:13:24 1.11  Mocks_Em/MockNFW20ellip5loga2.08PA50center0With_background20num53.dat TNC          1.0e-04 0 1 0 0     NFW      359.9999   0.0006     -1.921 0.000  18 -99.00   34.0       -344.9511       -677.1142    36 359.9999   0.0006     -1.864 0.091  10 -99.00    0.093
2018-05-05-17:13:24 1.11  Mocks_Em/MockNFW20ellip5loga2.08PA50center0With_background20num54.dat TNC          1.0e-04 0 1 0 0     NFW      359.9996   0.0004     -1.919 0.000 150 -99.00   40.1       -411.3451       -809.9021    36 359.9996   0.0004     -1.904 0.241 136 -99.00    0.094
2018-05-05-17:13:24 1.11  Mocks_Em/MockNFW20ellip5loga2.08PA50center0With_background20num55.dat TNC          1.0e-04 0 1 0 0     NFW      359.9986  -0.0004     -1.899 0.018  44 -99.00   43.9       -436.7687       -860.7493    22 359.9986  -0.0004     -1.881 0.110  44 -99.00    0.059
2018-05-05-17:13:24 1.11  Mocks_Em/MockNFW20ellip5loga2.08PA50center0With_background20num56.dat TNC          1.0e-04 0 1 0 0     NFW        0.0001   0.0010     -1.894 0.038  67 -99.00   40.8       -409.5876       -806.3871    63   0.0001   0.0010     -1.908 0.078  38 -99.00    0.160
2018-05-05-17:13:24 1.11  Mocks_Em/MockNFW20ellip5loga2.08PA50center0With_background20num57.dat TNC          1.0e-04 0 1 0 0     NFW        0.0008  -0.0010     -1.909 0.000 172 -99.00   43.9       -451.2397       -889.6913    42   0.0008  -0.0010     -2.007 0.099 172 -99.00    0.109
2018-05-05-17:13:24 1.11  Mocks_Em/MockNFW20ellip5loga2.08PA50center0With_background20num58.dat TNC          1.0e-04 0 1 0 0     NFW      359.9988  -0.0001     -1.892 0.000 151 -99.00   42.4       -422.4601       -832.1322    47 359.9988  -0.0001     -1.910 0.189 150 -99.00    0.123
2018-05-05-17:13:24 1.11  Mocks_Em/MockNFW20ellip5loga2.08PA50center0With_background20num59.dat TNC          1.0e-04 0 1 0 0     NFW      359.9993  -0.0006     -1.914 0.025 155 -99.00   41.6       -424.1827       -835.5773    22 359.9993  -0.0006     -1.960 0.085 161 -99.00    0.058
2018-05-05-17:13:24 1.11  Mocks_Em/MockNFW20ellip5loga2.08PA50center0With_background20num60.dat TNC          1.0e-04 0 1 0 0     NFW        0.0023  -0.0018     -1.867 0.000 150 -99.00   45.4       -444.2256       -875.6632    51   0.0023  -0.0018     -1.898 0.229 149 -99.00    0.131
2018-05-05-17:13:24 1.11  Mocks_Em/MockNFW20ellip5loga2.08PA50center0With_background20num61.dat TNC          1.0e-04 0 1 0 0     NFW        0.0010   0.0003     -1.996 0.000 141 -99.00   25.8        -335.443        -658.098    34   0.0010   0.0003     -1.849 0.056 140 -99.00    0.087
2018-05-05-17:13:24 1.11  Mocks_Em/MockNFW20ellip5loga2.08PA50center0With_background20num62.dat TNC          1.0e-04 0 1 0 0     NFW        0.0011   0.0011     -1.907 0.000  26 -99.00   37.1       -372.7651       -732.7421    42   0.0011   0.0011     -1.861 0.220  26 -99.00    0.108
2018-05-05-17:13:24 1.11  Mocks_Em/MockNFW20ellip5loga2.08PA50center0With_background20num63.dat TNC          1.0e-04 0 1 0 0     NFW      359.9992  -0.0002     -1.919 0.000  13 -99.00   43.1       -440.2791       -867.7702    46 359.9992  -0.0002     -1.952 0.062  13 -99.00    0.119
2018-05-05-17:13:24 1.11  Mocks_Em/MockNFW20ellip5loga2.08PA50center0With_background20num64.dat TNC          1.0e-04 0 1 0 0     NFW        0.0011   0.0009     -1.900 0.349  53 -99.00   43.1       -433.7155        -854.643    46   0.0011   0.0009     -1.908 0.161  33 -99.00    0.120
2018-05-05-17:13:24 1.11  Mocks_Em/MockNFW20ellip5loga2.08PA50center0With_background20num65.dat TNC          1.0e-04 0 1 0 0     NFW      359.9984  -0.0004     -1.892 0.000  39 -99.00   45.4       -456.4323       -900.0766    49 359.9984  -0.0004     -1.947 0.208  39 -99.00    0.132
2018-05-05-17:13:24 1.11  Mocks_Em/MockNFW20ellip5loga2.08PA50center0With_background20num66.dat TNC          1.0e-04 0 1 0 0     NFW        0.0009   0.0011     -1.944 0.261 155 -99.00   31.8       -332.3736       -651.9592    29   0.0009   0.0011     -1.856 0.083 155 -99.00    0.075
2018-05-05-17:13:24 1.11  Mocks_Em/MockNFW20ellip5loga2.08PA50center0With_background20num67.dat TNC          1.0e-04 0 1 0 0     NFW      359.9999   0.0001     -1.921 0.000 157 -99.00   31.0       -312.8753       -612.9625    46 359.9999   0.0001     -1.829 0.150 157 -99.00    0.117
2018-05-05-17:13:24 1.11  Mocks_Em/MockNFW20ellip5loga2.08PA50center0With_background20num68.dat TNC          1.0e-04 0 1 0 0     NFW      359.9997  -0.0006     -1.919 0.349  70 -99.00   36.3       -371.6457       -730.5033    67 359.9997  -0.0006     -1.857 0.156  20 -99.00    0.169
2018-05-05-17:13:24 1.11  Mocks_Em/MockNFW20ellip5loga2.08PA50center0With_background20num69.dat TNC          1.0e-04 0 1 0 0     NFW        0.0011   0.0013     -1.894 0.320  33 -99.00   40.8       -414.1414       -815.4947    15   0.0011   0.0013     -1.931 0.229  25 -99.00    0.041
2018-05-05-17:13:24 1.11  Mocks_Em/MockNFW20ellip5loga2.08PA50center0With_background20num70.dat TNC          1.0e-04 0 1 0 0     NFW      359.9989   0.0015     -1.872 0.052  51 -99.00   47.6       -470.7499       -928.7118    51 359.9989   0.0015     -1.900 0.137  36 -99.00    0.136
2018-05-05-17:13:24 1.11  Mocks_Em/MockNFW20ellip5loga2.08PA50center0With_background20num71.dat TNC          1.0e-04 0 1 0 0     NFW      359.9996  -0.0009     -1.905 0.298  47 -99.00   34.8       -347.7933       -682.7986    44 359.9996  -0.0009     -1.817 0.200  41 -99.00    0.111
2018-05-05-17:13:24 1.11  Mocks_Em/MockNFW20ellip5loga2.08PA50center0With_background20num72.dat TNC          1.0e-04 0 1 0 0     NFW      359.9996   0.0008     -1.908 0.478 130 -99.00   38.6       -395.5793       -778.3706    26 359.9996   0.0008     -1.871 0.231 140 -99.00    0.067
2018-05-05-17:13:24 1.11  Mocks_Em/MockNFW20ellip5loga2.08PA50center0With_background20num73.dat TNC          1.0e-04 0 1 0 0     NFW      359.9996  -0.0015     -1.897 0.326   1 -99.00   41.6       -419.2943       -825.8007    35 359.9996  -0.0015     -1.859 0.196   1 -99.00    0.090
2018-05-05-17:13:24 1.11  Mocks_Em/MockNFW20ellip5loga2.08PA50center0With_background20num74.dat TNC          1.0e-04 0 1 0 0     NFW        0.0005  -0.0001     -1.913 0.262 180 -99.00   36.3       -367.6251       -722.4621    33   0.0005  -0.0001     -1.847 0.098 166 -99.00    0.084
2018-05-05-17:13:24 1.11  Mocks_Em/MockNFW20ellip5loga2.08PA50center0With_background20num75.dat TNC          1.0e-04 0 1 0 0     NFW        0.0012  -0.0002     -1.909 0.026  67 -99.00   40.8        -413.274       -813.7599    42   0.0012  -0.0002     -1.902 0.139  45 -99.00    0.107
2018-05-05-17:13:24 1.11  Mocks_Em/MockNFW20ellip5loga2.08PA50center0With_background20num76.dat TNC          1.0e-04 0 1 0 0     NFW        0.0024  -0.0001     -1.873 0.000 160 -99.00   45.4       -443.6631       -874.5382    49   0.0024  -0.0001     -1.874 0.076 160 -99.00    0.126
2018-05-05-17:13:24 1.11  Mocks_Em/MockNFW20ellip5loga2.08PA50center0With_background20num77.dat TNC          1.0e-04 0 1 0 0     NFW      359.9994   0.0007     -1.899 0.000 141 -99.00   37.8       -382.8798       -752.9716    51 359.9994   0.0007     -1.903 0.171 141 -99.00    0.129
2018-05-05-17:13:24 1.11  Mocks_Em/MockNFW20ellip5loga2.08PA50center0With_background20num78.dat TNC          1.0e-04 0 1 0 0     NFW      359.9989   0.0016     -1.873 0.000 172 -99.00   44.6        -440.725        -868.662    48 359.9989   0.0016     -1.868 0.089 172 -99.00    0.124
2018-05-05-17:13:24 1.11  Mocks_Em/MockNFW20ellip5loga2.08PA50center0With_background20num79.dat TNC          1.0e-04 0 1 0 0     NFW        0.0023   0.0006     -1.869 0.311 180 -99.00   46.1       -464.3808       -915.9735    60   0.0023   0.0006     -1.949 0.160 172 -99.00    0.159
2018-05-05-17:13:24 1.11  Mocks_Em/MockNFW20ellip5loga2.08PA50center0With_background20num80.dat TNC          1.0e-04 0 1 0 0     NFW        0.0021  -0.0021     -1.854 0.336  51 -99.00   47.6        -465.366        -917.944   115   0.0021  -0.0021     -1.852 0.247  36 -99.00    0.300
2018-05-05-17:13:24 1.11  Mocks_Em/MockNFW20ellip5loga2.08PA50center0With_background20num81.dat TNC          1.0e-04 0 1 0 0     NFW      359.9986   0.0019     -1.864 0.000 140 -99.00   46.1       -454.6106       -896.4331    33 359.9986   0.0019     -1.896 0.094 140 -99.00    0.089
2018-05-05-17:13:24 1.11  Mocks_Em/MockNFW20ellip5loga2.08PA50center0With_background20num82.dat TNC          1.0e-04 0 1 0 0     NFW        0.0004  -0.0004     -1.918 0.000  28 -99.00   40.8       -411.2105        -809.633    48   0.0004  -0.0004     -1.900 0.143  28 -99.00    0.123
2018-05-05-17:13:24 1.11  Mocks_Em/MockNFW20ellip5loga2.08PA50center0With_background20num83.dat TNC          1.0e-04 0 1 0 0     NFW        0.0007  -0.0002     -1.910 0.000 159 -99.00   37.1       -379.8001       -746.8122    50   0.0007  -0.0002     -1.905 0.048 157 -99.00    0.134
2018-05-05-17:13:24 1.11  Mocks_Em/MockNFW20ellip5loga2.08PA50center0With_background20num84.dat TNC          1.0e-04 0 1 0 0     NFW      359.9999  -0.0002     -1.918 0.375  56 -99.00   38.6       -391.9365       -771.0849    70 359.9999  -0.0002     -1.897 0.066  33 -99.00    0.184
2018-05-05-17:13:24 1.11  Mocks_Em/MockNFW20ellip5loga2.08PA50center0With_background20num85.dat TNC          1.0e-04 0 1 0 0     NFW      359.9982  -0.0001     -1.912 0.000 175 -99.00   40.8       -409.2747       -805.7614    43 359.9982  -0.0001     -1.842 0.130 175 -99.00    0.111
2018-05-05-17:13:24 1.11  Mocks_Em/MockNFW20ellip5loga2.08PA50center0With_background20num86.dat TNC          1.0e-04 0 1 0 0     NFW        0.0018  -0.0019     -1.862 0.272 180 -99.00   46.1       -451.1926       -889.5971    27   0.0018  -0.0019     -1.870 0.226 161 -99.00    0.074
2018-05-05-17:13:24 1.11  Mocks_Em/MockNFW20ellip5loga2.08PA50center0With_background20num87.dat TNC          1.0e-04 0 1 0 0     NFW      359.9995  -0.0005     -1.903 0.311  30 -99.00   40.8       -414.7326       -816.6772    95 359.9995  -0.0005     -1.930 0.079  40 -99.00    0.246
2018-05-05-17:13:24 1.11  Mocks_Em/MockNFW20ellip5loga2.08PA50center0With_background20num88.dat TNC          1.0e-04 0 1 0 0     NFW        0.0016   0.0017     -1.865 0.335   0 -99.00   45.4       -450.1386       -887.4891    24   0.0016   0.0017     -1.883 0.215  21 -99.00    0.063
2018-05-05-17:13:24 1.11  Mocks_Em/MockNFW20ellip5loga2.08PA50center0With_background20num89.dat TNC          1.0e-04 0 1 0 0     NFW      359.9994  -0.0007     -1.905 0.385  52 -99.00   43.9       -444.6255        -876.463    93 359.9994  -0.0007     -1.906 0.189  43 -99.00    0.235
2018-05-05-17:13:24 1.11  Mocks_Em/MockNFW20ellip5loga2.08PA50center0With_background20num90.dat TNC          1.0e-04 0 1 0 0     NFW      359.9999   0.0011     -1.898 0.387  39 -99.00   40.8       -412.7722       -812.7564    47 359.9999   0.0011     -1.895 0.175  37 -99.00    0.119
2018-05-05-17:13:24 1.11  Mocks_Em/MockNFW20ellip5loga2.08PA50center0With_background20num91.dat TNC          1.0e-04 0 1 0 0     NFW        0.0002   0.0017     -1.889 0.329 180 -99.00   40.1       -403.5752       -794.3624    32   0.0002   0.0017     -1.890 0.067 175 -99.00    0.085
2018-05-05-17:13:24 1.11  Mocks_Em/MockNFW20ellip5loga2.08PA50center0With_background20num92.dat TNC          1.0e-04 0 1 0 0     NFW        0.0004  -0.0012     -1.897 0.000 159 -99.00   43.1       -431.2826       -849.7771    37   0.0004  -0.0012     -1.920 0.092 159 -99.00    0.097
2018-05-05-17:13:24 1.11  Mocks_Em/MockNFW20ellip5loga2.08PA50center0With_background20num93.dat TNC          1.0e-04 0 1 0 0     NFW      359.9982   0.0020     -1.878 0.000 148 -99.00   43.1       -429.1657       -845.5433    55 359.9982   0.0020     -1.894 0.076 148 -99.00    0.141
2018-05-05-17:13:24 1.11  Mocks_Em/MockNFW20ellip5loga2.08PA50center0With_background20num94.dat TNC          1.0e-04 0 1 0 0     NFW      359.9996  -0.0001     -1.933 0.000 141 -99.00   40.8       -416.1349       -819.4818    49 359.9996  -0.0001     -1.906 0.181 141 -99.00    0.126
2018-05-05-17:13:24 1.11  Mocks_Em/MockNFW20ellip5loga2.08PA50center0With_background20num95.dat TNC          1.0e-04 0 1 0 0     NFW      359.9984  -0.0010     -1.891 0.000 152 -99.00   45.4       -456.5784       -900.3687    49 359.9984  -0.0010     -1.929 0.055 152 -99.00    0.127
2018-05-05-17:13:24 1.11  Mocks_Em/MockNFW20ellip5loga2.08PA50center0With_background20num96.dat TNC          1.0e-04 0 1 0 0     NFW        0.0020   0.0014     -1.888 0.000  19 -99.00   43.1       -431.4146       -850.0411    52   0.0020   0.0014     -1.884 0.101  14 -99.00    0.134
2018-05-05-17:13:24 1.11  Mocks_Em/MockNFW20ellip5loga2.08PA50center0With_background20num97.dat TNC          1.0e-04 0 1 0 0     NFW        0.0001  -0.0007     -1.910 0.306  51 -99.00   46.1       -471.1984       -929.6088    46   0.0001  -0.0007     -1.934 0.158  30 -99.00    0.119
2018-05-05-17:13:24 1.11  Mocks_Em/MockNFW20ellip5loga2.08PA50center0With_background20num98.dat TNC          1.0e-04 0 1 0 0     NFW        0.0007  -0.0003     -1.912 0.289 180 -99.00   37.8       -384.9969       -757.2057    33   0.0007  -0.0003     -1.860 0.134 171 -99.00    0.085
2018-05-05-17:13:24 1.11  Mocks_Em/MockNFW20ellip5loga2.08PA50center0With_background20num99.dat TNC          1.0e-04 0 1 0 0     NFW        0.0026  -0.0006     -1.863 0.000  18 -99.00   46.9       -461.1331       -909.4781    43   0.0026  -0.0006     -1.894 0.101  19 -99.00    0.111
