2018-05-05-17:12:01 1.11  Mocks_Em/MockNFW320ellip5loga2.08PA50center0With_background20num0.dat TNC          1.0e-04 0 1 0 0     NFW        0.0002   0.0002     -2.164 0.295  57 -99.00  121.6       -2362.073       -4706.397   105   0.0002   0.0002     -2.004 0.133  34 -99.00    0.386
2018-05-05-17:12:01 1.11  Mocks_Em/MockNFW320ellip5loga2.08PA50center0With_background20num1.dat TNC          1.0e-04 0 1 0 0     NFW      359.9996  -0.0007     -2.112 0.000 137 -99.00  137.8       -2459.006       -4900.263    44 359.9996  -0.0007     -2.005 0.165 137 -99.00    0.143
2018-05-05-17:12:01 1.11  Mocks_Em/MockNFW320ellip5loga2.08PA50center0With_background20num2.dat TNC          1.0e-04 0 1 0 0     NFW        0.0002   0.0004     -1.912 0.377  41 -99.00  227.7        -2352.25       -4686.751    36   0.0002   0.0004     -1.963 0.138  41 -99.00    0.117
2018-05-05-17:12:01 1.11  Mocks_Em/MockNFW320ellip5loga2.08PA50center0With_background20num3.dat TNC          1.0e-04 0 1 0 0     NFW      360.0000  -0.0001     -2.016 0.383  56 -99.00  171.3       -2315.773       -4613.797    63 360.0000  -0.0001     -1.992 0.157  29 -99.00    0.203
2018-05-05-17:12:01 1.11  Mocks_Em/MockNFW320ellip5loga2.08PA50center0With_background20num4.dat TNC          1.0e-04 0 1 0 0     NFW      359.9993  -0.0004     -2.023 0.556  44 -99.00  171.0       -2440.688       -4863.627    57 359.9993  -0.0004     -2.021 0.228  44 -99.00    0.185
2018-05-05-17:12:01 1.11  Mocks_Em/MockNFW320ellip5loga2.08PA50center0With_background20num5.dat TNC          1.0e-04 0 1 0 0     NFW        0.0005   0.0007     -1.907 0.541  44 -99.00  226.9        -2348.19       -4678.631   107   0.0005   0.0007     -1.994 0.162  43 -99.00    0.336
2018-05-05-17:12:01 1.11  Mocks_Em/MockNFW320ellip5loga2.08PA50center0With_background20num6.dat TNC          1.0e-04 0 1 0 0     NFW      359.9998  -0.0009     -1.934 0.542  58 -99.00  213.3       -2430.265       -4842.782   162 359.9998  -0.0009     -1.990 0.215  38 -99.00    0.521
2018-05-05-17:12:01 1.11  Mocks_Em/MockNFW320ellip5loga2.08PA50center0With_background20num7.dat TNC          1.0e-04 0 1 0 0     NFW      360.0000  -0.0006     -1.919 0.499  55 -99.00  223.9       -2324.092       -4630.436    34 360.0000  -0.0006     -1.959 0.158  31 -99.00    0.108
2018-05-05-17:12:01 1.11  Mocks_Em/MockNFW320ellip5loga2.08PA50center0With_background20num8.dat TNC          1.0e-04 0 1 0 0     NFW      360.0000   0.0003     -1.923 0.583  49 -99.00  226.1        -2375.13       -4732.511    66 360.0000   0.0003     -1.993 0.222  40 -99.00    0.208
2018-05-05-17:12:01 1.11  Mocks_Em/MockNFW320ellip5loga2.08PA50center0With_background20num9.dat TNC          1.0e-04 0 1 0 0     NFW        0.0001  -0.0002     -2.011 0.000 131 -99.00  173.1       -2307.792       -4597.836    32   0.0001  -0.0002     -1.967 0.143 136 -99.00    0.104
2018-05-05-17:12:01 1.11  Mocks_Em/MockNFW320ellip5loga2.08PA50center0With_background20num10.dat TNC          1.0e-04 0 1 0 0     NFW      359.9996  -0.0002     -1.908 0.369  55 -99.00  234.5       -2417.726       -4817.703    50 359.9996  -0.0002     -1.962 0.112  37 -99.00    0.159
2018-05-05-17:12:01 1.11  Mocks_Em/MockNFW320ellip5loga2.08PA50center0With_background20num11.dat TNC          1.0e-04 0 1 0 0     NFW        0.0005  -0.0000     -1.907 0.553  50 -99.00  234.5        -2417.95       -4818.152    49   0.0005  -0.0000     -1.968 0.194  42 -99.00    0.156
2018-05-05-17:12:01 1.11  Mocks_Em/MockNFW320ellip5loga2.08PA50center0With_background20num12.dat TNC          1.0e-04 0 1 0 0     NFW      359.9995  -0.0002     -2.059 0.000 143 -99.00  158.7       -2369.462       -4721.176    40 359.9995  -0.0002     -1.989 0.154 142 -99.00    0.129
2018-05-05-17:12:01 1.11  Mocks_Em/MockNFW320ellip5loga2.08PA50center0With_background20num13.dat TNC          1.0e-04 0 1 0 0     NFW        0.0002   0.0003     -2.012 0.344  57 -99.00  173.0       -2354.982       -4692.215   150   0.0002   0.0003     -1.962 0.122  33 -99.00    0.476
2018-05-05-17:12:01 1.11  Mocks_Em/MockNFW320ellip5loga2.08PA50center0With_background20num14.dat TNC          1.0e-04 0 1 0 0     NFW        0.0002   0.0003     -1.976 0.587  57 -99.00  188.8       -2340.184       -4662.618    85   0.0002   0.0003     -1.970 0.215  31 -99.00    0.267
2018-05-05-17:12:01 1.11  Mocks_Em/MockNFW320ellip5loga2.08PA50center0With_background20num15.dat TNC          1.0e-04 0 1 0 0     NFW      359.9997   0.0003     -1.914 0.491  48 -99.00  229.9       -2387.944       -4758.139    99 359.9997   0.0003     -1.998 0.189  41 -99.00    0.309
2018-05-05-17:12:01 1.11  Mocks_Em/MockNFW320ellip5loga2.08PA50center0With_background20num16.dat TNC          1.0e-04 0 1 0 0     NFW        0.0004  -0.0005     -2.212 0.000 143 -99.00  107.7       -2348.087       -4678.425    65   0.0004  -0.0005     -1.987 0.133 140 -99.00    0.211
2018-05-05-17:12:01 1.11  Mocks_Em/MockNFW320ellip5loga2.08PA50center0With_background20num17.dat TNC          1.0e-04 0 1 0 0     NFW        0.0001   0.0003     -1.913 0.576  54 -99.00  226.9       -2352.734       -4687.719   127   0.0001   0.0003     -1.985 0.211  38 -99.00    0.401
2018-05-05-17:12:01 1.11  Mocks_Em/MockNFW320ellip5loga2.08PA50center0With_background20num18.dat TNC          1.0e-04 0 1 0 0     NFW      359.9994   0.0000     -2.147 0.039 180 -99.00  131.1       -2464.915       -4912.081    50 359.9994   0.0000     -1.980 0.212 147 -99.00    0.163
2018-05-05-17:12:01 1.11  Mocks_Em/MockNFW320ellip5loga2.08PA50center0With_background20num19.dat TNC          1.0e-04 0 1 0 0     NFW        0.0003  -0.0005     -2.231 0.000 133 -99.00  105.1       -2415.323       -4812.898    40   0.0003  -0.0005     -1.985 0.193 136 -99.00    0.132
2018-05-05-17:12:01 1.11  Mocks_Em/MockNFW320ellip5loga2.08PA50center0With_background20num20.dat TNC          1.0e-04 0 1 0 0     NFW        0.0004   0.0001     -2.029 0.000 134 -99.00  169.4       -2406.011       -4794.274    33   0.0004   0.0001     -1.988 0.166 136 -99.00    0.109
2018-05-05-17:12:01 1.11  Mocks_Em/MockNFW320ellip5loga2.08PA50center0With_background20num21.dat TNC          1.0e-04 0 1 0 0     NFW        0.0000  -0.0002     -1.921 0.504  64 -99.00  230.7       -2411.165       -4804.581    70   0.0000  -0.0002     -2.002 0.217  26 -99.00    0.232
2018-05-05-17:12:01 1.11  Mocks_Em/MockNFW320ellip5loga2.08PA50center0With_background20num22.dat TNC          1.0e-04 0 1 0 0     NFW      359.9995  -0.0007     -2.108 0.396  53 -99.00  140.6       -2474.244        -4930.74    65 359.9995  -0.0007     -2.011 0.168  40 -99.00    0.212
2018-05-05-17:12:01 1.11  Mocks_Em/MockNFW320ellip5loga2.08PA50center0With_background20num23.dat TNC          1.0e-04 0 1 0 0     NFW        0.0000   0.0005     -1.922 0.464  65 -99.00  221.8       -2376.749       -4735.749    66   0.0000   0.0005     -1.969 0.180  30 -99.00    0.208
2018-05-05-17:12:01 1.11  Mocks_Em/MockNFW320ellip5loga2.08PA50center0With_background20num24.dat TNC          1.0e-04 0 1 0 0     NFW        0.0004  -0.0005     -2.048 0.474  58 -99.00  165.5       -2441.636       -4865.524    43   0.0004  -0.0005     -2.005 0.201  38 -99.00    0.137
2018-05-05-17:12:01 1.11  Mocks_Em/MockNFW320ellip5loga2.08PA50center0With_background20num25.dat TNC          1.0e-04 0 1 0 0     NFW        0.0005   0.0004     -2.053 0.544  46 -99.00  158.7        -2445.76       -4873.772    98   0.0005   0.0004     -2.000 0.214  43 -99.00    0.316
2018-05-05-17:12:01 1.11  Mocks_Em/MockNFW320ellip5loga2.08PA50center0With_background20num26.dat TNC          1.0e-04 0 1 0 0     NFW      359.9999   0.0002     -1.918 0.550  50 -99.00  221.6       -2314.635       -4611.522    85 359.9999   0.0002     -1.994 0.188  40 -99.00    0.273
2018-05-05-17:12:01 1.11  Mocks_Em/MockNFW320ellip5loga2.08PA50center0With_background20num27.dat TNC          1.0e-04 0 1 0 0     NFW        0.0002  -0.0003     -1.954 0.563  47 -99.00  199.7       -2316.947       -4616.146    51   0.0002  -0.0003     -2.007 0.251  40 -99.00    0.161
2018-05-05-17:12:01 1.11  Mocks_Em/MockNFW320ellip5loga2.08PA50center0With_background20num28.dat TNC          1.0e-04 0 1 0 0     NFW        0.0005  -0.0002     -1.909 0.000 144 -99.00  227.7       -2350.203       -4682.658    51   0.0005  -0.0002     -1.986 0.264 139 -99.00    0.168
2018-05-05-17:12:01 1.11  Mocks_Em/MockNFW320ellip5loga2.08PA50center0With_background20num29.dat TNC          1.0e-04 0 1 0 0     NFW        0.0007   0.0002     -1.906 0.631  54 -99.00  241.3       -2518.064        -5018.38    73   0.0007   0.0002     -2.008 0.253  34 -99.00    0.245
2018-05-05-17:12:01 1.11  Mocks_Em/MockNFW320ellip5loga2.08PA50center0With_background20num30.dat TNC          1.0e-04 0 1 0 0     NFW      359.9995  -0.0009     -2.074 0.466  61 -99.00  151.5       -2448.352       -4878.954    65 359.9995  -0.0009     -2.018 0.165  38 -99.00    0.209
2018-05-05-17:12:01 1.11  Mocks_Em/MockNFW320ellip5loga2.08PA50center0With_background20num31.dat TNC          1.0e-04 0 1 0 0     NFW        0.0002   0.0002     -2.218 0.000 140 -99.00  105.2        -2335.44       -4653.131    32   0.0002   0.0002     -2.018 0.216 137 -99.00    0.103
2018-05-05-17:12:01 1.11  Mocks_Em/MockNFW320ellip5loga2.08PA50center0With_background20num32.dat TNC          1.0e-04 0 1 0 0     NFW        0.0006  -0.0001     -1.908 0.571  47 -99.00  235.2       -2442.792       -4867.835    64   0.0006  -0.0001     -1.969 0.261  43 -99.00    0.203
2018-05-05-17:12:01 1.11  Mocks_Em/MockNFW320ellip5loga2.08PA50center0With_background20num33.dat TNC          1.0e-04 0 1 0 0     NFW        0.0004  -0.0004     -1.976 0.543  53 -99.00  196.8       -2475.878       -4934.007   106   0.0004  -0.0004     -1.982 0.235  37 -99.00    0.332
2018-05-05-17:12:01 1.11  Mocks_Em/MockNFW320ellip5loga2.08PA50center0With_background20num34.dat TNC          1.0e-04 0 1 0 0     NFW        0.0000  -0.0001     -1.925 0.595  54 -99.00  218.2       -2332.228       -4646.707    79   0.0000  -0.0001     -2.006 0.235  29 -99.00    0.247
2018-05-05-17:12:01 1.11  Mocks_Em/MockNFW320ellip5loga2.08PA50center0With_background20num35.dat TNC          1.0e-04 0 1 0 0     NFW      359.9997  -0.0002     -1.915 0.491  48 -99.00  221.6       -2296.815       -4575.881    68 359.9997  -0.0002     -1.965 0.208  39 -99.00    0.213
2018-05-05-17:12:01 1.11  Mocks_Em/MockNFW320ellip5loga2.08PA50center0With_background20num36.dat TNC          1.0e-04 0 1 0 0     NFW      359.9999   0.0003     -1.957 0.511  53 -99.00  204.7       -2393.012       -4768.274   116 359.9999   0.0003     -1.976 0.214  35 -99.00    0.385
2018-05-05-17:12:01 1.11  Mocks_Em/MockNFW320ellip5loga2.08PA50center0With_background20num37.dat TNC          1.0e-04 0 1 0 0     NFW        0.0002  -0.0002     -1.960 0.539  56 -99.00  206.0       -2443.251       -4868.753    95   0.0002  -0.0002     -1.998 0.232  36 -99.00    0.299
2018-05-05-17:12:01 1.11  Mocks_Em/MockNFW320ellip5loga2.08PA50center0With_background20num38.dat TNC          1.0e-04 0 1 0 0     NFW        0.0007  -0.0001     -1.908 0.000 162 -99.00  237.5       -2448.873       -4879.997    53   0.0007  -0.0001     -1.985 0.213 146 -99.00    0.170
2018-05-05-17:12:01 1.11  Mocks_Em/MockNFW320ellip5loga2.08PA50center0With_background20num39.dat TNC          1.0e-04 0 1 0 0     NFW      360.0000   0.0005     -1.916 0.000 138 -99.00  228.4       -2343.552       -4669.355    43 360.0000   0.0005     -1.956 0.188 138 -99.00    0.138
2018-05-05-17:12:01 1.11  Mocks_Em/MockNFW320ellip5loga2.08PA50center0With_background20num40.dat TNC          1.0e-04 0 1 0 0     NFW        0.0005   0.0002     -1.913 0.533  41 -99.00  221.9       -2333.784        -4649.82    75   0.0005   0.0002     -1.961 0.176  41 -99.00    0.235
2018-05-05-17:12:01 1.11  Mocks_Em/MockNFW320ellip5loga2.08PA50center0With_background20num41.dat TNC          1.0e-04 0 1 0 0     NFW      359.9997  -0.0002     -1.916 0.000 132 -99.00  232.2           -2393       -4768.252    53 359.9997  -0.0002     -1.966 0.132 136 -99.00    0.170
2018-05-05-17:12:01 1.11  Mocks_Em/MockNFW320ellip5loga2.08PA50center0With_background20num42.dat TNC          1.0e-04 0 1 0 0     NFW        0.0002   0.0006     -1.904 0.570  56 -99.00  234.5       -2435.112       -4852.475    21   0.0002   0.0006     -2.003 0.235  42 -99.00    0.069
2018-05-05-17:12:01 1.11  Mocks_Em/MockNFW320ellip5loga2.08PA50center0With_background20num43.dat TNC          1.0e-04 0 1 0 0     NFW        0.0000  -0.0007     -1.904 0.595  52 -99.00  232.2       -2411.361       -4804.973    47   0.0000  -0.0007     -1.984 0.233  39 -99.00    0.153
2018-05-05-17:12:01 1.11  Mocks_Em/MockNFW320ellip5loga2.08PA50center0With_background20num44.dat TNC          1.0e-04 0 1 0 0     NFW      360.0000  -0.0003     -2.079 0.405  52 -99.00  148.1       -2375.075       -4732.402    88 360.0000  -0.0003     -2.002 0.189  36 -99.00    0.281
2018-05-05-17:12:01 1.11  Mocks_Em/MockNFW320ellip5loga2.08PA50center0With_background20num45.dat TNC          1.0e-04 0 1 0 0     NFW        0.0001   0.0002     -1.974 0.520  57 -99.00  185.4       -2249.048       -4480.347   114   0.0001   0.0002     -1.955 0.176  30 -99.00    0.354
2018-05-05-17:12:01 1.11  Mocks_Em/MockNFW320ellip5loga2.08PA50center0With_background20num46.dat TNC          1.0e-04 0 1 0 0     NFW        0.0000  -0.0003     -1.974 0.532  48 -99.00  185.7       -2277.997       -4538.245    77   0.0000  -0.0003     -1.979 0.189  38 -99.00    0.240
2018-05-05-17:12:01 1.11  Mocks_Em/MockNFW320ellip5loga2.08PA50center0With_background20num47.dat TNC          1.0e-04 0 1 0 0     NFW      359.9999  -0.0000     -1.990 0.352  66 -99.00  196.0       -2470.804       -4923.859    38 359.9999  -0.0000     -2.003 0.161  25 -99.00    0.122
2018-05-05-17:12:01 1.11  Mocks_Em/MockNFW320ellip5loga2.08PA50center0With_background20num48.dat TNC          1.0e-04 0 1 0 0     NFW      359.9997  -0.0002     -1.956 0.566  53 -99.00  198.5        -2347.07       -4676.392    54 359.9997  -0.0002     -1.980 0.218  33 -99.00    0.171
2018-05-05-17:12:01 1.11  Mocks_Em/MockNFW320ellip5loga2.08PA50center0With_background20num49.dat TNC          1.0e-04 0 1 0 0     NFW      360.0000   0.0002     -2.016 0.392  50 -99.00  183.0       -2461.629       -4905.509    48 360.0000   0.0002     -1.999 0.167  41 -99.00    0.153
2018-05-05-17:12:01 1.11  Mocks_Em/MockNFW320ellip5loga2.08PA50center0With_background20num50.dat TNC          1.0e-04 0 1 0 0     NFW      359.9997  -0.0001     -2.132 0.558  59 -99.00  128.3       -2332.745       -4647.741    87 359.9997  -0.0001     -1.981 0.260  33 -99.00    0.273
2018-05-05-17:12:01 1.11  Mocks_Em/MockNFW320ellip5loga2.08PA50center0With_background20num51.dat TNC          1.0e-04 0 1 0 0     NFW        0.0001   0.0006     -2.154 0.000 151 -99.00  121.0       -2308.828       -4599.908    57   0.0001   0.0006     -1.987 0.145 138 -99.00    0.181
2018-05-05-17:12:01 1.11  Mocks_Em/MockNFW320ellip5loga2.08PA50center0With_background20num52.dat TNC          1.0e-04 0 1 0 0     NFW      359.9999   0.0003     -2.226 0.000 145 -99.00  106.1        -2399.26       -4780.772    43 359.9999   0.0003     -2.011 0.127 146 -99.00    0.140
2018-05-05-17:12:01 1.11  Mocks_Em/MockNFW320ellip5loga2.08PA50center0With_background20num53.dat TNC          1.0e-04 0 1 0 0     NFW      359.9999   0.0002     -2.049 0.347  40 -99.00  156.1       -2286.942       -4556.136    25 359.9999   0.0002     -1.954 0.184  40 -99.00    0.083
2018-05-05-17:12:01 1.11  Mocks_Em/MockNFW320ellip5loga2.08PA50center0With_background20num54.dat TNC          1.0e-04 0 1 0 0     NFW      359.9994   0.0001     -2.305 0.000 137 -99.00   91.4       -2464.498       -4911.247    58 359.9994   0.0001     -2.009 0.087 137 -99.00    0.196
2018-05-05-17:12:01 1.11  Mocks_Em/MockNFW320ellip5loga2.08PA50center0With_background20num55.dat TNC          1.0e-04 0 1 0 0     NFW      359.9999   0.0001     -2.044 0.349  27 -99.00  169.8       -2458.186       -4898.623    78 359.9999   0.0001     -2.003 0.174  27 -99.00    0.247
2018-05-05-17:12:01 1.11  Mocks_Em/MockNFW320ellip5loga2.08PA50center0With_background20num56.dat TNC          1.0e-04 0 1 0 0     NFW        0.0002  -0.0001     -1.915 0.520  45 -99.00  220.8        -2299.49       -4581.232    61   0.0002  -0.0001     -1.968 0.143  40 -99.00    0.191
2018-05-05-17:12:01 1.11  Mocks_Em/MockNFW320ellip5loga2.08PA50center0With_background20num57.dat TNC          1.0e-04 0 1 0 0     NFW        0.0003   0.0002     -2.186 0.363  41 -99.00  117.8       -2386.071       -4754.393    42   0.0003   0.0002     -2.020 0.172  42 -99.00    0.134
2018-05-05-17:12:01 1.11  Mocks_Em/MockNFW320ellip5loga2.08PA50center0With_background20num58.dat TNC          1.0e-04 0 1 0 0     NFW        0.0001   0.0004     -1.919 0.000 134 -99.00  227.7       -2362.657       -4707.566    49   0.0001   0.0004     -1.984 0.190 135 -99.00    0.161
2018-05-05-17:12:01 1.11  Mocks_Em/MockNFW320ellip5loga2.08PA50center0With_background20num59.dat TNC          1.0e-04 0 1 0 0     NFW        0.0002  -0.0001     -2.056 0.502  57 -99.00  153.5       -2310.231       -4602.714    85   0.0002  -0.0001     -1.992 0.200  32 -99.00    0.265
2018-05-05-17:12:01 1.11  Mocks_Em/MockNFW320ellip5loga2.08PA50center0With_background20num60.dat TNC          1.0e-04 0 1 0 0     NFW      359.9999  -0.0003     -1.919 0.000 138 -99.00  229.9       -2390.305       -4762.861    54 359.9999  -0.0003     -2.009 0.226 138 -99.00    0.176
2018-05-05-17:12:01 1.11  Mocks_Em/MockNFW320ellip5loga2.08PA50center0With_background20num61.dat TNC          1.0e-04 0 1 0 0     NFW      359.9998   0.0008     -2.035 0.514  45 -99.00  167.4       -2501.205       -4984.661   108 359.9998   0.0008     -2.012 0.239  44 -99.00    0.342
2018-05-05-17:12:01 1.11  Mocks_Em/MockNFW320ellip5loga2.08PA50center0With_background20num62.dat TNC          1.0e-04 0 1 0 0     NFW      359.9996   0.0004     -1.911 0.436  51 -99.00  227.7       -2352.667       -4687.586    60 359.9996   0.0004     -1.954 0.191  34 -99.00    0.189
2018-05-05-17:12:01 1.11  Mocks_Em/MockNFW320ellip5loga2.08PA50center0With_background20num63.dat TNC          1.0e-04 0 1 0 0     NFW      360.0000  -0.0003     -2.243 0.000 135 -99.00  101.3       -2349.126       -4680.503    43 360.0000  -0.0003     -1.986 0.146 136 -99.00    0.137
2018-05-05-17:12:01 1.11  Mocks_Em/MockNFW320ellip5loga2.08PA50center0With_background20num64.dat TNC          1.0e-04 0 1 0 0     NFW        0.0001   0.0002     -2.073 0.458  58 -99.00  148.7       -2344.287       -4670.825    51   0.0001   0.0002     -2.007 0.181  25 -99.00    0.165
2018-05-05-17:12:01 1.11  Mocks_Em/MockNFW320ellip5loga2.08PA50center0With_background20num65.dat TNC          1.0e-04 0 1 0 0     NFW        0.0008   0.0005     -2.091 0.000 130 -99.00  141.3       -2386.104       -4754.459    39   0.0008   0.0005     -1.988 0.135 136 -99.00    0.125
2018-05-05-17:12:01 1.11  Mocks_Em/MockNFW320ellip5loga2.08PA50center0With_background20num66.dat TNC          1.0e-04 0 1 0 0     NFW        0.0002   0.0000     -2.120 0.000 136 -99.00  130.4       -2301.471       -4585.194    33   0.0002   0.0000     -1.994 0.225 137 -99.00    0.107
2018-05-05-17:12:01 1.11  Mocks_Em/MockNFW320ellip5loga2.08PA50center0With_background20num67.dat TNC          1.0e-04 0 1 0 0     NFW        0.0002  -0.0000     -2.182 0.248  29 -99.00  116.7       -2379.744       -4741.739    39   0.0002  -0.0000     -2.009 0.158  29 -99.00    0.124
2018-05-05-17:12:01 1.11  Mocks_Em/MockNFW320ellip5loga2.08PA50center0With_background20num68.dat TNC          1.0e-04 0 1 0 0     NFW      359.9997  -0.0001     -2.193 0.294  32 -99.00  106.2       -2220.793       -4423.838    69 359.9997  -0.0001     -1.985 0.148  32 -99.00    0.220
2018-05-05-17:12:01 1.11  Mocks_Em/MockNFW320ellip5loga2.08PA50center0With_background20num69.dat TNC          1.0e-04 0 1 0 0     NFW      359.9998   0.0003     -2.024 0.319  54 -99.00  167.6       -2324.925       -4632.101    64 359.9998   0.0003     -1.978 0.131  32 -99.00    0.201
2018-05-05-17:12:01 1.11  Mocks_Em/MockNFW320ellip5loga2.08PA50center0With_background20num70.dat TNC          1.0e-04 0 1 0 0     NFW      359.9994  -0.0005     -1.958 0.315  31 -99.00  203.0       -2431.403       -4845.057    52 359.9994  -0.0005     -1.988 0.147  31 -99.00    0.165
2018-05-05-17:12:01 1.11  Mocks_Em/MockNFW320ellip5loga2.08PA50center0With_background20num71.dat TNC          1.0e-04 0 1 0 0     NFW        0.0002  -0.0001     -2.235 0.000 140 -99.00  100.1       -2278.448       -4539.148    41   0.0002  -0.0001     -1.991 0.186 139 -99.00    0.132
2018-05-05-17:12:01 1.11  Mocks_Em/MockNFW320ellip5loga2.08PA50center0With_background20num72.dat TNC          1.0e-04 0 1 0 0     NFW      359.9998  -0.0004     -2.073 0.306  34 -99.00  149.4       -2383.838       -4749.928    34 359.9998  -0.0004     -2.001 0.139  34 -99.00    0.108
2018-05-05-17:12:01 1.11  Mocks_Em/MockNFW320ellip5loga2.08PA50center0With_background20num73.dat TNC          1.0e-04 0 1 0 0     NFW        0.0004  -0.0009     -1.930 0.000 148 -99.00  215.3       -2350.025       -4682.302    32   0.0004  -0.0009     -1.967 0.160 138 -99.00    0.105
2018-05-05-17:12:01 1.11  Mocks_Em/MockNFW320ellip5loga2.08PA50center0With_background20num74.dat TNC          1.0e-04 0 1 0 0     NFW        0.0000   0.0000     -1.923 0.601  60 -99.00  223.1       -2337.355       -4656.962    80   0.0000   0.0000     -1.982 0.256  25 -99.00    0.249
2018-05-05-17:12:01 1.11  Mocks_Em/MockNFW320ellip5loga2.08PA50center0With_background20num75.dat TNC          1.0e-04 0 1 0 0     NFW        0.0004   0.0006     -1.954 0.545  44 -99.00  208.6       -2416.345       -4814.942    52   0.0004   0.0006     -2.015 0.193  42 -99.00    0.164
2018-05-05-17:12:01 1.11  Mocks_Em/MockNFW320ellip5loga2.08PA50center0With_background20num76.dat TNC          1.0e-04 0 1 0 0     NFW        0.0001  -0.0003     -2.030 0.000 130 -99.00  166.2       -2344.573       -4671.397    37   0.0001  -0.0003     -1.986 0.253 135 -99.00    0.119
2018-05-05-17:12:01 1.11  Mocks_Em/MockNFW320ellip5loga2.08PA50center0With_background20num77.dat TNC          1.0e-04 0 1 0 0     NFW      359.9998   0.0001     -2.112 0.452  46 -99.00  139.1       -2404.236       -4790.724    60 359.9998   0.0001     -1.992 0.158  41 -99.00    0.189
2018-05-05-17:12:01 1.11  Mocks_Em/MockNFW320ellip5loga2.08PA50center0With_background20num78.dat TNC          1.0e-04 0 1 0 0     NFW        0.0006   0.0001     -2.313 0.000 149 -99.00   88.9       -2432.712       -4847.674    19   0.0006   0.0001     -2.018 0.190 147 -99.00    0.065
2018-05-05-17:12:01 1.11  Mocks_Em/MockNFW320ellip5loga2.08PA50center0With_background20num79.dat TNC          1.0e-04 0 1 0 0     NFW        0.0000  -0.0002     -2.094 0.355  50 -99.00  145.4        -2408.02       -4798.291    77   0.0000  -0.0002     -2.029 0.134  30 -99.00    0.241
2018-05-05-17:12:01 1.11  Mocks_Em/MockNFW320ellip5loga2.08PA50center0With_background20num80.dat TNC          1.0e-04 0 1 0 0     NFW      359.9999   0.0003     -2.278 0.000 144 -99.00   94.9       -2405.518       -4793.288    14 359.9999   0.0003     -1.993 0.194 143 -99.00    0.050
2018-05-05-17:12:01 1.11  Mocks_Em/MockNFW320ellip5loga2.08PA50center0With_background20num81.dat TNC          1.0e-04 0 1 0 0     NFW      360.0000   0.0002     -2.046 0.477  56 -99.00  162.6       -2396.656       -4775.563   124 360.0000   0.0002     -2.006 0.178  35 -99.00    0.386
2018-05-05-17:12:01 1.11  Mocks_Em/MockNFW320ellip5loga2.08PA50center0With_background20num82.dat TNC          1.0e-04 0 1 0 0     NFW        0.0001   0.0005     -1.948 0.551  40 -99.00  209.3       -2423.347       -4828.946    60   0.0001   0.0005     -2.007 0.234  40 -99.00    0.202
2018-05-05-17:12:01 1.11  Mocks_Em/MockNFW320ellip5loga2.08PA50center0With_background20num83.dat TNC          1.0e-04 0 1 0 0     NFW        0.0002   0.0006     -2.098 0.420  61 -99.00  145.6       -2502.131       -4986.513   110   0.0002   0.0006     -2.017 0.213  31 -99.00    0.346
2018-05-05-17:12:01 1.11  Mocks_Em/MockNFW320ellip5loga2.08PA50center0With_background20num84.dat TNC          1.0e-04 0 1 0 0     NFW      359.9998  -0.0004     -2.139 0.406  50 -99.00  134.5       -2524.045       -5030.341   122 359.9998  -0.0004     -2.007 0.162  39 -99.00    0.385
2018-05-05-17:12:01 1.11  Mocks_Em/MockNFW320ellip5loga2.08PA50center0With_background20num85.dat TNC          1.0e-04 0 1 0 0     NFW      359.9995  -0.0000     -1.913 0.000 138 -99.00  229.2       -2367.285       -4716.822    50 359.9995  -0.0000     -1.963 0.189 138 -99.00    0.160
2018-05-05-17:12:01 1.11  Mocks_Em/MockNFW320ellip5loga2.08PA50center0With_background20num86.dat TNC          1.0e-04 0 1 0 0     NFW        0.0000   0.0000     -2.305 0.000 141 -99.00   84.5       -2216.235       -4414.721    76   0.0000   0.0000     -1.980 0.116 141 -99.00    0.238
2018-05-05-17:12:01 1.11  Mocks_Em/MockNFW320ellip5loga2.08PA50center0With_background20num87.dat TNC          1.0e-04 0 1 0 0     NFW        0.0001   0.0002     -2.034 0.570  57 -99.00  166.2       -2391.594        -4765.44    60   0.0001   0.0002     -2.006 0.259  38 -99.00    0.190
2018-05-05-17:12:01 1.11  Mocks_Em/MockNFW320ellip5loga2.08PA50center0With_background20num88.dat TNC          1.0e-04 0 1 0 0     NFW        0.0003   0.0001     -1.978 0.515  48 -99.00  199.5       -2412.174         -4806.6   112   0.0003   0.0001     -2.021 0.178  38 -99.00    0.349
2018-05-05-17:12:01 1.11  Mocks_Em/MockNFW320ellip5loga2.08PA50center0With_background20num89.dat TNC          1.0e-04 0 1 0 0     NFW      359.9993   0.0005     -1.901 0.398  47 -99.00  226.1       -2325.761       -4633.773   152 359.9993   0.0005     -1.949 0.137  41 -99.00    0.473
2018-05-05-17:12:01 1.11  Mocks_Em/MockNFW320ellip5loga2.08PA50center0With_background20num90.dat TNC          1.0e-04 0 1 0 0     NFW        0.0001   0.0002     -2.140 0.503  48 -99.00  126.4        -2358.14       -4698.532    45   0.0001   0.0002     -2.006 0.218  40 -99.00    0.143
2018-05-05-17:12:01 1.11  Mocks_Em/MockNFW320ellip5loga2.08PA50center0With_background20num91.dat TNC          1.0e-04 0 1 0 0     NFW      359.9997  -0.0006     -2.090 0.283  47 -99.00  148.4       -2458.419        -4899.09    55 359.9997  -0.0006     -1.997 0.125  33 -99.00    0.174
2018-05-05-17:12:01 1.11  Mocks_Em/MockNFW320ellip5loga2.08PA50center0With_background20num92.dat TNC          1.0e-04 0 1 0 0     NFW        0.0002   0.0003     -2.137 0.507  60 -99.00  123.4       -2304.981       -4592.213    83   0.0002   0.0003     -2.009 0.212  32 -99.00    0.266
2018-05-05-17:12:01 1.11  Mocks_Em/MockNFW320ellip5loga2.08PA50center0With_background20num93.dat TNC          1.0e-04 0 1 0 0     NFW      359.9997   0.0003     -1.951 0.436  48 -99.00  208.6       -2393.203       -4768.658    36 359.9997   0.0003     -1.981 0.189  38 -99.00    0.115
2018-05-05-17:12:01 1.11  Mocks_Em/MockNFW320ellip5loga2.08PA50center0With_background20num94.dat TNC          1.0e-04 0 1 0 0     NFW        0.0002  -0.0000     -2.039 0.351  55 -99.00  160.7       -2315.462       -4613.176   108   0.0002  -0.0000     -2.002 0.172  29 -99.00    0.334
2018-05-05-17:12:01 1.11  Mocks_Em/MockNFW320ellip5loga2.08PA50center0With_background20num95.dat TNC          1.0e-04 0 1 0 0     NFW      360.0000  -0.0001     -2.113 0.296  41 -99.00  134.7       -2300.253       -4582.757    65 360.0000  -0.0001     -1.983 0.145  37 -99.00    0.202
2018-05-05-17:12:01 1.11  Mocks_Em/MockNFW320ellip5loga2.08PA50center0With_background20num96.dat TNC          1.0e-04 0 1 0 0     NFW      359.9998  -0.0003     -1.926 0.000 170 -99.00  217.8       -2324.415       -4631.082    40 359.9998  -0.0003     -1.970 0.184 143 -99.00    0.129
2018-05-05-17:12:01 1.11  Mocks_Em/MockNFW320ellip5loga2.08PA50center0With_background20num97.dat TNC          1.0e-04 0 1 0 0     NFW        0.0003  -0.0000     -1.974 0.492  50 -99.00  192.1       -2359.875       -4702.002    55   0.0003  -0.0000     -1.967 0.186  40 -99.00    0.173
2018-05-05-17:12:01 1.11  Mocks_Em/MockNFW320ellip5loga2.08PA50center0With_background20num98.dat TNC          1.0e-04 0 1 0 0     NFW        0.0001  -0.0002     -2.102 0.308  46 -99.00  142.9        -2393.89       -4770.031    48   0.0001  -0.0002     -1.999 0.143  45 -99.00    0.151
2018-05-05-17:12:01 1.11  Mocks_Em/MockNFW320ellip5loga2.08PA50center0With_background20num99.dat TNC          1.0e-04 0 1 0 0     NFW      359.9995  -0.0001     -2.103 0.497  42 -99.00  143.8       -2491.299       -4964.849    70 359.9995  -0.0001     -2.018 0.230  43 -99.00    0.222
