2018-05-05-17:12:52 1.11  Mocks_Em/MockNFW320ellip5loga2.08PA50center0With_background20num0.dat Nelder-Mead  1.0e-04 0 1 0 0     NFW        0.0002   0.0002     -2.104 0.133  34 -99.00  140.0       -2358.259       -4698.769   243   0.0002   0.0002     -2.004 0.133  34 -99.00    0.084
2018-05-05-17:12:52 1.11  Mocks_Em/MockNFW320ellip5loga2.08PA50center0With_background20num1.dat Nelder-Mead  1.0e-04 0 1 0 0     NFW      359.9996  -0.0007     -2.042 0.165 142 -99.00  163.2       -2453.382       -4889.015   243 359.9996  -0.0007     -2.005 0.165 137 -99.00    0.064
2018-05-05-17:12:52 1.11  Mocks_Em/MockNFW320ellip5loga2.08PA50center0With_background20num2.dat Nelder-Mead  1.0e-04 0 1 0 0     NFW        0.0002   0.0004     -1.963 0.145  41 -99.00  198.5       -2348.988       -4680.227   243   0.0002   0.0004     -1.963 0.138  41 -99.00    0.055
2018-05-05-17:12:52 1.11  Mocks_Em/MockNFW320ellip5loga2.08PA50center0With_background20num3.dat Nelder-Mead  1.0e-04 0 1 0 0     NFW      360.0000  -0.0001     -2.059 0.157  29 -99.00  153.6       -2310.047       -4602.345   243 360.0000  -0.0001     -1.992 0.157  29 -99.00    0.049
2018-05-05-17:12:52 1.11  Mocks_Em/MockNFW320ellip5loga2.08PA50center0With_background20num4.dat Nelder-Mead  1.0e-04 0 1 0 0     NFW      359.9993  -0.0004     -2.122 0.228  44 -99.00  134.2       -2433.858       -4849.967   243 359.9993  -0.0004     -2.021 0.228  44 -99.00    0.049
2018-05-05-17:12:52 1.11  Mocks_Em/MockNFW320ellip5loga2.08PA50center0With_background20num5.dat Nelder-Mead  1.0e-04 0 1 0 0     NFW        0.0005   0.0007     -1.994 0.170  43 -99.00  179.5       -2341.405       -4665.061   243   0.0005   0.0007     -1.994 0.162  43 -99.00    0.050
2018-05-05-17:12:52 1.11  Mocks_Em/MockNFW320ellip5loga2.08PA50center0With_background20num6.dat Nelder-Mead  1.0e-04 0 1 0 0     NFW      359.9998  -0.0009     -2.074 0.216  38 -99.00  149.1       -2424.311       -4830.873   243 359.9998  -0.0009     -1.990 0.215  38 -99.00    0.049
2018-05-05-17:12:52 1.11  Mocks_Em/MockNFW320ellip5loga2.08PA50center0With_background20num7.dat Nelder-Mead  1.0e-04 0 1 0 0     NFW      360.0000  -0.0006     -1.959 0.158  33 -99.00  200.5       -2316.767       -4615.786   243 360.0000  -0.0006     -1.959 0.158  31 -99.00    0.048
2018-05-05-17:12:52 1.11  Mocks_Em/MockNFW320ellip5loga2.08PA50center0With_background20num8.dat Nelder-Mead  1.0e-04 0 1 0 0     NFW      360.0000   0.0003     -2.062 0.226  40 -99.00  156.6       -2366.887       -4716.026   243 360.0000   0.0003     -1.993 0.222  40 -99.00    0.049
2018-05-05-17:12:52 1.11  Mocks_Em/MockNFW320ellip5loga2.08PA50center0With_background20num9.dat Nelder-Mead  1.0e-04 0 1 0 0     NFW        0.0001  -0.0002     -1.995 0.143 136 -99.00  180.5       -2303.641       -4589.533   243   0.0001  -0.0002     -1.967 0.143 136 -99.00    0.051
2018-05-05-17:12:52 1.11  Mocks_Em/MockNFW320ellip5loga2.08PA50center0With_background20num10.dat Nelder-Mead  1.0e-04 0 1 0 0     NFW      359.9996  -0.0002     -1.962 0.112  39 -99.00  202.0       -2413.849        -4809.95   243 359.9996  -0.0002     -1.962 0.112  37 -99.00    0.049
2018-05-05-17:12:52 1.11  Mocks_Em/MockNFW320ellip5loga2.08PA50center0With_background20num11.dat Nelder-Mead  1.0e-04 0 1 0 0     NFW        0.0005  -0.0000     -1.968 0.203  42 -99.00  198.7       -2409.568       -4801.387   243   0.0005  -0.0000     -1.968 0.194  42 -99.00    0.051
2018-05-05-17:12:52 1.11  Mocks_Em/MockNFW320ellip5loga2.08PA50center0With_background20num12.dat Nelder-Mead  1.0e-04 0 1 0 0     NFW      359.9995  -0.0002     -2.010 0.154 148 -99.00  179.7       -2363.884       -4710.019   243 359.9995  -0.0002     -1.989 0.154 142 -99.00    0.049
2018-05-05-17:12:52 1.11  Mocks_Em/MockNFW320ellip5loga2.08PA50center0With_background20num13.dat Nelder-Mead  1.0e-04 0 1 0 0     NFW        0.0002   0.0003     -2.060 0.122  33 -99.00  153.1       -2350.942       -4684.136   243   0.0002   0.0003     -1.962 0.122  33 -99.00    0.049
2018-05-05-17:12:52 1.11  Mocks_Em/MockNFW320ellip5loga2.08PA50center0With_background20num14.dat Nelder-Mead  1.0e-04 0 1 0 0     NFW        0.0002   0.0003     -2.069 0.215  31 -99.00  148.8       -2327.322       -4636.896   243   0.0002   0.0003     -1.970 0.215  31 -99.00    0.049
2018-05-05-17:12:52 1.11  Mocks_Em/MockNFW320ellip5loga2.08PA50center0With_background20num15.dat Nelder-Mead  1.0e-04 0 1 0 0     NFW      359.9997   0.0003     -1.998 0.198  41 -99.00  183.3        -2383.86       -4749.972   243 359.9997   0.0003     -1.998 0.189  41 -99.00    0.049
2018-05-05-17:12:52 1.11  Mocks_Em/MockNFW320ellip5loga2.08PA50center0With_background20num16.dat Nelder-Mead  1.0e-04 0 1 0 0     NFW        0.0004  -0.0005     -2.086 0.133 140 -99.00  144.3       -2343.502       -4669.255   243   0.0004  -0.0005     -1.987 0.133 140 -99.00    0.049
2018-05-05-17:12:52 1.11  Mocks_Em/MockNFW320ellip5loga2.08PA50center0With_background20num17.dat Nelder-Mead  1.0e-04 0 1 0 0     NFW        0.0001   0.0003     -1.985 0.221  38 -99.00  187.1       -2342.302       -4666.856   243   0.0001   0.0003     -1.985 0.211  38 -99.00    0.049
2018-05-05-17:12:52 1.11  Mocks_Em/MockNFW320ellip5loga2.08PA50center0With_background20num18.dat Nelder-Mead  1.0e-04 0 1 0 0     NFW      359.9994   0.0000     -1.980 0.212 154 -99.00  198.4       -2457.532       -4897.315   243 359.9994   0.0000     -1.980 0.212 147 -99.00    0.051
2018-05-05-17:12:52 1.11  Mocks_Em/MockNFW320ellip5loga2.08PA50center0With_background20num19.dat Nelder-Mead  1.0e-04 0 1 0 0     NFW        0.0003  -0.0005     -2.084 0.193 136 -99.00  146.8       -2407.166       -4796.583   243   0.0003  -0.0005     -1.985 0.193 136 -99.00    0.049
2018-05-05-17:12:52 1.11  Mocks_Em/MockNFW320ellip5loga2.08PA50center0With_background20num20.dat Nelder-Mead  1.0e-04 0 1 0 0     NFW        0.0004   0.0001     -1.990 0.166 142 -99.00  187.7       -2400.398       -4783.047   243   0.0004   0.0001     -1.988 0.166 136 -99.00    0.050
2018-05-05-17:12:52 1.11  Mocks_Em/MockNFW320ellip5loga2.08PA50center0With_background20num21.dat Nelder-Mead  1.0e-04 0 1 0 0     NFW        0.0000  -0.0002     -2.002 0.217  27 -99.00  185.4        -2402.45       -4787.152   243   0.0000  -0.0002     -2.002 0.217  26 -99.00    0.050
2018-05-05-17:12:52 1.11  Mocks_Em/MockNFW320ellip5loga2.08PA50center0With_background20num22.dat Nelder-Mead  1.0e-04 0 1 0 0     NFW      359.9995  -0.0007     -2.111 0.168  40 -99.00  139.5       -2469.737       -4921.725   243 359.9995  -0.0007     -2.011 0.168  40 -99.00    0.049
2018-05-05-17:12:52 1.11  Mocks_Em/MockNFW320ellip5loga2.08PA50center0With_background20num23.dat Nelder-Mead  1.0e-04 0 1 0 0     NFW        0.0000   0.0005     -2.015 0.180  31 -99.00  173.0       -2370.891       -4724.033   243   0.0000   0.0005     -1.969 0.180  30 -99.00    0.048
2018-05-05-17:12:52 1.11  Mocks_Em/MockNFW320ellip5loga2.08PA50center0With_background20num24.dat Nelder-Mead  1.0e-04 0 1 0 0     NFW        0.0004  -0.0005     -2.105 0.201  38 -99.00  143.6       -2435.623       -4853.497   243   0.0004  -0.0005     -2.005 0.201  38 -99.00    0.048
2018-05-05-17:12:52 1.11  Mocks_Em/MockNFW320ellip5loga2.08PA50center0With_background20num25.dat Nelder-Mead  1.0e-04 0 1 0 0     NFW        0.0005   0.0004     -2.100 0.214  43 -99.00  141.4       -2438.275       -4858.802   243   0.0005   0.0004     -2.000 0.214  43 -99.00    0.048
2018-05-05-17:12:52 1.11  Mocks_Em/MockNFW320ellip5loga2.08PA50center0With_background20num26.dat Nelder-Mead  1.0e-04 0 1 0 0     NFW      359.9999   0.0002     -2.035 0.194  40 -99.00  162.3       -2308.188       -4598.628   243 359.9999   0.0002     -1.994 0.188  40 -99.00    0.048
2018-05-05-17:12:52 1.11  Mocks_Em/MockNFW320ellip5loga2.08PA50center0With_background20num27.dat Nelder-Mead  1.0e-04 0 1 0 0     NFW        0.0002  -0.0003     -2.094 0.253  40 -99.00  139.4       -2311.321       -4604.893   243   0.0002  -0.0003     -2.007 0.251  40 -99.00    0.048
2018-05-05-17:12:52 1.11  Mocks_Em/MockNFW320ellip5loga2.08PA50center0With_background20num28.dat Nelder-Mead  1.0e-04 0 1 0 0     NFW        0.0005  -0.0002     -1.986 0.264 146 -99.00  184.7       -2339.877       -4662.006   243   0.0005  -0.0002     -1.986 0.264 139 -99.00    0.049
2018-05-05-17:12:52 1.11  Mocks_Em/MockNFW320ellip5loga2.08PA50center0With_background20num29.dat Nelder-Mead  1.0e-04 0 1 0 0     NFW        0.0007   0.0002     -2.029 0.253  35 -99.00  174.3       -2501.948       -4986.147   243   0.0007   0.0002     -2.008 0.253  34 -99.00    0.049
2018-05-05-17:12:52 1.11  Mocks_Em/MockNFW320ellip5loga2.08PA50center0With_background20num30.dat Nelder-Mead  1.0e-04 0 1 0 0     NFW      359.9995  -0.0009     -2.118 0.165  38 -99.00  136.3       -2441.309        -4864.87   243 359.9995  -0.0009     -2.018 0.165  38 -99.00    0.047
2018-05-05-17:12:52 1.11  Mocks_Em/MockNFW320ellip5loga2.08PA50center0With_background20num31.dat Nelder-Mead  1.0e-04 0 1 0 0     NFW        0.0002   0.0002     -2.107 0.216 138 -99.00  135.5       -2325.103       -4632.458   243   0.0002   0.0002     -2.018 0.216 137 -99.00    0.048
2018-05-05-17:12:52 1.11  Mocks_Em/MockNFW320ellip5loga2.08PA50center0With_background20num32.dat Nelder-Mead  1.0e-04 0 1 0 0     NFW        0.0006  -0.0001     -1.988 0.271  43 -99.00  189.5       -2436.359       -4854.969   243   0.0006  -0.0001     -1.969 0.261  43 -99.00    0.049
2018-05-05-17:12:52 1.11  Mocks_Em/MockNFW320ellip5loga2.08PA50center0With_background20num33.dat Nelder-Mead  1.0e-04 0 1 0 0     NFW        0.0004  -0.0004     -2.081 0.235  37 -99.00  150.6       -2468.425       -4919.101   243   0.0004  -0.0004     -1.982 0.235  37 -99.00    0.048
2018-05-05-17:12:52 1.11  Mocks_Em/MockNFW320ellip5loga2.08PA50center0With_background20num34.dat Nelder-Mead  1.0e-04 0 1 0 0     NFW        0.0000  -0.0001     -2.043 0.235  30 -99.00  159.6       -2319.438       -4621.127   243   0.0000  -0.0001     -2.006 0.235  29 -99.00    0.048
2018-05-05-17:12:52 1.11  Mocks_Em/MockNFW320ellip5loga2.08PA50center0With_background20num35.dat Nelder-Mead  1.0e-04 0 1 0 0     NFW      359.9997  -0.0002     -1.965 0.218  39 -99.00  192.8       -2292.278       -4566.807   243 359.9997  -0.0002     -1.965 0.208  39 -99.00    0.048
2018-05-05-17:12:52 1.11  Mocks_Em/MockNFW320ellip5loga2.08PA50center0With_background20num36.dat Nelder-Mead  1.0e-04 0 1 0 0     NFW      359.9999   0.0003     -2.064 0.214  35 -99.00  155.3       -2386.461       -4755.172   243 359.9999   0.0003     -1.976 0.214  35 -99.00    0.048
2018-05-05-17:12:52 1.11  Mocks_Em/MockNFW320ellip5loga2.08PA50center0With_background20num37.dat Nelder-Mead  1.0e-04 0 1 0 0     NFW        0.0002  -0.0002     -2.087 0.232  36 -99.00  148.9       -2436.849        -4855.95   243   0.0002  -0.0002     -1.998 0.232  36 -99.00    0.050
2018-05-05-17:12:52 1.11  Mocks_Em/MockNFW320ellip5loga2.08PA50center0With_background20num38.dat Nelder-Mead  1.0e-04 0 1 0 0     NFW        0.0007  -0.0001     -1.985 0.213 153 -99.00  193.3       -2442.241       -4866.733   243   0.0007  -0.0001     -1.985 0.213 146 -99.00    0.050
2018-05-05-17:12:52 1.11  Mocks_Em/MockNFW320ellip5loga2.08PA50center0With_background20num39.dat Nelder-Mead  1.0e-04 0 1 0 0     NFW      360.0000   0.0005     -1.956 0.188 145 -99.00  204.6        -2335.94       -4654.132   243 360.0000   0.0005     -1.956 0.188 138 -99.00    0.049
2018-05-05-17:12:52 1.11  Mocks_Em/MockNFW320ellip5loga2.08PA50center0With_background20num40.dat Nelder-Mead  1.0e-04 0 1 0 0     NFW        0.0005   0.0002     -2.057 0.176  41 -99.00  152.2       -2328.067       -4638.385   243   0.0005   0.0002     -1.961 0.176  41 -99.00    0.049
2018-05-05-17:12:52 1.11  Mocks_Em/MockNFW320ellip5loga2.08PA50center0With_background20num41.dat Nelder-Mead  1.0e-04 0 1 0 0     NFW      359.9997  -0.0002     -1.966 0.132 136 -99.00  202.4       -2389.516       -4761.283   243 359.9997  -0.0002     -1.966 0.132 136 -99.00    0.049
2018-05-05-17:12:52 1.11  Mocks_Em/MockNFW320ellip5loga2.08PA50center0With_background20num42.dat Nelder-Mead  1.0e-04 0 1 0 0     NFW        0.0002   0.0006     -2.040 0.242  42 -99.00  163.8       -2428.257       -4838.766   243   0.0002   0.0006     -2.003 0.235  42 -99.00    0.051
2018-05-05-17:12:52 1.11  Mocks_Em/MockNFW320ellip5loga2.08PA50center0With_background20num43.dat Nelder-Mead  1.0e-04 0 1 0 0     NFW        0.0000  -0.0007     -2.023 0.240  39 -99.00  169.3       -2401.824       -4785.899   243   0.0000  -0.0007     -1.984 0.233  39 -99.00    0.052
2018-05-05-17:12:52 1.11  Mocks_Em/MockNFW320ellip5loga2.08PA50center0With_background20num44.dat Nelder-Mead  1.0e-04 0 1 0 0     NFW      360.0000  -0.0003     -2.102 0.189  36 -99.00  140.1         -2370.5       -4723.252   243 360.0000  -0.0003     -2.002 0.189  36 -99.00    0.052
2018-05-05-17:12:52 1.11  Mocks_Em/MockNFW320ellip5loga2.08PA50center0With_background20num45.dat Nelder-Mead  1.0e-04 0 1 0 0     NFW        0.0001   0.0002     -2.052 0.176  30 -99.00  151.2        -2240.51       -4463.272   243   0.0001   0.0002     -1.955 0.176  30 -99.00    0.049
2018-05-05-17:12:52 1.11  Mocks_Em/MockNFW320ellip5loga2.08PA50center0With_background20num46.dat Nelder-Mead  1.0e-04 0 1 0 0     NFW        0.0000  -0.0003     -2.078 0.189  38 -99.00  142.5       -2271.788       -4525.827   243   0.0000  -0.0003     -1.979 0.189  38 -99.00    0.048
2018-05-05-17:12:52 1.11  Mocks_Em/MockNFW320ellip5loga2.08PA50center0With_background20num47.dat Nelder-Mead  1.0e-04 0 1 0 0     NFW      359.9999  -0.0000     -2.003 0.161  26 -99.00  189.6       -2464.884       -4912.019   243 359.9999  -0.0000     -2.003 0.161  25 -99.00    0.049
2018-05-05-17:12:52 1.11  Mocks_Em/MockNFW320ellip5loga2.08PA50center0With_background20num48.dat Nelder-Mead  1.0e-04 0 1 0 0     NFW      359.9997  -0.0002     -2.079 0.218  33 -99.00  144.9        -2337.84       -4657.932   243 359.9997  -0.0002     -1.980 0.218  33 -99.00    0.048
2018-05-05-17:12:52 1.11  Mocks_Em/MockNFW320ellip5loga2.08PA50center0With_background20num49.dat Nelder-Mead  1.0e-04 0 1 0 0     NFW      360.0000   0.0002     -2.081 0.168  41 -99.00  155.4       -2457.972       -4898.195   243 360.0000   0.0002     -1.999 0.167  41 -99.00    0.050
2018-05-05-17:12:52 1.11  Mocks_Em/MockNFW320ellip5loga2.08PA50center0With_background20num50.dat Nelder-Mead  1.0e-04 0 1 0 0     NFW      359.9997  -0.0001     -2.080 0.260  33 -99.00  145.3       -2321.243       -4624.738   243 359.9997  -0.0001     -1.981 0.260  33 -99.00    0.050
2018-05-05-17:12:52 1.11  Mocks_Em/MockNFW320ellip5loga2.08PA50center0With_background20num51.dat Nelder-Mead  1.0e-04 0 1 0 0     NFW        0.0001   0.0006     -2.045 0.145 141 -99.00  157.3       -2304.627       -4591.505   243   0.0001   0.0006     -1.987 0.145 138 -99.00    0.050
2018-05-05-17:12:52 1.11  Mocks_Em/MockNFW320ellip5loga2.08PA50center0With_background20num52.dat Nelder-Mead  1.0e-04 0 1 0 0     NFW      359.9999   0.0003     -2.112 0.127 146 -99.00  137.5       -2395.616       -4773.483   243 359.9999   0.0003     -2.011 0.127 146 -99.00    0.051
2018-05-05-17:12:52 1.11  Mocks_Em/MockNFW320ellip5loga2.08PA50center0With_background20num53.dat Nelder-Mead  1.0e-04 0 1 0 0     NFW      359.9999   0.0002     -1.968 0.192  40 -99.00  192.6       -2284.219        -4550.69   243 359.9999   0.0002     -1.954 0.184  40 -99.00    0.049
2018-05-05-17:12:52 1.11  Mocks_Em/MockNFW320ellip5loga2.08PA50center0With_background20num54.dat Nelder-Mead  1.0e-04 0 1 0 0     NFW      359.9994   0.0001     -2.109 0.087 137 -99.00  140.2       -2460.774       -4903.799   243 359.9994   0.0001     -2.009 0.087 137 -99.00    0.050
2018-05-05-17:12:52 1.11  Mocks_Em/MockNFW320ellip5loga2.08PA50center0With_background20num55.dat Nelder-Mead  1.0e-04 0 1 0 0     NFW      359.9999   0.0001     -2.085 0.174  27 -99.00  153.2       -2455.939       -4894.129   243 359.9999   0.0001     -2.003 0.174  27 -99.00    0.049
2018-05-05-17:12:52 1.11  Mocks_Em/MockNFW320ellip5loga2.08PA50center0With_background20num56.dat Nelder-Mead  1.0e-04 0 1 0 0     NFW        0.0002  -0.0001     -2.045 0.144  40 -99.00  156.4       -2293.848       -4569.948   243   0.0002  -0.0001     -1.968 0.143  40 -99.00    0.049
2018-05-05-17:12:52 1.11  Mocks_Em/MockNFW320ellip5loga2.08PA50center0With_background20num57.dat Nelder-Mead  1.0e-04 0 1 0 0     NFW        0.0003   0.0002     -2.121 0.172  42 -99.00  137.0        -2381.99       -4746.232   243   0.0003   0.0002     -2.020 0.172  42 -99.00    0.049
2018-05-05-17:12:52 1.11  Mocks_Em/MockNFW320ellip5loga2.08PA50center0With_background20num58.dat Nelder-Mead  1.0e-04 0 1 0 0     NFW        0.0001   0.0004     -1.984 0.190 142 -99.00  190.5       -2356.368       -4694.988   243   0.0001   0.0004     -1.984 0.190 135 -99.00    0.049
2018-05-05-17:12:52 1.11  Mocks_Em/MockNFW320ellip5loga2.08PA50center0With_background20num59.dat Nelder-Mead  1.0e-04 0 1 0 0     NFW        0.0002  -0.0001     -2.092 0.200  32 -99.00  140.5       -2302.652       -4587.555   243   0.0002  -0.0001     -1.992 0.200  32 -99.00    0.050
2018-05-05-17:12:52 1.11  Mocks_Em/MockNFW320ellip5loga2.08PA50center0With_background20num60.dat Nelder-Mead  1.0e-04 0 1 0 0     NFW      359.9999  -0.0003     -2.009 0.226 145 -99.00  180.5       -2382.011       -4746.273   243 359.9999  -0.0003     -2.009 0.226 138 -99.00    0.048
2018-05-05-17:12:52 1.11  Mocks_Em/MockNFW320ellip5loga2.08PA50center0With_background20num61.dat Nelder-Mead  1.0e-04 0 1 0 0     NFW      359.9998   0.0008     -2.112 0.239  44 -99.00  138.8       -2496.239        -4974.73   243 359.9998   0.0008     -2.012 0.239  44 -99.00    0.048
2018-05-05-17:12:52 1.11  Mocks_Em/MockNFW320ellip5loga2.08PA50center0With_background20num62.dat Nelder-Mead  1.0e-04 0 1 0 0     NFW      359.9996   0.0004     -1.954 0.191  36 -99.00  202.4       -2347.826       -4677.904   243 359.9996   0.0004     -1.954 0.191  34 -99.00    0.048
2018-05-05-17:12:52 1.11  Mocks_Em/MockNFW320ellip5loga2.08PA50center0With_background20num63.dat Nelder-Mead  1.0e-04 0 1 0 0     NFW      360.0000  -0.0003     -2.086 0.146 136 -99.00  145.2       -2343.161       -4668.574   243 360.0000  -0.0003     -1.986 0.146 136 -99.00    0.048
2018-05-05-17:12:52 1.11  Mocks_Em/MockNFW320ellip5loga2.08PA50center0With_background20num64.dat Nelder-Mead  1.0e-04 0 1 0 0     NFW        0.0001   0.0002     -2.107 0.181  25 -99.00  137.0       -2336.114       -4654.479   243   0.0001   0.0002     -2.007 0.181  25 -99.00    0.048
2018-05-05-17:12:52 1.11  Mocks_Em/MockNFW320ellip5loga2.08PA50center0With_background20num65.dat Nelder-Mead  1.0e-04 0 1 0 0     NFW        0.0008   0.0005     -2.049 0.135 136 -99.00  156.5       -2381.888       -4746.028   243   0.0008   0.0005     -1.988 0.135 136 -99.00    0.049
2018-05-05-17:12:52 1.11  Mocks_Em/MockNFW320ellip5loga2.08PA50center0With_background20num66.dat Nelder-Mead  1.0e-04 0 1 0 0     NFW        0.0002   0.0000     -2.027 0.225 141 -99.00  164.2       -2291.307       -4564.866   243   0.0002   0.0000     -1.994 0.225 137 -99.00    0.050
2018-05-05-17:12:52 1.11  Mocks_Em/MockNFW320ellip5loga2.08PA50center0With_background20num67.dat Nelder-Mead  1.0e-04 0 1 0 0     NFW        0.0002  -0.0000     -2.109 0.158  29 -99.00  138.2       -2378.799       -4739.849   243   0.0002  -0.0000     -2.009 0.158  29 -99.00    0.051
2018-05-05-17:12:52 1.11  Mocks_Em/MockNFW320ellip5loga2.08PA50center0With_background20num68.dat Nelder-Mead  1.0e-04 0 1 0 0     NFW      359.9997  -0.0001     -2.084 0.148  32 -99.00  136.8       -2218.045       -4418.341   243 359.9997  -0.0001     -1.985 0.148  32 -99.00    0.049
2018-05-05-17:12:52 1.11  Mocks_Em/MockNFW320ellip5loga2.08PA50center0With_background20num69.dat Nelder-Mead  1.0e-04 0 1 0 0     NFW      359.9998   0.0003     -2.077 0.131  32 -99.00  147.0       -2322.053       -4626.357   243 359.9998   0.0003     -1.978 0.131  32 -99.00    0.049
2018-05-05-17:12:52 1.11  Mocks_Em/MockNFW320ellip5loga2.08PA50center0With_background20num70.dat Nelder-Mead  1.0e-04 0 1 0 0     NFW      359.9994  -0.0005     -2.002 0.147  33 -99.00  181.1       -2429.855       -4841.962   243 359.9994  -0.0005     -1.988 0.147  31 -99.00    0.049
2018-05-05-17:12:52 1.11  Mocks_Em/MockNFW320ellip5loga2.08PA50center0With_background20num71.dat Nelder-Mead  1.0e-04 0 1 0 0     NFW        0.0002  -0.0001     -2.063 0.186 141 -99.00  149.0       -2272.119       -4526.489   243   0.0002  -0.0001     -1.991 0.186 139 -99.00    0.049
2018-05-05-17:12:52 1.11  Mocks_Em/MockNFW320ellip5loga2.08PA50center0With_background20num72.dat Nelder-Mead  1.0e-04 0 1 0 0     NFW      359.9998  -0.0004     -2.101 0.139  34 -99.00  139.5       -2382.401       -4747.054   243 359.9998  -0.0004     -2.001 0.139  34 -99.00    0.048
2018-05-05-17:12:52 1.11  Mocks_Em/MockNFW320ellip5loga2.08PA50center0With_background20num73.dat Nelder-Mead  1.0e-04 0 1 0 0     NFW        0.0004  -0.0009     -1.967 0.160 144 -99.00  194.6       -2345.285       -4672.822   243   0.0004  -0.0009     -1.967 0.160 138 -99.00    0.048
2018-05-05-17:12:52 1.11  Mocks_Em/MockNFW320ellip5loga2.08PA50center0With_background20num74.dat Nelder-Mead  1.0e-04 0 1 0 0     NFW        0.0000   0.0000     -1.982 0.256  26 -99.00  190.2       -2318.179        -4618.61   243   0.0000   0.0000     -1.982 0.256  25 -99.00    0.050
2018-05-05-17:12:52 1.11  Mocks_Em/MockNFW320ellip5loga2.08PA50center0With_background20num75.dat Nelder-Mead  1.0e-04 0 1 0 0     NFW        0.0004   0.0006     -2.097 0.195  42 -99.00  144.5       -2410.172       -4802.596   243   0.0004   0.0006     -2.015 0.193  42 -99.00    0.049
2018-05-05-17:12:52 1.11  Mocks_Em/MockNFW320ellip5loga2.08PA50center0With_background20num76.dat Nelder-Mead  1.0e-04 0 1 0 0     NFW        0.0001  -0.0003     -1.986 0.253 142 -99.00  186.4       -2332.617       -4647.485   243   0.0001  -0.0003     -1.986 0.253 135 -99.00    0.049
2018-05-05-17:12:52 1.11  Mocks_Em/MockNFW320ellip5loga2.08PA50center0With_background20num77.dat Nelder-Mead  1.0e-04 0 1 0 0     NFW      359.9998   0.0001     -2.092 0.158  41 -99.00  146.2       -2398.065       -4778.382   243 359.9998   0.0001     -1.992 0.158  41 -99.00    0.051
2018-05-05-17:12:52 1.11  Mocks_Em/MockNFW320ellip5loga2.08PA50center0With_background20num78.dat Nelder-Mead  1.0e-04 0 1 0 0     NFW        0.0006   0.0001     -2.115 0.190 147 -99.00  136.7       -2425.336       -4832.923   243   0.0006   0.0001     -2.018 0.190 147 -99.00    0.051
2018-05-05-17:12:52 1.11  Mocks_Em/MockNFW320ellip5loga2.08PA50center0With_background20num79.dat Nelder-Mead  1.0e-04 0 1 0 0     NFW        0.0000  -0.0002     -2.131 0.134  30 -99.00  133.2       -2403.657       -4789.566   243   0.0000  -0.0002     -2.029 0.134  30 -99.00    0.048
2018-05-05-17:12:52 1.11  Mocks_Em/MockNFW320ellip5loga2.08PA50center0With_background20num80.dat Nelder-Mead  1.0e-04 0 1 0 0     NFW      359.9999   0.0003     -2.090 0.194 144 -99.00  144.7       -2397.693       -4777.637   243 359.9999   0.0003     -1.993 0.194 143 -99.00    0.048
2018-05-05-17:12:52 1.11  Mocks_Em/MockNFW320ellip5loga2.08PA50center0With_background20num81.dat Nelder-Mead  1.0e-04 0 1 0 0     NFW      360.0000   0.0002     -2.106 0.178  35 -99.00  140.1       -2389.911       -4762.073   243 360.0000   0.0002     -2.006 0.178  35 -99.00    0.049
2018-05-05-17:12:52 1.11  Mocks_Em/MockNFW320ellip5loga2.08PA50center0With_background20num82.dat Nelder-Mead  1.0e-04 0 1 0 0     NFW        0.0001   0.0005     -2.084 0.236  40 -99.00  147.5       -2418.085       -4818.422   243   0.0001   0.0005     -2.007 0.234  40 -99.00    0.048
2018-05-05-17:12:52 1.11  Mocks_Em/MockNFW320ellip5loga2.08PA50center0With_background20num83.dat Nelder-Mead  1.0e-04 0 1 0 0     NFW        0.0002   0.0006     -2.118 0.213  31 -99.00  139.0       -2495.217       -4972.686   243   0.0002   0.0006     -2.017 0.213  31 -99.00    0.048
2018-05-05-17:12:52 1.11  Mocks_Em/MockNFW320ellip5loga2.08PA50center0With_background20num84.dat Nelder-Mead  1.0e-04 0 1 0 0     NFW      359.9998  -0.0004     -2.108 0.162  39 -99.00  144.5       -2518.694        -5019.64   243 359.9998  -0.0004     -2.007 0.162  39 -99.00    0.049
2018-05-05-17:12:52 1.11  Mocks_Em/MockNFW320ellip5loga2.08PA50center0With_background20num85.dat Nelder-Mead  1.0e-04 0 1 0 0     NFW      359.9995  -0.0000     -1.963 0.189 144 -99.00  200.0       -2360.524         -4703.3   243 359.9995  -0.0000     -1.963 0.189 138 -99.00    0.051
2018-05-05-17:12:52 1.11  Mocks_Em/MockNFW320ellip5loga2.08PA50center0With_background20num86.dat Nelder-Mead  1.0e-04 0 1 0 0     NFW        0.0000   0.0000     -2.079 0.116 141 -99.00  140.5       -2213.565       -4409.382   243   0.0000   0.0000     -1.980 0.116 141 -99.00    0.052
2018-05-05-17:12:52 1.11  Mocks_Em/MockNFW320ellip5loga2.08PA50center0With_background20num87.dat Nelder-Mead  1.0e-04 0 1 0 0     NFW        0.0001   0.0002     -2.106 0.259  38 -99.00  138.9         -2382.3       -4746.851   243   0.0001   0.0002     -2.006 0.259  38 -99.00    0.049
2018-05-05-17:12:52 1.11  Mocks_Em/MockNFW320ellip5loga2.08PA50center0With_background20num88.dat Nelder-Mead  1.0e-04 0 1 0 0     NFW        0.0003   0.0001     -2.112 0.179  38 -99.00  142.0       -2406.753       -4795.758   243   0.0003   0.0001     -2.021 0.178  38 -99.00    0.050
2018-05-05-17:12:52 1.11  Mocks_Em/MockNFW320ellip5loga2.08PA50center0With_background20num89.dat Nelder-Mead  1.0e-04 0 1 0 0     NFW      359.9993   0.0005     -1.977 0.142  41 -99.00  183.9       -2322.252       -4626.755   243 359.9993   0.0005     -1.949 0.137  41 -99.00    0.049
2018-05-05-17:12:52 1.11  Mocks_Em/MockNFW320ellip5loga2.08PA50center0With_background20num90.dat Nelder-Mead  1.0e-04 0 1 0 0     NFW        0.0001   0.0002     -2.107 0.218  40 -99.00  136.7        -2351.35        -4684.95   243   0.0001   0.0002     -2.006 0.218  40 -99.00    0.049
2018-05-05-17:12:52 1.11  Mocks_Em/MockNFW320ellip5loga2.08PA50center0With_background20num91.dat Nelder-Mead  1.0e-04 0 1 0 0     NFW      359.9997  -0.0006     -2.089 0.125  33 -99.00  148.7       -2455.242       -4892.735   243 359.9997  -0.0006     -1.997 0.125  33 -99.00    0.049
2018-05-05-17:12:52 1.11  Mocks_Em/MockNFW320ellip5loga2.08PA50center0With_background20num92.dat Nelder-Mead  1.0e-04 0 1 0 0     NFW        0.0002   0.0003     -2.110 0.212  32 -99.00  131.3       -2295.189       -4572.629   243   0.0002   0.0003     -2.009 0.212  32 -99.00    0.050
2018-05-05-17:12:52 1.11  Mocks_Em/MockNFW320ellip5loga2.08PA50center0With_background20num93.dat Nelder-Mead  1.0e-04 0 1 0 0     NFW      359.9997   0.0003     -2.034 0.194  38 -99.00  167.7       -2389.709       -4761.669   243 359.9997   0.0003     -1.981 0.189  38 -99.00    0.051
2018-05-05-17:12:52 1.11  Mocks_Em/MockNFW320ellip5loga2.08PA50center0With_background20num94.dat Nelder-Mead  1.0e-04 0 1 0 0     NFW        0.0002  -0.0000     -2.077 0.172  29 -99.00  146.2       -2311.097       -4604.446   243   0.0002  -0.0000     -2.002 0.172  29 -99.00    0.050
2018-05-05-17:12:52 1.11  Mocks_Em/MockNFW320ellip5loga2.08PA50center0With_background20num95.dat Nelder-Mead  1.0e-04 0 1 0 0     NFW      360.0000  -0.0001     -2.083 0.145  37 -99.00  144.9       -2298.385       -4579.022   243 360.0000  -0.0001     -1.983 0.145  37 -99.00    0.051
2018-05-05-17:12:52 1.11  Mocks_Em/MockNFW320ellip5loga2.08PA50center0With_background20num96.dat Nelder-Mead  1.0e-04 0 1 0 0     NFW      359.9998  -0.0003     -1.970 0.184 150 -99.00  192.9       -2319.438       -4621.128   243 359.9998  -0.0003     -1.970 0.184 143 -99.00    0.050
2018-05-05-17:12:52 1.11  Mocks_Em/MockNFW320ellip5loga2.08PA50center0With_background20num97.dat Nelder-Mead  1.0e-04 0 1 0 0     NFW        0.0003  -0.0000     -2.065 0.186  40 -99.00  152.0       -2354.692       -4691.635   243   0.0003  -0.0000     -1.967 0.186  40 -99.00    0.051
2018-05-05-17:12:52 1.11  Mocks_Em/MockNFW320ellip5loga2.08PA50center0With_background20num98.dat Nelder-Mead  1.0e-04 0 1 0 0     NFW        0.0001  -0.0002     -2.099 0.143  45 -99.00  144.1        -2392.05       -4766.351   243   0.0001  -0.0002     -1.999 0.143  45 -99.00    0.049
2018-05-05-17:12:52 1.11  Mocks_Em/MockNFW320ellip5loga2.08PA50center0With_background20num99.dat Nelder-Mead  1.0e-04 0 1 0 0     NFW      359.9995  -0.0001     -2.119 0.230  43 -99.00  138.4       -2486.238       -4954.727   243 359.9995  -0.0001     -2.018 0.230  43 -99.00    0.051
