2018-05-05-17:09:52 1.11  Mocks_Em/MockNFW640ellip5loga2.08PA50center0With_background20num0.dat Diff-Evol    1.0e-04 0 1 0 0     NFW        0.0003   0.0001     -2.238 0.342  54 -99.00  190.3       -4446.162       -8872.709   389   0.0003   0.0001     -2.025 0.139  32 -99.00    0.259
2018-05-05-17:09:52 1.11  Mocks_Em/MockNFW640ellip5loga2.08PA50center0With_background20num1.dat Diff-Evol    1.0e-04 0 1 0 0     NFW        0.0000   0.0003     -2.119 0.475  55 -99.00  255.8       -4532.786       -9045.958   382   0.0000   0.0003     -2.027 0.184  37 -99.00    0.183
2018-05-05-17:09:52 1.11  Mocks_Em/MockNFW640ellip5loga2.08PA50center0With_background20num2.dat Diff-Evol    1.0e-04 0 1 0 0     NFW      359.9998  -0.0001     -1.919 0.502  51 -99.00  431.1       -4482.871       -8946.128   423 359.9998  -0.0001     -1.983 0.218  37 -99.00    0.202
2018-05-05-17:09:52 1.11  Mocks_Em/MockNFW640ellip5loga2.08PA50center0With_background20num3.dat Diff-Evol    1.0e-04 0 1 0 0     NFW        0.0001  -0.0001     -2.110 0.511  48 -99.00  260.8       -4501.751       -8983.888   361   0.0001  -0.0001     -2.026 0.214  37 -99.00    0.169
2018-05-05-17:09:52 1.11  Mocks_Em/MockNFW640ellip5loga2.08PA50center0With_background20num4.dat Diff-Evol    1.0e-04 0 1 0 0     NFW        0.0002  -0.0002     -1.994 0.570  55 -99.00  354.0       -4609.905       -9200.197   562   0.0002  -0.0002     -2.005 0.206  34 -99.00    0.271
2018-05-05-17:09:52 1.11  Mocks_Em/MockNFW640ellip5loga2.08PA50center0With_background20num5.dat Diff-Evol    1.0e-04 0 1 0 0     NFW        0.0000   0.0000     -2.091 0.489  55 -99.00  263.1       -4325.306       -8630.997   368   0.0000   0.0000     -2.007 0.168  31 -99.00    0.171
2018-05-05-17:09:52 1.11  Mocks_Em/MockNFW640ellip5loga2.08PA50center0With_background20num6.dat Diff-Evol    1.0e-04 0 1 0 0     NFW        0.0000  -0.0001     -1.974 0.525  51 -99.00  371.8       -4493.645       -8967.675   375   0.0000  -0.0001     -1.999 0.179  37 -99.00    0.175
2018-05-05-17:09:52 1.11  Mocks_Em/MockNFW640ellip5loga2.08PA50center0With_background20num7.dat Diff-Evol    1.0e-04 0 1 0 0     NFW        0.0001  -0.0001     -2.144 0.500  49 -99.00  241.4       -4523.399       -9027.184   571   0.0001  -0.0001     -2.024 0.214  43 -99.00    0.276
2018-05-05-17:09:52 1.11  Mocks_Em/MockNFW640ellip5loga2.08PA50center0With_background20num8.dat Diff-Evol    1.0e-04 0 1 0 0     NFW        0.0001   0.0001     -2.067 0.468  46 -99.00  282.2       -4372.493       -8725.371   319   0.0001   0.0001     -1.970 0.156  39 -99.00    0.150
2018-05-05-17:09:52 1.11  Mocks_Em/MockNFW640ellip5loga2.08PA50center0With_background20num9.dat Diff-Evol    1.0e-04 0 1 0 0     NFW        0.0001   0.0001     -1.941 0.618  52 -99.00  402.8       -4512.519       -9005.423   619   0.0001   0.0001     -1.998 0.266  37 -99.00    0.288
2018-05-05-17:09:52 1.11  Mocks_Em/MockNFW640ellip5loga2.08PA50center0With_background20num10.dat Diff-Evol    1.0e-04 0 1 0 0     NFW      359.9999  -0.0000     -1.977 0.507  46 -99.00  356.7       -4366.561       -8713.508   389 359.9999  -0.0000     -1.994 0.209  40 -99.00    0.181
2018-05-05-17:09:52 1.11  Mocks_Em/MockNFW640ellip5loga2.08PA50center0With_background20num11.dat Diff-Evol    1.0e-04 0 1 0 0     NFW      359.9997   0.0001     -2.129 0.359  41 -99.00  245.0       -4423.299       -8826.984   305 359.9997   0.0001     -1.980 0.160 136 -99.00    0.143
2018-05-05-17:09:52 1.11  Mocks_Em/MockNFW640ellip5loga2.08PA50center0With_background20num12.dat Diff-Evol    1.0e-04 0 1 0 0     NFW        0.0001   0.0001     -2.048 0.513  45 -99.00  297.6       -4427.762        -8835.91   550   0.0001   0.0001     -1.982 0.177 135 -99.00    0.252
2018-05-05-17:09:52 1.11  Mocks_Em/MockNFW640ellip5loga2.08PA50center0With_background20num13.dat Diff-Evol    1.0e-04 0 1 0 0     NFW      359.9998  -0.0002     -2.091 0.400  49 -99.00  266.0       -4381.031       -8742.448   298 359.9998  -0.0002     -1.984 0.137  33 -99.00    0.140
2018-05-05-17:09:52 1.11  Mocks_Em/MockNFW640ellip5loga2.08PA50center0With_background20num14.dat Diff-Evol    1.0e-04 0 1 0 0     NFW      359.9999  -0.0001     -2.167 0.540  55 -99.00  228.8       -4559.833       -9100.051   347 359.9999  -0.0001     -2.020 0.200  39 -99.00    0.163
2018-05-05-17:09:52 1.11  Mocks_Em/MockNFW640ellip5loga2.08PA50center0With_background20num15.dat Diff-Evol    1.0e-04 0 1 0 0     NFW        0.0001   0.0001     -2.071 0.559  46 -99.00  287.6       -4534.438       -9049.262   403   0.0001   0.0001     -2.015 0.233  43 -99.00    0.188
2018-05-05-17:09:52 1.11  Mocks_Em/MockNFW640ellip5loga2.08PA50center0With_background20num16.dat Diff-Evol    1.0e-04 0 1 0 0     NFW      360.0000  -0.0002     -2.066 0.454  40 -99.00  282.9       -4386.189       -8752.763   375 360.0000  -0.0002     -1.991 0.167 146 -99.00    0.174
2018-05-05-17:09:52 1.11  Mocks_Em/MockNFW640ellip5loga2.08PA50center0With_background20num17.dat Diff-Evol    1.0e-04 0 1 0 0     NFW        0.0001  -0.0004     -2.034 0.548  56 -99.00  312.6       -4463.485       -8907.356   458   0.0001  -0.0004     -2.012 0.215  40 -99.00    0.216
2018-05-05-17:09:52 1.11  Mocks_Em/MockNFW640ellip5loga2.08PA50center0With_background20num18.dat Diff-Evol    1.0e-04 0 1 0 0     NFW        0.0002   0.0002     -1.982 0.505  49 -99.00  357.0       -4480.191       -8940.767   375   0.0002   0.0002     -2.002 0.187  42 -99.00    0.180
2018-05-05-17:09:52 1.11  Mocks_Em/MockNFW640ellip5loga2.08PA50center0With_background20num19.dat Diff-Evol    1.0e-04 0 1 0 0     NFW      359.9999   0.0002     -2.183 0.346  53 -99.00  222.1       -4510.452        -9001.29   389 359.9999   0.0002     -2.015 0.159  33 -99.00    0.182
2018-05-05-17:09:52 1.11  Mocks_Em/MockNFW640ellip5loga2.08PA50center0With_background20num20.dat Diff-Evol    1.0e-04 0 1 0 0     NFW        0.0006  -0.0001     -2.013 0.359  42 -99.00  321.2       -4403.273       -8786.931   472   0.0006  -0.0001     -1.979 0.120  39 -99.00    0.227
2018-05-05-17:09:52 1.11  Mocks_Em/MockNFW640ellip5loga2.08PA50center0With_background20num21.dat Diff-Evol    1.0e-04 0 1 0 0     NFW        0.0003  -0.0004     -1.934 0.537  52 -99.00  409.7       -4569.542        -9119.47   479   0.0003  -0.0004     -2.006 0.225  32 -99.00    0.229
2018-05-05-17:09:52 1.11  Mocks_Em/MockNFW640ellip5loga2.08PA50center0With_background20num22.dat Diff-Evol    1.0e-04 0 1 0 0     NFW      360.0000  -0.0001     -2.056 0.568  50 -99.00  303.7       -4593.918       -9168.222   382 360.0000  -0.0001     -2.005 0.226  40 -99.00    0.179
2018-05-05-17:09:52 1.11  Mocks_Em/MockNFW640ellip5loga2.08PA50center0With_background20num23.dat Diff-Evol    1.0e-04 0 1 0 0     NFW      359.9999  -0.0001     -1.936 0.591  53 -99.00  406.8        -4477.35       -8935.086   451 359.9999  -0.0001     -1.994 0.211  39 -99.00    0.218
2018-05-05-17:09:52 1.11  Mocks_Em/MockNFW640ellip5loga2.08PA50center0With_background20num24.dat Diff-Evol    1.0e-04 0 1 0 0     NFW      359.9997   0.0004     -2.126 0.357  49 -99.00  252.4       -4585.324       -9151.034   486 359.9997   0.0004     -2.023 0.141  44 -99.00    0.236
2018-05-05-17:09:52 1.11  Mocks_Em/MockNFW640ellip5loga2.08PA50center0With_background20num25.dat Diff-Evol    1.0e-04 0 1 0 0     NFW        0.0004  -0.0000     -2.108 0.532  56 -99.00  261.7        -4588.69       -9157.765   389   0.0004  -0.0000     -2.022 0.197  34 -99.00    0.183
2018-05-05-17:09:52 1.11  Mocks_Em/MockNFW640ellip5loga2.08PA50center0With_background20num26.dat Diff-Evol    1.0e-04 0 1 0 0     NFW      359.9999  -0.0003     -2.022 0.508  64 -99.00  328.4       -4573.051       -9126.489   396 359.9999  -0.0003     -2.010 0.211  37 -99.00    0.186
2018-05-05-17:09:52 1.11  Mocks_Em/MockNFW640ellip5loga2.08PA50center0With_background20num27.dat Diff-Evol    1.0e-04 0 1 0 0     NFW        0.0004  -0.0002     -1.941 0.518  59 -99.00  403.1       -4494.804       -8969.994   403   0.0004  -0.0002     -2.002 0.172  34 -99.00    0.190
2018-05-05-17:09:52 1.11  Mocks_Em/MockNFW640ellip5loga2.08PA50center0With_background20num28.dat Diff-Evol    1.0e-04 0 1 0 0     NFW        0.0001   0.0001     -1.920 0.533  47 -99.00  434.1       -4535.755       -9051.895   472   0.0001   0.0001     -2.013 0.200  37 -99.00    0.224
2018-05-05-17:09:52 1.11  Mocks_Em/MockNFW640ellip5loga2.08PA50center0With_background20num29.dat Diff-Evol    1.0e-04 0 1 0 0     NFW      359.9998   0.0002     -2.043 0.381  56 -99.00  305.1       -4485.474       -8951.334   389 359.9998   0.0002     -1.997 0.131  36 -99.00    0.183
2018-05-05-17:09:52 1.11  Mocks_Em/MockNFW640ellip5loga2.08PA50center0With_background20num30.dat Diff-Evol    1.0e-04 0 1 0 0     NFW        0.0002   0.0004     -2.090 0.494  53 -99.00  271.4       -4526.857       -9034.099   375   0.0002   0.0004     -2.004 0.177  40 -99.00    0.178
2018-05-05-17:09:52 1.11  Mocks_Em/MockNFW640ellip5loga2.08PA50center0With_background20num31.dat Diff-Evol    1.0e-04 0 1 0 0     NFW      359.9998   0.0003     -2.050 0.378  59 -99.00  302.7       -4478.272        -8936.93   472 359.9998   0.0003     -2.013 0.165  41 -99.00    0.228
2018-05-05-17:09:52 1.11  Mocks_Em/MockNFW640ellip5loga2.08PA50center0With_background20num32.dat Diff-Evol    1.0e-04 0 1 0 0     NFW        0.0004  -0.0000     -2.048 0.506  57 -99.00  312.0        -4635.59       -9251.566   375   0.0004  -0.0000     -2.012 0.194  36 -99.00    0.189
2018-05-05-17:09:52 1.11  Mocks_Em/MockNFW640ellip5loga2.08PA50center0With_background20num33.dat Diff-Evol    1.0e-04 0 1 0 0     NFW        0.0002   0.0002     -2.211 0.361  50 -99.00  201.1        -4426.91       -8834.206   410   0.0002   0.0002     -1.983 0.160  39 -99.00    0.192
2018-05-05-17:09:52 1.11  Mocks_Em/MockNFW640ellip5loga2.08PA50center0With_background20num34.dat Diff-Evol    1.0e-04 0 1 0 0     NFW      359.9998  -0.0001     -2.084 0.471  47 -99.00  269.5       -4402.549       -8785.483   347 359.9998  -0.0001     -2.006 0.186  40 -99.00    0.164
2018-05-05-17:09:52 1.11  Mocks_Em/MockNFW640ellip5loga2.08PA50center0With_background20num35.dat Diff-Evol    1.0e-04 0 1 0 0     NFW      360.0000  -0.0002     -2.008 0.473  59 -99.00  329.8       -4407.956       -8796.298   382 360.0000  -0.0002     -1.985 0.190  34 -99.00    0.182
2018-05-05-17:09:52 1.11  Mocks_Em/MockNFW640ellip5loga2.08PA50center0With_background20num36.dat Diff-Evol    1.0e-04 0 1 0 0     NFW        0.0003   0.0005     -2.263 0.338  48 -99.00  188.4       -4685.659       -9351.703   340   0.0003   0.0005     -2.053 0.149  41 -99.00    0.166
2018-05-05-17:09:52 1.11  Mocks_Em/MockNFW640ellip5loga2.08PA50center0With_background20num37.dat Diff-Evol    1.0e-04 0 1 0 0     NFW        0.0003  -0.0001     -2.002 0.494  54 -99.00  332.9       -4424.332       -8829.049   368   0.0003  -0.0001     -2.009 0.157  38 -99.00    0.177
2018-05-05-17:09:52 1.11  Mocks_Em/MockNFW640ellip5loga2.08PA50center0With_background20num38.dat Diff-Evol    1.0e-04 0 1 0 0     NFW        0.0005  -0.0003     -2.047 0.429  53 -99.00  300.7       -4453.935       -8888.255   395   0.0005  -0.0003     -2.011 0.173  32 -99.00    0.193
2018-05-05-17:09:52 1.11  Mocks_Em/MockNFW640ellip5loga2.08PA50center0With_background20num39.dat Diff-Evol    1.0e-04 0 1 0 0     NFW        0.0006   0.0000     -2.095 0.403  55 -99.00  266.4       -4537.726       -9055.837   472   0.0006   0.0000     -2.000 0.157  37 -99.00    0.230
2018-05-05-17:09:52 1.11  Mocks_Em/MockNFW640ellip5loga2.08PA50center0With_background20num40.dat Diff-Evol    1.0e-04 0 1 0 0     NFW        0.0002   0.0002     -1.995 0.483  54 -99.00  351.4       -4553.085       -9086.555   305   0.0002   0.0002     -2.009 0.192  39 -99.00    0.147
2018-05-05-17:09:52 1.11  Mocks_Em/MockNFW640ellip5loga2.08PA50center0With_background20num41.dat Diff-Evol    1.0e-04 0 1 0 0     NFW      359.9999   0.0001     -2.045 0.566  46 -99.00  313.5       -4614.285       -9208.956   361 359.9999   0.0001     -2.035 0.250  39 -99.00    0.170
2018-05-05-17:09:52 1.11  Mocks_Em/MockNFW640ellip5loga2.08PA50center0With_background20num42.dat Diff-Evol    1.0e-04 0 1 0 0     NFW        0.0000   0.0003     -2.070 0.539  56 -99.00  282.9       -4465.681       -8911.748   500   0.0000   0.0003     -2.004 0.235  32 -99.00    0.236
2018-05-05-17:09:52 1.11  Mocks_Em/MockNFW640ellip5loga2.08PA50center0With_background20num43.dat Diff-Evol    1.0e-04 0 1 0 0     NFW        0.0001   0.0000     -2.009 0.497  55 -99.00  333.0       -4433.103       -8846.592   382   0.0001   0.0000     -1.999 0.218  36 -99.00    0.188
2018-05-05-17:09:52 1.11  Mocks_Em/MockNFW640ellip5loga2.08PA50center0With_background20num44.dat Diff-Evol    1.0e-04 0 1 0 0     NFW        0.0002   0.0001     -2.047 0.540  51 -99.00  296.6       -4435.568       -8851.521   416   0.0002   0.0001     -2.014 0.226  42 -99.00    0.207
2018-05-05-17:09:52 1.11  Mocks_Em/MockNFW640ellip5loga2.08PA50center0With_background20num45.dat Diff-Evol    1.0e-04 0 1 0 0     NFW        0.0002   0.0003     -1.919 0.555  52 -99.00  433.4        -4536.66       -9053.705   479   0.0002   0.0003     -1.997 0.224  38 -99.00    0.228
2018-05-05-17:09:52 1.11  Mocks_Em/MockNFW640ellip5loga2.08PA50center0With_background20num46.dat Diff-Evol    1.0e-04 0 1 0 0     NFW      359.9996  -0.0000     -2.027 0.463  58 -99.00  321.2       -4545.482       -9071.349   312 359.9996  -0.0000     -2.013 0.168  33 -99.00    0.148
2018-05-05-17:09:52 1.11  Mocks_Em/MockNFW640ellip5loga2.08PA50center0With_background20num47.dat Diff-Evol    1.0e-04 0 1 0 0     NFW      359.9998  -0.0005     -1.957 0.566  53 -99.00  374.4       -4486.343       -8953.072   486 359.9998  -0.0005     -2.003 0.208  38 -99.00    0.229
2018-05-05-17:09:52 1.11  Mocks_Em/MockNFW640ellip5loga2.08PA50center0With_background20num48.dat Diff-Evol    1.0e-04 0 1 0 0     NFW      359.9993  -0.0001     -2.099 0.401  51 -99.00  260.2       -4448.388       -8877.161   599 359.9993  -0.0001     -2.029 0.154 136 -99.00    0.287
2018-05-05-17:09:52 1.11  Mocks_Em/MockNFW640ellip5loga2.08PA50center0With_background20num49.dat Diff-Evol    1.0e-04 0 1 0 0     NFW      360.0000  -0.0003     -2.021 0.510  47 -99.00  326.8        -4519.79       -9019.965   396 360.0000  -0.0003     -2.006 0.175  39 -99.00    0.249
2018-05-05-17:09:52 1.11  Mocks_Em/MockNFW640ellip5loga2.08PA50center0With_background20num50.dat Diff-Evol    1.0e-04 0 1 0 0     NFW        0.0002  -0.0000     -2.067 0.471  55 -99.00  291.3       -4519.204       -9018.793   444   0.0002  -0.0000     -2.023 0.150  39 -99.00    0.210
2018-05-05-17:09:52 1.11  Mocks_Em/MockNFW640ellip5loga2.08PA50center0With_background20num51.dat Diff-Evol    1.0e-04 0 1 0 0     NFW      360.0000  -0.0001     -1.984 0.552  59 -99.00  336.1        -4195.58       -8371.546   368 360.0000  -0.0001     -1.968 0.224  39 -99.00    0.170
2018-05-05-17:09:52 1.11  Mocks_Em/MockNFW640ellip5loga2.08PA50center0With_background20num52.dat Diff-Evol    1.0e-04 0 1 0 0     NFW        0.0004  -0.0001     -1.935 0.542  61 -99.00  409.4       -4544.938       -9070.261   465   0.0004  -0.0001     -2.013 0.205  34 -99.00    0.219
2018-05-05-17:09:52 1.11  Mocks_Em/MockNFW640ellip5loga2.08PA50center0With_background20num53.dat Diff-Evol    1.0e-04 0 1 0 0     NFW        0.0001  -0.0002     -2.093 0.475  46 -99.00  263.8        -4364.98       -8710.345   389   0.0001  -0.0002     -2.020 0.188  40 -99.00    0.180
2018-05-05-17:09:52 1.11  Mocks_Em/MockNFW640ellip5loga2.08PA50center0With_background20num54.dat Diff-Evol    1.0e-04 0 1 0 0     NFW      360.0000   0.0000     -2.033 0.595  51 -99.00  326.7       -4638.222       -9256.829   430 360.0000   0.0000     -2.005 0.229  38 -99.00    0.205
2018-05-05-17:09:52 1.11  Mocks_Em/MockNFW640ellip5loga2.08PA50center0With_background20num55.dat Diff-Evol    1.0e-04 0 1 0 0     NFW        0.0002   0.0002     -1.915 0.542  47 -99.00  416.0        -4328.03       -8636.445   500   0.0002   0.0002     -1.964 0.234  45 -99.00    0.233
2018-05-05-17:09:52 1.11  Mocks_Em/MockNFW640ellip5loga2.08PA50center0With_background20num56.dat Diff-Evol    1.0e-04 0 1 0 0     NFW        0.0002   0.0003     -1.967 0.563  54 -99.00  379.3       -4608.495       -9197.376   409   0.0002   0.0003     -2.018 0.248  39 -99.00    0.195
2018-05-05-17:09:52 1.11  Mocks_Em/MockNFW640ellip5loga2.08PA50center0With_background20num57.dat Diff-Evol    1.0e-04 0 1 0 0     NFW        0.0000   0.0001     -2.219 0.333  52 -99.00  205.6       -4548.482       -9077.349   340   0.0000   0.0001     -2.016 0.148  39 -99.00    0.172
2018-05-05-17:09:52 1.11  Mocks_Em/MockNFW640ellip5loga2.08PA50center0With_background20num58.dat Diff-Evol    1.0e-04 0 1 0 0     NFW        0.0000  -0.0003     -2.122 0.419  49 -99.00  261.6       -4675.969       -9332.324   375   0.0000  -0.0003     -2.026 0.184  44 -99.00    0.177
2018-05-05-17:09:52 1.11  Mocks_Em/MockNFW640ellip5loga2.08PA50center0With_background20num59.dat Diff-Evol    1.0e-04 0 1 0 0     NFW        0.0001  -0.0000     -2.013 0.520  55 -99.00  332.1       -4488.337        -8957.06   396   0.0001  -0.0000     -2.002 0.195  35 -99.00    0.185
2018-05-05-17:09:52 1.11  Mocks_Em/MockNFW640ellip5loga2.08PA50center0With_background20num60.dat Diff-Evol    1.0e-04 0 1 0 0     NFW        0.0000  -0.0004     -2.122 0.328  50 -99.00  255.9       -4547.713       -9075.811   375   0.0000  -0.0004     -2.036 0.128  41 -99.00    0.176
2018-05-05-17:09:52 1.11  Mocks_Em/MockNFW640ellip5loga2.08PA50center0With_background20num61.dat Diff-Evol    1.0e-04 0 1 0 0     NFW      359.9995  -0.0001     -2.074 0.539  49 -99.00  287.4       -4663.421       -9307.228   389 359.9995  -0.0001     -2.026 0.231  42 -99.00    0.188
2018-05-05-17:09:52 1.11  Mocks_Em/MockNFW640ellip5loga2.08PA50center0With_background20num62.dat Diff-Evol    1.0e-04 0 1 0 0     NFW      359.9998   0.0001     -2.151 0.462  54 -99.00  233.0       -4415.744       -8811.873   319 359.9998   0.0001     -1.997 0.212  35 -99.00    0.154
2018-05-05-17:09:52 1.11  Mocks_Em/MockNFW640ellip5loga2.08PA50center0With_background20num63.dat Diff-Evol    1.0e-04 0 1 0 0     NFW      359.9999   0.0002     -1.968 0.548  51 -99.00  364.9       -4407.459       -8795.304   479 359.9999   0.0002     -1.999 0.233  37 -99.00    0.228
2018-05-05-17:09:52 1.11  Mocks_Em/MockNFW640ellip5loga2.08PA50center0With_background20num64.dat Diff-Evol    1.0e-04 0 1 0 0     NFW        0.0000  -0.0000     -2.123 0.508  50 -99.00  249.8       -4451.958       -8884.302   347   0.0000  -0.0000     -2.009 0.196  41 -99.00    0.163
2018-05-05-17:09:52 1.11  Mocks_Em/MockNFW640ellip5loga2.08PA50center0With_background20num65.dat Diff-Evol    1.0e-04 0 1 0 0     NFW        0.0003  -0.0003     -1.967 0.555  48 -99.00  382.0       -4642.801       -9265.988   486   0.0003  -0.0003     -2.015 0.211  35 -99.00    0.230
2018-05-05-17:09:52 1.11  Mocks_Em/MockNFW640ellip5loga2.08PA50center0With_background20num66.dat Diff-Evol    1.0e-04 0 1 0 0     NFW      359.9999  -0.0002     -2.193 0.411  49 -99.00  220.9       -4655.143       -9290.672   382 359.9999  -0.0002     -2.048 0.186  40 -99.00    0.180
2018-05-05-17:09:52 1.11  Mocks_Em/MockNFW640ellip5loga2.08PA50center0With_background20num67.dat Diff-Evol    1.0e-04 0 1 0 0     NFW      359.9999   0.0002     -2.185 0.403  58 -99.00  218.7       -4517.088       -9014.562   368 359.9999   0.0002     -2.026 0.185  31 -99.00    0.172
2018-05-05-17:09:52 1.11  Mocks_Em/MockNFW640ellip5loga2.08PA50center0With_background20num68.dat Diff-Evol    1.0e-04 0 1 0 0     NFW        0.0001   0.0000     -2.037 0.543  43 -99.00  300.8       -4329.585       -8639.556   347   0.0001   0.0000     -1.988 0.169  44 -99.00    0.162
2018-05-05-17:09:52 1.11  Mocks_Em/MockNFW640ellip5loga2.08PA50center0With_background20num69.dat Diff-Evol    1.0e-04 0 1 0 0     NFW        0.0005  -0.0001     -2.125 0.434  55 -99.00  255.5       -4582.815       -9146.015   382   0.0005  -0.0001     -2.024 0.177  40 -99.00    0.179
2018-05-05-17:09:52 1.11  Mocks_Em/MockNFW640ellip5loga2.08PA50center0With_background20num70.dat Diff-Evol    1.0e-04 0 1 0 0     NFW        0.0003   0.0000     -1.915 0.552  52 -99.00  428.1       -4452.537       -8885.459   479   0.0003   0.0000     -1.984 0.210  43 -99.00    0.225
2018-05-05-17:09:52 1.11  Mocks_Em/MockNFW640ellip5loga2.08PA50center0With_background20num71.dat Diff-Evol    1.0e-04 0 1 0 0     NFW        0.0002   0.0000     -1.917 0.552  64 -99.00  422.0       -4411.915       -8804.216   479   0.0002   0.0000     -1.991 0.207  32 -99.00    0.226
2018-05-05-17:09:52 1.11  Mocks_Em/MockNFW640ellip5loga2.08PA50center0With_background20num72.dat Diff-Evol    1.0e-04 0 1 0 0     NFW        0.0000  -0.0000     -1.997 0.554  57 -99.00  340.8       -4390.636       -8761.657   458   0.0000  -0.0000     -2.013 0.218  37 -99.00    0.215
2018-05-05-17:09:52 1.11  Mocks_Em/MockNFW640ellip5loga2.08PA50center0With_background20num73.dat Diff-Evol    1.0e-04 0 1 0 0     NFW        0.0002  -0.0001     -2.093 0.491  55 -99.00  277.5       -4613.928       -9208.242   389   0.0002  -0.0001     -2.044 0.225  36 -99.00    0.186
2018-05-05-17:09:52 1.11  Mocks_Em/MockNFW640ellip5loga2.08PA50center0With_background20num74.dat Diff-Evol    1.0e-04 0 1 0 0     NFW      359.9998   0.0000     -1.987 0.537  44 -99.00  361.4       -4545.098       -9070.581   375 359.9998   0.0000     -2.002 0.231 135 -99.00    0.177
2018-05-05-17:09:52 1.11  Mocks_Em/MockNFW640ellip5loga2.08PA50center0With_background20num75.dat Diff-Evol    1.0e-04 0 1 0 0     NFW      359.9998  -0.0005     -2.022 0.558  47 -99.00  312.2       -4429.648       -8839.681   354 359.9998  -0.0005     -2.008 0.245 135 -99.00    0.165
2018-05-05-17:09:52 1.11  Mocks_Em/MockNFW640ellip5loga2.08PA50center0With_background20num76.dat Diff-Evol    1.0e-04 0 1 0 0     NFW        0.0001  -0.0000     -2.066 0.371  50 -99.00  292.0       -4511.141       -9002.667   375   0.0001  -0.0000     -2.014 0.175  44 -99.00    0.176
2018-05-05-17:09:52 1.11  Mocks_Em/MockNFW640ellip5loga2.08PA50center0With_background20num77.dat Diff-Evol    1.0e-04 0 1 0 0     NFW      359.9997   0.0002     -2.130 0.407  54 -99.00  250.5       -4599.863       -9180.112   382 359.9997   0.0002     -2.022 0.182  33 -99.00    0.183
2018-05-05-17:09:52 1.11  Mocks_Em/MockNFW640ellip5loga2.08PA50center0With_background20num78.dat Diff-Evol    1.0e-04 0 1 0 0     NFW        0.0001  -0.0001     -2.147 0.442  51 -99.00  236.4       -4466.215       -8912.815   361   0.0001  -0.0001     -1.993 0.234  40 -99.00    0.173
2018-05-05-17:09:52 1.11  Mocks_Em/MockNFW640ellip5loga2.08PA50center0With_background20num79.dat Diff-Evol    1.0e-04 0 1 0 0     NFW        0.0000   0.0003     -2.093 0.415  53 -99.00  265.0       -4407.298       -8794.981   375   0.0000   0.0003     -1.992 0.182  37 -99.00    0.179
2018-05-05-17:09:52 1.11  Mocks_Em/MockNFW640ellip5loga2.08PA50center0With_background20num80.dat Diff-Evol    1.0e-04 0 1 0 0     NFW        0.0005   0.0000     -2.056 0.519  51 -99.00  302.2       -4664.444       -9309.274   361   0.0005   0.0000     -2.033 0.206  40 -99.00    0.172
2018-05-05-17:09:52 1.11  Mocks_Em/MockNFW640ellip5loga2.08PA50center0With_background20num81.dat Diff-Evol    1.0e-04 0 1 0 0     NFW        0.0007  -0.0001     -1.905 0.604  50 -99.00  448.5       -4670.198       -9320.782   396   0.0007  -0.0001     -1.994 0.243  37 -99.00    0.187
2018-05-05-17:09:52 1.11  Mocks_Em/MockNFW640ellip5loga2.08PA50center0With_background20num82.dat Diff-Evol    1.0e-04 0 1 0 0     NFW      359.9996   0.0003     -1.959 0.507  41 -99.00  382.8       -4490.814       -8962.013   326 359.9996   0.0003     -1.989 0.186  44 -99.00    0.154
2018-05-05-17:09:52 1.11  Mocks_Em/MockNFW640ellip5loga2.08PA50center0With_background20num83.dat Diff-Evol    1.0e-04 0 1 0 0     NFW        0.0000   0.0002     -2.139 0.458  40 -99.00  241.3       -4447.456       -8875.299   382   0.0000   0.0002     -2.015 0.178 140 -99.00    0.177
2018-05-05-17:09:52 1.11  Mocks_Em/MockNFW640ellip5loga2.08PA50center0With_background20num84.dat Diff-Evol    1.0e-04 0 1 0 0     NFW      359.9999   0.0001     -1.919 0.544  54 -99.00  424.3       -4421.585       -8823.555   333 359.9999   0.0001     -1.977 0.191  38 -99.00    0.169
2018-05-05-17:09:52 1.11  Mocks_Em/MockNFW640ellip5loga2.08PA50center0With_background20num85.dat Diff-Evol    1.0e-04 0 1 0 0     NFW      359.9999  -0.0002     -1.917 0.482  47 -99.00  411.4       -4280.845       -8542.075   479 359.9999  -0.0002     -1.960 0.183  40 -99.00    0.223
2018-05-05-17:09:52 1.11  Mocks_Em/MockNFW640ellip5loga2.08PA50center0With_background20num86.dat Diff-Evol    1.0e-04 0 1 0 0     NFW        0.0005   0.0000     -2.144 0.484  57 -99.00  236.7       -4528.088       -9036.561   368   0.0005   0.0000     -2.002 0.195  37 -99.00    0.172
2018-05-05-17:09:52 1.11  Mocks_Em/MockNFW640ellip5loga2.08PA50center0With_background20num87.dat Diff-Evol    1.0e-04 0 1 0 0     NFW      359.9999   0.0003     -2.084 0.500  51 -99.00  266.6       -4368.676       -8717.738   312 359.9999   0.0003     -2.008 0.187  44 -99.00    0.149
2018-05-05-17:09:52 1.11  Mocks_Em/MockNFW640ellip5loga2.08PA50center0With_background20num88.dat Diff-Evol    1.0e-04 0 1 0 0     NFW        0.0000   0.0002     -2.162 0.357  51 -99.00  232.9       -4551.101       -9082.588   368   0.0000   0.0002     -2.029 0.169  41 -99.00    0.172
2018-05-05-17:09:52 1.11  Mocks_Em/MockNFW640ellip5loga2.08PA50center0With_background20num89.dat Diff-Evol    1.0e-04 0 1 0 0     NFW      359.9997   0.0000     -1.991 0.529  54 -99.00  357.6       -4587.675       -9155.736   549 359.9997   0.0000     -2.015 0.202  34 -99.00    0.260
2018-05-05-17:09:52 1.11  Mocks_Em/MockNFW640ellip5loga2.08PA50center0With_background20num90.dat Diff-Evol    1.0e-04 0 1 0 0     NFW        0.0005  -0.0003     -2.005 0.496  52 -99.00  342.6       -4637.482       -9255.349   305   0.0005  -0.0003     -2.027 0.202  37 -99.00    0.146
2018-05-05-17:09:52 1.11  Mocks_Em/MockNFW640ellip5loga2.08PA50center0With_background20num91.dat Diff-Evol    1.0e-04 0 1 0 0     NFW      359.9995   0.0001     -2.090 0.328  69 -99.00  269.9       -4480.223       -8940.832   382 359.9995   0.0001     -1.995 0.125  35 -99.00    0.185
2018-05-05-17:09:52 1.11  Mocks_Em/MockNFW640ellip5loga2.08PA50center0With_background20num92.dat Diff-Evol    1.0e-04 0 1 0 0     NFW      359.9998   0.0001     -2.189 0.466  52 -99.00  225.0       -4713.655       -9407.696   389 359.9998   0.0001     -2.030 0.219  39 -99.00    0.188
2018-05-05-17:09:52 1.11  Mocks_Em/MockNFW640ellip5loga2.08PA50center0With_background20num93.dat Diff-Evol    1.0e-04 0 1 0 0     NFW      359.9998   0.0000     -2.061 0.410  54 -99.00  291.2       -4447.603       -8875.591   361 359.9998   0.0000     -2.006 0.151  43 -99.00    0.175
2018-05-05-17:09:52 1.11  Mocks_Em/MockNFW640ellip5loga2.08PA50center0With_background20num94.dat Diff-Evol    1.0e-04 0 1 0 0     NFW        0.0001   0.0002     -2.194 0.358  52 -99.00  215.8       -4547.743       -9075.871   285   0.0001   0.0002     -2.018 0.152  42 -99.00    0.136
2018-05-05-17:09:52 1.11  Mocks_Em/MockNFW640ellip5loga2.08PA50center0With_background20num95.dat Diff-Evol    1.0e-04 0 1 0 0     NFW      359.9999   0.0003     -2.149 0.335  50 -99.00  230.4       -4391.878       -8764.141   375 359.9999   0.0003     -2.016 0.139  37 -99.00    0.176
2018-05-05-17:09:52 1.11  Mocks_Em/MockNFW640ellip5loga2.08PA50center0With_background20num96.dat Diff-Evol    1.0e-04 0 1 0 0     NFW      359.9998   0.0000     -1.998 0.553  49 -99.00  354.1         -4596.7       -9173.785   689 359.9998   0.0000     -2.011 0.206 136 -99.00    0.322
2018-05-05-17:09:52 1.11  Mocks_Em/MockNFW640ellip5loga2.08PA50center0With_background20num97.dat Diff-Evol    1.0e-04 0 1 0 0     NFW        0.0003   0.0002     -2.041 0.511  60 -99.00  309.0       -4560.897        -9102.18   319   0.0003   0.0002     -2.040 0.179  37 -99.00    0.155
2018-05-05-17:09:52 1.11  Mocks_Em/MockNFW640ellip5loga2.08PA50center0With_background20num98.dat Diff-Evol    1.0e-04 0 1 0 0     NFW        0.0005   0.0001     -1.997 0.549  49 -99.00  343.0       -4522.342       -9025.069   382   0.0005   0.0001     -2.010 0.223  43 -99.00    0.180
2018-05-05-17:09:52 1.11  Mocks_Em/MockNFW640ellip5loga2.08PA50center0With_background20num99.dat Diff-Evol    1.0e-04 0 1 0 0     NFW        0.0003   0.0001     -2.049 0.527  42 -99.00  302.9        -4538.71       -9057.805   312   0.0003   0.0001     -2.013 0.242 140 -99.00    0.153
