2018-05-05-17:09:14 1.11  Mocks_Em/MockNFW640ellip5loga2.08PA50center0With_background20num0.dat TNC          1.0e-04 0 1 0 0     NFW        0.0003   0.0001     -2.238 0.342  56 -99.00  190.2       -4446.212        -8872.81   108   0.0003   0.0001     -2.025 0.139  32 -99.00    0.459
2018-05-05-17:09:14 1.11  Mocks_Em/MockNFW640ellip5loga2.08PA50center0With_background20num1.dat TNC          1.0e-04 0 1 0 0     NFW        0.0000   0.0003     -2.141 0.481  50 -99.00  242.7       -4533.089       -9046.564   106   0.0000   0.0003     -2.027 0.184  37 -99.00    0.392
2018-05-05-17:09:14 1.11  Mocks_Em/MockNFW640ellip5loga2.08PA50center0With_background20num2.dat TNC          1.0e-04 0 1 0 0     NFW      359.9998  -0.0001     -1.919 0.507  49 -99.00  431.1        -4483.36       -8947.106   106 359.9998  -0.0001     -1.983 0.218  37 -99.00    0.391
2018-05-05-17:09:14 1.11  Mocks_Em/MockNFW640ellip5loga2.08PA50center0With_background20num3.dat TNC          1.0e-04 0 1 0 0     NFW        0.0001  -0.0001     -2.112 0.510  45 -99.00  259.6       -4501.771       -8983.927    86   0.0001  -0.0001     -2.026 0.214  37 -99.00    0.318
2018-05-05-17:09:14 1.11  Mocks_Em/MockNFW640ellip5loga2.08PA50center0With_background20num4.dat TNC          1.0e-04 0 1 0 0     NFW        0.0002  -0.0002     -1.994 0.570  55 -99.00  353.9       -4609.916       -9200.217    66   0.0002  -0.0002     -2.005 0.206  34 -99.00    0.251
2018-05-05-17:09:14 1.11  Mocks_Em/MockNFW640ellip5loga2.08PA50center0With_background20num5.dat TNC          1.0e-04 0 1 0 0     NFW        0.0000   0.0000     -2.091 0.491  53 -99.00  262.5       -4325.467        -8631.32    81   0.0000   0.0000     -2.007 0.168  31 -99.00    0.296
2018-05-05-17:09:14 1.11  Mocks_Em/MockNFW640ellip5loga2.08PA50center0With_background20num6.dat TNC          1.0e-04 0 1 0 0     NFW        0.0000  -0.0001     -1.979 0.524  51 -99.00  367.5       -4493.711       -8967.808   159   0.0000  -0.0001     -1.999 0.179  37 -99.00    0.593
2018-05-05-17:09:14 1.11  Mocks_Em/MockNFW640ellip5loga2.08PA50center0With_background20num7.dat TNC          1.0e-04 0 1 0 0     NFW        0.0001  -0.0001     -2.152 0.485  43 -99.00  236.9       -4522.272        -9024.93    70   0.0001  -0.0001     -2.024 0.214  43 -99.00    0.262
2018-05-05-17:09:14 1.11  Mocks_Em/MockNFW640ellip5loga2.08PA50center0With_background20num8.dat TNC          1.0e-04 0 1 0 0     NFW        0.0001   0.0001     -2.075 0.467  50 -99.00  276.9       -4372.889       -8726.163    99   0.0001   0.0001     -1.970 0.156  39 -99.00    0.375
2018-05-05-17:09:14 1.11  Mocks_Em/MockNFW640ellip5loga2.08PA50center0With_background20num9.dat TNC          1.0e-04 0 1 0 0     NFW        0.0001   0.0001     -1.966 0.561  37 -99.00  376.7       -4500.809       -8982.003    89   0.0001   0.0001     -1.998 0.266  37 -99.00    0.328
2018-05-05-17:09:14 1.11  Mocks_Em/MockNFW640ellip5loga2.08PA50center0With_background20num10.dat TNC          1.0e-04 0 1 0 0     NFW      359.9999  -0.0000     -1.977 0.510  39 -99.00  357.3       -4366.135       -8712.655    96 359.9999  -0.0000     -1.994 0.209  40 -99.00    0.351
2018-05-05-17:09:14 1.11  Mocks_Em/MockNFW640ellip5loga2.08PA50center0With_background20num11.dat TNC          1.0e-04 0 1 0 0     NFW      359.9997   0.0001     -2.283 0.000 129 -99.00  174.4       -4410.871       -8802.128    53 359.9997   0.0001     -1.980 0.160 136 -99.00    0.199
2018-05-05-17:09:14 1.11  Mocks_Em/MockNFW640ellip5loga2.08PA50center0With_background20num12.dat TNC          1.0e-04 0 1 0 0     NFW        0.0001   0.0001     -2.191 0.000 131 -99.00  212.1       -4405.884       -8792.153    44   0.0001   0.0001     -1.982 0.177 135 -99.00    0.164
2018-05-05-17:09:14 1.11  Mocks_Em/MockNFW640ellip5loga2.08PA50center0With_background20num13.dat TNC          1.0e-04 0 1 0 0     NFW      359.9998  -0.0002     -2.143 0.392  53 -99.00  235.2       -4381.191       -8742.768   188 359.9998  -0.0002     -1.984 0.137  33 -99.00    0.695
2018-05-05-17:09:14 1.11  Mocks_Em/MockNFW640ellip5loga2.08PA50center0With_background20num14.dat TNC          1.0e-04 0 1 0 0     NFW      359.9999  -0.0001     -2.196 0.519  52 -99.00  214.5       -4559.671       -9099.728    69 359.9999  -0.0001     -2.020 0.200  39 -99.00    0.258
2018-05-05-17:09:14 1.11  Mocks_Em/MockNFW640ellip5loga2.08PA50center0With_background20num15.dat TNC          1.0e-04 0 1 0 0     NFW        0.0001   0.0001     -2.069 0.558  46 -99.00  288.4       -4534.399       -9049.185    69   0.0001   0.0001     -2.015 0.233  43 -99.00    0.257
2018-05-05-17:09:14 1.11  Mocks_Em/MockNFW640ellip5loga2.08PA50center0With_background20num16.dat TNC          1.0e-04 0 1 0 0     NFW      360.0000  -0.0002     -2.254 0.000 145 -99.00  183.9       -4369.218       -8718.822    42 360.0000  -0.0002     -1.991 0.167 146 -99.00    0.161
2018-05-05-17:09:14 1.11  Mocks_Em/MockNFW640ellip5loga2.08PA50center0With_background20num17.dat TNC          1.0e-04 0 1 0 0     NFW        0.0001  -0.0004     -2.031 0.552  52 -99.00  314.8       -4464.231       -8908.848    53   0.0001  -0.0004     -2.012 0.215  40 -99.00    0.203
2018-05-05-17:09:14 1.11  Mocks_Em/MockNFW640ellip5loga2.08PA50center0With_background20num18.dat TNC          1.0e-04 0 1 0 0     NFW        0.0002   0.0002     -1.992 0.502  48 -99.00  348.0       -4480.225       -8940.835    58   0.0002   0.0002     -2.002 0.187  42 -99.00    0.222
2018-05-05-17:09:14 1.11  Mocks_Em/MockNFW640ellip5loga2.08PA50center0With_background20num19.dat TNC          1.0e-04 0 1 0 0     NFW      359.9999   0.0002     -2.178 0.340  47 -99.00  224.6       -4509.417       -8999.219   125 359.9999   0.0002     -2.015 0.159  33 -99.00    0.462
2018-05-05-17:09:14 1.11  Mocks_Em/MockNFW640ellip5loga2.08PA50center0With_background20num20.dat TNC          1.0e-04 0 1 0 0     NFW        0.0006  -0.0001     -2.010 0.376  51 -99.00  324.2       -4404.717        -8789.82    55   0.0006  -0.0001     -1.979 0.120  39 -99.00    0.204
2018-05-05-17:09:14 1.11  Mocks_Em/MockNFW640ellip5loga2.08PA50center0With_background20num21.dat TNC          1.0e-04 0 1 0 0     NFW        0.0003  -0.0004     -1.937 0.539  58 -99.00  405.9        -4570.87       -9122.126    57   0.0003  -0.0004     -2.006 0.225  32 -99.00    0.213
2018-05-05-17:09:14 1.11  Mocks_Em/MockNFW640ellip5loga2.08PA50center0With_background20num22.dat TNC          1.0e-04 0 1 0 0     NFW      360.0000  -0.0001     -2.055 0.570  48 -99.00  304.9       -4594.075       -9168.536    71 360.0000  -0.0001     -2.005 0.226  40 -99.00    0.266
2018-05-05-17:09:14 1.11  Mocks_Em/MockNFW640ellip5loga2.08PA50center0With_background20num23.dat TNC          1.0e-04 0 1 0 0     NFW      359.9999  -0.0001     -1.937 0.590  53 -99.00  405.5        -4477.28       -8934.945    73 359.9999  -0.0001     -1.994 0.211  39 -99.00    0.272
2018-05-05-17:09:14 1.11  Mocks_Em/MockNFW640ellip5loga2.08PA50center0With_background20num24.dat TNC          1.0e-04 0 1 0 0     NFW      359.9997   0.0004     -2.127 0.357  48 -99.00  251.9       -4585.324       -9151.035    46 359.9997   0.0004     -2.023 0.141  44 -99.00    0.173
2018-05-05-17:09:14 1.11  Mocks_Em/MockNFW640ellip5loga2.08PA50center0With_background20num25.dat TNC          1.0e-04 0 1 0 0     NFW        0.0004  -0.0000     -2.107 0.534  54 -99.00  262.5       -4588.733       -9157.851    79   0.0004  -0.0000     -2.022 0.197  34 -99.00    0.303
2018-05-05-17:09:14 1.11  Mocks_Em/MockNFW640ellip5loga2.08PA50center0With_background20num26.dat TNC          1.0e-04 0 1 0 0     NFW      359.9999  -0.0003     -2.062 0.438  40 -99.00  296.8       -4569.958       -9120.302    78 359.9999  -0.0003     -2.010 0.211  37 -99.00    0.300
2018-05-05-17:09:14 1.11  Mocks_Em/MockNFW640ellip5loga2.08PA50center0With_background20num27.dat TNC          1.0e-04 0 1 0 0     NFW        0.0004  -0.0002     -1.970 0.513  56 -99.00  372.0       -4495.433       -8971.251    69   0.0004  -0.0002     -2.002 0.172  34 -99.00    0.258
2018-05-05-17:09:14 1.11  Mocks_Em/MockNFW640ellip5loga2.08PA50center0With_background20num28.dat TNC          1.0e-04 0 1 0 0     NFW        0.0001   0.0001     -2.016 0.442  56 -99.00  335.5        -4534.84       -9050.067    34   0.0001   0.0001     -2.013 0.200  37 -99.00    0.128
2018-05-05-17:09:14 1.11  Mocks_Em/MockNFW640ellip5loga2.08PA50center0With_background20num29.dat TNC          1.0e-04 0 1 0 0     NFW      359.9998   0.0002     -2.045 0.332  36 -99.00  303.7       -4481.387        -8943.16    64 359.9998   0.0002     -1.997 0.131  36 -99.00    0.241
2018-05-05-17:09:14 1.11  Mocks_Em/MockNFW640ellip5loga2.08PA50center0With_background20num30.dat TNC          1.0e-04 0 1 0 0     NFW        0.0002   0.0004     -2.090 0.494  50 -99.00  271.1       -4526.998       -9034.383    68   0.0002   0.0004     -2.004 0.177  40 -99.00    0.257
2018-05-05-17:09:14 1.11  Mocks_Em/MockNFW640ellip5loga2.08PA50center0With_background20num31.dat TNC          1.0e-04 0 1 0 0     NFW      359.9998   0.0003     -2.037 0.406  48 -99.00  312.3       -4479.098       -8938.582    82 359.9998   0.0003     -2.013 0.165  41 -99.00    0.311
2018-05-05-17:09:14 1.11  Mocks_Em/MockNFW640ellip5loga2.08PA50center0With_background20num32.dat TNC          1.0e-04 0 1 0 0     NFW        0.0004  -0.0000     -2.043 0.513  54 -99.00  316.1        -4636.05       -9252.486   100   0.0004  -0.0000     -2.012 0.194  36 -99.00    0.377
2018-05-05-17:09:14 1.11  Mocks_Em/MockNFW640ellip5loga2.08PA50center0With_background20num33.dat TNC          1.0e-04 0 1 0 0     NFW        0.0002   0.0002     -2.207 0.361  46 -99.00  202.7       -4426.767       -8833.919    53   0.0002   0.0002     -1.983 0.160  39 -99.00    0.199
2018-05-05-17:09:14 1.11  Mocks_Em/MockNFW640ellip5loga2.08PA50center0With_background20num34.dat TNC          1.0e-04 0 1 0 0     NFW      359.9998  -0.0001     -2.081 0.476  46 -99.00  272.0       -4402.548       -8785.482    61 359.9998  -0.0001     -2.006 0.186  40 -99.00    0.233
2018-05-05-17:09:14 1.11  Mocks_Em/MockNFW640ellip5loga2.08PA50center0With_background20num35.dat TNC          1.0e-04 0 1 0 0     NFW      360.0000  -0.0002     -2.005 0.481  53 -99.00  332.5       -4408.466       -8797.317    88 360.0000  -0.0002     -1.985 0.190  34 -99.00    0.332
2018-05-05-17:09:14 1.11  Mocks_Em/MockNFW640ellip5loga2.08PA50center0With_background20num36.dat TNC          1.0e-04 0 1 0 0     NFW        0.0003   0.0005     -2.260 0.313  53 -99.00  189.5       -4685.285       -9350.955    40   0.0003   0.0005     -2.053 0.149  41 -99.00    0.156
2018-05-05-17:09:14 1.11  Mocks_Em/MockNFW640ellip5loga2.08PA50center0With_background20num37.dat TNC          1.0e-04 0 1 0 0     NFW        0.0003  -0.0001     -1.997 0.498  54 -99.00  337.9       -4424.305       -8828.995   101   0.0003  -0.0001     -2.009 0.157  38 -99.00    0.381
2018-05-05-17:09:14 1.11  Mocks_Em/MockNFW640ellip5loga2.08PA50center0With_background20num38.dat TNC          1.0e-04 0 1 0 0     NFW        0.0005  -0.0003     -2.059 0.424  52 -99.00  291.5       -4453.934       -8888.254    61   0.0005  -0.0003     -2.011 0.173  32 -99.00    0.239
2018-05-05-17:09:14 1.11  Mocks_Em/MockNFW640ellip5loga2.08PA50center0With_background20num39.dat TNC          1.0e-04 0 1 0 0     NFW        0.0006   0.0000     -2.137 0.319  37 -99.00  241.2        -4532.87       -9046.125    71   0.0006   0.0000     -2.000 0.157  37 -99.00    0.266
2018-05-05-17:09:14 1.11  Mocks_Em/MockNFW640ellip5loga2.08PA50center0With_background20num40.dat TNC          1.0e-04 0 1 0 0     NFW        0.0002   0.0002     -2.017 0.452  39 -99.00  332.5       -4551.916       -9084.217    59   0.0002   0.0002     -2.009 0.192  39 -99.00    0.220
2018-05-05-17:09:14 1.11  Mocks_Em/MockNFW640ellip5loga2.08PA50center0With_background20num41.dat TNC          1.0e-04 0 1 0 0     NFW      359.9999   0.0001     -2.050 0.566  46 -99.00  309.5       -4614.296       -9208.977   112 359.9999   0.0001     -2.035 0.250  39 -99.00    0.428
2018-05-05-17:09:14 1.11  Mocks_Em/MockNFW640ellip5loga2.08PA50center0With_background20num42.dat TNC          1.0e-04 0 1 0 0     NFW        0.0000   0.0003     -2.069 0.539  56 -99.00  283.1        -4465.68       -8911.746    88   0.0000   0.0003     -2.004 0.235  32 -99.00    0.326
2018-05-05-17:09:14 1.11  Mocks_Em/MockNFW640ellip5loga2.08PA50center0With_background20num43.dat TNC          1.0e-04 0 1 0 0     NFW        0.0001   0.0000     -2.010 0.496  53 -99.00  332.5       -4433.038       -8846.462    67   0.0001   0.0000     -1.999 0.218  36 -99.00    0.248
2018-05-05-17:09:14 1.11  Mocks_Em/MockNFW640ellip5loga2.08PA50center0With_background20num44.dat TNC          1.0e-04 0 1 0 0     NFW        0.0002   0.0001     -2.045 0.543  42 -99.00  298.5       -4435.757       -8851.899    44   0.0002   0.0001     -2.014 0.226  42 -99.00    0.174
2018-05-05-17:09:14 1.11  Mocks_Em/MockNFW640ellip5loga2.08PA50center0With_background20num45.dat TNC          1.0e-04 0 1 0 0     NFW        0.0002   0.0003     -1.919 0.556  50 -99.00  433.4       -4536.884       -9054.154   101   0.0002   0.0003     -1.997 0.224  38 -99.00    0.379
2018-05-05-17:09:14 1.11  Mocks_Em/MockNFW640ellip5loga2.08PA50center0With_background20num46.dat TNC          1.0e-04 0 1 0 0     NFW      359.9996  -0.0000     -2.068 0.494  51 -99.00  289.5       -4545.294       -9070.974    95 359.9996  -0.0000     -2.013 0.168  33 -99.00    0.360
2018-05-05-17:09:14 1.11  Mocks_Em/MockNFW640ellip5loga2.08PA50center0With_background20num47.dat TNC          1.0e-04 0 1 0 0     NFW      359.9998  -0.0005     -1.988 0.553  48 -99.00  345.1       -4486.951       -8954.288    91 359.9998  -0.0005     -2.003 0.208  38 -99.00    0.345
2018-05-05-17:09:14 1.11  Mocks_Em/MockNFW640ellip5loga2.08PA50center0With_background20num48.dat TNC          1.0e-04 0 1 0 0     NFW      359.9993  -0.0001     -2.217 0.000 135 -99.00  199.0       -4434.017        -8848.42    49 359.9993  -0.0001     -2.029 0.154 136 -99.00    0.189
2018-05-05-17:09:14 1.11  Mocks_Em/MockNFW640ellip5loga2.08PA50center0With_background20num49.dat TNC          1.0e-04 0 1 0 0     NFW      360.0000  -0.0003     -2.022 0.510  50 -99.00  325.9       -4520.014       -9020.414   128 360.0000  -0.0003     -2.006 0.175  39 -99.00    0.475
2018-05-05-17:09:14 1.11  Mocks_Em/MockNFW640ellip5loga2.08PA50center0With_background20num50.dat TNC          1.0e-04 0 1 0 0     NFW        0.0002  -0.0000     -2.166 0.401  47 -99.00  230.2       -4517.905       -9016.195    57   0.0002  -0.0000     -2.023 0.150  39 -99.00    0.213
2018-05-05-17:09:14 1.11  Mocks_Em/MockNFW640ellip5loga2.08PA50center0With_background20num51.dat TNC          1.0e-04 0 1 0 0     NFW      360.0000  -0.0001     -1.979 0.543  57 -99.00  340.8       -4196.043       -8372.472   111 360.0000  -0.0001     -1.968 0.224  39 -99.00    0.402
2018-05-05-17:09:14 1.11  Mocks_Em/MockNFW640ellip5loga2.08PA50center0With_background20num52.dat TNC          1.0e-04 0 1 0 0     NFW        0.0004  -0.0001     -2.074 0.488  57 -99.00  285.7       -4544.126       -9068.637    62   0.0004  -0.0001     -2.013 0.205  34 -99.00    0.231
2018-05-05-17:09:14 1.11  Mocks_Em/MockNFW640ellip5loga2.08PA50center0With_background20num53.dat TNC          1.0e-04 0 1 0 0     NFW        0.0001  -0.0002     -2.098 0.467  46 -99.00  260.2       -4364.892       -8710.169    99   0.0001  -0.0002     -2.020 0.188  40 -99.00    0.363
2018-05-05-17:09:14 1.11  Mocks_Em/MockNFW640ellip5loga2.08PA50center0With_background20num54.dat TNC          1.0e-04 0 1 0 0     NFW      360.0000   0.0000     -2.014 0.603  53 -99.00  343.1       -4638.262       -9256.909    91 360.0000   0.0000     -2.005 0.229  38 -99.00    0.340
2018-05-05-17:09:14 1.11  Mocks_Em/MockNFW640ellip5loga2.08PA50center0With_background20num55.dat TNC          1.0e-04 0 1 0 0     NFW        0.0002   0.0002     -1.915 0.550  51 -99.00  416.0       -4328.452       -8637.289    92   0.0002   0.0002     -1.964 0.234  45 -99.00    0.338
2018-05-05-17:09:14 1.11  Mocks_Em/MockNFW640ellip5loga2.08PA50center0With_background20num56.dat TNC          1.0e-04 0 1 0 0     NFW        0.0002   0.0003     -1.984 0.536  38 -99.00  362.4       -4603.939       -9188.263    49   0.0002   0.0003     -2.018 0.248  39 -99.00    0.184
2018-05-05-17:09:14 1.11  Mocks_Em/MockNFW640ellip5loga2.08PA50center0With_background20num57.dat TNC          1.0e-04 0 1 0 0     NFW        0.0000   0.0001     -2.219 0.333  51 -99.00  205.6       -4548.512       -9077.409   147   0.0000   0.0001     -2.016 0.148  39 -99.00    0.545
2018-05-05-17:09:14 1.11  Mocks_Em/MockNFW640ellip5loga2.08PA50center0With_background20num58.dat TNC          1.0e-04 0 1 0 0     NFW        0.0000  -0.0003     -2.119 0.422  47 -99.00  263.1       -4675.946       -9332.277    55   0.0000  -0.0003     -2.026 0.184  44 -99.00    0.206
2018-05-05-17:09:14 1.11  Mocks_Em/MockNFW640ellip5loga2.08PA50center0With_background20num59.dat TNC          1.0e-04 0 1 0 0     NFW        0.0001  -0.0000     -2.022 0.514  53 -99.00  324.5        -4488.44       -8957.266    37   0.0001  -0.0000     -2.002 0.195  35 -99.00    0.143
2018-05-05-17:09:14 1.11  Mocks_Em/MockNFW640ellip5loga2.08PA50center0With_background20num60.dat TNC          1.0e-04 0 1 0 0     NFW        0.0000  -0.0004     -2.125 0.318  41 -99.00  254.2       -4546.941       -9074.267    44   0.0000  -0.0004     -2.036 0.128  41 -99.00    0.165
2018-05-05-17:09:14 1.11  Mocks_Em/MockNFW640ellip5loga2.08PA50center0With_background20num61.dat TNC          1.0e-04 0 1 0 0     NFW      359.9995  -0.0001     -2.072 0.541  48 -99.00  289.0       -4663.322       -9307.029    74 359.9995  -0.0001     -2.026 0.231  42 -99.00    0.289
2018-05-05-17:09:14 1.11  Mocks_Em/MockNFW640ellip5loga2.08PA50center0With_background20num62.dat TNC          1.0e-04 0 1 0 0     NFW      359.9998   0.0001     -2.109 0.492  56 -99.00  257.5       -4415.925       -8812.236    79 359.9998   0.0001     -1.997 0.212  35 -99.00    0.292
2018-05-05-17:09:14 1.11  Mocks_Em/MockNFW640ellip5loga2.08PA50center0With_background20num63.dat TNC          1.0e-04 0 1 0 0     NFW      359.9999   0.0002     -1.972 0.545  55 -99.00  361.1       -4407.435       -8795.255    68 359.9999   0.0002     -1.999 0.233  37 -99.00    0.251
2018-05-05-17:09:14 1.11  Mocks_Em/MockNFW640ellip5loga2.08PA50center0With_background20num64.dat TNC          1.0e-04 0 1 0 0     NFW        0.0000  -0.0000     -2.127 0.500  41 -99.00  247.0       -4451.038       -8882.461    42   0.0000  -0.0000     -2.009 0.196  41 -99.00    0.158
2018-05-05-17:09:14 1.11  Mocks_Em/MockNFW640ellip5loga2.08PA50center0With_background20num65.dat TNC          1.0e-04 0 1 0 0     NFW        0.0003  -0.0003     -1.968 0.554  48 -99.00  381.5       -4642.805       -9265.996   162   0.0003  -0.0003     -2.015 0.211  35 -99.00    0.602
2018-05-05-17:09:14 1.11  Mocks_Em/MockNFW640ellip5loga2.08PA50center0With_background20num66.dat TNC          1.0e-04 0 1 0 0     NFW      359.9999  -0.0002     -2.193 0.411  48 -99.00  221.0       -4655.145       -9290.675    63 359.9999  -0.0002     -2.048 0.186  40 -99.00    0.238
2018-05-05-17:09:14 1.11  Mocks_Em/MockNFW640ellip5loga2.08PA50center0With_background20num67.dat TNC          1.0e-04 0 1 0 0     NFW      359.9999   0.0002     -2.268 0.359  52 -99.00  182.9       -4515.695       -9011.775    50 359.9999   0.0002     -2.026 0.185  31 -99.00    0.188
2018-05-05-17:09:14 1.11  Mocks_Em/MockNFW640ellip5loga2.08PA50center0With_background20num68.dat TNC          1.0e-04 0 1 0 0     NFW        0.0001   0.0000     -2.045 0.540  46 -99.00  294.9       -4329.726       -8639.838    82   0.0001   0.0000     -1.988 0.169  44 -99.00    0.302
2018-05-05-17:09:14 1.11  Mocks_Em/MockNFW640ellip5loga2.08PA50center0With_background20num69.dat TNC          1.0e-04 0 1 0 0     NFW        0.0005  -0.0001     -2.149 0.365  40 -99.00  241.4       -4578.988       -9138.361    98   0.0005  -0.0001     -2.024 0.177  40 -99.00    0.361
2018-05-05-17:09:14 1.11  Mocks_Em/MockNFW640ellip5loga2.08PA50center0With_background20num70.dat TNC          1.0e-04 0 1 0 0     NFW        0.0003   0.0000     -1.915 0.553  50 -99.00  428.1       -4452.797       -8885.979    30   0.0003   0.0000     -1.984 0.210  43 -99.00    0.117
2018-05-05-17:09:14 1.11  Mocks_Em/MockNFW640ellip5loga2.08PA50center0With_background20num71.dat TNC          1.0e-04 0 1 0 0     NFW        0.0002   0.0000     -1.917 0.558  58 -99.00  422.0       -4413.054       -8806.493    68   0.0002   0.0000     -1.991 0.207  32 -99.00    0.256
2018-05-05-17:09:14 1.11  Mocks_Em/MockNFW640ellip5loga2.08PA50center0With_background20num72.dat TNC          1.0e-04 0 1 0 0     NFW        0.0000  -0.0000     -1.998 0.556  57 -99.00  339.8       -4390.644       -8761.673    35   0.0000  -0.0000     -2.013 0.218  37 -99.00    0.132
2018-05-05-17:09:14 1.11  Mocks_Em/MockNFW640ellip5loga2.08PA50center0With_background20num73.dat TNC          1.0e-04 0 1 0 0     NFW        0.0002  -0.0001     -2.103 0.482  55 -99.00  270.6       -4613.919       -9208.224    68   0.0002  -0.0001     -2.044 0.225  36 -99.00    0.255
2018-05-05-17:09:14 1.11  Mocks_Em/MockNFW640ellip5loga2.08PA50center0With_background20num74.dat TNC          1.0e-04 0 1 0 0     NFW      359.9998   0.0000     -2.033 0.000 136 -99.00  320.2        -4519.29       -9018.965    46 359.9998   0.0000     -2.002 0.231 135 -99.00    0.174
2018-05-05-17:09:14 1.11  Mocks_Em/MockNFW640ellip5loga2.08PA50center0With_background20num75.dat TNC          1.0e-04 0 1 0 0     NFW      359.9998  -0.0005     -2.079 0.000 132 -99.00  270.4       -4399.435       -8779.255    45 359.9998  -0.0005     -2.008 0.245 135 -99.00    0.168
2018-05-05-17:09:14 1.11  Mocks_Em/MockNFW640ellip5loga2.08PA50center0With_background20num76.dat TNC          1.0e-04 0 1 0 0     NFW        0.0001  -0.0000     -2.066 0.370  49 -99.00  292.2       -4511.162        -9002.71    31   0.0001  -0.0000     -2.014 0.175  44 -99.00    0.120
2018-05-05-17:09:14 1.11  Mocks_Em/MockNFW640ellip5loga2.08PA50center0With_background20num77.dat TNC          1.0e-04 0 1 0 0     NFW      359.9997   0.0002     -2.126 0.412  56 -99.00  253.1       -4599.888       -9180.161    42 359.9997   0.0002     -2.022 0.182  33 -99.00    0.158
2018-05-05-17:09:14 1.11  Mocks_Em/MockNFW640ellip5loga2.08PA50center0With_background20num78.dat TNC          1.0e-04 0 1 0 0     NFW        0.0001  -0.0001     -2.132 0.465  46 -99.00  244.8       -4466.645       -8913.677    85   0.0001  -0.0001     -1.993 0.234  40 -99.00    0.314
2018-05-05-17:09:14 1.11  Mocks_Em/MockNFW640ellip5loga2.08PA50center0With_background20num79.dat TNC          1.0e-04 0 1 0 0     NFW        0.0000   0.0003     -2.120 0.362  38 -99.00  248.4       -4405.199       -8790.783    41   0.0000   0.0003     -1.992 0.182  37 -99.00    0.153
2018-05-05-17:09:14 1.11  Mocks_Em/MockNFW640ellip5loga2.08PA50center0With_background20num80.dat TNC          1.0e-04 0 1 0 0     NFW        0.0005   0.0000     -2.084 0.476  40 -99.00  282.2        -4661.57       -9303.525    77   0.0005   0.0000     -2.033 0.206  40 -99.00    0.288
2018-05-05-17:09:14 1.11  Mocks_Em/MockNFW640ellip5loga2.08PA50center0With_background20num81.dat TNC          1.0e-04 0 1 0 0     NFW        0.0007  -0.0001     -1.905 0.606  49 -99.00  448.5       -4670.142       -9320.669    50   0.0007  -0.0001     -1.994 0.243  37 -99.00    0.189
2018-05-05-17:09:14 1.11  Mocks_Em/MockNFW640ellip5loga2.08PA50center0With_background20num82.dat TNC          1.0e-04 0 1 0 0     NFW      359.9996   0.0003     -1.934 0.520  49 -99.00  410.1       -4492.044       -8964.474    74 359.9996   0.0003     -1.989 0.186  44 -99.00    0.288
2018-05-05-17:09:14 1.11  Mocks_Em/MockNFW640ellip5loga2.08PA50center0With_background20num83.dat TNC          1.0e-04 0 1 0 0     NFW        0.0000   0.0002     -2.342 0.000 141 -99.00  155.8       -4428.734       -8837.854    54   0.0000   0.0002     -2.015 0.178 140 -99.00    0.203
2018-05-05-17:09:14 1.11  Mocks_Em/MockNFW640ellip5loga2.08PA50center0With_background20num84.dat TNC          1.0e-04 0 1 0 0     NFW      359.9999   0.0001     -1.919 0.544  52 -99.00  424.3       -4421.654       -8823.694   127 359.9999   0.0001     -1.977 0.191  38 -99.00    0.468
2018-05-05-17:09:14 1.11  Mocks_Em/MockNFW640ellip5loga2.08PA50center0With_background20num85.dat TNC          1.0e-04 0 1 0 0     NFW      359.9999  -0.0002     -1.917 0.482  46 -99.00  411.4       -4280.851       -8542.088   169 359.9999  -0.0002     -1.960 0.183  40 -99.00    0.614
2018-05-05-17:09:14 1.11  Mocks_Em/MockNFW640ellip5loga2.08PA50center0With_background20num86.dat TNC          1.0e-04 0 1 0 0     NFW        0.0005   0.0000     -2.144 0.483  56 -99.00  236.9        -4528.11       -9036.605    93   0.0005   0.0000     -2.002 0.195  37 -99.00    0.346
2018-05-05-17:09:14 1.11  Mocks_Em/MockNFW640ellip5loga2.08PA50center0With_background20num87.dat TNC          1.0e-04 0 1 0 0     NFW      359.9999   0.0003     -2.134 0.470  51 -99.00  236.6       -4368.518       -8717.422   102 359.9999   0.0003     -2.008 0.187  44 -99.00    0.374
2018-05-05-17:09:14 1.11  Mocks_Em/MockNFW640ellip5loga2.08PA50center0With_background20num88.dat TNC          1.0e-04 0 1 0 0     NFW        0.0000   0.0002     -2.161 0.357  52 -99.00  233.2       -4551.097        -9082.58    54   0.0000   0.0002     -2.029 0.169  41 -99.00    0.202
2018-05-05-17:09:14 1.11  Mocks_Em/MockNFW640ellip5loga2.08PA50center0With_background20num89.dat TNC          1.0e-04 0 1 0 0     NFW      359.9997   0.0000     -2.010 0.512  56 -99.00  340.2       -4587.479       -9155.344    81 359.9997   0.0000     -2.015 0.202  34 -99.00    0.302
2018-05-05-17:09:14 1.11  Mocks_Em/MockNFW640ellip5loga2.08PA50center0With_background20num90.dat TNC          1.0e-04 0 1 0 0     NFW        0.0005  -0.0003     -2.031 0.470  53 -99.00  320.7       -4637.439       -9255.263    51   0.0005  -0.0003     -2.027 0.202  37 -99.00    0.197
2018-05-05-17:09:14 1.11  Mocks_Em/MockNFW640ellip5loga2.08PA50center0With_background20num91.dat TNC          1.0e-04 0 1 0 0     NFW      359.9995   0.0001     -2.098 0.289  35 -99.00  264.8       -4477.126       -8934.638    68 359.9995   0.0001     -1.995 0.125  35 -99.00    0.256
2018-05-05-17:09:14 1.11  Mocks_Em/MockNFW640ellip5loga2.08PA50center0With_background20num92.dat TNC          1.0e-04 0 1 0 0     NFW      359.9998   0.0001     -2.188 0.466  53 -99.00  225.2        -4713.67       -9407.726    83 359.9998   0.0001     -2.030 0.219  39 -99.00    0.312
2018-05-05-17:09:14 1.11  Mocks_Em/MockNFW640ellip5loga2.08PA50center0With_background20num93.dat TNC          1.0e-04 0 1 0 0     NFW      359.9998   0.0000     -2.064 0.403  47 -99.00  288.5       -4447.554       -8875.494    64 359.9998   0.0000     -2.006 0.151  43 -99.00    0.238
2018-05-05-17:09:14 1.11  Mocks_Em/MockNFW640ellip5loga2.08PA50center0With_background20num94.dat TNC          1.0e-04 0 1 0 0     NFW        0.0001   0.0002     -2.192 0.364  46 -99.00  217.1       -4547.812       -9076.009    37   0.0001   0.0002     -2.018 0.152  42 -99.00    0.140
2018-05-05-17:09:14 1.11  Mocks_Em/MockNFW640ellip5loga2.08PA50center0With_background20num95.dat TNC          1.0e-04 0 1 0 0     NFW      359.9999   0.0003     -2.149 0.336  54 -99.00  230.4       -4392.087        -8764.56    55 359.9999   0.0003     -2.016 0.139  37 -99.00    0.204
2018-05-05-17:09:14 1.11  Mocks_Em/MockNFW640ellip5loga2.08PA50center0With_background20num96.dat TNC          1.0e-04 0 1 0 0     NFW      359.9998   0.0000     -2.068 0.000 131 -99.00  295.9       -4568.207         -9116.8    32 359.9998   0.0000     -2.011 0.206 136 -99.00    0.124
2018-05-05-17:09:14 1.11  Mocks_Em/MockNFW640ellip5loga2.08PA50center0With_background20num97.dat TNC          1.0e-04 0 1 0 0     NFW        0.0003   0.0002     -2.060 0.508  55 -99.00  294.4       -4561.951       -9104.289    58   0.0003   0.0002     -2.040 0.179  37 -99.00    0.221
2018-05-05-17:09:14 1.11  Mocks_Em/MockNFW640ellip5loga2.08PA50center0With_background20num98.dat TNC          1.0e-04 0 1 0 0     NFW        0.0005   0.0001     -1.997 0.549  48 -99.00  343.5       -4522.372        -9025.13    62   0.0005   0.0001     -2.010 0.223  43 -99.00    0.232
2018-05-05-17:09:14 1.11  Mocks_Em/MockNFW640ellip5loga2.08PA50center0With_background20num99.dat TNC          1.0e-04 0 1 0 0     NFW        0.0003   0.0001     -2.146 0.000 166 -99.00  239.9       -4513.746       -9007.878    59   0.0003   0.0001     -2.013 0.242 140 -99.00    0.227
