2018-05-05-17:08:55 1.11  Mocks_Em/MockNFW80ellip5loga2.08PA50center0With_background20num0.dat BFGS         1.0e-04 0 1 0 0     NFW      359.9992  -0.0007     -1.963 0.149 146 -99.00   65.5       -801.8055       -1588.985   820 359.9992  -0.0007     -1.963 0.149 146 -99.00    0.214
2018-05-05-17:08:55 1.11  Mocks_Em/MockNFW80ellip5loga2.08PA50center0With_background20num1.dat BFGS         1.0e-04 0 1 0 0     NFW        0.0011   0.0004     -1.927 0.088 159 -99.00   68.6       -749.4805       -1484.335   820   0.0011   0.0004     -1.927 0.088 159 -99.00    0.149
2018-05-05-17:08:55 1.11  Mocks_Em/MockNFW80ellip5loga2.08PA50center0With_background20num2.dat BFGS         1.0e-04 0 1 0 0     NFW      359.9988   0.0001     -1.909 0.182 139 -99.00   77.8           1E+30           2E+30     8 359.9988   0.0001     -1.909 0.182 139 -99.00    0.000
2018-05-05-17:08:55 1.11  Mocks_Em/MockNFW80ellip5loga2.08PA50center0With_background20num3.dat BFGS         1.0e-04 0 1 0 0     NFW        0.0004  -0.0005     -1.884 0.115 154 -99.00   76.3           1E+30           2E+30     8   0.0004  -0.0005     -1.884 0.115 154 -99.00    0.000
2018-05-05-17:08:55 1.11  Mocks_Em/MockNFW80ellip5loga2.08PA50center0With_background20num4.dat BFGS         1.0e-04 0 1 0 0     NFW        0.0011   0.0005     -1.978 0.069  18 -99.00   64.6       -823.8321       -1633.039   820   0.0011   0.0005     -1.978 0.069  18 -99.00    0.149
2018-05-05-17:08:55 1.11  Mocks_Em/MockNFW80ellip5loga2.08PA50center0With_background20num5.dat BFGS         1.0e-04 0 1 0 0     NFW        0.0005   0.0001     -2.001 0.216 140 -99.00   65.6       -861.1864       -1707.747   820   0.0005   0.0001     -2.001 0.216 140 -99.00    0.149
2018-05-05-17:08:55 1.11  Mocks_Em/MockNFW80ellip5loga2.08PA50center0With_background20num6.dat BFGS         1.0e-04 0 1 0 0     NFW      359.9995   0.0001     -1.908 0.128  23 -99.00   73.8           1E+30           2E+30     8 359.9995   0.0001     -1.908 0.128  23 -99.00    0.000
2018-05-05-17:08:55 1.11  Mocks_Em/MockNFW80ellip5loga2.08PA50center0With_background20num7.dat BFGS         1.0e-04 0 1 0 0     NFW        0.0002   0.0007     -1.913 0.181 141 -99.00   76.1       -793.1943       -1571.763   820   0.0002   0.0007     -1.913 0.181 141 -99.00    0.150
2018-05-05-17:08:55 1.11  Mocks_Em/MockNFW80ellip5loga2.08PA50center0With_background20num8.dat BFGS         1.0e-04 0 1 0 0     NFW        0.0004   0.0004     -1.965 0.095 162 -99.00   65.2       -773.7575        -1532.89   820   0.0004   0.0004     -1.965 0.095 162 -99.00    0.149
2018-05-05-17:08:55 1.11  Mocks_Em/MockNFW80ellip5loga2.08PA50center0With_background20num9.dat BFGS         1.0e-04 0 1 0 0     NFW      359.9995  -0.0001     -1.893 0.178  30 -99.00   83.2           1E+30           2E+30     8 359.9995  -0.0001     -1.893 0.178  30 -99.00    0.000
2018-05-05-17:08:55 1.11  Mocks_Em/MockNFW80ellip5loga2.08PA50center0With_background20num10.dat BFGS         1.0e-04 0 1 0 0     NFW      359.9993  -0.0003     -1.968 0.227  44 -99.00   69.2       -839.5717       -1664.518   820 359.9993  -0.0003     -1.968 0.227  44 -99.00    0.152
2018-05-05-17:08:55 1.11  Mocks_Em/MockNFW80ellip5loga2.08PA50center0With_background20num11.dat BFGS         1.0e-04 0 1 0 0     NFW        0.0006   0.0000     -1.957 0.242 146 -99.00   68.6       -804.4849       -1594.344   820   0.0006   0.0000     -1.957 0.242 146 -99.00    0.148
2018-05-05-17:08:55 1.11  Mocks_Em/MockNFW80ellip5loga2.08PA50center0With_background20num12.dat BFGS         1.0e-04 0 1 0 0     NFW      359.9989  -0.0008     -1.971 0.069 154 -99.00   65.9       -841.6553       -1668.685   820 359.9989  -0.0008     -1.971 0.069 154 -99.00    0.158
2018-05-05-17:08:55 1.11  Mocks_Em/MockNFW80ellip5loga2.08PA50center0With_background20num13.dat BFGS         1.0e-04 0 1 0 0     NFW        0.0000  -0.0009     -1.936 0.140  36 -99.00   70.9       -783.2375       -1551.849   820   0.0000  -0.0009     -1.936 0.140  36 -99.00    0.151
2018-05-05-17:08:55 1.11  Mocks_Em/MockNFW80ellip5loga2.08PA50center0With_background20num14.dat BFGS         1.0e-04 0 1 0 0     NFW        0.0004   0.0006     -1.949 0.192 179 -99.00   67.6       -776.2179        -1537.81   820   0.0004   0.0006     -1.949 0.192 179 -99.00    0.149
2018-05-05-17:08:55 1.11  Mocks_Em/MockNFW80ellip5loga2.08PA50center0With_background20num15.dat BFGS         1.0e-04 0 1 0 0     NFW      359.9997   0.0006     -1.957 0.062  29 -99.00   69.4       -816.6761       -1618.727   820 359.9997   0.0006     -1.957 0.062  29 -99.00    0.149
2018-05-05-17:08:55 1.11  Mocks_Em/MockNFW80ellip5loga2.08PA50center0With_background20num16.dat BFGS         1.0e-04 0 1 0 0     NFW        0.0008  -0.0007     -1.900 0.120 159 -99.00   78.6       -797.4399       -1580.254   820   0.0008  -0.0007     -1.900 0.120 159 -99.00    0.149
2018-05-05-17:08:55 1.11  Mocks_Em/MockNFW80ellip5loga2.08PA50center0With_background20num17.dat BFGS         1.0e-04 0 1 0 0     NFW      359.9987  -0.0004     -1.895 0.155 149 -99.00   83.6       -863.5441       -1712.463   820 359.9987  -0.0004     -1.895 0.155 149 -99.00    0.154
2018-05-05-17:08:55 1.11  Mocks_Em/MockNFW80ellip5loga2.08PA50center0With_background20num18.dat BFGS         1.0e-04 0 1 0 0     NFW      359.9992   0.0010     -1.926 0.221  42 -99.00   77.3       -852.5972       -1690.569   820 359.9992   0.0010     -1.926 0.221  42 -99.00    0.154
2018-05-05-17:08:55 1.11  Mocks_Em/MockNFW80ellip5loga2.08PA50center0With_background20num19.dat BFGS         1.0e-04 0 1 0 0     NFW        0.0010   0.0013     -1.987 0.175 164 -99.00   65.4       -887.5716       -1760.518   820   0.0010   0.0013     -1.987 0.175 164 -99.00    0.155
2018-05-05-17:08:55 1.11  Mocks_Em/MockNFW80ellip5loga2.08PA50center0With_background20num20.dat BFGS         1.0e-04 0 1 0 0     NFW      359.9998   0.0004     -1.909 0.192 135 -99.00   74.8           1E+30           2E+30     8 359.9998   0.0004     -1.909 0.192 135 -99.00    0.000
2018-05-05-17:08:55 1.11  Mocks_Em/MockNFW80ellip5loga2.08PA50center0With_background20num21.dat BFGS         1.0e-04 0 1 0 0     NFW        0.0010   0.0007     -1.971 0.230  41 -99.00   72.1       -918.4944       -1822.363   820   0.0010   0.0007     -1.971 0.230  41 -99.00    0.155
2018-05-05-17:08:55 1.11  Mocks_Em/MockNFW80ellip5loga2.08PA50center0With_background20num22.dat BFGS         1.0e-04 0 1 0 0     NFW      359.9994   0.0004     -1.930 0.163   6 -99.00   73.4        -789.322       -1564.018   820 359.9994   0.0004     -1.930 0.163   6 -99.00    0.149
2018-05-05-17:08:55 1.11  Mocks_Em/MockNFW80ellip5loga2.08PA50center0With_background20num23.dat BFGS         1.0e-04 0 1 0 0     NFW      359.9992  -0.0012     -1.933 0.208  32 -99.00   73.1       -825.2998       -1635.974   820 359.9992  -0.0012     -1.933 0.208  32 -99.00    0.149
2018-05-05-17:08:55 1.11  Mocks_Em/MockNFW80ellip5loga2.08PA50center0With_background20num24.dat BFGS         1.0e-04 0 1 0 0     NFW      359.9991   0.0006     -1.930 0.124  39 -99.00   72.3       -783.9663       -1553.307   820 359.9991   0.0006     -1.930 0.124  39 -99.00    0.149
2018-05-05-17:08:55 1.11  Mocks_Em/MockNFW80ellip5loga2.08PA50center0With_background20num25.dat BFGS         1.0e-04 0 1 0 0     NFW      359.9995   0.0010     -1.930 0.121 159 -99.00   73.1       -810.9914       -1607.357   820 359.9995   0.0010     -1.930 0.121 159 -99.00    0.149
2018-05-05-17:08:55 1.11  Mocks_Em/MockNFW80ellip5loga2.08PA50center0With_background20num26.dat BFGS         1.0e-04 0 1 0 0     NFW        0.0004  -0.0013     -1.978 0.194  43 -99.00   64.3       -814.0594       -1613.493   820   0.0004  -0.0013     -1.978 0.194  43 -99.00    0.149
2018-05-05-17:08:55 1.11  Mocks_Em/MockNFW80ellip5loga2.08PA50center0With_background20num27.dat BFGS         1.0e-04 0 1 0 0     NFW        0.0005   0.0002     -1.962 0.031  10 -99.00   65.4       -767.8658       -1521.106   820   0.0005   0.0002     -1.962 0.031  10 -99.00    0.148
2018-05-05-17:08:55 1.11  Mocks_Em/MockNFW80ellip5loga2.08PA50center0With_background20num28.dat BFGS         1.0e-04 0 1 0 0     NFW        0.0001  -0.0007     -1.894 0.152  30 -99.00   69.9           1E+30           2E+30     8   0.0001  -0.0007     -1.894 0.152  30 -99.00    0.000
2018-05-05-17:08:55 1.11  Mocks_Em/MockNFW80ellip5loga2.08PA50center0With_background20num29.dat BFGS         1.0e-04 0 1 0 0     NFW      360.0000   0.0000     -1.912 0.154  33 -99.00   76.7           1E+30           2E+30     8 360.0000   0.0000     -1.912 0.154  33 -99.00    0.000
2018-05-05-17:08:55 1.11  Mocks_Em/MockNFW80ellip5loga2.08PA50center0With_background20num30.dat BFGS         1.0e-04 0 1 0 0     NFW      360.0000  -0.0005     -1.970 0.183  42 -99.00   71.2        -864.469       -1714.312   820 360.0000  -0.0005     -1.970 0.183  42 -99.00    0.151
2018-05-05-17:08:55 1.11  Mocks_Em/MockNFW80ellip5loga2.08PA50center0With_background20num31.dat BFGS         1.0e-04 0 1 0 0     NFW      359.9999   0.0003     -1.909 0.147  12 -99.00   75.7           1E+30           2E+30     8 359.9999   0.0003     -1.909 0.147  12 -99.00    0.000
2018-05-05-17:08:55 1.11  Mocks_Em/MockNFW80ellip5loga2.08PA50center0With_background20num32.dat BFGS         1.0e-04 0 1 0 0     NFW        0.0010   0.0008     -1.939 0.120  13 -99.00   69.3       -792.6466       -1570.668   820   0.0010   0.0008     -1.939 0.120  13 -99.00    0.148
2018-05-05-17:08:55 1.11  Mocks_Em/MockNFW80ellip5loga2.08PA50center0With_background20num33.dat BFGS         1.0e-04 0 1 0 0     NFW      359.9995  -0.0001     -1.917 0.144 153 -99.00   67.6        -705.311       -1395.996   820 359.9995  -0.0001     -1.917 0.144 153 -99.00    0.152
2018-05-05-17:08:55 1.11  Mocks_Em/MockNFW80ellip5loga2.08PA50center0With_background20num34.dat BFGS         1.0e-04 0 1 0 0     NFW      359.9975  -0.0006     -1.950 0.084   2 -99.00   71.1       -878.6035       -1742.581   820 359.9975  -0.0006     -1.950 0.084   2 -99.00    0.151
2018-05-05-17:08:55 1.11  Mocks_Em/MockNFW80ellip5loga2.08PA50center0With_background20num35.dat BFGS         1.0e-04 0 1 0 0     NFW      359.9997  -0.0001     -2.000 0.128 147 -99.00   67.1       -852.2548       -1689.884   820 359.9997  -0.0001     -2.000 0.128 147 -99.00    0.150
2018-05-05-17:08:55 1.11  Mocks_Em/MockNFW80ellip5loga2.08PA50center0With_background20num36.dat BFGS         1.0e-04 0 1 0 0     NFW      359.9998   0.0008     -1.885 0.164  24 -99.00   77.9           1E+30           2E+30     8 359.9998   0.0008     -1.885 0.164  24 -99.00    0.000
2018-05-05-17:08:55 1.11  Mocks_Em/MockNFW80ellip5loga2.08PA50center0With_background20num37.dat BFGS         1.0e-04 0 1 0 0     NFW        0.0004  -0.0005     -1.950 0.139  10 -99.00   71.0       -818.7593       -1622.893   820   0.0004  -0.0005     -1.950 0.139  10 -99.00    0.149
2018-05-05-17:08:55 1.11  Mocks_Em/MockNFW80ellip5loga2.08PA50center0With_background20num38.dat BFGS         1.0e-04 0 1 0 0     NFW      359.9999   0.0003     -1.941 0.250 143 -99.00   75.3       -818.0787       -1621.532   820 359.9999   0.0003     -1.941 0.250 143 -99.00    0.149
2018-05-05-17:08:55 1.11  Mocks_Em/MockNFW80ellip5loga2.08PA50center0With_background20num39.dat BFGS         1.0e-04 0 1 0 0     NFW        0.0007  -0.0005     -1.962 0.062  13 -99.00   71.8       -849.0623       -1683.499   820   0.0007  -0.0005     -1.962 0.062  13 -99.00    0.151
2018-05-05-17:08:55 1.11  Mocks_Em/MockNFW80ellip5loga2.08PA50center0With_background20num40.dat BFGS         1.0e-04 0 1 0 0     NFW        0.0010   0.0005     -1.933 0.145  45 -99.00   75.4       -834.2147       -1653.804   820   0.0010   0.0005     -1.933 0.145  45 -99.00    0.149
2018-05-05-17:08:55 1.11  Mocks_Em/MockNFW80ellip5loga2.08PA50center0With_background20num41.dat BFGS         1.0e-04 0 1 0 0     NFW        0.0002   0.0000     -1.925 0.208 150 -99.00   71.6       -741.5188       -1468.412   820   0.0002   0.0000     -1.925 0.208 150 -99.00    0.148
2018-05-05-17:08:55 1.11  Mocks_Em/MockNFW80ellip5loga2.08PA50center0With_background20num42.dat BFGS         1.0e-04 0 1 0 0     NFW        0.0004   0.0003     -1.935 0.157 144 -99.00   70.2       -768.6073       -1522.589   820   0.0004   0.0003     -1.935 0.157 144 -99.00    0.149
2018-05-05-17:08:55 1.11  Mocks_Em/MockNFW80ellip5loga2.08PA50center0With_background20num43.dat BFGS         1.0e-04 0 1 0 0     NFW      360.0000  -0.0005     -1.935 0.272  31 -99.00   69.6       -748.8844       -1483.143   820 360.0000  -0.0005     -1.935 0.272  31 -99.00    0.148
2018-05-05-17:08:55 1.11  Mocks_Em/MockNFW80ellip5loga2.08PA50center0With_background20num44.dat BFGS         1.0e-04 0 1 0 0     NFW      359.9999  -0.0006     -1.908 0.106 141 -99.00   76.0           1E+30           2E+30     8 359.9999  -0.0006     -1.908 0.106 141 -99.00    0.000
2018-05-05-17:08:55 1.11  Mocks_Em/MockNFW80ellip5loga2.08PA50center0With_background20num45.dat BFGS         1.0e-04 0 1 0 0     NFW        0.0005   0.0013     -1.926 0.243  36 -99.00   75.2        -816.143        -1617.66   820   0.0005   0.0013     -1.926 0.243  36 -99.00    0.149
2018-05-05-17:08:55 1.11  Mocks_Em/MockNFW80ellip5loga2.08PA50center0With_background20num46.dat BFGS         1.0e-04 0 1 0 0     NFW        0.0012   0.0001     -1.959 0.197 137 -99.00   69.0       -832.0011       -1649.377   820   0.0012   0.0001     -1.959 0.197 137 -99.00    0.149
2018-05-05-17:08:55 1.11  Mocks_Em/MockNFW80ellip5loga2.08PA50center0With_background20num47.dat BFGS         1.0e-04 0 1 0 0     NFW      359.9998   0.0001     -1.925 0.270 136 -99.00   73.9       -768.5427        -1522.46   820 359.9998   0.0001     -1.925 0.270 136 -99.00    0.148
2018-05-05-17:08:55 1.11  Mocks_Em/MockNFW80ellip5loga2.08PA50center0With_background20num48.dat BFGS         1.0e-04 0 1 0 0     NFW        0.0002  -0.0002     -1.903 0.185  24 -99.00   77.8           1E+30           2E+30     8   0.0002  -0.0002     -1.903 0.185  24 -99.00    0.000
2018-05-05-17:08:55 1.11  Mocks_Em/MockNFW80ellip5loga2.08PA50center0With_background20num49.dat BFGS         1.0e-04 0 1 0 0     NFW      359.9993  -0.0003     -1.918 0.030 156 -99.00   75.8           1E+30           2E+30     8 359.9993  -0.0003     -1.918 0.030 156 -99.00    0.000
2018-05-05-17:08:55 1.11  Mocks_Em/MockNFW80ellip5loga2.08PA50center0With_background20num50.dat BFGS         1.0e-04 0 1 0 0     NFW      359.9998  -0.0002     -1.986 0.192 153 -99.00   66.5       -830.0889       -1645.552   820 359.9998  -0.0002     -1.986 0.192 153 -99.00    0.149
2018-05-05-17:08:55 1.11  Mocks_Em/MockNFW80ellip5loga2.08PA50center0With_background20num51.dat BFGS         1.0e-04 0 1 0 0     NFW      359.9991  -0.0010     -1.933 0.163  18 -99.00   75.5       -838.8357       -1663.046   820 359.9991  -0.0010     -1.933 0.163  18 -99.00    0.150
2018-05-05-17:08:55 1.11  Mocks_Em/MockNFW80ellip5loga2.08PA50center0With_background20num52.dat BFGS         1.0e-04 0 1 0 0     NFW        0.0004   0.0007     -1.925 0.024 145 -99.00   78.5       -850.2639       -1685.902   820   0.0004   0.0007     -1.925 0.024 145 -99.00    0.150
2018-05-05-17:08:55 1.11  Mocks_Em/MockNFW80ellip5loga2.08PA50center0With_background20num53.dat BFGS         1.0e-04 0 1 0 0     NFW        0.0001  -0.0005     -1.850 0.199  45 -99.00   76.1           1E+30           2E+30     8   0.0001  -0.0005     -1.850 0.199  45 -99.00    0.000
2018-05-05-17:08:55 1.11  Mocks_Em/MockNFW80ellip5loga2.08PA50center0With_background20num54.dat BFGS         1.0e-04 0 1 0 0     NFW        0.0000   0.0004     -1.903 0.056  22 -99.00   74.1           1E+30           2E+30     8   0.0000   0.0004     -1.903 0.056  22 -99.00    0.000
2018-05-05-17:08:55 1.11  Mocks_Em/MockNFW80ellip5loga2.08PA50center0With_background20num55.dat BFGS         1.0e-04 0 1 0 0     NFW      360.0000   0.0004     -1.915 0.043  37 -99.00   75.0           1E+30           2E+30     8 360.0000   0.0004     -1.915 0.043  37 -99.00    0.000
2018-05-05-17:08:55 1.11  Mocks_Em/MockNFW80ellip5loga2.08PA50center0With_background20num56.dat BFGS         1.0e-04 0 1 0 0     NFW      359.9996  -0.0003     -1.898 0.297  34 -99.00   76.4           1E+30           2E+30     8 359.9996  -0.0003     -1.898 0.297  34 -99.00    0.000
2018-05-05-17:08:55 1.11  Mocks_Em/MockNFW80ellip5loga2.08PA50center0With_background20num57.dat BFGS         1.0e-04 0 1 0 0     NFW      360.0000  -0.0008     -1.921 0.134  28 -99.00   76.3       -806.6145       -1598.603   820 360.0000  -0.0008     -1.921 0.134  28 -99.00    0.154
2018-05-05-17:08:55 1.11  Mocks_Em/MockNFW80ellip5loga2.08PA50center0With_background20num58.dat BFGS         1.0e-04 0 1 0 0     NFW        0.0015   0.0001     -1.958 0.127  29 -99.00   68.5       -846.8639       -1679.102   820   0.0015   0.0001     -1.958 0.127  29 -99.00    0.159
2018-05-05-17:08:55 1.11  Mocks_Em/MockNFW80ellip5loga2.08PA50center0With_background20num59.dat BFGS         1.0e-04 0 1 0 0     NFW      359.9989  -0.0001     -1.905 0.052  17 -99.00   81.0           1E+30           2E+30     8 359.9989  -0.0001     -1.905 0.052  17 -99.00    0.000
2018-05-05-17:08:55 1.11  Mocks_Em/MockNFW80ellip5loga2.08PA50center0With_background20num60.dat BFGS         1.0e-04 0 1 0 0     NFW        0.0009   0.0003     -1.987 0.129  44 -99.00   64.5       -845.8642       -1677.103   820   0.0009   0.0003     -1.987 0.129  44 -99.00    0.150
2018-05-05-17:08:55 1.11  Mocks_Em/MockNFW80ellip5loga2.08PA50center0With_background20num61.dat BFGS         1.0e-04 0 1 0 0     NFW        0.0011   0.0004     -1.958 0.177 159 -99.00   64.9         -781.52       -1548.414   820   0.0011   0.0004     -1.958 0.177 159 -99.00    0.149
2018-05-05-17:08:55 1.11  Mocks_Em/MockNFW80ellip5loga2.08PA50center0With_background20num62.dat BFGS         1.0e-04 0 1 0 0     NFW      359.9997   0.0015     -1.929 0.093  32 -99.00   76.8       -858.7282       -1702.831   820 359.9997   0.0015     -1.929 0.093  32 -99.00    0.151
2018-05-05-17:08:55 1.11  Mocks_Em/MockNFW80ellip5loga2.08PA50center0With_background20num63.dat BFGS         1.0e-04 0 1 0 0     NFW      359.9992   0.0001     -1.899 0.083 135 -99.00   78.7           1E+30           2E+30     8 359.9992   0.0001     -1.899 0.083 135 -99.00    0.000
2018-05-05-17:08:55 1.11  Mocks_Em/MockNFW80ellip5loga2.08PA50center0With_background20num64.dat BFGS         1.0e-04 0 1 0 0     NFW      359.9993  -0.0001     -1.915 0.179 141 -99.00   76.8       -794.7145       -1574.803   820 359.9993  -0.0001     -1.915 0.179 141 -99.00    0.149
2018-05-05-17:08:55 1.11  Mocks_Em/MockNFW80ellip5loga2.08PA50center0With_background20num65.dat BFGS         1.0e-04 0 1 0 0     NFW      359.9996  -0.0008     -1.961 0.204  45 -99.00   65.1       -790.8041       -1566.983   820 359.9996  -0.0008     -1.961 0.204  45 -99.00    0.148
2018-05-05-17:08:55 1.11  Mocks_Em/MockNFW80ellip5loga2.08PA50center0With_background20num66.dat BFGS         1.0e-04 0 1 0 0     NFW        0.0013  -0.0001     -1.989 0.235  29 -99.00   64.1       -839.4966       -1664.368   820   0.0013  -0.0001     -1.989 0.235  29 -99.00    0.149
2018-05-05-17:08:55 1.11  Mocks_Em/MockNFW80ellip5loga2.08PA50center0With_background20num67.dat BFGS         1.0e-04 0 1 0 0     NFW      359.9998   0.0013     -1.958 0.215 155 -99.00   68.5       -821.8883       -1629.151   820 359.9998   0.0013     -1.958 0.215 155 -99.00    0.149
2018-05-05-17:08:55 1.11  Mocks_Em/MockNFW80ellip5loga2.08PA50center0With_background20num68.dat BFGS         1.0e-04 0 1 0 0     NFW      359.9996   0.0003     -1.898 0.155 142 -99.00   77.9           1E+30           2E+30     8 359.9996   0.0003     -1.898 0.155 142 -99.00    0.000
2018-05-05-17:08:55 1.11  Mocks_Em/MockNFW80ellip5loga2.08PA50center0With_background20num69.dat BFGS         1.0e-04 0 1 0 0     NFW      359.9998   0.0003     -1.993 0.126  42 -99.00   60.1       -753.2599       -1491.894   820 359.9998   0.0003     -1.993 0.126  42 -99.00    0.148
2018-05-05-17:08:55 1.11  Mocks_Em/MockNFW80ellip5loga2.08PA50center0With_background20num70.dat BFGS         1.0e-04 0 1 0 0     NFW        0.0003  -0.0002     -1.905 0.218  31 -99.00   72.0           1E+30           2E+30     8   0.0003  -0.0002     -1.905 0.218  31 -99.00    0.000
2018-05-05-17:08:55 1.11  Mocks_Em/MockNFW80ellip5loga2.08PA50center0With_background20num71.dat BFGS         1.0e-04 0 1 0 0     NFW      359.9993  -0.0001     -1.965 0.082  23 -99.00   71.2       -848.6071       -1682.589   820 359.9993  -0.0001     -1.965 0.082  23 -99.00    0.149
2018-05-05-17:08:55 1.11  Mocks_Em/MockNFW80ellip5loga2.08PA50center0With_background20num72.dat BFGS         1.0e-04 0 1 0 0     NFW      359.9998  -0.0004     -1.921 0.227  38 -99.00   77.6           1E+30           2E+30     8 359.9998  -0.0004     -1.921 0.227  38 -99.00    0.000
2018-05-05-17:08:55 1.11  Mocks_Em/MockNFW80ellip5loga2.08PA50center0With_background20num73.dat BFGS         1.0e-04 0 1 0 0     NFW      359.9988  -0.0004     -1.930 0.146 159 -99.00   75.9       -841.3555       -1668.085   820 359.9988  -0.0004     -1.930 0.146 159 -99.00    0.154
2018-05-05-17:08:55 1.11  Mocks_Em/MockNFW80ellip5loga2.08PA50center0With_background20num74.dat BFGS         1.0e-04 0 1 0 0     NFW      359.9991   0.0001     -1.963 0.055 165 -99.00   66.1       -804.7588       -1594.892   820 359.9991   0.0001     -1.963 0.055 165 -99.00    0.149
2018-05-05-17:08:55 1.11  Mocks_Em/MockNFW80ellip5loga2.08PA50center0With_background20num75.dat BFGS         1.0e-04 0 1 0 0     NFW      359.9996   0.0011     -1.941 0.087  26 -99.00   75.3       -814.5262       -1614.427   820 359.9996   0.0011     -1.941 0.087  26 -99.00    0.149
2018-05-05-17:08:55 1.11  Mocks_Em/MockNFW80ellip5loga2.08PA50center0With_background20num76.dat BFGS         1.0e-04 0 1 0 0     NFW      359.9996  -0.0005     -1.947 0.057 140 -99.00   70.0        -795.114       -1575.602   820 359.9996  -0.0005     -1.947 0.057 140 -99.00    0.149
2018-05-05-17:08:55 1.11  Mocks_Em/MockNFW80ellip5loga2.08PA50center0With_background20num77.dat BFGS         1.0e-04 0 1 0 0     NFW      359.9996  -0.0005     -1.953 0.156 159 -99.00   71.8       -817.0831       -1619.541   820 359.9996  -0.0005     -1.953 0.156 159 -99.00    0.149
2018-05-05-17:08:55 1.11  Mocks_Em/MockNFW80ellip5loga2.08PA50center0With_background20num78.dat BFGS         1.0e-04 0 1 0 0     NFW      359.9999   0.0001     -1.936 0.055 149 -99.00   72.5       -761.9721       -1509.319   820 359.9999   0.0001     -1.936 0.055 149 -99.00    0.148
2018-05-05-17:08:55 1.11  Mocks_Em/MockNFW80ellip5loga2.08PA50center0With_background20num79.dat BFGS         1.0e-04 0 1 0 0     NFW        0.0003   0.0008     -1.946 0.117 140 -99.00   66.9       -776.8563       -1539.087   820   0.0003   0.0008     -1.946 0.117 140 -99.00    0.149
2018-05-05-17:08:55 1.11  Mocks_Em/MockNFW80ellip5loga2.08PA50center0With_background20num80.dat BFGS         1.0e-04 0 1 0 0     NFW        0.0004   0.0005     -1.966 0.057  22 -99.00   65.2       -766.0043       -1517.383   820   0.0004   0.0005     -1.966 0.057  22 -99.00    0.148
2018-05-05-17:08:55 1.11  Mocks_Em/MockNFW80ellip5loga2.08PA50center0With_background20num81.dat BFGS         1.0e-04 0 1 0 0     NFW      359.9997  -0.0003     -1.930 0.094 156 -99.00   75.0       -792.0669       -1569.508   820 359.9997  -0.0003     -1.930 0.094 156 -99.00    0.148
2018-05-05-17:08:55 1.11  Mocks_Em/MockNFW80ellip5loga2.08PA50center0With_background20num82.dat BFGS         1.0e-04 0 1 0 0     NFW      359.9993  -0.0002     -1.981 0.147  20 -99.00   63.8       -799.0947       -1583.564   820 359.9993  -0.0002     -1.981 0.147  20 -99.00    0.148
2018-05-05-17:08:55 1.11  Mocks_Em/MockNFW80ellip5loga2.08PA50center0With_background20num83.dat BFGS         1.0e-04 0 1 0 0     NFW      359.9999   0.0006     -1.935 0.168  33 -99.00   72.4       -772.3686       -1530.112   820 359.9999   0.0006     -1.935 0.168  33 -99.00    0.150
2018-05-05-17:08:55 1.11  Mocks_Em/MockNFW80ellip5loga2.08PA50center0With_background20num84.dat BFGS         1.0e-04 0 1 0 0     NFW        0.0007  -0.0005     -1.924 0.091 172 -99.00   71.9       -768.0538       -1521.482   820   0.0007  -0.0005     -1.924 0.091 172 -99.00    0.148
2018-05-05-17:08:55 1.11  Mocks_Em/MockNFW80ellip5loga2.08PA50center0With_background20num85.dat BFGS         1.0e-04 0 1 0 0     NFW        0.0006  -0.0005     -1.903 0.055   3 -99.00   79.9           1E+30           2E+30     8   0.0006  -0.0005     -1.903 0.055   3 -99.00    0.000
2018-05-05-17:08:55 1.11  Mocks_Em/MockNFW80ellip5loga2.08PA50center0With_background20num86.dat BFGS         1.0e-04 0 1 0 0     NFW        0.0004  -0.0017     -1.964 0.105  10 -99.00   72.2       -854.0448       -1693.464   820   0.0004  -0.0017     -1.964 0.105  10 -99.00    0.149
2018-05-05-17:08:55 1.11  Mocks_Em/MockNFW80ellip5loga2.08PA50center0With_background20num87.dat BFGS         1.0e-04 0 1 0 0     NFW        0.0006  -0.0003     -1.930 0.039  40 -99.00   70.9       -779.9607       -1545.296   820   0.0006  -0.0003     -1.930 0.039  40 -99.00    0.149
2018-05-05-17:08:55 1.11  Mocks_Em/MockNFW80ellip5loga2.08PA50center0With_background20num88.dat BFGS         1.0e-04 0 1 0 0     NFW        0.0005   0.0004     -1.958 0.021  17 -99.00   68.7       -808.5365       -1602.447   820   0.0005   0.0004     -1.958 0.021  17 -99.00    0.149
2018-05-05-17:08:55 1.11  Mocks_Em/MockNFW80ellip5loga2.08PA50center0With_background20num89.dat BFGS         1.0e-04 0 1 0 0     NFW      360.0000  -0.0000     -1.932 0.124 150 -99.00   68.8       -731.1544       -1447.683   820 360.0000  -0.0000     -1.932 0.124 150 -99.00    0.149
2018-05-05-17:08:55 1.11  Mocks_Em/MockNFW80ellip5loga2.08PA50center0With_background20num90.dat BFGS         1.0e-04 0 1 0 0     NFW        0.0013   0.0009     -1.908 0.129  41 -99.00   79.3        -855.673        -1696.72   820   0.0013   0.0009     -1.908 0.129  41 -99.00    0.150
2018-05-05-17:08:55 1.11  Mocks_Em/MockNFW80ellip5loga2.08PA50center0With_background20num91.dat BFGS         1.0e-04 0 1 0 0     NFW        0.0002  -0.0004     -1.938 0.179  16 -99.00   71.3       -778.5292       -1542.433   820   0.0002  -0.0004     -1.938 0.179  16 -99.00    0.152
2018-05-05-17:08:55 1.11  Mocks_Em/MockNFW80ellip5loga2.08PA50center0With_background20num92.dat BFGS         1.0e-04 0 1 0 0     NFW      359.9988   0.0002     -1.902 0.116  30 -99.00   76.9       -792.5122       -1570.399   820 359.9988   0.0002     -1.902 0.116  30 -99.00    0.149
2018-05-05-17:08:55 1.11  Mocks_Em/MockNFW80ellip5loga2.08PA50center0With_background20num93.dat BFGS         1.0e-04 0 1 0 0     NFW      359.9998  -0.0003     -1.962 0.197 148 -99.00   65.6         -744.21       -1473.794   820 359.9998  -0.0003     -1.962 0.197 148 -99.00    0.147
2018-05-05-17:08:55 1.11  Mocks_Em/MockNFW80ellip5loga2.08PA50center0With_background20num94.dat BFGS         1.0e-04 0 1 0 0     NFW        0.0004   0.0001     -1.964 0.180  15 -99.00   66.3       -781.4401       -1548.255   820   0.0004   0.0001     -1.964 0.180  15 -99.00    0.149
2018-05-05-17:08:55 1.11  Mocks_Em/MockNFW80ellip5loga2.08PA50center0With_background20num95.dat BFGS         1.0e-04 0 1 0 0     NFW        0.0001  -0.0009     -1.890 0.141  23 -99.00   76.1           1E+30           2E+30     8   0.0001  -0.0009     -1.890 0.141  23 -99.00    0.000
2018-05-05-17:08:55 1.11  Mocks_Em/MockNFW80ellip5loga2.08PA50center0With_background20num96.dat BFGS         1.0e-04 0 1 0 0     NFW        0.0007   0.0006     -1.942 0.160 143 -99.00   70.7       -815.5164       -1616.407   820   0.0007   0.0006     -1.942 0.160 143 -99.00    0.153
2018-05-05-17:08:55 1.11  Mocks_Em/MockNFW80ellip5loga2.08PA50center0With_background20num97.dat BFGS         1.0e-04 0 1 0 0     NFW        0.0006  -0.0003     -1.946 0.058 146 -99.00   73.8       -839.2594       -1663.893   820   0.0006  -0.0003     -1.946 0.058 146 -99.00    0.157
2018-05-05-17:08:55 1.11  Mocks_Em/MockNFW80ellip5loga2.08PA50center0With_background20num98.dat BFGS         1.0e-04 0 1 0 0     NFW        0.0007   0.0007     -1.935 0.160  38 -99.00   73.6       -788.4401       -1562.255   820   0.0007   0.0007     -1.935 0.160  38 -99.00    0.157
2018-05-05-17:08:55 1.11  Mocks_Em/MockNFW80ellip5loga2.08PA50center0With_background20num99.dat BFGS         1.0e-04 0 1 0 0     NFW      359.9999   0.0000     -1.926 0.165 138 -99.00   75.0       -788.2211       -1561.817   820 359.9999   0.0000     -1.926 0.165 138 -99.00    0.155
