2018-05-05-17:08:27 1.11  Mocks_Em/MockNFW80ellip5loga2.08PA50center0With_background20num0.dat Diff-Evol    1.0e-04 0 1 0 0     NFW      359.9992  -0.0007     -2.026 0.345  38 -99.00   55.7       -804.6358       -1594.646   458 359.9992  -0.0007     -1.963 0.149 146 -99.00    0.232
2018-05-05-17:08:27 1.11  Mocks_Em/MockNFW80ellip5loga2.08PA50center0With_background20num1.dat Diff-Evol    1.0e-04 0 1 0 0     NFW        0.0011   0.0004     -1.903 0.366  26 -99.00   73.4       -751.1982       -1487.771   472   0.0011   0.0004     -1.927 0.088 159 -99.00    0.169
2018-05-05-17:08:27 1.11  Mocks_Em/MockNFW80ellip5loga2.08PA50center0With_background20num2.dat Diff-Evol    1.0e-04 0 1 0 0     NFW      359.9988   0.0001     -1.912 0.539  40 -99.00   77.1        -793.216       -1571.806   652 359.9988   0.0001     -1.909 0.182 139 -99.00    0.237
2018-05-05-17:08:27 1.11  Mocks_Em/MockNFW80ellip5loga2.08PA50center0With_background20num3.dat Diff-Evol    1.0e-04 0 1 0 0     NFW        0.0004  -0.0005     -1.906 0.348  20 -99.00   71.9       -737.6632       -1460.701   465   0.0004  -0.0005     -1.884 0.115 154 -99.00    0.163
2018-05-05-17:08:27 1.11  Mocks_Em/MockNFW80ellip5loga2.08PA50center0With_background20num4.dat Diff-Evol    1.0e-04 0 1 0 0     NFW        0.0011   0.0005     -1.895 0.401  63 -99.00   80.9       -826.5157       -1638.406   403   0.0011   0.0005     -1.978 0.069  18 -99.00    0.141
2018-05-05-17:08:27 1.11  Mocks_Em/MockNFW80ellip5loga2.08PA50center0With_background20num5.dat Diff-Evol    1.0e-04 0 1 0 0     NFW        0.0005   0.0001     -1.909 0.497  43 -99.00   84.0       -868.3772       -1722.129   479   0.0005   0.0001     -2.001 0.216 140 -99.00    0.169
2018-05-05-17:08:27 1.11  Mocks_Em/MockNFW80ellip5loga2.08PA50center0With_background20num6.dat Diff-Evol    1.0e-04 0 1 0 0     NFW      359.9995   0.0001     -1.933 0.352  50 -99.00   68.9       -752.1494       -1489.673   486 359.9995   0.0001     -1.908 0.128  23 -99.00    0.174
2018-05-05-17:08:27 1.11  Mocks_Em/MockNFW80ellip5loga2.08PA50center0With_background20num7.dat Diff-Evol    1.0e-04 0 1 0 0     NFW        0.0002   0.0007     -1.905 0.348  33 -99.00   77.9       -796.9908       -1579.356   437   0.0002   0.0007     -1.913 0.181 141 -99.00    0.159
2018-05-05-17:08:27 1.11  Mocks_Em/MockNFW80ellip5loga2.08PA50center0With_background20num8.dat Diff-Evol    1.0e-04 0 1 0 0     NFW        0.0004   0.0004     -2.106 0.288  33 -99.00   45.5       -775.3858       -1536.146   402   0.0004   0.0004     -1.965 0.095 162 -99.00    0.146
2018-05-05-17:08:27 1.11  Mocks_Em/MockNFW80ellip5loga2.08PA50center0With_background20num9.dat Diff-Evol    1.0e-04 0 1 0 0     NFW      359.9995  -0.0001     -1.910 0.391  61 -99.00   79.4       -816.7348       -1618.844   437 359.9995  -0.0001     -1.893 0.178  30 -99.00    0.157
2018-05-05-17:08:27 1.11  Mocks_Em/MockNFW80ellip5loga2.08PA50center0With_background20num10.dat Diff-Evol    1.0e-04 0 1 0 0     NFW      359.9993  -0.0003     -1.907 0.551  47 -99.00   81.7       -842.3556       -1670.086   479 359.9993  -0.0003     -1.968 0.227  44 -99.00    0.173
2018-05-05-17:08:27 1.11  Mocks_Em/MockNFW80ellip5loga2.08PA50center0With_background20num11.dat Diff-Evol    1.0e-04 0 1 0 0     NFW        0.0006   0.0000     -1.906 0.421  42 -99.00   78.7       -810.2485       -1605.871   444   0.0006   0.0000     -1.957 0.242 146 -99.00    0.160
2018-05-05-17:08:27 1.11  Mocks_Em/MockNFW80ellip5loga2.08PA50center0With_background20num12.dat Diff-Evol    1.0e-04 0 1 0 0     NFW      359.9989  -0.0008     -1.977 0.335  42 -99.00   64.9       -843.6854       -1672.745   382 359.9989  -0.0008     -1.971 0.069 154 -99.00    0.134
2018-05-05-17:08:27 1.11  Mocks_Em/MockNFW80ellip5loga2.08PA50center0With_background20num13.dat Diff-Evol    1.0e-04 0 1 0 0     NFW        0.0000  -0.0009     -1.909 0.327  51 -99.00   76.4       -784.0914       -1553.557   605   0.0000  -0.0009     -1.936 0.140  36 -99.00    0.213
2018-05-05-17:08:27 1.11  Mocks_Em/MockNFW80ellip5loga2.08PA50center0With_background20num14.dat Diff-Evol    1.0e-04 0 1 0 0     NFW        0.0004   0.0006     -1.908 0.322  23 -99.00   75.6       -777.0843       -1539.543   589   0.0004   0.0006     -1.949 0.192 179 -99.00    0.219
2018-05-05-17:08:27 1.11  Mocks_Em/MockNFW80ellip5loga2.08PA50center0With_background20num15.dat Diff-Evol    1.0e-04 0 1 0 0     NFW      359.9997   0.0006     -1.907 0.325  68 -99.00   79.4        -817.792       -1620.958   458 359.9997   0.0006     -1.957 0.062  29 -99.00    0.175
2018-05-05-17:08:27 1.11  Mocks_Em/MockNFW80ellip5loga2.08PA50center0With_background20num16.dat Diff-Evol    1.0e-04 0 1 0 0     NFW        0.0008  -0.0007     -1.896 0.263  32 -99.00   79.4       -798.8773       -1583.129   610   0.0008  -0.0007     -1.900 0.120 159 -99.00    0.238
2018-05-05-17:08:27 1.11  Mocks_Em/MockNFW80ellip5loga2.08PA50center0With_background20num17.dat Diff-Evol    1.0e-04 0 1 0 0     NFW      359.9987  -0.0004     -1.884 0.321  35 -99.00   86.2        -866.703        -1718.78   569 359.9987  -0.0004     -1.895 0.155 149 -99.00    0.219
2018-05-05-17:08:27 1.11  Mocks_Em/MockNFW80ellip5loga2.08PA50center0With_background20num18.dat Diff-Evol    1.0e-04 0 1 0 0     NFW      359.9992   0.0010     -1.896 0.544  50 -99.00   84.0       -854.8098       -1694.994   513 359.9992   0.0010     -1.926 0.221  42 -99.00    0.185
2018-05-05-17:08:27 1.11  Mocks_Em/MockNFW80ellip5loga2.08PA50center0With_background20num19.dat Diff-Evol    1.0e-04 0 1 0 0     NFW        0.0010   0.0013     -1.993 0.444  16 -99.00   64.5       -890.2686       -1765.912   486   0.0010   0.0013     -1.987 0.175 164 -99.00    0.172
2018-05-05-17:08:27 1.11  Mocks_Em/MockNFW80ellip5loga2.08PA50center0With_background20num20.dat Diff-Evol    1.0e-04 0 1 0 0     NFW      359.9998   0.0004     -1.913 0.370  46 -99.00   74.1       -763.6231       -1512.621   458 359.9998   0.0004     -1.909 0.192 135 -99.00    0.171
2018-05-05-17:08:27 1.11  Mocks_Em/MockNFW80ellip5loga2.08PA50center0With_background20num21.dat Diff-Evol    1.0e-04 0 1 0 0     NFW        0.0010   0.0007     -1.889 0.451  44 -99.00   90.0       -919.7373       -1824.849   451   0.0010   0.0007     -1.971 0.230  41 -99.00    0.165
2018-05-05-17:08:27 1.11  Mocks_Em/MockNFW80ellip5loga2.08PA50center0With_background20num22.dat Diff-Evol    1.0e-04 0 1 0 0     NFW      359.9994   0.0004     -2.149 0.294  87 -99.00   42.1       -792.6593       -1570.693   306 359.9994   0.0004     -1.930 0.163   6 -99.00    0.106
2018-05-05-17:08:27 1.11  Mocks_Em/MockNFW80ellip5loga2.08PA50center0With_background20num23.dat Diff-Evol    1.0e-04 0 1 0 0     NFW      359.9992  -0.0012     -1.896 0.604  67 -99.00   80.9       -831.0738       -1647.522   562 359.9992  -0.0012     -1.933 0.208  32 -99.00    0.204
2018-05-05-17:08:27 1.11  Mocks_Em/MockNFW80ellip5loga2.08PA50center0With_background20num24.dat Diff-Evol    1.0e-04 0 1 0 0     NFW      359.9991   0.0006     -1.906 0.029  14 -99.00   77.1       -784.0822       -1553.539   444 359.9991   0.0006     -1.930 0.124  39 -99.00    0.164
2018-05-05-17:08:27 1.11  Mocks_Em/MockNFW80ellip5loga2.08PA50center0With_background20num25.dat Diff-Evol    1.0e-04 0 1 0 0     NFW      359.9995   0.0010     -1.896 0.272  25 -99.00   80.2       -812.1478        -1609.67   534 359.9995   0.0010     -1.930 0.121 159 -99.00    0.195
2018-05-05-17:08:27 1.11  Mocks_Em/MockNFW80ellip5loga2.08PA50center0With_background20num26.dat Diff-Evol    1.0e-04 0 1 0 0     NFW        0.0004  -0.0013     -1.900 0.523  61 -99.00   79.4       -816.0586       -1617.492   514   0.0004  -0.0013     -1.978 0.194  43 -99.00    0.184
2018-05-05-17:08:27 1.11  Mocks_Em/MockNFW80ellip5loga2.08PA50center0With_background20num27.dat Diff-Evol    1.0e-04 0 1 0 0     NFW        0.0005   0.0002     -1.954 0.313  63 -99.00   66.8       -769.0165       -1523.407   354   0.0005   0.0002     -1.962 0.031  10 -99.00    0.123
2018-05-05-17:08:27 1.11  Mocks_Em/MockNFW80ellip5loga2.08PA50center0With_background20num28.dat Diff-Evol    1.0e-04 0 1 0 0     NFW        0.0001  -0.0007     -1.923 0.364  47 -99.00   64.3       -667.4374       -1320.249   458   0.0001  -0.0007     -1.894 0.152  30 -99.00    0.159
2018-05-05-17:08:27 1.11  Mocks_Em/MockNFW80ellip5loga2.08PA50center0With_background20num29.dat Diff-Evol    1.0e-04 0 1 0 0     NFW      360.0000   0.0000     -1.925 0.511  61 -99.00   74.1       -765.6197       -1516.614   479 360.0000   0.0000     -1.912 0.154  33 -99.00    0.167
2018-05-05-17:08:27 1.11  Mocks_Em/MockNFW80ellip5loga2.08PA50center0With_background20num30.dat Diff-Evol    1.0e-04 0 1 0 0     NFW      360.0000  -0.0005     -1.909 0.547  44 -99.00   84.0       -867.0458       -1719.466   375 360.0000  -0.0005     -1.970 0.183  42 -99.00    0.131
2018-05-05-17:08:27 1.11  Mocks_Em/MockNFW80ellip5loga2.08PA50center0With_background20num31.dat Diff-Evol    1.0e-04 0 1 0 0     NFW      359.9999   0.0003     -1.923 0.267  79 -99.00   72.6       -750.4378        -1486.25   438 359.9999   0.0003     -1.909 0.147  12 -99.00    0.158
2018-05-05-17:08:27 1.11  Mocks_Em/MockNFW80ellip5loga2.08PA50center0With_background20num32.dat Diff-Evol    1.0e-04 0 1 0 0     NFW        0.0010   0.0008     -1.973 0.398  69 -99.00   63.3       -795.3284       -1576.031   382   0.0010   0.0008     -1.939 0.120  13 -99.00    0.139
2018-05-05-17:08:27 1.11  Mocks_Em/MockNFW80ellip5loga2.08PA50center0With_background20num33.dat Diff-Evol    1.0e-04 0 1 0 0     NFW      359.9995  -0.0001     -2.017 0.316  37 -99.00   51.6        -707.322       -1400.018   382 359.9995  -0.0001     -1.917 0.144 153 -99.00    0.138
2018-05-05-17:08:27 1.11  Mocks_Em/MockNFW80ellip5loga2.08PA50center0With_background20num34.dat Diff-Evol    1.0e-04 0 1 0 0     NFW      359.9975  -0.0006     -1.873 0.242  86 -99.00   87.7       -879.7769       -1744.928   479 359.9975  -0.0006     -1.950 0.084   2 -99.00    0.168
2018-05-05-17:08:27 1.11  Mocks_Em/MockNFW80ellip5loga2.08PA50center0With_background20num35.dat Diff-Evol    1.0e-04 0 1 0 0     NFW      359.9997  -0.0001     -1.924 0.361  46 -99.00   82.4       -855.7036       -1696.782   472 359.9997  -0.0001     -2.000 0.128 147 -99.00    0.166
2018-05-05-17:08:27 1.11  Mocks_Em/MockNFW80ellip5loga2.08PA50center0With_background20num36.dat Diff-Evol    1.0e-04 0 1 0 0     NFW      359.9998   0.0008     -1.902 0.323  63 -99.00   74.1        -751.552       -1488.478   520 359.9998   0.0008     -1.885 0.164  24 -99.00    0.188
2018-05-05-17:08:27 1.11  Mocks_Em/MockNFW80ellip5loga2.08PA50center0With_background20num37.dat Diff-Evol    1.0e-04 0 1 0 0     NFW        0.0004  -0.0005     -1.909 0.459  79 -99.00   79.4       -822.2715       -1629.917   389   0.0004  -0.0005     -1.950 0.139  10 -99.00    0.134
2018-05-05-17:08:27 1.11  Mocks_Em/MockNFW80ellip5loga2.08PA50center0With_background20num38.dat Diff-Evol    1.0e-04 0 1 0 0     NFW      359.9999   0.0003     -1.921 0.549  42 -99.00   79.4       -825.5525       -1636.479   451 359.9999   0.0003     -1.941 0.250 143 -99.00    0.159
2018-05-05-17:08:27 1.11  Mocks_Em/MockNFW80ellip5loga2.08PA50center0With_background20num39.dat Diff-Evol    1.0e-04 0 1 0 0     NFW        0.0007  -0.0005     -1.908 0.303  73 -99.00   83.2       -850.5551       -1686.485   534   0.0007  -0.0005     -1.962 0.062  13 -99.00    0.189
2018-05-05-17:08:27 1.11  Mocks_Em/MockNFW80ellip5loga2.08PA50center0With_background20num40.dat Diff-Evol    1.0e-04 0 1 0 0     NFW        0.0010   0.0005     -1.900 0.421  37 -99.00   82.4       -835.7996       -1656.974   624   0.0010   0.0005     -1.933 0.145  45 -99.00    0.223
2018-05-05-17:08:27 1.11  Mocks_Em/MockNFW80ellip5loga2.08PA50center0With_background20num41.dat Diff-Evol    1.0e-04 0 1 0 0     NFW        0.0002   0.0000     -1.920 0.538  30 -99.00   72.6       -747.4364       -1480.247   437   0.0002   0.0000     -1.925 0.208 150 -99.00    0.153
2018-05-05-17:08:27 1.11  Mocks_Em/MockNFW80ellip5loga2.08PA50center0With_background20num42.dat Diff-Evol    1.0e-04 0 1 0 0     NFW        0.0004   0.0003     -1.912 0.289 124 -99.00   74.9       -768.8644       -1523.103   527   0.0004   0.0003     -1.935 0.157 144 -99.00    0.188
2018-05-05-17:08:27 1.11  Mocks_Em/MockNFW80ellip5loga2.08PA50center0With_background20num43.dat Diff-Evol    1.0e-04 0 1 0 0     NFW      360.0000  -0.0005     -1.919 0.622  60 -99.00   72.6       -754.3126           -1494   548 360.0000  -0.0005     -1.935 0.272  31 -99.00    0.197
2018-05-05-17:08:27 1.11  Mocks_Em/MockNFW80ellip5loga2.08PA50center0With_background20num44.dat Diff-Evol    1.0e-04 0 1 0 0     NFW      359.9999  -0.0006     -1.909 0.350  40 -99.00   75.6       -778.5417       -1542.458   430 359.9999  -0.0006     -1.908 0.106 141 -99.00    0.152
2018-05-05-17:08:27 1.11  Mocks_Em/MockNFW80ellip5loga2.08PA50center0With_background20num45.dat Diff-Evol    1.0e-04 0 1 0 0     NFW        0.0005   0.0013     -1.906 0.551  55 -99.00   79.4       -819.1305       -1623.635   458   0.0005   0.0013     -1.926 0.243  36 -99.00    0.161
2018-05-05-17:08:27 1.11  Mocks_Em/MockNFW80ellip5loga2.08PA50center0With_background20num46.dat Diff-Evol    1.0e-04 0 1 0 0     NFW        0.0012   0.0001     -1.897 0.403  37 -99.00   81.7       -837.1761       -1659.727   521   0.0012   0.0001     -1.959 0.197 137 -99.00    0.186
2018-05-05-17:08:27 1.11  Mocks_Em/MockNFW80ellip5loga2.08PA50center0With_background20num47.dat Diff-Evol    1.0e-04 0 1 0 0     NFW      359.9998   0.0001     -1.920 0.531  51 -99.00   74.9       -777.5104       -1540.395   451 359.9998   0.0001     -1.925 0.270 136 -99.00    0.162
2018-05-05-17:08:27 1.11  Mocks_Em/MockNFW80ellip5loga2.08PA50center0With_background20num48.dat Diff-Evol    1.0e-04 0 1 0 0     NFW        0.0002  -0.0002     -1.913 0.372  62 -99.00   75.6       -772.9367       -1531.248   617   0.0002  -0.0002     -1.903 0.185  24 -99.00    0.225
2018-05-05-17:08:27 1.11  Mocks_Em/MockNFW80ellip5loga2.08PA50center0With_background20num49.dat Diff-Evol    1.0e-04 0 1 0 0     NFW      359.9993  -0.0003     -1.918 0.256  66 -99.00   75.6       -778.9229        -1543.22   548 359.9993  -0.0003     -1.918 0.030 156 -99.00    0.198
2018-05-05-17:08:27 1.11  Mocks_Em/MockNFW80ellip5loga2.08PA50center0With_background20num50.dat Diff-Evol    1.0e-04 0 1 0 0     NFW      359.9998  -0.0002     -2.048 0.576  35 -99.00   56.6       -838.5225       -1662.419   389 359.9998  -0.0002     -1.986 0.192 153 -99.00    0.141
2018-05-05-17:08:27 1.11  Mocks_Em/MockNFW80ellip5loga2.08PA50center0With_background20num51.dat Diff-Evol    1.0e-04 0 1 0 0     NFW      359.9991  -0.0010     -1.901 0.494  69 -99.00   82.4       -843.8402       -1673.055   500 359.9991  -0.0010     -1.933 0.163  18 -99.00    0.183
2018-05-05-17:08:27 1.11  Mocks_Em/MockNFW80ellip5loga2.08PA50center0With_background20num52.dat Diff-Evol    1.0e-04 0 1 0 0     NFW        0.0004   0.0007     -1.904 0.261  51 -99.00   83.2       -850.6999       -1686.774   409   0.0004   0.0007     -1.925 0.024 145 -99.00    0.146
2018-05-05-17:08:27 1.11  Mocks_Em/MockNFW80ellip5loga2.08PA50center0With_background20num53.dat Diff-Evol    1.0e-04 0 1 0 0     NFW        0.0001  -0.0005     -1.922 0.320  46 -99.00   62.0       -637.7681       -1260.911   451   0.0001  -0.0005     -1.850 0.199  45 -99.00    0.156
2018-05-05-17:08:27 1.11  Mocks_Em/MockNFW80ellip5loga2.08PA50center0With_background20num54.dat Diff-Evol    1.0e-04 0 1 0 0     NFW        0.0000   0.0004     -1.917 0.024  84 -99.00   71.1       -730.5942       -1446.563   416   0.0000   0.0004     -1.903 0.056  22 -99.00    0.147
2018-05-05-17:08:27 1.11  Mocks_Em/MockNFW80ellip5loga2.08PA50center0With_background20num55.dat Diff-Evol    1.0e-04 0 1 0 0     NFW      360.0000   0.0004     -1.923 0.252  57 -99.00   73.4       -757.8535       -1501.081   479 360.0000   0.0004     -1.915 0.043  37 -99.00    0.167
2018-05-05-17:08:27 1.11  Mocks_Em/MockNFW80ellip5loga2.08PA50center0With_background20num56.dat Diff-Evol    1.0e-04 0 1 0 0     NFW      359.9996  -0.0003     -1.909 0.505  48 -99.00   74.1       -754.5596       -1494.494   555 359.9996  -0.0003     -1.898 0.297  34 -99.00    0.198
2018-05-05-17:08:27 1.11  Mocks_Em/MockNFW80ellip5loga2.08PA50center0With_background20num57.dat Diff-Evol    1.0e-04 0 1 0 0     NFW      360.0000  -0.0008     -1.910 0.344  46 -99.00   78.7       -807.9022       -1601.179   520 360.0000  -0.0008     -1.921 0.134  28 -99.00    0.185
2018-05-05-17:08:27 1.11  Mocks_Em/MockNFW80ellip5loga2.08PA50center0With_background20num58.dat Diff-Evol    1.0e-04 0 1 0 0     NFW        0.0015   0.0001     -1.917 0.290  73 -99.00   76.5       -847.6585       -1680.691   382   0.0015   0.0001     -1.958 0.127  29 -99.00    0.133
2018-05-05-17:08:27 1.11  Mocks_Em/MockNFW80ellip5loga2.08PA50center0With_background20num59.dat Diff-Evol    1.0e-04 0 1 0 0     NFW      359.9989  -0.0001     -1.905 0.019  38 -99.00   80.9       -820.0118       -1625.398   548 359.9989  -0.0001     -1.905 0.052  17 -99.00    0.195
2018-05-05-17:08:27 1.11  Mocks_Em/MockNFW80ellip5loga2.08PA50center0With_background20num60.dat Diff-Evol    1.0e-04 0 1 0 0     NFW        0.0009   0.0003     -1.982 0.320  24 -99.00   65.4       -846.5909       -1678.556   396   0.0009   0.0003     -1.987 0.129  44 -99.00    0.138
2018-05-05-17:08:27 1.11  Mocks_Em/MockNFW80ellip5loga2.08PA50center0With_background20num61.dat Diff-Evol    1.0e-04 0 1 0 0     NFW        0.0011   0.0004     -1.898 0.555  32 -99.00   76.4       -787.1133       -1559.601   479   0.0011   0.0004     -1.958 0.177 159 -99.00    0.167
2018-05-05-17:08:27 1.11  Mocks_Em/MockNFW80ellip5loga2.08PA50center0With_background20num62.dat Diff-Evol    1.0e-04 0 1 0 0     NFW      359.9997   0.0015     -1.893 0.292  63 -99.00   84.7         -859.66       -1704.695   520 359.9997   0.0015     -1.929 0.093  32 -99.00    0.186
2018-05-05-17:08:27 1.11  Mocks_Em/MockNFW80ellip5loga2.08PA50center0With_background20num63.dat Diff-Evol    1.0e-04 0 1 0 0     NFW      359.9992   0.0001     -1.903 0.301  43 -99.00   77.9       -794.5371       -1574.449   444 359.9992   0.0001     -1.899 0.083 135 -99.00    0.156
2018-05-05-17:08:27 1.11  Mocks_Em/MockNFW80ellip5loga2.08PA50center0With_background20num64.dat Diff-Evol    1.0e-04 0 1 0 0     NFW      359.9993  -0.0001     -1.913 0.556  40 -99.00   77.1       -801.8057       -1588.986   389 359.9993  -0.0001     -1.915 0.179 141 -99.00    0.134
2018-05-05-17:08:27 1.11  Mocks_Em/MockNFW80ellip5loga2.08PA50center0With_background20num65.dat Diff-Evol    1.0e-04 0 1 0 0     NFW      359.9996  -0.0008     -1.899 0.437  50 -99.00   77.1       -791.9976        -1569.37   382 359.9996  -0.0008     -1.961 0.204  45 -99.00    0.132
2018-05-05-17:08:27 1.11  Mocks_Em/MockNFW80ellip5loga2.08PA50center0With_background20num66.dat Diff-Evol    1.0e-04 0 1 0 0     NFW        0.0013  -0.0001     -1.899 0.553  59 -99.00   81.7       -843.2968       -1671.968   576   0.0013  -0.0001     -1.989 0.235  29 -99.00    0.210
2018-05-05-17:08:27 1.11  Mocks_Em/MockNFW80ellip5loga2.08PA50center0With_background20num67.dat Diff-Evol    1.0e-04 0 1 0 0     NFW      359.9998   0.0013     -1.963 0.329  39 -99.00   67.7       -825.1226        -1635.62   305 359.9998   0.0013     -1.958 0.215 155 -99.00    0.109
2018-05-05-17:08:27 1.11  Mocks_Em/MockNFW80ellip5loga2.08PA50center0With_background20num68.dat Diff-Evol    1.0e-04 0 1 0 0     NFW      359.9996   0.0003     -1.908 0.489  38 -99.00   75.6       -780.0738       -1545.522   347 359.9996   0.0003     -1.898 0.155 142 -99.00    0.120
2018-05-05-17:08:27 1.11  Mocks_Em/MockNFW80ellip5loga2.08PA50center0With_background20num69.dat Diff-Evol    1.0e-04 0 1 0 0     NFW      359.9998   0.0003     -1.964 0.531  43 -99.00   65.0       -755.7757       -1496.926   410 359.9998   0.0003     -1.993 0.126  42 -99.00    0.141
2018-05-05-17:08:27 1.11  Mocks_Em/MockNFW80ellip5loga2.08PA50center0With_background20num70.dat Diff-Evol    1.0e-04 0 1 0 0     NFW        0.0003  -0.0002     -1.914 0.503  60 -99.00   70.3       -727.2888       -1439.952   465   0.0003  -0.0002     -1.905 0.218  31 -99.00    0.166
2018-05-05-17:08:27 1.11  Mocks_Em/MockNFW80ellip5loga2.08PA50center0With_background20num71.dat Diff-Evol    1.0e-04 0 1 0 0     NFW      359.9993  -0.0001     -2.053 0.382  68 -99.00   56.8       -851.5045       -1688.383   396 359.9993  -0.0001     -1.965 0.082  23 -99.00    0.137
2018-05-05-17:08:27 1.11  Mocks_Em/MockNFW80ellip5loga2.08PA50center0With_background20num72.dat Diff-Evol    1.0e-04 0 1 0 0     NFW      359.9998  -0.0004     -1.923 0.457  53 -99.00   77.1       -799.6169       -1584.608   493 359.9998  -0.0004     -1.921 0.227  38 -99.00    0.172
2018-05-05-17:08:27 1.11  Mocks_Em/MockNFW80ellip5loga2.08PA50center0With_background20num73.dat Diff-Evol    1.0e-04 0 1 0 0     NFW      359.9988  -0.0004     -1.897 0.268  29 -99.00   83.2       -842.7358       -1670.846   555 359.9988  -0.0004     -1.930 0.146 159 -99.00    0.202
2018-05-05-17:08:27 1.11  Mocks_Em/MockNFW80ellip5loga2.08PA50center0With_background20num74.dat Diff-Evol    1.0e-04 0 1 0 0     NFW      359.9991   0.0001     -2.064 0.326  54 -99.00   51.0       -806.5687       -1598.512   382 359.9991   0.0001     -1.963 0.055 165 -99.00    0.136
2018-05-05-17:08:27 1.11  Mocks_Em/MockNFW80ellip5loga2.08PA50center0With_background20num75.dat Diff-Evol    1.0e-04 0 1 0 0     NFW      359.9996   0.0011     -1.922 0.038  49 -99.00   79.4       -814.9018       -1615.178   597 359.9996   0.0011     -1.941 0.087  26 -99.00    0.211
2018-05-05-17:08:27 1.11  Mocks_Em/MockNFW80ellip5loga2.08PA50center0With_background20num76.dat Diff-Evol    1.0e-04 0 1 0 0     NFW      359.9996  -0.0005     -1.963 0.000   1 -99.00   67.0       -795.1439       -1575.662   605 359.9996  -0.0005     -1.947 0.057 140 -99.00    0.211
2018-05-05-17:08:27 1.11  Mocks_Em/MockNFW80ellip5loga2.08PA50center0With_background20num77.dat Diff-Evol    1.0e-04 0 1 0 0     NFW      359.9996  -0.0005     -1.916 0.394  32 -99.00   79.4       -819.8804       -1625.135   479 359.9996  -0.0005     -1.953 0.156 159 -99.00    0.168
2018-05-05-17:08:27 1.11  Mocks_Em/MockNFW80ellip5loga2.08PA50center0With_background20num78.dat Diff-Evol    1.0e-04 0 1 0 0     NFW      359.9999   0.0001     -1.928 0.253  92 -99.00   74.1       -762.5124       -1510.399   548 359.9999   0.0001     -1.936 0.055 149 -99.00    0.192
2018-05-05-17:08:27 1.11  Mocks_Em/MockNFW80ellip5loga2.08PA50center0With_background20num79.dat Diff-Evol    1.0e-04 0 1 0 0     NFW        0.0003   0.0008     -1.901 0.499  28 -99.00   75.6       -780.3493       -1546.073   472   0.0003   0.0008     -1.946 0.117 140 -99.00    0.169
2018-05-05-17:08:27 1.11  Mocks_Em/MockNFW80ellip5loga2.08PA50center0With_background20num80.dat Diff-Evol    1.0e-04 0 1 0 0     NFW        0.0004   0.0005     -2.129 0.020  32 -99.00   43.3       -766.4014       -1518.177   340   0.0004   0.0005     -1.966 0.057  22 -99.00    0.120
2018-05-05-17:08:27 1.11  Mocks_Em/MockNFW80ellip5loga2.08PA50center0With_background20num81.dat Diff-Evol    1.0e-04 0 1 0 0     NFW      359.9997  -0.0003     -1.920 0.264  19 -99.00   77.1       -792.8313       -1571.037   437 359.9997  -0.0003     -1.930 0.094 156 -99.00    0.156
2018-05-05-17:08:27 1.11  Mocks_Em/MockNFW80ellip5loga2.08PA50center0With_background20num82.dat Diff-Evol    1.0e-04 0 1 0 0     NFW      359.9993  -0.0002     -2.181 0.394  65 -99.00   39.1       -803.1873       -1591.749   382 359.9993  -0.0002     -1.981 0.147  20 -99.00    0.142
2018-05-05-17:08:27 1.11  Mocks_Em/MockNFW80ellip5loga2.08PA50center0With_background20num83.dat Diff-Evol    1.0e-04 0 1 0 0     NFW      359.9999   0.0006     -1.923 0.324  50 -99.00   74.9       -773.4751       -1532.325   444 359.9999   0.0006     -1.935 0.168  33 -99.00    0.156
2018-05-05-17:08:27 1.11  Mocks_Em/MockNFW80ellip5loga2.08PA50center0With_background20num84.dat Diff-Evol    1.0e-04 0 1 0 0     NFW        0.0007  -0.0005     -1.909 0.286  49 -99.00   74.9       -769.2478        -1523.87   458   0.0007  -0.0005     -1.924 0.091 172 -99.00    0.161
2018-05-05-17:08:27 1.11  Mocks_Em/MockNFW80ellip5loga2.08PA50center0With_background20num85.dat Diff-Evol    1.0e-04 0 1 0 0     NFW        0.0006  -0.0005     -1.908 0.046  89 -99.00   78.7       -801.8007       -1588.976   437   0.0006  -0.0005     -1.903 0.055   3 -99.00    0.155
2018-05-05-17:08:27 1.11  Mocks_Em/MockNFW80ellip5loga2.08PA50center0With_background20num86.dat Diff-Evol    1.0e-04 0 1 0 0     NFW        0.0004  -0.0017     -1.912 0.281  65 -99.00   83.2       -855.2492       -1695.873   430   0.0004  -0.0017     -1.964 0.105  10 -99.00    0.153
2018-05-05-17:08:27 1.11  Mocks_Em/MockNFW80ellip5loga2.08PA50center0With_background20num87.dat Diff-Evol    1.0e-04 0 1 0 0     NFW        0.0006  -0.0003     -1.903 0.254  65 -99.00   76.4       -780.1093       -1545.593   451   0.0006  -0.0003     -1.930 0.039  40 -99.00    0.158
2018-05-05-17:08:27 1.11  Mocks_Em/MockNFW80ellip5loga2.08PA50center0With_background20num88.dat Diff-Evol    1.0e-04 0 1 0 0     NFW        0.0005   0.0004     -2.119 0.050  58 -99.00   45.8       -809.0625       -1603.499   354   0.0005   0.0004     -1.958 0.021  17 -99.00    0.124
2018-05-05-17:08:27 1.11  Mocks_Em/MockNFW80ellip5loga2.08PA50center0With_background20num89.dat Diff-Evol    1.0e-04 0 1 0 0     NFW      360.0000  -0.0000     -1.920 0.333  43 -99.00   71.1       -733.5339       -1452.442   534 360.0000  -0.0000     -1.932 0.124 150 -99.00    0.188
2018-05-05-17:08:27 1.11  Mocks_Em/MockNFW80ellip5loga2.08PA50center0With_background20num90.dat Diff-Evol    1.0e-04 0 1 0 0     NFW        0.0013   0.0009     -1.881 0.269  67 -99.00   85.5       -856.2386       -1697.852   506   0.0013   0.0009     -1.908 0.129  41 -99.00    0.182
2018-05-05-17:08:27 1.11  Mocks_Em/MockNFW80ellip5loga2.08PA50center0With_background20num91.dat Diff-Evol    1.0e-04 0 1 0 0     NFW        0.0002  -0.0004     -1.917 0.384  71 -99.00   75.6       -781.9999       -1549.374   382   0.0002  -0.0004     -1.938 0.179  16 -99.00    0.132
2018-05-05-17:08:27 1.11  Mocks_Em/MockNFW80ellip5loga2.08PA50center0With_background20num92.dat Diff-Evol    1.0e-04 0 1 0 0     NFW      359.9988   0.0002     -1.897 0.283  47 -99.00   77.9       -793.1065       -1571.587   465 359.9988   0.0002     -1.902 0.116  30 -99.00    0.164
2018-05-05-17:08:27 1.11  Mocks_Em/MockNFW80ellip5loga2.08PA50center0With_background20num93.dat Diff-Evol    1.0e-04 0 1 0 0     NFW      359.9998  -0.0003     -1.925 0.470  44 -99.00   72.6       -750.0532       -1485.481   527 359.9998  -0.0003     -1.962 0.197 148 -99.00    0.186
2018-05-05-17:08:27 1.11  Mocks_Em/MockNFW80ellip5loga2.08PA50center0With_background20num94.dat Diff-Evol    1.0e-04 0 1 0 0     NFW        0.0004   0.0001     -1.915 0.494  66 -99.00   75.6       -785.3385       -1556.051   500   0.0004   0.0001     -1.964 0.180  15 -99.00    0.173
2018-05-05-17:08:27 1.11  Mocks_Em/MockNFW80ellip5loga2.08PA50center0With_background20num95.dat Diff-Evol    1.0e-04 0 1 0 0     NFW        0.0001  -0.0009     -1.904 0.269  65 -99.00   73.4       -745.7798       -1476.934   437   0.0001  -0.0009     -1.890 0.141  23 -99.00    0.153
2018-05-05-17:08:27 1.11  Mocks_Em/MockNFW80ellip5loga2.08PA50center0With_background20num96.dat Diff-Evol    1.0e-04 0 1 0 0     NFW        0.0007   0.0006     -1.897 0.520  32 -99.00   80.2       -821.1254       -1627.625   590   0.0007   0.0006     -1.942 0.160 143 -99.00    0.208
2018-05-05-17:08:27 1.11  Mocks_Em/MockNFW80ellip5loga2.08PA50center0With_background20num97.dat Diff-Evol    1.0e-04 0 1 0 0     NFW        0.0006  -0.0003     -1.905 0.295  54 -99.00   82.4       -840.7043       -1666.783   534   0.0006  -0.0003     -1.946 0.058 146 -99.00    0.191
2018-05-05-17:08:27 1.11  Mocks_Em/MockNFW80ellip5loga2.08PA50center0With_background20num98.dat Diff-Evol    1.0e-04 0 1 0 0     NFW        0.0007   0.0007     -1.971 0.337  42 -99.00   66.7       -789.3113       -1563.997   382   0.0007   0.0007     -1.935 0.160  38 -99.00    0.132
2018-05-05-17:08:27 1.11  Mocks_Em/MockNFW80ellip5loga2.08PA50center0With_background20num99.dat Diff-Evol    1.0e-04 0 1 0 0     NFW      359.9999   0.0000     -1.919 0.375  65 -99.00   76.4       -792.1857       -1569.746   382 359.9999   0.0000     -1.926 0.165 138 -99.00    0.132
