2018-05-05-17:08:22 1.11  Mocks_Em/MockNFW80ellip5loga2.08PA50center0With_background20num0.dat L-BFGS-B     1.0e-04 0 1 0 0     NFW      359.9992  -0.0007     -2.088 0.136 146 -99.00   47.8       -802.0496       -1589.474    35 359.9992  -0.0007     -1.963 0.149 146 -99.00    0.023
2018-05-05-17:08:22 1.11  Mocks_Em/MockNFW80ellip5loga2.08PA50center0With_background20num1.dat L-BFGS-B     1.0e-04 0 1 0 0     NFW        0.0011   0.0004     -1.910 0.025 159 -99.00   72.0       -749.6676        -1484.71    42   0.0011   0.0004     -1.927 0.088 159 -99.00    0.025
2018-05-05-17:08:22 1.11  Mocks_Em/MockNFW80ellip5loga2.08PA50center0With_background20num2.dat L-BFGS-B     1.0e-04 0 1 0 0     NFW      359.9988   0.0001     -1.912 0.000 139 -99.00   77.1       -788.7285       -1562.831    98 359.9988   0.0001     -1.909 0.182 139 -99.00    0.050
2018-05-05-17:08:22 1.11  Mocks_Em/MockNFW80ellip5loga2.08PA50center0With_background20num3.dat L-BFGS-B     1.0e-04 0 1 0 0     NFW        0.0004  -0.0005     -1.906 0.016 154 -99.00   71.9         -736.17       -1457.714    63   0.0004  -0.0005     -1.884 0.115 154 -99.00    0.028
2018-05-05-17:08:22 1.11  Mocks_Em/MockNFW80ellip5loga2.08PA50center0With_background20num4.dat L-BFGS-B     1.0e-04 0 1 0 0     NFW        0.0011   0.0005     -1.913 0.016  18 -99.00   76.8       -824.0156       -1633.406    28   0.0011   0.0005     -1.978 0.069  18 -99.00    0.012
2018-05-05-17:08:22 1.11  Mocks_Em/MockNFW80ellip5loga2.08PA50center0With_background20num5.dat L-BFGS-B     1.0e-04 0 1 0 0     NFW        0.0005   0.0001     -1.910 0.000 140 -99.00   83.8       -864.5245       -1714.423   161   0.0005   0.0001     -2.001 0.216 140 -99.00    0.062
2018-05-05-17:08:22 1.11  Mocks_Em/MockNFW80ellip5loga2.08PA50center0With_background20num6.dat L-BFGS-B     1.0e-04 0 1 0 0     NFW      359.9995   0.0001     -1.999 0.122  23 -99.00   57.7        -750.718        -1486.81    35 359.9995   0.0001     -1.908 0.128  23 -99.00    0.012
2018-05-05-17:08:22 1.11  Mocks_Em/MockNFW80ellip5loga2.08PA50center0With_background20num7.dat L-BFGS-B     1.0e-04 0 1 0 0     NFW        0.0002   0.0007     -1.905 0.000 141 -99.00   77.9       -795.4224       -1576.219   126   0.0002   0.0007     -1.913 0.181 141 -99.00    0.044
2018-05-05-17:08:22 1.11  Mocks_Em/MockNFW80ellip5loga2.08PA50center0With_background20num8.dat L-BFGS-B     1.0e-04 0 1 0 0     NFW        0.0004   0.0004     -2.162 0.083 162 -99.00   39.9       -774.4022       -1534.179    35   0.0004   0.0004     -1.965 0.095 162 -99.00    0.012
2018-05-05-17:08:22 1.11  Mocks_Em/MockNFW80ellip5loga2.08PA50center0With_background20num9.dat L-BFGS-B     1.0e-04 0 1 0 0     NFW      359.9995  -0.0001     -1.910 0.275  30 -99.00   79.4       -815.3988       -1616.172    28 359.9995  -0.0001     -1.893 0.178  30 -99.00    0.010
2018-05-05-17:08:22 1.11  Mocks_Em/MockNFW80ellip5loga2.08PA50center0With_background20num10.dat L-BFGS-B     1.0e-04 0 1 0 0     NFW      359.9993  -0.0003     -1.935 0.542  44 -99.00   75.7        -842.039       -1669.452    49 359.9993  -0.0003     -1.968 0.227  44 -99.00    0.017
2018-05-05-17:08:22 1.11  Mocks_Em/MockNFW80ellip5loga2.08PA50center0With_background20num11.dat L-BFGS-B     1.0e-04 0 1 0 0     NFW        0.0006   0.0000     -1.911 0.000 146 -99.00   77.6        -807.456       -1600.286   161   0.0006   0.0000     -1.957 0.242 146 -99.00    0.056
2018-05-05-17:08:22 1.11  Mocks_Em/MockNFW80ellip5loga2.08PA50center0With_background20num12.dat L-BFGS-B     1.0e-04 0 1 0 0     NFW      359.9989  -0.0008     -2.026 0.067 154 -99.00   57.3       -841.7244       -1668.823    28 359.9989  -0.0008     -1.971 0.069 154 -99.00    0.010
2018-05-05-17:08:22 1.11  Mocks_Em/MockNFW80ellip5loga2.08PA50center0With_background20num13.dat L-BFGS-B     1.0e-04 0 1 0 0     NFW        0.0000  -0.0009     -1.929 0.300  36 -99.00   72.2       -783.7247       -1552.824    35   0.0000  -0.0009     -1.936 0.140  36 -99.00    0.012
2018-05-05-17:08:22 1.11  Mocks_Em/MockNFW80ellip5loga2.08PA50center0With_background20num14.dat L-BFGS-B     1.0e-04 0 1 0 0     NFW        0.0004   0.0006     -1.943 0.284 179 -99.00   68.8       -776.4037       -1538.182    42   0.0004   0.0006     -1.949 0.192 179 -99.00    0.015
2018-05-05-17:08:22 1.11  Mocks_Em/MockNFW80ellip5loga2.08PA50center0With_background20num15.dat L-BFGS-B     1.0e-04 0 1 0 0     NFW      359.9997   0.0006     -1.940 0.035  29 -99.00   72.5        -816.717       -1618.808    21 359.9997   0.0006     -1.957 0.062  29 -99.00    0.008
2018-05-05-17:08:22 1.11  Mocks_Em/MockNFW80ellip5loga2.08PA50center0With_background20num16.dat L-BFGS-B     1.0e-04 0 1 0 0     NFW        0.0008  -0.0007     -1.896 0.001 159 -99.00   79.4       -798.4006       -1582.176    98   0.0008  -0.0007     -1.900 0.120 159 -99.00    0.036
2018-05-05-17:08:22 1.11  Mocks_Em/MockNFW80ellip5loga2.08PA50center0With_background20num17.dat L-BFGS-B     1.0e-04 0 1 0 0     NFW      359.9987  -0.0004     -1.884 0.001 149 -99.00   86.2       -865.2145       -1715.803    84 359.9987  -0.0004     -1.895 0.155 149 -99.00    0.031
2018-05-05-17:08:22 1.11  Mocks_Em/MockNFW80ellip5loga2.08PA50center0With_background20num18.dat L-BFGS-B     1.0e-04 0 1 0 0     NFW      359.9992   0.0010     -1.909 0.538  42 -99.00   80.9       -854.7177        -1694.81    49 359.9992   0.0010     -1.926 0.221  42 -99.00    0.017
2018-05-05-17:08:22 1.11  Mocks_Em/MockNFW80ellip5loga2.08PA50center0With_background20num19.dat L-BFGS-B     1.0e-04 0 1 0 0     NFW        0.0010   0.0013     -2.104 0.224 164 -99.00   49.2       -887.9933       -1761.361    28   0.0010   0.0013     -1.987 0.175 164 -99.00    0.010
2018-05-05-17:08:22 1.11  Mocks_Em/MockNFW80ellip5loga2.08PA50center0With_background20num20.dat L-BFGS-B     1.0e-04 0 1 0 0     NFW      359.9998   0.0004     -1.913 0.000 135 -99.00   74.1       -761.5486       -1508.472   126 359.9998   0.0004     -1.909 0.192 135 -99.00    0.045
2018-05-05-17:08:22 1.11  Mocks_Em/MockNFW80ellip5loga2.08PA50center0With_background20num21.dat L-BFGS-B     1.0e-04 0 1 0 0     NFW        0.0010   0.0007     -1.944 0.420  41 -99.00   77.5       -919.5467       -1824.468    28   0.0010   0.0007     -1.971 0.230  41 -99.00    0.010
2018-05-05-17:08:22 1.11  Mocks_Em/MockNFW80ellip5loga2.08PA50center0With_background20num22.dat L-BFGS-B     1.0e-04 0 1 0 0     NFW      359.9994   0.0004     -2.209 0.134   6 -99.00   36.8       -790.4024       -1566.179    35 359.9994   0.0004     -1.930 0.163   6 -99.00    0.013
2018-05-05-17:08:22 1.11  Mocks_Em/MockNFW80ellip5loga2.08PA50center0With_background20num23.dat L-BFGS-B     1.0e-04 0 1 0 0     NFW      359.9992  -0.0012     -1.926 0.315  32 -99.00   74.5       -825.7285       -1636.831    28 359.9992  -0.0012     -1.933 0.208  32 -99.00    0.010
2018-05-05-17:08:22 1.11  Mocks_Em/MockNFW80ellip5loga2.08PA50center0With_background20num24.dat L-BFGS-B     1.0e-04 0 1 0 0     NFW      359.9991   0.0006     -1.913 0.036  39 -99.00   75.7       -784.1057       -1553.586    35 359.9991   0.0006     -1.930 0.124  39 -99.00    0.013
2018-05-05-17:08:22 1.11  Mocks_Em/MockNFW80ellip5loga2.08PA50center0With_background20num25.dat L-BFGS-B     1.0e-04 0 1 0 0     NFW      359.9995   0.0010     -1.901 0.017 159 -99.00   79.1       -811.5381       -1608.451    63 359.9995   0.0010     -1.930 0.121 159 -99.00    0.022
2018-05-05-17:08:22 1.11  Mocks_Em/MockNFW80ellip5loga2.08PA50center0With_background20num26.dat L-BFGS-B     1.0e-04 0 1 0 0     NFW        0.0004  -0.0013     -1.945 0.449  43 -99.00   70.2       -815.5872       -1616.549    28   0.0004  -0.0013     -1.978 0.194  43 -99.00    0.010
2018-05-05-17:08:22 1.11  Mocks_Em/MockNFW80ellip5loga2.08PA50center0With_background20num27.dat L-BFGS-B     1.0e-04 0 1 0 0     NFW        0.0005   0.0002     -2.009 0.030  10 -99.00   57.8       -767.9096       -1521.194    28   0.0005   0.0002     -1.962 0.031  10 -99.00    0.010
2018-05-05-17:08:22 1.11  Mocks_Em/MockNFW80ellip5loga2.08PA50center0With_background20num28.dat L-BFGS-B     1.0e-04 0 1 0 0     NFW        0.0001  -0.0007     -1.923 0.324  30 -99.00   64.3       -666.9026        -1319.18    35   0.0001  -0.0007     -1.894 0.152  30 -99.00    0.012
2018-05-05-17:08:22 1.11  Mocks_Em/MockNFW80ellip5loga2.08PA50center0With_background20num29.dat L-BFGS-B     1.0e-04 0 1 0 0     NFW      360.0000   0.0000     -1.925 0.288  33 -99.00   74.1       -763.5118       -1512.398    35 360.0000   0.0000     -1.912 0.154  33 -99.00    0.012
2018-05-05-17:08:22 1.11  Mocks_Em/MockNFW80ellip5loga2.08PA50center0With_background20num30.dat L-BFGS-B     1.0e-04 0 1 0 0     NFW      360.0000  -0.0005     -1.936 0.530  42 -99.00   78.0       -866.6947       -1718.764    49 360.0000  -0.0005     -1.970 0.183  42 -99.00    0.017
2018-05-05-17:08:22 1.11  Mocks_Em/MockNFW80ellip5loga2.08PA50center0With_background20num31.dat L-BFGS-B     1.0e-04 0 1 0 0     NFW      359.9999   0.0003     -1.923 0.014  12 -99.00   72.6       -749.9725       -1485.319    49 359.9999   0.0003     -1.909 0.147  12 -99.00    0.017
2018-05-05-17:08:22 1.11  Mocks_Em/MockNFW80ellip5loga2.08PA50center0With_background20num32.dat L-BFGS-B     1.0e-04 0 1 0 0     NFW        0.0010   0.0008     -2.057 0.111  13 -99.00   51.1       -792.8502       -1571.075    35   0.0010   0.0008     -1.939 0.120  13 -99.00    0.012
2018-05-05-17:08:22 1.11  Mocks_Em/MockNFW80ellip5loga2.08PA50center0With_background20num33.dat L-BFGS-B     1.0e-04 0 1 0 0     NFW      359.9995  -0.0001     -2.072 0.130 153 -99.00   45.0       -705.6167       -1396.608    35 359.9995  -0.0001     -1.917 0.144 153 -99.00    0.012
2018-05-05-17:08:22 1.11  Mocks_Em/MockNFW80ellip5loga2.08PA50center0With_background20num34.dat L-BFGS-B     1.0e-04 0 1 0 0     NFW      359.9975  -0.0006     -1.882 0.010   2 -99.00   85.4       -879.4297       -1744.234    63 359.9975  -0.0006     -1.950 0.084   2 -99.00    0.023
2018-05-05-17:08:22 1.11  Mocks_Em/MockNFW80ellip5loga2.08PA50center0With_background20num35.dat L-BFGS-B     1.0e-04 0 1 0 0     NFW      359.9997  -0.0001     -1.924 0.000 147 -99.00   82.4       -853.7804       -1692.935   126 359.9997  -0.0001     -2.000 0.128 147 -99.00    0.045
2018-05-05-17:08:22 1.11  Mocks_Em/MockNFW80ellip5loga2.08PA50center0With_background20num36.dat L-BFGS-B     1.0e-04 0 1 0 0     NFW      359.9998   0.0008     -1.902 0.017  24 -99.00   74.1       -750.3238       -1486.022    49 359.9998   0.0008     -1.885 0.164  24 -99.00    0.017
2018-05-05-17:08:22 1.11  Mocks_Em/MockNFW80ellip5loga2.08PA50center0With_background20num37.dat L-BFGS-B     1.0e-04 0 1 0 0     NFW        0.0004  -0.0005     -2.014 0.129  10 -99.00   60.0        -818.831       -1623.036    35   0.0004  -0.0005     -1.950 0.139  10 -99.00    0.012
2018-05-05-17:08:22 1.11  Mocks_Em/MockNFW80ellip5loga2.08PA50center0With_background20num38.dat L-BFGS-B     1.0e-04 0 1 0 0     NFW      359.9999   0.0003     -1.921 0.000 143 -99.00   79.4       -821.4888       -1628.352   161 359.9999   0.0003     -1.941 0.250 143 -99.00    0.057
2018-05-05-17:08:22 1.11  Mocks_Em/MockNFW80ellip5loga2.08PA50center0With_background20num39.dat L-BFGS-B     1.0e-04 0 1 0 0     NFW        0.0007  -0.0005     -1.908 0.000  13 -99.00   83.2       -849.6313       -1684.637   105   0.0007  -0.0005     -1.962 0.062  13 -99.00    0.037
2018-05-05-17:08:22 1.11  Mocks_Em/MockNFW80ellip5loga2.08PA50center0With_background20num40.dat L-BFGS-B     1.0e-04 0 1 0 0     NFW        0.0010   0.0005     -1.917 0.460  45 -99.00   78.7       -835.6751       -1656.725    28   0.0010   0.0005     -1.933 0.145  45 -99.00    0.010
2018-05-05-17:08:22 1.11  Mocks_Em/MockNFW80ellip5loga2.08PA50center0With_background20num41.dat L-BFGS-B     1.0e-04 0 1 0 0     NFW        0.0002   0.0000     -1.920 0.000 150 -99.00   72.6       -743.6377        -1472.65   126   0.0002   0.0000     -1.925 0.208 150 -99.00    0.043
2018-05-05-17:08:22 1.11  Mocks_Em/MockNFW80ellip5loga2.08PA50center0With_background20num42.dat L-BFGS-B     1.0e-04 0 1 0 0     NFW        0.0004   0.0003     -1.931 0.272 144 -99.00   71.1       -768.8361       -1523.047    49   0.0004   0.0003     -1.935 0.157 144 -99.00    0.017
2018-05-05-17:08:22 1.11  Mocks_Em/MockNFW80ellip5loga2.08PA50center0With_background20num43.dat L-BFGS-B     1.0e-04 0 1 0 0     NFW      360.0000  -0.0005     -1.931 0.378  31 -99.00   70.2       -749.1602       -1483.695    28 360.0000  -0.0005     -1.935 0.272  31 -99.00    0.010
2018-05-05-17:08:22 1.11  Mocks_Em/MockNFW80ellip5loga2.08PA50center0With_background20num44.dat L-BFGS-B     1.0e-04 0 1 0 0     NFW      359.9999  -0.0006     -1.909 0.001 141 -99.00   75.6       -776.9518       -1539.278    98 359.9999  -0.0006     -1.908 0.106 141 -99.00    0.035
2018-05-05-17:08:22 1.11  Mocks_Em/MockNFW80ellip5loga2.08PA50center0With_background20num45.dat L-BFGS-B     1.0e-04 0 1 0 0     NFW        0.0005   0.0013     -1.916 0.532  36 -99.00   77.4       -818.0089       -1621.392    49   0.0005   0.0013     -1.926 0.243  36 -99.00    0.017
2018-05-05-17:08:22 1.11  Mocks_Em/MockNFW80ellip5loga2.08PA50center0With_background20num46.dat L-BFGS-B     1.0e-04 0 1 0 0     NFW        0.0012   0.0001     -1.898 0.001 137 -99.00   81.6       -834.5542       -1654.483   119   0.0012   0.0001     -1.959 0.197 137 -99.00    0.042
2018-05-05-17:08:22 1.11  Mocks_Em/MockNFW80ellip5loga2.08PA50center0With_background20num47.dat L-BFGS-B     1.0e-04 0 1 0 0     NFW      359.9998   0.0001     -1.920 0.000 136 -99.00   74.9       -773.0072       -1531.389   133 359.9998   0.0001     -1.925 0.270 136 -99.00    0.045
2018-05-05-17:08:22 1.11  Mocks_Em/MockNFW80ellip5loga2.08PA50center0With_background20num48.dat L-BFGS-B     1.0e-04 0 1 0 0     NFW        0.0002  -0.0002     -1.913 0.019  24 -99.00   75.6       -770.8282       -1527.031    49   0.0002  -0.0002     -1.903 0.185  24 -99.00    0.017
2018-05-05-17:08:22 1.11  Mocks_Em/MockNFW80ellip5loga2.08PA50center0With_background20num49.dat L-BFGS-B     1.0e-04 0 1 0 0     NFW      359.9993  -0.0003     -1.918 0.015 156 -99.00   75.6       -778.6283       -1542.631    21 359.9993  -0.0003     -1.918 0.030 156 -99.00    0.008
2018-05-05-17:08:22 1.11  Mocks_Em/MockNFW80ellip5loga2.08PA50center0With_background20num50.dat L-BFGS-B     1.0e-04 0 1 0 0     NFW      359.9998  -0.0002     -2.193 0.166 153 -99.00   40.1       -830.7746       -1646.924    35 359.9998  -0.0002     -1.986 0.192 153 -99.00    0.012
2018-05-05-17:08:22 1.11  Mocks_Em/MockNFW80ellip5loga2.08PA50center0With_background20num51.dat L-BFGS-B     1.0e-04 0 1 0 0     NFW      359.9991  -0.0010     -1.904 0.015  18 -99.00   81.8       -839.7938       -1664.962    49 359.9991  -0.0010     -1.933 0.163  18 -99.00    0.017
2018-05-05-17:08:22 1.11  Mocks_Em/MockNFW80ellip5loga2.08PA50center0With_background20num52.dat L-BFGS-B     1.0e-04 0 1 0 0     NFW        0.0004   0.0007     -1.915 0.012 145 -99.00   80.7       -850.3263       -1686.027    21   0.0004   0.0007     -1.925 0.024 145 -99.00    0.008
2018-05-05-17:08:22 1.11  Mocks_Em/MockNFW80ellip5loga2.08PA50center0With_background20num53.dat L-BFGS-B     1.0e-04 0 1 0 0     NFW        0.0001  -0.0005     -1.922 0.303  45 -99.00   62.0       -637.7501       -1260.875    28   0.0001  -0.0005     -1.850 0.199  45 -99.00    0.010
2018-05-05-17:08:22 1.11  Mocks_Em/MockNFW80ellip5loga2.08PA50center0With_background20num54.dat L-BFGS-B     1.0e-04 0 1 0 0     NFW        0.0000   0.0004     -1.917 0.047  22 -99.00   71.1       -730.6344       -1446.643    28   0.0000   0.0004     -1.903 0.056  22 -99.00    0.010
2018-05-05-17:08:22 1.11  Mocks_Em/MockNFW80ellip5loga2.08PA50center0With_background20num55.dat L-BFGS-B     1.0e-04 0 1 0 0     NFW      360.0000   0.0004     -1.923 0.240  37 -99.00   73.4       -757.6493       -1500.673    21 360.0000   0.0004     -1.915 0.043  37 -99.00    0.007
2018-05-05-17:08:22 1.11  Mocks_Em/MockNFW80ellip5loga2.08PA50center0With_background20num56.dat L-BFGS-B     1.0e-04 0 1 0 0     NFW      359.9996  -0.0003     -1.909 0.385  34 -99.00   74.1       -752.9619       -1491.298    28 359.9996  -0.0003     -1.898 0.297  34 -99.00    0.010
2018-05-05-17:08:22 1.11  Mocks_Em/MockNFW80ellip5loga2.08PA50center0With_background20num57.dat L-BFGS-B     1.0e-04 0 1 0 0     NFW      360.0000  -0.0008     -1.918 0.283  28 -99.00   76.8       -806.9052       -1599.185    49 360.0000  -0.0008     -1.921 0.134  28 -99.00    0.017
2018-05-05-17:08:22 1.11  Mocks_Em/MockNFW80ellip5loga2.08PA50center0With_background20num58.dat L-BFGS-B     1.0e-04 0 1 0 0     NFW        0.0015   0.0001     -2.004 0.104  29 -99.00   60.9       -846.8921       -1679.159    28   0.0015   0.0001     -1.958 0.127  29 -99.00    0.010
2018-05-05-17:08:22 1.11  Mocks_Em/MockNFW80ellip5loga2.08PA50center0With_background20num59.dat L-BFGS-B     1.0e-04 0 1 0 0     NFW      359.9989  -0.0001     -1.905 0.013  17 -99.00   80.9       -819.9735       -1625.322    35 359.9989  -0.0001     -1.905 0.052  17 -99.00    0.013
2018-05-05-17:08:22 1.11  Mocks_Em/MockNFW80ellip5loga2.08PA50center0With_background20num60.dat L-BFGS-B     1.0e-04 0 1 0 0     NFW        0.0009   0.0003     -2.096 0.177  44 -99.00   49.2       -846.1557       -1677.686    28   0.0009   0.0003     -1.987 0.129  44 -99.00    0.010
2018-05-05-17:08:22 1.11  Mocks_Em/MockNFW80ellip5loga2.08PA50center0With_background20num61.dat L-BFGS-B     1.0e-04 0 1 0 0     NFW        0.0011   0.0004     -1.900 0.005 160 -99.00   75.9       -782.1359       -1549.646    49   0.0011   0.0004     -1.958 0.177 159 -99.00    0.018
2018-05-05-17:08:22 1.11  Mocks_Em/MockNFW80ellip5loga2.08PA50center0With_background20num62.dat L-BFGS-B     1.0e-04 0 1 0 0     NFW      359.9997   0.0015     -1.901 0.022  32 -99.00   82.7       -858.8495       -1703.073    28 359.9997   0.0015     -1.929 0.093  32 -99.00    0.010
2018-05-05-17:08:22 1.11  Mocks_Em/MockNFW80ellip5loga2.08PA50center0With_background20num63.dat L-BFGS-B     1.0e-04 0 1 0 0     NFW      359.9992   0.0001     -1.903 0.000 135 -99.00   77.9       -793.6395       -1572.653   105 359.9992   0.0001     -1.899 0.083 135 -99.00    0.037
2018-05-05-17:08:22 1.11  Mocks_Em/MockNFW80ellip5loga2.08PA50center0With_background20num64.dat L-BFGS-B     1.0e-04 0 1 0 0     NFW      359.9993  -0.0001     -1.914 0.000 142 -99.00   76.9       -796.9818       -1579.338    98 359.9993  -0.0001     -1.915 0.179 141 -99.00    0.034
2018-05-05-17:08:22 1.11  Mocks_Em/MockNFW80ellip5loga2.08PA50center0With_background20num65.dat L-BFGS-B     1.0e-04 0 1 0 0     NFW      359.9996  -0.0008     -1.940 0.402  45 -99.00   68.9       -791.8368       -1569.048    28 359.9996  -0.0008     -1.961 0.204  45 -99.00    0.010
2018-05-05-17:08:22 1.11  Mocks_Em/MockNFW80ellip5loga2.08PA50center0With_background20num66.dat L-BFGS-B     1.0e-04 0 1 0 0     NFW        0.0013  -0.0001     -2.009 0.287  29 -99.00   60.8       -839.6105       -1664.595    35   0.0013  -0.0001     -1.989 0.235  29 -99.00    0.012
2018-05-05-17:08:22 1.11  Mocks_Em/MockNFW80ellip5loga2.08PA50center0With_background20num67.dat L-BFGS-B     1.0e-04 0 1 0 0     NFW      359.9998   0.0013     -1.904 0.013 155 -99.00   79.4       -823.2777        -1631.93    77 359.9998   0.0013     -1.958 0.215 155 -99.00    0.028
2018-05-05-17:08:22 1.11  Mocks_Em/MockNFW80ellip5loga2.08PA50center0With_background20num68.dat L-BFGS-B     1.0e-04 0 1 0 0     NFW      359.9996   0.0003     -1.909 0.000 142 -99.00   75.6       -777.4086       -1540.192    98 359.9996   0.0003     -1.898 0.155 142 -99.00    0.034
2018-05-05-17:08:22 1.11  Mocks_Em/MockNFW80ellip5loga2.08PA50center0With_background20num69.dat L-BFGS-B     1.0e-04 0 1 0 0     NFW      359.9998   0.0003     -2.199 0.216  42 -99.00   36.3       -754.2518       -1493.878    28 359.9998   0.0003     -1.993 0.126  42 -99.00    0.010
2018-05-05-17:08:22 1.11  Mocks_Em/MockNFW80ellip5loga2.08PA50center0With_background20num70.dat L-BFGS-B     1.0e-04 0 1 0 0     NFW        0.0003  -0.0002     -1.914 0.308  31 -99.00   70.3       -725.1359       -1435.646    35   0.0003  -0.0002     -1.905 0.218  31 -99.00    0.012
2018-05-05-17:08:22 1.11  Mocks_Em/MockNFW80ellip5loga2.08PA50center0With_background20num71.dat L-BFGS-B     1.0e-04 0 1 0 0     NFW      359.9993  -0.0001     -2.120 0.074  23 -99.00   48.2       -848.9788       -1683.332    35 359.9993  -0.0001     -1.965 0.082  23 -99.00    0.012
2018-05-05-17:08:22 1.11  Mocks_Em/MockNFW80ellip5loga2.08PA50center0With_background20num72.dat L-BFGS-B     1.0e-04 0 1 0 0     NFW      359.9998  -0.0004     -1.923 0.429  38 -99.00   77.1       -799.1275       -1583.629    28 359.9998  -0.0004     -1.921 0.227  38 -99.00    0.010
2018-05-05-17:08:22 1.11  Mocks_Em/MockNFW80ellip5loga2.08PA50center0With_background20num73.dat L-BFGS-B     1.0e-04 0 1 0 0     NFW      359.9988  -0.0004     -1.901 0.018 159 -99.00   82.2       -842.2236       -1669.822    63 359.9988  -0.0004     -1.930 0.146 159 -99.00    0.022
2018-05-05-17:08:22 1.11  Mocks_Em/MockNFW80ellip5loga2.08PA50center0With_background20num74.dat L-BFGS-B     1.0e-04 0 1 0 0     NFW      359.9991   0.0001     -2.129 0.049 165 -99.00   43.8       -805.2024       -1595.779    35 359.9991   0.0001     -1.963 0.055 165 -99.00    0.012
2018-05-05-17:08:22 1.11  Mocks_Em/MockNFW80ellip5loga2.08PA50center0With_background20num75.dat L-BFGS-B     1.0e-04 0 1 0 0     NFW      359.9996   0.0011     -1.927 0.022  26 -99.00   78.4       -814.8203       -1615.015    42 359.9996   0.0011     -1.941 0.087  26 -99.00    0.015
2018-05-05-17:08:22 1.11  Mocks_Em/MockNFW80ellip5loga2.08PA50center0With_background20num76.dat L-BFGS-B     1.0e-04 0 1 0 0     NFW      359.9996  -0.0005     -1.966 0.033 140 -99.00   66.5        -795.147       -1575.668    21 359.9996  -0.0005     -1.947 0.057 140 -99.00    0.008
2018-05-05-17:08:22 1.11  Mocks_Em/MockNFW80ellip5loga2.08PA50center0With_background20num77.dat L-BFGS-B     1.0e-04 0 1 0 0     NFW      359.9996  -0.0005     -1.921 0.020 159 -99.00   78.4       -817.8562       -1621.087    63 359.9996  -0.0005     -1.953 0.156 159 -99.00    0.022
2018-05-05-17:08:22 1.11  Mocks_Em/MockNFW80ellip5loga2.08PA50center0With_background20num78.dat L-BFGS-B     1.0e-04 0 1 0 0     NFW      359.9999   0.0001     -1.930 0.014 149 -99.00   73.7       -762.2008       -1509.776    42 359.9999   0.0001     -1.936 0.055 149 -99.00    0.015
2018-05-05-17:08:22 1.11  Mocks_Em/MockNFW80ellip5loga2.08PA50center0With_background20num79.dat L-BFGS-B     1.0e-04 0 1 0 0     NFW        0.0003   0.0008     -2.075 0.003 140 -99.00   48.1       -777.8896       -1541.154   105   0.0003   0.0008     -1.946 0.117 140 -99.00    0.036
2018-05-05-17:08:22 1.11  Mocks_Em/MockNFW80ellip5loga2.08PA50center0With_background20num80.dat L-BFGS-B     1.0e-04 0 1 0 0     NFW        0.0004   0.0005     -2.126 0.051  22 -99.00   43.5        -766.375       -1518.124    35   0.0004   0.0005     -1.966 0.057  22 -99.00    0.012
2018-05-05-17:08:22 1.11  Mocks_Em/MockNFW80ellip5loga2.08PA50center0With_background20num81.dat L-BFGS-B     1.0e-04 0 1 0 0     NFW      359.9997  -0.0003     -1.921 0.013 156 -99.00   76.8       -792.4391       -1570.253    56 359.9997  -0.0003     -1.930 0.094 156 -99.00    0.020
2018-05-05-17:08:22 1.11  Mocks_Em/MockNFW80ellip5loga2.08PA50center0With_background20num82.dat L-BFGS-B     1.0e-04 0 1 0 0     NFW      359.9993  -0.0002     -2.253 0.121  20 -99.00   33.4       -800.2666       -1585.908    35 359.9993  -0.0002     -1.981 0.147  20 -99.00    0.013
2018-05-05-17:08:22 1.11  Mocks_Em/MockNFW80ellip5loga2.08PA50center0With_background20num83.dat L-BFGS-B     1.0e-04 0 1 0 0     NFW      359.9999   0.0006     -1.932 0.285  33 -99.00   72.9        -772.665       -1530.704    42 359.9999   0.0006     -1.935 0.168  33 -99.00    0.014
2018-05-05-17:08:22 1.11  Mocks_Em/MockNFW80ellip5loga2.08PA50center0With_background20num84.dat L-BFGS-B     1.0e-04 0 1 0 0     NFW        0.0007  -0.0005     -1.911 0.012 172 -99.00   74.5       -768.6111       -1522.597    63   0.0007  -0.0005     -1.924 0.091 172 -99.00    0.023
2018-05-05-17:08:22 1.11  Mocks_Em/MockNFW80ellip5loga2.08PA50center0With_background20num85.dat L-BFGS-B     1.0e-04 0 1 0 0     NFW        0.0006  -0.0005     -1.908 0.014   3 -99.00   78.7       -801.6891       -1588.753    42   0.0006  -0.0005     -1.903 0.055   3 -99.00    0.015
2018-05-05-17:08:22 1.11  Mocks_Em/MockNFW80ellip5loga2.08PA50center0With_background20num86.dat L-BFGS-B     1.0e-04 0 1 0 0     NFW        0.0004  -0.0017     -1.918 0.013  10 -99.00   81.7       -854.5979        -1694.57    56   0.0004  -0.0017     -1.964 0.105  10 -99.00    0.020
2018-05-05-17:08:22 1.11  Mocks_Em/MockNFW80ellip5loga2.08PA50center0With_background20num87.dat L-BFGS-B     1.0e-04 0 1 0 0     NFW        0.0006  -0.0003     -1.923 0.237  40 -99.00   72.3       -780.0097       -1545.394    21   0.0006  -0.0003     -1.930 0.039  40 -99.00    0.007
2018-05-05-17:08:22 1.11  Mocks_Em/MockNFW80ellip5loga2.08PA50center0With_background20num88.dat L-BFGS-B     1.0e-04 0 1 0 0     NFW        0.0005   0.0004     -2.105 0.053  17 -99.00   47.3       -808.9224       -1603.219    28   0.0005   0.0004     -1.958 0.021  17 -99.00    0.010
2018-05-05-17:08:22 1.11  Mocks_Em/MockNFW80ellip5loga2.08PA50center0With_background20num89.dat L-BFGS-B     1.0e-04 0 1 0 0     NFW      360.0000  -0.0000     -1.920 0.000 150 -99.00   71.1       -732.2851       -1449.945   140 360.0000  -0.0000     -1.932 0.124 150 -99.00    0.048
2018-05-05-17:08:22 1.11  Mocks_Em/MockNFW80ellip5loga2.08PA50center0With_background20num90.dat L-BFGS-B     1.0e-04 0 1 0 0     NFW        0.0013   0.0009     -1.902 0.280  41 -99.00   80.7       -856.0187       -1697.412    42   0.0013   0.0009     -1.908 0.129  41 -99.00    0.015
2018-05-05-17:08:22 1.11  Mocks_Em/MockNFW80ellip5loga2.08PA50center0With_background20num91.dat L-BFGS-B     1.0e-04 0 1 0 0     NFW        0.0002  -0.0004     -1.918 0.015  17 -99.00   75.3       -779.7252       -1544.825    49   0.0002  -0.0004     -1.938 0.179  16 -99.00    0.018
2018-05-05-17:08:22 1.11  Mocks_Em/MockNFW80ellip5loga2.08PA50center0With_background20num92.dat L-BFGS-B     1.0e-04 0 1 0 0     NFW      359.9988   0.0002     -1.900 0.074  30 -99.00   77.3       -792.5289       -1570.432    21 359.9988   0.0002     -1.902 0.116  30 -99.00    0.008
2018-05-05-17:08:22 1.11  Mocks_Em/MockNFW80ellip5loga2.08PA50center0With_background20num93.dat L-BFGS-B     1.0e-04 0 1 0 0     NFW      359.9998  -0.0003     -1.925 0.000 150 -99.00   72.6       -747.0959       -1479.566   133 359.9998  -0.0003     -1.962 0.197 148 -99.00    0.048
2018-05-05-17:08:22 1.11  Mocks_Em/MockNFW80ellip5loga2.08PA50center0With_background20num94.dat L-BFGS-B     1.0e-04 0 1 0 0     NFW        0.0004   0.0001     -1.921 0.022  15 -99.00   74.4       -782.3536       -1550.082    63   0.0004   0.0001     -1.964 0.180  15 -99.00    0.023
2018-05-05-17:08:22 1.11  Mocks_Em/MockNFW80ellip5loga2.08PA50center0With_background20num95.dat L-BFGS-B     1.0e-04 0 1 0 0     NFW        0.0001  -0.0009     -1.904 0.014  23 -99.00   73.4       -745.2518       -1475.878    49   0.0001  -0.0009     -1.890 0.141  23 -99.00    0.018
2018-05-05-17:08:22 1.11  Mocks_Em/MockNFW80ellip5loga2.08PA50center0With_background20num96.dat L-BFGS-B     1.0e-04 0 1 0 0     NFW        0.0007   0.0006     -1.899 0.010 144 -99.00   79.6       -817.2852       -1619.945    84   0.0007   0.0006     -1.942 0.160 143 -99.00    0.031
2018-05-05-17:08:22 1.11  Mocks_Em/MockNFW80ellip5loga2.08PA50center0With_background20num97.dat L-BFGS-B     1.0e-04 0 1 0 0     NFW        0.0006  -0.0003     -1.905 0.000 146 -99.00   82.4        -839.936       -1665.246   119   0.0006  -0.0003     -1.946 0.058 146 -99.00    0.043
2018-05-05-17:08:22 1.11  Mocks_Em/MockNFW80ellip5loga2.08PA50center0With_background20num98.dat L-BFGS-B     1.0e-04 0 1 0 0     NFW        0.0007   0.0007     -2.071 0.215  38 -99.00   51.5       -788.8401       -1563.055    28   0.0007   0.0007     -1.935 0.160  38 -99.00    0.010
2018-05-05-17:08:22 1.11  Mocks_Em/MockNFW80ellip5loga2.08PA50center0With_background20num99.dat L-BFGS-B     1.0e-04 0 1 0 0     NFW      359.9999   0.0000     -1.920 0.000 138 -99.00   76.3       -790.2095       -1565.793    98 359.9999   0.0000     -1.926 0.165 138 -99.00    0.035
