2018-05-05-17:08:03 1.11  Mocks_Em/MockNFW80ellip5loga2.08PA50center0With_background20num0.dat TNC          1.0e-04 0 1 0 0     NFW      359.9992  -0.0007     -2.152 0.000 164 -99.00   41.2       -803.0374       -1591.449    39 359.9992  -0.0007     -1.963 0.149 146 -99.00    0.166
2018-05-05-17:08:03 1.11  Mocks_Em/MockNFW80ellip5loga2.08PA50center0With_background20num1.dat TNC          1.0e-04 0 1 0 0     NFW        0.0011   0.0004     -1.903 0.279 180 -99.00   73.4       -750.2264       -1485.827    42   0.0011   0.0004     -1.927 0.088 159 -99.00    0.121
2018-05-05-17:08:03 1.11  Mocks_Em/MockNFW80ellip5loga2.08PA50center0With_background20num2.dat TNC          1.0e-04 0 1 0 0     NFW      359.9988   0.0001     -1.912 0.000 139 -99.00   77.1       -788.7325       -1562.839    51 359.9988   0.0001     -1.909 0.182 139 -99.00    0.143
2018-05-05-17:08:03 1.11  Mocks_Em/MockNFW80ellip5loga2.08PA50center0With_background20num3.dat TNC          1.0e-04 0 1 0 0     NFW        0.0004  -0.0005     -1.906 0.272 180 -99.00   71.9        -736.595       -1458.564    66   0.0004  -0.0005     -1.884 0.115 154 -99.00    0.180
2018-05-05-17:08:03 1.11  Mocks_Em/MockNFW80ellip5loga2.08PA50center0With_background20num4.dat TNC          1.0e-04 0 1 0 0     NFW        0.0011   0.0005     -1.895 0.035  18 -99.00   80.9       -824.0373       -1633.449    40   0.0011   0.0005     -1.978 0.069  18 -99.00    0.116
2018-05-05-17:08:03 1.11  Mocks_Em/MockNFW80ellip5loga2.08PA50center0With_background20num5.dat TNC          1.0e-04 0 1 0 0     NFW        0.0005   0.0001     -1.910 0.000 154 -99.00   83.9       -864.5244       -1714.423    55   0.0005   0.0001     -2.001 0.216 140 -99.00    0.156
2018-05-05-17:08:03 1.11  Mocks_Em/MockNFW80ellip5loga2.08PA50center0With_background20num6.dat TNC          1.0e-04 0 1 0 0     NFW      359.9995   0.0001     -1.946 0.358  61 -99.00   66.5       -752.3598       -1490.094    82 359.9995   0.0001     -1.908 0.128  23 -99.00    0.224
2018-05-05-17:08:03 1.11  Mocks_Em/MockNFW80ellip5loga2.08PA50center0With_background20num7.dat TNC          1.0e-04 0 1 0 0     NFW        0.0002   0.0007     -1.905 0.000 143 -99.00   77.9        -795.423        -1576.22    40   0.0002   0.0007     -1.913 0.181 141 -99.00    0.113
2018-05-05-17:08:03 1.11  Mocks_Em/MockNFW80ellip5loga2.08PA50center0With_background20num8.dat TNC          1.0e-04 0 1 0 0     NFW        0.0004   0.0004     -2.164 0.056 180 -99.00   39.7       -774.6662       -1534.707    94   0.0004   0.0004     -1.965 0.095 162 -99.00    0.260
2018-05-05-17:08:03 1.11  Mocks_Em/MockNFW80ellip5loga2.08PA50center0With_background20num9.dat TNC          1.0e-04 0 1 0 0     NFW      359.9995  -0.0001     -1.910 0.397  55 -99.00   79.4       -816.8188       -1619.012    61 359.9995  -0.0001     -1.893 0.178  30 -99.00    0.166
2018-05-05-17:08:03 1.11  Mocks_Em/MockNFW80ellip5loga2.08PA50center0With_background20num10.dat TNC          1.0e-04 0 1 0 0     NFW      359.9993  -0.0003     -1.907 0.551  49 -99.00   81.7       -842.3931       -1670.161    44 359.9993  -0.0003     -1.968 0.227  44 -99.00    0.120
2018-05-05-17:08:03 1.11  Mocks_Em/MockNFW80ellip5loga2.08PA50center0With_background20num11.dat TNC          1.0e-04 0 1 0 0     NFW        0.0006   0.0000     -1.906 0.000 146 -99.00   78.7       -807.4508       -1600.276    49   0.0006   0.0000     -1.957 0.242 146 -99.00    0.135
2018-05-05-17:08:03 1.11  Mocks_Em/MockNFW80ellip5loga2.08PA50center0With_background20num12.dat TNC          1.0e-04 0 1 0 0     NFW      359.9989  -0.0008     -2.057 0.000 163 -99.00   53.1       -842.0391       -1669.453    31 359.9989  -0.0008     -1.971 0.069 154 -99.00    0.087
2018-05-05-17:08:03 1.11  Mocks_Em/MockNFW80ellip5loga2.08PA50center0With_background20num13.dat TNC          1.0e-04 0 1 0 0     NFW        0.0000  -0.0009     -1.909 0.305  36 -99.00   76.4       -783.8012       -1552.977    36   0.0000  -0.0009     -1.936 0.140  36 -99.00    0.101
2018-05-05-17:08:03 1.11  Mocks_Em/MockNFW80ellip5loga2.08PA50center0With_background20num14.dat TNC          1.0e-04 0 1 0 0     NFW        0.0004   0.0006     -1.908 0.294 180 -99.00   75.6       -776.5577        -1538.49    45   0.0004   0.0006     -1.949 0.192 179 -99.00    0.127
2018-05-05-17:08:03 1.11  Mocks_Em/MockNFW80ellip5loga2.08PA50center0With_background20num15.dat TNC          1.0e-04 0 1 0 0     NFW      359.9997   0.0006     -1.907 0.301  71 -99.00   79.4       -817.7583       -1620.891   147 359.9997   0.0006     -1.957 0.062  29 -99.00    0.411
2018-05-05-17:08:03 1.11  Mocks_Em/MockNFW80ellip5loga2.08PA50center0With_background20num16.dat TNC          1.0e-04 0 1 0 0     NFW        0.0008  -0.0007     -1.896 0.000 159 -99.00   79.4       -798.4052       -1582.185    56   0.0008  -0.0007     -1.900 0.120 159 -99.00    0.157
2018-05-05-17:08:03 1.11  Mocks_Em/MockNFW80ellip5loga2.08PA50center0With_background20num17.dat TNC          1.0e-04 0 1 0 0     NFW      359.9987  -0.0004     -1.884 0.040 180 -99.00   86.2        -865.265       -1715.904    33 359.9987  -0.0004     -1.895 0.155 149 -99.00    0.095
2018-05-05-17:08:03 1.11  Mocks_Em/MockNFW80ellip5loga2.08PA50center0With_background20num18.dat TNC          1.0e-04 0 1 0 0     NFW      359.9992   0.0010     -1.896 0.537  43 -99.00   84.0       -854.8637       -1695.102    34 359.9992   0.0010     -1.926 0.221  42 -99.00    0.098
2018-05-05-17:08:03 1.11  Mocks_Em/MockNFW80ellip5loga2.08PA50center0With_background20num19.dat TNC          1.0e-04 0 1 0 0     NFW        0.0010   0.0013     -2.012 0.407 180 -99.00   61.4       -889.8886       -1765.152    57   0.0010   0.0013     -1.987 0.175 164 -99.00    0.161
2018-05-05-17:08:03 1.11  Mocks_Em/MockNFW80ellip5loga2.08PA50center0With_background20num20.dat TNC          1.0e-04 0 1 0 0     NFW      359.9998   0.0004     -1.913 0.000 135 -99.00   74.1       -761.5492       -1508.473    38 359.9998   0.0004     -1.909 0.192 135 -99.00    0.109
2018-05-05-17:08:03 1.11  Mocks_Em/MockNFW80ellip5loga2.08PA50center0With_background20num21.dat TNC          1.0e-04 0 1 0 0     NFW        0.0010   0.0007     -1.889 0.458  50 -99.00   90.0       -919.7362       -1824.847    67   0.0010   0.0007     -1.971 0.230  41 -99.00    0.188
2018-05-05-17:08:03 1.11  Mocks_Em/MockNFW80ellip5loga2.08PA50center0With_background20num22.dat TNC          1.0e-04 0 1 0 0     NFW      359.9994   0.0004     -2.272 0.000  18 -99.00   32.1       -791.4867       -1568.348    53 359.9994   0.0004     -1.930 0.163   6 -99.00    0.144
2018-05-05-17:08:03 1.11  Mocks_Em/MockNFW80ellip5loga2.08PA50center0With_background20num23.dat TNC          1.0e-04 0 1 0 0     NFW      359.9992  -0.0012     -1.896 0.603  64 -99.00   80.9       -831.2275       -1647.829   141 359.9992  -0.0012     -1.933 0.208  32 -99.00    0.378
2018-05-05-17:08:03 1.11  Mocks_Em/MockNFW80ellip5loga2.08PA50center0With_background20num24.dat TNC          1.0e-04 0 1 0 0     NFW      359.9991   0.0006     -1.906 0.066  43 -99.00   77.1       -784.1736       -1553.722    38 359.9991   0.0006     -1.930 0.124  39 -99.00    0.105
2018-05-05-17:08:03 1.11  Mocks_Em/MockNFW80ellip5loga2.08PA50center0With_background20num25.dat TNC          1.0e-04 0 1 0 0     NFW      359.9995   0.0010     -1.896 0.252 180 -99.00   80.2       -811.7836       -1608.942    37 359.9995   0.0010     -1.930 0.121 159 -99.00    0.105
2018-05-05-17:08:03 1.11  Mocks_Em/MockNFW80ellip5loga2.08PA50center0With_background20num26.dat TNC          1.0e-04 0 1 0 0     NFW        0.0004  -0.0013     -1.900 0.520  55 -99.00   79.4       -816.3053       -1617.985    84   0.0004  -0.0013     -1.978 0.194  43 -99.00    0.226
2018-05-05-17:08:03 1.11  Mocks_Em/MockNFW80ellip5loga2.08PA50center0With_background20num27.dat TNC          1.0e-04 0 1 0 0     NFW        0.0005   0.0002     -2.029 0.000  10 -99.00   55.0       -767.9894       -1521.353    45   0.0005   0.0002     -1.962 0.031  10 -99.00    0.122
2018-05-05-17:08:03 1.11  Mocks_Em/MockNFW80ellip5loga2.08PA50center0With_background20num28.dat TNC          1.0e-04 0 1 0 0     NFW        0.0001  -0.0007     -1.923 0.362  49 -99.00   64.3       -667.4284       -1320.231    34   0.0001  -0.0007     -1.894 0.152  30 -99.00    0.092
2018-05-05-17:08:03 1.11  Mocks_Em/MockNFW80ellip5loga2.08PA50center0With_background20num29.dat TNC          1.0e-04 0 1 0 0     NFW      360.0000   0.0000     -1.925 0.519  58 -99.00   74.1       -765.6852       -1516.745   103 360.0000   0.0000     -1.912 0.154  33 -99.00    0.274
2018-05-05-17:08:03 1.11  Mocks_Em/MockNFW80ellip5loga2.08PA50center0With_background20num30.dat TNC          1.0e-04 0 1 0 0     NFW      360.0000  -0.0005     -1.909 0.557  50 -99.00   84.0       -867.3854       -1720.145    59 360.0000  -0.0005     -1.970 0.183  42 -99.00    0.162
2018-05-05-17:08:03 1.11  Mocks_Em/MockNFW80ellip5loga2.08PA50center0With_background20num31.dat TNC          1.0e-04 0 1 0 0     NFW      359.9999   0.0003     -1.923 0.000  12 -99.00   72.6       -750.0078        -1485.39    50 359.9999   0.0003     -1.909 0.147  12 -99.00    0.135
2018-05-05-17:08:03 1.11  Mocks_Em/MockNFW80ellip5loga2.08PA50center0With_background20num32.dat TNC          1.0e-04 0 1 0 0     NFW        0.0010   0.0008     -2.110 0.000  13 -99.00   44.9       -793.3409       -1572.056    62   0.0010   0.0008     -1.939 0.120  13 -99.00    0.168
2018-05-05-17:08:03 1.11  Mocks_Em/MockNFW80ellip5loga2.08PA50center0With_background20num33.dat TNC          1.0e-04 0 1 0 0     NFW      359.9995  -0.0001     -2.090 0.029 177 -99.00   43.1       -706.3177        -1398.01    68 359.9995  -0.0001     -1.917 0.144 153 -99.00    0.182
2018-05-05-17:08:03 1.11  Mocks_Em/MockNFW80ellip5loga2.08PA50center0With_background20num34.dat TNC          1.0e-04 0 1 0 0     NFW      359.9975  -0.0006     -1.873 0.000   3 -99.00   87.7       -879.4943       -1744.363    41 359.9975  -0.0006     -1.950 0.084   2 -99.00    0.114
2018-05-05-17:08:03 1.11  Mocks_Em/MockNFW80ellip5loga2.08PA50center0With_background20num35.dat TNC          1.0e-04 0 1 0 0     NFW      359.9997  -0.0001     -1.924 0.000 151 -99.00   82.4       -853.7818       -1692.938    43 359.9997  -0.0001     -2.000 0.128 147 -99.00    0.118
2018-05-05-17:08:03 1.11  Mocks_Em/MockNFW80ellip5loga2.08PA50center0With_background20num36.dat TNC          1.0e-04 0 1 0 0     NFW      359.9998   0.0008     -1.902 0.000  24 -99.00   74.1       -750.3329        -1486.04    65 359.9998   0.0008     -1.885 0.164  24 -99.00    0.175
2018-05-05-17:08:03 1.11  Mocks_Em/MockNFW80ellip5loga2.08PA50center0With_background20num37.dat TNC          1.0e-04 0 1 0 0     NFW        0.0004  -0.0005     -2.018 0.000  10 -99.00   59.3       -819.6777        -1624.73    43   0.0004  -0.0005     -1.950 0.139  10 -99.00    0.121
2018-05-05-17:08:03 1.11  Mocks_Em/MockNFW80ellip5loga2.08PA50center0With_background20num38.dat TNC          1.0e-04 0 1 0 0     NFW      359.9999   0.0003     -1.921 0.000 162 -99.00   79.4       -821.4894       -1628.353   101 359.9999   0.0003     -1.941 0.250 143 -99.00    0.272
2018-05-05-17:08:03 1.11  Mocks_Em/MockNFW80ellip5loga2.08PA50center0With_background20num39.dat TNC          1.0e-04 0 1 0 0     NFW        0.0007  -0.0005     -1.908 0.000  19 -99.00   83.2       -849.6326        -1684.64    37   0.0007  -0.0005     -1.962 0.062  13 -99.00    0.106
2018-05-05-17:08:03 1.11  Mocks_Em/MockNFW80ellip5loga2.08PA50center0With_background20num40.dat TNC          1.0e-04 0 1 0 0     NFW        0.0010   0.0005     -1.900 0.449  42 -99.00   82.4       -835.9319       -1657.238    66   0.0010   0.0005     -1.933 0.145  45 -99.00    0.178
2018-05-05-17:08:03 1.11  Mocks_Em/MockNFW80ellip5loga2.08PA50center0With_background20num41.dat TNC          1.0e-04 0 1 0 0     NFW        0.0002   0.0000     -1.920 0.280 180 -99.00   72.6       -744.2645       -1473.903    46   0.0002   0.0000     -1.925 0.208 150 -99.00    0.127
2018-05-05-17:08:03 1.11  Mocks_Em/MockNFW80ellip5loga2.08PA50center0With_background20num42.dat TNC          1.0e-04 0 1 0 0     NFW        0.0004   0.0003     -1.912 0.291 134 -99.00   74.9       -768.9864       -1523.347    39   0.0004   0.0003     -1.935 0.157 144 -99.00    0.106
2018-05-05-17:08:03 1.11  Mocks_Em/MockNFW80ellip5loga2.08PA50center0With_background20num43.dat TNC          1.0e-04 0 1 0 0     NFW      360.0000  -0.0005     -1.919 0.621  58 -99.00   72.6       -754.3846       -1494.144    62 360.0000  -0.0005     -1.935 0.272  31 -99.00    0.169
2018-05-05-17:08:03 1.11  Mocks_Em/MockNFW80ellip5loga2.08PA50center0With_background20num44.dat TNC          1.0e-04 0 1 0 0     NFW      359.9999  -0.0006     -1.909 0.000 141 -99.00   75.6       -776.9562       -1539.287    54 359.9999  -0.0006     -1.908 0.106 141 -99.00    0.155
2018-05-05-17:08:03 1.11  Mocks_Em/MockNFW80ellip5loga2.08PA50center0With_background20num45.dat TNC          1.0e-04 0 1 0 0     NFW        0.0005   0.0013     -1.906 0.554  50 -99.00   79.4       -819.2363       -1623.847    83   0.0005   0.0013     -1.926 0.243  36 -99.00    0.224
2018-05-05-17:08:03 1.11  Mocks_Em/MockNFW80ellip5loga2.08PA50center0With_background20num46.dat TNC          1.0e-04 0 1 0 0     NFW        0.0012   0.0001     -1.897 0.000 137 -99.00   81.7       -834.5593       -1654.493    51   0.0012   0.0001     -1.959 0.197 137 -99.00    0.145
2018-05-05-17:08:03 1.11  Mocks_Em/MockNFW80ellip5loga2.08PA50center0With_background20num47.dat TNC          1.0e-04 0 1 0 0     NFW      359.9998   0.0001     -1.920 0.000 136 -99.00   74.9       -773.0083       -1531.391    53 359.9998   0.0001     -1.925 0.270 136 -99.00    0.153
2018-05-05-17:08:03 1.11  Mocks_Em/MockNFW80ellip5loga2.08PA50center0With_background20num48.dat TNC          1.0e-04 0 1 0 0     NFW        0.0002  -0.0002     -1.913 0.373  65 -99.00   75.6       -772.9642       -1531.303    43   0.0002  -0.0002     -1.903 0.185  24 -99.00    0.116
2018-05-05-17:08:03 1.11  Mocks_Em/MockNFW80ellip5loga2.08PA50center0With_background20num49.dat TNC          1.0e-04 0 1 0 0     NFW      359.9993  -0.0003     -1.918 0.000 156 -99.00   75.6       -778.6822       -1542.739    62 359.9993  -0.0003     -1.918 0.030 156 -99.00    0.172
2018-05-05-17:08:03 1.11  Mocks_Em/MockNFW80ellip5loga2.08PA50center0With_background20num50.dat TNC          1.0e-04 0 1 0 0     NFW      359.9998  -0.0002     -2.161 0.256 180 -99.00   43.1       -833.2231       -1651.821    57 359.9998  -0.0002     -1.986 0.192 153 -99.00    0.159
2018-05-05-17:08:03 1.11  Mocks_Em/MockNFW80ellip5loga2.08PA50center0With_background20num51.dat TNC          1.0e-04 0 1 0 0     NFW      359.9991  -0.0010     -1.901 0.000 180 -99.00   82.4       -839.8374       -1665.049    44 359.9991  -0.0010     -1.933 0.163  18 -99.00    0.123
2018-05-05-17:08:03 1.11  Mocks_Em/MockNFW80ellip5loga2.08PA50center0With_background20num52.dat TNC          1.0e-04 0 1 0 0     NFW        0.0004   0.0007     -1.904 0.000 145 -99.00   83.2       -850.3805       -1686.135    38   0.0004   0.0007     -1.925 0.024 145 -99.00    0.106
2018-05-05-17:08:03 1.11  Mocks_Em/MockNFW80ellip5loga2.08PA50center0With_background20num53.dat TNC          1.0e-04 0 1 0 0     NFW        0.0001  -0.0005     -1.922 0.320  45 -99.00   62.0       -637.7574       -1260.889    26   0.0001  -0.0005     -1.850 0.199  45 -99.00    0.071
2018-05-05-17:08:03 1.11  Mocks_Em/MockNFW80ellip5loga2.08PA50center0With_background20num54.dat TNC          1.0e-04 0 1 0 0     NFW        0.0000   0.0004     -1.917 0.290  45 -99.00   71.1       -731.0801       -1447.535   104   0.0000   0.0004     -1.903 0.056  22 -99.00    0.277
2018-05-05-17:08:03 1.11  Mocks_Em/MockNFW80ellip5loga2.08PA50center0With_background20num55.dat TNC          1.0e-04 0 1 0 0     NFW      360.0000   0.0004     -1.923 0.253  60 -99.00   73.4       -757.8559       -1501.086    65 360.0000   0.0004     -1.915 0.043  37 -99.00    0.175
2018-05-05-17:08:03 1.11  Mocks_Em/MockNFW80ellip5loga2.08PA50center0With_background20num56.dat TNC          1.0e-04 0 1 0 0     NFW      359.9996  -0.0003     -1.909 0.382  34 -99.00   74.1       -752.9787       -1491.332    27 359.9996  -0.0003     -1.898 0.297  34 -99.00    0.074
2018-05-05-17:08:03 1.11  Mocks_Em/MockNFW80ellip5loga2.08PA50center0With_background20num57.dat TNC          1.0e-04 0 1 0 0     NFW      360.0000  -0.0008     -1.910 0.341  52 -99.00   78.7         -807.96       -1601.294    62 360.0000  -0.0008     -1.921 0.134  28 -99.00    0.171
2018-05-05-17:08:03 1.11  Mocks_Em/MockNFW80ellip5loga2.08PA50center0With_background20num58.dat TNC          1.0e-04 0 1 0 0     NFW        0.0015   0.0001     -1.932 0.284  55 -99.00   73.5        -847.638        -1680.65    86   0.0015   0.0001     -1.958 0.127  29 -99.00    0.237
2018-05-05-17:08:03 1.11  Mocks_Em/MockNFW80ellip5loga2.08PA50center0With_background20num59.dat TNC          1.0e-04 0 1 0 0     NFW      359.9989  -0.0001     -1.905 0.000  20 -99.00   80.9       -820.0046       -1625.384    31 359.9989  -0.0001     -1.905 0.052  17 -99.00    0.088
2018-05-05-17:08:03 1.11  Mocks_Em/MockNFW80ellip5loga2.08PA50center0With_background20num60.dat TNC          1.0e-04 0 1 0 0     NFW        0.0009   0.0003     -1.974 0.349  40 -99.00   66.8       -847.0014       -1679.377    48   0.0009   0.0003     -1.987 0.129  44 -99.00    0.134
2018-05-05-17:08:03 1.11  Mocks_Em/MockNFW80ellip5loga2.08PA50center0With_background20num61.dat TNC          1.0e-04 0 1 0 0     NFW        0.0011   0.0004     -1.917 0.334 180 -99.00   72.3       -783.6513       -1552.677    50   0.0011   0.0004     -1.958 0.177 159 -99.00    0.136
2018-05-05-17:08:03 1.11  Mocks_Em/MockNFW80ellip5loga2.08PA50center0With_background20num62.dat TNC          1.0e-04 0 1 0 0     NFW      359.9997   0.0015     -1.893 0.291  70 -99.00   84.7       -859.6162       -1704.607    64 359.9997   0.0015     -1.929 0.093  32 -99.00    0.175
2018-05-05-17:08:03 1.11  Mocks_Em/MockNFW80ellip5loga2.08PA50center0With_background20num63.dat TNC          1.0e-04 0 1 0 0     NFW      359.9992   0.0001     -1.903 0.000 135 -99.00   77.9        -793.641       -1572.656    43 359.9992   0.0001     -1.899 0.083 135 -99.00    0.121
2018-05-05-17:08:03 1.11  Mocks_Em/MockNFW80ellip5loga2.08PA50center0With_background20num64.dat TNC          1.0e-04 0 1 0 0     NFW      359.9993  -0.0001     -2.002 0.000 160 -99.00   60.6       -797.1311       -1579.637    61 359.9993  -0.0001     -1.915 0.179 141 -99.00    0.170
2018-05-05-17:08:03 1.11  Mocks_Em/MockNFW80ellip5loga2.08PA50center0With_background20num65.dat TNC          1.0e-04 0 1 0 0     NFW      359.9996  -0.0008     -1.899 0.418  45 -99.00   77.1       -791.8995       -1569.174    23 359.9996  -0.0008     -1.961 0.204  45 -99.00    0.065
2018-05-05-17:08:03 1.11  Mocks_Em/MockNFW80ellip5loga2.08PA50center0With_background20num66.dat TNC          1.0e-04 0 1 0 0     NFW        0.0013  -0.0001     -1.899 0.557  62 -99.00   81.7       -843.3599       -1672.094    88   0.0013  -0.0001     -1.989 0.235  29 -99.00    0.237
2018-05-05-17:08:03 1.11  Mocks_Em/MockNFW80ellip5loga2.08PA50center0With_background20num67.dat TNC          1.0e-04 0 1 0 0     NFW      359.9998   0.0013     -1.905 0.000 155 -99.00   79.1       -823.3301       -1632.035    51 359.9998   0.0013     -1.958 0.215 155 -99.00    0.139
2018-05-05-17:08:03 1.11  Mocks_Em/MockNFW80ellip5loga2.08PA50center0With_background20num68.dat TNC          1.0e-04 0 1 0 0     NFW      359.9996   0.0003     -1.908 0.000 141 -99.00   75.6       -777.4104       -1540.195    51 359.9996   0.0003     -1.898 0.155 142 -99.00    0.139
2018-05-05-17:08:03 1.11  Mocks_Em/MockNFW80ellip5loga2.08PA50center0With_background20num69.dat TNC          1.0e-04 0 1 0 0     NFW      359.9998   0.0003     -1.978 0.520  42 -99.00   62.6       -755.7454       -1496.865    89 359.9998   0.0003     -1.993 0.126  42 -99.00    0.236
2018-05-05-17:08:03 1.11  Mocks_Em/MockNFW80ellip5loga2.08PA50center0With_background20num70.dat TNC          1.0e-04 0 1 0 0     NFW        0.0003  -0.0002     -1.914 0.503  60 -99.00   70.3       -727.2889       -1439.952   104   0.0003  -0.0002     -1.905 0.218  31 -99.00    0.279
2018-05-05-17:08:03 1.11  Mocks_Em/MockNFW80ellip5loga2.08PA50center0With_background20num71.dat TNC          1.0e-04 0 1 0 0     NFW      359.9993  -0.0001     -2.136 0.000  23 -99.00   46.4       -849.2055       -1683.785    50 359.9993  -0.0001     -1.965 0.082  23 -99.00    0.138
2018-05-05-17:08:03 1.11  Mocks_Em/MockNFW80ellip5loga2.08PA50center0With_background20num72.dat TNC          1.0e-04 0 1 0 0     NFW      359.9998  -0.0004     -1.923 0.470  49 -99.00   77.1       -799.6812       -1584.737    57 359.9998  -0.0004     -1.921 0.227  38 -99.00    0.153
2018-05-05-17:08:03 1.11  Mocks_Em/MockNFW80ellip5loga2.08PA50center0With_background20num73.dat TNC          1.0e-04 0 1 0 0     NFW      359.9988  -0.0004     -1.897 0.000 161 -99.00   83.2       -842.2782       -1669.931    42 359.9988  -0.0004     -1.930 0.146 159 -99.00    0.118
2018-05-05-17:08:03 1.11  Mocks_Em/MockNFW80ellip5loga2.08PA50center0With_background20num74.dat TNC          1.0e-04 0 1 0 0     NFW      359.9991   0.0001     -2.140 0.000 165 -99.00   42.6        -805.402       -1596.178    52 359.9991   0.0001     -1.963 0.055 165 -99.00    0.141
2018-05-05-17:08:03 1.11  Mocks_Em/MockNFW80ellip5loga2.08PA50center0With_background20num75.dat TNC          1.0e-04 0 1 0 0     NFW      359.9996   0.0011     -1.922 0.000  26 -99.00   79.4       -814.8634       -1615.101    59 359.9996   0.0011     -1.941 0.087  26 -99.00    0.166
2018-05-05-17:08:03 1.11  Mocks_Em/MockNFW80ellip5loga2.08PA50center0With_background20num76.dat TNC          1.0e-04 0 1 0 0     NFW      359.9996  -0.0005     -1.959 0.021 138 -99.00   67.9       -795.1541       -1575.683    95 359.9996  -0.0005     -1.947 0.057 140 -99.00    0.255
2018-05-05-17:08:03 1.11  Mocks_Em/MockNFW80ellip5loga2.08PA50center0With_background20num77.dat TNC          1.0e-04 0 1 0 0     NFW      359.9996  -0.0005     -1.916 0.252 180 -99.00   79.4       -818.1973       -1621.769    55 359.9996  -0.0005     -1.953 0.156 159 -99.00    0.149
2018-05-05-17:08:03 1.11  Mocks_Em/MockNFW80ellip5loga2.08PA50center0With_background20num78.dat TNC          1.0e-04 0 1 0 0     NFW      359.9999   0.0001     -1.928 0.000 149 -99.00   74.1       -762.2563       -1509.887    50 359.9999   0.0001     -1.936 0.055 149 -99.00    0.138
2018-05-05-17:08:03 1.11  Mocks_Em/MockNFW80ellip5loga2.08PA50center0With_background20num79.dat TNC          1.0e-04 0 1 0 0     NFW        0.0003   0.0008     -2.026 0.000 151 -99.00   54.4        -777.914       -1541.202    35   0.0003   0.0008     -1.946 0.117 140 -99.00    0.103
2018-05-05-17:08:03 1.11  Mocks_Em/MockNFW80ellip5loga2.08PA50center0With_background20num80.dat TNC          1.0e-04 0 1 0 0     NFW        0.0004   0.0005     -2.128 0.021  22 -99.00   43.3       -766.4026        -1518.18    47   0.0004   0.0005     -1.966 0.057  22 -99.00    0.132
2018-05-05-17:08:03 1.11  Mocks_Em/MockNFW80ellip5loga2.08PA50center0With_background20num81.dat TNC          1.0e-04 0 1 0 0     NFW      359.9997  -0.0003     -1.920 0.047 180 -99.00   77.1       -792.5224       -1570.419    44 359.9997  -0.0003     -1.930 0.094 156 -99.00    0.122
2018-05-05-17:08:03 1.11  Mocks_Em/MockNFW80ellip5loga2.08PA50center0With_background20num82.dat TNC          1.0e-04 0 1 0 0     NFW      359.9993  -0.0002     -2.178 0.398  65 -99.00   39.4       -803.1871       -1591.749    60 359.9993  -0.0002     -1.981 0.147  20 -99.00    0.162
2018-05-05-17:08:03 1.11  Mocks_Em/MockNFW80ellip5loga2.08PA50center0With_background20num83.dat TNC          1.0e-04 0 1 0 0     NFW      359.9999   0.0006     -1.923 0.338  61 -99.00   74.9       -773.6163       -1532.607    52 359.9999   0.0006     -1.935 0.168  33 -99.00    0.143
2018-05-05-17:08:03 1.11  Mocks_Em/MockNFW80ellip5loga2.08PA50center0With_background20num84.dat TNC          1.0e-04 0 1 0 0     NFW        0.0007  -0.0005     -1.909 0.000 176 -99.00   74.9       -768.6628         -1522.7    42   0.0007  -0.0005     -1.924 0.091 172 -99.00    0.116
2018-05-05-17:08:03 1.11  Mocks_Em/MockNFW80ellip5loga2.08PA50center0With_background20num85.dat TNC          1.0e-04 0 1 0 0     NFW        0.0006  -0.0005     -1.908 0.000   3 -99.00   78.7       -801.7422       -1588.859    48   0.0006  -0.0005     -1.903 0.055   3 -99.00    0.131
2018-05-05-17:08:03 1.11  Mocks_Em/MockNFW80ellip5loga2.08PA50center0With_background20num86.dat TNC          1.0e-04 0 1 0 0     NFW        0.0004  -0.0017     -1.912 0.000  10 -99.00   83.2       -854.6276        -1694.63    44   0.0004  -0.0017     -1.964 0.105  10 -99.00    0.121
2018-05-05-17:08:03 1.11  Mocks_Em/MockNFW80ellip5loga2.08PA50center0With_background20num87.dat TNC          1.0e-04 0 1 0 0     NFW        0.0006  -0.0003     -1.903 0.257  54 -99.00   76.4       -780.1936       -1545.762    36   0.0006  -0.0003     -1.930 0.039  40 -99.00    0.101
2018-05-05-17:08:03 1.11  Mocks_Em/MockNFW80ellip5loga2.08PA50center0With_background20num88.dat TNC          1.0e-04 0 1 0 0     NFW        0.0005   0.0004     -2.127 0.004  18 -99.00   44.9        -808.995       -1603.364    76   0.0005   0.0004     -1.958 0.021  17 -99.00    0.214
2018-05-05-17:08:03 1.11  Mocks_Em/MockNFW80ellip5loga2.08PA50center0With_background20num89.dat TNC          1.0e-04 0 1 0 0     NFW      360.0000  -0.0000     -1.920 0.000 149 -99.00   71.1       -732.2855       -1449.945    50 360.0000  -0.0000     -1.932 0.124 150 -99.00    0.139
2018-05-05-17:08:03 1.11  Mocks_Em/MockNFW80ellip5loga2.08PA50center0With_background20num90.dat TNC          1.0e-04 0 1 0 0     NFW        0.0013   0.0009     -1.881 0.283  41 -99.00   85.5       -856.2261       -1697.827    33   0.0013   0.0009     -1.908 0.129  41 -99.00    0.094
2018-05-05-17:08:03 1.11  Mocks_Em/MockNFW80ellip5loga2.08PA50center0With_background20num91.dat TNC          1.0e-04 0 1 0 0     NFW        0.0002  -0.0004     -1.917 0.000  17 -99.00   75.6       -779.7818       -1544.938    51   0.0002  -0.0004     -1.938 0.179  16 -99.00    0.139
2018-05-05-17:08:03 1.11  Mocks_Em/MockNFW80ellip5loga2.08PA50center0With_background20num92.dat TNC          1.0e-04 0 1 0 0     NFW      359.9988   0.0002     -1.897 0.283  55 -99.00   77.9       -793.1724       -1571.719    62 359.9988   0.0002     -1.902 0.116  30 -99.00    0.168
2018-05-05-17:08:03 1.11  Mocks_Em/MockNFW80ellip5loga2.08PA50center0With_background20num93.dat TNC          1.0e-04 0 1 0 0     NFW      359.9998  -0.0003     -1.925 0.000 150 -99.00   72.6       -747.0986       -1479.572    54 359.9998  -0.0003     -1.962 0.197 148 -99.00    0.146
2018-05-05-17:08:03 1.11  Mocks_Em/MockNFW80ellip5loga2.08PA50center0With_background20num94.dat TNC          1.0e-04 0 1 0 0     NFW        0.0004   0.0001     -1.915 0.495  69 -99.00   75.6       -785.3675       -1556.109    73   0.0004   0.0001     -1.964 0.180  15 -99.00    0.200
2018-05-05-17:08:03 1.11  Mocks_Em/MockNFW80ellip5loga2.08PA50center0With_background20num95.dat TNC          1.0e-04 0 1 0 0     NFW        0.0001  -0.0009     -1.904 0.000  23 -99.00   73.4       -745.2783       -1475.931    35   0.0001  -0.0009     -1.890 0.141  23 -99.00    0.099
2018-05-05-17:08:03 1.11  Mocks_Em/MockNFW80ellip5loga2.08PA50center0With_background20num96.dat TNC          1.0e-04 0 1 0 0     NFW        0.0007   0.0006     -1.897 0.000 150 -99.00   80.2        -817.352       -1620.078    55   0.0007   0.0006     -1.942 0.160 143 -99.00    0.155
2018-05-05-17:08:03 1.11  Mocks_Em/MockNFW80ellip5loga2.08PA50center0With_background20num97.dat TNC          1.0e-04 0 1 0 0     NFW        0.0006  -0.0003     -1.905 0.000 146 -99.00   82.4       -839.9365       -1665.247    49   0.0006  -0.0003     -1.946 0.058 146 -99.00    0.138
2018-05-05-17:08:03 1.11  Mocks_Em/MockNFW80ellip5loga2.08PA50center0With_background20num98.dat TNC          1.0e-04 0 1 0 0     NFW        0.0007   0.0007     -1.980 0.328  38 -99.00   65.2       -789.2305       -1563.835   186   0.0007   0.0007     -1.935 0.160  38 -99.00    0.503
2018-05-05-17:08:03 1.11  Mocks_Em/MockNFW80ellip5loga2.08PA50center0With_background20num99.dat TNC          1.0e-04 0 1 0 0     NFW      359.9999   0.0000     -1.919 0.000 138 -99.00   76.4       -790.2116       -1565.798    44 359.9999   0.0000     -1.926 0.165 138 -99.00    0.122
